2026-02-27 00:32:49.372136: I tensorflow/core/platform/cpu_feature_guard.cc:193] This TensorFlow binary is optimized with oneAPI Deep Neural Network Library (oneDNN) to use the following CPU instructions in performance-critical operations:  AVX2 FMA
To enable them in other operations, rebuild TensorFlow with the appropriate compiler flags.
2026-02-27 00:32:51.071581: W tensorflow/compiler/xla/stream_executor/platform/default/dso_loader.cc:64] Could not load dynamic library 'libnvinfer.so.7'; dlerror: libnvinfer.so.7: cannot open shared object file: No such file or directory; LD_LIBRARY_PATH: /usr/local/cuda-12.8/lib64:/usr/local/cuda-12.8/lib64:
2026-02-27 00:32:51.071670: W tensorflow/compiler/xla/stream_executor/platform/default/dso_loader.cc:64] Could not load dynamic library 'libnvinfer_plugin.so.7'; dlerror: libnvinfer_plugin.so.7: cannot open shared object file: No such file or directory; LD_LIBRARY_PATH: /usr/local/cuda-12.8/lib64:/usr/local/cuda-12.8/lib64:
2026-02-27 00:32:51.071677: W tensorflow/compiler/tf2tensorrt/utils/py_utils.cc:38] TF-TRT Warning: Cannot dlopen some TensorRT libraries. If you would like to use Nvidia GPU with TensorRT, please make sure the missing libraries mentioned above are installed properly.
environment: 
YAML: configs/bt.yaml
==> SEED: 42
==> train_algo: bt
==> dataset: {'cifar10': {'num_classes': 10, 'params': {'data_dir': 'datasets/cifar10', 'batch_size': 512, 'num_workers': 1, 'image_size': 32, 'algo': 'bt'}}, 'cifar100': {'num_classes': 100, 'params': {'data_dir': 'datasets/cifar100', 'batch_size': 512, 'num_workers': 1, 'image_size': 32, 'algo': 'bt'}}}
==> return_logs: False
==> eval_every: 10
==> n_epochs: 800
==> n_epochs_mlp: 100
==> gpu_id: 0
==> opt: SGD
==> opt_params: {'lr': 0.4, 'momentum': 0.9, 'weight_decay': 0.0001}
==> schedular_params: {'T_max': 800, 'eta_min': 0.001}
==> mlp_opt: SGD
==> mlp_opt_params: {'lr': 0.01, 'momentum': 0.9}
==> model_params: {'model_name': 'resnet50', 'pretrained': False, 'proj_dim': 4096, 'barlow_hidden': 4096, 'algo_type': 'bt'}
==> mlp_type: hidden
==> loss: bt
==> loss_params: {'lambd': 0.005}
==> distributed: False
==> model_save_path: saved_models/bt.c10.r50.pth
==> config: configs/bt.yaml
--------------------------------------------------
Network(
  (base_encoder): BaseEncoder(
    (feat_extractor): Sequential(
      (conv1): Conv2d(3, 64, kernel_size=(3, 3), stride=(1, 1), padding=(1, 1), bias=False)
      (bn1): BatchNorm2d(64, eps=1e-05, momentum=0.1, affine=True, track_running_stats=True)
      (relu): ReLU(inplace=True)
      (layer1): Sequential(
        (0): Bottleneck(
          (conv1): Conv2d(64, 64, kernel_size=(1, 1), stride=(1, 1), bias=False)
          (bn1): BatchNorm2d(64, eps=1e-05, momentum=0.1, affine=True, track_running_stats=True)
          (conv2): Conv2d(64, 64, kernel_size=(3, 3), stride=(1, 1), padding=(1, 1), bias=False)
          (bn2): BatchNorm2d(64, eps=1e-05, momentum=0.1, affine=True, track_running_stats=True)
          (conv3): Conv2d(64, 256, kernel_size=(1, 1), stride=(1, 1), bias=False)
          (bn3): BatchNorm2d(256, eps=1e-05, momentum=0.1, affine=True, track_running_stats=True)
          (relu): ReLU(inplace=True)
          (downsample): Sequential(
            (0): Conv2d(64, 256, kernel_size=(1, 1), stride=(1, 1), bias=False)
            (1): BatchNorm2d(256, eps=1e-05, momentum=0.1, affine=True, track_running_stats=True)
          )
        )
        (1): Bottleneck(
          (conv1): Conv2d(256, 64, kernel_size=(1, 1), stride=(1, 1), bias=False)
          (bn1): BatchNorm2d(64, eps=1e-05, momentum=0.1, affine=True, track_running_stats=True)
          (conv2): Conv2d(64, 64, kernel_size=(3, 3), stride=(1, 1), padding=(1, 1), bias=False)
          (bn2): BatchNorm2d(64, eps=1e-05, momentum=0.1, affine=True, track_running_stats=True)
          (conv3): Conv2d(64, 256, kernel_size=(1, 1), stride=(1, 1), bias=False)
          (bn3): BatchNorm2d(256, eps=1e-05, momentum=0.1, affine=True, track_running_stats=True)
          (relu): ReLU(inplace=True)
        )
        (2): Bottleneck(
          (conv1): Conv2d(256, 64, kernel_size=(1, 1), stride=(1, 1), bias=False)
          (bn1): BatchNorm2d(64, eps=1e-05, momentum=0.1, affine=True, track_running_stats=True)
          (conv2): Conv2d(64, 64, kernel_size=(3, 3), stride=(1, 1), padding=(1, 1), bias=False)
          (bn2): BatchNorm2d(64, eps=1e-05, momentum=0.1, affine=True, track_running_stats=True)
          (conv3): Conv2d(64, 256, kernel_size=(1, 1), stride=(1, 1), bias=False)
          (bn3): BatchNorm2d(256, eps=1e-05, momentum=0.1, affine=True, track_running_stats=True)
          (relu): ReLU(inplace=True)
        )
      )
      (layer2): Sequential(
        (0): Bottleneck(
          (conv1): Conv2d(256, 128, kernel_size=(1, 1), stride=(1, 1), bias=False)
          (bn1): BatchNorm2d(128, eps=1e-05, momentum=0.1, affine=True, track_running_stats=True)
          (conv2): Conv2d(128, 128, kernel_size=(3, 3), stride=(2, 2), padding=(1, 1), bias=False)
          (bn2): BatchNorm2d(128, eps=1e-05, momentum=0.1, affine=True, track_running_stats=True)
          (conv3): Conv2d(128, 512, kernel_size=(1, 1), stride=(1, 1), bias=False)
          (bn3): BatchNorm2d(512, eps=1e-05, momentum=0.1, affine=True, track_running_stats=True)
          (relu): ReLU(inplace=True)
          (downsample): Sequential(
            (0): Conv2d(256, 512, kernel_size=(1, 1), stride=(2, 2), bias=False)
            (1): BatchNorm2d(512, eps=1e-05, momentum=0.1, affine=True, track_running_stats=True)
          )
        )
        (1): Bottleneck(
          (conv1): Conv2d(512, 128, kernel_size=(1, 1), stride=(1, 1), bias=False)
          (bn1): BatchNorm2d(128, eps=1e-05, momentum=0.1, affine=True, track_running_stats=True)
          (conv2): Conv2d(128, 128, kernel_size=(3, 3), stride=(1, 1), padding=(1, 1), bias=False)
          (bn2): BatchNorm2d(128, eps=1e-05, momentum=0.1, affine=True, track_running_stats=True)
          (conv3): Conv2d(128, 512, kernel_size=(1, 1), stride=(1, 1), bias=False)
          (bn3): BatchNorm2d(512, eps=1e-05, momentum=0.1, affine=True, track_running_stats=True)
          (relu): ReLU(inplace=True)
        )
        (2): Bottleneck(
          (conv1): Conv2d(512, 128, kernel_size=(1, 1), stride=(1, 1), bias=False)
          (bn1): BatchNorm2d(128, eps=1e-05, momentum=0.1, affine=True, track_running_stats=True)
          (conv2): Conv2d(128, 128, kernel_size=(3, 3), stride=(1, 1), padding=(1, 1), bias=False)
          (bn2): BatchNorm2d(128, eps=1e-05, momentum=0.1, affine=True, track_running_stats=True)
          (conv3): Conv2d(128, 512, kernel_size=(1, 1), stride=(1, 1), bias=False)
          (bn3): BatchNorm2d(512, eps=1e-05, momentum=0.1, affine=True, track_running_stats=True)
          (relu): ReLU(inplace=True)
        )
        (3): Bottleneck(
          (conv1): Conv2d(512, 128, kernel_size=(1, 1), stride=(1, 1), bias=False)
          (bn1): BatchNorm2d(128, eps=1e-05, momentum=0.1, affine=True, track_running_stats=True)
          (conv2): Conv2d(128, 128, kernel_size=(3, 3), stride=(1, 1), padding=(1, 1), bias=False)
          (bn2): BatchNorm2d(128, eps=1e-05, momentum=0.1, affine=True, track_running_stats=True)
          (conv3): Conv2d(128, 512, kernel_size=(1, 1), stride=(1, 1), bias=False)
          (bn3): BatchNorm2d(512, eps=1e-05, momentum=0.1, affine=True, track_running_stats=True)
          (relu): ReLU(inplace=True)
        )
      )
      (layer3): Sequential(
        (0): Bottleneck(
          (conv1): Conv2d(512, 256, kernel_size=(1, 1), stride=(1, 1), bias=False)
          (bn1): BatchNorm2d(256, eps=1e-05, momentum=0.1, affine=True, track_running_stats=True)
          (conv2): Conv2d(256, 256, kernel_size=(3, 3), stride=(2, 2), padding=(1, 1), bias=False)
          (bn2): BatchNorm2d(256, eps=1e-05, momentum=0.1, affine=True, track_running_stats=True)
          (conv3): Conv2d(256, 1024, kernel_size=(1, 1), stride=(1, 1), bias=False)
          (bn3): BatchNorm2d(1024, eps=1e-05, momentum=0.1, affine=True, track_running_stats=True)
          (relu): ReLU(inplace=True)
          (downsample): Sequential(
            (0): Conv2d(512, 1024, kernel_size=(1, 1), stride=(2, 2), bias=False)
            (1): BatchNorm2d(1024, eps=1e-05, momentum=0.1, affine=True, track_running_stats=True)
          )
        )
        (1): Bottleneck(
          (conv1): Conv2d(1024, 256, kernel_size=(1, 1), stride=(1, 1), bias=False)
          (bn1): BatchNorm2d(256, eps=1e-05, momentum=0.1, affine=True, track_running_stats=True)
          (conv2): Conv2d(256, 256, kernel_size=(3, 3), stride=(1, 1), padding=(1, 1), bias=False)
          (bn2): BatchNorm2d(256, eps=1e-05, momentum=0.1, affine=True, track_running_stats=True)
          (conv3): Conv2d(256, 1024, kernel_size=(1, 1), stride=(1, 1), bias=False)
          (bn3): BatchNorm2d(1024, eps=1e-05, momentum=0.1, affine=True, track_running_stats=True)
          (relu): ReLU(inplace=True)
        )
        (2): Bottleneck(
          (conv1): Conv2d(1024, 256, kernel_size=(1, 1), stride=(1, 1), bias=False)
          (bn1): BatchNorm2d(256, eps=1e-05, momentum=0.1, affine=True, track_running_stats=True)
          (conv2): Conv2d(256, 256, kernel_size=(3, 3), stride=(1, 1), padding=(1, 1), bias=False)
          (bn2): BatchNorm2d(256, eps=1e-05, momentum=0.1, affine=True, track_running_stats=True)
          (conv3): Conv2d(256, 1024, kernel_size=(1, 1), stride=(1, 1), bias=False)
          (bn3): BatchNorm2d(1024, eps=1e-05, momentum=0.1, affine=True, track_running_stats=True)
          (relu): ReLU(inplace=True)
        )
        (3): Bottleneck(
          (conv1): Conv2d(1024, 256, kernel_size=(1, 1), stride=(1, 1), bias=False)
          (bn1): BatchNorm2d(256, eps=1e-05, momentum=0.1, affine=True, track_running_stats=True)
          (conv2): Conv2d(256, 256, kernel_size=(3, 3), stride=(1, 1), padding=(1, 1), bias=False)
          (bn2): BatchNorm2d(256, eps=1e-05, momentum=0.1, affine=True, track_running_stats=True)
          (conv3): Conv2d(256, 1024, kernel_size=(1, 1), stride=(1, 1), bias=False)
          (bn3): BatchNorm2d(1024, eps=1e-05, momentum=0.1, affine=True, track_running_stats=True)
          (relu): ReLU(inplace=True)
        )
        (4): Bottleneck(
          (conv1): Conv2d(1024, 256, kernel_size=(1, 1), stride=(1, 1), bias=False)
          (bn1): BatchNorm2d(256, eps=1e-05, momentum=0.1, affine=True, track_running_stats=True)
          (conv2): Conv2d(256, 256, kernel_size=(3, 3), stride=(1, 1), padding=(1, 1), bias=False)
          (bn2): BatchNorm2d(256, eps=1e-05, momentum=0.1, affine=True, track_running_stats=True)
          (conv3): Conv2d(256, 1024, kernel_size=(1, 1), stride=(1, 1), bias=False)
          (bn3): BatchNorm2d(1024, eps=1e-05, momentum=0.1, affine=True, track_running_stats=True)
          (relu): ReLU(inplace=True)
        )
        (5): Bottleneck(
          (conv1): Conv2d(1024, 256, kernel_size=(1, 1), stride=(1, 1), bias=False)
          (bn1): BatchNorm2d(256, eps=1e-05, momentum=0.1, affine=True, track_running_stats=True)
          (conv2): Conv2d(256, 256, kernel_size=(3, 3), stride=(1, 1), padding=(1, 1), bias=False)
          (bn2): BatchNorm2d(256, eps=1e-05, momentum=0.1, affine=True, track_running_stats=True)
          (conv3): Conv2d(256, 1024, kernel_size=(1, 1), stride=(1, 1), bias=False)
          (bn3): BatchNorm2d(1024, eps=1e-05, momentum=0.1, affine=True, track_running_stats=True)
          (relu): ReLU(inplace=True)
        )
      )
      (layer4): Sequential(
        (0): Bottleneck(
          (conv1): Conv2d(1024, 512, kernel_size=(1, 1), stride=(1, 1), bias=False)
          (bn1): BatchNorm2d(512, eps=1e-05, momentum=0.1, affine=True, track_running_stats=True)
          (conv2): Conv2d(512, 512, kernel_size=(3, 3), stride=(2, 2), padding=(1, 1), bias=False)
          (bn2): BatchNorm2d(512, eps=1e-05, momentum=0.1, affine=True, track_running_stats=True)
          (conv3): Conv2d(512, 2048, kernel_size=(1, 1), stride=(1, 1), bias=False)
          (bn3): BatchNorm2d(2048, eps=1e-05, momentum=0.1, affine=True, track_running_stats=True)
          (relu): ReLU(inplace=True)
          (downsample): Sequential(
            (0): Conv2d(1024, 2048, kernel_size=(1, 1), stride=(2, 2), bias=False)
            (1): BatchNorm2d(2048, eps=1e-05, momentum=0.1, affine=True, track_running_stats=True)
          )
        )
        (1): Bottleneck(
          (conv1): Conv2d(2048, 512, kernel_size=(1, 1), stride=(1, 1), bias=False)
          (bn1): BatchNorm2d(512, eps=1e-05, momentum=0.1, affine=True, track_running_stats=True)
          (conv2): Conv2d(512, 512, kernel_size=(3, 3), stride=(1, 1), padding=(1, 1), bias=False)
          (bn2): BatchNorm2d(512, eps=1e-05, momentum=0.1, affine=True, track_running_stats=True)
          (conv3): Conv2d(512, 2048, kernel_size=(1, 1), stride=(1, 1), bias=False)
          (bn3): BatchNorm2d(2048, eps=1e-05, momentum=0.1, affine=True, track_running_stats=True)
          (relu): ReLU(inplace=True)
        )
        (2): Bottleneck(
          (conv1): Conv2d(2048, 512, kernel_size=(1, 1), stride=(1, 1), bias=False)
          (bn1): BatchNorm2d(512, eps=1e-05, momentum=0.1, affine=True, track_running_stats=True)
          (conv2): Conv2d(512, 512, kernel_size=(3, 3), stride=(1, 1), padding=(1, 1), bias=False)
          (bn2): BatchNorm2d(512, eps=1e-05, momentum=0.1, affine=True, track_running_stats=True)
          (conv3): Conv2d(512, 2048, kernel_size=(1, 1), stride=(1, 1), bias=False)
          (bn3): BatchNorm2d(2048, eps=1e-05, momentum=0.1, affine=True, track_running_stats=True)
          (relu): ReLU(inplace=True)
        )
      )
      (avgpool): AdaptiveAvgPool2d(output_size=(1, 1))
    )
  )
  (proj): bt_proj(
    (proj): Sequential(
      (0): Linear(in_features=2048, out_features=4096, bias=False)
      (1): BatchNorm1d(4096, eps=1e-05, momentum=0.1, affine=True, track_running_stats=True)
      (2): ReLU()
      (3): Linear(in_features=4096, out_features=4096, bias=False)
      (4): BatchNorm1d(4096, eps=1e-05, momentum=0.1, affine=True, track_running_stats=True)
      (5): ReLU()
      (6): Linear(in_features=4096, out_features=4096, bias=True)
      (7): BatchNorm1d(4096, eps=1e-05, momentum=0.1, affine=False, track_running_stats=True)
    )
  )
)
NOC: 10
using optimizer: SGD
loss function: bt
loss: BarlowTwinLoss()
augmentation for bt: 
Compose(
    RandomResizedCrop(size=(32, 32), scale=(0.08, 1.0), ratio=(0.75, 1.3333), interpolation=bilinear, antialias=True)
    RandomHorizontalFlip(p=0.5)
    RandomApply(
    p=0.8
    ColorJitter(brightness=(0.6, 1.4), contrast=(0.6, 1.4), saturation=(0.6, 1.4), hue=(-0.1, 0.1))
)
    RandomGrayscale(p=0.2)
    <src.data.Solarization object at 0x7fcacd8f0a00>
    ToTensor()
    Normalize(mean=(0.4914, 0.4822, 0.4465), std=(0.2023, 0.1994, 0.201))
)
Compose(
    RandomResizedCrop(size=(32, 32), scale=(0.08, 1.0), ratio=(0.75, 1.3333), interpolation=bilinear, antialias=True)
    RandomHorizontalFlip(p=0.5)
    RandomApply(
    p=0.8
    ColorJitter(brightness=(0.6, 1.4), contrast=(0.6, 1.4), saturation=(0.6, 1.4), hue=(-0.1, 0.1))
)
    RandomGrayscale(p=0.2)
    <src.data.Solarization object at 0x7fcacd8f0ca0>
    ToTensor()
    Normalize(mean=(0.4914, 0.4822, 0.4465), std=(0.2023, 0.1994, 0.201))
)
Files already downloaded and verified
Files already downloaded and verified
Files already downloaded and verified
# of Training Images: 50000
# of Testing Images: 10000
### Barlow Twins Training begins
[GPU0] epochs: [1/800] train_loss_con: 5429.845
[GPU0] epochs: [2/800] train_loss_con: 4139.875
[GPU0] epochs: [3/800] train_loss_con: 4137.648
[GPU0] epochs: [4/800] train_loss_con: 4112.829
[GPU0] epochs: [5/800] train_loss_con: 4122.867
[GPU0] epochs: [6/800] train_loss_con: 4118.386
[GPU0] epochs: [7/800] train_loss_con: 4147.955
[GPU0] epochs: [8/800] train_loss_con: 4002.490
[GPU0] epochs: [9/800] train_loss_con: 4070.449
[GPU0] epochs: [10/800] train_loss_con: 3994.492
[GPU0] epochs: [11/800] train_loss_con: 4015.610
[GPU0] epochs: [12/800] train_loss_con: 3954.285
[GPU0] epochs: [13/800] train_loss_con: 3942.386
[GPU0] epochs: [14/800] train_loss_con: 3937.969
[GPU0] epochs: [15/800] train_loss_con: 3966.219
[GPU0] epochs: [16/800] train_loss_con: 3919.843
[GPU0] epochs: [17/800] train_loss_con: 3970.282
[GPU0] epochs: [18/800] train_loss_con: 3927.230
[GPU0] epochs: [19/800] train_loss_con: 3956.902
[GPU0] epochs: [20/800] train_loss_con: 3945.346
[GPU0] epochs: [21/800] train_loss_con: 3980.377
[GPU0] epochs: [22/800] train_loss_con: 3945.322
[GPU0] epochs: [23/800] train_loss_con: 3944.570
[GPU0] epochs: [24/800] train_loss_con: 3959.620
[GPU0] epochs: [25/800] train_loss_con: 3959.299
[GPU0] epochs: [26/800] train_loss_con: 3957.222
[GPU0] epochs: [27/800] train_loss_con: 3922.508
[GPU0] epochs: [28/800] train_loss_con: 3897.732
[GPU0] epochs: [29/800] train_loss_con: 3972.257
[GPU0] epochs: [30/800] train_loss_con: 3886.779
[GPU0] epochs: [31/800] train_loss_con: 3899.529
[GPU0] epochs: [32/800] train_loss_con: 3942.932
[GPU0] epochs: [33/800] train_loss_con: 3974.016
[GPU0] epochs: [34/800] train_loss_con: 3873.166
[GPU0] epochs: [35/800] train_loss_con: 3808.040
[GPU0] epochs: [36/800] train_loss_con: 3820.181
[GPU0] epochs: [37/800] train_loss_con: 3808.359
[GPU0] epochs: [38/800] train_loss_con: 3810.163
[GPU0] epochs: [39/800] train_loss_con: 3795.177
[GPU0] epochs: [40/800] train_loss_con: 3775.723
[GPU0] epochs: [41/800] train_loss_con: 3784.636
[GPU0] epochs: [42/800] train_loss_con: 3785.570
[GPU0] epochs: [43/800] train_loss_con: 3783.969
[GPU0] epochs: [44/800] train_loss_con: 3778.484
[GPU0] epochs: [45/800] train_loss_con: 3775.295
[GPU0] epochs: [46/800] train_loss_con: 3740.824
[GPU0] epochs: [47/800] train_loss_con: 3762.723
[GPU0] epochs: [48/800] train_loss_con: 3792.048
[GPU0] epochs: [49/800] train_loss_con: 3771.661
[GPU0] epochs: [50/800] train_loss_con: 3809.575
[GPU0] epochs: [51/800] train_loss_con: 3790.201
[GPU0] epochs: [52/800] train_loss_con: 3754.066
[GPU0] epochs: [53/800] train_loss_con: 3763.473
[GPU0] epochs: [54/800] train_loss_con: 3805.325
[GPU0] epochs: [55/800] train_loss_con: 3772.229
[GPU0] epochs: [56/800] train_loss_con: 3764.375
[GPU0] epochs: [57/800] train_loss_con: 3757.674
[GPU0] epochs: [58/800] train_loss_con: 3776.113
[GPU0] epochs: [59/800] train_loss_con: 3770.645
[GPU0] epochs: [60/800] train_loss_con: 3786.897
[GPU0] epochs: [61/800] train_loss_con: 3773.700
[GPU0] epochs: [62/800] train_loss_con: 3656.026
[GPU0] epochs: [63/800] train_loss_con: 3639.762
[GPU0] epochs: [64/800] train_loss_con: 3638.330
[GPU0] epochs: [65/800] train_loss_con: 3655.201
[GPU0] epochs: [66/800] train_loss_con: 3642.874
[GPU0] epochs: [67/800] train_loss_con: 3653.889
[GPU0] epochs: [68/800] train_loss_con: 3641.253
[GPU0] epochs: [69/800] train_loss_con: 3639.563
[GPU0] epochs: [70/800] train_loss_con: 3620.947
[GPU0] epochs: [71/800] train_loss_con: 3642.381
[GPU0] epochs: [72/800] train_loss_con: 3628.173
[GPU0] epochs: [73/800] train_loss_con: 3681.558
[GPU0] epochs: [74/800] train_loss_con: 3662.744
[GPU0] epochs: [75/800] train_loss_con: 3628.974
[GPU0] epochs: [76/800] train_loss_con: 3644.980
[GPU0] epochs: [77/800] train_loss_con: 3639.519
[GPU0] epochs: [78/800] train_loss_con: 3646.889
[GPU0] epochs: [79/800] train_loss_con: 3637.353
[GPU0] epochs: [80/800] train_loss_con: 3641.809
[GPU0] epochs: [81/800] train_loss_con: 3641.399
[GPU0] epochs: [82/800] train_loss_con: 3620.976
[GPU0] epochs: [83/800] train_loss_con: 3623.071
[GPU0] epochs: [84/800] train_loss_con: 3631.021
[GPU0] epochs: [85/800] train_loss_con: 3608.668
[GPU0] epochs: [86/800] train_loss_con: 3617.422
[GPU0] epochs: [87/800] train_loss_con: 3534.343
[GPU0] epochs: [88/800] train_loss_con: 3482.326
[GPU0] epochs: [89/800] train_loss_con: 3479.782
[GPU0] epochs: [90/800] train_loss_con: 3494.646
[GPU0] epochs: [91/800] train_loss_con: 3529.126
[GPU0] epochs: [92/800] train_loss_con: 3574.060
[GPU0] epochs: [93/800] train_loss_con: 3495.249
[GPU0] epochs: [94/800] train_loss_con: 3514.160
[GPU0] epochs: [95/800] train_loss_con: 3430.138
[GPU0] epochs: [96/800] train_loss_con: 3382.785
[GPU0] epochs: [97/800] train_loss_con: 3387.202
[GPU0] epochs: [98/800] train_loss_con: 3366.737
[GPU0] epochs: [99/800] train_loss_con: 3373.477
[GPU0] epochs: [100/800] train_loss_con: 3363.747
[GPU0] epochs: [101/800] train_loss_con: 3348.130
[GPU0] epochs: [102/800] train_loss_con: 3258.628
[GPU0] epochs: [103/800] train_loss_con: 3242.513
[GPU0] epochs: [104/800] train_loss_con: 3228.434
[GPU0] epochs: [105/800] train_loss_con: 3155.186
[GPU0] epochs: [106/800] train_loss_con: 3143.200
[GPU0] epochs: [107/800] train_loss_con: 3122.941
[GPU0] epochs: [108/800] train_loss_con: 3083.289
[GPU0] epochs: [109/800] train_loss_con: 3033.111
[GPU0] epochs: [110/800] train_loss_con: 2997.583
[GPU0] epochs: [111/800] train_loss_con: 2919.083
[GPU0] epochs: [112/800] train_loss_con: 2875.794
[GPU0] epochs: [113/800] train_loss_con: 2817.845
[GPU0] epochs: [114/800] train_loss_con: 2755.666
[GPU0] epochs: [115/800] train_loss_con: 2697.446
[GPU0] epochs: [116/800] train_loss_con: 2621.099
[GPU0] epochs: [117/800] train_loss_con: 2526.543
[GPU0] epochs: [118/800] train_loss_con: 2445.201
[GPU0] epochs: [119/800] train_loss_con: 2415.373
[GPU0] epochs: [120/800] train_loss_con: 2354.645
[GPU0] epochs: [121/800] train_loss_con: 2294.038
[GPU0] epochs: [122/800] train_loss_con: 2224.185
[GPU0] epochs: [123/800] train_loss_con: 2156.686
[GPU0] epochs: [124/800] train_loss_con: 2102.037
[GPU0] epochs: [125/800] train_loss_con: 2053.335
[GPU0] epochs: [126/800] train_loss_con: 2013.274
[GPU0] epochs: [127/800] train_loss_con: 1952.793
[GPU0] epochs: [128/800] train_loss_con: 1897.515
[GPU0] epochs: [129/800] train_loss_con: 1844.417
[GPU0] epochs: [130/800] train_loss_con: 1784.143
[GPU0] epochs: [131/800] train_loss_con: 1735.645
[GPU0] epochs: [132/800] train_loss_con: 1681.401
[GPU0] epochs: [133/800] train_loss_con: 1658.169
[GPU0] epochs: [134/800] train_loss_con: 1607.954
[GPU0] epochs: [135/800] train_loss_con: 1568.744
[GPU0] epochs: [136/800] train_loss_con: 1533.614
[GPU0] epochs: [137/800] train_loss_con: 1496.680
[GPU0] epochs: [138/800] train_loss_con: 1462.978
[GPU0] epochs: [139/800] train_loss_con: 1430.626
[GPU0] epochs: [140/800] train_loss_con: 1401.148
[GPU0] epochs: [141/800] train_loss_con: 1375.984
[GPU0] epochs: [142/800] train_loss_con: 1345.378
[GPU0] epochs: [143/800] train_loss_con: 1312.598
[GPU0] epochs: [144/800] train_loss_con: 1294.813
[GPU0] epochs: [145/800] train_loss_con: 1273.947
[GPU0] epochs: [146/800] train_loss_con: 1252.252
[GPU0] epochs: [147/800] train_loss_con: 1231.143
[GPU0] epochs: [148/800] train_loss_con: 1227.172
[GPU0] epochs: [149/800] train_loss_con: 1208.706
[GPU0] epochs: [150/800] train_loss_con: 1194.867
[GPU0] epochs: [151/800] train_loss_con: 1173.758
[GPU0] epochs: [152/800] train_loss_con: 1153.765
[GPU0] epochs: [153/800] train_loss_con: 1145.423
[GPU0] epochs: [154/800] train_loss_con: 1126.791
[GPU0] epochs: [155/800] train_loss_con: 1118.418
[GPU0] epochs: [156/800] train_loss_con: 1111.049
[GPU0] epochs: [157/800] train_loss_con: 1098.153
[GPU0] epochs: [158/800] train_loss_con: 1086.367
[GPU0] epochs: [159/800] train_loss_con: 1075.196
[GPU0] epochs: [160/800] train_loss_con: 1061.134
[GPU0] epochs: [161/800] train_loss_con: 1053.653
[GPU0] epochs: [162/800] train_loss_con: 1050.344
[GPU0] epochs: [163/800] train_loss_con: 1033.966
[GPU0] epochs: [164/800] train_loss_con: 1028.125
[GPU0] epochs: [165/800] train_loss_con: 1019.407
[GPU0] epochs: [166/800] train_loss_con: 1005.975
[GPU0] epochs: [167/800] train_loss_con: 997.145
[GPU0] epochs: [168/800] train_loss_con: 984.761
[GPU0] epochs: [169/800] train_loss_con: 980.516
[GPU0] epochs: [170/800] train_loss_con: 974.921
[GPU0] epochs: [171/800] train_loss_con: 959.659
[GPU0] epochs: [172/800] train_loss_con: 951.035
[GPU0] epochs: [173/800] train_loss_con: 942.564
[GPU0] epochs: [174/800] train_loss_con: 943.662
[GPU0] epochs: [175/800] train_loss_con: 930.353
[GPU0] epochs: [176/800] train_loss_con: 923.459
[GPU0] epochs: [177/800] train_loss_con: 921.150
[GPU0] epochs: [178/800] train_loss_con: 913.600
[GPU0] epochs: [179/800] train_loss_con: 910.078
[GPU0] epochs: [180/800] train_loss_con: 891.741
[GPU0] epochs: [181/800] train_loss_con: 892.867
[GPU0] epochs: [182/800] train_loss_con: 895.309
[GPU0] epochs: [183/800] train_loss_con: 887.980
[GPU0] epochs: [184/800] train_loss_con: 885.147
[GPU0] epochs: [185/800] train_loss_con: 883.991
[GPU0] epochs: [186/800] train_loss_con: 871.245
[GPU0] epochs: [187/800] train_loss_con: 868.233
[GPU0] epochs: [188/800] train_loss_con: 858.502
[GPU0] epochs: [189/800] train_loss_con: 855.364
[GPU0] epochs: [190/800] train_loss_con: 849.581
[GPU0] epochs: [191/800] train_loss_con: 853.904
[GPU0] epochs: [192/800] train_loss_con: 848.770
[GPU0] epochs: [193/800] train_loss_con: 852.899
[GPU0] epochs: [194/800] train_loss_con: 840.749
[GPU0] epochs: [195/800] train_loss_con: 835.669
[GPU0] epochs: [196/800] train_loss_con: 830.863
[GPU0] epochs: [197/800] train_loss_con: 831.496
[GPU0] epochs: [198/800] train_loss_con: 823.101
[GPU0] epochs: [199/800] train_loss_con: 826.061
[GPU0] epochs: [200/800] train_loss_con: 820.373
[GPU0] epochs: [201/800] train_loss_con: 816.525
[GPU0] epochs: [202/800] train_loss_con: 813.473
[GPU0] epochs: [203/800] train_loss_con: 822.030
[GPU0] epochs: [204/800] train_loss_con: 806.030
[GPU0] epochs: [205/800] train_loss_con: 811.785
[GPU0] epochs: [206/800] train_loss_con: 799.842
[GPU0] epochs: [207/800] train_loss_con: 807.418
[GPU0] epochs: [208/800] train_loss_con: 795.225
[GPU0] epochs: [209/800] train_loss_con: 796.847
[GPU0] epochs: [210/800] train_loss_con: 790.765
[GPU0] epochs: [211/800] train_loss_con: 790.745
[GPU0] epochs: [212/800] train_loss_con: 791.528
[GPU0] epochs: [213/800] train_loss_con: 780.561
[GPU0] epochs: [214/800] train_loss_con: 781.785
[GPU0] epochs: [215/800] train_loss_con: 777.151
[GPU0] epochs: [216/800] train_loss_con: 775.572
[GPU0] epochs: [217/800] train_loss_con: 780.585
[GPU0] epochs: [218/800] train_loss_con: 770.615
[GPU0] epochs: [219/800] train_loss_con: 775.481
[GPU0] epochs: [220/800] train_loss_con: 761.033
[GPU0] epochs: [221/800] train_loss_con: 768.166
[GPU0] epochs: [222/800] train_loss_con: 779.268
[GPU0] epochs: [223/800] train_loss_con: 767.628
[GPU0] epochs: [224/800] train_loss_con: 759.701
[GPU0] epochs: [225/800] train_loss_con: 763.693
[GPU0] epochs: [226/800] train_loss_con: 765.189
[GPU0] epochs: [227/800] train_loss_con: 755.190
[GPU0] epochs: [228/800] train_loss_con: 751.810
[GPU0] epochs: [229/800] train_loss_con: 746.541
[GPU0] epochs: [230/800] train_loss_con: 745.279
[GPU0] epochs: [231/800] train_loss_con: 754.548
[GPU0] epochs: [232/800] train_loss_con: 747.485
[GPU0] epochs: [233/800] train_loss_con: 749.155
[GPU0] epochs: [234/800] train_loss_con: 745.712
[GPU0] epochs: [235/800] train_loss_con: 732.547
[GPU0] epochs: [236/800] train_loss_con: 745.310
[GPU0] epochs: [237/800] train_loss_con: 738.108
[GPU0] epochs: [238/800] train_loss_con: 727.041
[GPU0] epochs: [239/800] train_loss_con: 734.350
[GPU0] epochs: [240/800] train_loss_con: 731.142
[GPU0] epochs: [241/800] train_loss_con: 737.393
[GPU0] epochs: [242/800] train_loss_con: 730.701
[GPU0] epochs: [243/800] train_loss_con: 724.346
[GPU0] epochs: [244/800] train_loss_con: 720.528
[GPU0] epochs: [245/800] train_loss_con: 731.771
[GPU0] epochs: [246/800] train_loss_con: 719.486
[GPU0] epochs: [247/800] train_loss_con: 723.585
