environment: 
YAML: configs/bt.yaml
==> SEED: 42
==> train_algo: bt
==> dataset: {'cifar10': {'num_classes': 10, 'params': {'data_dir': 'datasets/cifar10', 'batch_size': 512, 'num_workers': 3, 'image_size': 32, 'algo': 'bt'}}, 'cifar100': {'num_classes': 100, 'params': {'data_dir': 'datasets/cifar100', 'batch_size': 512, 'num_workers': 3, 'image_size': 32, 'algo': 'bt'}}}
==> return_logs: False
==> eval_every: 10
==> n_epochs: 800
==> n_epochs_mlp: 100
==> gpu_id: 0
==> opt: SGD
==> opt_params: {'lr': 0.4, 'momentum': 0.9, 'weight_decay': 0.0001}
==> schedular_params: {'T_max': 800, 'eta_min': 0.001}
==> mlp_opt: SGD
==> mlp_opt_params: {'lr': 0.01, 'momentum': 0.9}
==> model_params: {'model_name': 'resnet18', 'pretrained': False, 'proj_dim': 4096, 'barlow_hidden': 4096, 'algo_type': 'bt'}
==> mlp_type: hidden
==> loss: bt
==> loss_params: {'lambd': 0.005}
==> distributed: False
==> model_save_path: saved_models/bt.c10.r18.pth
==> config: configs/bt.yaml
--------------------------------------------------
Network(
  (base_encoder): BaseEncoder(
    (feat_extractor): Sequential(
      (conv1): Conv2d(3, 64, kernel_size=(3, 3), stride=(1, 1), padding=(1, 1), bias=False)
      (bn1): BatchNorm2d(64, eps=1e-05, momentum=0.1, affine=True, track_running_stats=True)
      (relu): ReLU(inplace=True)
      (layer1): Sequential(
        (0): BasicBlock(
          (conv1): Conv2d(64, 64, kernel_size=(3, 3), stride=(1, 1), padding=(1, 1), bias=False)
          (bn1): BatchNorm2d(64, eps=1e-05, momentum=0.1, affine=True, track_running_stats=True)
          (relu): ReLU(inplace=True)
          (conv2): Conv2d(64, 64, kernel_size=(3, 3), stride=(1, 1), padding=(1, 1), bias=False)
          (bn2): BatchNorm2d(64, eps=1e-05, momentum=0.1, affine=True, track_running_stats=True)
        )
        (1): BasicBlock(
          (conv1): Conv2d(64, 64, kernel_size=(3, 3), stride=(1, 1), padding=(1, 1), bias=False)
          (bn1): BatchNorm2d(64, eps=1e-05, momentum=0.1, affine=True, track_running_stats=True)
          (relu): ReLU(inplace=True)
          (conv2): Conv2d(64, 64, kernel_size=(3, 3), stride=(1, 1), padding=(1, 1), bias=False)
          (bn2): BatchNorm2d(64, eps=1e-05, momentum=0.1, affine=True, track_running_stats=True)
        )
      )
      (layer2): Sequential(
        (0): BasicBlock(
          (conv1): Conv2d(64, 128, kernel_size=(3, 3), stride=(2, 2), padding=(1, 1), bias=False)
          (bn1): BatchNorm2d(128, eps=1e-05, momentum=0.1, affine=True, track_running_stats=True)
          (relu): ReLU(inplace=True)
          (conv2): Conv2d(128, 128, kernel_size=(3, 3), stride=(1, 1), padding=(1, 1), bias=False)
          (bn2): BatchNorm2d(128, eps=1e-05, momentum=0.1, affine=True, track_running_stats=True)
          (downsample): Sequential(
            (0): Conv2d(64, 128, kernel_size=(1, 1), stride=(2, 2), bias=False)
            (1): BatchNorm2d(128, eps=1e-05, momentum=0.1, affine=True, track_running_stats=True)
          )
        )
        (1): BasicBlock(
          (conv1): Conv2d(128, 128, kernel_size=(3, 3), stride=(1, 1), padding=(1, 1), bias=False)
          (bn1): BatchNorm2d(128, eps=1e-05, momentum=0.1, affine=True, track_running_stats=True)
          (relu): ReLU(inplace=True)
          (conv2): Conv2d(128, 128, kernel_size=(3, 3), stride=(1, 1), padding=(1, 1), bias=False)
          (bn2): BatchNorm2d(128, eps=1e-05, momentum=0.1, affine=True, track_running_stats=True)
        )
      )
      (layer3): Sequential(
        (0): BasicBlock(
          (conv1): Conv2d(128, 256, kernel_size=(3, 3), stride=(2, 2), padding=(1, 1), bias=False)
          (bn1): BatchNorm2d(256, eps=1e-05, momentum=0.1, affine=True, track_running_stats=True)
          (relu): ReLU(inplace=True)
          (conv2): Conv2d(256, 256, kernel_size=(3, 3), stride=(1, 1), padding=(1, 1), bias=False)
          (bn2): BatchNorm2d(256, eps=1e-05, momentum=0.1, affine=True, track_running_stats=True)
          (downsample): Sequential(
            (0): Conv2d(128, 256, kernel_size=(1, 1), stride=(2, 2), bias=False)
            (1): BatchNorm2d(256, eps=1e-05, momentum=0.1, affine=True, track_running_stats=True)
          )
        )
        (1): BasicBlock(
          (conv1): Conv2d(256, 256, kernel_size=(3, 3), stride=(1, 1), padding=(1, 1), bias=False)
          (bn1): BatchNorm2d(256, eps=1e-05, momentum=0.1, affine=True, track_running_stats=True)
          (relu): ReLU(inplace=True)
          (conv2): Conv2d(256, 256, kernel_size=(3, 3), stride=(1, 1), padding=(1, 1), bias=False)
          (bn2): BatchNorm2d(256, eps=1e-05, momentum=0.1, affine=True, track_running_stats=True)
        )
      )
      (layer4): Sequential(
        (0): BasicBlock(
          (conv1): Conv2d(256, 512, kernel_size=(3, 3), stride=(2, 2), padding=(1, 1), bias=False)
          (bn1): BatchNorm2d(512, eps=1e-05, momentum=0.1, affine=True, track_running_stats=True)
          (relu): ReLU(inplace=True)
          (conv2): Conv2d(512, 512, kernel_size=(3, 3), stride=(1, 1), padding=(1, 1), bias=False)
          (bn2): BatchNorm2d(512, eps=1e-05, momentum=0.1, affine=True, track_running_stats=True)
          (downsample): Sequential(
            (0): Conv2d(256, 512, kernel_size=(1, 1), stride=(2, 2), bias=False)
            (1): BatchNorm2d(512, eps=1e-05, momentum=0.1, affine=True, track_running_stats=True)
          )
        )
        (1): BasicBlock(
          (conv1): Conv2d(512, 512, kernel_size=(3, 3), stride=(1, 1), padding=(1, 1), bias=False)
          (bn1): BatchNorm2d(512, eps=1e-05, momentum=0.1, affine=True, track_running_stats=True)
          (relu): ReLU(inplace=True)
          (conv2): Conv2d(512, 512, kernel_size=(3, 3), stride=(1, 1), padding=(1, 1), bias=False)
          (bn2): BatchNorm2d(512, eps=1e-05, momentum=0.1, affine=True, track_running_stats=True)
        )
      )
      (avgpool): AdaptiveAvgPool2d(output_size=(1, 1))
    )
  )
  (proj): bt_proj(
    (proj): Sequential(
      (0): Linear(in_features=512, out_features=4096, bias=False)
      (1): BatchNorm1d(4096, eps=1e-05, momentum=0.1, affine=True, track_running_stats=True)
      (2): ReLU()
      (3): Linear(in_features=4096, out_features=4096, bias=False)
      (4): BatchNorm1d(4096, eps=1e-05, momentum=0.1, affine=True, track_running_stats=True)
      (5): ReLU()
      (6): Linear(in_features=4096, out_features=4096, bias=True)
      (7): BatchNorm1d(4096, eps=1e-05, momentum=0.1, affine=False, track_running_stats=True)
    )
  )
)
NOC: 10
using optimizer: SGD
loss function: bt
loss: BarlowTwinLoss()
augmentation for bt: 
Compose(
    RandomResizedCrop(size=(32, 32), scale=(0.08, 1.0), ratio=(0.75, 1.3333), interpolation=bilinear, antialias=True)
    RandomHorizontalFlip(p=0.5)
    RandomApply(
    p=0.8
    ColorJitter(brightness=(0.6, 1.4), contrast=(0.6, 1.4), saturation=(0.6, 1.4), hue=(-0.1, 0.1))
)
    RandomGrayscale(p=0.2)
    <src.data.Solarization object at 0x7fe9ba6d5930>
    ToTensor()
    Normalize(mean=(0.4914, 0.4822, 0.4465), std=(0.2023, 0.1994, 0.201))
)
Compose(
    RandomResizedCrop(size=(32, 32), scale=(0.08, 1.0), ratio=(0.75, 1.3333), interpolation=bilinear, antialias=True)
    RandomHorizontalFlip(p=0.5)
    RandomApply(
    p=0.8
    ColorJitter(brightness=(0.6, 1.4), contrast=(0.6, 1.4), saturation=(0.6, 1.4), hue=(-0.1, 0.1))
)
    RandomGrayscale(p=0.2)
    <src.data.Solarization object at 0x7fe9ba6d5a50>
    ToTensor()
    Normalize(mean=(0.4914, 0.4822, 0.4465), std=(0.2023, 0.1994, 0.201))
)
Files already downloaded and verified
Files already downloaded and verified
Files already downloaded and verified
# of Training Images: 50000
# of Testing Images: 10000
### Barlow Twins Training begins
[GPU0] epochs: [1/800] train_loss_con: 4094.333
[GPU0] epochs: [2/800] train_loss_con: 3786.499
[GPU0] epochs: [3/800] train_loss_con: 3778.773
[GPU0] epochs: [4/800] train_loss_con: 3672.041
[GPU0] epochs: [5/800] train_loss_con: 3550.229
[GPU0] epochs: [6/800] train_loss_con: 3487.817
[GPU0] epochs: [7/800] train_loss_con: 3375.423
[GPU0] epochs: [8/800] train_loss_con: 3279.790
[GPU0] epochs: [9/800] train_loss_con: 3262.654
[GPU0] epochs: [10/800] train_loss_con: 3229.758
[GPU0] epochs: [11/800] train_loss_con: 3151.921
[GPU0] epochs: [12/800] train_loss_con: 3077.899
[GPU0] epochs: [13/800] train_loss_con: 3013.369
[GPU0] epochs: [14/800] train_loss_con: 2958.674
[GPU0] epochs: [15/800] train_loss_con: 2887.535
[GPU0] epochs: [16/800] train_loss_con: 2794.177
[GPU0] epochs: [17/800] train_loss_con: 2748.426
[GPU0] epochs: [18/800] train_loss_con: 2663.434
[GPU0] epochs: [19/800] train_loss_con: 2558.822
[GPU0] epochs: [20/800] train_loss_con: 2502.903
[GPU0] epochs: [21/800] train_loss_con: 2430.021
[GPU0] epochs: [22/800] train_loss_con: 2357.675
[GPU0] epochs: [23/800] train_loss_con: 2285.528
[GPU0] epochs: [24/800] train_loss_con: 2180.807
[GPU0] epochs: [25/800] train_loss_con: 2099.025
[GPU0] epochs: [26/800] train_loss_con: 2005.856
[GPU0] epochs: [27/800] train_loss_con: 1937.962
[GPU0] epochs: [28/800] train_loss_con: 1868.787
[GPU0] epochs: [29/800] train_loss_con: 1809.923
[GPU0] epochs: [30/800] train_loss_con: 1757.912
[GPU0] epochs: [31/800] train_loss_con: 1715.788
[GPU0] epochs: [32/800] train_loss_con: 1686.446
[GPU0] epochs: [33/800] train_loss_con: 1649.987
[GPU0] epochs: [34/800] train_loss_con: 1623.543
[GPU0] epochs: [35/800] train_loss_con: 1581.808
[GPU0] epochs: [36/800] train_loss_con: 1544.924
[GPU0] epochs: [37/800] train_loss_con: 1516.041
[GPU0] epochs: [38/800] train_loss_con: 1488.144
[GPU0] epochs: [39/800] train_loss_con: 1454.857
[GPU0] epochs: [40/800] train_loss_con: 1429.652
[GPU0] epochs: [41/800] train_loss_con: 1390.684
[GPU0] epochs: [42/800] train_loss_con: 1375.587
[GPU0] epochs: [43/800] train_loss_con: 1351.119
[GPU0] epochs: [44/800] train_loss_con: 1326.441
[GPU0] epochs: [45/800] train_loss_con: 1304.370
[GPU0] epochs: [46/800] train_loss_con: 1273.659
[GPU0] epochs: [47/800] train_loss_con: 1260.919
[GPU0] epochs: [48/800] train_loss_con: 1241.706
[GPU0] epochs: [49/800] train_loss_con: 1233.810
[GPU0] epochs: [50/800] train_loss_con: 1205.996
[GPU0] epochs: [51/800] train_loss_con: 1174.017
[GPU0] epochs: [52/800] train_loss_con: 1168.649
[GPU0] epochs: [53/800] train_loss_con: 1155.775
[GPU0] epochs: [54/800] train_loss_con: 1149.073
[GPU0] epochs: [55/800] train_loss_con: 1124.118
[GPU0] epochs: [56/800] train_loss_con: 1112.399
[GPU0] epochs: [57/800] train_loss_con: 1099.951
[GPU0] epochs: [58/800] train_loss_con: 1084.195
[GPU0] epochs: [59/800] train_loss_con: 1072.361
[GPU0] epochs: [60/800] train_loss_con: 1057.024
[GPU0] epochs: [61/800] train_loss_con: 1053.554
[GPU0] epochs: [62/800] train_loss_con: 1043.337
[GPU0] epochs: [63/800] train_loss_con: 1036.807
[GPU0] epochs: [64/800] train_loss_con: 1028.623
[GPU0] epochs: [65/800] train_loss_con: 1017.881
[GPU0] epochs: [66/800] train_loss_con: 1014.245
[GPU0] epochs: [67/800] train_loss_con: 1003.986
[GPU0] epochs: [68/800] train_loss_con: 991.020
[GPU0] epochs: [69/800] train_loss_con: 985.715
[GPU0] epochs: [70/800] train_loss_con: 973.724
[GPU0] epochs: [71/800] train_loss_con: 972.509
[GPU0] epochs: [72/800] train_loss_con: 966.672
[GPU0] epochs: [73/800] train_loss_con: 951.959
[GPU0] epochs: [74/800] train_loss_con: 943.217
[GPU0] epochs: [75/800] train_loss_con: 938.426
[GPU0] epochs: [76/800] train_loss_con: 939.394
[GPU0] epochs: [77/800] train_loss_con: 930.539
[GPU0] epochs: [78/800] train_loss_con: 923.555
[GPU0] epochs: [79/800] train_loss_con: 923.579
[GPU0] epochs: [80/800] train_loss_con: 909.775
[GPU0] epochs: [81/800] train_loss_con: 910.387
[GPU0] epochs: [82/800] train_loss_con: 920.925
[GPU0] epochs: [83/800] train_loss_con: 905.353
[GPU0] epochs: [84/800] train_loss_con: 902.142
[GPU0] epochs: [85/800] train_loss_con: 890.239
[GPU0] epochs: [86/800] train_loss_con: 890.850
[GPU0] epochs: [87/800] train_loss_con: 882.113
[GPU0] epochs: [88/800] train_loss_con: 884.115
[GPU0] epochs: [89/800] train_loss_con: 876.792
[GPU0] epochs: [90/800] train_loss_con: 871.919
[GPU0] epochs: [91/800] train_loss_con: 875.260
[GPU0] epochs: [92/800] train_loss_con: 863.196
[GPU0] epochs: [93/800] train_loss_con: 857.735
[GPU0] epochs: [94/800] train_loss_con: 856.247
[GPU0] epochs: [95/800] train_loss_con: 855.589
[GPU0] epochs: [96/800] train_loss_con: 848.926
[GPU0] epochs: [97/800] train_loss_con: 847.406
[GPU0] epochs: [98/800] train_loss_con: 844.740
[GPU0] epochs: [99/800] train_loss_con: 838.212
[GPU0] epochs: [100/800] train_loss_con: 841.569
[GPU0] epochs: [101/800] train_loss_con: 840.407
[GPU0] epochs: [102/800] train_loss_con: 829.826
[GPU0] epochs: [103/800] train_loss_con: 826.572
[GPU0] epochs: [104/800] train_loss_con: 823.970
[GPU0] epochs: [105/800] train_loss_con: 826.274
[GPU0] epochs: [106/800] train_loss_con: 820.155
[GPU0] epochs: [107/800] train_loss_con: 816.797
[GPU0] epochs: [108/800] train_loss_con: 811.503
[GPU0] epochs: [109/800] train_loss_con: 804.589
[GPU0] epochs: [110/800] train_loss_con: 808.593
[GPU0] epochs: [111/800] train_loss_con: 803.923
[GPU0] epochs: [112/800] train_loss_con: 795.530
[GPU0] epochs: [113/800] train_loss_con: 802.977
[GPU0] epochs: [114/800] train_loss_con: 802.982
[GPU0] epochs: [115/800] train_loss_con: 802.273
[GPU0] epochs: [116/800] train_loss_con: 791.482
[GPU0] epochs: [117/800] train_loss_con: 791.412
[GPU0] epochs: [118/800] train_loss_con: 792.371
[GPU0] epochs: [119/800] train_loss_con: 785.386
[GPU0] epochs: [120/800] train_loss_con: 782.577
[GPU0] epochs: [121/800] train_loss_con: 781.791
[GPU0] epochs: [122/800] train_loss_con: 783.574
[GPU0] epochs: [123/800] train_loss_con: 779.604
[GPU0] epochs: [124/800] train_loss_con: 779.069
[GPU0] epochs: [125/800] train_loss_con: 778.935
[GPU0] epochs: [126/800] train_loss_con: 782.733
[GPU0] epochs: [127/800] train_loss_con: 780.102
[GPU0] epochs: [128/800] train_loss_con: 770.968
[GPU0] epochs: [129/800] train_loss_con: 766.609
[GPU0] epochs: [130/800] train_loss_con: 767.692
[GPU0] epochs: [131/800] train_loss_con: 766.534
[GPU0] epochs: [132/800] train_loss_con: 759.614
[GPU0] epochs: [133/800] train_loss_con: 767.114
[GPU0] epochs: [134/800] train_loss_con: 771.102
[GPU0] epochs: [135/800] train_loss_con: 762.969
[GPU0] epochs: [136/800] train_loss_con: 765.059
[GPU0] epochs: [137/800] train_loss_con: 760.886
[GPU0] epochs: [138/800] train_loss_con: 766.242
[GPU0] epochs: [139/800] train_loss_con: 748.734
[GPU0] epochs: [140/800] train_loss_con: 749.928
[GPU0] epochs: [141/800] train_loss_con: 758.397
[GPU0] epochs: [142/800] train_loss_con: 758.672
[GPU0] epochs: [143/800] train_loss_con: 747.204
[GPU0] epochs: [144/800] train_loss_con: 751.908
[GPU0] epochs: [145/800] train_loss_con: 752.172
[GPU0] epochs: [146/800] train_loss_con: 746.475
[GPU0] epochs: [147/800] train_loss_con: 742.999
[GPU0] epochs: [148/800] train_loss_con: 745.647
[GPU0] epochs: [149/800] train_loss_con: 740.970
[GPU0] epochs: [150/800] train_loss_con: 744.198
[GPU0] epochs: [151/800] train_loss_con: 741.498
[GPU0] epochs: [152/800] train_loss_con: 738.836
[GPU0] epochs: [153/800] train_loss_con: 735.057
[GPU0] epochs: [154/800] train_loss_con: 739.954
[GPU0] epochs: [155/800] train_loss_con: 736.042
[GPU0] epochs: [156/800] train_loss_con: 739.146
[GPU0] epochs: [157/800] train_loss_con: 727.084
[GPU0] epochs: [158/800] train_loss_con: 735.936
[GPU0] epochs: [159/800] train_loss_con: 732.259
[GPU0] epochs: [160/800] train_loss_con: 735.120
[GPU0] epochs: [161/800] train_loss_con: 728.829
[GPU0] epochs: [162/800] train_loss_con: 722.454
[GPU0] epochs: [163/800] train_loss_con: 731.029
[GPU0] epochs: [164/800] train_loss_con: 722.330
[GPU0] epochs: [165/800] train_loss_con: 717.956
[GPU0] epochs: [166/800] train_loss_con: 714.513
[GPU0] epochs: [167/800] train_loss_con: 727.253
[GPU0] epochs: [168/800] train_loss_con: 722.857
[GPU0] epochs: [169/800] train_loss_con: 722.475
[GPU0] epochs: [170/800] train_loss_con: 717.378
[GPU0] epochs: [171/800] train_loss_con: 722.812
[GPU0] epochs: [172/800] train_loss_con: 716.110
[GPU0] epochs: [173/800] train_loss_con: 715.661
[GPU0] epochs: [174/800] train_loss_con: 721.431
[GPU0] epochs: [175/800] train_loss_con: 714.458
[GPU0] epochs: [176/800] train_loss_con: 715.633
[GPU0] epochs: [177/800] train_loss_con: 710.539
[GPU0] epochs: [178/800] train_loss_con: 705.094
[GPU0] epochs: [179/800] train_loss_con: 706.576
[GPU0] epochs: [180/800] train_loss_con: 707.192
[GPU0] epochs: [181/800] train_loss_con: 716.274
[GPU0] epochs: [182/800] train_loss_con: 712.021
[GPU0] epochs: [183/800] train_loss_con: 705.625
[GPU0] epochs: [184/800] train_loss_con: 704.461
[GPU0] epochs: [185/800] train_loss_con: 707.020
[GPU0] epochs: [186/800] train_loss_con: 709.261
[GPU0] epochs: [187/800] train_loss_con: 705.099
[GPU0] epochs: [188/800] train_loss_con: 701.391
[GPU0] epochs: [189/800] train_loss_con: 704.097
[GPU0] epochs: [190/800] train_loss_con: 703.059
[GPU0] epochs: [191/800] train_loss_con: 706.855
[GPU0] epochs: [192/800] train_loss_con: 696.716
[GPU0] epochs: [193/800] train_loss_con: 705.791
[GPU0] epochs: [194/800] train_loss_con: 692.996
[GPU0] epochs: [195/800] train_loss_con: 702.634
[GPU0] epochs: [196/800] train_loss_con: 702.136
[GPU0] epochs: [197/800] train_loss_con: 700.443
[GPU0] epochs: [198/800] train_loss_con: 697.851
[GPU0] epochs: [199/800] train_loss_con: 697.661
[GPU0] epochs: [200/800] train_loss_con: 698.303
[GPU0] epochs: [201/800] train_loss_con: 692.903
[GPU0] epochs: [202/800] train_loss_con: 687.497
[GPU0] epochs: [203/800] train_loss_con: 685.160
[GPU0] epochs: [204/800] train_loss_con: 690.274
[GPU0] epochs: [205/800] train_loss_con: 695.365
[GPU0] epochs: [206/800] train_loss_con: 692.163
[GPU0] epochs: [207/800] train_loss_con: 688.370
[GPU0] epochs: [208/800] train_loss_con: 688.758
[GPU0] epochs: [209/800] train_loss_con: 694.339
[GPU0] epochs: [210/800] train_loss_con: 686.673
[GPU0] epochs: [211/800] train_loss_con: 686.791
[GPU0] epochs: [212/800] train_loss_con: 690.953
[GPU0] epochs: [213/800] train_loss_con: 686.596
[GPU0] epochs: [214/800] train_loss_con: 684.348
[GPU0] epochs: [215/800] train_loss_con: 680.826
[GPU0] epochs: [216/800] train_loss_con: 682.059
[GPU0] epochs: [217/800] train_loss_con: 681.770
[GPU0] epochs: [218/800] train_loss_con: 681.891
[GPU0] epochs: [219/800] train_loss_con: 677.343
[GPU0] epochs: [220/800] train_loss_con: 684.242
[GPU0] epochs: [221/800] train_loss_con: 682.332
[GPU0] epochs: [222/800] train_loss_con: 678.263
[GPU0] epochs: [223/800] train_loss_con: 681.638
[GPU0] epochs: [224/800] train_loss_con: 673.480
[GPU0] epochs: [225/800] train_loss_con: 687.466
[GPU0] epochs: [226/800] train_loss_con: 676.398
[GPU0] epochs: [227/800] train_loss_con: 669.386
[GPU0] epochs: [228/800] train_loss_con: 681.544
[GPU0] epochs: [229/800] train_loss_con: 676.535
[GPU0] epochs: [230/800] train_loss_con: 675.539
[GPU0] epochs: [231/800] train_loss_con: 676.201
[GPU0] epochs: [232/800] train_loss_con: 672.660
[GPU0] epochs: [233/800] train_loss_con: 668.954
[GPU0] epochs: [234/800] train_loss_con: 672.191
[GPU0] epochs: [235/800] train_loss_con: 671.172
[GPU0] epochs: [236/800] train_loss_con: 668.683
[GPU0] epochs: [237/800] train_loss_con: 673.912
[GPU0] epochs: [238/800] train_loss_con: 666.722
[GPU0] epochs: [239/800] train_loss_con: 671.452
[GPU0] epochs: [240/800] train_loss_con: 672.139
[GPU0] epochs: [241/800] train_loss_con: 665.969
[GPU0] epochs: [242/800] train_loss_con: 666.597
[GPU0] epochs: [243/800] train_loss_con: 671.970
[GPU0] epochs: [244/800] train_loss_con: 665.349
[GPU0] epochs: [245/800] train_loss_con: 665.484
[GPU0] epochs: [246/800] train_loss_con: 667.550
[GPU0] epochs: [247/800] train_loss_con: 657.850
[GPU0] epochs: [248/800] train_loss_con: 661.298
[GPU0] epochs: [249/800] train_loss_con: 659.351
[GPU0] epochs: [250/800] train_loss_con: 661.950
[GPU0] epochs: [251/800] train_loss_con: 657.044
[GPU0] epochs: [252/800] train_loss_con: 669.422
[GPU0] epochs: [253/800] train_loss_con: 666.602
[GPU0] epochs: [254/800] train_loss_con: 657.157
[GPU0] epochs: [255/800] train_loss_con: 658.862
[GPU0] epochs: [256/800] train_loss_con: 659.010
[GPU0] epochs: [257/800] train_loss_con: 660.816
[GPU0] epochs: [258/800] train_loss_con: 650.991
[GPU0] epochs: [259/800] train_loss_con: 660.951
[GPU0] epochs: [260/800] train_loss_con: 658.926
[GPU0] epochs: [261/800] train_loss_con: 649.331
[GPU0] epochs: [262/800] train_loss_con: 656.961
[GPU0] epochs: [263/800] train_loss_con: 663.864
[GPU0] epochs: [264/800] train_loss_con: 656.069
[GPU0] epochs: [265/800] train_loss_con: 656.812
[GPU0] epochs: [266/800] train_loss_con: 665.651
[GPU0] epochs: [267/800] train_loss_con: 655.032
[GPU0] epochs: [268/800] train_loss_con: 652.655
[GPU0] epochs: [269/800] train_loss_con: 653.598
[GPU0] epochs: [270/800] train_loss_con: 650.618
[GPU0] epochs: [271/800] train_loss_con: 649.545
[GPU0] epochs: [272/800] train_loss_con: 652.213
[GPU0] epochs: [273/800] train_loss_con: 652.478
[GPU0] epochs: [274/800] train_loss_con: 651.124
[GPU0] epochs: [275/800] train_loss_con: 645.106
[GPU0] epochs: [276/800] train_loss_con: 650.471
[GPU0] epochs: [277/800] train_loss_con: 650.986
[GPU0] epochs: [278/800] train_loss_con: 643.470
[GPU0] epochs: [279/800] train_loss_con: 646.672
[GPU0] epochs: [280/800] train_loss_con: 653.515
[GPU0] epochs: [281/800] train_loss_con: 636.867
[GPU0] epochs: [282/800] train_loss_con: 645.058
[GPU0] epochs: [283/800] train_loss_con: 649.406
[GPU0] epochs: [284/800] train_loss_con: 640.886
[GPU0] epochs: [285/800] train_loss_con: 643.039
[GPU0] epochs: [286/800] train_loss_con: 644.621
[GPU0] epochs: [287/800] train_loss_con: 642.621
[GPU0] epochs: [288/800] train_loss_con: 643.341
[GPU0] epochs: [289/800] train_loss_con: 639.683
[GPU0] epochs: [290/800] train_loss_con: 643.495
[GPU0] epochs: [291/800] train_loss_con: 639.964
[GPU0] epochs: [292/800] train_loss_con: 642.283
[GPU0] epochs: [293/800] train_loss_con: 640.161
[GPU0] epochs: [294/800] train_loss_con: 642.482
[GPU0] epochs: [295/800] train_loss_con: 637.087
[GPU0] epochs: [296/800] train_loss_con: 639.139
[GPU0] epochs: [297/800] train_loss_con: 637.699
[GPU0] epochs: [298/800] train_loss_con: 635.891
[GPU0] epochs: [299/800] train_loss_con: 636.441
[GPU0] epochs: [300/800] train_loss_con: 641.437
[GPU0] epochs: [301/800] train_loss_con: 632.064
[GPU0] epochs: [302/800] train_loss_con: 633.828
[GPU0] epochs: [303/800] train_loss_con: 635.869
[GPU0] epochs: [304/800] train_loss_con: 637.552
[GPU0] epochs: [305/800] train_loss_con: 635.252
[GPU0] epochs: [306/800] train_loss_con: 633.864
[GPU0] epochs: [307/800] train_loss_con: 634.243
[GPU0] epochs: [308/800] train_loss_con: 623.998
[GPU0] epochs: [309/800] train_loss_con: 624.982
[GPU0] epochs: [310/800] train_loss_con: 629.302
[GPU0] epochs: [311/800] train_loss_con: 632.258
[GPU0] epochs: [312/800] train_loss_con: 635.628
[GPU0] epochs: [313/800] train_loss_con: 630.629
[GPU0] epochs: [314/800] train_loss_con: 631.651
[GPU0] epochs: [315/800] train_loss_con: 626.645
[GPU0] epochs: [316/800] train_loss_con: 628.675
[GPU0] epochs: [317/800] train_loss_con: 630.160
[GPU0] epochs: [318/800] train_loss_con: 630.165
[GPU0] epochs: [319/800] train_loss_con: 624.111
[GPU0] epochs: [320/800] train_loss_con: 628.225
[GPU0] epochs: [321/800] train_loss_con: 623.607
[GPU0] epochs: [322/800] train_loss_con: 619.571
[GPU0] epochs: [323/800] train_loss_con: 626.035
[GPU0] epochs: [324/800] train_loss_con: 625.980
[GPU0] epochs: [325/800] train_loss_con: 628.946
[GPU0] epochs: [326/800] train_loss_con: 622.827
[GPU0] epochs: [327/800] train_loss_con: 613.411
[GPU0] epochs: [328/800] train_loss_con: 616.883
[GPU0] epochs: [329/800] train_loss_con: 624.140
[GPU0] epochs: [330/800] train_loss_con: 622.226
[GPU0] epochs: [331/800] train_loss_con: 618.398
[GPU0] epochs: [332/800] train_loss_con: 620.516
[GPU0] epochs: [333/800] train_loss_con: 616.713
[GPU0] epochs: [334/800] train_loss_con: 614.070
[GPU0] epochs: [335/800] train_loss_con: 621.575
[GPU0] epochs: [336/800] train_loss_con: 613.579
[GPU0] epochs: [337/800] train_loss_con: 617.967
[GPU0] epochs: [338/800] train_loss_con: 615.303
[GPU0] epochs: [339/800] train_loss_con: 612.810
[GPU0] epochs: [340/800] train_loss_con: 620.793
[GPU0] epochs: [341/800] train_loss_con: 614.389
[GPU0] epochs: [342/800] train_loss_con: 618.752
[GPU0] epochs: [343/800] train_loss_con: 610.206
[GPU0] epochs: [344/800] train_loss_con: 608.416
[GPU0] epochs: [345/800] train_loss_con: 613.796
[GPU0] epochs: [346/800] train_loss_con: 613.123
[GPU0] epochs: [347/800] train_loss_con: 611.170
[GPU0] epochs: [348/800] train_loss_con: 610.951
[GPU0] epochs: [349/800] train_loss_con: 607.687
[GPU0] epochs: [350/800] train_loss_con: 607.376
[GPU0] epochs: [351/800] train_loss_con: 610.698
[GPU0] epochs: [352/800] train_loss_con: 603.371
[GPU0] epochs: [353/800] train_loss_con: 609.599
[GPU0] epochs: [354/800] train_loss_con: 611.211
[GPU0] epochs: [355/800] train_loss_con: 611.972
[GPU0] epochs: [356/800] train_loss_con: 604.844
[GPU0] epochs: [357/800] train_loss_con: 606.050
[GPU0] epochs: [358/800] train_loss_con: 605.075
[GPU0] epochs: [359/800] train_loss_con: 603.700
[GPU0] epochs: [360/800] train_loss_con: 607.826
[GPU0] epochs: [361/800] train_loss_con: 604.051
[GPU0] epochs: [362/800] train_loss_con: 599.848
[GPU0] epochs: [363/800] train_loss_con: 601.761
[GPU0] epochs: [364/800] train_loss_con: 603.027
[GPU0] epochs: [365/800] train_loss_con: 604.965
[GPU0] epochs: [366/800] train_loss_con: 605.255
[GPU0] epochs: [367/800] train_loss_con: 601.649
[GPU0] epochs: [368/800] train_loss_con: 603.125
[GPU0] epochs: [369/800] train_loss_con: 602.165
[GPU0] epochs: [370/800] train_loss_con: 597.920
[GPU0] epochs: [371/800] train_loss_con: 595.841
[GPU0] epochs: [372/800] train_loss_con: 596.600
[GPU0] epochs: [373/800] train_loss_con: 597.332
[GPU0] epochs: [374/800] train_loss_con: 600.322
[GPU0] epochs: [375/800] train_loss_con: 594.712
[GPU0] epochs: [376/800] train_loss_con: 596.113
[GPU0] epochs: [377/800] train_loss_con: 594.427
[GPU0] epochs: [378/800] train_loss_con: 592.531
[GPU0] epochs: [379/800] train_loss_con: 602.685
[GPU0] epochs: [380/800] train_loss_con: 595.956
[GPU0] epochs: [381/800] train_loss_con: 586.727
[GPU0] epochs: [382/800] train_loss_con: 589.893
[GPU0] epochs: [383/800] train_loss_con: 592.256
[GPU0] epochs: [384/800] train_loss_con: 595.689
[GPU0] epochs: [385/800] train_loss_con: 588.303
[GPU0] epochs: [386/800] train_loss_con: 588.303
[GPU0] epochs: [387/800] train_loss_con: 588.599
[GPU0] epochs: [388/800] train_loss_con: 588.431
[GPU0] epochs: [389/800] train_loss_con: 587.337
[GPU0] epochs: [390/800] train_loss_con: 583.594
[GPU0] epochs: [391/800] train_loss_con: 583.604
[GPU0] epochs: [392/800] train_loss_con: 591.655
[GPU0] epochs: [393/800] train_loss_con: 588.030
[GPU0] epochs: [394/800] train_loss_con: 588.085
[GPU0] epochs: [395/800] train_loss_con: 590.425
[GPU0] epochs: [396/800] train_loss_con: 586.223
[GPU0] epochs: [397/800] train_loss_con: 586.288
[GPU0] epochs: [398/800] train_loss_con: 586.480
[GPU0] epochs: [399/800] train_loss_con: 585.108
[GPU0] epochs: [400/800] train_loss_con: 582.551
[GPU0] epochs: [401/800] train_loss_con: 586.532
[GPU0] epochs: [402/800] train_loss_con: 583.465
[GPU0] epochs: [403/800] train_loss_con: 584.716
[GPU0] epochs: [404/800] train_loss_con: 579.772
[GPU0] epochs: [405/800] train_loss_con: 581.155
[GPU0] epochs: [406/800] train_loss_con: 574.835
[GPU0] epochs: [407/800] train_loss_con: 580.090
[GPU0] epochs: [408/800] train_loss_con: 575.186
[GPU0] epochs: [409/800] train_loss_con: 577.970
[GPU0] epochs: [410/800] train_loss_con: 570.604
[GPU0] epochs: [411/800] train_loss_con: 580.082
[GPU0] epochs: [412/800] train_loss_con: 578.382
[GPU0] epochs: [413/800] train_loss_con: 577.881
[GPU0] epochs: [414/800] train_loss_con: 575.170
[GPU0] epochs: [415/800] train_loss_con: 577.811
[GPU0] epochs: [416/800] train_loss_con: 570.799
[GPU0] epochs: [417/800] train_loss_con: 572.765
[GPU0] epochs: [418/800] train_loss_con: 572.972
[GPU0] epochs: [419/800] train_loss_con: 575.402
[GPU0] epochs: [420/800] train_loss_con: 572.176
[GPU0] epochs: [421/800] train_loss_con: 566.817
[GPU0] epochs: [422/800] train_loss_con: 574.430
[GPU0] epochs: [423/800] train_loss_con: 571.790
[GPU0] epochs: [424/800] train_loss_con: 567.055
[GPU0] epochs: [425/800] train_loss_con: 573.299
[GPU0] epochs: [426/800] train_loss_con: 573.812
[GPU0] epochs: [427/800] train_loss_con: 567.429
[GPU0] epochs: [428/800] train_loss_con: 566.486
[GPU0] epochs: [429/800] train_loss_con: 571.056
[GPU0] epochs: [430/800] train_loss_con: 564.936
[GPU0] epochs: [431/800] train_loss_con: 564.945
[GPU0] epochs: [432/800] train_loss_con: 561.779
[GPU0] epochs: [433/800] train_loss_con: 560.257
[GPU0] epochs: [434/800] train_loss_con: 564.509
[GPU0] epochs: [435/800] train_loss_con: 570.270
[GPU0] epochs: [436/800] train_loss_con: 568.331
[GPU0] epochs: [437/800] train_loss_con: 563.883
[GPU0] epochs: [438/800] train_loss_con: 563.639
[GPU0] epochs: [439/800] train_loss_con: 567.922
[GPU0] epochs: [440/800] train_loss_con: 559.355
[GPU0] epochs: [441/800] train_loss_con: 561.174
[GPU0] epochs: [442/800] train_loss_con: 549.979
[GPU0] epochs: [443/800] train_loss_con: 558.535
[GPU0] epochs: [444/800] train_loss_con: 556.295
[GPU0] epochs: [445/800] train_loss_con: 557.463
[GPU0] epochs: [446/800] train_loss_con: 560.816
[GPU0] epochs: [447/800] train_loss_con: 554.984
[GPU0] epochs: [448/800] train_loss_con: 553.959
[GPU0] epochs: [449/800] train_loss_con: 551.353
[GPU0] epochs: [450/800] train_loss_con: 553.663
[GPU0] epochs: [451/800] train_loss_con: 555.835
[GPU0] epochs: [452/800] train_loss_con: 552.282
[GPU0] epochs: [453/800] train_loss_con: 555.153
[GPU0] epochs: [454/800] train_loss_con: 558.458
[GPU0] epochs: [455/800] train_loss_con: 554.424
[GPU0] epochs: [456/800] train_loss_con: 551.118
[GPU0] epochs: [457/800] train_loss_con: 551.877
[GPU0] epochs: [458/800] train_loss_con: 551.765
[GPU0] epochs: [459/800] train_loss_con: 545.919
[GPU0] epochs: [460/800] train_loss_con: 549.982
[GPU0] epochs: [461/800] train_loss_con: 544.963
[GPU0] epochs: [462/800] train_loss_con: 549.646
[GPU0] epochs: [463/800] train_loss_con: 549.019
[GPU0] epochs: [464/800] train_loss_con: 548.546
[GPU0] epochs: [465/800] train_loss_con: 546.285
[GPU0] epochs: [466/800] train_loss_con: 549.518
[GPU0] epochs: [467/800] train_loss_con: 547.458
[GPU0] epochs: [468/800] train_loss_con: 549.026
[GPU0] epochs: [469/800] train_loss_con: 545.499
[GPU0] epochs: [470/800] train_loss_con: 542.292
[GPU0] epochs: [471/800] train_loss_con: 548.050
[GPU0] epochs: [472/800] train_loss_con: 540.579
[GPU0] epochs: [473/800] train_loss_con: 544.204
[GPU0] epochs: [474/800] train_loss_con: 539.552
[GPU0] epochs: [475/800] train_loss_con: 535.275
[GPU0] epochs: [476/800] train_loss_con: 538.787
[GPU0] epochs: [477/800] train_loss_con: 540.091
[GPU0] epochs: [478/800] train_loss_con: 536.247
[GPU0] epochs: [479/800] train_loss_con: 538.006
[GPU0] epochs: [480/800] train_loss_con: 540.980
[GPU0] epochs: [481/800] train_loss_con: 537.029
[GPU0] epochs: [482/800] train_loss_con: 538.886
[GPU0] epochs: [483/800] train_loss_con: 535.369
[GPU0] epochs: [484/800] train_loss_con: 533.621
[GPU0] epochs: [485/800] train_loss_con: 533.168
[GPU0] epochs: [486/800] train_loss_con: 530.845
[GPU0] epochs: [487/800] train_loss_con: 531.348
[GPU0] epochs: [488/800] train_loss_con: 532.010
[GPU0] epochs: [489/800] train_loss_con: 528.038
[GPU0] epochs: [490/800] train_loss_con: 537.538
[GPU0] epochs: [491/800] train_loss_con: 532.416
[GPU0] epochs: [492/800] train_loss_con: 525.497
[GPU0] epochs: [493/800] train_loss_con: 533.111
[GPU0] epochs: [494/800] train_loss_con: 529.141
[GPU0] epochs: [495/800] train_loss_con: 524.505
[GPU0] epochs: [496/800] train_loss_con: 527.042
[GPU0] epochs: [497/800] train_loss_con: 525.450
[GPU0] epochs: [498/800] train_loss_con: 527.363
[GPU0] epochs: [499/800] train_loss_con: 525.211
[GPU0] epochs: [500/800] train_loss_con: 522.972
[GPU0] epochs: [501/800] train_loss_con: 527.405
[GPU0] epochs: [502/800] train_loss_con: 520.689
[GPU0] epochs: [503/800] train_loss_con: 521.174
[GPU0] epochs: [504/800] train_loss_con: 522.327
[GPU0] epochs: [505/800] train_loss_con: 525.095
[GPU0] epochs: [506/800] train_loss_con: 518.102
[GPU0] epochs: [507/800] train_loss_con: 525.177
[GPU0] epochs: [508/800] train_loss_con: 524.641
[GPU0] epochs: [509/800] train_loss_con: 517.896
[GPU0] epochs: [510/800] train_loss_con: 517.989
[GPU0] epochs: [511/800] train_loss_con: 518.848
[GPU0] epochs: [512/800] train_loss_con: 520.202
[GPU0] epochs: [513/800] train_loss_con: 516.055
[GPU0] epochs: [514/800] train_loss_con: 516.414
[GPU0] epochs: [515/800] train_loss_con: 516.815
[GPU0] epochs: [516/800] train_loss_con: 511.180
[GPU0] epochs: [517/800] train_loss_con: 509.163
[GPU0] epochs: [518/800] train_loss_con: 511.107
[GPU0] epochs: [519/800] train_loss_con: 516.267
[GPU0] epochs: [520/800] train_loss_con: 514.413
[GPU0] epochs: [521/800] train_loss_con: 515.993
[GPU0] epochs: [522/800] train_loss_con: 512.480
[GPU0] epochs: [523/800] train_loss_con: 504.502
[GPU0] epochs: [524/800] train_loss_con: 506.372
[GPU0] epochs: [525/800] train_loss_con: 508.733
[GPU0] epochs: [526/800] train_loss_con: 506.384
[GPU0] epochs: [527/800] train_loss_con: 510.162
[GPU0] epochs: [528/800] train_loss_con: 505.308
[GPU0] epochs: [529/800] train_loss_con: 505.458
[GPU0] epochs: [530/800] train_loss_con: 506.416
[GPU0] epochs: [531/800] train_loss_con: 504.149
[GPU0] epochs: [532/800] train_loss_con: 507.205
[GPU0] epochs: [533/800] train_loss_con: 503.697
[GPU0] epochs: [534/800] train_loss_con: 508.072
[GPU0] epochs: [535/800] train_loss_con: 499.243
[GPU0] epochs: [536/800] train_loss_con: 502.446
[GPU0] epochs: [537/800] train_loss_con: 500.669
[GPU0] epochs: [538/800] train_loss_con: 495.349
[GPU0] epochs: [539/800] train_loss_con: 496.272
[GPU0] epochs: [540/800] train_loss_con: 492.530
[GPU0] epochs: [541/800] train_loss_con: 494.533
[GPU0] epochs: [542/800] train_loss_con: 491.421
[GPU0] epochs: [543/800] train_loss_con: 496.580
[GPU0] epochs: [544/800] train_loss_con: 498.013
[GPU0] epochs: [545/800] train_loss_con: 495.364
[GPU0] epochs: [546/800] train_loss_con: 499.555
[GPU0] epochs: [547/800] train_loss_con: 495.820
[GPU0] epochs: [548/800] train_loss_con: 497.427
[GPU0] epochs: [549/800] train_loss_con: 490.563
[GPU0] epochs: [550/800] train_loss_con: 490.320
[GPU0] epochs: [551/800] train_loss_con: 494.010
[GPU0] epochs: [552/800] train_loss_con: 492.350
[GPU0] epochs: [553/800] train_loss_con: 490.045
[GPU0] epochs: [554/800] train_loss_con: 483.691
[GPU0] epochs: [555/800] train_loss_con: 488.146
[GPU0] epochs: [556/800] train_loss_con: 490.395
[GPU0] epochs: [557/800] train_loss_con: 486.745
[GPU0] epochs: [558/800] train_loss_con: 488.869
[GPU0] epochs: [559/800] train_loss_con: 485.763
[GPU0] epochs: [560/800] train_loss_con: 485.325
[GPU0] epochs: [561/800] train_loss_con: 485.477
[GPU0] epochs: [562/800] train_loss_con: 486.624
[GPU0] epochs: [563/800] train_loss_con: 483.317
[GPU0] epochs: [564/800] train_loss_con: 477.663
[GPU0] epochs: [565/800] train_loss_con: 482.360
[GPU0] epochs: [566/800] train_loss_con: 484.775
[GPU0] epochs: [567/800] train_loss_con: 480.669
[GPU0] epochs: [568/800] train_loss_con: 479.238
[GPU0] epochs: [569/800] train_loss_con: 481.352
[GPU0] epochs: [570/800] train_loss_con: 479.416
[GPU0] epochs: [571/800] train_loss_con: 475.426
[GPU0] epochs: [572/800] train_loss_con: 475.486
[GPU0] epochs: [573/800] train_loss_con: 476.836
[GPU0] epochs: [574/800] train_loss_con: 478.150
[GPU0] epochs: [575/800] train_loss_con: 480.175
[GPU0] epochs: [576/800] train_loss_con: 476.586
[GPU0] epochs: [577/800] train_loss_con: 482.320
[GPU0] epochs: [578/800] train_loss_con: 477.615
[GPU0] epochs: [579/800] train_loss_con: 471.332
[GPU0] epochs: [580/800] train_loss_con: 475.716
[GPU0] epochs: [581/800] train_loss_con: 474.302
[GPU0] epochs: [582/800] train_loss_con: 474.839
[GPU0] epochs: [583/800] train_loss_con: 471.654
[GPU0] epochs: [584/800] train_loss_con: 467.326
[GPU0] epochs: [585/800] train_loss_con: 467.677
[GPU0] epochs: [586/800] train_loss_con: 468.284
[GPU0] epochs: [587/800] train_loss_con: 465.415
[GPU0] epochs: [588/800] train_loss_con: 468.650
[GPU0] epochs: [589/800] train_loss_con: 466.554
[GPU0] epochs: [590/800] train_loss_con: 465.984
[GPU0] epochs: [591/800] train_loss_con: 464.019
[GPU0] epochs: [592/800] train_loss_con: 463.607
[GPU0] epochs: [593/800] train_loss_con: 467.352
[GPU0] epochs: [594/800] train_loss_con: 464.319
[GPU0] epochs: [595/800] train_loss_con: 466.621
[GPU0] epochs: [596/800] train_loss_con: 463.758
[GPU0] epochs: [597/800] train_loss_con: 458.659
[GPU0] epochs: [598/800] train_loss_con: 462.337
[GPU0] epochs: [599/800] train_loss_con: 459.892
[GPU0] epochs: [600/800] train_loss_con: 459.600
[GPU0] epochs: [601/800] train_loss_con: 458.157
[GPU0] epochs: [602/800] train_loss_con: 454.373
[GPU0] epochs: [603/800] train_loss_con: 458.511
[GPU0] epochs: [604/800] train_loss_con: 459.410
[GPU0] epochs: [605/800] train_loss_con: 457.901
[GPU0] epochs: [606/800] train_loss_con: 455.679
[GPU0] epochs: [607/800] train_loss_con: 454.271
[GPU0] epochs: [608/800] train_loss_con: 451.229
[GPU0] epochs: [609/800] train_loss_con: 450.604
[GPU0] epochs: [610/800] train_loss_con: 449.256
[GPU0] epochs: [611/800] train_loss_con: 447.633
[GPU0] epochs: [612/800] train_loss_con: 450.104
[GPU0] epochs: [613/800] train_loss_con: 450.749
[GPU0] epochs: [614/800] train_loss_con: 451.220
[GPU0] epochs: [615/800] train_loss_con: 450.187
[GPU0] epochs: [616/800] train_loss_con: 449.691
[GPU0] epochs: [617/800] train_loss_con: 449.261
[GPU0] epochs: [618/800] train_loss_con: 445.351
[GPU0] epochs: [619/800] train_loss_con: 440.681
[GPU0] epochs: [620/800] train_loss_con: 443.151
[GPU0] epochs: [621/800] train_loss_con: 443.288
[GPU0] epochs: [622/800] train_loss_con: 443.862
[GPU0] epochs: [623/800] train_loss_con: 446.450
[GPU0] epochs: [624/800] train_loss_con: 445.991
[GPU0] epochs: [625/800] train_loss_con: 445.401
[GPU0] epochs: [626/800] train_loss_con: 444.076
[GPU0] epochs: [627/800] train_loss_con: 439.016
[GPU0] epochs: [628/800] train_loss_con: 442.040
[GPU0] epochs: [629/800] train_loss_con: 437.270
[GPU0] epochs: [630/800] train_loss_con: 434.921
[GPU0] epochs: [631/800] train_loss_con: 438.006
[GPU0] epochs: [632/800] train_loss_con: 436.700
[GPU0] epochs: [633/800] train_loss_con: 437.863
[GPU0] epochs: [634/800] train_loss_con: 437.058
[GPU0] epochs: [635/800] train_loss_con: 434.430
[GPU0] epochs: [636/800] train_loss_con: 435.211
[GPU0] epochs: [637/800] train_loss_con: 434.930
[GPU0] epochs: [638/800] train_loss_con: 432.989
[GPU0] epochs: [639/800] train_loss_con: 427.598
[GPU0] epochs: [640/800] train_loss_con: 430.076
[GPU0] epochs: [641/800] train_loss_con: 429.449
[GPU0] epochs: [642/800] train_loss_con: 430.723
[GPU0] epochs: [643/800] train_loss_con: 429.484
[GPU0] epochs: [644/800] train_loss_con: 423.983
[GPU0] epochs: [645/800] train_loss_con: 423.542
[GPU0] epochs: [646/800] train_loss_con: 424.849
[GPU0] epochs: [647/800] train_loss_con: 424.031
[GPU0] epochs: [648/800] train_loss_con: 422.863
[GPU0] epochs: [649/800] train_loss_con: 426.291
[GPU0] epochs: [650/800] train_loss_con: 424.104
[GPU0] epochs: [651/800] train_loss_con: 425.897
[GPU0] epochs: [652/800] train_loss_con: 425.753
[GPU0] epochs: [653/800] train_loss_con: 423.738
[GPU0] epochs: [654/800] train_loss_con: 418.724
[GPU0] epochs: [655/800] train_loss_con: 423.859
[GPU0] epochs: [656/800] train_loss_con: 422.125
[GPU0] epochs: [657/800] train_loss_con: 418.775
[GPU0] epochs: [658/800] train_loss_con: 417.947
[GPU0] epochs: [659/800] train_loss_con: 418.252
[GPU0] epochs: [660/800] train_loss_con: 417.665
[GPU0] epochs: [661/800] train_loss_con: 418.286
[GPU0] epochs: [662/800] train_loss_con: 416.164
[GPU0] epochs: [663/800] train_loss_con: 418.981
[GPU0] epochs: [664/800] train_loss_con: 413.556
[GPU0] epochs: [665/800] train_loss_con: 416.287
[GPU0] epochs: [666/800] train_loss_con: 415.598
[GPU0] epochs: [667/800] train_loss_con: 412.384
[GPU0] epochs: [668/800] train_loss_con: 409.864
[GPU0] epochs: [669/800] train_loss_con: 413.636
[GPU0] epochs: [670/800] train_loss_con: 411.316
[GPU0] epochs: [671/800] train_loss_con: 408.301
[GPU0] epochs: [672/800] train_loss_con: 408.950
[GPU0] epochs: [673/800] train_loss_con: 407.359
[GPU0] epochs: [674/800] train_loss_con: 407.473
[GPU0] epochs: [675/800] train_loss_con: 408.017
[GPU0] epochs: [676/800] train_loss_con: 406.265
[GPU0] epochs: [677/800] train_loss_con: 407.910
[GPU0] epochs: [678/800] train_loss_con: 405.350
[GPU0] epochs: [679/800] train_loss_con: 403.310
[GPU0] epochs: [680/800] train_loss_con: 402.864
[GPU0] epochs: [681/800] train_loss_con: 402.116
[GPU0] epochs: [682/800] train_loss_con: 404.926
[GPU0] epochs: [683/800] train_loss_con: 400.630
[GPU0] epochs: [684/800] train_loss_con: 402.577
[GPU0] epochs: [685/800] train_loss_con: 401.774
[GPU0] epochs: [686/800] train_loss_con: 400.187
[GPU0] epochs: [687/800] train_loss_con: 400.286
[GPU0] epochs: [688/800] train_loss_con: 399.138
[GPU0] epochs: [689/800] train_loss_con: 399.965
[GPU0] epochs: [690/800] train_loss_con: 396.146
[GPU0] epochs: [691/800] train_loss_con: 398.005
[GPU0] epochs: [692/800] train_loss_con: 397.603
[GPU0] epochs: [693/800] train_loss_con: 397.965
[GPU0] epochs: [694/800] train_loss_con: 393.695
[GPU0] epochs: [695/800] train_loss_con: 394.323
[GPU0] epochs: [696/800] train_loss_con: 395.356
[GPU0] epochs: [697/800] train_loss_con: 391.850
[GPU0] epochs: [698/800] train_loss_con: 395.439
[GPU0] epochs: [699/800] train_loss_con: 392.996
[GPU0] epochs: [700/800] train_loss_con: 391.484
[GPU0] epochs: [701/800] train_loss_con: 394.698
[GPU0] epochs: [702/800] train_loss_con: 392.293
[GPU0] epochs: [703/800] train_loss_con: 391.778
[GPU0] epochs: [704/800] train_loss_con: 389.994
[GPU0] epochs: [705/800] train_loss_con: 388.026
[GPU0] epochs: [706/800] train_loss_con: 388.146
[GPU0] epochs: [707/800] train_loss_con: 388.652
[GPU0] epochs: [708/800] train_loss_con: 387.305
[GPU0] epochs: [709/800] train_loss_con: 387.671
[GPU0] epochs: [710/800] train_loss_con: 389.061
[GPU0] epochs: [711/800] train_loss_con: 384.210
[GPU0] epochs: [712/800] train_loss_con: 384.532
[GPU0] epochs: [713/800] train_loss_con: 387.957
[GPU0] epochs: [714/800] train_loss_con: 385.841
[GPU0] epochs: [715/800] train_loss_con: 387.219
[GPU0] epochs: [716/800] train_loss_con: 384.856
[GPU0] epochs: [717/800] train_loss_con: 382.457
[GPU0] epochs: [718/800] train_loss_con: 383.214
[GPU0] epochs: [719/800] train_loss_con: 384.939
[GPU0] epochs: [720/800] train_loss_con: 380.761
[GPU0] epochs: [721/800] train_loss_con: 381.677
[GPU0] epochs: [722/800] train_loss_con: 381.654
[GPU0] epochs: [723/800] train_loss_con: 380.255
[GPU0] epochs: [724/800] train_loss_con: 381.030
[GPU0] epochs: [725/800] train_loss_con: 380.259
[GPU0] epochs: [726/800] train_loss_con: 380.154
[GPU0] epochs: [727/800] train_loss_con: 378.754
[GPU0] epochs: [728/800] train_loss_con: 379.235
[GPU0] epochs: [729/800] train_loss_con: 380.011
[GPU0] epochs: [730/800] train_loss_con: 375.573
[GPU0] epochs: [731/800] train_loss_con: 376.935
[GPU0] epochs: [732/800] train_loss_con: 374.632
[GPU0] epochs: [733/800] train_loss_con: 376.232
[GPU0] epochs: [734/800] train_loss_con: 376.124
[GPU0] epochs: [735/800] train_loss_con: 375.002
[GPU0] epochs: [736/800] train_loss_con: 375.705
[GPU0] epochs: [737/800] train_loss_con: 374.704
[GPU0] epochs: [738/800] train_loss_con: 373.804
[GPU0] epochs: [739/800] train_loss_con: 375.788
[GPU0] epochs: [740/800] train_loss_con: 372.545
[GPU0] epochs: [741/800] train_loss_con: 372.590
[GPU0] epochs: [742/800] train_loss_con: 372.396
[GPU0] epochs: [743/800] train_loss_con: 372.712
[GPU0] epochs: [744/800] train_loss_con: 371.247
[GPU0] epochs: [745/800] train_loss_con: 370.930
[GPU0] epochs: [746/800] train_loss_con: 371.642
[GPU0] epochs: [747/800] train_loss_con: 372.128
[GPU0] epochs: [748/800] train_loss_con: 368.969
[GPU0] epochs: [749/800] train_loss_con: 369.030
[GPU0] epochs: [750/800] train_loss_con: 369.596
[GPU0] epochs: [751/800] train_loss_con: 370.205
[GPU0] epochs: [752/800] train_loss_con: 365.941
[GPU0] epochs: [753/800] train_loss_con: 369.010
[GPU0] epochs: [754/800] train_loss_con: 370.614
[GPU0] epochs: [755/800] train_loss_con: 368.956
[GPU0] epochs: [756/800] train_loss_con: 370.965
[GPU0] epochs: [757/800] train_loss_con: 366.791
[GPU0] epochs: [758/800] train_loss_con: 368.768
[GPU0] epochs: [759/800] train_loss_con: 367.446
[GPU0] epochs: [760/800] train_loss_con: 368.115
[GPU0] epochs: [761/800] train_loss_con: 365.953
[GPU0] epochs: [762/800] train_loss_con: 367.898
[GPU0] epochs: [763/800] train_loss_con: 364.246
[GPU0] epochs: [764/800] train_loss_con: 365.422
[GPU0] epochs: [765/800] train_loss_con: 366.869
[GPU0] epochs: [766/800] train_loss_con: 364.136
[GPU0] epochs: [767/800] train_loss_con: 365.495
[GPU0] epochs: [768/800] train_loss_con: 365.267
[GPU0] epochs: [769/800] train_loss_con: 365.575
[GPU0] epochs: [770/800] train_loss_con: 363.090
[GPU0] epochs: [771/800] train_loss_con: 368.934
[GPU0] epochs: [772/800] train_loss_con: 365.208
[GPU0] epochs: [773/800] train_loss_con: 366.005
[GPU0] epochs: [774/800] train_loss_con: 363.108
[GPU0] epochs: [775/800] train_loss_con: 364.100
[GPU0] epochs: [776/800] train_loss_con: 363.982
[GPU0] epochs: [777/800] train_loss_con: 362.480
[GPU0] epochs: [778/800] train_loss_con: 361.433
[GPU0] epochs: [779/800] train_loss_con: 364.100
[GPU0] epochs: [780/800] train_loss_con: 363.321
[GPU0] epochs: [781/800] train_loss_con: 363.602
[GPU0] epochs: [782/800] train_loss_con: 365.891
[GPU0] epochs: [783/800] train_loss_con: 362.964
[GPU0] epochs: [784/800] train_loss_con: 363.490
[GPU0] epochs: [785/800] train_loss_con: 364.253
[GPU0] epochs: [786/800] train_loss_con: 365.396
[GPU0] epochs: [787/800] train_loss_con: 363.882
[GPU0] epochs: [788/800] train_loss_con: 364.329
[GPU0] epochs: [789/800] train_loss_con: 364.528
[GPU0] epochs: [790/800] train_loss_con: 365.253
[GPU0] epochs: [791/800] train_loss_con: 361.798
[GPU0] epochs: [792/800] train_loss_con: 361.872
[GPU0] epochs: [793/800] train_loss_con: 363.801
[GPU0] epochs: [794/800] train_loss_con: 364.752
[GPU0] epochs: [795/800] train_loss_con: 362.681
[GPU0] epochs: [796/800] train_loss_con: 364.499
[GPU0] epochs: [797/800] train_loss_con: 361.699
[GPU0] epochs: [798/800] train_loss_con: 364.612
[GPU0] epochs: [799/800] train_loss_con: 364.121
[GPU0] epochs: [800/800] train_loss_con: 362.160
Model weights saved
<All keys matched successfully>
Starting Hyperparameter Sweep on 0...
===> using linear mlp
[GPU0] Test Accuracy at epoch: 0: 0.889
[GPU0] epochs: [1/100] train_acc: 0.833 train_loss_sup: 0.544
[GPU0] epochs: [2/100] train_acc: 0.853 train_loss_sup: 0.456
[GPU0] epochs: [3/100] train_acc: 0.856 train_loss_sup: 0.443
[GPU0] epochs: [4/100] train_acc: 0.857 train_loss_sup: 0.438
[GPU0] epochs: [5/100] train_acc: 0.858 train_loss_sup: 0.432
[GPU0] epochs: [6/100] train_acc: 0.855 train_loss_sup: 0.443
[GPU0] epochs: [7/100] train_acc: 0.854 train_loss_sup: 0.450
[GPU0] epochs: [8/100] train_acc: 0.857 train_loss_sup: 0.439
[GPU0] epochs: [9/100] train_acc: 0.857 train_loss_sup: 0.440
[GPU0] epochs: [10/100] train_acc: 0.858 train_loss_sup: 0.436
[GPU0] Test Accuracy at epoch: 10: 0.889
[GPU0] epochs: [11/100] train_acc: 0.860 train_loss_sup: 0.429
[GPU0] epochs: [12/100] train_acc: 0.858 train_loss_sup: 0.439
[GPU0] epochs: [13/100] train_acc: 0.858 train_loss_sup: 0.431
[GPU0] epochs: [14/100] train_acc: 0.859 train_loss_sup: 0.432
[GPU0] epochs: [15/100] train_acc: 0.859 train_loss_sup: 0.430
[GPU0] epochs: [16/100] train_acc: 0.861 train_loss_sup: 0.428
[GPU0] epochs: [17/100] train_acc: 0.862 train_loss_sup: 0.428
[GPU0] epochs: [18/100] train_acc: 0.859 train_loss_sup: 0.435
[GPU0] epochs: [19/100] train_acc: 0.858 train_loss_sup: 0.430
[GPU0] epochs: [20/100] train_acc: 0.861 train_loss_sup: 0.428
[GPU0] Test Accuracy at epoch: 20: 0.883
[GPU0] epochs: [21/100] train_acc: 0.860 train_loss_sup: 0.429
[GPU0] epochs: [22/100] train_acc: 0.857 train_loss_sup: 0.432
[GPU0] epochs: [23/100] train_acc: 0.859 train_loss_sup: 0.434
[GPU0] epochs: [24/100] train_acc: 0.862 train_loss_sup: 0.428
[GPU0] epochs: [25/100] train_acc: 0.861 train_loss_sup: 0.423
[GPU0] epochs: [26/100] train_acc: 0.861 train_loss_sup: 0.418
[GPU0] epochs: [27/100] train_acc: 0.862 train_loss_sup: 0.419
[GPU0] epochs: [28/100] train_acc: 0.860 train_loss_sup: 0.431
[GPU0] epochs: [29/100] train_acc: 0.861 train_loss_sup: 0.423
[GPU0] epochs: [30/100] train_acc: 0.862 train_loss_sup: 0.419
[GPU0] Test Accuracy at epoch: 30: 0.888
[GPU0] epochs: [31/100] train_acc: 0.863 train_loss_sup: 0.417
[GPU0] epochs: [32/100] train_acc: 0.862 train_loss_sup: 0.424
[GPU0] epochs: [33/100] train_acc: 0.865 train_loss_sup: 0.411
[GPU0] epochs: [34/100] train_acc: 0.862 train_loss_sup: 0.419
[GPU0] epochs: [35/100] train_acc: 0.859 train_loss_sup: 0.426
[GPU0] epochs: [36/100] train_acc: 0.861 train_loss_sup: 0.422
[GPU0] epochs: [37/100] train_acc: 0.862 train_loss_sup: 0.418
[GPU0] epochs: [38/100] train_acc: 0.860 train_loss_sup: 0.426
[GPU0] epochs: [39/100] train_acc: 0.862 train_loss_sup: 0.417
[GPU0] epochs: [40/100] train_acc: 0.863 train_loss_sup: 0.416
[GPU0] Test Accuracy at epoch: 40: 0.895
[GPU0] epochs: [41/100] train_acc: 0.864 train_loss_sup: 0.411
[GPU0] epochs: [42/100] train_acc: 0.862 train_loss_sup: 0.413
[GPU0] epochs: [43/100] train_acc: 0.862 train_loss_sup: 0.416
[GPU0] epochs: [44/100] train_acc: 0.862 train_loss_sup: 0.416
[GPU0] epochs: [45/100] train_acc: 0.865 train_loss_sup: 0.406
[GPU0] epochs: [46/100] train_acc: 0.866 train_loss_sup: 0.407
[GPU0] epochs: [47/100] train_acc: 0.868 train_loss_sup: 0.402
[GPU0] epochs: [48/100] train_acc: 0.864 train_loss_sup: 0.408
[GPU0] epochs: [49/100] train_acc: 0.866 train_loss_sup: 0.405
[GPU0] epochs: [50/100] train_acc: 0.862 train_loss_sup: 0.413
[GPU0] Test Accuracy at epoch: 50: 0.891
[GPU0] epochs: [51/100] train_acc: 0.866 train_loss_sup: 0.406
[GPU0] epochs: [52/100] train_acc: 0.862 train_loss_sup: 0.410
[GPU0] epochs: [53/100] train_acc: 0.865 train_loss_sup: 0.402
[GPU0] epochs: [54/100] train_acc: 0.866 train_loss_sup: 0.402
[GPU0] epochs: [55/100] train_acc: 0.867 train_loss_sup: 0.399
[GPU0] epochs: [56/100] train_acc: 0.868 train_loss_sup: 0.397
[GPU0] epochs: [57/100] train_acc: 0.866 train_loss_sup: 0.400
[GPU0] epochs: [58/100] train_acc: 0.867 train_loss_sup: 0.402
[GPU0] epochs: [59/100] train_acc: 0.867 train_loss_sup: 0.402
[GPU0] epochs: [60/100] train_acc: 0.868 train_loss_sup: 0.400
[GPU0] Test Accuracy at epoch: 60: 0.897
[GPU0] epochs: [61/100] train_acc: 0.866 train_loss_sup: 0.399
[GPU0] epochs: [62/100] train_acc: 0.870 train_loss_sup: 0.391
[GPU0] epochs: [63/100] train_acc: 0.871 train_loss_sup: 0.390
[GPU0] epochs: [64/100] train_acc: 0.868 train_loss_sup: 0.395
[GPU0] epochs: [65/100] train_acc: 0.869 train_loss_sup: 0.395
[GPU0] epochs: [66/100] train_acc: 0.870 train_loss_sup: 0.387
[GPU0] epochs: [67/100] train_acc: 0.868 train_loss_sup: 0.394
[GPU0] epochs: [68/100] train_acc: 0.868 train_loss_sup: 0.395
[GPU0] epochs: [69/100] train_acc: 0.870 train_loss_sup: 0.392
[GPU0] epochs: [70/100] train_acc: 0.870 train_loss_sup: 0.390
[GPU0] Test Accuracy at epoch: 70: 0.901
[GPU0] epochs: [71/100] train_acc: 0.870 train_loss_sup: 0.391
[GPU0] epochs: [72/100] train_acc: 0.869 train_loss_sup: 0.393
[GPU0] epochs: [73/100] train_acc: 0.870 train_loss_sup: 0.388
[GPU0] epochs: [74/100] train_acc: 0.871 train_loss_sup: 0.387
[GPU0] epochs: [75/100] train_acc: 0.872 train_loss_sup: 0.386
[GPU0] epochs: [76/100] train_acc: 0.873 train_loss_sup: 0.387
[GPU0] epochs: [77/100] train_acc: 0.871 train_loss_sup: 0.386
[GPU0] epochs: [78/100] train_acc: 0.870 train_loss_sup: 0.383
[GPU0] epochs: [79/100] train_acc: 0.871 train_loss_sup: 0.382
[GPU0] epochs: [80/100] train_acc: 0.870 train_loss_sup: 0.393
[GPU0] Test Accuracy at epoch: 80: 0.896
[GPU0] epochs: [81/100] train_acc: 0.875 train_loss_sup: 0.378
[GPU0] epochs: [82/100] train_acc: 0.872 train_loss_sup: 0.385
[GPU0] epochs: [83/100] train_acc: 0.872 train_loss_sup: 0.383
[GPU0] epochs: [84/100] train_acc: 0.873 train_loss_sup: 0.381
[GPU0] epochs: [85/100] train_acc: 0.873 train_loss_sup: 0.384
[GPU0] epochs: [86/100] train_acc: 0.875 train_loss_sup: 0.378
[GPU0] epochs: [87/100] train_acc: 0.872 train_loss_sup: 0.381
[GPU0] epochs: [88/100] train_acc: 0.872 train_loss_sup: 0.382
[GPU0] epochs: [89/100] train_acc: 0.872 train_loss_sup: 0.382
[GPU0] epochs: [90/100] train_acc: 0.873 train_loss_sup: 0.384
[GPU0] Test Accuracy at epoch: 90: 0.9
[GPU0] epochs: [91/100] train_acc: 0.873 train_loss_sup: 0.378
[GPU0] epochs: [92/100] train_acc: 0.871 train_loss_sup: 0.388
[GPU0] epochs: [93/100] train_acc: 0.874 train_loss_sup: 0.381
[GPU0] epochs: [94/100] train_acc: 0.875 train_loss_sup: 0.376
[GPU0] epochs: [95/100] train_acc: 0.873 train_loss_sup: 0.378
[GPU0] epochs: [96/100] train_acc: 0.872 train_loss_sup: 0.382
[GPU0] epochs: [97/100] train_acc: 0.871 train_loss_sup: 0.384
[GPU0] epochs: [98/100] train_acc: 0.875 train_loss_sup: 0.377
[GPU0] epochs: [99/100] train_acc: 0.875 train_loss_sup: 0.379
[GPU0] epochs: [100/100] train_acc: 0.875 train_loss_sup: 0.378
[GPU0] Final Test Accuracy: 0.9
LR: 0.100 | WD: 0.000001 | test Acc: 0.901%
===> using linear mlp
[GPU0] Test Accuracy at epoch: 0: 0.89
[GPU0] epochs: [1/100] train_acc: 0.830 train_loss_sup: 0.545
[GPU0] epochs: [2/100] train_acc: 0.856 train_loss_sup: 0.444
[GPU0] epochs: [3/100] train_acc: 0.859 train_loss_sup: 0.435
[GPU0] epochs: [4/100] train_acc: 0.860 train_loss_sup: 0.431
[GPU0] epochs: [5/100] train_acc: 0.859 train_loss_sup: 0.433
[GPU0] epochs: [6/100] train_acc: 0.856 train_loss_sup: 0.440
[GPU0] epochs: [7/100] train_acc: 0.857 train_loss_sup: 0.445
[GPU0] epochs: [8/100] train_acc: 0.858 train_loss_sup: 0.434
[GPU0] epochs: [9/100] train_acc: 0.862 train_loss_sup: 0.424
[GPU0] epochs: [10/100] train_acc: 0.858 train_loss_sup: 0.436
[GPU0] Test Accuracy at epoch: 10: 0.888
[GPU0] epochs: [11/100] train_acc: 0.859 train_loss_sup: 0.434
[GPU0] epochs: [12/100] train_acc: 0.858 train_loss_sup: 0.434
[GPU0] epochs: [13/100] train_acc: 0.861 train_loss_sup: 0.428
[GPU0] epochs: [14/100] train_acc: 0.857 train_loss_sup: 0.436
[GPU0] epochs: [15/100] train_acc: 0.861 train_loss_sup: 0.430
[GPU0] epochs: [16/100] train_acc: 0.859 train_loss_sup: 0.432
[GPU0] epochs: [17/100] train_acc: 0.861 train_loss_sup: 0.424
[GPU0] epochs: [18/100] train_acc: 0.860 train_loss_sup: 0.428
[GPU0] epochs: [19/100] train_acc: 0.862 train_loss_sup: 0.423
[GPU0] epochs: [20/100] train_acc: 0.857 train_loss_sup: 0.438
[GPU0] Test Accuracy at epoch: 20: 0.891
[GPU0] epochs: [21/100] train_acc: 0.861 train_loss_sup: 0.422
[GPU0] epochs: [22/100] train_acc: 0.858 train_loss_sup: 0.431
[GPU0] epochs: [23/100] train_acc: 0.858 train_loss_sup: 0.432
[GPU0] epochs: [24/100] train_acc: 0.863 train_loss_sup: 0.419
[GPU0] epochs: [25/100] train_acc: 0.861 train_loss_sup: 0.424
[GPU0] epochs: [26/100] train_acc: 0.860 train_loss_sup: 0.423
[GPU0] epochs: [27/100] train_acc: 0.861 train_loss_sup: 0.421
[GPU0] epochs: [28/100] train_acc: 0.863 train_loss_sup: 0.416
[GPU0] epochs: [29/100] train_acc: 0.863 train_loss_sup: 0.422
[GPU0] epochs: [30/100] train_acc: 0.860 train_loss_sup: 0.429
[GPU0] Test Accuracy at epoch: 30: 0.893
[GPU0] epochs: [31/100] train_acc: 0.864 train_loss_sup: 0.417
[GPU0] epochs: [32/100] train_acc: 0.860 train_loss_sup: 0.425
[GPU0] epochs: [33/100] train_acc: 0.856 train_loss_sup: 0.437
[GPU0] epochs: [34/100] train_acc: 0.858 train_loss_sup: 0.431
[GPU0] epochs: [35/100] train_acc: 0.864 train_loss_sup: 0.415
[GPU0] epochs: [36/100] train_acc: 0.863 train_loss_sup: 0.417
[GPU0] epochs: [37/100] train_acc: 0.861 train_loss_sup: 0.421
[GPU0] epochs: [38/100] train_acc: 0.863 train_loss_sup: 0.415
[GPU0] epochs: [39/100] train_acc: 0.862 train_loss_sup: 0.419
[GPU0] epochs: [40/100] train_acc: 0.861 train_loss_sup: 0.419
[GPU0] Test Accuracy at epoch: 40: 0.896
[GPU0] epochs: [41/100] train_acc: 0.860 train_loss_sup: 0.421
[GPU0] epochs: [42/100] train_acc: 0.863 train_loss_sup: 0.413
[GPU0] epochs: [43/100] train_acc: 0.862 train_loss_sup: 0.417
[GPU0] epochs: [44/100] train_acc: 0.862 train_loss_sup: 0.415
[GPU0] epochs: [45/100] train_acc: 0.866 train_loss_sup: 0.410
[GPU0] epochs: [46/100] train_acc: 0.866 train_loss_sup: 0.406
[GPU0] epochs: [47/100] train_acc: 0.866 train_loss_sup: 0.403
[GPU0] epochs: [48/100] train_acc: 0.866 train_loss_sup: 0.404
[GPU0] epochs: [49/100] train_acc: 0.864 train_loss_sup: 0.412
[GPU0] epochs: [50/100] train_acc: 0.864 train_loss_sup: 0.411
[GPU0] Test Accuracy at epoch: 50: 0.896
[GPU0] epochs: [51/100] train_acc: 0.868 train_loss_sup: 0.399
[GPU0] epochs: [52/100] train_acc: 0.866 train_loss_sup: 0.407
[GPU0] epochs: [53/100] train_acc: 0.867 train_loss_sup: 0.401
[GPU0] epochs: [54/100] train_acc: 0.865 train_loss_sup: 0.406
[GPU0] epochs: [55/100] train_acc: 0.868 train_loss_sup: 0.403
[GPU0] epochs: [56/100] train_acc: 0.865 train_loss_sup: 0.405
[GPU0] epochs: [57/100] train_acc: 0.867 train_loss_sup: 0.397
[GPU0] epochs: [58/100] train_acc: 0.867 train_loss_sup: 0.401
[GPU0] epochs: [59/100] train_acc: 0.867 train_loss_sup: 0.399
[GPU0] epochs: [60/100] train_acc: 0.867 train_loss_sup: 0.401
[GPU0] Test Accuracy at epoch: 60: 0.899
[GPU0] epochs: [61/100] train_acc: 0.867 train_loss_sup: 0.396
[GPU0] epochs: [62/100] train_acc: 0.867 train_loss_sup: 0.397
[GPU0] epochs: [63/100] train_acc: 0.868 train_loss_sup: 0.397
[GPU0] epochs: [64/100] train_acc: 0.866 train_loss_sup: 0.396
[GPU0] epochs: [65/100] train_acc: 0.870 train_loss_sup: 0.390
[GPU0] epochs: [66/100] train_acc: 0.871 train_loss_sup: 0.387
[GPU0] epochs: [67/100] train_acc: 0.869 train_loss_sup: 0.386
[GPU0] epochs: [68/100] train_acc: 0.869 train_loss_sup: 0.397
[GPU0] epochs: [69/100] train_acc: 0.869 train_loss_sup: 0.389
[GPU0] epochs: [70/100] train_acc: 0.871 train_loss_sup: 0.391
[GPU0] Test Accuracy at epoch: 70: 0.9
[GPU0] epochs: [71/100] train_acc: 0.869 train_loss_sup: 0.385
[GPU0] epochs: [72/100] train_acc: 0.872 train_loss_sup: 0.379
[GPU0] epochs: [73/100] train_acc: 0.870 train_loss_sup: 0.393
[GPU0] epochs: [74/100] train_acc: 0.871 train_loss_sup: 0.384
[GPU0] epochs: [75/100] train_acc: 0.870 train_loss_sup: 0.390
[GPU0] epochs: [76/100] train_acc: 0.872 train_loss_sup: 0.383
[GPU0] epochs: [77/100] train_acc: 0.871 train_loss_sup: 0.388
[GPU0] epochs: [78/100] train_acc: 0.870 train_loss_sup: 0.388
[GPU0] epochs: [79/100] train_acc: 0.871 train_loss_sup: 0.385
[GPU0] epochs: [80/100] train_acc: 0.872 train_loss_sup: 0.383
[GPU0] Test Accuracy at epoch: 80: 0.899
[GPU0] epochs: [81/100] train_acc: 0.873 train_loss_sup: 0.381
[GPU0] epochs: [82/100] train_acc: 0.874 train_loss_sup: 0.379
[GPU0] epochs: [83/100] train_acc: 0.872 train_loss_sup: 0.384
[GPU0] epochs: [84/100] train_acc: 0.872 train_loss_sup: 0.380
[GPU0] epochs: [85/100] train_acc: 0.871 train_loss_sup: 0.384
[GPU0] epochs: [86/100] train_acc: 0.870 train_loss_sup: 0.383
[GPU0] epochs: [87/100] train_acc: 0.874 train_loss_sup: 0.378
[GPU0] epochs: [88/100] train_acc: 0.873 train_loss_sup: 0.380
[GPU0] epochs: [89/100] train_acc: 0.872 train_loss_sup: 0.383
[GPU0] epochs: [90/100] train_acc: 0.873 train_loss_sup: 0.383
[GPU0] Test Accuracy at epoch: 90: 0.899
[GPU0] epochs: [91/100] train_acc: 0.874 train_loss_sup: 0.378
[GPU0] epochs: [92/100] train_acc: 0.871 train_loss_sup: 0.380
[GPU0] epochs: [93/100] train_acc: 0.874 train_loss_sup: 0.378
[GPU0] epochs: [94/100] train_acc: 0.874 train_loss_sup: 0.375
[GPU0] epochs: [95/100] train_acc: 0.873 train_loss_sup: 0.378
[GPU0] epochs: [96/100] train_acc: 0.873 train_loss_sup: 0.381
[GPU0] epochs: [97/100] train_acc: 0.871 train_loss_sup: 0.383
[GPU0] epochs: [98/100] train_acc: 0.874 train_loss_sup: 0.379
[GPU0] epochs: [99/100] train_acc: 0.872 train_loss_sup: 0.381
[GPU0] epochs: [100/100] train_acc: 0.872 train_loss_sup: 0.381
[GPU0] Final Test Accuracy: 0.899
LR: 0.100 | WD: 0.000100 | test Acc: 0.900%
===> using linear mlp
[GPU0] Test Accuracy at epoch: 0: 0.874
[GPU0] epochs: [1/100] train_acc: 0.829 train_loss_sup: 0.559
[GPU0] epochs: [2/100] train_acc: 0.853 train_loss_sup: 0.448
[GPU0] epochs: [3/100] train_acc: 0.855 train_loss_sup: 0.442
[GPU0] epochs: [4/100] train_acc: 0.859 train_loss_sup: 0.435
[GPU0] epochs: [5/100] train_acc: 0.857 train_loss_sup: 0.438
[GPU0] epochs: [6/100] train_acc: 0.861 train_loss_sup: 0.426
[GPU0] epochs: [7/100] train_acc: 0.860 train_loss_sup: 0.432
[GPU0] epochs: [8/100] train_acc: 0.855 train_loss_sup: 0.444
[GPU0] epochs: [9/100] train_acc: 0.857 train_loss_sup: 0.439
[GPU0] epochs: [10/100] train_acc: 0.858 train_loss_sup: 0.434
[GPU0] Test Accuracy at epoch: 10: 0.892
[GPU0] epochs: [11/100] train_acc: 0.858 train_loss_sup: 0.432
[GPU0] epochs: [12/100] train_acc: 0.858 train_loss_sup: 0.436
[GPU0] epochs: [13/100] train_acc: 0.857 train_loss_sup: 0.440
[GPU0] epochs: [14/100] train_acc: 0.862 train_loss_sup: 0.425
[GPU0] epochs: [15/100] train_acc: 0.855 train_loss_sup: 0.446
[GPU0] epochs: [16/100] train_acc: 0.857 train_loss_sup: 0.437
[GPU0] epochs: [17/100] train_acc: 0.858 train_loss_sup: 0.433
[GPU0] epochs: [18/100] train_acc: 0.861 train_loss_sup: 0.426
[GPU0] epochs: [19/100] train_acc: 0.859 train_loss_sup: 0.424
[GPU0] epochs: [20/100] train_acc: 0.858 train_loss_sup: 0.432
[GPU0] Test Accuracy at epoch: 20: 0.89
[GPU0] epochs: [21/100] train_acc: 0.860 train_loss_sup: 0.427
[GPU0] epochs: [22/100] train_acc: 0.858 train_loss_sup: 0.439
[GPU0] epochs: [23/100] train_acc: 0.861 train_loss_sup: 0.425
[GPU0] epochs: [24/100] train_acc: 0.860 train_loss_sup: 0.424
[GPU0] epochs: [25/100] train_acc: 0.861 train_loss_sup: 0.419
[GPU0] epochs: [26/100] train_acc: 0.862 train_loss_sup: 0.419
[GPU0] epochs: [27/100] train_acc: 0.861 train_loss_sup: 0.425
[GPU0] epochs: [28/100] train_acc: 0.858 train_loss_sup: 0.431
[GPU0] epochs: [29/100] train_acc: 0.860 train_loss_sup: 0.423
[GPU0] epochs: [30/100] train_acc: 0.858 train_loss_sup: 0.438
[GPU0] Test Accuracy at epoch: 30: 0.893
[GPU0] epochs: [31/100] train_acc: 0.860 train_loss_sup: 0.429
[GPU0] epochs: [32/100] train_acc: 0.862 train_loss_sup: 0.422
[GPU0] epochs: [33/100] train_acc: 0.862 train_loss_sup: 0.423
[GPU0] epochs: [34/100] train_acc: 0.862 train_loss_sup: 0.416
[GPU0] epochs: [35/100] train_acc: 0.862 train_loss_sup: 0.419
[GPU0] epochs: [36/100] train_acc: 0.864 train_loss_sup: 0.415
[GPU0] epochs: [37/100] train_acc: 0.862 train_loss_sup: 0.419
[GPU0] epochs: [38/100] train_acc: 0.859 train_loss_sup: 0.431
[GPU0] epochs: [39/100] train_acc: 0.862 train_loss_sup: 0.418
[GPU0] epochs: [40/100] train_acc: 0.863 train_loss_sup: 0.416
[GPU0] Test Accuracy at epoch: 40: 0.895
[GPU0] epochs: [41/100] train_acc: 0.865 train_loss_sup: 0.410
[GPU0] epochs: [42/100] train_acc: 0.861 train_loss_sup: 0.422
[GPU0] epochs: [43/100] train_acc: 0.861 train_loss_sup: 0.420
[GPU0] epochs: [44/100] train_acc: 0.862 train_loss_sup: 0.420
[GPU0] epochs: [45/100] train_acc: 0.863 train_loss_sup: 0.415
[GPU0] epochs: [46/100] train_acc: 0.865 train_loss_sup: 0.406
[GPU0] epochs: [47/100] train_acc: 0.864 train_loss_sup: 0.411
[GPU0] epochs: [48/100] train_acc: 0.867 train_loss_sup: 0.406
[GPU0] epochs: [49/100] train_acc: 0.865 train_loss_sup: 0.407
[GPU0] epochs: [50/100] train_acc: 0.865 train_loss_sup: 0.406
[GPU0] Test Accuracy at epoch: 50: 0.895
[GPU0] epochs: [51/100] train_acc: 0.866 train_loss_sup: 0.407
[GPU0] epochs: [52/100] train_acc: 0.869 train_loss_sup: 0.398
[GPU0] epochs: [53/100] train_acc: 0.867 train_loss_sup: 0.400
[GPU0] epochs: [54/100] train_acc: 0.866 train_loss_sup: 0.402
[GPU0] epochs: [55/100] train_acc: 0.866 train_loss_sup: 0.405
[GPU0] epochs: [56/100] train_acc: 0.868 train_loss_sup: 0.399
[GPU0] epochs: [57/100] train_acc: 0.867 train_loss_sup: 0.402
[GPU0] epochs: [58/100] train_acc: 0.868 train_loss_sup: 0.395
[GPU0] epochs: [59/100] train_acc: 0.869 train_loss_sup: 0.397
[GPU0] epochs: [60/100] train_acc: 0.868 train_loss_sup: 0.399
[GPU0] Test Accuracy at epoch: 60: 0.896
[GPU0] epochs: [61/100] train_acc: 0.868 train_loss_sup: 0.396
[GPU0] epochs: [62/100] train_acc: 0.869 train_loss_sup: 0.393
[GPU0] epochs: [63/100] train_acc: 0.869 train_loss_sup: 0.393
[GPU0] epochs: [64/100] train_acc: 0.869 train_loss_sup: 0.396
[GPU0] epochs: [65/100] train_acc: 0.869 train_loss_sup: 0.393
[GPU0] epochs: [66/100] train_acc: 0.869 train_loss_sup: 0.397
[GPU0] epochs: [67/100] train_acc: 0.868 train_loss_sup: 0.395
[GPU0] epochs: [68/100] train_acc: 0.870 train_loss_sup: 0.389
[GPU0] epochs: [69/100] train_acc: 0.871 train_loss_sup: 0.391
[GPU0] epochs: [70/100] train_acc: 0.870 train_loss_sup: 0.391
[GPU0] Test Accuracy at epoch: 70: 0.898
[GPU0] epochs: [71/100] train_acc: 0.869 train_loss_sup: 0.393
[GPU0] epochs: [72/100] train_acc: 0.870 train_loss_sup: 0.388
[GPU0] epochs: [73/100] train_acc: 0.871 train_loss_sup: 0.385
[GPU0] epochs: [74/100] train_acc: 0.870 train_loss_sup: 0.387
[GPU0] epochs: [75/100] train_acc: 0.871 train_loss_sup: 0.382
[GPU0] epochs: [76/100] train_acc: 0.872 train_loss_sup: 0.384
[GPU0] epochs: [77/100] train_acc: 0.869 train_loss_sup: 0.388
[GPU0] epochs: [78/100] train_acc: 0.872 train_loss_sup: 0.384
[GPU0] epochs: [79/100] train_acc: 0.871 train_loss_sup: 0.386
[GPU0] epochs: [80/100] train_acc: 0.873 train_loss_sup: 0.384
[GPU0] Test Accuracy at epoch: 80: 0.9
[GPU0] epochs: [81/100] train_acc: 0.873 train_loss_sup: 0.382
[GPU0] epochs: [82/100] train_acc: 0.871 train_loss_sup: 0.385
[GPU0] epochs: [83/100] train_acc: 0.872 train_loss_sup: 0.386
[GPU0] epochs: [84/100] train_acc: 0.871 train_loss_sup: 0.389
[GPU0] epochs: [85/100] train_acc: 0.872 train_loss_sup: 0.384
[GPU0] epochs: [86/100] train_acc: 0.872 train_loss_sup: 0.379
[GPU0] epochs: [87/100] train_acc: 0.874 train_loss_sup: 0.375
[GPU0] epochs: [88/100] train_acc: 0.872 train_loss_sup: 0.378
[GPU0] epochs: [89/100] train_acc: 0.872 train_loss_sup: 0.377
[GPU0] epochs: [90/100] train_acc: 0.873 train_loss_sup: 0.376
[GPU0] Test Accuracy at epoch: 90: 0.898
[GPU0] epochs: [91/100] train_acc: 0.873 train_loss_sup: 0.382
[GPU0] epochs: [92/100] train_acc: 0.871 train_loss_sup: 0.381
[GPU0] epochs: [93/100] train_acc: 0.873 train_loss_sup: 0.377
[GPU0] epochs: [94/100] train_acc: 0.874 train_loss_sup: 0.376
[GPU0] epochs: [95/100] train_acc: 0.874 train_loss_sup: 0.378
[GPU0] epochs: [96/100] train_acc: 0.874 train_loss_sup: 0.379
[GPU0] epochs: [97/100] train_acc: 0.874 train_loss_sup: 0.380
[GPU0] epochs: [98/100] train_acc: 0.873 train_loss_sup: 0.379
[GPU0] epochs: [99/100] train_acc: 0.871 train_loss_sup: 0.387
[GPU0] epochs: [100/100] train_acc: 0.873 train_loss_sup: 0.377
[GPU0] Final Test Accuracy: 0.899
LR: 0.100 | WD: 0.000000 | test Acc: 0.900%
===> using linear mlp
[GPU0] Test Accuracy at epoch: 0: 0.877
[GPU0] epochs: [1/100] train_acc: 0.776 train_loss_sup: 10.295
[GPU0] epochs: [2/100] train_acc: 0.838 train_loss_sup: 3.261
[GPU0] epochs: [3/100] train_acc: 0.825 train_loss_sup: 2.769
[GPU0] epochs: [4/100] train_acc: 0.823 train_loss_sup: 2.439
[GPU0] epochs: [5/100] train_acc: 0.820 train_loss_sup: 2.303
[GPU0] epochs: [6/100] train_acc: 0.818 train_loss_sup: 2.231
[GPU0] epochs: [7/100] train_acc: 0.825 train_loss_sup: 2.114
[GPU0] epochs: [8/100] train_acc: 0.814 train_loss_sup: 2.133
[GPU0] epochs: [9/100] train_acc: 0.817 train_loss_sup: 2.141
[GPU0] epochs: [10/100] train_acc: 0.820 train_loss_sup: 2.085
[GPU0] Test Accuracy at epoch: 10: 0.869
[GPU0] epochs: [11/100] train_acc: 0.814 train_loss_sup: 2.460
[GPU0] epochs: [12/100] train_acc: 0.826 train_loss_sup: 2.018
[GPU0] epochs: [13/100] train_acc: 0.815 train_loss_sup: 2.262
[GPU0] epochs: [14/100] train_acc: 0.822 train_loss_sup: 1.738
[GPU0] epochs: [15/100] train_acc: 0.819 train_loss_sup: 1.795
[GPU0] epochs: [16/100] train_acc: 0.818 train_loss_sup: 1.881
[GPU0] epochs: [17/100] train_acc: 0.821 train_loss_sup: 1.959
[GPU0] epochs: [18/100] train_acc: 0.819 train_loss_sup: 1.848
[GPU0] epochs: [19/100] train_acc: 0.819 train_loss_sup: 1.782
[GPU0] epochs: [20/100] train_acc: 0.817 train_loss_sup: 1.890
[GPU0] Test Accuracy at epoch: 20: 0.813
[GPU0] epochs: [21/100] train_acc: 0.822 train_loss_sup: 1.806
[GPU0] epochs: [22/100] train_acc: 0.819 train_loss_sup: 1.877
[GPU0] epochs: [23/100] train_acc: 0.816 train_loss_sup: 1.908
[GPU0] epochs: [24/100] train_acc: 0.816 train_loss_sup: 1.936
[GPU0] epochs: [25/100] train_acc: 0.821 train_loss_sup: 1.828
[GPU0] epochs: [26/100] train_acc: 0.818 train_loss_sup: 1.845
[GPU0] epochs: [27/100] train_acc: 0.820 train_loss_sup: 1.781
[GPU0] epochs: [28/100] train_acc: 0.826 train_loss_sup: 1.429
[GPU0] epochs: [29/100] train_acc: 0.812 train_loss_sup: 1.792
[GPU0] epochs: [30/100] train_acc: 0.818 train_loss_sup: 1.869
[GPU0] Test Accuracy at epoch: 30: 0.861
[GPU0] epochs: [31/100] train_acc: 0.826 train_loss_sup: 1.585
[GPU0] epochs: [32/100] train_acc: 0.821 train_loss_sup: 1.561
[GPU0] epochs: [33/100] train_acc: 0.822 train_loss_sup: 1.444
[GPU0] epochs: [34/100] train_acc: 0.818 train_loss_sup: 1.613
[GPU0] epochs: [35/100] train_acc: 0.822 train_loss_sup: 1.456
[GPU0] epochs: [36/100] train_acc: 0.815 train_loss_sup: 1.539
[GPU0] epochs: [37/100] train_acc: 0.827 train_loss_sup: 1.276
[GPU0] epochs: [38/100] train_acc: 0.820 train_loss_sup: 1.276
[GPU0] epochs: [39/100] train_acc: 0.822 train_loss_sup: 1.363
[GPU0] epochs: [40/100] train_acc: 0.821 train_loss_sup: 1.431
[GPU0] Test Accuracy at epoch: 40: 0.829
[GPU0] epochs: [41/100] train_acc: 0.821 train_loss_sup: 1.482
[GPU0] epochs: [42/100] train_acc: 0.816 train_loss_sup: 1.651
[GPU0] epochs: [43/100] train_acc: 0.826 train_loss_sup: 1.339
[GPU0] epochs: [44/100] train_acc: 0.822 train_loss_sup: 1.277
[GPU0] epochs: [45/100] train_acc: 0.819 train_loss_sup: 1.359
[GPU0] epochs: [46/100] train_acc: 0.821 train_loss_sup: 1.289
[GPU0] epochs: [47/100] train_acc: 0.826 train_loss_sup: 1.089
[GPU0] epochs: [48/100] train_acc: 0.817 train_loss_sup: 1.162
[GPU0] epochs: [49/100] train_acc: 0.823 train_loss_sup: 1.168
[GPU0] epochs: [50/100] train_acc: 0.824 train_loss_sup: 1.106
[GPU0] Test Accuracy at epoch: 50: 0.844
[GPU0] epochs: [51/100] train_acc: 0.824 train_loss_sup: 1.094
[GPU0] epochs: [52/100] train_acc: 0.827 train_loss_sup: 0.955
[GPU0] epochs: [53/100] train_acc: 0.824 train_loss_sup: 0.970
[GPU0] epochs: [54/100] train_acc: 0.829 train_loss_sup: 0.876
[GPU0] epochs: [55/100] train_acc: 0.823 train_loss_sup: 0.909
[GPU0] epochs: [56/100] train_acc: 0.831 train_loss_sup: 0.867
[GPU0] epochs: [57/100] train_acc: 0.827 train_loss_sup: 0.833
[GPU0] epochs: [58/100] train_acc: 0.831 train_loss_sup: 0.807
[GPU0] epochs: [59/100] train_acc: 0.826 train_loss_sup: 0.886
[GPU0] epochs: [60/100] train_acc: 0.831 train_loss_sup: 0.799
[GPU0] Test Accuracy at epoch: 60: 0.879
[GPU0] epochs: [61/100] train_acc: 0.835 train_loss_sup: 0.713
[GPU0] epochs: [62/100] train_acc: 0.834 train_loss_sup: 0.656
[GPU0] epochs: [63/100] train_acc: 0.833 train_loss_sup: 0.662
[GPU0] epochs: [64/100] train_acc: 0.835 train_loss_sup: 0.638
[GPU0] epochs: [65/100] train_acc: 0.838 train_loss_sup: 0.649
[GPU0] epochs: [66/100] train_acc: 0.834 train_loss_sup: 0.617
[GPU0] epochs: [67/100] train_acc: 0.842 train_loss_sup: 0.587
[GPU0] epochs: [68/100] train_acc: 0.836 train_loss_sup: 0.621
[GPU0] epochs: [69/100] train_acc: 0.844 train_loss_sup: 0.572
[GPU0] epochs: [70/100] train_acc: 0.846 train_loss_sup: 0.538
[GPU0] Test Accuracy at epoch: 70: 0.88
[GPU0] epochs: [71/100] train_acc: 0.840 train_loss_sup: 0.562
[GPU0] epochs: [72/100] train_acc: 0.846 train_loss_sup: 0.514
[GPU0] epochs: [73/100] train_acc: 0.847 train_loss_sup: 0.504
[GPU0] epochs: [74/100] train_acc: 0.851 train_loss_sup: 0.495
[GPU0] epochs: [75/100] train_acc: 0.848 train_loss_sup: 0.498
[GPU0] epochs: [76/100] train_acc: 0.856 train_loss_sup: 0.469
[GPU0] epochs: [77/100] train_acc: 0.854 train_loss_sup: 0.464
[GPU0] epochs: [78/100] train_acc: 0.850 train_loss_sup: 0.470
[GPU0] epochs: [79/100] train_acc: 0.856 train_loss_sup: 0.460
[GPU0] epochs: [80/100] train_acc: 0.856 train_loss_sup: 0.456
[GPU0] Test Accuracy at epoch: 80: 0.89
[GPU0] epochs: [81/100] train_acc: 0.859 train_loss_sup: 0.435
[GPU0] epochs: [82/100] train_acc: 0.861 train_loss_sup: 0.423
[GPU0] epochs: [83/100] train_acc: 0.864 train_loss_sup: 0.425
[GPU0] epochs: [84/100] train_acc: 0.864 train_loss_sup: 0.418
[GPU0] epochs: [85/100] train_acc: 0.865 train_loss_sup: 0.411
[GPU0] epochs: [86/100] train_acc: 0.864 train_loss_sup: 0.412
[GPU0] epochs: [87/100] train_acc: 0.867 train_loss_sup: 0.402
[GPU0] epochs: [88/100] train_acc: 0.867 train_loss_sup: 0.399
[GPU0] epochs: [89/100] train_acc: 0.867 train_loss_sup: 0.403
[GPU0] epochs: [90/100] train_acc: 0.868 train_loss_sup: 0.395
[GPU0] Test Accuracy at epoch: 90: 0.894
[GPU0] epochs: [91/100] train_acc: 0.865 train_loss_sup: 0.401
[GPU0] epochs: [92/100] train_acc: 0.869 train_loss_sup: 0.392
[GPU0] epochs: [93/100] train_acc: 0.871 train_loss_sup: 0.386
[GPU0] epochs: [94/100] train_acc: 0.871 train_loss_sup: 0.385
[GPU0] epochs: [95/100] train_acc: 0.871 train_loss_sup: 0.383
[GPU0] epochs: [96/100] train_acc: 0.874 train_loss_sup: 0.380
[GPU0] epochs: [97/100] train_acc: 0.875 train_loss_sup: 0.378
[GPU0] epochs: [98/100] train_acc: 0.873 train_loss_sup: 0.381
[GPU0] epochs: [99/100] train_acc: 0.872 train_loss_sup: 0.383
[GPU0] epochs: [100/100] train_acc: 0.870 train_loss_sup: 0.390
[GPU0] Final Test Accuracy: 0.9
LR: 1.000 | WD: 0.000001 | test Acc: 0.900%
===> using linear mlp
[GPU0] Test Accuracy at epoch: 0: 0.879
[GPU0] epochs: [1/100] train_acc: 0.773 train_loss_sup: 10.344
[GPU0] epochs: [2/100] train_acc: 0.840 train_loss_sup: 3.298
[GPU0] epochs: [3/100] train_acc: 0.822 train_loss_sup: 2.474
[GPU0] epochs: [4/100] train_acc: 0.822 train_loss_sup: 1.942
[GPU0] epochs: [5/100] train_acc: 0.816 train_loss_sup: 2.046
[GPU0] epochs: [6/100] train_acc: 0.814 train_loss_sup: 1.977
[GPU0] epochs: [7/100] train_acc: 0.813 train_loss_sup: 2.255
[GPU0] epochs: [8/100] train_acc: 0.818 train_loss_sup: 2.214
[GPU0] epochs: [9/100] train_acc: 0.818 train_loss_sup: 1.840
[GPU0] epochs: [10/100] train_acc: 0.816 train_loss_sup: 1.927
[GPU0] Test Accuracy at epoch: 10: 0.854
[GPU0] epochs: [11/100] train_acc: 0.811 train_loss_sup: 2.189
[GPU0] epochs: [12/100] train_acc: 0.817 train_loss_sup: 1.948
[GPU0] epochs: [13/100] train_acc: 0.814 train_loss_sup: 2.126
[GPU0] epochs: [14/100] train_acc: 0.818 train_loss_sup: 1.984
[GPU0] epochs: [15/100] train_acc: 0.815 train_loss_sup: 1.995
[GPU0] epochs: [16/100] train_acc: 0.819 train_loss_sup: 1.641
[GPU0] epochs: [17/100] train_acc: 0.817 train_loss_sup: 1.901
[GPU0] epochs: [18/100] train_acc: 0.815 train_loss_sup: 1.994
[GPU0] epochs: [19/100] train_acc: 0.813 train_loss_sup: 2.058
[GPU0] epochs: [20/100] train_acc: 0.817 train_loss_sup: 2.049
[GPU0] Test Accuracy at epoch: 20: 0.855
[GPU0] epochs: [21/100] train_acc: 0.817 train_loss_sup: 1.967
[GPU0] epochs: [22/100] train_acc: 0.817 train_loss_sup: 1.799
[GPU0] epochs: [23/100] train_acc: 0.816 train_loss_sup: 1.769
[GPU0] epochs: [24/100] train_acc: 0.814 train_loss_sup: 2.101
[GPU0] epochs: [25/100] train_acc: 0.815 train_loss_sup: 1.754
[GPU0] epochs: [26/100] train_acc: 0.818 train_loss_sup: 1.782
[GPU0] epochs: [27/100] train_acc: 0.815 train_loss_sup: 1.702
[GPU0] epochs: [28/100] train_acc: 0.820 train_loss_sup: 1.611
[GPU0] epochs: [29/100] train_acc: 0.822 train_loss_sup: 1.542
[GPU0] epochs: [30/100] train_acc: 0.812 train_loss_sup: 1.731
[GPU0] Test Accuracy at epoch: 30: 0.848
[GPU0] epochs: [31/100] train_acc: 0.818 train_loss_sup: 1.635
[GPU0] epochs: [32/100] train_acc: 0.820 train_loss_sup: 1.481
[GPU0] epochs: [33/100] train_acc: 0.816 train_loss_sup: 1.526
[GPU0] epochs: [34/100] train_acc: 0.816 train_loss_sup: 1.644
[GPU0] epochs: [35/100] train_acc: 0.822 train_loss_sup: 1.438
[GPU0] epochs: [36/100] train_acc: 0.816 train_loss_sup: 1.496
[GPU0] epochs: [37/100] train_acc: 0.814 train_loss_sup: 1.659
[GPU0] epochs: [38/100] train_acc: 0.814 train_loss_sup: 1.494
[GPU0] epochs: [39/100] train_acc: 0.824 train_loss_sup: 1.349
[GPU0] epochs: [40/100] train_acc: 0.812 train_loss_sup: 1.687
[GPU0] Test Accuracy at epoch: 40: 0.85
[GPU0] epochs: [41/100] train_acc: 0.823 train_loss_sup: 1.370
[GPU0] epochs: [42/100] train_acc: 0.817 train_loss_sup: 1.390
[GPU0] epochs: [43/100] train_acc: 0.827 train_loss_sup: 1.188
[GPU0] epochs: [44/100] train_acc: 0.817 train_loss_sup: 1.297
[GPU0] epochs: [45/100] train_acc: 0.825 train_loss_sup: 1.340
[GPU0] epochs: [46/100] train_acc: 0.824 train_loss_sup: 1.079
[GPU0] epochs: [47/100] train_acc: 0.820 train_loss_sup: 1.232
[GPU0] epochs: [48/100] train_acc: 0.821 train_loss_sup: 1.079
[GPU0] epochs: [49/100] train_acc: 0.822 train_loss_sup: 1.064
[GPU0] epochs: [50/100] train_acc: 0.823 train_loss_sup: 0.972
[GPU0] Test Accuracy at epoch: 50: 0.859
[GPU0] epochs: [51/100] train_acc: 0.819 train_loss_sup: 1.156
[GPU0] epochs: [52/100] train_acc: 0.825 train_loss_sup: 0.962
[GPU0] epochs: [53/100] train_acc: 0.823 train_loss_sup: 1.038
[GPU0] epochs: [54/100] train_acc: 0.830 train_loss_sup: 0.871
[GPU0] epochs: [55/100] train_acc: 0.823 train_loss_sup: 1.003
[GPU0] epochs: [56/100] train_acc: 0.827 train_loss_sup: 0.863
[GPU0] epochs: [57/100] train_acc: 0.824 train_loss_sup: 0.871
[GPU0] epochs: [58/100] train_acc: 0.833 train_loss_sup: 0.757
[GPU0] epochs: [59/100] train_acc: 0.824 train_loss_sup: 0.821
[GPU0] epochs: [60/100] train_acc: 0.834 train_loss_sup: 0.739
[GPU0] Test Accuracy at epoch: 60: 0.853
[GPU0] epochs: [61/100] train_acc: 0.829 train_loss_sup: 0.712
[GPU0] epochs: [62/100] train_acc: 0.837 train_loss_sup: 0.683
[GPU0] epochs: [63/100] train_acc: 0.834 train_loss_sup: 0.644
[GPU0] epochs: [64/100] train_acc: 0.835 train_loss_sup: 0.671
[GPU0] epochs: [65/100] train_acc: 0.839 train_loss_sup: 0.615
[GPU0] epochs: [66/100] train_acc: 0.835 train_loss_sup: 0.622
[GPU0] epochs: [67/100] train_acc: 0.838 train_loss_sup: 0.577
[GPU0] epochs: [68/100] train_acc: 0.837 train_loss_sup: 0.641
[GPU0] epochs: [69/100] train_acc: 0.845 train_loss_sup: 0.553
[GPU0] epochs: [70/100] train_acc: 0.848 train_loss_sup: 0.518
[GPU0] Test Accuracy at epoch: 70: 0.871
[GPU0] epochs: [71/100] train_acc: 0.842 train_loss_sup: 0.537
[GPU0] epochs: [72/100] train_acc: 0.847 train_loss_sup: 0.516
[GPU0] epochs: [73/100] train_acc: 0.846 train_loss_sup: 0.524
[GPU0] epochs: [74/100] train_acc: 0.851 train_loss_sup: 0.498
[GPU0] epochs: [75/100] train_acc: 0.851 train_loss_sup: 0.490
[GPU0] epochs: [76/100] train_acc: 0.852 train_loss_sup: 0.467
[GPU0] epochs: [77/100] train_acc: 0.853 train_loss_sup: 0.463
[GPU0] epochs: [78/100] train_acc: 0.854 train_loss_sup: 0.463
[GPU0] epochs: [79/100] train_acc: 0.855 train_loss_sup: 0.455
[GPU0] epochs: [80/100] train_acc: 0.857 train_loss_sup: 0.444
[GPU0] Test Accuracy at epoch: 80: 0.891
[GPU0] epochs: [81/100] train_acc: 0.857 train_loss_sup: 0.440
[GPU0] epochs: [82/100] train_acc: 0.859 train_loss_sup: 0.436
[GPU0] epochs: [83/100] train_acc: 0.861 train_loss_sup: 0.422
[GPU0] epochs: [84/100] train_acc: 0.864 train_loss_sup: 0.411
[GPU0] epochs: [85/100] train_acc: 0.865 train_loss_sup: 0.408
[GPU0] epochs: [86/100] train_acc: 0.864 train_loss_sup: 0.409
[GPU0] epochs: [87/100] train_acc: 0.866 train_loss_sup: 0.405
[GPU0] epochs: [88/100] train_acc: 0.869 train_loss_sup: 0.397
[GPU0] epochs: [89/100] train_acc: 0.869 train_loss_sup: 0.399
[GPU0] epochs: [90/100] train_acc: 0.866 train_loss_sup: 0.403
[GPU0] Test Accuracy at epoch: 90: 0.899
[GPU0] epochs: [91/100] train_acc: 0.871 train_loss_sup: 0.388
[GPU0] epochs: [92/100] train_acc: 0.870 train_loss_sup: 0.390
[GPU0] epochs: [93/100] train_acc: 0.871 train_loss_sup: 0.385
[GPU0] epochs: [94/100] train_acc: 0.873 train_loss_sup: 0.383
[GPU0] epochs: [95/100] train_acc: 0.871 train_loss_sup: 0.387
[GPU0] epochs: [96/100] train_acc: 0.872 train_loss_sup: 0.386
[GPU0] epochs: [97/100] train_acc: 0.872 train_loss_sup: 0.383
[GPU0] epochs: [98/100] train_acc: 0.875 train_loss_sup: 0.378
[GPU0] epochs: [99/100] train_acc: 0.873 train_loss_sup: 0.382
[GPU0] epochs: [100/100] train_acc: 0.874 train_loss_sup: 0.383
[GPU0] Final Test Accuracy: 0.899
LR: 1.000 | WD: 0.000100 | test Acc: 0.899%
===> using linear mlp
[GPU0] Test Accuracy at epoch: 0: 0.863
[GPU0] epochs: [1/100] train_acc: 0.780 train_loss_sup: 12.768
[GPU0] epochs: [2/100] train_acc: 0.834 train_loss_sup: 3.611
[GPU0] epochs: [3/100] train_acc: 0.828 train_loss_sup: 2.732
[GPU0] epochs: [4/100] train_acc: 0.822 train_loss_sup: 2.480
[GPU0] epochs: [5/100] train_acc: 0.820 train_loss_sup: 2.566
[GPU0] epochs: [6/100] train_acc: 0.822 train_loss_sup: 2.126
[GPU0] epochs: [7/100] train_acc: 0.816 train_loss_sup: 2.051
[GPU0] epochs: [8/100] train_acc: 0.819 train_loss_sup: 2.030
[GPU0] epochs: [9/100] train_acc: 0.815 train_loss_sup: 2.157
[GPU0] epochs: [10/100] train_acc: 0.819 train_loss_sup: 2.008
[GPU0] Test Accuracy at epoch: 10: 0.843
[GPU0] epochs: [11/100] train_acc: 0.821 train_loss_sup: 1.916
[GPU0] epochs: [12/100] train_acc: 0.817 train_loss_sup: 2.163
[GPU0] epochs: [13/100] train_acc: 0.819 train_loss_sup: 1.743
[GPU0] epochs: [14/100] train_acc: 0.817 train_loss_sup: 1.840
[GPU0] epochs: [15/100] train_acc: 0.819 train_loss_sup: 1.766
[GPU0] epochs: [16/100] train_acc: 0.817 train_loss_sup: 1.928
[GPU0] epochs: [17/100] train_acc: 0.816 train_loss_sup: 1.985
[GPU0] epochs: [18/100] train_acc: 0.820 train_loss_sup: 2.031
[GPU0] epochs: [19/100] train_acc: 0.820 train_loss_sup: 1.763
[GPU0] epochs: [20/100] train_acc: 0.816 train_loss_sup: 1.762
[GPU0] Test Accuracy at epoch: 20: 0.845
[GPU0] epochs: [21/100] train_acc: 0.815 train_loss_sup: 1.939
[GPU0] epochs: [22/100] train_acc: 0.823 train_loss_sup: 1.796
[GPU0] epochs: [23/100] train_acc: 0.816 train_loss_sup: 1.756
[GPU0] epochs: [24/100] train_acc: 0.820 train_loss_sup: 1.786
[GPU0] epochs: [25/100] train_acc: 0.823 train_loss_sup: 1.745
[GPU0] epochs: [26/100] train_acc: 0.820 train_loss_sup: 1.714
[GPU0] epochs: [27/100] train_acc: 0.821 train_loss_sup: 1.697
[GPU0] epochs: [28/100] train_acc: 0.820 train_loss_sup: 1.638
[GPU0] epochs: [29/100] train_acc: 0.819 train_loss_sup: 1.728
[GPU0] epochs: [30/100] train_acc: 0.818 train_loss_sup: 1.794
[GPU0] Test Accuracy at epoch: 30: 0.847
[GPU0] epochs: [31/100] train_acc: 0.821 train_loss_sup: 1.615
[GPU0] epochs: [32/100] train_acc: 0.818 train_loss_sup: 1.686
[GPU0] epochs: [33/100] train_acc: 0.824 train_loss_sup: 1.575
[GPU0] epochs: [34/100] train_acc: 0.814 train_loss_sup: 1.639
[GPU0] epochs: [35/100] train_acc: 0.822 train_loss_sup: 1.434
[GPU0] epochs: [36/100] train_acc: 0.813 train_loss_sup: 1.868
[GPU0] epochs: [37/100] train_acc: 0.822 train_loss_sup: 1.587
[GPU0] epochs: [38/100] train_acc: 0.819 train_loss_sup: 1.588
[GPU0] epochs: [39/100] train_acc: 0.823 train_loss_sup: 1.498
[GPU0] epochs: [40/100] train_acc: 0.821 train_loss_sup: 1.359
[GPU0] Test Accuracy at epoch: 40: 0.87
[GPU0] epochs: [41/100] train_acc: 0.817 train_loss_sup: 1.365
[GPU0] epochs: [42/100] train_acc: 0.824 train_loss_sup: 1.316
[GPU0] epochs: [43/100] train_acc: 0.822 train_loss_sup: 1.281
[GPU0] epochs: [44/100] train_acc: 0.819 train_loss_sup: 1.375
[GPU0] epochs: [45/100] train_acc: 0.823 train_loss_sup: 1.215
[GPU0] epochs: [46/100] train_acc: 0.818 train_loss_sup: 1.280
[GPU0] epochs: [47/100] train_acc: 0.825 train_loss_sup: 1.223
[GPU0] epochs: [48/100] train_acc: 0.825 train_loss_sup: 1.153
[GPU0] epochs: [49/100] train_acc: 0.822 train_loss_sup: 1.155
[GPU0] epochs: [50/100] train_acc: 0.826 train_loss_sup: 1.076
[GPU0] Test Accuracy at epoch: 50: 0.853
[GPU0] epochs: [51/100] train_acc: 0.828 train_loss_sup: 0.967
[GPU0] epochs: [52/100] train_acc: 0.824 train_loss_sup: 0.972
[GPU0] epochs: [53/100] train_acc: 0.826 train_loss_sup: 0.929
[GPU0] epochs: [54/100] train_acc: 0.825 train_loss_sup: 0.938
[GPU0] epochs: [55/100] train_acc: 0.827 train_loss_sup: 0.905
[GPU0] epochs: [56/100] train_acc: 0.826 train_loss_sup: 0.895
[GPU0] epochs: [57/100] train_acc: 0.827 train_loss_sup: 0.873
[GPU0] epochs: [58/100] train_acc: 0.825 train_loss_sup: 0.901
[GPU0] epochs: [59/100] train_acc: 0.827 train_loss_sup: 0.890
[GPU0] epochs: [60/100] train_acc: 0.832 train_loss_sup: 0.759
[GPU0] Test Accuracy at epoch: 60: 0.827
[GPU0] epochs: [61/100] train_acc: 0.832 train_loss_sup: 0.768
[GPU0] epochs: [62/100] train_acc: 0.834 train_loss_sup: 0.729
[GPU0] epochs: [63/100] train_acc: 0.833 train_loss_sup: 0.690
[GPU0] epochs: [64/100] train_acc: 0.839 train_loss_sup: 0.660
[GPU0] epochs: [65/100] train_acc: 0.836 train_loss_sup: 0.637
[GPU0] epochs: [66/100] train_acc: 0.840 train_loss_sup: 0.603
[GPU0] epochs: [67/100] train_acc: 0.837 train_loss_sup: 0.611
[GPU0] epochs: [68/100] train_acc: 0.839 train_loss_sup: 0.595
[GPU0] epochs: [69/100] train_acc: 0.842 train_loss_sup: 0.571
[GPU0] epochs: [70/100] train_acc: 0.844 train_loss_sup: 0.539
[GPU0] Test Accuracy at epoch: 70: 0.871
[GPU0] epochs: [71/100] train_acc: 0.843 train_loss_sup: 0.545
[GPU0] epochs: [72/100] train_acc: 0.848 train_loss_sup: 0.503
[GPU0] epochs: [73/100] train_acc: 0.847 train_loss_sup: 0.522
[GPU0] epochs: [74/100] train_acc: 0.850 train_loss_sup: 0.493
[GPU0] epochs: [75/100] train_acc: 0.846 train_loss_sup: 0.514
[GPU0] epochs: [76/100] train_acc: 0.853 train_loss_sup: 0.477
[GPU0] epochs: [77/100] train_acc: 0.854 train_loss_sup: 0.468
[GPU0] epochs: [78/100] train_acc: 0.858 train_loss_sup: 0.450
[GPU0] epochs: [79/100] train_acc: 0.857 train_loss_sup: 0.440
[GPU0] epochs: [80/100] train_acc: 0.857 train_loss_sup: 0.444
[GPU0] Test Accuracy at epoch: 80: 0.893
[GPU0] epochs: [81/100] train_acc: 0.859 train_loss_sup: 0.435
[GPU0] epochs: [82/100] train_acc: 0.858 train_loss_sup: 0.435
[GPU0] epochs: [83/100] train_acc: 0.863 train_loss_sup: 0.416
[GPU0] epochs: [84/100] train_acc: 0.864 train_loss_sup: 0.417
[GPU0] epochs: [85/100] train_acc: 0.865 train_loss_sup: 0.415
[GPU0] epochs: [86/100] train_acc: 0.865 train_loss_sup: 0.411
[GPU0] epochs: [87/100] train_acc: 0.863 train_loss_sup: 0.413
[GPU0] epochs: [88/100] train_acc: 0.868 train_loss_sup: 0.399
[GPU0] epochs: [89/100] train_acc: 0.867 train_loss_sup: 0.397
[GPU0] epochs: [90/100] train_acc: 0.868 train_loss_sup: 0.401
[GPU0] Test Accuracy at epoch: 90: 0.896
[GPU0] epochs: [91/100] train_acc: 0.868 train_loss_sup: 0.398
[GPU0] epochs: [92/100] train_acc: 0.869 train_loss_sup: 0.393
[GPU0] epochs: [93/100] train_acc: 0.872 train_loss_sup: 0.388
[GPU0] epochs: [94/100] train_acc: 0.871 train_loss_sup: 0.387
[GPU0] epochs: [95/100] train_acc: 0.873 train_loss_sup: 0.386
[GPU0] epochs: [96/100] train_acc: 0.873 train_loss_sup: 0.382
[GPU0] epochs: [97/100] train_acc: 0.872 train_loss_sup: 0.385
[GPU0] epochs: [98/100] train_acc: 0.871 train_loss_sup: 0.387
[GPU0] epochs: [99/100] train_acc: 0.873 train_loss_sup: 0.380
[GPU0] epochs: [100/100] train_acc: 0.874 train_loss_sup: 0.380
[GPU0] Final Test Accuracy: 0.899
LR: 1.000 | WD: 0.000000 | test Acc: 0.899%
------------------------------
Best Test Accuracy: 0.901%
Optimal Hyperparameters: LR=0.1, WD=1e-06
knn evalution
logistic regression evalution
knn_acc: 0.872, log_reg_acc: 0.894
