environment: 
YAML: configs/bt.sc.c100.yaml
==> SEED: 42
==> num_classes: 100
==> data_name: cifar100
==> data_params: {'algo': 'bt-sc', 'data_dir': 'datasets/cifar100', 'batch_size': 512, 'num_workers': 3, 'image_size': 32}
==> return_logs: False
==> eval_every: 10
==> n_epochs: 800
==> n_epochs_mlp: 100
==> gpu_id: 4
==> opt: SGD
==> opt_params: {'lr': 0.4, 'momentum': 0.9, 'weight_decay': 0.0001}
==> schedular_params: {'T_max': 800, 'eta_min': 0.001}
==> mlp_opt: SGD
==> mlp_opt_params: {'lr': 0.1, 'momentum': 0.9}
==> model_params: {'model_name': 'resnet50', 'pretrained': False, 'proj_dim': 4096, 'barlow_hidden': 4096}
==> mlp_type: linear
==> loss: bt-sc
==> loss_params: {'lambd': 0.005}
==> distributed: False
==> train_algo: bt-sc
==> model_save_path: saved_models/bt.sc.c100.r50.e800.pth
==> energy_model_params: {'eta': 0.01, 'steps': 5, 'sigma': 0.2, 'delta': 0.1, 'net_type': 'score'}
==> energy_opt: AdamW
==> energy_model_opt_params: {'lr': 0.001}
==> warmup_epochs: 0
==> config: configs/bt.sc.c100.yaml
--------------------------------------------------
===> using linear mlp
using optimizer: SGD
using optimizer: SGD
loss function: bt-sc
Files already downloaded and verified
Files already downloaded and verified
Files already downloaded and verified
# of Training Images: 50000
# of Testing Images: 10000
using optimizer: AdamW
### Barlow Twins with SC-net Training begins
[GPU4] epochs: [1/800] train_loss_con: 12197.845 energy_loss: 1024.543
[GPU4] epochs: [2/800] train_loss_con: 10008.508 energy_loss: 1024.275
[GPU4] epochs: [3/800] train_loss_con: 9395.194 energy_loss: 1024.114
[GPU4] epochs: [4/800] train_loss_con: 5790.752 energy_loss: 1024.027
[GPU4] epochs: [5/800] train_loss_con: 4980.273 energy_loss: 1023.863
[GPU4] epochs: [6/800] train_loss_con: 5415.718 energy_loss: 1023.979
[GPU4] epochs: [7/800] train_loss_con: 5528.593 energy_loss: 1023.998
[GPU4] epochs: [8/800] train_loss_con: 4429.585 energy_loss: 1024.068
[GPU4] epochs: [9/800] train_loss_con: 4203.676 energy_loss: 1023.996
[GPU4] epochs: [10/800] train_loss_con: 4156.852 energy_loss: 1023.988
[GPU4] epochs: [11/800] train_loss_con: 4135.332 energy_loss: 1024.046
[GPU4] epochs: [12/800] train_loss_con: 4063.202 energy_loss: 1024.116
[GPU4] epochs: [13/800] train_loss_con: 4119.039 energy_loss: 1023.926
[GPU4] epochs: [14/800] train_loss_con: 4118.040 energy_loss: 1023.956
[GPU4] epochs: [15/800] train_loss_con: 4178.175 energy_loss: 1023.852
[GPU4] epochs: [16/800] train_loss_con: 4185.957 energy_loss: 1023.996
[GPU4] epochs: [17/800] train_loss_con: 4077.410 energy_loss: 1023.998
[GPU4] epochs: [18/800] train_loss_con: 4102.994 energy_loss: 1023.937
[GPU4] epochs: [19/800] train_loss_con: 4119.492 energy_loss: 1024.148
[GPU4] epochs: [20/800] train_loss_con: 4061.121 energy_loss: 1024.003
[GPU4] epochs: [21/800] train_loss_con: 3987.488 energy_loss: 1023.875
[GPU4] epochs: [22/800] train_loss_con: 3978.162 energy_loss: 1024.018
[GPU4] epochs: [23/800] train_loss_con: 3994.827 energy_loss: 1024.191
[GPU4] epochs: [24/800] train_loss_con: 3994.769 energy_loss: 1023.897
[GPU4] epochs: [25/800] train_loss_con: 3966.817 energy_loss: 1024.094
[GPU4] epochs: [26/800] train_loss_con: 3942.394 energy_loss: 1024.032
[GPU4] epochs: [27/800] train_loss_con: 3970.333 energy_loss: 1024.045
[GPU4] epochs: [28/800] train_loss_con: 3966.566 energy_loss: 1024.032
[GPU4] epochs: [29/800] train_loss_con: 3928.164 energy_loss: 1024.180
[GPU4] epochs: [30/800] train_loss_con: 3940.851 energy_loss: 1024.010
[GPU4] epochs: [31/800] train_loss_con: 4030.987 energy_loss: 1023.973
[GPU4] epochs: [32/800] train_loss_con: 3966.221 energy_loss: 1024.166
[GPU4] epochs: [33/800] train_loss_con: 3921.895 energy_loss: 1024.097
[GPU4] epochs: [34/800] train_loss_con: 3871.764 energy_loss: 1024.068
[GPU4] epochs: [35/800] train_loss_con: 3892.730 energy_loss: 1023.891
[GPU4] epochs: [36/800] train_loss_con: 3861.928 energy_loss: 1023.981
[GPU4] epochs: [37/800] train_loss_con: 3861.382 energy_loss: 1024.080
[GPU4] epochs: [38/800] train_loss_con: 3882.109 energy_loss: 1024.056
[GPU4] epochs: [39/800] train_loss_con: 3858.998 energy_loss: 1024.025
[GPU4] epochs: [40/800] train_loss_con: 3829.699 energy_loss: 1023.891
[GPU4] epochs: [41/800] train_loss_con: 3803.821 energy_loss: 1024.069
[GPU4] epochs: [42/800] train_loss_con: 3745.376 energy_loss: 1024.134
[GPU4] epochs: [43/800] train_loss_con: 3710.336 energy_loss: 1023.813
[GPU4] epochs: [44/800] train_loss_con: 3675.444 energy_loss: 1023.963
[GPU4] epochs: [45/800] train_loss_con: 3704.148 energy_loss: 1023.914
[GPU4] epochs: [46/800] train_loss_con: 3651.024 energy_loss: 1023.962
[GPU4] epochs: [47/800] train_loss_con: 3653.617 energy_loss: 1024.037
[GPU4] epochs: [48/800] train_loss_con: 3708.244 energy_loss: 1024.009
[GPU4] epochs: [49/800] train_loss_con: 3663.182 energy_loss: 1024.044
[GPU4] epochs: [50/800] train_loss_con: 3669.776 energy_loss: 1024.080
[GPU4] epochs: [51/800] train_loss_con: 3631.200 energy_loss: 1023.927
[GPU4] epochs: [52/800] train_loss_con: 3729.408 energy_loss: 1023.820
[GPU4] epochs: [53/800] train_loss_con: 3715.319 energy_loss: 1023.837
[GPU4] epochs: [54/800] train_loss_con: 3674.902 energy_loss: 1023.892
[GPU4] epochs: [55/800] train_loss_con: 3665.253 energy_loss: 1024.079
[GPU4] epochs: [56/800] train_loss_con: 3643.532 energy_loss: 1023.978
[GPU4] epochs: [57/800] train_loss_con: 3658.199 energy_loss: 1024.057
[GPU4] epochs: [58/800] train_loss_con: 3649.295 energy_loss: 1024.051
[GPU4] epochs: [59/800] train_loss_con: 3703.308 energy_loss: 1023.916
[GPU4] epochs: [60/800] train_loss_con: 3702.774 energy_loss: 1023.929
[GPU4] epochs: [61/800] train_loss_con: 3653.040 energy_loss: 1023.971
[GPU4] epochs: [62/800] train_loss_con: 3651.984 energy_loss: 1024.162
[GPU4] epochs: [63/800] train_loss_con: 3653.607 energy_loss: 1024.024
[GPU4] epochs: [64/800] train_loss_con: 3635.455 energy_loss: 1023.977
[GPU4] epochs: [65/800] train_loss_con: 3668.316 energy_loss: 1024.182
[GPU4] epochs: [66/800] train_loss_con: 3619.899 energy_loss: 1024.024
[GPU4] epochs: [67/800] train_loss_con: 3627.226 energy_loss: 1023.963
[GPU4] epochs: [68/800] train_loss_con: 3621.703 energy_loss: 1023.978
[GPU4] epochs: [69/800] train_loss_con: 3639.655 energy_loss: 1023.907
[GPU4] epochs: [70/800] train_loss_con: 3641.746 energy_loss: 1024.018
[GPU4] epochs: [71/800] train_loss_con: 3823.088 energy_loss: 1024.061
[GPU4] epochs: [72/800] train_loss_con: 3689.570 energy_loss: 1024.018
[GPU4] epochs: [73/800] train_loss_con: 3684.333 energy_loss: 1023.827
[GPU4] epochs: [74/800] train_loss_con: 3650.632 energy_loss: 1023.833
[GPU4] epochs: [75/800] train_loss_con: 3629.930 energy_loss: 1023.909
[GPU4] epochs: [76/800] train_loss_con: 3643.424 energy_loss: 1024.153
[GPU4] epochs: [77/800] train_loss_con: 3632.522 energy_loss: 1023.785
[GPU4] epochs: [78/800] train_loss_con: 3677.682 energy_loss: 1023.986
[GPU4] epochs: [79/800] train_loss_con: 3664.123 energy_loss: 1024.096
[GPU4] epochs: [80/800] train_loss_con: 3721.061 energy_loss: 1024.069
[GPU4] epochs: [81/800] train_loss_con: 3725.530 energy_loss: 1024.037
[GPU4] epochs: [82/800] train_loss_con: 3670.175 energy_loss: 1024.070
[GPU4] epochs: [83/800] train_loss_con: 3641.091 energy_loss: 1023.992
[GPU4] epochs: [84/800] train_loss_con: 3602.705 energy_loss: 1024.095
[GPU4] epochs: [85/800] train_loss_con: 3611.971 energy_loss: 1023.985
[GPU4] epochs: [86/800] train_loss_con: 3630.622 energy_loss: 1023.892
[GPU4] epochs: [87/800] train_loss_con: 3615.152 energy_loss: 1023.987
[GPU4] epochs: [88/800] train_loss_con: 3596.787 energy_loss: 1023.972
[GPU4] epochs: [89/800] train_loss_con: 3527.607 energy_loss: 1023.906
[GPU4] epochs: [90/800] train_loss_con: 3480.845 energy_loss: 1023.881
[GPU4] epochs: [91/800] train_loss_con: 3491.253 energy_loss: 1024.053
[GPU4] epochs: [92/800] train_loss_con: 3530.580 energy_loss: 1024.155
[GPU4] epochs: [93/800] train_loss_con: 3470.571 energy_loss: 1024.043
[GPU4] epochs: [94/800] train_loss_con: 3424.768 energy_loss: 1024.019
[GPU4] epochs: [95/800] train_loss_con: 3389.444 energy_loss: 1023.912
[GPU4] epochs: [96/800] train_loss_con: 3359.136 energy_loss: 1023.890
[GPU4] epochs: [97/800] train_loss_con: 3350.952 energy_loss: 1023.890
[GPU4] epochs: [98/800] train_loss_con: 3345.509 energy_loss: 1023.539
[GPU4] epochs: [99/800] train_loss_con: 3286.852 energy_loss: 1023.581
[GPU4] epochs: [100/800] train_loss_con: 3258.035 energy_loss: 1023.557
[GPU4] epochs: [101/800] train_loss_con: 3243.266 energy_loss: 1023.436
[GPU4] epochs: [102/800] train_loss_con: 3235.275 energy_loss: 1023.140
[GPU4] epochs: [103/800] train_loss_con: 3181.942 energy_loss: 1022.535
[GPU4] epochs: [104/800] train_loss_con: 3140.260 energy_loss: 1021.870
[GPU4] epochs: [105/800] train_loss_con: 3149.867 energy_loss: 1020.171
[GPU4] epochs: [106/800] train_loss_con: 3133.793 energy_loss: 1017.710
[GPU4] epochs: [107/800] train_loss_con: 3119.122 energy_loss: 1014.028
[GPU4] epochs: [108/800] train_loss_con: 3038.669 energy_loss: 1008.685
[GPU4] epochs: [109/800] train_loss_con: 2963.545 energy_loss: 1003.298
[GPU4] epochs: [110/800] train_loss_con: 2882.991 energy_loss: 997.030
[GPU4] epochs: [111/800] train_loss_con: 2814.718 energy_loss: 991.034
[GPU4] epochs: [112/800] train_loss_con: 2737.265 energy_loss: 983.806
[GPU4] epochs: [113/800] train_loss_con: 2723.104 energy_loss: 976.300
[GPU4] epochs: [114/800] train_loss_con: 2664.666 energy_loss: 968.621
[GPU4] epochs: [115/800] train_loss_con: 2626.176 energy_loss: 960.816
[GPU4] epochs: [116/800] train_loss_con: 2555.421 energy_loss: 952.767
[GPU4] epochs: [117/800] train_loss_con: 2492.796 energy_loss: 943.944
[GPU4] epochs: [118/800] train_loss_con: 2412.799 energy_loss: 935.630
[GPU4] epochs: [119/800] train_loss_con: 2361.978 energy_loss: 927.340
[GPU4] epochs: [120/800] train_loss_con: 2315.551 energy_loss: 919.719
[GPU4] epochs: [121/800] train_loss_con: 2250.707 energy_loss: 912.518
[GPU4] epochs: [122/800] train_loss_con: 2217.251 energy_loss: 906.115
[GPU4] epochs: [123/800] train_loss_con: 2192.104 energy_loss: 900.667
[GPU4] epochs: [124/800] train_loss_con: 2131.355 energy_loss: 896.673
[GPU4] epochs: [125/800] train_loss_con: 2083.177 energy_loss: 893.518
[GPU4] epochs: [126/800] train_loss_con: 2038.195 energy_loss: 891.592
[GPU4] epochs: [127/800] train_loss_con: 1981.692 energy_loss: 889.867
[GPU4] epochs: [128/800] train_loss_con: 1927.027 energy_loss: 888.431
[GPU4] epochs: [129/800] train_loss_con: 1871.586 energy_loss: 886.679
[GPU4] epochs: [130/800] train_loss_con: 1813.646 energy_loss: 884.984
[GPU4] epochs: [131/800] train_loss_con: 1753.943 energy_loss: 883.465
[GPU4] epochs: [132/800] train_loss_con: 1706.951 energy_loss: 881.666
[GPU4] epochs: [133/800] train_loss_con: 1652.825 energy_loss: 879.548
[GPU4] epochs: [134/800] train_loss_con: 1610.375 energy_loss: 877.781
[GPU4] epochs: [135/800] train_loss_con: 1565.185 energy_loss: 875.242
[GPU4] epochs: [136/800] train_loss_con: 1518.639 energy_loss: 872.942
[GPU4] epochs: [137/800] train_loss_con: 1463.790 energy_loss: 870.196
[GPU4] epochs: [138/800] train_loss_con: 1409.555 energy_loss: 867.014
[GPU4] epochs: [139/800] train_loss_con: 1371.684 energy_loss: 863.623
[GPU4] epochs: [140/800] train_loss_con: 1333.138 energy_loss: 860.052
[GPU4] epochs: [141/800] train_loss_con: 1295.268 energy_loss: 856.323
[GPU4] epochs: [142/800] train_loss_con: 1259.911 energy_loss: 852.144
[GPU4] epochs: [143/800] train_loss_con: 1236.724 energy_loss: 847.758
[GPU4] epochs: [144/800] train_loss_con: 1208.561 energy_loss: 842.728
[GPU4] epochs: [145/800] train_loss_con: 1182.059 energy_loss: 837.985
[GPU4] epochs: [146/800] train_loss_con: 1163.714 energy_loss: 832.633
[GPU4] epochs: [147/800] train_loss_con: 1135.241 energy_loss: 827.130
[GPU4] epochs: [148/800] train_loss_con: 1121.026 energy_loss: 821.875
[GPU4] epochs: [149/800] train_loss_con: 1096.002 energy_loss: 816.314
[GPU4] epochs: [150/800] train_loss_con: 1085.678 energy_loss: 810.350
[GPU4] epochs: [151/800] train_loss_con: 1069.360 energy_loss: 804.474
[GPU4] epochs: [152/800] train_loss_con: 1051.421 energy_loss: 797.983
[GPU4] epochs: [153/800] train_loss_con: 1041.533 energy_loss: 792.450
[GPU4] epochs: [154/800] train_loss_con: 1026.264 energy_loss: 786.253
[GPU4] epochs: [155/800] train_loss_con: 1010.515 energy_loss: 779.270
[GPU4] epochs: [156/800] train_loss_con: 1002.066 energy_loss: 773.289
[GPU4] epochs: [157/800] train_loss_con: 994.327 energy_loss: 766.988
[GPU4] epochs: [158/800] train_loss_con: 979.769 energy_loss: 760.372
[GPU4] epochs: [159/800] train_loss_con: 969.579 energy_loss: 754.231
[GPU4] epochs: [160/800] train_loss_con: 965.349 energy_loss: 747.112
[GPU4] epochs: [161/800] train_loss_con: 954.916 energy_loss: 741.233
[GPU4] epochs: [162/800] train_loss_con: 948.867 energy_loss: 734.693
[GPU4] epochs: [163/800] train_loss_con: 934.838 energy_loss: 728.056
[GPU4] epochs: [164/800] train_loss_con: 924.473 energy_loss: 722.041
[GPU4] epochs: [165/800] train_loss_con: 924.778 energy_loss: 715.125
[GPU4] epochs: [166/800] train_loss_con: 914.300 energy_loss: 709.114
[GPU4] epochs: [167/800] train_loss_con: 899.674 energy_loss: 703.731
[GPU4] epochs: [168/800] train_loss_con: 897.340 energy_loss: 697.534
[GPU4] epochs: [169/800] train_loss_con: 890.695 energy_loss: 691.395
[GPU4] epochs: [170/800] train_loss_con: 884.194 energy_loss: 686.725
[GPU4] epochs: [171/800] train_loss_con: 873.419 energy_loss: 680.890
[GPU4] epochs: [172/800] train_loss_con: 878.271 energy_loss: 675.614
[GPU4] epochs: [173/800] train_loss_con: 869.858 energy_loss: 670.178
[GPU4] epochs: [174/800] train_loss_con: 860.558 energy_loss: 666.327
[GPU4] epochs: [175/800] train_loss_con: 860.104 energy_loss: 661.930
[GPU4] epochs: [176/800] train_loss_con: 843.910 energy_loss: 656.991
[GPU4] epochs: [177/800] train_loss_con: 848.559 energy_loss: 651.446
[GPU4] epochs: [178/800] train_loss_con: 845.709 energy_loss: 647.875
[GPU4] epochs: [179/800] train_loss_con: 834.957 energy_loss: 643.965
[GPU4] epochs: [180/800] train_loss_con: 837.712 energy_loss: 640.346
[GPU4] epochs: [181/800] train_loss_con: 831.570 energy_loss: 636.280
[GPU4] epochs: [182/800] train_loss_con: 829.409 energy_loss: 633.408
[GPU4] epochs: [183/800] train_loss_con: 820.016 energy_loss: 630.994
[GPU4] epochs: [184/800] train_loss_con: 810.342 energy_loss: 626.634
[GPU4] epochs: [185/800] train_loss_con: 808.632 energy_loss: 624.181
[GPU4] epochs: [186/800] train_loss_con: 804.928 energy_loss: 622.162
[GPU4] epochs: [187/800] train_loss_con: 801.094 energy_loss: 619.420
[GPU4] epochs: [188/800] train_loss_con: 806.092 energy_loss: 616.224
[GPU4] epochs: [189/800] train_loss_con: 801.786 energy_loss: 614.917
[GPU4] epochs: [190/800] train_loss_con: 791.642 energy_loss: 612.484
[GPU4] epochs: [191/800] train_loss_con: 795.260 energy_loss: 610.450
[GPU4] epochs: [192/800] train_loss_con: 786.435 energy_loss: 609.035
[GPU4] epochs: [193/800] train_loss_con: 783.700 energy_loss: 606.930
[GPU4] epochs: [194/800] train_loss_con: 782.014 energy_loss: 605.608
[GPU4] epochs: [195/800] train_loss_con: 779.436 energy_loss: 603.482
[GPU4] epochs: [196/800] train_loss_con: 777.762 energy_loss: 601.723
[GPU4] epochs: [197/800] train_loss_con: 768.806 energy_loss: 600.524
[GPU4] epochs: [198/800] train_loss_con: 768.216 energy_loss: 600.226
[GPU4] epochs: [199/800] train_loss_con: 766.518 energy_loss: 599.306
[GPU4] epochs: [200/800] train_loss_con: 761.187 energy_loss: 598.149
[GPU4] epochs: [201/800] train_loss_con: 763.380 energy_loss: 596.439
[GPU4] epochs: [202/800] train_loss_con: 769.485 energy_loss: 597.901
[GPU4] epochs: [203/800] train_loss_con: 753.909 energy_loss: 595.372
[GPU4] epochs: [204/800] train_loss_con: 756.569 energy_loss: 594.536
[GPU4] epochs: [205/800] train_loss_con: 748.753 energy_loss: 593.281
[GPU4] epochs: [206/800] train_loss_con: 747.967 energy_loss: 595.086
[GPU4] epochs: [207/800] train_loss_con: 749.976 energy_loss: 594.393
[GPU4] epochs: [208/800] train_loss_con: 750.064 energy_loss: 595.689
[GPU4] epochs: [209/800] train_loss_con: 741.280 energy_loss: 592.822
[GPU4] epochs: [210/800] train_loss_con: 743.999 energy_loss: 593.936
[GPU4] epochs: [211/800] train_loss_con: 737.848 energy_loss: 592.338
[GPU4] epochs: [212/800] train_loss_con: 737.332 energy_loss: 591.811
[GPU4] epochs: [213/800] train_loss_con: 740.548 energy_loss: 592.591
[GPU4] epochs: [214/800] train_loss_con: 739.326 energy_loss: 593.372
[GPU4] epochs: [215/800] train_loss_con: 732.794 energy_loss: 592.623
[GPU4] epochs: [216/800] train_loss_con: 726.969 energy_loss: 591.485
[GPU4] epochs: [217/800] train_loss_con: 723.735 energy_loss: 591.990
[GPU4] epochs: [218/800] train_loss_con: 729.458 energy_loss: 591.731
[GPU4] epochs: [219/800] train_loss_con: 717.858 energy_loss: 591.400
[GPU4] epochs: [220/800] train_loss_con: 725.764 energy_loss: 591.914
[GPU4] epochs: [221/800] train_loss_con: 714.222 energy_loss: 592.665
[GPU4] epochs: [222/800] train_loss_con: 720.442 energy_loss: 590.657
[GPU4] epochs: [223/800] train_loss_con: 715.853 energy_loss: 591.050
[GPU4] epochs: [224/800] train_loss_con: 718.797 energy_loss: 593.220
[GPU4] epochs: [225/800] train_loss_con: 716.772 energy_loss: 592.374
[GPU4] epochs: [226/800] train_loss_con: 710.965 energy_loss: 592.203
[GPU4] epochs: [227/800] train_loss_con: 719.151 energy_loss: 592.825
[GPU4] epochs: [228/800] train_loss_con: 706.912 energy_loss: 592.737
[GPU4] epochs: [229/800] train_loss_con: 709.364 energy_loss: 593.081
[GPU4] epochs: [230/800] train_loss_con: 709.432 energy_loss: 593.377
[GPU4] epochs: [231/800] train_loss_con: 698.839 energy_loss: 592.231
[GPU4] epochs: [232/800] train_loss_con: 700.261 energy_loss: 592.944
[GPU4] epochs: [233/800] train_loss_con: 692.874 energy_loss: 593.376
[GPU4] epochs: [234/800] train_loss_con: 701.286 energy_loss: 593.996
[GPU4] epochs: [235/800] train_loss_con: 697.721 energy_loss: 592.567
[GPU4] epochs: [236/800] train_loss_con: 701.984 energy_loss: 593.125
[GPU4] epochs: [237/800] train_loss_con: 698.507 energy_loss: 595.225
[GPU4] epochs: [238/800] train_loss_con: 696.522 energy_loss: 594.258
[GPU4] epochs: [239/800] train_loss_con: 697.322 energy_loss: 595.011
[GPU4] epochs: [240/800] train_loss_con: 688.325 energy_loss: 595.353
[GPU4] epochs: [241/800] train_loss_con: 691.199 energy_loss: 595.211
[GPU4] epochs: [242/800] train_loss_con: 693.035 energy_loss: 597.557
[GPU4] epochs: [243/800] train_loss_con: 685.892 energy_loss: 594.553
[GPU4] epochs: [244/800] train_loss_con: 686.794 energy_loss: 594.515
[GPU4] epochs: [245/800] train_loss_con: 688.205 energy_loss: 596.909
[GPU4] epochs: [246/800] train_loss_con: 683.701 energy_loss: 596.119
[GPU4] epochs: [247/800] train_loss_con: 692.690 energy_loss: 597.693
[GPU4] epochs: [248/800] train_loss_con: 676.075 energy_loss: 595.177
[GPU4] epochs: [249/800] train_loss_con: 681.688 energy_loss: 597.416
[GPU4] epochs: [250/800] train_loss_con: 677.818 energy_loss: 597.868
[GPU4] epochs: [251/800] train_loss_con: 682.425 energy_loss: 595.966
[GPU4] epochs: [252/800] train_loss_con: 668.020 energy_loss: 595.392
[GPU4] epochs: [253/800] train_loss_con: 674.987 energy_loss: 597.177
[GPU4] epochs: [254/800] train_loss_con: 676.999 energy_loss: 597.700
[GPU4] epochs: [255/800] train_loss_con: 672.493 energy_loss: 597.837
[GPU4] epochs: [256/800] train_loss_con: 671.362 energy_loss: 598.008
[GPU4] epochs: [257/800] train_loss_con: 669.768 energy_loss: 596.992
[GPU4] epochs: [258/800] train_loss_con: 668.221 energy_loss: 599.816
[GPU4] epochs: [259/800] train_loss_con: 677.508 energy_loss: 600.551
[GPU4] epochs: [260/800] train_loss_con: 665.469 energy_loss: 597.525
[GPU4] epochs: [261/800] train_loss_con: 666.034 energy_loss: 597.479
[GPU4] epochs: [262/800] train_loss_con: 671.112 energy_loss: 599.998
[GPU4] epochs: [263/800] train_loss_con: 667.941 energy_loss: 599.150
[GPU4] epochs: [264/800] train_loss_con: 664.025 energy_loss: 599.054
[GPU4] epochs: [265/800] train_loss_con: 667.461 energy_loss: 597.377
[GPU4] epochs: [266/800] train_loss_con: 661.291 energy_loss: 598.422
[GPU4] epochs: [267/800] train_loss_con: 657.761 energy_loss: 597.203
[GPU4] epochs: [268/800] train_loss_con: 657.301 energy_loss: 599.020
[GPU4] epochs: [269/800] train_loss_con: 658.399 energy_loss: 598.492
[GPU4] epochs: [270/800] train_loss_con: 657.325 energy_loss: 597.701
[GPU4] epochs: [271/800] train_loss_con: 654.832 energy_loss: 599.123
[GPU4] epochs: [272/800] train_loss_con: 654.515 energy_loss: 598.490
[GPU4] epochs: [273/800] train_loss_con: 652.933 energy_loss: 597.999
[GPU4] epochs: [274/800] train_loss_con: 659.077 energy_loss: 599.070
[GPU4] epochs: [275/800] train_loss_con: 652.935 energy_loss: 598.530
[GPU4] epochs: [276/800] train_loss_con: 650.223 energy_loss: 599.397
[GPU4] epochs: [277/800] train_loss_con: 656.716 energy_loss: 600.041
[GPU4] epochs: [278/800] train_loss_con: 648.006 energy_loss: 600.146
[GPU4] epochs: [279/800] train_loss_con: 649.891 energy_loss: 598.369
[GPU4] epochs: [280/800] train_loss_con: 652.297 energy_loss: 598.775
[GPU4] epochs: [281/800] train_loss_con: 646.459 energy_loss: 596.631
[GPU4] epochs: [282/800] train_loss_con: 648.991 energy_loss: 597.094
[GPU4] epochs: [283/800] train_loss_con: 645.179 energy_loss: 596.626
[GPU4] epochs: [284/800] train_loss_con: 645.930 energy_loss: 597.471
[GPU4] epochs: [285/800] train_loss_con: 646.497 energy_loss: 594.742
[GPU4] epochs: [286/800] train_loss_con: 650.268 energy_loss: 596.566
[GPU4] epochs: [287/800] train_loss_con: 648.436 energy_loss: 597.419
[GPU4] epochs: [288/800] train_loss_con: 644.551 energy_loss: 595.839
[GPU4] epochs: [289/800] train_loss_con: 645.935 energy_loss: 596.087
[GPU4] epochs: [290/800] train_loss_con: 643.768 energy_loss: 595.842
[GPU4] epochs: [291/800] train_loss_con: 637.591 energy_loss: 596.656
[GPU4] epochs: [292/800] train_loss_con: 636.031 energy_loss: 593.646
[GPU4] epochs: [293/800] train_loss_con: 637.754 energy_loss: 594.108
[GPU4] epochs: [294/800] train_loss_con: 639.040 energy_loss: 595.698
[GPU4] epochs: [295/800] train_loss_con: 641.494 energy_loss: 597.906
[GPU4] epochs: [296/800] train_loss_con: 633.552 energy_loss: 595.344
[GPU4] epochs: [297/800] train_loss_con: 636.545 energy_loss: 592.990
[GPU4] epochs: [298/800] train_loss_con: 638.393 energy_loss: 595.001
[GPU4] epochs: [299/800] train_loss_con: 636.130 energy_loss: 592.320
[GPU4] epochs: [300/800] train_loss_con: 639.949 energy_loss: 594.933
[GPU4] epochs: [301/800] train_loss_con: 636.141 energy_loss: 593.921
[GPU4] epochs: [302/800] train_loss_con: 632.103 energy_loss: 592.798
[GPU4] epochs: [303/800] train_loss_con: 630.268 energy_loss: 592.991
[GPU4] epochs: [304/800] train_loss_con: 623.833 energy_loss: 591.448
[GPU4] epochs: [305/800] train_loss_con: 623.820 energy_loss: 589.573
[GPU4] epochs: [306/800] train_loss_con: 636.114 energy_loss: 591.184
[GPU4] epochs: [307/800] train_loss_con: 628.129 energy_loss: 586.788
[GPU4] epochs: [308/800] train_loss_con: 636.644 energy_loss: 591.197
[GPU4] epochs: [309/800] train_loss_con: 617.109 energy_loss: 588.398
[GPU4] epochs: [310/800] train_loss_con: 623.984 energy_loss: 589.013
[GPU4] epochs: [311/800] train_loss_con: 626.146 energy_loss: 588.504
[GPU4] epochs: [312/800] train_loss_con: 618.607 energy_loss: 586.832
[GPU4] epochs: [313/800] train_loss_con: 628.451 energy_loss: 588.830
[GPU4] epochs: [314/800] train_loss_con: 620.117 energy_loss: 586.496
[GPU4] epochs: [315/800] train_loss_con: 623.055 energy_loss: 587.647
[GPU4] epochs: [316/800] train_loss_con: 613.195 energy_loss: 586.341
[GPU4] epochs: [317/800] train_loss_con: 619.686 energy_loss: 585.162
[GPU4] epochs: [318/800] train_loss_con: 619.310 energy_loss: 583.579
[GPU4] epochs: [319/800] train_loss_con: 613.231 energy_loss: 584.517
[GPU4] epochs: [320/800] train_loss_con: 612.887 energy_loss: 583.526
[GPU4] epochs: [321/800] train_loss_con: 623.598 energy_loss: 584.111
[GPU4] epochs: [322/800] train_loss_con: 616.042 energy_loss: 582.549
[GPU4] epochs: [323/800] train_loss_con: 613.769 energy_loss: 583.532
[GPU4] epochs: [324/800] train_loss_con: 612.036 energy_loss: 581.416
[GPU4] epochs: [325/800] train_loss_con: 613.358 energy_loss: 582.752
[GPU4] epochs: [326/800] train_loss_con: 608.590 energy_loss: 580.006
[GPU4] epochs: [327/800] train_loss_con: 611.405 energy_loss: 580.862
[GPU4] epochs: [328/800] train_loss_con: 616.888 energy_loss: 582.656
[GPU4] epochs: [329/800] train_loss_con: 614.235 energy_loss: 578.417
[GPU4] epochs: [330/800] train_loss_con: 608.165 energy_loss: 578.321
[GPU4] epochs: [331/800] train_loss_con: 605.868 energy_loss: 577.239
[GPU4] epochs: [332/800] train_loss_con: 601.316 energy_loss: 575.924
[GPU4] epochs: [333/800] train_loss_con: 609.625 energy_loss: 577.699
[GPU4] epochs: [334/800] train_loss_con: 611.714 energy_loss: 575.231
[GPU4] epochs: [335/800] train_loss_con: 603.224 energy_loss: 575.381
[GPU4] epochs: [336/800] train_loss_con: 604.748 energy_loss: 575.610
[GPU4] epochs: [337/800] train_loss_con: 606.253 energy_loss: 575.335
[GPU4] epochs: [338/800] train_loss_con: 601.583 energy_loss: 576.780
[GPU4] epochs: [339/800] train_loss_con: 607.489 energy_loss: 576.264
[GPU4] epochs: [340/800] train_loss_con: 607.624 energy_loss: 576.169
[GPU4] epochs: [341/800] train_loss_con: 602.826 energy_loss: 573.657
[GPU4] epochs: [342/800] train_loss_con: 604.515 energy_loss: 573.457
[GPU4] epochs: [343/800] train_loss_con: 601.169 energy_loss: 575.239
[GPU4] epochs: [344/800] train_loss_con: 602.844 energy_loss: 572.414
[GPU4] epochs: [345/800] train_loss_con: 596.725 energy_loss: 570.997
[GPU4] epochs: [346/800] train_loss_con: 593.485 energy_loss: 570.803
[GPU4] epochs: [347/800] train_loss_con: 593.430 energy_loss: 569.371
[GPU4] epochs: [348/800] train_loss_con: 597.951 energy_loss: 570.555
[GPU4] epochs: [349/800] train_loss_con: 595.288 energy_loss: 570.284
[GPU4] epochs: [350/800] train_loss_con: 594.800 energy_loss: 568.294
[GPU4] epochs: [351/800] train_loss_con: 590.377 energy_loss: 566.849
[GPU4] epochs: [352/800] train_loss_con: 594.144 energy_loss: 567.744
[GPU4] epochs: [353/800] train_loss_con: 590.440 energy_loss: 565.887
[GPU4] epochs: [354/800] train_loss_con: 590.606 energy_loss: 564.196
[GPU4] epochs: [355/800] train_loss_con: 592.638 energy_loss: 566.135
[GPU4] epochs: [356/800] train_loss_con: 588.126 energy_loss: 564.893
[GPU4] epochs: [357/800] train_loss_con: 593.065 energy_loss: 564.745
[GPU4] epochs: [358/800] train_loss_con: 587.674 energy_loss: 566.186
[GPU4] epochs: [359/800] train_loss_con: 585.574 energy_loss: 563.658
[GPU4] epochs: [360/800] train_loss_con: 596.594 energy_loss: 563.813
[GPU4] epochs: [361/800] train_loss_con: 590.735 energy_loss: 563.722
[GPU4] epochs: [362/800] train_loss_con: 589.092 energy_loss: 563.208
[GPU4] epochs: [363/800] train_loss_con: 584.442 energy_loss: 561.512
[GPU4] epochs: [364/800] train_loss_con: 581.318 energy_loss: 560.537
[GPU4] epochs: [365/800] train_loss_con: 586.196 energy_loss: 561.471
[GPU4] epochs: [366/800] train_loss_con: 586.936 energy_loss: 561.069
[GPU4] epochs: [367/800] train_loss_con: 587.670 energy_loss: 558.033
[GPU4] epochs: [368/800] train_loss_con: 582.645 energy_loss: 557.400
[GPU4] epochs: [369/800] train_loss_con: 577.678 energy_loss: 557.054
[GPU4] epochs: [370/800] train_loss_con: 583.049 energy_loss: 558.844
[GPU4] epochs: [371/800] train_loss_con: 583.713 energy_loss: 557.191
[GPU4] epochs: [372/800] train_loss_con: 580.956 energy_loss: 557.177
[GPU4] epochs: [373/800] train_loss_con: 578.907 energy_loss: 555.627
[GPU4] epochs: [374/800] train_loss_con: 586.227 energy_loss: 554.994
[GPU4] epochs: [375/800] train_loss_con: 580.458 energy_loss: 555.711
[GPU4] epochs: [376/800] train_loss_con: 575.870 energy_loss: 556.764
[GPU4] epochs: [377/800] train_loss_con: 581.800 energy_loss: 553.760
[GPU4] epochs: [378/800] train_loss_con: 571.140 energy_loss: 552.187
[GPU4] epochs: [379/800] train_loss_con: 575.444 energy_loss: 552.139
[GPU4] epochs: [380/800] train_loss_con: 579.369 energy_loss: 553.078
[GPU4] epochs: [381/800] train_loss_con: 573.132 energy_loss: 551.079
[GPU4] epochs: [382/800] train_loss_con: 571.334 energy_loss: 550.480
[GPU4] epochs: [383/800] train_loss_con: 574.087 energy_loss: 549.034
[GPU4] epochs: [384/800] train_loss_con: 572.791 energy_loss: 549.329
[GPU4] epochs: [385/800] train_loss_con: 576.234 energy_loss: 550.113
[GPU4] epochs: [386/800] train_loss_con: 570.706 energy_loss: 546.679
[GPU4] epochs: [387/800] train_loss_con: 576.098 energy_loss: 546.838
[GPU4] epochs: [388/800] train_loss_con: 575.592 energy_loss: 548.802
[GPU4] epochs: [389/800] train_loss_con: 570.848 energy_loss: 546.874
[GPU4] epochs: [390/800] train_loss_con: 571.892 energy_loss: 545.126
[GPU4] epochs: [391/800] train_loss_con: 567.427 energy_loss: 544.170
[GPU4] epochs: [392/800] train_loss_con: 568.488 energy_loss: 542.497
[GPU4] epochs: [393/800] train_loss_con: 567.712 energy_loss: 544.046
[GPU4] epochs: [394/800] train_loss_con: 570.372 energy_loss: 541.215
[GPU4] epochs: [395/800] train_loss_con: 567.204 energy_loss: 544.441
[GPU4] epochs: [396/800] train_loss_con: 563.027 energy_loss: 541.018
[GPU4] epochs: [397/800] train_loss_con: 565.213 energy_loss: 541.383
[GPU4] epochs: [398/800] train_loss_con: 564.322 energy_loss: 538.473
[GPU4] epochs: [399/800] train_loss_con: 563.988 energy_loss: 540.620
[GPU4] epochs: [400/800] train_loss_con: 559.428 energy_loss: 538.036
[GPU4] epochs: [401/800] train_loss_con: 561.278 energy_loss: 538.496
[GPU4] epochs: [402/800] train_loss_con: 567.590 energy_loss: 539.272
[GPU4] epochs: [403/800] train_loss_con: 562.339 energy_loss: 537.529
[GPU4] epochs: [404/800] train_loss_con: 559.381 energy_loss: 535.028
[GPU4] epochs: [405/800] train_loss_con: 563.457 energy_loss: 537.911
[GPU4] epochs: [406/800] train_loss_con: 554.874 energy_loss: 536.143
[GPU4] epochs: [407/800] train_loss_con: 553.804 energy_loss: 534.639
[GPU4] epochs: [408/800] train_loss_con: 558.799 energy_loss: 534.532
[GPU4] epochs: [409/800] train_loss_con: 562.670 energy_loss: 536.040
[GPU4] epochs: [410/800] train_loss_con: 558.997 energy_loss: 533.297
[GPU4] epochs: [411/800] train_loss_con: 559.200 energy_loss: 532.824
[GPU4] epochs: [412/800] train_loss_con: 557.091 energy_loss: 533.340
[GPU4] epochs: [413/800] train_loss_con: 553.589 energy_loss: 531.522
[GPU4] epochs: [414/800] train_loss_con: 549.850 energy_loss: 530.447
[GPU4] epochs: [415/800] train_loss_con: 551.212 energy_loss: 530.266
[GPU4] epochs: [416/800] train_loss_con: 551.316 energy_loss: 529.235
[GPU4] epochs: [417/800] train_loss_con: 559.412 energy_loss: 531.693
[GPU4] epochs: [418/800] train_loss_con: 556.293 energy_loss: 528.181
[GPU4] epochs: [419/800] train_loss_con: 555.405 energy_loss: 529.703
[GPU4] epochs: [420/800] train_loss_con: 551.726 energy_loss: 527.909
[GPU4] epochs: [421/800] train_loss_con: 555.196 energy_loss: 524.970
[GPU4] epochs: [422/800] train_loss_con: 553.474 energy_loss: 527.432
[GPU4] epochs: [423/800] train_loss_con: 552.360 energy_loss: 528.387
[GPU4] epochs: [424/800] train_loss_con: 551.162 energy_loss: 526.321
[GPU4] epochs: [425/800] train_loss_con: 549.814 energy_loss: 525.271
[GPU4] epochs: [426/800] train_loss_con: 550.490 energy_loss: 524.470
[GPU4] epochs: [427/800] train_loss_con: 549.989 energy_loss: 524.530
[GPU4] epochs: [428/800] train_loss_con: 547.794 energy_loss: 523.965
[GPU4] epochs: [429/800] train_loss_con: 542.346 energy_loss: 522.362
[GPU4] epochs: [430/800] train_loss_con: 546.172 energy_loss: 522.380
[GPU4] epochs: [431/800] train_loss_con: 547.190 energy_loss: 523.080
[GPU4] epochs: [432/800] train_loss_con: 542.852 energy_loss: 521.988
[GPU4] epochs: [433/800] train_loss_con: 540.342 energy_loss: 518.990
[GPU4] epochs: [434/800] train_loss_con: 545.299 energy_loss: 520.564
[GPU4] epochs: [435/800] train_loss_con: 542.212 energy_loss: 518.723
[GPU4] epochs: [436/800] train_loss_con: 541.280 energy_loss: 519.122
[GPU4] epochs: [437/800] train_loss_con: 542.204 energy_loss: 516.265
[GPU4] epochs: [438/800] train_loss_con: 536.596 energy_loss: 516.991
[GPU4] epochs: [439/800] train_loss_con: 537.677 energy_loss: 515.924
[GPU4] epochs: [440/800] train_loss_con: 541.235 energy_loss: 516.483
[GPU4] epochs: [441/800] train_loss_con: 539.028 energy_loss: 513.925
[GPU4] epochs: [442/800] train_loss_con: 536.083 energy_loss: 514.465
[GPU4] epochs: [443/800] train_loss_con: 543.105 energy_loss: 515.394
[GPU4] epochs: [444/800] train_loss_con: 533.102 energy_loss: 512.999
[GPU4] epochs: [445/800] train_loss_con: 539.706 energy_loss: 511.824
[GPU4] epochs: [446/800] train_loss_con: 541.520 energy_loss: 512.797
[GPU4] epochs: [447/800] train_loss_con: 539.351 energy_loss: 512.630
[GPU4] epochs: [448/800] train_loss_con: 534.100 energy_loss: 513.034
[GPU4] epochs: [449/800] train_loss_con: 530.815 energy_loss: 510.011
[GPU4] epochs: [450/800] train_loss_con: 532.965 energy_loss: 509.689
[GPU4] epochs: [451/800] train_loss_con: 536.450 energy_loss: 512.201
[GPU4] epochs: [452/800] train_loss_con: 536.468 energy_loss: 509.204
[GPU4] epochs: [453/800] train_loss_con: 529.557 energy_loss: 508.380
[GPU4] epochs: [454/800] train_loss_con: 528.445 energy_loss: 506.644
[GPU4] epochs: [455/800] train_loss_con: 525.156 energy_loss: 505.894
[GPU4] epochs: [456/800] train_loss_con: 531.115 energy_loss: 507.497
[GPU4] epochs: [457/800] train_loss_con: 529.581 energy_loss: 504.845
[GPU4] epochs: [458/800] train_loss_con: 528.621 energy_loss: 506.073
[GPU4] epochs: [459/800] train_loss_con: 524.195 energy_loss: 503.983
[GPU4] epochs: [460/800] train_loss_con: 529.064 energy_loss: 505.032
[GPU4] epochs: [461/800] train_loss_con: 523.205 energy_loss: 502.684
[GPU4] epochs: [462/800] train_loss_con: 528.046 energy_loss: 501.592
[GPU4] epochs: [463/800] train_loss_con: 521.605 energy_loss: 500.999
[GPU4] epochs: [464/800] train_loss_con: 526.644 energy_loss: 502.443
[GPU4] epochs: [465/800] train_loss_con: 521.353 energy_loss: 502.350
[GPU4] epochs: [466/800] train_loss_con: 521.435 energy_loss: 499.967
[GPU4] epochs: [467/800] train_loss_con: 525.378 energy_loss: 499.500
[GPU4] epochs: [468/800] train_loss_con: 517.577 energy_loss: 497.651
[GPU4] epochs: [469/800] train_loss_con: 521.318 energy_loss: 498.433
[GPU4] epochs: [470/800] train_loss_con: 523.521 energy_loss: 497.356
[GPU4] epochs: [471/800] train_loss_con: 519.370 energy_loss: 497.117
[GPU4] epochs: [472/800] train_loss_con: 521.336 energy_loss: 496.100
[GPU4] epochs: [473/800] train_loss_con: 517.276 energy_loss: 496.948
[GPU4] epochs: [474/800] train_loss_con: 514.368 energy_loss: 494.877
[GPU4] epochs: [475/800] train_loss_con: 515.522 energy_loss: 495.598
[GPU4] epochs: [476/800] train_loss_con: 521.511 energy_loss: 495.206
[GPU4] epochs: [477/800] train_loss_con: 516.760 energy_loss: 494.196
[GPU4] epochs: [478/800] train_loss_con: 514.015 energy_loss: 492.577
[GPU4] epochs: [479/800] train_loss_con: 514.822 energy_loss: 491.531
[GPU4] epochs: [480/800] train_loss_con: 515.838 energy_loss: 492.746
[GPU4] epochs: [481/800] train_loss_con: 513.630 energy_loss: 492.669
[GPU4] epochs: [482/800] train_loss_con: 517.459 energy_loss: 491.284
[GPU4] epochs: [483/800] train_loss_con: 511.425 energy_loss: 490.364
[GPU4] epochs: [484/800] train_loss_con: 512.003 energy_loss: 488.850
[GPU4] epochs: [485/800] train_loss_con: 513.056 energy_loss: 488.358
[GPU4] epochs: [486/800] train_loss_con: 509.243 energy_loss: 487.093
[GPU4] epochs: [487/800] train_loss_con: 512.011 energy_loss: 487.964
[GPU4] epochs: [488/800] train_loss_con: 506.857 energy_loss: 485.857
[GPU4] epochs: [489/800] train_loss_con: 508.663 energy_loss: 486.518
[GPU4] epochs: [490/800] train_loss_con: 507.124 energy_loss: 484.837
[GPU4] epochs: [491/800] train_loss_con: 506.515 energy_loss: 484.761
[GPU4] epochs: [492/800] train_loss_con: 502.291 energy_loss: 482.953
[GPU4] epochs: [493/800] train_loss_con: 512.467 energy_loss: 484.982
[GPU4] epochs: [494/800] train_loss_con: 506.446 energy_loss: 485.401
[GPU4] epochs: [495/800] train_loss_con: 508.600 energy_loss: 485.200
[GPU4] epochs: [496/800] train_loss_con: 502.724 energy_loss: 482.964
[GPU4] epochs: [497/800] train_loss_con: 503.204 energy_loss: 481.288
[GPU4] epochs: [498/800] train_loss_con: 501.656 energy_loss: 479.687
[GPU4] epochs: [499/800] train_loss_con: 502.722 energy_loss: 479.660
[GPU4] epochs: [500/800] train_loss_con: 497.941 energy_loss: 478.952
[GPU4] epochs: [501/800] train_loss_con: 502.783 energy_loss: 479.387
[GPU4] epochs: [502/800] train_loss_con: 496.275 energy_loss: 478.802
[GPU4] epochs: [503/800] train_loss_con: 494.301 energy_loss: 477.437
[GPU4] epochs: [504/800] train_loss_con: 499.913 energy_loss: 478.341
[GPU4] epochs: [505/800] train_loss_con: 500.882 energy_loss: 479.052
[GPU4] epochs: [506/800] train_loss_con: 498.206 energy_loss: 478.650
[GPU4] epochs: [507/800] train_loss_con: 495.569 energy_loss: 475.619
[GPU4] epochs: [508/800] train_loss_con: 495.850 energy_loss: 476.083
[GPU4] epochs: [509/800] train_loss_con: 496.825 energy_loss: 472.633
[GPU4] epochs: [510/800] train_loss_con: 497.973 energy_loss: 472.756
[GPU4] epochs: [511/800] train_loss_con: 492.714 energy_loss: 472.737
[GPU4] epochs: [512/800] train_loss_con: 496.833 energy_loss: 471.856
[GPU4] epochs: [513/800] train_loss_con: 495.954 energy_loss: 472.397
[GPU4] epochs: [514/800] train_loss_con: 493.295 energy_loss: 468.375
[GPU4] epochs: [515/800] train_loss_con: 490.067 energy_loss: 468.699
[GPU4] epochs: [516/800] train_loss_con: 486.190 energy_loss: 467.044
[GPU4] epochs: [517/800] train_loss_con: 485.660 energy_loss: 466.429
[GPU4] epochs: [518/800] train_loss_con: 484.620 energy_loss: 467.337
[GPU4] epochs: [519/800] train_loss_con: 491.623 energy_loss: 465.993
[GPU4] epochs: [520/800] train_loss_con: 487.722 energy_loss: 466.652
[GPU4] epochs: [521/800] train_loss_con: 486.711 energy_loss: 467.721
[GPU4] epochs: [522/800] train_loss_con: 487.348 energy_loss: 463.535
[GPU4] epochs: [523/800] train_loss_con: 480.319 energy_loss: 461.697
[GPU4] epochs: [524/800] train_loss_con: 480.384 energy_loss: 461.031
[GPU4] epochs: [525/800] train_loss_con: 490.777 energy_loss: 465.984
[GPU4] epochs: [526/800] train_loss_con: 483.386 energy_loss: 465.012
[GPU4] epochs: [527/800] train_loss_con: 486.468 energy_loss: 461.629
[GPU4] epochs: [528/800] train_loss_con: 484.375 energy_loss: 460.551
[GPU4] epochs: [529/800] train_loss_con: 478.380 energy_loss: 460.056
[GPU4] epochs: [530/800] train_loss_con: 479.325 energy_loss: 457.250
[GPU4] epochs: [531/800] train_loss_con: 480.451 energy_loss: 456.897
[GPU4] epochs: [532/800] train_loss_con: 477.414 energy_loss: 458.065
[GPU4] epochs: [533/800] train_loss_con: 476.037 energy_loss: 454.800
[GPU4] epochs: [534/800] train_loss_con: 478.600 energy_loss: 456.013
[GPU4] epochs: [535/800] train_loss_con: 479.599 energy_loss: 455.646
[GPU4] epochs: [536/800] train_loss_con: 478.134 energy_loss: 456.590
[GPU4] epochs: [537/800] train_loss_con: 471.871 energy_loss: 452.206
[GPU4] epochs: [538/800] train_loss_con: 477.629 energy_loss: 453.515
[GPU4] epochs: [539/800] train_loss_con: 473.931 energy_loss: 452.423
[GPU4] epochs: [540/800] train_loss_con: 471.518 energy_loss: 449.799
[GPU4] epochs: [541/800] train_loss_con: 475.808 energy_loss: 449.536
[GPU4] epochs: [542/800] train_loss_con: 477.979 energy_loss: 452.477
[GPU4] epochs: [543/800] train_loss_con: 475.850 energy_loss: 447.933
[GPU4] epochs: [544/800] train_loss_con: 471.342 energy_loss: 448.659
[GPU4] epochs: [545/800] train_loss_con: 470.742 energy_loss: 447.962
[GPU4] epochs: [546/800] train_loss_con: 476.929 energy_loss: 449.558
[GPU4] epochs: [547/800] train_loss_con: 472.648 energy_loss: 447.463
[GPU4] epochs: [548/800] train_loss_con: 470.920 energy_loss: 447.003
[GPU4] epochs: [549/800] train_loss_con: 472.265 energy_loss: 446.464
[GPU4] epochs: [550/800] train_loss_con: 471.091 energy_loss: 445.913
[GPU4] epochs: [551/800] train_loss_con: 473.067 energy_loss: 444.172
[GPU4] epochs: [552/800] train_loss_con: 467.405 energy_loss: 443.387
[GPU4] epochs: [553/800] train_loss_con: 473.083 energy_loss: 445.005
[GPU4] epochs: [554/800] train_loss_con: 464.201 energy_loss: 442.593
[GPU4] epochs: [555/800] train_loss_con: 466.515 energy_loss: 440.068
[GPU4] epochs: [556/800] train_loss_con: 465.034 energy_loss: 440.203
[GPU4] epochs: [557/800] train_loss_con: 462.876 energy_loss: 441.311
[GPU4] epochs: [558/800] train_loss_con: 462.583 energy_loss: 439.826
[GPU4] epochs: [559/800] train_loss_con: 461.677 energy_loss: 441.088
[GPU4] epochs: [560/800] train_loss_con: 460.876 energy_loss: 437.744
[GPU4] epochs: [561/800] train_loss_con: 459.745 energy_loss: 436.164
[GPU4] epochs: [562/800] train_loss_con: 461.147 energy_loss: 436.748
[GPU4] epochs: [563/800] train_loss_con: 460.157 energy_loss: 435.602
[GPU4] epochs: [564/800] train_loss_con: 455.423 energy_loss: 435.135
[GPU4] epochs: [565/800] train_loss_con: 457.469 energy_loss: 435.612
[GPU4] epochs: [566/800] train_loss_con: 456.304 energy_loss: 432.516
[GPU4] epochs: [567/800] train_loss_con: 457.976 energy_loss: 433.411
[GPU4] epochs: [568/800] train_loss_con: 451.677 energy_loss: 431.199
[GPU4] epochs: [569/800] train_loss_con: 450.552 energy_loss: 432.569
[GPU4] epochs: [570/800] train_loss_con: 454.835 energy_loss: 431.934
[GPU4] epochs: [571/800] train_loss_con: 451.678 energy_loss: 429.438
[GPU4] epochs: [572/800] train_loss_con: 454.230 energy_loss: 428.539
[GPU4] epochs: [573/800] train_loss_con: 453.279 energy_loss: 429.947
[GPU4] epochs: [574/800] train_loss_con: 449.776 energy_loss: 427.614
[GPU4] epochs: [575/800] train_loss_con: 450.519 energy_loss: 427.055
[GPU4] epochs: [576/800] train_loss_con: 450.994 energy_loss: 427.446
[GPU4] epochs: [577/800] train_loss_con: 447.976 energy_loss: 425.241
[GPU4] epochs: [578/800] train_loss_con: 449.519 energy_loss: 426.054
[GPU4] epochs: [579/800] train_loss_con: 448.239 energy_loss: 424.834
[GPU4] epochs: [580/800] train_loss_con: 447.609 energy_loss: 422.119
[GPU4] epochs: [581/800] train_loss_con: 447.142 energy_loss: 423.865
[GPU4] epochs: [582/800] train_loss_con: 446.147 energy_loss: 422.021
[GPU4] epochs: [583/800] train_loss_con: 446.956 energy_loss: 421.984
[GPU4] epochs: [584/800] train_loss_con: 443.473 energy_loss: 420.881
[GPU4] epochs: [585/800] train_loss_con: 444.778 energy_loss: 421.439
[GPU4] epochs: [586/800] train_loss_con: 440.177 energy_loss: 420.252
[GPU4] epochs: [587/800] train_loss_con: 441.403 energy_loss: 419.773
[GPU4] epochs: [588/800] train_loss_con: 443.497 energy_loss: 419.862
[GPU4] epochs: [589/800] train_loss_con: 439.991 energy_loss: 417.788
[GPU4] epochs: [590/800] train_loss_con: 439.637 energy_loss: 417.412
[GPU4] epochs: [591/800] train_loss_con: 440.266 energy_loss: 416.925
[GPU4] epochs: [592/800] train_loss_con: 440.522 energy_loss: 415.154
[GPU4] epochs: [593/800] train_loss_con: 437.193 energy_loss: 414.573
[GPU4] epochs: [594/800] train_loss_con: 436.613 energy_loss: 412.779
[GPU4] epochs: [595/800] train_loss_con: 433.267 energy_loss: 411.611
[GPU4] epochs: [596/800] train_loss_con: 430.253 energy_loss: 410.486
[GPU4] epochs: [597/800] train_loss_con: 433.986 energy_loss: 411.139
[GPU4] epochs: [598/800] train_loss_con: 438.032 energy_loss: 410.957
[GPU4] epochs: [599/800] train_loss_con: 436.829 energy_loss: 410.292
[GPU4] epochs: [600/800] train_loss_con: 433.405 energy_loss: 410.279
[GPU4] epochs: [601/800] train_loss_con: 434.008 energy_loss: 408.528
[GPU4] epochs: [602/800] train_loss_con: 431.581 energy_loss: 406.159
[GPU4] epochs: [603/800] train_loss_con: 428.258 energy_loss: 407.610
[GPU4] epochs: [604/800] train_loss_con: 430.929 energy_loss: 407.805
[GPU4] epochs: [605/800] train_loss_con: 427.235 energy_loss: 407.019
[GPU4] epochs: [606/800] train_loss_con: 426.522 energy_loss: 404.011
[GPU4] epochs: [607/800] train_loss_con: 428.367 energy_loss: 404.822
[GPU4] epochs: [608/800] train_loss_con: 428.471 energy_loss: 404.670
[GPU4] epochs: [609/800] train_loss_con: 427.496 energy_loss: 404.151
[GPU4] epochs: [610/800] train_loss_con: 422.062 energy_loss: 401.171
[GPU4] epochs: [611/800] train_loss_con: 422.786 energy_loss: 400.521
[GPU4] epochs: [612/800] train_loss_con: 424.650 energy_loss: 398.288
[GPU4] epochs: [613/800] train_loss_con: 427.306 energy_loss: 398.212
[GPU4] epochs: [614/800] train_loss_con: 424.066 energy_loss: 399.296
[GPU4] epochs: [615/800] train_loss_con: 423.323 energy_loss: 397.687
[GPU4] epochs: [616/800] train_loss_con: 422.534 energy_loss: 398.061
[GPU4] epochs: [617/800] train_loss_con: 421.115 energy_loss: 398.190
[GPU4] epochs: [618/800] train_loss_con: 418.942 energy_loss: 396.089
[GPU4] epochs: [619/800] train_loss_con: 416.567 energy_loss: 393.711
[GPU4] epochs: [620/800] train_loss_con: 420.115 energy_loss: 394.461
[GPU4] epochs: [621/800] train_loss_con: 416.252 energy_loss: 392.958
[GPU4] epochs: [622/800] train_loss_con: 417.640 energy_loss: 392.329
[GPU4] epochs: [623/800] train_loss_con: 416.598 energy_loss: 392.831
[GPU4] epochs: [624/800] train_loss_con: 417.422 energy_loss: 391.158
[GPU4] epochs: [625/800] train_loss_con: 415.835 energy_loss: 391.255
[GPU4] epochs: [626/800] train_loss_con: 415.849 energy_loss: 390.099
[GPU4] epochs: [627/800] train_loss_con: 409.801 energy_loss: 391.488
[GPU4] epochs: [628/800] train_loss_con: 410.638 energy_loss: 389.572
[GPU4] epochs: [629/800] train_loss_con: 408.131 energy_loss: 388.921
[GPU4] epochs: [630/800] train_loss_con: 411.027 energy_loss: 387.976
[GPU4] epochs: [631/800] train_loss_con: 412.609 energy_loss: 387.772
[GPU4] epochs: [632/800] train_loss_con: 406.461 energy_loss: 386.183
[GPU4] epochs: [633/800] train_loss_con: 409.669 energy_loss: 386.295
[GPU4] epochs: [634/800] train_loss_con: 406.176 energy_loss: 384.624
[GPU4] epochs: [635/800] train_loss_con: 408.494 energy_loss: 385.221
[GPU4] epochs: [636/800] train_loss_con: 407.778 energy_loss: 384.363
[GPU4] epochs: [637/800] train_loss_con: 405.512 energy_loss: 381.653
[GPU4] epochs: [638/800] train_loss_con: 406.578 energy_loss: 381.357
[GPU4] epochs: [639/800] train_loss_con: 402.860 energy_loss: 381.281
[GPU4] epochs: [640/800] train_loss_con: 402.751 energy_loss: 379.619
[GPU4] epochs: [641/800] train_loss_con: 402.039 energy_loss: 379.440
[GPU4] epochs: [642/800] train_loss_con: 401.961 energy_loss: 379.614
[GPU4] epochs: [643/800] train_loss_con: 401.323 energy_loss: 377.666
[GPU4] epochs: [644/800] train_loss_con: 400.798 energy_loss: 376.035
[GPU4] epochs: [645/800] train_loss_con: 400.457 energy_loss: 373.717
[GPU4] epochs: [646/800] train_loss_con: 398.795 energy_loss: 374.887
[GPU4] epochs: [647/800] train_loss_con: 397.866 energy_loss: 373.949
[GPU4] epochs: [648/800] train_loss_con: 396.118 energy_loss: 373.559
[GPU4] epochs: [649/800] train_loss_con: 397.194 energy_loss: 372.309
[GPU4] epochs: [650/800] train_loss_con: 393.716 energy_loss: 372.155
[GPU4] epochs: [651/800] train_loss_con: 394.137 energy_loss: 371.293
[GPU4] epochs: [652/800] train_loss_con: 398.688 energy_loss: 370.876
[GPU4] epochs: [653/800] train_loss_con: 394.690 energy_loss: 371.716
[GPU4] epochs: [654/800] train_loss_con: 392.340 energy_loss: 369.956
[GPU4] epochs: [655/800] train_loss_con: 391.713 energy_loss: 369.674
[GPU4] epochs: [656/800] train_loss_con: 393.274 energy_loss: 368.006
[GPU4] epochs: [657/800] train_loss_con: 388.685 energy_loss: 367.316
[GPU4] epochs: [658/800] train_loss_con: 390.892 energy_loss: 367.402
[GPU4] epochs: [659/800] train_loss_con: 390.376 energy_loss: 364.843
[GPU4] epochs: [660/800] train_loss_con: 390.032 energy_loss: 364.521
[GPU4] epochs: [661/800] train_loss_con: 388.106 energy_loss: 364.091
[GPU4] epochs: [662/800] train_loss_con: 385.184 energy_loss: 363.072
[GPU4] epochs: [663/800] train_loss_con: 384.023 energy_loss: 362.055
[GPU4] epochs: [664/800] train_loss_con: 386.093 energy_loss: 362.361
[GPU4] epochs: [665/800] train_loss_con: 384.382 energy_loss: 360.781
[GPU4] epochs: [666/800] train_loss_con: 385.042 energy_loss: 360.376
[GPU4] epochs: [667/800] train_loss_con: 385.389 energy_loss: 360.852
[GPU4] epochs: [668/800] train_loss_con: 383.988 energy_loss: 359.361
[GPU4] epochs: [669/800] train_loss_con: 383.248 energy_loss: 358.921
[GPU4] epochs: [670/800] train_loss_con: 382.030 energy_loss: 358.171
[GPU4] epochs: [671/800] train_loss_con: 381.096 energy_loss: 358.139
[GPU4] epochs: [672/800] train_loss_con: 382.443 energy_loss: 357.187
[GPU4] epochs: [673/800] train_loss_con: 380.715 energy_loss: 356.723
[GPU4] epochs: [674/800] train_loss_con: 377.796 energy_loss: 355.224
[GPU4] epochs: [675/800] train_loss_con: 380.957 energy_loss: 352.746
[GPU4] epochs: [676/800] train_loss_con: 380.725 energy_loss: 355.063
[GPU4] epochs: [677/800] train_loss_con: 379.019 energy_loss: 353.270
[GPU4] epochs: [678/800] train_loss_con: 375.956 energy_loss: 353.543
[GPU4] epochs: [679/800] train_loss_con: 376.840 energy_loss: 354.354
[GPU4] epochs: [680/800] train_loss_con: 378.010 energy_loss: 352.646
[GPU4] epochs: [681/800] train_loss_con: 377.598 energy_loss: 352.263
[GPU4] epochs: [682/800] train_loss_con: 374.613 energy_loss: 350.537
[GPU4] epochs: [683/800] train_loss_con: 373.447 energy_loss: 350.131
[GPU4] epochs: [684/800] train_loss_con: 373.833 energy_loss: 349.297
[GPU4] epochs: [685/800] train_loss_con: 371.369 energy_loss: 350.982
[GPU4] epochs: [686/800] train_loss_con: 370.462 energy_loss: 348.196
[GPU4] epochs: [687/800] train_loss_con: 371.152 energy_loss: 346.568
[GPU4] epochs: [688/800] train_loss_con: 369.113 energy_loss: 346.293
[GPU4] epochs: [689/800] train_loss_con: 368.219 energy_loss: 345.285
[GPU4] epochs: [690/800] train_loss_con: 370.133 energy_loss: 345.614
[GPU4] epochs: [691/800] train_loss_con: 368.328 energy_loss: 344.105
[GPU4] epochs: [692/800] train_loss_con: 363.977 energy_loss: 343.728
[GPU4] epochs: [693/800] train_loss_con: 365.996 energy_loss: 342.070
[GPU4] epochs: [694/800] train_loss_con: 366.974 energy_loss: 342.006
[GPU4] epochs: [695/800] train_loss_con: 365.321 energy_loss: 340.828
[GPU4] epochs: [696/800] train_loss_con: 364.083 energy_loss: 339.573
[GPU4] epochs: [697/800] train_loss_con: 364.394 energy_loss: 340.130
[GPU4] epochs: [698/800] train_loss_con: 362.283 energy_loss: 339.797
[GPU4] epochs: [699/800] train_loss_con: 363.205 energy_loss: 339.538
[GPU4] epochs: [700/800] train_loss_con: 359.602 energy_loss: 339.494
[GPU4] epochs: [701/800] train_loss_con: 362.345 energy_loss: 339.555
[GPU4] epochs: [702/800] train_loss_con: 362.476 energy_loss: 337.705
[GPU4] epochs: [703/800] train_loss_con: 363.610 energy_loss: 337.297
[GPU4] epochs: [704/800] train_loss_con: 362.214 energy_loss: 337.526
[GPU4] epochs: [705/800] train_loss_con: 356.362 energy_loss: 336.478
[GPU4] epochs: [706/800] train_loss_con: 357.727 energy_loss: 335.532
[GPU4] epochs: [707/800] train_loss_con: 358.850 energy_loss: 335.534
[GPU4] epochs: [708/800] train_loss_con: 355.461 energy_loss: 335.418
[GPU4] epochs: [709/800] train_loss_con: 360.958 energy_loss: 334.397
[GPU4] epochs: [710/800] train_loss_con: 354.394 energy_loss: 334.040
[GPU4] epochs: [711/800] train_loss_con: 356.684 energy_loss: 332.323
[GPU4] epochs: [712/800] train_loss_con: 357.731 energy_loss: 331.418
[GPU4] epochs: [713/800] train_loss_con: 356.533 energy_loss: 332.157
[GPU4] epochs: [714/800] train_loss_con: 353.660 energy_loss: 330.300
[GPU4] epochs: [715/800] train_loss_con: 352.317 energy_loss: 330.389
[GPU4] epochs: [716/800] train_loss_con: 351.059 energy_loss: 328.691
[GPU4] epochs: [717/800] train_loss_con: 353.180 energy_loss: 328.764
[GPU4] epochs: [718/800] train_loss_con: 352.231 energy_loss: 328.375
[GPU4] epochs: [719/800] train_loss_con: 351.732 energy_loss: 328.447
[GPU4] epochs: [720/800] train_loss_con: 350.057 energy_loss: 328.800
[GPU4] epochs: [721/800] train_loss_con: 348.592 energy_loss: 327.628
[GPU4] epochs: [722/800] train_loss_con: 350.728 energy_loss: 326.876
[GPU4] epochs: [723/800] train_loss_con: 348.419 energy_loss: 326.595
[GPU4] epochs: [724/800] train_loss_con: 350.289 energy_loss: 327.188
[GPU4] epochs: [725/800] train_loss_con: 347.799 energy_loss: 326.661
[GPU4] epochs: [726/800] train_loss_con: 348.935 energy_loss: 325.771
[GPU4] epochs: [727/800] train_loss_con: 344.822 energy_loss: 325.671
[GPU4] epochs: [728/800] train_loss_con: 346.492 energy_loss: 324.760
[GPU4] epochs: [729/800] train_loss_con: 349.386 energy_loss: 324.483
[GPU4] epochs: [730/800] train_loss_con: 346.353 energy_loss: 323.948
[GPU4] epochs: [731/800] train_loss_con: 344.324 energy_loss: 323.765
[GPU4] epochs: [732/800] train_loss_con: 345.959 energy_loss: 323.230
[GPU4] epochs: [733/800] train_loss_con: 346.090 energy_loss: 322.757
[GPU4] epochs: [734/800] train_loss_con: 342.127 energy_loss: 322.194
[GPU4] epochs: [735/800] train_loss_con: 342.296 energy_loss: 322.397
[GPU4] epochs: [736/800] train_loss_con: 341.936 energy_loss: 322.372
[GPU4] epochs: [737/800] train_loss_con: 343.491 energy_loss: 321.390
[GPU4] epochs: [738/800] train_loss_con: 340.923 energy_loss: 320.986
[GPU4] epochs: [739/800] train_loss_con: 343.062 energy_loss: 320.778
[GPU4] epochs: [740/800] train_loss_con: 340.274 energy_loss: 320.065
[GPU4] epochs: [741/800] train_loss_con: 340.445 energy_loss: 319.394
[GPU4] epochs: [742/800] train_loss_con: 341.460 energy_loss: 319.545
[GPU4] epochs: [743/800] train_loss_con: 340.844 energy_loss: 319.262
[GPU4] epochs: [744/800] train_loss_con: 342.356 energy_loss: 317.742
[GPU4] epochs: [745/800] train_loss_con: 339.293 energy_loss: 317.765
[GPU4] epochs: [746/800] train_loss_con: 339.355 energy_loss: 318.122
[GPU4] epochs: [747/800] train_loss_con: 337.038 energy_loss: 317.059
[GPU4] epochs: [748/800] train_loss_con: 339.167 energy_loss: 316.871
[GPU4] epochs: [749/800] train_loss_con: 338.081 energy_loss: 316.283
[GPU4] epochs: [750/800] train_loss_con: 337.530 energy_loss: 315.687
[GPU4] epochs: [751/800] train_loss_con: 337.432 energy_loss: 316.318
[GPU4] epochs: [752/800] train_loss_con: 337.570 energy_loss: 315.623
[GPU4] epochs: [753/800] train_loss_con: 335.192 energy_loss: 314.882
[GPU4] epochs: [754/800] train_loss_con: 336.888 energy_loss: 314.094
[GPU4] epochs: [755/800] train_loss_con: 337.144 energy_loss: 313.940
[GPU4] epochs: [756/800] train_loss_con: 334.315 energy_loss: 313.840
[GPU4] epochs: [757/800] train_loss_con: 334.226 energy_loss: 313.878
[GPU4] epochs: [758/800] train_loss_con: 334.700 energy_loss: 314.074
[GPU4] epochs: [759/800] train_loss_con: 336.230 energy_loss: 313.980
[GPU4] epochs: [760/800] train_loss_con: 335.498 energy_loss: 313.707
[GPU4] epochs: [761/800] train_loss_con: 333.645 energy_loss: 313.371
[GPU4] epochs: [762/800] train_loss_con: 334.676 energy_loss: 312.905
[GPU4] epochs: [763/800] train_loss_con: 332.440 energy_loss: 312.782
[GPU4] epochs: [764/800] train_loss_con: 334.681 energy_loss: 312.031
[GPU4] epochs: [765/800] train_loss_con: 332.610 energy_loss: 311.941
[GPU4] epochs: [766/800] train_loss_con: 331.613 energy_loss: 311.503
[GPU4] epochs: [767/800] train_loss_con: 332.099 energy_loss: 311.647
[GPU4] epochs: [768/800] train_loss_con: 331.942 energy_loss: 311.499
[GPU4] epochs: [769/800] train_loss_con: 332.770 energy_loss: 310.967
[GPU4] epochs: [770/800] train_loss_con: 331.772 energy_loss: 310.358
[GPU4] epochs: [771/800] train_loss_con: 330.943 energy_loss: 310.171
[GPU4] epochs: [772/800] train_loss_con: 331.451 energy_loss: 309.860
[GPU4] epochs: [773/800] train_loss_con: 332.190 energy_loss: 310.244
[GPU4] epochs: [774/800] train_loss_con: 332.971 energy_loss: 310.011
[GPU4] epochs: [775/800] train_loss_con: 331.230 energy_loss: 309.271
[GPU4] epochs: [776/800] train_loss_con: 329.692 energy_loss: 308.940
[GPU4] epochs: [777/800] train_loss_con: 331.411 energy_loss: 308.556
[GPU4] epochs: [778/800] train_loss_con: 331.055 energy_loss: 308.507
[GPU4] epochs: [779/800] train_loss_con: 329.790 energy_loss: 308.193
[GPU4] epochs: [780/800] train_loss_con: 330.539 energy_loss: 308.200
[GPU4] epochs: [781/800] train_loss_con: 331.625 energy_loss: 308.299
[GPU4] epochs: [782/800] train_loss_con: 331.048 energy_loss: 307.547
[GPU4] epochs: [783/800] train_loss_con: 330.468 energy_loss: 307.366
[GPU4] epochs: [784/800] train_loss_con: 329.658 energy_loss: 306.933
[GPU4] epochs: [785/800] train_loss_con: 329.643 energy_loss: 307.031
[GPU4] epochs: [786/800] train_loss_con: 330.656 energy_loss: 306.475
[GPU4] epochs: [787/800] train_loss_con: 331.194 energy_loss: 306.404
[GPU4] epochs: [788/800] train_loss_con: 329.204 energy_loss: 306.137
[GPU4] epochs: [789/800] train_loss_con: 328.351 energy_loss: 305.617
[GPU4] epochs: [790/800] train_loss_con: 331.416 energy_loss: 306.066
[GPU4] epochs: [791/800] train_loss_con: 328.559 energy_loss: 305.598
[GPU4] epochs: [792/800] train_loss_con: 329.327 energy_loss: 305.512
[GPU4] epochs: [793/800] train_loss_con: 329.886 energy_loss: 305.258
[GPU4] epochs: [794/800] train_loss_con: 328.807 energy_loss: 304.984
[GPU4] epochs: [795/800] train_loss_con: 330.533 energy_loss: 305.162
[GPU4] epochs: [796/800] train_loss_con: 330.228 energy_loss: 304.726
[GPU4] epochs: [797/800] train_loss_con: 328.891 energy_loss: 304.672
[GPU4] epochs: [798/800] train_loss_con: 330.502 energy_loss: 304.432
[GPU4] epochs: [799/800] train_loss_con: 328.253 energy_loss: 304.219
[GPU4] epochs: [800/800] train_loss_con: 330.428 energy_loss: 304.132
### TSNE starts
### MLP training begins
[GPU4] Test Accuracy at epoch: 0: 0.613
[GPU4] epochs: [1/100] train_acc: 0.508 train_loss_sup: 2.162
[GPU4] epochs: [2/100] train_acc: 0.608 train_loss_sup: 1.483
[GPU4] epochs: [3/100] train_acc: 0.627 train_loss_sup: 1.385
[GPU4] epochs: [4/100] train_acc: 0.644 train_loss_sup: 1.316
[GPU4] epochs: [5/100] train_acc: 0.654 train_loss_sup: 1.279
[GPU4] epochs: [6/100] train_acc: 0.662 train_loss_sup: 1.245
[GPU4] epochs: [7/100] train_acc: 0.674 train_loss_sup: 1.205
[GPU4] epochs: [8/100] train_acc: 0.675 train_loss_sup: 1.192
[GPU4] epochs: [9/100] train_acc: 0.682 train_loss_sup: 1.169
[GPU4] epochs: [10/100] train_acc: 0.685 train_loss_sup: 1.146
[GPU4] Test Accuracy at epoch: 10: 0.666
[GPU4] epochs: [11/100] train_acc: 0.693 train_loss_sup: 1.125
[GPU4] epochs: [12/100] train_acc: 0.698 train_loss_sup: 1.107
[GPU4] epochs: [13/100] train_acc: 0.695 train_loss_sup: 1.112
[GPU4] epochs: [14/100] train_acc: 0.702 train_loss_sup: 1.097
[GPU4] epochs: [15/100] train_acc: 0.703 train_loss_sup: 1.082
[GPU4] epochs: [16/100] train_acc: 0.706 train_loss_sup: 1.072
[GPU4] epochs: [17/100] train_acc: 0.712 train_loss_sup: 1.056
[GPU4] epochs: [18/100] train_acc: 0.710 train_loss_sup: 1.054
[GPU4] epochs: [19/100] train_acc: 0.716 train_loss_sup: 1.043
[GPU4] epochs: [20/100] train_acc: 0.713 train_loss_sup: 1.042
[GPU4] Test Accuracy at epoch: 20: 0.671
[GPU4] epochs: [21/100] train_acc: 0.719 train_loss_sup: 1.029
[GPU4] epochs: [22/100] train_acc: 0.721 train_loss_sup: 1.023
[GPU4] epochs: [23/100] train_acc: 0.725 train_loss_sup: 1.006
[GPU4] epochs: [24/100] train_acc: 0.727 train_loss_sup: 1.004
[GPU4] epochs: [25/100] train_acc: 0.727 train_loss_sup: 1.002
[GPU4] epochs: [26/100] train_acc: 0.727 train_loss_sup: 0.998
[GPU4] epochs: [27/100] train_acc: 0.733 train_loss_sup: 0.980
[GPU4] epochs: [28/100] train_acc: 0.734 train_loss_sup: 0.971
[GPU4] epochs: [29/100] train_acc: 0.733 train_loss_sup: 0.980
[GPU4] epochs: [30/100] train_acc: 0.737 train_loss_sup: 0.966
[GPU4] Test Accuracy at epoch: 30: 0.676
[GPU4] epochs: [31/100] train_acc: 0.732 train_loss_sup: 0.976
[GPU4] epochs: [32/100] train_acc: 0.739 train_loss_sup: 0.964
[GPU4] epochs: [33/100] train_acc: 0.742 train_loss_sup: 0.954
[GPU4] epochs: [34/100] train_acc: 0.737 train_loss_sup: 0.959
[GPU4] epochs: [35/100] train_acc: 0.739 train_loss_sup: 0.956
[GPU4] epochs: [36/100] train_acc: 0.739 train_loss_sup: 0.955
[GPU4] epochs: [37/100] train_acc: 0.743 train_loss_sup: 0.953
[GPU4] epochs: [38/100] train_acc: 0.746 train_loss_sup: 0.939
[GPU4] epochs: [39/100] train_acc: 0.745 train_loss_sup: 0.941
[GPU4] epochs: [40/100] train_acc: 0.745 train_loss_sup: 0.940
[GPU4] Test Accuracy at epoch: 40: 0.674
[GPU4] epochs: [41/100] train_acc: 0.750 train_loss_sup: 0.928
[GPU4] epochs: [42/100] train_acc: 0.745 train_loss_sup: 0.931
[GPU4] epochs: [43/100] train_acc: 0.747 train_loss_sup: 0.925
[GPU4] epochs: [44/100] train_acc: 0.748 train_loss_sup: 0.926
[GPU4] epochs: [45/100] train_acc: 0.751 train_loss_sup: 0.920
[GPU4] epochs: [46/100] train_acc: 0.752 train_loss_sup: 0.922
[GPU4] epochs: [47/100] train_acc: 0.751 train_loss_sup: 0.911
[GPU4] epochs: [48/100] train_acc: 0.752 train_loss_sup: 0.913
[GPU4] epochs: [49/100] train_acc: 0.753 train_loss_sup: 0.914
[GPU4] epochs: [50/100] train_acc: 0.753 train_loss_sup: 0.910
[GPU4] Test Accuracy at epoch: 50: 0.673
[GPU4] epochs: [51/100] train_acc: 0.755 train_loss_sup: 0.908
[GPU4] epochs: [52/100] train_acc: 0.758 train_loss_sup: 0.896
[GPU4] epochs: [53/100] train_acc: 0.754 train_loss_sup: 0.913
[GPU4] epochs: [54/100] train_acc: 0.756 train_loss_sup: 0.906
[GPU4] epochs: [55/100] train_acc: 0.757 train_loss_sup: 0.910
[GPU4] epochs: [56/100] train_acc: 0.754 train_loss_sup: 0.907
[GPU4] epochs: [57/100] train_acc: 0.762 train_loss_sup: 0.888
[GPU4] epochs: [58/100] train_acc: 0.756 train_loss_sup: 0.896
[GPU4] epochs: [59/100] train_acc: 0.760 train_loss_sup: 0.885
[GPU4] epochs: [60/100] train_acc: 0.760 train_loss_sup: 0.888
[GPU4] Test Accuracy at epoch: 60: 0.674
[GPU4] epochs: [61/100] train_acc: 0.760 train_loss_sup: 0.888
[GPU4] epochs: [62/100] train_acc: 0.762 train_loss_sup: 0.880
[GPU4] epochs: [63/100] train_acc: 0.760 train_loss_sup: 0.884
[GPU4] epochs: [64/100] train_acc: 0.763 train_loss_sup: 0.878
[GPU4] epochs: [65/100] train_acc: 0.763 train_loss_sup: 0.879
[GPU4] epochs: [66/100] train_acc: 0.764 train_loss_sup: 0.883
[GPU4] epochs: [67/100] train_acc: 0.766 train_loss_sup: 0.872
[GPU4] epochs: [68/100] train_acc: 0.761 train_loss_sup: 0.888
[GPU4] epochs: [69/100] train_acc: 0.761 train_loss_sup: 0.876
[GPU4] epochs: [70/100] train_acc: 0.767 train_loss_sup: 0.872
[GPU4] Test Accuracy at epoch: 70: 0.67
[GPU4] epochs: [71/100] train_acc: 0.763 train_loss_sup: 0.879
[GPU4] epochs: [72/100] train_acc: 0.765 train_loss_sup: 0.876
[GPU4] epochs: [73/100] train_acc: 0.765 train_loss_sup: 0.874
[GPU4] epochs: [74/100] train_acc: 0.766 train_loss_sup: 0.866
[GPU4] epochs: [75/100] train_acc: 0.768 train_loss_sup: 0.868
[GPU4] epochs: [76/100] train_acc: 0.764 train_loss_sup: 0.876
[GPU4] epochs: [77/100] train_acc: 0.768 train_loss_sup: 0.865
[GPU4] epochs: [78/100] train_acc: 0.766 train_loss_sup: 0.865
[GPU4] epochs: [79/100] train_acc: 0.767 train_loss_sup: 0.861
[GPU4] epochs: [80/100] train_acc: 0.768 train_loss_sup: 0.865
[GPU4] Test Accuracy at epoch: 80: 0.671
[GPU4] epochs: [81/100] train_acc: 0.767 train_loss_sup: 0.866
[GPU4] epochs: [82/100] train_acc: 0.770 train_loss_sup: 0.857
[GPU4] epochs: [83/100] train_acc: 0.768 train_loss_sup: 0.856
[GPU4] epochs: [84/100] train_acc: 0.768 train_loss_sup: 0.864
[GPU4] epochs: [85/100] train_acc: 0.768 train_loss_sup: 0.859
[GPU4] epochs: [86/100] train_acc: 0.770 train_loss_sup: 0.855
[GPU4] epochs: [87/100] train_acc: 0.771 train_loss_sup: 0.855
[GPU4] epochs: [88/100] train_acc: 0.773 train_loss_sup: 0.847
[GPU4] epochs: [89/100] train_acc: 0.773 train_loss_sup: 0.847
[GPU4] epochs: [90/100] train_acc: 0.769 train_loss_sup: 0.856
[GPU4] Test Accuracy at epoch: 90: 0.671
[GPU4] epochs: [91/100] train_acc: 0.771 train_loss_sup: 0.846
[GPU4] epochs: [92/100] train_acc: 0.771 train_loss_sup: 0.852
[GPU4] epochs: [93/100] train_acc: 0.773 train_loss_sup: 0.841
[GPU4] epochs: [94/100] train_acc: 0.770 train_loss_sup: 0.855
[GPU4] epochs: [95/100] train_acc: 0.770 train_loss_sup: 0.861
[GPU4] epochs: [96/100] train_acc: 0.770 train_loss_sup: 0.848
[GPU4] epochs: [97/100] train_acc: 0.770 train_loss_sup: 0.853
[GPU4] epochs: [98/100] train_acc: 0.773 train_loss_sup: 0.845
[GPU4] epochs: [99/100] train_acc: 0.773 train_loss_sup: 0.846
[GPU4] epochs: [100/100] train_acc: 0.774 train_loss_sup: 0.842
[GPU4] Final Test Accuracy: 0.67
Model weights saved
<All keys matched successfully>
OpenBLAS warning: precompiled NUM_THREADS exceeded, adding auxiliary array for thread metadata.
To avoid this warning, please rebuild your copy of OpenBLAS with a larger NUM_THREADS setting
or set the environment variable OPENBLAS_NUM_THREADS to 64 or lower
knn evalution
logistic regression evalution
knn_acc: 0.581, log_reg_acc: 0.640
BLAS : Bad memory unallocation! :  640  0x7f2efab3e000
BLAS : Bad memory unallocation! :  640  0x7f2ef4b3e000
BLAS : Bad memory unallocation! :  640  0x7f2ef0b3e000
BLAS : Bad memory unallocation! :  640  0x7f2eeab3e000
BLAS : Bad memory unallocation! :  640  0x7f2ea0b3e000
BLAS : Bad memory unallocation! :  640  0x7f2e80b3e000
BLAS : Bad memory unallocation! :  640  0x7f2e86b3e000
BLAS : Bad memory unallocation! :  640  0x7f2e98b3e000
BLAS : Bad memory unallocation! :  640  0x7f2e0eb3e000
BLAS : Bad memory unallocation! :  640  0x7f2e0ab3e000
