environment: 
YAML: configs/bt.sc.yaml
==> SEED: 42
==> train_algo: bt-sc
==> dataset: {'cifar10': {'num_classes': 10, 'params': {'data_dir': 'datasets/cifar10', 'batch_size': 512, 'num_workers': 1, 'image_size': 32, 'algo': 'bt-sc'}}, 'cifar100': {'num_classes': 100, 'params': {'data_dir': 'datasets/cifar100', 'batch_size': 512, 'num_workers': 1, 'image_size': 32, 'algo': 'bt-sc'}}}
==> return_logs: False
==> eval_every: 10
==> n_epochs: 800
==> n_epochs_mlp: 100
==> gpu_id: 2
==> opt: SGD
==> opt_params: {'lr': 0.4, 'momentum': 0.9, 'weight_decay': 0.0001}
==> schedular_params: {'T_max': 800, 'eta_min': 0.001}
==> mlp_opt: SGD
==> mlp_opt_params: {'lr': 0.01, 'momentum': 0.9}
==> energy_model_params: {'eta': 0.01, 'steps': 5, 'sigma': 0.2, 'delta': 0.1, 'net_type': 'score'}
==> energy_opt: AdamW
==> energy_model_opt_params: {'lr': 0.001}
==> warmup_epochs: 0
==> model_params: {'model_name': 'resnet50', 'pretrained': False, 'proj_dim': 4096, 'barlow_hidden': 4096, 'algo_type': 'bt-sc'}
==> mlp_type: hidden
==> loss: bt-sc
==> loss_params: {'lambd': 0.005}
==> distributed: False
==> model_save_path: saved_models/bt.sc.c10.r50.pth
==> config: configs/bt.sc.yaml
--------------------------------------------------
Network(
  (base_encoder): BaseEncoder(
    (feat_extractor): Sequential(
      (conv1): Conv2d(3, 64, kernel_size=(3, 3), stride=(1, 1), padding=(1, 1), bias=False)
      (bn1): BatchNorm2d(64, eps=1e-05, momentum=0.1, affine=True, track_running_stats=True)
      (relu): ReLU(inplace=True)
      (layer1): Sequential(
        (0): Bottleneck(
          (conv1): Conv2d(64, 64, kernel_size=(1, 1), stride=(1, 1), bias=False)
          (bn1): BatchNorm2d(64, eps=1e-05, momentum=0.1, affine=True, track_running_stats=True)
          (conv2): Conv2d(64, 64, kernel_size=(3, 3), stride=(1, 1), padding=(1, 1), bias=False)
          (bn2): BatchNorm2d(64, eps=1e-05, momentum=0.1, affine=True, track_running_stats=True)
          (conv3): Conv2d(64, 256, kernel_size=(1, 1), stride=(1, 1), bias=False)
          (bn3): BatchNorm2d(256, eps=1e-05, momentum=0.1, affine=True, track_running_stats=True)
          (relu): ReLU(inplace=True)
          (downsample): Sequential(
            (0): Conv2d(64, 256, kernel_size=(1, 1), stride=(1, 1), bias=False)
            (1): BatchNorm2d(256, eps=1e-05, momentum=0.1, affine=True, track_running_stats=True)
          )
        )
        (1): Bottleneck(
          (conv1): Conv2d(256, 64, kernel_size=(1, 1), stride=(1, 1), bias=False)
          (bn1): BatchNorm2d(64, eps=1e-05, momentum=0.1, affine=True, track_running_stats=True)
          (conv2): Conv2d(64, 64, kernel_size=(3, 3), stride=(1, 1), padding=(1, 1), bias=False)
          (bn2): BatchNorm2d(64, eps=1e-05, momentum=0.1, affine=True, track_running_stats=True)
          (conv3): Conv2d(64, 256, kernel_size=(1, 1), stride=(1, 1), bias=False)
          (bn3): BatchNorm2d(256, eps=1e-05, momentum=0.1, affine=True, track_running_stats=True)
          (relu): ReLU(inplace=True)
        )
        (2): Bottleneck(
          (conv1): Conv2d(256, 64, kernel_size=(1, 1), stride=(1, 1), bias=False)
          (bn1): BatchNorm2d(64, eps=1e-05, momentum=0.1, affine=True, track_running_stats=True)
          (conv2): Conv2d(64, 64, kernel_size=(3, 3), stride=(1, 1), padding=(1, 1), bias=False)
          (bn2): BatchNorm2d(64, eps=1e-05, momentum=0.1, affine=True, track_running_stats=True)
          (conv3): Conv2d(64, 256, kernel_size=(1, 1), stride=(1, 1), bias=False)
          (bn3): BatchNorm2d(256, eps=1e-05, momentum=0.1, affine=True, track_running_stats=True)
          (relu): ReLU(inplace=True)
        )
      )
      (layer2): Sequential(
        (0): Bottleneck(
          (conv1): Conv2d(256, 128, kernel_size=(1, 1), stride=(1, 1), bias=False)
          (bn1): BatchNorm2d(128, eps=1e-05, momentum=0.1, affine=True, track_running_stats=True)
          (conv2): Conv2d(128, 128, kernel_size=(3, 3), stride=(2, 2), padding=(1, 1), bias=False)
          (bn2): BatchNorm2d(128, eps=1e-05, momentum=0.1, affine=True, track_running_stats=True)
          (conv3): Conv2d(128, 512, kernel_size=(1, 1), stride=(1, 1), bias=False)
          (bn3): BatchNorm2d(512, eps=1e-05, momentum=0.1, affine=True, track_running_stats=True)
          (relu): ReLU(inplace=True)
          (downsample): Sequential(
            (0): Conv2d(256, 512, kernel_size=(1, 1), stride=(2, 2), bias=False)
            (1): BatchNorm2d(512, eps=1e-05, momentum=0.1, affine=True, track_running_stats=True)
          )
        )
        (1): Bottleneck(
          (conv1): Conv2d(512, 128, kernel_size=(1, 1), stride=(1, 1), bias=False)
          (bn1): BatchNorm2d(128, eps=1e-05, momentum=0.1, affine=True, track_running_stats=True)
          (conv2): Conv2d(128, 128, kernel_size=(3, 3), stride=(1, 1), padding=(1, 1), bias=False)
          (bn2): BatchNorm2d(128, eps=1e-05, momentum=0.1, affine=True, track_running_stats=True)
          (conv3): Conv2d(128, 512, kernel_size=(1, 1), stride=(1, 1), bias=False)
          (bn3): BatchNorm2d(512, eps=1e-05, momentum=0.1, affine=True, track_running_stats=True)
          (relu): ReLU(inplace=True)
        )
        (2): Bottleneck(
          (conv1): Conv2d(512, 128, kernel_size=(1, 1), stride=(1, 1), bias=False)
          (bn1): BatchNorm2d(128, eps=1e-05, momentum=0.1, affine=True, track_running_stats=True)
          (conv2): Conv2d(128, 128, kernel_size=(3, 3), stride=(1, 1), padding=(1, 1), bias=False)
          (bn2): BatchNorm2d(128, eps=1e-05, momentum=0.1, affine=True, track_running_stats=True)
          (conv3): Conv2d(128, 512, kernel_size=(1, 1), stride=(1, 1), bias=False)
          (bn3): BatchNorm2d(512, eps=1e-05, momentum=0.1, affine=True, track_running_stats=True)
          (relu): ReLU(inplace=True)
        )
        (3): Bottleneck(
          (conv1): Conv2d(512, 128, kernel_size=(1, 1), stride=(1, 1), bias=False)
          (bn1): BatchNorm2d(128, eps=1e-05, momentum=0.1, affine=True, track_running_stats=True)
          (conv2): Conv2d(128, 128, kernel_size=(3, 3), stride=(1, 1), padding=(1, 1), bias=False)
          (bn2): BatchNorm2d(128, eps=1e-05, momentum=0.1, affine=True, track_running_stats=True)
          (conv3): Conv2d(128, 512, kernel_size=(1, 1), stride=(1, 1), bias=False)
          (bn3): BatchNorm2d(512, eps=1e-05, momentum=0.1, affine=True, track_running_stats=True)
          (relu): ReLU(inplace=True)
        )
      )
      (layer3): Sequential(
        (0): Bottleneck(
          (conv1): Conv2d(512, 256, kernel_size=(1, 1), stride=(1, 1), bias=False)
          (bn1): BatchNorm2d(256, eps=1e-05, momentum=0.1, affine=True, track_running_stats=True)
          (conv2): Conv2d(256, 256, kernel_size=(3, 3), stride=(2, 2), padding=(1, 1), bias=False)
          (bn2): BatchNorm2d(256, eps=1e-05, momentum=0.1, affine=True, track_running_stats=True)
          (conv3): Conv2d(256, 1024, kernel_size=(1, 1), stride=(1, 1), bias=False)
          (bn3): BatchNorm2d(1024, eps=1e-05, momentum=0.1, affine=True, track_running_stats=True)
          (relu): ReLU(inplace=True)
          (downsample): Sequential(
            (0): Conv2d(512, 1024, kernel_size=(1, 1), stride=(2, 2), bias=False)
            (1): BatchNorm2d(1024, eps=1e-05, momentum=0.1, affine=True, track_running_stats=True)
          )
        )
        (1): Bottleneck(
          (conv1): Conv2d(1024, 256, kernel_size=(1, 1), stride=(1, 1), bias=False)
          (bn1): BatchNorm2d(256, eps=1e-05, momentum=0.1, affine=True, track_running_stats=True)
          (conv2): Conv2d(256, 256, kernel_size=(3, 3), stride=(1, 1), padding=(1, 1), bias=False)
          (bn2): BatchNorm2d(256, eps=1e-05, momentum=0.1, affine=True, track_running_stats=True)
          (conv3): Conv2d(256, 1024, kernel_size=(1, 1), stride=(1, 1), bias=False)
          (bn3): BatchNorm2d(1024, eps=1e-05, momentum=0.1, affine=True, track_running_stats=True)
          (relu): ReLU(inplace=True)
        )
        (2): Bottleneck(
          (conv1): Conv2d(1024, 256, kernel_size=(1, 1), stride=(1, 1), bias=False)
          (bn1): BatchNorm2d(256, eps=1e-05, momentum=0.1, affine=True, track_running_stats=True)
          (conv2): Conv2d(256, 256, kernel_size=(3, 3), stride=(1, 1), padding=(1, 1), bias=False)
          (bn2): BatchNorm2d(256, eps=1e-05, momentum=0.1, affine=True, track_running_stats=True)
          (conv3): Conv2d(256, 1024, kernel_size=(1, 1), stride=(1, 1), bias=False)
          (bn3): BatchNorm2d(1024, eps=1e-05, momentum=0.1, affine=True, track_running_stats=True)
          (relu): ReLU(inplace=True)
        )
        (3): Bottleneck(
          (conv1): Conv2d(1024, 256, kernel_size=(1, 1), stride=(1, 1), bias=False)
          (bn1): BatchNorm2d(256, eps=1e-05, momentum=0.1, affine=True, track_running_stats=True)
          (conv2): Conv2d(256, 256, kernel_size=(3, 3), stride=(1, 1), padding=(1, 1), bias=False)
          (bn2): BatchNorm2d(256, eps=1e-05, momentum=0.1, affine=True, track_running_stats=True)
          (conv3): Conv2d(256, 1024, kernel_size=(1, 1), stride=(1, 1), bias=False)
          (bn3): BatchNorm2d(1024, eps=1e-05, momentum=0.1, affine=True, track_running_stats=True)
          (relu): ReLU(inplace=True)
        )
        (4): Bottleneck(
          (conv1): Conv2d(1024, 256, kernel_size=(1, 1), stride=(1, 1), bias=False)
          (bn1): BatchNorm2d(256, eps=1e-05, momentum=0.1, affine=True, track_running_stats=True)
          (conv2): Conv2d(256, 256, kernel_size=(3, 3), stride=(1, 1), padding=(1, 1), bias=False)
          (bn2): BatchNorm2d(256, eps=1e-05, momentum=0.1, affine=True, track_running_stats=True)
          (conv3): Conv2d(256, 1024, kernel_size=(1, 1), stride=(1, 1), bias=False)
          (bn3): BatchNorm2d(1024, eps=1e-05, momentum=0.1, affine=True, track_running_stats=True)
          (relu): ReLU(inplace=True)
        )
        (5): Bottleneck(
          (conv1): Conv2d(1024, 256, kernel_size=(1, 1), stride=(1, 1), bias=False)
          (bn1): BatchNorm2d(256, eps=1e-05, momentum=0.1, affine=True, track_running_stats=True)
          (conv2): Conv2d(256, 256, kernel_size=(3, 3), stride=(1, 1), padding=(1, 1), bias=False)
          (bn2): BatchNorm2d(256, eps=1e-05, momentum=0.1, affine=True, track_running_stats=True)
          (conv3): Conv2d(256, 1024, kernel_size=(1, 1), stride=(1, 1), bias=False)
          (bn3): BatchNorm2d(1024, eps=1e-05, momentum=0.1, affine=True, track_running_stats=True)
          (relu): ReLU(inplace=True)
        )
      )
      (layer4): Sequential(
        (0): Bottleneck(
          (conv1): Conv2d(1024, 512, kernel_size=(1, 1), stride=(1, 1), bias=False)
          (bn1): BatchNorm2d(512, eps=1e-05, momentum=0.1, affine=True, track_running_stats=True)
          (conv2): Conv2d(512, 512, kernel_size=(3, 3), stride=(2, 2), padding=(1, 1), bias=False)
          (bn2): BatchNorm2d(512, eps=1e-05, momentum=0.1, affine=True, track_running_stats=True)
          (conv3): Conv2d(512, 2048, kernel_size=(1, 1), stride=(1, 1), bias=False)
          (bn3): BatchNorm2d(2048, eps=1e-05, momentum=0.1, affine=True, track_running_stats=True)
          (relu): ReLU(inplace=True)
          (downsample): Sequential(
            (0): Conv2d(1024, 2048, kernel_size=(1, 1), stride=(2, 2), bias=False)
            (1): BatchNorm2d(2048, eps=1e-05, momentum=0.1, affine=True, track_running_stats=True)
          )
        )
        (1): Bottleneck(
          (conv1): Conv2d(2048, 512, kernel_size=(1, 1), stride=(1, 1), bias=False)
          (bn1): BatchNorm2d(512, eps=1e-05, momentum=0.1, affine=True, track_running_stats=True)
          (conv2): Conv2d(512, 512, kernel_size=(3, 3), stride=(1, 1), padding=(1, 1), bias=False)
          (bn2): BatchNorm2d(512, eps=1e-05, momentum=0.1, affine=True, track_running_stats=True)
          (conv3): Conv2d(512, 2048, kernel_size=(1, 1), stride=(1, 1), bias=False)
          (bn3): BatchNorm2d(2048, eps=1e-05, momentum=0.1, affine=True, track_running_stats=True)
          (relu): ReLU(inplace=True)
        )
        (2): Bottleneck(
          (conv1): Conv2d(2048, 512, kernel_size=(1, 1), stride=(1, 1), bias=False)
          (bn1): BatchNorm2d(512, eps=1e-05, momentum=0.1, affine=True, track_running_stats=True)
          (conv2): Conv2d(512, 512, kernel_size=(3, 3), stride=(1, 1), padding=(1, 1), bias=False)
          (bn2): BatchNorm2d(512, eps=1e-05, momentum=0.1, affine=True, track_running_stats=True)
          (conv3): Conv2d(512, 2048, kernel_size=(1, 1), stride=(1, 1), bias=False)
          (bn3): BatchNorm2d(2048, eps=1e-05, momentum=0.1, affine=True, track_running_stats=True)
          (relu): ReLU(inplace=True)
        )
      )
      (avgpool): AdaptiveAvgPool2d(output_size=(1, 1))
    )
  )
  (proj): bt_proj(
    (proj): Sequential(
      (0): Linear(in_features=2048, out_features=4096, bias=False)
      (1): BatchNorm1d(4096, eps=1e-05, momentum=0.1, affine=True, track_running_stats=True)
      (2): ReLU()
      (3): Linear(in_features=4096, out_features=4096, bias=False)
      (4): BatchNorm1d(4096, eps=1e-05, momentum=0.1, affine=True, track_running_stats=True)
      (5): ReLU()
      (6): Linear(in_features=4096, out_features=4096, bias=True)
      (7): BatchNorm1d(4096, eps=1e-05, momentum=0.1, affine=False, track_running_stats=True)
    )
  )
)
NOC: 10
using optimizer: SGD
loss function: bt-sc
loss: BarlowTwinLoss()
augmentation for bt-sc: 
Compose(
    RandomResizedCrop(size=(32, 32), scale=(0.08, 1.0), ratio=(0.75, 1.3333), interpolation=bilinear, antialias=True)
    RandomHorizontalFlip(p=0.5)
    RandomApply(
    p=0.8
    ColorJitter(brightness=(0.6, 1.4), contrast=(0.6, 1.4), saturation=(0.6, 1.4), hue=(-0.1, 0.1))
)
    RandomGrayscale(p=0.2)
    <src.data.Solarization object at 0x7f9d7efdb460>
    ToTensor()
    Normalize(mean=(0.4914, 0.4822, 0.4465), std=(0.2023, 0.1994, 0.201))
)
Compose(
    RandomResizedCrop(size=(32, 32), scale=(0.08, 1.0), ratio=(0.75, 1.3333), interpolation=bilinear, antialias=True)
    RandomHorizontalFlip(p=0.5)
    RandomApply(
    p=0.8
    ColorJitter(brightness=(0.6, 1.4), contrast=(0.6, 1.4), saturation=(0.6, 1.4), hue=(-0.1, 0.1))
)
    RandomGrayscale(p=0.2)
    <src.data.Solarization object at 0x7f9d7efd8cd0>
    ToTensor()
    Normalize(mean=(0.4914, 0.4822, 0.4465), std=(0.2023, 0.1994, 0.201))
)
# of Training Images: 50000
# of Testing Images: 10000
using optimizer: AdamW
### Barlow Twins with SC-net Training begins
[GPU2] epochs: [1/800] train_loss_con: 5082.806 energy_loss: 1024.551
[GPU2] epochs: [2/800] train_loss_con: 3962.501 energy_loss: 1024.278
[GPU2] epochs: [3/800] train_loss_con: 3844.970 energy_loss: 1024.116
[GPU2] epochs: [4/800] train_loss_con: 3825.341 energy_loss: 1024.026
[GPU2] epochs: [5/800] train_loss_con: 3814.263 energy_loss: 1023.863
[GPU2] epochs: [6/800] train_loss_con: 3803.790 energy_loss: 1023.979
[GPU2] epochs: [7/800] train_loss_con: 3765.085 energy_loss: 1023.998
[GPU2] epochs: [8/800] train_loss_con: 3756.115 energy_loss: 1024.068
[GPU2] epochs: [9/800] train_loss_con: 3755.396 energy_loss: 1023.996
[GPU2] epochs: [10/800] train_loss_con: 3761.859 energy_loss: 1023.988
[GPU2] epochs: [11/800] train_loss_con: 3774.226 energy_loss: 1024.046
[GPU2] epochs: [12/800] train_loss_con: 3698.141 energy_loss: 1024.116
[GPU2] epochs: [13/800] train_loss_con: 3671.654 energy_loss: 1023.926
[GPU2] epochs: [14/800] train_loss_con: 3636.526 energy_loss: 1023.956
[GPU2] epochs: [15/800] train_loss_con: 3638.086 energy_loss: 1023.852
[GPU2] epochs: [16/800] train_loss_con: 3604.325 energy_loss: 1023.996
[GPU2] epochs: [17/800] train_loss_con: 3620.305 energy_loss: 1023.998
[GPU2] epochs: [18/800] train_loss_con: 3629.780 energy_loss: 1023.937
[GPU2] epochs: [19/800] train_loss_con: 3616.108 energy_loss: 1024.148
[GPU2] epochs: [20/800] train_loss_con: 3573.087 energy_loss: 1024.003
[GPU2] epochs: [21/800] train_loss_con: 3496.679 energy_loss: 1023.875
[GPU2] epochs: [22/800] train_loss_con: 3403.512 energy_loss: 1024.018
[GPU2] epochs: [23/800] train_loss_con: 3380.173 energy_loss: 1024.191
[GPU2] epochs: [24/800] train_loss_con: 3379.116 energy_loss: 1023.897
[GPU2] epochs: [25/800] train_loss_con: 3356.496 energy_loss: 1024.094
[GPU2] epochs: [26/800] train_loss_con: 3274.214 energy_loss: 1024.032
[GPU2] epochs: [27/800] train_loss_con: 3222.138 energy_loss: 1024.045
[GPU2] epochs: [28/800] train_loss_con: 3163.690 energy_loss: 1024.032
[GPU2] epochs: [29/800] train_loss_con: 3113.951 energy_loss: 1024.180
[GPU2] epochs: [30/800] train_loss_con: 3045.006 energy_loss: 1024.010
[GPU2] epochs: [31/800] train_loss_con: 2932.156 energy_loss: 1023.973
[GPU2] epochs: [32/800] train_loss_con: 2825.828 energy_loss: 1024.166
[GPU2] epochs: [33/800] train_loss_con: 2793.558 energy_loss: 1024.097
[GPU2] epochs: [34/800] train_loss_con: 2767.776 energy_loss: 1024.068
[GPU2] epochs: [35/800] train_loss_con: 2697.736 energy_loss: 1023.891
[GPU2] epochs: [36/800] train_loss_con: 2617.105 energy_loss: 1023.981
[GPU2] epochs: [37/800] train_loss_con: 2568.461 energy_loss: 1024.080
[GPU2] epochs: [38/800] train_loss_con: 2493.302 energy_loss: 1024.056
[GPU2] epochs: [39/800] train_loss_con: 2412.509 energy_loss: 1024.025
[GPU2] epochs: [40/800] train_loss_con: 2343.634 energy_loss: 1023.891
[GPU2] epochs: [41/800] train_loss_con: 2282.035 energy_loss: 1024.069
[GPU2] epochs: [42/800] train_loss_con: 2198.926 energy_loss: 1024.134
[GPU2] epochs: [43/800] train_loss_con: 2113.964 energy_loss: 1023.813
[GPU2] epochs: [44/800] train_loss_con: 2044.960 energy_loss: 1023.962
[GPU2] epochs: [45/800] train_loss_con: 1973.961 energy_loss: 1023.914
[GPU2] epochs: [46/800] train_loss_con: 1915.816 energy_loss: 1023.962
[GPU2] epochs: [47/800] train_loss_con: 1856.052 energy_loss: 1024.037
[GPU2] epochs: [48/800] train_loss_con: 1801.446 energy_loss: 1024.009
[GPU2] epochs: [49/800] train_loss_con: 1768.488 energy_loss: 1024.043
[GPU2] epochs: [50/800] train_loss_con: 1721.544 energy_loss: 1024.075
[GPU2] epochs: [51/800] train_loss_con: 1686.252 energy_loss: 1023.911
[GPU2] epochs: [52/800] train_loss_con: 1647.683 energy_loss: 1023.813
[GPU2] epochs: [53/800] train_loss_con: 1621.030 energy_loss: 1023.788
[GPU2] epochs: [54/800] train_loss_con: 1584.542 energy_loss: 1023.835
[GPU2] epochs: [55/800] train_loss_con: 1547.419 energy_loss: 1023.736
[GPU2] epochs: [56/800] train_loss_con: 1522.039 energy_loss: 1023.520
[GPU2] epochs: [57/800] train_loss_con: 1496.831 energy_loss: 1023.425
[GPU2] epochs: [58/800] train_loss_con: 1466.069 energy_loss: 1023.175
[GPU2] epochs: [59/800] train_loss_con: 1444.585 energy_loss: 1022.941
[GPU2] epochs: [60/800] train_loss_con: 1427.158 energy_loss: 1022.746
[GPU2] epochs: [61/800] train_loss_con: 1385.411 energy_loss: 1021.426
[GPU2] epochs: [62/800] train_loss_con: 1375.976 energy_loss: 1018.325
[GPU2] epochs: [63/800] train_loss_con: 1350.931 energy_loss: 1012.997
[GPU2] epochs: [64/800] train_loss_con: 1323.372 energy_loss: 1006.177
[GPU2] epochs: [65/800] train_loss_con: 1306.982 energy_loss: 997.299
[GPU2] epochs: [66/800] train_loss_con: 1285.850 energy_loss: 987.249
[GPU2] epochs: [67/800] train_loss_con: 1263.790 energy_loss: 975.548
[GPU2] epochs: [68/800] train_loss_con: 1252.975 energy_loss: 963.036
[GPU2] epochs: [69/800] train_loss_con: 1233.541 energy_loss: 949.749
[GPU2] epochs: [70/800] train_loss_con: 1216.172 energy_loss: 936.176
[GPU2] epochs: [71/800] train_loss_con: 1191.875 energy_loss: 923.732
[GPU2] epochs: [72/800] train_loss_con: 1182.766 energy_loss: 912.029
[GPU2] epochs: [73/800] train_loss_con: 1157.055 energy_loss: 901.979
[GPU2] epochs: [74/800] train_loss_con: 1134.820 energy_loss: 894.037
[GPU2] epochs: [75/800] train_loss_con: 1127.437 energy_loss: 887.856
[GPU2] epochs: [76/800] train_loss_con: 1118.455 energy_loss: 882.507
[GPU2] epochs: [77/800] train_loss_con: 1110.210 energy_loss: 877.306
[GPU2] epochs: [78/800] train_loss_con: 1089.647 energy_loss: 873.192
[GPU2] epochs: [79/800] train_loss_con: 1085.715 energy_loss: 869.373
[GPU2] epochs: [80/800] train_loss_con: 1062.528 energy_loss: 864.859
[GPU2] epochs: [81/800] train_loss_con: 1064.013 energy_loss: 860.164
[GPU2] epochs: [82/800] train_loss_con: 1049.454 energy_loss: 856.192
[GPU2] epochs: [83/800] train_loss_con: 1037.296 energy_loss: 851.578
[GPU2] epochs: [84/800] train_loss_con: 1034.042 energy_loss: 847.665
[GPU2] epochs: [85/800] train_loss_con: 1023.153 energy_loss: 842.514
[GPU2] epochs: [86/800] train_loss_con: 1016.874 energy_loss: 838.651
[GPU2] epochs: [87/800] train_loss_con: 1008.151 energy_loss: 833.889
[GPU2] epochs: [88/800] train_loss_con: 1007.105 energy_loss: 829.382
[GPU2] epochs: [89/800] train_loss_con: 996.917 energy_loss: 824.852
[GPU2] epochs: [90/800] train_loss_con: 984.419 energy_loss: 819.772
[GPU2] epochs: [91/800] train_loss_con: 983.456 energy_loss: 815.475
[GPU2] epochs: [92/800] train_loss_con: 974.229 energy_loss: 810.878
[GPU2] epochs: [93/800] train_loss_con: 959.079 energy_loss: 806.717
[GPU2] epochs: [94/800] train_loss_con: 952.472 energy_loss: 801.124
[GPU2] epochs: [95/800] train_loss_con: 958.680 energy_loss: 795.583
[GPU2] epochs: [96/800] train_loss_con: 947.740 energy_loss: 791.553
[GPU2] epochs: [97/800] train_loss_con: 945.248 energy_loss: 787.913
[GPU2] epochs: [98/800] train_loss_con: 938.699 energy_loss: 783.416
[GPU2] epochs: [99/800] train_loss_con: 927.691 energy_loss: 778.277
[GPU2] epochs: [100/800] train_loss_con: 924.371 energy_loss: 774.491
[GPU2] epochs: [101/800] train_loss_con: 921.193 energy_loss: 771.100
[GPU2] epochs: [102/800] train_loss_con: 911.523 energy_loss: 766.541
[GPU2] epochs: [103/800] train_loss_con: 907.061 energy_loss: 760.968
[GPU2] epochs: [104/800] train_loss_con: 900.951 energy_loss: 757.957
[GPU2] epochs: [105/800] train_loss_con: 900.847 energy_loss: 753.979
[GPU2] epochs: [106/800] train_loss_con: 893.537 energy_loss: 750.005
[GPU2] epochs: [107/800] train_loss_con: 881.225 energy_loss: 746.253
[GPU2] epochs: [108/800] train_loss_con: 887.043 energy_loss: 742.677
[GPU2] epochs: [109/800] train_loss_con: 877.344 energy_loss: 738.580
[GPU2] epochs: [110/800] train_loss_con: 877.307 energy_loss: 734.780
[GPU2] epochs: [111/800] train_loss_con: 866.458 energy_loss: 730.875
[GPU2] epochs: [112/800] train_loss_con: 869.618 energy_loss: 729.739
[GPU2] epochs: [113/800] train_loss_con: 862.773 energy_loss: 726.488
[GPU2] epochs: [114/800] train_loss_con: 867.846 energy_loss: 722.031
[GPU2] epochs: [115/800] train_loss_con: 860.398 energy_loss: 718.883
[GPU2] epochs: [116/800] train_loss_con: 854.269 energy_loss: 716.122
[GPU2] epochs: [117/800] train_loss_con: 846.913 energy_loss: 712.894
[GPU2] epochs: [118/800] train_loss_con: 853.079 energy_loss: 711.344
[GPU2] epochs: [119/800] train_loss_con: 843.610 energy_loss: 708.698
[GPU2] epochs: [120/800] train_loss_con: 838.152 energy_loss: 707.985
[GPU2] epochs: [121/800] train_loss_con: 829.955 energy_loss: 705.224
[GPU2] epochs: [122/800] train_loss_con: 829.963 energy_loss: 703.603
[GPU2] epochs: [123/800] train_loss_con: 830.431 energy_loss: 701.402
[GPU2] epochs: [124/800] train_loss_con: 822.238 energy_loss: 696.044
[GPU2] epochs: [125/800] train_loss_con: 820.630 energy_loss: 695.819
[GPU2] epochs: [126/800] train_loss_con: 818.549 energy_loss: 694.596
[GPU2] epochs: [127/800] train_loss_con: 813.732 energy_loss: 693.855
[GPU2] epochs: [128/800] train_loss_con: 809.744 energy_loss: 693.391
[GPU2] epochs: [129/800] train_loss_con: 814.028 energy_loss: 691.775
[GPU2] epochs: [130/800] train_loss_con: 808.346 energy_loss: 690.080
[GPU2] epochs: [131/800] train_loss_con: 803.956 energy_loss: 689.200
[GPU2] epochs: [132/800] train_loss_con: 798.406 energy_loss: 687.990
[GPU2] epochs: [133/800] train_loss_con: 800.171 energy_loss: 687.315
[GPU2] epochs: [134/800] train_loss_con: 796.170 energy_loss: 685.785
[GPU2] epochs: [135/800] train_loss_con: 795.996 energy_loss: 684.894
[GPU2] epochs: [136/800] train_loss_con: 793.919 energy_loss: 683.369
[GPU2] epochs: [137/800] train_loss_con: 798.894 energy_loss: 683.527
[GPU2] epochs: [138/800] train_loss_con: 791.842 energy_loss: 682.921
[GPU2] epochs: [139/800] train_loss_con: 785.764 energy_loss: 682.344
[GPU2] epochs: [140/800] train_loss_con: 777.745 energy_loss: 682.273
[GPU2] epochs: [141/800] train_loss_con: 776.928 energy_loss: 682.615
[GPU2] epochs: [142/800] train_loss_con: 777.449 energy_loss: 682.560
[GPU2] epochs: [143/800] train_loss_con: 776.330 energy_loss: 683.459
[GPU2] epochs: [144/800] train_loss_con: 778.713 energy_loss: 682.017
[GPU2] epochs: [145/800] train_loss_con: 773.902 energy_loss: 680.382
[GPU2] epochs: [146/800] train_loss_con: 775.191 energy_loss: 681.623
[GPU2] epochs: [147/800] train_loss_con: 768.973 energy_loss: 680.858
[GPU2] epochs: [148/800] train_loss_con: 773.743 energy_loss: 679.143
[GPU2] epochs: [149/800] train_loss_con: 758.644 energy_loss: 679.189
[GPU2] epochs: [150/800] train_loss_con: 760.582 energy_loss: 680.515
[GPU2] epochs: [151/800] train_loss_con: 757.361 energy_loss: 680.528
[GPU2] epochs: [152/800] train_loss_con: 758.853 energy_loss: 680.913
[GPU2] epochs: [153/800] train_loss_con: 749.361 energy_loss: 678.762
[GPU2] epochs: [154/800] train_loss_con: 754.411 energy_loss: 680.955
[GPU2] epochs: [155/800] train_loss_con: 753.712 energy_loss: 679.052
[GPU2] epochs: [156/800] train_loss_con: 744.532 energy_loss: 679.219
[GPU2] epochs: [157/800] train_loss_con: 754.076 energy_loss: 678.834
[GPU2] epochs: [158/800] train_loss_con: 745.556 energy_loss: 680.549
[GPU2] epochs: [159/800] train_loss_con: 748.292 energy_loss: 679.406
[GPU2] epochs: [160/800] train_loss_con: 752.304 energy_loss: 681.350
[GPU2] epochs: [161/800] train_loss_con: 738.250 energy_loss: 681.292
[GPU2] epochs: [162/800] train_loss_con: 742.789 energy_loss: 682.836
[GPU2] epochs: [163/800] train_loss_con: 741.533 energy_loss: 681.409
[GPU2] epochs: [164/800] train_loss_con: 736.391 energy_loss: 681.115
[GPU2] epochs: [165/800] train_loss_con: 739.298 energy_loss: 680.018
[GPU2] epochs: [166/800] train_loss_con: 736.743 energy_loss: 680.653
[GPU2] epochs: [167/800] train_loss_con: 732.535 energy_loss: 681.125
[GPU2] epochs: [168/800] train_loss_con: 738.339 energy_loss: 681.124
[GPU2] epochs: [169/800] train_loss_con: 733.402 energy_loss: 682.203
[GPU2] epochs: [170/800] train_loss_con: 725.822 energy_loss: 681.873
[GPU2] epochs: [171/800] train_loss_con: 728.874 energy_loss: 681.862
[GPU2] epochs: [172/800] train_loss_con: 724.388 energy_loss: 681.680
[GPU2] epochs: [173/800] train_loss_con: 731.823 energy_loss: 682.409
[GPU2] epochs: [174/800] train_loss_con: 722.606 energy_loss: 681.454
[GPU2] epochs: [175/800] train_loss_con: 726.685 energy_loss: 683.985
[GPU2] epochs: [176/800] train_loss_con: 721.191 energy_loss: 683.812
[GPU2] epochs: [177/800] train_loss_con: 714.753 energy_loss: 682.342
[GPU2] epochs: [178/800] train_loss_con: 713.205 energy_loss: 684.535
[GPU2] epochs: [179/800] train_loss_con: 715.657 energy_loss: 682.625
[GPU2] epochs: [180/800] train_loss_con: 718.201 energy_loss: 682.321
[GPU2] epochs: [181/800] train_loss_con: 710.795 energy_loss: 681.598
[GPU2] epochs: [182/800] train_loss_con: 709.552 energy_loss: 682.834
[GPU2] epochs: [183/800] train_loss_con: 708.876 energy_loss: 683.082
[GPU2] epochs: [184/800] train_loss_con: 713.510 energy_loss: 683.616
[GPU2] epochs: [185/800] train_loss_con: 711.833 energy_loss: 684.806
[GPU2] epochs: [186/800] train_loss_con: 704.699 energy_loss: 683.589
[GPU2] epochs: [187/800] train_loss_con: 706.888 energy_loss: 681.693
[GPU2] epochs: [188/800] train_loss_con: 713.857 energy_loss: 683.047
[GPU2] epochs: [189/800] train_loss_con: 707.706 energy_loss: 683.402
[GPU2] epochs: [190/800] train_loss_con: 706.726 energy_loss: 685.297
[GPU2] epochs: [191/800] train_loss_con: 706.460 energy_loss: 684.720
[GPU2] epochs: [192/800] train_loss_con: 699.750 energy_loss: 684.085
[GPU2] epochs: [193/800] train_loss_con: 697.398 energy_loss: 684.147
[GPU2] epochs: [194/800] train_loss_con: 701.935 energy_loss: 685.480
[GPU2] epochs: [195/800] train_loss_con: 695.714 energy_loss: 682.657
[GPU2] epochs: [196/800] train_loss_con: 691.206 energy_loss: 683.677
[GPU2] epochs: [197/800] train_loss_con: 697.971 energy_loss: 684.793
[GPU2] epochs: [198/800] train_loss_con: 691.662 energy_loss: 682.599
[GPU2] epochs: [199/800] train_loss_con: 685.908 energy_loss: 681.527
[GPU2] epochs: [200/800] train_loss_con: 694.476 energy_loss: 682.879
[GPU2] epochs: [201/800] train_loss_con: 691.497 energy_loss: 685.693
[GPU2] epochs: [202/800] train_loss_con: 693.403 energy_loss: 686.422
[GPU2] epochs: [203/800] train_loss_con: 687.458 energy_loss: 684.013
[GPU2] epochs: [204/800] train_loss_con: 684.653 energy_loss: 681.191
[GPU2] epochs: [205/800] train_loss_con: 692.671 energy_loss: 683.452
[GPU2] epochs: [206/800] train_loss_con: 683.492 energy_loss: 683.700
[GPU2] epochs: [207/800] train_loss_con: 676.439 energy_loss: 683.170
[GPU2] epochs: [208/800] train_loss_con: 683.055 energy_loss: 683.759
[GPU2] epochs: [209/800] train_loss_con: 682.128 energy_loss: 681.841
[GPU2] epochs: [210/800] train_loss_con: 673.452 energy_loss: 679.254
[GPU2] epochs: [211/800] train_loss_con: 670.425 energy_loss: 678.728
[GPU2] epochs: [212/800] train_loss_con: 675.724 energy_loss: 680.748
[GPU2] epochs: [213/800] train_loss_con: 676.294 energy_loss: 681.601
[GPU2] epochs: [214/800] train_loss_con: 679.836 energy_loss: 682.582
[GPU2] epochs: [215/800] train_loss_con: 678.283 energy_loss: 683.808
[GPU2] epochs: [216/800] train_loss_con: 675.808 energy_loss: 683.655
[GPU2] epochs: [217/800] train_loss_con: 669.272 energy_loss: 679.387
[GPU2] epochs: [218/800] train_loss_con: 676.338 energy_loss: 682.269
[GPU2] epochs: [219/800] train_loss_con: 668.551 energy_loss: 680.134
[GPU2] epochs: [220/800] train_loss_con: 667.361 energy_loss: 682.049
[GPU2] epochs: [221/800] train_loss_con: 663.755 energy_loss: 679.455
[GPU2] epochs: [222/800] train_loss_con: 667.017 energy_loss: 679.588
[GPU2] epochs: [223/800] train_loss_con: 663.062 energy_loss: 679.743
[GPU2] epochs: [224/800] train_loss_con: 668.461 energy_loss: 678.604
[GPU2] epochs: [225/800] train_loss_con: 667.086 energy_loss: 676.298
[GPU2] epochs: [226/800] train_loss_con: 660.365 energy_loss: 674.919
[GPU2] epochs: [227/800] train_loss_con: 660.579 energy_loss: 677.265
[GPU2] epochs: [228/800] train_loss_con: 654.313 energy_loss: 675.894
[GPU2] epochs: [229/800] train_loss_con: 652.830 energy_loss: 677.888
[GPU2] epochs: [230/800] train_loss_con: 652.429 energy_loss: 675.868
[GPU2] epochs: [231/800] train_loss_con: 652.593 energy_loss: 675.370
[GPU2] epochs: [232/800] train_loss_con: 667.336 energy_loss: 679.683
[GPU2] epochs: [233/800] train_loss_con: 664.048 energy_loss: 677.429
[GPU2] epochs: [234/800] train_loss_con: 661.726 energy_loss: 678.672
[GPU2] epochs: [235/800] train_loss_con: 658.146 energy_loss: 679.891
[GPU2] epochs: [236/800] train_loss_con: 653.274 energy_loss: 676.781
[GPU2] epochs: [237/800] train_loss_con: 654.258 energy_loss: 675.675
[GPU2] epochs: [238/800] train_loss_con: 653.201 energy_loss: 675.509
[GPU2] epochs: [239/800] train_loss_con: 657.136 energy_loss: 676.474
[GPU2] epochs: [240/800] train_loss_con: 654.641 energy_loss: 675.802
[GPU2] epochs: [241/800] train_loss_con: 648.406 energy_loss: 673.740
[GPU2] epochs: [242/800] train_loss_con: 645.018 energy_loss: 672.764
[GPU2] epochs: [243/800] train_loss_con: 648.637 energy_loss: 672.207
[GPU2] epochs: [244/800] train_loss_con: 642.294 energy_loss: 671.578
[GPU2] epochs: [245/800] train_loss_con: 645.887 energy_loss: 670.957
[GPU2] epochs: [246/800] train_loss_con: 652.309 energy_loss: 673.425
[GPU2] epochs: [247/800] train_loss_con: 637.665 energy_loss: 669.260
[GPU2] epochs: [248/800] train_loss_con: 641.803 energy_loss: 670.962
[GPU2] epochs: [249/800] train_loss_con: 647.194 energy_loss: 670.249
[GPU2] epochs: [250/800] train_loss_con: 643.251 energy_loss: 670.768
[GPU2] epochs: [251/800] train_loss_con: 648.659 energy_loss: 671.943
[GPU2] epochs: [252/800] train_loss_con: 645.201 energy_loss: 669.978
[GPU2] epochs: [253/800] train_loss_con: 637.703 energy_loss: 666.809
[GPU2] epochs: [254/800] train_loss_con: 636.966 energy_loss: 670.037
[GPU2] epochs: [255/800] train_loss_con: 638.100 energy_loss: 669.901
[GPU2] epochs: [256/800] train_loss_con: 638.136 energy_loss: 667.734
[GPU2] epochs: [257/800] train_loss_con: 635.549 energy_loss: 667.838
[GPU2] epochs: [258/800] train_loss_con: 638.532 energy_loss: 670.743
[GPU2] epochs: [259/800] train_loss_con: 633.648 energy_loss: 668.430
[GPU2] epochs: [260/800] train_loss_con: 631.514 energy_loss: 665.860
[GPU2] epochs: [261/800] train_loss_con: 628.917 energy_loss: 664.739
[GPU2] epochs: [262/800] train_loss_con: 635.148 energy_loss: 666.094
[GPU2] epochs: [263/800] train_loss_con: 629.102 energy_loss: 663.406
[GPU2] epochs: [264/800] train_loss_con: 634.731 energy_loss: 664.603
[GPU2] epochs: [265/800] train_loss_con: 630.888 energy_loss: 664.464
[GPU2] epochs: [266/800] train_loss_con: 627.965 energy_loss: 661.711
[GPU2] epochs: [267/800] train_loss_con: 628.630 energy_loss: 662.476
[GPU2] epochs: [268/800] train_loss_con: 630.641 energy_loss: 661.620
[GPU2] epochs: [269/800] train_loss_con: 622.690 energy_loss: 659.737
[GPU2] epochs: [270/800] train_loss_con: 626.664 energy_loss: 661.041
[GPU2] epochs: [271/800] train_loss_con: 621.281 energy_loss: 660.985
[GPU2] epochs: [272/800] train_loss_con: 616.392 energy_loss: 660.381
[GPU2] epochs: [273/800] train_loss_con: 625.562 energy_loss: 657.469
[GPU2] epochs: [274/800] train_loss_con: 625.830 energy_loss: 658.519
[GPU2] epochs: [275/800] train_loss_con: 621.667 energy_loss: 656.738
[GPU2] epochs: [276/800] train_loss_con: 621.051 energy_loss: 657.254
[GPU2] epochs: [277/800] train_loss_con: 621.541 energy_loss: 656.115
[GPU2] epochs: [278/800] train_loss_con: 616.861 energy_loss: 657.494
[GPU2] epochs: [279/800] train_loss_con: 628.779 energy_loss: 657.244
[GPU2] epochs: [280/800] train_loss_con: 618.615 energy_loss: 656.430
[GPU2] epochs: [281/800] train_loss_con: 614.134 energy_loss: 657.022
[GPU2] epochs: [282/800] train_loss_con: 619.024 energy_loss: 656.799
[GPU2] epochs: [283/800] train_loss_con: 615.726 energy_loss: 656.666
[GPU2] epochs: [284/800] train_loss_con: 612.462 energy_loss: 654.658
[GPU2] epochs: [285/800] train_loss_con: 616.731 energy_loss: 655.607
[GPU2] epochs: [286/800] train_loss_con: 609.801 energy_loss: 653.992
[GPU2] epochs: [287/800] train_loss_con: 616.646 energy_loss: 654.005
[GPU2] epochs: [288/800] train_loss_con: 613.008 energy_loss: 652.159
[GPU2] epochs: [289/800] train_loss_con: 606.456 energy_loss: 653.153
[GPU2] epochs: [290/800] train_loss_con: 615.079 energy_loss: 651.133
[GPU2] epochs: [291/800] train_loss_con: 610.922 energy_loss: 650.234
[GPU2] epochs: [292/800] train_loss_con: 609.971 energy_loss: 650.540
[GPU2] epochs: [293/800] train_loss_con: 608.273 energy_loss: 649.885
[GPU2] epochs: [294/800] train_loss_con: 600.828 energy_loss: 649.205
[GPU2] epochs: [295/800] train_loss_con: 604.351 energy_loss: 645.920
[GPU2] epochs: [296/800] train_loss_con: 606.347 energy_loss: 648.870
[GPU2] epochs: [297/800] train_loss_con: 602.199 energy_loss: 647.673
[GPU2] epochs: [298/800] train_loss_con: 609.690 energy_loss: 647.470
[GPU2] epochs: [299/800] train_loss_con: 606.725 energy_loss: 646.520
[GPU2] epochs: [300/800] train_loss_con: 606.733 energy_loss: 644.855
[GPU2] epochs: [301/800] train_loss_con: 600.646 energy_loss: 646.104
[GPU2] epochs: [302/800] train_loss_con: 599.553 energy_loss: 644.918
[GPU2] epochs: [303/800] train_loss_con: 602.206 energy_loss: 644.634
[GPU2] epochs: [304/800] train_loss_con: 599.170 energy_loss: 642.573
[GPU2] epochs: [305/800] train_loss_con: 605.822 energy_loss: 643.773
[GPU2] epochs: [306/800] train_loss_con: 600.145 energy_loss: 641.984
[GPU2] epochs: [307/800] train_loss_con: 608.387 energy_loss: 642.480
[GPU2] epochs: [308/800] train_loss_con: 598.396 energy_loss: 640.632
[GPU2] epochs: [309/800] train_loss_con: 602.041 energy_loss: 640.104
[GPU2] epochs: [310/800] train_loss_con: 591.611 energy_loss: 638.694
[GPU2] epochs: [311/800] train_loss_con: 592.630 energy_loss: 638.248
[GPU2] epochs: [312/800] train_loss_con: 598.313 energy_loss: 640.132
[GPU2] epochs: [313/800] train_loss_con: 602.567 energy_loss: 638.460
[GPU2] epochs: [314/800] train_loss_con: 588.886 energy_loss: 638.497
[GPU2] epochs: [315/800] train_loss_con: 590.694 energy_loss: 635.854
[GPU2] epochs: [316/800] train_loss_con: 592.776 energy_loss: 638.128
[GPU2] epochs: [317/800] train_loss_con: 587.727 energy_loss: 636.600
[GPU2] epochs: [318/800] train_loss_con: 594.236 energy_loss: 635.886
[GPU2] epochs: [319/800] train_loss_con: 586.420 energy_loss: 635.231
[GPU2] epochs: [320/800] train_loss_con: 589.201 energy_loss: 633.296
[GPU2] epochs: [321/800] train_loss_con: 587.160 energy_loss: 633.488
[GPU2] epochs: [322/800] train_loss_con: 598.460 energy_loss: 633.935
[GPU2] epochs: [323/800] train_loss_con: 594.003 energy_loss: 633.007
[GPU2] epochs: [324/800] train_loss_con: 586.404 energy_loss: 632.195
[GPU2] epochs: [325/800] train_loss_con: 579.914 energy_loss: 631.585
[GPU2] epochs: [326/800] train_loss_con: 584.280 energy_loss: 631.040
[GPU2] epochs: [327/800] train_loss_con: 584.228 energy_loss: 630.371
[GPU2] epochs: [328/800] train_loss_con: 584.288 energy_loss: 629.278
[GPU2] epochs: [329/800] train_loss_con: 587.175 energy_loss: 630.364
[GPU2] epochs: [330/800] train_loss_con: 583.067 energy_loss: 628.343
[GPU2] epochs: [331/800] train_loss_con: 583.629 energy_loss: 627.863
[GPU2] epochs: [332/800] train_loss_con: 586.048 energy_loss: 625.681
[GPU2] epochs: [333/800] train_loss_con: 580.551 energy_loss: 626.996
[GPU2] epochs: [334/800] train_loss_con: 584.585 energy_loss: 630.812
[GPU2] epochs: [335/800] train_loss_con: 581.816 energy_loss: 628.944
[GPU2] epochs: [336/800] train_loss_con: 578.633 energy_loss: 627.608
[GPU2] epochs: [337/800] train_loss_con: 578.377 energy_loss: 627.123
[GPU2] epochs: [338/800] train_loss_con: 573.847 energy_loss: 624.697
[GPU2] epochs: [339/800] train_loss_con: 577.799 energy_loss: 624.154
[GPU2] epochs: [340/800] train_loss_con: 571.163 energy_loss: 621.584
[GPU2] epochs: [341/800] train_loss_con: 574.736 energy_loss: 622.006
[GPU2] epochs: [342/800] train_loss_con: 571.307 energy_loss: 620.365
[GPU2] epochs: [343/800] train_loss_con: 579.664 energy_loss: 621.355
[GPU2] epochs: [344/800] train_loss_con: 577.049 energy_loss: 622.688
[GPU2] epochs: [345/800] train_loss_con: 573.330 energy_loss: 620.646
[GPU2] epochs: [346/800] train_loss_con: 573.264 energy_loss: 621.142
[GPU2] epochs: [347/800] train_loss_con: 571.849 energy_loss: 617.996
[GPU2] epochs: [348/800] train_loss_con: 571.444 energy_loss: 616.466
[GPU2] epochs: [349/800] train_loss_con: 575.419 energy_loss: 616.011
[GPU2] epochs: [350/800] train_loss_con: 570.620 energy_loss: 617.438
[GPU2] epochs: [351/800] train_loss_con: 574.138 energy_loss: 616.884
[GPU2] epochs: [352/800] train_loss_con: 571.949 energy_loss: 617.071
[GPU2] epochs: [353/800] train_loss_con: 571.018 energy_loss: 618.965
[GPU2] epochs: [354/800] train_loss_con: 569.978 energy_loss: 617.313
[GPU2] epochs: [355/800] train_loss_con: 570.085 energy_loss: 616.479
[GPU2] epochs: [356/800] train_loss_con: 561.268 energy_loss: 616.280
[GPU2] epochs: [357/800] train_loss_con: 566.822 energy_loss: 614.679
[GPU2] epochs: [358/800] train_loss_con: 568.096 energy_loss: 615.391
[GPU2] epochs: [359/800] train_loss_con: 557.875 energy_loss: 613.867
[GPU2] epochs: [360/800] train_loss_con: 563.316 energy_loss: 614.522
[GPU2] epochs: [361/800] train_loss_con: 559.427 energy_loss: 611.273
[GPU2] epochs: [362/800] train_loss_con: 563.497 energy_loss: 609.650
[GPU2] epochs: [363/800] train_loss_con: 560.988 energy_loss: 611.222
[GPU2] epochs: [364/800] train_loss_con: 561.923 energy_loss: 609.626
[GPU2] epochs: [365/800] train_loss_con: 558.786 energy_loss: 607.131
[GPU2] epochs: [366/800] train_loss_con: 561.087 energy_loss: 608.442
[GPU2] epochs: [367/800] train_loss_con: 561.189 energy_loss: 608.207
[GPU2] epochs: [368/800] train_loss_con: 555.506 energy_loss: 609.350
[GPU2] epochs: [369/800] train_loss_con: 556.042 energy_loss: 607.472
[GPU2] epochs: [370/800] train_loss_con: 558.803 energy_loss: 606.798
[GPU2] epochs: [371/800] train_loss_con: 558.602 energy_loss: 607.908
[GPU2] epochs: [372/800] train_loss_con: 563.911 energy_loss: 605.447
[GPU2] epochs: [373/800] train_loss_con: 560.439 energy_loss: 603.374
[GPU2] epochs: [374/800] train_loss_con: 555.690 energy_loss: 601.484
[GPU2] epochs: [375/800] train_loss_con: 554.517 energy_loss: 603.490
[GPU2] epochs: [376/800] train_loss_con: 557.546 energy_loss: 601.534
[GPU2] epochs: [377/800] train_loss_con: 549.015 energy_loss: 600.908
[GPU2] epochs: [378/800] train_loss_con: 552.809 energy_loss: 601.188
[GPU2] epochs: [379/800] train_loss_con: 552.257 energy_loss: 600.779
[GPU2] epochs: [380/800] train_loss_con: 555.836 energy_loss: 603.330
[GPU2] epochs: [381/800] train_loss_con: 554.297 energy_loss: 599.394
[GPU2] epochs: [382/800] train_loss_con: 546.923 energy_loss: 597.705
[GPU2] epochs: [383/800] train_loss_con: 556.451 energy_loss: 601.168
[GPU2] epochs: [384/800] train_loss_con: 546.579 energy_loss: 598.964
[GPU2] epochs: [385/800] train_loss_con: 546.067 energy_loss: 598.525
[GPU2] epochs: [386/800] train_loss_con: 546.112 energy_loss: 594.345
[GPU2] epochs: [387/800] train_loss_con: 554.877 energy_loss: 596.675
[GPU2] epochs: [388/800] train_loss_con: 550.853 energy_loss: 598.556
[GPU2] epochs: [389/800] train_loss_con: 543.054 energy_loss: 594.339
[GPU2] epochs: [390/800] train_loss_con: 551.154 energy_loss: 594.365
[GPU2] epochs: [391/800] train_loss_con: 544.303 energy_loss: 590.961
[GPU2] epochs: [392/800] train_loss_con: 541.616 energy_loss: 590.322
[GPU2] epochs: [393/800] train_loss_con: 545.028 energy_loss: 587.918
[GPU2] epochs: [394/800] train_loss_con: 537.792 energy_loss: 590.049
[GPU2] epochs: [395/800] train_loss_con: 541.094 energy_loss: 590.949
[GPU2] epochs: [396/800] train_loss_con: 540.384 energy_loss: 589.073
[GPU2] epochs: [397/800] train_loss_con: 540.145 energy_loss: 589.434
[GPU2] epochs: [398/800] train_loss_con: 535.781 energy_loss: 588.817
[GPU2] epochs: [399/800] train_loss_con: 535.317 energy_loss: 589.496
[GPU2] epochs: [400/800] train_loss_con: 542.379 energy_loss: 588.030
[GPU2] epochs: [401/800] train_loss_con: 537.508 energy_loss: 585.598
[GPU2] epochs: [402/800] train_loss_con: 535.614 energy_loss: 587.216
[GPU2] epochs: [403/800] train_loss_con: 538.439 energy_loss: 585.762
[GPU2] epochs: [404/800] train_loss_con: 536.164 energy_loss: 584.887
[GPU2] epochs: [405/800] train_loss_con: 532.629 energy_loss: 584.282
[GPU2] epochs: [406/800] train_loss_con: 530.753 energy_loss: 585.578
[GPU2] epochs: [407/800] train_loss_con: 530.940 energy_loss: 581.692
[GPU2] epochs: [408/800] train_loss_con: 533.382 energy_loss: 580.593
[GPU2] epochs: [409/800] train_loss_con: 532.618 energy_loss: 580.809
[GPU2] epochs: [410/800] train_loss_con: 535.826 energy_loss: 582.588
[GPU2] epochs: [411/800] train_loss_con: 533.157 energy_loss: 582.054
[GPU2] epochs: [412/800] train_loss_con: 533.144 energy_loss: 583.775
[GPU2] epochs: [413/800] train_loss_con: 538.206 energy_loss: 580.242
[GPU2] epochs: [414/800] train_loss_con: 528.319 energy_loss: 578.699
[GPU2] epochs: [415/800] train_loss_con: 529.626 energy_loss: 576.652
[GPU2] epochs: [416/800] train_loss_con: 526.384 energy_loss: 575.850
[GPU2] epochs: [417/800] train_loss_con: 530.976 energy_loss: 579.514
[GPU2] epochs: [418/800] train_loss_con: 530.887 energy_loss: 577.450
[GPU2] epochs: [419/800] train_loss_con: 521.917 energy_loss: 575.635
[GPU2] epochs: [420/800] train_loss_con: 526.200 energy_loss: 575.849
[GPU2] epochs: [421/800] train_loss_con: 528.531 energy_loss: 576.302
[GPU2] epochs: [422/800] train_loss_con: 522.337 energy_loss: 575.064
[GPU2] epochs: [423/800] train_loss_con: 523.880 energy_loss: 574.845
[GPU2] epochs: [424/800] train_loss_con: 525.966 energy_loss: 574.457
[GPU2] epochs: [425/800] train_loss_con: 520.797 energy_loss: 571.979
[GPU2] epochs: [426/800] train_loss_con: 527.951 energy_loss: 571.049
[GPU2] epochs: [427/800] train_loss_con: 520.266 energy_loss: 571.753
[GPU2] epochs: [428/800] train_loss_con: 522.904 energy_loss: 569.417
[GPU2] epochs: [429/800] train_loss_con: 522.448 energy_loss: 572.299
[GPU2] epochs: [430/800] train_loss_con: 521.685 energy_loss: 569.956
[GPU2] epochs: [431/800] train_loss_con: 519.141 energy_loss: 567.980
[GPU2] epochs: [432/800] train_loss_con: 514.603 energy_loss: 569.090
[GPU2] epochs: [433/800] train_loss_con: 521.182 energy_loss: 567.725
[GPU2] epochs: [434/800] train_loss_con: 518.448 energy_loss: 567.539
[GPU2] epochs: [435/800] train_loss_con: 512.315 energy_loss: 564.811
[GPU2] epochs: [436/800] train_loss_con: 514.071 energy_loss: 563.003
[GPU2] epochs: [437/800] train_loss_con: 515.848 energy_loss: 565.208
[GPU2] epochs: [438/800] train_loss_con: 515.874 energy_loss: 562.599
[GPU2] epochs: [439/800] train_loss_con: 514.785 energy_loss: 559.920
[GPU2] epochs: [440/800] train_loss_con: 507.691 energy_loss: 562.273
[GPU2] epochs: [441/800] train_loss_con: 507.472 energy_loss: 560.611
[GPU2] epochs: [442/800] train_loss_con: 508.148 energy_loss: 559.478
[GPU2] epochs: [443/800] train_loss_con: 505.938 energy_loss: 559.374
[GPU2] epochs: [444/800] train_loss_con: 510.392 energy_loss: 558.928
[GPU2] epochs: [445/800] train_loss_con: 513.483 energy_loss: 558.485
[GPU2] epochs: [446/800] train_loss_con: 509.669 energy_loss: 555.448
[GPU2] epochs: [447/800] train_loss_con: 516.892 energy_loss: 556.988
[GPU2] epochs: [448/800] train_loss_con: 514.080 energy_loss: 556.442
[GPU2] epochs: [449/800] train_loss_con: 504.845 energy_loss: 557.117
[GPU2] epochs: [450/800] train_loss_con: 505.162 energy_loss: 551.590
[GPU2] epochs: [451/800] train_loss_con: 506.976 energy_loss: 550.355
[GPU2] epochs: [452/800] train_loss_con: 508.801 energy_loss: 552.752
[GPU2] epochs: [453/800] train_loss_con: 504.925 energy_loss: 550.742
[GPU2] epochs: [454/800] train_loss_con: 504.531 energy_loss: 548.309
[GPU2] epochs: [455/800] train_loss_con: 505.428 energy_loss: 550.330
[GPU2] epochs: [456/800] train_loss_con: 501.381 energy_loss: 549.174
[GPU2] epochs: [457/800] train_loss_con: 506.124 energy_loss: 547.939
[GPU2] epochs: [458/800] train_loss_con: 502.580 energy_loss: 547.209
[GPU2] epochs: [459/800] train_loss_con: 503.090 energy_loss: 548.533
[GPU2] epochs: [460/800] train_loss_con: 497.165 energy_loss: 546.646
[GPU2] epochs: [461/800] train_loss_con: 498.982 energy_loss: 544.451
[GPU2] epochs: [462/800] train_loss_con: 503.355 energy_loss: 544.748
[GPU2] epochs: [463/800] train_loss_con: 502.131 energy_loss: 546.238
[GPU2] epochs: [464/800] train_loss_con: 501.208 energy_loss: 544.132
[GPU2] epochs: [465/800] train_loss_con: 498.414 energy_loss: 543.040
[GPU2] epochs: [466/800] train_loss_con: 499.501 energy_loss: 541.875
[GPU2] epochs: [467/800] train_loss_con: 495.581 energy_loss: 540.506
[GPU2] epochs: [468/800] train_loss_con: 501.110 energy_loss: 541.060
[GPU2] epochs: [469/800] train_loss_con: 494.273 energy_loss: 538.713
[GPU2] epochs: [470/800] train_loss_con: 494.202 energy_loss: 538.125
[GPU2] epochs: [471/800] train_loss_con: 493.269 energy_loss: 537.404
[GPU2] epochs: [472/800] train_loss_con: 492.013 energy_loss: 536.127
[GPU2] epochs: [473/800] train_loss_con: 496.214 energy_loss: 536.275
[GPU2] epochs: [474/800] train_loss_con: 489.320 energy_loss: 534.659
[GPU2] epochs: [475/800] train_loss_con: 491.238 energy_loss: 534.885
[GPU2] epochs: [476/800] train_loss_con: 489.468 energy_loss: 534.862
[GPU2] epochs: [477/800] train_loss_con: 488.904 energy_loss: 535.881
[GPU2] epochs: [478/800] train_loss_con: 485.644 energy_loss: 533.385
[GPU2] epochs: [479/800] train_loss_con: 487.349 energy_loss: 534.507
[GPU2] epochs: [480/800] train_loss_con: 485.855 energy_loss: 532.513
[GPU2] epochs: [481/800] train_loss_con: 487.505 energy_loss: 533.559
[GPU2] epochs: [482/800] train_loss_con: 488.700 energy_loss: 530.527
[GPU2] epochs: [483/800] train_loss_con: 483.842 energy_loss: 529.034
[GPU2] epochs: [484/800] train_loss_con: 482.654 energy_loss: 527.577
[GPU2] epochs: [485/800] train_loss_con: 491.636 energy_loss: 528.823
[GPU2] epochs: [486/800] train_loss_con: 486.265 energy_loss: 529.164
[GPU2] epochs: [487/800] train_loss_con: 487.250 energy_loss: 527.275
[GPU2] epochs: [488/800] train_loss_con: 483.978 energy_loss: 528.291
[GPU2] epochs: [489/800] train_loss_con: 481.719 energy_loss: 524.871
[GPU2] epochs: [490/800] train_loss_con: 476.688 energy_loss: 524.180
[GPU2] epochs: [491/800] train_loss_con: 480.869 energy_loss: 520.265
[GPU2] epochs: [492/800] train_loss_con: 480.968 energy_loss: 521.446
[GPU2] epochs: [493/800] train_loss_con: 479.467 energy_loss: 522.484
[GPU2] epochs: [494/800] train_loss_con: 477.511 energy_loss: 521.915
[GPU2] epochs: [495/800] train_loss_con: 476.400 energy_loss: 519.802
[GPU2] epochs: [496/800] train_loss_con: 483.084 energy_loss: 520.863
[GPU2] epochs: [497/800] train_loss_con: 478.138 energy_loss: 519.532
[GPU2] epochs: [498/800] train_loss_con: 475.288 energy_loss: 518.722
[GPU2] epochs: [499/800] train_loss_con: 474.839 energy_loss: 517.421
[GPU2] epochs: [500/800] train_loss_con: 476.764 energy_loss: 519.654
[GPU2] epochs: [501/800] train_loss_con: 474.290 energy_loss: 519.390
[GPU2] epochs: [502/800] train_loss_con: 470.033 energy_loss: 517.285
[GPU2] epochs: [503/800] train_loss_con: 470.685 energy_loss: 514.708
[GPU2] epochs: [504/800] train_loss_con: 469.913 energy_loss: 512.360
[GPU2] epochs: [505/800] train_loss_con: 471.257 energy_loss: 509.973
