environment: 
YAML: configs/bt.sc.c10.yaml
==> SEED: 42
==> num_classes: 10
==> data_name: cifar10
==> data_params: {'algo': 'bt-sc', 'data_dir': 'datasets/cifar10', 'batch_size': 512, 'num_workers': 3, 'image_size': 32}
==> return_logs: False
==> eval_every: 10
==> n_epochs: 800
==> n_epochs_mlp: 100
==> gpu_id: 2
==> opt: SGD
==> opt_params: {'lr': 0.4, 'momentum': 0.9, 'weight_decay': 0.0001}
==> schedular_params: {'T_max': 800, 'eta_min': 0.001}
==> mlp_opt: SGD
==> mlp_opt_params: {'lr': 0.1, 'momentum': 0.9}
==> energy_model_params: {'eta': 0.01, 'steps': 5, 'sigma': 0.2, 'delta': 0.1, 'net_type': 'score'}
==> energy_opt: AdamW
==> energy_model_opt_params: {'lr': 0.001}
==> warmup_epochs: 0
==> model_params: {'model_name': 'resnet18', 'pretrained': False, 'proj_dim': 4096, 'barlow_hidden': 4096}
==> mlp_type: linear
==> loss: bt-sc
==> loss_params: {'lambd': 0.005}
==> distributed: False
==> train_algo: bt-sc
==> model_save_path: saved_models/bt.sc.c10.r18.e800.pth
==> config: configs/bt.sc.c10.yaml
--------------------------------------------------
===> using linear mlp
using optimizer: SGD
using optimizer: SGD
loss function: bt-sc
Files already downloaded and verified
Files already downloaded and verified
Files already downloaded and verified
# of Training Images: 50000
# of Testing Images: 10000
using optimizer: AdamW
### Barlow Twins with SC-net Training begins
[GPU2] epochs: [1/800] train_loss_con: 4329.371 energy_loss: 256.073
[GPU2] epochs: [2/800] train_loss_con: 3833.259 energy_loss: 256.053
[GPU2] epochs: [3/800] train_loss_con: 3693.509 energy_loss: 256.107
[GPU2] epochs: [4/800] train_loss_con: 3660.339 energy_loss: 256.005
[GPU2] epochs: [5/800] train_loss_con: 3629.817 energy_loss: 255.938
[GPU2] epochs: [6/800] train_loss_con: 3643.338 energy_loss: 255.974
[GPU2] epochs: [7/800] train_loss_con: 3562.585 energy_loss: 255.980
[GPU2] epochs: [8/800] train_loss_con: 3485.349 energy_loss: 255.964
[GPU2] epochs: [9/800] train_loss_con: 3466.340 energy_loss: 256.005
[GPU2] epochs: [10/800] train_loss_con: 3432.285 energy_loss: 255.963
[GPU2] epochs: [11/800] train_loss_con: 3373.991 energy_loss: 256.110
[GPU2] epochs: [12/800] train_loss_con: 3363.453 energy_loss: 256.030
[GPU2] epochs: [13/800] train_loss_con: 3349.239 energy_loss: 255.973
[GPU2] epochs: [14/800] train_loss_con: 3302.921 energy_loss: 256.014
[GPU2] epochs: [15/800] train_loss_con: 3210.629 energy_loss: 255.986
[GPU2] epochs: [16/800] train_loss_con: 3155.056 energy_loss: 256.049
[GPU2] epochs: [17/800] train_loss_con: 3107.998 energy_loss: 256.026
[GPU2] epochs: [18/800] train_loss_con: 3054.093 energy_loss: 255.899
[GPU2] epochs: [19/800] train_loss_con: 3002.906 energy_loss: 256.029
[GPU2] epochs: [20/800] train_loss_con: 2925.942 energy_loss: 256.037
[GPU2] epochs: [21/800] train_loss_con: 2822.582 energy_loss: 255.979
[GPU2] epochs: [22/800] train_loss_con: 2693.040 energy_loss: 255.947
[GPU2] epochs: [23/800] train_loss_con: 2607.623 energy_loss: 256.078
[GPU2] epochs: [24/800] train_loss_con: 2516.296 energy_loss: 255.958
[GPU2] epochs: [25/800] train_loss_con: 2448.683 energy_loss: 255.928
[GPU2] epochs: [26/800] train_loss_con: 2369.546 energy_loss: 256.003
[GPU2] epochs: [27/800] train_loss_con: 2298.263 energy_loss: 255.930
[GPU2] epochs: [28/800] train_loss_con: 2213.096 energy_loss: 255.956
[GPU2] epochs: [29/800] train_loss_con: 2139.819 energy_loss: 256.014
[GPU2] epochs: [30/800] train_loss_con: 2069.546 energy_loss: 256.111
[GPU2] epochs: [31/800] train_loss_con: 2004.829 energy_loss: 256.057
[GPU2] epochs: [32/800] train_loss_con: 1940.156 energy_loss: 255.968
[GPU2] epochs: [33/800] train_loss_con: 1890.705 energy_loss: 255.995
[GPU2] epochs: [34/800] train_loss_con: 1840.488 energy_loss: 255.953
[GPU2] epochs: [35/800] train_loss_con: 1782.876 energy_loss: 255.916
[GPU2] epochs: [36/800] train_loss_con: 1731.769 energy_loss: 256.062
[GPU2] epochs: [37/800] train_loss_con: 1679.145 energy_loss: 256.067
[GPU2] epochs: [38/800] train_loss_con: 1631.604 energy_loss: 256.103
[GPU2] epochs: [39/800] train_loss_con: 1581.101 energy_loss: 255.998
[GPU2] epochs: [40/800] train_loss_con: 1545.880 energy_loss: 256.012
[GPU2] epochs: [41/800] train_loss_con: 1504.513 energy_loss: 255.986
[GPU2] epochs: [42/800] train_loss_con: 1463.661 energy_loss: 256.048
[GPU2] epochs: [43/800] train_loss_con: 1432.741 energy_loss: 255.912
[GPU2] epochs: [44/800] train_loss_con: 1381.242 energy_loss: 255.894
[GPU2] epochs: [45/800] train_loss_con: 1353.312 energy_loss: 255.937
[GPU2] epochs: [46/800] train_loss_con: 1328.249 energy_loss: 256.066
[GPU2] epochs: [47/800] train_loss_con: 1295.914 energy_loss: 256.030
[GPU2] epochs: [48/800] train_loss_con: 1260.358 energy_loss: 255.959
[GPU2] epochs: [49/800] train_loss_con: 1235.644 energy_loss: 255.979
[GPU2] epochs: [50/800] train_loss_con: 1218.674 energy_loss: 255.973
[GPU2] epochs: [51/800] train_loss_con: 1194.166 energy_loss: 256.011
[GPU2] epochs: [52/800] train_loss_con: 1177.261 energy_loss: 255.943
[GPU2] epochs: [53/800] train_loss_con: 1153.193 energy_loss: 256.057
[GPU2] epochs: [54/800] train_loss_con: 1140.448 energy_loss: 255.884
[GPU2] epochs: [55/800] train_loss_con: 1125.024 energy_loss: 255.608
[GPU2] epochs: [56/800] train_loss_con: 1106.060 energy_loss: 255.351
[GPU2] epochs: [57/800] train_loss_con: 1097.433 energy_loss: 253.291
[GPU2] epochs: [58/800] train_loss_con: 1073.520 energy_loss: 247.411
[GPU2] epochs: [59/800] train_loss_con: 1067.114 energy_loss: 240.358
[GPU2] epochs: [60/800] train_loss_con: 1051.641 energy_loss: 233.311
[GPU2] epochs: [61/800] train_loss_con: 1037.347 energy_loss: 228.709
[GPU2] epochs: [62/800] train_loss_con: 1022.596 energy_loss: 226.490
[GPU2] epochs: [63/800] train_loss_con: 1014.606 energy_loss: 224.779
[GPU2] epochs: [64/800] train_loss_con: 1007.030 energy_loss: 223.840
[GPU2] epochs: [65/800] train_loss_con: 994.666 energy_loss: 222.929
[GPU2] epochs: [66/800] train_loss_con: 982.355 energy_loss: 221.858
[GPU2] epochs: [67/800] train_loss_con: 972.067 energy_loss: 221.547
[GPU2] epochs: [68/800] train_loss_con: 967.748 energy_loss: 220.931
[GPU2] epochs: [69/800] train_loss_con: 951.090 energy_loss: 220.489
[GPU2] epochs: [70/800] train_loss_con: 948.415 energy_loss: 219.959
[GPU2] epochs: [71/800] train_loss_con: 939.467 energy_loss: 219.449
[GPU2] epochs: [72/800] train_loss_con: 936.933 energy_loss: 219.382
[GPU2] epochs: [73/800] train_loss_con: 926.284 energy_loss: 219.245
[GPU2] epochs: [74/800] train_loss_con: 917.164 energy_loss: 218.359
[GPU2] epochs: [75/800] train_loss_con: 911.440 energy_loss: 218.062
[GPU2] epochs: [76/800] train_loss_con: 906.467 energy_loss: 218.064
[GPU2] epochs: [77/800] train_loss_con: 903.470 energy_loss: 217.629
[GPU2] epochs: [78/800] train_loss_con: 894.795 energy_loss: 217.681
[GPU2] epochs: [79/800] train_loss_con: 887.914 energy_loss: 217.239
[GPU2] epochs: [80/800] train_loss_con: 881.551 energy_loss: 217.318
[GPU2] epochs: [81/800] train_loss_con: 883.712 energy_loss: 217.141
[GPU2] epochs: [82/800] train_loss_con: 872.687 energy_loss: 216.603
[GPU2] epochs: [83/800] train_loss_con: 866.554 energy_loss: 216.982
[GPU2] epochs: [84/800] train_loss_con: 861.077 energy_loss: 216.634
[GPU2] epochs: [85/800] train_loss_con: 857.770 energy_loss: 216.661
[GPU2] epochs: [86/800] train_loss_con: 852.639 energy_loss: 216.691
[GPU2] epochs: [87/800] train_loss_con: 847.686 energy_loss: 216.799
[GPU2] epochs: [88/800] train_loss_con: 847.040 energy_loss: 216.467
[GPU2] epochs: [89/800] train_loss_con: 841.809 energy_loss: 216.437
[GPU2] epochs: [90/800] train_loss_con: 835.245 energy_loss: 216.163
[GPU2] epochs: [91/800] train_loss_con: 831.843 energy_loss: 216.508
[GPU2] epochs: [92/800] train_loss_con: 834.425 energy_loss: 215.921
[GPU2] epochs: [93/800] train_loss_con: 828.218 energy_loss: 216.601
[GPU2] epochs: [94/800] train_loss_con: 824.022 energy_loss: 216.585
[GPU2] epochs: [95/800] train_loss_con: 818.153 energy_loss: 216.091
[GPU2] epochs: [96/800] train_loss_con: 818.650 energy_loss: 216.426
[GPU2] epochs: [97/800] train_loss_con: 820.218 energy_loss: 216.526
[GPU2] epochs: [98/800] train_loss_con: 812.735 energy_loss: 216.193
[GPU2] epochs: [99/800] train_loss_con: 811.209 energy_loss: 216.339
[GPU2] epochs: [100/800] train_loss_con: 807.662 energy_loss: 216.643
[GPU2] epochs: [101/800] train_loss_con: 808.394 energy_loss: 215.695
[GPU2] epochs: [102/800] train_loss_con: 799.127 energy_loss: 216.631
[GPU2] epochs: [103/800] train_loss_con: 798.059 energy_loss: 216.339
[GPU2] epochs: [104/800] train_loss_con: 793.550 energy_loss: 215.905
[GPU2] epochs: [105/800] train_loss_con: 792.223 energy_loss: 216.373
[GPU2] epochs: [106/800] train_loss_con: 786.350 energy_loss: 215.657
[GPU2] epochs: [107/800] train_loss_con: 785.074 energy_loss: 216.319
[GPU2] epochs: [108/800] train_loss_con: 785.512 energy_loss: 215.733
[GPU2] epochs: [109/800] train_loss_con: 786.566 energy_loss: 215.797
[GPU2] epochs: [110/800] train_loss_con: 783.135 energy_loss: 215.515
[GPU2] epochs: [111/800] train_loss_con: 775.597 energy_loss: 215.567
[GPU2] epochs: [112/800] train_loss_con: 772.040 energy_loss: 215.264
[GPU2] epochs: [113/800] train_loss_con: 781.899 energy_loss: 215.300
[GPU2] epochs: [114/800] train_loss_con: 780.333 energy_loss: 215.405
[GPU2] epochs: [115/800] train_loss_con: 768.750 energy_loss: 215.570
[GPU2] epochs: [116/800] train_loss_con: 768.582 energy_loss: 215.022
[GPU2] epochs: [117/800] train_loss_con: 772.762 energy_loss: 215.252
[GPU2] epochs: [118/800] train_loss_con: 763.964 energy_loss: 215.146
[GPU2] epochs: [119/800] train_loss_con: 755.932 energy_loss: 214.846
[GPU2] epochs: [120/800] train_loss_con: 759.715 energy_loss: 214.811
[GPU2] epochs: [121/800] train_loss_con: 761.711 energy_loss: 214.732
[GPU2] epochs: [122/800] train_loss_con: 751.199 energy_loss: 214.853
[GPU2] epochs: [123/800] train_loss_con: 752.923 energy_loss: 214.538
[GPU2] epochs: [124/800] train_loss_con: 748.005 energy_loss: 214.863
[GPU2] epochs: [125/800] train_loss_con: 748.514 energy_loss: 214.596
[GPU2] epochs: [126/800] train_loss_con: 755.145 energy_loss: 214.305
[GPU2] epochs: [127/800] train_loss_con: 752.448 energy_loss: 214.264
[GPU2] epochs: [128/800] train_loss_con: 747.642 energy_loss: 214.288
[GPU2] epochs: [129/800] train_loss_con: 744.865 energy_loss: 213.572
[GPU2] epochs: [130/800] train_loss_con: 751.845 energy_loss: 213.446
[GPU2] epochs: [131/800] train_loss_con: 746.476 energy_loss: 213.789
[GPU2] epochs: [132/800] train_loss_con: 737.836 energy_loss: 213.113
[GPU2] epochs: [133/800] train_loss_con: 744.751 energy_loss: 212.908
[GPU2] epochs: [134/800] train_loss_con: 737.232 energy_loss: 213.252
[GPU2] epochs: [135/800] train_loss_con: 737.414 energy_loss: 212.798
[GPU2] epochs: [136/800] train_loss_con: 736.943 energy_loss: 212.571
[GPU2] epochs: [137/800] train_loss_con: 741.276 energy_loss: 212.187
[GPU2] epochs: [138/800] train_loss_con: 730.841 energy_loss: 211.948
[GPU2] epochs: [139/800] train_loss_con: 734.202 energy_loss: 212.270
[GPU2] epochs: [140/800] train_loss_con: 733.210 energy_loss: 211.769
[GPU2] epochs: [141/800] train_loss_con: 733.246 energy_loss: 211.738
[GPU2] epochs: [142/800] train_loss_con: 730.884 energy_loss: 211.516
[GPU2] epochs: [143/800] train_loss_con: 727.743 energy_loss: 211.154
[GPU2] epochs: [144/800] train_loss_con: 731.243 energy_loss: 211.320
[GPU2] epochs: [145/800] train_loss_con: 722.820 energy_loss: 210.680
[GPU2] epochs: [146/800] train_loss_con: 726.073 energy_loss: 210.832
[GPU2] epochs: [147/800] train_loss_con: 727.830 energy_loss: 210.901
[GPU2] epochs: [148/800] train_loss_con: 720.037 energy_loss: 210.586
[GPU2] epochs: [149/800] train_loss_con: 724.681 energy_loss: 210.374
[GPU2] epochs: [150/800] train_loss_con: 730.350 energy_loss: 210.469
[GPU2] epochs: [151/800] train_loss_con: 717.480 energy_loss: 209.604
[GPU2] epochs: [152/800] train_loss_con: 718.347 energy_loss: 209.738
[GPU2] epochs: [153/800] train_loss_con: 713.091 energy_loss: 209.603
[GPU2] epochs: [154/800] train_loss_con: 717.654 energy_loss: 209.166
[GPU2] epochs: [155/800] train_loss_con: 710.286 energy_loss: 208.822
[GPU2] epochs: [156/800] train_loss_con: 713.864 energy_loss: 208.517
[GPU2] epochs: [157/800] train_loss_con: 712.962 energy_loss: 208.383
[GPU2] epochs: [158/800] train_loss_con: 713.387 energy_loss: 208.045
[GPU2] epochs: [159/800] train_loss_con: 711.944 energy_loss: 207.630
[GPU2] epochs: [160/800] train_loss_con: 709.926 energy_loss: 206.919
[GPU2] epochs: [161/800] train_loss_con: 710.730 energy_loss: 207.138
[GPU2] epochs: [162/800] train_loss_con: 709.183 energy_loss: 206.953
[GPU2] epochs: [163/800] train_loss_con: 704.671 energy_loss: 206.523
[GPU2] epochs: [164/800] train_loss_con: 712.932 energy_loss: 205.997
[GPU2] epochs: [165/800] train_loss_con: 702.493 energy_loss: 205.818
[GPU2] epochs: [166/800] train_loss_con: 706.654 energy_loss: 205.303
[GPU2] epochs: [167/800] train_loss_con: 703.703 energy_loss: 205.483
[GPU2] epochs: [168/800] train_loss_con: 701.504 energy_loss: 204.946
[GPU2] epochs: [169/800] train_loss_con: 711.215 energy_loss: 204.924
[GPU2] epochs: [170/800] train_loss_con: 706.471 energy_loss: 204.516
[GPU2] epochs: [171/800] train_loss_con: 698.457 energy_loss: 203.907
[GPU2] epochs: [172/800] train_loss_con: 695.768 energy_loss: 203.327
[GPU2] epochs: [173/800] train_loss_con: 702.223 energy_loss: 203.118
[GPU2] epochs: [174/800] train_loss_con: 691.707 energy_loss: 202.959
[GPU2] epochs: [175/800] train_loss_con: 693.038 energy_loss: 202.418
[GPU2] epochs: [176/800] train_loss_con: 700.544 energy_loss: 202.136
[GPU2] epochs: [177/800] train_loss_con: 692.321 energy_loss: 202.077
[GPU2] epochs: [178/800] train_loss_con: 696.352 energy_loss: 202.019
[GPU2] epochs: [179/800] train_loss_con: 694.340 energy_loss: 200.908
[GPU2] epochs: [180/800] train_loss_con: 691.405 energy_loss: 200.982
[GPU2] epochs: [181/800] train_loss_con: 702.134 energy_loss: 201.162
[GPU2] epochs: [182/800] train_loss_con: 696.623 energy_loss: 200.611
[GPU2] epochs: [183/800] train_loss_con: 701.308 energy_loss: 200.294
[GPU2] epochs: [184/800] train_loss_con: 694.173 energy_loss: 199.845
[GPU2] epochs: [185/800] train_loss_con: 694.701 energy_loss: 199.836
[GPU2] epochs: [186/800] train_loss_con: 683.760 energy_loss: 199.184
[GPU2] epochs: [187/800] train_loss_con: 688.725 energy_loss: 199.134
[GPU2] epochs: [188/800] train_loss_con: 686.309 energy_loss: 198.667
[GPU2] epochs: [189/800] train_loss_con: 689.343 energy_loss: 198.584
[GPU2] epochs: [190/800] train_loss_con: 681.569 energy_loss: 197.838
[GPU2] epochs: [191/800] train_loss_con: 692.450 energy_loss: 197.732
[GPU2] epochs: [192/800] train_loss_con: 686.031 energy_loss: 196.871
[GPU2] epochs: [193/800] train_loss_con: 683.872 energy_loss: 196.748
[GPU2] epochs: [194/800] train_loss_con: 688.856 energy_loss: 196.359
[GPU2] epochs: [195/800] train_loss_con: 689.329 energy_loss: 196.399
[GPU2] epochs: [196/800] train_loss_con: 676.126 energy_loss: 195.355
[GPU2] epochs: [197/800] train_loss_con: 681.463 energy_loss: 195.984
[GPU2] epochs: [198/800] train_loss_con: 679.803 energy_loss: 195.360
[GPU2] epochs: [199/800] train_loss_con: 679.801 energy_loss: 195.327
[GPU2] epochs: [200/800] train_loss_con: 679.435 energy_loss: 195.408
[GPU2] epochs: [201/800] train_loss_con: 679.508 energy_loss: 195.091
[GPU2] epochs: [202/800] train_loss_con: 687.144 energy_loss: 194.323
[GPU2] epochs: [203/800] train_loss_con: 678.961 energy_loss: 193.649
[GPU2] epochs: [204/800] train_loss_con: 673.314 energy_loss: 193.479
[GPU2] epochs: [205/800] train_loss_con: 680.717 energy_loss: 193.752
[GPU2] epochs: [206/800] train_loss_con: 676.732 energy_loss: 193.747
[GPU2] epochs: [207/800] train_loss_con: 682.839 energy_loss: 193.087
[GPU2] epochs: [208/800] train_loss_con: 681.494 energy_loss: 193.101
[GPU2] epochs: [209/800] train_loss_con: 680.245 energy_loss: 192.667
[GPU2] epochs: [210/800] train_loss_con: 672.542 energy_loss: 192.123
[GPU2] epochs: [211/800] train_loss_con: 669.369 energy_loss: 192.098
[GPU2] epochs: [212/800] train_loss_con: 671.014 energy_loss: 191.771
[GPU2] epochs: [213/800] train_loss_con: 666.758 energy_loss: 191.213
[GPU2] epochs: [214/800] train_loss_con: 669.654 energy_loss: 191.336
[GPU2] epochs: [215/800] train_loss_con: 669.491 energy_loss: 190.377
[GPU2] epochs: [216/800] train_loss_con: 674.130 energy_loss: 190.477
[GPU2] epochs: [217/800] train_loss_con: 670.030 energy_loss: 190.174
[GPU2] epochs: [218/800] train_loss_con: 675.938 energy_loss: 190.108
[GPU2] epochs: [219/800] train_loss_con: 666.062 energy_loss: 189.820
[GPU2] epochs: [220/800] train_loss_con: 669.902 energy_loss: 189.618
[GPU2] epochs: [221/800] train_loss_con: 669.279 energy_loss: 188.859
[GPU2] epochs: [222/800] train_loss_con: 668.768 energy_loss: 189.577
[GPU2] epochs: [223/800] train_loss_con: 666.457 energy_loss: 189.304
[GPU2] epochs: [224/800] train_loss_con: 667.628 energy_loss: 188.552
[GPU2] epochs: [225/800] train_loss_con: 667.831 energy_loss: 188.109
[GPU2] epochs: [226/800] train_loss_con: 663.730 energy_loss: 187.698
[GPU2] epochs: [227/800] train_loss_con: 660.771 energy_loss: 187.780
[GPU2] epochs: [228/800] train_loss_con: 668.220 energy_loss: 187.993
[GPU2] epochs: [229/800] train_loss_con: 668.118 energy_loss: 186.927
[GPU2] epochs: [230/800] train_loss_con: 670.541 energy_loss: 187.269
[GPU2] epochs: [231/800] train_loss_con: 662.107 energy_loss: 186.577
[GPU2] epochs: [232/800] train_loss_con: 659.245 energy_loss: 186.082
[GPU2] epochs: [233/800] train_loss_con: 659.373 energy_loss: 185.669
[GPU2] epochs: [234/800] train_loss_con: 668.753 energy_loss: 186.230
[GPU2] epochs: [235/800] train_loss_con: 662.985 energy_loss: 186.552
[GPU2] epochs: [236/800] train_loss_con: 666.504 energy_loss: 185.699
[GPU2] epochs: [237/800] train_loss_con: 660.590 energy_loss: 185.522
[GPU2] epochs: [238/800] train_loss_con: 650.537 energy_loss: 185.286
[GPU2] epochs: [239/800] train_loss_con: 661.965 energy_loss: 184.852
[GPU2] epochs: [240/800] train_loss_con: 657.758 energy_loss: 185.024
[GPU2] epochs: [241/800] train_loss_con: 657.891 energy_loss: 184.795
[GPU2] epochs: [242/800] train_loss_con: 655.911 energy_loss: 184.343
[GPU2] epochs: [243/800] train_loss_con: 660.283 energy_loss: 184.683
[GPU2] epochs: [244/800] train_loss_con: 656.001 energy_loss: 183.979
[GPU2] epochs: [245/800] train_loss_con: 661.669 energy_loss: 183.951
[GPU2] epochs: [246/800] train_loss_con: 655.015 energy_loss: 183.574
[GPU2] epochs: [247/800] train_loss_con: 654.315 energy_loss: 183.554
[GPU2] epochs: [248/800] train_loss_con: 657.796 energy_loss: 183.903
[GPU2] epochs: [249/800] train_loss_con: 661.719 energy_loss: 184.177
[GPU2] epochs: [250/800] train_loss_con: 652.793 energy_loss: 183.147
[GPU2] epochs: [251/800] train_loss_con: 656.379 energy_loss: 183.228
[GPU2] epochs: [252/800] train_loss_con: 656.499 energy_loss: 183.506
[GPU2] epochs: [253/800] train_loss_con: 653.490 energy_loss: 183.120
[GPU2] epochs: [254/800] train_loss_con: 652.862 energy_loss: 183.387
[GPU2] epochs: [255/800] train_loss_con: 655.226 energy_loss: 183.129
[GPU2] epochs: [256/800] train_loss_con: 659.481 energy_loss: 183.241
[GPU2] epochs: [257/800] train_loss_con: 648.493 energy_loss: 183.207
[GPU2] epochs: [258/800] train_loss_con: 641.460 energy_loss: 182.930
[GPU2] epochs: [259/800] train_loss_con: 651.354 energy_loss: 182.368
[GPU2] epochs: [260/800] train_loss_con: 644.836 energy_loss: 181.921
[GPU2] epochs: [261/800] train_loss_con: 649.701 energy_loss: 182.412
[GPU2] epochs: [262/800] train_loss_con: 648.956 energy_loss: 182.570
[GPU2] epochs: [263/800] train_loss_con: 647.255 energy_loss: 182.038
[GPU2] epochs: [264/800] train_loss_con: 645.194 energy_loss: 181.834
[GPU2] epochs: [265/800] train_loss_con: 653.727 energy_loss: 181.392
[GPU2] epochs: [266/800] train_loss_con: 655.619 energy_loss: 181.378
[GPU2] epochs: [267/800] train_loss_con: 647.699 energy_loss: 181.489
[GPU2] epochs: [268/800] train_loss_con: 647.835 energy_loss: 181.056
[GPU2] epochs: [269/800] train_loss_con: 642.558 energy_loss: 181.062
[GPU2] epochs: [270/800] train_loss_con: 650.110 energy_loss: 180.605
[GPU2] epochs: [271/800] train_loss_con: 638.611 energy_loss: 180.624
[GPU2] epochs: [272/800] train_loss_con: 645.998 energy_loss: 180.708
[GPU2] epochs: [273/800] train_loss_con: 653.650 energy_loss: 180.572
[GPU2] epochs: [274/800] train_loss_con: 647.137 energy_loss: 179.734
[GPU2] epochs: [275/800] train_loss_con: 649.476 energy_loss: 179.412
[GPU2] epochs: [276/800] train_loss_con: 642.842 energy_loss: 179.323
[GPU2] epochs: [277/800] train_loss_con: 639.315 energy_loss: 179.428
[GPU2] epochs: [278/800] train_loss_con: 645.449 energy_loss: 179.316
[GPU2] epochs: [279/800] train_loss_con: 646.966 energy_loss: 178.876
[GPU2] epochs: [280/800] train_loss_con: 640.742 energy_loss: 178.724
[GPU2] epochs: [281/800] train_loss_con: 639.338 energy_loss: 177.944
[GPU2] epochs: [282/800] train_loss_con: 640.149 energy_loss: 177.999
[GPU2] epochs: [283/800] train_loss_con: 639.115 energy_loss: 177.019
[GPU2] epochs: [284/800] train_loss_con: 644.741 energy_loss: 177.980
[GPU2] epochs: [285/800] train_loss_con: 642.350 energy_loss: 177.210
[GPU2] epochs: [286/800] train_loss_con: 635.881 energy_loss: 177.236
[GPU2] epochs: [287/800] train_loss_con: 638.481 energy_loss: 177.201
[GPU2] epochs: [288/800] train_loss_con: 643.057 energy_loss: 177.427
[GPU2] epochs: [289/800] train_loss_con: 632.955 energy_loss: 176.742
[GPU2] epochs: [290/800] train_loss_con: 638.472 energy_loss: 176.436
[GPU2] epochs: [291/800] train_loss_con: 641.768 energy_loss: 176.054
[GPU2] epochs: [292/800] train_loss_con: 631.287 energy_loss: 176.331
[GPU2] epochs: [293/800] train_loss_con: 633.724 energy_loss: 176.074
[GPU2] epochs: [294/800] train_loss_con: 627.724 energy_loss: 175.708
[GPU2] epochs: [295/800] train_loss_con: 636.821 energy_loss: 175.531
[GPU2] epochs: [296/800] train_loss_con: 637.489 energy_loss: 175.861
[GPU2] epochs: [297/800] train_loss_con: 630.016 energy_loss: 176.051
[GPU2] epochs: [298/800] train_loss_con: 633.743 energy_loss: 175.495
[GPU2] epochs: [299/800] train_loss_con: 630.251 energy_loss: 174.871
[GPU2] epochs: [300/800] train_loss_con: 637.142 energy_loss: 175.218
[GPU2] epochs: [301/800] train_loss_con: 637.931 energy_loss: 174.515
[GPU2] epochs: [302/800] train_loss_con: 632.589 energy_loss: 174.071
[GPU2] epochs: [303/800] train_loss_con: 631.083 energy_loss: 173.993
[GPU2] epochs: [304/800] train_loss_con: 628.134 energy_loss: 173.164
[GPU2] epochs: [305/800] train_loss_con: 631.044 energy_loss: 172.863
[GPU2] epochs: [306/800] train_loss_con: 634.467 energy_loss: 172.655
[GPU2] epochs: [307/800] train_loss_con: 629.382 energy_loss: 172.631
[GPU2] epochs: [308/800] train_loss_con: 631.598 energy_loss: 173.140
[GPU2] epochs: [309/800] train_loss_con: 625.801 energy_loss: 172.666
[GPU2] epochs: [310/800] train_loss_con: 632.690 energy_loss: 171.855
[GPU2] epochs: [311/800] train_loss_con: 626.095 energy_loss: 171.519
[GPU2] epochs: [312/800] train_loss_con: 628.134 energy_loss: 171.619
[GPU2] epochs: [313/800] train_loss_con: 633.170 energy_loss: 171.933
[GPU2] epochs: [314/800] train_loss_con: 624.473 energy_loss: 171.197
[GPU2] epochs: [315/800] train_loss_con: 621.738 energy_loss: 171.220
[GPU2] epochs: [316/800] train_loss_con: 618.987 energy_loss: 170.551
[GPU2] epochs: [317/800] train_loss_con: 628.920 energy_loss: 171.087
[GPU2] epochs: [318/800] train_loss_con: 624.718 energy_loss: 170.711
[GPU2] epochs: [319/800] train_loss_con: 622.879 energy_loss: 170.625
[GPU2] epochs: [320/800] train_loss_con: 623.159 energy_loss: 170.353
[GPU2] epochs: [321/800] train_loss_con: 624.296 energy_loss: 169.978
[GPU2] epochs: [322/800] train_loss_con: 623.871 energy_loss: 169.490
[GPU2] epochs: [323/800] train_loss_con: 623.658 energy_loss: 170.161
[GPU2] epochs: [324/800] train_loss_con: 628.404 energy_loss: 169.732
[GPU2] epochs: [325/800] train_loss_con: 624.601 energy_loss: 169.260
[GPU2] epochs: [326/800] train_loss_con: 619.825 energy_loss: 169.432
[GPU2] epochs: [327/800] train_loss_con: 626.567 energy_loss: 168.998
[GPU2] epochs: [328/800] train_loss_con: 620.591 energy_loss: 169.199
[GPU2] epochs: [329/800] train_loss_con: 618.174 energy_loss: 168.752
[GPU2] epochs: [330/800] train_loss_con: 621.064 energy_loss: 168.607
[GPU2] epochs: [331/800] train_loss_con: 621.600 energy_loss: 168.361
[GPU2] epochs: [332/800] train_loss_con: 613.719 energy_loss: 168.374
[GPU2] epochs: [333/800] train_loss_con: 616.180 energy_loss: 168.302
[GPU2] epochs: [334/800] train_loss_con: 620.611 energy_loss: 168.541
[GPU2] epochs: [335/800] train_loss_con: 613.672 energy_loss: 167.538
[GPU2] epochs: [336/800] train_loss_con: 621.457 energy_loss: 167.631
[GPU2] epochs: [337/800] train_loss_con: 617.916 energy_loss: 167.519
[GPU2] epochs: [338/800] train_loss_con: 614.543 energy_loss: 167.439
[GPU2] epochs: [339/800] train_loss_con: 617.102 energy_loss: 167.037
[GPU2] epochs: [340/800] train_loss_con: 614.122 energy_loss: 167.106
[GPU2] epochs: [341/800] train_loss_con: 614.194 energy_loss: 166.890
[GPU2] epochs: [342/800] train_loss_con: 616.411 energy_loss: 166.617
[GPU2] epochs: [343/800] train_loss_con: 616.392 energy_loss: 166.445
[GPU2] epochs: [344/800] train_loss_con: 613.958 energy_loss: 166.610
[GPU2] epochs: [345/800] train_loss_con: 611.837 energy_loss: 166.327
[GPU2] epochs: [346/800] train_loss_con: 608.711 energy_loss: 166.202
[GPU2] epochs: [347/800] train_loss_con: 620.337 energy_loss: 166.471
[GPU2] epochs: [348/800] train_loss_con: 619.360 energy_loss: 166.900
[GPU2] epochs: [349/800] train_loss_con: 605.413 energy_loss: 165.381
[GPU2] epochs: [350/800] train_loss_con: 612.371 energy_loss: 165.702
[GPU2] epochs: [351/800] train_loss_con: 611.535 energy_loss: 165.684
[GPU2] epochs: [352/800] train_loss_con: 606.866 energy_loss: 165.781
[GPU2] epochs: [353/800] train_loss_con: 603.047 energy_loss: 164.075
[GPU2] epochs: [354/800] train_loss_con: 610.178 energy_loss: 165.250
[GPU2] epochs: [355/800] train_loss_con: 612.995 energy_loss: 164.431
[GPU2] epochs: [356/800] train_loss_con: 606.115 energy_loss: 164.465
[GPU2] epochs: [357/800] train_loss_con: 604.580 energy_loss: 164.487
[GPU2] epochs: [358/800] train_loss_con: 609.753 energy_loss: 164.282
[GPU2] epochs: [359/800] train_loss_con: 611.166 energy_loss: 164.444
[GPU2] epochs: [360/800] train_loss_con: 610.039 energy_loss: 164.731
[GPU2] epochs: [361/800] train_loss_con: 603.556 energy_loss: 163.360
[GPU2] epochs: [362/800] train_loss_con: 611.604 energy_loss: 163.765
[GPU2] epochs: [363/800] train_loss_con: 606.334 energy_loss: 163.308
[GPU2] epochs: [364/800] train_loss_con: 606.513 energy_loss: 163.609
[GPU2] epochs: [365/800] train_loss_con: 601.235 energy_loss: 163.130
[GPU2] epochs: [366/800] train_loss_con: 602.767 energy_loss: 162.700
[GPU2] epochs: [367/800] train_loss_con: 602.124 energy_loss: 163.824
[GPU2] epochs: [368/800] train_loss_con: 600.645 energy_loss: 163.089
[GPU2] epochs: [369/800] train_loss_con: 602.405 energy_loss: 162.915
[GPU2] epochs: [370/800] train_loss_con: 598.389 energy_loss: 162.632
[GPU2] epochs: [371/800] train_loss_con: 602.532 energy_loss: 162.935
[GPU2] epochs: [372/800] train_loss_con: 600.021 energy_loss: 162.801
[GPU2] epochs: [373/800] train_loss_con: 601.107 energy_loss: 162.650
[GPU2] epochs: [374/800] train_loss_con: 598.545 energy_loss: 161.532
[GPU2] epochs: [375/800] train_loss_con: 602.721 energy_loss: 162.280
[GPU2] epochs: [376/800] train_loss_con: 600.543 energy_loss: 162.163
[GPU2] epochs: [377/800] train_loss_con: 603.666 energy_loss: 162.198
[GPU2] epochs: [378/800] train_loss_con: 605.304 energy_loss: 161.790
[GPU2] epochs: [379/800] train_loss_con: 598.954 energy_loss: 161.570
[GPU2] epochs: [380/800] train_loss_con: 597.279 energy_loss: 161.734
[GPU2] epochs: [381/800] train_loss_con: 597.716 energy_loss: 161.217
[GPU2] epochs: [382/800] train_loss_con: 596.013 energy_loss: 160.932
[GPU2] epochs: [383/800] train_loss_con: 593.823 energy_loss: 161.012
[GPU2] epochs: [384/800] train_loss_con: 588.423 energy_loss: 160.594
[GPU2] epochs: [385/800] train_loss_con: 598.601 energy_loss: 160.223
[GPU2] epochs: [386/800] train_loss_con: 595.323 energy_loss: 161.218
[GPU2] epochs: [387/800] train_loss_con: 595.800 energy_loss: 160.423
[GPU2] epochs: [388/800] train_loss_con: 593.330 energy_loss: 160.071
[GPU2] epochs: [389/800] train_loss_con: 596.384 energy_loss: 159.837
[GPU2] epochs: [390/800] train_loss_con: 598.520 energy_loss: 160.204
[GPU2] epochs: [391/800] train_loss_con: 588.728 energy_loss: 159.365
[GPU2] epochs: [392/800] train_loss_con: 590.783 energy_loss: 159.042
[GPU2] epochs: [393/800] train_loss_con: 592.631 energy_loss: 158.810
[GPU2] epochs: [394/800] train_loss_con: 592.398 energy_loss: 159.922
[GPU2] epochs: [395/800] train_loss_con: 597.948 energy_loss: 159.787
[GPU2] epochs: [396/800] train_loss_con: 591.572 energy_loss: 159.392
[GPU2] epochs: [397/800] train_loss_con: 592.614 energy_loss: 159.043
[GPU2] epochs: [398/800] train_loss_con: 586.005 energy_loss: 158.859
[GPU2] epochs: [399/800] train_loss_con: 593.532 energy_loss: 158.287
[GPU2] epochs: [400/800] train_loss_con: 587.121 energy_loss: 157.896
[GPU2] epochs: [401/800] train_loss_con: 591.635 energy_loss: 158.757
[GPU2] epochs: [402/800] train_loss_con: 590.963 energy_loss: 157.875
[GPU2] epochs: [403/800] train_loss_con: 590.856 energy_loss: 158.001
[GPU2] epochs: [404/800] train_loss_con: 587.804 energy_loss: 158.453
[GPU2] epochs: [405/800] train_loss_con: 591.802 energy_loss: 158.047
[GPU2] epochs: [406/800] train_loss_con: 587.883 energy_loss: 157.716
[GPU2] epochs: [407/800] train_loss_con: 585.932 energy_loss: 158.184
[GPU2] epochs: [408/800] train_loss_con: 585.073 energy_loss: 158.055
[GPU2] epochs: [409/800] train_loss_con: 587.020 energy_loss: 158.613
[GPU2] epochs: [410/800] train_loss_con: 585.799 energy_loss: 157.837
[GPU2] epochs: [411/800] train_loss_con: 582.403 energy_loss: 157.456
[GPU2] epochs: [412/800] train_loss_con: 583.326 energy_loss: 157.680
[GPU2] epochs: [413/800] train_loss_con: 588.355 energy_loss: 156.693
[GPU2] epochs: [414/800] train_loss_con: 587.361 energy_loss: 157.273
[GPU2] epochs: [415/800] train_loss_con: 584.292 energy_loss: 157.626
[GPU2] epochs: [416/800] train_loss_con: 578.986 energy_loss: 157.107
[GPU2] epochs: [417/800] train_loss_con: 583.361 energy_loss: 157.647
[GPU2] epochs: [418/800] train_loss_con: 578.306 energy_loss: 156.779
[GPU2] epochs: [419/800] train_loss_con: 577.555 energy_loss: 156.748
[GPU2] epochs: [420/800] train_loss_con: 582.033 energy_loss: 156.872
[GPU2] epochs: [421/800] train_loss_con: 580.056 energy_loss: 156.507
[GPU2] epochs: [422/800] train_loss_con: 573.731 energy_loss: 155.783
[GPU2] epochs: [423/800] train_loss_con: 577.998 energy_loss: 155.913
[GPU2] epochs: [424/800] train_loss_con: 579.634 energy_loss: 156.256
[GPU2] epochs: [425/800] train_loss_con: 580.061 energy_loss: 155.287
[GPU2] epochs: [426/800] train_loss_con: 578.655 energy_loss: 156.057
[GPU2] epochs: [427/800] train_loss_con: 579.892 energy_loss: 155.652
[GPU2] epochs: [428/800] train_loss_con: 575.877 energy_loss: 155.784
[GPU2] epochs: [429/800] train_loss_con: 575.396 energy_loss: 155.044
[GPU2] epochs: [430/800] train_loss_con: 579.462 energy_loss: 154.751
[GPU2] epochs: [431/800] train_loss_con: 570.909 energy_loss: 154.742
[GPU2] epochs: [432/800] train_loss_con: 577.919 energy_loss: 155.301
[GPU2] epochs: [433/800] train_loss_con: 569.151 energy_loss: 154.892
[GPU2] epochs: [434/800] train_loss_con: 577.191 energy_loss: 154.644
[GPU2] epochs: [435/800] train_loss_con: 573.116 energy_loss: 154.390
[GPU2] epochs: [436/800] train_loss_con: 572.288 energy_loss: 154.158
[GPU2] epochs: [437/800] train_loss_con: 573.442 energy_loss: 153.665
[GPU2] epochs: [438/800] train_loss_con: 574.747 energy_loss: 154.831
[GPU2] epochs: [439/800] train_loss_con: 575.684 energy_loss: 154.456
[GPU2] epochs: [440/800] train_loss_con: 571.500 energy_loss: 154.144
[GPU2] epochs: [441/800] train_loss_con: 572.371 energy_loss: 153.308
[GPU2] epochs: [442/800] train_loss_con: 568.084 energy_loss: 153.809
[GPU2] epochs: [443/800] train_loss_con: 567.442 energy_loss: 154.037
[GPU2] epochs: [444/800] train_loss_con: 569.208 energy_loss: 154.616
[GPU2] epochs: [445/800] train_loss_con: 570.471 energy_loss: 153.461
[GPU2] epochs: [446/800] train_loss_con: 571.656 energy_loss: 153.401
[GPU2] epochs: [447/800] train_loss_con: 566.699 energy_loss: 152.899
[GPU2] epochs: [448/800] train_loss_con: 563.609 energy_loss: 152.898
[GPU2] epochs: [449/800] train_loss_con: 566.430 energy_loss: 152.942
[GPU2] epochs: [450/800] train_loss_con: 562.927 energy_loss: 153.101
[GPU2] epochs: [451/800] train_loss_con: 568.990 energy_loss: 152.630
[GPU2] epochs: [452/800] train_loss_con: 561.678 energy_loss: 153.037
[GPU2] epochs: [453/800] train_loss_con: 564.271 energy_loss: 152.034
[GPU2] epochs: [454/800] train_loss_con: 562.032 energy_loss: 151.537
[GPU2] epochs: [455/800] train_loss_con: 560.907 energy_loss: 152.129
[GPU2] epochs: [456/800] train_loss_con: 566.032 energy_loss: 152.090
[GPU2] epochs: [457/800] train_loss_con: 566.798 energy_loss: 151.316
[GPU2] epochs: [458/800] train_loss_con: 560.644 energy_loss: 151.448
[GPU2] epochs: [459/800] train_loss_con: 558.836 energy_loss: 150.953
[GPU2] epochs: [460/800] train_loss_con: 558.724 energy_loss: 151.351
[GPU2] epochs: [461/800] train_loss_con: 562.773 energy_loss: 151.390
[GPU2] epochs: [462/800] train_loss_con: 562.140 energy_loss: 151.551
[GPU2] epochs: [463/800] train_loss_con: 560.238 energy_loss: 150.916
[GPU2] epochs: [464/800] train_loss_con: 560.747 energy_loss: 150.655
[GPU2] epochs: [465/800] train_loss_con: 559.013 energy_loss: 150.882
[GPU2] epochs: [466/800] train_loss_con: 557.581 energy_loss: 150.629
[GPU2] epochs: [467/800] train_loss_con: 557.902 energy_loss: 150.300
[GPU2] epochs: [468/800] train_loss_con: 555.309 energy_loss: 150.480
[GPU2] epochs: [469/800] train_loss_con: 557.928 energy_loss: 150.372
[GPU2] epochs: [470/800] train_loss_con: 554.784 energy_loss: 149.910
[GPU2] epochs: [471/800] train_loss_con: 561.020 energy_loss: 149.765
[GPU2] epochs: [472/800] train_loss_con: 551.726 energy_loss: 149.726
[GPU2] epochs: [473/800] train_loss_con: 551.465 energy_loss: 149.481
[GPU2] epochs: [474/800] train_loss_con: 554.726 energy_loss: 149.157
[GPU2] epochs: [475/800] train_loss_con: 551.242 energy_loss: 148.978
[GPU2] epochs: [476/800] train_loss_con: 551.071 energy_loss: 148.565
[GPU2] epochs: [477/800] train_loss_con: 552.242 energy_loss: 148.052
[GPU2] epochs: [478/800] train_loss_con: 547.258 energy_loss: 148.403
[GPU2] epochs: [479/800] train_loss_con: 551.406 energy_loss: 148.545
[GPU2] epochs: [480/800] train_loss_con: 555.333 energy_loss: 148.243
[GPU2] epochs: [481/800] train_loss_con: 555.383 energy_loss: 148.456
[GPU2] epochs: [482/800] train_loss_con: 543.775 energy_loss: 147.546
[GPU2] epochs: [483/800] train_loss_con: 551.434 energy_loss: 147.957
[GPU2] epochs: [484/800] train_loss_con: 543.785 energy_loss: 147.798
[GPU2] epochs: [485/800] train_loss_con: 546.769 energy_loss: 147.624
[GPU2] epochs: [486/800] train_loss_con: 544.613 energy_loss: 147.551
[GPU2] epochs: [487/800] train_loss_con: 546.251 energy_loss: 147.623
[GPU2] epochs: [488/800] train_loss_con: 546.123 energy_loss: 147.435
[GPU2] epochs: [489/800] train_loss_con: 544.681 energy_loss: 147.275
[GPU2] epochs: [490/800] train_loss_con: 545.711 energy_loss: 146.722
[GPU2] epochs: [491/800] train_loss_con: 541.916 energy_loss: 146.219
[GPU2] epochs: [492/800] train_loss_con: 543.478 energy_loss: 146.404
[GPU2] epochs: [493/800] train_loss_con: 541.915 energy_loss: 146.117
[GPU2] epochs: [494/800] train_loss_con: 541.558 energy_loss: 145.786
[GPU2] epochs: [495/800] train_loss_con: 545.231 energy_loss: 145.395
[GPU2] epochs: [496/800] train_loss_con: 543.283 energy_loss: 146.255
[GPU2] epochs: [497/800] train_loss_con: 543.100 energy_loss: 145.645
[GPU2] epochs: [498/800] train_loss_con: 550.690 energy_loss: 145.968
[GPU2] epochs: [499/800] train_loss_con: 542.428 energy_loss: 146.380
[GPU2] epochs: [500/800] train_loss_con: 541.992 energy_loss: 145.612
[GPU2] epochs: [501/800] train_loss_con: 542.087 energy_loss: 145.346
[GPU2] epochs: [502/800] train_loss_con: 542.140 energy_loss: 145.129
[GPU2] epochs: [503/800] train_loss_con: 542.666 energy_loss: 144.861
[GPU2] epochs: [504/800] train_loss_con: 541.433 energy_loss: 145.264
[GPU2] epochs: [505/800] train_loss_con: 534.708 energy_loss: 144.885
[GPU2] epochs: [506/800] train_loss_con: 534.150 energy_loss: 144.286
[GPU2] epochs: [507/800] train_loss_con: 538.143 energy_loss: 144.481
[GPU2] epochs: [508/800] train_loss_con: 532.906 energy_loss: 144.126
[GPU2] epochs: [509/800] train_loss_con: 540.502 energy_loss: 144.706
[GPU2] epochs: [510/800] train_loss_con: 534.529 energy_loss: 143.209
[GPU2] epochs: [511/800] train_loss_con: 532.482 energy_loss: 143.663
[GPU2] epochs: [512/800] train_loss_con: 531.319 energy_loss: 143.532
[GPU2] epochs: [513/800] train_loss_con: 537.247 energy_loss: 143.006
[GPU2] epochs: [514/800] train_loss_con: 538.890 energy_loss: 143.115
[GPU2] epochs: [515/800] train_loss_con: 540.053 energy_loss: 143.734
[GPU2] epochs: [516/800] train_loss_con: 532.557 energy_loss: 143.008
[GPU2] epochs: [517/800] train_loss_con: 532.180 energy_loss: 142.458
[GPU2] epochs: [518/800] train_loss_con: 531.541 energy_loss: 142.278
[GPU2] epochs: [519/800] train_loss_con: 529.914 energy_loss: 142.487
[GPU2] epochs: [520/800] train_loss_con: 527.613 energy_loss: 142.625
[GPU2] epochs: [521/800] train_loss_con: 530.944 energy_loss: 141.693
[GPU2] epochs: [522/800] train_loss_con: 530.943 energy_loss: 141.856
[GPU2] epochs: [523/800] train_loss_con: 529.766 energy_loss: 141.432
[GPU2] epochs: [524/800] train_loss_con: 531.218 energy_loss: 142.005
[GPU2] epochs: [525/800] train_loss_con: 529.112 energy_loss: 142.002
[GPU2] epochs: [526/800] train_loss_con: 531.155 energy_loss: 142.190
[GPU2] epochs: [527/800] train_loss_con: 520.957 energy_loss: 141.135
[GPU2] epochs: [528/800] train_loss_con: 522.585 energy_loss: 140.752
[GPU2] epochs: [529/800] train_loss_con: 523.050 energy_loss: 140.376
[GPU2] epochs: [530/800] train_loss_con: 527.649 energy_loss: 140.470
[GPU2] epochs: [531/800] train_loss_con: 528.540 energy_loss: 139.889
[GPU2] epochs: [532/800] train_loss_con: 524.113 energy_loss: 140.800
[GPU2] epochs: [533/800] train_loss_con: 518.392 energy_loss: 140.258
[GPU2] epochs: [534/800] train_loss_con: 523.393 energy_loss: 139.658
[GPU2] epochs: [535/800] train_loss_con: 520.863 energy_loss: 139.945
[GPU2] epochs: [536/800] train_loss_con: 519.122 energy_loss: 140.227
[GPU2] epochs: [537/800] train_loss_con: 520.835 energy_loss: 139.917
[GPU2] epochs: [538/800] train_loss_con: 519.564 energy_loss: 140.208
[GPU2] epochs: [539/800] train_loss_con: 517.623 energy_loss: 139.131
[GPU2] epochs: [540/800] train_loss_con: 518.650 energy_loss: 139.632
[GPU2] epochs: [541/800] train_loss_con: 524.338 energy_loss: 140.006
[GPU2] epochs: [542/800] train_loss_con: 515.954 energy_loss: 139.547
[GPU2] epochs: [543/800] train_loss_con: 519.190 energy_loss: 138.905
[GPU2] epochs: [544/800] train_loss_con: 517.204 energy_loss: 138.433
[GPU2] epochs: [545/800] train_loss_con: 518.193 energy_loss: 138.973
[GPU2] epochs: [546/800] train_loss_con: 513.602 energy_loss: 138.416
[GPU2] epochs: [547/800] train_loss_con: 516.012 energy_loss: 137.920
[GPU2] epochs: [548/800] train_loss_con: 514.953 energy_loss: 138.485
[GPU2] epochs: [549/800] train_loss_con: 515.317 energy_loss: 137.795
[GPU2] epochs: [550/800] train_loss_con: 511.219 energy_loss: 137.419
[GPU2] epochs: [551/800] train_loss_con: 511.868 energy_loss: 137.781
[GPU2] epochs: [552/800] train_loss_con: 508.727 energy_loss: 137.127
[GPU2] epochs: [553/800] train_loss_con: 512.748 energy_loss: 137.301
[GPU2] epochs: [554/800] train_loss_con: 510.485 energy_loss: 136.465
[GPU2] epochs: [555/800] train_loss_con: 511.958 energy_loss: 136.797
[GPU2] epochs: [556/800] train_loss_con: 509.984 energy_loss: 136.819
[GPU2] epochs: [557/800] train_loss_con: 508.096 energy_loss: 136.434
[GPU2] epochs: [558/800] train_loss_con: 511.886 energy_loss: 136.020
[GPU2] epochs: [559/800] train_loss_con: 510.327 energy_loss: 136.470
[GPU2] epochs: [560/800] train_loss_con: 510.238 energy_loss: 136.582
[GPU2] epochs: [561/800] train_loss_con: 507.390 energy_loss: 135.367
[GPU2] epochs: [562/800] train_loss_con: 506.085 energy_loss: 135.730
[GPU2] epochs: [563/800] train_loss_con: 503.594 energy_loss: 135.615
[GPU2] epochs: [564/800] train_loss_con: 505.565 energy_loss: 135.280
[GPU2] epochs: [565/800] train_loss_con: 504.012 energy_loss: 135.477
[GPU2] epochs: [566/800] train_loss_con: 503.635 energy_loss: 135.596
[GPU2] epochs: [567/800] train_loss_con: 499.319 energy_loss: 135.371
[GPU2] epochs: [568/800] train_loss_con: 505.551 energy_loss: 135.546
[GPU2] epochs: [569/800] train_loss_con: 503.611 energy_loss: 135.745
[GPU2] epochs: [570/800] train_loss_con: 502.544 energy_loss: 135.098
[GPU2] epochs: [571/800] train_loss_con: 503.135 energy_loss: 134.855
[GPU2] epochs: [572/800] train_loss_con: 497.640 energy_loss: 134.285
[GPU2] epochs: [573/800] train_loss_con: 499.147 energy_loss: 134.672
[GPU2] epochs: [574/800] train_loss_con: 501.472 energy_loss: 134.142
[GPU2] epochs: [575/800] train_loss_con: 497.891 energy_loss: 133.872
[GPU2] epochs: [576/800] train_loss_con: 497.120 energy_loss: 134.109
[GPU2] epochs: [577/800] train_loss_con: 499.939 energy_loss: 134.115
[GPU2] epochs: [578/800] train_loss_con: 493.766 energy_loss: 133.894
[GPU2] epochs: [579/800] train_loss_con: 497.264 energy_loss: 134.039
[GPU2] epochs: [580/800] train_loss_con: 497.560 energy_loss: 134.162
[GPU2] epochs: [581/800] train_loss_con: 501.811 energy_loss: 133.857
[GPU2] epochs: [582/800] train_loss_con: 496.901 energy_loss: 133.032
[GPU2] epochs: [583/800] train_loss_con: 494.574 energy_loss: 132.705
[GPU2] epochs: [584/800] train_loss_con: 495.699 energy_loss: 133.615
[GPU2] epochs: [585/800] train_loss_con: 493.766 energy_loss: 132.453
[GPU2] epochs: [586/800] train_loss_con: 490.816 energy_loss: 131.795
[GPU2] epochs: [587/800] train_loss_con: 495.015 energy_loss: 132.509
[GPU2] epochs: [588/800] train_loss_con: 494.464 energy_loss: 132.480
[GPU2] epochs: [589/800] train_loss_con: 490.813 energy_loss: 132.185
[GPU2] epochs: [590/800] train_loss_con: 495.320 energy_loss: 132.118
[GPU2] epochs: [591/800] train_loss_con: 488.515 energy_loss: 132.331
[GPU2] epochs: [592/800] train_loss_con: 489.420 energy_loss: 132.004
[GPU2] epochs: [593/800] train_loss_con: 491.236 energy_loss: 131.192
[GPU2] epochs: [594/800] train_loss_con: 489.157 energy_loss: 131.336
[GPU2] epochs: [595/800] train_loss_con: 487.601 energy_loss: 131.247
[GPU2] epochs: [596/800] train_loss_con: 489.550 energy_loss: 131.057
[GPU2] epochs: [597/800] train_loss_con: 482.783 energy_loss: 130.532
[GPU2] epochs: [598/800] train_loss_con: 484.948 energy_loss: 129.989
[GPU2] epochs: [599/800] train_loss_con: 486.514 energy_loss: 130.344
[GPU2] epochs: [600/800] train_loss_con: 483.579 energy_loss: 129.629
[GPU2] epochs: [601/800] train_loss_con: 481.239 energy_loss: 129.162
[GPU2] epochs: [602/800] train_loss_con: 485.637 energy_loss: 129.913
[GPU2] epochs: [603/800] train_loss_con: 482.980 energy_loss: 129.714
[GPU2] epochs: [604/800] train_loss_con: 482.732 energy_loss: 129.272
[GPU2] epochs: [605/800] train_loss_con: 481.068 energy_loss: 129.423
[GPU2] epochs: [606/800] train_loss_con: 479.808 energy_loss: 128.945
[GPU2] epochs: [607/800] train_loss_con: 477.252 energy_loss: 129.434
[GPU2] epochs: [608/800] train_loss_con: 473.650 energy_loss: 128.741
[GPU2] epochs: [609/800] train_loss_con: 480.154 energy_loss: 128.606
[GPU2] epochs: [610/800] train_loss_con: 475.077 energy_loss: 128.797
[GPU2] epochs: [611/800] train_loss_con: 478.984 energy_loss: 128.317
[GPU2] epochs: [612/800] train_loss_con: 475.681 energy_loss: 128.475
[GPU2] epochs: [613/800] train_loss_con: 473.103 energy_loss: 128.015
[GPU2] epochs: [614/800] train_loss_con: 478.628 energy_loss: 128.053
[GPU2] epochs: [615/800] train_loss_con: 472.646 energy_loss: 127.677
[GPU2] epochs: [616/800] train_loss_con: 472.908 energy_loss: 127.041
[GPU2] epochs: [617/800] train_loss_con: 471.251 energy_loss: 126.956
[GPU2] epochs: [618/800] train_loss_con: 470.689 energy_loss: 126.505
[GPU2] epochs: [619/800] train_loss_con: 473.706 energy_loss: 126.930
[GPU2] epochs: [620/800] train_loss_con: 468.214 energy_loss: 126.934
[GPU2] epochs: [621/800] train_loss_con: 472.255 energy_loss: 126.833
[GPU2] epochs: [622/800] train_loss_con: 469.800 energy_loss: 127.206
[GPU2] epochs: [623/800] train_loss_con: 471.838 energy_loss: 126.914
[GPU2] epochs: [624/800] train_loss_con: 470.245 energy_loss: 126.051
[GPU2] epochs: [625/800] train_loss_con: 467.749 energy_loss: 125.845
[GPU2] epochs: [626/800] train_loss_con: 467.783 energy_loss: 125.663
[GPU2] epochs: [627/800] train_loss_con: 466.794 energy_loss: 125.194
[GPU2] epochs: [628/800] train_loss_con: 465.405 energy_loss: 124.265
[GPU2] epochs: [629/800] train_loss_con: 467.260 energy_loss: 124.726
[GPU2] epochs: [630/800] train_loss_con: 465.147 energy_loss: 124.361
[GPU2] epochs: [631/800] train_loss_con: 462.305 energy_loss: 124.947
[GPU2] epochs: [632/800] train_loss_con: 459.628 energy_loss: 124.720
[GPU2] epochs: [633/800] train_loss_con: 460.370 energy_loss: 124.136
[GPU2] epochs: [634/800] train_loss_con: 462.218 energy_loss: 123.765
[GPU2] epochs: [635/800] train_loss_con: 458.177 energy_loss: 123.670
[GPU2] epochs: [636/800] train_loss_con: 463.499 energy_loss: 123.190
[GPU2] epochs: [637/800] train_loss_con: 461.664 energy_loss: 123.445
[GPU2] epochs: [638/800] train_loss_con: 461.256 energy_loss: 123.685
[GPU2] epochs: [639/800] train_loss_con: 459.767 energy_loss: 123.764
[GPU2] epochs: [640/800] train_loss_con: 458.682 energy_loss: 123.544
[GPU2] epochs: [641/800] train_loss_con: 458.630 energy_loss: 123.023
[GPU2] epochs: [642/800] train_loss_con: 457.805 energy_loss: 122.759
[GPU2] epochs: [643/800] train_loss_con: 457.758 energy_loss: 122.786
[GPU2] epochs: [644/800] train_loss_con: 457.379 energy_loss: 122.960
[GPU2] epochs: [645/800] train_loss_con: 453.481 energy_loss: 122.185
[GPU2] epochs: [646/800] train_loss_con: 453.411 energy_loss: 122.299
[GPU2] epochs: [647/800] train_loss_con: 454.326 energy_loss: 122.021
[GPU2] epochs: [648/800] train_loss_con: 454.603 energy_loss: 121.392
[GPU2] epochs: [649/800] train_loss_con: 456.363 energy_loss: 121.415
[GPU2] epochs: [650/800] train_loss_con: 451.595 energy_loss: 121.633
[GPU2] epochs: [651/800] train_loss_con: 451.801 energy_loss: 121.663
[GPU2] epochs: [652/800] train_loss_con: 451.066 energy_loss: 121.096
[GPU2] epochs: [653/800] train_loss_con: 450.980 energy_loss: 121.014
[GPU2] epochs: [654/800] train_loss_con: 449.189 energy_loss: 120.231
[GPU2] epochs: [655/800] train_loss_con: 445.882 energy_loss: 120.468
[GPU2] epochs: [656/800] train_loss_con: 446.967 energy_loss: 120.839
[GPU2] epochs: [657/800] train_loss_con: 447.081 energy_loss: 120.654
[GPU2] epochs: [658/800] train_loss_con: 447.441 energy_loss: 120.113
[GPU2] epochs: [659/800] train_loss_con: 447.949 energy_loss: 119.913
[GPU2] epochs: [660/800] train_loss_con: 445.314 energy_loss: 119.709
[GPU2] epochs: [661/800] train_loss_con: 446.984 energy_loss: 119.466
[GPU2] epochs: [662/800] train_loss_con: 446.683 energy_loss: 119.597
[GPU2] epochs: [663/800] train_loss_con: 444.172 energy_loss: 118.786
[GPU2] epochs: [664/800] train_loss_con: 445.305 energy_loss: 118.547
[GPU2] epochs: [665/800] train_loss_con: 443.407 energy_loss: 118.627
[GPU2] epochs: [666/800] train_loss_con: 444.633 energy_loss: 118.551
[GPU2] epochs: [667/800] train_loss_con: 442.355 energy_loss: 118.893
[GPU2] epochs: [668/800] train_loss_con: 442.729 energy_loss: 118.035
[GPU2] epochs: [669/800] train_loss_con: 438.386 energy_loss: 118.019
[GPU2] epochs: [670/800] train_loss_con: 441.730 energy_loss: 118.175
[GPU2] epochs: [671/800] train_loss_con: 440.964 energy_loss: 117.178
[GPU2] epochs: [672/800] train_loss_con: 437.868 energy_loss: 117.253
[GPU2] epochs: [673/800] train_loss_con: 437.987 energy_loss: 116.878
[GPU2] epochs: [674/800] train_loss_con: 441.129 energy_loss: 117.256
[GPU2] epochs: [675/800] train_loss_con: 436.489 energy_loss: 117.510
[GPU2] epochs: [676/800] train_loss_con: 436.073 energy_loss: 117.363
[GPU2] epochs: [677/800] train_loss_con: 433.918 energy_loss: 116.544
[GPU2] epochs: [678/800] train_loss_con: 436.092 energy_loss: 117.001
[GPU2] epochs: [679/800] train_loss_con: 431.778 energy_loss: 116.580
[GPU2] epochs: [680/800] train_loss_con: 428.910 energy_loss: 116.450
[GPU2] epochs: [681/800] train_loss_con: 430.377 energy_loss: 116.134
[GPU2] epochs: [682/800] train_loss_con: 432.593 energy_loss: 115.297
[GPU2] epochs: [683/800] train_loss_con: 429.767 energy_loss: 115.339
[GPU2] epochs: [684/800] train_loss_con: 429.048 energy_loss: 115.158
[GPU2] epochs: [685/800] train_loss_con: 432.710 energy_loss: 114.923
[GPU2] epochs: [686/800] train_loss_con: 430.971 energy_loss: 115.085
[GPU2] epochs: [687/800] train_loss_con: 431.885 energy_loss: 114.587
[GPU2] epochs: [688/800] train_loss_con: 432.644 energy_loss: 114.315
[GPU2] epochs: [689/800] train_loss_con: 430.857 energy_loss: 114.615
[GPU2] epochs: [690/800] train_loss_con: 426.136 energy_loss: 114.139
[GPU2] epochs: [691/800] train_loss_con: 423.458 energy_loss: 113.444
[GPU2] epochs: [692/800] train_loss_con: 424.477 energy_loss: 113.547
[GPU2] epochs: [693/800] train_loss_con: 428.173 energy_loss: 113.397
[GPU2] epochs: [694/800] train_loss_con: 427.656 energy_loss: 113.534
[GPU2] epochs: [695/800] train_loss_con: 427.397 energy_loss: 113.427
[GPU2] epochs: [696/800] train_loss_con: 424.745 energy_loss: 113.348
[GPU2] epochs: [697/800] train_loss_con: 426.445 energy_loss: 113.126
[GPU2] epochs: [698/800] train_loss_con: 422.326 energy_loss: 112.524
[GPU2] epochs: [699/800] train_loss_con: 425.466 energy_loss: 112.452
[GPU2] epochs: [700/800] train_loss_con: 421.062 energy_loss: 112.216
[GPU2] epochs: [701/800] train_loss_con: 423.245 energy_loss: 112.518
[GPU2] epochs: [702/800] train_loss_con: 419.275 energy_loss: 112.258
[GPU2] epochs: [703/800] train_loss_con: 422.451 energy_loss: 111.838
[GPU2] epochs: [704/800] train_loss_con: 422.384 energy_loss: 111.459
[GPU2] epochs: [705/800] train_loss_con: 423.182 energy_loss: 111.663
[GPU2] epochs: [706/800] train_loss_con: 418.363 energy_loss: 111.787
[GPU2] epochs: [707/800] train_loss_con: 418.863 energy_loss: 111.457
[GPU2] epochs: [708/800] train_loss_con: 418.714 energy_loss: 111.040
[GPU2] epochs: [709/800] train_loss_con: 417.200 energy_loss: 111.060
[GPU2] epochs: [710/800] train_loss_con: 414.132 energy_loss: 110.383
[GPU2] epochs: [711/800] train_loss_con: 416.027 energy_loss: 110.474
[GPU2] epochs: [712/800] train_loss_con: 418.177 energy_loss: 110.379
[GPU2] epochs: [713/800] train_loss_con: 418.467 energy_loss: 110.560
[GPU2] epochs: [714/800] train_loss_con: 413.762 energy_loss: 109.849
[GPU2] epochs: [715/800] train_loss_con: 413.556 energy_loss: 109.465
[GPU2] epochs: [716/800] train_loss_con: 414.131 energy_loss: 109.369
[GPU2] epochs: [717/800] train_loss_con: 410.327 energy_loss: 109.611
[GPU2] epochs: [718/800] train_loss_con: 415.090 energy_loss: 109.095
[GPU2] epochs: [719/800] train_loss_con: 415.862 energy_loss: 109.131
[GPU2] epochs: [720/800] train_loss_con: 412.657 energy_loss: 108.918
[GPU2] epochs: [721/800] train_loss_con: 410.575 energy_loss: 108.916
[GPU2] epochs: [722/800] train_loss_con: 409.173 energy_loss: 108.216
[GPU2] epochs: [723/800] train_loss_con: 411.696 energy_loss: 108.160
[GPU2] epochs: [724/800] train_loss_con: 411.679 energy_loss: 108.481
[GPU2] epochs: [725/800] train_loss_con: 409.508 energy_loss: 108.480
[GPU2] epochs: [726/800] train_loss_con: 413.167 energy_loss: 108.618
[GPU2] epochs: [727/800] train_loss_con: 407.829 energy_loss: 108.562
[GPU2] epochs: [728/800] train_loss_con: 408.574 energy_loss: 108.128
[GPU2] epochs: [729/800] train_loss_con: 408.230 energy_loss: 107.968
[GPU2] epochs: [730/800] train_loss_con: 408.350 energy_loss: 107.918
[GPU2] epochs: [731/800] train_loss_con: 406.790 energy_loss: 107.507
[GPU2] epochs: [732/800] train_loss_con: 405.478 energy_loss: 106.982
[GPU2] epochs: [733/800] train_loss_con: 406.307 energy_loss: 106.787
[GPU2] epochs: [734/800] train_loss_con: 405.506 energy_loss: 107.092
[GPU2] epochs: [735/800] train_loss_con: 407.831 energy_loss: 107.501
[GPU2] epochs: [736/800] train_loss_con: 405.946 energy_loss: 107.818
[GPU2] epochs: [737/800] train_loss_con: 404.116 energy_loss: 107.227
[GPU2] epochs: [738/800] train_loss_con: 403.666 energy_loss: 106.639
[GPU2] epochs: [739/800] train_loss_con: 404.237 energy_loss: 106.739
[GPU2] epochs: [740/800] train_loss_con: 406.930 energy_loss: 106.503
[GPU2] epochs: [741/800] train_loss_con: 405.035 energy_loss: 106.958
[GPU2] epochs: [742/800] train_loss_con: 401.825 energy_loss: 106.828
[GPU2] epochs: [743/800] train_loss_con: 405.723 energy_loss: 106.668
[GPU2] epochs: [744/800] train_loss_con: 401.016 energy_loss: 106.467
[GPU2] epochs: [745/800] train_loss_con: 398.888 energy_loss: 106.174
[GPU2] epochs: [746/800] train_loss_con: 402.039 energy_loss: 106.105
[GPU2] epochs: [747/800] train_loss_con: 401.657 energy_loss: 105.677
[GPU2] epochs: [748/800] train_loss_con: 400.619 energy_loss: 105.564
[GPU2] epochs: [749/800] train_loss_con: 399.139 energy_loss: 105.213
[GPU2] epochs: [750/800] train_loss_con: 399.199 energy_loss: 105.074
[GPU2] epochs: [751/800] train_loss_con: 397.934 energy_loss: 104.969
[GPU2] epochs: [752/800] train_loss_con: 398.049 energy_loss: 104.772
[GPU2] epochs: [753/800] train_loss_con: 397.500 energy_loss: 104.479
[GPU2] epochs: [754/800] train_loss_con: 399.970 energy_loss: 104.719
[GPU2] epochs: [755/800] train_loss_con: 398.400 energy_loss: 104.736
[GPU2] epochs: [756/800] train_loss_con: 398.972 energy_loss: 104.405
[GPU2] epochs: [757/800] train_loss_con: 396.125 energy_loss: 104.136
[GPU2] epochs: [758/800] train_loss_con: 395.079 energy_loss: 104.129
[GPU2] epochs: [759/800] train_loss_con: 396.247 energy_loss: 103.945
[GPU2] epochs: [760/800] train_loss_con: 397.616 energy_loss: 104.167
[GPU2] epochs: [761/800] train_loss_con: 395.505 energy_loss: 104.226
[GPU2] epochs: [762/800] train_loss_con: 396.724 energy_loss: 103.867
[GPU2] epochs: [763/800] train_loss_con: 397.695 energy_loss: 103.606
[GPU2] epochs: [764/800] train_loss_con: 395.938 energy_loss: 103.483
[GPU2] epochs: [765/800] train_loss_con: 395.555 energy_loss: 103.034
[GPU2] epochs: [766/800] train_loss_con: 396.715 energy_loss: 103.219
[GPU2] epochs: [767/800] train_loss_con: 398.589 energy_loss: 103.413
[GPU2] epochs: [768/800] train_loss_con: 397.736 energy_loss: 103.443
[GPU2] epochs: [769/800] train_loss_con: 395.758 energy_loss: 103.240
[GPU2] epochs: [770/800] train_loss_con: 394.680 energy_loss: 103.141
[GPU2] epochs: [771/800] train_loss_con: 394.890 energy_loss: 103.246
[GPU2] epochs: [772/800] train_loss_con: 393.665 energy_loss: 102.959
[GPU2] epochs: [773/800] train_loss_con: 394.533 energy_loss: 102.892
[GPU2] epochs: [774/800] train_loss_con: 394.102 energy_loss: 102.787
[GPU2] epochs: [775/800] train_loss_con: 396.066 energy_loss: 102.692
[GPU2] epochs: [776/800] train_loss_con: 393.085 energy_loss: 102.642
[GPU2] epochs: [777/800] train_loss_con: 395.103 energy_loss: 102.580
[GPU2] epochs: [778/800] train_loss_con: 393.058 energy_loss: 102.668
[GPU2] epochs: [779/800] train_loss_con: 395.913 energy_loss: 102.582
[GPU2] epochs: [780/800] train_loss_con: 391.326 energy_loss: 102.494
[GPU2] epochs: [781/800] train_loss_con: 392.199 energy_loss: 102.413
[GPU2] epochs: [782/800] train_loss_con: 392.307 energy_loss: 102.393
[GPU2] epochs: [783/800] train_loss_con: 392.999 energy_loss: 102.327
[GPU2] epochs: [784/800] train_loss_con: 394.694 energy_loss: 102.126
[GPU2] epochs: [785/800] train_loss_con: 392.642 energy_loss: 102.091
[GPU2] epochs: [786/800] train_loss_con: 396.068 energy_loss: 102.149
[GPU2] epochs: [787/800] train_loss_con: 393.653 energy_loss: 101.924
[GPU2] epochs: [788/800] train_loss_con: 393.238 energy_loss: 101.928
[GPU2] epochs: [789/800] train_loss_con: 391.504 energy_loss: 101.725
[GPU2] epochs: [790/800] train_loss_con: 393.553 energy_loss: 101.715
[GPU2] epochs: [791/800] train_loss_con: 390.553 energy_loss: 101.704
[GPU2] epochs: [792/800] train_loss_con: 392.586 energy_loss: 101.592
[GPU2] epochs: [793/800] train_loss_con: 392.700 energy_loss: 101.541
[GPU2] epochs: [794/800] train_loss_con: 390.160 energy_loss: 101.519
[GPU2] epochs: [795/800] train_loss_con: 393.539 energy_loss: 101.409
[GPU2] epochs: [796/800] train_loss_con: 392.001 energy_loss: 101.490
[GPU2] epochs: [797/800] train_loss_con: 390.131 energy_loss: 101.267
[GPU2] epochs: [798/800] train_loss_con: 392.715 energy_loss: 101.148
[GPU2] epochs: [799/800] train_loss_con: 394.255 energy_loss: 101.154
[GPU2] epochs: [800/800] train_loss_con: 389.883 energy_loss: 101.182
### TSNE starts
### MLP training begins
[GPU2] Test Accuracy at epoch: 0: 0.876
[GPU2] epochs: [1/100] train_acc: 0.824 train_loss_sup: 0.567
[GPU2] epochs: [2/100] train_acc: 0.852 train_loss_sup: 0.445
[GPU2] epochs: [3/100] train_acc: 0.852 train_loss_sup: 0.443
[GPU2] epochs: [4/100] train_acc: 0.854 train_loss_sup: 0.438
[GPU2] epochs: [5/100] train_acc: 0.853 train_loss_sup: 0.444
[GPU2] epochs: [6/100] train_acc: 0.852 train_loss_sup: 0.442
[GPU2] epochs: [7/100] train_acc: 0.852 train_loss_sup: 0.439
[GPU2] epochs: [8/100] train_acc: 0.855 train_loss_sup: 0.431
[GPU2] epochs: [9/100] train_acc: 0.853 train_loss_sup: 0.435
[GPU2] epochs: [10/100] train_acc: 0.853 train_loss_sup: 0.437
[GPU2] Test Accuracy at epoch: 10: 0.877
[GPU2] epochs: [11/100] train_acc: 0.855 train_loss_sup: 0.433
[GPU2] epochs: [12/100] train_acc: 0.853 train_loss_sup: 0.440
[GPU2] epochs: [13/100] train_acc: 0.853 train_loss_sup: 0.444
[GPU2] epochs: [14/100] train_acc: 0.854 train_loss_sup: 0.436
[GPU2] epochs: [15/100] train_acc: 0.854 train_loss_sup: 0.438
[GPU2] epochs: [16/100] train_acc: 0.852 train_loss_sup: 0.448
[GPU2] epochs: [17/100] train_acc: 0.855 train_loss_sup: 0.431
[GPU2] epochs: [18/100] train_acc: 0.855 train_loss_sup: 0.430
[GPU2] epochs: [19/100] train_acc: 0.855 train_loss_sup: 0.432
[GPU2] epochs: [20/100] train_acc: 0.852 train_loss_sup: 0.444
[GPU2] Test Accuracy at epoch: 20: 0.88
[GPU2] epochs: [21/100] train_acc: 0.854 train_loss_sup: 0.436
[GPU2] epochs: [22/100] train_acc: 0.853 train_loss_sup: 0.439
[GPU2] epochs: [23/100] train_acc: 0.854 train_loss_sup: 0.436
[GPU2] epochs: [24/100] train_acc: 0.854 train_loss_sup: 0.438
[GPU2] epochs: [25/100] train_acc: 0.856 train_loss_sup: 0.434
[GPU2] epochs: [26/100] train_acc: 0.854 train_loss_sup: 0.437
[GPU2] epochs: [27/100] train_acc: 0.856 train_loss_sup: 0.431
[GPU2] epochs: [28/100] train_acc: 0.853 train_loss_sup: 0.436
[GPU2] epochs: [29/100] train_acc: 0.853 train_loss_sup: 0.435
[GPU2] epochs: [30/100] train_acc: 0.852 train_loss_sup: 0.437
[GPU2] Test Accuracy at epoch: 30: 0.879
[GPU2] epochs: [31/100] train_acc: 0.853 train_loss_sup: 0.436
[GPU2] epochs: [32/100] train_acc: 0.855 train_loss_sup: 0.435
[GPU2] epochs: [33/100] train_acc: 0.853 train_loss_sup: 0.438
[GPU2] epochs: [34/100] train_acc: 0.855 train_loss_sup: 0.438
[GPU2] epochs: [35/100] train_acc: 0.854 train_loss_sup: 0.433
[GPU2] epochs: [36/100] train_acc: 0.854 train_loss_sup: 0.435
[GPU2] epochs: [37/100] train_acc: 0.855 train_loss_sup: 0.434
[GPU2] epochs: [38/100] train_acc: 0.855 train_loss_sup: 0.433
[GPU2] epochs: [39/100] train_acc: 0.854 train_loss_sup: 0.439
[GPU2] epochs: [40/100] train_acc: 0.855 train_loss_sup: 0.434
[GPU2] Test Accuracy at epoch: 40: 0.88
[GPU2] epochs: [41/100] train_acc: 0.853 train_loss_sup: 0.441
[GPU2] epochs: [42/100] train_acc: 0.853 train_loss_sup: 0.437
[GPU2] epochs: [43/100] train_acc: 0.853 train_loss_sup: 0.441
[GPU2] epochs: [44/100] train_acc: 0.854 train_loss_sup: 0.434
[GPU2] epochs: [45/100] train_acc: 0.854 train_loss_sup: 0.434
[GPU2] epochs: [46/100] train_acc: 0.854 train_loss_sup: 0.436
[GPU2] epochs: [47/100] train_acc: 0.852 train_loss_sup: 0.440
[GPU2] epochs: [48/100] train_acc: 0.853 train_loss_sup: 0.433
[GPU2] epochs: [49/100] train_acc: 0.852 train_loss_sup: 0.446
[GPU2] epochs: [50/100] train_acc: 0.854 train_loss_sup: 0.436
[GPU2] Test Accuracy at epoch: 50: 0.878
[GPU2] epochs: [51/100] train_acc: 0.855 train_loss_sup: 0.436
[GPU2] epochs: [52/100] train_acc: 0.856 train_loss_sup: 0.429
[GPU2] epochs: [53/100] train_acc: 0.854 train_loss_sup: 0.440
[GPU2] epochs: [54/100] train_acc: 0.852 train_loss_sup: 0.436
[GPU2] epochs: [55/100] train_acc: 0.855 train_loss_sup: 0.437
[GPU2] epochs: [56/100] train_acc: 0.855 train_loss_sup: 0.437
[GPU2] epochs: [57/100] train_acc: 0.854 train_loss_sup: 0.438
[GPU2] epochs: [58/100] train_acc: 0.855 train_loss_sup: 0.434
[GPU2] epochs: [59/100] train_acc: 0.853 train_loss_sup: 0.441
[GPU2] epochs: [60/100] train_acc: 0.852 train_loss_sup: 0.439
[GPU2] Test Accuracy at epoch: 60: 0.872
[GPU2] epochs: [61/100] train_acc: 0.855 train_loss_sup: 0.431
[GPU2] epochs: [62/100] train_acc: 0.851 train_loss_sup: 0.446
[GPU2] epochs: [63/100] train_acc: 0.853 train_loss_sup: 0.442
[GPU2] epochs: [64/100] train_acc: 0.856 train_loss_sup: 0.433
[GPU2] epochs: [65/100] train_acc: 0.854 train_loss_sup: 0.437
[GPU2] epochs: [66/100] train_acc: 0.854 train_loss_sup: 0.437
[GPU2] epochs: [67/100] train_acc: 0.852 train_loss_sup: 0.438
[GPU2] epochs: [68/100] train_acc: 0.854 train_loss_sup: 0.436
[GPU2] epochs: [69/100] train_acc: 0.854 train_loss_sup: 0.435
[GPU2] epochs: [70/100] train_acc: 0.854 train_loss_sup: 0.441
[GPU2] Test Accuracy at epoch: 70: 0.871
[GPU2] epochs: [71/100] train_acc: 0.854 train_loss_sup: 0.437
[GPU2] epochs: [72/100] train_acc: 0.853 train_loss_sup: 0.442
[GPU2] epochs: [73/100] train_acc: 0.852 train_loss_sup: 0.441
[GPU2] epochs: [74/100] train_acc: 0.852 train_loss_sup: 0.440
[GPU2] epochs: [75/100] train_acc: 0.857 train_loss_sup: 0.433
[GPU2] epochs: [76/100] train_acc: 0.853 train_loss_sup: 0.437
[GPU2] epochs: [77/100] train_acc: 0.855 train_loss_sup: 0.434
[GPU2] epochs: [78/100] train_acc: 0.853 train_loss_sup: 0.444
[GPU2] epochs: [79/100] train_acc: 0.851 train_loss_sup: 0.443
[GPU2] epochs: [80/100] train_acc: 0.852 train_loss_sup: 0.440
[GPU2] Test Accuracy at epoch: 80: 0.871
[GPU2] epochs: [81/100] train_acc: 0.853 train_loss_sup: 0.437
[GPU2] epochs: [82/100] train_acc: 0.854 train_loss_sup: 0.439
[GPU2] epochs: [83/100] train_acc: 0.856 train_loss_sup: 0.426
[GPU2] epochs: [84/100] train_acc: 0.853 train_loss_sup: 0.439
[GPU2] epochs: [85/100] train_acc: 0.855 train_loss_sup: 0.434
[GPU2] epochs: [86/100] train_acc: 0.855 train_loss_sup: 0.433
[GPU2] epochs: [87/100] train_acc: 0.853 train_loss_sup: 0.437
[GPU2] epochs: [88/100] train_acc: 0.854 train_loss_sup: 0.435
[GPU2] epochs: [89/100] train_acc: 0.857 train_loss_sup: 0.429
[GPU2] epochs: [90/100] train_acc: 0.855 train_loss_sup: 0.432
[GPU2] Test Accuracy at epoch: 90: 0.882
[GPU2] epochs: [91/100] train_acc: 0.855 train_loss_sup: 0.434
[GPU2] epochs: [92/100] train_acc: 0.851 train_loss_sup: 0.441
[GPU2] epochs: [93/100] train_acc: 0.853 train_loss_sup: 0.442
[GPU2] epochs: [94/100] train_acc: 0.853 train_loss_sup: 0.444
[GPU2] epochs: [95/100] train_acc: 0.855 train_loss_sup: 0.434
[GPU2] epochs: [96/100] train_acc: 0.854 train_loss_sup: 0.438
[GPU2] epochs: [97/100] train_acc: 0.855 train_loss_sup: 0.433
[GPU2] epochs: [98/100] train_acc: 0.854 train_loss_sup: 0.439
[GPU2] epochs: [99/100] train_acc: 0.852 train_loss_sup: 0.437
[GPU2] epochs: [100/100] train_acc: 0.856 train_loss_sup: 0.435
[GPU2] Final Test Accuracy: 0.88
Model weights saved
<All keys matched successfully>
OpenBLAS warning: precompiled NUM_THREADS exceeded, adding auxiliary array for thread metadata.
To avoid this warning, please rebuild your copy of OpenBLAS with a larger NUM_THREADS setting
or set the environment variable OPENBLAS_NUM_THREADS to 64 or lower
knn evalution
logistic regression evalution
knn_acc: 0.864, log_reg_acc: 0.885
BLAS : Bad memory unallocation! :  640  0x7f75ae000000
BLAS : Bad memory unallocation! :  640  0x7f75aa000000
BLAS : Bad memory unallocation! :  640  0x7f74f2000000
BLAS : Bad memory unallocation! :  640  0x7f74f8000000
BLAS : Bad memory unallocation! :  640  0x7f749e000000
BLAS : Bad memory unallocation! :  640  0x7f74a0000000
BLAS : Bad memory unallocation! :  640  0x7f749a000000
