environment: 
YAML: configs/bt.yaml
==> SEED: 42
==> train_algo: bt
==> dataset: {'cifar10': {'num_classes': 10, 'params': {'data_dir': 'datasets/cifar10', 'batch_size': 512, 'num_workers': 1, 'image_size': 32, 'algo': 'bt'}}, 'cifar100': {'num_classes': 100, 'params': {'data_dir': 'datasets/cifar100', 'batch_size': 512, 'num_workers': 1, 'image_size': 32, 'algo': 'bt'}}, 'timg': {'num_classes': 200, 'params': {'data_dir': 'datasets/tinyimagenet/tiny-imagenet-200', 'batch_size': 256, 'num_workers': 1, 'image_size': 64, 'algo': 'bt'}}}
==> return_logs: False
==> eval_every: 10
==> n_epochs: 800
==> n_epochs_mlp: 100
==> gpu_id: 0
==> opt: SGD
==> opt_params: {'lr': 0.2, 'momentum': 0.9, 'weight_decay': 0.0001}
==> schedular_params: {'T_max': 800, 'eta_min': 0.001}
==> mlp_opt: SGD
==> mlp_opt_params: {'lr': 0.01, 'momentum': 0.9}
==> model_params: {'model_name': 'resnet18', 'pretrained': False, 'proj_dim': 4096, 'barlow_hidden': 4096, 'algo_type': 'bt'}
==> mlp_type: hidden
==> loss: bt
==> loss_params: {'lambd': 0.005}
==> distributed: False
==> model_save_path: saved_models/bt.timg.r18.pth
==> config: configs/bt.yaml
--------------------------------------------------
Network(
  (base_encoder): BaseEncoder(
    (feat_extractor): Sequential(
      (conv1): Conv2d(3, 64, kernel_size=(3, 3), stride=(1, 1), padding=(1, 1), bias=False)
      (bn1): BatchNorm2d(64, eps=1e-05, momentum=0.1, affine=True, track_running_stats=True)
      (relu): ReLU(inplace=True)
      (layer1): Sequential(
        (0): BasicBlock(
          (conv1): Conv2d(64, 64, kernel_size=(3, 3), stride=(1, 1), padding=(1, 1), bias=False)
          (bn1): BatchNorm2d(64, eps=1e-05, momentum=0.1, affine=True, track_running_stats=True)
          (relu): ReLU(inplace=True)
          (conv2): Conv2d(64, 64, kernel_size=(3, 3), stride=(1, 1), padding=(1, 1), bias=False)
          (bn2): BatchNorm2d(64, eps=1e-05, momentum=0.1, affine=True, track_running_stats=True)
        )
        (1): BasicBlock(
          (conv1): Conv2d(64, 64, kernel_size=(3, 3), stride=(1, 1), padding=(1, 1), bias=False)
          (bn1): BatchNorm2d(64, eps=1e-05, momentum=0.1, affine=True, track_running_stats=True)
          (relu): ReLU(inplace=True)
          (conv2): Conv2d(64, 64, kernel_size=(3, 3), stride=(1, 1), padding=(1, 1), bias=False)
          (bn2): BatchNorm2d(64, eps=1e-05, momentum=0.1, affine=True, track_running_stats=True)
        )
      )
      (layer2): Sequential(
        (0): BasicBlock(
          (conv1): Conv2d(64, 128, kernel_size=(3, 3), stride=(2, 2), padding=(1, 1), bias=False)
          (bn1): BatchNorm2d(128, eps=1e-05, momentum=0.1, affine=True, track_running_stats=True)
          (relu): ReLU(inplace=True)
          (conv2): Conv2d(128, 128, kernel_size=(3, 3), stride=(1, 1), padding=(1, 1), bias=False)
          (bn2): BatchNorm2d(128, eps=1e-05, momentum=0.1, affine=True, track_running_stats=True)
          (downsample): Sequential(
            (0): Conv2d(64, 128, kernel_size=(1, 1), stride=(2, 2), bias=False)
            (1): BatchNorm2d(128, eps=1e-05, momentum=0.1, affine=True, track_running_stats=True)
          )
        )
        (1): BasicBlock(
          (conv1): Conv2d(128, 128, kernel_size=(3, 3), stride=(1, 1), padding=(1, 1), bias=False)
          (bn1): BatchNorm2d(128, eps=1e-05, momentum=0.1, affine=True, track_running_stats=True)
          (relu): ReLU(inplace=True)
          (conv2): Conv2d(128, 128, kernel_size=(3, 3), stride=(1, 1), padding=(1, 1), bias=False)
          (bn2): BatchNorm2d(128, eps=1e-05, momentum=0.1, affine=True, track_running_stats=True)
        )
      )
      (layer3): Sequential(
        (0): BasicBlock(
          (conv1): Conv2d(128, 256, kernel_size=(3, 3), stride=(2, 2), padding=(1, 1), bias=False)
          (bn1): BatchNorm2d(256, eps=1e-05, momentum=0.1, affine=True, track_running_stats=True)
          (relu): ReLU(inplace=True)
          (conv2): Conv2d(256, 256, kernel_size=(3, 3), stride=(1, 1), padding=(1, 1), bias=False)
          (bn2): BatchNorm2d(256, eps=1e-05, momentum=0.1, affine=True, track_running_stats=True)
          (downsample): Sequential(
            (0): Conv2d(128, 256, kernel_size=(1, 1), stride=(2, 2), bias=False)
            (1): BatchNorm2d(256, eps=1e-05, momentum=0.1, affine=True, track_running_stats=True)
          )
        )
        (1): BasicBlock(
          (conv1): Conv2d(256, 256, kernel_size=(3, 3), stride=(1, 1), padding=(1, 1), bias=False)
          (bn1): BatchNorm2d(256, eps=1e-05, momentum=0.1, affine=True, track_running_stats=True)
          (relu): ReLU(inplace=True)
          (conv2): Conv2d(256, 256, kernel_size=(3, 3), stride=(1, 1), padding=(1, 1), bias=False)
          (bn2): BatchNorm2d(256, eps=1e-05, momentum=0.1, affine=True, track_running_stats=True)
        )
      )
      (layer4): Sequential(
        (0): BasicBlock(
          (conv1): Conv2d(256, 512, kernel_size=(3, 3), stride=(2, 2), padding=(1, 1), bias=False)
          (bn1): BatchNorm2d(512, eps=1e-05, momentum=0.1, affine=True, track_running_stats=True)
          (relu): ReLU(inplace=True)
          (conv2): Conv2d(512, 512, kernel_size=(3, 3), stride=(1, 1), padding=(1, 1), bias=False)
          (bn2): BatchNorm2d(512, eps=1e-05, momentum=0.1, affine=True, track_running_stats=True)
          (downsample): Sequential(
            (0): Conv2d(256, 512, kernel_size=(1, 1), stride=(2, 2), bias=False)
            (1): BatchNorm2d(512, eps=1e-05, momentum=0.1, affine=True, track_running_stats=True)
          )
        )
        (1): BasicBlock(
          (conv1): Conv2d(512, 512, kernel_size=(3, 3), stride=(1, 1), padding=(1, 1), bias=False)
          (bn1): BatchNorm2d(512, eps=1e-05, momentum=0.1, affine=True, track_running_stats=True)
          (relu): ReLU(inplace=True)
          (conv2): Conv2d(512, 512, kernel_size=(3, 3), stride=(1, 1), padding=(1, 1), bias=False)
          (bn2): BatchNorm2d(512, eps=1e-05, momentum=0.1, affine=True, track_running_stats=True)
        )
      )
      (avgpool): AdaptiveAvgPool2d(output_size=(1, 1))
    )
  )
  (proj): bt_proj(
    (proj): Sequential(
      (0): Linear(in_features=512, out_features=4096, bias=False)
      (1): BatchNorm1d(4096, eps=1e-05, momentum=0.1, affine=True, track_running_stats=True)
      (2): ReLU()
      (3): Linear(in_features=4096, out_features=4096, bias=False)
      (4): BatchNorm1d(4096, eps=1e-05, momentum=0.1, affine=True, track_running_stats=True)
      (5): ReLU()
      (6): Linear(in_features=4096, out_features=4096, bias=True)
      (7): BatchNorm1d(4096, eps=1e-05, momentum=0.1, affine=False, track_running_stats=True)
    )
  )
)
NOC: 200
using optimizer: SGD
loss function: bt
loss: BarlowTwinLoss()
augmentation for bt: 
Compose(
    RandomResizedCrop(size=(64, 64), scale=(0.08, 1.0), ratio=(0.75, 1.3333), interpolation=bilinear, antialias=True)
    RandomHorizontalFlip(p=0.5)
    RandomApply(
    p=0.8
    ColorJitter(brightness=(0.6, 1.4), contrast=(0.6, 1.4), saturation=(0.6, 1.4), hue=(-0.1, 0.1))
)
    RandomGrayscale(p=0.2)
    <src.data.Solarization object at 0x7948198a01f0>
    ToTensor()
    Normalize(mean=(0.485, 0.456, 0.406), std=(0.229, 0.224, 0.225))
)
Compose(
    RandomResizedCrop(size=(64, 64), scale=(0.08, 1.0), ratio=(0.75, 1.3333), interpolation=bilinear, antialias=True)
    RandomHorizontalFlip(p=0.5)
    RandomApply(
    p=0.8
    ColorJitter(brightness=(0.6, 1.4), contrast=(0.6, 1.4), saturation=(0.6, 1.4), hue=(-0.1, 0.1))
)
    RandomGrayscale(p=0.2)
    <src.data.Solarization object at 0x7948198a3460>
    ToTensor()
    Normalize(mean=(0.485, 0.456, 0.406), std=(0.229, 0.224, 0.225))
)
# of Training Images: 100000
# of Testing Images: 10000
### Barlow Twins Training begins
[GPU0] epochs: [1/800] train_loss_con: 4394.113
[GPU0] epochs: [2/800] train_loss_con: 4194.978
[GPU0] epochs: [3/800] train_loss_con: 4121.867
[GPU0] epochs: [4/800] train_loss_con: 4091.061
[GPU0] epochs: [5/800] train_loss_con: 4039.389
[GPU0] epochs: [6/800] train_loss_con: 4073.250
[GPU0] epochs: [7/800] train_loss_con: 4017.630
[GPU0] epochs: [8/800] train_loss_con: 4003.437
[GPU0] epochs: [9/800] train_loss_con: 3968.167
[GPU0] epochs: [10/800] train_loss_con: 3986.423
[GPU0] epochs: [11/800] train_loss_con: 3950.281
[GPU0] epochs: [12/800] train_loss_con: 3953.800
[GPU0] epochs: [13/800] train_loss_con: 3948.860
[GPU0] epochs: [14/800] train_loss_con: 3959.538
[GPU0] epochs: [15/800] train_loss_con: 3933.348
[GPU0] epochs: [16/800] train_loss_con: 3938.813
[GPU0] epochs: [17/800] train_loss_con: 3978.265
[GPU0] epochs: [18/800] train_loss_con: 3963.455
[GPU0] epochs: [19/800] train_loss_con: 3937.080
[GPU0] epochs: [20/800] train_loss_con: 3919.352
[GPU0] epochs: [21/800] train_loss_con: 3952.744
[GPU0] epochs: [22/800] train_loss_con: 3864.642
[GPU0] epochs: [23/800] train_loss_con: 3812.531
[GPU0] epochs: [24/800] train_loss_con: 3819.644
[GPU0] epochs: [25/800] train_loss_con: 3806.947
[GPU0] epochs: [26/800] train_loss_con: 3806.523
[GPU0] epochs: [27/800] train_loss_con: 3794.939
[GPU0] epochs: [28/800] train_loss_con: 3747.500
[GPU0] epochs: [29/800] train_loss_con: 3619.130
[GPU0] epochs: [30/800] train_loss_con: 3549.845
[GPU0] epochs: [31/800] train_loss_con: 3527.983
[GPU0] epochs: [32/800] train_loss_con: 3415.297
[GPU0] epochs: [33/800] train_loss_con: 3332.040
[GPU0] epochs: [34/800] train_loss_con: 3278.799
[GPU0] epochs: [35/800] train_loss_con: 3124.278
[GPU0] epochs: [36/800] train_loss_con: 3022.410
[GPU0] epochs: [37/800] train_loss_con: 2924.244
[GPU0] epochs: [38/800] train_loss_con: 2736.776
[GPU0] epochs: [39/800] train_loss_con: 2552.245
[GPU0] epochs: [40/800] train_loss_con: 2403.636
[GPU0] epochs: [41/800] train_loss_con: 2260.766
[GPU0] epochs: [42/800] train_loss_con: 2105.843
[GPU0] epochs: [43/800] train_loss_con: 1955.395
[GPU0] epochs: [44/800] train_loss_con: 1809.879
[GPU0] epochs: [45/800] train_loss_con: 1690.487
[GPU0] epochs: [46/800] train_loss_con: 1608.925
[GPU0] epochs: [47/800] train_loss_con: 1531.140
[GPU0] epochs: [48/800] train_loss_con: 1450.185
[GPU0] epochs: [49/800] train_loss_con: 1376.719
[GPU0] epochs: [50/800] train_loss_con: 1317.361
[GPU0] epochs: [51/800] train_loss_con: 1272.814
[GPU0] epochs: [52/800] train_loss_con: 1229.369
[GPU0] epochs: [53/800] train_loss_con: 1195.748
[GPU0] epochs: [54/800] train_loss_con: 1164.085
[GPU0] epochs: [55/800] train_loss_con: 1137.780
[GPU0] epochs: [56/800] train_loss_con: 1113.187
[GPU0] epochs: [57/800] train_loss_con: 1086.325
[GPU0] epochs: [58/800] train_loss_con: 1066.751
[GPU0] epochs: [59/800] train_loss_con: 1050.228
[GPU0] epochs: [60/800] train_loss_con: 1037.187
[GPU0] epochs: [61/800] train_loss_con: 1023.292
[GPU0] epochs: [62/800] train_loss_con: 1007.886
[GPU0] epochs: [63/800] train_loss_con: 995.308
[GPU0] epochs: [64/800] train_loss_con: 982.670
[GPU0] epochs: [65/800] train_loss_con: 975.704
[GPU0] epochs: [66/800] train_loss_con: 965.437
[GPU0] epochs: [67/800] train_loss_con: 957.039
[GPU0] epochs: [68/800] train_loss_con: 954.426
[GPU0] epochs: [69/800] train_loss_con: 945.253
[GPU0] epochs: [70/800] train_loss_con: 934.230
[GPU0] epochs: [71/800] train_loss_con: 929.436
[GPU0] epochs: [72/800] train_loss_con: 922.696
[GPU0] epochs: [73/800] train_loss_con: 920.350
[GPU0] epochs: [74/800] train_loss_con: 911.262
[GPU0] epochs: [75/800] train_loss_con: 911.285
[GPU0] epochs: [76/800] train_loss_con: 906.125
[GPU0] epochs: [77/800] train_loss_con: 900.477
[GPU0] epochs: [78/800] train_loss_con: 892.929
[GPU0] epochs: [79/800] train_loss_con: 890.756
[GPU0] epochs: [80/800] train_loss_con: 891.411
[GPU0] epochs: [81/800] train_loss_con: 885.547
[GPU0] epochs: [82/800] train_loss_con: 887.503
[GPU0] epochs: [83/800] train_loss_con: 877.700
[GPU0] epochs: [84/800] train_loss_con: 876.128
[GPU0] epochs: [85/800] train_loss_con: 869.909
[GPU0] epochs: [86/800] train_loss_con: 873.439
[GPU0] epochs: [87/800] train_loss_con: 870.341
[GPU0] epochs: [88/800] train_loss_con: 864.637
[GPU0] epochs: [89/800] train_loss_con: 862.098
[GPU0] epochs: [90/800] train_loss_con: 860.899
[GPU0] epochs: [91/800] train_loss_con: 860.535
[GPU0] epochs: [92/800] train_loss_con: 860.072
[GPU0] epochs: [93/800] train_loss_con: 858.009
[GPU0] epochs: [94/800] train_loss_con: 848.584
[GPU0] epochs: [95/800] train_loss_con: 854.026
[GPU0] epochs: [96/800] train_loss_con: 846.896
[GPU0] epochs: [97/800] train_loss_con: 848.619
[GPU0] epochs: [98/800] train_loss_con: 848.874
[GPU0] epochs: [99/800] train_loss_con: 839.527
[GPU0] epochs: [100/800] train_loss_con: 840.469
[GPU0] epochs: [101/800] train_loss_con: 838.433
[GPU0] epochs: [102/800] train_loss_con: 837.846
[GPU0] epochs: [103/800] train_loss_con: 834.770
[GPU0] epochs: [104/800] train_loss_con: 837.303
[GPU0] epochs: [105/800] train_loss_con: 829.129
[GPU0] epochs: [106/800] train_loss_con: 831.998
[GPU0] epochs: [107/800] train_loss_con: 830.482
[GPU0] epochs: [108/800] train_loss_con: 828.675
[GPU0] epochs: [109/800] train_loss_con: 825.011
[GPU0] epochs: [110/800] train_loss_con: 828.184
[GPU0] epochs: [111/800] train_loss_con: 825.591
[GPU0] epochs: [112/800] train_loss_con: 823.637
[GPU0] epochs: [113/800] train_loss_con: 822.061
[GPU0] epochs: [114/800] train_loss_con: 822.566
[GPU0] epochs: [115/800] train_loss_con: 821.438
[GPU0] epochs: [116/800] train_loss_con: 817.335
[GPU0] epochs: [117/800] train_loss_con: 816.803
[GPU0] epochs: [118/800] train_loss_con: 817.815
[GPU0] epochs: [119/800] train_loss_con: 817.306
[GPU0] epochs: [120/800] train_loss_con: 816.145
[GPU0] epochs: [121/800] train_loss_con: 816.466
[GPU0] epochs: [122/800] train_loss_con: 808.859
[GPU0] epochs: [123/800] train_loss_con: 810.318
[GPU0] epochs: [124/800] train_loss_con: 812.872
[GPU0] epochs: [125/800] train_loss_con: 812.964
[GPU0] epochs: [126/800] train_loss_con: 811.468
[GPU0] epochs: [127/800] train_loss_con: 811.170
[GPU0] epochs: [128/800] train_loss_con: 811.576
[GPU0] epochs: [129/800] train_loss_con: 806.885
[GPU0] epochs: [130/800] train_loss_con: 806.960
[GPU0] epochs: [131/800] train_loss_con: 804.980
[GPU0] epochs: [132/800] train_loss_con: 808.069
[GPU0] epochs: [133/800] train_loss_con: 805.191
[GPU0] epochs: [134/800] train_loss_con: 803.650
[GPU0] epochs: [135/800] train_loss_con: 801.811
[GPU0] epochs: [136/800] train_loss_con: 802.587
[GPU0] epochs: [137/800] train_loss_con: 801.750
[GPU0] epochs: [138/800] train_loss_con: 802.188
[GPU0] epochs: [139/800] train_loss_con: 797.409
[GPU0] epochs: [140/800] train_loss_con: 796.361
[GPU0] epochs: [141/800] train_loss_con: 796.633
[GPU0] epochs: [142/800] train_loss_con: 797.025
[GPU0] epochs: [143/800] train_loss_con: 797.440
[GPU0] epochs: [144/800] train_loss_con: 797.063
[GPU0] epochs: [145/800] train_loss_con: 797.529
[GPU0] epochs: [146/800] train_loss_con: 791.029
[GPU0] epochs: [147/800] train_loss_con: 796.462
[GPU0] epochs: [148/800] train_loss_con: 793.988
[GPU0] epochs: [149/800] train_loss_con: 792.952
[GPU0] epochs: [150/800] train_loss_con: 792.212
[GPU0] epochs: [151/800] train_loss_con: 791.283
[GPU0] epochs: [152/800] train_loss_con: 789.137
[GPU0] epochs: [153/800] train_loss_con: 790.404
[GPU0] epochs: [154/800] train_loss_con: 789.397
[GPU0] epochs: [155/800] train_loss_con: 791.375
[GPU0] epochs: [156/800] train_loss_con: 789.634
[GPU0] epochs: [157/800] train_loss_con: 789.227
[GPU0] epochs: [158/800] train_loss_con: 783.258
[GPU0] epochs: [159/800] train_loss_con: 787.242
[GPU0] epochs: [160/800] train_loss_con: 791.525
[GPU0] epochs: [161/800] train_loss_con: 784.449
[GPU0] epochs: [162/800] train_loss_con: 786.925
[GPU0] epochs: [163/800] train_loss_con: 783.216
[GPU0] epochs: [164/800] train_loss_con: 784.047
[GPU0] epochs: [165/800] train_loss_con: 781.784
[GPU0] epochs: [166/800] train_loss_con: 785.353
[GPU0] epochs: [167/800] train_loss_con: 784.139
[GPU0] epochs: [168/800] train_loss_con: 782.596
[GPU0] epochs: [169/800] train_loss_con: 780.956
[GPU0] epochs: [170/800] train_loss_con: 778.635
[GPU0] epochs: [171/800] train_loss_con: 780.383
[GPU0] epochs: [172/800] train_loss_con: 782.636
[GPU0] epochs: [173/800] train_loss_con: 780.040
[GPU0] epochs: [174/800] train_loss_con: 778.592
[GPU0] epochs: [175/800] train_loss_con: 781.361
[GPU0] epochs: [176/800] train_loss_con: 779.297
[GPU0] epochs: [177/800] train_loss_con: 774.071
[GPU0] epochs: [178/800] train_loss_con: 778.478
[GPU0] epochs: [179/800] train_loss_con: 776.314
[GPU0] epochs: [180/800] train_loss_con: 778.783
[GPU0] epochs: [181/800] train_loss_con: 775.850
[GPU0] epochs: [182/800] train_loss_con: 780.980
[GPU0] epochs: [183/800] train_loss_con: 777.757
[GPU0] epochs: [184/800] train_loss_con: 773.960
[GPU0] epochs: [185/800] train_loss_con: 776.916
[GPU0] epochs: [186/800] train_loss_con: 771.349
[GPU0] epochs: [187/800] train_loss_con: 774.852
[GPU0] epochs: [188/800] train_loss_con: 773.077
[GPU0] epochs: [189/800] train_loss_con: 773.955
[GPU0] epochs: [190/800] train_loss_con: 770.990
[GPU0] epochs: [191/800] train_loss_con: 769.103
[GPU0] epochs: [192/800] train_loss_con: 772.415
[GPU0] epochs: [193/800] train_loss_con: 769.447
[GPU0] epochs: [194/800] train_loss_con: 770.169
[GPU0] epochs: [195/800] train_loss_con: 774.394
[GPU0] epochs: [196/800] train_loss_con: 771.125
[GPU0] epochs: [197/800] train_loss_con: 768.303
[GPU0] epochs: [198/800] train_loss_con: 772.538
[GPU0] epochs: [199/800] train_loss_con: 769.591
[GPU0] epochs: [200/800] train_loss_con: 768.876
[GPU0] epochs: [201/800] train_loss_con: 770.295
[GPU0] epochs: [202/800] train_loss_con: 769.083
[GPU0] epochs: [203/800] train_loss_con: 768.117
[GPU0] epochs: [204/800] train_loss_con: 769.038
[GPU0] epochs: [205/800] train_loss_con: 765.358
[GPU0] epochs: [206/800] train_loss_con: 767.307
[GPU0] epochs: [207/800] train_loss_con: 767.340
[GPU0] epochs: [208/800] train_loss_con: 765.246
[GPU0] epochs: [209/800] train_loss_con: 769.006
[GPU0] epochs: [210/800] train_loss_con: 761.625
[GPU0] epochs: [211/800] train_loss_con: 768.297
[GPU0] epochs: [212/800] train_loss_con: 762.803
[GPU0] epochs: [213/800] train_loss_con: 765.737
[GPU0] epochs: [214/800] train_loss_con: 762.816
[GPU0] epochs: [215/800] train_loss_con: 762.641
[GPU0] epochs: [216/800] train_loss_con: 767.350
[GPU0] epochs: [217/800] train_loss_con: 763.215
[GPU0] epochs: [218/800] train_loss_con: 763.405
[GPU0] epochs: [219/800] train_loss_con: 761.949
[GPU0] epochs: [220/800] train_loss_con: 765.269
[GPU0] epochs: [221/800] train_loss_con: 763.290
[GPU0] epochs: [222/800] train_loss_con: 762.154
[GPU0] epochs: [223/800] train_loss_con: 757.794
[GPU0] epochs: [224/800] train_loss_con: 759.080
[GPU0] epochs: [225/800] train_loss_con: 760.063
[GPU0] epochs: [226/800] train_loss_con: 763.252
[GPU0] epochs: [227/800] train_loss_con: 759.121
[GPU0] epochs: [228/800] train_loss_con: 758.356
[GPU0] epochs: [229/800] train_loss_con: 757.842
[GPU0] epochs: [230/800] train_loss_con: 760.897
[GPU0] epochs: [231/800] train_loss_con: 760.562
[GPU0] epochs: [232/800] train_loss_con: 758.975
[GPU0] epochs: [233/800] train_loss_con: 759.603
[GPU0] epochs: [234/800] train_loss_con: 754.199
[GPU0] epochs: [235/800] train_loss_con: 758.605
[GPU0] epochs: [236/800] train_loss_con: 757.041
[GPU0] epochs: [237/800] train_loss_con: 754.885
[GPU0] epochs: [238/800] train_loss_con: 756.061
[GPU0] epochs: [239/800] train_loss_con: 756.622
[GPU0] epochs: [240/800] train_loss_con: 756.473
[GPU0] epochs: [241/800] train_loss_con: 757.467
[GPU0] epochs: [242/800] train_loss_con: 755.386
[GPU0] epochs: [243/800] train_loss_con: 757.771
[GPU0] epochs: [244/800] train_loss_con: 751.325
[GPU0] epochs: [245/800] train_loss_con: 751.889
[GPU0] epochs: [246/800] train_loss_con: 756.543
[GPU0] epochs: [247/800] train_loss_con: 754.406
[GPU0] epochs: [248/800] train_loss_con: 752.978
[GPU0] epochs: [249/800] train_loss_con: 751.122
[GPU0] epochs: [250/800] train_loss_con: 752.242
[GPU0] epochs: [251/800] train_loss_con: 749.854
[GPU0] epochs: [252/800] train_loss_con: 747.507
[GPU0] epochs: [253/800] train_loss_con: 748.772
[GPU0] epochs: [254/800] train_loss_con: 750.641
[GPU0] epochs: [255/800] train_loss_con: 751.338
[GPU0] epochs: [256/800] train_loss_con: 749.163
[GPU0] epochs: [257/800] train_loss_con: 753.133
[GPU0] epochs: [258/800] train_loss_con: 753.334
[GPU0] epochs: [259/800] train_loss_con: 750.630
[GPU0] epochs: [260/800] train_loss_con: 747.286
[GPU0] epochs: [261/800] train_loss_con: 747.423
[GPU0] epochs: [262/800] train_loss_con: 752.003
[GPU0] epochs: [263/800] train_loss_con: 746.905
[GPU0] epochs: [264/800] train_loss_con: 747.357
[GPU0] epochs: [265/800] train_loss_con: 748.969
[GPU0] epochs: [266/800] train_loss_con: 748.066
[GPU0] epochs: [267/800] train_loss_con: 749.528
[GPU0] epochs: [268/800] train_loss_con: 742.881
[GPU0] epochs: [269/800] train_loss_con: 746.421
[GPU0] epochs: [270/800] train_loss_con: 740.302
[GPU0] epochs: [271/800] train_loss_con: 747.558
[GPU0] epochs: [272/800] train_loss_con: 742.947
[GPU0] epochs: [273/800] train_loss_con: 745.573
[GPU0] epochs: [274/800] train_loss_con: 747.622
[GPU0] epochs: [275/800] train_loss_con: 744.893
[GPU0] epochs: [276/800] train_loss_con: 742.106
[GPU0] epochs: [277/800] train_loss_con: 748.277
[GPU0] epochs: [278/800] train_loss_con: 744.969
[GPU0] epochs: [279/800] train_loss_con: 743.352
[GPU0] epochs: [280/800] train_loss_con: 740.740
[GPU0] epochs: [281/800] train_loss_con: 742.254
[GPU0] epochs: [282/800] train_loss_con: 743.461
[GPU0] epochs: [283/800] train_loss_con: 741.737
[GPU0] epochs: [284/800] train_loss_con: 742.629
[GPU0] epochs: [285/800] train_loss_con: 742.073
[GPU0] epochs: [286/800] train_loss_con: 739.787
[GPU0] epochs: [287/800] train_loss_con: 739.343
[GPU0] epochs: [288/800] train_loss_con: 743.489
[GPU0] epochs: [289/800] train_loss_con: 739.865
[GPU0] epochs: [290/800] train_loss_con: 738.097
[GPU0] epochs: [291/800] train_loss_con: 742.473
[GPU0] epochs: [292/800] train_loss_con: 741.435
[GPU0] epochs: [293/800] train_loss_con: 741.598
[GPU0] epochs: [294/800] train_loss_con: 736.951
[GPU0] epochs: [295/800] train_loss_con: 739.427
[GPU0] epochs: [296/800] train_loss_con: 737.665
[GPU0] epochs: [297/800] train_loss_con: 738.338
[GPU0] epochs: [298/800] train_loss_con: 734.114
[GPU0] epochs: [299/800] train_loss_con: 737.620
[GPU0] epochs: [300/800] train_loss_con: 735.667
[GPU0] epochs: [301/800] train_loss_con: 736.884
[GPU0] epochs: [302/800] train_loss_con: 737.071
[GPU0] epochs: [303/800] train_loss_con: 738.012
[GPU0] epochs: [304/800] train_loss_con: 738.434
[GPU0] epochs: [305/800] train_loss_con: 734.544
[GPU0] epochs: [306/800] train_loss_con: 733.317
[GPU0] epochs: [307/800] train_loss_con: 733.191
[GPU0] epochs: [308/800] train_loss_con: 732.559
[GPU0] epochs: [309/800] train_loss_con: 734.613
[GPU0] epochs: [310/800] train_loss_con: 731.307
[GPU0] epochs: [311/800] train_loss_con: 737.144
[GPU0] epochs: [312/800] train_loss_con: 732.296
[GPU0] epochs: [313/800] train_loss_con: 732.666
[GPU0] epochs: [314/800] train_loss_con: 735.526
[GPU0] epochs: [315/800] train_loss_con: 734.280
[GPU0] epochs: [316/800] train_loss_con: 732.279
[GPU0] epochs: [317/800] train_loss_con: 731.289
[GPU0] epochs: [318/800] train_loss_con: 732.305
[GPU0] epochs: [319/800] train_loss_con: 729.479
[GPU0] epochs: [320/800] train_loss_con: 727.608
[GPU0] epochs: [321/800] train_loss_con: 730.335
[GPU0] epochs: [322/800] train_loss_con: 727.221
[GPU0] epochs: [323/800] train_loss_con: 724.968
[GPU0] epochs: [324/800] train_loss_con: 728.076
[GPU0] epochs: [325/800] train_loss_con: 731.940
[GPU0] epochs: [326/800] train_loss_con: 725.718
[GPU0] epochs: [327/800] train_loss_con: 728.667
[GPU0] epochs: [328/800] train_loss_con: 728.919
[GPU0] epochs: [329/800] train_loss_con: 729.584
[GPU0] epochs: [330/800] train_loss_con: 727.722
[GPU0] epochs: [331/800] train_loss_con: 728.870
[GPU0] epochs: [332/800] train_loss_con: 727.142
[GPU0] epochs: [333/800] train_loss_con: 727.989
[GPU0] epochs: [334/800] train_loss_con: 727.648
[GPU0] epochs: [335/800] train_loss_con: 726.198
[GPU0] epochs: [336/800] train_loss_con: 724.993
[GPU0] epochs: [337/800] train_loss_con: 723.702
[GPU0] epochs: [338/800] train_loss_con: 725.830
[GPU0] epochs: [339/800] train_loss_con: 727.342
[GPU0] epochs: [340/800] train_loss_con: 723.468
[GPU0] epochs: [341/800] train_loss_con: 723.981
[GPU0] epochs: [342/800] train_loss_con: 723.985
[GPU0] epochs: [343/800] train_loss_con: 720.135
[GPU0] epochs: [344/800] train_loss_con: 720.052
[GPU0] epochs: [345/800] train_loss_con: 722.503
[GPU0] epochs: [346/800] train_loss_con: 725.316
[GPU0] epochs: [347/800] train_loss_con: 718.941
[GPU0] epochs: [348/800] train_loss_con: 722.179
[GPU0] epochs: [349/800] train_loss_con: 722.987
[GPU0] epochs: [350/800] train_loss_con: 721.617
[GPU0] epochs: [351/800] train_loss_con: 726.002
[GPU0] epochs: [352/800] train_loss_con: 722.071
[GPU0] epochs: [353/800] train_loss_con: 719.931
[GPU0] epochs: [354/800] train_loss_con: 719.302
[GPU0] epochs: [355/800] train_loss_con: 717.976
[GPU0] epochs: [356/800] train_loss_con: 716.617
[GPU0] epochs: [357/800] train_loss_con: 722.069
[GPU0] epochs: [358/800] train_loss_con: 721.684
[GPU0] epochs: [359/800] train_loss_con: 717.933
[GPU0] epochs: [360/800] train_loss_con: 720.330
[GPU0] epochs: [361/800] train_loss_con: 718.538
[GPU0] epochs: [362/800] train_loss_con: 718.237
[GPU0] epochs: [363/800] train_loss_con: 718.191
[GPU0] epochs: [364/800] train_loss_con: 717.366
[GPU0] epochs: [365/800] train_loss_con: 717.135
[GPU0] epochs: [366/800] train_loss_con: 714.118
[GPU0] epochs: [367/800] train_loss_con: 715.302
[GPU0] epochs: [368/800] train_loss_con: 713.026
[GPU0] epochs: [369/800] train_loss_con: 714.015
[GPU0] epochs: [370/800] train_loss_con: 716.644
[GPU0] epochs: [371/800] train_loss_con: 715.131
[GPU0] epochs: [372/800] train_loss_con: 716.953
[GPU0] epochs: [373/800] train_loss_con: 712.874
[GPU0] epochs: [374/800] train_loss_con: 713.947
[GPU0] epochs: [375/800] train_loss_con: 712.169
[GPU0] epochs: [376/800] train_loss_con: 715.258
[GPU0] epochs: [377/800] train_loss_con: 714.779
[GPU0] epochs: [378/800] train_loss_con: 711.368
[GPU0] epochs: [379/800] train_loss_con: 712.468
[GPU0] epochs: [380/800] train_loss_con: 709.383
[GPU0] epochs: [381/800] train_loss_con: 710.849
[GPU0] epochs: [382/800] train_loss_con: 710.475
[GPU0] epochs: [383/800] train_loss_con: 711.515
[GPU0] epochs: [384/800] train_loss_con: 710.881
[GPU0] epochs: [385/800] train_loss_con: 711.416
[GPU0] epochs: [386/800] train_loss_con: 707.378
[GPU0] epochs: [387/800] train_loss_con: 705.589
[GPU0] epochs: [388/800] train_loss_con: 705.262
[GPU0] epochs: [389/800] train_loss_con: 706.504
[GPU0] epochs: [390/800] train_loss_con: 703.761
[GPU0] epochs: [391/800] train_loss_con: 709.029
[GPU0] epochs: [392/800] train_loss_con: 704.453
[GPU0] epochs: [393/800] train_loss_con: 708.691
[GPU0] epochs: [394/800] train_loss_con: 704.023
[GPU0] epochs: [395/800] train_loss_con: 709.076
[GPU0] epochs: [396/800] train_loss_con: 701.238
[GPU0] epochs: [397/800] train_loss_con: 704.283
[GPU0] epochs: [398/800] train_loss_con: 705.846
[GPU0] epochs: [399/800] train_loss_con: 702.539
[GPU0] epochs: [400/800] train_loss_con: 704.966
[GPU0] epochs: [401/800] train_loss_con: 703.057
[GPU0] epochs: [402/800] train_loss_con: 702.701
[GPU0] epochs: [403/800] train_loss_con: 700.994
[GPU0] epochs: [404/800] train_loss_con: 704.764
[GPU0] epochs: [405/800] train_loss_con: 704.912
[GPU0] epochs: [406/800] train_loss_con: 701.491
[GPU0] epochs: [407/800] train_loss_con: 699.525
[GPU0] epochs: [408/800] train_loss_con: 699.415
[GPU0] epochs: [409/800] train_loss_con: 702.279
[GPU0] epochs: [410/800] train_loss_con: 698.621
[GPU0] epochs: [411/800] train_loss_con: 698.920
[GPU0] epochs: [412/800] train_loss_con: 698.553
[GPU0] epochs: [413/800] train_loss_con: 698.009
[GPU0] epochs: [414/800] train_loss_con: 701.103
[GPU0] epochs: [415/800] train_loss_con: 697.617
[GPU0] epochs: [416/800] train_loss_con: 698.378
[GPU0] epochs: [417/800] train_loss_con: 697.339
[GPU0] epochs: [418/800] train_loss_con: 695.878
[GPU0] epochs: [419/800] train_loss_con: 694.335
[GPU0] epochs: [420/800] train_loss_con: 699.852
[GPU0] epochs: [421/800] train_loss_con: 694.391
[GPU0] epochs: [422/800] train_loss_con: 694.091
[GPU0] epochs: [423/800] train_loss_con: 693.735
[GPU0] epochs: [424/800] train_loss_con: 691.182
[GPU0] epochs: [425/800] train_loss_con: 695.874
[GPU0] epochs: [426/800] train_loss_con: 694.036
[GPU0] epochs: [427/800] train_loss_con: 691.666
[GPU0] epochs: [428/800] train_loss_con: 695.985
[GPU0] epochs: [429/800] train_loss_con: 696.360
[GPU0] epochs: [430/800] train_loss_con: 691.776
[GPU0] epochs: [431/800] train_loss_con: 693.561
[GPU0] epochs: [432/800] train_loss_con: 690.718
[GPU0] epochs: [433/800] train_loss_con: 690.837
[GPU0] epochs: [434/800] train_loss_con: 691.093
[GPU0] epochs: [435/800] train_loss_con: 688.547
[GPU0] epochs: [436/800] train_loss_con: 689.607
[GPU0] epochs: [437/800] train_loss_con: 687.846
[GPU0] epochs: [438/800] train_loss_con: 695.205
[GPU0] epochs: [439/800] train_loss_con: 691.138
[GPU0] epochs: [440/800] train_loss_con: 688.867
[GPU0] epochs: [441/800] train_loss_con: 689.930
[GPU0] epochs: [442/800] train_loss_con: 689.013
[GPU0] epochs: [443/800] train_loss_con: 688.736
[GPU0] epochs: [444/800] train_loss_con: 685.979
[GPU0] epochs: [445/800] train_loss_con: 686.752
[GPU0] epochs: [446/800] train_loss_con: 689.466
[GPU0] epochs: [447/800] train_loss_con: 689.474
[GPU0] epochs: [448/800] train_loss_con: 684.848
[GPU0] epochs: [449/800] train_loss_con: 684.360
[GPU0] epochs: [450/800] train_loss_con: 683.314
[GPU0] epochs: [451/800] train_loss_con: 684.823
[GPU0] epochs: [452/800] train_loss_con: 685.401
[GPU0] epochs: [453/800] train_loss_con: 684.339
[GPU0] epochs: [454/800] train_loss_con: 682.995
[GPU0] epochs: [455/800] train_loss_con: 684.142
[GPU0] epochs: [456/800] train_loss_con: 680.461
[GPU0] epochs: [457/800] train_loss_con: 685.062
[GPU0] epochs: [458/800] train_loss_con: 681.171
[GPU0] epochs: [459/800] train_loss_con: 681.193
[GPU0] epochs: [460/800] train_loss_con: 679.621
[GPU0] epochs: [461/800] train_loss_con: 679.548
[GPU0] epochs: [462/800] train_loss_con: 681.667
[GPU0] epochs: [463/800] train_loss_con: 677.748
[GPU0] epochs: [464/800] train_loss_con: 679.810
[GPU0] epochs: [465/800] train_loss_con: 682.025
[GPU0] epochs: [466/800] train_loss_con: 681.056
[GPU0] epochs: [467/800] train_loss_con: 678.536
[GPU0] epochs: [468/800] train_loss_con: 680.939
[GPU0] epochs: [469/800] train_loss_con: 675.166
[GPU0] epochs: [470/800] train_loss_con: 678.314
[GPU0] epochs: [471/800] train_loss_con: 677.295
[GPU0] epochs: [472/800] train_loss_con: 672.707
[GPU0] epochs: [473/800] train_loss_con: 675.858
[GPU0] epochs: [474/800] train_loss_con: 675.785
[GPU0] epochs: [475/800] train_loss_con: 674.454
[GPU0] epochs: [476/800] train_loss_con: 675.578
[GPU0] epochs: [477/800] train_loss_con: 675.184
[GPU0] epochs: [478/800] train_loss_con: 675.202
[GPU0] epochs: [479/800] train_loss_con: 670.813
[GPU0] epochs: [480/800] train_loss_con: 671.136
[GPU0] epochs: [481/800] train_loss_con: 673.925
[GPU0] epochs: [482/800] train_loss_con: 673.046
[GPU0] epochs: [483/800] train_loss_con: 673.425
[GPU0] epochs: [484/800] train_loss_con: 669.696
[GPU0] epochs: [485/800] train_loss_con: 670.645
[GPU0] epochs: [486/800] train_loss_con: 669.392
[GPU0] epochs: [487/800] train_loss_con: 671.320
[GPU0] epochs: [488/800] train_loss_con: 669.005
[GPU0] epochs: [489/800] train_loss_con: 667.188
[GPU0] epochs: [490/800] train_loss_con: 671.295
[GPU0] epochs: [491/800] train_loss_con: 667.968
[GPU0] epochs: [492/800] train_loss_con: 667.732
[GPU0] epochs: [493/800] train_loss_con: 669.084
[GPU0] epochs: [494/800] train_loss_con: 666.819
[GPU0] epochs: [495/800] train_loss_con: 664.116
[GPU0] epochs: [496/800] train_loss_con: 664.228
[GPU0] epochs: [497/800] train_loss_con: 665.420
[GPU0] epochs: [498/800] train_loss_con: 666.726
[GPU0] epochs: [499/800] train_loss_con: 664.920
[GPU0] epochs: [500/800] train_loss_con: 664.895
[GPU0] epochs: [501/800] train_loss_con: 665.139
[GPU0] epochs: [502/800] train_loss_con: 661.909
[GPU0] epochs: [503/800] train_loss_con: 663.997
[GPU0] epochs: [504/800] train_loss_con: 659.322
[GPU0] epochs: [505/800] train_loss_con: 659.584
[GPU0] epochs: [506/800] train_loss_con: 661.919
[GPU0] epochs: [507/800] train_loss_con: 664.167
[GPU0] epochs: [508/800] train_loss_con: 660.511
[GPU0] epochs: [509/800] train_loss_con: 660.757
[GPU0] epochs: [510/800] train_loss_con: 661.160
[GPU0] epochs: [511/800] train_loss_con: 662.892
[GPU0] epochs: [512/800] train_loss_con: 658.838
[GPU0] epochs: [513/800] train_loss_con: 660.041
[GPU0] epochs: [514/800] train_loss_con: 661.559
[GPU0] epochs: [515/800] train_loss_con: 654.773
[GPU0] epochs: [516/800] train_loss_con: 659.873
[GPU0] epochs: [517/800] train_loss_con: 654.600
[GPU0] epochs: [518/800] train_loss_con: 654.853
[GPU0] epochs: [519/800] train_loss_con: 656.658
[GPU0] epochs: [520/800] train_loss_con: 654.242
[GPU0] epochs: [521/800] train_loss_con: 653.266
[GPU0] epochs: [522/800] train_loss_con: 652.772
[GPU0] epochs: [523/800] train_loss_con: 652.140
[GPU0] epochs: [524/800] train_loss_con: 651.003
[GPU0] epochs: [525/800] train_loss_con: 652.265
[GPU0] epochs: [526/800] train_loss_con: 651.652
[GPU0] epochs: [527/800] train_loss_con: 650.407
[GPU0] epochs: [528/800] train_loss_con: 653.541
[GPU0] epochs: [529/800] train_loss_con: 651.846
[GPU0] epochs: [530/800] train_loss_con: 647.850
[GPU0] epochs: [531/800] train_loss_con: 647.789
[GPU0] epochs: [532/800] train_loss_con: 649.502
[GPU0] epochs: [533/800] train_loss_con: 651.852
[GPU0] epochs: [534/800] train_loss_con: 648.985
[GPU0] epochs: [535/800] train_loss_con: 649.701
[GPU0] epochs: [536/800] train_loss_con: 647.828
[GPU0] epochs: [537/800] train_loss_con: 647.257
[GPU0] epochs: [538/800] train_loss_con: 646.735
[GPU0] epochs: [539/800] train_loss_con: 647.006
[GPU0] epochs: [540/800] train_loss_con: 643.684
[GPU0] epochs: [541/800] train_loss_con: 646.634
[GPU0] epochs: [542/800] train_loss_con: 643.739
[GPU0] epochs: [543/800] train_loss_con: 645.083
[GPU0] epochs: [544/800] train_loss_con: 642.160
[GPU0] epochs: [545/800] train_loss_con: 646.346
[GPU0] epochs: [546/800] train_loss_con: 643.179
[GPU0] epochs: [547/800] train_loss_con: 638.995
[GPU0] epochs: [548/800] train_loss_con: 641.379
[GPU0] epochs: [549/800] train_loss_con: 641.007
[GPU0] epochs: [550/800] train_loss_con: 640.600
[GPU0] epochs: [551/800] train_loss_con: 640.229
[GPU0] epochs: [552/800] train_loss_con: 642.305
[GPU0] epochs: [553/800] train_loss_con: 641.060
[GPU0] epochs: [554/800] train_loss_con: 639.034
[GPU0] epochs: [555/800] train_loss_con: 637.927
[GPU0] epochs: [556/800] train_loss_con: 638.770
[GPU0] epochs: [557/800] train_loss_con: 635.598
[GPU0] epochs: [558/800] train_loss_con: 637.146
[GPU0] epochs: [559/800] train_loss_con: 633.813
[GPU0] epochs: [560/800] train_loss_con: 637.231
[GPU0] epochs: [561/800] train_loss_con: 633.948
[GPU0] epochs: [562/800] train_loss_con: 634.487
[GPU0] epochs: [563/800] train_loss_con: 635.533
[GPU0] epochs: [564/800] train_loss_con: 633.324
[GPU0] epochs: [565/800] train_loss_con: 633.423
[GPU0] epochs: [566/800] train_loss_con: 633.795
[GPU0] epochs: [567/800] train_loss_con: 635.512
[GPU0] epochs: [568/800] train_loss_con: 630.863
[GPU0] epochs: [569/800] train_loss_con: 633.328
[GPU0] epochs: [570/800] train_loss_con: 631.267
[GPU0] epochs: [571/800] train_loss_con: 631.163
[GPU0] epochs: [572/800] train_loss_con: 630.752
[GPU0] epochs: [573/800] train_loss_con: 631.992
[GPU0] epochs: [574/800] train_loss_con: 629.192
[GPU0] epochs: [575/800] train_loss_con: 625.547
[GPU0] epochs: [576/800] train_loss_con: 628.178
[GPU0] epochs: [577/800] train_loss_con: 629.162
[GPU0] epochs: [578/800] train_loss_con: 626.612
[GPU0] epochs: [579/800] train_loss_con: 626.556
[GPU0] epochs: [580/800] train_loss_con: 626.227
[GPU0] epochs: [581/800] train_loss_con: 623.584
[GPU0] epochs: [582/800] train_loss_con: 626.843
[GPU0] epochs: [583/800] train_loss_con: 625.182
[GPU0] epochs: [584/800] train_loss_con: 623.748
[GPU0] epochs: [585/800] train_loss_con: 623.358
[GPU0] epochs: [586/800] train_loss_con: 622.071
[GPU0] epochs: [587/800] train_loss_con: 620.820
[GPU0] epochs: [588/800] train_loss_con: 624.706
[GPU0] epochs: [589/800] train_loss_con: 622.815
[GPU0] epochs: [590/800] train_loss_con: 620.696
[GPU0] epochs: [591/800] train_loss_con: 620.090
[GPU0] epochs: [592/800] train_loss_con: 621.468
[GPU0] epochs: [593/800] train_loss_con: 621.261
[GPU0] epochs: [594/800] train_loss_con: 621.078
[GPU0] epochs: [595/800] train_loss_con: 619.011
[GPU0] epochs: [596/800] train_loss_con: 617.640
[GPU0] epochs: [597/800] train_loss_con: 616.914
[GPU0] epochs: [598/800] train_loss_con: 615.859
[GPU0] epochs: [599/800] train_loss_con: 615.614
[GPU0] epochs: [600/800] train_loss_con: 613.791
[GPU0] epochs: [601/800] train_loss_con: 615.701
[GPU0] epochs: [602/800] train_loss_con: 617.087
[GPU0] epochs: [603/800] train_loss_con: 613.712
[GPU0] epochs: [604/800] train_loss_con: 613.799
[GPU0] epochs: [605/800] train_loss_con: 611.519
[GPU0] epochs: [606/800] train_loss_con: 612.871
[GPU0] epochs: [607/800] train_loss_con: 612.525
[GPU0] epochs: [608/800] train_loss_con: 609.785
[GPU0] epochs: [609/800] train_loss_con: 609.628
[GPU0] epochs: [610/800] train_loss_con: 611.059
[GPU0] epochs: [611/800] train_loss_con: 611.670
[GPU0] epochs: [612/800] train_loss_con: 608.662
[GPU0] epochs: [613/800] train_loss_con: 607.192
[GPU0] epochs: [614/800] train_loss_con: 604.802
[GPU0] epochs: [615/800] train_loss_con: 610.536
[GPU0] epochs: [616/800] train_loss_con: 606.709
[GPU0] epochs: [617/800] train_loss_con: 605.879
[GPU0] epochs: [618/800] train_loss_con: 605.156
[GPU0] epochs: [619/800] train_loss_con: 605.815
[GPU0] epochs: [620/800] train_loss_con: 606.391
[GPU0] epochs: [621/800] train_loss_con: 604.363
[GPU0] epochs: [622/800] train_loss_con: 604.438
[GPU0] epochs: [623/800] train_loss_con: 603.223
[GPU0] epochs: [624/800] train_loss_con: 603.446
[GPU0] epochs: [625/800] train_loss_con: 600.891
[GPU0] epochs: [626/800] train_loss_con: 602.415
[GPU0] epochs: [627/800] train_loss_con: 600.473
[GPU0] epochs: [628/800] train_loss_con: 600.765
[GPU0] epochs: [629/800] train_loss_con: 600.539
[GPU0] epochs: [630/800] train_loss_con: 599.748
[GPU0] epochs: [631/800] train_loss_con: 601.234
[GPU0] epochs: [632/800] train_loss_con: 597.957
[GPU0] epochs: [633/800] train_loss_con: 595.799
[GPU0] epochs: [634/800] train_loss_con: 596.166
[GPU0] epochs: [635/800] train_loss_con: 596.670
[GPU0] epochs: [636/800] train_loss_con: 595.148
[GPU0] epochs: [637/800] train_loss_con: 595.094
[GPU0] epochs: [638/800] train_loss_con: 594.470
[GPU0] epochs: [639/800] train_loss_con: 591.018
[GPU0] epochs: [640/800] train_loss_con: 593.302
[GPU0] epochs: [641/800] train_loss_con: 592.829
[GPU0] epochs: [642/800] train_loss_con: 593.069
[GPU0] epochs: [643/800] train_loss_con: 591.203
[GPU0] epochs: [644/800] train_loss_con: 589.418
[GPU0] epochs: [645/800] train_loss_con: 587.173
[GPU0] epochs: [646/800] train_loss_con: 590.548
[GPU0] epochs: [647/800] train_loss_con: 587.285
[GPU0] epochs: [648/800] train_loss_con: 588.675
[GPU0] epochs: [649/800] train_loss_con: 586.896
[GPU0] epochs: [650/800] train_loss_con: 588.442
[GPU0] epochs: [651/800] train_loss_con: 588.888
[GPU0] epochs: [652/800] train_loss_con: 584.528
[GPU0] epochs: [653/800] train_loss_con: 585.757
[GPU0] epochs: [654/800] train_loss_con: 583.983
[GPU0] epochs: [655/800] train_loss_con: 583.952
[GPU0] epochs: [656/800] train_loss_con: 580.710
[GPU0] epochs: [657/800] train_loss_con: 584.461
[GPU0] epochs: [658/800] train_loss_con: 581.862
[GPU0] epochs: [659/800] train_loss_con: 579.926
[GPU0] epochs: [660/800] train_loss_con: 581.122
[GPU0] epochs: [661/800] train_loss_con: 580.043
[GPU0] epochs: [662/800] train_loss_con: 578.460
[GPU0] epochs: [663/800] train_loss_con: 580.492
[GPU0] epochs: [664/800] train_loss_con: 579.218
[GPU0] epochs: [665/800] train_loss_con: 577.622
[GPU0] epochs: [666/800] train_loss_con: 577.599
[GPU0] epochs: [667/800] train_loss_con: 575.857
[GPU0] epochs: [668/800] train_loss_con: 575.198
[GPU0] epochs: [669/800] train_loss_con: 574.435
[GPU0] epochs: [670/800] train_loss_con: 573.278
[GPU0] epochs: [671/800] train_loss_con: 574.708
[GPU0] epochs: [672/800] train_loss_con: 574.145
[GPU0] epochs: [673/800] train_loss_con: 573.290
[GPU0] epochs: [674/800] train_loss_con: 572.264
[GPU0] epochs: [675/800] train_loss_con: 571.644
[GPU0] epochs: [676/800] train_loss_con: 569.300
[GPU0] epochs: [677/800] train_loss_con: 568.024
[GPU0] epochs: [678/800] train_loss_con: 569.801
[GPU0] epochs: [679/800] train_loss_con: 570.636
[GPU0] epochs: [680/800] train_loss_con: 569.066
[GPU0] epochs: [681/800] train_loss_con: 567.717
[GPU0] epochs: [682/800] train_loss_con: 567.776
[GPU0] epochs: [683/800] train_loss_con: 565.651
[GPU0] epochs: [684/800] train_loss_con: 564.990
[GPU0] epochs: [685/800] train_loss_con: 563.620
[GPU0] epochs: [686/800] train_loss_con: 566.222
[GPU0] epochs: [687/800] train_loss_con: 564.050
[GPU0] epochs: [688/800] train_loss_con: 566.168
[GPU0] epochs: [689/800] train_loss_con: 561.085
[GPU0] epochs: [690/800] train_loss_con: 562.589
[GPU0] epochs: [691/800] train_loss_con: 559.730
[GPU0] epochs: [692/800] train_loss_con: 561.416
[GPU0] epochs: [693/800] train_loss_con: 561.017
[GPU0] epochs: [694/800] train_loss_con: 559.805
[GPU0] epochs: [695/800] train_loss_con: 561.305
[GPU0] epochs: [696/800] train_loss_con: 557.914
[GPU0] epochs: [697/800] train_loss_con: 559.864
[GPU0] epochs: [698/800] train_loss_con: 559.591
[GPU0] epochs: [699/800] train_loss_con: 556.040
[GPU0] epochs: [700/800] train_loss_con: 556.284
[GPU0] epochs: [701/800] train_loss_con: 556.356
[GPU0] epochs: [702/800] train_loss_con: 553.592
[GPU0] epochs: [703/800] train_loss_con: 554.371
[GPU0] epochs: [704/800] train_loss_con: 553.301
[GPU0] epochs: [705/800] train_loss_con: 553.613
[GPU0] epochs: [706/800] train_loss_con: 553.485
[GPU0] epochs: [707/800] train_loss_con: 550.790
[GPU0] epochs: [708/800] train_loss_con: 552.793
[GPU0] epochs: [709/800] train_loss_con: 551.370
[GPU0] epochs: [710/800] train_loss_con: 549.202
[GPU0] epochs: [711/800] train_loss_con: 551.473
[GPU0] epochs: [712/800] train_loss_con: 548.415
[GPU0] epochs: [713/800] train_loss_con: 548.399
[GPU0] epochs: [714/800] train_loss_con: 549.687
[GPU0] epochs: [715/800] train_loss_con: 547.993
[GPU0] epochs: [716/800] train_loss_con: 547.832
[GPU0] epochs: [717/800] train_loss_con: 544.328
[GPU0] epochs: [718/800] train_loss_con: 546.731
[GPU0] epochs: [719/800] train_loss_con: 544.667
[GPU0] epochs: [720/800] train_loss_con: 546.547
[GPU0] epochs: [721/800] train_loss_con: 543.367
[GPU0] epochs: [722/800] train_loss_con: 544.037
[GPU0] epochs: [723/800] train_loss_con: 542.746
[GPU0] epochs: [724/800] train_loss_con: 543.932
[GPU0] epochs: [725/800] train_loss_con: 541.764
[GPU0] epochs: [726/800] train_loss_con: 540.642
[GPU0] epochs: [727/800] train_loss_con: 540.684
[GPU0] epochs: [728/800] train_loss_con: 538.665
[GPU0] epochs: [729/800] train_loss_con: 539.798
[GPU0] epochs: [730/800] train_loss_con: 537.471
[GPU0] epochs: [731/800] train_loss_con: 541.162
[GPU0] epochs: [732/800] train_loss_con: 537.785
[GPU0] epochs: [733/800] train_loss_con: 538.077
[GPU0] epochs: [734/800] train_loss_con: 536.760
[GPU0] epochs: [735/800] train_loss_con: 537.719
[GPU0] epochs: [736/800] train_loss_con: 538.905
[GPU0] epochs: [737/800] train_loss_con: 535.484
[GPU0] epochs: [738/800] train_loss_con: 535.854
[GPU0] epochs: [739/800] train_loss_con: 535.510
[GPU0] epochs: [740/800] train_loss_con: 534.902
[GPU0] epochs: [741/800] train_loss_con: 533.666
[GPU0] epochs: [742/800] train_loss_con: 532.772
[GPU0] epochs: [743/800] train_loss_con: 532.116
[GPU0] epochs: [744/800] train_loss_con: 532.311
[GPU0] epochs: [745/800] train_loss_con: 531.893
[GPU0] epochs: [746/800] train_loss_con: 530.958
[GPU0] epochs: [747/800] train_loss_con: 529.841
[GPU0] epochs: [748/800] train_loss_con: 530.471
[GPU0] epochs: [749/800] train_loss_con: 530.062
[GPU0] epochs: [750/800] train_loss_con: 529.557
[GPU0] epochs: [751/800] train_loss_con: 527.842
[GPU0] epochs: [752/800] train_loss_con: 528.638
[GPU0] epochs: [753/800] train_loss_con: 528.747
[GPU0] epochs: [754/800] train_loss_con: 526.890
[GPU0] epochs: [755/800] train_loss_con: 527.754
[GPU0] epochs: [756/800] train_loss_con: 527.789
[GPU0] epochs: [757/800] train_loss_con: 528.061
[GPU0] epochs: [758/800] train_loss_con: 526.803
[GPU0] epochs: [759/800] train_loss_con: 527.417
[GPU0] epochs: [760/800] train_loss_con: 525.259
[GPU0] epochs: [761/800] train_loss_con: 525.071
[GPU0] epochs: [762/800] train_loss_con: 525.532
[GPU0] epochs: [763/800] train_loss_con: 524.527
[GPU0] epochs: [764/800] train_loss_con: 524.711
[GPU0] epochs: [765/800] train_loss_con: 524.536
[GPU0] epochs: [766/800] train_loss_con: 523.389
[GPU0] epochs: [767/800] train_loss_con: 523.892
[GPU0] epochs: [768/800] train_loss_con: 523.881
[GPU0] epochs: [769/800] train_loss_con: 522.044
[GPU0] epochs: [770/800] train_loss_con: 522.352
[GPU0] epochs: [771/800] train_loss_con: 522.214
[GPU0] epochs: [772/800] train_loss_con: 523.278
[GPU0] epochs: [773/800] train_loss_con: 521.176
[GPU0] epochs: [774/800] train_loss_con: 520.988
[GPU0] epochs: [775/800] train_loss_con: 522.180
[GPU0] epochs: [776/800] train_loss_con: 521.360
[GPU0] epochs: [777/800] train_loss_con: 519.604
[GPU0] epochs: [778/800] train_loss_con: 519.139
[GPU0] epochs: [779/800] train_loss_con: 519.443
[GPU0] epochs: [780/800] train_loss_con: 518.898
[GPU0] epochs: [781/800] train_loss_con: 520.401
[GPU0] epochs: [782/800] train_loss_con: 519.131
[GPU0] epochs: [783/800] train_loss_con: 519.006
[GPU0] epochs: [784/800] train_loss_con: 519.190
[GPU0] epochs: [785/800] train_loss_con: 519.500
[GPU0] epochs: [786/800] train_loss_con: 518.875
[GPU0] epochs: [787/800] train_loss_con: 517.522
[GPU0] epochs: [788/800] train_loss_con: 518.635
[GPU0] epochs: [789/800] train_loss_con: 518.802
[GPU0] epochs: [790/800] train_loss_con: 519.437
[GPU0] epochs: [791/800] train_loss_con: 517.152
[GPU0] epochs: [792/800] train_loss_con: 517.678
[GPU0] epochs: [793/800] train_loss_con: 517.565
[GPU0] epochs: [794/800] train_loss_con: 519.059
[GPU0] epochs: [795/800] train_loss_con: 516.929
[GPU0] epochs: [796/800] train_loss_con: 518.470
[GPU0] epochs: [797/800] train_loss_con: 518.035
[GPU0] epochs: [798/800] train_loss_con: 518.161
[GPU0] epochs: [799/800] train_loss_con: 518.746
[GPU0] epochs: [800/800] train_loss_con: 516.821
Model weights saved
<All keys matched successfully>
Starting Hyperparameter Sweep on 0...
===> using linear mlp
[GPU0] Test Accuracy at epoch: 0: 0.45
[GPU0] epochs: [1/100] train_acc: 0.361 train_loss_sup: 2.879
[GPU0] epochs: [2/100] train_acc: 0.437 train_loss_sup: 2.409
[GPU0] epochs: [3/100] train_acc: 0.455 train_loss_sup: 2.310
[GPU0] epochs: [4/100] train_acc: 0.466 train_loss_sup: 2.264
[GPU0] epochs: [5/100] train_acc: 0.474 train_loss_sup: 2.231
[GPU0] epochs: [6/100] train_acc: 0.480 train_loss_sup: 2.200
[GPU0] epochs: [7/100] train_acc: 0.485 train_loss_sup: 2.178
[GPU0] epochs: [8/100] train_acc: 0.485 train_loss_sup: 2.164
[GPU0] epochs: [9/100] train_acc: 0.488 train_loss_sup: 2.156
[GPU0] epochs: [10/100] train_acc: 0.491 train_loss_sup: 2.139
[GPU0] Test Accuracy at epoch: 10: 0.5
[GPU0] epochs: [11/100] train_acc: 0.490 train_loss_sup: 2.135
[GPU0] epochs: [12/100] train_acc: 0.493 train_loss_sup: 2.129
[GPU0] epochs: [13/100] train_acc: 0.496 train_loss_sup: 2.121
[GPU0] epochs: [14/100] train_acc: 0.498 train_loss_sup: 2.112
[GPU0] epochs: [15/100] train_acc: 0.499 train_loss_sup: 2.105
[GPU0] epochs: [16/100] train_acc: 0.497 train_loss_sup: 2.103
[GPU0] epochs: [17/100] train_acc: 0.498 train_loss_sup: 2.102
[GPU0] epochs: [18/100] train_acc: 0.502 train_loss_sup: 2.089
[GPU0] epochs: [19/100] train_acc: 0.503 train_loss_sup: 2.087
[GPU0] epochs: [20/100] train_acc: 0.503 train_loss_sup: 2.082
[GPU0] Test Accuracy at epoch: 20: 0.501
[GPU0] epochs: [21/100] train_acc: 0.503 train_loss_sup: 2.085
[GPU0] epochs: [22/100] train_acc: 0.503 train_loss_sup: 2.080
[GPU0] epochs: [23/100] train_acc: 0.506 train_loss_sup: 2.073
[GPU0] epochs: [24/100] train_acc: 0.507 train_loss_sup: 2.070
[GPU0] epochs: [25/100] train_acc: 0.505 train_loss_sup: 2.067
[GPU0] epochs: [26/100] train_acc: 0.507 train_loss_sup: 2.062
[GPU0] epochs: [27/100] train_acc: 0.508 train_loss_sup: 2.067
[GPU0] epochs: [28/100] train_acc: 0.508 train_loss_sup: 2.060
[GPU0] epochs: [29/100] train_acc: 0.510 train_loss_sup: 2.053
[GPU0] epochs: [30/100] train_acc: 0.510 train_loss_sup: 2.053
[GPU0] Test Accuracy at epoch: 30: 0.503
[GPU0] epochs: [31/100] train_acc: 0.511 train_loss_sup: 2.046
[GPU0] epochs: [32/100] train_acc: 0.510 train_loss_sup: 2.046
[GPU0] epochs: [33/100] train_acc: 0.511 train_loss_sup: 2.042
[GPU0] epochs: [34/100] train_acc: 0.515 train_loss_sup: 2.035
[GPU0] epochs: [35/100] train_acc: 0.513 train_loss_sup: 2.042
[GPU0] epochs: [36/100] train_acc: 0.514 train_loss_sup: 2.029
[GPU0] epochs: [37/100] train_acc: 0.515 train_loss_sup: 2.024
[GPU0] epochs: [38/100] train_acc: 0.513 train_loss_sup: 2.033
[GPU0] epochs: [39/100] train_acc: 0.518 train_loss_sup: 2.022
[GPU0] epochs: [40/100] train_acc: 0.516 train_loss_sup: 2.027
[GPU0] Test Accuracy at epoch: 40: 0.505
[GPU0] epochs: [41/100] train_acc: 0.516 train_loss_sup: 2.018
[GPU0] epochs: [42/100] train_acc: 0.516 train_loss_sup: 2.020
[GPU0] epochs: [43/100] train_acc: 0.518 train_loss_sup: 2.019
[GPU0] epochs: [44/100] train_acc: 0.519 train_loss_sup: 2.007
[GPU0] epochs: [45/100] train_acc: 0.521 train_loss_sup: 2.003
[GPU0] epochs: [46/100] train_acc: 0.521 train_loss_sup: 2.000
[GPU0] epochs: [47/100] train_acc: 0.519 train_loss_sup: 1.998
[GPU0] epochs: [48/100] train_acc: 0.521 train_loss_sup: 1.998
[GPU0] epochs: [49/100] train_acc: 0.520 train_loss_sup: 1.997
[GPU0] epochs: [50/100] train_acc: 0.522 train_loss_sup: 1.989
[GPU0] Test Accuracy at epoch: 50: 0.512
[GPU0] epochs: [51/100] train_acc: 0.525 train_loss_sup: 1.981
[GPU0] epochs: [52/100] train_acc: 0.525 train_loss_sup: 1.979
[GPU0] epochs: [53/100] train_acc: 0.526 train_loss_sup: 1.978
[GPU0] epochs: [54/100] train_acc: 0.525 train_loss_sup: 1.977
[GPU0] epochs: [55/100] train_acc: 0.525 train_loss_sup: 1.973
[GPU0] epochs: [56/100] train_acc: 0.523 train_loss_sup: 1.978
[GPU0] epochs: [57/100] train_acc: 0.528 train_loss_sup: 1.968
[GPU0] epochs: [58/100] train_acc: 0.530 train_loss_sup: 1.963
[GPU0] epochs: [59/100] train_acc: 0.529 train_loss_sup: 1.967
[GPU0] epochs: [60/100] train_acc: 0.530 train_loss_sup: 1.960
[GPU0] Test Accuracy at epoch: 60: 0.518
[GPU0] epochs: [61/100] train_acc: 0.531 train_loss_sup: 1.955
[GPU0] epochs: [62/100] train_acc: 0.529 train_loss_sup: 1.962
[GPU0] epochs: [63/100] train_acc: 0.532 train_loss_sup: 1.948
[GPU0] epochs: [64/100] train_acc: 0.531 train_loss_sup: 1.946
[GPU0] epochs: [65/100] train_acc: 0.534 train_loss_sup: 1.936
[GPU0] epochs: [66/100] train_acc: 0.534 train_loss_sup: 1.935
[GPU0] epochs: [67/100] train_acc: 0.535 train_loss_sup: 1.941
[GPU0] epochs: [68/100] train_acc: 0.535 train_loss_sup: 1.938
[GPU0] epochs: [69/100] train_acc: 0.533 train_loss_sup: 1.947
[GPU0] epochs: [70/100] train_acc: 0.537 train_loss_sup: 1.922
[GPU0] Test Accuracy at epoch: 70: 0.52
[GPU0] epochs: [71/100] train_acc: 0.536 train_loss_sup: 1.930
[GPU0] epochs: [72/100] train_acc: 0.536 train_loss_sup: 1.925
[GPU0] epochs: [73/100] train_acc: 0.536 train_loss_sup: 1.932
[GPU0] epochs: [74/100] train_acc: 0.537 train_loss_sup: 1.923
[GPU0] epochs: [75/100] train_acc: 0.538 train_loss_sup: 1.915
[GPU0] epochs: [76/100] train_acc: 0.538 train_loss_sup: 1.914
[GPU0] epochs: [77/100] train_acc: 0.541 train_loss_sup: 1.918
[GPU0] epochs: [78/100] train_acc: 0.538 train_loss_sup: 1.920
[GPU0] epochs: [79/100] train_acc: 0.539 train_loss_sup: 1.913
[GPU0] epochs: [80/100] train_acc: 0.539 train_loss_sup: 1.913
[GPU0] Test Accuracy at epoch: 80: 0.523
[GPU0] epochs: [81/100] train_acc: 0.538 train_loss_sup: 1.911
[GPU0] epochs: [82/100] train_acc: 0.540 train_loss_sup: 1.910
[GPU0] epochs: [83/100] train_acc: 0.541 train_loss_sup: 1.907
[GPU0] epochs: [84/100] train_acc: 0.542 train_loss_sup: 1.903
[GPU0] epochs: [85/100] train_acc: 0.546 train_loss_sup: 1.892
[GPU0] epochs: [86/100] train_acc: 0.540 train_loss_sup: 1.908
[GPU0] epochs: [87/100] train_acc: 0.542 train_loss_sup: 1.899
[GPU0] epochs: [88/100] train_acc: 0.543 train_loss_sup: 1.900
[GPU0] epochs: [89/100] train_acc: 0.545 train_loss_sup: 1.891
[GPU0] epochs: [90/100] train_acc: 0.542 train_loss_sup: 1.898
[GPU0] Test Accuracy at epoch: 90: 0.524
[GPU0] epochs: [91/100] train_acc: 0.541 train_loss_sup: 1.899
[GPU0] epochs: [92/100] train_acc: 0.543 train_loss_sup: 1.899
[GPU0] epochs: [93/100] train_acc: 0.544 train_loss_sup: 1.892
[GPU0] epochs: [94/100] train_acc: 0.545 train_loss_sup: 1.895
[GPU0] epochs: [95/100] train_acc: 0.545 train_loss_sup: 1.892
[GPU0] epochs: [96/100] train_acc: 0.545 train_loss_sup: 1.889
[GPU0] epochs: [97/100] train_acc: 0.544 train_loss_sup: 1.891
[GPU0] epochs: [98/100] train_acc: 0.545 train_loss_sup: 1.894
[GPU0] epochs: [99/100] train_acc: 0.546 train_loss_sup: 1.886
[GPU0] epochs: [100/100] train_acc: 0.544 train_loss_sup: 1.894
[GPU0] Final Test Accuracy: 0.523
LR: 0.100 | WD: 0.000001 | test Acc: 0.524%
===> using linear mlp
[GPU0] Test Accuracy at epoch: 0: 0.457
[GPU0] epochs: [1/100] train_acc: 0.364 train_loss_sup: 2.873
[GPU0] epochs: [2/100] train_acc: 0.438 train_loss_sup: 2.413
[GPU0] epochs: [3/100] train_acc: 0.456 train_loss_sup: 2.317
[GPU0] epochs: [4/100] train_acc: 0.464 train_loss_sup: 2.273
[GPU0] epochs: [5/100] train_acc: 0.470 train_loss_sup: 2.239
[GPU0] epochs: [6/100] train_acc: 0.477 train_loss_sup: 2.212
[GPU0] epochs: [7/100] train_acc: 0.479 train_loss_sup: 2.197
[GPU0] epochs: [8/100] train_acc: 0.480 train_loss_sup: 2.188
[GPU0] epochs: [9/100] train_acc: 0.484 train_loss_sup: 2.173
[GPU0] epochs: [10/100] train_acc: 0.483 train_loss_sup: 2.168
[GPU0] Test Accuracy at epoch: 10: 0.496
[GPU0] epochs: [11/100] train_acc: 0.486 train_loss_sup: 2.162
[GPU0] epochs: [12/100] train_acc: 0.488 train_loss_sup: 2.152
[GPU0] epochs: [13/100] train_acc: 0.490 train_loss_sup: 2.142
[GPU0] epochs: [14/100] train_acc: 0.489 train_loss_sup: 2.142
[GPU0] epochs: [15/100] train_acc: 0.492 train_loss_sup: 2.132
[GPU0] epochs: [16/100] train_acc: 0.492 train_loss_sup: 2.129
[GPU0] epochs: [17/100] train_acc: 0.493 train_loss_sup: 2.122
[GPU0] epochs: [18/100] train_acc: 0.494 train_loss_sup: 2.123
[GPU0] epochs: [19/100] train_acc: 0.494 train_loss_sup: 2.119
[GPU0] epochs: [20/100] train_acc: 0.495 train_loss_sup: 2.116
[GPU0] Test Accuracy at epoch: 20: 0.502
[GPU0] epochs: [21/100] train_acc: 0.496 train_loss_sup: 2.115
[GPU0] epochs: [22/100] train_acc: 0.496 train_loss_sup: 2.109
[GPU0] epochs: [23/100] train_acc: 0.494 train_loss_sup: 2.112
[GPU0] epochs: [24/100] train_acc: 0.496 train_loss_sup: 2.104
[GPU0] epochs: [25/100] train_acc: 0.498 train_loss_sup: 2.097
[GPU0] epochs: [26/100] train_acc: 0.499 train_loss_sup: 2.096
[GPU0] epochs: [27/100] train_acc: 0.499 train_loss_sup: 2.096
[GPU0] epochs: [28/100] train_acc: 0.497 train_loss_sup: 2.101
[GPU0] epochs: [29/100] train_acc: 0.498 train_loss_sup: 2.090
[GPU0] epochs: [30/100] train_acc: 0.500 train_loss_sup: 2.090
[GPU0] Test Accuracy at epoch: 30: 0.503
[GPU0] epochs: [31/100] train_acc: 0.501 train_loss_sup: 2.087
[GPU0] epochs: [32/100] train_acc: 0.500 train_loss_sup: 2.079
[GPU0] epochs: [33/100] train_acc: 0.502 train_loss_sup: 2.075
[GPU0] epochs: [34/100] train_acc: 0.504 train_loss_sup: 2.075
[GPU0] epochs: [35/100] train_acc: 0.504 train_loss_sup: 2.067
[GPU0] epochs: [36/100] train_acc: 0.503 train_loss_sup: 2.069
[GPU0] epochs: [37/100] train_acc: 0.504 train_loss_sup: 2.066
[GPU0] epochs: [38/100] train_acc: 0.507 train_loss_sup: 2.059
[GPU0] epochs: [39/100] train_acc: 0.506 train_loss_sup: 2.064
[GPU0] epochs: [40/100] train_acc: 0.507 train_loss_sup: 2.053
[GPU0] Test Accuracy at epoch: 40: 0.507
[GPU0] epochs: [41/100] train_acc: 0.506 train_loss_sup: 2.058
[GPU0] epochs: [42/100] train_acc: 0.510 train_loss_sup: 2.052
[GPU0] epochs: [43/100] train_acc: 0.508 train_loss_sup: 2.046
[GPU0] epochs: [44/100] train_acc: 0.509 train_loss_sup: 2.042
[GPU0] epochs: [45/100] train_acc: 0.510 train_loss_sup: 2.041
[GPU0] epochs: [46/100] train_acc: 0.509 train_loss_sup: 2.042
[GPU0] epochs: [47/100] train_acc: 0.512 train_loss_sup: 2.039
[GPU0] epochs: [48/100] train_acc: 0.511 train_loss_sup: 2.030
[GPU0] epochs: [49/100] train_acc: 0.512 train_loss_sup: 2.032
[GPU0] epochs: [50/100] train_acc: 0.514 train_loss_sup: 2.023
[GPU0] Test Accuracy at epoch: 50: 0.513
[GPU0] epochs: [51/100] train_acc: 0.512 train_loss_sup: 2.030
[GPU0] epochs: [52/100] train_acc: 0.514 train_loss_sup: 2.022
[GPU0] epochs: [53/100] train_acc: 0.514 train_loss_sup: 2.019
[GPU0] epochs: [54/100] train_acc: 0.517 train_loss_sup: 2.018
[GPU0] epochs: [55/100] train_acc: 0.515 train_loss_sup: 2.010
[GPU0] epochs: [56/100] train_acc: 0.517 train_loss_sup: 2.007
[GPU0] epochs: [57/100] train_acc: 0.518 train_loss_sup: 2.011
[GPU0] epochs: [58/100] train_acc: 0.517 train_loss_sup: 2.010
[GPU0] epochs: [59/100] train_acc: 0.519 train_loss_sup: 2.010
[GPU0] epochs: [60/100] train_acc: 0.519 train_loss_sup: 2.001
[GPU0] Test Accuracy at epoch: 60: 0.519
[GPU0] epochs: [61/100] train_acc: 0.522 train_loss_sup: 1.997
[GPU0] epochs: [62/100] train_acc: 0.521 train_loss_sup: 1.997
[GPU0] epochs: [63/100] train_acc: 0.520 train_loss_sup: 2.002
[GPU0] epochs: [64/100] train_acc: 0.524 train_loss_sup: 1.988
[GPU0] epochs: [65/100] train_acc: 0.523 train_loss_sup: 1.982
[GPU0] epochs: [66/100] train_acc: 0.525 train_loss_sup: 1.981
[GPU0] epochs: [67/100] train_acc: 0.525 train_loss_sup: 1.978
[GPU0] epochs: [68/100] train_acc: 0.526 train_loss_sup: 1.976
[GPU0] epochs: [69/100] train_acc: 0.527 train_loss_sup: 1.979
[GPU0] epochs: [70/100] train_acc: 0.528 train_loss_sup: 1.970
[GPU0] Test Accuracy at epoch: 70: 0.525
[GPU0] epochs: [71/100] train_acc: 0.527 train_loss_sup: 1.973
[GPU0] epochs: [72/100] train_acc: 0.528 train_loss_sup: 1.968
[GPU0] epochs: [73/100] train_acc: 0.529 train_loss_sup: 1.965
[GPU0] epochs: [74/100] train_acc: 0.527 train_loss_sup: 1.966
[GPU0] epochs: [75/100] train_acc: 0.528 train_loss_sup: 1.964
[GPU0] epochs: [76/100] train_acc: 0.531 train_loss_sup: 1.958
[GPU0] epochs: [77/100] train_acc: 0.530 train_loss_sup: 1.955
[GPU0] epochs: [78/100] train_acc: 0.530 train_loss_sup: 1.955
[GPU0] epochs: [79/100] train_acc: 0.532 train_loss_sup: 1.953
[GPU0] epochs: [80/100] train_acc: 0.532 train_loss_sup: 1.951
[GPU0] Test Accuracy at epoch: 80: 0.529
[GPU0] epochs: [81/100] train_acc: 0.532 train_loss_sup: 1.949
[GPU0] epochs: [82/100] train_acc: 0.532 train_loss_sup: 1.951
[GPU0] epochs: [83/100] train_acc: 0.533 train_loss_sup: 1.944
[GPU0] epochs: [84/100] train_acc: 0.534 train_loss_sup: 1.952
[GPU0] epochs: [85/100] train_acc: 0.535 train_loss_sup: 1.942
[GPU0] epochs: [86/100] train_acc: 0.534 train_loss_sup: 1.941
[GPU0] epochs: [87/100] train_acc: 0.535 train_loss_sup: 1.944
[GPU0] epochs: [88/100] train_acc: 0.535 train_loss_sup: 1.940
[GPU0] epochs: [89/100] train_acc: 0.535 train_loss_sup: 1.941
[GPU0] epochs: [90/100] train_acc: 0.536 train_loss_sup: 1.933
[GPU0] Test Accuracy at epoch: 90: 0.528
[GPU0] epochs: [91/100] train_acc: 0.538 train_loss_sup: 1.939
[GPU0] epochs: [92/100] train_acc: 0.537 train_loss_sup: 1.937
[GPU0] epochs: [93/100] train_acc: 0.536 train_loss_sup: 1.938
[GPU0] epochs: [94/100] train_acc: 0.537 train_loss_sup: 1.926
[GPU0] epochs: [95/100] train_acc: 0.536 train_loss_sup: 1.939
[GPU0] epochs: [96/100] train_acc: 0.537 train_loss_sup: 1.940
[GPU0] epochs: [97/100] train_acc: 0.537 train_loss_sup: 1.937
[GPU0] epochs: [98/100] train_acc: 0.538 train_loss_sup: 1.928
[GPU0] epochs: [99/100] train_acc: 0.537 train_loss_sup: 1.929
[GPU0] epochs: [100/100] train_acc: 0.538 train_loss_sup: 1.932
[GPU0] Final Test Accuracy: 0.528
LR: 0.100 | WD: 0.000100 | test Acc: 0.529%
===> using linear mlp
[GPU0] Test Accuracy at epoch: 0: 0.452
[GPU0] epochs: [1/100] train_acc: 0.365 train_loss_sup: 2.872
[GPU0] epochs: [2/100] train_acc: 0.437 train_loss_sup: 2.405
[GPU0] epochs: [3/100] train_acc: 0.455 train_loss_sup: 2.312
[GPU0] epochs: [4/100] train_acc: 0.467 train_loss_sup: 2.257
[GPU0] epochs: [5/100] train_acc: 0.474 train_loss_sup: 2.220
[GPU0] epochs: [6/100] train_acc: 0.477 train_loss_sup: 2.204
[GPU0] epochs: [7/100] train_acc: 0.483 train_loss_sup: 2.181
[GPU0] epochs: [8/100] train_acc: 0.487 train_loss_sup: 2.162
[GPU0] epochs: [9/100] train_acc: 0.489 train_loss_sup: 2.156
[GPU0] epochs: [10/100] train_acc: 0.490 train_loss_sup: 2.147
[GPU0] Test Accuracy at epoch: 10: 0.497
[GPU0] epochs: [11/100] train_acc: 0.493 train_loss_sup: 2.135
[GPU0] epochs: [12/100] train_acc: 0.494 train_loss_sup: 2.136
[GPU0] epochs: [13/100] train_acc: 0.496 train_loss_sup: 2.117
[GPU0] epochs: [14/100] train_acc: 0.495 train_loss_sup: 2.116
[GPU0] epochs: [15/100] train_acc: 0.496 train_loss_sup: 2.108
[GPU0] epochs: [16/100] train_acc: 0.499 train_loss_sup: 2.107
[GPU0] epochs: [17/100] train_acc: 0.501 train_loss_sup: 2.092
[GPU0] epochs: [18/100] train_acc: 0.501 train_loss_sup: 2.092
[GPU0] epochs: [19/100] train_acc: 0.502 train_loss_sup: 2.087
[GPU0] epochs: [20/100] train_acc: 0.503 train_loss_sup: 2.084
[GPU0] Test Accuracy at epoch: 20: 0.502
[GPU0] epochs: [21/100] train_acc: 0.505 train_loss_sup: 2.076
[GPU0] epochs: [22/100] train_acc: 0.506 train_loss_sup: 2.072
[GPU0] epochs: [23/100] train_acc: 0.503 train_loss_sup: 2.078
[GPU0] epochs: [24/100] train_acc: 0.505 train_loss_sup: 2.082
[GPU0] epochs: [25/100] train_acc: 0.506 train_loss_sup: 2.068
[GPU0] epochs: [26/100] train_acc: 0.506 train_loss_sup: 2.072
[GPU0] epochs: [27/100] train_acc: 0.508 train_loss_sup: 2.057
[GPU0] epochs: [28/100] train_acc: 0.507 train_loss_sup: 2.058
[GPU0] epochs: [29/100] train_acc: 0.508 train_loss_sup: 2.056
[GPU0] epochs: [30/100] train_acc: 0.509 train_loss_sup: 2.055
[GPU0] Test Accuracy at epoch: 30: 0.504
[GPU0] epochs: [31/100] train_acc: 0.511 train_loss_sup: 2.044
[GPU0] epochs: [32/100] train_acc: 0.509 train_loss_sup: 2.048
[GPU0] epochs: [33/100] train_acc: 0.513 train_loss_sup: 2.038
[GPU0] epochs: [34/100] train_acc: 0.514 train_loss_sup: 2.031
[GPU0] epochs: [35/100] train_acc: 0.515 train_loss_sup: 2.032
[GPU0] epochs: [36/100] train_acc: 0.512 train_loss_sup: 2.039
[GPU0] epochs: [37/100] train_acc: 0.515 train_loss_sup: 2.028
[GPU0] epochs: [38/100] train_acc: 0.514 train_loss_sup: 2.030
[GPU0] epochs: [39/100] train_acc: 0.516 train_loss_sup: 2.021
[GPU0] epochs: [40/100] train_acc: 0.516 train_loss_sup: 2.014
[GPU0] Test Accuracy at epoch: 40: 0.507
[GPU0] epochs: [41/100] train_acc: 0.516 train_loss_sup: 2.015
[GPU0] epochs: [42/100] train_acc: 0.517 train_loss_sup: 2.021
[GPU0] epochs: [43/100] train_acc: 0.518 train_loss_sup: 2.012
[GPU0] epochs: [44/100] train_acc: 0.518 train_loss_sup: 2.011
[GPU0] epochs: [45/100] train_acc: 0.517 train_loss_sup: 2.013
[GPU0] epochs: [46/100] train_acc: 0.519 train_loss_sup: 2.002
[GPU0] epochs: [47/100] train_acc: 0.522 train_loss_sup: 1.990
[GPU0] epochs: [48/100] train_acc: 0.520 train_loss_sup: 2.000
[GPU0] epochs: [49/100] train_acc: 0.524 train_loss_sup: 1.988
[GPU0] epochs: [50/100] train_acc: 0.523 train_loss_sup: 1.985
[GPU0] Test Accuracy at epoch: 50: 0.507
[GPU0] epochs: [51/100] train_acc: 0.523 train_loss_sup: 1.988
[GPU0] epochs: [52/100] train_acc: 0.524 train_loss_sup: 1.983
[GPU0] epochs: [53/100] train_acc: 0.526 train_loss_sup: 1.974
[GPU0] epochs: [54/100] train_acc: 0.524 train_loss_sup: 1.976
[GPU0] epochs: [55/100] train_acc: 0.526 train_loss_sup: 1.976
[GPU0] epochs: [56/100] train_acc: 0.527 train_loss_sup: 1.972
[GPU0] epochs: [57/100] train_acc: 0.529 train_loss_sup: 1.963
[GPU0] epochs: [58/100] train_acc: 0.525 train_loss_sup: 1.971
[GPU0] epochs: [59/100] train_acc: 0.529 train_loss_sup: 1.961
[GPU0] epochs: [60/100] train_acc: 0.529 train_loss_sup: 1.963
[GPU0] Test Accuracy at epoch: 60: 0.515
[GPU0] epochs: [61/100] train_acc: 0.529 train_loss_sup: 1.958
[GPU0] epochs: [62/100] train_acc: 0.530 train_loss_sup: 1.952
[GPU0] epochs: [63/100] train_acc: 0.533 train_loss_sup: 1.952
[GPU0] epochs: [64/100] train_acc: 0.531 train_loss_sup: 1.950
[GPU0] epochs: [65/100] train_acc: 0.534 train_loss_sup: 1.938
[GPU0] epochs: [66/100] train_acc: 0.533 train_loss_sup: 1.935
[GPU0] epochs: [67/100] train_acc: 0.534 train_loss_sup: 1.934
[GPU0] epochs: [68/100] train_acc: 0.534 train_loss_sup: 1.939
[GPU0] epochs: [69/100] train_acc: 0.536 train_loss_sup: 1.931
[GPU0] epochs: [70/100] train_acc: 0.535 train_loss_sup: 1.936
[GPU0] Test Accuracy at epoch: 70: 0.518
[GPU0] epochs: [71/100] train_acc: 0.536 train_loss_sup: 1.928
[GPU0] epochs: [72/100] train_acc: 0.536 train_loss_sup: 1.933
[GPU0] epochs: [73/100] train_acc: 0.534 train_loss_sup: 1.930
[GPU0] epochs: [74/100] train_acc: 0.538 train_loss_sup: 1.922
[GPU0] epochs: [75/100] train_acc: 0.538 train_loss_sup: 1.922
[GPU0] epochs: [76/100] train_acc: 0.539 train_loss_sup: 1.913
[GPU0] epochs: [77/100] train_acc: 0.540 train_loss_sup: 1.919
[GPU0] epochs: [78/100] train_acc: 0.542 train_loss_sup: 1.913
[GPU0] epochs: [79/100] train_acc: 0.538 train_loss_sup: 1.921
[GPU0] epochs: [80/100] train_acc: 0.540 train_loss_sup: 1.911
[GPU0] Test Accuracy at epoch: 80: 0.521
[GPU0] epochs: [81/100] train_acc: 0.541 train_loss_sup: 1.911
[GPU0] epochs: [82/100] train_acc: 0.542 train_loss_sup: 1.903
[GPU0] epochs: [83/100] train_acc: 0.542 train_loss_sup: 1.901
[GPU0] epochs: [84/100] train_acc: 0.541 train_loss_sup: 1.903
[GPU0] epochs: [85/100] train_acc: 0.542 train_loss_sup: 1.901
[GPU0] epochs: [86/100] train_acc: 0.542 train_loss_sup: 1.904
[GPU0] epochs: [87/100] train_acc: 0.544 train_loss_sup: 1.895
[GPU0] epochs: [88/100] train_acc: 0.542 train_loss_sup: 1.906
[GPU0] epochs: [89/100] train_acc: 0.542 train_loss_sup: 1.899
[GPU0] epochs: [90/100] train_acc: 0.544 train_loss_sup: 1.898
[GPU0] Test Accuracy at epoch: 90: 0.523
[GPU0] epochs: [91/100] train_acc: 0.543 train_loss_sup: 1.897
[GPU0] epochs: [92/100] train_acc: 0.544 train_loss_sup: 1.896
[GPU0] epochs: [93/100] train_acc: 0.544 train_loss_sup: 1.895
[GPU0] epochs: [94/100] train_acc: 0.544 train_loss_sup: 1.893
[GPU0] epochs: [95/100] train_acc: 0.544 train_loss_sup: 1.892
[GPU0] epochs: [96/100] train_acc: 0.545 train_loss_sup: 1.894
[GPU0] epochs: [97/100] train_acc: 0.545 train_loss_sup: 1.885
[GPU0] epochs: [98/100] train_acc: 0.543 train_loss_sup: 1.894
[GPU0] epochs: [99/100] train_acc: 0.545 train_loss_sup: 1.890
[GPU0] epochs: [100/100] train_acc: 0.547 train_loss_sup: 1.885
[GPU0] Final Test Accuracy: 0.523
LR: 0.100 | WD: 0.000000 | test Acc: 0.523%
===> using linear mlp
[GPU0] Test Accuracy at epoch: 0: 0.363
[GPU0] epochs: [1/100] train_acc: 0.299 train_loss_sup: 5.818
[GPU0] epochs: [2/100] train_acc: 0.352 train_loss_sup: 5.651
[GPU0] epochs: [3/100] train_acc: 0.360 train_loss_sup: 5.691
[GPU0] epochs: [4/100] train_acc: 0.368 train_loss_sup: 5.684
[GPU0] epochs: [5/100] train_acc: 0.373 train_loss_sup: 5.709
[GPU0] epochs: [6/100] train_acc: 0.375 train_loss_sup: 5.730
[GPU0] epochs: [7/100] train_acc: 0.376 train_loss_sup: 5.739
[GPU0] epochs: [8/100] train_acc: 0.375 train_loss_sup: 5.768
[GPU0] epochs: [9/100] train_acc: 0.379 train_loss_sup: 5.723
[GPU0] epochs: [10/100] train_acc: 0.384 train_loss_sup: 5.596
[GPU0] Test Accuracy at epoch: 10: 0.396
[GPU0] epochs: [11/100] train_acc: 0.383 train_loss_sup: 5.636
[GPU0] epochs: [12/100] train_acc: 0.381 train_loss_sup: 5.685
[GPU0] epochs: [13/100] train_acc: 0.383 train_loss_sup: 5.692
[GPU0] epochs: [14/100] train_acc: 0.384 train_loss_sup: 5.588
[GPU0] epochs: [15/100] train_acc: 0.386 train_loss_sup: 5.525
[GPU0] epochs: [16/100] train_acc: 0.386 train_loss_sup: 5.521
[GPU0] epochs: [17/100] train_acc: 0.387 train_loss_sup: 5.429
[GPU0] epochs: [18/100] train_acc: 0.389 train_loss_sup: 5.398
[GPU0] epochs: [19/100] train_acc: 0.389 train_loss_sup: 5.386
[GPU0] epochs: [20/100] train_acc: 0.388 train_loss_sup: 5.341
[GPU0] Test Accuracy at epoch: 20: 0.389
[GPU0] epochs: [21/100] train_acc: 0.389 train_loss_sup: 5.227
[GPU0] epochs: [22/100] train_acc: 0.389 train_loss_sup: 5.241
[GPU0] epochs: [23/100] train_acc: 0.390 train_loss_sup: 5.229
[GPU0] epochs: [24/100] train_acc: 0.392 train_loss_sup: 5.092
[GPU0] epochs: [25/100] train_acc: 0.391 train_loss_sup: 5.119
[GPU0] epochs: [26/100] train_acc: 0.390 train_loss_sup: 5.050
[GPU0] epochs: [27/100] train_acc: 0.393 train_loss_sup: 4.987
[GPU0] epochs: [28/100] train_acc: 0.394 train_loss_sup: 4.898
[GPU0] epochs: [29/100] train_acc: 0.397 train_loss_sup: 4.810
[GPU0] epochs: [30/100] train_acc: 0.395 train_loss_sup: 4.771
[GPU0] Test Accuracy at epoch: 30: 0.402
[GPU0] epochs: [31/100] train_acc: 0.398 train_loss_sup: 4.668
[GPU0] epochs: [32/100] train_acc: 0.398 train_loss_sup: 4.624
[GPU0] epochs: [33/100] train_acc: 0.399 train_loss_sup: 4.509
[GPU0] epochs: [34/100] train_acc: 0.398 train_loss_sup: 4.510
[GPU0] epochs: [35/100] train_acc: 0.401 train_loss_sup: 4.439
[GPU0] epochs: [36/100] train_acc: 0.402 train_loss_sup: 4.385
[GPU0] epochs: [37/100] train_acc: 0.400 train_loss_sup: 4.325
[GPU0] epochs: [38/100] train_acc: 0.403 train_loss_sup: 4.213
[GPU0] epochs: [39/100] train_acc: 0.404 train_loss_sup: 4.150
[GPU0] epochs: [40/100] train_acc: 0.407 train_loss_sup: 4.051
[GPU0] Test Accuracy at epoch: 40: 0.407
[GPU0] epochs: [41/100] train_acc: 0.407 train_loss_sup: 4.017
[GPU0] epochs: [42/100] train_acc: 0.408 train_loss_sup: 3.934
[GPU0] epochs: [43/100] train_acc: 0.408 train_loss_sup: 3.880
[GPU0] epochs: [44/100] train_acc: 0.412 train_loss_sup: 3.781
[GPU0] epochs: [45/100] train_acc: 0.416 train_loss_sup: 3.672
[GPU0] epochs: [46/100] train_acc: 0.416 train_loss_sup: 3.652
[GPU0] epochs: [47/100] train_acc: 0.417 train_loss_sup: 3.558
[GPU0] epochs: [48/100] train_acc: 0.418 train_loss_sup: 3.497
[GPU0] epochs: [49/100] train_acc: 0.421 train_loss_sup: 3.436
[GPU0] epochs: [50/100] train_acc: 0.420 train_loss_sup: 3.363
[GPU0] Test Accuracy at epoch: 50: 0.425
[GPU0] epochs: [51/100] train_acc: 0.425 train_loss_sup: 3.280
[GPU0] epochs: [52/100] train_acc: 0.425 train_loss_sup: 3.252
[GPU0] epochs: [53/100] train_acc: 0.428 train_loss_sup: 3.168
[GPU0] epochs: [54/100] train_acc: 0.427 train_loss_sup: 3.142
[GPU0] epochs: [55/100] train_acc: 0.431 train_loss_sup: 3.065
[GPU0] epochs: [56/100] train_acc: 0.435 train_loss_sup: 2.993
[GPU0] epochs: [57/100] train_acc: 0.437 train_loss_sup: 2.926
[GPU0] epochs: [58/100] train_acc: 0.437 train_loss_sup: 2.905
[GPU0] epochs: [59/100] train_acc: 0.441 train_loss_sup: 2.841
[GPU0] epochs: [60/100] train_acc: 0.444 train_loss_sup: 2.777
[GPU0] Test Accuracy at epoch: 60: 0.444
[GPU0] epochs: [61/100] train_acc: 0.447 train_loss_sup: 2.738
[GPU0] epochs: [62/100] train_acc: 0.449 train_loss_sup: 2.688
[GPU0] epochs: [63/100] train_acc: 0.454 train_loss_sup: 2.632
[GPU0] epochs: [64/100] train_acc: 0.456 train_loss_sup: 2.597
[GPU0] epochs: [65/100] train_acc: 0.459 train_loss_sup: 2.544
[GPU0] epochs: [66/100] train_acc: 0.459 train_loss_sup: 2.528
[GPU0] epochs: [67/100] train_acc: 0.464 train_loss_sup: 2.468
[GPU0] epochs: [68/100] train_acc: 0.467 train_loss_sup: 2.444
[GPU0] epochs: [69/100] train_acc: 0.470 train_loss_sup: 2.411
[GPU0] epochs: [70/100] train_acc: 0.474 train_loss_sup: 2.362
[GPU0] Test Accuracy at epoch: 70: 0.474
[GPU0] epochs: [71/100] train_acc: 0.475 train_loss_sup: 2.345
[GPU0] epochs: [72/100] train_acc: 0.482 train_loss_sup: 2.299
[GPU0] epochs: [73/100] train_acc: 0.483 train_loss_sup: 2.277
[GPU0] epochs: [74/100] train_acc: 0.491 train_loss_sup: 2.242
[GPU0] epochs: [75/100] train_acc: 0.491 train_loss_sup: 2.217
[GPU0] epochs: [76/100] train_acc: 0.494 train_loss_sup: 2.189
[GPU0] epochs: [77/100] train_acc: 0.498 train_loss_sup: 2.167
[GPU0] epochs: [78/100] train_acc: 0.499 train_loss_sup: 2.146
[GPU0] epochs: [79/100] train_acc: 0.503 train_loss_sup: 2.126
[GPU0] epochs: [80/100] train_acc: 0.506 train_loss_sup: 2.100
[GPU0] Test Accuracy at epoch: 80: 0.489
[GPU0] epochs: [81/100] train_acc: 0.510 train_loss_sup: 2.073
[GPU0] epochs: [82/100] train_acc: 0.514 train_loss_sup: 2.059
[GPU0] epochs: [83/100] train_acc: 0.515 train_loss_sup: 2.046
[GPU0] epochs: [84/100] train_acc: 0.517 train_loss_sup: 2.035
[GPU0] epochs: [85/100] train_acc: 0.520 train_loss_sup: 2.017
[GPU0] epochs: [86/100] train_acc: 0.522 train_loss_sup: 2.002
[GPU0] epochs: [87/100] train_acc: 0.525 train_loss_sup: 1.985
[GPU0] epochs: [88/100] train_acc: 0.529 train_loss_sup: 1.973
[GPU0] epochs: [89/100] train_acc: 0.531 train_loss_sup: 1.966
[GPU0] epochs: [90/100] train_acc: 0.535 train_loss_sup: 1.951
[GPU0] Test Accuracy at epoch: 90: 0.513
[GPU0] epochs: [91/100] train_acc: 0.534 train_loss_sup: 1.948
[GPU0] epochs: [92/100] train_acc: 0.537 train_loss_sup: 1.934
[GPU0] epochs: [93/100] train_acc: 0.537 train_loss_sup: 1.934
[GPU0] epochs: [94/100] train_acc: 0.540 train_loss_sup: 1.916
[GPU0] epochs: [95/100] train_acc: 0.541 train_loss_sup: 1.917
[GPU0] epochs: [96/100] train_acc: 0.544 train_loss_sup: 1.907
[GPU0] epochs: [97/100] train_acc: 0.542 train_loss_sup: 1.914
[GPU0] epochs: [98/100] train_acc: 0.544 train_loss_sup: 1.906
[GPU0] epochs: [99/100] train_acc: 0.544 train_loss_sup: 1.897
[GPU0] epochs: [100/100] train_acc: 0.545 train_loss_sup: 1.899
[GPU0] Final Test Accuracy: 0.513
LR: 1.000 | WD: 0.000001 | test Acc: 0.513%
===> using linear mlp
[GPU0] Test Accuracy at epoch: 0: 0.345
[GPU0] epochs: [1/100] train_acc: 0.297 train_loss_sup: 5.666
[GPU0] epochs: [2/100] train_acc: 0.334 train_loss_sup: 5.579
[GPU0] epochs: [3/100] train_acc: 0.339 train_loss_sup: 5.424
[GPU0] epochs: [4/100] train_acc: 0.344 train_loss_sup: 5.421
[GPU0] epochs: [5/100] train_acc: 0.342 train_loss_sup: 5.465
[GPU0] epochs: [6/100] train_acc: 0.341 train_loss_sup: 5.540
[GPU0] epochs: [7/100] train_acc: 0.342 train_loss_sup: 5.470
[GPU0] epochs: [8/100] train_acc: 0.344 train_loss_sup: 5.435
[GPU0] epochs: [9/100] train_acc: 0.343 train_loss_sup: 5.405
[GPU0] epochs: [10/100] train_acc: 0.346 train_loss_sup: 5.395
[GPU0] Test Accuracy at epoch: 10: 0.35
[GPU0] epochs: [11/100] train_acc: 0.345 train_loss_sup: 5.267
[GPU0] epochs: [12/100] train_acc: 0.346 train_loss_sup: 5.344
[GPU0] epochs: [13/100] train_acc: 0.345 train_loss_sup: 5.284
[GPU0] epochs: [14/100] train_acc: 0.346 train_loss_sup: 5.209
[GPU0] epochs: [15/100] train_acc: 0.344 train_loss_sup: 5.216
[GPU0] epochs: [16/100] train_acc: 0.348 train_loss_sup: 5.071
[GPU0] epochs: [17/100] train_acc: 0.344 train_loss_sup: 5.173
[GPU0] epochs: [18/100] train_acc: 0.349 train_loss_sup: 5.083
[GPU0] epochs: [19/100] train_acc: 0.347 train_loss_sup: 4.976
[GPU0] epochs: [20/100] train_acc: 0.346 train_loss_sup: 5.079
[GPU0] Test Accuracy at epoch: 20: 0.378
[GPU0] epochs: [21/100] train_acc: 0.352 train_loss_sup: 4.886
[GPU0] epochs: [22/100] train_acc: 0.348 train_loss_sup: 4.911
[GPU0] epochs: [23/100] train_acc: 0.351 train_loss_sup: 4.853
[GPU0] epochs: [24/100] train_acc: 0.353 train_loss_sup: 4.785
[GPU0] epochs: [25/100] train_acc: 0.353 train_loss_sup: 4.691
[GPU0] epochs: [26/100] train_acc: 0.356 train_loss_sup: 4.634
[GPU0] epochs: [27/100] train_acc: 0.355 train_loss_sup: 4.633
[GPU0] epochs: [28/100] train_acc: 0.356 train_loss_sup: 4.595
[GPU0] epochs: [29/100] train_acc: 0.353 train_loss_sup: 4.543
[GPU0] epochs: [30/100] train_acc: 0.357 train_loss_sup: 4.469
[GPU0] Test Accuracy at epoch: 30: 0.377
[GPU0] epochs: [31/100] train_acc: 0.360 train_loss_sup: 4.370
[GPU0] epochs: [32/100] train_acc: 0.360 train_loss_sup: 4.326
[GPU0] epochs: [33/100] train_acc: 0.362 train_loss_sup: 4.222
[GPU0] epochs: [34/100] train_acc: 0.362 train_loss_sup: 4.247
[GPU0] epochs: [35/100] train_acc: 0.365 train_loss_sup: 4.121
[GPU0] epochs: [36/100] train_acc: 0.367 train_loss_sup: 4.068
[GPU0] epochs: [37/100] train_acc: 0.366 train_loss_sup: 4.030
[GPU0] epochs: [38/100] train_acc: 0.367 train_loss_sup: 3.969
[GPU0] epochs: [39/100] train_acc: 0.370 train_loss_sup: 3.871
[GPU0] epochs: [40/100] train_acc: 0.372 train_loss_sup: 3.810
[GPU0] Test Accuracy at epoch: 40: 0.378
[GPU0] epochs: [41/100] train_acc: 0.371 train_loss_sup: 3.804
[GPU0] epochs: [42/100] train_acc: 0.376 train_loss_sup: 3.681
[GPU0] epochs: [43/100] train_acc: 0.377 train_loss_sup: 3.647
[GPU0] epochs: [44/100] train_acc: 0.379 train_loss_sup: 3.612
[GPU0] epochs: [45/100] train_acc: 0.380 train_loss_sup: 3.525
[GPU0] epochs: [46/100] train_acc: 0.383 train_loss_sup: 3.487
[GPU0] epochs: [47/100] train_acc: 0.387 train_loss_sup: 3.393
[GPU0] epochs: [48/100] train_acc: 0.388 train_loss_sup: 3.356
[GPU0] epochs: [49/100] train_acc: 0.389 train_loss_sup: 3.293
[GPU0] epochs: [50/100] train_acc: 0.393 train_loss_sup: 3.242
[GPU0] Test Accuracy at epoch: 50: 0.408
[GPU0] epochs: [51/100] train_acc: 0.394 train_loss_sup: 3.211
[GPU0] epochs: [52/100] train_acc: 0.398 train_loss_sup: 3.106
[GPU0] epochs: [53/100] train_acc: 0.399 train_loss_sup: 3.076
[GPU0] epochs: [54/100] train_acc: 0.406 train_loss_sup: 2.995
[GPU0] epochs: [55/100] train_acc: 0.406 train_loss_sup: 2.986
[GPU0] epochs: [56/100] train_acc: 0.408 train_loss_sup: 2.922
[GPU0] epochs: [57/100] train_acc: 0.412 train_loss_sup: 2.874
[GPU0] epochs: [58/100] train_acc: 0.415 train_loss_sup: 2.832
[GPU0] epochs: [59/100] train_acc: 0.418 train_loss_sup: 2.793
[GPU0] epochs: [60/100] train_acc: 0.424 train_loss_sup: 2.724
[GPU0] Test Accuracy at epoch: 60: 0.426
[GPU0] epochs: [61/100] train_acc: 0.423 train_loss_sup: 2.712
[GPU0] epochs: [62/100] train_acc: 0.431 train_loss_sup: 2.640
[GPU0] epochs: [63/100] train_acc: 0.432 train_loss_sup: 2.605
[GPU0] epochs: [64/100] train_acc: 0.437 train_loss_sup: 2.560
[GPU0] epochs: [65/100] train_acc: 0.438 train_loss_sup: 2.535
[GPU0] epochs: [66/100] train_acc: 0.442 train_loss_sup: 2.504
[GPU0] epochs: [67/100] train_acc: 0.445 train_loss_sup: 2.464
[GPU0] epochs: [68/100] train_acc: 0.448 train_loss_sup: 2.432
[GPU0] epochs: [69/100] train_acc: 0.452 train_loss_sup: 2.390
[GPU0] epochs: [70/100] train_acc: 0.455 train_loss_sup: 2.369
[GPU0] Test Accuracy at epoch: 70: 0.466
[GPU0] epochs: [71/100] train_acc: 0.460 train_loss_sup: 2.342
[GPU0] epochs: [72/100] train_acc: 0.466 train_loss_sup: 2.302
[GPU0] epochs: [73/100] train_acc: 0.466 train_loss_sup: 2.285
[GPU0] epochs: [74/100] train_acc: 0.471 train_loss_sup: 2.248
[GPU0] epochs: [75/100] train_acc: 0.477 train_loss_sup: 2.227
[GPU0] epochs: [76/100] train_acc: 0.477 train_loss_sup: 2.215
[GPU0] epochs: [77/100] train_acc: 0.483 train_loss_sup: 2.189
[GPU0] epochs: [78/100] train_acc: 0.486 train_loss_sup: 2.165
[GPU0] epochs: [79/100] train_acc: 0.487 train_loss_sup: 2.147
[GPU0] epochs: [80/100] train_acc: 0.495 train_loss_sup: 2.124
[GPU0] Test Accuracy at epoch: 80: 0.498
[GPU0] epochs: [81/100] train_acc: 0.497 train_loss_sup: 2.102
[GPU0] epochs: [82/100] train_acc: 0.499 train_loss_sup: 2.096
[GPU0] epochs: [83/100] train_acc: 0.503 train_loss_sup: 2.075
[GPU0] epochs: [84/100] train_acc: 0.508 train_loss_sup: 2.059
[GPU0] epochs: [85/100] train_acc: 0.510 train_loss_sup: 2.046
[GPU0] epochs: [86/100] train_acc: 0.511 train_loss_sup: 2.036
[GPU0] epochs: [87/100] train_acc: 0.517 train_loss_sup: 2.019
[GPU0] epochs: [88/100] train_acc: 0.520 train_loss_sup: 2.005
[GPU0] epochs: [89/100] train_acc: 0.520 train_loss_sup: 1.998
[GPU0] epochs: [90/100] train_acc: 0.523 train_loss_sup: 1.989
[GPU0] Test Accuracy at epoch: 90: 0.523
[GPU0] epochs: [91/100] train_acc: 0.526 train_loss_sup: 1.973
[GPU0] epochs: [92/100] train_acc: 0.527 train_loss_sup: 1.965
[GPU0] epochs: [93/100] train_acc: 0.530 train_loss_sup: 1.958
[GPU0] epochs: [94/100] train_acc: 0.531 train_loss_sup: 1.954
[GPU0] epochs: [95/100] train_acc: 0.533 train_loss_sup: 1.948
[GPU0] epochs: [96/100] train_acc: 0.533 train_loss_sup: 1.945
[GPU0] epochs: [97/100] train_acc: 0.537 train_loss_sup: 1.936
[GPU0] epochs: [98/100] train_acc: 0.536 train_loss_sup: 1.937
[GPU0] epochs: [99/100] train_acc: 0.538 train_loss_sup: 1.933
[GPU0] epochs: [100/100] train_acc: 0.537 train_loss_sup: 1.935
[GPU0] Final Test Accuracy: 0.53
LR: 1.000 | WD: 0.000100 | test Acc: 0.530%
===> using linear mlp
[GPU0] Test Accuracy at epoch: 0: 0.35
[GPU0] epochs: [1/100] train_acc: 0.302 train_loss_sup: 5.644
[GPU0] epochs: [2/100] train_acc: 0.346 train_loss_sup: 5.757
[GPU0] epochs: [3/100] train_acc: 0.361 train_loss_sup: 5.679
[GPU0] epochs: [4/100] train_acc: 0.368 train_loss_sup: 5.723
[GPU0] epochs: [5/100] train_acc: 0.375 train_loss_sup: 5.631
[GPU0] epochs: [6/100] train_acc: 0.374 train_loss_sup: 5.757
[GPU0] epochs: [7/100] train_acc: 0.374 train_loss_sup: 5.837
[GPU0] epochs: [8/100] train_acc: 0.382 train_loss_sup: 5.627
[GPU0] epochs: [9/100] train_acc: 0.381 train_loss_sup: 5.655
[GPU0] epochs: [10/100] train_acc: 0.383 train_loss_sup: 5.697
[GPU0] Test Accuracy at epoch: 10: 0.377
[GPU0] epochs: [11/100] train_acc: 0.385 train_loss_sup: 5.612
[GPU0] epochs: [12/100] train_acc: 0.382 train_loss_sup: 5.716
[GPU0] epochs: [13/100] train_acc: 0.385 train_loss_sup: 5.583
[GPU0] epochs: [14/100] train_acc: 0.386 train_loss_sup: 5.602
[GPU0] epochs: [15/100] train_acc: 0.388 train_loss_sup: 5.532
[GPU0] epochs: [16/100] train_acc: 0.388 train_loss_sup: 5.512
[GPU0] epochs: [17/100] train_acc: 0.388 train_loss_sup: 5.510
[GPU0] epochs: [18/100] train_acc: 0.387 train_loss_sup: 5.502
[GPU0] epochs: [19/100] train_acc: 0.388 train_loss_sup: 5.481
[GPU0] epochs: [20/100] train_acc: 0.391 train_loss_sup: 5.403
[GPU0] Test Accuracy at epoch: 20: 0.394
[GPU0] epochs: [21/100] train_acc: 0.393 train_loss_sup: 5.259
[GPU0] epochs: [22/100] train_acc: 0.389 train_loss_sup: 5.317
[GPU0] epochs: [23/100] train_acc: 0.394 train_loss_sup: 5.195
[GPU0] epochs: [24/100] train_acc: 0.394 train_loss_sup: 5.162
[GPU0] epochs: [25/100] train_acc: 0.396 train_loss_sup: 5.059
[GPU0] epochs: [26/100] train_acc: 0.393 train_loss_sup: 5.019
[GPU0] epochs: [27/100] train_acc: 0.396 train_loss_sup: 4.961
[GPU0] epochs: [28/100] train_acc: 0.393 train_loss_sup: 4.930
[GPU0] epochs: [29/100] train_acc: 0.395 train_loss_sup: 4.907
[GPU0] epochs: [30/100] train_acc: 0.396 train_loss_sup: 4.805
[GPU0] Test Accuracy at epoch: 30: 0.381
[GPU0] epochs: [31/100] train_acc: 0.396 train_loss_sup: 4.748
[GPU0] epochs: [32/100] train_acc: 0.398 train_loss_sup: 4.636
[GPU0] epochs: [33/100] train_acc: 0.400 train_loss_sup: 4.597
[GPU0] epochs: [34/100] train_acc: 0.399 train_loss_sup: 4.516
[GPU0] epochs: [35/100] train_acc: 0.402 train_loss_sup: 4.416
[GPU0] epochs: [36/100] train_acc: 0.403 train_loss_sup: 4.370
[GPU0] epochs: [37/100] train_acc: 0.405 train_loss_sup: 4.268
[GPU0] epochs: [38/100] train_acc: 0.400 train_loss_sup: 4.269
[GPU0] epochs: [39/100] train_acc: 0.404 train_loss_sup: 4.164
[GPU0] epochs: [40/100] train_acc: 0.406 train_loss_sup: 4.086
[GPU0] Test Accuracy at epoch: 40: 0.405
[GPU0] epochs: [41/100] train_acc: 0.407 train_loss_sup: 4.045
[GPU0] epochs: [42/100] train_acc: 0.409 train_loss_sup: 3.932
[GPU0] epochs: [43/100] train_acc: 0.410 train_loss_sup: 3.873
[GPU0] epochs: [44/100] train_acc: 0.412 train_loss_sup: 3.826
[GPU0] epochs: [45/100] train_acc: 0.412 train_loss_sup: 3.736
[GPU0] epochs: [46/100] train_acc: 0.415 train_loss_sup: 3.668
[GPU0] epochs: [47/100] train_acc: 0.415 train_loss_sup: 3.610
[GPU0] epochs: [48/100] train_acc: 0.417 train_loss_sup: 3.528
[GPU0] epochs: [49/100] train_acc: 0.421 train_loss_sup: 3.439
[GPU0] epochs: [50/100] train_acc: 0.422 train_loss_sup: 3.402
[GPU0] Test Accuracy at epoch: 50: 0.423
[GPU0] epochs: [51/100] train_acc: 0.422 train_loss_sup: 3.343
[GPU0] epochs: [52/100] train_acc: 0.427 train_loss_sup: 3.240
[GPU0] epochs: [53/100] train_acc: 0.429 train_loss_sup: 3.171
[GPU0] epochs: [54/100] train_acc: 0.432 train_loss_sup: 3.103
[GPU0] epochs: [55/100] train_acc: 0.431 train_loss_sup: 3.078
[GPU0] epochs: [56/100] train_acc: 0.434 train_loss_sup: 3.018
[GPU0] epochs: [57/100] train_acc: 0.437 train_loss_sup: 2.949
[GPU0] epochs: [58/100] train_acc: 0.438 train_loss_sup: 2.894
[GPU0] epochs: [59/100] train_acc: 0.441 train_loss_sup: 2.851
[GPU0] epochs: [60/100] train_acc: 0.445 train_loss_sup: 2.787
[GPU0] Test Accuracy at epoch: 60: 0.446
[GPU0] epochs: [61/100] train_acc: 0.447 train_loss_sup: 2.740
[GPU0] epochs: [62/100] train_acc: 0.452 train_loss_sup: 2.684
[GPU0] epochs: [63/100] train_acc: 0.452 train_loss_sup: 2.645
[GPU0] epochs: [64/100] train_acc: 0.456 train_loss_sup: 2.612
[GPU0] epochs: [65/100] train_acc: 0.459 train_loss_sup: 2.561
[GPU0] epochs: [66/100] train_acc: 0.461 train_loss_sup: 2.532
[GPU0] epochs: [67/100] train_acc: 0.466 train_loss_sup: 2.479
[GPU0] epochs: [68/100] train_acc: 0.467 train_loss_sup: 2.444
[GPU0] epochs: [69/100] train_acc: 0.471 train_loss_sup: 2.403
[GPU0] epochs: [70/100] train_acc: 0.476 train_loss_sup: 2.367
[GPU0] Test Accuracy at epoch: 70: 0.468
[GPU0] epochs: [71/100] train_acc: 0.480 train_loss_sup: 2.334
[GPU0] epochs: [72/100] train_acc: 0.480 train_loss_sup: 2.312
[GPU0] epochs: [73/100] train_acc: 0.483 train_loss_sup: 2.278
[GPU0] epochs: [74/100] train_acc: 0.488 train_loss_sup: 2.249
[GPU0] epochs: [75/100] train_acc: 0.488 train_loss_sup: 2.230
[GPU0] epochs: [76/100] train_acc: 0.495 train_loss_sup: 2.190
[GPU0] epochs: [77/100] train_acc: 0.497 train_loss_sup: 2.166
[GPU0] epochs: [78/100] train_acc: 0.501 train_loss_sup: 2.149
[GPU0] epochs: [79/100] train_acc: 0.505 train_loss_sup: 2.121
[GPU0] epochs: [80/100] train_acc: 0.507 train_loss_sup: 2.108
[GPU0] Test Accuracy at epoch: 80: 0.493
[GPU0] epochs: [81/100] train_acc: 0.508 train_loss_sup: 2.091
[GPU0] epochs: [82/100] train_acc: 0.513 train_loss_sup: 2.065
[GPU0] epochs: [83/100] train_acc: 0.517 train_loss_sup: 2.044
[GPU0] epochs: [84/100] train_acc: 0.518 train_loss_sup: 2.032
[GPU0] epochs: [85/100] train_acc: 0.521 train_loss_sup: 2.016
[GPU0] epochs: [86/100] train_acc: 0.525 train_loss_sup: 1.997
[GPU0] epochs: [87/100] train_acc: 0.524 train_loss_sup: 1.994
[GPU0] epochs: [88/100] train_acc: 0.530 train_loss_sup: 1.975
[GPU0] epochs: [89/100] train_acc: 0.532 train_loss_sup: 1.959
[GPU0] epochs: [90/100] train_acc: 0.534 train_loss_sup: 1.955
[GPU0] Test Accuracy at epoch: 90: 0.508
[GPU0] epochs: [91/100] train_acc: 0.534 train_loss_sup: 1.949
[GPU0] epochs: [92/100] train_acc: 0.536 train_loss_sup: 1.939
[GPU0] epochs: [93/100] train_acc: 0.539 train_loss_sup: 1.932
[GPU0] epochs: [94/100] train_acc: 0.539 train_loss_sup: 1.924
[GPU0] epochs: [95/100] train_acc: 0.540 train_loss_sup: 1.919
[GPU0] epochs: [96/100] train_acc: 0.541 train_loss_sup: 1.914
[GPU0] epochs: [97/100] train_acc: 0.543 train_loss_sup: 1.910
[GPU0] epochs: [98/100] train_acc: 0.542 train_loss_sup: 1.913
[GPU0] epochs: [99/100] train_acc: 0.543 train_loss_sup: 1.911
[GPU0] epochs: [100/100] train_acc: 0.544 train_loss_sup: 1.906
[GPU0] Final Test Accuracy: 0.514
LR: 1.000 | WD: 0.000000 | test Acc: 0.514%
------------------------------
Best Test Accuracy: 0.530%
Optimal Hyperparameters: LR=1.0, WD=0.0001
knn evalution
logistic regression evalution
clustering metrics evalution
knn_acc: 0.398
lreg_acc: 0.485
ari: 0.076
nmi: 0.335
ss: 0.039
dbs: 3.113
