environment: 
YAML: configs/byol.sc.c100.yaml
==> SEED: 42
==> num_classes: 100
==> data_name: cifar100
==> data_params: {'algo': 'byol-sc', 'data_dir': 'datasets/cifar100', 'batch_size': 512, 'num_workers': 3, 'image_size': 32}
==> return_logs: False
==> eval_every: 10
==> n_epochs: 800
==> n_epochs_mlp: 100
==> gpu_id: 0
==> opt: SGD
==> opt_params: {'lr': 0.4, 'momentum': 0.9, 'weight_decay': 0.0001}
==> schedular_params: {'T_max': 800, 'eta_min': 0.001}
==> mlp_opt: SGD
==> mlp_opt_params: {'lr': 0.1, 'momentum': 0.9}
==> model_params: {'model_name': 'resnet18', 'pretrained': False, 'proj_dim': 256, 'algo_type': 'byol-sc', 'byol_hidden': 4096}
==> byol_pred_params: {'in_features': 256, 'hidden_dim': 4096, 'out_features': 256}
==> ema_tau: 0.996
==> mlp_type: linear
==> loss: byol-sc
==> distributed: False
==> train_algo: byol-sc
==> model_save_path: saved_models/byol.en.c100.r18.e800.pth
==> energy_model_params: {'eta': 0.01, 'steps': 5, 'sigma': 0.2, 'delta': 0.1, 'net_type': 'energy'}
==> energy_opt: AdamW
==> energy_model_opt_params: {'lr': 0.001}
==> warmup_epochs: 0
==> config: configs/byol.sc.c100.yaml
--------------------------------------------------
===> using linear mlp
using optimizer: SGD
using optimizer: SGD
loss function: byol-sc
Files already downloaded and verified
Files already downloaded and verified
Files already downloaded and verified
# of Training Images: 50000
# of Testing Images: 10000
using optimizer: AdamW
### byol-sc Training begins
[GPU0] epochs: [1/800] train_loss_con: -2.356 energy_loss: 252.442
[GPU0] epochs: [2/800] train_loss_con: -3.611 energy_loss: 255.351
[GPU0] epochs: [3/800] train_loss_con: -3.747 energy_loss: 255.961
[GPU0] epochs: [4/800] train_loss_con: -3.737 energy_loss: 255.217
[GPU0] epochs: [5/800] train_loss_con: -3.750 energy_loss: 255.163
[GPU0] epochs: [6/800] train_loss_con: -3.771 energy_loss: 254.242
[GPU0] epochs: [7/800] train_loss_con: -3.763 energy_loss: 255.962
[GPU0] epochs: [8/800] train_loss_con: -3.756 energy_loss: 255.936
[GPU0] epochs: [9/800] train_loss_con: -3.756 energy_loss: 255.950
[GPU0] epochs: [10/800] train_loss_con: -3.741 energy_loss: 255.842
[GPU0] epochs: [11/800] train_loss_con: -3.717 energy_loss: 255.795
[GPU0] epochs: [12/800] train_loss_con: -3.700 energy_loss: 255.424
[GPU0] epochs: [13/800] train_loss_con: -3.680 energy_loss: 249.716
[GPU0] epochs: [14/800] train_loss_con: -3.594 energy_loss: 251.954
[GPU0] epochs: [15/800] train_loss_con: -3.451 energy_loss: 238.901
[GPU0] epochs: [16/800] train_loss_con: -3.226 energy_loss: 221.669
[GPU0] epochs: [17/800] train_loss_con: -2.965 energy_loss: 203.075
[GPU0] epochs: [18/800] train_loss_con: -2.778 energy_loss: 189.389
[GPU0] epochs: [19/800] train_loss_con: -2.678 energy_loss: 169.374
[GPU0] epochs: [20/800] train_loss_con: -2.710 energy_loss: 136.857
[GPU0] epochs: [21/800] train_loss_con: -2.751 energy_loss: 149.739
[GPU0] epochs: [22/800] train_loss_con: -2.750 energy_loss: 101.699
[GPU0] epochs: [23/800] train_loss_con: -2.773 energy_loss: 85.085
[GPU0] epochs: [24/800] train_loss_con: -2.802 energy_loss: 73.086
[GPU0] epochs: [25/800] train_loss_con: -2.837 energy_loss: 56.905
[GPU0] epochs: [26/800] train_loss_con: -2.854 energy_loss: 47.798
[GPU0] epochs: [27/800] train_loss_con: -2.878 energy_loss: 38.966
[GPU0] epochs: [28/800] train_loss_con: -2.896 energy_loss: 36.861
[GPU0] epochs: [29/800] train_loss_con: -2.888 energy_loss: 39.658
[GPU0] epochs: [30/800] train_loss_con: -2.898 energy_loss: 33.054
[GPU0] epochs: [31/800] train_loss_con: -2.910 energy_loss: 24.941
[GPU0] epochs: [32/800] train_loss_con: -2.901 energy_loss: 18.250
[GPU0] epochs: [33/800] train_loss_con: -2.914 energy_loss: 17.203
[GPU0] epochs: [34/800] train_loss_con: -2.919 energy_loss: 15.137
[GPU0] epochs: [35/800] train_loss_con: -2.907 energy_loss: 14.402
[GPU0] epochs: [36/800] train_loss_con: -2.916 energy_loss: 13.534
[GPU0] epochs: [37/800] train_loss_con: -2.920 energy_loss: 13.062
[GPU0] epochs: [38/800] train_loss_con: -2.922 energy_loss: 12.585
[GPU0] epochs: [39/800] train_loss_con: -2.929 energy_loss: 12.318
[GPU0] epochs: [40/800] train_loss_con: -2.924 energy_loss: 11.642
[GPU0] epochs: [41/800] train_loss_con: -2.939 energy_loss: 11.254
[GPU0] epochs: [42/800] train_loss_con: -2.946 energy_loss: 11.130
[GPU0] epochs: [43/800] train_loss_con: -2.971 energy_loss: 10.779
[GPU0] epochs: [44/800] train_loss_con: -2.973 energy_loss: 10.552
[GPU0] epochs: [45/800] train_loss_con: -2.981 energy_loss: 10.578
[GPU0] epochs: [46/800] train_loss_con: -2.995 energy_loss: 10.208
[GPU0] epochs: [47/800] train_loss_con: -2.995 energy_loss: 9.888
[GPU0] epochs: [48/800] train_loss_con: -2.916 energy_loss: 12.553
[GPU0] epochs: [49/800] train_loss_con: -2.969 energy_loss: 9.774
[GPU0] epochs: [50/800] train_loss_con: -2.987 energy_loss: 9.892
[GPU0] epochs: [51/800] train_loss_con: -2.996 energy_loss: 9.806
[GPU0] epochs: [52/800] train_loss_con: -3.009 energy_loss: 9.778
[GPU0] epochs: [53/800] train_loss_con: -3.016 energy_loss: 9.617
[GPU0] epochs: [54/800] train_loss_con: -3.026 energy_loss: 9.625
[GPU0] epochs: [55/800] train_loss_con: -3.018 energy_loss: 9.534
[GPU0] epochs: [56/800] train_loss_con: -3.027 energy_loss: 9.445
[GPU0] epochs: [57/800] train_loss_con: -3.023 energy_loss: 9.269
[GPU0] epochs: [58/800] train_loss_con: -3.033 energy_loss: 9.248
[GPU0] epochs: [59/800] train_loss_con: -3.012 energy_loss: 9.785
[GPU0] epochs: [60/800] train_loss_con: -3.022 energy_loss: 9.696
[GPU0] epochs: [61/800] train_loss_con: -3.026 energy_loss: 9.595
[GPU0] epochs: [62/800] train_loss_con: -3.018 energy_loss: 9.438
[GPU0] epochs: [63/800] train_loss_con: -3.026 energy_loss: 9.376
[GPU0] epochs: [64/800] train_loss_con: -3.034 energy_loss: 9.281
[GPU0] epochs: [65/800] train_loss_con: -3.029 energy_loss: 9.226
[GPU0] epochs: [66/800] train_loss_con: -3.036 energy_loss: 9.166
[GPU0] epochs: [67/800] train_loss_con: -3.042 energy_loss: 9.174
[GPU0] epochs: [68/800] train_loss_con: -3.047 energy_loss: 9.015
[GPU0] epochs: [69/800] train_loss_con: -3.045 energy_loss: 9.023
[GPU0] epochs: [70/800] train_loss_con: -3.053 energy_loss: 9.075
[GPU0] epochs: [71/800] train_loss_con: -3.056 energy_loss: 9.073
[GPU0] epochs: [72/800] train_loss_con: -3.049 energy_loss: 9.071
[GPU0] epochs: [73/800] train_loss_con: -3.054 energy_loss: 9.058
[GPU0] epochs: [74/800] train_loss_con: -3.060 energy_loss: 9.005
[GPU0] epochs: [75/800] train_loss_con: -3.068 energy_loss: 9.022
[GPU0] epochs: [76/800] train_loss_con: -3.073 energy_loss: 8.982
[GPU0] epochs: [77/800] train_loss_con: -3.082 energy_loss: 9.007
[GPU0] epochs: [78/800] train_loss_con: -3.091 energy_loss: 9.110
[GPU0] epochs: [79/800] train_loss_con: -3.088 energy_loss: 9.047
[GPU0] epochs: [80/800] train_loss_con: -3.097 energy_loss: 9.180
[GPU0] epochs: [81/800] train_loss_con: -3.103 energy_loss: 9.275
[GPU0] epochs: [82/800] train_loss_con: -3.099 energy_loss: 9.070
[GPU0] epochs: [83/800] train_loss_con: -3.106 energy_loss: 9.145
[GPU0] epochs: [84/800] train_loss_con: -3.105 energy_loss: 9.060
[GPU0] epochs: [85/800] train_loss_con: -3.108 energy_loss: 9.145
[GPU0] epochs: [86/800] train_loss_con: -3.108 energy_loss: 9.194
[GPU0] epochs: [87/800] train_loss_con: -3.121 energy_loss: 9.156
[GPU0] epochs: [88/800] train_loss_con: -3.121 energy_loss: 9.116
[GPU0] epochs: [89/800] train_loss_con: -3.118 energy_loss: 9.117
[GPU0] epochs: [90/800] train_loss_con: -3.124 energy_loss: 9.036
[GPU0] epochs: [91/800] train_loss_con: -3.125 energy_loss: 9.092
[GPU0] epochs: [92/800] train_loss_con: -3.133 energy_loss: 9.128
[GPU0] epochs: [93/800] train_loss_con: -3.133 energy_loss: 9.200
[GPU0] epochs: [94/800] train_loss_con: -3.128 energy_loss: 9.108
[GPU0] epochs: [95/800] train_loss_con: -3.132 energy_loss: 9.010
[GPU0] epochs: [96/800] train_loss_con: -3.131 energy_loss: 8.948
[GPU0] epochs: [97/800] train_loss_con: -3.132 energy_loss: 8.961
[GPU0] epochs: [98/800] train_loss_con: -3.133 energy_loss: 8.914
[GPU0] epochs: [99/800] train_loss_con: -3.134 energy_loss: 8.960
[GPU0] epochs: [100/800] train_loss_con: -3.133 energy_loss: 8.914
[GPU0] epochs: [101/800] train_loss_con: -3.136 energy_loss: 8.912
[GPU0] epochs: [102/800] train_loss_con: -3.138 energy_loss: 8.815
[GPU0] epochs: [103/800] train_loss_con: -3.148 energy_loss: 8.794
[GPU0] epochs: [104/800] train_loss_con: -3.144 energy_loss: 8.800
[GPU0] epochs: [105/800] train_loss_con: -3.153 energy_loss: 8.788
[GPU0] epochs: [106/800] train_loss_con: -3.150 energy_loss: 8.803
[GPU0] epochs: [107/800] train_loss_con: -3.151 energy_loss: 8.789
[GPU0] epochs: [108/800] train_loss_con: -3.150 energy_loss: 8.874
[GPU0] epochs: [109/800] train_loss_con: -3.151 energy_loss: 8.714
[GPU0] epochs: [110/800] train_loss_con: -3.143 energy_loss: 8.701
[GPU0] epochs: [111/800] train_loss_con: -3.150 energy_loss: 8.704
[GPU0] epochs: [112/800] train_loss_con: -3.156 energy_loss: 8.633
[GPU0] epochs: [113/800] train_loss_con: -3.144 energy_loss: 8.638
[GPU0] epochs: [114/800] train_loss_con: -3.142 energy_loss: 8.698
[GPU0] epochs: [115/800] train_loss_con: -3.152 energy_loss: 8.708
[GPU0] epochs: [116/800] train_loss_con: -3.152 energy_loss: 8.739
[GPU0] epochs: [117/800] train_loss_con: -3.156 energy_loss: 8.758
[GPU0] epochs: [118/800] train_loss_con: -3.147 energy_loss: 8.922
[GPU0] epochs: [119/800] train_loss_con: -3.154 energy_loss: 8.785
[GPU0] epochs: [120/800] train_loss_con: -3.140 energy_loss: 8.809
[GPU0] epochs: [121/800] train_loss_con: -3.149 energy_loss: 8.813
[GPU0] epochs: [122/800] train_loss_con: -3.148 energy_loss: 8.816
[GPU0] epochs: [123/800] train_loss_con: -3.147 energy_loss: 8.861
[GPU0] epochs: [124/800] train_loss_con: -3.153 energy_loss: 8.786
[GPU0] epochs: [125/800] train_loss_con: -3.145 energy_loss: 8.754
[GPU0] epochs: [126/800] train_loss_con: -3.146 energy_loss: 8.821
[GPU0] epochs: [127/800] train_loss_con: -3.149 energy_loss: 8.816
[GPU0] epochs: [128/800] train_loss_con: -3.150 energy_loss: 8.842
[GPU0] epochs: [129/800] train_loss_con: -3.149 energy_loss: 8.811
[GPU0] epochs: [130/800] train_loss_con: -3.144 energy_loss: 8.813
[GPU0] epochs: [131/800] train_loss_con: -3.155 energy_loss: 8.811
[GPU0] epochs: [132/800] train_loss_con: -3.147 energy_loss: 8.700
[GPU0] epochs: [133/800] train_loss_con: -3.154 energy_loss: 8.704
[GPU0] epochs: [134/800] train_loss_con: -3.147 energy_loss: 8.778
[GPU0] epochs: [135/800] train_loss_con: -3.149 energy_loss: 8.738
[GPU0] epochs: [136/800] train_loss_con: -3.154 energy_loss: 8.723
[GPU0] epochs: [137/800] train_loss_con: -3.148 energy_loss: 8.750
[GPU0] epochs: [138/800] train_loss_con: -3.158 energy_loss: 8.863
[GPU0] epochs: [139/800] train_loss_con: -3.153 energy_loss: 8.827
[GPU0] epochs: [140/800] train_loss_con: -3.158 energy_loss: 8.840
[GPU0] epochs: [141/800] train_loss_con: -3.152 energy_loss: 8.754
[GPU0] epochs: [142/800] train_loss_con: -3.156 energy_loss: 8.725
[GPU0] epochs: [143/800] train_loss_con: -3.159 energy_loss: 8.771
[GPU0] epochs: [144/800] train_loss_con: -3.158 energy_loss: 8.740
[GPU0] epochs: [145/800] train_loss_con: -3.162 energy_loss: 8.754
[GPU0] epochs: [146/800] train_loss_con: -3.162 energy_loss: 8.721
[GPU0] epochs: [147/800] train_loss_con: -3.162 energy_loss: 8.675
[GPU0] epochs: [148/800] train_loss_con: -3.157 energy_loss: 8.802
[GPU0] epochs: [149/800] train_loss_con: -3.162 energy_loss: 8.755
[GPU0] epochs: [150/800] train_loss_con: -3.168 energy_loss: 8.845
[GPU0] epochs: [151/800] train_loss_con: -3.163 energy_loss: 8.865
[GPU0] epochs: [152/800] train_loss_con: -3.168 energy_loss: 8.733
[GPU0] epochs: [153/800] train_loss_con: -3.165 energy_loss: 8.731
[GPU0] epochs: [154/800] train_loss_con: -3.165 energy_loss: 8.754
[GPU0] epochs: [155/800] train_loss_con: -3.163 energy_loss: 8.788
[GPU0] epochs: [156/800] train_loss_con: -3.171 energy_loss: 8.732
[GPU0] epochs: [157/800] train_loss_con: -3.164 energy_loss: 8.705
[GPU0] epochs: [158/800] train_loss_con: -3.166 energy_loss: 8.623
[GPU0] epochs: [159/800] train_loss_con: -3.167 energy_loss: 8.677
[GPU0] epochs: [160/800] train_loss_con: -3.166 energy_loss: 8.745
[GPU0] epochs: [161/800] train_loss_con: -3.170 energy_loss: 8.819
[GPU0] epochs: [162/800] train_loss_con: -3.172 energy_loss: 8.837
[GPU0] epochs: [163/800] train_loss_con: -3.168 energy_loss: 8.866
[GPU0] epochs: [164/800] train_loss_con: -3.174 energy_loss: 8.792
[GPU0] epochs: [165/800] train_loss_con: -3.171 energy_loss: 8.760
[GPU0] epochs: [166/800] train_loss_con: -3.169 energy_loss: 8.675
[GPU0] epochs: [167/800] train_loss_con: -3.171 energy_loss: 8.760
[GPU0] epochs: [168/800] train_loss_con: -3.172 energy_loss: 8.838
[GPU0] epochs: [169/800] train_loss_con: -3.179 energy_loss: 8.804
[GPU0] epochs: [170/800] train_loss_con: -3.176 energy_loss: 8.766
[GPU0] epochs: [171/800] train_loss_con: -3.174 energy_loss: 8.831
[GPU0] epochs: [172/800] train_loss_con: -3.177 energy_loss: 8.814
[GPU0] epochs: [173/800] train_loss_con: -3.173 energy_loss: 8.736
[GPU0] epochs: [174/800] train_loss_con: -3.173 energy_loss: 8.797
[GPU0] epochs: [175/800] train_loss_con: -3.176 energy_loss: 8.861
[GPU0] epochs: [176/800] train_loss_con: -3.175 energy_loss: 8.923
[GPU0] epochs: [177/800] train_loss_con: -3.175 energy_loss: 8.843
[GPU0] epochs: [178/800] train_loss_con: -3.178 energy_loss: 8.815
[GPU0] epochs: [179/800] train_loss_con: -3.182 energy_loss: 8.754
[GPU0] epochs: [180/800] train_loss_con: -3.184 energy_loss: 8.867
[GPU0] epochs: [181/800] train_loss_con: -3.175 energy_loss: 8.909
[GPU0] epochs: [182/800] train_loss_con: -3.170 energy_loss: 8.885
[GPU0] epochs: [183/800] train_loss_con: -3.183 energy_loss: 8.929
[GPU0] epochs: [184/800] train_loss_con: -3.178 energy_loss: 8.888
[GPU0] epochs: [185/800] train_loss_con: -3.181 energy_loss: 8.921
[GPU0] epochs: [186/800] train_loss_con: -3.183 energy_loss: 8.895
[GPU0] epochs: [187/800] train_loss_con: -3.184 energy_loss: 8.801
[GPU0] epochs: [188/800] train_loss_con: -3.181 energy_loss: 8.672
[GPU0] epochs: [189/800] train_loss_con: -3.190 energy_loss: 8.765
[GPU0] epochs: [190/800] train_loss_con: -3.190 energy_loss: 8.750
[GPU0] epochs: [191/800] train_loss_con: -3.189 energy_loss: 8.817
[GPU0] epochs: [192/800] train_loss_con: -3.192 energy_loss: 8.795
[GPU0] epochs: [193/800] train_loss_con: -3.186 energy_loss: 8.698
[GPU0] epochs: [194/800] train_loss_con: -3.181 energy_loss: 8.735
[GPU0] epochs: [195/800] train_loss_con: -3.184 energy_loss: 8.807
[GPU0] epochs: [196/800] train_loss_con: -3.183 energy_loss: 8.796
[GPU0] epochs: [197/800] train_loss_con: -3.187 energy_loss: 8.798
[GPU0] epochs: [198/800] train_loss_con: -3.190 energy_loss: 8.711
[GPU0] epochs: [199/800] train_loss_con: -3.189 energy_loss: 8.726
[GPU0] epochs: [200/800] train_loss_con: -3.193 energy_loss: 8.817
[GPU0] epochs: [201/800] train_loss_con: -3.191 energy_loss: 8.674
[GPU0] epochs: [202/800] train_loss_con: -3.184 energy_loss: 8.720
[GPU0] epochs: [203/800] train_loss_con: -3.182 energy_loss: 8.777
[GPU0] epochs: [204/800] train_loss_con: -3.191 energy_loss: 8.788
[GPU0] epochs: [205/800] train_loss_con: -3.193 energy_loss: 8.752
[GPU0] epochs: [206/800] train_loss_con: -3.195 energy_loss: 8.813
[GPU0] epochs: [207/800] train_loss_con: -3.195 energy_loss: 8.696
[GPU0] epochs: [208/800] train_loss_con: -3.195 energy_loss: 8.688
[GPU0] epochs: [209/800] train_loss_con: -3.193 energy_loss: 8.799
[GPU0] epochs: [210/800] train_loss_con: -3.195 energy_loss: 8.794
[GPU0] epochs: [211/800] train_loss_con: -3.198 energy_loss: 8.728
[GPU0] epochs: [212/800] train_loss_con: -3.191 energy_loss: 8.762
[GPU0] epochs: [213/800] train_loss_con: -3.193 energy_loss: 8.720
[GPU0] epochs: [214/800] train_loss_con: -3.196 energy_loss: 8.717
[GPU0] epochs: [215/800] train_loss_con: -3.201 energy_loss: 8.741
[GPU0] epochs: [216/800] train_loss_con: -3.201 energy_loss: 8.769
[GPU0] epochs: [217/800] train_loss_con: -3.198 energy_loss: 8.797
[GPU0] epochs: [218/800] train_loss_con: -3.195 energy_loss: 8.745
[GPU0] epochs: [219/800] train_loss_con: -3.188 energy_loss: 8.751
[GPU0] epochs: [220/800] train_loss_con: -3.200 energy_loss: 8.698
[GPU0] epochs: [221/800] train_loss_con: -3.202 energy_loss: 8.829
[GPU0] epochs: [222/800] train_loss_con: -3.195 energy_loss: 8.848
[GPU0] epochs: [223/800] train_loss_con: -3.196 energy_loss: 8.906
[GPU0] epochs: [224/800] train_loss_con: -3.196 energy_loss: 8.711
[GPU0] epochs: [225/800] train_loss_con: -3.200 energy_loss: 8.821
[GPU0] epochs: [226/800] train_loss_con: -3.205 energy_loss: 8.786
[GPU0] epochs: [227/800] train_loss_con: -3.203 energy_loss: 8.756
[GPU0] epochs: [228/800] train_loss_con: -3.207 energy_loss: 8.711
[GPU0] epochs: [229/800] train_loss_con: -3.200 energy_loss: 8.753
[GPU0] epochs: [230/800] train_loss_con: -3.209 energy_loss: 8.679
[GPU0] epochs: [231/800] train_loss_con: -3.207 energy_loss: 8.677
[GPU0] epochs: [232/800] train_loss_con: -3.214 energy_loss: 8.825
[GPU0] epochs: [233/800] train_loss_con: -3.212 energy_loss: 8.785
[GPU0] epochs: [234/800] train_loss_con: -3.207 energy_loss: 8.692
[GPU0] epochs: [235/800] train_loss_con: -3.211 energy_loss: 8.648
[GPU0] epochs: [236/800] train_loss_con: -3.208 energy_loss: 8.632
[GPU0] epochs: [237/800] train_loss_con: -3.212 energy_loss: 8.692
[GPU0] epochs: [238/800] train_loss_con: -3.203 energy_loss: 8.603
[GPU0] epochs: [239/800] train_loss_con: -3.211 energy_loss: 8.566
[GPU0] epochs: [240/800] train_loss_con: -3.217 energy_loss: 8.595
[GPU0] epochs: [241/800] train_loss_con: -3.212 energy_loss: 8.665
[GPU0] epochs: [242/800] train_loss_con: -3.213 energy_loss: 8.632
[GPU0] epochs: [243/800] train_loss_con: -3.212 energy_loss: 8.602
[GPU0] epochs: [244/800] train_loss_con: -3.216 energy_loss: 8.592
[GPU0] epochs: [245/800] train_loss_con: -3.211 energy_loss: 8.584
[GPU0] epochs: [246/800] train_loss_con: -3.210 energy_loss: 8.620
[GPU0] epochs: [247/800] train_loss_con: -3.211 energy_loss: 8.665
[GPU0] epochs: [248/800] train_loss_con: -3.214 energy_loss: 8.600
[GPU0] epochs: [249/800] train_loss_con: -3.213 energy_loss: 8.603
[GPU0] epochs: [250/800] train_loss_con: -3.218 energy_loss: 8.600
[GPU0] epochs: [251/800] train_loss_con: -3.217 energy_loss: 8.582
[GPU0] epochs: [252/800] train_loss_con: -3.216 energy_loss: 8.533
[GPU0] epochs: [253/800] train_loss_con: -3.215 energy_loss: 8.617
[GPU0] epochs: [254/800] train_loss_con: -3.215 energy_loss: 8.453
[GPU0] epochs: [255/800] train_loss_con: -3.215 energy_loss: 8.462
[GPU0] epochs: [256/800] train_loss_con: -3.217 energy_loss: 8.518
[GPU0] epochs: [257/800] train_loss_con: -3.216 energy_loss: 8.520
[GPU0] epochs: [258/800] train_loss_con: -3.218 energy_loss: 8.519
[GPU0] epochs: [259/800] train_loss_con: -3.218 energy_loss: 8.462
[GPU0] epochs: [260/800] train_loss_con: -3.219 energy_loss: 8.574
[GPU0] epochs: [261/800] train_loss_con: -3.222 energy_loss: 8.474
[GPU0] epochs: [262/800] train_loss_con: -3.218 energy_loss: 8.459
[GPU0] epochs: [263/800] train_loss_con: -3.218 energy_loss: 8.419
[GPU0] epochs: [264/800] train_loss_con: -3.214 energy_loss: 8.524
[GPU0] epochs: [265/800] train_loss_con: -3.218 energy_loss: 8.436
[GPU0] epochs: [266/800] train_loss_con: -3.226 energy_loss: 8.420
[GPU0] epochs: [267/800] train_loss_con: -3.222 energy_loss: 8.335
[GPU0] epochs: [268/800] train_loss_con: -3.221 energy_loss: 8.442
[GPU0] epochs: [269/800] train_loss_con: -3.219 energy_loss: 8.478
[GPU0] epochs: [270/800] train_loss_con: -3.210 energy_loss: 8.343
[GPU0] epochs: [271/800] train_loss_con: -3.224 energy_loss: 8.361
[GPU0] epochs: [272/800] train_loss_con: -3.225 energy_loss: 8.243
[GPU0] epochs: [273/800] train_loss_con: -3.217 energy_loss: 8.411
[GPU0] epochs: [274/800] train_loss_con: -3.221 energy_loss: 8.441
[GPU0] epochs: [275/800] train_loss_con: -3.225 energy_loss: 8.311
[GPU0] epochs: [276/800] train_loss_con: -3.226 energy_loss: 8.368
[GPU0] epochs: [277/800] train_loss_con: -3.219 energy_loss: 8.300
[GPU0] epochs: [278/800] train_loss_con: -3.225 energy_loss: 8.318
[GPU0] epochs: [279/800] train_loss_con: -3.225 energy_loss: 8.403
[GPU0] epochs: [280/800] train_loss_con: -3.217 energy_loss: 8.373
[GPU0] epochs: [281/800] train_loss_con: -3.224 energy_loss: 8.315
[GPU0] epochs: [282/800] train_loss_con: -3.230 energy_loss: 8.364
[GPU0] epochs: [283/800] train_loss_con: -3.221 energy_loss: 8.337
[GPU0] epochs: [284/800] train_loss_con: -3.227 energy_loss: 8.221
[GPU0] epochs: [285/800] train_loss_con: -3.219 energy_loss: 8.404
[GPU0] epochs: [286/800] train_loss_con: -3.221 energy_loss: 8.206
[GPU0] epochs: [287/800] train_loss_con: -3.224 energy_loss: 8.255
[GPU0] epochs: [288/800] train_loss_con: -3.223 energy_loss: 8.193
[GPU0] epochs: [289/800] train_loss_con: -3.224 energy_loss: 8.273
[GPU0] epochs: [290/800] train_loss_con: -3.223 energy_loss: 8.234
[GPU0] epochs: [291/800] train_loss_con: -3.226 energy_loss: 8.247
[GPU0] epochs: [292/800] train_loss_con: -3.229 energy_loss: 8.287
[GPU0] epochs: [293/800] train_loss_con: -3.228 energy_loss: 8.139
[GPU0] epochs: [294/800] train_loss_con: -3.230 energy_loss: 8.156
[GPU0] epochs: [295/800] train_loss_con: -3.222 energy_loss: 8.185
[GPU0] epochs: [296/800] train_loss_con: -3.224 energy_loss: 8.236
[GPU0] epochs: [297/800] train_loss_con: -3.225 energy_loss: 8.231
[GPU0] epochs: [298/800] train_loss_con: -3.225 energy_loss: 8.297
[GPU0] epochs: [299/800] train_loss_con: -3.226 energy_loss: 8.317
[GPU0] epochs: [300/800] train_loss_con: -3.230 energy_loss: 8.284
[GPU0] epochs: [301/800] train_loss_con: -3.231 energy_loss: 8.060
[GPU0] epochs: [302/800] train_loss_con: -3.232 energy_loss: 8.124
[GPU0] epochs: [303/800] train_loss_con: -3.226 energy_loss: 8.127
[GPU0] epochs: [304/800] train_loss_con: -3.230 energy_loss: 8.136
[GPU0] epochs: [305/800] train_loss_con: -3.232 energy_loss: 8.182
[GPU0] epochs: [306/800] train_loss_con: -3.225 energy_loss: 8.195
[GPU0] epochs: [307/800] train_loss_con: -3.233 energy_loss: 8.118
[GPU0] epochs: [308/800] train_loss_con: -3.233 energy_loss: 8.160
[GPU0] epochs: [309/800] train_loss_con: -3.234 energy_loss: 8.126
[GPU0] epochs: [310/800] train_loss_con: -3.225 energy_loss: 8.211
[GPU0] epochs: [311/800] train_loss_con: -3.233 energy_loss: 8.257
[GPU0] epochs: [312/800] train_loss_con: -3.232 energy_loss: 8.129
[GPU0] epochs: [313/800] train_loss_con: -3.229 energy_loss: 8.062
[GPU0] epochs: [314/800] train_loss_con: -3.224 energy_loss: 8.153
[GPU0] epochs: [315/800] train_loss_con: -3.228 energy_loss: 8.107
[GPU0] epochs: [316/800] train_loss_con: -3.233 energy_loss: 8.128
[GPU0] epochs: [317/800] train_loss_con: -3.233 energy_loss: 8.108
[GPU0] epochs: [318/800] train_loss_con: -3.236 energy_loss: 8.060
[GPU0] epochs: [319/800] train_loss_con: -3.235 energy_loss: 8.024
[GPU0] epochs: [320/800] train_loss_con: -3.232 energy_loss: 8.095
[GPU0] epochs: [321/800] train_loss_con: -3.236 energy_loss: 8.106
[GPU0] epochs: [322/800] train_loss_con: -3.231 energy_loss: 8.123
[GPU0] epochs: [323/800] train_loss_con: -3.240 energy_loss: 8.076
[GPU0] epochs: [324/800] train_loss_con: -3.236 energy_loss: 8.105
[GPU0] epochs: [325/800] train_loss_con: -3.235 energy_loss: 8.059
[GPU0] epochs: [326/800] train_loss_con: -3.233 energy_loss: 8.040
[GPU0] epochs: [327/800] train_loss_con: -3.233 energy_loss: 8.007
[GPU0] epochs: [328/800] train_loss_con: -3.237 energy_loss: 8.144
[GPU0] epochs: [329/800] train_loss_con: -3.240 energy_loss: 8.076
[GPU0] epochs: [330/800] train_loss_con: -3.236 energy_loss: 7.978
[GPU0] epochs: [331/800] train_loss_con: -3.239 energy_loss: 7.972
[GPU0] epochs: [332/800] train_loss_con: -3.241 energy_loss: 7.893
[GPU0] epochs: [333/800] train_loss_con: -3.238 energy_loss: 7.805
[GPU0] epochs: [334/800] train_loss_con: -3.244 energy_loss: 7.881
[GPU0] epochs: [335/800] train_loss_con: -3.241 energy_loss: 7.887
[GPU0] epochs: [336/800] train_loss_con: -3.243 energy_loss: 7.821
[GPU0] epochs: [337/800] train_loss_con: -3.243 energy_loss: 7.858
[GPU0] epochs: [338/800] train_loss_con: -3.242 energy_loss: 7.803
[GPU0] epochs: [339/800] train_loss_con: -3.241 energy_loss: 7.737
[GPU0] epochs: [340/800] train_loss_con: -3.243 energy_loss: 7.835
[GPU0] epochs: [341/800] train_loss_con: -3.239 energy_loss: 7.874
[GPU0] epochs: [342/800] train_loss_con: -3.244 energy_loss: 7.779
[GPU0] epochs: [343/800] train_loss_con: -3.243 energy_loss: 7.816
[GPU0] epochs: [344/800] train_loss_con: -3.234 energy_loss: 7.892
[GPU0] epochs: [345/800] train_loss_con: -3.241 energy_loss: 7.805
[GPU0] epochs: [346/800] train_loss_con: -3.244 energy_loss: 7.876
[GPU0] epochs: [347/800] train_loss_con: -3.245 energy_loss: 7.864
[GPU0] epochs: [348/800] train_loss_con: -3.249 energy_loss: 7.820
[GPU0] epochs: [349/800] train_loss_con: -3.244 energy_loss: 7.775
[GPU0] epochs: [350/800] train_loss_con: -3.246 energy_loss: 7.670
[GPU0] epochs: [351/800] train_loss_con: -3.243 energy_loss: 7.753
[GPU0] epochs: [352/800] train_loss_con: -3.247 energy_loss: 7.746
[GPU0] epochs: [353/800] train_loss_con: -3.249 energy_loss: 7.761
[GPU0] epochs: [354/800] train_loss_con: -3.248 energy_loss: 7.817
[GPU0] epochs: [355/800] train_loss_con: -3.243 energy_loss: 7.692
[GPU0] epochs: [356/800] train_loss_con: -3.245 energy_loss: 7.782
[GPU0] epochs: [357/800] train_loss_con: -3.240 energy_loss: 7.742
[GPU0] epochs: [358/800] train_loss_con: -3.245 energy_loss: 7.814
[GPU0] epochs: [359/800] train_loss_con: -3.244 energy_loss: 7.671
[GPU0] epochs: [360/800] train_loss_con: -3.250 energy_loss: 7.600
[GPU0] epochs: [361/800] train_loss_con: -3.245 energy_loss: 7.645
[GPU0] epochs: [362/800] train_loss_con: -3.250 energy_loss: 7.662
[GPU0] epochs: [363/800] train_loss_con: -3.248 energy_loss: 7.655
[GPU0] epochs: [364/800] train_loss_con: -3.251 energy_loss: 7.645
[GPU0] epochs: [365/800] train_loss_con: -3.250 energy_loss: 7.680
[GPU0] epochs: [366/800] train_loss_con: -3.254 energy_loss: 7.584
[GPU0] epochs: [367/800] train_loss_con: -3.251 energy_loss: 7.489
[GPU0] epochs: [368/800] train_loss_con: -3.254 energy_loss: 7.555
[GPU0] epochs: [369/800] train_loss_con: -3.253 energy_loss: 7.598
[GPU0] epochs: [370/800] train_loss_con: -3.251 energy_loss: 7.656
[GPU0] epochs: [371/800] train_loss_con: -3.253 energy_loss: 7.674
[GPU0] epochs: [372/800] train_loss_con: -3.254 energy_loss: 7.572
[GPU0] epochs: [373/800] train_loss_con: -3.251 energy_loss: 7.519
[GPU0] epochs: [374/800] train_loss_con: -3.258 energy_loss: 7.439
[GPU0] epochs: [375/800] train_loss_con: -3.254 energy_loss: 7.544
[GPU0] epochs: [376/800] train_loss_con: -3.250 energy_loss: 7.557
[GPU0] epochs: [377/800] train_loss_con: -3.252 energy_loss: 7.498
[GPU0] epochs: [378/800] train_loss_con: -3.255 energy_loss: 7.503
[GPU0] epochs: [379/800] train_loss_con: -3.250 energy_loss: 7.523
[GPU0] epochs: [380/800] train_loss_con: -3.251 energy_loss: 7.535
[GPU0] epochs: [381/800] train_loss_con: -3.254 energy_loss: 7.394
[GPU0] epochs: [382/800] train_loss_con: -3.260 energy_loss: 7.463
[GPU0] epochs: [383/800] train_loss_con: -3.267 energy_loss: 7.406
[GPU0] epochs: [384/800] train_loss_con: -3.260 energy_loss: 7.397
[GPU0] epochs: [385/800] train_loss_con: -3.254 energy_loss: 7.466
[GPU0] epochs: [386/800] train_loss_con: -3.259 energy_loss: 7.522
[GPU0] epochs: [387/800] train_loss_con: -3.259 energy_loss: 7.367
[GPU0] epochs: [388/800] train_loss_con: -3.261 energy_loss: 7.320
[GPU0] epochs: [389/800] train_loss_con: -3.263 energy_loss: 7.433
[GPU0] epochs: [390/800] train_loss_con: -3.259 energy_loss: 7.368
[GPU0] epochs: [391/800] train_loss_con: -3.254 energy_loss: 7.299
[GPU0] epochs: [392/800] train_loss_con: -3.259 energy_loss: 7.388
[GPU0] epochs: [393/800] train_loss_con: -3.263 energy_loss: 7.344
[GPU0] epochs: [394/800] train_loss_con: -3.263 energy_loss: 7.350
[GPU0] epochs: [395/800] train_loss_con: -3.267 energy_loss: 7.209
[GPU0] epochs: [396/800] train_loss_con: -3.263 energy_loss: 7.245
[GPU0] epochs: [397/800] train_loss_con: -3.260 energy_loss: 7.237
[GPU0] epochs: [398/800] train_loss_con: -3.256 energy_loss: 7.248
[GPU0] epochs: [399/800] train_loss_con: -3.273 energy_loss: 7.269
[GPU0] epochs: [400/800] train_loss_con: -3.266 energy_loss: 7.266
[GPU0] epochs: [401/800] train_loss_con: -3.261 energy_loss: 7.309
[GPU0] epochs: [402/800] train_loss_con: -3.267 energy_loss: 7.334
[GPU0] epochs: [403/800] train_loss_con: -3.262 energy_loss: 7.208
[GPU0] epochs: [404/800] train_loss_con: -3.264 energy_loss: 7.241
[GPU0] epochs: [405/800] train_loss_con: -3.268 energy_loss: 7.172
[GPU0] epochs: [406/800] train_loss_con: -3.267 energy_loss: 7.177
[GPU0] epochs: [407/800] train_loss_con: -3.268 energy_loss: 7.190
[GPU0] epochs: [408/800] train_loss_con: -3.268 energy_loss: 7.181
[GPU0] epochs: [409/800] train_loss_con: -3.266 energy_loss: 7.172
[GPU0] epochs: [410/800] train_loss_con: -3.272 energy_loss: 7.152
[GPU0] epochs: [411/800] train_loss_con: -3.270 energy_loss: 7.230
[GPU0] epochs: [412/800] train_loss_con: -3.268 energy_loss: 7.085
[GPU0] epochs: [413/800] train_loss_con: -3.267 energy_loss: 7.148
[GPU0] epochs: [414/800] train_loss_con: -3.270 energy_loss: 7.193
[GPU0] epochs: [415/800] train_loss_con: -3.273 energy_loss: 7.148
[GPU0] epochs: [416/800] train_loss_con: -3.273 energy_loss: 7.018
[GPU0] epochs: [417/800] train_loss_con: -3.267 energy_loss: 7.083
[GPU0] epochs: [418/800] train_loss_con: -3.270 energy_loss: 7.068
[GPU0] epochs: [419/800] train_loss_con: -3.271 energy_loss: 7.112
[GPU0] epochs: [420/800] train_loss_con: -3.275 energy_loss: 7.099
[GPU0] epochs: [421/800] train_loss_con: -3.271 energy_loss: 7.042
[GPU0] epochs: [422/800] train_loss_con: -3.274 energy_loss: 7.045
[GPU0] epochs: [423/800] train_loss_con: -3.270 energy_loss: 7.082
[GPU0] epochs: [424/800] train_loss_con: -3.271 energy_loss: 7.073
[GPU0] epochs: [425/800] train_loss_con: -3.271 energy_loss: 7.024
[GPU0] epochs: [426/800] train_loss_con: -3.276 energy_loss: 6.991
[GPU0] epochs: [427/800] train_loss_con: -3.271 energy_loss: 6.885
[GPU0] epochs: [428/800] train_loss_con: -3.273 energy_loss: 6.970
[GPU0] epochs: [429/800] train_loss_con: -3.272 energy_loss: 6.859
[GPU0] epochs: [430/800] train_loss_con: -3.277 energy_loss: 6.899
[GPU0] epochs: [431/800] train_loss_con: -3.272 energy_loss: 6.910
[GPU0] epochs: [432/800] train_loss_con: -3.275 energy_loss: 6.860
[GPU0] epochs: [433/800] train_loss_con: -3.273 energy_loss: 6.829
[GPU0] epochs: [434/800] train_loss_con: -3.269 energy_loss: 6.837
[GPU0] epochs: [435/800] train_loss_con: -3.273 energy_loss: 6.835
[GPU0] epochs: [436/800] train_loss_con: -3.275 energy_loss: 6.828
[GPU0] epochs: [437/800] train_loss_con: -3.273 energy_loss: 6.787
[GPU0] epochs: [438/800] train_loss_con: -3.272 energy_loss: 6.732
[GPU0] epochs: [439/800] train_loss_con: -3.272 energy_loss: 6.813
[GPU0] epochs: [440/800] train_loss_con: -3.279 energy_loss: 6.716
[GPU0] epochs: [441/800] train_loss_con: -3.271 energy_loss: 6.665
[GPU0] epochs: [442/800] train_loss_con: -3.269 energy_loss: 6.828
[GPU0] epochs: [443/800] train_loss_con: -3.281 energy_loss: 6.811
[GPU0] epochs: [444/800] train_loss_con: -3.276 energy_loss: 6.795
[GPU0] epochs: [445/800] train_loss_con: -3.274 energy_loss: 6.714
[GPU0] epochs: [446/800] train_loss_con: -3.275 energy_loss: 6.682
[GPU0] epochs: [447/800] train_loss_con: -3.273 energy_loss: 6.726
[GPU0] epochs: [448/800] train_loss_con: -3.271 energy_loss: 6.783
[GPU0] epochs: [449/800] train_loss_con: -3.281 energy_loss: 6.750
[GPU0] epochs: [450/800] train_loss_con: -3.278 energy_loss: 6.668
[GPU0] epochs: [451/800] train_loss_con: -3.271 energy_loss: 6.715
[GPU0] epochs: [452/800] train_loss_con: -3.279 energy_loss: 6.638
[GPU0] epochs: [453/800] train_loss_con: -3.282 energy_loss: 6.609
[GPU0] epochs: [454/800] train_loss_con: -3.281 energy_loss: 6.714
[GPU0] epochs: [455/800] train_loss_con: -3.276 energy_loss: 6.687
[GPU0] epochs: [456/800] train_loss_con: -3.276 energy_loss: 6.552
[GPU0] epochs: [457/800] train_loss_con: -3.281 energy_loss: 6.603
[GPU0] epochs: [458/800] train_loss_con: -3.282 energy_loss: 6.697
[GPU0] epochs: [459/800] train_loss_con: -3.281 energy_loss: 6.643
[GPU0] epochs: [460/800] train_loss_con: -3.280 energy_loss: 6.623
[GPU0] epochs: [461/800] train_loss_con: -3.283 energy_loss: 6.651
[GPU0] epochs: [462/800] train_loss_con: -3.283 energy_loss: 6.586
[GPU0] epochs: [463/800] train_loss_con: -3.279 energy_loss: 6.467
[GPU0] epochs: [464/800] train_loss_con: -3.283 energy_loss: 6.581
[GPU0] epochs: [465/800] train_loss_con: -3.280 energy_loss: 6.440
[GPU0] epochs: [466/800] train_loss_con: -3.285 energy_loss: 6.431
[GPU0] epochs: [467/800] train_loss_con: -3.281 energy_loss: 6.389
[GPU0] epochs: [468/800] train_loss_con: -3.291 energy_loss: 6.359
[GPU0] epochs: [469/800] train_loss_con: -3.283 energy_loss: 6.316
[GPU0] epochs: [470/800] train_loss_con: -3.287 energy_loss: 6.406
[GPU0] epochs: [471/800] train_loss_con: -3.285 energy_loss: 6.336
[GPU0] epochs: [472/800] train_loss_con: -3.284 energy_loss: 6.402
[GPU0] epochs: [473/800] train_loss_con: -3.283 energy_loss: 6.351
[GPU0] epochs: [474/800] train_loss_con: -3.285 energy_loss: 6.414
[GPU0] epochs: [475/800] train_loss_con: -3.281 energy_loss: 6.420
[GPU0] epochs: [476/800] train_loss_con: -3.288 energy_loss: 6.423
[GPU0] epochs: [477/800] train_loss_con: -3.288 energy_loss: 6.343
[GPU0] epochs: [478/800] train_loss_con: -3.294 energy_loss: 6.337
[GPU0] epochs: [479/800] train_loss_con: -3.286 energy_loss: 6.365
[GPU0] epochs: [480/800] train_loss_con: -3.290 energy_loss: 6.285
[GPU0] epochs: [481/800] train_loss_con: -3.293 energy_loss: 6.310
[GPU0] epochs: [482/800] train_loss_con: -3.287 energy_loss: 6.375
[GPU0] epochs: [483/800] train_loss_con: -3.285 energy_loss: 6.309
[GPU0] epochs: [484/800] train_loss_con: -3.288 energy_loss: 6.314
[GPU0] epochs: [485/800] train_loss_con: -3.289 energy_loss: 6.254
[GPU0] epochs: [486/800] train_loss_con: -3.290 energy_loss: 6.292
[GPU0] epochs: [487/800] train_loss_con: -3.286 energy_loss: 6.298
[GPU0] epochs: [488/800] train_loss_con: -3.287 energy_loss: 6.320
[GPU0] epochs: [489/800] train_loss_con: -3.292 energy_loss: 6.267
[GPU0] epochs: [490/800] train_loss_con: -3.284 energy_loss: 6.278
[GPU0] epochs: [491/800] train_loss_con: -3.293 energy_loss: 6.250
[GPU0] epochs: [492/800] train_loss_con: -3.297 energy_loss: 6.188
[GPU0] epochs: [493/800] train_loss_con: -3.293 energy_loss: 6.192
[GPU0] epochs: [494/800] train_loss_con: -3.290 energy_loss: 6.207
[GPU0] epochs: [495/800] train_loss_con: -3.294 energy_loss: 6.083
[GPU0] epochs: [496/800] train_loss_con: -3.293 energy_loss: 6.027
[GPU0] epochs: [497/800] train_loss_con: -3.296 energy_loss: 5.991
[GPU0] epochs: [498/800] train_loss_con: -3.294 energy_loss: 6.051
[GPU0] epochs: [499/800] train_loss_con: -3.295 energy_loss: 6.021
[GPU0] epochs: [500/800] train_loss_con: -3.295 energy_loss: 5.983
[GPU0] epochs: [501/800] train_loss_con: -3.298 energy_loss: 5.980
[GPU0] epochs: [502/800] train_loss_con: -3.296 energy_loss: 5.986
[GPU0] epochs: [503/800] train_loss_con: -3.296 energy_loss: 6.021
[GPU0] epochs: [504/800] train_loss_con: -3.305 energy_loss: 6.027
[GPU0] epochs: [505/800] train_loss_con: -3.301 energy_loss: 5.968
[GPU0] epochs: [506/800] train_loss_con: -3.300 energy_loss: 5.983
[GPU0] epochs: [507/800] train_loss_con: -3.299 energy_loss: 6.012
[GPU0] epochs: [508/800] train_loss_con: -3.298 energy_loss: 6.015
[GPU0] epochs: [509/800] train_loss_con: -3.302 energy_loss: 6.005
[GPU0] epochs: [510/800] train_loss_con: -3.301 energy_loss: 5.970
[GPU0] epochs: [511/800] train_loss_con: -3.302 energy_loss: 6.011
[GPU0] epochs: [512/800] train_loss_con: -3.302 energy_loss: 6.005
[GPU0] epochs: [513/800] train_loss_con: -3.305 energy_loss: 5.941
[GPU0] epochs: [514/800] train_loss_con: -3.308 energy_loss: 5.953
[GPU0] epochs: [515/800] train_loss_con: -3.301 energy_loss: 5.900
[GPU0] epochs: [516/800] train_loss_con: -3.300 energy_loss: 5.898
[GPU0] epochs: [517/800] train_loss_con: -3.306 energy_loss: 5.929
[GPU0] epochs: [518/800] train_loss_con: -3.302 energy_loss: 5.969
[GPU0] epochs: [519/800] train_loss_con: -3.302 energy_loss: 5.964
[GPU0] epochs: [520/800] train_loss_con: -3.305 energy_loss: 6.039
[GPU0] epochs: [521/800] train_loss_con: -3.308 energy_loss: 6.211
[GPU0] epochs: [522/800] train_loss_con: -3.304 energy_loss: 58.342
[GPU0] epochs: [523/800] train_loss_con: -3.302 energy_loss: 22.552
[GPU0] epochs: [524/800] train_loss_con: -3.311 energy_loss: 6.607
[GPU0] epochs: [525/800] train_loss_con: -3.305 energy_loss: 6.446
[GPU0] epochs: [526/800] train_loss_con: -3.303 energy_loss: 6.365
[GPU0] epochs: [527/800] train_loss_con: -3.313 energy_loss: 6.340
[GPU0] epochs: [528/800] train_loss_con: -3.310 energy_loss: 6.198
[GPU0] epochs: [529/800] train_loss_con: -3.307 energy_loss: 6.031
[GPU0] epochs: [530/800] train_loss_con: -3.311 energy_loss: 5.924
[GPU0] epochs: [531/800] train_loss_con: -3.316 energy_loss: 5.877
[GPU0] epochs: [532/800] train_loss_con: -3.315 energy_loss: 5.841
[GPU0] epochs: [533/800] train_loss_con: -3.315 energy_loss: 5.760
[GPU0] epochs: [534/800] train_loss_con: -3.308 energy_loss: 5.793
[GPU0] epochs: [535/800] train_loss_con: -3.312 energy_loss: 5.803
[GPU0] epochs: [536/800] train_loss_con: -3.311 energy_loss: 5.788
[GPU0] epochs: [537/800] train_loss_con: -3.316 energy_loss: 5.651
[GPU0] epochs: [538/800] train_loss_con: -3.313 energy_loss: 5.639
[GPU0] epochs: [539/800] train_loss_con: -3.322 energy_loss: 5.618
[GPU0] epochs: [540/800] train_loss_con: -3.315 energy_loss: 5.599
[GPU0] epochs: [541/800] train_loss_con: -3.316 energy_loss: 5.571
[GPU0] epochs: [542/800] train_loss_con: -3.314 energy_loss: 5.527
[GPU0] epochs: [543/800] train_loss_con: -3.311 energy_loss: 5.526
[GPU0] epochs: [544/800] train_loss_con: -3.313 energy_loss: 5.490
[GPU0] epochs: [545/800] train_loss_con: -3.317 energy_loss: 5.456
[GPU0] epochs: [546/800] train_loss_con: -3.316 energy_loss: 5.426
[GPU0] epochs: [547/800] train_loss_con: -3.314 energy_loss: 5.390
[GPU0] epochs: [548/800] train_loss_con: -3.316 energy_loss: 5.428
[GPU0] epochs: [549/800] train_loss_con: -3.313 energy_loss: 5.460
[GPU0] epochs: [550/800] train_loss_con: -3.317 energy_loss: 5.484
[GPU0] epochs: [551/800] train_loss_con: -3.326 energy_loss: 5.412
[GPU0] epochs: [552/800] train_loss_con: -3.324 energy_loss: 5.401
[GPU0] epochs: [553/800] train_loss_con: -3.322 energy_loss: 5.373
[GPU0] epochs: [554/800] train_loss_con: -3.326 energy_loss: 5.383
[GPU0] epochs: [555/800] train_loss_con: -3.320 energy_loss: 5.333
[GPU0] epochs: [556/800] train_loss_con: -3.328 energy_loss: 5.304
[GPU0] epochs: [557/800] train_loss_con: -3.321 energy_loss: 5.310
[GPU0] epochs: [558/800] train_loss_con: -3.317 energy_loss: 5.262
[GPU0] epochs: [559/800] train_loss_con: -3.321 energy_loss: 5.296
[GPU0] epochs: [560/800] train_loss_con: -3.322 energy_loss: 5.252
[GPU0] epochs: [561/800] train_loss_con: -3.327 energy_loss: 5.260
[GPU0] epochs: [562/800] train_loss_con: -3.326 energy_loss: 5.185
[GPU0] epochs: [563/800] train_loss_con: -3.320 energy_loss: 5.183
[GPU0] epochs: [564/800] train_loss_con: -3.325 energy_loss: 5.193
[GPU0] epochs: [565/800] train_loss_con: -3.324 energy_loss: 5.262
[GPU0] epochs: [566/800] train_loss_con: -3.325 energy_loss: 5.247
[GPU0] epochs: [567/800] train_loss_con: -3.330 energy_loss: 5.238
[GPU0] epochs: [568/800] train_loss_con: -3.328 energy_loss: 5.178
[GPU0] epochs: [569/800] train_loss_con: -3.328 energy_loss: 5.152
[GPU0] epochs: [570/800] train_loss_con: -3.326 energy_loss: 5.114
[GPU0] epochs: [571/800] train_loss_con: -3.326 energy_loss: 5.074
[GPU0] epochs: [572/800] train_loss_con: -3.335 energy_loss: 5.125
[GPU0] epochs: [573/800] train_loss_con: -3.333 energy_loss: 5.083
[GPU0] epochs: [574/800] train_loss_con: -3.331 energy_loss: 5.074
[GPU0] epochs: [575/800] train_loss_con: -3.330 energy_loss: 5.068
[GPU0] epochs: [576/800] train_loss_con: -3.333 energy_loss: 5.050
[GPU0] epochs: [577/800] train_loss_con: -3.330 energy_loss: 5.036
[GPU0] epochs: [578/800] train_loss_con: -3.332 energy_loss: 5.043
[GPU0] epochs: [579/800] train_loss_con: -3.337 energy_loss: 5.069
[GPU0] epochs: [580/800] train_loss_con: -3.336 energy_loss: 5.035
[GPU0] epochs: [581/800] train_loss_con: -3.340 energy_loss: 5.041
[GPU0] epochs: [582/800] train_loss_con: -3.336 energy_loss: 4.971
[GPU0] epochs: [583/800] train_loss_con: -3.335 energy_loss: 4.993
[GPU0] epochs: [584/800] train_loss_con: -3.337 energy_loss: 4.920
[GPU0] epochs: [585/800] train_loss_con: -3.340 energy_loss: 4.959
[GPU0] epochs: [586/800] train_loss_con: -3.337 energy_loss: 4.988
[GPU0] epochs: [587/800] train_loss_con: -3.339 energy_loss: 5.103
[GPU0] epochs: [588/800] train_loss_con: -3.340 energy_loss: 31.689
[GPU0] epochs: [589/800] train_loss_con: -3.344 energy_loss: 5.305
[GPU0] epochs: [590/800] train_loss_con: -3.346 energy_loss: 5.190
[GPU0] epochs: [591/800] train_loss_con: -3.343 energy_loss: 5.155
[GPU0] epochs: [592/800] train_loss_con: -3.343 energy_loss: 5.142
[GPU0] epochs: [593/800] train_loss_con: -3.344 energy_loss: 5.115
[GPU0] epochs: [594/800] train_loss_con: -3.342 energy_loss: 5.078
[GPU0] epochs: [595/800] train_loss_con: -3.343 energy_loss: 4.986
[GPU0] epochs: [596/800] train_loss_con: -3.341 energy_loss: 4.982
[GPU0] epochs: [597/800] train_loss_con: -3.346 energy_loss: 4.907
[GPU0] epochs: [598/800] train_loss_con: -3.346 energy_loss: 4.858
[GPU0] epochs: [599/800] train_loss_con: -3.340 energy_loss: 4.834
[GPU0] epochs: [600/800] train_loss_con: -3.349 energy_loss: 4.863
[GPU0] epochs: [601/800] train_loss_con: -3.349 energy_loss: 4.822
[GPU0] epochs: [602/800] train_loss_con: -3.347 energy_loss: 4.804
[GPU0] epochs: [603/800] train_loss_con: -3.349 energy_loss: 4.808
[GPU0] epochs: [604/800] train_loss_con: -3.349 energy_loss: 4.761
[GPU0] epochs: [605/800] train_loss_con: -3.352 energy_loss: 4.747
[GPU0] epochs: [606/800] train_loss_con: -3.352 energy_loss: 4.698
[GPU0] epochs: [607/800] train_loss_con: -3.353 energy_loss: 4.610
[GPU0] epochs: [608/800] train_loss_con: -3.345 energy_loss: 4.604
[GPU0] epochs: [609/800] train_loss_con: -3.351 energy_loss: 4.636
[GPU0] epochs: [610/800] train_loss_con: -3.357 energy_loss: 4.624
[GPU0] epochs: [611/800] train_loss_con: -3.353 energy_loss: 4.590
[GPU0] epochs: [612/800] train_loss_con: -3.352 energy_loss: 4.564
[GPU0] epochs: [613/800] train_loss_con: -3.354 energy_loss: 4.534
[GPU0] epochs: [614/800] train_loss_con: -3.358 energy_loss: 4.558
[GPU0] epochs: [615/800] train_loss_con: -3.353 energy_loss: 4.533
[GPU0] epochs: [616/800] train_loss_con: -3.356 energy_loss: 4.474
[GPU0] epochs: [617/800] train_loss_con: -3.359 energy_loss: 4.435
[GPU0] epochs: [618/800] train_loss_con: -3.356 energy_loss: 4.449
[GPU0] epochs: [619/800] train_loss_con: -3.355 energy_loss: 4.404
[GPU0] epochs: [620/800] train_loss_con: -3.361 energy_loss: 4.382
[GPU0] epochs: [621/800] train_loss_con: -3.357 energy_loss: 4.344
[GPU0] epochs: [622/800] train_loss_con: -3.360 energy_loss: 4.396
[GPU0] epochs: [623/800] train_loss_con: -3.358 energy_loss: 4.385
[GPU0] epochs: [624/800] train_loss_con: -3.362 energy_loss: 4.387
[GPU0] epochs: [625/800] train_loss_con: -3.357 energy_loss: 4.432
[GPU0] epochs: [626/800] train_loss_con: -3.360 energy_loss: 4.407
[GPU0] epochs: [627/800] train_loss_con: -3.365 energy_loss: 4.350
[GPU0] epochs: [628/800] train_loss_con: -3.359 energy_loss: 4.342
[GPU0] epochs: [629/800] train_loss_con: -3.364 energy_loss: 4.339
[GPU0] epochs: [630/800] train_loss_con: -3.364 energy_loss: 4.305
[GPU0] epochs: [631/800] train_loss_con: -3.363 energy_loss: 4.262
[GPU0] epochs: [632/800] train_loss_con: -3.370 energy_loss: 4.288
[GPU0] epochs: [633/800] train_loss_con: -3.367 energy_loss: 4.224
[GPU0] epochs: [634/800] train_loss_con: -3.363 energy_loss: 4.213
[GPU0] epochs: [635/800] train_loss_con: -3.361 energy_loss: 4.252
[GPU0] epochs: [636/800] train_loss_con: -3.361 energy_loss: 4.267
[GPU0] epochs: [637/800] train_loss_con: -3.372 energy_loss: 4.185
[GPU0] epochs: [638/800] train_loss_con: -3.369 energy_loss: 4.194
[GPU0] epochs: [639/800] train_loss_con: -3.371 energy_loss: 4.214
[GPU0] epochs: [640/800] train_loss_con: -3.375 energy_loss: 4.162
[GPU0] epochs: [641/800] train_loss_con: -3.367 energy_loss: 4.167
[GPU0] epochs: [642/800] train_loss_con: -3.369 energy_loss: 4.144
[GPU0] epochs: [643/800] train_loss_con: -3.373 energy_loss: 4.126
[GPU0] epochs: [644/800] train_loss_con: -3.379 energy_loss: 4.119
[GPU0] epochs: [645/800] train_loss_con: -3.370 energy_loss: 4.146
[GPU0] epochs: [646/800] train_loss_con: -3.374 energy_loss: 4.080
[GPU0] epochs: [647/800] train_loss_con: -3.373 energy_loss: 4.075
[GPU0] epochs: [648/800] train_loss_con: -3.373 energy_loss: 4.058
[GPU0] epochs: [649/800] train_loss_con: -3.378 energy_loss: 4.093
[GPU0] epochs: [650/800] train_loss_con: -3.378 energy_loss: 4.062
[GPU0] epochs: [651/800] train_loss_con: -3.373 energy_loss: 4.098
[GPU0] epochs: [652/800] train_loss_con: -3.380 energy_loss: 4.019
[GPU0] epochs: [653/800] train_loss_con: -3.377 energy_loss: 4.021
[GPU0] epochs: [654/800] train_loss_con: -3.372 energy_loss: 4.002
[GPU0] epochs: [655/800] train_loss_con: -3.374 energy_loss: 4.014
[GPU0] epochs: [656/800] train_loss_con: -3.380 energy_loss: 3.988
[GPU0] epochs: [657/800] train_loss_con: -3.379 energy_loss: 3.968
[GPU0] epochs: [658/800] train_loss_con: -3.377 energy_loss: 3.935
[GPU0] epochs: [659/800] train_loss_con: -3.380 energy_loss: 4.029
[GPU0] epochs: [660/800] train_loss_con: -3.381 energy_loss: 3.948
[GPU0] epochs: [661/800] train_loss_con: -3.381 energy_loss: 3.962
[GPU0] epochs: [662/800] train_loss_con: -3.382 energy_loss: 7.966
[GPU0] epochs: [663/800] train_loss_con: -3.378 energy_loss: 4.973
[GPU0] epochs: [664/800] train_loss_con: -3.383 energy_loss: 4.075
[GPU0] epochs: [665/800] train_loss_con: -3.388 energy_loss: 3.996
[GPU0] epochs: [666/800] train_loss_con: -3.382 energy_loss: 4.050
[GPU0] epochs: [667/800] train_loss_con: -3.389 energy_loss: 4.079
[GPU0] epochs: [668/800] train_loss_con: -3.383 energy_loss: 3.943
[GPU0] epochs: [669/800] train_loss_con: -3.387 energy_loss: 3.870
[GPU0] epochs: [670/800] train_loss_con: -3.388 energy_loss: 3.890
[GPU0] epochs: [671/800] train_loss_con: -3.391 energy_loss: 3.881
[GPU0] epochs: [672/800] train_loss_con: -3.392 energy_loss: 3.843
[GPU0] epochs: [673/800] train_loss_con: -3.393 energy_loss: 3.852
[GPU0] epochs: [674/800] train_loss_con: -3.397 energy_loss: 3.850
[GPU0] epochs: [675/800] train_loss_con: -3.391 energy_loss: 3.808
[GPU0] epochs: [676/800] train_loss_con: -3.388 energy_loss: 3.833
[GPU0] epochs: [677/800] train_loss_con: -3.396 energy_loss: 3.767
[GPU0] epochs: [678/800] train_loss_con: -3.393 energy_loss: 3.808
[GPU0] epochs: [679/800] train_loss_con: -3.394 energy_loss: 3.816
[GPU0] epochs: [680/800] train_loss_con: -3.397 energy_loss: 3.752
[GPU0] epochs: [681/800] train_loss_con: -3.399 energy_loss: 3.765
[GPU0] epochs: [682/800] train_loss_con: -3.397 energy_loss: 3.740
[GPU0] epochs: [683/800] train_loss_con: -3.396 energy_loss: 3.718
[GPU0] epochs: [684/800] train_loss_con: -3.394 energy_loss: 3.681
[GPU0] epochs: [685/800] train_loss_con: -3.399 energy_loss: 3.660
[GPU0] epochs: [686/800] train_loss_con: -3.395 energy_loss: 3.657
[GPU0] epochs: [687/800] train_loss_con: -3.404 energy_loss: 3.680
[GPU0] epochs: [688/800] train_loss_con: -3.400 energy_loss: 3.657
[GPU0] epochs: [689/800] train_loss_con: -3.397 energy_loss: 3.688
[GPU0] epochs: [690/800] train_loss_con: -3.399 energy_loss: 3.674
[GPU0] epochs: [691/800] train_loss_con: -3.404 energy_loss: 3.626
[GPU0] epochs: [692/800] train_loss_con: -3.398 energy_loss: 3.620
[GPU0] epochs: [693/800] train_loss_con: -3.405 energy_loss: 3.629
[GPU0] epochs: [694/800] train_loss_con: -3.398 energy_loss: 3.568
[GPU0] epochs: [695/800] train_loss_con: -3.404 energy_loss: 3.581
[GPU0] epochs: [696/800] train_loss_con: -3.405 energy_loss: 3.581
[GPU0] epochs: [697/800] train_loss_con: -3.403 energy_loss: 3.571
[GPU0] epochs: [698/800] train_loss_con: -3.406 energy_loss: 3.553
[GPU0] epochs: [699/800] train_loss_con: -3.403 energy_loss: 3.544
[GPU0] epochs: [700/800] train_loss_con: -3.402 energy_loss: 3.549
[GPU0] epochs: [701/800] train_loss_con: -3.407 energy_loss: 3.560
[GPU0] epochs: [702/800] train_loss_con: -3.405 energy_loss: 3.556
[GPU0] epochs: [703/800] train_loss_con: -3.403 energy_loss: 3.523
[GPU0] epochs: [704/800] train_loss_con: -3.409 energy_loss: 3.543
[GPU0] epochs: [705/800] train_loss_con: -3.410 energy_loss: 3.524
[GPU0] epochs: [706/800] train_loss_con: -3.408 energy_loss: 3.503
[GPU0] epochs: [707/800] train_loss_con: -3.413 energy_loss: 3.500
[GPU0] epochs: [708/800] train_loss_con: -3.412 energy_loss: 3.500
[GPU0] epochs: [709/800] train_loss_con: -3.410 energy_loss: 3.515
[GPU0] epochs: [710/800] train_loss_con: -3.412 energy_loss: 3.476
[GPU0] epochs: [711/800] train_loss_con: -3.413 energy_loss: 3.480
[GPU0] epochs: [712/800] train_loss_con: -3.410 energy_loss: 3.467
[GPU0] epochs: [713/800] train_loss_con: -3.409 energy_loss: 3.439
[GPU0] epochs: [714/800] train_loss_con: -3.413 energy_loss: 3.416
[GPU0] epochs: [715/800] train_loss_con: -3.409 energy_loss: 3.406
[GPU0] epochs: [716/800] train_loss_con: -3.414 energy_loss: 3.406
[GPU0] epochs: [717/800] train_loss_con: -3.411 energy_loss: 3.392
[GPU0] epochs: [718/800] train_loss_con: -3.413 energy_loss: 3.377
[GPU0] epochs: [719/800] train_loss_con: -3.412 energy_loss: 3.404
[GPU0] epochs: [720/800] train_loss_con: -3.413 energy_loss: 3.391
[GPU0] epochs: [721/800] train_loss_con: -3.418 energy_loss: 3.372
[GPU0] epochs: [722/800] train_loss_con: -3.418 energy_loss: 3.370
[GPU0] epochs: [723/800] train_loss_con: -3.416 energy_loss: 3.373
[GPU0] epochs: [724/800] train_loss_con: -3.419 energy_loss: 3.382
[GPU0] epochs: [725/800] train_loss_con: -3.416 energy_loss: 3.410
[GPU0] epochs: [726/800] train_loss_con: -3.416 energy_loss: 3.332
[GPU0] epochs: [727/800] train_loss_con: -3.417 energy_loss: 3.342
[GPU0] epochs: [728/800] train_loss_con: -3.422 energy_loss: 3.328
[GPU0] epochs: [729/800] train_loss_con: -3.423 energy_loss: 3.340
[GPU0] epochs: [730/800] train_loss_con: -3.424 energy_loss: 3.332
[GPU0] epochs: [731/800] train_loss_con: -3.421 energy_loss: 3.312
[GPU0] epochs: [732/800] train_loss_con: -3.419 energy_loss: 3.316
[GPU0] epochs: [733/800] train_loss_con: -3.417 energy_loss: 3.309
[GPU0] epochs: [734/800] train_loss_con: -3.418 energy_loss: 3.298
[GPU0] epochs: [735/800] train_loss_con: -3.422 energy_loss: 3.286
[GPU0] epochs: [736/800] train_loss_con: -3.424 energy_loss: 3.278
[GPU0] epochs: [737/800] train_loss_con: -3.421 energy_loss: 3.274
[GPU0] epochs: [738/800] train_loss_con: -3.424 energy_loss: 3.277
[GPU0] epochs: [739/800] train_loss_con: -3.422 energy_loss: 3.279
[GPU0] epochs: [740/800] train_loss_con: -3.422 energy_loss: 3.268
[GPU0] epochs: [741/800] train_loss_con: -3.420 energy_loss: 3.265
[GPU0] epochs: [742/800] train_loss_con: -3.423 energy_loss: 3.259
[GPU0] epochs: [743/800] train_loss_con: -3.425 energy_loss: 3.252
[GPU0] epochs: [744/800] train_loss_con: -3.429 energy_loss: 3.243
[GPU0] epochs: [745/800] train_loss_con: -3.426 energy_loss: 3.233
[GPU0] epochs: [746/800] train_loss_con: -3.426 energy_loss: 3.231
[GPU0] epochs: [747/800] train_loss_con: -3.427 energy_loss: 3.237
[GPU0] epochs: [748/800] train_loss_con: -3.420 energy_loss: 3.217
[GPU0] epochs: [749/800] train_loss_con: -3.429 energy_loss: 3.212
[GPU0] epochs: [750/800] train_loss_con: -3.429 energy_loss: 3.206
[GPU0] epochs: [751/800] train_loss_con: -3.423 energy_loss: 3.209
[GPU0] epochs: [752/800] train_loss_con: -3.429 energy_loss: 3.238
[GPU0] epochs: [753/800] train_loss_con: -3.428 energy_loss: 3.226
[GPU0] epochs: [754/800] train_loss_con: -3.427 energy_loss: 3.333
[GPU0] epochs: [755/800] train_loss_con: -3.426 energy_loss: 3.338
[GPU0] epochs: [756/800] train_loss_con: -3.430 energy_loss: 3.187
[GPU0] epochs: [757/800] train_loss_con: -3.428 energy_loss: 3.189
[GPU0] epochs: [758/800] train_loss_con: -3.425 energy_loss: 3.183
[GPU0] epochs: [759/800] train_loss_con: -3.432 energy_loss: 3.199
[GPU0] epochs: [760/800] train_loss_con: -3.428 energy_loss: 3.198
[GPU0] epochs: [761/800] train_loss_con: -3.426 energy_loss: 3.205
[GPU0] epochs: [762/800] train_loss_con: -3.437 energy_loss: 3.190
[GPU0] epochs: [763/800] train_loss_con: -3.428 energy_loss: 3.178
[GPU0] epochs: [764/800] train_loss_con: -3.433 energy_loss: 3.177
[GPU0] epochs: [765/800] train_loss_con: -3.435 energy_loss: 3.163
[GPU0] epochs: [766/800] train_loss_con: -3.430 energy_loss: 3.168
[GPU0] epochs: [767/800] train_loss_con: -3.431 energy_loss: 3.174
[GPU0] epochs: [768/800] train_loss_con: -3.430 energy_loss: 3.167
[GPU0] epochs: [769/800] train_loss_con: -3.434 energy_loss: 3.176
[GPU0] epochs: [770/800] train_loss_con: -3.431 energy_loss: 3.165
[GPU0] epochs: [771/800] train_loss_con: -3.430 energy_loss: 3.177
[GPU0] epochs: [772/800] train_loss_con: -3.427 energy_loss: 3.179
[GPU0] epochs: [773/800] train_loss_con: -3.436 energy_loss: 3.162
[GPU0] epochs: [774/800] train_loss_con: -3.434 energy_loss: 3.165
[GPU0] epochs: [775/800] train_loss_con: -3.435 energy_loss: 3.168
[GPU0] epochs: [776/800] train_loss_con: -3.430 energy_loss: 3.168
[GPU0] epochs: [777/800] train_loss_con: -3.427 energy_loss: 3.164
[GPU0] epochs: [778/800] train_loss_con: -3.434 energy_loss: 3.151
[GPU0] epochs: [779/800] train_loss_con: -3.432 energy_loss: 3.153
[GPU0] epochs: [780/800] train_loss_con: -3.432 energy_loss: 3.157
[GPU0] epochs: [781/800] train_loss_con: -3.432 energy_loss: 3.166
[GPU0] epochs: [782/800] train_loss_con: -3.431 energy_loss: 3.142
[GPU0] epochs: [783/800] train_loss_con: -3.437 energy_loss: 3.146
[GPU0] epochs: [784/800] train_loss_con: -3.434 energy_loss: 3.153
[GPU0] epochs: [785/800] train_loss_con: -3.432 energy_loss: 3.157
[GPU0] epochs: [786/800] train_loss_con: -3.427 energy_loss: 3.147
[GPU0] epochs: [787/800] train_loss_con: -3.435 energy_loss: 3.150
[GPU0] epochs: [788/800] train_loss_con: -3.432 energy_loss: 3.140
[GPU0] epochs: [789/800] train_loss_con: -3.435 energy_loss: 3.146
[GPU0] epochs: [790/800] train_loss_con: -3.433 energy_loss: 3.138
[GPU0] epochs: [791/800] train_loss_con: -3.435 energy_loss: 3.141
[GPU0] epochs: [792/800] train_loss_con: -3.438 energy_loss: 3.146
[GPU0] epochs: [793/800] train_loss_con: -3.439 energy_loss: 3.129
[GPU0] epochs: [794/800] train_loss_con: -3.440 energy_loss: 3.137
[GPU0] epochs: [795/800] train_loss_con: -3.431 energy_loss: 3.132
[GPU0] epochs: [796/800] train_loss_con: -3.432 energy_loss: 3.135
[GPU0] epochs: [797/800] train_loss_con: -3.432 energy_loss: 3.126
[GPU0] epochs: [798/800] train_loss_con: -3.436 energy_loss: 3.126
[GPU0] epochs: [799/800] train_loss_con: -3.434 energy_loss: 3.127
[GPU0] epochs: [800/800] train_loss_con: -3.434 energy_loss: 3.127
### TSNE starts
### MLP training begins
[GPU0] Test Accuracy at epoch: 0: 0.346
[GPU0] epochs: [1/100] train_acc: 0.162 train_loss_sup: 4.568
[GPU0] epochs: [2/100] train_acc: 0.368 train_loss_sup: 4.475
[GPU0] epochs: [3/100] train_acc: 0.411 train_loss_sup: 4.384
[GPU0] epochs: [4/100] train_acc: 0.421 train_loss_sup: 4.294
[GPU0] epochs: [5/100] train_acc: 0.426 train_loss_sup: 4.206
[GPU0] epochs: [6/100] train_acc: 0.430 train_loss_sup: 4.120
[GPU0] epochs: [7/100] train_acc: 0.435 train_loss_sup: 4.035
[GPU0] epochs: [8/100] train_acc: 0.440 train_loss_sup: 3.952
[GPU0] epochs: [9/100] train_acc: 0.445 train_loss_sup: 3.876
[GPU0] epochs: [10/100] train_acc: 0.446 train_loss_sup: 3.799
[GPU0] Test Accuracy at epoch: 10: 0.477
[GPU0] epochs: [11/100] train_acc: 0.449 train_loss_sup: 3.725
[GPU0] epochs: [12/100] train_acc: 0.450 train_loss_sup: 3.658
[GPU0] epochs: [13/100] train_acc: 0.457 train_loss_sup: 3.591
[GPU0] epochs: [14/100] train_acc: 0.461 train_loss_sup: 3.529
[GPU0] epochs: [15/100] train_acc: 0.460 train_loss_sup: 3.470
[GPU0] epochs: [16/100] train_acc: 0.462 train_loss_sup: 3.411
[GPU0] epochs: [17/100] train_acc: 0.468 train_loss_sup: 3.357
[GPU0] epochs: [18/100] train_acc: 0.468 train_loss_sup: 3.303
[GPU0] epochs: [19/100] train_acc: 0.469 train_loss_sup: 3.254
[GPU0] epochs: [20/100] train_acc: 0.472 train_loss_sup: 3.209
[GPU0] Test Accuracy at epoch: 20: 0.501
[GPU0] epochs: [21/100] train_acc: 0.475 train_loss_sup: 3.161
[GPU0] epochs: [22/100] train_acc: 0.476 train_loss_sup: 3.122
[GPU0] epochs: [23/100] train_acc: 0.477 train_loss_sup: 3.082
[GPU0] epochs: [24/100] train_acc: 0.479 train_loss_sup: 3.041
[GPU0] epochs: [25/100] train_acc: 0.481 train_loss_sup: 3.008
[GPU0] epochs: [26/100] train_acc: 0.484 train_loss_sup: 2.970
[GPU0] epochs: [27/100] train_acc: 0.484 train_loss_sup: 2.934
[GPU0] epochs: [28/100] train_acc: 0.486 train_loss_sup: 2.907
[GPU0] epochs: [29/100] train_acc: 0.487 train_loss_sup: 2.874
[GPU0] epochs: [30/100] train_acc: 0.490 train_loss_sup: 2.844
[GPU0] Test Accuracy at epoch: 30: 0.515
[GPU0] epochs: [31/100] train_acc: 0.489 train_loss_sup: 2.817
[GPU0] epochs: [32/100] train_acc: 0.489 train_loss_sup: 2.791
[GPU0] epochs: [33/100] train_acc: 0.494 train_loss_sup: 2.765
[GPU0] epochs: [34/100] train_acc: 0.491 train_loss_sup: 2.740
[GPU0] epochs: [35/100] train_acc: 0.494 train_loss_sup: 2.719
[GPU0] epochs: [36/100] train_acc: 0.493 train_loss_sup: 2.690
[GPU0] epochs: [37/100] train_acc: 0.494 train_loss_sup: 2.673
[GPU0] epochs: [38/100] train_acc: 0.498 train_loss_sup: 2.651
[GPU0] epochs: [39/100] train_acc: 0.498 train_loss_sup: 2.632
[GPU0] epochs: [40/100] train_acc: 0.496 train_loss_sup: 2.612
[GPU0] Test Accuracy at epoch: 40: 0.526
[GPU0] epochs: [41/100] train_acc: 0.497 train_loss_sup: 2.593
[GPU0] epochs: [42/100] train_acc: 0.500 train_loss_sup: 2.573
[GPU0] epochs: [43/100] train_acc: 0.500 train_loss_sup: 2.555
[GPU0] epochs: [44/100] train_acc: 0.502 train_loss_sup: 2.537
[GPU0] epochs: [45/100] train_acc: 0.502 train_loss_sup: 2.523
[GPU0] epochs: [46/100] train_acc: 0.503 train_loss_sup: 2.510
[GPU0] epochs: [47/100] train_acc: 0.503 train_loss_sup: 2.495
[GPU0] epochs: [48/100] train_acc: 0.506 train_loss_sup: 2.476
[GPU0] epochs: [49/100] train_acc: 0.504 train_loss_sup: 2.461
[GPU0] epochs: [50/100] train_acc: 0.507 train_loss_sup: 2.444
[GPU0] Test Accuracy at epoch: 50: 0.532
[GPU0] epochs: [51/100] train_acc: 0.504 train_loss_sup: 2.437
[GPU0] epochs: [52/100] train_acc: 0.509 train_loss_sup: 2.425
[GPU0] epochs: [53/100] train_acc: 0.510 train_loss_sup: 2.405
[GPU0] epochs: [54/100] train_acc: 0.508 train_loss_sup: 2.400
[GPU0] epochs: [55/100] train_acc: 0.508 train_loss_sup: 2.382
[GPU0] epochs: [56/100] train_acc: 0.509 train_loss_sup: 2.371
[GPU0] epochs: [57/100] train_acc: 0.509 train_loss_sup: 2.364
[GPU0] epochs: [58/100] train_acc: 0.510 train_loss_sup: 2.349
[GPU0] epochs: [59/100] train_acc: 0.512 train_loss_sup: 2.340
[GPU0] epochs: [60/100] train_acc: 0.512 train_loss_sup: 2.330
[GPU0] Test Accuracy at epoch: 60: 0.537
[GPU0] epochs: [61/100] train_acc: 0.512 train_loss_sup: 2.317
[GPU0] epochs: [62/100] train_acc: 0.512 train_loss_sup: 2.314
[GPU0] epochs: [63/100] train_acc: 0.516 train_loss_sup: 2.299
[GPU0] epochs: [64/100] train_acc: 0.514 train_loss_sup: 2.288
[GPU0] epochs: [65/100] train_acc: 0.513 train_loss_sup: 2.281
[GPU0] epochs: [66/100] train_acc: 0.515 train_loss_sup: 2.269
[GPU0] epochs: [67/100] train_acc: 0.516 train_loss_sup: 2.264
[GPU0] epochs: [68/100] train_acc: 0.515 train_loss_sup: 2.253
[GPU0] epochs: [69/100] train_acc: 0.517 train_loss_sup: 2.249
[GPU0] epochs: [70/100] train_acc: 0.517 train_loss_sup: 2.237
[GPU0] Test Accuracy at epoch: 70: 0.542
[GPU0] epochs: [71/100] train_acc: 0.517 train_loss_sup: 2.229
[GPU0] epochs: [72/100] train_acc: 0.518 train_loss_sup: 2.219
[GPU0] epochs: [73/100] train_acc: 0.519 train_loss_sup: 2.214
[GPU0] epochs: [74/100] train_acc: 0.517 train_loss_sup: 2.209
[GPU0] epochs: [75/100] train_acc: 0.518 train_loss_sup: 2.201
[GPU0] epochs: [76/100] train_acc: 0.521 train_loss_sup: 2.188
[GPU0] epochs: [77/100] train_acc: 0.520 train_loss_sup: 2.183
[GPU0] epochs: [78/100] train_acc: 0.520 train_loss_sup: 2.177
[GPU0] epochs: [79/100] train_acc: 0.522 train_loss_sup: 2.167
[GPU0] epochs: [80/100] train_acc: 0.521 train_loss_sup: 2.161
[GPU0] Test Accuracy at epoch: 80: 0.547
[GPU0] epochs: [81/100] train_acc: 0.521 train_loss_sup: 2.153
[GPU0] epochs: [82/100] train_acc: 0.522 train_loss_sup: 2.153
[GPU0] epochs: [83/100] train_acc: 0.522 train_loss_sup: 2.145
[GPU0] epochs: [84/100] train_acc: 0.521 train_loss_sup: 2.140
[GPU0] epochs: [85/100] train_acc: 0.523 train_loss_sup: 2.133
[GPU0] epochs: [86/100] train_acc: 0.523 train_loss_sup: 2.125
[GPU0] epochs: [87/100] train_acc: 0.525 train_loss_sup: 2.122
[GPU0] epochs: [88/100] train_acc: 0.524 train_loss_sup: 2.113
[GPU0] epochs: [89/100] train_acc: 0.524 train_loss_sup: 2.111
[GPU0] epochs: [90/100] train_acc: 0.528 train_loss_sup: 2.101
[GPU0] Test Accuracy at epoch: 90: 0.549
[GPU0] epochs: [91/100] train_acc: 0.524 train_loss_sup: 2.102
[GPU0] epochs: [92/100] train_acc: 0.526 train_loss_sup: 2.091
[GPU0] epochs: [93/100] train_acc: 0.524 train_loss_sup: 2.093
[GPU0] epochs: [94/100] train_acc: 0.525 train_loss_sup: 2.082
[GPU0] epochs: [95/100] train_acc: 0.525 train_loss_sup: 2.082
[GPU0] epochs: [96/100] train_acc: 0.528 train_loss_sup: 2.068
[GPU0] epochs: [97/100] train_acc: 0.528 train_loss_sup: 2.065
[GPU0] epochs: [98/100] train_acc: 0.527 train_loss_sup: 2.063
[GPU0] epochs: [99/100] train_acc: 0.529 train_loss_sup: 2.061
[GPU0] epochs: [100/100] train_acc: 0.528 train_loss_sup: 2.053
[GPU0] Final Test Accuracy: 0.55
Model weights saved
<All keys matched successfully>
knn evalution
logistic regression evalution
knn_acc: 0.542, log_reg_acc: 0.612
