environment: 
YAML: configs/byol.sc.c10.yaml
==> SEED: 42
==> num_classes: 10
==> data_name: cifar10
==> data_params: {'algo': 'byol-sc', 'data_dir': 'datasets/cifar10', 'batch_size': 512, 'num_workers': 3, 'image_size': 32}
==> return_logs: False
==> eval_every: 10
==> n_epochs: 800
==> n_epochs_mlp: 100
==> gpu_id: 4
==> opt: SGD
==> opt_params: {'lr': 0.4, 'momentum': 0.9, 'weight_decay': 0.0005}
==> schedular_params: {'T_max': 800, 'eta_min': 0.001}
==> mlp_opt: SGD
==> mlp_opt_params: {'lr': 0.1, 'momentum': 0.9}
==> model_params: {'model_name': 'resnet18', 'pretrained': False, 'proj_dim': 256, 'algo_type': 'byol-sc', 'byol_hidden': 4096}
==> byol_pred_params: {'in_features': 256, 'hidden_dim': 4096, 'out_features': 256}
==> ema_tau: 0.996
==> mlp_type: linear
==> loss: byol-sc
==> distributed: False
==> train_algo: byol-sc
==> model_save_path: saved_models/byol.sc.c10.r18.e800.pth
==> energy_model_params: {'eta': 0.01, 'steps': 5, 'sigma': 0.2, 'delta': 0.1, 'net_type': 'score'}
==> energy_opt: AdamW
==> energy_model_opt_params: {'lr': 0.001}
==> warmup_epochs: 0
==> config: configs/byol.sc.c10.yaml
--------------------------------------------------
===> using linear mlp
using optimizer: SGD
using optimizer: SGD
loss function: byol-sc
# of Training Images: 50000
# of Testing Images: 10000
using optimizer: AdamW
### byol-sc Training begins
[GPU4] epochs: [1/800] train_loss_con: -2.324 energy_loss: 244.107
[GPU4] epochs: [2/800] train_loss_con: -3.622 energy_loss: 209.693
[GPU4] epochs: [3/800] train_loss_con: -3.680 energy_loss: 194.823
[GPU4] epochs: [4/800] train_loss_con: -3.683 energy_loss: 182.847
[GPU4] epochs: [5/800] train_loss_con: -3.755 energy_loss: 174.974
[GPU4] epochs: [6/800] train_loss_con: -3.742 energy_loss: 164.372
[GPU4] epochs: [7/800] train_loss_con: -3.740 energy_loss: 154.174
[GPU4] epochs: [8/800] train_loss_con: -3.721 energy_loss: 146.908
[GPU4] epochs: [9/800] train_loss_con: -3.736 energy_loss: 139.098
[GPU4] epochs: [10/800] train_loss_con: -3.477 energy_loss: 132.628
[GPU4] epochs: [11/800] train_loss_con: -2.737 energy_loss: 126.238
[GPU4] epochs: [12/800] train_loss_con: -2.506 energy_loss: 120.482
[GPU4] epochs: [13/800] train_loss_con: -2.388 energy_loss: 115.298
[GPU4] epochs: [14/800] train_loss_con: -2.199 energy_loss: 110.780
[GPU4] epochs: [15/800] train_loss_con: -2.100 energy_loss: 106.204
[GPU4] epochs: [16/800] train_loss_con: -2.181 energy_loss: 102.447
[GPU4] epochs: [17/800] train_loss_con: -2.369 energy_loss: 98.909
[GPU4] epochs: [18/800] train_loss_con: -2.483 energy_loss: 94.959
[GPU4] epochs: [19/800] train_loss_con: -2.599 energy_loss: 91.454
[GPU4] epochs: [20/800] train_loss_con: -2.669 energy_loss: 88.443
[GPU4] epochs: [21/800] train_loss_con: -2.755 energy_loss: 85.336
[GPU4] epochs: [22/800] train_loss_con: -2.827 energy_loss: 81.981
[GPU4] epochs: [23/800] train_loss_con: -2.891 energy_loss: 78.782
[GPU4] epochs: [24/800] train_loss_con: -2.918 energy_loss: 75.460
[GPU4] epochs: [25/800] train_loss_con: -2.939 energy_loss: 72.595
[GPU4] epochs: [26/800] train_loss_con: -2.920 energy_loss: 69.128
[GPU4] epochs: [27/800] train_loss_con: -2.903 energy_loss: 65.851
[GPU4] epochs: [28/800] train_loss_con: -2.865 energy_loss: 62.862
[GPU4] epochs: [29/800] train_loss_con: -2.824 energy_loss: 59.017
[GPU4] epochs: [30/800] train_loss_con: -2.762 energy_loss: 55.053
[GPU4] epochs: [31/800] train_loss_con: -2.699 energy_loss: 51.765
[GPU4] epochs: [32/800] train_loss_con: -2.638 energy_loss: 48.622
[GPU4] epochs: [33/800] train_loss_con: -2.603 energy_loss: 46.139
[GPU4] epochs: [34/800] train_loss_con: -2.559 energy_loss: 42.849
[GPU4] epochs: [35/800] train_loss_con: -2.536 energy_loss: 40.349
[GPU4] epochs: [36/800] train_loss_con: -2.522 energy_loss: 38.754
[GPU4] epochs: [37/800] train_loss_con: -2.511 energy_loss: 35.097
[GPU4] epochs: [38/800] train_loss_con: -2.504 energy_loss: 32.354
[GPU4] epochs: [39/800] train_loss_con: -2.492 energy_loss: 30.205
[GPU4] epochs: [40/800] train_loss_con: -2.521 energy_loss: 28.043
[GPU4] epochs: [41/800] train_loss_con: -2.487 energy_loss: 26.158
[GPU4] epochs: [42/800] train_loss_con: -2.505 energy_loss: 24.604
[GPU4] epochs: [43/800] train_loss_con: -2.491 energy_loss: 23.328
[GPU4] epochs: [44/800] train_loss_con: -2.481 energy_loss: 21.891
[GPU4] epochs: [45/800] train_loss_con: -2.458 energy_loss: 20.802
[GPU4] epochs: [46/800] train_loss_con: -2.500 energy_loss: 19.970
[GPU4] epochs: [47/800] train_loss_con: -2.496 energy_loss: 18.837
[GPU4] epochs: [48/800] train_loss_con: -2.481 energy_loss: 18.056
[GPU4] epochs: [49/800] train_loss_con: -2.475 energy_loss: 17.354
[GPU4] epochs: [50/800] train_loss_con: -2.482 energy_loss: 16.423
[GPU4] epochs: [51/800] train_loss_con: -2.481 energy_loss: 16.440
[GPU4] epochs: [52/800] train_loss_con: -2.443 energy_loss: 15.637
[GPU4] epochs: [53/800] train_loss_con: -2.460 energy_loss: 15.212
[GPU4] epochs: [54/800] train_loss_con: -2.457 energy_loss: 14.470
[GPU4] epochs: [55/800] train_loss_con: -2.428 energy_loss: 13.920
[GPU4] epochs: [56/800] train_loss_con: -2.417 energy_loss: 13.613
[GPU4] epochs: [57/800] train_loss_con: -2.444 energy_loss: 13.376
[GPU4] epochs: [58/800] train_loss_con: -2.435 energy_loss: 13.046
[GPU4] epochs: [59/800] train_loss_con: -2.261 energy_loss: 13.548
[GPU4] epochs: [60/800] train_loss_con: -2.310 energy_loss: 12.561
[GPU4] epochs: [61/800] train_loss_con: -2.354 energy_loss: 12.108
[GPU4] epochs: [62/800] train_loss_con: -2.416 energy_loss: 11.456
[GPU4] epochs: [63/800] train_loss_con: -2.422 energy_loss: 11.544
[GPU4] epochs: [64/800] train_loss_con: -2.417 energy_loss: 11.362
[GPU4] epochs: [65/800] train_loss_con: -2.362 energy_loss: 11.392
[GPU4] epochs: [66/800] train_loss_con: -2.418 energy_loss: 10.861
[GPU4] epochs: [67/800] train_loss_con: -2.423 energy_loss: 10.349
[GPU4] epochs: [68/800] train_loss_con: -2.448 energy_loss: 10.092
[GPU4] epochs: [69/800] train_loss_con: -2.457 energy_loss: 10.229
[GPU4] epochs: [70/800] train_loss_con: -2.213 energy_loss: 11.544
[GPU4] epochs: [71/800] train_loss_con: -2.138 energy_loss: 9.998
[GPU4] epochs: [72/800] train_loss_con: -2.239 energy_loss: 9.345
[GPU4] epochs: [73/800] train_loss_con: -2.315 energy_loss: 8.836
[GPU4] epochs: [74/800] train_loss_con: -2.369 energy_loss: 8.728
[GPU4] epochs: [75/800] train_loss_con: -2.409 energy_loss: 8.584
[GPU4] epochs: [76/800] train_loss_con: -2.428 energy_loss: 8.304
[GPU4] epochs: [77/800] train_loss_con: -2.462 energy_loss: 8.605
[GPU4] epochs: [78/800] train_loss_con: -2.524 energy_loss: 8.200
[GPU4] epochs: [79/800] train_loss_con: -2.453 energy_loss: 8.287
[GPU4] epochs: [80/800] train_loss_con: -2.441 energy_loss: 8.547
[GPU4] epochs: [81/800] train_loss_con: -2.464 energy_loss: 8.321
[GPU4] epochs: [82/800] train_loss_con: -2.454 energy_loss: 7.872
[GPU4] epochs: [83/800] train_loss_con: -2.395 energy_loss: 7.729
[GPU4] epochs: [84/800] train_loss_con: -2.399 energy_loss: 7.751
[GPU4] epochs: [85/800] train_loss_con: -2.409 energy_loss: 7.554
[GPU4] epochs: [86/800] train_loss_con: -2.386 energy_loss: 7.595
[GPU4] epochs: [87/800] train_loss_con: -2.401 energy_loss: 7.452
[GPU4] epochs: [88/800] train_loss_con: -2.396 energy_loss: 7.300
[GPU4] epochs: [89/800] train_loss_con: -2.435 energy_loss: 7.309
[GPU4] epochs: [90/800] train_loss_con: -2.479 energy_loss: 7.187
[GPU4] epochs: [91/800] train_loss_con: -2.316 energy_loss: 8.240
[GPU4] epochs: [92/800] train_loss_con: -2.377 energy_loss: 7.233
[GPU4] epochs: [93/800] train_loss_con: -2.395 energy_loss: 6.673
[GPU4] epochs: [94/800] train_loss_con: -2.393 energy_loss: 6.527
[GPU4] epochs: [95/800] train_loss_con: -2.370 energy_loss: 6.649
[GPU4] epochs: [96/800] train_loss_con: -2.385 energy_loss: 6.630
[GPU4] epochs: [97/800] train_loss_con: -2.367 energy_loss: 6.089
[GPU4] epochs: [98/800] train_loss_con: -2.413 energy_loss: 6.091
[GPU4] epochs: [99/800] train_loss_con: -2.413 energy_loss: 6.000
[GPU4] epochs: [100/800] train_loss_con: -2.376 energy_loss: 6.022
[GPU4] epochs: [101/800] train_loss_con: -2.417 energy_loss: 6.218
[GPU4] epochs: [102/800] train_loss_con: -2.428 energy_loss: 6.218
[GPU4] epochs: [103/800] train_loss_con: -2.427 energy_loss: 5.960
[GPU4] epochs: [104/800] train_loss_con: -2.461 energy_loss: 5.673
[GPU4] epochs: [105/800] train_loss_con: -2.431 energy_loss: 5.927
[GPU4] epochs: [106/800] train_loss_con: -2.333 energy_loss: 6.196
[GPU4] epochs: [107/800] train_loss_con: -2.424 energy_loss: 5.698
[GPU4] epochs: [108/800] train_loss_con: -2.449 energy_loss: 5.720
[GPU4] epochs: [109/800] train_loss_con: -2.504 energy_loss: 5.549
[GPU4] epochs: [110/800] train_loss_con: -2.490 energy_loss: 5.525
[GPU4] epochs: [111/800] train_loss_con: -2.503 energy_loss: 5.437
[GPU4] epochs: [112/800] train_loss_con: -2.487 energy_loss: 5.445
[GPU4] epochs: [113/800] train_loss_con: -2.489 energy_loss: 5.317
[GPU4] epochs: [114/800] train_loss_con: -2.482 energy_loss: 5.271
[GPU4] epochs: [115/800] train_loss_con: -2.418 energy_loss: 5.480
[GPU4] epochs: [116/800] train_loss_con: -2.471 energy_loss: 5.757
[GPU4] epochs: [117/800] train_loss_con: -2.476 energy_loss: 5.384
[GPU4] epochs: [118/800] train_loss_con: -2.491 energy_loss: 5.139
[GPU4] epochs: [119/800] train_loss_con: -2.523 energy_loss: 5.367
[GPU4] epochs: [120/800] train_loss_con: -2.551 energy_loss: 4.843
[GPU4] epochs: [121/800] train_loss_con: -2.542 energy_loss: 5.318
[GPU4] epochs: [122/800] train_loss_con: -2.530 energy_loss: 5.062
[GPU4] epochs: [123/800] train_loss_con: -2.482 energy_loss: 5.204
[GPU4] epochs: [124/800] train_loss_con: -2.518 energy_loss: 5.022
[GPU4] epochs: [125/800] train_loss_con: -2.511 energy_loss: 5.072
[GPU4] epochs: [126/800] train_loss_con: -2.514 energy_loss: 4.966
[GPU4] epochs: [127/800] train_loss_con: -2.424 energy_loss: 4.991
[GPU4] epochs: [128/800] train_loss_con: -2.462 energy_loss: 5.070
[GPU4] epochs: [129/800] train_loss_con: -2.498 energy_loss: 4.807
[GPU4] epochs: [130/800] train_loss_con: -2.538 energy_loss: 5.128
[GPU4] epochs: [131/800] train_loss_con: -2.508 energy_loss: 5.091
[GPU4] epochs: [132/800] train_loss_con: -2.491 energy_loss: 5.026
[GPU4] epochs: [133/800] train_loss_con: -2.516 energy_loss: 4.874
[GPU4] epochs: [134/800] train_loss_con: -2.504 energy_loss: 4.713
[GPU4] epochs: [135/800] train_loss_con: -2.498 energy_loss: 4.862
[GPU4] epochs: [136/800] train_loss_con: -2.500 energy_loss: 4.666
[GPU4] epochs: [137/800] train_loss_con: -2.509 energy_loss: 4.857
[GPU4] epochs: [138/800] train_loss_con: -2.407 energy_loss: 5.252
[GPU4] epochs: [139/800] train_loss_con: -2.450 energy_loss: 4.805
[GPU4] epochs: [140/800] train_loss_con: -2.459 energy_loss: 4.457
[GPU4] epochs: [141/800] train_loss_con: -2.503 energy_loss: 4.517
[GPU4] epochs: [142/800] train_loss_con: -2.558 energy_loss: 4.185
[GPU4] epochs: [143/800] train_loss_con: -2.575 energy_loss: 4.288
[GPU4] epochs: [144/800] train_loss_con: -2.627 energy_loss: 4.300
[GPU4] epochs: [145/800] train_loss_con: -2.607 energy_loss: 4.245
[GPU4] epochs: [146/800] train_loss_con: -2.614 energy_loss: 4.296
[GPU4] epochs: [147/800] train_loss_con: -2.243 energy_loss: 4.866
[GPU4] epochs: [148/800] train_loss_con: -2.265 energy_loss: 4.524
[GPU4] epochs: [149/800] train_loss_con: -2.317 energy_loss: 4.396
[GPU4] epochs: [150/800] train_loss_con: -2.310 energy_loss: 4.591
[GPU4] epochs: [151/800] train_loss_con: -2.306 energy_loss: 4.494
[GPU4] epochs: [152/800] train_loss_con: -2.280 energy_loss: 4.143
[GPU4] epochs: [153/800] train_loss_con: -2.330 energy_loss: 4.324
[GPU4] epochs: [154/800] train_loss_con: -2.334 energy_loss: 4.494
[GPU4] epochs: [155/800] train_loss_con: -2.381 energy_loss: 4.628
[GPU4] epochs: [156/800] train_loss_con: -2.464 energy_loss: 3.921
[GPU4] epochs: [157/800] train_loss_con: -2.531 energy_loss: 3.971
[GPU4] epochs: [158/800] train_loss_con: -2.566 energy_loss: 3.916
[GPU4] epochs: [159/800] train_loss_con: -2.489 energy_loss: 4.275
[GPU4] epochs: [160/800] train_loss_con: -2.561 energy_loss: 4.367
[GPU4] epochs: [161/800] train_loss_con: -2.572 energy_loss: 3.999
[GPU4] epochs: [162/800] train_loss_con: -2.531 energy_loss: 4.093
[GPU4] epochs: [163/800] train_loss_con: -2.514 energy_loss: 4.091
[GPU4] epochs: [164/800] train_loss_con: -2.493 energy_loss: 4.551
[GPU4] epochs: [165/800] train_loss_con: -2.495 energy_loss: 4.050
[GPU4] epochs: [166/800] train_loss_con: -2.497 energy_loss: 3.899
[GPU4] epochs: [167/800] train_loss_con: -2.458 energy_loss: 4.033
[GPU4] epochs: [168/800] train_loss_con: -2.502 energy_loss: 3.859
[GPU4] epochs: [169/800] train_loss_con: -2.498 energy_loss: 3.763
[GPU4] epochs: [170/800] train_loss_con: -2.562 energy_loss: 3.855
[GPU4] epochs: [171/800] train_loss_con: -2.421 energy_loss: 4.115
[GPU4] epochs: [172/800] train_loss_con: -2.476 energy_loss: 4.199
[GPU4] epochs: [173/800] train_loss_con: -2.445 energy_loss: 3.977
[GPU4] epochs: [174/800] train_loss_con: -2.443 energy_loss: 4.087
[GPU4] epochs: [175/800] train_loss_con: -2.485 energy_loss: 3.915
[GPU4] epochs: [176/800] train_loss_con: -2.425 energy_loss: 3.781
[GPU4] epochs: [177/800] train_loss_con: -2.441 energy_loss: 4.161
[GPU4] epochs: [178/800] train_loss_con: -2.423 energy_loss: 3.950
[GPU4] epochs: [179/800] train_loss_con: -2.404 energy_loss: 3.927
[GPU4] epochs: [180/800] train_loss_con: -2.424 energy_loss: 3.738
[GPU4] epochs: [181/800] train_loss_con: -2.426 energy_loss: 3.824
[GPU4] epochs: [182/800] train_loss_con: -2.468 energy_loss: 3.846
[GPU4] epochs: [183/800] train_loss_con: -2.451 energy_loss: 4.011
[GPU4] epochs: [184/800] train_loss_con: -2.457 energy_loss: 4.095
[GPU4] epochs: [185/800] train_loss_con: -2.486 energy_loss: 3.910
[GPU4] epochs: [186/800] train_loss_con: -2.531 energy_loss: 3.658
[GPU4] epochs: [187/800] train_loss_con: -2.532 energy_loss: 3.724
[GPU4] epochs: [188/800] train_loss_con: -2.441 energy_loss: 4.161
[GPU4] epochs: [189/800] train_loss_con: -2.307 energy_loss: 4.289
[GPU4] epochs: [190/800] train_loss_con: -2.385 energy_loss: 3.599
[GPU4] epochs: [191/800] train_loss_con: -2.384 energy_loss: 3.663
[GPU4] epochs: [192/800] train_loss_con: -2.398 energy_loss: 3.677
[GPU4] epochs: [193/800] train_loss_con: -2.374 energy_loss: 3.650
[GPU4] epochs: [194/800] train_loss_con: -2.410 energy_loss: 3.533
[GPU4] epochs: [195/800] train_loss_con: -2.374 energy_loss: 3.789
[GPU4] epochs: [196/800] train_loss_con: -2.376 energy_loss: 3.863
[GPU4] epochs: [197/800] train_loss_con: -2.410 energy_loss: 3.591
[GPU4] epochs: [198/800] train_loss_con: -2.395 energy_loss: 3.782
[GPU4] epochs: [199/800] train_loss_con: -2.406 energy_loss: 3.735
[GPU4] epochs: [200/800] train_loss_con: -2.341 energy_loss: 3.543
[GPU4] epochs: [201/800] train_loss_con: -2.391 energy_loss: 3.561
[GPU4] epochs: [202/800] train_loss_con: -2.371 energy_loss: 3.688
[GPU4] epochs: [203/800] train_loss_con: -2.383 energy_loss: 3.536
[GPU4] epochs: [204/800] train_loss_con: -2.396 energy_loss: 3.765
[GPU4] epochs: [205/800] train_loss_con: -2.402 energy_loss: 3.743
[GPU4] epochs: [206/800] train_loss_con: -2.407 energy_loss: 3.776
[GPU4] epochs: [207/800] train_loss_con: -2.433 energy_loss: 3.621
[GPU4] epochs: [208/800] train_loss_con: -2.498 energy_loss: 3.574
[GPU4] epochs: [209/800] train_loss_con: -2.498 energy_loss: 3.767
[GPU4] epochs: [210/800] train_loss_con: -2.528 energy_loss: 3.797
[GPU4] epochs: [211/800] train_loss_con: -2.563 energy_loss: 3.737
[GPU4] epochs: [212/800] train_loss_con: -2.570 energy_loss: 3.454
[GPU4] epochs: [213/800] train_loss_con: -2.524 energy_loss: 3.835
[GPU4] epochs: [214/800] train_loss_con: -2.541 energy_loss: 3.802
[GPU4] epochs: [215/800] train_loss_con: -2.496 energy_loss: 3.990
[GPU4] epochs: [216/800] train_loss_con: -2.542 energy_loss: 3.761
[GPU4] epochs: [217/800] train_loss_con: -2.526 energy_loss: 3.685
[GPU4] epochs: [218/800] train_loss_con: -2.503 energy_loss: 3.681
[GPU4] epochs: [219/800] train_loss_con: -2.357 energy_loss: 3.981
[GPU4] epochs: [220/800] train_loss_con: -2.395 energy_loss: 3.544
[GPU4] epochs: [221/800] train_loss_con: -2.394 energy_loss: 3.450
[GPU4] epochs: [222/800] train_loss_con: -2.431 energy_loss: 3.620
[GPU4] epochs: [223/800] train_loss_con: -2.446 energy_loss: 3.649
[GPU4] epochs: [224/800] train_loss_con: -2.466 energy_loss: 3.489
[GPU4] epochs: [225/800] train_loss_con: -2.477 energy_loss: 3.643
[GPU4] epochs: [226/800] train_loss_con: -2.482 energy_loss: 3.241
[GPU4] epochs: [227/800] train_loss_con: -2.486 energy_loss: 3.533
[GPU4] epochs: [228/800] train_loss_con: -2.462 energy_loss: 3.585
[GPU4] epochs: [229/800] train_loss_con: -2.313 energy_loss: 4.374
[GPU4] epochs: [230/800] train_loss_con: -2.406 energy_loss: 4.070
[GPU4] epochs: [231/800] train_loss_con: -2.447 energy_loss: 3.741
[GPU4] epochs: [232/800] train_loss_con: -2.420 energy_loss: 3.701
[GPU4] epochs: [233/800] train_loss_con: -2.410 energy_loss: 3.592
[GPU4] epochs: [234/800] train_loss_con: -2.454 energy_loss: 3.721
[GPU4] epochs: [235/800] train_loss_con: -2.515 energy_loss: 3.709
[GPU4] epochs: [236/800] train_loss_con: -2.511 energy_loss: 3.557
[GPU4] epochs: [237/800] train_loss_con: -2.510 energy_loss: 3.672
[GPU4] epochs: [238/800] train_loss_con: -2.546 energy_loss: 3.605
[GPU4] epochs: [239/800] train_loss_con: -2.560 energy_loss: 3.592
[GPU4] epochs: [240/800] train_loss_con: -2.557 energy_loss: 3.505
[GPU4] epochs: [241/800] train_loss_con: -2.549 energy_loss: 3.756
[GPU4] epochs: [242/800] train_loss_con: -2.549 energy_loss: 3.593
[GPU4] epochs: [243/800] train_loss_con: -2.521 energy_loss: 3.519
[GPU4] epochs: [244/800] train_loss_con: -2.471 energy_loss: 3.555
[GPU4] epochs: [245/800] train_loss_con: -2.541 energy_loss: 3.384
[GPU4] epochs: [246/800] train_loss_con: -2.511 energy_loss: 3.495
[GPU4] epochs: [247/800] train_loss_con: -2.513 energy_loss: 3.475
[GPU4] epochs: [248/800] train_loss_con: -2.507 energy_loss: 3.448
[GPU4] epochs: [249/800] train_loss_con: -2.516 energy_loss: 3.373
[GPU4] epochs: [250/800] train_loss_con: -2.508 energy_loss: 3.445
[GPU4] epochs: [251/800] train_loss_con: -2.516 energy_loss: 3.329
[GPU4] epochs: [252/800] train_loss_con: -2.510 energy_loss: 3.224
[GPU4] epochs: [253/800] train_loss_con: -2.498 energy_loss: 3.507
[GPU4] epochs: [254/800] train_loss_con: -2.537 energy_loss: 3.386
[GPU4] epochs: [255/800] train_loss_con: -2.533 energy_loss: 3.419
[GPU4] epochs: [256/800] train_loss_con: -2.556 energy_loss: 3.138
[GPU4] epochs: [257/800] train_loss_con: -2.514 energy_loss: 3.240
[GPU4] epochs: [258/800] train_loss_con: -2.515 energy_loss: 3.443
[GPU4] epochs: [259/800] train_loss_con: -2.522 energy_loss: 3.395
[GPU4] epochs: [260/800] train_loss_con: -2.370 energy_loss: 3.443
[GPU4] epochs: [261/800] train_loss_con: -2.418 energy_loss: 3.499
[GPU4] epochs: [262/800] train_loss_con: -2.447 energy_loss: 3.496
[GPU4] epochs: [263/800] train_loss_con: -2.461 energy_loss: 3.523
[GPU4] epochs: [264/800] train_loss_con: -2.491 energy_loss: 3.373
[GPU4] epochs: [265/800] train_loss_con: -2.499 energy_loss: 3.619
[GPU4] epochs: [266/800] train_loss_con: -2.524 energy_loss: 3.493
[GPU4] epochs: [267/800] train_loss_con: -2.540 energy_loss: 3.413
[GPU4] epochs: [268/800] train_loss_con: -2.524 energy_loss: 3.504
[GPU4] epochs: [269/800] train_loss_con: -2.541 energy_loss: 3.436
[GPU4] epochs: [270/800] train_loss_con: -2.522 energy_loss: 3.355
[GPU4] epochs: [271/800] train_loss_con: -2.525 energy_loss: 3.516
[GPU4] epochs: [272/800] train_loss_con: -2.563 energy_loss: 3.367
[GPU4] epochs: [273/800] train_loss_con: -2.546 energy_loss: 3.578
[GPU4] epochs: [274/800] train_loss_con: -2.543 energy_loss: 3.377
[GPU4] epochs: [275/800] train_loss_con: -2.548 energy_loss: 3.330
[GPU4] epochs: [276/800] train_loss_con: -2.553 energy_loss: 3.168
[GPU4] epochs: [277/800] train_loss_con: -2.552 energy_loss: 3.382
[GPU4] epochs: [278/800] train_loss_con: -2.484 energy_loss: 3.355
[GPU4] epochs: [279/800] train_loss_con: -2.504 energy_loss: 3.489
[GPU4] epochs: [280/800] train_loss_con: -2.538 energy_loss: 3.231
[GPU4] epochs: [281/800] train_loss_con: -2.545 energy_loss: 3.312
[GPU4] epochs: [282/800] train_loss_con: -2.468 energy_loss: 3.146
[GPU4] epochs: [283/800] train_loss_con: -2.506 energy_loss: 3.259
[GPU4] epochs: [284/800] train_loss_con: -2.517 energy_loss: 3.329
[GPU4] epochs: [285/800] train_loss_con: -2.541 energy_loss: 3.443
[GPU4] epochs: [286/800] train_loss_con: -2.547 energy_loss: 3.258
[GPU4] epochs: [287/800] train_loss_con: -2.538 energy_loss: 3.239
[GPU4] epochs: [288/800] train_loss_con: -2.547 energy_loss: 3.227
[GPU4] epochs: [289/800] train_loss_con: -2.528 energy_loss: 3.427
[GPU4] epochs: [290/800] train_loss_con: -2.536 energy_loss: 3.224
[GPU4] epochs: [291/800] train_loss_con: -2.528 energy_loss: 3.427
[GPU4] epochs: [292/800] train_loss_con: -2.546 energy_loss: 3.375
[GPU4] epochs: [293/800] train_loss_con: -2.567 energy_loss: 3.227
[GPU4] epochs: [294/800] train_loss_con: -2.582 energy_loss: 3.411
[GPU4] epochs: [295/800] train_loss_con: -2.551 energy_loss: 3.397
[GPU4] epochs: [296/800] train_loss_con: -2.539 energy_loss: 3.332
[GPU4] epochs: [297/800] train_loss_con: -2.585 energy_loss: 3.163
[GPU4] epochs: [298/800] train_loss_con: -2.545 energy_loss: 3.448
[GPU4] epochs: [299/800] train_loss_con: -2.588 energy_loss: 3.447
[GPU4] epochs: [300/800] train_loss_con: -2.593 energy_loss: 3.271
[GPU4] epochs: [301/800] train_loss_con: -2.563 energy_loss: 3.212
[GPU4] epochs: [302/800] train_loss_con: -2.530 energy_loss: 3.325
[GPU4] epochs: [303/800] train_loss_con: -2.497 energy_loss: 3.473
[GPU4] epochs: [304/800] train_loss_con: -2.557 energy_loss: 3.193
[GPU4] epochs: [305/800] train_loss_con: -2.517 energy_loss: 3.310
[GPU4] epochs: [306/800] train_loss_con: -2.468 energy_loss: 3.388
[GPU4] epochs: [307/800] train_loss_con: -2.440 energy_loss: 3.296
[GPU4] epochs: [308/800] train_loss_con: -2.462 energy_loss: 3.217
[GPU4] epochs: [309/800] train_loss_con: -2.505 energy_loss: 3.265
[GPU4] epochs: [310/800] train_loss_con: -2.477 energy_loss: 3.180
[GPU4] epochs: [311/800] train_loss_con: -2.503 energy_loss: 3.196
[GPU4] epochs: [312/800] train_loss_con: -2.509 energy_loss: 3.035
[GPU4] epochs: [313/800] train_loss_con: -2.523 energy_loss: 3.189
[GPU4] epochs: [314/800] train_loss_con: -2.506 energy_loss: 3.126
[GPU4] epochs: [315/800] train_loss_con: -2.543 energy_loss: 3.240
[GPU4] epochs: [316/800] train_loss_con: -2.485 energy_loss: 3.264
[GPU4] epochs: [317/800] train_loss_con: -2.501 energy_loss: 3.574
[GPU4] epochs: [318/800] train_loss_con: -2.505 energy_loss: 3.159
[GPU4] epochs: [319/800] train_loss_con: -2.532 energy_loss: 3.131
[GPU4] epochs: [320/800] train_loss_con: -2.551 energy_loss: 3.170
[GPU4] epochs: [321/800] train_loss_con: -2.539 energy_loss: 3.023
[GPU4] epochs: [322/800] train_loss_con: -2.564 energy_loss: 3.147
[GPU4] epochs: [323/800] train_loss_con: -2.551 energy_loss: 3.097
[GPU4] epochs: [324/800] train_loss_con: -2.543 energy_loss: 3.338
[GPU4] epochs: [325/800] train_loss_con: -2.573 energy_loss: 3.227
[GPU4] epochs: [326/800] train_loss_con: -2.574 energy_loss: 3.078
[GPU4] epochs: [327/800] train_loss_con: -2.572 energy_loss: 3.245
[GPU4] epochs: [328/800] train_loss_con: -2.546 energy_loss: 3.273
[GPU4] epochs: [329/800] train_loss_con: -2.607 energy_loss: 3.164
[GPU4] epochs: [330/800] train_loss_con: -2.596 energy_loss: 3.125
[GPU4] epochs: [331/800] train_loss_con: -2.511 energy_loss: 3.356
[GPU4] epochs: [332/800] train_loss_con: -2.522 energy_loss: 3.221
[GPU4] epochs: [333/800] train_loss_con: -2.597 energy_loss: 3.181
[GPU4] epochs: [334/800] train_loss_con: -2.458 energy_loss: 3.438
[GPU4] epochs: [335/800] train_loss_con: -2.492 energy_loss: 3.356
[GPU4] epochs: [336/800] train_loss_con: -2.478 energy_loss: 3.212
[GPU4] epochs: [337/800] train_loss_con: -2.517 energy_loss: 3.104
[GPU4] epochs: [338/800] train_loss_con: -2.519 energy_loss: 3.142
[GPU4] epochs: [339/800] train_loss_con: -2.537 energy_loss: 3.138
[GPU4] epochs: [340/800] train_loss_con: -2.551 energy_loss: 3.241
[GPU4] epochs: [341/800] train_loss_con: -2.543 energy_loss: 3.110
[GPU4] epochs: [342/800] train_loss_con: -2.556 energy_loss: 3.140
[GPU4] epochs: [343/800] train_loss_con: -2.531 energy_loss: 3.243
[GPU4] epochs: [344/800] train_loss_con: -2.510 energy_loss: 3.140
[GPU4] epochs: [345/800] train_loss_con: -2.549 energy_loss: 3.190
[GPU4] epochs: [346/800] train_loss_con: -2.556 energy_loss: 3.101
[GPU4] epochs: [347/800] train_loss_con: -2.582 energy_loss: 3.041
[GPU4] epochs: [348/800] train_loss_con: -2.472 energy_loss: 3.163
[GPU4] epochs: [349/800] train_loss_con: -2.463 energy_loss: 3.194
[GPU4] epochs: [350/800] train_loss_con: -2.439 energy_loss: 3.016
[GPU4] epochs: [351/800] train_loss_con: -2.444 energy_loss: 3.122
[GPU4] epochs: [352/800] train_loss_con: -2.440 energy_loss: 3.192
[GPU4] epochs: [353/800] train_loss_con: -2.449 energy_loss: 3.199
[GPU4] epochs: [354/800] train_loss_con: -2.462 energy_loss: 3.139
[GPU4] epochs: [355/800] train_loss_con: -2.495 energy_loss: 3.230
[GPU4] epochs: [356/800] train_loss_con: -2.501 energy_loss: 3.308
[GPU4] epochs: [357/800] train_loss_con: -2.532 energy_loss: 3.029
[GPU4] epochs: [358/800] train_loss_con: -2.534 energy_loss: 3.149
[GPU4] epochs: [359/800] train_loss_con: -2.534 energy_loss: 3.223
[GPU4] epochs: [360/800] train_loss_con: -2.547 energy_loss: 3.188
[GPU4] epochs: [361/800] train_loss_con: -2.450 energy_loss: 3.245
[GPU4] epochs: [362/800] train_loss_con: -2.530 energy_loss: 3.227
[GPU4] epochs: [363/800] train_loss_con: -2.549 energy_loss: 3.160
[GPU4] epochs: [364/800] train_loss_con: -2.545 energy_loss: 3.105
[GPU4] epochs: [365/800] train_loss_con: -2.543 energy_loss: 3.050
[GPU4] epochs: [366/800] train_loss_con: -2.524 energy_loss: 3.186
[GPU4] epochs: [367/800] train_loss_con: -2.571 energy_loss: 3.159
[GPU4] epochs: [368/800] train_loss_con: -2.558 energy_loss: 3.137
[GPU4] epochs: [369/800] train_loss_con: -2.559 energy_loss: 3.183
[GPU4] epochs: [370/800] train_loss_con: -2.601 energy_loss: 3.127
[GPU4] epochs: [371/800] train_loss_con: -2.608 energy_loss: 3.016
[GPU4] epochs: [372/800] train_loss_con: -2.602 energy_loss: 3.229
[GPU4] epochs: [373/800] train_loss_con: -2.564 energy_loss: 3.401
[GPU4] epochs: [374/800] train_loss_con: -2.599 energy_loss: 3.287
[GPU4] epochs: [375/800] train_loss_con: -2.627 energy_loss: 3.059
[GPU4] epochs: [376/800] train_loss_con: -2.619 energy_loss: 3.027
[GPU4] epochs: [377/800] train_loss_con: -2.649 energy_loss: 3.112
[GPU4] epochs: [378/800] train_loss_con: -2.636 energy_loss: 3.152
[GPU4] epochs: [379/800] train_loss_con: -2.620 energy_loss: 3.069
[GPU4] epochs: [380/800] train_loss_con: -2.645 energy_loss: 3.143
[GPU4] epochs: [381/800] train_loss_con: -2.632 energy_loss: 3.201
[GPU4] epochs: [382/800] train_loss_con: -2.629 energy_loss: 3.143
[GPU4] epochs: [383/800] train_loss_con: -2.623 energy_loss: 3.067
[GPU4] epochs: [384/800] train_loss_con: -2.635 energy_loss: 3.167
[GPU4] epochs: [385/800] train_loss_con: -2.642 energy_loss: 3.161
[GPU4] epochs: [386/800] train_loss_con: -2.561 energy_loss: 3.172
[GPU4] epochs: [387/800] train_loss_con: -2.597 energy_loss: 3.323
[GPU4] epochs: [388/800] train_loss_con: -2.576 energy_loss: 3.378
[GPU4] epochs: [389/800] train_loss_con: -2.592 energy_loss: 3.238
[GPU4] epochs: [390/800] train_loss_con: -2.569 energy_loss: 3.035
[GPU4] epochs: [391/800] train_loss_con: -2.613 energy_loss: 3.159
[GPU4] epochs: [392/800] train_loss_con: -2.614 energy_loss: 3.171
[GPU4] epochs: [393/800] train_loss_con: -2.651 energy_loss: 3.063
[GPU4] epochs: [394/800] train_loss_con: -2.628 energy_loss: 3.138
[GPU4] epochs: [395/800] train_loss_con: -2.639 energy_loss: 3.182
[GPU4] epochs: [396/800] train_loss_con: -2.641 energy_loss: 3.114
[GPU4] epochs: [397/800] train_loss_con: -2.611 energy_loss: 3.095
[GPU4] epochs: [398/800] train_loss_con: -2.557 energy_loss: 3.132
[GPU4] epochs: [399/800] train_loss_con: -2.624 energy_loss: 3.071
[GPU4] epochs: [400/800] train_loss_con: -2.502 energy_loss: 3.157
[GPU4] epochs: [401/800] train_loss_con: -2.558 energy_loss: 3.187
[GPU4] epochs: [402/800] train_loss_con: -2.580 energy_loss: 3.078
[GPU4] epochs: [403/800] train_loss_con: -2.516 energy_loss: 3.298
[GPU4] epochs: [404/800] train_loss_con: -2.583 energy_loss: 3.283
[GPU4] epochs: [405/800] train_loss_con: -2.540 energy_loss: 3.208
[GPU4] epochs: [406/800] train_loss_con: -2.547 energy_loss: 3.123
[GPU4] epochs: [407/800] train_loss_con: -2.488 energy_loss: 3.252
[GPU4] epochs: [408/800] train_loss_con: -2.570 energy_loss: 3.081
[GPU4] epochs: [409/800] train_loss_con: -2.593 energy_loss: 3.006
[GPU4] epochs: [410/800] train_loss_con: -2.607 energy_loss: 3.060
[GPU4] epochs: [411/800] train_loss_con: -2.600 energy_loss: 3.094
[GPU4] epochs: [412/800] train_loss_con: -2.604 energy_loss: 3.014
[GPU4] epochs: [413/800] train_loss_con: -2.625 energy_loss: 3.048
[GPU4] epochs: [414/800] train_loss_con: -2.595 energy_loss: 3.128
[GPU4] epochs: [415/800] train_loss_con: -2.617 energy_loss: 3.064
[GPU4] epochs: [416/800] train_loss_con: -2.590 energy_loss: 3.061
[GPU4] epochs: [417/800] train_loss_con: -2.630 energy_loss: 3.103
[GPU4] epochs: [418/800] train_loss_con: -2.622 energy_loss: 2.963
[GPU4] epochs: [419/800] train_loss_con: -2.615 energy_loss: 3.144
[GPU4] epochs: [420/800] train_loss_con: -2.623 energy_loss: 3.110
[GPU4] epochs: [421/800] train_loss_con: -2.630 energy_loss: 2.908
[GPU4] epochs: [422/800] train_loss_con: -2.646 energy_loss: 3.069
[GPU4] epochs: [423/800] train_loss_con: -2.499 energy_loss: 3.155
[GPU4] epochs: [424/800] train_loss_con: -2.532 energy_loss: 3.034
[GPU4] epochs: [425/800] train_loss_con: -2.465 energy_loss: 3.013
[GPU4] epochs: [426/800] train_loss_con: -2.529 energy_loss: 3.108
[GPU4] epochs: [427/800] train_loss_con: -2.568 energy_loss: 3.101
[GPU4] epochs: [428/800] train_loss_con: -2.550 energy_loss: 3.030
[GPU4] epochs: [429/800] train_loss_con: -2.555 energy_loss: 2.949
[GPU4] epochs: [430/800] train_loss_con: -2.416 energy_loss: 3.238
[GPU4] epochs: [431/800] train_loss_con: -2.533 energy_loss: 3.127
[GPU4] epochs: [432/800] train_loss_con: -2.560 energy_loss: 2.943
[GPU4] epochs: [433/800] train_loss_con: -2.512 energy_loss: 3.162
[GPU4] epochs: [434/800] train_loss_con: -2.488 energy_loss: 3.217
[GPU4] epochs: [435/800] train_loss_con: -2.535 energy_loss: 3.091
[GPU4] epochs: [436/800] train_loss_con: -2.508 energy_loss: 3.055
[GPU4] epochs: [437/800] train_loss_con: -2.525 energy_loss: 3.175
[GPU4] epochs: [438/800] train_loss_con: -2.532 energy_loss: 3.049
[GPU4] epochs: [439/800] train_loss_con: -2.556 energy_loss: 3.042
[GPU4] epochs: [440/800] train_loss_con: -2.584 energy_loss: 3.060
[GPU4] epochs: [441/800] train_loss_con: -2.582 energy_loss: 3.036
[GPU4] epochs: [442/800] train_loss_con: -2.588 energy_loss: 3.094
[GPU4] epochs: [443/800] train_loss_con: -2.576 energy_loss: 3.012
[GPU4] epochs: [444/800] train_loss_con: -2.460 energy_loss: 3.185
[GPU4] epochs: [445/800] train_loss_con: -2.515 energy_loss: 3.089
[GPU4] epochs: [446/800] train_loss_con: -2.493 energy_loss: 3.206
[GPU4] epochs: [447/800] train_loss_con: -2.495 energy_loss: 3.362
[GPU4] epochs: [448/800] train_loss_con: -2.541 energy_loss: 3.242
[GPU4] epochs: [449/800] train_loss_con: -2.575 energy_loss: 3.077
[GPU4] epochs: [450/800] train_loss_con: -2.590 energy_loss: 3.076
[GPU4] epochs: [451/800] train_loss_con: -2.577 energy_loss: 3.154
[GPU4] epochs: [452/800] train_loss_con: -2.592 energy_loss: 3.210
[GPU4] epochs: [453/800] train_loss_con: -2.598 energy_loss: 3.132
[GPU4] epochs: [454/800] train_loss_con: -2.554 energy_loss: 3.245
[GPU4] epochs: [455/800] train_loss_con: -2.594 energy_loss: 3.268
[GPU4] epochs: [456/800] train_loss_con: -2.610 energy_loss: 3.054
[GPU4] epochs: [457/800] train_loss_con: -2.584 energy_loss: 3.185
[GPU4] epochs: [458/800] train_loss_con: -2.554 energy_loss: 3.135
[GPU4] epochs: [459/800] train_loss_con: -2.602 energy_loss: 3.188
[GPU4] epochs: [460/800] train_loss_con: -2.604 energy_loss: 3.130
[GPU4] epochs: [461/800] train_loss_con: -2.602 energy_loss: 3.082
[GPU4] epochs: [462/800] train_loss_con: -2.574 energy_loss: 3.060
[GPU4] epochs: [463/800] train_loss_con: -2.612 energy_loss: 3.123
[GPU4] epochs: [464/800] train_loss_con: -2.646 energy_loss: 3.070
[GPU4] epochs: [465/800] train_loss_con: -2.638 energy_loss: 3.301
[GPU4] epochs: [466/800] train_loss_con: -2.549 energy_loss: 3.140
[GPU4] epochs: [467/800] train_loss_con: -2.583 energy_loss: 3.350
[GPU4] epochs: [468/800] train_loss_con: -2.621 energy_loss: 3.147
[GPU4] epochs: [469/800] train_loss_con: -2.465 energy_loss: 3.628
[GPU4] epochs: [470/800] train_loss_con: -2.572 energy_loss: 3.411
[GPU4] epochs: [471/800] train_loss_con: -2.538 energy_loss: 3.163
[GPU4] epochs: [472/800] train_loss_con: -2.559 energy_loss: 3.071
[GPU4] epochs: [473/800] train_loss_con: -2.546 energy_loss: 3.069
[GPU4] epochs: [474/800] train_loss_con: -2.520 energy_loss: 3.066
[GPU4] epochs: [475/800] train_loss_con: -2.539 energy_loss: 2.918
[GPU4] epochs: [476/800] train_loss_con: -2.548 energy_loss: 3.038
[GPU4] epochs: [477/800] train_loss_con: -2.543 energy_loss: 3.100
[GPU4] epochs: [478/800] train_loss_con: -2.563 energy_loss: 2.981
[GPU4] epochs: [479/800] train_loss_con: -2.586 energy_loss: 2.980
[GPU4] epochs: [480/800] train_loss_con: -2.581 energy_loss: 2.965
[GPU4] epochs: [481/800] train_loss_con: -2.593 energy_loss: 2.965
[GPU4] epochs: [482/800] train_loss_con: -2.580 energy_loss: 2.953
[GPU4] epochs: [483/800] train_loss_con: -2.591 energy_loss: 2.892
[GPU4] epochs: [484/800] train_loss_con: -2.595 energy_loss: 2.943
[GPU4] epochs: [485/800] train_loss_con: -2.570 energy_loss: 2.946
[GPU4] epochs: [486/800] train_loss_con: -2.549 energy_loss: 2.990
[GPU4] epochs: [487/800] train_loss_con: -2.585 energy_loss: 2.985
[GPU4] epochs: [488/800] train_loss_con: -2.530 energy_loss: 3.004
[GPU4] epochs: [489/800] train_loss_con: -2.595 energy_loss: 3.077
[GPU4] epochs: [490/800] train_loss_con: -2.591 energy_loss: 2.957
[GPU4] epochs: [491/800] train_loss_con: -2.562 energy_loss: 3.077
[GPU4] epochs: [492/800] train_loss_con: -2.558 energy_loss: 3.134
[GPU4] epochs: [493/800] train_loss_con: -2.549 energy_loss: 3.271
[GPU4] epochs: [494/800] train_loss_con: -2.594 energy_loss: 3.082
[GPU4] epochs: [495/800] train_loss_con: -2.614 energy_loss: 3.084
[GPU4] epochs: [496/800] train_loss_con: -2.630 energy_loss: 2.961
[GPU4] epochs: [497/800] train_loss_con: -2.630 energy_loss: 3.000
[GPU4] epochs: [498/800] train_loss_con: -2.638 energy_loss: 3.045
[GPU4] epochs: [499/800] train_loss_con: -2.653 energy_loss: 2.923
[GPU4] epochs: [500/800] train_loss_con: -2.538 energy_loss: 3.111
[GPU4] epochs: [501/800] train_loss_con: -2.582 energy_loss: 3.081
[GPU4] epochs: [502/800] train_loss_con: -2.650 energy_loss: 2.977
[GPU4] epochs: [503/800] train_loss_con: -2.669 energy_loss: 2.990
[GPU4] epochs: [504/800] train_loss_con: -2.671 energy_loss: 3.005
[GPU4] epochs: [505/800] train_loss_con: -2.659 energy_loss: 3.046
[GPU4] epochs: [506/800] train_loss_con: -2.675 energy_loss: 3.007
[GPU4] epochs: [507/800] train_loss_con: -2.612 energy_loss: 2.971
[GPU4] epochs: [508/800] train_loss_con: -2.672 energy_loss: 3.020
[GPU4] epochs: [509/800] train_loss_con: -2.675 energy_loss: 3.044
[GPU4] epochs: [510/800] train_loss_con: -2.660 energy_loss: 3.165
[GPU4] epochs: [511/800] train_loss_con: -2.659 energy_loss: 3.075
[GPU4] epochs: [512/800] train_loss_con: -2.654 energy_loss: 3.031
[GPU4] epochs: [513/800] train_loss_con: -2.658 energy_loss: 3.031
[GPU4] epochs: [514/800] train_loss_con: -2.670 energy_loss: 3.130
[GPU4] epochs: [515/800] train_loss_con: -2.664 energy_loss: 3.108
[GPU4] epochs: [516/800] train_loss_con: -2.682 energy_loss: 2.945
[GPU4] epochs: [517/800] train_loss_con: -2.693 energy_loss: 3.109
[GPU4] epochs: [518/800] train_loss_con: -2.708 energy_loss: 3.105
[GPU4] epochs: [519/800] train_loss_con: -2.481 energy_loss: 3.144
[GPU4] epochs: [520/800] train_loss_con: -2.610 energy_loss: 3.043
[GPU4] epochs: [521/800] train_loss_con: -2.627 energy_loss: 3.087
[GPU4] epochs: [522/800] train_loss_con: -2.528 energy_loss: 3.102
[GPU4] epochs: [523/800] train_loss_con: -2.609 energy_loss: 3.071
[GPU4] epochs: [524/800] train_loss_con: -2.638 energy_loss: 3.094
[GPU4] epochs: [525/800] train_loss_con: -2.656 energy_loss: 3.038
[GPU4] epochs: [526/800] train_loss_con: -2.635 energy_loss: 3.089
[GPU4] epochs: [527/800] train_loss_con: -2.651 energy_loss: 3.066
[GPU4] epochs: [528/800] train_loss_con: -2.635 energy_loss: 3.128
[GPU4] epochs: [529/800] train_loss_con: -2.651 energy_loss: 3.075
[GPU4] epochs: [530/800] train_loss_con: -2.690 energy_loss: 2.968
[GPU4] epochs: [531/800] train_loss_con: -2.697 energy_loss: 3.005
[GPU4] epochs: [532/800] train_loss_con: -2.675 energy_loss: 3.059
[GPU4] epochs: [533/800] train_loss_con: -2.650 energy_loss: 3.090
[GPU4] epochs: [534/800] train_loss_con: -2.640 energy_loss: 3.179
[GPU4] epochs: [535/800] train_loss_con: -2.677 energy_loss: 3.147
[GPU4] epochs: [536/800] train_loss_con: -2.685 energy_loss: 3.042
[GPU4] epochs: [537/800] train_loss_con: -2.689 energy_loss: 2.977
[GPU4] epochs: [538/800] train_loss_con: -2.695 energy_loss: 3.050
[GPU4] epochs: [539/800] train_loss_con: -2.686 energy_loss: 2.992
[GPU4] epochs: [540/800] train_loss_con: -2.707 energy_loss: 3.190
[GPU4] epochs: [541/800] train_loss_con: -2.659 energy_loss: 3.027
[GPU4] epochs: [542/800] train_loss_con: -2.711 energy_loss: 3.041
[GPU4] epochs: [543/800] train_loss_con: -2.712 energy_loss: 3.170
[GPU4] epochs: [544/800] train_loss_con: -2.731 energy_loss: 3.069
[GPU4] epochs: [545/800] train_loss_con: -2.643 energy_loss: 3.051
[GPU4] epochs: [546/800] train_loss_con: -2.721 energy_loss: 3.080
[GPU4] epochs: [547/800] train_loss_con: -2.724 energy_loss: 3.017
[GPU4] epochs: [548/800] train_loss_con: -2.642 energy_loss: 3.153
[GPU4] epochs: [549/800] train_loss_con: -2.713 energy_loss: 3.200
[GPU4] epochs: [550/800] train_loss_con: -2.689 energy_loss: 3.143
[GPU4] epochs: [551/800] train_loss_con: -2.741 energy_loss: 3.193
[GPU4] epochs: [552/800] train_loss_con: -2.626 energy_loss: 3.499
[GPU4] epochs: [553/800] train_loss_con: -2.674 energy_loss: 3.312
[GPU4] epochs: [554/800] train_loss_con: -2.596 energy_loss: 3.317
[GPU4] epochs: [555/800] train_loss_con: -2.706 energy_loss: 3.054
[GPU4] epochs: [556/800] train_loss_con: -2.726 energy_loss: 3.157
[GPU4] epochs: [557/800] train_loss_con: -2.724 energy_loss: 3.174
[GPU4] epochs: [558/800] train_loss_con: -2.711 energy_loss: 3.117
[GPU4] epochs: [559/800] train_loss_con: -2.731 energy_loss: 3.085
[GPU4] epochs: [560/800] train_loss_con: -2.716 energy_loss: 3.125
[GPU4] epochs: [561/800] train_loss_con: -2.736 energy_loss: 3.110
[GPU4] epochs: [562/800] train_loss_con: -2.729 energy_loss: 3.123
[GPU4] epochs: [563/800] train_loss_con: -2.716 energy_loss: 3.080
[GPU4] epochs: [564/800] train_loss_con: -2.719 energy_loss: 3.033
[GPU4] epochs: [565/800] train_loss_con: -2.751 energy_loss: 3.093
[GPU4] epochs: [566/800] train_loss_con: -2.725 energy_loss: 3.085
[GPU4] epochs: [567/800] train_loss_con: -2.741 energy_loss: 3.185
[GPU4] epochs: [568/800] train_loss_con: -2.683 energy_loss: 3.170
[GPU4] epochs: [569/800] train_loss_con: -2.722 energy_loss: 3.083
[GPU4] epochs: [570/800] train_loss_con: -2.753 energy_loss: 3.102
[GPU4] epochs: [571/800] train_loss_con: -2.735 energy_loss: 3.001
[GPU4] epochs: [572/800] train_loss_con: -2.690 energy_loss: 3.143
[GPU4] epochs: [573/800] train_loss_con: -2.721 energy_loss: 3.106
[GPU4] epochs: [574/800] train_loss_con: -2.735 energy_loss: 3.113
[GPU4] epochs: [575/800] train_loss_con: -2.715 energy_loss: 3.009
[GPU4] epochs: [576/800] train_loss_con: -2.745 energy_loss: 3.088
[GPU4] epochs: [577/800] train_loss_con: -2.724 energy_loss: 3.021
[GPU4] epochs: [578/800] train_loss_con: -2.715 energy_loss: 3.067
[GPU4] epochs: [579/800] train_loss_con: -2.719 energy_loss: 3.089
[GPU4] epochs: [580/800] train_loss_con: -2.758 energy_loss: 3.161
[GPU4] epochs: [581/800] train_loss_con: -2.736 energy_loss: 3.040
[GPU4] epochs: [582/800] train_loss_con: -2.737 energy_loss: 2.954
[GPU4] epochs: [583/800] train_loss_con: -2.756 energy_loss: 3.176
[GPU4] epochs: [584/800] train_loss_con: -2.746 energy_loss: 3.108
[GPU4] epochs: [585/800] train_loss_con: -2.750 energy_loss: 3.094
[GPU4] epochs: [586/800] train_loss_con: -2.758 energy_loss: 3.019
[GPU4] epochs: [587/800] train_loss_con: -2.751 energy_loss: 3.027
[GPU4] epochs: [588/800] train_loss_con: -2.540 energy_loss: 3.206
[GPU4] epochs: [589/800] train_loss_con: -2.640 energy_loss: 3.094
[GPU4] epochs: [590/800] train_loss_con: -2.708 energy_loss: 3.105
[GPU4] epochs: [591/800] train_loss_con: -2.664 energy_loss: 3.240
[GPU4] epochs: [592/800] train_loss_con: -2.465 energy_loss: 3.327
[GPU4] epochs: [593/800] train_loss_con: -2.634 energy_loss: 3.295
[GPU4] epochs: [594/800] train_loss_con: -2.679 energy_loss: 3.183
[GPU4] epochs: [595/800] train_loss_con: -2.700 energy_loss: 3.142
[GPU4] epochs: [596/800] train_loss_con: -2.716 energy_loss: 3.218
[GPU4] epochs: [597/800] train_loss_con: -2.689 energy_loss: 3.154
[GPU4] epochs: [598/800] train_loss_con: -2.627 energy_loss: 3.069
[GPU4] epochs: [599/800] train_loss_con: -2.690 energy_loss: 3.100
[GPU4] epochs: [600/800] train_loss_con: -2.694 energy_loss: 3.085
[GPU4] epochs: [601/800] train_loss_con: -2.705 energy_loss: 3.216
[GPU4] epochs: [602/800] train_loss_con: -2.718 energy_loss: 3.159
[GPU4] epochs: [603/800] train_loss_con: -2.731 energy_loss: 3.116
[GPU4] epochs: [604/800] train_loss_con: -2.747 energy_loss: 3.141
[GPU4] epochs: [605/800] train_loss_con: -2.753 energy_loss: 3.080
[GPU4] epochs: [606/800] train_loss_con: -2.736 energy_loss: 3.077
[GPU4] epochs: [607/800] train_loss_con: -2.606 energy_loss: 3.154
[GPU4] epochs: [608/800] train_loss_con: -2.710 energy_loss: 3.057
[GPU4] epochs: [609/800] train_loss_con: -2.733 energy_loss: 3.159
[GPU4] epochs: [610/800] train_loss_con: -2.753 energy_loss: 3.245
[GPU4] epochs: [611/800] train_loss_con: -2.744 energy_loss: 3.248
[GPU4] epochs: [612/800] train_loss_con: -2.764 energy_loss: 3.182
[GPU4] epochs: [613/800] train_loss_con: -2.769 energy_loss: 3.204
[GPU4] epochs: [614/800] train_loss_con: -2.747 energy_loss: 3.253
[GPU4] epochs: [615/800] train_loss_con: -2.759 energy_loss: 3.144
[GPU4] epochs: [616/800] train_loss_con: -2.776 energy_loss: 3.160
[GPU4] epochs: [617/800] train_loss_con: -2.777 energy_loss: 3.130
[GPU4] epochs: [618/800] train_loss_con: -2.771 energy_loss: 3.202
[GPU4] epochs: [619/800] train_loss_con: -2.783 energy_loss: 3.143
[GPU4] epochs: [620/800] train_loss_con: -2.742 energy_loss: 3.295
[GPU4] epochs: [621/800] train_loss_con: -2.780 energy_loss: 3.218
[GPU4] epochs: [622/800] train_loss_con: -2.781 energy_loss: 3.115
[GPU4] epochs: [623/800] train_loss_con: -2.781 energy_loss: 3.197
[GPU4] epochs: [624/800] train_loss_con: -2.774 energy_loss: 3.126
[GPU4] epochs: [625/800] train_loss_con: -2.779 energy_loss: 3.130
[GPU4] epochs: [626/800] train_loss_con: -2.793 energy_loss: 3.184
[GPU4] epochs: [627/800] train_loss_con: -2.727 energy_loss: 3.098
[GPU4] epochs: [628/800] train_loss_con: -2.775 energy_loss: 3.259
[GPU4] epochs: [629/800] train_loss_con: -2.794 energy_loss: 3.217
[GPU4] epochs: [630/800] train_loss_con: -2.754 energy_loss: 3.273
[GPU4] epochs: [631/800] train_loss_con: -2.720 energy_loss: 3.219
[GPU4] epochs: [632/800] train_loss_con: -2.764 energy_loss: 3.219
[GPU4] epochs: [633/800] train_loss_con: -2.788 energy_loss: 3.227
[GPU4] epochs: [634/800] train_loss_con: -2.794 energy_loss: 3.258
[GPU4] epochs: [635/800] train_loss_con: -2.795 energy_loss: 3.330
[GPU4] epochs: [636/800] train_loss_con: -2.760 energy_loss: 3.369
[GPU4] epochs: [637/800] train_loss_con: -2.784 energy_loss: 3.282
[GPU4] epochs: [638/800] train_loss_con: -2.765 energy_loss: 3.334
[GPU4] epochs: [639/800] train_loss_con: -2.791 energy_loss: 3.324
[GPU4] epochs: [640/800] train_loss_con: -2.804 energy_loss: 3.334
[GPU4] epochs: [641/800] train_loss_con: -2.804 energy_loss: 3.292
[GPU4] epochs: [642/800] train_loss_con: -2.760 energy_loss: 3.247
[GPU4] epochs: [643/800] train_loss_con: -2.780 energy_loss: 3.298
[GPU4] epochs: [644/800] train_loss_con: -2.804 energy_loss: 3.197
[GPU4] epochs: [645/800] train_loss_con: -2.797 energy_loss: 3.316
[GPU4] epochs: [646/800] train_loss_con: -2.819 energy_loss: 3.193
[GPU4] epochs: [647/800] train_loss_con: -2.805 energy_loss: 3.321
[GPU4] epochs: [648/800] train_loss_con: -2.811 energy_loss: 3.304
[GPU4] epochs: [649/800] train_loss_con: -2.814 energy_loss: 3.302
[GPU4] epochs: [650/800] train_loss_con: -2.757 energy_loss: 3.394
[GPU4] epochs: [651/800] train_loss_con: -2.782 energy_loss: 3.217
[GPU4] epochs: [652/800] train_loss_con: -2.805 energy_loss: 3.272
[GPU4] epochs: [653/800] train_loss_con: -2.795 energy_loss: 3.461
[GPU4] epochs: [654/800] train_loss_con: -2.788 energy_loss: 3.388
[GPU4] epochs: [655/800] train_loss_con: -2.823 energy_loss: 3.334
[GPU4] epochs: [656/800] train_loss_con: -2.799 energy_loss: 3.293
[GPU4] epochs: [657/800] train_loss_con: -2.813 energy_loss: 3.269
[GPU4] epochs: [658/800] train_loss_con: -2.787 energy_loss: 3.266
[GPU4] epochs: [659/800] train_loss_con: -2.790 energy_loss: 3.298
[GPU4] epochs: [660/800] train_loss_con: -2.804 energy_loss: 3.299
[GPU4] epochs: [661/800] train_loss_con: -2.823 energy_loss: 3.342
[GPU4] epochs: [662/800] train_loss_con: -2.817 energy_loss: 3.283
[GPU4] epochs: [663/800] train_loss_con: -2.772 energy_loss: 3.304
[GPU4] epochs: [664/800] train_loss_con: -2.806 energy_loss: 3.313
[GPU4] epochs: [665/800] train_loss_con: -2.825 energy_loss: 3.352
[GPU4] epochs: [666/800] train_loss_con: -2.821 energy_loss: 3.390
[GPU4] epochs: [667/800] train_loss_con: -2.818 energy_loss: 3.360
[GPU4] epochs: [668/800] train_loss_con: -2.810 energy_loss: 3.231
[GPU4] epochs: [669/800] train_loss_con: -2.822 energy_loss: 3.399
[GPU4] epochs: [670/800] train_loss_con: -2.796 energy_loss: 3.266
[GPU4] epochs: [671/800] train_loss_con: -2.822 energy_loss: 3.311
[GPU4] epochs: [672/800] train_loss_con: -2.832 energy_loss: 3.256
[GPU4] epochs: [673/800] train_loss_con: -2.812 energy_loss: 3.260
[GPU4] epochs: [674/800] train_loss_con: -2.832 energy_loss: 3.267
[GPU4] epochs: [675/800] train_loss_con: -2.834 energy_loss: 3.319
[GPU4] epochs: [676/800] train_loss_con: -2.844 energy_loss: 3.306
[GPU4] epochs: [677/800] train_loss_con: -2.830 energy_loss: 3.289
[GPU4] epochs: [678/800] train_loss_con: -2.827 energy_loss: 3.250
[GPU4] epochs: [679/800] train_loss_con: -2.839 energy_loss: 3.268
[GPU4] epochs: [680/800] train_loss_con: -2.836 energy_loss: 3.349
[GPU4] epochs: [681/800] train_loss_con: -2.824 energy_loss: 3.278
[GPU4] epochs: [682/800] train_loss_con: -2.799 energy_loss: 3.178
[GPU4] epochs: [683/800] train_loss_con: -2.838 energy_loss: 3.268
[GPU4] epochs: [684/800] train_loss_con: -2.827 energy_loss: 3.274
[GPU4] epochs: [685/800] train_loss_con: -2.823 energy_loss: 3.296
[GPU4] epochs: [686/800] train_loss_con: -2.733 energy_loss: 3.250
[GPU4] epochs: [687/800] train_loss_con: -2.801 energy_loss: 3.241
[GPU4] epochs: [688/800] train_loss_con: -2.842 energy_loss: 3.253
[GPU4] epochs: [689/800] train_loss_con: -2.827 energy_loss: 3.291
[GPU4] epochs: [690/800] train_loss_con: -2.840 energy_loss: 3.348
[GPU4] epochs: [691/800] train_loss_con: -2.841 energy_loss: 3.262
[GPU4] epochs: [692/800] train_loss_con: -2.818 energy_loss: 3.296
[GPU4] epochs: [693/800] train_loss_con: -2.834 energy_loss: 3.356
[GPU4] epochs: [694/800] train_loss_con: -2.839 energy_loss: 3.346
[GPU4] epochs: [695/800] train_loss_con: -2.865 energy_loss: 3.327
[GPU4] epochs: [696/800] train_loss_con: -2.837 energy_loss: 3.258
[GPU4] epochs: [697/800] train_loss_con: -2.867 energy_loss: 3.321
[GPU4] epochs: [698/800] train_loss_con: -2.839 energy_loss: 3.342
[GPU4] epochs: [699/800] train_loss_con: -2.833 energy_loss: 3.297
[GPU4] epochs: [700/800] train_loss_con: -2.853 energy_loss: 3.305
[GPU4] epochs: [701/800] train_loss_con: -2.832 energy_loss: 3.271
[GPU4] epochs: [702/800] train_loss_con: -2.854 energy_loss: 3.266
[GPU4] epochs: [703/800] train_loss_con: -2.856 energy_loss: 3.278
[GPU4] epochs: [704/800] train_loss_con: -2.855 energy_loss: 3.192
[GPU4] epochs: [705/800] train_loss_con: -2.847 energy_loss: 3.262
[GPU4] epochs: [706/800] train_loss_con: -2.849 energy_loss: 3.311
[GPU4] epochs: [707/800] train_loss_con: -2.856 energy_loss: 3.213
[GPU4] epochs: [708/800] train_loss_con: -2.862 energy_loss: 3.225
[GPU4] epochs: [709/800] train_loss_con: -2.874 energy_loss: 3.273
[GPU4] epochs: [710/800] train_loss_con: -2.875 energy_loss: 3.113
[GPU4] epochs: [711/800] train_loss_con: -2.865 energy_loss: 3.217
[GPU4] epochs: [712/800] train_loss_con: -2.863 energy_loss: 3.229
[GPU4] epochs: [713/800] train_loss_con: -2.868 energy_loss: 3.236
[GPU4] epochs: [714/800] train_loss_con: -2.878 energy_loss: 3.177
[GPU4] epochs: [715/800] train_loss_con: -2.869 energy_loss: 3.268
[GPU4] epochs: [716/800] train_loss_con: -2.868 energy_loss: 3.224
[GPU4] epochs: [717/800] train_loss_con: -2.874 energy_loss: 3.069
[GPU4] epochs: [718/800] train_loss_con: -2.870 energy_loss: 3.202
[GPU4] epochs: [719/800] train_loss_con: -2.864 energy_loss: 3.115
[GPU4] epochs: [720/800] train_loss_con: -2.859 energy_loss: 3.151
[GPU4] epochs: [721/800] train_loss_con: -2.876 energy_loss: 3.143
[GPU4] epochs: [722/800] train_loss_con: -2.876 energy_loss: 3.106
[GPU4] epochs: [723/800] train_loss_con: -2.875 energy_loss: 3.128
[GPU4] epochs: [724/800] train_loss_con: -2.868 energy_loss: 3.129
[GPU4] epochs: [725/800] train_loss_con: -2.876 energy_loss: 3.226
[GPU4] epochs: [726/800] train_loss_con: -2.865 energy_loss: 3.200
[GPU4] epochs: [727/800] train_loss_con: -2.873 energy_loss: 3.253
[GPU4] epochs: [728/800] train_loss_con: -2.871 energy_loss: 3.227
[GPU4] epochs: [729/800] train_loss_con: -2.876 energy_loss: 2.977
[GPU4] epochs: [730/800] train_loss_con: -2.853 energy_loss: 3.160
[GPU4] epochs: [731/800] train_loss_con: -2.880 energy_loss: 3.121
[GPU4] epochs: [732/800] train_loss_con: -2.883 energy_loss: 3.077
[GPU4] epochs: [733/800] train_loss_con: -2.875 energy_loss: 3.057
[GPU4] epochs: [734/800] train_loss_con: -2.897 energy_loss: 3.096
[GPU4] epochs: [735/800] train_loss_con: -2.881 energy_loss: 3.045
[GPU4] epochs: [736/800] train_loss_con: -2.897 energy_loss: 3.072
[GPU4] epochs: [737/800] train_loss_con: -2.874 energy_loss: 3.119
[GPU4] epochs: [738/800] train_loss_con: -2.885 energy_loss: 3.080
[GPU4] epochs: [739/800] train_loss_con: -2.878 energy_loss: 3.092
[GPU4] epochs: [740/800] train_loss_con: -2.858 energy_loss: 3.059
[GPU4] epochs: [741/800] train_loss_con: -2.882 energy_loss: 3.052
[GPU4] epochs: [742/800] train_loss_con: -2.897 energy_loss: 3.071
[GPU4] epochs: [743/800] train_loss_con: -2.889 energy_loss: 3.023
[GPU4] epochs: [744/800] train_loss_con: -2.891 energy_loss: 3.134
[GPU4] epochs: [745/800] train_loss_con: -2.889 energy_loss: 3.079
[GPU4] epochs: [746/800] train_loss_con: -2.890 energy_loss: 2.981
[GPU4] epochs: [747/800] train_loss_con: -2.899 energy_loss: 3.107
[GPU4] epochs: [748/800] train_loss_con: -2.905 energy_loss: 3.046
[GPU4] epochs: [749/800] train_loss_con: -2.892 energy_loss: 3.023
[GPU4] epochs: [750/800] train_loss_con: -2.879 energy_loss: 3.065
[GPU4] epochs: [751/800] train_loss_con: -2.886 energy_loss: 3.061
[GPU4] epochs: [752/800] train_loss_con: -2.896 energy_loss: 3.024
[GPU4] epochs: [753/800] train_loss_con: -2.902 energy_loss: 3.221
[GPU4] epochs: [754/800] train_loss_con: -2.892 energy_loss: 3.092
[GPU4] epochs: [755/800] train_loss_con: -2.827 energy_loss: 3.054
[GPU4] epochs: [756/800] train_loss_con: -2.843 energy_loss: 2.988
[GPU4] epochs: [757/800] train_loss_con: -2.875 energy_loss: 3.005
[GPU4] epochs: [758/800] train_loss_con: -2.885 energy_loss: 2.910
[GPU4] epochs: [759/800] train_loss_con: -2.892 energy_loss: 3.027
[GPU4] epochs: [760/800] train_loss_con: -2.891 energy_loss: 3.048
[GPU4] epochs: [761/800] train_loss_con: -2.890 energy_loss: 2.902
[GPU4] epochs: [762/800] train_loss_con: -2.894 energy_loss: 3.009
[GPU4] epochs: [763/800] train_loss_con: -2.891 energy_loss: 3.002
[GPU4] epochs: [764/800] train_loss_con: -2.892 energy_loss: 3.032
[GPU4] epochs: [765/800] train_loss_con: -2.903 energy_loss: 2.907
[GPU4] epochs: [766/800] train_loss_con: -2.883 energy_loss: 3.030
[GPU4] epochs: [767/800] train_loss_con: -2.899 energy_loss: 3.013
[GPU4] epochs: [768/800] train_loss_con: -2.897 energy_loss: 3.047
[GPU4] epochs: [769/800] train_loss_con: -2.890 energy_loss: 2.928
[GPU4] epochs: [770/800] train_loss_con: -2.908 energy_loss: 3.024
[GPU4] epochs: [771/800] train_loss_con: -2.910 energy_loss: 3.043
[GPU4] epochs: [772/800] train_loss_con: -2.903 energy_loss: 2.943
[GPU4] epochs: [773/800] train_loss_con: -2.912 energy_loss: 3.000
[GPU4] epochs: [774/800] train_loss_con: -2.903 energy_loss: 3.073
[GPU4] epochs: [775/800] train_loss_con: -2.906 energy_loss: 3.058
[GPU4] epochs: [776/800] train_loss_con: -2.917 energy_loss: 2.991
[GPU4] epochs: [777/800] train_loss_con: -2.909 energy_loss: 2.955
[GPU4] epochs: [778/800] train_loss_con: -2.915 energy_loss: 2.931
[GPU4] epochs: [779/800] train_loss_con: -2.914 energy_loss: 2.993
[GPU4] epochs: [780/800] train_loss_con: -2.915 energy_loss: 2.997
[GPU4] epochs: [781/800] train_loss_con: -2.908 energy_loss: 3.029
[GPU4] epochs: [782/800] train_loss_con: -2.913 energy_loss: 2.994
[GPU4] epochs: [783/800] train_loss_con: -2.908 energy_loss: 3.040
[GPU4] epochs: [784/800] train_loss_con: -2.914 energy_loss: 3.064
[GPU4] epochs: [785/800] train_loss_con: -2.909 energy_loss: 3.011
[GPU4] epochs: [786/800] train_loss_con: -2.914 energy_loss: 2.989
[GPU4] epochs: [787/800] train_loss_con: -2.894 energy_loss: 3.009
[GPU4] epochs: [788/800] train_loss_con: -2.906 energy_loss: 2.965
[GPU4] epochs: [789/800] train_loss_con: -2.920 energy_loss: 2.916
[GPU4] epochs: [790/800] train_loss_con: -2.917 energy_loss: 2.978
[GPU4] epochs: [791/800] train_loss_con: -2.924 energy_loss: 3.002
[GPU4] epochs: [792/800] train_loss_con: -2.919 energy_loss: 2.981
[GPU4] epochs: [793/800] train_loss_con: -2.921 energy_loss: 2.911
[GPU4] epochs: [794/800] train_loss_con: -2.912 energy_loss: 2.977
[GPU4] epochs: [795/800] train_loss_con: -2.913 energy_loss: 2.980
[GPU4] epochs: [796/800] train_loss_con: -2.913 energy_loss: 2.986
[GPU4] epochs: [797/800] train_loss_con: -2.912 energy_loss: 3.007
[GPU4] epochs: [798/800] train_loss_con: -2.914 energy_loss: 2.957
[GPU4] epochs: [799/800] train_loss_con: -2.915 energy_loss: 3.003
[GPU4] epochs: [800/800] train_loss_con: -2.917 energy_loss: 2.996
### TSNE starts
### MLP training begins
[GPU4] Test Accuracy at epoch: 0: 0.295
[GPU4] epochs: [1/100] train_acc: 0.265 train_loss_sup: 2.038
[GPU4] epochs: [2/100] train_acc: 0.318 train_loss_sup: 1.841
[GPU4] epochs: [3/100] train_acc: 0.332 train_loss_sup: 1.784
[GPU4] epochs: [4/100] train_acc: 0.344 train_loss_sup: 1.761
[GPU4] epochs: [5/100] train_acc: 0.351 train_loss_sup: 1.740
[GPU4] epochs: [6/100] train_acc: 0.352 train_loss_sup: 1.728
[GPU4] epochs: [7/100] train_acc: 0.356 train_loss_sup: 1.717
[GPU4] epochs: [8/100] train_acc: 0.360 train_loss_sup: 1.710
[GPU4] epochs: [9/100] train_acc: 0.363 train_loss_sup: 1.700
[GPU4] epochs: [10/100] train_acc: 0.368 train_loss_sup: 1.695
[GPU4] Test Accuracy at epoch: 10: 0.378
[GPU4] epochs: [11/100] train_acc: 0.366 train_loss_sup: 1.687
[GPU4] epochs: [12/100] train_acc: 0.370 train_loss_sup: 1.685
[GPU4] epochs: [13/100] train_acc: 0.373 train_loss_sup: 1.679
[GPU4] epochs: [14/100] train_acc: 0.374 train_loss_sup: 1.677
[GPU4] epochs: [15/100] train_acc: 0.376 train_loss_sup: 1.672
[GPU4] epochs: [16/100] train_acc: 0.377 train_loss_sup: 1.669
[GPU4] epochs: [17/100] train_acc: 0.376 train_loss_sup: 1.669
[GPU4] epochs: [18/100] train_acc: 0.380 train_loss_sup: 1.663
[GPU4] epochs: [19/100] train_acc: 0.380 train_loss_sup: 1.658
[GPU4] epochs: [20/100] train_acc: 0.380 train_loss_sup: 1.658
[GPU4] Test Accuracy at epoch: 20: 0.395
[GPU4] epochs: [21/100] train_acc: 0.385 train_loss_sup: 1.650
[GPU4] epochs: [22/100] train_acc: 0.383 train_loss_sup: 1.652
[GPU4] epochs: [23/100] train_acc: 0.387 train_loss_sup: 1.646
[GPU4] epochs: [24/100] train_acc: 0.388 train_loss_sup: 1.645
[GPU4] epochs: [25/100] train_acc: 0.389 train_loss_sup: 1.645
[GPU4] epochs: [26/100] train_acc: 0.389 train_loss_sup: 1.646
[GPU4] epochs: [27/100] train_acc: 0.392 train_loss_sup: 1.641
[GPU4] epochs: [28/100] train_acc: 0.390 train_loss_sup: 1.640
[GPU4] epochs: [29/100] train_acc: 0.392 train_loss_sup: 1.637
[GPU4] epochs: [30/100] train_acc: 0.394 train_loss_sup: 1.633
[GPU4] Test Accuracy at epoch: 30: 0.404
[GPU4] epochs: [31/100] train_acc: 0.394 train_loss_sup: 1.630
[GPU4] epochs: [32/100] train_acc: 0.396 train_loss_sup: 1.630
[GPU4] epochs: [33/100] train_acc: 0.395 train_loss_sup: 1.632
[GPU4] epochs: [34/100] train_acc: 0.400 train_loss_sup: 1.624
[GPU4] epochs: [35/100] train_acc: 0.398 train_loss_sup: 1.621
[GPU4] epochs: [36/100] train_acc: 0.398 train_loss_sup: 1.625
[GPU4] epochs: [37/100] train_acc: 0.397 train_loss_sup: 1.625
[GPU4] epochs: [38/100] train_acc: 0.398 train_loss_sup: 1.624
[GPU4] epochs: [39/100] train_acc: 0.397 train_loss_sup: 1.625
[GPU4] epochs: [40/100] train_acc: 0.397 train_loss_sup: 1.625
[GPU4] Test Accuracy at epoch: 40: 0.41
[GPU4] epochs: [41/100] train_acc: 0.398 train_loss_sup: 1.623
[GPU4] epochs: [42/100] train_acc: 0.400 train_loss_sup: 1.620
[GPU4] epochs: [43/100] train_acc: 0.401 train_loss_sup: 1.618
[GPU4] epochs: [44/100] train_acc: 0.404 train_loss_sup: 1.620
[GPU4] epochs: [45/100] train_acc: 0.402 train_loss_sup: 1.613
[GPU4] epochs: [46/100] train_acc: 0.403 train_loss_sup: 1.612
[GPU4] epochs: [47/100] train_acc: 0.403 train_loss_sup: 1.614
[GPU4] epochs: [48/100] train_acc: 0.404 train_loss_sup: 1.613
[GPU4] epochs: [49/100] train_acc: 0.407 train_loss_sup: 1.608
[GPU4] epochs: [50/100] train_acc: 0.407 train_loss_sup: 1.608
[GPU4] Test Accuracy at epoch: 50: 0.411
[GPU4] epochs: [51/100] train_acc: 0.406 train_loss_sup: 1.609
[GPU4] epochs: [52/100] train_acc: 0.403 train_loss_sup: 1.607
[GPU4] epochs: [53/100] train_acc: 0.407 train_loss_sup: 1.608
[GPU4] epochs: [54/100] train_acc: 0.405 train_loss_sup: 1.608
[GPU4] epochs: [55/100] train_acc: 0.407 train_loss_sup: 1.608
[GPU4] epochs: [56/100] train_acc: 0.406 train_loss_sup: 1.606
[GPU4] epochs: [57/100] train_acc: 0.408 train_loss_sup: 1.606
[GPU4] epochs: [58/100] train_acc: 0.411 train_loss_sup: 1.605
[GPU4] epochs: [59/100] train_acc: 0.408 train_loss_sup: 1.600
[GPU4] epochs: [60/100] train_acc: 0.408 train_loss_sup: 1.603
[GPU4] Test Accuracy at epoch: 60: 0.422
[GPU4] epochs: [61/100] train_acc: 0.408 train_loss_sup: 1.597
[GPU4] epochs: [62/100] train_acc: 0.407 train_loss_sup: 1.602
[GPU4] epochs: [63/100] train_acc: 0.408 train_loss_sup: 1.601
[GPU4] epochs: [64/100] train_acc: 0.410 train_loss_sup: 1.596
[GPU4] epochs: [65/100] train_acc: 0.411 train_loss_sup: 1.597
[GPU4] epochs: [66/100] train_acc: 0.411 train_loss_sup: 1.600
[GPU4] epochs: [67/100] train_acc: 0.411 train_loss_sup: 1.595
[GPU4] epochs: [68/100] train_acc: 0.411 train_loss_sup: 1.594
[GPU4] epochs: [69/100] train_acc: 0.411 train_loss_sup: 1.598
[GPU4] epochs: [70/100] train_acc: 0.412 train_loss_sup: 1.593
[GPU4] Test Accuracy at epoch: 70: 0.425
[GPU4] epochs: [71/100] train_acc: 0.412 train_loss_sup: 1.593
[GPU4] epochs: [72/100] train_acc: 0.409 train_loss_sup: 1.594
[GPU4] epochs: [73/100] train_acc: 0.413 train_loss_sup: 1.593
[GPU4] epochs: [74/100] train_acc: 0.412 train_loss_sup: 1.590
[GPU4] epochs: [75/100] train_acc: 0.412 train_loss_sup: 1.593
[GPU4] epochs: [76/100] train_acc: 0.414 train_loss_sup: 1.589
[GPU4] epochs: [77/100] train_acc: 0.412 train_loss_sup: 1.594
[GPU4] epochs: [78/100] train_acc: 0.412 train_loss_sup: 1.592
[GPU4] epochs: [79/100] train_acc: 0.413 train_loss_sup: 1.594
[GPU4] epochs: [80/100] train_acc: 0.414 train_loss_sup: 1.589
[GPU4] Test Accuracy at epoch: 80: 0.428
[GPU4] epochs: [81/100] train_acc: 0.414 train_loss_sup: 1.586
[GPU4] epochs: [82/100] train_acc: 0.415 train_loss_sup: 1.590
[GPU4] epochs: [83/100] train_acc: 0.415 train_loss_sup: 1.586
[GPU4] epochs: [84/100] train_acc: 0.415 train_loss_sup: 1.588
[GPU4] epochs: [85/100] train_acc: 0.415 train_loss_sup: 1.590
[GPU4] epochs: [86/100] train_acc: 0.414 train_loss_sup: 1.587
[GPU4] epochs: [87/100] train_acc: 0.416 train_loss_sup: 1.580
[GPU4] epochs: [88/100] train_acc: 0.416 train_loss_sup: 1.584
[GPU4] epochs: [89/100] train_acc: 0.420 train_loss_sup: 1.581
[GPU4] epochs: [90/100] train_acc: 0.415 train_loss_sup: 1.585
[GPU4] Test Accuracy at epoch: 90: 0.431
[GPU4] epochs: [91/100] train_acc: 0.414 train_loss_sup: 1.580
[GPU4] epochs: [92/100] train_acc: 0.417 train_loss_sup: 1.585
[GPU4] epochs: [93/100] train_acc: 0.415 train_loss_sup: 1.584
[GPU4] epochs: [94/100] train_acc: 0.416 train_loss_sup: 1.583
[GPU4] epochs: [95/100] train_acc: 0.420 train_loss_sup: 1.578
[GPU4] epochs: [96/100] train_acc: 0.417 train_loss_sup: 1.578
[GPU4] epochs: [97/100] train_acc: 0.417 train_loss_sup: 1.579
[GPU4] epochs: [98/100] train_acc: 0.414 train_loss_sup: 1.583
[GPU4] epochs: [99/100] train_acc: 0.414 train_loss_sup: 1.584
[GPU4] epochs: [100/100] train_acc: 0.415 train_loss_sup: 1.580
[GPU4] Final Test Accuracy: 0.434
Model weights saved
<All keys matched successfully>
knn evalution
KNN with K=20
logistic regression evalution
Traceback (most recent call last):
  File "/home/nirbhays/ODE-SSL/train.py", line 267, in <module>
    main_single()
  File "/home/nirbhays/ODE-SSL/train.py", line 201, in main_single
    print(f"knn_acc: {output['knn_acc']:.3f}, log_reg_acc: {output['lreg_acc']:.3f}")
KeyError: 'knn_acc'
