environment: 
YAML: configs/byol.sc.c10.yaml
==> SEED: 42
==> num_classes: 10
==> data_name: cifar10
==> data_params: {'algo': 'byol-sc', 'data_dir': 'datasets/cifar10', 'batch_size': 512, 'num_workers': 3, 'image_size': 32}
==> return_logs: False
==> eval_every: 10
==> n_epochs: 800
==> n_epochs_mlp: 100
==> gpu_id: 0
==> opt: SGD
==> opt_params: {'lr': 0.4, 'momentum': 0.9, 'weight_decay': 0.0005}
==> schedular_params: {'T_max': 800, 'eta_min': 0.001}
==> mlp_opt: SGD
==> mlp_opt_params: {'lr': 0.1, 'momentum': 0.9}
==> model_params: {'model_name': 'resnet18', 'pretrained': False, 'proj_dim': 256, 'algo_type': 'byol-sc', 'byol_hidden': 4096}
==> byol_pred_params: {'in_features': 256, 'hidden_dim': 4096, 'out_features': 256}
==> ema_tau: 0.996
==> mlp_type: linear
==> loss: byol-sc
==> distributed: False
==> train_algo: byol-sc
==> model_save_path: saved_models/byol.en.c10.r18.e800.pth
==> energy_model_params: {'eta': 0.01, 'steps': 5, 'sigma': 0.2, 'delta': 0.1, 'net_type': 'energy'}
==> energy_opt: AdamW
==> energy_model_opt_params: {'lr': 0.001}
==> warmup_epochs: 0
==> config: configs/byol.sc.c10.yaml
--------------------------------------------------
===> using linear mlp
using optimizer: SGD
using optimizer: SGD
loss function: byol-sc
Files already downloaded and verified
Files already downloaded and verified
Files already downloaded and verified
# of Training Images: 50000
# of Testing Images: 10000
using optimizer: AdamW
### byol-sc Training begins
[GPU0] epochs: [1/800] train_loss_con: -2.298 energy_loss: 241.220
[GPU0] epochs: [2/800] train_loss_con: -3.570 energy_loss: 229.332
[GPU0] epochs: [3/800] train_loss_con: -3.662 energy_loss: 217.199
[GPU0] epochs: [4/800] train_loss_con: -3.597 energy_loss: 200.080
[GPU0] epochs: [5/800] train_loss_con: -3.377 energy_loss: 181.096
[GPU0] epochs: [6/800] train_loss_con: -3.254 energy_loss: 154.336
[GPU0] epochs: [7/800] train_loss_con: -2.879 energy_loss: 131.117
[GPU0] epochs: [8/800] train_loss_con: -2.528 energy_loss: 104.405
[GPU0] epochs: [9/800] train_loss_con: -2.352 energy_loss: 89.148
[GPU0] epochs: [10/800] train_loss_con: -2.302 energy_loss: 78.835
[GPU0] epochs: [11/800] train_loss_con: -2.135 energy_loss: 83.874
[GPU0] epochs: [12/800] train_loss_con: -2.152 energy_loss: 84.307
[GPU0] epochs: [13/800] train_loss_con: -2.117 energy_loss: 53.477
[GPU0] epochs: [14/800] train_loss_con: -2.031 energy_loss: 44.397
[GPU0] epochs: [15/800] train_loss_con: -1.990 energy_loss: 34.859
[GPU0] epochs: [16/800] train_loss_con: -2.045 energy_loss: 26.300
[GPU0] epochs: [17/800] train_loss_con: -2.121 energy_loss: 21.624
[GPU0] epochs: [18/800] train_loss_con: -2.163 energy_loss: 20.059
[GPU0] epochs: [19/800] train_loss_con: -2.169 energy_loss: 16.356
[GPU0] epochs: [20/800] train_loss_con: -2.212 energy_loss: 15.300
[GPU0] epochs: [21/800] train_loss_con: -2.241 energy_loss: 13.785
[GPU0] epochs: [22/800] train_loss_con: -2.238 energy_loss: 13.351
[GPU0] epochs: [23/800] train_loss_con: -2.268 energy_loss: 12.459
[GPU0] epochs: [24/800] train_loss_con: -2.305 energy_loss: 11.765
[GPU0] epochs: [25/800] train_loss_con: -2.361 energy_loss: 11.124
[GPU0] epochs: [26/800] train_loss_con: -2.394 energy_loss: 11.547
[GPU0] epochs: [27/800] train_loss_con: -2.422 energy_loss: 10.981
[GPU0] epochs: [28/800] train_loss_con: -2.440 energy_loss: 10.544
[GPU0] epochs: [29/800] train_loss_con: -2.491 energy_loss: 10.737
[GPU0] epochs: [30/800] train_loss_con: -2.515 energy_loss: 10.408
[GPU0] epochs: [31/800] train_loss_con: -2.539 energy_loss: 10.013
[GPU0] epochs: [32/800] train_loss_con: -2.554 energy_loss: 9.329
[GPU0] epochs: [33/800] train_loss_con: -2.593 energy_loss: 9.251
[GPU0] epochs: [34/800] train_loss_con: -2.613 energy_loss: 9.184
[GPU0] epochs: [35/800] train_loss_con: -2.618 energy_loss: 9.277
[GPU0] epochs: [36/800] train_loss_con: -2.643 energy_loss: 8.878
[GPU0] epochs: [37/800] train_loss_con: -2.663 energy_loss: 6.847
[GPU0] epochs: [38/800] train_loss_con: -2.670 energy_loss: 6.587
[GPU0] epochs: [39/800] train_loss_con: -2.706 energy_loss: 6.372
[GPU0] epochs: [40/800] train_loss_con: -2.709 energy_loss: 6.083
[GPU0] epochs: [41/800] train_loss_con: -2.724 energy_loss: 5.936
[GPU0] epochs: [42/800] train_loss_con: -2.731 energy_loss: 5.802
[GPU0] epochs: [43/800] train_loss_con: -2.734 energy_loss: 5.792
[GPU0] epochs: [44/800] train_loss_con: -2.760 energy_loss: 5.756
[GPU0] epochs: [45/800] train_loss_con: -2.760 energy_loss: 5.725
[GPU0] epochs: [46/800] train_loss_con: -2.771 energy_loss: 5.725
[GPU0] epochs: [47/800] train_loss_con: -2.769 energy_loss: 5.734
[GPU0] epochs: [48/800] train_loss_con: -2.785 energy_loss: 5.793
[GPU0] epochs: [49/800] train_loss_con: -2.792 energy_loss: 5.689
[GPU0] epochs: [50/800] train_loss_con: -2.797 energy_loss: 5.629
[GPU0] epochs: [51/800] train_loss_con: -2.823 energy_loss: 5.438
[GPU0] epochs: [52/800] train_loss_con: -2.820 energy_loss: 5.368
[GPU0] epochs: [53/800] train_loss_con: -2.813 energy_loss: 5.389
[GPU0] epochs: [54/800] train_loss_con: -2.812 energy_loss: 5.480
[GPU0] epochs: [55/800] train_loss_con: -2.828 energy_loss: 5.514
[GPU0] epochs: [56/800] train_loss_con: -2.843 energy_loss: 5.253
[GPU0] epochs: [57/800] train_loss_con: -2.843 energy_loss: 5.312
[GPU0] epochs: [58/800] train_loss_con: -2.852 energy_loss: 5.398
[GPU0] epochs: [59/800] train_loss_con: -2.858 energy_loss: 5.287
[GPU0] epochs: [60/800] train_loss_con: -2.861 energy_loss: 5.229
[GPU0] epochs: [61/800] train_loss_con: -2.864 energy_loss: 5.191
[GPU0] epochs: [62/800] train_loss_con: -2.873 energy_loss: 5.080
[GPU0] epochs: [63/800] train_loss_con: -2.880 energy_loss: 5.184
[GPU0] epochs: [64/800] train_loss_con: -2.876 energy_loss: 5.141
[GPU0] epochs: [65/800] train_loss_con: -2.871 energy_loss: 5.175
[GPU0] epochs: [66/800] train_loss_con: -2.878 energy_loss: 5.127
[GPU0] epochs: [67/800] train_loss_con: -2.883 energy_loss: 5.049
[GPU0] epochs: [68/800] train_loss_con: -2.842 energy_loss: 5.003
[GPU0] epochs: [69/800] train_loss_con: -2.869 energy_loss: 5.242
[GPU0] epochs: [70/800] train_loss_con: -2.881 energy_loss: 4.948
[GPU0] epochs: [71/800] train_loss_con: -2.900 energy_loss: 4.940
[GPU0] epochs: [72/800] train_loss_con: -2.892 energy_loss: 4.923
[GPU0] epochs: [73/800] train_loss_con: -2.898 energy_loss: 4.839
[GPU0] epochs: [74/800] train_loss_con: -2.899 energy_loss: 5.078
[GPU0] epochs: [75/800] train_loss_con: -2.909 energy_loss: 4.897
[GPU0] epochs: [76/800] train_loss_con: -2.901 energy_loss: 4.869
[GPU0] epochs: [77/800] train_loss_con: -2.915 energy_loss: 4.848
[GPU0] epochs: [78/800] train_loss_con: -2.904 energy_loss: 4.819
[GPU0] epochs: [79/800] train_loss_con: -2.904 energy_loss: 4.737
[GPU0] epochs: [80/800] train_loss_con: -2.905 energy_loss: 4.730
[GPU0] epochs: [81/800] train_loss_con: -2.912 energy_loss: 4.735
[GPU0] epochs: [82/800] train_loss_con: -2.927 energy_loss: 4.764
[GPU0] epochs: [83/800] train_loss_con: -2.925 energy_loss: 4.664
[GPU0] epochs: [84/800] train_loss_con: -2.906 energy_loss: 4.795
[GPU0] epochs: [85/800] train_loss_con: -2.920 energy_loss: 4.859
[GPU0] epochs: [86/800] train_loss_con: -2.916 energy_loss: 4.874
[GPU0] epochs: [87/800] train_loss_con: -2.928 energy_loss: 4.746
[GPU0] epochs: [88/800] train_loss_con: -2.917 energy_loss: 4.637
[GPU0] epochs: [89/800] train_loss_con: -2.917 energy_loss: 4.680
[GPU0] epochs: [90/800] train_loss_con: -2.939 energy_loss: 4.791
[GPU0] epochs: [91/800] train_loss_con: -2.940 energy_loss: 4.568
[GPU0] epochs: [92/800] train_loss_con: -2.929 energy_loss: 4.565
[GPU0] epochs: [93/800] train_loss_con: -2.946 energy_loss: 4.552
[GPU0] epochs: [94/800] train_loss_con: -2.936 energy_loss: 4.554
[GPU0] epochs: [95/800] train_loss_con: -2.946 energy_loss: 4.640
[GPU0] epochs: [96/800] train_loss_con: -2.953 energy_loss: 4.584
[GPU0] epochs: [97/800] train_loss_con: -2.940 energy_loss: 4.607
[GPU0] epochs: [98/800] train_loss_con: -2.950 energy_loss: 4.585
[GPU0] epochs: [99/800] train_loss_con: -2.947 energy_loss: 4.596
[GPU0] epochs: [100/800] train_loss_con: -2.940 energy_loss: 4.705
[GPU0] epochs: [101/800] train_loss_con: -2.954 energy_loss: 4.719
[GPU0] epochs: [102/800] train_loss_con: -2.946 energy_loss: 4.739
[GPU0] epochs: [103/800] train_loss_con: -2.955 energy_loss: 4.521
[GPU0] epochs: [104/800] train_loss_con: -2.962 energy_loss: 4.566
[GPU0] epochs: [105/800] train_loss_con: -2.942 energy_loss: 4.705
[GPU0] epochs: [106/800] train_loss_con: -2.938 energy_loss: 4.761
[GPU0] epochs: [107/800] train_loss_con: -2.927 energy_loss: 4.785
[GPU0] epochs: [108/800] train_loss_con: -2.946 energy_loss: 4.609
[GPU0] epochs: [109/800] train_loss_con: -2.948 energy_loss: 4.596
[GPU0] epochs: [110/800] train_loss_con: -2.947 energy_loss: 4.674
[GPU0] epochs: [111/800] train_loss_con: -2.966 energy_loss: 4.664
[GPU0] epochs: [112/800] train_loss_con: -2.944 energy_loss: 25.314
[GPU0] epochs: [113/800] train_loss_con: -2.970 energy_loss: 147.604
[GPU0] epochs: [114/800] train_loss_con: -2.951 energy_loss: 8.740
[GPU0] epochs: [115/800] train_loss_con: -2.971 energy_loss: 5.514
[GPU0] epochs: [116/800] train_loss_con: -2.949 energy_loss: 5.228
[GPU0] epochs: [117/800] train_loss_con: -2.954 energy_loss: 5.089
[GPU0] epochs: [118/800] train_loss_con: -2.959 energy_loss: 4.935
[GPU0] epochs: [119/800] train_loss_con: -2.942 energy_loss: 4.790
[GPU0] epochs: [120/800] train_loss_con: -2.956 energy_loss: 4.846
[GPU0] epochs: [121/800] train_loss_con: -2.968 energy_loss: 4.623
[GPU0] epochs: [122/800] train_loss_con: -2.959 energy_loss: 4.509
[GPU0] epochs: [123/800] train_loss_con: -2.958 energy_loss: 4.616
[GPU0] epochs: [124/800] train_loss_con: -2.962 energy_loss: 4.611
[GPU0] epochs: [125/800] train_loss_con: -2.919 energy_loss: 4.676
[GPU0] epochs: [126/800] train_loss_con: -2.965 energy_loss: 4.543
[GPU0] epochs: [127/800] train_loss_con: -2.958 energy_loss: 4.515
[GPU0] epochs: [128/800] train_loss_con: -2.968 energy_loss: 4.398
[GPU0] epochs: [129/800] train_loss_con: -2.968 energy_loss: 4.332
[GPU0] epochs: [130/800] train_loss_con: -2.965 energy_loss: 4.437
[GPU0] epochs: [131/800] train_loss_con: -2.966 energy_loss: 4.416
[GPU0] epochs: [132/800] train_loss_con: -2.979 energy_loss: 4.431
[GPU0] epochs: [133/800] train_loss_con: -2.977 energy_loss: 4.458
[GPU0] epochs: [134/800] train_loss_con: -2.975 energy_loss: 4.414
[GPU0] epochs: [135/800] train_loss_con: -2.980 energy_loss: 4.473
[GPU0] epochs: [136/800] train_loss_con: -2.975 energy_loss: 4.463
[GPU0] epochs: [137/800] train_loss_con: -2.978 energy_loss: 4.403
[GPU0] epochs: [138/800] train_loss_con: -2.980 energy_loss: 4.465
[GPU0] epochs: [139/800] train_loss_con: -2.987 energy_loss: 4.381
[GPU0] epochs: [140/800] train_loss_con: -2.975 energy_loss: 4.354
[GPU0] epochs: [141/800] train_loss_con: -2.981 energy_loss: 4.389
[GPU0] epochs: [142/800] train_loss_con: -2.995 energy_loss: 4.339
[GPU0] epochs: [143/800] train_loss_con: -2.899 energy_loss: 4.648
[GPU0] epochs: [144/800] train_loss_con: -2.975 energy_loss: 4.369
[GPU0] epochs: [145/800] train_loss_con: -2.976 energy_loss: 4.317
[GPU0] epochs: [146/800] train_loss_con: -2.988 energy_loss: 4.391
[GPU0] epochs: [147/800] train_loss_con: -2.979 energy_loss: 4.269
[GPU0] epochs: [148/800] train_loss_con: -2.991 energy_loss: 4.323
[GPU0] epochs: [149/800] train_loss_con: -2.978 energy_loss: 4.243
[GPU0] epochs: [150/800] train_loss_con: -2.977 energy_loss: 4.260
[GPU0] epochs: [151/800] train_loss_con: -3.002 energy_loss: 4.235
[GPU0] epochs: [152/800] train_loss_con: -2.963 energy_loss: 4.280
[GPU0] epochs: [153/800] train_loss_con: -2.979 energy_loss: 4.259
[GPU0] epochs: [154/800] train_loss_con: -2.980 energy_loss: 4.266
[GPU0] epochs: [155/800] train_loss_con: -2.981 energy_loss: 4.232
[GPU0] epochs: [156/800] train_loss_con: -2.986 energy_loss: 4.138
[GPU0] epochs: [157/800] train_loss_con: -2.974 energy_loss: 4.213
[GPU0] epochs: [158/800] train_loss_con: -2.998 energy_loss: 4.180
[GPU0] epochs: [159/800] train_loss_con: -2.974 energy_loss: 4.164
[GPU0] epochs: [160/800] train_loss_con: -2.977 energy_loss: 4.169
[GPU0] epochs: [161/800] train_loss_con: -2.977 energy_loss: 4.233
[GPU0] epochs: [162/800] train_loss_con: -2.987 energy_loss: 4.091
[GPU0] epochs: [163/800] train_loss_con: -2.966 energy_loss: 4.310
[GPU0] epochs: [164/800] train_loss_con: -2.992 energy_loss: 4.390
[GPU0] epochs: [165/800] train_loss_con: -2.987 energy_loss: 4.336
[GPU0] epochs: [166/800] train_loss_con: -2.977 energy_loss: 4.300
[GPU0] epochs: [167/800] train_loss_con: -2.970 energy_loss: 4.393
[GPU0] epochs: [168/800] train_loss_con: -3.002 energy_loss: 4.257
[GPU0] epochs: [169/800] train_loss_con: -2.996 energy_loss: 4.186
[GPU0] epochs: [170/800] train_loss_con: -2.986 energy_loss: 4.242
[GPU0] epochs: [171/800] train_loss_con: -2.995 energy_loss: 4.332
[GPU0] epochs: [172/800] train_loss_con: -2.986 energy_loss: 4.250
[GPU0] epochs: [173/800] train_loss_con: -2.996 energy_loss: 4.229
[GPU0] epochs: [174/800] train_loss_con: -3.008 energy_loss: 4.075
[GPU0] epochs: [175/800] train_loss_con: -2.999 energy_loss: 4.231
[GPU0] epochs: [176/800] train_loss_con: -2.981 energy_loss: 4.241
[GPU0] epochs: [177/800] train_loss_con: -3.002 energy_loss: 4.235
[GPU0] epochs: [178/800] train_loss_con: -3.000 energy_loss: 4.164
[GPU0] epochs: [179/800] train_loss_con: -3.006 energy_loss: 4.214
[GPU0] epochs: [180/800] train_loss_con: -3.000 energy_loss: 35.262
[GPU0] epochs: [181/800] train_loss_con: -3.005 energy_loss: 34.572
[GPU0] epochs: [182/800] train_loss_con: -3.006 energy_loss: 29.041
[GPU0] epochs: [183/800] train_loss_con: -3.011 energy_loss: 15.950
[GPU0] epochs: [184/800] train_loss_con: -2.997 energy_loss: 13.093
[GPU0] epochs: [185/800] train_loss_con: -2.992 energy_loss: 8.887
[GPU0] epochs: [186/800] train_loss_con: -3.000 energy_loss: 8.260
[GPU0] epochs: [187/800] train_loss_con: -3.004 energy_loss: 8.058
[GPU0] epochs: [188/800] train_loss_con: -3.001 energy_loss: 6.195
[GPU0] epochs: [189/800] train_loss_con: -3.017 energy_loss: 8.109
[GPU0] epochs: [190/800] train_loss_con: -2.997 energy_loss: 6.154
[GPU0] epochs: [191/800] train_loss_con: -3.006 energy_loss: 5.434
[GPU0] epochs: [192/800] train_loss_con: -3.012 energy_loss: 7.179
[GPU0] epochs: [193/800] train_loss_con: -3.011 energy_loss: 6.110
[GPU0] epochs: [194/800] train_loss_con: -3.020 energy_loss: 5.269
[GPU0] epochs: [195/800] train_loss_con: -3.032 energy_loss: 5.206
[GPU0] epochs: [196/800] train_loss_con: -3.038 energy_loss: 5.880
[GPU0] epochs: [197/800] train_loss_con: -3.058 energy_loss: 6.758
[GPU0] epochs: [198/800] train_loss_con: -3.060 energy_loss: 5.120
[GPU0] epochs: [199/800] train_loss_con: -3.092 energy_loss: 5.071
[GPU0] epochs: [200/800] train_loss_con: -3.100 energy_loss: 4.945
[GPU0] epochs: [201/800] train_loss_con: -3.106 energy_loss: 4.970
[GPU0] epochs: [202/800] train_loss_con: -3.123 energy_loss: 5.476
[GPU0] epochs: [203/800] train_loss_con: -3.138 energy_loss: 6.192
[GPU0] epochs: [204/800] train_loss_con: -3.163 energy_loss: 5.277
[GPU0] epochs: [205/800] train_loss_con: -3.170 energy_loss: 4.991
[GPU0] epochs: [206/800] train_loss_con: -3.185 energy_loss: 4.940
[GPU0] epochs: [207/800] train_loss_con: -3.195 energy_loss: 4.892
[GPU0] epochs: [208/800] train_loss_con: -3.190 energy_loss: 4.753
[GPU0] epochs: [209/800] train_loss_con: -3.188 energy_loss: 4.724
[GPU0] epochs: [210/800] train_loss_con: -3.182 energy_loss: 4.678
[GPU0] epochs: [211/800] train_loss_con: -3.195 energy_loss: 4.734
[GPU0] epochs: [212/800] train_loss_con: -3.203 energy_loss: 4.621
[GPU0] epochs: [213/800] train_loss_con: -3.200 energy_loss: 4.465
[GPU0] epochs: [214/800] train_loss_con: -3.211 energy_loss: 4.492
[GPU0] epochs: [215/800] train_loss_con: -3.207 energy_loss: 4.401
[GPU0] epochs: [216/800] train_loss_con: -3.201 energy_loss: 4.350
[GPU0] epochs: [217/800] train_loss_con: -3.198 energy_loss: 4.439
[GPU0] epochs: [218/800] train_loss_con: -3.199 energy_loss: 4.318
[GPU0] epochs: [219/800] train_loss_con: -3.195 energy_loss: 4.143
[GPU0] epochs: [220/800] train_loss_con: -3.185 energy_loss: 4.149
[GPU0] epochs: [221/800] train_loss_con: -3.198 energy_loss: 4.120
[GPU0] epochs: [222/800] train_loss_con: -3.184 energy_loss: 4.158
[GPU0] epochs: [223/800] train_loss_con: -3.177 energy_loss: 4.146
[GPU0] epochs: [224/800] train_loss_con: -3.166 energy_loss: 4.226
[GPU0] epochs: [225/800] train_loss_con: -3.161 energy_loss: 4.267
[GPU0] epochs: [226/800] train_loss_con: -3.166 energy_loss: 4.276
[GPU0] epochs: [227/800] train_loss_con: -3.165 energy_loss: 4.281
[GPU0] epochs: [228/800] train_loss_con: -3.165 energy_loss: 4.134
[GPU0] epochs: [229/800] train_loss_con: -3.162 energy_loss: 4.232
[GPU0] epochs: [230/800] train_loss_con: -3.153 energy_loss: 4.178
[GPU0] epochs: [231/800] train_loss_con: -3.149 energy_loss: 4.203
[GPU0] epochs: [232/800] train_loss_con: -3.149 energy_loss: 4.278
[GPU0] epochs: [233/800] train_loss_con: -3.162 energy_loss: 4.201
[GPU0] epochs: [234/800] train_loss_con: -3.159 energy_loss: 4.267
[GPU0] epochs: [235/800] train_loss_con: -3.149 energy_loss: 4.242
[GPU0] epochs: [236/800] train_loss_con: -3.144 energy_loss: 4.190
[GPU0] epochs: [237/800] train_loss_con: -3.142 energy_loss: 4.255
[GPU0] epochs: [238/800] train_loss_con: -3.138 energy_loss: 4.230
[GPU0] epochs: [239/800] train_loss_con: -3.138 energy_loss: 4.197
[GPU0] epochs: [240/800] train_loss_con: -3.127 energy_loss: 4.323
[GPU0] epochs: [241/800] train_loss_con: -3.135 energy_loss: 4.336
[GPU0] epochs: [242/800] train_loss_con: -3.121 energy_loss: 4.331
[GPU0] epochs: [243/800] train_loss_con: -3.131 energy_loss: 4.261
[GPU0] epochs: [244/800] train_loss_con: -3.124 energy_loss: 4.270
[GPU0] epochs: [245/800] train_loss_con: -3.134 energy_loss: 4.139
[GPU0] epochs: [246/800] train_loss_con: -3.136 energy_loss: 4.239
[GPU0] epochs: [247/800] train_loss_con: -3.130 energy_loss: 4.233
[GPU0] epochs: [248/800] train_loss_con: -3.145 energy_loss: 4.120
[GPU0] epochs: [249/800] train_loss_con: -3.135 energy_loss: 4.225
[GPU0] epochs: [250/800] train_loss_con: -3.134 energy_loss: 4.259
[GPU0] epochs: [251/800] train_loss_con: -3.125 energy_loss: 4.264
[GPU0] epochs: [252/800] train_loss_con: -3.119 energy_loss: 4.353
[GPU0] epochs: [253/800] train_loss_con: -3.134 energy_loss: 4.210
[GPU0] epochs: [254/800] train_loss_con: -3.132 energy_loss: 4.252
[GPU0] epochs: [255/800] train_loss_con: -3.123 energy_loss: 4.156
[GPU0] epochs: [256/800] train_loss_con: -3.127 energy_loss: 4.235
[GPU0] epochs: [257/800] train_loss_con: -3.141 energy_loss: 4.196
[GPU0] epochs: [258/800] train_loss_con: -3.144 energy_loss: 4.131
[GPU0] epochs: [259/800] train_loss_con: -3.142 energy_loss: 4.183
[GPU0] epochs: [260/800] train_loss_con: -3.159 energy_loss: 4.174
[GPU0] epochs: [261/800] train_loss_con: -3.166 energy_loss: 4.134
[GPU0] epochs: [262/800] train_loss_con: -3.171 energy_loss: 4.180
[GPU0] epochs: [263/800] train_loss_con: -3.169 energy_loss: 4.063
[GPU0] epochs: [264/800] train_loss_con: -3.179 energy_loss: 4.094
[GPU0] epochs: [265/800] train_loss_con: -3.171 energy_loss: 4.055
[GPU0] epochs: [266/800] train_loss_con: -3.182 energy_loss: 4.000
[GPU0] epochs: [267/800] train_loss_con: -3.169 energy_loss: 4.015
[GPU0] epochs: [268/800] train_loss_con: -3.176 energy_loss: 4.009
[GPU0] epochs: [269/800] train_loss_con: -3.181 energy_loss: 4.088
[GPU0] epochs: [270/800] train_loss_con: -3.181 energy_loss: 4.050
[GPU0] epochs: [271/800] train_loss_con: -3.180 energy_loss: 4.062
[GPU0] epochs: [272/800] train_loss_con: -3.173 energy_loss: 3.979
[GPU0] epochs: [273/800] train_loss_con: -3.189 energy_loss: 4.108
[GPU0] epochs: [274/800] train_loss_con: -3.193 energy_loss: 4.169
[GPU0] epochs: [275/800] train_loss_con: -3.192 energy_loss: 4.073
[GPU0] epochs: [276/800] train_loss_con: -3.187 energy_loss: 3.984
[GPU0] epochs: [277/800] train_loss_con: -3.177 energy_loss: 4.063
[GPU0] epochs: [278/800] train_loss_con: -3.182 energy_loss: 4.051
[GPU0] epochs: [279/800] train_loss_con: -3.174 energy_loss: 3.970
[GPU0] epochs: [280/800] train_loss_con: -3.180 energy_loss: 4.054
[GPU0] epochs: [281/800] train_loss_con: -3.164 energy_loss: 3.986
[GPU0] epochs: [282/800] train_loss_con: -3.175 energy_loss: 3.978
[GPU0] epochs: [283/800] train_loss_con: -3.175 energy_loss: 3.975
[GPU0] epochs: [284/800] train_loss_con: -3.177 energy_loss: 3.981
[GPU0] epochs: [285/800] train_loss_con: -3.179 energy_loss: 4.023
[GPU0] epochs: [286/800] train_loss_con: -3.184 energy_loss: 3.995
[GPU0] epochs: [287/800] train_loss_con: -3.187 energy_loss: 4.022
[GPU0] epochs: [288/800] train_loss_con: -3.182 energy_loss: 3.937
[GPU0] epochs: [289/800] train_loss_con: -3.183 energy_loss: 3.968
[GPU0] epochs: [290/800] train_loss_con: -3.179 energy_loss: 3.916
[GPU0] epochs: [291/800] train_loss_con: -3.181 energy_loss: 3.984
[GPU0] epochs: [292/800] train_loss_con: -3.192 energy_loss: 4.018
[GPU0] epochs: [293/800] train_loss_con: -3.188 energy_loss: 4.053
[GPU0] epochs: [294/800] train_loss_con: -3.185 energy_loss: 3.979
[GPU0] epochs: [295/800] train_loss_con: -3.189 energy_loss: 3.964
[GPU0] epochs: [296/800] train_loss_con: -3.189 energy_loss: 3.936
[GPU0] epochs: [297/800] train_loss_con: -3.187 energy_loss: 3.963
[GPU0] epochs: [298/800] train_loss_con: -3.181 energy_loss: 3.965
[GPU0] epochs: [299/800] train_loss_con: -3.179 energy_loss: 4.005
[GPU0] epochs: [300/800] train_loss_con: -3.184 energy_loss: 3.868
[GPU0] epochs: [301/800] train_loss_con: -3.183 energy_loss: 3.987
[GPU0] epochs: [302/800] train_loss_con: -3.179 energy_loss: 4.053
[GPU0] epochs: [303/800] train_loss_con: -3.184 energy_loss: 4.009
[GPU0] epochs: [304/800] train_loss_con: -3.190 energy_loss: 3.983
[GPU0] epochs: [305/800] train_loss_con: -3.173 energy_loss: 4.036
[GPU0] epochs: [306/800] train_loss_con: -3.175 energy_loss: 4.040
[GPU0] epochs: [307/800] train_loss_con: -3.169 energy_loss: 4.030
[GPU0] epochs: [308/800] train_loss_con: -3.183 energy_loss: 4.034
[GPU0] epochs: [309/800] train_loss_con: -3.165 energy_loss: 4.037
[GPU0] epochs: [310/800] train_loss_con: -3.165 energy_loss: 4.147
[GPU0] epochs: [311/800] train_loss_con: -3.183 energy_loss: 4.064
[GPU0] epochs: [312/800] train_loss_con: -3.178 energy_loss: 4.047
[GPU0] epochs: [313/800] train_loss_con: -3.180 energy_loss: 4.070
[GPU0] epochs: [314/800] train_loss_con: -3.180 energy_loss: 4.015
[GPU0] epochs: [315/800] train_loss_con: -3.175 energy_loss: 4.003
[GPU0] epochs: [316/800] train_loss_con: -3.187 energy_loss: 4.011
[GPU0] epochs: [317/800] train_loss_con: -3.178 energy_loss: 4.025
[GPU0] epochs: [318/800] train_loss_con: -3.182 energy_loss: 4.055
[GPU0] epochs: [319/800] train_loss_con: -3.186 energy_loss: 4.027
[GPU0] epochs: [320/800] train_loss_con: -3.189 energy_loss: 4.140
[GPU0] epochs: [321/800] train_loss_con: -3.185 energy_loss: 3.988
[GPU0] epochs: [322/800] train_loss_con: -3.204 energy_loss: 3.934
[GPU0] epochs: [323/800] train_loss_con: -3.196 energy_loss: 3.957
[GPU0] epochs: [324/800] train_loss_con: -3.199 energy_loss: 3.923
[GPU0] epochs: [325/800] train_loss_con: -3.195 energy_loss: 3.931
[GPU0] epochs: [326/800] train_loss_con: -3.209 energy_loss: 4.000
[GPU0] epochs: [327/800] train_loss_con: -3.212 energy_loss: 3.933
[GPU0] epochs: [328/800] train_loss_con: -3.213 energy_loss: 3.847
[GPU0] epochs: [329/800] train_loss_con: -3.208 energy_loss: 3.837
[GPU0] epochs: [330/800] train_loss_con: -3.213 energy_loss: 3.802
[GPU0] epochs: [331/800] train_loss_con: -3.226 energy_loss: 3.810
[GPU0] epochs: [332/800] train_loss_con: -3.224 energy_loss: 3.763
[GPU0] epochs: [333/800] train_loss_con: -3.222 energy_loss: 3.752
[GPU0] epochs: [334/800] train_loss_con: -3.239 energy_loss: 3.681
[GPU0] epochs: [335/800] train_loss_con: -3.232 energy_loss: 3.665
[GPU0] epochs: [336/800] train_loss_con: -3.239 energy_loss: 3.587
[GPU0] epochs: [337/800] train_loss_con: -3.236 energy_loss: 3.657
[GPU0] epochs: [338/800] train_loss_con: -3.247 energy_loss: 3.723
[GPU0] epochs: [339/800] train_loss_con: -3.247 energy_loss: 3.706
[GPU0] epochs: [340/800] train_loss_con: -3.243 energy_loss: 3.569
[GPU0] epochs: [341/800] train_loss_con: -3.240 energy_loss: 3.603
[GPU0] epochs: [342/800] train_loss_con: -3.240 energy_loss: 3.639
[GPU0] epochs: [343/800] train_loss_con: -3.243 energy_loss: 3.676
[GPU0] epochs: [344/800] train_loss_con: -3.241 energy_loss: 3.592
[GPU0] epochs: [345/800] train_loss_con: -3.242 energy_loss: 3.552
[GPU0] epochs: [346/800] train_loss_con: -3.244 energy_loss: 3.507
[GPU0] epochs: [347/800] train_loss_con: -3.246 energy_loss: 3.530
[GPU0] epochs: [348/800] train_loss_con: -3.236 energy_loss: 3.603
[GPU0] epochs: [349/800] train_loss_con: -3.235 energy_loss: 3.591
[GPU0] epochs: [350/800] train_loss_con: -3.229 energy_loss: 3.532
[GPU0] epochs: [351/800] train_loss_con: -3.238 energy_loss: 3.641
[GPU0] epochs: [352/800] train_loss_con: -3.229 energy_loss: 3.675
[GPU0] epochs: [353/800] train_loss_con: -3.230 energy_loss: 3.756
[GPU0] epochs: [354/800] train_loss_con: -3.228 energy_loss: 3.627
[GPU0] epochs: [355/800] train_loss_con: -3.226 energy_loss: 3.619
[GPU0] epochs: [356/800] train_loss_con: -3.232 energy_loss: 3.593
[GPU0] epochs: [357/800] train_loss_con: -3.224 energy_loss: 3.600
[GPU0] epochs: [358/800] train_loss_con: -3.231 energy_loss: 3.667
[GPU0] epochs: [359/800] train_loss_con: -3.218 energy_loss: 3.579
[GPU0] epochs: [360/800] train_loss_con: -3.222 energy_loss: 3.675
[GPU0] epochs: [361/800] train_loss_con: -3.218 energy_loss: 3.616
[GPU0] epochs: [362/800] train_loss_con: -3.209 energy_loss: 3.648
[GPU0] epochs: [363/800] train_loss_con: -3.221 energy_loss: 3.557
[GPU0] epochs: [364/800] train_loss_con: -3.217 energy_loss: 3.621
[GPU0] epochs: [365/800] train_loss_con: -3.214 energy_loss: 3.628
[GPU0] epochs: [366/800] train_loss_con: -3.215 energy_loss: 3.586
[GPU0] epochs: [367/800] train_loss_con: -3.204 energy_loss: 3.665
[GPU0] epochs: [368/800] train_loss_con: -3.205 energy_loss: 3.637
[GPU0] epochs: [369/800] train_loss_con: -3.199 energy_loss: 3.694
[GPU0] epochs: [370/800] train_loss_con: -3.205 energy_loss: 3.667
[GPU0] epochs: [371/800] train_loss_con: -3.201 energy_loss: 3.676
[GPU0] epochs: [372/800] train_loss_con: -3.196 energy_loss: 3.691
[GPU0] epochs: [373/800] train_loss_con: -3.201 energy_loss: 3.687
[GPU0] epochs: [374/800] train_loss_con: -3.197 energy_loss: 3.691
[GPU0] epochs: [375/800] train_loss_con: -3.204 energy_loss: 3.733
[GPU0] epochs: [376/800] train_loss_con: -3.205 energy_loss: 3.716
[GPU0] epochs: [377/800] train_loss_con: -3.196 energy_loss: 3.696
[GPU0] epochs: [378/800] train_loss_con: -3.200 energy_loss: 3.633
[GPU0] epochs: [379/800] train_loss_con: -3.194 energy_loss: 3.633
[GPU0] epochs: [380/800] train_loss_con: -3.197 energy_loss: 3.729
[GPU0] epochs: [381/800] train_loss_con: -3.199 energy_loss: 3.707
[GPU0] epochs: [382/800] train_loss_con: -3.198 energy_loss: 3.652
[GPU0] epochs: [383/800] train_loss_con: -3.199 energy_loss: 3.664
[GPU0] epochs: [384/800] train_loss_con: -3.187 energy_loss: 3.649
[GPU0] epochs: [385/800] train_loss_con: -3.188 energy_loss: 3.698
[GPU0] epochs: [386/800] train_loss_con: -3.203 energy_loss: 3.708
[GPU0] epochs: [387/800] train_loss_con: -3.193 energy_loss: 3.652
[GPU0] epochs: [388/800] train_loss_con: -3.190 energy_loss: 3.618
[GPU0] epochs: [389/800] train_loss_con: -3.185 energy_loss: 3.654
[GPU0] epochs: [390/800] train_loss_con: -3.199 energy_loss: 3.634
[GPU0] epochs: [391/800] train_loss_con: -3.189 energy_loss: 3.705
[GPU0] epochs: [392/800] train_loss_con: -3.197 energy_loss: 3.695
[GPU0] epochs: [393/800] train_loss_con: -3.191 energy_loss: 3.710
[GPU0] epochs: [394/800] train_loss_con: -3.200 energy_loss: 3.719
[GPU0] epochs: [395/800] train_loss_con: -3.195 energy_loss: 3.686
[GPU0] epochs: [396/800] train_loss_con: -3.196 energy_loss: 3.683
[GPU0] epochs: [397/800] train_loss_con: -3.206 energy_loss: 3.697
[GPU0] epochs: [398/800] train_loss_con: -3.209 energy_loss: 3.721
[GPU0] epochs: [399/800] train_loss_con: -3.209 energy_loss: 3.643
[GPU0] epochs: [400/800] train_loss_con: -3.204 energy_loss: 3.663
[GPU0] epochs: [401/800] train_loss_con: -3.204 energy_loss: 3.641
[GPU0] epochs: [402/800] train_loss_con: -3.205 energy_loss: 3.576
[GPU0] epochs: [403/800] train_loss_con: -3.214 energy_loss: 3.583
[GPU0] epochs: [404/800] train_loss_con: -3.211 energy_loss: 3.654
[GPU0] epochs: [405/800] train_loss_con: -3.213 energy_loss: 3.565
[GPU0] epochs: [406/800] train_loss_con: -3.222 energy_loss: 3.559
[GPU0] epochs: [407/800] train_loss_con: -3.214 energy_loss: 3.543
[GPU0] epochs: [408/800] train_loss_con: -3.218 energy_loss: 3.559
[GPU0] epochs: [409/800] train_loss_con: -3.219 energy_loss: 3.521
[GPU0] epochs: [410/800] train_loss_con: -3.217 energy_loss: 3.468
[GPU0] epochs: [411/800] train_loss_con: -3.221 energy_loss: 3.440
[GPU0] epochs: [412/800] train_loss_con: -3.227 energy_loss: 3.462
[GPU0] epochs: [413/800] train_loss_con: -3.228 energy_loss: 3.498
[GPU0] epochs: [414/800] train_loss_con: -3.222 energy_loss: 3.400
[GPU0] epochs: [415/800] train_loss_con: -3.230 energy_loss: 3.421
[GPU0] epochs: [416/800] train_loss_con: -3.228 energy_loss: 3.406
[GPU0] epochs: [417/800] train_loss_con: -3.229 energy_loss: 3.359
[GPU0] epochs: [418/800] train_loss_con: -3.238 energy_loss: 3.423
[GPU0] epochs: [419/800] train_loss_con: -3.234 energy_loss: 3.327
[GPU0] epochs: [420/800] train_loss_con: -3.230 energy_loss: 3.316
[GPU0] epochs: [421/800] train_loss_con: -3.233 energy_loss: 3.345
[GPU0] epochs: [422/800] train_loss_con: -3.225 energy_loss: 3.358
[GPU0] epochs: [423/800] train_loss_con: -3.232 energy_loss: 3.308
[GPU0] epochs: [424/800] train_loss_con: -3.226 energy_loss: 3.307
[GPU0] epochs: [425/800] train_loss_con: -3.224 energy_loss: 3.409
[GPU0] epochs: [426/800] train_loss_con: -3.230 energy_loss: 3.377
[GPU0] epochs: [427/800] train_loss_con: -3.230 energy_loss: 3.280
[GPU0] epochs: [428/800] train_loss_con: -3.227 energy_loss: 3.330
[GPU0] epochs: [429/800] train_loss_con: -3.220 energy_loss: 3.302
[GPU0] epochs: [430/800] train_loss_con: -3.226 energy_loss: 3.318
[GPU0] epochs: [431/800] train_loss_con: -3.220 energy_loss: 3.311
[GPU0] epochs: [432/800] train_loss_con: -3.222 energy_loss: 3.256
[GPU0] epochs: [433/800] train_loss_con: -3.227 energy_loss: 3.269
[GPU0] epochs: [434/800] train_loss_con: -3.226 energy_loss: 3.302
[GPU0] epochs: [435/800] train_loss_con: -3.217 energy_loss: 3.257
[GPU0] epochs: [436/800] train_loss_con: -3.218 energy_loss: 3.283
[GPU0] epochs: [437/800] train_loss_con: -3.228 energy_loss: 3.259
[GPU0] epochs: [438/800] train_loss_con: -3.222 energy_loss: 3.263
[GPU0] epochs: [439/800] train_loss_con: -3.220 energy_loss: 3.318
[GPU0] epochs: [440/800] train_loss_con: -3.220 energy_loss: 3.287
[GPU0] epochs: [441/800] train_loss_con: -3.218 energy_loss: 3.316
[GPU0] epochs: [442/800] train_loss_con: -3.216 energy_loss: 3.285
[GPU0] epochs: [443/800] train_loss_con: -3.218 energy_loss: 3.272
[GPU0] epochs: [444/800] train_loss_con: -3.216 energy_loss: 3.292
[GPU0] epochs: [445/800] train_loss_con: -3.223 energy_loss: 3.324
[GPU0] epochs: [446/800] train_loss_con: -3.216 energy_loss: 3.280
[GPU0] epochs: [447/800] train_loss_con: -3.208 energy_loss: 3.278
[GPU0] epochs: [448/800] train_loss_con: -3.219 energy_loss: 3.229
[GPU0] epochs: [449/800] train_loss_con: -3.216 energy_loss: 3.199
[GPU0] epochs: [450/800] train_loss_con: -3.212 energy_loss: 3.274
[GPU0] epochs: [451/800] train_loss_con: -3.215 energy_loss: 3.278
[GPU0] epochs: [452/800] train_loss_con: -3.213 energy_loss: 3.235
[GPU0] epochs: [453/800] train_loss_con: -3.210 energy_loss: 3.235
[GPU0] epochs: [454/800] train_loss_con: -3.217 energy_loss: 3.288
[GPU0] epochs: [455/800] train_loss_con: -3.206 energy_loss: 3.195
[GPU0] epochs: [456/800] train_loss_con: -3.208 energy_loss: 3.200
[GPU0] epochs: [457/800] train_loss_con: -3.207 energy_loss: 3.228
[GPU0] epochs: [458/800] train_loss_con: -3.206 energy_loss: 3.245
[GPU0] epochs: [459/800] train_loss_con: -3.207 energy_loss: 3.179
[GPU0] epochs: [460/800] train_loss_con: -3.201 energy_loss: 3.168
[GPU0] epochs: [461/800] train_loss_con: -3.195 energy_loss: 3.295
[GPU0] epochs: [462/800] train_loss_con: -3.199 energy_loss: 59.170
[GPU0] epochs: [463/800] train_loss_con: -3.204 energy_loss: 93.710
[GPU0] epochs: [464/800] train_loss_con: -3.195 energy_loss: 34.785
[GPU0] epochs: [465/800] train_loss_con: -3.198 energy_loss: 47.251
[GPU0] epochs: [466/800] train_loss_con: -3.201 energy_loss: 14.607
[GPU0] epochs: [467/800] train_loss_con: -3.202 energy_loss: 12.254
[GPU0] epochs: [468/800] train_loss_con: -3.200 energy_loss: 10.984
[GPU0] epochs: [469/800] train_loss_con: -3.197 energy_loss: 9.556
[GPU0] epochs: [470/800] train_loss_con: -3.195 energy_loss: 9.007
[GPU0] epochs: [471/800] train_loss_con: -3.198 energy_loss: 6.957
[GPU0] epochs: [472/800] train_loss_con: -3.207 energy_loss: 5.403
[GPU0] epochs: [473/800] train_loss_con: -3.193 energy_loss: 4.131
[GPU0] epochs: [474/800] train_loss_con: -3.194 energy_loss: 6.599
[GPU0] epochs: [475/800] train_loss_con: -3.197 energy_loss: 4.552
[GPU0] epochs: [476/800] train_loss_con: -3.200 energy_loss: 4.203
[GPU0] epochs: [477/800] train_loss_con: -3.195 energy_loss: 3.937
[GPU0] epochs: [478/800] train_loss_con: -3.191 energy_loss: 4.163
[GPU0] epochs: [479/800] train_loss_con: -3.192 energy_loss: 5.794
[GPU0] epochs: [480/800] train_loss_con: -3.198 energy_loss: 3.979
[GPU0] epochs: [481/800] train_loss_con: -3.199 energy_loss: 3.907
[GPU0] epochs: [482/800] train_loss_con: -3.192 energy_loss: 3.798
[GPU0] epochs: [483/800] train_loss_con: -3.189 energy_loss: 3.693
[GPU0] epochs: [484/800] train_loss_con: -3.195 energy_loss: 4.407
[GPU0] epochs: [485/800] train_loss_con: -3.192 energy_loss: 5.417
[GPU0] epochs: [486/800] train_loss_con: -3.196 energy_loss: 3.973
[GPU0] epochs: [487/800] train_loss_con: -3.192 energy_loss: 3.598
[GPU0] epochs: [488/800] train_loss_con: -3.198 energy_loss: 3.644
[GPU0] epochs: [489/800] train_loss_con: -3.196 energy_loss: 3.637
[GPU0] epochs: [490/800] train_loss_con: -3.205 energy_loss: 3.652
[GPU0] epochs: [491/800] train_loss_con: -3.197 energy_loss: 3.709
[GPU0] epochs: [492/800] train_loss_con: -3.205 energy_loss: 3.725
[GPU0] epochs: [493/800] train_loss_con: -3.205 energy_loss: 3.701
[GPU0] epochs: [494/800] train_loss_con: -3.200 energy_loss: 3.693
[GPU0] epochs: [495/800] train_loss_con: -3.212 energy_loss: 3.581
[GPU0] epochs: [496/800] train_loss_con: -3.203 energy_loss: 3.546
[GPU0] epochs: [497/800] train_loss_con: -3.205 energy_loss: 3.537
[GPU0] epochs: [498/800] train_loss_con: -3.203 energy_loss: 3.436
[GPU0] epochs: [499/800] train_loss_con: -3.208 energy_loss: 3.374
[GPU0] epochs: [500/800] train_loss_con: -3.207 energy_loss: 3.346
[GPU0] epochs: [501/800] train_loss_con: -3.208 energy_loss: 3.443
[GPU0] epochs: [502/800] train_loss_con: -3.213 energy_loss: 3.468
[GPU0] epochs: [503/800] train_loss_con: -3.210 energy_loss: 3.522
[GPU0] epochs: [504/800] train_loss_con: -3.211 energy_loss: 3.407
[GPU0] epochs: [505/800] train_loss_con: -3.210 energy_loss: 3.313
[GPU0] epochs: [506/800] train_loss_con: -3.210 energy_loss: 3.376
[GPU0] epochs: [507/800] train_loss_con: -3.217 energy_loss: 3.338
[GPU0] epochs: [508/800] train_loss_con: -3.215 energy_loss: 3.286
[GPU0] epochs: [509/800] train_loss_con: -3.218 energy_loss: 3.209
[GPU0] epochs: [510/800] train_loss_con: -3.220 energy_loss: 3.372
[GPU0] epochs: [511/800] train_loss_con: -3.218 energy_loss: 3.530
[GPU0] epochs: [512/800] train_loss_con: -3.221 energy_loss: 3.249
[GPU0] epochs: [513/800] train_loss_con: -3.228 energy_loss: 3.151
[GPU0] epochs: [514/800] train_loss_con: -3.232 energy_loss: 3.064
[GPU0] epochs: [515/800] train_loss_con: -3.229 energy_loss: 3.146
[GPU0] epochs: [516/800] train_loss_con: -3.224 energy_loss: 3.117
[GPU0] epochs: [517/800] train_loss_con: -3.219 energy_loss: 3.074
[GPU0] epochs: [518/800] train_loss_con: -3.234 energy_loss: 3.084
[GPU0] epochs: [519/800] train_loss_con: -3.232 energy_loss: 3.044
[GPU0] epochs: [520/800] train_loss_con: -3.222 energy_loss: 3.056
[GPU0] epochs: [521/800] train_loss_con: -3.231 energy_loss: 2.993
[GPU0] epochs: [522/800] train_loss_con: -3.227 energy_loss: 2.935
[GPU0] epochs: [523/800] train_loss_con: -3.227 energy_loss: 2.974
[GPU0] epochs: [524/800] train_loss_con: -3.228 energy_loss: 2.943
[GPU0] epochs: [525/800] train_loss_con: -3.225 energy_loss: 2.950
[GPU0] epochs: [526/800] train_loss_con: -3.235 energy_loss: 2.905
[GPU0] epochs: [527/800] train_loss_con: -3.233 energy_loss: 2.866
[GPU0] epochs: [528/800] train_loss_con: -3.221 energy_loss: 2.919
[GPU0] epochs: [529/800] train_loss_con: -3.228 energy_loss: 2.846
[GPU0] epochs: [530/800] train_loss_con: -3.229 energy_loss: 2.780
[GPU0] epochs: [531/800] train_loss_con: -3.224 energy_loss: 2.821
[GPU0] epochs: [532/800] train_loss_con: -3.234 energy_loss: 2.833
[GPU0] epochs: [533/800] train_loss_con: -3.231 energy_loss: 2.793
[GPU0] epochs: [534/800] train_loss_con: -3.231 energy_loss: 2.787
[GPU0] epochs: [535/800] train_loss_con: -3.228 energy_loss: 2.762
[GPU0] epochs: [536/800] train_loss_con: -3.233 energy_loss: 2.803
[GPU0] epochs: [537/800] train_loss_con: -3.221 energy_loss: 2.793
[GPU0] epochs: [538/800] train_loss_con: -3.224 energy_loss: 2.808
[GPU0] epochs: [539/800] train_loss_con: -3.221 energy_loss: 2.756
[GPU0] epochs: [540/800] train_loss_con: -3.229 energy_loss: 2.760
[GPU0] epochs: [541/800] train_loss_con: -3.228 energy_loss: 2.744
[GPU0] epochs: [542/800] train_loss_con: -3.224 energy_loss: 2.785
[GPU0] epochs: [543/800] train_loss_con: -3.228 energy_loss: 2.762
[GPU0] epochs: [544/800] train_loss_con: -3.232 energy_loss: 2.745
[GPU0] epochs: [545/800] train_loss_con: -3.238 energy_loss: 2.666
[GPU0] epochs: [546/800] train_loss_con: -3.226 energy_loss: 2.603
[GPU0] epochs: [547/800] train_loss_con: -3.227 energy_loss: 2.645
[GPU0] epochs: [548/800] train_loss_con: -3.231 energy_loss: 2.656
[GPU0] epochs: [549/800] train_loss_con: -3.236 energy_loss: 2.652
[GPU0] epochs: [550/800] train_loss_con: -3.225 energy_loss: 2.597
[GPU0] epochs: [551/800] train_loss_con: -3.228 energy_loss: 2.570
[GPU0] epochs: [552/800] train_loss_con: -3.224 energy_loss: 2.626
[GPU0] epochs: [553/800] train_loss_con: -3.227 energy_loss: 2.587
[GPU0] epochs: [554/800] train_loss_con: -3.229 energy_loss: 2.586
[GPU0] epochs: [555/800] train_loss_con: -3.225 energy_loss: 2.589
[GPU0] epochs: [556/800] train_loss_con: -3.223 energy_loss: 2.574
[GPU0] epochs: [557/800] train_loss_con: -3.229 energy_loss: 2.547
[GPU0] epochs: [558/800] train_loss_con: -3.225 energy_loss: 2.517
[GPU0] epochs: [559/800] train_loss_con: -3.233 energy_loss: 2.500
[GPU0] epochs: [560/800] train_loss_con: -3.233 energy_loss: 2.504
[GPU0] epochs: [561/800] train_loss_con: -3.226 energy_loss: 2.531
[GPU0] epochs: [562/800] train_loss_con: -3.226 energy_loss: 2.530
[GPU0] epochs: [563/800] train_loss_con: -3.231 energy_loss: 2.475
[GPU0] epochs: [564/800] train_loss_con: -3.223 energy_loss: 2.456
[GPU0] epochs: [565/800] train_loss_con: -3.225 energy_loss: 2.503
[GPU0] epochs: [566/800] train_loss_con: -3.231 energy_loss: 2.495
[GPU0] epochs: [567/800] train_loss_con: -3.233 energy_loss: 2.451
[GPU0] epochs: [568/800] train_loss_con: -3.228 energy_loss: 2.445
[GPU0] epochs: [569/800] train_loss_con: -3.233 energy_loss: 2.498
[GPU0] epochs: [570/800] train_loss_con: -3.226 energy_loss: 2.438
[GPU0] epochs: [571/800] train_loss_con: -3.233 energy_loss: 2.410
[GPU0] epochs: [572/800] train_loss_con: -3.226 energy_loss: 2.415
[GPU0] epochs: [573/800] train_loss_con: -3.231 energy_loss: 2.439
[GPU0] epochs: [574/800] train_loss_con: -3.226 energy_loss: 2.524
[GPU0] epochs: [575/800] train_loss_con: -3.236 energy_loss: 2.398
[GPU0] epochs: [576/800] train_loss_con: -3.230 energy_loss: 2.341
[GPU0] epochs: [577/800] train_loss_con: -3.227 energy_loss: 2.377
[GPU0] epochs: [578/800] train_loss_con: -3.237 energy_loss: 2.362
[GPU0] epochs: [579/800] train_loss_con: -3.230 energy_loss: 2.363
[GPU0] epochs: [580/800] train_loss_con: -3.233 energy_loss: 2.328
[GPU0] epochs: [581/800] train_loss_con: -3.232 energy_loss: 2.310
[GPU0] epochs: [582/800] train_loss_con: -3.236 energy_loss: 2.318
[GPU0] epochs: [583/800] train_loss_con: -3.238 energy_loss: 2.302
[GPU0] epochs: [584/800] train_loss_con: -3.233 energy_loss: 2.312
[GPU0] epochs: [585/800] train_loss_con: -3.240 energy_loss: 2.288
[GPU0] epochs: [586/800] train_loss_con: -3.236 energy_loss: 2.349
[GPU0] epochs: [587/800] train_loss_con: -3.236 energy_loss: 2.336
[GPU0] epochs: [588/800] train_loss_con: -3.240 energy_loss: 2.273
[GPU0] epochs: [589/800] train_loss_con: -3.235 energy_loss: 2.226
[GPU0] epochs: [590/800] train_loss_con: -3.238 energy_loss: 2.268
[GPU0] epochs: [591/800] train_loss_con: -3.234 energy_loss: 2.295
[GPU0] epochs: [592/800] train_loss_con: -3.241 energy_loss: 2.239
[GPU0] epochs: [593/800] train_loss_con: -3.242 energy_loss: 2.184
[GPU0] epochs: [594/800] train_loss_con: -3.232 energy_loss: 2.205
[GPU0] epochs: [595/800] train_loss_con: -3.234 energy_loss: 2.196
[GPU0] epochs: [596/800] train_loss_con: -3.243 energy_loss: 2.170
[GPU0] epochs: [597/800] train_loss_con: -3.243 energy_loss: 2.193
[GPU0] epochs: [598/800] train_loss_con: -3.243 energy_loss: 2.238
[GPU0] epochs: [599/800] train_loss_con: -3.246 energy_loss: 2.221
[GPU0] epochs: [600/800] train_loss_con: -3.244 energy_loss: 2.187
[GPU0] epochs: [601/800] train_loss_con: -3.244 energy_loss: 2.143
[GPU0] epochs: [602/800] train_loss_con: -3.243 energy_loss: 2.110
[GPU0] epochs: [603/800] train_loss_con: -3.245 energy_loss: 2.108
[GPU0] epochs: [604/800] train_loss_con: -3.243 energy_loss: 2.058
[GPU0] epochs: [605/800] train_loss_con: -3.249 energy_loss: 2.114
[GPU0] epochs: [606/800] train_loss_con: -3.242 energy_loss: 2.133
[GPU0] epochs: [607/800] train_loss_con: -3.248 energy_loss: 2.090
[GPU0] epochs: [608/800] train_loss_con: -3.246 energy_loss: 2.077
[GPU0] epochs: [609/800] train_loss_con: -3.249 energy_loss: 2.046
[GPU0] epochs: [610/800] train_loss_con: -3.249 energy_loss: 2.039
[GPU0] epochs: [611/800] train_loss_con: -3.244 energy_loss: 2.053
[GPU0] epochs: [612/800] train_loss_con: -3.253 energy_loss: 2.040
[GPU0] epochs: [613/800] train_loss_con: -3.251 energy_loss: 2.045
[GPU0] epochs: [614/800] train_loss_con: -3.257 energy_loss: 2.035
[GPU0] epochs: [615/800] train_loss_con: -3.254 energy_loss: 2.023
[GPU0] epochs: [616/800] train_loss_con: -3.258 energy_loss: 2.023
[GPU0] epochs: [617/800] train_loss_con: -3.259 energy_loss: 2.002
[GPU0] epochs: [618/800] train_loss_con: -3.253 energy_loss: 2.082
[GPU0] epochs: [619/800] train_loss_con: -3.266 energy_loss: 2.084
[GPU0] epochs: [620/800] train_loss_con: -3.257 energy_loss: 2.077
[GPU0] epochs: [621/800] train_loss_con: -3.251 energy_loss: 2.045
[GPU0] epochs: [622/800] train_loss_con: -3.259 energy_loss: 2.037
[GPU0] epochs: [623/800] train_loss_con: -3.264 energy_loss: 1.987
[GPU0] epochs: [624/800] train_loss_con: -3.258 energy_loss: 1.975
[GPU0] epochs: [625/800] train_loss_con: -3.257 energy_loss: 1.964
[GPU0] epochs: [626/800] train_loss_con: -3.259 energy_loss: 1.924
[GPU0] epochs: [627/800] train_loss_con: -3.259 energy_loss: 1.908
[GPU0] epochs: [628/800] train_loss_con: -3.265 energy_loss: 1.866
[GPU0] epochs: [629/800] train_loss_con: -3.262 energy_loss: 1.895
[GPU0] epochs: [630/800] train_loss_con: -3.259 energy_loss: 1.902
[GPU0] epochs: [631/800] train_loss_con: -3.267 energy_loss: 1.863
[GPU0] epochs: [632/800] train_loss_con: -3.257 energy_loss: 1.869
[GPU0] epochs: [633/800] train_loss_con: -3.259 energy_loss: 1.822
[GPU0] epochs: [634/800] train_loss_con: -3.261 energy_loss: 1.824
[GPU0] epochs: [635/800] train_loss_con: -3.265 energy_loss: 1.852
[GPU0] epochs: [636/800] train_loss_con: -3.264 energy_loss: 1.816
[GPU0] epochs: [637/800] train_loss_con: -3.269 energy_loss: 1.831
[GPU0] epochs: [638/800] train_loss_con: -3.278 energy_loss: 1.783
[GPU0] epochs: [639/800] train_loss_con: -3.268 energy_loss: 1.782
[GPU0] epochs: [640/800] train_loss_con: -3.274 energy_loss: 1.799
[GPU0] epochs: [641/800] train_loss_con: -3.276 energy_loss: 1.750
[GPU0] epochs: [642/800] train_loss_con: -3.271 energy_loss: 1.729
[GPU0] epochs: [643/800] train_loss_con: -3.270 energy_loss: 1.743
[GPU0] epochs: [644/800] train_loss_con: -3.272 energy_loss: 1.753
[GPU0] epochs: [645/800] train_loss_con: -3.278 energy_loss: 1.725
[GPU0] epochs: [646/800] train_loss_con: -3.271 energy_loss: 1.738
[GPU0] epochs: [647/800] train_loss_con: -3.281 energy_loss: 1.702
[GPU0] epochs: [648/800] train_loss_con: -3.275 energy_loss: 1.680
[GPU0] epochs: [649/800] train_loss_con: -3.282 energy_loss: 1.669
[GPU0] epochs: [650/800] train_loss_con: -3.278 energy_loss: 1.657
[GPU0] epochs: [651/800] train_loss_con: -3.281 energy_loss: 1.680
[GPU0] epochs: [652/800] train_loss_con: -3.287 energy_loss: 1.658
[GPU0] epochs: [653/800] train_loss_con: -3.281 energy_loss: 1.628
[GPU0] epochs: [654/800] train_loss_con: -3.288 energy_loss: 1.617
[GPU0] epochs: [655/800] train_loss_con: -3.283 energy_loss: 1.612
[GPU0] epochs: [656/800] train_loss_con: -3.284 energy_loss: 1.621
[GPU0] epochs: [657/800] train_loss_con: -3.287 energy_loss: 1.632
[GPU0] epochs: [658/800] train_loss_con: -3.289 energy_loss: 1.587
[GPU0] epochs: [659/800] train_loss_con: -3.291 energy_loss: 1.578
[GPU0] epochs: [660/800] train_loss_con: -3.285 energy_loss: 1.563
[GPU0] epochs: [661/800] train_loss_con: -3.293 energy_loss: 1.528
[GPU0] epochs: [662/800] train_loss_con: -3.289 energy_loss: 2.050
[GPU0] epochs: [663/800] train_loss_con: -3.288 energy_loss: 2.743
[GPU0] epochs: [664/800] train_loss_con: -3.298 energy_loss: 1.717
[GPU0] epochs: [665/800] train_loss_con: -3.289 energy_loss: 1.671
[GPU0] epochs: [666/800] train_loss_con: -3.289 energy_loss: 1.694
[GPU0] epochs: [667/800] train_loss_con: -3.294 energy_loss: 1.692
[GPU0] epochs: [668/800] train_loss_con: -3.299 energy_loss: 1.692
[GPU0] epochs: [669/800] train_loss_con: -3.302 energy_loss: 1.638
[GPU0] epochs: [670/800] train_loss_con: -3.297 energy_loss: 1.592
[GPU0] epochs: [671/800] train_loss_con: -3.294 energy_loss: 1.543
[GPU0] epochs: [672/800] train_loss_con: -3.296 energy_loss: 1.556
[GPU0] epochs: [673/800] train_loss_con: -3.295 energy_loss: 1.541
[GPU0] epochs: [674/800] train_loss_con: -3.293 energy_loss: 1.537
[GPU0] epochs: [675/800] train_loss_con: -3.300 energy_loss: 1.534
[GPU0] epochs: [676/800] train_loss_con: -3.305 energy_loss: 1.518
[GPU0] epochs: [677/800] train_loss_con: -3.305 energy_loss: 1.526
[GPU0] epochs: [678/800] train_loss_con: -3.301 energy_loss: 1.487
[GPU0] epochs: [679/800] train_loss_con: -3.303 energy_loss: 1.489
[GPU0] epochs: [680/800] train_loss_con: -3.303 energy_loss: 1.459
[GPU0] epochs: [681/800] train_loss_con: -3.302 energy_loss: 1.431
[GPU0] epochs: [682/800] train_loss_con: -3.307 energy_loss: 1.411
[GPU0] epochs: [683/800] train_loss_con: -3.308 energy_loss: 1.401
[GPU0] epochs: [684/800] train_loss_con: -3.306 energy_loss: 1.393
[GPU0] epochs: [685/800] train_loss_con: -3.307 energy_loss: 1.411
[GPU0] epochs: [686/800] train_loss_con: -3.309 energy_loss: 1.353
[GPU0] epochs: [687/800] train_loss_con: -3.317 energy_loss: 1.355
[GPU0] epochs: [688/800] train_loss_con: -3.311 energy_loss: 1.340
[GPU0] epochs: [689/800] train_loss_con: -3.313 energy_loss: 1.328
[GPU0] epochs: [690/800] train_loss_con: -3.314 energy_loss: 1.312
[GPU0] epochs: [691/800] train_loss_con: -3.313 energy_loss: 1.315
[GPU0] epochs: [692/800] train_loss_con: -3.314 energy_loss: 1.301
[GPU0] epochs: [693/800] train_loss_con: -3.320 energy_loss: 1.324
[GPU0] epochs: [694/800] train_loss_con: -3.313 energy_loss: 1.316
[GPU0] epochs: [695/800] train_loss_con: -3.307 energy_loss: 1.305
[GPU0] epochs: [696/800] train_loss_con: -3.325 energy_loss: 1.285
[GPU0] epochs: [697/800] train_loss_con: -3.318 energy_loss: 1.261
[GPU0] epochs: [698/800] train_loss_con: -3.318 energy_loss: 1.250
[GPU0] epochs: [699/800] train_loss_con: -3.326 energy_loss: 1.240
[GPU0] epochs: [700/800] train_loss_con: -3.326 energy_loss: 1.228
[GPU0] epochs: [701/800] train_loss_con: -3.324 energy_loss: 1.236
[GPU0] epochs: [702/800] train_loss_con: -3.321 energy_loss: 1.222
[GPU0] epochs: [703/800] train_loss_con: -3.328 energy_loss: 1.225
[GPU0] epochs: [704/800] train_loss_con: -3.325 energy_loss: 1.233
[GPU0] epochs: [705/800] train_loss_con: -3.324 energy_loss: 1.215
[GPU0] epochs: [706/800] train_loss_con: -3.328 energy_loss: 1.176
[GPU0] epochs: [707/800] train_loss_con: -3.333 energy_loss: 1.195
[GPU0] epochs: [708/800] train_loss_con: -3.330 energy_loss: 1.172
[GPU0] epochs: [709/800] train_loss_con: -3.330 energy_loss: 1.166
[GPU0] epochs: [710/800] train_loss_con: -3.335 energy_loss: 1.174
[GPU0] epochs: [711/800] train_loss_con: -3.332 energy_loss: 1.162
[GPU0] epochs: [712/800] train_loss_con: -3.332 energy_loss: 1.176
[GPU0] epochs: [713/800] train_loss_con: -3.331 energy_loss: 1.167
[GPU0] epochs: [714/800] train_loss_con: -3.338 energy_loss: 1.151
[GPU0] epochs: [715/800] train_loss_con: -3.335 energy_loss: 1.150
[GPU0] epochs: [716/800] train_loss_con: -3.332 energy_loss: 1.122
[GPU0] epochs: [717/800] train_loss_con: -3.337 energy_loss: 1.082
[GPU0] epochs: [718/800] train_loss_con: -3.338 energy_loss: 1.088
[GPU0] epochs: [719/800] train_loss_con: -3.338 energy_loss: 1.072
[GPU0] epochs: [720/800] train_loss_con: -3.340 energy_loss: 1.075
[GPU0] epochs: [721/800] train_loss_con: -3.337 energy_loss: 1.074
[GPU0] epochs: [722/800] train_loss_con: -3.337 energy_loss: 1.072
[GPU0] epochs: [723/800] train_loss_con: -3.334 energy_loss: 1.088
[GPU0] epochs: [724/800] train_loss_con: -3.340 energy_loss: 1.083
[GPU0] epochs: [725/800] train_loss_con: -3.339 energy_loss: 1.069
[GPU0] epochs: [726/800] train_loss_con: -3.340 energy_loss: 1.059
[GPU0] epochs: [727/800] train_loss_con: -3.345 energy_loss: 1.054
[GPU0] epochs: [728/800] train_loss_con: -3.343 energy_loss: 1.062
[GPU0] epochs: [729/800] train_loss_con: -3.340 energy_loss: 1.090
[GPU0] epochs: [730/800] train_loss_con: -3.350 energy_loss: 1.049
[GPU0] epochs: [731/800] train_loss_con: -3.350 energy_loss: 1.043
[GPU0] epochs: [732/800] train_loss_con: -3.341 energy_loss: 1.035
[GPU0] epochs: [733/800] train_loss_con: -3.344 energy_loss: 1.027
[GPU0] epochs: [734/800] train_loss_con: -3.350 energy_loss: 1.025
[GPU0] epochs: [735/800] train_loss_con: -3.348 energy_loss: 1.029
[GPU0] epochs: [736/800] train_loss_con: -3.351 energy_loss: 1.014
[GPU0] epochs: [737/800] train_loss_con: -3.352 energy_loss: 0.997
[GPU0] epochs: [738/800] train_loss_con: -3.348 energy_loss: 0.997
[GPU0] epochs: [739/800] train_loss_con: -3.348 energy_loss: 0.982
[GPU0] epochs: [740/800] train_loss_con: -3.355 energy_loss: 0.989
[GPU0] epochs: [741/800] train_loss_con: -3.351 energy_loss: 0.971
[GPU0] epochs: [742/800] train_loss_con: -3.358 energy_loss: 0.975
[GPU0] epochs: [743/800] train_loss_con: -3.355 energy_loss: 0.961
[GPU0] epochs: [744/800] train_loss_con: -3.350 energy_loss: 0.976
[GPU0] epochs: [745/800] train_loss_con: -3.356 energy_loss: 0.959
[GPU0] epochs: [746/800] train_loss_con: -3.359 energy_loss: 1.293
[GPU0] epochs: [747/800] train_loss_con: -3.357 energy_loss: 1.044
[GPU0] epochs: [748/800] train_loss_con: -3.356 energy_loss: 0.961
[GPU0] epochs: [749/800] train_loss_con: -3.359 energy_loss: 0.940
[GPU0] epochs: [750/800] train_loss_con: -3.358 energy_loss: 0.947
[GPU0] epochs: [751/800] train_loss_con: -3.359 energy_loss: 0.929
[GPU0] epochs: [752/800] train_loss_con: -3.366 energy_loss: 0.919
[GPU0] epochs: [753/800] train_loss_con: -3.358 energy_loss: 0.918
[GPU0] epochs: [754/800] train_loss_con: -3.361 energy_loss: 0.927
[GPU0] epochs: [755/800] train_loss_con: -3.363 energy_loss: 0.928
[GPU0] epochs: [756/800] train_loss_con: -3.367 energy_loss: 0.917
[GPU0] epochs: [757/800] train_loss_con: -3.363 energy_loss: 0.914
[GPU0] epochs: [758/800] train_loss_con: -3.363 energy_loss: 0.910
[GPU0] epochs: [759/800] train_loss_con: -3.360 energy_loss: 0.911
[GPU0] epochs: [760/800] train_loss_con: -3.366 energy_loss: 0.911
[GPU0] epochs: [761/800] train_loss_con: -3.361 energy_loss: 0.906
[GPU0] epochs: [762/800] train_loss_con: -3.366 energy_loss: 0.894
[GPU0] epochs: [763/800] train_loss_con: -3.366 energy_loss: 0.895
[GPU0] epochs: [764/800] train_loss_con: -3.369 energy_loss: 0.890
[GPU0] epochs: [765/800] train_loss_con: -3.363 energy_loss: 0.886
[GPU0] epochs: [766/800] train_loss_con: -3.369 energy_loss: 0.883
[GPU0] epochs: [767/800] train_loss_con: -3.367 energy_loss: 0.872
[GPU0] epochs: [768/800] train_loss_con: -3.373 energy_loss: 0.881
[GPU0] epochs: [769/800] train_loss_con: -3.370 energy_loss: 0.880
[GPU0] epochs: [770/800] train_loss_con: -3.369 energy_loss: 0.876
[GPU0] epochs: [771/800] train_loss_con: -3.371 energy_loss: 0.871
[GPU0] epochs: [772/800] train_loss_con: -3.371 energy_loss: 0.861
[GPU0] epochs: [773/800] train_loss_con: -3.371 energy_loss: 0.876
[GPU0] epochs: [774/800] train_loss_con: -3.376 energy_loss: 0.867
[GPU0] epochs: [775/800] train_loss_con: -3.370 energy_loss: 0.866
[GPU0] epochs: [776/800] train_loss_con: -3.368 energy_loss: 0.874
[GPU0] epochs: [777/800] train_loss_con: -3.376 energy_loss: 0.864
[GPU0] epochs: [778/800] train_loss_con: -3.375 energy_loss: 0.860
[GPU0] epochs: [779/800] train_loss_con: -3.368 energy_loss: 0.868
[GPU0] epochs: [780/800] train_loss_con: -3.373 energy_loss: 0.861
[GPU0] epochs: [781/800] train_loss_con: -3.371 energy_loss: 0.856
[GPU0] epochs: [782/800] train_loss_con: -3.371 energy_loss: 0.860
[GPU0] epochs: [783/800] train_loss_con: -3.374 energy_loss: 0.852
[GPU0] epochs: [784/800] train_loss_con: -3.376 energy_loss: 0.846
[GPU0] epochs: [785/800] train_loss_con: -3.374 energy_loss: 0.851
[GPU0] epochs: [786/800] train_loss_con: -3.376 energy_loss: 0.851
[GPU0] epochs: [787/800] train_loss_con: -3.375 energy_loss: 0.843
[GPU0] epochs: [788/800] train_loss_con: -3.377 energy_loss: 0.854
[GPU0] epochs: [789/800] train_loss_con: -3.374 energy_loss: 0.846
[GPU0] epochs: [790/800] train_loss_con: -3.379 energy_loss: 0.851
[GPU0] epochs: [791/800] train_loss_con: -3.374 energy_loss: 0.853
[GPU0] epochs: [792/800] train_loss_con: -3.374 energy_loss: 0.844
[GPU0] epochs: [793/800] train_loss_con: -3.373 energy_loss: 0.845
[GPU0] epochs: [794/800] train_loss_con: -3.372 energy_loss: 0.846
[GPU0] epochs: [795/800] train_loss_con: -3.371 energy_loss: 0.852
[GPU0] epochs: [796/800] train_loss_con: -3.379 energy_loss: 0.846
[GPU0] epochs: [797/800] train_loss_con: -3.375 energy_loss: 0.842
[GPU0] epochs: [798/800] train_loss_con: -3.377 energy_loss: 0.858
[GPU0] epochs: [799/800] train_loss_con: -3.378 energy_loss: 0.837
[GPU0] epochs: [800/800] train_loss_con: -3.373 energy_loss: 0.842
### TSNE starts
### MLP training begins
[GPU0] Test Accuracy at epoch: 0: 0.696
[GPU0] epochs: [1/100] train_acc: 0.480 train_loss_sup: 2.242
[GPU0] epochs: [2/100] train_acc: 0.694 train_loss_sup: 2.104
[GPU0] epochs: [3/100] train_acc: 0.718 train_loss_sup: 1.979
[GPU0] epochs: [4/100] train_acc: 0.726 train_loss_sup: 1.866
[GPU0] epochs: [5/100] train_acc: 0.726 train_loss_sup: 1.767
[GPU0] epochs: [6/100] train_acc: 0.734 train_loss_sup: 1.678
[GPU0] epochs: [7/100] train_acc: 0.735 train_loss_sup: 1.600
[GPU0] epochs: [8/100] train_acc: 0.734 train_loss_sup: 1.532
[GPU0] epochs: [9/100] train_acc: 0.740 train_loss_sup: 1.469
[GPU0] epochs: [10/100] train_acc: 0.740 train_loss_sup: 1.416
[GPU0] Test Accuracy at epoch: 10: 0.768
[GPU0] epochs: [11/100] train_acc: 0.741 train_loss_sup: 1.365
[GPU0] epochs: [12/100] train_acc: 0.742 train_loss_sup: 1.324
[GPU0] epochs: [13/100] train_acc: 0.745 train_loss_sup: 1.285
[GPU0] epochs: [14/100] train_acc: 0.747 train_loss_sup: 1.249
[GPU0] epochs: [15/100] train_acc: 0.747 train_loss_sup: 1.217
[GPU0] epochs: [16/100] train_acc: 0.746 train_loss_sup: 1.190
[GPU0] epochs: [17/100] train_acc: 0.746 train_loss_sup: 1.165
[GPU0] epochs: [18/100] train_acc: 0.748 train_loss_sup: 1.141
[GPU0] epochs: [19/100] train_acc: 0.750 train_loss_sup: 1.116
[GPU0] epochs: [20/100] train_acc: 0.749 train_loss_sup: 1.101
[GPU0] Test Accuracy at epoch: 20: 0.773
[GPU0] epochs: [21/100] train_acc: 0.749 train_loss_sup: 1.081
[GPU0] epochs: [22/100] train_acc: 0.750 train_loss_sup: 1.060
[GPU0] epochs: [23/100] train_acc: 0.753 train_loss_sup: 1.044
[GPU0] epochs: [24/100] train_acc: 0.750 train_loss_sup: 1.031
[GPU0] epochs: [25/100] train_acc: 0.753 train_loss_sup: 1.014
[GPU0] epochs: [26/100] train_acc: 0.752 train_loss_sup: 1.004
[GPU0] epochs: [27/100] train_acc: 0.753 train_loss_sup: 0.993
[GPU0] epochs: [28/100] train_acc: 0.752 train_loss_sup: 0.982
[GPU0] epochs: [29/100] train_acc: 0.754 train_loss_sup: 0.968
[GPU0] epochs: [30/100] train_acc: 0.753 train_loss_sup: 0.958
[GPU0] Test Accuracy at epoch: 30: 0.779
[GPU0] epochs: [31/100] train_acc: 0.753 train_loss_sup: 0.952
[GPU0] epochs: [32/100] train_acc: 0.758 train_loss_sup: 0.939
[GPU0] epochs: [33/100] train_acc: 0.755 train_loss_sup: 0.933
[GPU0] epochs: [34/100] train_acc: 0.755 train_loss_sup: 0.921
[GPU0] epochs: [35/100] train_acc: 0.757 train_loss_sup: 0.916
[GPU0] epochs: [36/100] train_acc: 0.758 train_loss_sup: 0.907
[GPU0] epochs: [37/100] train_acc: 0.757 train_loss_sup: 0.900
[GPU0] epochs: [38/100] train_acc: 0.758 train_loss_sup: 0.894
[GPU0] epochs: [39/100] train_acc: 0.755 train_loss_sup: 0.891
[GPU0] epochs: [40/100] train_acc: 0.759 train_loss_sup: 0.879
[GPU0] Test Accuracy at epoch: 40: 0.783
[GPU0] epochs: [41/100] train_acc: 0.759 train_loss_sup: 0.877
[GPU0] epochs: [42/100] train_acc: 0.757 train_loss_sup: 0.872
[GPU0] epochs: [43/100] train_acc: 0.759 train_loss_sup: 0.866
[GPU0] epochs: [44/100] train_acc: 0.760 train_loss_sup: 0.861
[GPU0] epochs: [45/100] train_acc: 0.760 train_loss_sup: 0.856
[GPU0] epochs: [46/100] train_acc: 0.760 train_loss_sup: 0.849
[GPU0] epochs: [47/100] train_acc: 0.760 train_loss_sup: 0.847
[GPU0] epochs: [48/100] train_acc: 0.762 train_loss_sup: 0.839
[GPU0] epochs: [49/100] train_acc: 0.761 train_loss_sup: 0.839
[GPU0] epochs: [50/100] train_acc: 0.763 train_loss_sup: 0.830
[GPU0] Test Accuracy at epoch: 50: 0.785
[GPU0] epochs: [51/100] train_acc: 0.761 train_loss_sup: 0.828
[GPU0] epochs: [52/100] train_acc: 0.762 train_loss_sup: 0.823
[GPU0] epochs: [53/100] train_acc: 0.762 train_loss_sup: 0.822
[GPU0] epochs: [54/100] train_acc: 0.764 train_loss_sup: 0.819
[GPU0] epochs: [55/100] train_acc: 0.765 train_loss_sup: 0.811
[GPU0] epochs: [56/100] train_acc: 0.762 train_loss_sup: 0.810
[GPU0] epochs: [57/100] train_acc: 0.763 train_loss_sup: 0.807
[GPU0] epochs: [58/100] train_acc: 0.761 train_loss_sup: 0.805
[GPU0] epochs: [59/100] train_acc: 0.763 train_loss_sup: 0.799
[GPU0] epochs: [60/100] train_acc: 0.765 train_loss_sup: 0.797
[GPU0] Test Accuracy at epoch: 60: 0.786
[GPU0] epochs: [61/100] train_acc: 0.763 train_loss_sup: 0.796
[GPU0] epochs: [62/100] train_acc: 0.766 train_loss_sup: 0.790
[GPU0] epochs: [63/100] train_acc: 0.765 train_loss_sup: 0.789
[GPU0] epochs: [64/100] train_acc: 0.766 train_loss_sup: 0.786
[GPU0] epochs: [65/100] train_acc: 0.767 train_loss_sup: 0.782
[GPU0] epochs: [66/100] train_acc: 0.765 train_loss_sup: 0.781
[GPU0] epochs: [67/100] train_acc: 0.765 train_loss_sup: 0.781
[GPU0] epochs: [68/100] train_acc: 0.766 train_loss_sup: 0.779
[GPU0] epochs: [69/100] train_acc: 0.765 train_loss_sup: 0.775
[GPU0] epochs: [70/100] train_acc: 0.768 train_loss_sup: 0.769
[GPU0] Test Accuracy at epoch: 70: 0.788
[GPU0] epochs: [71/100] train_acc: 0.766 train_loss_sup: 0.770
[GPU0] epochs: [72/100] train_acc: 0.768 train_loss_sup: 0.767
[GPU0] epochs: [73/100] train_acc: 0.767 train_loss_sup: 0.765
[GPU0] epochs: [74/100] train_acc: 0.769 train_loss_sup: 0.758
[GPU0] epochs: [75/100] train_acc: 0.769 train_loss_sup: 0.757
[GPU0] epochs: [76/100] train_acc: 0.767 train_loss_sup: 0.760
[GPU0] epochs: [77/100] train_acc: 0.770 train_loss_sup: 0.755
[GPU0] epochs: [78/100] train_acc: 0.767 train_loss_sup: 0.758
[GPU0] epochs: [79/100] train_acc: 0.768 train_loss_sup: 0.755
[GPU0] epochs: [80/100] train_acc: 0.769 train_loss_sup: 0.752
[GPU0] Test Accuracy at epoch: 80: 0.792
[GPU0] epochs: [81/100] train_acc: 0.770 train_loss_sup: 0.748
[GPU0] epochs: [82/100] train_acc: 0.771 train_loss_sup: 0.744
[GPU0] epochs: [83/100] train_acc: 0.769 train_loss_sup: 0.747
[GPU0] epochs: [84/100] train_acc: 0.770 train_loss_sup: 0.742
[GPU0] epochs: [85/100] train_acc: 0.768 train_loss_sup: 0.742
[GPU0] epochs: [86/100] train_acc: 0.769 train_loss_sup: 0.742
[GPU0] epochs: [87/100] train_acc: 0.770 train_loss_sup: 0.741
[GPU0] epochs: [88/100] train_acc: 0.769 train_loss_sup: 0.740
[GPU0] epochs: [89/100] train_acc: 0.772 train_loss_sup: 0.735
[GPU0] epochs: [90/100] train_acc: 0.772 train_loss_sup: 0.736
[GPU0] Test Accuracy at epoch: 90: 0.794
[GPU0] epochs: [91/100] train_acc: 0.772 train_loss_sup: 0.731
[GPU0] epochs: [92/100] train_acc: 0.771 train_loss_sup: 0.730
[GPU0] epochs: [93/100] train_acc: 0.772 train_loss_sup: 0.729
[GPU0] epochs: [94/100] train_acc: 0.772 train_loss_sup: 0.729
[GPU0] epochs: [95/100] train_acc: 0.773 train_loss_sup: 0.727
[GPU0] epochs: [96/100] train_acc: 0.773 train_loss_sup: 0.726
[GPU0] epochs: [97/100] train_acc: 0.772 train_loss_sup: 0.725
[GPU0] epochs: [98/100] train_acc: 0.770 train_loss_sup: 0.725
[GPU0] epochs: [99/100] train_acc: 0.774 train_loss_sup: 0.722
[GPU0] epochs: [100/100] train_acc: 0.773 train_loss_sup: 0.720
[GPU0] Final Test Accuracy: 0.797
Model weights saved
<All keys matched successfully>
knn evalution
logistic regression evalution
knn_acc: 0.803, log_reg_acc: 0.846
