environment: 
YAML: configs/byol.sc.yaml
==> SEED: 42
==> train_algo: byol-sc
==> dataset: {'cifar10': {'num_classes': 10, 'params': {'data_dir': 'datasets/cifar10', 'batch_size': 512, 'num_workers': 1, 'image_size': 32, 'algo': 'byol-sc'}}, 'cifar100': {'num_classes': 100, 'params': {'data_dir': 'datasets/cifar100', 'batch_size': 512, 'num_workers': 1, 'image_size': 32, 'algo': 'byol-sc'}}, 'timg': {'num_classes': 200, 'params': {'data_dir': 'datasets/tinyimagenet/tiny-imagenet-200', 'batch_size': 256, 'num_workers': 1, 'image_size': 64, 'algo': 'byol-sc'}}}
==> return_logs: False
==> eval_every: 10
==> n_epochs: 800
==> n_epochs_mlp: 100
==> gpu_id: 1
==> opt: SGD
==> opt_params: {'lr': 0.2, 'momentum': 0.9, 'weight_decay': 0.0005}
==> schedular_params: {'T_max': 800, 'eta_min': 0.001}
==> mlp_opt: SGD
==> mlp_opt_params: {'lr': 0.01, 'momentum': 0.9}
==> model_params: {'model_name': 'resnet18', 'pretrained': False, 'proj_dim': 256, 'algo_type': 'byol-sc', 'byol_hidden': 4096, 'pred_dim': 256}
==> ema_tau: 0.996
==> mlp_type: hidden
==> loss: byol-sc
==> distributed: False
==> model_save_path: saved_models/byol.sc.timg.r18.pth
==> energy_model_params: {'eta': 0.01, 'steps': 5, 'sigma': 0.2, 'delta': 0.1, 'net_type': 'score'}
==> energy_opt: AdamW
==> energy_model_opt_params: {'lr': 0.001}
==> warmup_epochs: 0
==> config: configs/byol.sc.yaml
--------------------------------------------------
Network(
  (base_encoder): BaseEncoder(
    (feat_extractor): Sequential(
      (conv1): Conv2d(3, 64, kernel_size=(3, 3), stride=(1, 1), padding=(1, 1), bias=False)
      (bn1): BatchNorm2d(64, eps=1e-05, momentum=0.1, affine=True, track_running_stats=True)
      (relu): ReLU(inplace=True)
      (layer1): Sequential(
        (0): BasicBlock(
          (conv1): Conv2d(64, 64, kernel_size=(3, 3), stride=(1, 1), padding=(1, 1), bias=False)
          (bn1): BatchNorm2d(64, eps=1e-05, momentum=0.1, affine=True, track_running_stats=True)
          (relu): ReLU(inplace=True)
          (conv2): Conv2d(64, 64, kernel_size=(3, 3), stride=(1, 1), padding=(1, 1), bias=False)
          (bn2): BatchNorm2d(64, eps=1e-05, momentum=0.1, affine=True, track_running_stats=True)
        )
        (1): BasicBlock(
          (conv1): Conv2d(64, 64, kernel_size=(3, 3), stride=(1, 1), padding=(1, 1), bias=False)
          (bn1): BatchNorm2d(64, eps=1e-05, momentum=0.1, affine=True, track_running_stats=True)
          (relu): ReLU(inplace=True)
          (conv2): Conv2d(64, 64, kernel_size=(3, 3), stride=(1, 1), padding=(1, 1), bias=False)
          (bn2): BatchNorm2d(64, eps=1e-05, momentum=0.1, affine=True, track_running_stats=True)
        )
      )
      (layer2): Sequential(
        (0): BasicBlock(
          (conv1): Conv2d(64, 128, kernel_size=(3, 3), stride=(2, 2), padding=(1, 1), bias=False)
          (bn1): BatchNorm2d(128, eps=1e-05, momentum=0.1, affine=True, track_running_stats=True)
          (relu): ReLU(inplace=True)
          (conv2): Conv2d(128, 128, kernel_size=(3, 3), stride=(1, 1), padding=(1, 1), bias=False)
          (bn2): BatchNorm2d(128, eps=1e-05, momentum=0.1, affine=True, track_running_stats=True)
          (downsample): Sequential(
            (0): Conv2d(64, 128, kernel_size=(1, 1), stride=(2, 2), bias=False)
            (1): BatchNorm2d(128, eps=1e-05, momentum=0.1, affine=True, track_running_stats=True)
          )
        )
        (1): BasicBlock(
          (conv1): Conv2d(128, 128, kernel_size=(3, 3), stride=(1, 1), padding=(1, 1), bias=False)
          (bn1): BatchNorm2d(128, eps=1e-05, momentum=0.1, affine=True, track_running_stats=True)
          (relu): ReLU(inplace=True)
          (conv2): Conv2d(128, 128, kernel_size=(3, 3), stride=(1, 1), padding=(1, 1), bias=False)
          (bn2): BatchNorm2d(128, eps=1e-05, momentum=0.1, affine=True, track_running_stats=True)
        )
      )
      (layer3): Sequential(
        (0): BasicBlock(
          (conv1): Conv2d(128, 256, kernel_size=(3, 3), stride=(2, 2), padding=(1, 1), bias=False)
          (bn1): BatchNorm2d(256, eps=1e-05, momentum=0.1, affine=True, track_running_stats=True)
          (relu): ReLU(inplace=True)
          (conv2): Conv2d(256, 256, kernel_size=(3, 3), stride=(1, 1), padding=(1, 1), bias=False)
          (bn2): BatchNorm2d(256, eps=1e-05, momentum=0.1, affine=True, track_running_stats=True)
          (downsample): Sequential(
            (0): Conv2d(128, 256, kernel_size=(1, 1), stride=(2, 2), bias=False)
            (1): BatchNorm2d(256, eps=1e-05, momentum=0.1, affine=True, track_running_stats=True)
          )
        )
        (1): BasicBlock(
          (conv1): Conv2d(256, 256, kernel_size=(3, 3), stride=(1, 1), padding=(1, 1), bias=False)
          (bn1): BatchNorm2d(256, eps=1e-05, momentum=0.1, affine=True, track_running_stats=True)
          (relu): ReLU(inplace=True)
          (conv2): Conv2d(256, 256, kernel_size=(3, 3), stride=(1, 1), padding=(1, 1), bias=False)
          (bn2): BatchNorm2d(256, eps=1e-05, momentum=0.1, affine=True, track_running_stats=True)
        )
      )
      (layer4): Sequential(
        (0): BasicBlock(
          (conv1): Conv2d(256, 512, kernel_size=(3, 3), stride=(2, 2), padding=(1, 1), bias=False)
          (bn1): BatchNorm2d(512, eps=1e-05, momentum=0.1, affine=True, track_running_stats=True)
          (relu): ReLU(inplace=True)
          (conv2): Conv2d(512, 512, kernel_size=(3, 3), stride=(1, 1), padding=(1, 1), bias=False)
          (bn2): BatchNorm2d(512, eps=1e-05, momentum=0.1, affine=True, track_running_stats=True)
          (downsample): Sequential(
            (0): Conv2d(256, 512, kernel_size=(1, 1), stride=(2, 2), bias=False)
            (1): BatchNorm2d(512, eps=1e-05, momentum=0.1, affine=True, track_running_stats=True)
          )
        )
        (1): BasicBlock(
          (conv1): Conv2d(512, 512, kernel_size=(3, 3), stride=(1, 1), padding=(1, 1), bias=False)
          (bn1): BatchNorm2d(512, eps=1e-05, momentum=0.1, affine=True, track_running_stats=True)
          (relu): ReLU(inplace=True)
          (conv2): Conv2d(512, 512, kernel_size=(3, 3), stride=(1, 1), padding=(1, 1), bias=False)
          (bn2): BatchNorm2d(512, eps=1e-05, momentum=0.1, affine=True, track_running_stats=True)
        )
      )
      (avgpool): AdaptiveAvgPool2d(output_size=(1, 1))
    )
  )
  (proj): BYOL_mlp(
    (mlp): Sequential(
      (0): Linear(in_features=512, out_features=4096, bias=False)
      (1): BatchNorm1d(4096, eps=1e-05, momentum=0.1, affine=True, track_running_stats=True)
      (2): ReLU()
      (3): Linear(in_features=4096, out_features=256, bias=True)
    )
  )
  (pred): BYOL_mlp(
    (mlp): Sequential(
      (0): Linear(in_features=256, out_features=4096, bias=False)
      (1): BatchNorm1d(4096, eps=1e-05, momentum=0.1, affine=True, track_running_stats=True)
      (2): ReLU()
      (3): Linear(in_features=4096, out_features=256, bias=True)
    )
  )
)
NOC: 200
using optimizer: SGD
loss function: byol-sc
loss: BYOLLoss()
augmentation for byol-sc: 
Compose(
    RandomResizedCrop(size=(64, 64), scale=(0.08, 1.0), ratio=(0.75, 1.3333), interpolation=bilinear, antialias=True)
    RandomHorizontalFlip(p=0.5)
    RandomApply(
    p=0.8
    ColorJitter(brightness=(0.6, 1.4), contrast=(0.6, 1.4), saturation=(0.6, 1.4), hue=(-0.1, 0.1))
)
    RandomGrayscale(p=0.2)
    <src.data.Solarization object at 0x796e7d3e5180>
    ToTensor()
    Normalize(mean=(0.485, 0.456, 0.406), std=(0.229, 0.224, 0.225))
)
Compose(
    RandomResizedCrop(size=(64, 64), scale=(0.08, 1.0), ratio=(0.75, 1.3333), interpolation=bilinear, antialias=True)
    RandomHorizontalFlip(p=0.5)
    RandomApply(
    p=0.8
    ColorJitter(brightness=(0.6, 1.4), contrast=(0.6, 1.4), saturation=(0.6, 1.4), hue=(-0.1, 0.1))
)
    RandomGrayscale(p=0.2)
    <src.data.Solarization object at 0x796e7d3e5390>
    ToTensor()
    Normalize(mean=(0.485, 0.456, 0.406), std=(0.229, 0.224, 0.225))
)
# of Training Images: 100000
# of Testing Images: 10000
using optimizer: AdamW
### byol-sc Training begins
[GPU1] epochs: [1/800] train_loss_con: -3.009 energy_loss: 216.578
[GPU1] epochs: [2/800] train_loss_con: -2.986 energy_loss: 164.629
[GPU1] epochs: [3/800] train_loss_con: -2.804 energy_loss: 136.866
[GPU1] epochs: [4/800] train_loss_con: -2.885 energy_loss: 115.410
[GPU1] epochs: [5/800] train_loss_con: -2.923 energy_loss: 99.232
[GPU1] epochs: [6/800] train_loss_con: -2.945 energy_loss: 84.831
[GPU1] epochs: [7/800] train_loss_con: -2.978 energy_loss: 68.663
[GPU1] epochs: [8/800] train_loss_con: -3.008 energy_loss: 52.825
[GPU1] epochs: [9/800] train_loss_con: -3.040 energy_loss: 39.426
[GPU1] epochs: [10/800] train_loss_con: -3.058 energy_loss: 29.066
[GPU1] epochs: [11/800] train_loss_con: -3.070 energy_loss: 21.972
[GPU1] epochs: [12/800] train_loss_con: -3.086 energy_loss: 17.910
[GPU1] epochs: [13/800] train_loss_con: -3.106 energy_loss: 15.275
[GPU1] epochs: [14/800] train_loss_con: -3.118 energy_loss: 13.528
[GPU1] epochs: [15/800] train_loss_con: -3.126 energy_loss: 12.330
[GPU1] epochs: [16/800] train_loss_con: -3.137 energy_loss: 11.396
[GPU1] epochs: [17/800] train_loss_con: -3.152 energy_loss: 10.892
[GPU1] epochs: [18/800] train_loss_con: -3.153 energy_loss: 9.814
[GPU1] epochs: [19/800] train_loss_con: -3.156 energy_loss: 9.387
[GPU1] epochs: [20/800] train_loss_con: -3.154 energy_loss: 8.883
[GPU1] epochs: [21/800] train_loss_con: -3.153 energy_loss: 8.951
[GPU1] epochs: [22/800] train_loss_con: -3.149 energy_loss: 8.194
[GPU1] epochs: [23/800] train_loss_con: -3.157 energy_loss: 7.742
[GPU1] epochs: [24/800] train_loss_con: -3.163 energy_loss: 7.661
[GPU1] epochs: [25/800] train_loss_con: -3.168 energy_loss: 7.179
[GPU1] epochs: [26/800] train_loss_con: -3.173 energy_loss: 6.852
[GPU1] epochs: [27/800] train_loss_con: -3.166 energy_loss: 6.662
[GPU1] epochs: [28/800] train_loss_con: -3.156 energy_loss: 6.496
[GPU1] epochs: [29/800] train_loss_con: -3.146 energy_loss: 6.305
[GPU1] epochs: [30/800] train_loss_con: -3.135 energy_loss: 6.224
[GPU1] epochs: [31/800] train_loss_con: -3.131 energy_loss: 6.210
[GPU1] epochs: [32/800] train_loss_con: -3.125 energy_loss: 5.949
[GPU1] epochs: [33/800] train_loss_con: -3.127 energy_loss: 5.932
[GPU1] epochs: [34/800] train_loss_con: -3.135 energy_loss: 5.851
[GPU1] epochs: [35/800] train_loss_con: -3.131 energy_loss: 5.735
[GPU1] epochs: [36/800] train_loss_con: -3.126 energy_loss: 5.660
[GPU1] epochs: [37/800] train_loss_con: -3.128 energy_loss: 5.572
[GPU1] epochs: [38/800] train_loss_con: -3.131 energy_loss: 5.592
[GPU1] epochs: [39/800] train_loss_con: -3.134 energy_loss: 5.543
[GPU1] epochs: [40/800] train_loss_con: -3.135 energy_loss: 5.362
[GPU1] epochs: [41/800] train_loss_con: -3.138 energy_loss: 5.362
[GPU1] epochs: [42/800] train_loss_con: -3.134 energy_loss: 5.327
[GPU1] epochs: [43/800] train_loss_con: -3.142 energy_loss: 5.271
[GPU1] epochs: [44/800] train_loss_con: -3.143 energy_loss: 5.230
[GPU1] epochs: [45/800] train_loss_con: -3.145 energy_loss: 5.156
[GPU1] epochs: [46/800] train_loss_con: -3.145 energy_loss: 5.232
[GPU1] epochs: [47/800] train_loss_con: -3.146 energy_loss: 5.159
[GPU1] epochs: [48/800] train_loss_con: -3.148 energy_loss: 5.112
[GPU1] epochs: [49/800] train_loss_con: -3.149 energy_loss: 5.083
[GPU1] epochs: [50/800] train_loss_con: -3.147 energy_loss: 4.987
[GPU1] epochs: [51/800] train_loss_con: -3.149 energy_loss: 5.009
[GPU1] epochs: [52/800] train_loss_con: -3.149 energy_loss: 5.013
[GPU1] epochs: [53/800] train_loss_con: -3.151 energy_loss: 4.978
[GPU1] epochs: [54/800] train_loss_con: -3.155 energy_loss: 4.999
[GPU1] epochs: [55/800] train_loss_con: -3.150 energy_loss: 4.929
[GPU1] epochs: [56/800] train_loss_con: -3.151 energy_loss: 4.929
[GPU1] epochs: [57/800] train_loss_con: -3.151 energy_loss: 4.952
[GPU1] epochs: [58/800] train_loss_con: -3.150 energy_loss: 4.862
[GPU1] epochs: [59/800] train_loss_con: -3.150 energy_loss: 4.891
[GPU1] epochs: [60/800] train_loss_con: -3.151 energy_loss: 4.864
[GPU1] epochs: [61/800] train_loss_con: -3.156 energy_loss: 4.822
[GPU1] epochs: [62/800] train_loss_con: -3.158 energy_loss: 4.821
[GPU1] epochs: [63/800] train_loss_con: -3.156 energy_loss: 4.765
[GPU1] epochs: [64/800] train_loss_con: -3.159 energy_loss: 4.829
[GPU1] epochs: [65/800] train_loss_con: -3.157 energy_loss: 4.738
[GPU1] epochs: [66/800] train_loss_con: -3.161 energy_loss: 4.749
[GPU1] epochs: [67/800] train_loss_con: -3.158 energy_loss: 4.714
[GPU1] epochs: [68/800] train_loss_con: -3.155 energy_loss: 4.720
[GPU1] epochs: [69/800] train_loss_con: -3.160 energy_loss: 4.725
[GPU1] epochs: [70/800] train_loss_con: -3.154 energy_loss: 4.704
[GPU1] epochs: [71/800] train_loss_con: -3.167 energy_loss: 4.666
[GPU1] epochs: [72/800] train_loss_con: -3.157 energy_loss: 4.743
[GPU1] epochs: [73/800] train_loss_con: -3.161 energy_loss: 4.691
[GPU1] epochs: [74/800] train_loss_con: -3.161 energy_loss: 4.655
[GPU1] epochs: [75/800] train_loss_con: -3.163 energy_loss: 4.629
[GPU1] epochs: [76/800] train_loss_con: -3.163 energy_loss: 4.598
[GPU1] epochs: [77/800] train_loss_con: -3.157 energy_loss: 4.594
[GPU1] epochs: [78/800] train_loss_con: -3.161 energy_loss: 4.588
[GPU1] epochs: [79/800] train_loss_con: -3.164 energy_loss: 4.588
[GPU1] epochs: [80/800] train_loss_con: -3.165 energy_loss: 4.589
[GPU1] epochs: [81/800] train_loss_con: -3.161 energy_loss: 4.543
[GPU1] epochs: [82/800] train_loss_con: -3.162 energy_loss: 4.542
[GPU1] epochs: [83/800] train_loss_con: -3.165 energy_loss: 4.541
[GPU1] epochs: [84/800] train_loss_con: -3.161 energy_loss: 4.547
[GPU1] epochs: [85/800] train_loss_con: -3.164 energy_loss: 4.529
[GPU1] epochs: [86/800] train_loss_con: -3.164 energy_loss: 4.528
[GPU1] epochs: [87/800] train_loss_con: -3.169 energy_loss: 4.540
[GPU1] epochs: [88/800] train_loss_con: -3.165 energy_loss: 4.509
[GPU1] epochs: [89/800] train_loss_con: -3.166 energy_loss: 4.481
[GPU1] epochs: [90/800] train_loss_con: -3.163 energy_loss: 4.505
[GPU1] epochs: [91/800] train_loss_con: -3.160 energy_loss: 4.566
[GPU1] epochs: [92/800] train_loss_con: -3.165 energy_loss: 4.512
[GPU1] epochs: [93/800] train_loss_con: -3.159 energy_loss: 4.517
[GPU1] epochs: [94/800] train_loss_con: -3.166 energy_loss: 4.453
[GPU1] epochs: [95/800] train_loss_con: -3.165 energy_loss: 4.473
[GPU1] epochs: [96/800] train_loss_con: -3.164 energy_loss: 4.485
[GPU1] epochs: [97/800] train_loss_con: -3.161 energy_loss: 4.490
[GPU1] epochs: [98/800] train_loss_con: -3.164 energy_loss: 4.460
[GPU1] epochs: [99/800] train_loss_con: -3.161 energy_loss: 4.442
[GPU1] epochs: [100/800] train_loss_con: -3.165 energy_loss: 4.411
[GPU1] epochs: [101/800] train_loss_con: -3.168 energy_loss: 4.425
[GPU1] epochs: [102/800] train_loss_con: -3.170 energy_loss: 4.403
[GPU1] epochs: [103/800] train_loss_con: -3.162 energy_loss: 4.410
[GPU1] epochs: [104/800] train_loss_con: -3.161 energy_loss: 4.415
[GPU1] epochs: [105/800] train_loss_con: -3.167 energy_loss: 4.411
[GPU1] epochs: [106/800] train_loss_con: -3.162 energy_loss: 4.376
[GPU1] epochs: [107/800] train_loss_con: -3.165 energy_loss: 4.389
[GPU1] epochs: [108/800] train_loss_con: -3.164 energy_loss: 4.447
[GPU1] epochs: [109/800] train_loss_con: -3.161 energy_loss: 4.427
[GPU1] epochs: [110/800] train_loss_con: -3.167 energy_loss: 4.366
[GPU1] epochs: [111/800] train_loss_con: -3.161 energy_loss: 4.384
[GPU1] epochs: [112/800] train_loss_con: -3.165 energy_loss: 4.406
[GPU1] epochs: [113/800] train_loss_con: -3.162 energy_loss: 4.418
[GPU1] epochs: [114/800] train_loss_con: -3.166 energy_loss: 4.398
[GPU1] epochs: [115/800] train_loss_con: -3.163 energy_loss: 4.392
[GPU1] epochs: [116/800] train_loss_con: -3.158 energy_loss: 4.378
[GPU1] epochs: [117/800] train_loss_con: -3.161 energy_loss: 4.390
[GPU1] epochs: [118/800] train_loss_con: -3.165 energy_loss: 4.405
[GPU1] epochs: [119/800] train_loss_con: -3.160 energy_loss: 4.373
[GPU1] epochs: [120/800] train_loss_con: -3.163 energy_loss: 4.402
[GPU1] epochs: [121/800] train_loss_con: -3.166 energy_loss: 4.408
[GPU1] epochs: [122/800] train_loss_con: -3.166 energy_loss: 4.370
[GPU1] epochs: [123/800] train_loss_con: -3.165 energy_loss: 4.399
[GPU1] epochs: [124/800] train_loss_con: -3.169 energy_loss: 4.380
[GPU1] epochs: [125/800] train_loss_con: -3.166 energy_loss: 4.353
[GPU1] epochs: [126/800] train_loss_con: -3.166 energy_loss: 4.339
[GPU1] epochs: [127/800] train_loss_con: -3.163 energy_loss: 4.414
[GPU1] epochs: [128/800] train_loss_con: -3.165 energy_loss: 4.385
[GPU1] epochs: [129/800] train_loss_con: -3.167 energy_loss: 4.406
[GPU1] epochs: [130/800] train_loss_con: -3.165 energy_loss: 4.385
[GPU1] epochs: [131/800] train_loss_con: -3.166 energy_loss: 4.375
[GPU1] epochs: [132/800] train_loss_con: -3.171 energy_loss: 4.419
[GPU1] epochs: [133/800] train_loss_con: -3.170 energy_loss: 4.401
[GPU1] epochs: [134/800] train_loss_con: -3.171 energy_loss: 4.382
[GPU1] epochs: [135/800] train_loss_con: -3.176 energy_loss: 4.352
[GPU1] epochs: [136/800] train_loss_con: -3.172 energy_loss: 4.359
[GPU1] epochs: [137/800] train_loss_con: -3.170 energy_loss: 4.395
[GPU1] epochs: [138/800] train_loss_con: -3.175 energy_loss: 4.340
[GPU1] epochs: [139/800] train_loss_con: -3.169 energy_loss: 4.350
[GPU1] epochs: [140/800] train_loss_con: -3.168 energy_loss: 4.329
[GPU1] epochs: [141/800] train_loss_con: -3.170 energy_loss: 4.344
[GPU1] epochs: [142/800] train_loss_con: -3.165 energy_loss: 4.357
[GPU1] epochs: [143/800] train_loss_con: -3.174 energy_loss: 4.336
[GPU1] epochs: [144/800] train_loss_con: -3.170 energy_loss: 4.356
[GPU1] epochs: [145/800] train_loss_con: -3.169 energy_loss: 4.325
[GPU1] epochs: [146/800] train_loss_con: -3.172 energy_loss: 4.302
[GPU1] epochs: [147/800] train_loss_con: -3.173 energy_loss: 4.332
[GPU1] epochs: [148/800] train_loss_con: -3.171 energy_loss: 4.312
[GPU1] epochs: [149/800] train_loss_con: -3.166 energy_loss: 4.293
[GPU1] epochs: [150/800] train_loss_con: -3.167 energy_loss: 4.359
[GPU1] epochs: [151/800] train_loss_con: -3.169 energy_loss: 4.351
[GPU1] epochs: [152/800] train_loss_con: -3.165 energy_loss: 4.338
[GPU1] epochs: [153/800] train_loss_con: -3.172 energy_loss: 4.364
[GPU1] epochs: [154/800] train_loss_con: -3.166 energy_loss: 4.333
[GPU1] epochs: [155/800] train_loss_con: -3.167 energy_loss: 4.323
[GPU1] epochs: [156/800] train_loss_con: -3.169 energy_loss: 4.309
[GPU1] epochs: [157/800] train_loss_con: -3.170 energy_loss: 4.321
[GPU1] epochs: [158/800] train_loss_con: -3.172 energy_loss: 4.298
[GPU1] epochs: [159/800] train_loss_con: -3.174 energy_loss: 4.315
[GPU1] epochs: [160/800] train_loss_con: -3.170 energy_loss: 4.307
[GPU1] epochs: [161/800] train_loss_con: -3.165 energy_loss: 4.333
[GPU1] epochs: [162/800] train_loss_con: -3.166 energy_loss: 4.333
[GPU1] epochs: [163/800] train_loss_con: -3.172 energy_loss: 4.311
[GPU1] epochs: [164/800] train_loss_con: -3.173 energy_loss: 4.281
[GPU1] epochs: [165/800] train_loss_con: -3.173 energy_loss: 4.303
[GPU1] epochs: [166/800] train_loss_con: -3.177 energy_loss: 4.292
[GPU1] epochs: [167/800] train_loss_con: -3.176 energy_loss: 4.239
[GPU1] epochs: [168/800] train_loss_con: -3.172 energy_loss: 4.278
[GPU1] epochs: [169/800] train_loss_con: -3.165 energy_loss: 4.277
[GPU1] epochs: [170/800] train_loss_con: -3.175 energy_loss: 4.279
[GPU1] epochs: [171/800] train_loss_con: -3.173 energy_loss: 4.283
[GPU1] epochs: [172/800] train_loss_con: -3.167 energy_loss: 4.308
[GPU1] epochs: [173/800] train_loss_con: -3.173 energy_loss: 4.300
[GPU1] epochs: [174/800] train_loss_con: -3.177 energy_loss: 4.282
[GPU1] epochs: [175/800] train_loss_con: -3.173 energy_loss: 4.266
[GPU1] epochs: [176/800] train_loss_con: -3.173 energy_loss: 4.286
[GPU1] epochs: [177/800] train_loss_con: -3.172 energy_loss: 4.311
[GPU1] epochs: [178/800] train_loss_con: -3.173 energy_loss: 4.298
[GPU1] epochs: [179/800] train_loss_con: -3.172 energy_loss: 4.260
[GPU1] epochs: [180/800] train_loss_con: -3.172 energy_loss: 4.245
[GPU1] epochs: [181/800] train_loss_con: -3.170 energy_loss: 4.224
[GPU1] epochs: [182/800] train_loss_con: -3.172 energy_loss: 4.244
[GPU1] epochs: [183/800] train_loss_con: -3.175 energy_loss: 4.249
[GPU1] epochs: [184/800] train_loss_con: -3.175 energy_loss: 4.269
[GPU1] epochs: [185/800] train_loss_con: -3.173 energy_loss: 4.236
[GPU1] epochs: [186/800] train_loss_con: -3.174 energy_loss: 4.249
[GPU1] epochs: [187/800] train_loss_con: -3.175 energy_loss: 4.273
[GPU1] epochs: [188/800] train_loss_con: -3.176 energy_loss: 4.286
[GPU1] epochs: [189/800] train_loss_con: -3.181 energy_loss: 4.259
[GPU1] epochs: [190/800] train_loss_con: -3.175 energy_loss: 4.251
[GPU1] epochs: [191/800] train_loss_con: -3.175 energy_loss: 4.275
[GPU1] epochs: [192/800] train_loss_con: -3.174 energy_loss: 4.279
[GPU1] epochs: [193/800] train_loss_con: -3.176 energy_loss: 4.229
[GPU1] epochs: [194/800] train_loss_con: -3.175 energy_loss: 4.232
[GPU1] epochs: [195/800] train_loss_con: -3.172 energy_loss: 4.239
[GPU1] epochs: [196/800] train_loss_con: -3.177 energy_loss: 4.256
[GPU1] epochs: [197/800] train_loss_con: -3.172 energy_loss: 4.231
[GPU1] epochs: [198/800] train_loss_con: -3.177 energy_loss: 4.203
[GPU1] epochs: [199/800] train_loss_con: -3.180 energy_loss: 4.244
[GPU1] epochs: [200/800] train_loss_con: -3.181 energy_loss: 4.207
[GPU1] epochs: [201/800] train_loss_con: -3.175 energy_loss: 4.187
[GPU1] epochs: [202/800] train_loss_con: -3.174 energy_loss: 4.247
[GPU1] epochs: [203/800] train_loss_con: -3.178 energy_loss: 4.220
[GPU1] epochs: [204/800] train_loss_con: -3.177 energy_loss: 4.256
[GPU1] epochs: [205/800] train_loss_con: -3.177 energy_loss: 4.219
[GPU1] epochs: [206/800] train_loss_con: -3.171 energy_loss: 4.236
[GPU1] epochs: [207/800] train_loss_con: -3.177 energy_loss: 4.240
[GPU1] epochs: [208/800] train_loss_con: -3.175 energy_loss: 4.222
[GPU1] epochs: [209/800] train_loss_con: -3.181 energy_loss: 4.207
[GPU1] epochs: [210/800] train_loss_con: -3.179 energy_loss: 4.240
[GPU1] epochs: [211/800] train_loss_con: -3.180 energy_loss: 4.217
[GPU1] epochs: [212/800] train_loss_con: -3.179 energy_loss: 4.186
[GPU1] epochs: [213/800] train_loss_con: -3.182 energy_loss: 4.187
[GPU1] epochs: [214/800] train_loss_con: -3.177 energy_loss: 4.193
[GPU1] epochs: [215/800] train_loss_con: -3.180 energy_loss: 4.163
[GPU1] epochs: [216/800] train_loss_con: -3.178 energy_loss: 4.183
[GPU1] epochs: [217/800] train_loss_con: -3.178 energy_loss: 4.196
[GPU1] epochs: [218/800] train_loss_con: -3.180 energy_loss: 4.176
[GPU1] epochs: [219/800] train_loss_con: -3.178 energy_loss: 4.184
[GPU1] epochs: [220/800] train_loss_con: -3.179 energy_loss: 4.191
