environment: 
YAML: configs/carl.c10.yaml
==> SEED: 42
==> num_classes: 10
==> data_name: cifar10
==> data_params: {'algo': 'carl', 'data_dir': 'datasets/cifar10', 'batch_size': 512, 'num_workers': 3, 'image_size': 32}
==> return_logs: False
==> eval_every: 10
==> n_epochs: 1000
==> n_epochs_mlp: 100
==> gpu_id: 0
==> opt: SGD
==> opt_params: {'lr': 0.4, 'momentum': 0.9, 'weight_decay': 1e-06}
==> schedular_params: {'T_max': 1000, 'eta_min': 0.001}
==> mlp_opt: SGD
==> mlp_opt_params: {'lr': 0.01, 'momentum': 0.9}
==> model_params: {'model_name': 'resnet18', 'pretrained': False, 'proj_dim': 256, 'algo_type': 'carl', 'carl_hidden': 4096, 'ode_steps': 10}
==> carl_pred_params: {'in_features': 256, 'hidden_dim': 4096, 'out_features': 256}
==> ema_tau: 0.996
==> mlp_type: hidden
==> loss: carl
==> distributed: False
==> train_algo: carl
==> model_save_path: saved_models/carl.c10.r18.pth
==> config: configs/carl.c10.yaml
--------------------------------------------------
===> using hiddin mlp
using optimizer: SGD
using optimizer: SGD
loss function: carl
Files already downloaded and verified
Files already downloaded and verified
Files already downloaded and verified
# of Training Images: 50000
# of Testing Images: 10000
### CARL Training begins
[GPU0] epochs: [1/1000] train_loss_con: -2.394
[GPU0] epochs: [2/1000] train_loss_con: -3.085
[GPU0] epochs: [3/1000] train_loss_con: -3.751
[GPU0] epochs: [4/1000] train_loss_con: -3.787
[GPU0] epochs: [5/1000] train_loss_con: -3.818
[GPU0] epochs: [6/1000] train_loss_con: -3.638
[GPU0] epochs: [7/1000] train_loss_con: -3.157
[GPU0] epochs: [8/1000] train_loss_con: -3.069
[GPU0] epochs: [9/1000] train_loss_con: -3.081
[GPU0] epochs: [10/1000] train_loss_con: -3.126
[GPU0] epochs: [11/1000] train_loss_con: -3.116
[GPU0] epochs: [12/1000] train_loss_con: -3.163
[GPU0] epochs: [13/1000] train_loss_con: -3.249
[GPU0] epochs: [14/1000] train_loss_con: -3.087
[GPU0] epochs: [15/1000] train_loss_con: -3.373
[GPU0] epochs: [16/1000] train_loss_con: -3.223
[GPU0] epochs: [17/1000] train_loss_con: -3.122
[GPU0] epochs: [18/1000] train_loss_con: -2.950
[GPU0] epochs: [19/1000] train_loss_con: -2.978
[GPU0] epochs: [20/1000] train_loss_con: -2.837
[GPU0] epochs: [21/1000] train_loss_con: -2.973
[GPU0] epochs: [22/1000] train_loss_con: -2.925
[GPU0] epochs: [23/1000] train_loss_con: -3.027
[GPU0] epochs: [24/1000] train_loss_con: -3.093
[GPU0] epochs: [25/1000] train_loss_con: -3.180
[GPU0] epochs: [26/1000] train_loss_con: -3.213
[GPU0] epochs: [27/1000] train_loss_con: -3.214
[GPU0] epochs: [28/1000] train_loss_con: -3.185
[GPU0] epochs: [29/1000] train_loss_con: -3.215
[GPU0] epochs: [30/1000] train_loss_con: -3.239
[GPU0] epochs: [31/1000] train_loss_con: -3.237
[GPU0] epochs: [32/1000] train_loss_con: -3.271
[GPU0] epochs: [33/1000] train_loss_con: -3.236
[GPU0] epochs: [34/1000] train_loss_con: -3.242
[GPU0] epochs: [35/1000] train_loss_con: -3.258
[GPU0] epochs: [36/1000] train_loss_con: -3.253
[GPU0] epochs: [37/1000] train_loss_con: -3.212
[GPU0] epochs: [38/1000] train_loss_con: -3.036
[GPU0] epochs: [39/1000] train_loss_con: -3.108
[GPU0] epochs: [40/1000] train_loss_con: -3.110
[GPU0] epochs: [41/1000] train_loss_con: -3.136
[GPU0] epochs: [42/1000] train_loss_con: -3.155
[GPU0] epochs: [43/1000] train_loss_con: -3.178
[GPU0] epochs: [44/1000] train_loss_con: -3.207
[GPU0] epochs: [45/1000] train_loss_con: -3.211
[GPU0] epochs: [46/1000] train_loss_con: -3.224
[GPU0] epochs: [47/1000] train_loss_con: -3.172
[GPU0] epochs: [48/1000] train_loss_con: -3.152
[GPU0] epochs: [49/1000] train_loss_con: -3.167
[GPU0] epochs: [50/1000] train_loss_con: -3.244
[GPU0] epochs: [51/1000] train_loss_con: -3.267
[GPU0] epochs: [52/1000] train_loss_con: -3.280
[GPU0] epochs: [53/1000] train_loss_con: -3.303
[GPU0] epochs: [54/1000] train_loss_con: -3.320
[GPU0] epochs: [55/1000] train_loss_con: -3.328
[GPU0] epochs: [56/1000] train_loss_con: -3.324
[GPU0] epochs: [57/1000] train_loss_con: -3.333
[GPU0] epochs: [58/1000] train_loss_con: -3.358
[GPU0] epochs: [59/1000] train_loss_con: -3.358
[GPU0] epochs: [60/1000] train_loss_con: -3.330
[GPU0] epochs: [61/1000] train_loss_con: -3.341
[GPU0] epochs: [62/1000] train_loss_con: -3.332
[GPU0] epochs: [63/1000] train_loss_con: -3.319
[GPU0] epochs: [64/1000] train_loss_con: -3.328
[GPU0] epochs: [65/1000] train_loss_con: -3.335
[GPU0] epochs: [66/1000] train_loss_con: -3.334
[GPU0] epochs: [67/1000] train_loss_con: -3.327
[GPU0] epochs: [68/1000] train_loss_con: -3.328
[GPU0] epochs: [69/1000] train_loss_con: -3.348
[GPU0] epochs: [70/1000] train_loss_con: -3.356
[GPU0] epochs: [71/1000] train_loss_con: -3.367
[GPU0] epochs: [72/1000] train_loss_con: -3.375
[GPU0] epochs: [73/1000] train_loss_con: -3.289
[GPU0] epochs: [74/1000] train_loss_con: -3.045
[GPU0] epochs: [75/1000] train_loss_con: -3.140
[GPU0] epochs: [76/1000] train_loss_con: -3.199
[GPU0] epochs: [77/1000] train_loss_con: -3.239
[GPU0] epochs: [78/1000] train_loss_con: -3.280
[GPU0] epochs: [79/1000] train_loss_con: -3.283
[GPU0] epochs: [80/1000] train_loss_con: -3.310
[GPU0] epochs: [81/1000] train_loss_con: -3.353
[GPU0] epochs: [82/1000] train_loss_con: -3.366
[GPU0] epochs: [83/1000] train_loss_con: -3.365
[GPU0] epochs: [84/1000] train_loss_con: -3.366
[GPU0] epochs: [85/1000] train_loss_con: -3.373
[GPU0] epochs: [86/1000] train_loss_con: -3.389
[GPU0] epochs: [87/1000] train_loss_con: -3.387
[GPU0] epochs: [88/1000] train_loss_con: -3.386
[GPU0] epochs: [89/1000] train_loss_con: -3.400
[GPU0] epochs: [90/1000] train_loss_con: -3.404
[GPU0] epochs: [91/1000] train_loss_con: -3.381
[GPU0] epochs: [92/1000] train_loss_con: -3.377
[GPU0] epochs: [93/1000] train_loss_con: -3.389
[GPU0] epochs: [94/1000] train_loss_con: -3.410
[GPU0] epochs: [95/1000] train_loss_con: -3.415
[GPU0] epochs: [96/1000] train_loss_con: -3.411
[GPU0] epochs: [97/1000] train_loss_con: -3.409
[GPU0] epochs: [98/1000] train_loss_con: -3.408
[GPU0] epochs: [99/1000] train_loss_con: -3.423
[GPU0] epochs: [100/1000] train_loss_con: -3.423
[GPU0] epochs: [101/1000] train_loss_con: -3.413
[GPU0] epochs: [102/1000] train_loss_con: -3.418
[GPU0] epochs: [103/1000] train_loss_con: -3.411
[GPU0] epochs: [104/1000] train_loss_con: -3.430
[GPU0] epochs: [105/1000] train_loss_con: -3.438
[GPU0] epochs: [106/1000] train_loss_con: -3.439
[GPU0] epochs: [107/1000] train_loss_con: -3.446
[GPU0] epochs: [108/1000] train_loss_con: -3.452
[GPU0] epochs: [109/1000] train_loss_con: -3.438
[GPU0] epochs: [110/1000] train_loss_con: -3.455
[GPU0] epochs: [111/1000] train_loss_con: -3.465
[GPU0] epochs: [112/1000] train_loss_con: -3.467
[GPU0] epochs: [113/1000] train_loss_con: -3.472
[GPU0] epochs: [114/1000] train_loss_con: -3.462
[GPU0] epochs: [115/1000] train_loss_con: -3.471
[GPU0] epochs: [116/1000] train_loss_con: -3.460
[GPU0] epochs: [117/1000] train_loss_con: -3.452
[GPU0] epochs: [118/1000] train_loss_con: -3.467
[GPU0] epochs: [119/1000] train_loss_con: -3.465
[GPU0] epochs: [120/1000] train_loss_con: -3.473
[GPU0] epochs: [121/1000] train_loss_con: -3.462
[GPU0] epochs: [122/1000] train_loss_con: -3.433
[GPU0] epochs: [123/1000] train_loss_con: -3.370
[GPU0] epochs: [124/1000] train_loss_con: -3.321
[GPU0] epochs: [125/1000] train_loss_con: -3.405
[GPU0] epochs: [126/1000] train_loss_con: -3.435
[GPU0] epochs: [127/1000] train_loss_con: -3.465
[GPU0] epochs: [128/1000] train_loss_con: -3.482
[GPU0] epochs: [129/1000] train_loss_con: -3.479
[GPU0] epochs: [130/1000] train_loss_con: -3.467
[GPU0] epochs: [131/1000] train_loss_con: -3.465
[GPU0] epochs: [132/1000] train_loss_con: -3.484
[GPU0] epochs: [133/1000] train_loss_con: -3.493
[GPU0] epochs: [134/1000] train_loss_con: -3.494
[GPU0] epochs: [135/1000] train_loss_con: -3.498
[GPU0] epochs: [136/1000] train_loss_con: -3.501
[GPU0] epochs: [137/1000] train_loss_con: -3.501
[GPU0] epochs: [138/1000] train_loss_con: -3.494
[GPU0] epochs: [139/1000] train_loss_con: -3.491
[GPU0] epochs: [140/1000] train_loss_con: -3.495
[GPU0] epochs: [141/1000] train_loss_con: -3.489
[GPU0] epochs: [142/1000] train_loss_con: -3.491
[GPU0] epochs: [143/1000] train_loss_con: -3.499
[GPU0] epochs: [144/1000] train_loss_con: -3.493
[GPU0] epochs: [145/1000] train_loss_con: -3.504
[GPU0] epochs: [146/1000] train_loss_con: -3.515
[GPU0] epochs: [147/1000] train_loss_con: -3.514
[GPU0] epochs: [148/1000] train_loss_con: -3.520
[GPU0] epochs: [149/1000] train_loss_con: -3.519
[GPU0] epochs: [150/1000] train_loss_con: -3.520
[GPU0] epochs: [151/1000] train_loss_con: -3.514
[GPU0] epochs: [152/1000] train_loss_con: -3.527
[GPU0] epochs: [153/1000] train_loss_con: -3.524
[GPU0] epochs: [154/1000] train_loss_con: -3.526
[GPU0] epochs: [155/1000] train_loss_con: -3.521
[GPU0] epochs: [156/1000] train_loss_con: -3.523
[GPU0] epochs: [157/1000] train_loss_con: -3.499
[GPU0] epochs: [158/1000] train_loss_con: -3.521
[GPU0] epochs: [159/1000] train_loss_con: -3.525
[GPU0] epochs: [160/1000] train_loss_con: -3.538
[GPU0] epochs: [161/1000] train_loss_con: -3.539
[GPU0] epochs: [162/1000] train_loss_con: -3.541
[GPU0] epochs: [163/1000] train_loss_con: -3.538
[GPU0] epochs: [164/1000] train_loss_con: -3.533
[GPU0] epochs: [165/1000] train_loss_con: -3.541
[GPU0] epochs: [166/1000] train_loss_con: -3.541
[GPU0] epochs: [167/1000] train_loss_con: -3.543
[GPU0] epochs: [168/1000] train_loss_con: -3.541
[GPU0] epochs: [169/1000] train_loss_con: -3.531
[GPU0] epochs: [170/1000] train_loss_con: -3.541
[GPU0] epochs: [171/1000] train_loss_con: -3.545
[GPU0] epochs: [172/1000] train_loss_con: -3.544
[GPU0] epochs: [173/1000] train_loss_con: -3.536
[GPU0] epochs: [174/1000] train_loss_con: -3.546
[GPU0] epochs: [175/1000] train_loss_con: -3.549
[GPU0] epochs: [176/1000] train_loss_con: -3.548
[GPU0] epochs: [177/1000] train_loss_con: -3.552
[GPU0] epochs: [178/1000] train_loss_con: -3.541
[GPU0] epochs: [179/1000] train_loss_con: -3.549
[GPU0] epochs: [180/1000] train_loss_con: -3.551
[GPU0] epochs: [181/1000] train_loss_con: -3.545
[GPU0] epochs: [182/1000] train_loss_con: -3.546
[GPU0] epochs: [183/1000] train_loss_con: -3.545
[GPU0] epochs: [184/1000] train_loss_con: -3.551
[GPU0] epochs: [185/1000] train_loss_con: -3.544
[GPU0] epochs: [186/1000] train_loss_con: -3.547
[GPU0] epochs: [187/1000] train_loss_con: -3.538
[GPU0] epochs: [188/1000] train_loss_con: -3.543
[GPU0] epochs: [189/1000] train_loss_con: -3.546
[GPU0] epochs: [190/1000] train_loss_con: -3.531
[GPU0] epochs: [191/1000] train_loss_con: -3.536
[GPU0] epochs: [192/1000] train_loss_con: -3.545
[GPU0] epochs: [193/1000] train_loss_con: -3.545
[GPU0] epochs: [194/1000] train_loss_con: -3.550
[GPU0] epochs: [195/1000] train_loss_con: -3.549
[GPU0] epochs: [196/1000] train_loss_con: -3.551
[GPU0] epochs: [197/1000] train_loss_con: -3.544
[GPU0] epochs: [198/1000] train_loss_con: -3.559
[GPU0] epochs: [199/1000] train_loss_con: -3.543
[GPU0] epochs: [200/1000] train_loss_con: -3.513
[GPU0] epochs: [201/1000] train_loss_con: -3.522
[GPU0] epochs: [202/1000] train_loss_con: -3.522
[GPU0] epochs: [203/1000] train_loss_con: -3.507
[GPU0] epochs: [204/1000] train_loss_con: -3.510
[GPU0] epochs: [205/1000] train_loss_con: -3.505
[GPU0] epochs: [206/1000] train_loss_con: -3.510
[GPU0] epochs: [207/1000] train_loss_con: -3.516
[GPU0] epochs: [208/1000] train_loss_con: -3.527
[GPU0] epochs: [209/1000] train_loss_con: -3.522
[GPU0] epochs: [210/1000] train_loss_con: -3.494
[GPU0] epochs: [211/1000] train_loss_con: -3.513
[GPU0] epochs: [212/1000] train_loss_con: -3.525
[GPU0] epochs: [213/1000] train_loss_con: -3.533
[GPU0] epochs: [214/1000] train_loss_con: -3.522
[GPU0] epochs: [215/1000] train_loss_con: -3.547
[GPU0] epochs: [216/1000] train_loss_con: -3.544
[GPU0] epochs: [217/1000] train_loss_con: -3.525
[GPU0] epochs: [218/1000] train_loss_con: -3.539
[GPU0] epochs: [219/1000] train_loss_con: -3.476
[GPU0] epochs: [220/1000] train_loss_con: -3.509
[GPU0] epochs: [221/1000] train_loss_con: -3.517
[GPU0] epochs: [222/1000] train_loss_con: -3.554
[GPU0] epochs: [223/1000] train_loss_con: -3.564
[GPU0] epochs: [224/1000] train_loss_con: -3.553
[GPU0] epochs: [225/1000] train_loss_con: -3.570
[GPU0] epochs: [226/1000] train_loss_con: -3.558
[GPU0] epochs: [227/1000] train_loss_con: -3.568
[GPU0] epochs: [228/1000] train_loss_con: -3.536
[GPU0] epochs: [229/1000] train_loss_con: -3.480
[GPU0] epochs: [230/1000] train_loss_con: -3.517
[GPU0] epochs: [231/1000] train_loss_con: -3.521
[GPU0] epochs: [232/1000] train_loss_con: -3.513
[GPU0] epochs: [233/1000] train_loss_con: -3.538
[GPU0] epochs: [234/1000] train_loss_con: -3.541
[GPU0] epochs: [235/1000] train_loss_con: -3.551
[GPU0] epochs: [236/1000] train_loss_con: -3.545
[GPU0] epochs: [237/1000] train_loss_con: -3.543
[GPU0] epochs: [238/1000] train_loss_con: -3.538
[GPU0] epochs: [239/1000] train_loss_con: -3.521
[GPU0] epochs: [240/1000] train_loss_con: -3.548
[GPU0] epochs: [241/1000] train_loss_con: -3.547
[GPU0] epochs: [242/1000] train_loss_con: -3.544
[GPU0] epochs: [243/1000] train_loss_con: -3.537
[GPU0] epochs: [244/1000] train_loss_con: -3.533
[GPU0] epochs: [245/1000] train_loss_con: -3.511
[GPU0] epochs: [246/1000] train_loss_con: -3.525
[GPU0] epochs: [247/1000] train_loss_con: -3.533
[GPU0] epochs: [248/1000] train_loss_con: -3.554
[GPU0] epochs: [249/1000] train_loss_con: -3.528
[GPU0] epochs: [250/1000] train_loss_con: -3.545
[GPU0] epochs: [251/1000] train_loss_con: -3.512
[GPU0] epochs: [252/1000] train_loss_con: -3.286
[GPU0] epochs: [253/1000] train_loss_con: -3.392
[GPU0] epochs: [254/1000] train_loss_con: -3.441
[GPU0] epochs: [255/1000] train_loss_con: -3.464
[GPU0] epochs: [256/1000] train_loss_con: -3.494
[GPU0] epochs: [257/1000] train_loss_con: -3.486
[GPU0] epochs: [258/1000] train_loss_con: -3.509
[GPU0] epochs: [259/1000] train_loss_con: -3.509
[GPU0] epochs: [260/1000] train_loss_con: -3.514
[GPU0] epochs: [261/1000] train_loss_con: -3.491
[GPU0] epochs: [262/1000] train_loss_con: -3.477
[GPU0] epochs: [263/1000] train_loss_con: -3.486
[GPU0] epochs: [264/1000] train_loss_con: -3.495
[GPU0] epochs: [265/1000] train_loss_con: -3.488
[GPU0] epochs: [266/1000] train_loss_con: -3.465
[GPU0] epochs: [267/1000] train_loss_con: -3.407
[GPU0] epochs: [268/1000] train_loss_con: -3.063
[GPU0] epochs: [269/1000] train_loss_con: -3.290
[GPU0] epochs: [270/1000] train_loss_con: -3.305
[GPU0] epochs: [271/1000] train_loss_con: -3.390
[GPU0] epochs: [272/1000] train_loss_con: -3.417
[GPU0] epochs: [273/1000] train_loss_con: -3.442
[GPU0] epochs: [274/1000] train_loss_con: -3.463
[GPU0] epochs: [275/1000] train_loss_con: -3.469
[GPU0] epochs: [276/1000] train_loss_con: -3.475
[GPU0] epochs: [277/1000] train_loss_con: -3.478
[GPU0] epochs: [278/1000] train_loss_con: -3.445
[GPU0] epochs: [279/1000] train_loss_con: -3.478
[GPU0] epochs: [280/1000] train_loss_con: -3.472
[GPU0] epochs: [281/1000] train_loss_con: -3.492
[GPU0] epochs: [282/1000] train_loss_con: -3.495
[GPU0] epochs: [283/1000] train_loss_con: -3.502
[GPU0] epochs: [284/1000] train_loss_con: -3.505
[GPU0] epochs: [285/1000] train_loss_con: -3.512
[GPU0] epochs: [286/1000] train_loss_con: -3.514
[GPU0] epochs: [287/1000] train_loss_con: -3.468
[GPU0] epochs: [288/1000] train_loss_con: -3.481
[GPU0] epochs: [289/1000] train_loss_con: -3.476
[GPU0] epochs: [290/1000] train_loss_con: -3.483
[GPU0] epochs: [291/1000] train_loss_con: -3.486
[GPU0] epochs: [292/1000] train_loss_con: -3.498
[GPU0] epochs: [293/1000] train_loss_con: -3.503
[GPU0] epochs: [294/1000] train_loss_con: -3.498
[GPU0] epochs: [295/1000] train_loss_con: -3.506
[GPU0] epochs: [296/1000] train_loss_con: -3.502
[GPU0] epochs: [297/1000] train_loss_con: -3.503
[GPU0] epochs: [298/1000] train_loss_con: -3.496
[GPU0] epochs: [299/1000] train_loss_con: -3.494
[GPU0] epochs: [300/1000] train_loss_con: -3.498
[GPU0] epochs: [301/1000] train_loss_con: -3.503
[GPU0] epochs: [302/1000] train_loss_con: -3.509
[GPU0] epochs: [303/1000] train_loss_con: -3.500
[GPU0] epochs: [304/1000] train_loss_con: -3.439
[GPU0] epochs: [305/1000] train_loss_con: -3.437
[GPU0] epochs: [306/1000] train_loss_con: -3.456
[GPU0] epochs: [307/1000] train_loss_con: -3.483
[GPU0] epochs: [308/1000] train_loss_con: -3.497
[GPU0] epochs: [309/1000] train_loss_con: -3.499
[GPU0] epochs: [310/1000] train_loss_con: -3.502
[GPU0] epochs: [311/1000] train_loss_con: -3.500
[GPU0] epochs: [312/1000] train_loss_con: -3.477
[GPU0] epochs: [313/1000] train_loss_con: -3.493
[GPU0] epochs: [314/1000] train_loss_con: -3.510
[GPU0] epochs: [315/1000] train_loss_con: -3.517
[GPU0] epochs: [316/1000] train_loss_con: -3.512
[GPU0] epochs: [317/1000] train_loss_con: -3.522
[GPU0] epochs: [318/1000] train_loss_con: -3.535
[GPU0] epochs: [319/1000] train_loss_con: -3.445
[GPU0] epochs: [320/1000] train_loss_con: -3.530
[GPU0] epochs: [321/1000] train_loss_con: -3.533
[GPU0] epochs: [322/1000] train_loss_con: -3.528
[GPU0] epochs: [323/1000] train_loss_con: -3.532
[GPU0] epochs: [324/1000] train_loss_con: -3.548
[GPU0] epochs: [325/1000] train_loss_con: -3.551
[GPU0] epochs: [326/1000] train_loss_con: -3.549
[GPU0] epochs: [327/1000] train_loss_con: -3.549
[GPU0] epochs: [328/1000] train_loss_con: -3.550
[GPU0] epochs: [329/1000] train_loss_con: -3.553
[GPU0] epochs: [330/1000] train_loss_con: -3.556
[GPU0] epochs: [331/1000] train_loss_con: -3.558
[GPU0] epochs: [332/1000] train_loss_con: -3.555
[GPU0] epochs: [333/1000] train_loss_con: -3.542
[GPU0] epochs: [334/1000] train_loss_con: -3.550
[GPU0] epochs: [335/1000] train_loss_con: -3.546
[GPU0] epochs: [336/1000] train_loss_con: -3.557
[GPU0] epochs: [337/1000] train_loss_con: -3.558
[GPU0] epochs: [338/1000] train_loss_con: -3.555
[GPU0] epochs: [339/1000] train_loss_con: -3.557
[GPU0] epochs: [340/1000] train_loss_con: -3.556
[GPU0] epochs: [341/1000] train_loss_con: -3.559
[GPU0] epochs: [342/1000] train_loss_con: -3.553
[GPU0] epochs: [343/1000] train_loss_con: -3.556
[GPU0] epochs: [344/1000] train_loss_con: -3.556
[GPU0] epochs: [345/1000] train_loss_con: -3.563
[GPU0] epochs: [346/1000] train_loss_con: -3.563
[GPU0] epochs: [347/1000] train_loss_con: -3.566
[GPU0] epochs: [348/1000] train_loss_con: -3.571
[GPU0] epochs: [349/1000] train_loss_con: -3.564
[GPU0] epochs: [350/1000] train_loss_con: -3.559
[GPU0] epochs: [351/1000] train_loss_con: -3.566
[GPU0] epochs: [352/1000] train_loss_con: -3.575
[GPU0] epochs: [353/1000] train_loss_con: -3.569
[GPU0] epochs: [354/1000] train_loss_con: -3.577
[GPU0] epochs: [355/1000] train_loss_con: -3.579
[GPU0] epochs: [356/1000] train_loss_con: -3.578
[GPU0] epochs: [357/1000] train_loss_con: -3.577
[GPU0] epochs: [358/1000] train_loss_con: -3.576
[GPU0] epochs: [359/1000] train_loss_con: -3.581
[GPU0] epochs: [360/1000] train_loss_con: -3.581
[GPU0] epochs: [361/1000] train_loss_con: -3.572
[GPU0] epochs: [362/1000] train_loss_con: -3.581
[GPU0] epochs: [363/1000] train_loss_con: -3.579
[GPU0] epochs: [364/1000] train_loss_con: -3.584
[GPU0] epochs: [365/1000] train_loss_con: -3.587
[GPU0] epochs: [366/1000] train_loss_con: -3.579
[GPU0] epochs: [367/1000] train_loss_con: -3.587
[GPU0] epochs: [368/1000] train_loss_con: -3.586
[GPU0] epochs: [369/1000] train_loss_con: -3.585
[GPU0] epochs: [370/1000] train_loss_con: -3.560
[GPU0] epochs: [371/1000] train_loss_con: -3.577
[GPU0] epochs: [372/1000] train_loss_con: -3.581
[GPU0] epochs: [373/1000] train_loss_con: -3.581
[GPU0] epochs: [374/1000] train_loss_con: -3.580
[GPU0] epochs: [375/1000] train_loss_con: -3.583
[GPU0] epochs: [376/1000] train_loss_con: -3.585
[GPU0] epochs: [377/1000] train_loss_con: -3.584
[GPU0] epochs: [378/1000] train_loss_con: -3.594
[GPU0] epochs: [379/1000] train_loss_con: -3.596
[GPU0] epochs: [380/1000] train_loss_con: -3.596
[GPU0] epochs: [381/1000] train_loss_con: -3.588
[GPU0] epochs: [382/1000] train_loss_con: -3.592
[GPU0] epochs: [383/1000] train_loss_con: -3.599
[GPU0] epochs: [384/1000] train_loss_con: -3.598
[GPU0] epochs: [385/1000] train_loss_con: -3.595
[GPU0] epochs: [386/1000] train_loss_con: -3.591
[GPU0] epochs: [387/1000] train_loss_con: -3.585
[GPU0] epochs: [388/1000] train_loss_con: -3.589
[GPU0] epochs: [389/1000] train_loss_con: -3.575
[GPU0] epochs: [390/1000] train_loss_con: -3.584
[GPU0] epochs: [391/1000] train_loss_con: -3.567
[GPU0] epochs: [392/1000] train_loss_con: -3.580
[GPU0] epochs: [393/1000] train_loss_con: -3.581
[GPU0] epochs: [394/1000] train_loss_con: -3.581
[GPU0] epochs: [395/1000] train_loss_con: -3.576
[GPU0] epochs: [396/1000] train_loss_con: -3.590
[GPU0] epochs: [397/1000] train_loss_con: -3.581
[GPU0] epochs: [398/1000] train_loss_con: -3.585
[GPU0] epochs: [399/1000] train_loss_con: -3.593
[GPU0] epochs: [400/1000] train_loss_con: -3.603
[GPU0] epochs: [401/1000] train_loss_con: -3.446
[GPU0] epochs: [402/1000] train_loss_con: -3.491
[GPU0] epochs: [403/1000] train_loss_con: -3.527
[GPU0] epochs: [404/1000] train_loss_con: -3.517
[GPU0] epochs: [405/1000] train_loss_con: -3.492
[GPU0] epochs: [406/1000] train_loss_con: -3.531
[GPU0] epochs: [407/1000] train_loss_con: -3.560
[GPU0] epochs: [408/1000] train_loss_con: -3.559
[GPU0] epochs: [409/1000] train_loss_con: -3.570
[GPU0] epochs: [410/1000] train_loss_con: -3.567
[GPU0] epochs: [411/1000] train_loss_con: -3.553
[GPU0] epochs: [412/1000] train_loss_con: -3.565
[GPU0] epochs: [413/1000] train_loss_con: -3.556
[GPU0] epochs: [414/1000] train_loss_con: -3.569
[GPU0] epochs: [415/1000] train_loss_con: -3.562
[GPU0] epochs: [416/1000] train_loss_con: -3.569
[GPU0] epochs: [417/1000] train_loss_con: -3.587
[GPU0] epochs: [418/1000] train_loss_con: -3.586
[GPU0] epochs: [419/1000] train_loss_con: -3.577
[GPU0] epochs: [420/1000] train_loss_con: -3.579
[GPU0] epochs: [421/1000] train_loss_con: -3.544
[GPU0] epochs: [422/1000] train_loss_con: -3.494
[GPU0] epochs: [423/1000] train_loss_con: -3.552
[GPU0] epochs: [424/1000] train_loss_con: -3.563
[GPU0] epochs: [425/1000] train_loss_con: -3.568
[GPU0] epochs: [426/1000] train_loss_con: -3.569
[GPU0] epochs: [427/1000] train_loss_con: -3.577
[GPU0] epochs: [428/1000] train_loss_con: -3.575
[GPU0] epochs: [429/1000] train_loss_con: -3.569
[GPU0] epochs: [430/1000] train_loss_con: -3.578
[GPU0] epochs: [431/1000] train_loss_con: -3.588
[GPU0] epochs: [432/1000] train_loss_con: -3.590
[GPU0] epochs: [433/1000] train_loss_con: -3.583
[GPU0] epochs: [434/1000] train_loss_con: -3.592
[GPU0] epochs: [435/1000] train_loss_con: -3.595
[GPU0] epochs: [436/1000] train_loss_con: -3.572
[GPU0] epochs: [437/1000] train_loss_con: -3.576
[GPU0] epochs: [438/1000] train_loss_con: -2.612
[GPU0] epochs: [439/1000] train_loss_con: -2.798
[GPU0] epochs: [440/1000] train_loss_con: -2.672
[GPU0] epochs: [441/1000] train_loss_con: -2.654
[GPU0] epochs: [442/1000] train_loss_con: -2.681
[GPU0] epochs: [443/1000] train_loss_con: -2.733
[GPU0] epochs: [444/1000] train_loss_con: -2.782
[GPU0] epochs: [445/1000] train_loss_con: -2.809
[GPU0] epochs: [446/1000] train_loss_con: -2.851
[GPU0] epochs: [447/1000] train_loss_con: -2.894
[GPU0] epochs: [448/1000] train_loss_con: -2.918
[GPU0] epochs: [449/1000] train_loss_con: -2.926
[GPU0] epochs: [450/1000] train_loss_con: -2.950
[GPU0] epochs: [451/1000] train_loss_con: -2.967
[GPU0] epochs: [452/1000] train_loss_con: -2.992
[GPU0] epochs: [453/1000] train_loss_con: -3.030
[GPU0] epochs: [454/1000] train_loss_con: -3.054
[GPU0] epochs: [455/1000] train_loss_con: -3.070
[GPU0] epochs: [456/1000] train_loss_con: -3.094
[GPU0] epochs: [457/1000] train_loss_con: -3.101
[GPU0] epochs: [458/1000] train_loss_con: -3.122
[GPU0] epochs: [459/1000] train_loss_con: -3.134
[GPU0] epochs: [460/1000] train_loss_con: -3.146
[GPU0] epochs: [461/1000] train_loss_con: -3.157
[GPU0] epochs: [462/1000] train_loss_con: -3.169
[GPU0] epochs: [463/1000] train_loss_con: -3.182
[GPU0] epochs: [464/1000] train_loss_con: -3.187
[GPU0] epochs: [465/1000] train_loss_con: -3.203
[GPU0] epochs: [466/1000] train_loss_con: -3.220
[GPU0] epochs: [467/1000] train_loss_con: -3.218
[GPU0] epochs: [468/1000] train_loss_con: -3.240
[GPU0] epochs: [469/1000] train_loss_con: -3.239
[GPU0] epochs: [470/1000] train_loss_con: -3.253
[GPU0] epochs: [471/1000] train_loss_con: -3.258
[GPU0] epochs: [472/1000] train_loss_con: -3.271
[GPU0] epochs: [473/1000] train_loss_con: -3.276
[GPU0] epochs: [474/1000] train_loss_con: -3.290
[GPU0] epochs: [475/1000] train_loss_con: -3.293
[GPU0] epochs: [476/1000] train_loss_con: -3.307
[GPU0] epochs: [477/1000] train_loss_con: -3.308
[GPU0] epochs: [478/1000] train_loss_con: -3.320
[GPU0] epochs: [479/1000] train_loss_con: -3.323
[GPU0] epochs: [480/1000] train_loss_con: -3.321
[GPU0] epochs: [481/1000] train_loss_con: -3.328
[GPU0] epochs: [482/1000] train_loss_con: -3.340
[GPU0] epochs: [483/1000] train_loss_con: -3.347
[GPU0] epochs: [484/1000] train_loss_con: -3.352
[GPU0] epochs: [485/1000] train_loss_con: -3.361
[GPU0] epochs: [486/1000] train_loss_con: -3.365
[GPU0] epochs: [487/1000] train_loss_con: -3.373
[GPU0] epochs: [488/1000] train_loss_con: -3.372
[GPU0] epochs: [489/1000] train_loss_con: -3.373
[GPU0] epochs: [490/1000] train_loss_con: -3.388
[GPU0] epochs: [491/1000] train_loss_con: -3.387
[GPU0] epochs: [492/1000] train_loss_con: -3.384
[GPU0] epochs: [493/1000] train_loss_con: -3.398
[GPU0] epochs: [494/1000] train_loss_con: -3.398
[GPU0] epochs: [495/1000] train_loss_con: -3.400
[GPU0] epochs: [496/1000] train_loss_con: -3.406
[GPU0] epochs: [497/1000] train_loss_con: -3.411
[GPU0] epochs: [498/1000] train_loss_con: -3.409
[GPU0] epochs: [499/1000] train_loss_con: -3.411
[GPU0] epochs: [500/1000] train_loss_con: -3.411
[GPU0] epochs: [501/1000] train_loss_con: -3.417
[GPU0] epochs: [502/1000] train_loss_con: -3.415
[GPU0] epochs: [503/1000] train_loss_con: -3.414
[GPU0] epochs: [504/1000] train_loss_con: -3.422
[GPU0] epochs: [505/1000] train_loss_con: -3.436
[GPU0] epochs: [506/1000] train_loss_con: -3.423
[GPU0] epochs: [507/1000] train_loss_con: -3.416
[GPU0] epochs: [508/1000] train_loss_con: -3.433
[GPU0] epochs: [509/1000] train_loss_con: -3.434
[GPU0] epochs: [510/1000] train_loss_con: -3.441
[GPU0] epochs: [511/1000] train_loss_con: -3.445
[GPU0] epochs: [512/1000] train_loss_con: -3.451
[GPU0] epochs: [513/1000] train_loss_con: -3.452
[GPU0] epochs: [514/1000] train_loss_con: -3.457
[GPU0] epochs: [515/1000] train_loss_con: -3.460
[GPU0] epochs: [516/1000] train_loss_con: -3.465
[GPU0] epochs: [517/1000] train_loss_con: -3.466
[GPU0] epochs: [518/1000] train_loss_con: -3.473
[GPU0] epochs: [519/1000] train_loss_con: -3.471
[GPU0] epochs: [520/1000] train_loss_con: -3.474
[GPU0] epochs: [521/1000] train_loss_con: -3.474
[GPU0] epochs: [522/1000] train_loss_con: -3.476
[GPU0] epochs: [523/1000] train_loss_con: -3.488
[GPU0] epochs: [524/1000] train_loss_con: -3.489
[GPU0] epochs: [525/1000] train_loss_con: -3.480
[GPU0] epochs: [526/1000] train_loss_con: -3.484
[GPU0] epochs: [527/1000] train_loss_con: -3.487
[GPU0] epochs: [528/1000] train_loss_con: -3.489
[GPU0] epochs: [529/1000] train_loss_con: -3.484
[GPU0] epochs: [530/1000] train_loss_con: -3.492
[GPU0] epochs: [531/1000] train_loss_con: -3.490
[GPU0] epochs: [532/1000] train_loss_con: -3.489
[GPU0] epochs: [533/1000] train_loss_con: -3.496
[GPU0] epochs: [534/1000] train_loss_con: -3.493
[GPU0] epochs: [535/1000] train_loss_con: -3.492
[GPU0] epochs: [536/1000] train_loss_con: -3.499
[GPU0] epochs: [537/1000] train_loss_con: -3.492
[GPU0] epochs: [538/1000] train_loss_con: -2.852
[GPU0] epochs: [539/1000] train_loss_con: -3.144
[GPU0] epochs: [540/1000] train_loss_con: -3.247
[GPU0] epochs: [541/1000] train_loss_con: -3.319
[GPU0] epochs: [542/1000] train_loss_con: -3.344
[GPU0] epochs: [543/1000] train_loss_con: -3.367
[GPU0] epochs: [544/1000] train_loss_con: -3.393
[GPU0] epochs: [545/1000] train_loss_con: -3.405
[GPU0] epochs: [546/1000] train_loss_con: -3.415
[GPU0] epochs: [547/1000] train_loss_con: -3.418
[GPU0] epochs: [548/1000] train_loss_con: -3.424
[GPU0] epochs: [549/1000] train_loss_con: -3.431
[GPU0] epochs: [550/1000] train_loss_con: -3.439
[GPU0] epochs: [551/1000] train_loss_con: -3.448
[GPU0] epochs: [552/1000] train_loss_con: -3.449
[GPU0] epochs: [553/1000] train_loss_con: -3.446
[GPU0] epochs: [554/1000] train_loss_con: -3.453
[GPU0] epochs: [555/1000] train_loss_con: -3.460
[GPU0] epochs: [556/1000] train_loss_con: -3.460
[GPU0] epochs: [557/1000] train_loss_con: -3.469
[GPU0] epochs: [558/1000] train_loss_con: -3.475
[GPU0] epochs: [559/1000] train_loss_con: -3.479
[GPU0] epochs: [560/1000] train_loss_con: -3.480
[GPU0] epochs: [561/1000] train_loss_con: -3.479
[GPU0] epochs: [562/1000] train_loss_con: -3.482
[GPU0] epochs: [563/1000] train_loss_con: -3.485
[GPU0] epochs: [564/1000] train_loss_con: -3.482
[GPU0] epochs: [565/1000] train_loss_con: -3.486
[GPU0] epochs: [566/1000] train_loss_con: -3.484
[GPU0] epochs: [567/1000] train_loss_con: -3.493
[GPU0] epochs: [568/1000] train_loss_con: -3.493
[GPU0] epochs: [569/1000] train_loss_con: -3.496
[GPU0] epochs: [570/1000] train_loss_con: -3.499
[GPU0] epochs: [571/1000] train_loss_con: -3.500
[GPU0] epochs: [572/1000] train_loss_con: -3.503
[GPU0] epochs: [573/1000] train_loss_con: -3.504
[GPU0] epochs: [574/1000] train_loss_con: -3.510
[GPU0] epochs: [575/1000] train_loss_con: -3.506
[GPU0] epochs: [576/1000] train_loss_con: -3.511
[GPU0] epochs: [577/1000] train_loss_con: -3.512
[GPU0] epochs: [578/1000] train_loss_con: -3.504
[GPU0] epochs: [579/1000] train_loss_con: -3.512
[GPU0] epochs: [580/1000] train_loss_con: -3.513
[GPU0] epochs: [581/1000] train_loss_con: -3.516
[GPU0] epochs: [582/1000] train_loss_con: -3.511
[GPU0] epochs: [583/1000] train_loss_con: -3.514
[GPU0] epochs: [584/1000] train_loss_con: -3.516
[GPU0] epochs: [585/1000] train_loss_con: -3.517
[GPU0] epochs: [586/1000] train_loss_con: -3.512
[GPU0] epochs: [587/1000] train_loss_con: -3.514
[GPU0] epochs: [588/1000] train_loss_con: -3.520
[GPU0] epochs: [589/1000] train_loss_con: -3.519
[GPU0] epochs: [590/1000] train_loss_con: -3.518
[GPU0] epochs: [591/1000] train_loss_con: -3.524
[GPU0] epochs: [592/1000] train_loss_con: -3.517
[GPU0] epochs: [593/1000] train_loss_con: -3.520
[GPU0] epochs: [594/1000] train_loss_con: -3.525
[GPU0] epochs: [595/1000] train_loss_con: -3.521
[GPU0] epochs: [596/1000] train_loss_con: -3.441
[GPU0] epochs: [597/1000] train_loss_con: -3.485
[GPU0] epochs: [598/1000] train_loss_con: -3.502
[GPU0] epochs: [599/1000] train_loss_con: -3.516
[GPU0] epochs: [600/1000] train_loss_con: -3.522
[GPU0] epochs: [601/1000] train_loss_con: -3.526
[GPU0] epochs: [602/1000] train_loss_con: -3.532
[GPU0] epochs: [603/1000] train_loss_con: -3.535
[GPU0] epochs: [604/1000] train_loss_con: -3.534
[GPU0] epochs: [605/1000] train_loss_con: -3.538
[GPU0] epochs: [606/1000] train_loss_con: -3.536
[GPU0] epochs: [607/1000] train_loss_con: -3.532
[GPU0] epochs: [608/1000] train_loss_con: -3.531
[GPU0] epochs: [609/1000] train_loss_con: -3.539
[GPU0] epochs: [610/1000] train_loss_con: -3.544
[GPU0] epochs: [611/1000] train_loss_con: -3.547
[GPU0] epochs: [612/1000] train_loss_con: -3.543
[GPU0] epochs: [613/1000] train_loss_con: -3.539
[GPU0] epochs: [614/1000] train_loss_con: -3.547
[GPU0] epochs: [615/1000] train_loss_con: -3.552
[GPU0] epochs: [616/1000] train_loss_con: -3.545
[GPU0] epochs: [617/1000] train_loss_con: -3.552
[GPU0] epochs: [618/1000] train_loss_con: -3.552
[GPU0] epochs: [619/1000] train_loss_con: -3.547
[GPU0] epochs: [620/1000] train_loss_con: -3.555
[GPU0] epochs: [621/1000] train_loss_con: -3.549
[GPU0] epochs: [622/1000] train_loss_con: -3.288
[GPU0] epochs: [623/1000] train_loss_con: -3.166
[GPU0] epochs: [624/1000] train_loss_con: -3.305
[GPU0] epochs: [625/1000] train_loss_con: -3.361
[GPU0] epochs: [626/1000] train_loss_con: -3.396
[GPU0] epochs: [627/1000] train_loss_con: -3.416
[GPU0] epochs: [628/1000] train_loss_con: -3.433
[GPU0] epochs: [629/1000] train_loss_con: -3.446
[GPU0] epochs: [630/1000] train_loss_con: -3.456
[GPU0] epochs: [631/1000] train_loss_con: -3.456
[GPU0] epochs: [632/1000] train_loss_con: -3.463
[GPU0] epochs: [633/1000] train_loss_con: -3.476
[GPU0] epochs: [634/1000] train_loss_con: -3.483
[GPU0] epochs: [635/1000] train_loss_con: -3.483
[GPU0] epochs: [636/1000] train_loss_con: -3.491
[GPU0] epochs: [637/1000] train_loss_con: -3.489
[GPU0] epochs: [638/1000] train_loss_con: -3.493
[GPU0] epochs: [639/1000] train_loss_con: -3.502
[GPU0] epochs: [640/1000] train_loss_con: -3.503
[GPU0] epochs: [641/1000] train_loss_con: -3.506
[GPU0] epochs: [642/1000] train_loss_con: -3.510
[GPU0] epochs: [643/1000] train_loss_con: -3.510
[GPU0] epochs: [644/1000] train_loss_con: -3.514
[GPU0] epochs: [645/1000] train_loss_con: -3.511
[GPU0] epochs: [646/1000] train_loss_con: -3.514
[GPU0] epochs: [647/1000] train_loss_con: -3.511
[GPU0] epochs: [648/1000] train_loss_con: -3.518
[GPU0] epochs: [649/1000] train_loss_con: -3.519
[GPU0] epochs: [650/1000] train_loss_con: -3.525
[GPU0] epochs: [651/1000] train_loss_con: -3.522
[GPU0] epochs: [652/1000] train_loss_con: -3.525
[GPU0] epochs: [653/1000] train_loss_con: -3.529
[GPU0] epochs: [654/1000] train_loss_con: -3.528
[GPU0] epochs: [655/1000] train_loss_con: -3.533
[GPU0] epochs: [656/1000] train_loss_con: -3.524
[GPU0] epochs: [657/1000] train_loss_con: -3.529
[GPU0] epochs: [658/1000] train_loss_con: -3.530
[GPU0] epochs: [659/1000] train_loss_con: -3.533
[GPU0] epochs: [660/1000] train_loss_con: -3.534
[GPU0] epochs: [661/1000] train_loss_con: -3.535
[GPU0] epochs: [662/1000] train_loss_con: -3.542
[GPU0] epochs: [663/1000] train_loss_con: -3.539
[GPU0] epochs: [664/1000] train_loss_con: -3.538
[GPU0] epochs: [665/1000] train_loss_con: -3.539
[GPU0] epochs: [666/1000] train_loss_con: -3.542
[GPU0] epochs: [667/1000] train_loss_con: -3.539
[GPU0] epochs: [668/1000] train_loss_con: -3.545
[GPU0] epochs: [669/1000] train_loss_con: -3.544
[GPU0] epochs: [670/1000] train_loss_con: -3.544
[GPU0] epochs: [671/1000] train_loss_con: -3.536
[GPU0] epochs: [672/1000] train_loss_con: -3.542
[GPU0] epochs: [673/1000] train_loss_con: -3.543
[GPU0] epochs: [674/1000] train_loss_con: -3.547
[GPU0] epochs: [675/1000] train_loss_con: -3.546
[GPU0] epochs: [676/1000] train_loss_con: -3.544
[GPU0] epochs: [677/1000] train_loss_con: -3.548
[GPU0] epochs: [678/1000] train_loss_con: -3.546
[GPU0] epochs: [679/1000] train_loss_con: -3.548
[GPU0] epochs: [680/1000] train_loss_con: -3.550
[GPU0] epochs: [681/1000] train_loss_con: -3.553
[GPU0] epochs: [682/1000] train_loss_con: -3.557
[GPU0] epochs: [683/1000] train_loss_con: -3.550
[GPU0] epochs: [684/1000] train_loss_con: -3.556
[GPU0] epochs: [685/1000] train_loss_con: -3.555
[GPU0] epochs: [686/1000] train_loss_con: -3.546
[GPU0] epochs: [687/1000] train_loss_con: -3.459
[GPU0] epochs: [688/1000] train_loss_con: -3.515
[GPU0] epochs: [689/1000] train_loss_con: -3.528
[GPU0] epochs: [690/1000] train_loss_con: -3.539
[GPU0] epochs: [691/1000] train_loss_con: -3.543
[GPU0] epochs: [692/1000] train_loss_con: -3.544
[GPU0] epochs: [693/1000] train_loss_con: -3.548
[GPU0] epochs: [694/1000] train_loss_con: -3.550
[GPU0] epochs: [695/1000] train_loss_con: -3.550
[GPU0] epochs: [696/1000] train_loss_con: -3.551
[GPU0] epochs: [697/1000] train_loss_con: -3.553
[GPU0] epochs: [698/1000] train_loss_con: -3.555
[GPU0] epochs: [699/1000] train_loss_con: -3.556
[GPU0] epochs: [700/1000] train_loss_con: -3.556
[GPU0] epochs: [701/1000] train_loss_con: -3.555
[GPU0] epochs: [702/1000] train_loss_con: -3.559
[GPU0] epochs: [703/1000] train_loss_con: -3.560
[GPU0] epochs: [704/1000] train_loss_con: -3.559
[GPU0] epochs: [705/1000] train_loss_con: -3.561
[GPU0] epochs: [706/1000] train_loss_con: -3.564
[GPU0] epochs: [707/1000] train_loss_con: -3.560
[GPU0] epochs: [708/1000] train_loss_con: -3.564
[GPU0] epochs: [709/1000] train_loss_con: -3.563
[GPU0] epochs: [710/1000] train_loss_con: -3.565
[GPU0] epochs: [711/1000] train_loss_con: -3.566
[GPU0] epochs: [712/1000] train_loss_con: -3.566
[GPU0] epochs: [713/1000] train_loss_con: -3.567
[GPU0] epochs: [714/1000] train_loss_con: -3.567
[GPU0] epochs: [715/1000] train_loss_con: -3.564
[GPU0] epochs: [716/1000] train_loss_con: -3.568
[GPU0] epochs: [717/1000] train_loss_con: -3.569
[GPU0] epochs: [718/1000] train_loss_con: -3.572
[GPU0] epochs: [719/1000] train_loss_con: -3.567
[GPU0] epochs: [720/1000] train_loss_con: -3.566
[GPU0] epochs: [721/1000] train_loss_con: -3.570
[GPU0] epochs: [722/1000] train_loss_con: -3.571
[GPU0] epochs: [723/1000] train_loss_con: -3.572
[GPU0] epochs: [724/1000] train_loss_con: -3.572
[GPU0] epochs: [725/1000] train_loss_con: -3.568
[GPU0] epochs: [726/1000] train_loss_con: -3.571
[GPU0] epochs: [727/1000] train_loss_con: -3.576
[GPU0] epochs: [728/1000] train_loss_con: -3.578
[GPU0] epochs: [729/1000] train_loss_con: -3.571
[GPU0] epochs: [730/1000] train_loss_con: -3.575
[GPU0] epochs: [731/1000] train_loss_con: -3.578
[GPU0] epochs: [732/1000] train_loss_con: -3.576
[GPU0] epochs: [733/1000] train_loss_con: -3.574
[GPU0] epochs: [734/1000] train_loss_con: -3.576
[GPU0] epochs: [735/1000] train_loss_con: -3.579
[GPU0] epochs: [736/1000] train_loss_con: -3.578
[GPU0] epochs: [737/1000] train_loss_con: -3.580
[GPU0] epochs: [738/1000] train_loss_con: -3.575
[GPU0] epochs: [739/1000] train_loss_con: -3.578
[GPU0] epochs: [740/1000] train_loss_con: -3.574
[GPU0] epochs: [741/1000] train_loss_con: -3.579
[GPU0] epochs: [742/1000] train_loss_con: -3.582
[GPU0] epochs: [743/1000] train_loss_con: -3.578
[GPU0] epochs: [744/1000] train_loss_con: -3.571
[GPU0] epochs: [745/1000] train_loss_con: -3.579
[GPU0] epochs: [746/1000] train_loss_con: -3.582
[GPU0] epochs: [747/1000] train_loss_con: -3.585
[GPU0] epochs: [748/1000] train_loss_con: -3.579
[GPU0] epochs: [749/1000] train_loss_con: -3.584
[GPU0] epochs: [750/1000] train_loss_con: -3.587
[GPU0] epochs: [751/1000] train_loss_con: -3.588
[GPU0] epochs: [752/1000] train_loss_con: -3.586
[GPU0] epochs: [753/1000] train_loss_con: -3.585
[GPU0] epochs: [754/1000] train_loss_con: -3.589
[GPU0] epochs: [755/1000] train_loss_con: -3.591
[GPU0] epochs: [756/1000] train_loss_con: -3.594
[GPU0] epochs: [757/1000] train_loss_con: -3.594
[GPU0] epochs: [758/1000] train_loss_con: -3.594
[GPU0] epochs: [759/1000] train_loss_con: -3.592
[GPU0] epochs: [760/1000] train_loss_con: -3.586
[GPU0] epochs: [761/1000] train_loss_con: -3.591
[GPU0] epochs: [762/1000] train_loss_con: -3.589
[GPU0] epochs: [763/1000] train_loss_con: -3.590
[GPU0] epochs: [764/1000] train_loss_con: -3.580
[GPU0] epochs: [765/1000] train_loss_con: -3.582
[GPU0] epochs: [766/1000] train_loss_con: -3.584
[GPU0] epochs: [767/1000] train_loss_con: -3.589
[GPU0] epochs: [768/1000] train_loss_con: -3.591
[GPU0] epochs: [769/1000] train_loss_con: -3.588
[GPU0] epochs: [770/1000] train_loss_con: -3.575
[GPU0] epochs: [771/1000] train_loss_con: -3.590
[GPU0] epochs: [772/1000] train_loss_con: -3.598
[GPU0] epochs: [773/1000] train_loss_con: -3.594
[GPU0] epochs: [774/1000] train_loss_con: -3.599
[GPU0] epochs: [775/1000] train_loss_con: -3.597
[GPU0] epochs: [776/1000] train_loss_con: -3.595
[GPU0] epochs: [777/1000] train_loss_con: -3.596
[GPU0] epochs: [778/1000] train_loss_con: -3.594
[GPU0] epochs: [779/1000] train_loss_con: -3.599
[GPU0] epochs: [780/1000] train_loss_con: -3.598
[GPU0] epochs: [781/1000] train_loss_con: -3.598
[GPU0] epochs: [782/1000] train_loss_con: -3.600
[GPU0] epochs: [783/1000] train_loss_con: -3.601
[GPU0] epochs: [784/1000] train_loss_con: -3.598
[GPU0] epochs: [785/1000] train_loss_con: -3.596
[GPU0] epochs: [786/1000] train_loss_con: -3.601
[GPU0] epochs: [787/1000] train_loss_con: -3.601
[GPU0] epochs: [788/1000] train_loss_con: -3.603
[GPU0] epochs: [789/1000] train_loss_con: -3.598
[GPU0] epochs: [790/1000] train_loss_con: -3.602
[GPU0] epochs: [791/1000] train_loss_con: -3.603
[GPU0] epochs: [792/1000] train_loss_con: -3.606
[GPU0] epochs: [793/1000] train_loss_con: -3.604
[GPU0] epochs: [794/1000] train_loss_con: -3.603
[GPU0] epochs: [795/1000] train_loss_con: -3.604
[GPU0] epochs: [796/1000] train_loss_con: -3.603
[GPU0] epochs: [797/1000] train_loss_con: -3.603
[GPU0] epochs: [798/1000] train_loss_con: -3.608
[GPU0] epochs: [799/1000] train_loss_con: -3.607
[GPU0] epochs: [800/1000] train_loss_con: -3.604
[GPU0] epochs: [801/1000] train_loss_con: -3.606
[GPU0] epochs: [802/1000] train_loss_con: -3.608
[GPU0] epochs: [803/1000] train_loss_con: -3.609
[GPU0] epochs: [804/1000] train_loss_con: -3.604
[GPU0] epochs: [805/1000] train_loss_con: -3.607
[GPU0] epochs: [806/1000] train_loss_con: -3.609
[GPU0] epochs: [807/1000] train_loss_con: -3.609
[GPU0] epochs: [808/1000] train_loss_con: -3.609
[GPU0] epochs: [809/1000] train_loss_con: -3.607
[GPU0] epochs: [810/1000] train_loss_con: -3.608
[GPU0] epochs: [811/1000] train_loss_con: -3.612
[GPU0] epochs: [812/1000] train_loss_con: -3.614
[GPU0] epochs: [813/1000] train_loss_con: -3.615
[GPU0] epochs: [814/1000] train_loss_con: -3.610
[GPU0] epochs: [815/1000] train_loss_con: -3.610
[GPU0] epochs: [816/1000] train_loss_con: -3.610
[GPU0] epochs: [817/1000] train_loss_con: -3.610
[GPU0] epochs: [818/1000] train_loss_con: -3.611
[GPU0] epochs: [819/1000] train_loss_con: -3.613
[GPU0] epochs: [820/1000] train_loss_con: -3.612
[GPU0] epochs: [821/1000] train_loss_con: -3.613
[GPU0] epochs: [822/1000] train_loss_con: -3.609
[GPU0] epochs: [823/1000] train_loss_con: -3.616
[GPU0] epochs: [824/1000] train_loss_con: -3.616
[GPU0] epochs: [825/1000] train_loss_con: -3.619
[GPU0] epochs: [826/1000] train_loss_con: -3.618
[GPU0] epochs: [827/1000] train_loss_con: -3.612
[GPU0] epochs: [828/1000] train_loss_con: -3.618
[GPU0] epochs: [829/1000] train_loss_con: -3.618
[GPU0] epochs: [830/1000] train_loss_con: -3.617
[GPU0] epochs: [831/1000] train_loss_con: -3.618
[GPU0] epochs: [832/1000] train_loss_con: -3.584
[GPU0] epochs: [833/1000] train_loss_con: -3.608
[GPU0] epochs: [834/1000] train_loss_con: -3.609
[GPU0] epochs: [835/1000] train_loss_con: -3.610
[GPU0] epochs: [836/1000] train_loss_con: -3.613
[GPU0] epochs: [837/1000] train_loss_con: -3.614
[GPU0] epochs: [838/1000] train_loss_con: -3.613
[GPU0] epochs: [839/1000] train_loss_con: -3.616
[GPU0] epochs: [840/1000] train_loss_con: -3.614
[GPU0] epochs: [841/1000] train_loss_con: -3.618
[GPU0] epochs: [842/1000] train_loss_con: -3.615
[GPU0] epochs: [843/1000] train_loss_con: -3.616
[GPU0] epochs: [844/1000] train_loss_con: -3.615
[GPU0] epochs: [845/1000] train_loss_con: -3.618
[GPU0] epochs: [846/1000] train_loss_con: -3.616
[GPU0] epochs: [847/1000] train_loss_con: -3.614
[GPU0] epochs: [848/1000] train_loss_con: -3.619
[GPU0] epochs: [849/1000] train_loss_con: -3.618
[GPU0] epochs: [850/1000] train_loss_con: -3.619
[GPU0] epochs: [851/1000] train_loss_con: -3.620
[GPU0] epochs: [852/1000] train_loss_con: -3.619
[GPU0] epochs: [853/1000] train_loss_con: -3.618
[GPU0] epochs: [854/1000] train_loss_con: -3.620
[GPU0] epochs: [855/1000] train_loss_con: -3.616
[GPU0] epochs: [856/1000] train_loss_con: -3.623
[GPU0] epochs: [857/1000] train_loss_con: -3.622
[GPU0] epochs: [858/1000] train_loss_con: -3.620
[GPU0] epochs: [859/1000] train_loss_con: -3.624
[GPU0] epochs: [860/1000] train_loss_con: -3.624
[GPU0] epochs: [861/1000] train_loss_con: -3.621
[GPU0] epochs: [862/1000] train_loss_con: -3.625
[GPU0] epochs: [863/1000] train_loss_con: -3.622
[GPU0] epochs: [864/1000] train_loss_con: -3.623
[GPU0] epochs: [865/1000] train_loss_con: -3.622
[GPU0] epochs: [866/1000] train_loss_con: -3.624
[GPU0] epochs: [867/1000] train_loss_con: -3.624
[GPU0] epochs: [868/1000] train_loss_con: -3.624
[GPU0] epochs: [869/1000] train_loss_con: -3.625
[GPU0] epochs: [870/1000] train_loss_con: -3.626
[GPU0] epochs: [871/1000] train_loss_con: -3.626
[GPU0] epochs: [872/1000] train_loss_con: -3.629
[GPU0] epochs: [873/1000] train_loss_con: -3.625
[GPU0] epochs: [874/1000] train_loss_con: -3.623
[GPU0] epochs: [875/1000] train_loss_con: -3.628
[GPU0] epochs: [876/1000] train_loss_con: -3.628
[GPU0] epochs: [877/1000] train_loss_con: -3.629
[GPU0] epochs: [878/1000] train_loss_con: -3.626
[GPU0] epochs: [879/1000] train_loss_con: -3.626
[GPU0] epochs: [880/1000] train_loss_con: -3.627
[GPU0] epochs: [881/1000] train_loss_con: -3.628
[GPU0] epochs: [882/1000] train_loss_con: -3.627
[GPU0] epochs: [883/1000] train_loss_con: -3.627
[GPU0] epochs: [884/1000] train_loss_con: -3.631
[GPU0] epochs: [885/1000] train_loss_con: -3.630
[GPU0] epochs: [886/1000] train_loss_con: -3.631
[GPU0] epochs: [887/1000] train_loss_con: -3.631
[GPU0] epochs: [888/1000] train_loss_con: -3.630
[GPU0] epochs: [889/1000] train_loss_con: -3.630
[GPU0] epochs: [890/1000] train_loss_con: -3.632
[GPU0] epochs: [891/1000] train_loss_con: -3.630
[GPU0] epochs: [892/1000] train_loss_con: -3.632
[GPU0] epochs: [893/1000] train_loss_con: -3.631
[GPU0] epochs: [894/1000] train_loss_con: -3.629
[GPU0] epochs: [895/1000] train_loss_con: -3.630
[GPU0] epochs: [896/1000] train_loss_con: -3.628
[GPU0] epochs: [897/1000] train_loss_con: -3.632
[GPU0] epochs: [898/1000] train_loss_con: -3.634
[GPU0] epochs: [899/1000] train_loss_con: -3.634
[GPU0] epochs: [900/1000] train_loss_con: -3.632
[GPU0] epochs: [901/1000] train_loss_con: -3.632
[GPU0] epochs: [902/1000] train_loss_con: -3.631
[GPU0] epochs: [903/1000] train_loss_con: -3.634
[GPU0] epochs: [904/1000] train_loss_con: -3.631
[GPU0] epochs: [905/1000] train_loss_con: -3.634
[GPU0] epochs: [906/1000] train_loss_con: -3.633
[GPU0] epochs: [907/1000] train_loss_con: -3.634
[GPU0] epochs: [908/1000] train_loss_con: -3.638
[GPU0] epochs: [909/1000] train_loss_con: -3.636
[GPU0] epochs: [910/1000] train_loss_con: -3.635
[GPU0] epochs: [911/1000] train_loss_con: -3.634
[GPU0] epochs: [912/1000] train_loss_con: -3.634
[GPU0] epochs: [913/1000] train_loss_con: -3.634
[GPU0] epochs: [914/1000] train_loss_con: -3.633
[GPU0] epochs: [915/1000] train_loss_con: -3.634
[GPU0] epochs: [916/1000] train_loss_con: -3.636
[GPU0] epochs: [917/1000] train_loss_con: -3.635
[GPU0] epochs: [918/1000] train_loss_con: -3.635
[GPU0] epochs: [919/1000] train_loss_con: -3.634
[GPU0] epochs: [920/1000] train_loss_con: -3.635
[GPU0] epochs: [921/1000] train_loss_con: -3.635
[GPU0] epochs: [922/1000] train_loss_con: -3.637
[GPU0] epochs: [923/1000] train_loss_con: -3.638
[GPU0] epochs: [924/1000] train_loss_con: -3.631
[GPU0] epochs: [925/1000] train_loss_con: -3.634
[GPU0] epochs: [926/1000] train_loss_con: -3.637
[GPU0] epochs: [927/1000] train_loss_con: -3.639
[GPU0] epochs: [928/1000] train_loss_con: -3.642
[GPU0] epochs: [929/1000] train_loss_con: -3.637
[GPU0] epochs: [930/1000] train_loss_con: -3.638
[GPU0] epochs: [931/1000] train_loss_con: -3.634
[GPU0] epochs: [932/1000] train_loss_con: -3.639
[GPU0] epochs: [933/1000] train_loss_con: -3.638
[GPU0] epochs: [934/1000] train_loss_con: -3.636
[GPU0] epochs: [935/1000] train_loss_con: -3.638
[GPU0] epochs: [936/1000] train_loss_con: -3.642
[GPU0] epochs: [937/1000] train_loss_con: -3.637
[GPU0] epochs: [938/1000] train_loss_con: -3.636
[GPU0] epochs: [939/1000] train_loss_con: -3.640
[GPU0] epochs: [940/1000] train_loss_con: -3.638
[GPU0] epochs: [941/1000] train_loss_con: -3.637
[GPU0] epochs: [942/1000] train_loss_con: -3.640
[GPU0] epochs: [943/1000] train_loss_con: -3.639
[GPU0] epochs: [944/1000] train_loss_con: -3.640
[GPU0] epochs: [945/1000] train_loss_con: -3.638
[GPU0] epochs: [946/1000] train_loss_con: -3.639
[GPU0] epochs: [947/1000] train_loss_con: -3.636
[GPU0] epochs: [948/1000] train_loss_con: -3.636
[GPU0] epochs: [949/1000] train_loss_con: -3.640
[GPU0] epochs: [950/1000] train_loss_con: -3.639
[GPU0] epochs: [951/1000] train_loss_con: -3.641
[GPU0] epochs: [952/1000] train_loss_con: -3.637
[GPU0] epochs: [953/1000] train_loss_con: -3.640
[GPU0] epochs: [954/1000] train_loss_con: -3.639
[GPU0] epochs: [955/1000] train_loss_con: -3.639
[GPU0] epochs: [956/1000] train_loss_con: -3.637
[GPU0] epochs: [957/1000] train_loss_con: -3.642
[GPU0] epochs: [958/1000] train_loss_con: -3.643
[GPU0] epochs: [959/1000] train_loss_con: -3.638
[GPU0] epochs: [960/1000] train_loss_con: -3.638
[GPU0] epochs: [961/1000] train_loss_con: -3.637
[GPU0] epochs: [962/1000] train_loss_con: -3.641
[GPU0] epochs: [963/1000] train_loss_con: -3.639
[GPU0] epochs: [964/1000] train_loss_con: -3.639
[GPU0] epochs: [965/1000] train_loss_con: -3.638
[GPU0] epochs: [966/1000] train_loss_con: -3.641
[GPU0] epochs: [967/1000] train_loss_con: -3.639
[GPU0] epochs: [968/1000] train_loss_con: -3.640
[GPU0] epochs: [969/1000] train_loss_con: -3.640
[GPU0] epochs: [970/1000] train_loss_con: -3.642
[GPU0] epochs: [971/1000] train_loss_con: -3.639
[GPU0] epochs: [972/1000] train_loss_con: -3.639
[GPU0] epochs: [973/1000] train_loss_con: -3.641
[GPU0] epochs: [974/1000] train_loss_con: -3.640
[GPU0] epochs: [975/1000] train_loss_con: -3.641
[GPU0] epochs: [976/1000] train_loss_con: -3.639
[GPU0] epochs: [977/1000] train_loss_con: -3.637
[GPU0] epochs: [978/1000] train_loss_con: -3.640
[GPU0] epochs: [979/1000] train_loss_con: -3.642
[GPU0] epochs: [980/1000] train_loss_con: -3.641
[GPU0] epochs: [981/1000] train_loss_con: -3.641
[GPU0] epochs: [982/1000] train_loss_con: -3.640
[GPU0] epochs: [983/1000] train_loss_con: -3.639
[GPU0] epochs: [984/1000] train_loss_con: -3.639
[GPU0] epochs: [985/1000] train_loss_con: -3.639
[GPU0] epochs: [986/1000] train_loss_con: -3.642
[GPU0] epochs: [987/1000] train_loss_con: -3.643
[GPU0] epochs: [988/1000] train_loss_con: -3.640
[GPU0] epochs: [989/1000] train_loss_con: -3.642
[GPU0] epochs: [990/1000] train_loss_con: -3.641
[GPU0] epochs: [991/1000] train_loss_con: -3.640
[GPU0] epochs: [992/1000] train_loss_con: -3.640
[GPU0] epochs: [993/1000] train_loss_con: -3.643
[GPU0] epochs: [994/1000] train_loss_con: -3.635
[GPU0] epochs: [995/1000] train_loss_con: -3.636
[GPU0] epochs: [996/1000] train_loss_con: -3.640
[GPU0] epochs: [997/1000] train_loss_con: -3.641
[GPU0] epochs: [998/1000] train_loss_con: -3.639
[GPU0] epochs: [999/1000] train_loss_con: -3.645
[GPU0] epochs: [1000/1000] train_loss_con: -3.642
### TSNE starts
### MLP training begins
[GPU0] Test Accuracy at epoch: 0: 0.73
[GPU0] epochs: [1/100] train_acc: 0.599 train_loss_sup: 1.592
[GPU0] epochs: [2/100] train_acc: 0.720 train_loss_sup: 0.870
[GPU0] epochs: [3/100] train_acc: 0.735 train_loss_sup: 0.786
[GPU0] epochs: [4/100] train_acc: 0.747 train_loss_sup: 0.747
[GPU0] epochs: [5/100] train_acc: 0.749 train_loss_sup: 0.725
[GPU0] epochs: [6/100] train_acc: 0.753 train_loss_sup: 0.731
[GPU0] epochs: [7/100] train_acc: 0.755 train_loss_sup: 0.714
[GPU0] epochs: [8/100] train_acc: 0.760 train_loss_sup: 0.706
[GPU0] epochs: [9/100] train_acc: 0.761 train_loss_sup: 0.704
[GPU0] epochs: [10/100] train_acc: 0.764 train_loss_sup: 0.696
[GPU0] Test Accuracy at epoch: 10: 0.798
[GPU0] epochs: [11/100] train_acc: 0.759 train_loss_sup: 0.702
[GPU0] epochs: [12/100] train_acc: 0.765 train_loss_sup: 0.679
[GPU0] epochs: [13/100] train_acc: 0.761 train_loss_sup: 0.687
[GPU0] epochs: [14/100] train_acc: 0.766 train_loss_sup: 0.677
[GPU0] epochs: [15/100] train_acc: 0.767 train_loss_sup: 0.671
[GPU0] epochs: [16/100] train_acc: 0.768 train_loss_sup: 0.667
[GPU0] epochs: [17/100] train_acc: 0.765 train_loss_sup: 0.674
[GPU0] epochs: [18/100] train_acc: 0.769 train_loss_sup: 0.664
[GPU0] epochs: [19/100] train_acc: 0.770 train_loss_sup: 0.661
[GPU0] epochs: [20/100] train_acc: 0.768 train_loss_sup: 0.660
[GPU0] Test Accuracy at epoch: 20: 0.807
[GPU0] epochs: [21/100] train_acc: 0.772 train_loss_sup: 0.656
[GPU0] epochs: [22/100] train_acc: 0.770 train_loss_sup: 0.653
[GPU0] epochs: [23/100] train_acc: 0.770 train_loss_sup: 0.654
[GPU0] epochs: [24/100] train_acc: 0.774 train_loss_sup: 0.643
[GPU0] epochs: [25/100] train_acc: 0.771 train_loss_sup: 0.646
[GPU0] epochs: [26/100] train_acc: 0.770 train_loss_sup: 0.654
[GPU0] epochs: [27/100] train_acc: 0.774 train_loss_sup: 0.644
[GPU0] epochs: [28/100] train_acc: 0.774 train_loss_sup: 0.647
[GPU0] epochs: [29/100] train_acc: 0.772 train_loss_sup: 0.647
[GPU0] epochs: [30/100] train_acc: 0.773 train_loss_sup: 0.644
[GPU0] Test Accuracy at epoch: 30: 0.814
[GPU0] epochs: [31/100] train_acc: 0.773 train_loss_sup: 0.643
[GPU0] epochs: [32/100] train_acc: 0.775 train_loss_sup: 0.641
[GPU0] epochs: [33/100] train_acc: 0.774 train_loss_sup: 0.641
[GPU0] epochs: [34/100] train_acc: 0.774 train_loss_sup: 0.638
[GPU0] epochs: [35/100] train_acc: 0.773 train_loss_sup: 0.644
[GPU0] epochs: [36/100] train_acc: 0.776 train_loss_sup: 0.642
[GPU0] epochs: [37/100] train_acc: 0.777 train_loss_sup: 0.634
[GPU0] epochs: [38/100] train_acc: 0.777 train_loss_sup: 0.634
[GPU0] epochs: [39/100] train_acc: 0.775 train_loss_sup: 0.633
[GPU0] epochs: [40/100] train_acc: 0.777 train_loss_sup: 0.633
[GPU0] Test Accuracy at epoch: 40: 0.816
[GPU0] epochs: [41/100] train_acc: 0.775 train_loss_sup: 0.636
[GPU0] epochs: [42/100] train_acc: 0.777 train_loss_sup: 0.630
[GPU0] epochs: [43/100] train_acc: 0.776 train_loss_sup: 0.635
[GPU0] epochs: [44/100] train_acc: 0.773 train_loss_sup: 0.636
[GPU0] epochs: [45/100] train_acc: 0.776 train_loss_sup: 0.635
[GPU0] epochs: [46/100] train_acc: 0.776 train_loss_sup: 0.629
[GPU0] epochs: [47/100] train_acc: 0.776 train_loss_sup: 0.636
[GPU0] epochs: [48/100] train_acc: 0.776 train_loss_sup: 0.632
[GPU0] epochs: [49/100] train_acc: 0.777 train_loss_sup: 0.629
[GPU0] epochs: [50/100] train_acc: 0.779 train_loss_sup: 0.629
[GPU0] Test Accuracy at epoch: 50: 0.818
[GPU0] epochs: [51/100] train_acc: 0.777 train_loss_sup: 0.629
[GPU0] epochs: [52/100] train_acc: 0.779 train_loss_sup: 0.623
[GPU0] epochs: [53/100] train_acc: 0.779 train_loss_sup: 0.624
[GPU0] epochs: [54/100] train_acc: 0.778 train_loss_sup: 0.627
[GPU0] epochs: [55/100] train_acc: 0.777 train_loss_sup: 0.628
[GPU0] epochs: [56/100] train_acc: 0.780 train_loss_sup: 0.628
[GPU0] epochs: [57/100] train_acc: 0.779 train_loss_sup: 0.624
[GPU0] epochs: [58/100] train_acc: 0.778 train_loss_sup: 0.631
[GPU0] epochs: [59/100] train_acc: 0.777 train_loss_sup: 0.627
[GPU0] epochs: [60/100] train_acc: 0.777 train_loss_sup: 0.625
[GPU0] Test Accuracy at epoch: 60: 0.819
[GPU0] epochs: [61/100] train_acc: 0.779 train_loss_sup: 0.625
[GPU0] epochs: [62/100] train_acc: 0.782 train_loss_sup: 0.618
[GPU0] epochs: [63/100] train_acc: 0.780 train_loss_sup: 0.623
[GPU0] epochs: [64/100] train_acc: 0.782 train_loss_sup: 0.622
[GPU0] epochs: [65/100] train_acc: 0.781 train_loss_sup: 0.620
[GPU0] epochs: [66/100] train_acc: 0.781 train_loss_sup: 0.622
[GPU0] epochs: [67/100] train_acc: 0.784 train_loss_sup: 0.620
[GPU0] epochs: [68/100] train_acc: 0.781 train_loss_sup: 0.623
[GPU0] epochs: [69/100] train_acc: 0.778 train_loss_sup: 0.624
[GPU0] epochs: [70/100] train_acc: 0.782 train_loss_sup: 0.617
[GPU0] Test Accuracy at epoch: 70: 0.821
[GPU0] epochs: [71/100] train_acc: 0.781 train_loss_sup: 0.619
[GPU0] epochs: [72/100] train_acc: 0.781 train_loss_sup: 0.618
[GPU0] epochs: [73/100] train_acc: 0.781 train_loss_sup: 0.621
[GPU0] epochs: [74/100] train_acc: 0.781 train_loss_sup: 0.617
[GPU0] epochs: [75/100] train_acc: 0.784 train_loss_sup: 0.612
[GPU0] epochs: [76/100] train_acc: 0.780 train_loss_sup: 0.619
[GPU0] epochs: [77/100] train_acc: 0.782 train_loss_sup: 0.613
[GPU0] epochs: [78/100] train_acc: 0.784 train_loss_sup: 0.612
[GPU0] epochs: [79/100] train_acc: 0.783 train_loss_sup: 0.613
[GPU0] epochs: [80/100] train_acc: 0.784 train_loss_sup: 0.612
[GPU0] Test Accuracy at epoch: 80: 0.824
[GPU0] epochs: [81/100] train_acc: 0.781 train_loss_sup: 0.617
[GPU0] epochs: [82/100] train_acc: 0.784 train_loss_sup: 0.611
[GPU0] epochs: [83/100] train_acc: 0.781 train_loss_sup: 0.616
[GPU0] epochs: [84/100] train_acc: 0.783 train_loss_sup: 0.612
[GPU0] epochs: [85/100] train_acc: 0.783 train_loss_sup: 0.613
[GPU0] epochs: [86/100] train_acc: 0.785 train_loss_sup: 0.608
[GPU0] epochs: [87/100] train_acc: 0.786 train_loss_sup: 0.608
[GPU0] epochs: [88/100] train_acc: 0.782 train_loss_sup: 0.612
[GPU0] epochs: [89/100] train_acc: 0.787 train_loss_sup: 0.603
[GPU0] epochs: [90/100] train_acc: 0.785 train_loss_sup: 0.608
[GPU0] Test Accuracy at epoch: 90: 0.824
[GPU0] epochs: [91/100] train_acc: 0.784 train_loss_sup: 0.609
[GPU0] epochs: [92/100] train_acc: 0.787 train_loss_sup: 0.606
[GPU0] epochs: [93/100] train_acc: 0.788 train_loss_sup: 0.605
[GPU0] epochs: [94/100] train_acc: 0.786 train_loss_sup: 0.609
[GPU0] epochs: [95/100] train_acc: 0.787 train_loss_sup: 0.607
[GPU0] epochs: [96/100] train_acc: 0.783 train_loss_sup: 0.612
[GPU0] epochs: [97/100] train_acc: 0.786 train_loss_sup: 0.606
[GPU0] epochs: [98/100] train_acc: 0.784 train_loss_sup: 0.608
[GPU0] epochs: [99/100] train_acc: 0.787 train_loss_sup: 0.603
[GPU0] epochs: [100/100] train_acc: 0.788 train_loss_sup: 0.598
[GPU0] Final Test Accuracy: 0.824
Model weights saved
