environment: 
YAML: configs/carl.c10.yaml
==> SEED: 42
==> num_classes: 10
==> data_name: cifar10
==> data_params: {'algo': 'carl', 'data_dir': 'datasets/cifar10', 'batch_size': 512, 'num_workers': 3, 'image_size': 32}
==> return_logs: False
==> eval_every: 10
==> n_epochs: 1000
==> n_epochs_mlp: 100
==> gpu_id: 6
==> opt: SGD
==> opt_params: {'lr': 0.4, 'momentum': 0.9, 'weight_decay': 1e-06}
==> schedular_params: {'T_max': 1000, 'eta_min': 0.001}
==> mlp_opt: SGD
==> mlp_opt_params: {'lr': 0.01, 'momentum': 0.9}
==> model_params: {'model_name': 'resnet50', 'pretrained': False, 'proj_dim': 256, 'algo_type': 'carl', 'carl_hidden': 4096, 'ode_steps': 5}
==> carl_pred_params: {'in_features': 256, 'hidden_dim': 4096, 'out_features': 256}
==> ema_tau: 0.996
==> mlp_type: hidden
==> loss: carl
==> distributed: False
==> train_algo: carl
==> model_save_path: saved_models/carl.c10.r50.ode5.v2.pth
==> config: configs/carl.c10.yaml
--------------------------------------------------
===> using hiddin mlp
using optimizer: SGD
using optimizer: SGD
loss function: carl
Files already downloaded and verified
Files already downloaded and verified
Files already downloaded and verified
# of Training Images: 50000
# of Testing Images: 10000
### CARL Training begins
[GPU6] epochs: [1/1000] train_loss_con: -3.322
[GPU6] epochs: [2/1000] train_loss_con: -3.813
[GPU6] epochs: [3/1000] train_loss_con: -3.338
[GPU6] epochs: [4/1000] train_loss_con: -2.889
[GPU6] epochs: [5/1000] train_loss_con: -3.308
[GPU6] epochs: [6/1000] train_loss_con: -3.340
[GPU6] epochs: [7/1000] train_loss_con: -3.346
[GPU6] epochs: [8/1000] train_loss_con: -3.333
[GPU6] epochs: [9/1000] train_loss_con: -3.385
[GPU6] epochs: [10/1000] train_loss_con: -3.398
[GPU6] epochs: [11/1000] train_loss_con: -3.402
[GPU6] epochs: [12/1000] train_loss_con: -3.410
[GPU6] epochs: [13/1000] train_loss_con: -3.420
[GPU6] epochs: [14/1000] train_loss_con: -3.421
[GPU6] epochs: [15/1000] train_loss_con: -3.452
[GPU6] epochs: [16/1000] train_loss_con: -3.467
[GPU6] epochs: [17/1000] train_loss_con: -3.502
[GPU6] epochs: [18/1000] train_loss_con: -3.499
[GPU6] epochs: [19/1000] train_loss_con: -3.540
[GPU6] epochs: [20/1000] train_loss_con: -3.439
[GPU6] epochs: [21/1000] train_loss_con: -3.476
[GPU6] epochs: [22/1000] train_loss_con: -3.569
[GPU6] epochs: [23/1000] train_loss_con: -3.583
[GPU6] epochs: [24/1000] train_loss_con: -3.575
[GPU6] epochs: [25/1000] train_loss_con: -3.539
[GPU6] epochs: [26/1000] train_loss_con: -3.552
[GPU6] epochs: [27/1000] train_loss_con: -3.584
[GPU6] epochs: [28/1000] train_loss_con: -3.583
[GPU6] epochs: [29/1000] train_loss_con: -3.542
[GPU6] epochs: [30/1000] train_loss_con: -3.448
[GPU6] epochs: [31/1000] train_loss_con: -3.481
[GPU6] epochs: [32/1000] train_loss_con: -3.454
[GPU6] epochs: [33/1000] train_loss_con: -3.467
[GPU6] epochs: [34/1000] train_loss_con: -3.500
[GPU6] epochs: [35/1000] train_loss_con: -3.518
[GPU6] epochs: [36/1000] train_loss_con: -3.529
[GPU6] epochs: [37/1000] train_loss_con: -3.529
[GPU6] epochs: [38/1000] train_loss_con: -3.538
[GPU6] epochs: [39/1000] train_loss_con: -3.546
[GPU6] epochs: [40/1000] train_loss_con: -3.555
[GPU6] epochs: [41/1000] train_loss_con: -3.567
[GPU6] epochs: [42/1000] train_loss_con: -3.564
[GPU6] epochs: [43/1000] train_loss_con: -3.593
[GPU6] epochs: [44/1000] train_loss_con: -3.546
[GPU6] epochs: [45/1000] train_loss_con: -3.549
[GPU6] epochs: [46/1000] train_loss_con: -3.562
[GPU6] epochs: [47/1000] train_loss_con: -3.561
[GPU6] epochs: [48/1000] train_loss_con: -3.574
[GPU6] epochs: [49/1000] train_loss_con: -3.592
[GPU6] epochs: [50/1000] train_loss_con: -3.593
[GPU6] epochs: [51/1000] train_loss_con: -3.599
[GPU6] epochs: [52/1000] train_loss_con: -3.616
[GPU6] epochs: [53/1000] train_loss_con: -3.577
[GPU6] epochs: [54/1000] train_loss_con: -3.596
[GPU6] epochs: [55/1000] train_loss_con: -3.618
[GPU6] epochs: [56/1000] train_loss_con: -3.591
[GPU6] epochs: [57/1000] train_loss_con: -3.623
[GPU6] epochs: [58/1000] train_loss_con: -3.600
[GPU6] epochs: [59/1000] train_loss_con: -3.574
[GPU6] epochs: [60/1000] train_loss_con: -3.578
[GPU6] epochs: [61/1000] train_loss_con: -3.588
[GPU6] epochs: [62/1000] train_loss_con: -3.623
[GPU6] epochs: [63/1000] train_loss_con: -3.666
[GPU6] epochs: [64/1000] train_loss_con: -3.652
[GPU6] epochs: [65/1000] train_loss_con: -3.648
[GPU6] epochs: [66/1000] train_loss_con: -3.686
[GPU6] epochs: [67/1000] train_loss_con: -3.715
[GPU6] epochs: [68/1000] train_loss_con: -3.731
[GPU6] epochs: [69/1000] train_loss_con: -3.737
[GPU6] epochs: [70/1000] train_loss_con: -3.729
[GPU6] epochs: [71/1000] train_loss_con: -3.738
[GPU6] epochs: [72/1000] train_loss_con: -3.736
[GPU6] epochs: [73/1000] train_loss_con: -3.735
[GPU6] epochs: [74/1000] train_loss_con: -3.722
[GPU6] epochs: [75/1000] train_loss_con: -3.718
[GPU6] epochs: [76/1000] train_loss_con: -3.712
[GPU6] epochs: [77/1000] train_loss_con: -3.702
[GPU6] epochs: [78/1000] train_loss_con: -3.671
[GPU6] epochs: [79/1000] train_loss_con: -3.691
[GPU6] epochs: [80/1000] train_loss_con: -3.691
[GPU6] epochs: [81/1000] train_loss_con: -3.702
[GPU6] epochs: [82/1000] train_loss_con: -3.656
[GPU6] epochs: [83/1000] train_loss_con: -3.607
[GPU6] epochs: [84/1000] train_loss_con: -3.627
[GPU6] epochs: [85/1000] train_loss_con: -3.628
[GPU6] epochs: [86/1000] train_loss_con: -3.649
[GPU6] epochs: [87/1000] train_loss_con: -3.658
[GPU6] epochs: [88/1000] train_loss_con: -3.593
[GPU6] epochs: [89/1000] train_loss_con: -3.662
[GPU6] epochs: [90/1000] train_loss_con: -3.650
[GPU6] epochs: [91/1000] train_loss_con: -3.601
[GPU6] epochs: [92/1000] train_loss_con: -3.619
[GPU6] epochs: [93/1000] train_loss_con: -3.646
[GPU6] epochs: [94/1000] train_loss_con: -3.606
[GPU6] epochs: [95/1000] train_loss_con: -3.584
[GPU6] epochs: [96/1000] train_loss_con: -3.585
[GPU6] epochs: [97/1000] train_loss_con: -3.605
[GPU6] epochs: [98/1000] train_loss_con: -3.656
[GPU6] epochs: [99/1000] train_loss_con: -3.545
[GPU6] epochs: [100/1000] train_loss_con: -3.538
[GPU6] epochs: [101/1000] train_loss_con: -3.554
[GPU6] epochs: [102/1000] train_loss_con: -3.595
[GPU6] epochs: [103/1000] train_loss_con: -3.619
[GPU6] epochs: [104/1000] train_loss_con: -3.632
[GPU6] epochs: [105/1000] train_loss_con: -3.640
[GPU6] epochs: [106/1000] train_loss_con: -3.632
[GPU6] epochs: [107/1000] train_loss_con: -3.656
[GPU6] epochs: [108/1000] train_loss_con: -3.674
[GPU6] epochs: [109/1000] train_loss_con: -3.684
[GPU6] epochs: [110/1000] train_loss_con: -3.693
[GPU6] epochs: [111/1000] train_loss_con: -3.690
[GPU6] epochs: [112/1000] train_loss_con: -3.691
[GPU6] epochs: [113/1000] train_loss_con: -3.680
[GPU6] epochs: [114/1000] train_loss_con: -3.687
[GPU6] epochs: [115/1000] train_loss_con: -3.708
[GPU6] epochs: [116/1000] train_loss_con: -3.716
[GPU6] epochs: [117/1000] train_loss_con: -3.728
[GPU6] epochs: [118/1000] train_loss_con: -3.724
[GPU6] epochs: [119/1000] train_loss_con: -3.737
[GPU6] epochs: [120/1000] train_loss_con: -3.729
[GPU6] epochs: [121/1000] train_loss_con: -3.738
[GPU6] epochs: [122/1000] train_loss_con: -3.730
[GPU6] epochs: [123/1000] train_loss_con: -3.753
[GPU6] epochs: [124/1000] train_loss_con: -3.709
[GPU6] epochs: [125/1000] train_loss_con: -3.747
[GPU6] epochs: [126/1000] train_loss_con: -3.767
[GPU6] epochs: [127/1000] train_loss_con: -3.776
[GPU6] epochs: [128/1000] train_loss_con: -3.749
[GPU6] epochs: [129/1000] train_loss_con: -3.735
[GPU6] epochs: [130/1000] train_loss_con: -3.763
[GPU6] epochs: [131/1000] train_loss_con: -3.754
[GPU6] epochs: [132/1000] train_loss_con: -3.747
[GPU6] epochs: [133/1000] train_loss_con: -3.756
[GPU6] epochs: [134/1000] train_loss_con: -3.728
[GPU6] epochs: [135/1000] train_loss_con: -3.744
[GPU6] epochs: [136/1000] train_loss_con: -3.743
[GPU6] epochs: [137/1000] train_loss_con: -3.750
[GPU6] epochs: [138/1000] train_loss_con: -3.747
[GPU6] epochs: [139/1000] train_loss_con: -3.719
[GPU6] epochs: [140/1000] train_loss_con: -3.740
[GPU6] epochs: [141/1000] train_loss_con: -3.740
[GPU6] epochs: [142/1000] train_loss_con: -3.742
[GPU6] epochs: [143/1000] train_loss_con: -3.732
[GPU6] epochs: [144/1000] train_loss_con: -3.730
[GPU6] epochs: [145/1000] train_loss_con: -3.750
[GPU6] epochs: [146/1000] train_loss_con: -3.753
[GPU6] epochs: [147/1000] train_loss_con: -3.753
[GPU6] epochs: [148/1000] train_loss_con: -3.744
[GPU6] epochs: [149/1000] train_loss_con: -3.755
[GPU6] epochs: [150/1000] train_loss_con: -3.745
[GPU6] epochs: [151/1000] train_loss_con: -3.777
[GPU6] epochs: [152/1000] train_loss_con: -3.776
[GPU6] epochs: [153/1000] train_loss_con: -3.781
[GPU6] epochs: [154/1000] train_loss_con: -3.779
[GPU6] epochs: [155/1000] train_loss_con: -3.783
[GPU6] epochs: [156/1000] train_loss_con: -3.746
[GPU6] epochs: [157/1000] train_loss_con: -3.718
[GPU6] epochs: [158/1000] train_loss_con: -3.758
[GPU6] epochs: [159/1000] train_loss_con: -3.761
[GPU6] epochs: [160/1000] train_loss_con: -3.773
[GPU6] epochs: [161/1000] train_loss_con: -3.770
[GPU6] epochs: [162/1000] train_loss_con: -3.760
[GPU6] epochs: [163/1000] train_loss_con: -3.711
[GPU6] epochs: [164/1000] train_loss_con: -3.737
[GPU6] epochs: [165/1000] train_loss_con: -3.700
[GPU6] epochs: [166/1000] train_loss_con: -3.714
[GPU6] epochs: [167/1000] train_loss_con: -3.691
[GPU6] epochs: [168/1000] train_loss_con: -3.664
[GPU6] epochs: [169/1000] train_loss_con: -3.670
[GPU6] epochs: [170/1000] train_loss_con: -3.679
[GPU6] epochs: [171/1000] train_loss_con: -3.705
[GPU6] epochs: [172/1000] train_loss_con: -3.708
[GPU6] epochs: [173/1000] train_loss_con: -3.680
[GPU6] epochs: [174/1000] train_loss_con: -3.688
[GPU6] epochs: [175/1000] train_loss_con: -3.706
[GPU6] epochs: [176/1000] train_loss_con: -3.696
[GPU6] epochs: [177/1000] train_loss_con: -3.729
[GPU6] epochs: [178/1000] train_loss_con: -3.756
[GPU6] epochs: [179/1000] train_loss_con: -3.749
[GPU6] epochs: [180/1000] train_loss_con: -3.732
[GPU6] epochs: [181/1000] train_loss_con: -3.746
[GPU6] epochs: [182/1000] train_loss_con: -3.715
[GPU6] epochs: [183/1000] train_loss_con: -3.726
[GPU6] epochs: [184/1000] train_loss_con: -3.735
[GPU6] epochs: [185/1000] train_loss_con: -3.743
[GPU6] epochs: [186/1000] train_loss_con: -3.720
[GPU6] epochs: [187/1000] train_loss_con: -3.732
[GPU6] epochs: [188/1000] train_loss_con: -3.753
[GPU6] epochs: [189/1000] train_loss_con: -3.742
[GPU6] epochs: [190/1000] train_loss_con: -3.769
[GPU6] epochs: [191/1000] train_loss_con: -3.744
[GPU6] epochs: [192/1000] train_loss_con: -3.750
[GPU6] epochs: [193/1000] train_loss_con: -3.789
[GPU6] epochs: [194/1000] train_loss_con: -3.781
[GPU6] epochs: [195/1000] train_loss_con: -3.771
[GPU6] epochs: [196/1000] train_loss_con: -3.777
[GPU6] epochs: [197/1000] train_loss_con: -3.777
[GPU6] epochs: [198/1000] train_loss_con: -3.776
[GPU6] epochs: [199/1000] train_loss_con: -3.777
[GPU6] epochs: [200/1000] train_loss_con: -3.786
[GPU6] epochs: [201/1000] train_loss_con: -3.788
[GPU6] epochs: [202/1000] train_loss_con: -3.797
[GPU6] epochs: [203/1000] train_loss_con: -3.818
[GPU6] epochs: [204/1000] train_loss_con: -3.835
[GPU6] epochs: [205/1000] train_loss_con: -3.868
[GPU6] epochs: [206/1000] train_loss_con: -3.880
[GPU6] epochs: [207/1000] train_loss_con: -3.888
[GPU6] epochs: [208/1000] train_loss_con: -3.896
[GPU6] epochs: [209/1000] train_loss_con: -3.887
[GPU6] epochs: [210/1000] train_loss_con: -3.882
[GPU6] epochs: [211/1000] train_loss_con: -3.859
[GPU6] epochs: [212/1000] train_loss_con: -3.861
[GPU6] epochs: [213/1000] train_loss_con: -3.860
[GPU6] epochs: [214/1000] train_loss_con: -3.858
[GPU6] epochs: [215/1000] train_loss_con: -3.852
[GPU6] epochs: [216/1000] train_loss_con: -3.878
[GPU6] epochs: [217/1000] train_loss_con: -3.885
[GPU6] epochs: [218/1000] train_loss_con: -3.867
[GPU6] epochs: [219/1000] train_loss_con: -3.846
[GPU6] epochs: [220/1000] train_loss_con: -3.849
[GPU6] epochs: [221/1000] train_loss_con: -3.822
[GPU6] epochs: [222/1000] train_loss_con: -3.830
[GPU6] epochs: [223/1000] train_loss_con: -3.805
[GPU6] epochs: [224/1000] train_loss_con: -3.818
[GPU6] epochs: [225/1000] train_loss_con: -3.817
[GPU6] epochs: [226/1000] train_loss_con: -3.819
[GPU6] epochs: [227/1000] train_loss_con: -3.817
[GPU6] epochs: [228/1000] train_loss_con: -3.813
[GPU6] epochs: [229/1000] train_loss_con: -3.804
[GPU6] epochs: [230/1000] train_loss_con: -3.801
[GPU6] epochs: [231/1000] train_loss_con: -3.807
[GPU6] epochs: [232/1000] train_loss_con: -3.818
[GPU6] epochs: [233/1000] train_loss_con: -3.828
[GPU6] epochs: [234/1000] train_loss_con: -3.825
[GPU6] epochs: [235/1000] train_loss_con: -3.829
[GPU6] epochs: [236/1000] train_loss_con: -3.820
[GPU6] epochs: [237/1000] train_loss_con: -3.808
[GPU6] epochs: [238/1000] train_loss_con: -3.812
[GPU6] epochs: [239/1000] train_loss_con: -3.805
[GPU6] epochs: [240/1000] train_loss_con: -3.801
[GPU6] epochs: [241/1000] train_loss_con: -3.807
[GPU6] epochs: [242/1000] train_loss_con: -3.802
[GPU6] epochs: [243/1000] train_loss_con: -3.798
[GPU6] epochs: [244/1000] train_loss_con: -3.801
[GPU6] epochs: [245/1000] train_loss_con: -3.797
[GPU6] epochs: [246/1000] train_loss_con: -3.793
[GPU6] epochs: [247/1000] train_loss_con: -3.788
[GPU6] epochs: [248/1000] train_loss_con: -3.779
[GPU6] epochs: [249/1000] train_loss_con: -3.787
[GPU6] epochs: [250/1000] train_loss_con: -3.791
[GPU6] epochs: [251/1000] train_loss_con: -3.797
[GPU6] epochs: [252/1000] train_loss_con: -3.794
[GPU6] epochs: [253/1000] train_loss_con: -3.787
[GPU6] epochs: [254/1000] train_loss_con: -3.787
[GPU6] epochs: [255/1000] train_loss_con: -3.785
[GPU6] epochs: [256/1000] train_loss_con: -3.782
[GPU6] epochs: [257/1000] train_loss_con: -3.776
[GPU6] epochs: [258/1000] train_loss_con: -3.781
[GPU6] epochs: [259/1000] train_loss_con: -3.780
[GPU6] epochs: [260/1000] train_loss_con: -3.789
[GPU6] epochs: [261/1000] train_loss_con: -3.782
[GPU6] epochs: [262/1000] train_loss_con: -3.777
[GPU6] epochs: [263/1000] train_loss_con: -3.765
[GPU6] epochs: [264/1000] train_loss_con: -3.784
[GPU6] epochs: [265/1000] train_loss_con: -3.789
[GPU6] epochs: [266/1000] train_loss_con: -3.787
[GPU6] epochs: [267/1000] train_loss_con: -3.789
[GPU6] epochs: [268/1000] train_loss_con: -3.800
[GPU6] epochs: [269/1000] train_loss_con: -3.798
[GPU6] epochs: [270/1000] train_loss_con: -3.787
[GPU6] epochs: [271/1000] train_loss_con: -3.804
[GPU6] epochs: [272/1000] train_loss_con: -3.796
[GPU6] epochs: [273/1000] train_loss_con: -3.784
[GPU6] epochs: [274/1000] train_loss_con: -3.804
[GPU6] epochs: [275/1000] train_loss_con: -3.810
[GPU6] epochs: [276/1000] train_loss_con: -3.826
[GPU6] epochs: [277/1000] train_loss_con: -3.828
[GPU6] epochs: [278/1000] train_loss_con: -3.819
[GPU6] epochs: [279/1000] train_loss_con: -3.787
[GPU6] epochs: [280/1000] train_loss_con: -3.739
[GPU6] epochs: [281/1000] train_loss_con: -3.722
[GPU6] epochs: [282/1000] train_loss_con: -3.715
[GPU6] epochs: [283/1000] train_loss_con: -3.705
[GPU6] epochs: [284/1000] train_loss_con: -3.711
[GPU6] epochs: [285/1000] train_loss_con: -3.738
[GPU6] epochs: [286/1000] train_loss_con: -3.728
[GPU6] epochs: [287/1000] train_loss_con: -3.780
[GPU6] epochs: [288/1000] train_loss_con: -3.809
[GPU6] epochs: [289/1000] train_loss_con: -3.810
[GPU6] epochs: [290/1000] train_loss_con: -3.809
[GPU6] epochs: [291/1000] train_loss_con: -3.834
[GPU6] epochs: [292/1000] train_loss_con: -3.823
[GPU6] epochs: [293/1000] train_loss_con: -3.809
[GPU6] epochs: [294/1000] train_loss_con: -3.817
[GPU6] epochs: [295/1000] train_loss_con: -3.858
[GPU6] epochs: [296/1000] train_loss_con: -3.855
[GPU6] epochs: [297/1000] train_loss_con: -3.858
[GPU6] epochs: [298/1000] train_loss_con: -3.848
[GPU6] epochs: [299/1000] train_loss_con: -3.840
[GPU6] epochs: [300/1000] train_loss_con: -3.838
[GPU6] epochs: [301/1000] train_loss_con: -3.841
[GPU6] epochs: [302/1000] train_loss_con: -3.856
[GPU6] epochs: [303/1000] train_loss_con: -3.862
[GPU6] epochs: [304/1000] train_loss_con: -3.845
[GPU6] epochs: [305/1000] train_loss_con: -3.821
[GPU6] epochs: [306/1000] train_loss_con: -3.799
[GPU6] epochs: [307/1000] train_loss_con: -3.825
[GPU6] epochs: [308/1000] train_loss_con: -3.840
[GPU6] epochs: [309/1000] train_loss_con: -3.840
[GPU6] epochs: [310/1000] train_loss_con: -3.841
[GPU6] epochs: [311/1000] train_loss_con: -3.838
[GPU6] epochs: [312/1000] train_loss_con: -3.846
[GPU6] epochs: [313/1000] train_loss_con: -3.840
[GPU6] epochs: [314/1000] train_loss_con: -3.821
[GPU6] epochs: [315/1000] train_loss_con: -3.829
[GPU6] epochs: [316/1000] train_loss_con: -3.771
[GPU6] epochs: [317/1000] train_loss_con: -3.776
[GPU6] epochs: [318/1000] train_loss_con: -3.777
[GPU6] epochs: [319/1000] train_loss_con: -3.787
[GPU6] epochs: [320/1000] train_loss_con: -3.752
[GPU6] epochs: [321/1000] train_loss_con: -3.742
[GPU6] epochs: [322/1000] train_loss_con: -3.773
[GPU6] epochs: [323/1000] train_loss_con: -3.806
[GPU6] epochs: [324/1000] train_loss_con: -3.865
[GPU6] epochs: [325/1000] train_loss_con: -3.867
[GPU6] epochs: [326/1000] train_loss_con: -3.869
[GPU6] epochs: [327/1000] train_loss_con: -3.868
[GPU6] epochs: [328/1000] train_loss_con: -3.837
[GPU6] epochs: [329/1000] train_loss_con: -3.869
[GPU6] epochs: [330/1000] train_loss_con: -3.865
[GPU6] epochs: [331/1000] train_loss_con: -3.868
[GPU6] epochs: [332/1000] train_loss_con: -3.855
[GPU6] epochs: [333/1000] train_loss_con: -3.832
[GPU6] epochs: [334/1000] train_loss_con: -3.886
[GPU6] epochs: [335/1000] train_loss_con: -3.884
[GPU6] epochs: [336/1000] train_loss_con: -3.882
[GPU6] epochs: [337/1000] train_loss_con: -3.883
[GPU6] epochs: [338/1000] train_loss_con: -3.864
[GPU6] epochs: [339/1000] train_loss_con: -3.868
[GPU6] epochs: [340/1000] train_loss_con: -3.865
[GPU6] epochs: [341/1000] train_loss_con: -3.842
[GPU6] epochs: [342/1000] train_loss_con: -3.847
[GPU6] epochs: [343/1000] train_loss_con: -3.841
[GPU6] epochs: [344/1000] train_loss_con: -3.816
[GPU6] epochs: [345/1000] train_loss_con: -3.836
[GPU6] epochs: [346/1000] train_loss_con: -3.831
[GPU6] epochs: [347/1000] train_loss_con: -3.859
[GPU6] epochs: [348/1000] train_loss_con: -3.879
[GPU6] epochs: [349/1000] train_loss_con: -3.869
[GPU6] epochs: [350/1000] train_loss_con: -3.893
[GPU6] epochs: [351/1000] train_loss_con: -3.841
[GPU6] epochs: [352/1000] train_loss_con: -3.827
[GPU6] epochs: [353/1000] train_loss_con: -3.826
[GPU6] epochs: [354/1000] train_loss_con: -3.845
[GPU6] epochs: [355/1000] train_loss_con: -3.845
[GPU6] epochs: [356/1000] train_loss_con: -3.834
[GPU6] epochs: [357/1000] train_loss_con: -3.883
[GPU6] epochs: [358/1000] train_loss_con: -3.928
[GPU6] epochs: [359/1000] train_loss_con: -3.867
[GPU6] epochs: [360/1000] train_loss_con: -3.870
[GPU6] epochs: [361/1000] train_loss_con: -3.853
[GPU6] epochs: [362/1000] train_loss_con: -3.842
[GPU6] epochs: [363/1000] train_loss_con: -3.820
[GPU6] epochs: [364/1000] train_loss_con: -3.834
[GPU6] epochs: [365/1000] train_loss_con: -3.840
[GPU6] epochs: [366/1000] train_loss_con: -3.835
[GPU6] epochs: [367/1000] train_loss_con: -3.875
[GPU6] epochs: [368/1000] train_loss_con: -3.876
[GPU6] epochs: [369/1000] train_loss_con: -3.854
[GPU6] epochs: [370/1000] train_loss_con: -3.834
[GPU6] epochs: [371/1000] train_loss_con: -3.834
[GPU6] epochs: [372/1000] train_loss_con: -3.780
[GPU6] epochs: [373/1000] train_loss_con: -3.802
[GPU6] epochs: [374/1000] train_loss_con: -3.826
[GPU6] epochs: [375/1000] train_loss_con: -3.828
[GPU6] epochs: [376/1000] train_loss_con: -3.813
[GPU6] epochs: [377/1000] train_loss_con: -3.819
[GPU6] epochs: [378/1000] train_loss_con: -3.858
[GPU6] epochs: [379/1000] train_loss_con: -3.900
[GPU6] epochs: [380/1000] train_loss_con: -3.886
[GPU6] epochs: [381/1000] train_loss_con: -3.845
[GPU6] epochs: [382/1000] train_loss_con: -3.827
[GPU6] epochs: [383/1000] train_loss_con: -3.835
[GPU6] epochs: [384/1000] train_loss_con: -3.837
[GPU6] epochs: [385/1000] train_loss_con: -3.838
[GPU6] epochs: [386/1000] train_loss_con: -3.840
[GPU6] epochs: [387/1000] train_loss_con: -3.836
[GPU6] epochs: [388/1000] train_loss_con: -3.836
[GPU6] epochs: [389/1000] train_loss_con: -3.837
[GPU6] epochs: [390/1000] train_loss_con: -3.838
[GPU6] epochs: [391/1000] train_loss_con: -3.827
[GPU6] epochs: [392/1000] train_loss_con: -3.818
[GPU6] epochs: [393/1000] train_loss_con: -3.809
[GPU6] epochs: [394/1000] train_loss_con: -3.837
[GPU6] epochs: [395/1000] train_loss_con: -3.854
[GPU6] epochs: [396/1000] train_loss_con: -3.844
[GPU6] epochs: [397/1000] train_loss_con: -3.833
[GPU6] epochs: [398/1000] train_loss_con: -3.829
[GPU6] epochs: [399/1000] train_loss_con: -3.806
[GPU6] epochs: [400/1000] train_loss_con: -3.784
[GPU6] epochs: [401/1000] train_loss_con: -3.807
[GPU6] epochs: [402/1000] train_loss_con: -3.795
[GPU6] epochs: [403/1000] train_loss_con: -3.806
[GPU6] epochs: [404/1000] train_loss_con: -3.792
[GPU6] epochs: [405/1000] train_loss_con: -3.804
[GPU6] epochs: [406/1000] train_loss_con: -3.801
[GPU6] epochs: [407/1000] train_loss_con: -3.796
[GPU6] epochs: [408/1000] train_loss_con: -3.807
[GPU6] epochs: [409/1000] train_loss_con: -3.803
[GPU6] epochs: [410/1000] train_loss_con: -3.808
[GPU6] epochs: [411/1000] train_loss_con: -3.809
[GPU6] epochs: [412/1000] train_loss_con: -3.805
[GPU6] epochs: [413/1000] train_loss_con: -3.817
[GPU6] epochs: [414/1000] train_loss_con: -3.821
[GPU6] epochs: [415/1000] train_loss_con: -3.820
[GPU6] epochs: [416/1000] train_loss_con: -3.820
[GPU6] epochs: [417/1000] train_loss_con: -3.814
[GPU6] epochs: [418/1000] train_loss_con: -3.819
[GPU6] epochs: [419/1000] train_loss_con: -3.831
[GPU6] epochs: [420/1000] train_loss_con: -3.821
[GPU6] epochs: [421/1000] train_loss_con: -3.832
[GPU6] epochs: [422/1000] train_loss_con: -3.844
[GPU6] epochs: [423/1000] train_loss_con: -3.843
[GPU6] epochs: [424/1000] train_loss_con: -3.841
[GPU6] epochs: [425/1000] train_loss_con: -3.851
[GPU6] epochs: [426/1000] train_loss_con: -3.850
[GPU6] epochs: [427/1000] train_loss_con: -3.854
[GPU6] epochs: [428/1000] train_loss_con: -3.850
[GPU6] epochs: [429/1000] train_loss_con: -3.842
[GPU6] epochs: [430/1000] train_loss_con: -3.860
[GPU6] epochs: [431/1000] train_loss_con: -3.856
[GPU6] epochs: [432/1000] train_loss_con: -3.829
[GPU6] epochs: [433/1000] train_loss_con: -3.851
[GPU6] epochs: [434/1000] train_loss_con: -3.855
[GPU6] epochs: [435/1000] train_loss_con: -3.865
[GPU6] epochs: [436/1000] train_loss_con: -3.833
[GPU6] epochs: [437/1000] train_loss_con: -3.828
[GPU6] epochs: [438/1000] train_loss_con: -3.845
[GPU6] epochs: [439/1000] train_loss_con: -3.863
[GPU6] epochs: [440/1000] train_loss_con: -3.879
[GPU6] epochs: [441/1000] train_loss_con: -3.864
[GPU6] epochs: [442/1000] train_loss_con: -3.833
[GPU6] epochs: [443/1000] train_loss_con: -3.842
[GPU6] epochs: [444/1000] train_loss_con: -3.873
[GPU6] epochs: [445/1000] train_loss_con: -3.862
[GPU6] epochs: [446/1000] train_loss_con: -3.858
[GPU6] epochs: [447/1000] train_loss_con: -3.845
[GPU6] epochs: [448/1000] train_loss_con: -3.885
[GPU6] epochs: [449/1000] train_loss_con: -3.887
[GPU6] epochs: [450/1000] train_loss_con: -3.867
[GPU6] epochs: [451/1000] train_loss_con: -3.824
[GPU6] epochs: [452/1000] train_loss_con: -3.784
[GPU6] epochs: [453/1000] train_loss_con: -3.794
[GPU6] epochs: [454/1000] train_loss_con: -3.806
[GPU6] epochs: [455/1000] train_loss_con: -3.803
[GPU6] epochs: [456/1000] train_loss_con: -3.805
[GPU6] epochs: [457/1000] train_loss_con: -3.822
[GPU6] epochs: [458/1000] train_loss_con: -3.845
[GPU6] epochs: [459/1000] train_loss_con: -3.829
[GPU6] epochs: [460/1000] train_loss_con: -3.841
[GPU6] epochs: [461/1000] train_loss_con: -3.840
[GPU6] epochs: [462/1000] train_loss_con: -3.816
[GPU6] epochs: [463/1000] train_loss_con: -3.757
[GPU6] epochs: [464/1000] train_loss_con: -3.752
[GPU6] epochs: [465/1000] train_loss_con: -3.753
[GPU6] epochs: [466/1000] train_loss_con: -3.779
[GPU6] epochs: [467/1000] train_loss_con: -3.804
[GPU6] epochs: [468/1000] train_loss_con: -3.796
[GPU6] epochs: [469/1000] train_loss_con: -3.792
[GPU6] epochs: [470/1000] train_loss_con: -3.814
[GPU6] epochs: [471/1000] train_loss_con: -3.804
[GPU6] epochs: [472/1000] train_loss_con: -3.810
[GPU6] epochs: [473/1000] train_loss_con: -3.807
[GPU6] epochs: [474/1000] train_loss_con: -3.839
[GPU6] epochs: [475/1000] train_loss_con: -3.843
[GPU6] epochs: [476/1000] train_loss_con: -3.855
[GPU6] epochs: [477/1000] train_loss_con: -3.865
[GPU6] epochs: [478/1000] train_loss_con: -3.856
[GPU6] epochs: [479/1000] train_loss_con: -3.843
[GPU6] epochs: [480/1000] train_loss_con: -3.838
[GPU6] epochs: [481/1000] train_loss_con: -3.846
[GPU6] epochs: [482/1000] train_loss_con: -3.855
[GPU6] epochs: [483/1000] train_loss_con: -3.861
[GPU6] epochs: [484/1000] train_loss_con: -3.890
[GPU6] epochs: [485/1000] train_loss_con: -3.861
[GPU6] epochs: [486/1000] train_loss_con: -3.844
[GPU6] epochs: [487/1000] train_loss_con: -3.853
[GPU6] epochs: [488/1000] train_loss_con: -3.855
[GPU6] epochs: [489/1000] train_loss_con: -3.797
[GPU6] epochs: [490/1000] train_loss_con: -3.800
[GPU6] epochs: [491/1000] train_loss_con: -3.860
[GPU6] epochs: [492/1000] train_loss_con: -3.844
[GPU6] epochs: [493/1000] train_loss_con: -3.845
[GPU6] epochs: [494/1000] train_loss_con: -3.837
[GPU6] epochs: [495/1000] train_loss_con: -3.833
[GPU6] epochs: [496/1000] train_loss_con: -3.845
[GPU6] epochs: [497/1000] train_loss_con: -3.822
[GPU6] epochs: [498/1000] train_loss_con: -3.818
[GPU6] epochs: [499/1000] train_loss_con: -3.821
[GPU6] epochs: [500/1000] train_loss_con: -3.820
[GPU6] epochs: [501/1000] train_loss_con: -3.827
[GPU6] epochs: [502/1000] train_loss_con: -3.837
[GPU6] epochs: [503/1000] train_loss_con: -3.841
[GPU6] epochs: [504/1000] train_loss_con: -3.850
[GPU6] epochs: [505/1000] train_loss_con: -3.845
[GPU6] epochs: [506/1000] train_loss_con: -3.846
[GPU6] epochs: [507/1000] train_loss_con: -3.839
[GPU6] epochs: [508/1000] train_loss_con: -3.843
[GPU6] epochs: [509/1000] train_loss_con: -3.849
[GPU6] epochs: [510/1000] train_loss_con: -3.844
[GPU6] epochs: [511/1000] train_loss_con: -3.882
[GPU6] epochs: [512/1000] train_loss_con: -3.868
[GPU6] epochs: [513/1000] train_loss_con: -3.842
[GPU6] epochs: [514/1000] train_loss_con: -3.827
[GPU6] epochs: [515/1000] train_loss_con: -3.822
[GPU6] epochs: [516/1000] train_loss_con: -3.804
[GPU6] epochs: [517/1000] train_loss_con: -3.819
[GPU6] epochs: [518/1000] train_loss_con: -3.822
[GPU6] epochs: [519/1000] train_loss_con: -3.813
[GPU6] epochs: [520/1000] train_loss_con: -3.817
[GPU6] epochs: [521/1000] train_loss_con: -3.842
[GPU6] epochs: [522/1000] train_loss_con: -3.853
[GPU6] epochs: [523/1000] train_loss_con: -3.871
[GPU6] epochs: [524/1000] train_loss_con: -3.894
[GPU6] epochs: [525/1000] train_loss_con: -3.851
[GPU6] epochs: [526/1000] train_loss_con: -3.843
[GPU6] epochs: [527/1000] train_loss_con: -3.827
[GPU6] epochs: [528/1000] train_loss_con: -3.818
[GPU6] epochs: [529/1000] train_loss_con: -3.802
[GPU6] epochs: [530/1000] train_loss_con: -3.804
[GPU6] epochs: [531/1000] train_loss_con: -3.843
[GPU6] epochs: [532/1000] train_loss_con: -3.827
[GPU6] epochs: [533/1000] train_loss_con: -3.822
[GPU6] epochs: [534/1000] train_loss_con: -3.814
[GPU6] epochs: [535/1000] train_loss_con: -3.829
[GPU6] epochs: [536/1000] train_loss_con: -3.860
[GPU6] epochs: [537/1000] train_loss_con: -3.877
[GPU6] epochs: [538/1000] train_loss_con: -3.869
[GPU6] epochs: [539/1000] train_loss_con: -3.892
[GPU6] epochs: [540/1000] train_loss_con: -3.859
[GPU6] epochs: [541/1000] train_loss_con: -3.823
[GPU6] epochs: [542/1000] train_loss_con: -3.814
[GPU6] epochs: [543/1000] train_loss_con: -3.852
[GPU6] epochs: [544/1000] train_loss_con: -3.860
[GPU6] epochs: [545/1000] train_loss_con: -3.884
[GPU6] epochs: [546/1000] train_loss_con: -3.878
[GPU6] epochs: [547/1000] train_loss_con: -3.902
[GPU6] epochs: [548/1000] train_loss_con: -3.887
[GPU6] epochs: [549/1000] train_loss_con: -3.900
[GPU6] epochs: [550/1000] train_loss_con: -3.892
[GPU6] epochs: [551/1000] train_loss_con: -3.852
[GPU6] epochs: [552/1000] train_loss_con: -3.911
[GPU6] epochs: [553/1000] train_loss_con: -3.897
[GPU6] epochs: [554/1000] train_loss_con: -3.891
[GPU6] epochs: [555/1000] train_loss_con: -3.890
[GPU6] epochs: [556/1000] train_loss_con: -3.890
[GPU6] epochs: [557/1000] train_loss_con: -3.902
[GPU6] epochs: [558/1000] train_loss_con: -3.901
[GPU6] epochs: [559/1000] train_loss_con: -3.870
[GPU6] epochs: [560/1000] train_loss_con: -3.870
[GPU6] epochs: [561/1000] train_loss_con: -3.866
[GPU6] epochs: [562/1000] train_loss_con: -3.880
[GPU6] epochs: [563/1000] train_loss_con: -3.915
[GPU6] epochs: [564/1000] train_loss_con: -3.921
[GPU6] epochs: [565/1000] train_loss_con: -3.920
[GPU6] epochs: [566/1000] train_loss_con: -3.921
[GPU6] epochs: [567/1000] train_loss_con: -3.913
[GPU6] epochs: [568/1000] train_loss_con: -3.912
[GPU6] epochs: [569/1000] train_loss_con: -3.889
[GPU6] epochs: [570/1000] train_loss_con: -3.870
[GPU6] epochs: [571/1000] train_loss_con: -3.919
[GPU6] epochs: [572/1000] train_loss_con: -3.881
[GPU6] epochs: [573/1000] train_loss_con: -3.855
[GPU6] epochs: [574/1000] train_loss_con: -3.918
[GPU6] epochs: [575/1000] train_loss_con: -3.922
[GPU6] epochs: [576/1000] train_loss_con: -3.857
[GPU6] epochs: [577/1000] train_loss_con: -3.840
[GPU6] epochs: [578/1000] train_loss_con: -3.842
[GPU6] epochs: [579/1000] train_loss_con: -3.847
[GPU6] epochs: [580/1000] train_loss_con: -3.837
[GPU6] epochs: [581/1000] train_loss_con: -3.865
[GPU6] epochs: [582/1000] train_loss_con: -3.873
[GPU6] epochs: [583/1000] train_loss_con: -3.844
[GPU6] epochs: [584/1000] train_loss_con: -3.807
[GPU6] epochs: [585/1000] train_loss_con: -3.847
[GPU6] epochs: [586/1000] train_loss_con: -3.915
[GPU6] epochs: [587/1000] train_loss_con: -3.904
[GPU6] epochs: [588/1000] train_loss_con: -3.936
[GPU6] epochs: [589/1000] train_loss_con: -3.940
[GPU6] epochs: [590/1000] train_loss_con: -3.933
[GPU6] epochs: [591/1000] train_loss_con: -3.926
[GPU6] epochs: [592/1000] train_loss_con: -3.926
[GPU6] epochs: [593/1000] train_loss_con: -3.918
[GPU6] epochs: [594/1000] train_loss_con: -3.912
[GPU6] epochs: [595/1000] train_loss_con: -3.903
[GPU6] epochs: [596/1000] train_loss_con: -3.901
[GPU6] epochs: [597/1000] train_loss_con: -3.854
[GPU6] epochs: [598/1000] train_loss_con: -3.843
[GPU6] epochs: [599/1000] train_loss_con: -3.841
[GPU6] epochs: [600/1000] train_loss_con: -3.839
[GPU6] epochs: [601/1000] train_loss_con: -3.841
[GPU6] epochs: [602/1000] train_loss_con: -3.831
[GPU6] epochs: [603/1000] train_loss_con: -3.839
[GPU6] epochs: [604/1000] train_loss_con: -3.843
[GPU6] epochs: [605/1000] train_loss_con: -3.854
[GPU6] epochs: [606/1000] train_loss_con: -3.883
[GPU6] epochs: [607/1000] train_loss_con: -3.909
[GPU6] epochs: [608/1000] train_loss_con: -3.919
[GPU6] epochs: [609/1000] train_loss_con: -3.921
[GPU6] epochs: [610/1000] train_loss_con: -3.857
[GPU6] epochs: [611/1000] train_loss_con: -3.798
[GPU6] epochs: [612/1000] train_loss_con: -3.817
[GPU6] epochs: [613/1000] train_loss_con: -3.816
[GPU6] epochs: [614/1000] train_loss_con: -3.815
[GPU6] epochs: [615/1000] train_loss_con: -3.805
[GPU6] epochs: [616/1000] train_loss_con: -3.800
[GPU6] epochs: [617/1000] train_loss_con: -3.880
[GPU6] epochs: [618/1000] train_loss_con: -3.890
[GPU6] epochs: [619/1000] train_loss_con: -3.869
[GPU6] epochs: [620/1000] train_loss_con: -3.850
[GPU6] epochs: [621/1000] train_loss_con: -3.851
[GPU6] epochs: [622/1000] train_loss_con: -3.851
[GPU6] epochs: [623/1000] train_loss_con: -3.850
[GPU6] epochs: [624/1000] train_loss_con: -3.844
[GPU6] epochs: [625/1000] train_loss_con: -3.852
[GPU6] epochs: [626/1000] train_loss_con: -3.845
[GPU6] epochs: [627/1000] train_loss_con: -3.926
[GPU6] epochs: [628/1000] train_loss_con: -3.885
[GPU6] epochs: [629/1000] train_loss_con: -3.888
[GPU6] epochs: [630/1000] train_loss_con: -3.917
[GPU6] epochs: [631/1000] train_loss_con: -3.926
[GPU6] epochs: [632/1000] train_loss_con: -3.900
[GPU6] epochs: [633/1000] train_loss_con: -3.875
[GPU6] epochs: [634/1000] train_loss_con: -3.847
[GPU6] epochs: [635/1000] train_loss_con: -3.855
[GPU6] epochs: [636/1000] train_loss_con: -3.859
[GPU6] epochs: [637/1000] train_loss_con: -3.862
[GPU6] epochs: [638/1000] train_loss_con: -3.863
[GPU6] epochs: [639/1000] train_loss_con: -3.863
[GPU6] epochs: [640/1000] train_loss_con: -3.858
[GPU6] epochs: [641/1000] train_loss_con: -3.861
[GPU6] epochs: [642/1000] train_loss_con: -3.870
[GPU6] epochs: [643/1000] train_loss_con: -3.867
[GPU6] epochs: [644/1000] train_loss_con: -3.862
[GPU6] epochs: [645/1000] train_loss_con: -3.862
[GPU6] epochs: [646/1000] train_loss_con: -3.862
[GPU6] epochs: [647/1000] train_loss_con: -3.857
[GPU6] epochs: [648/1000] train_loss_con: -3.861
[GPU6] epochs: [649/1000] train_loss_con: -3.873
[GPU6] epochs: [650/1000] train_loss_con: -3.876
[GPU6] epochs: [651/1000] train_loss_con: -3.881
[GPU6] epochs: [652/1000] train_loss_con: -3.886
[GPU6] epochs: [653/1000] train_loss_con: -3.891
[GPU6] epochs: [654/1000] train_loss_con: -3.904
[GPU6] epochs: [655/1000] train_loss_con: -3.899
[GPU6] epochs: [656/1000] train_loss_con: -3.896
[GPU6] epochs: [657/1000] train_loss_con: -3.875
[GPU6] epochs: [658/1000] train_loss_con: -3.903
[GPU6] epochs: [659/1000] train_loss_con: -3.919
[GPU6] epochs: [660/1000] train_loss_con: -3.864
[GPU6] epochs: [661/1000] train_loss_con: -3.856
[GPU6] epochs: [662/1000] train_loss_con: -3.866
[GPU6] epochs: [663/1000] train_loss_con: -3.882
[GPU6] epochs: [664/1000] train_loss_con: -3.903
[GPU6] epochs: [665/1000] train_loss_con: -3.924
[GPU6] epochs: [666/1000] train_loss_con: -3.936
[GPU6] epochs: [667/1000] train_loss_con: -3.943
[GPU6] epochs: [668/1000] train_loss_con: -3.928
[GPU6] epochs: [669/1000] train_loss_con: -3.934
[GPU6] epochs: [670/1000] train_loss_con: -3.941
[GPU6] epochs: [671/1000] train_loss_con: -3.945
[GPU6] epochs: [672/1000] train_loss_con: -3.949
[GPU6] epochs: [673/1000] train_loss_con: -3.952
[GPU6] epochs: [674/1000] train_loss_con: -3.954
[GPU6] epochs: [675/1000] train_loss_con: -3.953
[GPU6] epochs: [676/1000] train_loss_con: -3.962
[GPU6] epochs: [677/1000] train_loss_con: -3.964
[GPU6] epochs: [678/1000] train_loss_con: -3.963
[GPU6] epochs: [679/1000] train_loss_con: -3.964
[GPU6] epochs: [680/1000] train_loss_con: -3.964
[GPU6] epochs: [681/1000] train_loss_con: -3.961
[GPU6] epochs: [682/1000] train_loss_con: -3.963
[GPU6] epochs: [683/1000] train_loss_con: -3.964
[GPU6] epochs: [684/1000] train_loss_con: -3.963
[GPU6] epochs: [685/1000] train_loss_con: -3.963
[GPU6] epochs: [686/1000] train_loss_con: -3.964
[GPU6] epochs: [687/1000] train_loss_con: -3.967
[GPU6] epochs: [688/1000] train_loss_con: -3.964
[GPU6] epochs: [689/1000] train_loss_con: -3.966
[GPU6] epochs: [690/1000] train_loss_con: -3.966
[GPU6] epochs: [691/1000] train_loss_con: -3.966
[GPU6] epochs: [692/1000] train_loss_con: -3.966
[GPU6] epochs: [693/1000] train_loss_con: -3.967
[GPU6] epochs: [694/1000] train_loss_con: -3.967
[GPU6] epochs: [695/1000] train_loss_con: -3.969
[GPU6] epochs: [696/1000] train_loss_con: -3.968
[GPU6] epochs: [697/1000] train_loss_con: -3.967
[GPU6] epochs: [698/1000] train_loss_con: -3.968
[GPU6] epochs: [699/1000] train_loss_con: -3.968
[GPU6] epochs: [700/1000] train_loss_con: -3.967
[GPU6] epochs: [701/1000] train_loss_con: -3.965
[GPU6] epochs: [702/1000] train_loss_con: -3.967
[GPU6] epochs: [703/1000] train_loss_con: -3.967
[GPU6] epochs: [704/1000] train_loss_con: -3.965
[GPU6] epochs: [705/1000] train_loss_con: -3.968
[GPU6] epochs: [706/1000] train_loss_con: -3.967
[GPU6] epochs: [707/1000] train_loss_con: -3.965
[GPU6] epochs: [708/1000] train_loss_con: -3.967
[GPU6] epochs: [709/1000] train_loss_con: -3.968
[GPU6] epochs: [710/1000] train_loss_con: -3.965
[GPU6] epochs: [711/1000] train_loss_con: -3.967
[GPU6] epochs: [712/1000] train_loss_con: -3.964
[GPU6] epochs: [713/1000] train_loss_con: -3.965
[GPU6] epochs: [714/1000] train_loss_con: -3.965
[GPU6] epochs: [715/1000] train_loss_con: -3.965
[GPU6] epochs: [716/1000] train_loss_con: -3.961
[GPU6] epochs: [717/1000] train_loss_con: -3.967
[GPU6] epochs: [718/1000] train_loss_con: -3.967
[GPU6] epochs: [719/1000] train_loss_con: -3.968
[GPU6] epochs: [720/1000] train_loss_con: -3.966
[GPU6] epochs: [721/1000] train_loss_con: -3.964
[GPU6] epochs: [722/1000] train_loss_con: -3.961
[GPU6] epochs: [723/1000] train_loss_con: -3.943
[GPU6] epochs: [724/1000] train_loss_con: -3.933
[GPU6] epochs: [725/1000] train_loss_con: -3.917
[GPU6] epochs: [726/1000] train_loss_con: -3.922
[GPU6] epochs: [727/1000] train_loss_con: -3.922
[GPU6] epochs: [728/1000] train_loss_con: -3.919
[GPU6] epochs: [729/1000] train_loss_con: -3.925
[GPU6] epochs: [730/1000] train_loss_con: -3.954
[GPU6] epochs: [731/1000] train_loss_con: -3.960
[GPU6] epochs: [732/1000] train_loss_con: -3.933
[GPU6] epochs: [733/1000] train_loss_con: -3.947
[GPU6] epochs: [734/1000] train_loss_con: -3.951
[GPU6] epochs: [735/1000] train_loss_con: -3.948
[GPU6] epochs: [736/1000] train_loss_con: -3.956
[GPU6] epochs: [737/1000] train_loss_con: -3.959
[GPU6] epochs: [738/1000] train_loss_con: -3.967
[GPU6] epochs: [739/1000] train_loss_con: -3.962
[GPU6] epochs: [740/1000] train_loss_con: -3.968
[GPU6] epochs: [741/1000] train_loss_con: -3.973
[GPU6] epochs: [742/1000] train_loss_con: -3.972
[GPU6] epochs: [743/1000] train_loss_con: -3.970
[GPU6] epochs: [744/1000] train_loss_con: -3.969
[GPU6] epochs: [745/1000] train_loss_con: -3.965
[GPU6] epochs: [746/1000] train_loss_con: -3.966
[GPU6] epochs: [747/1000] train_loss_con: -3.967
[GPU6] epochs: [748/1000] train_loss_con: -3.967
[GPU6] epochs: [749/1000] train_loss_con: -3.971
[GPU6] epochs: [750/1000] train_loss_con: -3.973
[GPU6] epochs: [751/1000] train_loss_con: -3.974
[GPU6] epochs: [752/1000] train_loss_con: -3.974
[GPU6] epochs: [753/1000] train_loss_con: -3.974
[GPU6] epochs: [754/1000] train_loss_con: -3.974
[GPU6] epochs: [755/1000] train_loss_con: -3.973
[GPU6] epochs: [756/1000] train_loss_con: -3.975
[GPU6] epochs: [757/1000] train_loss_con: -3.976
[GPU6] epochs: [758/1000] train_loss_con: -3.974
[GPU6] epochs: [759/1000] train_loss_con: -3.974
[GPU6] epochs: [760/1000] train_loss_con: -3.975
[GPU6] epochs: [761/1000] train_loss_con: -3.975
[GPU6] epochs: [762/1000] train_loss_con: -3.975
[GPU6] epochs: [763/1000] train_loss_con: -3.975
[GPU6] epochs: [764/1000] train_loss_con: -3.975
[GPU6] epochs: [765/1000] train_loss_con: -3.975
[GPU6] epochs: [766/1000] train_loss_con: -3.974
[GPU6] epochs: [767/1000] train_loss_con: -3.974
[GPU6] epochs: [768/1000] train_loss_con: -3.974
[GPU6] epochs: [769/1000] train_loss_con: -3.974
[GPU6] epochs: [770/1000] train_loss_con: -3.974
[GPU6] epochs: [771/1000] train_loss_con: -3.974
[GPU6] epochs: [772/1000] train_loss_con: -3.973
[GPU6] epochs: [773/1000] train_loss_con: -3.974
[GPU6] epochs: [774/1000] train_loss_con: -3.974
[GPU6] epochs: [775/1000] train_loss_con: -3.973
[GPU6] epochs: [776/1000] train_loss_con: -3.973
[GPU6] epochs: [777/1000] train_loss_con: -3.973
[GPU6] epochs: [778/1000] train_loss_con: -3.972
[GPU6] epochs: [779/1000] train_loss_con: -3.972
[GPU6] epochs: [780/1000] train_loss_con: -3.972
[GPU6] epochs: [781/1000] train_loss_con: -3.972
[GPU6] epochs: [782/1000] train_loss_con: -3.971
[GPU6] epochs: [783/1000] train_loss_con: -3.971
[GPU6] epochs: [784/1000] train_loss_con: -3.971
[GPU6] epochs: [785/1000] train_loss_con: -3.972
[GPU6] epochs: [786/1000] train_loss_con: -3.969
[GPU6] epochs: [787/1000] train_loss_con: -3.970
[GPU6] epochs: [788/1000] train_loss_con: -3.970
[GPU6] epochs: [789/1000] train_loss_con: -3.970
[GPU6] epochs: [790/1000] train_loss_con: -3.968
[GPU6] epochs: [791/1000] train_loss_con: -3.969
[GPU6] epochs: [792/1000] train_loss_con: -3.967
[GPU6] epochs: [793/1000] train_loss_con: -3.967
[GPU6] epochs: [794/1000] train_loss_con: -3.966
[GPU6] epochs: [795/1000] train_loss_con: -3.963
[GPU6] epochs: [796/1000] train_loss_con: -3.960
[GPU6] epochs: [797/1000] train_loss_con: -3.960
Traceback (most recent call last):
  File "/home/nirbhays/ODE-SSL/train.py", line 164, in <module>
    main_single()
  File "/home/nirbhays/ODE-SSL/train.py", line 110, in main_single
    final_model = train_network(**param_config)
  File "/home/nirbhays/ODE-SSL/train.py", line 46, in train_network
    return train_carl(**kwargs)
  File "/home/nirbhays/ODE-SSL/train_utils.py", line 238, in train_carl
    loss_con.backward()
  File "/home/nirbhays/.conda/envs/mlenv/lib/python3.10/site-packages/torch/_tensor.py", line 581, in backward
    torch.autograd.backward(
  File "/home/nirbhays/.conda/envs/mlenv/lib/python3.10/site-packages/torch/autograd/__init__.py", line 347, in backward
    _engine_run_backward(
  File "/home/nirbhays/.conda/envs/mlenv/lib/python3.10/site-packages/torch/autograd/graph.py", line 825, in _engine_run_backward
    return Variable._execution_engine.run_backward(  # Calls into the C++ engine to run the backward pass
  File "/home/nirbhays/.conda/envs/mlenv/lib/python3.10/site-packages/torch/utils/data/_utils/signal_handling.py", line 73, in handler
    _error_if_any_worker_fails()
RuntimeError: DataLoader worker (pid 242334) is killed by signal: Killed. 
