environment: 
YAML: configs/carl.c10.yaml
==> SEED: 42
==> num_classes: 10
==> data_name: cifar10
==> data_params: {'algo': 'carl', 'data_dir': 'datasets/cifar10', 'batch_size': 512, 'num_workers': 3, 'image_size': 32}
==> return_logs: False
==> eval_every: 10
==> n_epochs: 1000
==> n_epochs_mlp: 100
==> gpu_id: 4
==> opt: SGD
==> opt_params: {'lr': 0.4, 'momentum': 0.9, 'weight_decay': 1e-06}
==> schedular_params: {'T_max': 1000, 'eta_min': 0.001}
==> mlp_opt: SGD
==> mlp_opt_params: {'lr': 0.01, 'momentum': 0.9}
==> model_params: {'model_name': 'resnet50', 'pretrained': False, 'proj_dim': 256, 'algo_type': 'carl', 'carl_hidden': 4096, 'ode_steps': 5}
==> carl_pred_params: {'in_features': 256, 'hidden_dim': 4096, 'out_features': 256}
==> ema_tau: 0.996
==> mlp_type: hidden
==> loss: carl
==> distributed: False
==> train_algo: carl
==> model_save_path: saved_models/carl.c10.r50.ode5.pth
==> config: configs/carl.c10.yaml
--------------------------------------------------
===> using hiddin mlp
using optimizer: SGD
using optimizer: SGD
loss function: carl
Files already downloaded and verified
Files already downloaded and verified
Files already downloaded and verified
# of Training Images: 50000
# of Testing Images: 10000
### CARL Training begins
[GPU4] epochs: [1/1000] train_loss_con: -2.407
[GPU4] epochs: [2/1000] train_loss_con: -3.313
[GPU4] epochs: [3/1000] train_loss_con: -3.822
[GPU4] epochs: [4/1000] train_loss_con: -3.536
[GPU4] epochs: [5/1000] train_loss_con: -3.860
[GPU4] epochs: [6/1000] train_loss_con: -3.753
[GPU4] epochs: [7/1000] train_loss_con: -2.657
[GPU4] epochs: [8/1000] train_loss_con: -2.697
[GPU4] epochs: [9/1000] train_loss_con: -2.974
[GPU4] epochs: [10/1000] train_loss_con: -3.048
[GPU4] epochs: [11/1000] train_loss_con: -3.151
[GPU4] epochs: [12/1000] train_loss_con: -3.160
[GPU4] epochs: [13/1000] train_loss_con: -3.159
[GPU4] epochs: [14/1000] train_loss_con: -3.227
[GPU4] epochs: [15/1000] train_loss_con: -3.183
[GPU4] epochs: [16/1000] train_loss_con: -3.252
[GPU4] epochs: [17/1000] train_loss_con: -3.222
[GPU4] epochs: [18/1000] train_loss_con: -3.312
[GPU4] epochs: [19/1000] train_loss_con: -3.278
[GPU4] epochs: [20/1000] train_loss_con: -3.348
[GPU4] epochs: [21/1000] train_loss_con: -3.351
[GPU4] epochs: [22/1000] train_loss_con: -3.356
[GPU4] epochs: [23/1000] train_loss_con: -3.348
[GPU4] epochs: [24/1000] train_loss_con: -3.360
[GPU4] epochs: [25/1000] train_loss_con: -3.428
[GPU4] epochs: [26/1000] train_loss_con: -3.364
[GPU4] epochs: [27/1000] train_loss_con: -3.278
[GPU4] epochs: [28/1000] train_loss_con: -3.257
[GPU4] epochs: [29/1000] train_loss_con: -3.204
[GPU4] epochs: [30/1000] train_loss_con: -3.423
[GPU4] epochs: [31/1000] train_loss_con: -3.407
[GPU4] epochs: [32/1000] train_loss_con: -3.364
[GPU4] epochs: [33/1000] train_loss_con: -3.365
[GPU4] epochs: [34/1000] train_loss_con: -3.238
[GPU4] epochs: [35/1000] train_loss_con: -3.534
[GPU4] epochs: [36/1000] train_loss_con: -3.432
[GPU4] epochs: [37/1000] train_loss_con: -3.399
[GPU4] epochs: [38/1000] train_loss_con: -3.364
[GPU4] epochs: [39/1000] train_loss_con: -3.547
[GPU4] epochs: [40/1000] train_loss_con: -3.446
[GPU4] epochs: [41/1000] train_loss_con: -3.413
[GPU4] epochs: [42/1000] train_loss_con: -3.363
[GPU4] epochs: [43/1000] train_loss_con: -3.366
[GPU4] epochs: [44/1000] train_loss_con: -3.422
[GPU4] epochs: [45/1000] train_loss_con: -3.402
[GPU4] epochs: [46/1000] train_loss_con: -3.402
[GPU4] epochs: [47/1000] train_loss_con: -3.408
[GPU4] epochs: [48/1000] train_loss_con: -3.431
[GPU4] epochs: [49/1000] train_loss_con: -3.424
[GPU4] epochs: [50/1000] train_loss_con: -3.442
[GPU4] epochs: [51/1000] train_loss_con: -3.202
[GPU4] epochs: [52/1000] train_loss_con: -3.323
[GPU4] epochs: [53/1000] train_loss_con: -3.241
[GPU4] epochs: [54/1000] train_loss_con: -3.301
[GPU4] epochs: [55/1000] train_loss_con: -3.516
[GPU4] epochs: [56/1000] train_loss_con: -3.403
[GPU4] epochs: [57/1000] train_loss_con: -3.331
[GPU4] epochs: [58/1000] train_loss_con: -3.361
[GPU4] epochs: [59/1000] train_loss_con: -3.402
[GPU4] epochs: [60/1000] train_loss_con: -3.412
[GPU4] epochs: [61/1000] train_loss_con: -3.413
[GPU4] epochs: [62/1000] train_loss_con: -3.419
[GPU4] epochs: [63/1000] train_loss_con: -3.427
[GPU4] epochs: [64/1000] train_loss_con: -3.405
[GPU4] epochs: [65/1000] train_loss_con: -3.396
[GPU4] epochs: [66/1000] train_loss_con: -3.433
[GPU4] epochs: [67/1000] train_loss_con: -3.461
[GPU4] epochs: [68/1000] train_loss_con: -3.453
[GPU4] epochs: [69/1000] train_loss_con: -3.444
[GPU4] epochs: [70/1000] train_loss_con: -3.464
[GPU4] epochs: [71/1000] train_loss_con: -3.468
[GPU4] epochs: [72/1000] train_loss_con: -3.490
[GPU4] epochs: [73/1000] train_loss_con: -3.490
[GPU4] epochs: [74/1000] train_loss_con: -3.502
[GPU4] epochs: [75/1000] train_loss_con: -3.501
[GPU4] epochs: [76/1000] train_loss_con: -3.508
[GPU4] epochs: [77/1000] train_loss_con: -3.512
[GPU4] epochs: [78/1000] train_loss_con: -3.510
[GPU4] epochs: [79/1000] train_loss_con: -3.523
[GPU4] epochs: [80/1000] train_loss_con: -3.526
[GPU4] epochs: [81/1000] train_loss_con: -3.507
[GPU4] epochs: [82/1000] train_loss_con: -3.545
[GPU4] epochs: [83/1000] train_loss_con: -3.553
[GPU4] epochs: [84/1000] train_loss_con: -3.537
[GPU4] epochs: [85/1000] train_loss_con: -3.535
[GPU4] epochs: [86/1000] train_loss_con: -3.537
[GPU4] epochs: [87/1000] train_loss_con: -3.537
[GPU4] epochs: [88/1000] train_loss_con: -3.535
[GPU4] epochs: [89/1000] train_loss_con: -3.527
[GPU4] epochs: [90/1000] train_loss_con: -3.535
[GPU4] epochs: [91/1000] train_loss_con: -3.532
[GPU4] epochs: [92/1000] train_loss_con: -3.539
[GPU4] epochs: [93/1000] train_loss_con: -3.532
[GPU4] epochs: [94/1000] train_loss_con: -3.532
[GPU4] epochs: [95/1000] train_loss_con: -3.547
[GPU4] epochs: [96/1000] train_loss_con: -3.566
[GPU4] epochs: [97/1000] train_loss_con: -3.548
[GPU4] epochs: [98/1000] train_loss_con: -3.555
[GPU4] epochs: [99/1000] train_loss_con: -3.554
[GPU4] epochs: [100/1000] train_loss_con: -3.556
[GPU4] epochs: [101/1000] train_loss_con: -3.580
[GPU4] epochs: [102/1000] train_loss_con: -3.537
[GPU4] epochs: [103/1000] train_loss_con: -3.549
[GPU4] epochs: [104/1000] train_loss_con: -3.538
[GPU4] epochs: [105/1000] train_loss_con: -3.571
[GPU4] epochs: [106/1000] train_loss_con: -3.555
[GPU4] epochs: [107/1000] train_loss_con: -3.564
[GPU4] epochs: [108/1000] train_loss_con: -3.583
[GPU4] epochs: [109/1000] train_loss_con: -3.564
[GPU4] epochs: [110/1000] train_loss_con: -3.569
[GPU4] epochs: [111/1000] train_loss_con: -3.577
[GPU4] epochs: [112/1000] train_loss_con: -3.562
[GPU4] epochs: [113/1000] train_loss_con: -3.562
[GPU4] epochs: [114/1000] train_loss_con: -3.577
[GPU4] epochs: [115/1000] train_loss_con: -3.575
[GPU4] epochs: [116/1000] train_loss_con: -3.571
[GPU4] epochs: [117/1000] train_loss_con: -3.576
[GPU4] epochs: [118/1000] train_loss_con: -3.579
[GPU4] epochs: [119/1000] train_loss_con: -3.593
[GPU4] epochs: [120/1000] train_loss_con: -3.585
[GPU4] epochs: [121/1000] train_loss_con: -3.580
[GPU4] epochs: [122/1000] train_loss_con: -3.594
[GPU4] epochs: [123/1000] train_loss_con: -3.591
[GPU4] epochs: [124/1000] train_loss_con: -3.588
[GPU4] epochs: [125/1000] train_loss_con: -3.582
[GPU4] epochs: [126/1000] train_loss_con: -3.581
[GPU4] epochs: [127/1000] train_loss_con: -3.591
[GPU4] epochs: [128/1000] train_loss_con: -3.597
[GPU4] epochs: [129/1000] train_loss_con: -3.596
[GPU4] epochs: [130/1000] train_loss_con: -3.590
[GPU4] epochs: [131/1000] train_loss_con: -3.587
[GPU4] epochs: [132/1000] train_loss_con: -3.593
[GPU4] epochs: [133/1000] train_loss_con: -3.599
[GPU4] epochs: [134/1000] train_loss_con: -3.603
[GPU4] epochs: [135/1000] train_loss_con: -3.609
[GPU4] epochs: [136/1000] train_loss_con: -3.616
[GPU4] epochs: [137/1000] train_loss_con: -3.621
[GPU4] epochs: [138/1000] train_loss_con: -3.611
[GPU4] epochs: [139/1000] train_loss_con: -3.623
[GPU4] epochs: [140/1000] train_loss_con: -3.628
