environment: 
YAML: configs/carl.c100.yaml
==> SEED: 42
==> num_classes: 100
==> data_name: cifar100
==> data_params: {'algo': 'carl', 'data_dir': 'datasets/cifar100', 'batch_size': 512, 'num_workers': 3, 'image_size': 32}
==> return_logs: False
==> eval_every: 10
==> n_epochs: 1000
==> n_epochs_mlp: 100
==> gpu_id: 5
==> opt: SGD
==> opt_params: {'lr': 0.4, 'momentum': 0.9, 'weight_decay': 1e-06}
==> schedular_params: {'T_max': 1000, 'eta_min': 0.001}
==> mlp_opt: SGD
==> mlp_opt_params: {'lr': 0.01, 'momentum': 0.9}
==> model_params: {'model_name': 'resnet50', 'pretrained': False, 'proj_dim': 256, 'algo_type': 'carl', 'carl_hidden': 4096, 'ode_steps': 5}
==> carl_pred_params: {'in_features': 256, 'hidden_dim': 4096, 'out_features': 256}
==> ema_tau: 0.996
==> mlp_type: hidden
==> loss: carl
==> distributed: False
==> train_algo: carl
==> model_save_path: saved_models/carl.c100.r50.ode5.pth
==> config: configs/carl.c100.yaml
--------------------------------------------------
===> using hiddin mlp
using optimizer: SGD
using optimizer: SGD
loss function: carl
Files already downloaded and verified
Files already downloaded and verified
Files already downloaded and verified
# of Training Images: 50000
# of Testing Images: 10000
### CARL Training begins
[GPU5] epochs: [1/1000] train_loss_con: -2.485
[GPU5] epochs: [2/1000] train_loss_con: -3.134
[GPU5] epochs: [3/1000] train_loss_con: -3.092
[GPU5] epochs: [4/1000] train_loss_con: -3.232
[GPU5] epochs: [5/1000] train_loss_con: -3.100
[GPU5] epochs: [6/1000] train_loss_con: -3.107
[GPU5] epochs: [7/1000] train_loss_con: -3.043
[GPU5] epochs: [8/1000] train_loss_con: -3.170
[GPU5] epochs: [9/1000] train_loss_con: -3.304
[GPU5] epochs: [10/1000] train_loss_con: -3.085
[GPU5] epochs: [11/1000] train_loss_con: -3.339
[GPU5] epochs: [12/1000] train_loss_con: -3.290
[GPU5] epochs: [13/1000] train_loss_con: -3.351
[GPU5] epochs: [14/1000] train_loss_con: -3.375
[GPU5] epochs: [15/1000] train_loss_con: -3.404
[GPU5] epochs: [16/1000] train_loss_con: -3.378
[GPU5] epochs: [17/1000] train_loss_con: -3.344
[GPU5] epochs: [18/1000] train_loss_con: -3.337
[GPU5] epochs: [19/1000] train_loss_con: -3.334
[GPU5] epochs: [20/1000] train_loss_con: -3.375
[GPU5] epochs: [21/1000] train_loss_con: -3.353
[GPU5] epochs: [22/1000] train_loss_con: -3.344
[GPU5] epochs: [23/1000] train_loss_con: -3.393
[GPU5] epochs: [24/1000] train_loss_con: -3.355
[GPU5] epochs: [25/1000] train_loss_con: -3.277
[GPU5] epochs: [26/1000] train_loss_con: -3.282
[GPU5] epochs: [27/1000] train_loss_con: -3.274
[GPU5] epochs: [28/1000] train_loss_con: -3.316
[GPU5] epochs: [29/1000] train_loss_con: -3.302
[GPU5] epochs: [30/1000] train_loss_con: -3.317
[GPU5] epochs: [31/1000] train_loss_con: -3.321
[GPU5] epochs: [32/1000] train_loss_con: -3.343
[GPU5] epochs: [33/1000] train_loss_con: -3.360
[GPU5] epochs: [34/1000] train_loss_con: -3.380
[GPU5] epochs: [35/1000] train_loss_con: -3.372
[GPU5] epochs: [36/1000] train_loss_con: -3.387
[GPU5] epochs: [37/1000] train_loss_con: -3.402
[GPU5] epochs: [38/1000] train_loss_con: -3.425
[GPU5] epochs: [39/1000] train_loss_con: -3.420
[GPU5] epochs: [40/1000] train_loss_con: -3.435
[GPU5] epochs: [41/1000] train_loss_con: -3.465
[GPU5] epochs: [42/1000] train_loss_con: -3.465
[GPU5] epochs: [43/1000] train_loss_con: -3.480
[GPU5] epochs: [44/1000] train_loss_con: -3.468
[GPU5] epochs: [45/1000] train_loss_con: -3.469
[GPU5] epochs: [46/1000] train_loss_con: -3.480
[GPU5] epochs: [47/1000] train_loss_con: -3.472
[GPU5] epochs: [48/1000] train_loss_con: -3.486
[GPU5] epochs: [49/1000] train_loss_con: -3.499
[GPU5] epochs: [50/1000] train_loss_con: -3.506
[GPU5] epochs: [51/1000] train_loss_con: -3.503
[GPU5] epochs: [52/1000] train_loss_con: -3.486
[GPU5] epochs: [53/1000] train_loss_con: -3.502
[GPU5] epochs: [54/1000] train_loss_con: -3.517
[GPU5] epochs: [55/1000] train_loss_con: -3.544
[GPU5] epochs: [56/1000] train_loss_con: -3.491
[GPU5] epochs: [57/1000] train_loss_con: -3.452
[GPU5] epochs: [58/1000] train_loss_con: -3.467
[GPU5] epochs: [59/1000] train_loss_con: -3.488
[GPU5] epochs: [60/1000] train_loss_con: -3.518
[GPU5] epochs: [61/1000] train_loss_con: -3.479
[GPU5] epochs: [62/1000] train_loss_con: -3.550
[GPU5] epochs: [63/1000] train_loss_con: -3.558
[GPU5] epochs: [64/1000] train_loss_con: -3.549
[GPU5] epochs: [65/1000] train_loss_con: -3.562
[GPU5] epochs: [66/1000] train_loss_con: -3.500
[GPU5] epochs: [67/1000] train_loss_con: -3.531
[GPU5] epochs: [68/1000] train_loss_con: -3.382
[GPU5] epochs: [69/1000] train_loss_con: -3.347
[GPU5] epochs: [70/1000] train_loss_con: -3.371
[GPU5] epochs: [71/1000] train_loss_con: -3.367
[GPU5] epochs: [72/1000] train_loss_con: -3.420
[GPU5] epochs: [73/1000] train_loss_con: -3.451
[GPU5] epochs: [74/1000] train_loss_con: -3.448
[GPU5] epochs: [75/1000] train_loss_con: -3.445
[GPU5] epochs: [76/1000] train_loss_con: -3.453
[GPU5] epochs: [77/1000] train_loss_con: -3.465
[GPU5] epochs: [78/1000] train_loss_con: -3.470
[GPU5] epochs: [79/1000] train_loss_con: -3.474
[GPU5] epochs: [80/1000] train_loss_con: -3.486
[GPU5] epochs: [81/1000] train_loss_con: -3.476
[GPU5] epochs: [82/1000] train_loss_con: -3.485
[GPU5] epochs: [83/1000] train_loss_con: -3.484
[GPU5] epochs: [84/1000] train_loss_con: -3.492
[GPU5] epochs: [85/1000] train_loss_con: -3.489
[GPU5] epochs: [86/1000] train_loss_con: -3.496
[GPU5] epochs: [87/1000] train_loss_con: -3.507
[GPU5] epochs: [88/1000] train_loss_con: -3.499
[GPU5] epochs: [89/1000] train_loss_con: -3.423
[GPU5] epochs: [90/1000] train_loss_con: -3.454
[GPU5] epochs: [91/1000] train_loss_con: -3.458
[GPU5] epochs: [92/1000] train_loss_con: -3.432
[GPU5] epochs: [93/1000] train_loss_con: -3.417
[GPU5] epochs: [94/1000] train_loss_con: -3.398
[GPU5] epochs: [95/1000] train_loss_con: -3.401
[GPU5] epochs: [96/1000] train_loss_con: -3.385
[GPU5] epochs: [97/1000] train_loss_con: -3.395
[GPU5] epochs: [98/1000] train_loss_con: -3.403
[GPU5] epochs: [99/1000] train_loss_con: -3.416
[GPU5] epochs: [100/1000] train_loss_con: -3.422
[GPU5] epochs: [101/1000] train_loss_con: -3.419
[GPU5] epochs: [102/1000] train_loss_con: -3.428
[GPU5] epochs: [103/1000] train_loss_con: -3.436
[GPU5] epochs: [104/1000] train_loss_con: -3.434
[GPU5] epochs: [105/1000] train_loss_con: -3.448
[GPU5] epochs: [106/1000] train_loss_con: -3.449
[GPU5] epochs: [107/1000] train_loss_con: -3.450
[GPU5] epochs: [108/1000] train_loss_con: -3.443
[GPU5] epochs: [109/1000] train_loss_con: -3.450
[GPU5] epochs: [110/1000] train_loss_con: -3.456
[GPU5] epochs: [111/1000] train_loss_con: -3.453
[GPU5] epochs: [112/1000] train_loss_con: -3.469
[GPU5] epochs: [113/1000] train_loss_con: -3.454
[GPU5] epochs: [114/1000] train_loss_con: -3.464
[GPU5] epochs: [115/1000] train_loss_con: -3.466
[GPU5] epochs: [116/1000] train_loss_con: -3.475
[GPU5] epochs: [117/1000] train_loss_con: -3.469
[GPU5] epochs: [118/1000] train_loss_con: -3.474
[GPU5] epochs: [119/1000] train_loss_con: -3.468
[GPU5] epochs: [120/1000] train_loss_con: -3.479
[GPU5] epochs: [121/1000] train_loss_con: -3.479
[GPU5] epochs: [122/1000] train_loss_con: -3.467
[GPU5] epochs: [123/1000] train_loss_con: -3.472
[GPU5] epochs: [124/1000] train_loss_con: -3.474
[GPU5] epochs: [125/1000] train_loss_con: -3.475
[GPU5] epochs: [126/1000] train_loss_con: -3.481
[GPU5] epochs: [127/1000] train_loss_con: -3.481
[GPU5] epochs: [128/1000] train_loss_con: -3.486
[GPU5] epochs: [129/1000] train_loss_con: -3.485
[GPU5] epochs: [130/1000] train_loss_con: -3.482
[GPU5] epochs: [131/1000] train_loss_con: -3.484
[GPU5] epochs: [132/1000] train_loss_con: -3.486
[GPU5] epochs: [133/1000] train_loss_con: -3.479
[GPU5] epochs: [134/1000] train_loss_con: -3.488
[GPU5] epochs: [135/1000] train_loss_con: -3.492
