environment: 
YAML: configs/dailema.c100.yaml
==> SEED: 42
==> num_classes: 100
==> data_name: cifar100
==> data_params: {'algo': 'dailema', 'data_dir': 'datasets/cifar100', 'batch_size': 512, 'num_workers': 3, 'image_size': 32}
==> return_logs: False
==> eval_every: 10
==> n_epochs: 350
==> n_epochs_mlp: 100
==> gpu_id: 4
==> opt: SGD
==> opt_params: {'lr': 0.5, 'momentum': 0.9, 'nesterov': True}
==> schedular_params: {'T_max': 600, 'eta_min': 0.001}
==> mlp_opt: SGD
==> mlp_opt_params: {'lr': 0.01, 'momentum': 0.9, 'nesterov': True}
==> model_params: {'model_name': 'resnet50', 'pretrained': False, 'vae_out': 256, 'algo_type': 'dailema'}
==> energy_model_params: {'eta': 0.01, 'steps': 5}
==> energy_opt: AdamW
==> energy_model_opt_params: {'lr': 0.001}
==> mlp_type: hidden
==> loss: dailema
==> loss_params: {'sim': 'cosine', 'tau': 0.5, 'lambd': 0.9}
==> distributed: False
==> train_algo: dailema
==> model_save_path: saved_models/dailema.c100.r50.pth
==> config: configs/dailema.c100.yaml
--------------------------------------------------
===> using hiddin mlp
using optimizer: SGD
using optimizer: SGD
loss function: dailema
Files already downloaded and verified
Files already downloaded and verified
Files already downloaded and verified
# of Training Images: 50000
# of Testing Images: 10000
using optimizer: AdamW
### DAiLEMa Training begins
[GPU4] epochs: [1/350] train_loss_con: 7.003 energy_loss: -0.558
[GPU4] epochs: [2/350] train_loss_con: 6.732 energy_loss: -25.240
[GPU4] epochs: [3/350] train_loss_con: 6.480 energy_loss: -16.251
[GPU4] epochs: [4/350] train_loss_con: 6.332 energy_loss: -0.062
[GPU4] epochs: [5/350] train_loss_con: 6.211 energy_loss: -0.618
[GPU4] epochs: [6/350] train_loss_con: 6.132 energy_loss: -8.512
[GPU4] epochs: [7/350] train_loss_con: 6.087 energy_loss: -0.071
[GPU4] epochs: [8/350] train_loss_con: 6.039 energy_loss: -0.280
[GPU4] epochs: [9/350] train_loss_con: 6.011 energy_loss: -2.387
[GPU4] epochs: [10/350] train_loss_con: 5.989 energy_loss: -0.283
[GPU4] epochs: [11/350] train_loss_con: 5.965 energy_loss: -3.089
[GPU4] epochs: [12/350] train_loss_con: 5.947 energy_loss: -1.698
[GPU4] epochs: [13/350] train_loss_con: 5.928 energy_loss: -1.384
[GPU4] epochs: [14/350] train_loss_con: 5.916 energy_loss: -1.197
[GPU4] epochs: [15/350] train_loss_con: 5.898 energy_loss: -1.620
[GPU4] epochs: [16/350] train_loss_con: 5.885 energy_loss: -0.997
[GPU4] epochs: [17/350] train_loss_con: 5.873 energy_loss: -0.745
[GPU4] epochs: [18/350] train_loss_con: 5.861 energy_loss: -0.458
[GPU4] epochs: [19/350] train_loss_con: 5.845 energy_loss: -0.197
[GPU4] epochs: [20/350] train_loss_con: 5.826 energy_loss: -0.630
[GPU4] epochs: [21/350] train_loss_con: 5.817 energy_loss: -0.767
[GPU4] epochs: [22/350] train_loss_con: 5.807 energy_loss: -0.699
[GPU4] epochs: [23/350] train_loss_con: 5.798 energy_loss: -1.025
[GPU4] epochs: [24/350] train_loss_con: 5.793 energy_loss: -0.607
[GPU4] epochs: [25/350] train_loss_con: 5.789 energy_loss: -0.015
[GPU4] epochs: [26/350] train_loss_con: 5.780 energy_loss: -0.051
[GPU4] epochs: [27/350] train_loss_con: 5.776 energy_loss: -0.109
[GPU4] epochs: [28/350] train_loss_con: 5.771 energy_loss: -0.140
[GPU4] epochs: [29/350] train_loss_con: 5.766 energy_loss: -0.124
[GPU4] epochs: [30/350] train_loss_con: 5.762 energy_loss: -0.186
[GPU4] epochs: [31/350] train_loss_con: 5.755 energy_loss: -0.271
[GPU4] epochs: [32/350] train_loss_con: 5.753 energy_loss: -0.606
[GPU4] epochs: [33/350] train_loss_con: 5.750 energy_loss: -0.499
[GPU4] epochs: [34/350] train_loss_con: 5.742 energy_loss: -0.043
[GPU4] epochs: [35/350] train_loss_con: 5.740 energy_loss: -0.205
[GPU4] epochs: [36/350] train_loss_con: 5.738 energy_loss: -0.722
[GPU4] epochs: [37/350] train_loss_con: 5.735 energy_loss: -0.835
[GPU4] epochs: [38/350] train_loss_con: 5.730 energy_loss: -0.485
[GPU4] epochs: [39/350] train_loss_con: 5.728 energy_loss: -0.246
[GPU4] epochs: [40/350] train_loss_con: 5.725 energy_loss: -1.243
[GPU4] epochs: [41/350] train_loss_con: 5.721 energy_loss: -0.185
[GPU4] epochs: [42/350] train_loss_con: 5.720 energy_loss: -0.572
[GPU4] epochs: [43/350] train_loss_con: 5.714 energy_loss: -0.265
[GPU4] epochs: [44/350] train_loss_con: 5.716 energy_loss: -1.348
[GPU4] epochs: [45/350] train_loss_con: 5.714 energy_loss: -0.283
[GPU4] epochs: [46/350] train_loss_con: 5.710 energy_loss: -0.142
[GPU4] epochs: [47/350] train_loss_con: 5.707 energy_loss: -0.344
[GPU4] epochs: [48/350] train_loss_con: 5.707 energy_loss: -0.695
[GPU4] epochs: [49/350] train_loss_con: 5.704 energy_loss: -1.199
[GPU4] epochs: [50/350] train_loss_con: 5.699 energy_loss: -0.072
[GPU4] epochs: [51/350] train_loss_con: 5.698 energy_loss: -0.446
[GPU4] epochs: [52/350] train_loss_con: 5.700 energy_loss: -0.856
[GPU4] epochs: [53/350] train_loss_con: 5.695 energy_loss: -0.031
[GPU4] epochs: [54/350] train_loss_con: 5.696 energy_loss: -0.210
[GPU4] epochs: [55/350] train_loss_con: 5.690 energy_loss: -0.668
[GPU4] epochs: [56/350] train_loss_con: 5.691 energy_loss: -1.243
[GPU4] epochs: [57/350] train_loss_con: 5.693 energy_loss: -0.112
[GPU4] epochs: [58/350] train_loss_con: 5.684 energy_loss: -0.702
[GPU4] epochs: [59/350] train_loss_con: 5.686 energy_loss: -0.080
[GPU4] epochs: [60/350] train_loss_con: 5.684 energy_loss: -0.312
[GPU4] epochs: [61/350] train_loss_con: 5.685 energy_loss: -0.880
[GPU4] epochs: [62/350] train_loss_con: 5.680 energy_loss: -0.062
[GPU4] epochs: [63/350] train_loss_con: 5.676 energy_loss: -0.395
[GPU4] epochs: [64/350] train_loss_con: 5.679 energy_loss: -0.089
[GPU4] epochs: [65/350] train_loss_con: 5.680 energy_loss: -0.314
[GPU4] epochs: [66/350] train_loss_con: 5.674 energy_loss: -1.016
[GPU4] epochs: [67/350] train_loss_con: 5.674 energy_loss: -0.752
[GPU4] epochs: [68/350] train_loss_con: 5.670 energy_loss: -0.447
[GPU4] epochs: [69/350] train_loss_con: 5.669 energy_loss: -0.102
[GPU4] epochs: [70/350] train_loss_con: 5.671 energy_loss: -0.343
[GPU4] epochs: [71/350] train_loss_con: 5.665 energy_loss: -0.855
[GPU4] epochs: [72/350] train_loss_con: 5.666 energy_loss: -0.484
[GPU4] epochs: [73/350] train_loss_con: 5.663 energy_loss: -0.008
[GPU4] epochs: [74/350] train_loss_con: 5.665 energy_loss: -0.020
[GPU4] epochs: [75/350] train_loss_con: 5.661 energy_loss: -0.046
[GPU4] epochs: [76/350] train_loss_con: 5.660 energy_loss: -0.100
[GPU4] epochs: [77/350] train_loss_con: 5.657 energy_loss: -0.192
[GPU4] epochs: [78/350] train_loss_con: 5.657 energy_loss: -0.458
[GPU4] epochs: [79/350] train_loss_con: 5.657 energy_loss: -0.281
[GPU4] epochs: [80/350] train_loss_con: 5.654 energy_loss: -0.118
[GPU4] epochs: [81/350] train_loss_con: 5.651 energy_loss: -0.215
[GPU4] epochs: [82/350] train_loss_con: 5.653 energy_loss: -0.438
[GPU4] epochs: [83/350] train_loss_con: 5.646 energy_loss: -0.844
[GPU4] epochs: [84/350] train_loss_con: 5.649 energy_loss: -0.152
[GPU4] epochs: [85/350] train_loss_con: 5.647 energy_loss: -0.362
[GPU4] epochs: [86/350] train_loss_con: 5.649 energy_loss: -0.981
[GPU4] epochs: [87/350] train_loss_con: 5.646 energy_loss: -0.652
[GPU4] epochs: [88/350] train_loss_con: 5.646 energy_loss: -0.130
[GPU4] epochs: [89/350] train_loss_con: 5.645 energy_loss: -0.402
[GPU4] epochs: [90/350] train_loss_con: 5.644 energy_loss: -1.314
[GPU4] epochs: [91/350] train_loss_con: 5.645 energy_loss: -0.257
[GPU4] epochs: [92/350] train_loss_con: 5.640 energy_loss: -0.999
[GPU4] epochs: [93/350] train_loss_con: 5.640 energy_loss: -0.084
[GPU4] epochs: [94/350] train_loss_con: 5.640 energy_loss: -0.370
[GPU4] epochs: [95/350] train_loss_con: 5.636 energy_loss: -1.020
[GPU4] epochs: [96/350] train_loss_con: 5.636 energy_loss: -0.206
[GPU4] epochs: [97/350] train_loss_con: 5.636 energy_loss: -1.042
[GPU4] epochs: [98/350] train_loss_con: 5.633 energy_loss: -0.692
[GPU4] epochs: [99/350] train_loss_con: 5.633 energy_loss: -0.126
[GPU4] epochs: [100/350] train_loss_con: 5.631 energy_loss: -0.301
[GPU4] epochs: [101/350] train_loss_con: 5.629 energy_loss: -0.639
[GPU4] epochs: [102/350] train_loss_con: 5.631 energy_loss: -1.482
[GPU4] epochs: [103/350] train_loss_con: 5.629 energy_loss: -0.129
[GPU4] epochs: [104/350] train_loss_con: 5.625 energy_loss: -1.043
[GPU4] epochs: [105/350] train_loss_con: 5.627 energy_loss: -0.585
[GPU4] epochs: [106/350] train_loss_con: 5.627 energy_loss: -0.062
[GPU4] epochs: [107/350] train_loss_con: 5.623 energy_loss: -0.161
[GPU4] epochs: [108/350] train_loss_con: 5.623 energy_loss: -0.371
[GPU4] epochs: [109/350] train_loss_con: 5.628 energy_loss: -0.390
[GPU4] epochs: [110/350] train_loss_con: 5.622 energy_loss: -0.104
[GPU4] epochs: [111/350] train_loss_con: 5.622 energy_loss: -0.411
[GPU4] epochs: [112/350] train_loss_con: 5.620 energy_loss: -1.264
[GPU4] epochs: [113/350] train_loss_con: 5.620 energy_loss: -0.116
[GPU4] epochs: [114/350] train_loss_con: 5.619 energy_loss: -0.282
[GPU4] epochs: [115/350] train_loss_con: 5.618 energy_loss: -0.553
[GPU4] epochs: [116/350] train_loss_con: 5.620 energy_loss: -1.286
[GPU4] epochs: [117/350] train_loss_con: 5.618 energy_loss: -2.973
[GPU4] epochs: [118/350] train_loss_con: 5.613 energy_loss: -0.737
[GPU4] epochs: [119/350] train_loss_con: 5.617 energy_loss: -1.903
[GPU4] epochs: [120/350] train_loss_con: 5.615 energy_loss: -1.433
[GPU4] epochs: [121/350] train_loss_con: 5.613 energy_loss: -1.910
[GPU4] epochs: [122/350] train_loss_con: 5.613 energy_loss: -0.146
[GPU4] epochs: [123/350] train_loss_con: 5.614 energy_loss: -1.422
[GPU4] epochs: [124/350] train_loss_con: 5.610 energy_loss: -0.976
[GPU4] epochs: [125/350] train_loss_con: 5.611 energy_loss: -0.399
[GPU4] epochs: [126/350] train_loss_con: 5.609 energy_loss: -1.035
[GPU4] epochs: [127/350] train_loss_con: 5.609 energy_loss: -2.528
[GPU4] epochs: [128/350] train_loss_con: 5.609 energy_loss: -1.228
[GPU4] epochs: [129/350] train_loss_con: 5.609 energy_loss: -1.633
[GPU4] epochs: [130/350] train_loss_con: 5.607 energy_loss: -1.873
[GPU4] epochs: [131/350] train_loss_con: 5.607 energy_loss: -2.636
[GPU4] epochs: [132/350] train_loss_con: 5.609 energy_loss: -0.717
[GPU4] epochs: [133/350] train_loss_con: 5.607 energy_loss: -2.825
[GPU4] epochs: [134/350] train_loss_con: 5.602 energy_loss: -0.247
[GPU4] epochs: [135/350] train_loss_con: 5.603 energy_loss: -0.660
[GPU4] epochs: [136/350] train_loss_con: 5.605 energy_loss: -1.452
[GPU4] epochs: [137/350] train_loss_con: 5.603 energy_loss: -3.353
[GPU4] epochs: [138/350] train_loss_con: 5.601 energy_loss: -4.165
[GPU4] epochs: [139/350] train_loss_con: 5.602 energy_loss: -0.467
[GPU4] epochs: [140/350] train_loss_con: 5.598 energy_loss: -4.116
[GPU4] epochs: [141/350] train_loss_con: 5.601 energy_loss: -1.322
[GPU4] epochs: [142/350] train_loss_con: 5.601 energy_loss: -0.975
[GPU4] epochs: [143/350] train_loss_con: 5.599 energy_loss: -2.180
[GPU4] epochs: [144/350] train_loss_con: 5.598 energy_loss: -3.639
[GPU4] epochs: [145/350] train_loss_con: 5.595 energy_loss: -1.531
[GPU4] epochs: [146/350] train_loss_con: 5.596 energy_loss: -4.382
[GPU4] epochs: [147/350] train_loss_con: 5.599 energy_loss: -3.543
[GPU4] epochs: [148/350] train_loss_con: 5.595 energy_loss: -0.581
[GPU4] epochs: [149/350] train_loss_con: 5.594 energy_loss: -3.729
[GPU4] epochs: [150/350] train_loss_con: 5.594 energy_loss: -0.342
[GPU4] epochs: [151/350] train_loss_con: 5.595 energy_loss: -1.312
[GPU4] epochs: [152/350] train_loss_con: 5.594 energy_loss: -4.580
[GPU4] epochs: [153/350] train_loss_con: 5.592 energy_loss: -7.030
[GPU4] epochs: [154/350] train_loss_con: 5.592 energy_loss: -6.912
[GPU4] epochs: [155/350] train_loss_con: 5.591 energy_loss: -0.794
[GPU4] epochs: [156/350] train_loss_con: 5.591 energy_loss: -2.312
[GPU4] epochs: [157/350] train_loss_con: 5.590 energy_loss: -5.910
[GPU4] epochs: [158/350] train_loss_con: 5.590 energy_loss: -7.002
[GPU4] epochs: [159/350] train_loss_con: 5.590 energy_loss: -1.168
[GPU4] epochs: [160/350] train_loss_con: 5.586 energy_loss: -1.456
[GPU4] epochs: [161/350] train_loss_con: 5.588 energy_loss: -7.929
[GPU4] epochs: [162/350] train_loss_con: 5.588 energy_loss: -7.359
[GPU4] epochs: [163/350] train_loss_con: 5.586 energy_loss: -0.086
[GPU4] epochs: [164/350] train_loss_con: 5.584 energy_loss: -0.219
[GPU4] epochs: [165/350] train_loss_con: 5.583 energy_loss: -0.585
[GPU4] epochs: [166/350] train_loss_con: 5.584 energy_loss: -2.540
[GPU4] epochs: [167/350] train_loss_con: 5.584 energy_loss: -5.556
[GPU4] epochs: [168/350] train_loss_con: 5.586 energy_loss: -0.437
[GPU4] epochs: [169/350] train_loss_con: 5.583 energy_loss: -0.907
[GPU4] epochs: [170/350] train_loss_con: 5.583 energy_loss: -1.965
[GPU4] epochs: [171/350] train_loss_con: 5.580 energy_loss: -8.668
[GPU4] epochs: [172/350] train_loss_con: 5.583 energy_loss: -10.404
[GPU4] epochs: [173/350] train_loss_con: 5.583 energy_loss: -3.188
[GPU4] epochs: [174/350] train_loss_con: 5.581 energy_loss: -9.437
[GPU4] epochs: [175/350] train_loss_con: 5.578 energy_loss: -11.462
[GPU4] epochs: [176/350] train_loss_con: 5.579 energy_loss: -6.965
[GPU4] epochs: [177/350] train_loss_con: 5.580 energy_loss: -15.538
[GPU4] epochs: [178/350] train_loss_con: 5.576 energy_loss: -2.153
[GPU4] epochs: [179/350] train_loss_con: 5.579 energy_loss: -9.811
[GPU4] epochs: [180/350] train_loss_con: 5.576 energy_loss: -9.334
[GPU4] epochs: [181/350] train_loss_con: 5.576 energy_loss: -5.663
[GPU4] epochs: [182/350] train_loss_con: 5.578 energy_loss: -2.234
[GPU4] epochs: [183/350] train_loss_con: 5.577 energy_loss: -0.651
[GPU4] epochs: [184/350] train_loss_con: 5.576 energy_loss: -1.300
[GPU4] epochs: [185/350] train_loss_con: 5.573 energy_loss: -2.561
[GPU4] epochs: [186/350] train_loss_con: 5.574 energy_loss: -8.392
[GPU4] epochs: [187/350] train_loss_con: 5.571 energy_loss: -0.923
[GPU4] epochs: [188/350] train_loss_con: 5.575 energy_loss: -2.258
[GPU4] epochs: [189/350] train_loss_con: 5.569 energy_loss: -21.855
[GPU4] epochs: [190/350] train_loss_con: 5.572 energy_loss: -8.189
[GPU4] epochs: [191/350] train_loss_con: 5.572 energy_loss: -2.103
[GPU4] epochs: [192/350] train_loss_con: 5.573 energy_loss: -7.864
[GPU4] epochs: [193/350] train_loss_con: 5.570 energy_loss: -26.383
[GPU4] epochs: [194/350] train_loss_con: 5.571 energy_loss: -28.566
[GPU4] epochs: [195/350] train_loss_con: 5.570 energy_loss: -24.586
[GPU4] epochs: [196/350] train_loss_con: 5.572 energy_loss: -1.529
[GPU4] epochs: [197/350] train_loss_con: 5.570 energy_loss: -8.312
[GPU4] epochs: [198/350] train_loss_con: 5.567 energy_loss: -12.504
[GPU4] epochs: [199/350] train_loss_con: 5.569 energy_loss: -1.897
[GPU4] epochs: [200/350] train_loss_con: 5.565 energy_loss: -3.772
[GPU4] epochs: [201/350] train_loss_con: 5.564 energy_loss: -12.482
[GPU4] epochs: [202/350] train_loss_con: 5.568 energy_loss: -1.482
[GPU4] epochs: [203/350] train_loss_con: 5.567 energy_loss: -5.604
[GPU4] epochs: [204/350] train_loss_con: 5.565 energy_loss: -28.716
[GPU4] epochs: [205/350] train_loss_con: 5.567 energy_loss: -9.538
[GPU4] epochs: [206/350] train_loss_con: 5.564 energy_loss: -16.545
[GPU4] epochs: [207/350] train_loss_con: 5.563 energy_loss: -31.385
[GPU4] epochs: [208/350] train_loss_con: 5.564 energy_loss: -2.823
[GPU4] epochs: [209/350] train_loss_con: 5.565 energy_loss: -8.830
[GPU4] epochs: [210/350] train_loss_con: 5.563 energy_loss: -20.202
[GPU4] epochs: [211/350] train_loss_con: 5.563 energy_loss: -56.940
[GPU4] epochs: [212/350] train_loss_con: 5.561 energy_loss: -55.763
[GPU4] epochs: [213/350] train_loss_con: 5.560 energy_loss: -76.216
[GPU4] epochs: [214/350] train_loss_con: 5.562 energy_loss: -130.001
[GPU4] epochs: [215/350] train_loss_con: 5.558 energy_loss: -116.727
[GPU4] epochs: [216/350] train_loss_con: 5.564 energy_loss: -242.566
[GPU4] epochs: [217/350] train_loss_con: 5.560 energy_loss: -306.052
[GPU4] epochs: [218/350] train_loss_con: 5.560 energy_loss: -316.639
[GPU4] epochs: [219/350] train_loss_con: 5.560 energy_loss: -340.850
[GPU4] epochs: [220/350] train_loss_con: 5.560 energy_loss: -368.207
[GPU4] epochs: [221/350] train_loss_con: 5.559 energy_loss: -416.710
[GPU4] epochs: [222/350] train_loss_con: 5.556 energy_loss: -433.802
[GPU4] epochs: [223/350] train_loss_con: 5.557 energy_loss: -402.538
[GPU4] epochs: [224/350] train_loss_con: 5.558 energy_loss: -442.139
[GPU4] epochs: [225/350] train_loss_con: 5.555 energy_loss: -472.705
[GPU4] epochs: [226/350] train_loss_con: 5.558 energy_loss: -504.711
[GPU4] epochs: [227/350] train_loss_con: 5.556 energy_loss: -506.734
[GPU4] epochs: [228/350] train_loss_con: 5.556 energy_loss: -477.617
[GPU4] epochs: [229/350] train_loss_con: 5.556 energy_loss: -545.019
[GPU4] epochs: [230/350] train_loss_con: 5.555 energy_loss: -547.574
[GPU4] epochs: [231/350] train_loss_con: 5.555 energy_loss: -532.010
[GPU4] epochs: [232/350] train_loss_con: 5.554 energy_loss: -557.782
[GPU4] epochs: [233/350] train_loss_con: 5.552 energy_loss: -617.414
[GPU4] epochs: [234/350] train_loss_con: 5.554 energy_loss: -548.655
[GPU4] epochs: [235/350] train_loss_con: 5.556 energy_loss: -614.345
[GPU4] epochs: [236/350] train_loss_con: 5.551 energy_loss: -569.524
[GPU4] epochs: [237/350] train_loss_con: 5.551 energy_loss: -630.527
[GPU4] epochs: [238/350] train_loss_con: 5.554 energy_loss: -633.911
[GPU4] epochs: [239/350] train_loss_con: 5.553 energy_loss: -707.481
[GPU4] epochs: [240/350] train_loss_con: 5.550 energy_loss: -617.931
[GPU4] epochs: [241/350] train_loss_con: 5.551 energy_loss: -653.682
[GPU4] epochs: [242/350] train_loss_con: 5.552 energy_loss: -638.523
[GPU4] epochs: [243/350] train_loss_con: 5.549 energy_loss: -638.335
[GPU4] epochs: [244/350] train_loss_con: 5.550 energy_loss: -685.123
[GPU4] epochs: [245/350] train_loss_con: 5.548 energy_loss: -689.172
[GPU4] epochs: [246/350] train_loss_con: 5.546 energy_loss: -662.052
[GPU4] epochs: [247/350] train_loss_con: 5.549 energy_loss: -694.780
[GPU4] epochs: [248/350] train_loss_con: 5.551 energy_loss: -751.573
[GPU4] epochs: [249/350] train_loss_con: 5.545 energy_loss: -675.503
[GPU4] epochs: [250/350] train_loss_con: 5.547 energy_loss: -686.758
[GPU4] epochs: [251/350] train_loss_con: 5.546 energy_loss: -772.331
[GPU4] epochs: [252/350] train_loss_con: 5.548 energy_loss: -718.117
[GPU4] epochs: [253/350] train_loss_con: 5.546 energy_loss: -786.912
[GPU4] epochs: [254/350] train_loss_con: 5.546 energy_loss: -775.383
[GPU4] epochs: [255/350] train_loss_con: 5.546 energy_loss: -733.489
[GPU4] epochs: [256/350] train_loss_con: 5.545 energy_loss: -766.737
[GPU4] epochs: [257/350] train_loss_con: 5.545 energy_loss: -765.687
[GPU4] epochs: [258/350] train_loss_con: 5.544 energy_loss: -814.563
[GPU4] epochs: [259/350] train_loss_con: 5.544 energy_loss: -706.058
[GPU4] epochs: [260/350] train_loss_con: 5.544 energy_loss: -843.407
[GPU4] epochs: [261/350] train_loss_con: 5.542 energy_loss: -676.122
[GPU4] epochs: [262/350] train_loss_con: 5.542 energy_loss: -755.154
[GPU4] epochs: [263/350] train_loss_con: 5.543 energy_loss: -876.820
[GPU4] epochs: [264/350] train_loss_con: 5.546 energy_loss: -899.883
[GPU4] epochs: [265/350] train_loss_con: 5.541 energy_loss: -868.886
[GPU4] epochs: [266/350] train_loss_con: 5.541 energy_loss: -878.483
[GPU4] epochs: [267/350] train_loss_con: 5.541 energy_loss: -806.701
[GPU4] epochs: [268/350] train_loss_con: 5.541 energy_loss: -772.652
[GPU4] epochs: [269/350] train_loss_con: 5.543 energy_loss: -910.086
[GPU4] epochs: [270/350] train_loss_con: 5.541 energy_loss: -881.943
[GPU4] epochs: [271/350] train_loss_con: 5.537 energy_loss: -849.071
[GPU4] epochs: [272/350] train_loss_con: 5.539 energy_loss: -840.023
[GPU4] epochs: [273/350] train_loss_con: 5.540 energy_loss: -888.210
[GPU4] epochs: [274/350] train_loss_con: 5.539 energy_loss: -926.145
[GPU4] epochs: [275/350] train_loss_con: 5.539 energy_loss: -875.564
[GPU4] epochs: [276/350] train_loss_con: 5.540 energy_loss: -1009.628
[GPU4] epochs: [277/350] train_loss_con: 5.540 energy_loss: -861.925
[GPU4] epochs: [278/350] train_loss_con: 5.535 energy_loss: -921.015
[GPU4] epochs: [279/350] train_loss_con: 5.539 energy_loss: -897.161
[GPU4] epochs: [280/350] train_loss_con: 5.537 energy_loss: -828.869
[GPU4] epochs: [281/350] train_loss_con: 5.539 energy_loss: -1011.539
[GPU4] epochs: [282/350] train_loss_con: 5.538 energy_loss: -972.094
[GPU4] epochs: [283/350] train_loss_con: 5.537 energy_loss: -674.936
[GPU4] epochs: [284/350] train_loss_con: 5.536 energy_loss: -855.500
[GPU4] epochs: [285/350] train_loss_con: 5.536 energy_loss: -960.711
[GPU4] epochs: [286/350] train_loss_con: 5.535 energy_loss: -891.605
[GPU4] epochs: [287/350] train_loss_con: 5.534 energy_loss: -950.179
[GPU4] epochs: [288/350] train_loss_con: 5.538 energy_loss: -1056.419
[GPU4] epochs: [289/350] train_loss_con: 5.534 energy_loss: -846.776
[GPU4] epochs: [290/350] train_loss_con: 5.533 energy_loss: -867.755
[GPU4] epochs: [291/350] train_loss_con: 5.530 energy_loss: -894.169
[GPU4] epochs: [292/350] train_loss_con: 5.534 energy_loss: -1291.672
[GPU4] epochs: [293/350] train_loss_con: 5.532 energy_loss: -980.553
[GPU4] epochs: [294/350] train_loss_con: 5.532 energy_loss: -851.531
[GPU4] epochs: [295/350] train_loss_con: 5.534 energy_loss: -1089.735
[GPU4] epochs: [296/350] train_loss_con: 5.532 energy_loss: -1086.621
[GPU4] epochs: [297/350] train_loss_con: 5.531 energy_loss: -1061.849
[GPU4] epochs: [298/350] train_loss_con: 5.534 energy_loss: -932.528
[GPU4] epochs: [299/350] train_loss_con: 5.532 energy_loss: -1217.747
[GPU4] epochs: [300/350] train_loss_con: 5.530 energy_loss: -1072.170
[GPU4] epochs: [301/350] train_loss_con: 5.530 energy_loss: -922.881
[GPU4] epochs: [302/350] train_loss_con: 5.532 energy_loss: -864.689
[GPU4] epochs: [303/350] train_loss_con: 5.529 energy_loss: -988.662
[GPU4] epochs: [304/350] train_loss_con: 5.529 energy_loss: -926.931
[GPU4] epochs: [305/350] train_loss_con: 5.529 energy_loss: -1092.278
[GPU4] epochs: [306/350] train_loss_con: 5.529 energy_loss: -970.144
[GPU4] epochs: [307/350] train_loss_con: 5.527 energy_loss: -1171.918
[GPU4] epochs: [308/350] train_loss_con: 5.527 energy_loss: -1002.305
[GPU4] epochs: [309/350] train_loss_con: 5.531 energy_loss: -1049.032
[GPU4] epochs: [310/350] train_loss_con: 5.530 energy_loss: -1130.022
[GPU4] epochs: [311/350] train_loss_con: 5.526 energy_loss: -1071.212
[GPU4] epochs: [312/350] train_loss_con: 5.525 energy_loss: -897.883
[GPU4] epochs: [313/350] train_loss_con: 5.525 energy_loss: -1051.626
[GPU4] epochs: [314/350] train_loss_con: 5.528 energy_loss: -1215.368
[GPU4] epochs: [315/350] train_loss_con: 5.526 energy_loss: -1339.255
[GPU4] epochs: [316/350] train_loss_con: 5.528 energy_loss: -1154.633
[GPU4] epochs: [317/350] train_loss_con: 5.525 energy_loss: -1271.159
[GPU4] epochs: [318/350] train_loss_con: 5.525 energy_loss: -1156.397
[GPU4] epochs: [319/350] train_loss_con: 5.526 energy_loss: -1093.215
[GPU4] epochs: [320/350] train_loss_con: 5.525 energy_loss: -1033.357
[GPU4] epochs: [321/350] train_loss_con: 5.525 energy_loss: -1124.345
[GPU4] epochs: [322/350] train_loss_con: 5.525 energy_loss: -1132.344
[GPU4] epochs: [323/350] train_loss_con: 5.528 energy_loss: -1218.097
[GPU4] epochs: [324/350] train_loss_con: 5.523 energy_loss: -1023.000
[GPU4] epochs: [325/350] train_loss_con: 5.523 energy_loss: -1133.366
[GPU4] epochs: [326/350] train_loss_con: 5.523 energy_loss: -1378.707
[GPU4] epochs: [327/350] train_loss_con: 5.526 energy_loss: -1256.054
[GPU4] epochs: [328/350] train_loss_con: 5.521 energy_loss: -1318.477
[GPU4] epochs: [329/350] train_loss_con: 5.522 energy_loss: -1145.256
[GPU4] epochs: [330/350] train_loss_con: 5.522 energy_loss: -1012.551
[GPU4] epochs: [331/350] train_loss_con: 5.523 energy_loss: -1261.716
[GPU4] epochs: [332/350] train_loss_con: 5.522 energy_loss: -1036.599
[GPU4] epochs: [333/350] train_loss_con: 5.524 energy_loss: -1310.250
[GPU4] epochs: [334/350] train_loss_con: 5.520 energy_loss: -1207.570
[GPU4] epochs: [335/350] train_loss_con: 5.520 energy_loss: -955.387
[GPU4] epochs: [336/350] train_loss_con: 5.520 energy_loss: -1185.602
[GPU4] epochs: [337/350] train_loss_con: 5.521 energy_loss: -1299.862
[GPU4] epochs: [338/350] train_loss_con: 5.520 energy_loss: -1124.226
[GPU4] epochs: [339/350] train_loss_con: 5.521 energy_loss: -1286.819
[GPU4] epochs: [340/350] train_loss_con: 5.523 energy_loss: -1053.023
[GPU4] epochs: [341/350] train_loss_con: 5.518 energy_loss: -994.620
[GPU4] epochs: [342/350] train_loss_con: 5.521 energy_loss: -1145.007
[GPU4] epochs: [343/350] train_loss_con: 5.518 energy_loss: -1284.794
[GPU4] epochs: [344/350] train_loss_con: 5.518 energy_loss: -1177.157
[GPU4] epochs: [345/350] train_loss_con: 5.517 energy_loss: -1390.817
[GPU4] epochs: [346/350] train_loss_con: 5.516 energy_loss: -1089.434
[GPU4] epochs: [347/350] train_loss_con: 5.517 energy_loss: -1241.655
[GPU4] epochs: [348/350] train_loss_con: 5.519 energy_loss: -1128.932
[GPU4] epochs: [349/350] train_loss_con: 5.517 energy_loss: -1231.656
[GPU4] epochs: [350/350] train_loss_con: 5.517 energy_loss: -1262.349
### TSNE starts
### MLP training begins
[GPU4] Test Accuracy at epoch: 0: 0.469
[GPU4] epochs: [1/100] train_acc: 0.357 train_loss_sup: 2.664
[GPU4] epochs: [2/100] train_acc: 0.456 train_loss_sup: 2.000
[GPU4] epochs: [3/100] train_acc: 0.475 train_loss_sup: 1.912
[GPU4] epochs: [4/100] train_acc: 0.487 train_loss_sup: 1.866
[GPU4] epochs: [5/100] train_acc: 0.501 train_loss_sup: 1.821
[GPU4] epochs: [6/100] train_acc: 0.506 train_loss_sup: 1.791
[GPU4] epochs: [7/100] train_acc: 0.516 train_loss_sup: 1.762
[GPU4] epochs: [8/100] train_acc: 0.519 train_loss_sup: 1.745
[GPU4] epochs: [9/100] train_acc: 0.525 train_loss_sup: 1.719
[GPU4] epochs: [10/100] train_acc: 0.529 train_loss_sup: 1.704
[GPU4] Test Accuracy at epoch: 10: 0.55
[GPU4] epochs: [11/100] train_acc: 0.535 train_loss_sup: 1.687
[GPU4] epochs: [12/100] train_acc: 0.541 train_loss_sup: 1.668
[GPU4] epochs: [13/100] train_acc: 0.543 train_loss_sup: 1.652
[GPU4] epochs: [14/100] train_acc: 0.549 train_loss_sup: 1.632
[GPU4] epochs: [15/100] train_acc: 0.551 train_loss_sup: 1.617
[GPU4] epochs: [16/100] train_acc: 0.555 train_loss_sup: 1.605
[GPU4] epochs: [17/100] train_acc: 0.558 train_loss_sup: 1.592
[GPU4] epochs: [18/100] train_acc: 0.558 train_loss_sup: 1.594
[GPU4] epochs: [19/100] train_acc: 0.565 train_loss_sup: 1.569
[GPU4] epochs: [20/100] train_acc: 0.568 train_loss_sup: 1.552
[GPU4] Test Accuracy at epoch: 20: 0.574
[GPU4] epochs: [21/100] train_acc: 0.571 train_loss_sup: 1.547
[GPU4] epochs: [22/100] train_acc: 0.576 train_loss_sup: 1.531
[GPU4] epochs: [23/100] train_acc: 0.572 train_loss_sup: 1.529
[GPU4] epochs: [24/100] train_acc: 0.578 train_loss_sup: 1.517
[GPU4] epochs: [25/100] train_acc: 0.581 train_loss_sup: 1.503
[GPU4] epochs: [26/100] train_acc: 0.582 train_loss_sup: 1.498
[GPU4] epochs: [27/100] train_acc: 0.584 train_loss_sup: 1.492
[GPU4] epochs: [28/100] train_acc: 0.588 train_loss_sup: 1.471
[GPU4] epochs: [29/100] train_acc: 0.588 train_loss_sup: 1.467
[GPU4] epochs: [30/100] train_acc: 0.590 train_loss_sup: 1.463
[GPU4] Test Accuracy at epoch: 30: 0.576
[GPU4] epochs: [31/100] train_acc: 0.593 train_loss_sup: 1.450
[GPU4] epochs: [32/100] train_acc: 0.593 train_loss_sup: 1.443
[GPU4] epochs: [33/100] train_acc: 0.599 train_loss_sup: 1.427
[GPU4] epochs: [34/100] train_acc: 0.598 train_loss_sup: 1.431
[GPU4] epochs: [35/100] train_acc: 0.601 train_loss_sup: 1.420
[GPU4] epochs: [36/100] train_acc: 0.604 train_loss_sup: 1.410
[GPU4] epochs: [37/100] train_acc: 0.606 train_loss_sup: 1.400
[GPU4] epochs: [38/100] train_acc: 0.606 train_loss_sup: 1.399
[GPU4] epochs: [39/100] train_acc: 0.607 train_loss_sup: 1.392
[GPU4] epochs: [40/100] train_acc: 0.612 train_loss_sup: 1.379
[GPU4] Test Accuracy at epoch: 40: 0.59
[GPU4] epochs: [41/100] train_acc: 0.613 train_loss_sup: 1.378
[GPU4] epochs: [42/100] train_acc: 0.616 train_loss_sup: 1.365
[GPU4] epochs: [43/100] train_acc: 0.617 train_loss_sup: 1.359
[GPU4] epochs: [44/100] train_acc: 0.619 train_loss_sup: 1.349
[GPU4] epochs: [45/100] train_acc: 0.620 train_loss_sup: 1.354
[GPU4] epochs: [46/100] train_acc: 0.619 train_loss_sup: 1.343
[GPU4] epochs: [47/100] train_acc: 0.625 train_loss_sup: 1.326
[GPU4] epochs: [48/100] train_acc: 0.626 train_loss_sup: 1.327
[GPU4] epochs: [49/100] train_acc: 0.626 train_loss_sup: 1.314
[GPU4] epochs: [50/100] train_acc: 0.629 train_loss_sup: 1.314
[GPU4] Test Accuracy at epoch: 50: 0.598
[GPU4] epochs: [51/100] train_acc: 0.626 train_loss_sup: 1.318
[GPU4] epochs: [52/100] train_acc: 0.631 train_loss_sup: 1.300
[GPU4] epochs: [53/100] train_acc: 0.633 train_loss_sup: 1.292
[GPU4] epochs: [54/100] train_acc: 0.636 train_loss_sup: 1.286
[GPU4] epochs: [55/100] train_acc: 0.634 train_loss_sup: 1.290
[GPU4] epochs: [56/100] train_acc: 0.638 train_loss_sup: 1.274
[GPU4] epochs: [57/100] train_acc: 0.642 train_loss_sup: 1.268
[GPU4] epochs: [58/100] train_acc: 0.641 train_loss_sup: 1.265
[GPU4] epochs: [59/100] train_acc: 0.643 train_loss_sup: 1.253
[GPU4] epochs: [60/100] train_acc: 0.645 train_loss_sup: 1.249
[GPU4] Test Accuracy at epoch: 60: 0.607
[GPU4] epochs: [61/100] train_acc: 0.646 train_loss_sup: 1.241
[GPU4] epochs: [62/100] train_acc: 0.646 train_loss_sup: 1.246
[GPU4] epochs: [63/100] train_acc: 0.651 train_loss_sup: 1.233
[GPU4] epochs: [64/100] train_acc: 0.651 train_loss_sup: 1.231
[GPU4] epochs: [65/100] train_acc: 0.649 train_loss_sup: 1.229
[GPU4] epochs: [66/100] train_acc: 0.650 train_loss_sup: 1.221
[GPU4] epochs: [67/100] train_acc: 0.653 train_loss_sup: 1.214
[GPU4] epochs: [68/100] train_acc: 0.656 train_loss_sup: 1.205
[GPU4] epochs: [69/100] train_acc: 0.661 train_loss_sup: 1.199
[GPU4] epochs: [70/100] train_acc: 0.660 train_loss_sup: 1.193
[GPU4] Test Accuracy at epoch: 70: 0.6
[GPU4] epochs: [71/100] train_acc: 0.659 train_loss_sup: 1.195
[GPU4] epochs: [72/100] train_acc: 0.661 train_loss_sup: 1.189
[GPU4] epochs: [73/100] train_acc: 0.664 train_loss_sup: 1.183
[GPU4] epochs: [74/100] train_acc: 0.661 train_loss_sup: 1.187
[GPU4] epochs: [75/100] train_acc: 0.667 train_loss_sup: 1.168
[GPU4] epochs: [76/100] train_acc: 0.669 train_loss_sup: 1.167
[GPU4] epochs: [77/100] train_acc: 0.667 train_loss_sup: 1.167
[GPU4] epochs: [78/100] train_acc: 0.670 train_loss_sup: 1.159
[GPU4] epochs: [79/100] train_acc: 0.670 train_loss_sup: 1.159
[GPU4] epochs: [80/100] train_acc: 0.672 train_loss_sup: 1.153
[GPU4] Test Accuracy at epoch: 80: 0.604
[GPU4] epochs: [81/100] train_acc: 0.675 train_loss_sup: 1.136
[GPU4] epochs: [82/100] train_acc: 0.676 train_loss_sup: 1.141
[GPU4] epochs: [83/100] train_acc: 0.673 train_loss_sup: 1.139
[GPU4] epochs: [84/100] train_acc: 0.674 train_loss_sup: 1.138
[GPU4] epochs: [85/100] train_acc: 0.676 train_loss_sup: 1.128
[GPU4] epochs: [86/100] train_acc: 0.679 train_loss_sup: 1.124
[GPU4] epochs: [87/100] train_acc: 0.683 train_loss_sup: 1.114
[GPU4] epochs: [88/100] train_acc: 0.681 train_loss_sup: 1.116
[GPU4] epochs: [89/100] train_acc: 0.683 train_loss_sup: 1.107
[GPU4] epochs: [90/100] train_acc: 0.687 train_loss_sup: 1.096
[GPU4] Test Accuracy at epoch: 90: 0.605
[GPU4] epochs: [91/100] train_acc: 0.686 train_loss_sup: 1.100
[GPU4] epochs: [92/100] train_acc: 0.687 train_loss_sup: 1.091
[GPU4] epochs: [93/100] train_acc: 0.688 train_loss_sup: 1.096
[GPU4] epochs: [94/100] train_acc: 0.689 train_loss_sup: 1.081
[GPU4] epochs: [95/100] train_acc: 0.691 train_loss_sup: 1.087
[GPU4] epochs: [96/100] train_acc: 0.691 train_loss_sup: 1.077
[GPU4] epochs: [97/100] train_acc: 0.694 train_loss_sup: 1.068
[GPU4] epochs: [98/100] train_acc: 0.691 train_loss_sup: 1.076
[GPU4] epochs: [99/100] train_acc: 0.694 train_loss_sup: 1.072
[GPU4] epochs: [100/100] train_acc: 0.697 train_loss_sup: 1.061
[GPU4] Final Test Accuracy: 0.609
Model weights saved
