environment: 
YAML: configs/lema.c100.yaml
==> SEED: 42
==> num_classes: 100
==> data_name: cifar100
==> data_params: {'algo': 'lema', 'data_dir': 'datasets/cifar100', 'batch_size': 512, 'num_workers': 3, 'image_size': 32}
==> return_logs: False
==> eval_every: 10
==> n_epochs: 350
==> n_epochs_mlp: 100
==> gpu_id: 1
==> opt: SGD
==> opt_params: {'lr': 0.5, 'momentum': 0.9, 'nesterov': True}
==> schedular_params: {'T_max': 600, 'eta_min': 0.001}
==> mlp_opt: SGD
==> mlp_opt_params: {'lr': 0.01, 'momentum': 0.9, 'nesterov': True}
==> model_params: {'model_name': 'resnet50', 'pretrained': False, 'proj_dim': 128, 'algo_type': 'lema'}
==> energy_model_params: {'eta': 0.01, 'steps': 5}
==> energy_opt: AdamW
==> energy_model_opt_params: {'lr': 0.001}
==> mlp_type: hidden
==> loss: lema
==> loss_params: {'sim': 'cosine', 'tau': 0.5}
==> distributed: False
==> train_algo: lema
==> model_save_path: saved_models/lema.c100.r50.v2.pth
==> config: configs/lema.c100.yaml
--------------------------------------------------
===> using hiddin mlp
using optimizer: SGD
using optimizer: SGD
loss function: lema
Files already downloaded and verified
Files already downloaded and verified
Files already downloaded and verified
# of Training Images: 50000
# of Testing Images: 10000
using optimizer: AdamW
### LEMa Training begins
[GPU1] epochs: [1/350] train_loss_con: 6.594 energy_loss: 0.002
[GPU1] epochs: [2/350] train_loss_con: 6.248 energy_loss: 0.000
[GPU1] epochs: [3/350] train_loss_con: 6.139 energy_loss: 0.000
[GPU1] epochs: [4/350] train_loss_con: 6.069 energy_loss: 0.000
[GPU1] epochs: [5/350] train_loss_con: 6.016 energy_loss: 0.000
[GPU1] epochs: [6/350] train_loss_con: 5.971 energy_loss: 0.000
[GPU1] epochs: [7/350] train_loss_con: 5.931 energy_loss: -0.000
[GPU1] epochs: [8/350] train_loss_con: 5.903 energy_loss: 0.000
[GPU1] epochs: [9/350] train_loss_con: 5.876 energy_loss: 0.000
[GPU1] epochs: [10/350] train_loss_con: 5.855 energy_loss: 0.000
[GPU1] epochs: [11/350] train_loss_con: 5.841 energy_loss: 0.000
[GPU1] epochs: [12/350] train_loss_con: 5.825 energy_loss: 0.000
[GPU1] epochs: [13/350] train_loss_con: 5.814 energy_loss: 0.000
[GPU1] epochs: [14/350] train_loss_con: 5.800 energy_loss: 0.000
[GPU1] epochs: [15/350] train_loss_con: 5.790 energy_loss: -0.000
[GPU1] epochs: [16/350] train_loss_con: 5.780 energy_loss: -0.000
[GPU1] epochs: [17/350] train_loss_con: 5.774 energy_loss: -0.000
[GPU1] epochs: [18/350] train_loss_con: 5.768 energy_loss: -0.000
[GPU1] epochs: [19/350] train_loss_con: 5.762 energy_loss: -0.000
[GPU1] epochs: [20/350] train_loss_con: 5.757 energy_loss: -0.001
[GPU1] epochs: [21/350] train_loss_con: 5.750 energy_loss: -0.006
[GPU1] epochs: [22/350] train_loss_con: 5.744 energy_loss: -0.011
[GPU1] epochs: [23/350] train_loss_con: 5.740 energy_loss: -0.021
[GPU1] epochs: [24/350] train_loss_con: 5.731 energy_loss: -0.019
[GPU1] epochs: [25/350] train_loss_con: 5.730 energy_loss: -0.001
[GPU1] epochs: [26/350] train_loss_con: 5.723 energy_loss: -0.002
[GPU1] epochs: [27/350] train_loss_con: 5.724 energy_loss: -0.002
[GPU1] epochs: [28/350] train_loss_con: 5.720 energy_loss: -0.002
[GPU1] epochs: [29/350] train_loss_con: 5.711 energy_loss: -0.003
[GPU1] epochs: [30/350] train_loss_con: 5.712 energy_loss: -0.002
[GPU1] epochs: [31/350] train_loss_con: 5.710 energy_loss: -0.004
[GPU1] epochs: [32/350] train_loss_con: 5.707 energy_loss: -0.014
[GPU1] epochs: [33/350] train_loss_con: 5.702 energy_loss: -0.022
[GPU1] epochs: [34/350] train_loss_con: 5.701 energy_loss: -0.005
[GPU1] epochs: [35/350] train_loss_con: 5.697 energy_loss: -0.013
[GPU1] epochs: [36/350] train_loss_con: 5.693 energy_loss: -0.050
[GPU1] epochs: [37/350] train_loss_con: 5.693 energy_loss: -0.000
[GPU1] epochs: [38/350] train_loss_con: 5.689 energy_loss: -0.001
[GPU1] epochs: [39/350] train_loss_con: 5.686 energy_loss: -0.001
[GPU1] epochs: [40/350] train_loss_con: 5.686 energy_loss: -0.001
[GPU1] epochs: [41/350] train_loss_con: 5.684 energy_loss: -0.002
[GPU1] epochs: [42/350] train_loss_con: 5.681 energy_loss: -0.002
[GPU1] epochs: [43/350] train_loss_con: 5.675 energy_loss: -0.002
[GPU1] epochs: [44/350] train_loss_con: 5.676 energy_loss: -0.001
[GPU1] epochs: [45/350] train_loss_con: 5.676 energy_loss: -0.003
[GPU1] epochs: [46/350] train_loss_con: 5.672 energy_loss: -0.000
[GPU1] epochs: [47/350] train_loss_con: 5.670 energy_loss: -0.000
[GPU1] epochs: [48/350] train_loss_con: 5.671 energy_loss: 0.000
[GPU1] epochs: [49/350] train_loss_con: 5.669 energy_loss: -0.001
[GPU1] epochs: [50/350] train_loss_con: 5.664 energy_loss: -0.001
[GPU1] epochs: [51/350] train_loss_con: 5.662 energy_loss: -0.001
[GPU1] epochs: [52/350] train_loss_con: 5.664 energy_loss: -0.001
[GPU1] epochs: [53/350] train_loss_con: 5.661 energy_loss: -0.001
[GPU1] epochs: [54/350] train_loss_con: 5.660 energy_loss: -0.003
[GPU1] epochs: [55/350] train_loss_con: 5.655 energy_loss: -0.000
[GPU1] epochs: [56/350] train_loss_con: 5.653 energy_loss: -0.001
[GPU1] epochs: [57/350] train_loss_con: 5.654 energy_loss: -0.001
[GPU1] epochs: [58/350] train_loss_con: 5.654 energy_loss: -0.001
[GPU1] epochs: [59/350] train_loss_con: 5.650 energy_loss: -0.002
[GPU1] epochs: [60/350] train_loss_con: 5.649 energy_loss: -0.004
[GPU1] epochs: [61/350] train_loss_con: 5.648 energy_loss: -0.003
[GPU1] epochs: [62/350] train_loss_con: 5.650 energy_loss: -0.005
[GPU1] epochs: [63/350] train_loss_con: 5.646 energy_loss: -0.007
[GPU1] epochs: [64/350] train_loss_con: 5.646 energy_loss: -0.011
[GPU1] epochs: [65/350] train_loss_con: 5.644 energy_loss: -0.045
[GPU1] epochs: [66/350] train_loss_con: 5.642 energy_loss: -0.111
[GPU1] epochs: [67/350] train_loss_con: 5.639 energy_loss: -0.265
[GPU1] epochs: [68/350] train_loss_con: 5.641 energy_loss: -0.129
[GPU1] epochs: [69/350] train_loss_con: 5.639 energy_loss: -0.341
[GPU1] epochs: [70/350] train_loss_con: 5.639 energy_loss: -0.455
[GPU1] epochs: [71/350] train_loss_con: 5.635 energy_loss: -0.379
[GPU1] epochs: [72/350] train_loss_con: 5.632 energy_loss: -0.794
[GPU1] epochs: [73/350] train_loss_con: 5.636 energy_loss: -0.666
[GPU1] epochs: [74/350] train_loss_con: 5.637 energy_loss: -0.488
[GPU1] epochs: [75/350] train_loss_con: 5.634 energy_loss: -1.080
[GPU1] epochs: [76/350] train_loss_con: 5.628 energy_loss: -0.400
[GPU1] epochs: [77/350] train_loss_con: 5.631 energy_loss: -1.282
[GPU1] epochs: [78/350] train_loss_con: 5.628 energy_loss: -1.384
[GPU1] epochs: [79/350] train_loss_con: 5.626 energy_loss: -0.069
[GPU1] epochs: [80/350] train_loss_con: 5.625 energy_loss: -0.391
[GPU1] epochs: [81/350] train_loss_con: 5.622 energy_loss: -1.102
[GPU1] epochs: [82/350] train_loss_con: 5.626 energy_loss: -1.269
[GPU1] epochs: [83/350] train_loss_con: 5.625 energy_loss: -2.232
[GPU1] epochs: [84/350] train_loss_con: 5.620 energy_loss: -1.481
[GPU1] epochs: [85/350] train_loss_con: 5.620 energy_loss: -1.604
[GPU1] epochs: [86/350] train_loss_con: 5.622 energy_loss: -0.075
[GPU1] epochs: [87/350] train_loss_con: 5.620 energy_loss: -0.274
[GPU1] epochs: [88/350] train_loss_con: 5.616 energy_loss: -1.259
[GPU1] epochs: [89/350] train_loss_con: 5.617 energy_loss: -2.104
[GPU1] epochs: [90/350] train_loss_con: 5.615 energy_loss: -0.081
[GPU1] epochs: [91/350] train_loss_con: 5.614 energy_loss: -0.195
[GPU1] epochs: [92/350] train_loss_con: 5.614 energy_loss: -0.584
[GPU1] epochs: [93/350] train_loss_con: 5.612 energy_loss: -2.151
[GPU1] epochs: [94/350] train_loss_con: 5.615 energy_loss: -0.625
[GPU1] epochs: [95/350] train_loss_con: 5.612 energy_loss: -1.954
[GPU1] epochs: [96/350] train_loss_con: 5.610 energy_loss: -2.179
[GPU1] epochs: [97/350] train_loss_con: 5.611 energy_loss: -2.912
[GPU1] epochs: [98/350] train_loss_con: 5.613 energy_loss: -1.697
[GPU1] epochs: [99/350] train_loss_con: 5.609 energy_loss: -3.916
[GPU1] epochs: [100/350] train_loss_con: 5.604 energy_loss: -0.131
[GPU1] epochs: [101/350] train_loss_con: 5.607 energy_loss: -0.305
[GPU1] epochs: [102/350] train_loss_con: 5.608 energy_loss: -0.826
[GPU1] epochs: [103/350] train_loss_con: 5.607 energy_loss: -3.595
[GPU1] epochs: [104/350] train_loss_con: 5.604 energy_loss: -2.231
[GPU1] epochs: [105/350] train_loss_con: 5.602 energy_loss: -0.508
[GPU1] epochs: [106/350] train_loss_con: 5.603 energy_loss: -1.135
[GPU1] epochs: [107/350] train_loss_con: 5.600 energy_loss: -3.070
[GPU1] epochs: [108/350] train_loss_con: 5.601 energy_loss: -3.294
[GPU1] epochs: [109/350] train_loss_con: 5.598 energy_loss: -3.988
[GPU1] epochs: [110/350] train_loss_con: 5.599 energy_loss: -2.162
[GPU1] epochs: [111/350] train_loss_con: 5.598 energy_loss: -1.748
[GPU1] epochs: [112/350] train_loss_con: 5.600 energy_loss: -4.706
[GPU1] epochs: [113/350] train_loss_con: 5.593 energy_loss: -5.751
[GPU1] epochs: [114/350] train_loss_con: 5.598 energy_loss: -0.690
[GPU1] epochs: [115/350] train_loss_con: 5.595 energy_loss: -2.160
[GPU1] epochs: [116/350] train_loss_con: 5.596 energy_loss: -2.973
[GPU1] epochs: [117/350] train_loss_con: 5.593 energy_loss: -0.327
[GPU1] epochs: [118/350] train_loss_con: 5.597 energy_loss: -0.731
[GPU1] epochs: [119/350] train_loss_con: 5.594 energy_loss: -2.310
[GPU1] epochs: [120/350] train_loss_con: 5.594 energy_loss: -0.511
[GPU1] epochs: [121/350] train_loss_con: 5.594 energy_loss: -1.660
[GPU1] epochs: [122/350] train_loss_con: 5.590 energy_loss: -4.054
[GPU1] epochs: [123/350] train_loss_con: 5.588 energy_loss: -4.631
[GPU1] epochs: [124/350] train_loss_con: 5.589 energy_loss: -9.353
[GPU1] epochs: [125/350] train_loss_con: 5.588 energy_loss: -10.337
[GPU1] epochs: [126/350] train_loss_con: 5.590 energy_loss: -8.584
[GPU1] epochs: [127/350] train_loss_con: 5.587 energy_loss: -0.111
[GPU1] epochs: [128/350] train_loss_con: 5.587 energy_loss: -0.256
[GPU1] epochs: [129/350] train_loss_con: 5.588 energy_loss: -0.444
[GPU1] epochs: [130/350] train_loss_con: 5.587 energy_loss: -0.796
[GPU1] epochs: [131/350] train_loss_con: 5.585 energy_loss: -2.056
[GPU1] epochs: [132/350] train_loss_con: 5.582 energy_loss: -8.847
[GPU1] epochs: [133/350] train_loss_con: 5.585 energy_loss: -0.558
[GPU1] epochs: [134/350] train_loss_con: 5.581 energy_loss: -1.189
[GPU1] epochs: [135/350] train_loss_con: 5.583 energy_loss: -2.209
[GPU1] epochs: [136/350] train_loss_con: 5.580 energy_loss: -5.886
[GPU1] epochs: [137/350] train_loss_con: 5.581 energy_loss: -4.725
[GPU1] epochs: [138/350] train_loss_con: 5.580 energy_loss: -5.389
[GPU1] epochs: [139/350] train_loss_con: 5.578 energy_loss: -1.113
[GPU1] epochs: [140/350] train_loss_con: 5.580 energy_loss: -6.377
[GPU1] epochs: [141/350] train_loss_con: 5.582 energy_loss: -3.623
[GPU1] epochs: [142/350] train_loss_con: 5.580 energy_loss: -0.735
[GPU1] epochs: [143/350] train_loss_con: 5.579 energy_loss: -2.309
[GPU1] epochs: [144/350] train_loss_con: 5.577 energy_loss: -5.173
[GPU1] epochs: [145/350] train_loss_con: 5.577 energy_loss: -4.870
[GPU1] epochs: [146/350] train_loss_con: 5.574 energy_loss: -4.728
[GPU1] epochs: [147/350] train_loss_con: 5.578 energy_loss: -5.278
[GPU1] epochs: [148/350] train_loss_con: 5.575 energy_loss: -8.216
[GPU1] epochs: [149/350] train_loss_con: 5.573 energy_loss: -5.069
[GPU1] epochs: [150/350] train_loss_con: 5.575 energy_loss: -1.205
[GPU1] epochs: [151/350] train_loss_con: 5.573 energy_loss: -9.269
[GPU1] epochs: [152/350] train_loss_con: 5.571 energy_loss: -2.822
[GPU1] epochs: [153/350] train_loss_con: 5.573 energy_loss: -6.272
[GPU1] epochs: [154/350] train_loss_con: 5.572 energy_loss: -4.342
[GPU1] epochs: [155/350] train_loss_con: 5.572 energy_loss: -6.783
[GPU1] epochs: [156/350] train_loss_con: 5.569 energy_loss: -12.601
[GPU1] epochs: [157/350] train_loss_con: 5.569 energy_loss: -7.095
[GPU1] epochs: [158/350] train_loss_con: 5.573 energy_loss: -0.460
[GPU1] epochs: [159/350] train_loss_con: 5.570 energy_loss: -0.980
[GPU1] epochs: [160/350] train_loss_con: 5.569 energy_loss: -2.257
[GPU1] epochs: [161/350] train_loss_con: 5.570 energy_loss: -8.780
[GPU1] epochs: [162/350] train_loss_con: 5.566 energy_loss: -0.516
[GPU1] epochs: [163/350] train_loss_con: 5.569 energy_loss: -1.365
[GPU1] epochs: [164/350] train_loss_con: 5.566 energy_loss: -7.090
[GPU1] epochs: [165/350] train_loss_con: 5.565 energy_loss: -4.631
[GPU1] epochs: [166/350] train_loss_con: 5.567 energy_loss: -3.619
[GPU1] epochs: [167/350] train_loss_con: 5.565 energy_loss: -11.059
[GPU1] epochs: [168/350] train_loss_con: 5.564 energy_loss: -22.433
[GPU1] epochs: [169/350] train_loss_con: 5.568 energy_loss: -8.487
[GPU1] epochs: [170/350] train_loss_con: 5.565 energy_loss: -2.473
[GPU1] epochs: [171/350] train_loss_con: 5.564 energy_loss: -5.883
[GPU1] epochs: [172/350] train_loss_con: 5.562 energy_loss: -39.715
[GPU1] epochs: [173/350] train_loss_con: 5.563 energy_loss: -19.050
[GPU1] epochs: [174/350] train_loss_con: 5.563 energy_loss: -6.901
[GPU1] epochs: [175/350] train_loss_con: 5.561 energy_loss: -8.630
[GPU1] epochs: [176/350] train_loss_con: 5.561 energy_loss: -70.851
[GPU1] epochs: [177/350] train_loss_con: 5.560 energy_loss: -38.632
[GPU1] epochs: [178/350] train_loss_con: 5.561 energy_loss: -4.430
[GPU1] epochs: [179/350] train_loss_con: 5.558 energy_loss: -80.519
[GPU1] epochs: [180/350] train_loss_con: 5.558 energy_loss: -137.466
[GPU1] epochs: [181/350] train_loss_con: 5.559 energy_loss: -168.503
[GPU1] epochs: [182/350] train_loss_con: 5.555 energy_loss: -243.110
[GPU1] epochs: [183/350] train_loss_con: 5.556 energy_loss: -269.937
[GPU1] epochs: [184/350] train_loss_con: 5.557 energy_loss: -299.926
[GPU1] epochs: [185/350] train_loss_con: 5.555 energy_loss: -300.405
[GPU1] epochs: [186/350] train_loss_con: 5.555 energy_loss: -338.189
[GPU1] epochs: [187/350] train_loss_con: 5.559 energy_loss: -364.869
[GPU1] epochs: [188/350] train_loss_con: 5.556 energy_loss: -373.465
[GPU1] epochs: [189/350] train_loss_con: 5.557 energy_loss: -404.567
[GPU1] epochs: [190/350] train_loss_con: 5.556 energy_loss: -408.429
[GPU1] epochs: [191/350] train_loss_con: 5.553 energy_loss: -417.525
[GPU1] epochs: [192/350] train_loss_con: 5.556 energy_loss: -431.254
[GPU1] epochs: [193/350] train_loss_con: 5.551 energy_loss: -446.474
[GPU1] epochs: [194/350] train_loss_con: 5.553 energy_loss: -452.443
[GPU1] epochs: [195/350] train_loss_con: 5.552 energy_loss: -462.802
[GPU1] epochs: [196/350] train_loss_con: 5.549 energy_loss: -480.430
[GPU1] epochs: [197/350] train_loss_con: 5.551 energy_loss: -522.015
[GPU1] epochs: [198/350] train_loss_con: 5.550 energy_loss: -502.822
[GPU1] epochs: [199/350] train_loss_con: 5.553 energy_loss: -528.009
[GPU1] epochs: [200/350] train_loss_con: 5.550 energy_loss: -542.778
[GPU1] epochs: [201/350] train_loss_con: 5.550 energy_loss: -537.277
[GPU1] epochs: [202/350] train_loss_con: 5.547 energy_loss: -556.963
[GPU1] epochs: [203/350] train_loss_con: 5.547 energy_loss: -562.909
[GPU1] epochs: [204/350] train_loss_con: 5.550 energy_loss: -599.638
[GPU1] epochs: [205/350] train_loss_con: 5.550 energy_loss: -601.224
[GPU1] epochs: [206/350] train_loss_con: 5.549 energy_loss: -628.359
[GPU1] epochs: [207/350] train_loss_con: 5.547 energy_loss: -670.508
[GPU1] epochs: [208/350] train_loss_con: 5.545 energy_loss: -616.937
[GPU1] epochs: [209/350] train_loss_con: 5.547 energy_loss: -588.010
[GPU1] epochs: [210/350] train_loss_con: 5.547 energy_loss: -628.620
[GPU1] epochs: [211/350] train_loss_con: 5.543 energy_loss: -662.165
[GPU1] epochs: [212/350] train_loss_con: 5.543 energy_loss: -659.817
[GPU1] epochs: [213/350] train_loss_con: 5.544 energy_loss: -685.278
[GPU1] epochs: [214/350] train_loss_con: 5.545 energy_loss: -712.158
[GPU1] epochs: [215/350] train_loss_con: 5.544 energy_loss: -695.185
[GPU1] epochs: [216/350] train_loss_con: 5.544 energy_loss: -687.983
[GPU1] epochs: [217/350] train_loss_con: 5.544 energy_loss: -728.377
[GPU1] epochs: [218/350] train_loss_con: 5.543 energy_loss: -750.899
[GPU1] epochs: [219/350] train_loss_con: 5.541 energy_loss: -728.410
[GPU1] epochs: [220/350] train_loss_con: 5.541 energy_loss: -730.506
[GPU1] epochs: [221/350] train_loss_con: 5.538 energy_loss: -758.505
[GPU1] epochs: [222/350] train_loss_con: 5.541 energy_loss: -766.663
[GPU1] epochs: [223/350] train_loss_con: 5.540 energy_loss: -796.415
[GPU1] epochs: [224/350] train_loss_con: 5.539 energy_loss: -825.142
[GPU1] epochs: [225/350] train_loss_con: 5.539 energy_loss: -770.456
[GPU1] epochs: [226/350] train_loss_con: 5.539 energy_loss: -781.761
[GPU1] epochs: [227/350] train_loss_con: 5.540 energy_loss: -846.174
[GPU1] epochs: [228/350] train_loss_con: 5.538 energy_loss: -732.070
[GPU1] epochs: [229/350] train_loss_con: 5.539 energy_loss: -812.530
[GPU1] epochs: [230/350] train_loss_con: 5.537 energy_loss: -896.530
[GPU1] epochs: [231/350] train_loss_con: 5.537 energy_loss: -862.063
[GPU1] epochs: [232/350] train_loss_con: 5.538 energy_loss: -858.272
[GPU1] epochs: [233/350] train_loss_con: 5.537 energy_loss: -837.441
[GPU1] epochs: [234/350] train_loss_con: 5.537 energy_loss: -890.140
[GPU1] epochs: [235/350] train_loss_con: 5.537 energy_loss: -939.303
[GPU1] epochs: [236/350] train_loss_con: 5.533 energy_loss: -843.173
[GPU1] epochs: [237/350] train_loss_con: 5.534 energy_loss: -937.612
[GPU1] epochs: [238/350] train_loss_con: 5.537 energy_loss: -776.327
[GPU1] epochs: [239/350] train_loss_con: 5.532 energy_loss: -958.568
[GPU1] epochs: [240/350] train_loss_con: 5.533 energy_loss: -952.587
[GPU1] epochs: [241/350] train_loss_con: 5.533 energy_loss: -918.310
[GPU1] epochs: [242/350] train_loss_con: 5.531 energy_loss: -949.320
[GPU1] epochs: [243/350] train_loss_con: 5.533 energy_loss: -875.237
[GPU1] epochs: [244/350] train_loss_con: 5.534 energy_loss: -905.748
[GPU1] epochs: [245/350] train_loss_con: 5.533 energy_loss: -956.500
[GPU1] epochs: [246/350] train_loss_con: 5.531 energy_loss: -963.058
[GPU1] epochs: [247/350] train_loss_con: 5.530 energy_loss: -1020.332
[GPU1] epochs: [248/350] train_loss_con: 5.530 energy_loss: -1003.466
[GPU1] epochs: [249/350] train_loss_con: 5.532 energy_loss: -943.905
[GPU1] epochs: [250/350] train_loss_con: 5.530 energy_loss: -1043.209
[GPU1] epochs: [251/350] train_loss_con: 5.533 energy_loss: -1009.366
[GPU1] epochs: [252/350] train_loss_con: 5.530 energy_loss: -1015.997
[GPU1] epochs: [253/350] train_loss_con: 5.529 energy_loss: -951.946
[GPU1] epochs: [254/350] train_loss_con: 5.530 energy_loss: -1015.119
[GPU1] epochs: [255/350] train_loss_con: 5.530 energy_loss: -1032.445
[GPU1] epochs: [256/350] train_loss_con: 5.530 energy_loss: -1050.820
[GPU1] epochs: [257/350] train_loss_con: 5.523 energy_loss: -1070.221
[GPU1] epochs: [258/350] train_loss_con: 5.528 energy_loss: -1120.564
[GPU1] epochs: [259/350] train_loss_con: 5.528 energy_loss: -992.631
[GPU1] epochs: [260/350] train_loss_con: 5.528 energy_loss: -1062.105
[GPU1] epochs: [261/350] train_loss_con: 5.526 energy_loss: -1024.158
[GPU1] epochs: [262/350] train_loss_con: 5.527 energy_loss: -1116.598
[GPU1] epochs: [263/350] train_loss_con: 5.525 energy_loss: -1083.102
[GPU1] epochs: [264/350] train_loss_con: 5.522 energy_loss: -1130.685
[GPU1] epochs: [265/350] train_loss_con: 5.528 energy_loss: -1126.114
[GPU1] epochs: [266/350] train_loss_con: 5.523 energy_loss: -1031.270
[GPU1] epochs: [267/350] train_loss_con: 5.524 energy_loss: -1074.894
[GPU1] epochs: [268/350] train_loss_con: 5.525 energy_loss: -1069.974
[GPU1] epochs: [269/350] train_loss_con: 5.524 energy_loss: -1075.838
[GPU1] epochs: [270/350] train_loss_con: 5.521 energy_loss: -1174.449
[GPU1] epochs: [271/350] train_loss_con: 5.523 energy_loss: -1141.929
[GPU1] epochs: [272/350] train_loss_con: 5.521 energy_loss: -1147.575
[GPU1] epochs: [273/350] train_loss_con: 5.521 energy_loss: -1113.492
[GPU1] epochs: [274/350] train_loss_con: 5.521 energy_loss: -1163.600
[GPU1] epochs: [275/350] train_loss_con: 5.522 energy_loss: -1121.064
[GPU1] epochs: [276/350] train_loss_con: 5.521 energy_loss: -1091.303
[GPU1] epochs: [277/350] train_loss_con: 5.522 energy_loss: -1265.691
[GPU1] epochs: [278/350] train_loss_con: 5.517 energy_loss: -1231.919
[GPU1] epochs: [279/350] train_loss_con: 5.520 energy_loss: -1250.423
[GPU1] epochs: [280/350] train_loss_con: 5.518 energy_loss: -1151.525
[GPU1] epochs: [281/350] train_loss_con: 5.521 energy_loss: -1159.745
[GPU1] epochs: [282/350] train_loss_con: 5.521 energy_loss: -1175.794
[GPU1] epochs: [283/350] train_loss_con: 5.519 energy_loss: -1297.266
[GPU1] epochs: [284/350] train_loss_con: 5.519 energy_loss: -1115.680
[GPU1] epochs: [285/350] train_loss_con: 5.520 energy_loss: -1232.605
[GPU1] epochs: [286/350] train_loss_con: 5.517 energy_loss: -1230.125
[GPU1] epochs: [287/350] train_loss_con: 5.518 energy_loss: -1295.135
[GPU1] epochs: [288/350] train_loss_con: 5.520 energy_loss: -1327.019
[GPU1] epochs: [289/350] train_loss_con: 5.516 energy_loss: -1136.058
[GPU1] epochs: [290/350] train_loss_con: 5.518 energy_loss: -1215.471
[GPU1] epochs: [291/350] train_loss_con: 5.517 energy_loss: -1370.215
[GPU1] epochs: [292/350] train_loss_con: 5.515 energy_loss: -1199.486
[GPU1] epochs: [293/350] train_loss_con: 5.513 energy_loss: -1160.895
[GPU1] epochs: [294/350] train_loss_con: 5.517 energy_loss: -1265.386
[GPU1] epochs: [295/350] train_loss_con: 5.513 energy_loss: -1271.188
[GPU1] epochs: [296/350] train_loss_con: 5.515 energy_loss: -1250.876
[GPU1] epochs: [297/350] train_loss_con: 5.513 energy_loss: -1312.359
[GPU1] epochs: [298/350] train_loss_con: 5.515 energy_loss: -1251.632
[GPU1] epochs: [299/350] train_loss_con: 5.515 energy_loss: -1380.766
[GPU1] epochs: [300/350] train_loss_con: 5.513 energy_loss: -1190.434
[GPU1] epochs: [301/350] train_loss_con: 5.512 energy_loss: -1315.361
[GPU1] epochs: [302/350] train_loss_con: 5.516 energy_loss: -1279.781
[GPU1] epochs: [303/350] train_loss_con: 5.511 energy_loss: -1393.160
[GPU1] epochs: [304/350] train_loss_con: 5.509 energy_loss: -1295.599
[GPU1] epochs: [305/350] train_loss_con: 5.511 energy_loss: -1356.816
[GPU1] epochs: [306/350] train_loss_con: 5.511 energy_loss: -1309.794
[GPU1] epochs: [307/350] train_loss_con: 5.511 energy_loss: -1314.687
[GPU1] epochs: [308/350] train_loss_con: 5.512 energy_loss: -1333.249
[GPU1] epochs: [309/350] train_loss_con: 5.513 energy_loss: -1405.048
[GPU1] epochs: [310/350] train_loss_con: 5.511 energy_loss: -1443.295
[GPU1] epochs: [311/350] train_loss_con: 5.510 energy_loss: -1347.882
[GPU1] epochs: [312/350] train_loss_con: 5.510 energy_loss: -1352.730
[GPU1] epochs: [313/350] train_loss_con: 5.511 energy_loss: -1442.938
[GPU1] epochs: [314/350] train_loss_con: 5.507 energy_loss: -1345.075
[GPU1] epochs: [315/350] train_loss_con: 5.507 energy_loss: -1364.254
[GPU1] epochs: [316/350] train_loss_con: 5.509 energy_loss: -1272.059
[GPU1] epochs: [317/350] train_loss_con: 5.505 energy_loss: -1370.292
[GPU1] epochs: [318/350] train_loss_con: 5.506 energy_loss: -1264.015
[GPU1] epochs: [319/350] train_loss_con: 5.507 energy_loss: -1338.259
[GPU1] epochs: [320/350] train_loss_con: 5.508 energy_loss: -1346.072
[GPU1] epochs: [321/350] train_loss_con: 5.507 energy_loss: -1386.156
[GPU1] epochs: [322/350] train_loss_con: 5.508 energy_loss: -1378.183
[GPU1] epochs: [323/350] train_loss_con: 5.508 energy_loss: -1421.247
[GPU1] epochs: [324/350] train_loss_con: 5.506 energy_loss: -1367.762
[GPU1] epochs: [325/350] train_loss_con: 5.507 energy_loss: -1434.781
[GPU1] epochs: [326/350] train_loss_con: 5.507 energy_loss: -1371.330
[GPU1] epochs: [327/350] train_loss_con: 5.504 energy_loss: -1428.686
[GPU1] epochs: [328/350] train_loss_con: 5.504 energy_loss: -1509.209
[GPU1] epochs: [329/350] train_loss_con: 5.503 energy_loss: -1404.456
[GPU1] epochs: [330/350] train_loss_con: 5.502 energy_loss: -1526.571
[GPU1] epochs: [331/350] train_loss_con: 5.505 energy_loss: -1466.203
[GPU1] epochs: [332/350] train_loss_con: 5.505 energy_loss: -1505.918
[GPU1] epochs: [333/350] train_loss_con: 5.504 energy_loss: -1413.422
[GPU1] epochs: [334/350] train_loss_con: 5.503 energy_loss: -1471.616
[GPU1] epochs: [335/350] train_loss_con: 5.504 energy_loss: -1605.136
[GPU1] epochs: [336/350] train_loss_con: 5.500 energy_loss: -1562.799
[GPU1] epochs: [337/350] train_loss_con: 5.503 energy_loss: -1449.388
[GPU1] epochs: [338/350] train_loss_con: 5.506 energy_loss: -1490.118
[GPU1] epochs: [339/350] train_loss_con: 5.502 energy_loss: -1493.026
[GPU1] epochs: [340/350] train_loss_con: 5.503 energy_loss: -1644.772
[GPU1] epochs: [341/350] train_loss_con: 5.503 energy_loss: -1614.254
[GPU1] epochs: [342/350] train_loss_con: 5.502 energy_loss: -1571.254
[GPU1] epochs: [343/350] train_loss_con: 5.501 energy_loss: -1490.983
[GPU1] epochs: [344/350] train_loss_con: 5.502 energy_loss: -1403.004
[GPU1] epochs: [345/350] train_loss_con: 5.499 energy_loss: -1553.008
[GPU1] epochs: [346/350] train_loss_con: 5.501 energy_loss: -1571.460
[GPU1] epochs: [347/350] train_loss_con: 5.499 energy_loss: -1540.792
[GPU1] epochs: [348/350] train_loss_con: 5.500 energy_loss: -1706.638
[GPU1] epochs: [349/350] train_loss_con: 5.501 energy_loss: -1648.184
[GPU1] epochs: [350/350] train_loss_con: 5.498 energy_loss: -1635.818
### TSNE starts
### MLP training begins
[GPU1] Test Accuracy at epoch: 0: 0.491
[GPU1] epochs: [1/100] train_acc: 0.367 train_loss_sup: 2.704
[GPU1] epochs: [2/100] train_acc: 0.483 train_loss_sup: 1.899
[GPU1] epochs: [3/100] train_acc: 0.505 train_loss_sup: 1.798
[GPU1] epochs: [4/100] train_acc: 0.519 train_loss_sup: 1.747
[GPU1] epochs: [5/100] train_acc: 0.530 train_loss_sup: 1.706
[GPU1] epochs: [6/100] train_acc: 0.535 train_loss_sup: 1.683
[GPU1] epochs: [7/100] train_acc: 0.545 train_loss_sup: 1.650
[GPU1] epochs: [8/100] train_acc: 0.546 train_loss_sup: 1.641
[GPU1] epochs: [9/100] train_acc: 0.553 train_loss_sup: 1.611
[GPU1] epochs: [10/100] train_acc: 0.557 train_loss_sup: 1.602
[GPU1] Test Accuracy at epoch: 10: 0.583
[GPU1] epochs: [11/100] train_acc: 0.560 train_loss_sup: 1.585
[GPU1] epochs: [12/100] train_acc: 0.566 train_loss_sup: 1.567
[GPU1] epochs: [13/100] train_acc: 0.570 train_loss_sup: 1.551
[GPU1] epochs: [14/100] train_acc: 0.576 train_loss_sup: 1.533
[GPU1] epochs: [15/100] train_acc: 0.576 train_loss_sup: 1.523
[GPU1] epochs: [16/100] train_acc: 0.580 train_loss_sup: 1.509
[GPU1] epochs: [17/100] train_acc: 0.584 train_loss_sup: 1.496
[GPU1] epochs: [18/100] train_acc: 0.587 train_loss_sup: 1.487
[GPU1] epochs: [19/100] train_acc: 0.590 train_loss_sup: 1.471
[GPU1] epochs: [20/100] train_acc: 0.593 train_loss_sup: 1.462
[GPU1] Test Accuracy at epoch: 20: 0.601
[GPU1] epochs: [21/100] train_acc: 0.593 train_loss_sup: 1.455
[GPU1] epochs: [22/100] train_acc: 0.600 train_loss_sup: 1.443
[GPU1] epochs: [23/100] train_acc: 0.601 train_loss_sup: 1.435
[GPU1] epochs: [24/100] train_acc: 0.600 train_loss_sup: 1.430
[GPU1] epochs: [25/100] train_acc: 0.605 train_loss_sup: 1.418
[GPU1] epochs: [26/100] train_acc: 0.605 train_loss_sup: 1.416
[GPU1] epochs: [27/100] train_acc: 0.606 train_loss_sup: 1.403
[GPU1] epochs: [28/100] train_acc: 0.613 train_loss_sup: 1.383
[GPU1] epochs: [29/100] train_acc: 0.612 train_loss_sup: 1.388
[GPU1] epochs: [30/100] train_acc: 0.616 train_loss_sup: 1.369
[GPU1] Test Accuracy at epoch: 30: 0.611
[GPU1] epochs: [31/100] train_acc: 0.619 train_loss_sup: 1.368
[GPU1] epochs: [32/100] train_acc: 0.622 train_loss_sup: 1.341
[GPU1] epochs: [33/100] train_acc: 0.622 train_loss_sup: 1.352
[GPU1] epochs: [34/100] train_acc: 0.624 train_loss_sup: 1.343
[GPU1] epochs: [35/100] train_acc: 0.626 train_loss_sup: 1.335
[GPU1] epochs: [36/100] train_acc: 0.629 train_loss_sup: 1.319
[GPU1] epochs: [37/100] train_acc: 0.628 train_loss_sup: 1.321
[GPU1] epochs: [38/100] train_acc: 0.631 train_loss_sup: 1.319
[GPU1] epochs: [39/100] train_acc: 0.638 train_loss_sup: 1.299
[GPU1] epochs: [40/100] train_acc: 0.637 train_loss_sup: 1.300
[GPU1] Test Accuracy at epoch: 40: 0.617
[GPU1] epochs: [41/100] train_acc: 0.640 train_loss_sup: 1.281
[GPU1] epochs: [42/100] train_acc: 0.640 train_loss_sup: 1.276
[GPU1] epochs: [43/100] train_acc: 0.641 train_loss_sup: 1.274
[GPU1] epochs: [44/100] train_acc: 0.645 train_loss_sup: 1.263
[GPU1] epochs: [45/100] train_acc: 0.643 train_loss_sup: 1.269
[GPU1] epochs: [46/100] train_acc: 0.642 train_loss_sup: 1.261
[GPU1] epochs: [47/100] train_acc: 0.647 train_loss_sup: 1.249
[GPU1] epochs: [48/100] train_acc: 0.651 train_loss_sup: 1.237
[GPU1] epochs: [49/100] train_acc: 0.651 train_loss_sup: 1.238
[GPU1] epochs: [50/100] train_acc: 0.652 train_loss_sup: 1.231
[GPU1] Test Accuracy at epoch: 50: 0.628
[GPU1] epochs: [51/100] train_acc: 0.657 train_loss_sup: 1.221
[GPU1] epochs: [52/100] train_acc: 0.659 train_loss_sup: 1.212
[GPU1] epochs: [53/100] train_acc: 0.658 train_loss_sup: 1.221
[GPU1] epochs: [54/100] train_acc: 0.659 train_loss_sup: 1.206
[GPU1] epochs: [55/100] train_acc: 0.664 train_loss_sup: 1.195
[GPU1] epochs: [56/100] train_acc: 0.665 train_loss_sup: 1.194
[GPU1] epochs: [57/100] train_acc: 0.664 train_loss_sup: 1.184
[GPU1] epochs: [58/100] train_acc: 0.668 train_loss_sup: 1.173
[GPU1] epochs: [59/100] train_acc: 0.666 train_loss_sup: 1.177
[GPU1] epochs: [60/100] train_acc: 0.671 train_loss_sup: 1.167
[GPU1] Test Accuracy at epoch: 60: 0.63
[GPU1] epochs: [61/100] train_acc: 0.671 train_loss_sup: 1.162
[GPU1] epochs: [62/100] train_acc: 0.672 train_loss_sup: 1.157
[GPU1] epochs: [63/100] train_acc: 0.677 train_loss_sup: 1.150
[GPU1] epochs: [64/100] train_acc: 0.679 train_loss_sup: 1.139
[GPU1] epochs: [65/100] train_acc: 0.676 train_loss_sup: 1.145
[GPU1] epochs: [66/100] train_acc: 0.679 train_loss_sup: 1.133
[GPU1] epochs: [67/100] train_acc: 0.683 train_loss_sup: 1.124
[GPU1] epochs: [68/100] train_acc: 0.680 train_loss_sup: 1.122
[GPU1] epochs: [69/100] train_acc: 0.683 train_loss_sup: 1.116
[GPU1] epochs: [70/100] train_acc: 0.684 train_loss_sup: 1.114
[GPU1] Test Accuracy at epoch: 70: 0.637
[GPU1] epochs: [71/100] train_acc: 0.689 train_loss_sup: 1.103
[GPU1] epochs: [72/100] train_acc: 0.690 train_loss_sup: 1.095
[GPU1] epochs: [73/100] train_acc: 0.689 train_loss_sup: 1.104
[GPU1] epochs: [74/100] train_acc: 0.688 train_loss_sup: 1.095
[GPU1] epochs: [75/100] train_acc: 0.691 train_loss_sup: 1.089
[GPU1] epochs: [76/100] train_acc: 0.693 train_loss_sup: 1.083
[GPU1] epochs: [77/100] train_acc: 0.696 train_loss_sup: 1.072
[GPU1] epochs: [78/100] train_acc: 0.697 train_loss_sup: 1.073
[GPU1] epochs: [79/100] train_acc: 0.694 train_loss_sup: 1.070
[GPU1] epochs: [80/100] train_acc: 0.698 train_loss_sup: 1.059
[GPU1] Test Accuracy at epoch: 80: 0.635
[GPU1] epochs: [81/100] train_acc: 0.702 train_loss_sup: 1.055
[GPU1] epochs: [82/100] train_acc: 0.701 train_loss_sup: 1.051
[GPU1] epochs: [83/100] train_acc: 0.705 train_loss_sup: 1.042
[GPU1] epochs: [84/100] train_acc: 0.703 train_loss_sup: 1.040
[GPU1] epochs: [85/100] train_acc: 0.701 train_loss_sup: 1.049
[GPU1] epochs: [86/100] train_acc: 0.706 train_loss_sup: 1.031
[GPU1] epochs: [87/100] train_acc: 0.712 train_loss_sup: 1.023
[GPU1] epochs: [88/100] train_acc: 0.708 train_loss_sup: 1.034
[GPU1] epochs: [89/100] train_acc: 0.711 train_loss_sup: 1.013
[GPU1] epochs: [90/100] train_acc: 0.714 train_loss_sup: 1.008
[GPU1] Test Accuracy at epoch: 90: 0.641
[GPU1] epochs: [91/100] train_acc: 0.712 train_loss_sup: 1.017
[GPU1] epochs: [92/100] train_acc: 0.714 train_loss_sup: 1.006
[GPU1] epochs: [93/100] train_acc: 0.716 train_loss_sup: 1.001
[GPU1] epochs: [94/100] train_acc: 0.716 train_loss_sup: 1.004
[GPU1] epochs: [95/100] train_acc: 0.716 train_loss_sup: 1.002
[GPU1] epochs: [96/100] train_acc: 0.721 train_loss_sup: 0.987
[GPU1] epochs: [97/100] train_acc: 0.722 train_loss_sup: 0.979
[GPU1] epochs: [98/100] train_acc: 0.719 train_loss_sup: 0.989
[GPU1] epochs: [99/100] train_acc: 0.722 train_loss_sup: 0.980
[GPU1] epochs: [100/100] train_acc: 0.725 train_loss_sup: 0.975
[GPU1] Final Test Accuracy: 0.635
Model weights saved
