environment: 
YAML: configs/lema.c10.yaml
==> SEED: 42
==> num_classes: 10
==> data_name: cifar10
==> data_params: {'algo': 'lema', 'data_dir': 'datasets/cifar10', 'batch_size': 512, 'num_workers': 3, 'image_size': 32}
==> return_logs: False
==> eval_every: 10
==> n_epochs: 350
==> n_epochs_mlp: 100
==> gpu_id: 0
==> opt: SGD
==> opt_params: {'lr': 0.5, 'momentum': 0.9, 'nesterov': True, 'weight_decay': 0.0001}
==> schedular_params: {'T_max': 350, 'eta_min': 0.001}
==> mlp_opt: SGD
==> mlp_opt_params: {'lr': 0.1, 'momentum': 0.9, 'nesterov': True}
==> energy_model_params: {'eta': 0.01, 'steps': 5}
==> energy_opt: AdamW
==> energy_model_opt_params: {'lr': 0.001}
==> model_params: {'model_name': 'resnet18', 'pretrained': False, 'proj_dim': 128, 'algo_type': 'lema'}
==> mlp_type: linear
==> loss: lema
==> loss_params: {'sim': 'cosine', 'tau': 0.5}
==> distributed: False
==> train_algo: lema
==> model_save_path: saved_models/lema.c10.r18.v3.e350.lin0.1.pth
==> config: configs/lema.c10.yaml
--------------------------------------------------
===> using linear mlp
using optimizer: SGD
using optimizer: SGD
loss function: lema
Files already downloaded and verified
Files already downloaded and verified
Files already downloaded and verified
# of Training Images: 50000
# of Testing Images: 10000
using optimizer: AdamW
### LEMa Training begins
[GPU0] epochs: [1/350] train_loss_con: 6.348 energy_loss: -0.380
[GPU0] epochs: [2/350] train_loss_con: 6.122 energy_loss: -0.333
[GPU0] epochs: [3/350] train_loss_con: 6.034 energy_loss: -0.415
[GPU0] epochs: [4/350] train_loss_con: 5.956 energy_loss: -0.643
[GPU0] epochs: [5/350] train_loss_con: 5.911 energy_loss: -0.203
[GPU0] epochs: [6/350] train_loss_con: 5.876 energy_loss: -0.664
[GPU0] epochs: [7/350] train_loss_con: 5.851 energy_loss: -0.685
[GPU0] epochs: [8/350] train_loss_con: 5.826 energy_loss: -0.623
[GPU0] epochs: [9/350] train_loss_con: 5.814 energy_loss: -0.251
[GPU0] epochs: [10/350] train_loss_con: 5.793 energy_loss: -2.142
[GPU0] epochs: [11/350] train_loss_con: 5.782 energy_loss: -0.352
[GPU0] epochs: [12/350] train_loss_con: 5.770 energy_loss: -0.022
[GPU0] epochs: [13/350] train_loss_con: 5.762 energy_loss: -0.140
[GPU0] epochs: [14/350] train_loss_con: 5.754 energy_loss: -2.012
[GPU0] epochs: [15/350] train_loss_con: 5.747 energy_loss: -0.163
[GPU0] epochs: [16/350] train_loss_con: 5.737 energy_loss: -2.363
[GPU0] epochs: [17/350] train_loss_con: 5.734 energy_loss: -2.560
[GPU0] epochs: [18/350] train_loss_con: 5.727 energy_loss: -3.134
[GPU0] epochs: [19/350] train_loss_con: 5.723 energy_loss: -3.807
[GPU0] epochs: [20/350] train_loss_con: 5.717 energy_loss: -0.883
[GPU0] epochs: [21/350] train_loss_con: 5.715 energy_loss: -7.866
[GPU0] epochs: [22/350] train_loss_con: 5.710 energy_loss: -0.146
[GPU0] epochs: [23/350] train_loss_con: 5.707 energy_loss: -0.935
[GPU0] epochs: [24/350] train_loss_con: 5.704 energy_loss: -19.028
[GPU0] epochs: [25/350] train_loss_con: 5.703 energy_loss: -11.348
[GPU0] epochs: [26/350] train_loss_con: 5.699 energy_loss: -1.052
[GPU0] epochs: [27/350] train_loss_con: 5.697 energy_loss: -13.058
[GPU0] epochs: [28/350] train_loss_con: 5.697 energy_loss: -2.422
[GPU0] epochs: [29/350] train_loss_con: 5.692 energy_loss: -22.752
[GPU0] epochs: [30/350] train_loss_con: 5.691 energy_loss: -29.876
[GPU0] epochs: [31/350] train_loss_con: 5.689 energy_loss: -228.016
[GPU0] epochs: [32/350] train_loss_con: 5.687 energy_loss: -317.637
[GPU0] epochs: [33/350] train_loss_con: 5.685 energy_loss: -355.387
[GPU0] epochs: [34/350] train_loss_con: 5.682 energy_loss: -385.870
[GPU0] epochs: [35/350] train_loss_con: 5.683 energy_loss: -413.074
[GPU0] epochs: [36/350] train_loss_con: 5.676 energy_loss: -438.793
[GPU0] epochs: [37/350] train_loss_con: 5.678 energy_loss: -464.365
[GPU0] epochs: [38/350] train_loss_con: 5.674 energy_loss: -489.820
[GPU0] epochs: [39/350] train_loss_con: 5.674 energy_loss: -514.278
[GPU0] epochs: [40/350] train_loss_con: 5.674 energy_loss: -537.843
[GPU0] epochs: [41/350] train_loss_con: 5.670 energy_loss: -561.340
[GPU0] epochs: [42/350] train_loss_con: 5.671 energy_loss: -583.923
[GPU0] epochs: [43/350] train_loss_con: 5.672 energy_loss: -604.058
[GPU0] epochs: [44/350] train_loss_con: 5.666 energy_loss: -621.968
[GPU0] epochs: [45/350] train_loss_con: 5.664 energy_loss: -638.248
[GPU0] epochs: [46/350] train_loss_con: 5.667 energy_loss: -653.315
[GPU0] epochs: [47/350] train_loss_con: 5.666 energy_loss: -667.559
[GPU0] epochs: [48/350] train_loss_con: 5.660 energy_loss: -681.372
[GPU0] epochs: [49/350] train_loss_con: 5.660 energy_loss: -694.969
[GPU0] epochs: [50/350] train_loss_con: 5.659 energy_loss: -708.364
[GPU0] epochs: [51/350] train_loss_con: 5.655 energy_loss: -721.347
[GPU0] epochs: [52/350] train_loss_con: 5.658 energy_loss: -733.753
[GPU0] epochs: [53/350] train_loss_con: 5.661 energy_loss: -745.561
[GPU0] epochs: [54/350] train_loss_con: 5.654 energy_loss: -756.832
[GPU0] epochs: [55/350] train_loss_con: 5.656 energy_loss: -767.693
[GPU0] epochs: [56/350] train_loss_con: 5.654 energy_loss: -778.217
[GPU0] epochs: [57/350] train_loss_con: 5.655 energy_loss: -788.456
[GPU0] epochs: [58/350] train_loss_con: 5.652 energy_loss: -798.453
[GPU0] epochs: [59/350] train_loss_con: 5.651 energy_loss: -808.260
[GPU0] epochs: [60/350] train_loss_con: 5.649 energy_loss: -817.902
[GPU0] epochs: [61/350] train_loss_con: 5.648 energy_loss: -827.376
[GPU0] epochs: [62/350] train_loss_con: 5.648 energy_loss: -836.721
[GPU0] epochs: [63/350] train_loss_con: 5.650 energy_loss: -845.952
[GPU0] epochs: [64/350] train_loss_con: 5.646 energy_loss: -855.080
[GPU0] epochs: [65/350] train_loss_con: 5.644 energy_loss: -864.108
[GPU0] epochs: [66/350] train_loss_con: 5.646 energy_loss: -873.061
[GPU0] epochs: [67/350] train_loss_con: 5.643 energy_loss: -881.937
[GPU0] epochs: [68/350] train_loss_con: 5.645 energy_loss: -890.746
[GPU0] epochs: [69/350] train_loss_con: 5.643 energy_loss: -899.491
[GPU0] epochs: [70/350] train_loss_con: 5.641 energy_loss: -908.185
[GPU0] epochs: [71/350] train_loss_con: 5.641 energy_loss: -916.831
[GPU0] epochs: [72/350] train_loss_con: 5.640 energy_loss: -925.436
[GPU0] epochs: [73/350] train_loss_con: 5.641 energy_loss: -933.988
[GPU0] epochs: [74/350] train_loss_con: 5.641 energy_loss: -942.510
[GPU0] epochs: [75/350] train_loss_con: 5.639 energy_loss: -951.009
[GPU0] epochs: [76/350] train_loss_con: 5.641 energy_loss: -959.464
[GPU0] epochs: [77/350] train_loss_con: 5.637 energy_loss: -967.890
[GPU0] epochs: [78/350] train_loss_con: 5.634 energy_loss: -976.291
[GPU0] epochs: [79/350] train_loss_con: 5.639 energy_loss: -984.670
[GPU0] epochs: [80/350] train_loss_con: 5.635 energy_loss: -993.016
[GPU0] epochs: [81/350] train_loss_con: 5.634 energy_loss: -1001.339
[GPU0] epochs: [82/350] train_loss_con: 5.636 energy_loss: -1009.645
[GPU0] epochs: [83/350] train_loss_con: 5.634 energy_loss: -1017.933
[GPU0] epochs: [84/350] train_loss_con: 5.633 energy_loss: -1026.200
[GPU0] epochs: [85/350] train_loss_con: 5.633 energy_loss: -1034.448
[GPU0] epochs: [86/350] train_loss_con: 5.631 energy_loss: -1042.678
[GPU0] epochs: [87/350] train_loss_con: 5.632 energy_loss: -1050.894
[GPU0] epochs: [88/350] train_loss_con: 5.631 energy_loss: -1059.097
[GPU0] epochs: [89/350] train_loss_con: 5.626 energy_loss: -1067.276
[GPU0] epochs: [90/350] train_loss_con: 5.629 energy_loss: -1075.449
[GPU0] epochs: [91/350] train_loss_con: 5.630 energy_loss: -1083.611
[GPU0] epochs: [92/350] train_loss_con: 5.626 energy_loss: -1091.755
[GPU0] epochs: [93/350] train_loss_con: 5.630 energy_loss: -1099.890
[GPU0] epochs: [94/350] train_loss_con: 5.625 energy_loss: -1108.008
[GPU0] epochs: [95/350] train_loss_con: 5.627 energy_loss: -1116.119
[GPU0] epochs: [96/350] train_loss_con: 5.624 energy_loss: -1124.218
[GPU0] epochs: [97/350] train_loss_con: 5.628 energy_loss: -1132.301
[GPU0] epochs: [98/350] train_loss_con: 5.625 energy_loss: -1140.379
[GPU0] epochs: [99/350] train_loss_con: 5.622 energy_loss: -1148.446
[GPU0] epochs: [100/350] train_loss_con: 5.620 energy_loss: -1156.502
[GPU0] epochs: [101/350] train_loss_con: 5.625 energy_loss: -1164.547
[GPU0] epochs: [102/350] train_loss_con: 5.620 energy_loss: -1172.581
[GPU0] epochs: [103/350] train_loss_con: 5.622 energy_loss: -1180.606
[GPU0] epochs: [104/350] train_loss_con: 5.621 energy_loss: -1188.624
[GPU0] epochs: [105/350] train_loss_con: 5.621 energy_loss: -1196.627
[GPU0] epochs: [106/350] train_loss_con: 5.622 energy_loss: -1204.626
[GPU0] epochs: [107/350] train_loss_con: 5.621 energy_loss: -1212.615
[GPU0] epochs: [108/350] train_loss_con: 5.620 energy_loss: -1220.594
[GPU0] epochs: [109/350] train_loss_con: 5.620 energy_loss: -1228.562
[GPU0] epochs: [110/350] train_loss_con: 5.619 energy_loss: -1236.528
[GPU0] epochs: [111/350] train_loss_con: 5.617 energy_loss: -1244.485
[GPU0] epochs: [112/350] train_loss_con: 5.616 energy_loss: -1252.429
[GPU0] epochs: [113/350] train_loss_con: 5.615 energy_loss: -1260.355
[GPU0] epochs: [114/350] train_loss_con: 5.616 energy_loss: -1268.284
[GPU0] epochs: [115/350] train_loss_con: 5.614 energy_loss: -1276.201
[GPU0] epochs: [116/350] train_loss_con: 5.613 energy_loss: -1284.106
[GPU0] epochs: [117/350] train_loss_con: 5.618 energy_loss: -1292.011
[GPU0] epochs: [118/350] train_loss_con: 5.609 energy_loss: -1299.901
[GPU0] epochs: [119/350] train_loss_con: 5.618 energy_loss: -1307.784
[GPU0] epochs: [120/350] train_loss_con: 5.611 energy_loss: -1315.662
[GPU0] epochs: [121/350] train_loss_con: 5.612 energy_loss: -1323.531
[GPU0] epochs: [122/350] train_loss_con: 5.610 energy_loss: -1331.394
[GPU0] epochs: [123/350] train_loss_con: 5.614 energy_loss: -1339.246
[GPU0] epochs: [124/350] train_loss_con: 5.611 energy_loss: -1347.093
[GPU0] epochs: [125/350] train_loss_con: 5.606 energy_loss: -1354.929
[GPU0] epochs: [126/350] train_loss_con: 5.607 energy_loss: -1362.759
[GPU0] epochs: [127/350] train_loss_con: 5.611 energy_loss: -1370.583
[GPU0] epochs: [128/350] train_loss_con: 5.608 energy_loss: -1378.398
[GPU0] epochs: [129/350] train_loss_con: 5.610 energy_loss: -1386.201
[GPU0] epochs: [130/350] train_loss_con: 5.607 energy_loss: -1394.003
[GPU0] epochs: [131/350] train_loss_con: 5.606 energy_loss: -1401.796
[GPU0] epochs: [132/350] train_loss_con: 5.605 energy_loss: -1409.576
[GPU0] epochs: [133/350] train_loss_con: 5.609 energy_loss: -1417.345
[GPU0] epochs: [134/350] train_loss_con: 5.606 energy_loss: -1425.114
[GPU0] epochs: [135/350] train_loss_con: 5.605 energy_loss: -1432.869
[GPU0] epochs: [136/350] train_loss_con: 5.603 energy_loss: -1440.618
[GPU0] epochs: [137/350] train_loss_con: 5.605 energy_loss: -1448.359
[GPU0] epochs: [138/350] train_loss_con: 5.602 energy_loss: -1456.096
[GPU0] epochs: [139/350] train_loss_con: 5.602 energy_loss: -1463.817
[GPU0] epochs: [140/350] train_loss_con: 5.602 energy_loss: -1471.542
[GPU0] epochs: [141/350] train_loss_con: 5.601 energy_loss: -1479.255
[GPU0] epochs: [142/350] train_loss_con: 5.601 energy_loss: -1486.968
[GPU0] epochs: [143/350] train_loss_con: 5.600 energy_loss: -1494.666
[GPU0] epochs: [144/350] train_loss_con: 5.599 energy_loss: -1502.359
[GPU0] epochs: [145/350] train_loss_con: 5.604 energy_loss: -1510.042
[GPU0] epochs: [146/350] train_loss_con: 5.597 energy_loss: -1517.717
[GPU0] epochs: [147/350] train_loss_con: 5.597 energy_loss: -1525.393
[GPU0] epochs: [148/350] train_loss_con: 5.597 energy_loss: -1533.054
[GPU0] epochs: [149/350] train_loss_con: 5.595 energy_loss: -1540.710
[GPU0] epochs: [150/350] train_loss_con: 5.596 energy_loss: -1548.353
[GPU0] epochs: [151/350] train_loss_con: 5.595 energy_loss: -1555.998
[GPU0] epochs: [152/350] train_loss_con: 5.597 energy_loss: -1563.629
[GPU0] epochs: [153/350] train_loss_con: 5.594 energy_loss: -1571.255
[GPU0] epochs: [154/350] train_loss_con: 5.594 energy_loss: -1578.871
[GPU0] epochs: [155/350] train_loss_con: 5.591 energy_loss: -1586.481
[GPU0] epochs: [156/350] train_loss_con: 5.593 energy_loss: -1594.086
[GPU0] epochs: [157/350] train_loss_con: 5.592 energy_loss: -1601.678
[GPU0] epochs: [158/350] train_loss_con: 5.588 energy_loss: -1609.266
[GPU0] epochs: [159/350] train_loss_con: 5.585 energy_loss: -1616.847
[GPU0] epochs: [160/350] train_loss_con: 5.590 energy_loss: -1624.419
[GPU0] epochs: [161/350] train_loss_con: 5.589 energy_loss: -1631.987
[GPU0] epochs: [162/350] train_loss_con: 5.588 energy_loss: -1639.542
[GPU0] epochs: [163/350] train_loss_con: 5.588 energy_loss: -1647.089
[GPU0] epochs: [164/350] train_loss_con: 5.588 energy_loss: -1654.637
[GPU0] epochs: [165/350] train_loss_con: 5.589 energy_loss: -1662.172
[GPU0] epochs: [166/350] train_loss_con: 5.588 energy_loss: -1669.702
[GPU0] epochs: [167/350] train_loss_con: 5.589 energy_loss: -1677.221
[GPU0] epochs: [168/350] train_loss_con: 5.587 energy_loss: -1684.675
[GPU0] epochs: [169/350] train_loss_con: 5.588 energy_loss: -1692.040
[GPU0] epochs: [170/350] train_loss_con: 5.587 energy_loss: -1699.729
[GPU0] epochs: [171/350] train_loss_con: 5.585 energy_loss: -1707.225
[GPU0] epochs: [172/350] train_loss_con: 5.582 energy_loss: -1714.711
[GPU0] epochs: [173/350] train_loss_con: 5.578 energy_loss: -1722.188
[GPU0] epochs: [174/350] train_loss_con: 5.584 energy_loss: -1729.658
[GPU0] epochs: [175/350] train_loss_con: 5.581 energy_loss: -1737.121
[GPU0] epochs: [176/350] train_loss_con: 5.582 energy_loss: -1744.576
[GPU0] epochs: [177/350] train_loss_con: 5.578 energy_loss: -1752.024
[GPU0] epochs: [178/350] train_loss_con: 5.580 energy_loss: -1759.465
[GPU0] epochs: [179/350] train_loss_con: 5.584 energy_loss: -1766.897
[GPU0] epochs: [180/350] train_loss_con: 5.579 energy_loss: -1774.324
[GPU0] epochs: [181/350] train_loss_con: 5.575 energy_loss: -1781.741
[GPU0] epochs: [182/350] train_loss_con: 5.581 energy_loss: -1789.153
[GPU0] epochs: [183/350] train_loss_con: 5.572 energy_loss: -1796.557
[GPU0] epochs: [184/350] train_loss_con: 5.575 energy_loss: -1803.953
[GPU0] epochs: [185/350] train_loss_con: 5.575 energy_loss: -1811.343
[GPU0] epochs: [186/350] train_loss_con: 5.574 energy_loss: -1818.723
[GPU0] epochs: [187/350] train_loss_con: 5.575 energy_loss: -1826.100
[GPU0] epochs: [188/350] train_loss_con: 5.572 energy_loss: -1833.467
[GPU0] epochs: [189/350] train_loss_con: 5.573 energy_loss: -1840.825
[GPU0] epochs: [190/350] train_loss_con: 5.572 energy_loss: -1848.180
[GPU0] epochs: [191/350] train_loss_con: 5.570 energy_loss: -1855.526
[GPU0] epochs: [192/350] train_loss_con: 5.571 energy_loss: -1862.866
[GPU0] epochs: [193/350] train_loss_con: 5.572 energy_loss: -1870.197
[GPU0] epochs: [194/350] train_loss_con: 5.569 energy_loss: -1877.517
[GPU0] epochs: [195/350] train_loss_con: 5.569 energy_loss: -1884.839
[GPU0] epochs: [196/350] train_loss_con: 5.567 energy_loss: -1892.148
[GPU0] epochs: [197/350] train_loss_con: 5.571 energy_loss: -1899.450
[GPU0] epochs: [198/350] train_loss_con: 5.567 energy_loss: -1906.746
[GPU0] epochs: [199/350] train_loss_con: 5.566 energy_loss: -1914.033
[GPU0] epochs: [200/350] train_loss_con: 5.566 energy_loss: -1921.317
[GPU0] epochs: [201/350] train_loss_con: 5.565 energy_loss: -1928.591
[GPU0] epochs: [202/350] train_loss_con: 5.568 energy_loss: -1935.858
[GPU0] epochs: [203/350] train_loss_con: 5.565 energy_loss: -1943.118
[GPU0] epochs: [204/350] train_loss_con: 5.561 energy_loss: -1950.371
[GPU0] epochs: [205/350] train_loss_con: 5.562 energy_loss: -1957.618
[GPU0] epochs: [206/350] train_loss_con: 5.561 energy_loss: -1964.857
[GPU0] epochs: [207/350] train_loss_con: 5.561 energy_loss: -1972.088
[GPU0] epochs: [208/350] train_loss_con: 5.558 energy_loss: -1979.313
[GPU0] epochs: [209/350] train_loss_con: 5.558 energy_loss: -1986.530
[GPU0] epochs: [210/350] train_loss_con: 5.557 energy_loss: -1993.740
[GPU0] epochs: [211/350] train_loss_con: 5.557 energy_loss: -2000.945
[GPU0] epochs: [212/350] train_loss_con: 5.557 energy_loss: -2008.142
[GPU0] epochs: [213/350] train_loss_con: 5.557 energy_loss: -2015.330
[GPU0] epochs: [214/350] train_loss_con: 5.555 energy_loss: -2022.511
[GPU0] epochs: [215/350] train_loss_con: 5.551 energy_loss: -2029.687
[GPU0] epochs: [216/350] train_loss_con: 5.556 energy_loss: -2036.856
[GPU0] epochs: [217/350] train_loss_con: 5.555 energy_loss: -2044.015
[GPU0] epochs: [218/350] train_loss_con: 5.552 energy_loss: -2051.172
[GPU0] epochs: [219/350] train_loss_con: 5.555 energy_loss: -2058.318
[GPU0] epochs: [220/350] train_loss_con: 5.551 energy_loss: -2065.458
[GPU0] epochs: [221/350] train_loss_con: 5.549 energy_loss: -2072.592
[GPU0] epochs: [222/350] train_loss_con: 5.552 energy_loss: -2079.717
[GPU0] epochs: [223/350] train_loss_con: 5.547 energy_loss: -2086.836
[GPU0] epochs: [224/350] train_loss_con: 5.546 energy_loss: -2093.949
[GPU0] epochs: [225/350] train_loss_con: 5.548 energy_loss: -2101.054
[GPU0] epochs: [226/350] train_loss_con: 5.543 energy_loss: -2108.152
[GPU0] epochs: [227/350] train_loss_con: 5.545 energy_loss: -2115.244
[GPU0] epochs: [228/350] train_loss_con: 5.548 energy_loss: -2122.327
[GPU0] epochs: [229/350] train_loss_con: 5.544 energy_loss: -2129.405
[GPU0] epochs: [230/350] train_loss_con: 5.544 energy_loss: -2136.475
[GPU0] epochs: [231/350] train_loss_con: 5.541 energy_loss: -2143.533
[GPU0] epochs: [232/350] train_loss_con: 5.542 energy_loss: -2150.595
[GPU0] epochs: [233/350] train_loss_con: 5.543 energy_loss: -2157.646
[GPU0] epochs: [234/350] train_loss_con: 5.540 energy_loss: -2164.687
[GPU0] epochs: [235/350] train_loss_con: 5.542 energy_loss: -2171.723
[GPU0] epochs: [236/350] train_loss_con: 5.540 energy_loss: -2178.752
[GPU0] epochs: [237/350] train_loss_con: 5.542 energy_loss: -2185.774
[GPU0] epochs: [238/350] train_loss_con: 5.542 energy_loss: -2192.790
[GPU0] epochs: [239/350] train_loss_con: 5.535 energy_loss: -2199.797
[GPU0] epochs: [240/350] train_loss_con: 5.535 energy_loss: -2206.799
[GPU0] epochs: [241/350] train_loss_con: 5.534 energy_loss: -2213.794
[GPU0] epochs: [242/350] train_loss_con: 5.535 energy_loss: -2220.780
[GPU0] epochs: [243/350] train_loss_con: 5.533 energy_loss: -2227.763
[GPU0] epochs: [244/350] train_loss_con: 5.531 energy_loss: -2234.736
[GPU0] epochs: [245/350] train_loss_con: 5.529 energy_loss: -2241.703
[GPU0] epochs: [246/350] train_loss_con: 5.531 energy_loss: -2248.664
[GPU0] epochs: [247/350] train_loss_con: 5.532 energy_loss: -2255.616
[GPU0] epochs: [248/350] train_loss_con: 5.528 energy_loss: -2262.564
[GPU0] epochs: [249/350] train_loss_con: 5.530 energy_loss: -2269.503
[GPU0] epochs: [250/350] train_loss_con: 5.527 energy_loss: -2276.436
[GPU0] epochs: [251/350] train_loss_con: 5.527 energy_loss: -2283.363
[GPU0] epochs: [252/350] train_loss_con: 5.527 energy_loss: -2290.282
[GPU0] epochs: [253/350] train_loss_con: 5.526 energy_loss: -2297.196
[GPU0] epochs: [254/350] train_loss_con: 5.526 energy_loss: -2304.101
[GPU0] epochs: [255/350] train_loss_con: 5.526 energy_loss: -2310.998
[GPU0] epochs: [256/350] train_loss_con: 5.520 energy_loss: -2317.893
[GPU0] epochs: [257/350] train_loss_con: 5.521 energy_loss: -2324.777
[GPU0] epochs: [258/350] train_loss_con: 5.521 energy_loss: -2331.657
[GPU0] epochs: [259/350] train_loss_con: 5.520 energy_loss: -2338.529
[GPU0] epochs: [260/350] train_loss_con: 5.517 energy_loss: -2345.393
[GPU0] epochs: [261/350] train_loss_con: 5.517 energy_loss: -2352.254
[GPU0] epochs: [262/350] train_loss_con: 5.517 energy_loss: -2359.103
[GPU0] epochs: [263/350] train_loss_con: 5.514 energy_loss: -2365.950
[GPU0] epochs: [264/350] train_loss_con: 5.514 energy_loss: -2372.788
[GPU0] epochs: [265/350] train_loss_con: 5.512 energy_loss: -2379.619
[GPU0] epochs: [266/350] train_loss_con: 5.513 energy_loss: -2386.445
[GPU0] epochs: [267/350] train_loss_con: 5.514 energy_loss: -2393.263
[GPU0] epochs: [268/350] train_loss_con: 5.511 energy_loss: -2400.074
[GPU0] epochs: [269/350] train_loss_con: 5.510 energy_loss: -2406.881
[GPU0] epochs: [270/350] train_loss_con: 5.511 energy_loss: -2413.677
[GPU0] epochs: [271/350] train_loss_con: 5.506 energy_loss: -2420.470
[GPU0] epochs: [272/350] train_loss_con: 5.507 energy_loss: -2427.255
[GPU0] epochs: [273/350] train_loss_con: 5.504 energy_loss: -2434.032
[GPU0] epochs: [274/350] train_loss_con: 5.508 energy_loss: -2440.805
[GPU0] epochs: [275/350] train_loss_con: 5.505 energy_loss: -2447.569
[GPU0] epochs: [276/350] train_loss_con: 5.503 energy_loss: -2454.327
[GPU0] epochs: [277/350] train_loss_con: 5.503 energy_loss: -2461.080
[GPU0] epochs: [278/350] train_loss_con: 5.499 energy_loss: -2467.822
[GPU0] epochs: [279/350] train_loss_con: 5.498 energy_loss: -2474.563
[GPU0] epochs: [280/350] train_loss_con: 5.501 energy_loss: -2481.294
[GPU0] epochs: [281/350] train_loss_con: 5.501 energy_loss: -2488.017
[GPU0] epochs: [282/350] train_loss_con: 5.501 energy_loss: -2494.738
[GPU0] epochs: [283/350] train_loss_con: 5.495 energy_loss: -2501.446
[GPU0] epochs: [284/350] train_loss_con: 5.498 energy_loss: -2508.149
[GPU0] epochs: [285/350] train_loss_con: 5.494 energy_loss: -2514.842
[GPU0] epochs: [286/350] train_loss_con: 5.494 energy_loss: -2521.523
[GPU0] epochs: [287/350] train_loss_con: 5.495 energy_loss: -2528.202
[GPU0] epochs: [288/350] train_loss_con: 5.491 energy_loss: -2534.873
[GPU0] epochs: [289/350] train_loss_con: 5.493 energy_loss: -2541.536
[GPU0] epochs: [290/350] train_loss_con: 5.491 energy_loss: -2548.196
[GPU0] epochs: [291/350] train_loss_con: 5.490 energy_loss: -2554.845
[GPU0] epochs: [292/350] train_loss_con: 5.490 energy_loss: -2561.490
[GPU0] epochs: [293/350] train_loss_con: 5.489 energy_loss: -2568.129
[GPU0] epochs: [294/350] train_loss_con: 5.487 energy_loss: -2574.758
[GPU0] epochs: [295/350] train_loss_con: 5.488 energy_loss: -2581.385
[GPU0] epochs: [296/350] train_loss_con: 5.485 energy_loss: -2588.004
[GPU0] epochs: [297/350] train_loss_con: 5.484 energy_loss: -2594.614
[GPU0] epochs: [298/350] train_loss_con: 5.484 energy_loss: -2601.222
[GPU0] epochs: [299/350] train_loss_con: 5.483 energy_loss: -2607.819
[GPU0] epochs: [300/350] train_loss_con: 5.483 energy_loss: -2614.412
[GPU0] epochs: [301/350] train_loss_con: 5.479 energy_loss: -2621.000
[GPU0] epochs: [302/350] train_loss_con: 5.480 energy_loss: -2627.576
[GPU0] epochs: [303/350] train_loss_con: 5.480 energy_loss: -2634.152
[GPU0] epochs: [304/350] train_loss_con: 5.478 energy_loss: -2640.719
[GPU0] epochs: [305/350] train_loss_con: 5.478 energy_loss: -2647.277
[GPU0] epochs: [306/350] train_loss_con: 5.476 energy_loss: -2653.834
[GPU0] epochs: [307/350] train_loss_con: 5.477 energy_loss: -2660.380
[GPU0] epochs: [308/350] train_loss_con: 5.475 energy_loss: -2666.920
[GPU0] epochs: [309/350] train_loss_con: 5.473 energy_loss: -2673.457
[GPU0] epochs: [310/350] train_loss_con: 5.474 energy_loss: -2679.983
[GPU0] epochs: [311/350] train_loss_con: 5.472 energy_loss: -2686.505
[GPU0] epochs: [312/350] train_loss_con: 5.471 energy_loss: -2693.022
[GPU0] epochs: [313/350] train_loss_con: 5.469 energy_loss: -2699.529
[GPU0] epochs: [314/350] train_loss_con: 5.470 energy_loss: -2706.033
[GPU0] epochs: [315/350] train_loss_con: 5.467 energy_loss: -2712.530
[GPU0] epochs: [316/350] train_loss_con: 5.469 energy_loss: -2719.017
[GPU0] epochs: [317/350] train_loss_con: 5.468 energy_loss: -2725.503
[GPU0] epochs: [318/350] train_loss_con: 5.467 energy_loss: -2731.979
[GPU0] epochs: [319/350] train_loss_con: 5.467 energy_loss: -2738.449
[GPU0] epochs: [320/350] train_loss_con: 5.463 energy_loss: -2744.916
[GPU0] epochs: [321/350] train_loss_con: 5.463 energy_loss: -2751.372
[GPU0] epochs: [322/350] train_loss_con: 5.464 energy_loss: -2757.824
[GPU0] epochs: [323/350] train_loss_con: 5.463 energy_loss: -2764.272
[GPU0] epochs: [324/350] train_loss_con: 5.461 energy_loss: -2770.708
[GPU0] epochs: [325/350] train_loss_con: 5.465 energy_loss: -2777.143
[GPU0] epochs: [326/350] train_loss_con: 5.462 energy_loss: -2783.569
[GPU0] epochs: [327/350] train_loss_con: 5.462 energy_loss: -2789.987
[GPU0] epochs: [328/350] train_loss_con: 5.464 energy_loss: -2796.404
[GPU0] epochs: [329/350] train_loss_con: 5.459 energy_loss: -2802.810
[GPU0] epochs: [330/350] train_loss_con: 5.460 energy_loss: -2809.210
[GPU0] epochs: [331/350] train_loss_con: 5.457 energy_loss: -2815.609
[GPU0] epochs: [332/350] train_loss_con: 5.455 energy_loss: -2821.995
[GPU0] epochs: [333/350] train_loss_con: 5.459 energy_loss: -2828.377
[GPU0] epochs: [334/350] train_loss_con: 5.456 energy_loss: -2834.756
[GPU0] epochs: [335/350] train_loss_con: 5.456 energy_loss: -2841.123
[GPU0] epochs: [336/350] train_loss_con: 5.456 energy_loss: -2847.488
[GPU0] epochs: [337/350] train_loss_con: 5.456 energy_loss: -2853.847
[GPU0] epochs: [338/350] train_loss_con: 5.457 energy_loss: -2860.195
[GPU0] epochs: [339/350] train_loss_con: 5.456 energy_loss: -2866.543
[GPU0] epochs: [340/350] train_loss_con: 5.456 energy_loss: -2872.882
[GPU0] epochs: [341/350] train_loss_con: 5.455 energy_loss: -2879.212
[GPU0] epochs: [342/350] train_loss_con: 5.454 energy_loss: -2885.542
[GPU0] epochs: [343/350] train_loss_con: 5.455 energy_loss: -2891.860
[GPU0] epochs: [344/350] train_loss_con: 5.454 energy_loss: -2898.173
[GPU0] epochs: [345/350] train_loss_con: 5.452 energy_loss: -2904.484
[GPU0] epochs: [346/350] train_loss_con: 5.453 energy_loss: -2910.782
[GPU0] epochs: [347/350] train_loss_con: 5.455 energy_loss: -2917.078
[GPU0] epochs: [348/350] train_loss_con: 5.452 energy_loss: -2923.371
[GPU0] epochs: [349/350] train_loss_con: 5.454 energy_loss: -2929.650
[GPU0] epochs: [350/350] train_loss_con: 5.454 energy_loss: -2935.928
### TSNE starts
### MLP training begins
[GPU0] Test Accuracy at epoch: 0: 0.851
[GPU0] epochs: [1/100] train_acc: 0.740 train_loss_sup: 1.958
[GPU0] epochs: [2/100] train_acc: 0.829 train_loss_sup: 1.372
[GPU0] epochs: [3/100] train_acc: 0.831 train_loss_sup: 1.068
[GPU0] epochs: [4/100] train_acc: 0.834 train_loss_sup: 0.906
[GPU0] epochs: [5/100] train_acc: 0.837 train_loss_sup: 0.804
[GPU0] epochs: [6/100] train_acc: 0.838 train_loss_sup: 0.743
[GPU0] epochs: [7/100] train_acc: 0.841 train_loss_sup: 0.692
[GPU0] epochs: [8/100] train_acc: 0.842 train_loss_sup: 0.657
[GPU0] epochs: [9/100] train_acc: 0.843 train_loss_sup: 0.631
[GPU0] epochs: [10/100] train_acc: 0.844 train_loss_sup: 0.611
[GPU0] Test Accuracy at epoch: 10: 0.87
[GPU0] epochs: [11/100] train_acc: 0.845 train_loss_sup: 0.589
[GPU0] epochs: [12/100] train_acc: 0.845 train_loss_sup: 0.577
[GPU0] epochs: [13/100] train_acc: 0.845 train_loss_sup: 0.565
[GPU0] epochs: [14/100] train_acc: 0.848 train_loss_sup: 0.550
[GPU0] epochs: [15/100] train_acc: 0.849 train_loss_sup: 0.541
[GPU0] epochs: [16/100] train_acc: 0.849 train_loss_sup: 0.533
[GPU0] epochs: [17/100] train_acc: 0.849 train_loss_sup: 0.526
[GPU0] epochs: [18/100] train_acc: 0.849 train_loss_sup: 0.521
[GPU0] epochs: [19/100] train_acc: 0.849 train_loss_sup: 0.514
[GPU0] epochs: [20/100] train_acc: 0.851 train_loss_sup: 0.507
[GPU0] Test Accuracy at epoch: 20: 0.876
[GPU0] epochs: [21/100] train_acc: 0.851 train_loss_sup: 0.502
[GPU0] epochs: [22/100] train_acc: 0.851 train_loss_sup: 0.499
[GPU0] epochs: [23/100] train_acc: 0.852 train_loss_sup: 0.494
[GPU0] epochs: [24/100] train_acc: 0.855 train_loss_sup: 0.485
[GPU0] epochs: [25/100] train_acc: 0.854 train_loss_sup: 0.483
[GPU0] epochs: [26/100] train_acc: 0.854 train_loss_sup: 0.482
[GPU0] epochs: [27/100] train_acc: 0.853 train_loss_sup: 0.480
[GPU0] epochs: [28/100] train_acc: 0.854 train_loss_sup: 0.476
[GPU0] epochs: [29/100] train_acc: 0.855 train_loss_sup: 0.473
[GPU0] epochs: [30/100] train_acc: 0.854 train_loss_sup: 0.471
[GPU0] Test Accuracy at epoch: 30: 0.88
[GPU0] epochs: [31/100] train_acc: 0.855 train_loss_sup: 0.465
[GPU0] epochs: [32/100] train_acc: 0.855 train_loss_sup: 0.468
[GPU0] epochs: [33/100] train_acc: 0.856 train_loss_sup: 0.462
[GPU0] epochs: [34/100] train_acc: 0.856 train_loss_sup: 0.460
[GPU0] epochs: [35/100] train_acc: 0.856 train_loss_sup: 0.458
[GPU0] epochs: [36/100] train_acc: 0.857 train_loss_sup: 0.458
[GPU0] epochs: [37/100] train_acc: 0.856 train_loss_sup: 0.454
[GPU0] epochs: [38/100] train_acc: 0.855 train_loss_sup: 0.454
[GPU0] epochs: [39/100] train_acc: 0.857 train_loss_sup: 0.450
[GPU0] epochs: [40/100] train_acc: 0.857 train_loss_sup: 0.449
[GPU0] Test Accuracy at epoch: 40: 0.882
[GPU0] epochs: [41/100] train_acc: 0.857 train_loss_sup: 0.449
[GPU0] epochs: [42/100] train_acc: 0.857 train_loss_sup: 0.448
[GPU0] epochs: [43/100] train_acc: 0.857 train_loss_sup: 0.445
[GPU0] epochs: [44/100] train_acc: 0.858 train_loss_sup: 0.443
[GPU0] epochs: [45/100] train_acc: 0.857 train_loss_sup: 0.443
[GPU0] epochs: [46/100] train_acc: 0.859 train_loss_sup: 0.441
[GPU0] epochs: [47/100] train_acc: 0.859 train_loss_sup: 0.442
[GPU0] epochs: [48/100] train_acc: 0.858 train_loss_sup: 0.439
[GPU0] epochs: [49/100] train_acc: 0.857 train_loss_sup: 0.441
[GPU0] epochs: [50/100] train_acc: 0.860 train_loss_sup: 0.436
[GPU0] Test Accuracy at epoch: 50: 0.885
[GPU0] epochs: [51/100] train_acc: 0.860 train_loss_sup: 0.436
[GPU0] epochs: [52/100] train_acc: 0.858 train_loss_sup: 0.435
[GPU0] epochs: [53/100] train_acc: 0.858 train_loss_sup: 0.438
[GPU0] epochs: [54/100] train_acc: 0.858 train_loss_sup: 0.435
[GPU0] epochs: [55/100] train_acc: 0.859 train_loss_sup: 0.434
[GPU0] epochs: [56/100] train_acc: 0.861 train_loss_sup: 0.429
[GPU0] epochs: [57/100] train_acc: 0.859 train_loss_sup: 0.432
[GPU0] epochs: [58/100] train_acc: 0.862 train_loss_sup: 0.427
[GPU0] epochs: [59/100] train_acc: 0.859 train_loss_sup: 0.427
[GPU0] epochs: [60/100] train_acc: 0.861 train_loss_sup: 0.428
[GPU0] Test Accuracy at epoch: 60: 0.885
[GPU0] epochs: [61/100] train_acc: 0.861 train_loss_sup: 0.427
[GPU0] epochs: [62/100] train_acc: 0.859 train_loss_sup: 0.427
[GPU0] epochs: [63/100] train_acc: 0.861 train_loss_sup: 0.428
[GPU0] epochs: [64/100] train_acc: 0.862 train_loss_sup: 0.423
[GPU0] epochs: [65/100] train_acc: 0.860 train_loss_sup: 0.427
[GPU0] epochs: [66/100] train_acc: 0.860 train_loss_sup: 0.429
[GPU0] epochs: [67/100] train_acc: 0.860 train_loss_sup: 0.425
[GPU0] epochs: [68/100] train_acc: 0.861 train_loss_sup: 0.424
[GPU0] epochs: [69/100] train_acc: 0.861 train_loss_sup: 0.424
[GPU0] epochs: [70/100] train_acc: 0.861 train_loss_sup: 0.421
[GPU0] Test Accuracy at epoch: 70: 0.887
[GPU0] epochs: [71/100] train_acc: 0.861 train_loss_sup: 0.421
[GPU0] epochs: [72/100] train_acc: 0.862 train_loss_sup: 0.420
[GPU0] epochs: [73/100] train_acc: 0.863 train_loss_sup: 0.416
[GPU0] epochs: [74/100] train_acc: 0.860 train_loss_sup: 0.417
[GPU0] epochs: [75/100] train_acc: 0.863 train_loss_sup: 0.419
[GPU0] epochs: [76/100] train_acc: 0.862 train_loss_sup: 0.420
[GPU0] epochs: [77/100] train_acc: 0.862 train_loss_sup: 0.420
[GPU0] epochs: [78/100] train_acc: 0.862 train_loss_sup: 0.419
[GPU0] epochs: [79/100] train_acc: 0.864 train_loss_sup: 0.415
[GPU0] epochs: [80/100] train_acc: 0.865 train_loss_sup: 0.410
[GPU0] Test Accuracy at epoch: 80: 0.888
[GPU0] epochs: [81/100] train_acc: 0.863 train_loss_sup: 0.417
[GPU0] epochs: [82/100] train_acc: 0.862 train_loss_sup: 0.415
[GPU0] epochs: [83/100] train_acc: 0.863 train_loss_sup: 0.415
[GPU0] epochs: [84/100] train_acc: 0.861 train_loss_sup: 0.415
[GPU0] epochs: [85/100] train_acc: 0.863 train_loss_sup: 0.412
[GPU0] epochs: [86/100] train_acc: 0.863 train_loss_sup: 0.411
[GPU0] epochs: [87/100] train_acc: 0.862 train_loss_sup: 0.413
[GPU0] epochs: [88/100] train_acc: 0.861 train_loss_sup: 0.417
[GPU0] epochs: [89/100] train_acc: 0.861 train_loss_sup: 0.414
[GPU0] epochs: [90/100] train_acc: 0.862 train_loss_sup: 0.414
[GPU0] Test Accuracy at epoch: 90: 0.888
[GPU0] epochs: [91/100] train_acc: 0.864 train_loss_sup: 0.409
[GPU0] epochs: [92/100] train_acc: 0.863 train_loss_sup: 0.413
[GPU0] epochs: [93/100] train_acc: 0.861 train_loss_sup: 0.416
[GPU0] epochs: [94/100] train_acc: 0.864 train_loss_sup: 0.411
[GPU0] epochs: [95/100] train_acc: 0.863 train_loss_sup: 0.415
[GPU0] epochs: [96/100] train_acc: 0.861 train_loss_sup: 0.414
[GPU0] epochs: [97/100] train_acc: 0.862 train_loss_sup: 0.409
[GPU0] epochs: [98/100] train_acc: 0.863 train_loss_sup: 0.412
[GPU0] epochs: [99/100] train_acc: 0.862 train_loss_sup: 0.413
[GPU0] epochs: [100/100] train_acc: 0.864 train_loss_sup: 0.410
[GPU0] Final Test Accuracy: 0.889
Model weights saved
<All keys matched successfully>
knn evalution
logistic regression evalution
knn_acc: 0.875, log_reg_acc: 0.896
