environment: 
YAML: configs/lema.c100.yaml
==> SEED: 42
==> num_classes: 100
==> data_name: cifar100
==> data_params: {'algo': 'lema', 'data_dir': 'datasets/cifar100', 'batch_size': 512, 'num_workers': 3, 'image_size': 32}
==> return_logs: False
==> eval_every: 10
==> n_epochs: 350
==> n_epochs_mlp: 100
==> gpu_id: 1
==> opt: SGD
==> opt_params: {'lr': 0.5, 'momentum': 0.9, 'nesterov': True, 'weight_decay': 0.0001}
==> schedular_params: {'T_max': 350, 'eta_min': 0.001}
==> mlp_opt: SGD
==> mlp_opt_params: {'lr': 0.1, 'momentum': 0.9, 'nesterov': True}
==> model_params: {'model_name': 'resnet50', 'pretrained': False, 'proj_dim': 128, 'algo_type': 'lema'}
==> energy_model_params: {'eta': 0.01, 'steps': 5}
==> energy_opt: AdamW
==> energy_model_opt_params: {'lr': 0.001}
==> mlp_type: linear
==> loss: lema
==> loss_params: {'sim': 'cosine', 'tau': 0.5}
==> distributed: False
==> train_algo: lema
==> model_save_path: saved_models/lema.c100.r50.v3.e350.lin0.1.pth
==> config: configs/lema.c100.yaml
--------------------------------------------------
===> using linear mlp
using optimizer: SGD
using optimizer: SGD
loss function: lema
Files already downloaded and verified
Files already downloaded and verified
Files already downloaded and verified
# of Training Images: 50000
# of Testing Images: 10000
using optimizer: AdamW
### LEMa Training begins
[GPU1] epochs: [1/350] train_loss_con: 6.703 energy_loss: 0.001
[GPU1] epochs: [2/350] train_loss_con: 6.323 energy_loss: 0.000
[GPU1] epochs: [3/350] train_loss_con: 6.204 energy_loss: 0.000
[GPU1] epochs: [4/350] train_loss_con: 6.106 energy_loss: 0.000
[GPU1] epochs: [5/350] train_loss_con: 6.038 energy_loss: 0.000
[GPU1] epochs: [6/350] train_loss_con: 5.998 energy_loss: 0.000
[GPU1] epochs: [7/350] train_loss_con: 5.952 energy_loss: -0.000
[GPU1] epochs: [8/350] train_loss_con: 5.919 energy_loss: 0.000
[GPU1] epochs: [9/350] train_loss_con: 5.896 energy_loss: 0.000
[GPU1] epochs: [10/350] train_loss_con: 5.868 energy_loss: -0.000
[GPU1] epochs: [11/350] train_loss_con: 5.842 energy_loss: -0.000
[GPU1] epochs: [12/350] train_loss_con: 5.819 energy_loss: -0.002
[GPU1] epochs: [13/350] train_loss_con: 5.804 energy_loss: -0.009
[GPU1] epochs: [14/350] train_loss_con: 5.795 energy_loss: -0.038
[GPU1] epochs: [15/350] train_loss_con: 5.786 energy_loss: -0.257
[GPU1] epochs: [16/350] train_loss_con: 5.775 energy_loss: -0.238
[GPU1] epochs: [17/350] train_loss_con: 5.767 energy_loss: -0.098
[GPU1] epochs: [18/350] train_loss_con: 5.765 energy_loss: -0.271
[GPU1] epochs: [19/350] train_loss_con: 5.756 energy_loss: -0.450
[GPU1] epochs: [20/350] train_loss_con: 5.750 energy_loss: -0.261
[GPU1] epochs: [21/350] train_loss_con: 5.746 energy_loss: -0.070
[GPU1] epochs: [22/350] train_loss_con: 5.740 energy_loss: -0.237
[GPU1] epochs: [23/350] train_loss_con: 5.734 energy_loss: -0.973
[GPU1] epochs: [24/350] train_loss_con: 5.729 energy_loss: -4.147
[GPU1] epochs: [25/350] train_loss_con: 5.727 energy_loss: -1.193
[GPU1] epochs: [26/350] train_loss_con: 5.728 energy_loss: -3.977
[GPU1] epochs: [27/350] train_loss_con: 5.726 energy_loss: -2.956
[GPU1] epochs: [28/350] train_loss_con: 5.719 energy_loss: -14.012
[GPU1] epochs: [29/350] train_loss_con: 5.714 energy_loss: -14.350
[GPU1] epochs: [30/350] train_loss_con: 5.714 energy_loss: -27.860
[GPU1] epochs: [31/350] train_loss_con: 5.712 energy_loss: -51.909
[GPU1] epochs: [32/350] train_loss_con: 5.708 energy_loss: -3.432
[GPU1] epochs: [33/350] train_loss_con: 5.709 energy_loss: -62.545
[GPU1] epochs: [34/350] train_loss_con: 5.707 energy_loss: -193.653
[GPU1] epochs: [35/350] train_loss_con: 5.702 energy_loss: -333.470
[GPU1] epochs: [36/350] train_loss_con: 5.697 energy_loss: -469.541
[GPU1] epochs: [37/350] train_loss_con: 5.696 energy_loss: -631.023
[GPU1] epochs: [38/350] train_loss_con: 5.695 energy_loss: -726.183
[GPU1] epochs: [39/350] train_loss_con: 5.694 energy_loss: -485.936
[GPU1] epochs: [40/350] train_loss_con: 5.687 energy_loss: -674.767
[GPU1] epochs: [41/350] train_loss_con: 5.692 energy_loss: -817.622
[GPU1] epochs: [42/350] train_loss_con: 5.690 energy_loss: -675.249
[GPU1] epochs: [43/350] train_loss_con: 5.685 energy_loss: -931.438
[GPU1] epochs: [44/350] train_loss_con: 5.683 energy_loss: -1035.588
[GPU1] epochs: [45/350] train_loss_con: 5.682 energy_loss: -1103.671
[GPU1] epochs: [46/350] train_loss_con: 5.680 energy_loss: -1156.844
[GPU1] epochs: [47/350] train_loss_con: 5.678 energy_loss: -1202.173
[GPU1] epochs: [48/350] train_loss_con: 5.675 energy_loss: -1242.212
[GPU1] epochs: [49/350] train_loss_con: 5.674 energy_loss: -1279.246
[GPU1] epochs: [50/350] train_loss_con: 5.670 energy_loss: -1315.132
[GPU1] epochs: [51/350] train_loss_con: 5.669 energy_loss: -1350.475
[GPU1] epochs: [52/350] train_loss_con: 5.668 energy_loss: -1385.440
[GPU1] epochs: [53/350] train_loss_con: 5.668 energy_loss: -1420.504
[GPU1] epochs: [54/350] train_loss_con: 5.669 energy_loss: -1455.825
[GPU1] epochs: [55/350] train_loss_con: 5.665 energy_loss: -1491.530
[GPU1] epochs: [56/350] train_loss_con: 5.663 energy_loss: -1527.863
[GPU1] epochs: [57/350] train_loss_con: 5.662 energy_loss: -1564.587
[GPU1] epochs: [58/350] train_loss_con: 5.660 energy_loss: -1601.726
[GPU1] epochs: [59/350] train_loss_con: 5.660 energy_loss: -1638.956
[GPU1] epochs: [60/350] train_loss_con: 5.659 energy_loss: -1675.762
[GPU1] epochs: [61/350] train_loss_con: 5.660 energy_loss: -1711.563
[GPU1] epochs: [62/350] train_loss_con: 5.658 energy_loss: -1746.135
[GPU1] epochs: [63/350] train_loss_con: 5.654 energy_loss: -1779.615
[GPU1] epochs: [64/350] train_loss_con: 5.653 energy_loss: -1812.467
[GPU1] epochs: [65/350] train_loss_con: 5.654 energy_loss: -1844.901
[GPU1] epochs: [66/350] train_loss_con: 5.653 energy_loss: -1876.807
[GPU1] epochs: [67/350] train_loss_con: 5.649 energy_loss: -1907.455
[GPU1] epochs: [68/350] train_loss_con: 5.646 energy_loss: -1936.770
[GPU1] epochs: [69/350] train_loss_con: 5.646 energy_loss: -1964.331
[GPU1] epochs: [70/350] train_loss_con: 5.646 energy_loss: -1990.415
[GPU1] epochs: [71/350] train_loss_con: 5.645 energy_loss: -2015.199
[GPU1] epochs: [72/350] train_loss_con: 5.640 energy_loss: -2039.191
[GPU1] epochs: [73/350] train_loss_con: 5.643 energy_loss: -2062.677
[GPU1] epochs: [74/350] train_loss_con: 5.642 energy_loss: -2086.007
[GPU1] epochs: [75/350] train_loss_con: 5.640 energy_loss: -2109.153
[GPU1] epochs: [76/350] train_loss_con: 5.640 energy_loss: -2132.221
[GPU1] epochs: [77/350] train_loss_con: 5.639 energy_loss: -2154.914
[GPU1] epochs: [78/350] train_loss_con: 5.639 energy_loss: -2177.101
[GPU1] epochs: [79/350] train_loss_con: 5.639 energy_loss: -2198.716
[GPU1] epochs: [80/350] train_loss_con: 5.634 energy_loss: -2219.625
[GPU1] epochs: [81/350] train_loss_con: 5.634 energy_loss: -2239.834
[GPU1] epochs: [82/350] train_loss_con: 5.634 energy_loss: -2259.480
[GPU1] epochs: [83/350] train_loss_con: 5.633 energy_loss: -2278.592
[GPU1] epochs: [84/350] train_loss_con: 5.632 energy_loss: -2297.228
[GPU1] epochs: [85/350] train_loss_con: 5.632 energy_loss: -2315.534
[GPU1] epochs: [86/350] train_loss_con: 5.630 energy_loss: -2333.525
[GPU1] epochs: [87/350] train_loss_con: 5.628 energy_loss: -2351.266
[GPU1] epochs: [88/350] train_loss_con: 5.630 energy_loss: -2368.777
[GPU1] epochs: [89/350] train_loss_con: 5.629 energy_loss: -2386.090
[GPU1] epochs: [90/350] train_loss_con: 5.629 energy_loss: -2403.215
[GPU1] epochs: [91/350] train_loss_con: 5.627 energy_loss: -2420.156
[GPU1] epochs: [92/350] train_loss_con: 5.627 energy_loss: -2436.991
[GPU1] epochs: [93/350] train_loss_con: 5.626 energy_loss: -2453.689
[GPU1] epochs: [94/350] train_loss_con: 5.623 energy_loss: -2470.259
[GPU1] epochs: [95/350] train_loss_con: 5.623 energy_loss: -2486.709
[GPU1] epochs: [96/350] train_loss_con: 5.623 energy_loss: -2503.097
[GPU1] epochs: [97/350] train_loss_con: 5.625 energy_loss: -2519.385
[GPU1] epochs: [98/350] train_loss_con: 5.619 energy_loss: -2535.589
[GPU1] epochs: [99/350] train_loss_con: 5.623 energy_loss: -2551.723
[GPU1] epochs: [100/350] train_loss_con: 5.621 energy_loss: -2567.788
[GPU1] epochs: [101/350] train_loss_con: 5.618 energy_loss: -2583.788
[GPU1] epochs: [102/350] train_loss_con: 5.621 energy_loss: -2599.737
[GPU1] epochs: [103/350] train_loss_con: 5.616 energy_loss: -2615.623
[GPU1] epochs: [104/350] train_loss_con: 5.617 energy_loss: -2631.464
[GPU1] epochs: [105/350] train_loss_con: 5.615 energy_loss: -2647.260
[GPU1] epochs: [106/350] train_loss_con: 5.619 energy_loss: -2663.003
[GPU1] epochs: [107/350] train_loss_con: 5.614 energy_loss: -2678.733
[GPU1] epochs: [108/350] train_loss_con: 5.613 energy_loss: -2694.395
[GPU1] epochs: [109/350] train_loss_con: 5.614 energy_loss: -2710.033
[GPU1] epochs: [110/350] train_loss_con: 5.614 energy_loss: -2725.622
[GPU1] epochs: [111/350] train_loss_con: 5.611 energy_loss: -2741.197
[GPU1] epochs: [112/350] train_loss_con: 5.612 energy_loss: -2756.738
[GPU1] epochs: [113/350] train_loss_con: 5.610 energy_loss: -2772.250
[GPU1] epochs: [114/350] train_loss_con: 5.608 energy_loss: -2787.727
[GPU1] epochs: [115/350] train_loss_con: 5.608 energy_loss: -2803.174
[GPU1] epochs: [116/350] train_loss_con: 5.611 energy_loss: -2818.606
[GPU1] epochs: [117/350] train_loss_con: 5.608 energy_loss: -2834.011
[GPU1] epochs: [118/350] train_loss_con: 5.609 energy_loss: -2849.381
[GPU1] epochs: [119/350] train_loss_con: 5.606 energy_loss: -2864.723
[GPU1] epochs: [120/350] train_loss_con: 5.602 energy_loss: -2880.070
[GPU1] epochs: [121/350] train_loss_con: 5.601 energy_loss: -2895.388
[GPU1] epochs: [122/350] train_loss_con: 5.603 energy_loss: -2910.664
[GPU1] epochs: [123/350] train_loss_con: 5.602 energy_loss: -2925.948
[GPU1] epochs: [124/350] train_loss_con: 5.605 energy_loss: -2941.178
[GPU1] epochs: [125/350] train_loss_con: 5.604 energy_loss: -2956.430
[GPU1] epochs: [126/350] train_loss_con: 5.600 energy_loss: -2971.649
[GPU1] epochs: [127/350] train_loss_con: 5.601 energy_loss: -2986.826
[GPU1] epochs: [128/350] train_loss_con: 5.599 energy_loss: -3002.008
[GPU1] epochs: [129/350] train_loss_con: 5.597 energy_loss: -3017.150
[GPU1] epochs: [130/350] train_loss_con: 5.600 energy_loss: -3032.279
[GPU1] epochs: [131/350] train_loss_con: 5.597 energy_loss: -3047.415
[GPU1] epochs: [132/350] train_loss_con: 5.600 energy_loss: -3062.522
[GPU1] epochs: [133/350] train_loss_con: 5.599 energy_loss: -3077.584
[GPU1] epochs: [134/350] train_loss_con: 5.596 energy_loss: -3092.672
[GPU1] epochs: [135/350] train_loss_con: 5.592 energy_loss: -3107.735
[GPU1] epochs: [136/350] train_loss_con: 5.594 energy_loss: -3122.780
[GPU1] epochs: [137/350] train_loss_con: 5.596 energy_loss: -3137.787
[GPU1] epochs: [138/350] train_loss_con: 5.595 energy_loss: -3152.816
[GPU1] epochs: [139/350] train_loss_con: 5.593 energy_loss: -3167.804
[GPU1] epochs: [140/350] train_loss_con: 5.592 energy_loss: -3182.791
[GPU1] epochs: [141/350] train_loss_con: 5.589 energy_loss: -3197.751
[GPU1] epochs: [142/350] train_loss_con: 5.589 energy_loss: -3212.718
[GPU1] epochs: [143/350] train_loss_con: 5.591 energy_loss: -3227.627
[GPU1] epochs: [144/350] train_loss_con: 5.588 energy_loss: -3242.532
[GPU1] epochs: [145/350] train_loss_con: 5.588 energy_loss: -3257.448
[GPU1] epochs: [146/350] train_loss_con: 5.586 energy_loss: -3272.314
[GPU1] epochs: [147/350] train_loss_con: 5.587 energy_loss: -3287.176
[GPU1] epochs: [148/350] train_loss_con: 5.589 energy_loss: -3302.026
[GPU1] epochs: [149/350] train_loss_con: 5.585 energy_loss: -3316.850
[GPU1] epochs: [150/350] train_loss_con: 5.585 energy_loss: -3331.674
[GPU1] epochs: [151/350] train_loss_con: 5.586 energy_loss: -3346.470
[GPU1] epochs: [152/350] train_loss_con: 5.586 energy_loss: -3361.257
[GPU1] epochs: [153/350] train_loss_con: 5.585 energy_loss: -3376.030
[GPU1] epochs: [154/350] train_loss_con: 5.584 energy_loss: -3390.778
[GPU1] epochs: [155/350] train_loss_con: 5.584 energy_loss: -3405.404
[GPU1] epochs: [156/350] train_loss_con: 5.584 energy_loss: -3420.235
[GPU1] epochs: [157/350] train_loss_con: 5.582 energy_loss: -3434.941
[GPU1] epochs: [158/350] train_loss_con: 5.581 energy_loss: -3449.585
[GPU1] epochs: [159/350] train_loss_con: 5.583 energy_loss: -3464.287
[GPU1] epochs: [160/350] train_loss_con: 5.580 energy_loss: -3478.943
[GPU1] epochs: [161/350] train_loss_con: 5.580 energy_loss: -3493.584
[GPU1] epochs: [162/350] train_loss_con: 5.578 energy_loss: -3508.209
[GPU1] epochs: [163/350] train_loss_con: 5.580 energy_loss: -3522.815
[GPU1] epochs: [164/350] train_loss_con: 5.577 energy_loss: -3537.414
[GPU1] epochs: [165/350] train_loss_con: 5.573 energy_loss: -3551.999
[GPU1] epochs: [166/350] train_loss_con: 5.577 energy_loss: -3566.565
[GPU1] epochs: [167/350] train_loss_con: 5.573 energy_loss: -3581.120
[GPU1] epochs: [168/350] train_loss_con: 5.574 energy_loss: -3595.660
[GPU1] epochs: [169/350] train_loss_con: 5.572 energy_loss: -3610.188
[GPU1] epochs: [170/350] train_loss_con: 5.575 energy_loss: -3624.700
[GPU1] epochs: [171/350] train_loss_con: 5.569 energy_loss: -3639.201
[GPU1] epochs: [172/350] train_loss_con: 5.571 energy_loss: -3653.673
[GPU1] epochs: [173/350] train_loss_con: 5.571 energy_loss: -3668.147
[GPU1] epochs: [174/350] train_loss_con: 5.569 energy_loss: -3682.597
[GPU1] epochs: [175/350] train_loss_con: 5.569 energy_loss: -3697.049
[GPU1] epochs: [176/350] train_loss_con: 5.568 energy_loss: -3711.474
[GPU1] epochs: [177/350] train_loss_con: 5.570 energy_loss: -3725.890
[GPU1] epochs: [178/350] train_loss_con: 5.568 energy_loss: -3740.289
[GPU1] epochs: [179/350] train_loss_con: 5.569 energy_loss: -3754.682
[GPU1] epochs: [180/350] train_loss_con: 5.567 energy_loss: -3769.050
[GPU1] epochs: [181/350] train_loss_con: 5.564 energy_loss: -3783.432
[GPU1] epochs: [182/350] train_loss_con: 5.564 energy_loss: -3797.773
[GPU1] epochs: [183/350] train_loss_con: 5.565 energy_loss: -3812.118
[GPU1] epochs: [184/350] train_loss_con: 5.562 energy_loss: -3826.466
[GPU1] epochs: [185/350] train_loss_con: 5.564 energy_loss: -3840.773
[GPU1] epochs: [186/350] train_loss_con: 5.565 energy_loss: -3855.082
[GPU1] epochs: [187/350] train_loss_con: 5.561 energy_loss: -3869.366
[GPU1] epochs: [188/350] train_loss_con: 5.558 energy_loss: -3883.639
[GPU1] epochs: [189/350] train_loss_con: 5.560 energy_loss: -3897.909
[GPU1] epochs: [190/350] train_loss_con: 5.561 energy_loss: -3912.137
[GPU1] epochs: [191/350] train_loss_con: 5.560 energy_loss: -3926.392
[GPU1] epochs: [192/350] train_loss_con: 5.559 energy_loss: -3940.605
[GPU1] epochs: [193/350] train_loss_con: 5.558 energy_loss: -3954.801
[GPU1] epochs: [194/350] train_loss_con: 5.558 energy_loss: -3969.004
[GPU1] epochs: [195/350] train_loss_con: 5.555 energy_loss: -3983.181
[GPU1] epochs: [196/350] train_loss_con: 5.554 energy_loss: -3997.349
[GPU1] epochs: [197/350] train_loss_con: 5.556 energy_loss: -4011.482
[GPU1] epochs: [198/350] train_loss_con: 5.554 energy_loss: -4025.629
[GPU1] epochs: [199/350] train_loss_con: 5.551 energy_loss: -4039.753
[GPU1] epochs: [200/350] train_loss_con: 5.553 energy_loss: -4053.850
[GPU1] epochs: [201/350] train_loss_con: 5.551 energy_loss: -4067.963
[GPU1] epochs: [202/350] train_loss_con: 5.550 energy_loss: -4082.028
[GPU1] epochs: [203/350] train_loss_con: 5.547 energy_loss: -4096.105
[GPU1] epochs: [204/350] train_loss_con: 5.548 energy_loss: -4110.148
[GPU1] epochs: [205/350] train_loss_con: 5.549 energy_loss: -4124.191
[GPU1] epochs: [206/350] train_loss_con: 5.546 energy_loss: -4138.225
[GPU1] epochs: [207/350] train_loss_con: 5.545 energy_loss: -4152.230
[GPU1] epochs: [208/350] train_loss_con: 5.544 energy_loss: -4166.231
[GPU1] epochs: [209/350] train_loss_con: 5.545 energy_loss: -4180.210
[GPU1] epochs: [210/350] train_loss_con: 5.544 energy_loss: -4194.179
[GPU1] epochs: [211/350] train_loss_con: 5.544 energy_loss: -4208.146
[GPU1] epochs: [212/350] train_loss_con: 5.544 energy_loss: -4222.078
[GPU1] epochs: [213/350] train_loss_con: 5.544 energy_loss: -4236.016
[GPU1] epochs: [214/350] train_loss_con: 5.542 energy_loss: -4249.933
[GPU1] epochs: [215/350] train_loss_con: 5.543 energy_loss: -4263.827
[GPU1] epochs: [216/350] train_loss_con: 5.540 energy_loss: -4277.724
[GPU1] epochs: [217/350] train_loss_con: 5.538 energy_loss: -4291.591
[GPU1] epochs: [218/350] train_loss_con: 5.539 energy_loss: -4305.454
[GPU1] epochs: [219/350] train_loss_con: 5.535 energy_loss: -4319.307
[GPU1] epochs: [220/350] train_loss_con: 5.536 energy_loss: -4333.140
[GPU1] epochs: [221/350] train_loss_con: 5.536 energy_loss: -4346.948
[GPU1] epochs: [222/350] train_loss_con: 5.533 energy_loss: -4360.771
[GPU1] epochs: [223/350] train_loss_con: 5.534 energy_loss: -4374.564
[GPU1] epochs: [224/350] train_loss_con: 5.534 energy_loss: -4388.339
[GPU1] epochs: [225/350] train_loss_con: 5.533 energy_loss: -4402.108
[GPU1] epochs: [226/350] train_loss_con: 5.532 energy_loss: -4415.866
[GPU1] epochs: [227/350] train_loss_con: 5.531 energy_loss: -4429.602
[GPU1] epochs: [228/350] train_loss_con: 5.530 energy_loss: -4443.322
[GPU1] epochs: [229/350] train_loss_con: 5.529 energy_loss: -4457.045
[GPU1] epochs: [230/350] train_loss_con: 5.527 energy_loss: -4470.736
[GPU1] epochs: [231/350] train_loss_con: 5.527 energy_loss: -4484.431
[GPU1] epochs: [232/350] train_loss_con: 5.526 energy_loss: -4498.100
[GPU1] epochs: [233/350] train_loss_con: 5.525 energy_loss: -4511.752
[GPU1] epochs: [234/350] train_loss_con: 5.526 energy_loss: -4525.404
[GPU1] epochs: [235/350] train_loss_con: 5.524 energy_loss: -4539.039
[GPU1] epochs: [236/350] train_loss_con: 5.524 energy_loss: -4552.662
[GPU1] epochs: [237/350] train_loss_con: 5.522 energy_loss: -4566.263
[GPU1] epochs: [238/350] train_loss_con: 5.522 energy_loss: -4579.851
[GPU1] epochs: [239/350] train_loss_con: 5.519 energy_loss: -4593.440
[GPU1] epochs: [240/350] train_loss_con: 5.519 energy_loss: -4606.997
[GPU1] epochs: [241/350] train_loss_con: 5.519 energy_loss: -4620.555
[GPU1] epochs: [242/350] train_loss_con: 5.516 energy_loss: -4634.094
[GPU1] epochs: [243/350] train_loss_con: 5.518 energy_loss: -4647.613
[GPU1] epochs: [244/350] train_loss_con: 5.515 energy_loss: -4661.133
[GPU1] epochs: [245/350] train_loss_con: 5.514 energy_loss: -4674.629
[GPU1] epochs: [246/350] train_loss_con: 5.515 energy_loss: -4688.118
[GPU1] epochs: [247/350] train_loss_con: 5.513 energy_loss: -4701.593
[GPU1] epochs: [248/350] train_loss_con: 5.513 energy_loss: -4715.047
[GPU1] epochs: [249/350] train_loss_con: 5.511 energy_loss: -4728.500
[GPU1] epochs: [250/350] train_loss_con: 5.511 energy_loss: -4741.929
[GPU1] epochs: [251/350] train_loss_con: 5.510 energy_loss: -4755.352
[GPU1] epochs: [252/350] train_loss_con: 5.509 energy_loss: -4768.762
[GPU1] epochs: [253/350] train_loss_con: 5.506 energy_loss: -4782.154
[GPU1] epochs: [254/350] train_loss_con: 5.508 energy_loss: -4795.535
[GPU1] epochs: [255/350] train_loss_con: 5.504 energy_loss: -4808.906
[GPU1] epochs: [256/350] train_loss_con: 5.505 energy_loss: -4822.257
[GPU1] epochs: [257/350] train_loss_con: 5.503 energy_loss: -4835.596
[GPU1] epochs: [258/350] train_loss_con: 5.506 energy_loss: -4848.914
[GPU1] epochs: [259/350] train_loss_con: 5.504 energy_loss: -4862.242
[GPU1] epochs: [260/350] train_loss_con: 5.500 energy_loss: -4875.553
[GPU1] epochs: [261/350] train_loss_con: 5.501 energy_loss: -4888.837
[GPU1] epochs: [262/350] train_loss_con: 5.501 energy_loss: -4902.115
[GPU1] epochs: [263/350] train_loss_con: 5.500 energy_loss: -4915.379
[GPU1] epochs: [264/350] train_loss_con: 5.496 energy_loss: -4928.627
[GPU1] epochs: [265/350] train_loss_con: 5.497 energy_loss: -4941.864
[GPU1] epochs: [266/350] train_loss_con: 5.496 energy_loss: -4955.091
[GPU1] epochs: [267/350] train_loss_con: 5.494 energy_loss: -4968.300
[GPU1] epochs: [268/350] train_loss_con: 5.493 energy_loss: -4981.501
[GPU1] epochs: [269/350] train_loss_con: 5.493 energy_loss: -4994.684
[GPU1] epochs: [270/350] train_loss_con: 5.491 energy_loss: -5007.861
[GPU1] epochs: [271/350] train_loss_con: 5.490 energy_loss: -5021.019
[GPU1] epochs: [272/350] train_loss_con: 5.490 energy_loss: -5034.167
[GPU1] epochs: [273/350] train_loss_con: 5.486 energy_loss: -5047.290
[GPU1] epochs: [274/350] train_loss_con: 5.485 energy_loss: -5060.426
[GPU1] epochs: [275/350] train_loss_con: 5.487 energy_loss: -5073.532
[GPU1] epochs: [276/350] train_loss_con: 5.487 energy_loss: -5086.628
[GPU1] epochs: [277/350] train_loss_con: 5.483 energy_loss: -5099.710
[GPU1] epochs: [278/350] train_loss_con: 5.480 energy_loss: -5112.781
[GPU1] epochs: [279/350] train_loss_con: 5.483 energy_loss: -5125.836
[GPU1] epochs: [280/350] train_loss_con: 5.482 energy_loss: -5138.879
[GPU1] epochs: [281/350] train_loss_con: 5.478 energy_loss: -5151.916
[GPU1] epochs: [282/350] train_loss_con: 5.477 energy_loss: -5164.932
[GPU1] epochs: [283/350] train_loss_con: 5.477 energy_loss: -5177.936
[GPU1] epochs: [284/350] train_loss_con: 5.475 energy_loss: -5190.930
[GPU1] epochs: [285/350] train_loss_con: 5.475 energy_loss: -5203.914
[GPU1] epochs: [286/350] train_loss_con: 5.473 energy_loss: -5216.879
[GPU1] epochs: [287/350] train_loss_con: 5.470 energy_loss: -5229.839
[GPU1] epochs: [288/350] train_loss_con: 5.469 energy_loss: -5242.774
[GPU1] epochs: [289/350] train_loss_con: 5.468 energy_loss: -5255.710
[GPU1] epochs: [290/350] train_loss_con: 5.466 energy_loss: -5268.627
[GPU1] epochs: [291/350] train_loss_con: 5.467 energy_loss: -5281.529
[GPU1] epochs: [292/350] train_loss_con: 5.468 energy_loss: -5294.421
[GPU1] epochs: [293/350] train_loss_con: 5.466 energy_loss: -5307.303
[GPU1] epochs: [294/350] train_loss_con: 5.462 energy_loss: -5320.168
[GPU1] epochs: [295/350] train_loss_con: 5.463 energy_loss: -5333.022
[GPU1] epochs: [296/350] train_loss_con: 5.464 energy_loss: -5345.864
[GPU1] epochs: [297/350] train_loss_con: 5.460 energy_loss: -5358.693
[GPU1] epochs: [298/350] train_loss_con: 5.459 energy_loss: -5371.509
[GPU1] epochs: [299/350] train_loss_con: 5.457 energy_loss: -5384.313
[GPU1] epochs: [300/350] train_loss_con: 5.457 energy_loss: -5397.106
[GPU1] epochs: [301/350] train_loss_con: 5.457 energy_loss: -5409.881
[GPU1] epochs: [302/350] train_loss_con: 5.458 energy_loss: -5422.651
[GPU1] epochs: [303/350] train_loss_con: 5.454 energy_loss: -5435.401
[GPU1] epochs: [304/350] train_loss_con: 5.450 energy_loss: -5448.147
[GPU1] epochs: [305/350] train_loss_con: 5.452 energy_loss: -5460.874
[GPU1] epochs: [306/350] train_loss_con: 5.450 energy_loss: -5473.588
[GPU1] epochs: [307/350] train_loss_con: 5.447 energy_loss: -5486.294
[GPU1] epochs: [308/350] train_loss_con: 5.448 energy_loss: -5498.984
[GPU1] epochs: [309/350] train_loss_con: 5.447 energy_loss: -5511.663
[GPU1] epochs: [310/350] train_loss_con: 5.448 energy_loss: -5524.331
[GPU1] epochs: [311/350] train_loss_con: 5.448 energy_loss: -5536.984
[GPU1] epochs: [312/350] train_loss_con: 5.446 energy_loss: -5549.624
[GPU1] epochs: [313/350] train_loss_con: 5.442 energy_loss: -5562.255
[GPU1] epochs: [314/350] train_loss_con: 5.440 energy_loss: -5574.873
[GPU1] epochs: [315/350] train_loss_con: 5.441 energy_loss: -5587.477
[GPU1] epochs: [316/350] train_loss_con: 5.438 energy_loss: -5600.070
[GPU1] epochs: [317/350] train_loss_con: 5.439 energy_loss: -5612.647
[GPU1] epochs: [318/350] train_loss_con: 5.439 energy_loss: -5625.217
[GPU1] epochs: [319/350] train_loss_con: 5.439 energy_loss: -5637.773
[GPU1] epochs: [320/350] train_loss_con: 5.438 energy_loss: -5650.313
[GPU1] epochs: [321/350] train_loss_con: 5.436 energy_loss: -5662.846
[GPU1] epochs: [322/350] train_loss_con: 5.434 energy_loss: -5675.363
[GPU1] epochs: [323/350] train_loss_con: 5.433 energy_loss: -5687.868
[GPU1] epochs: [324/350] train_loss_con: 5.434 energy_loss: -5700.366
[GPU1] epochs: [325/350] train_loss_con: 5.432 energy_loss: -5712.844
[GPU1] epochs: [326/350] train_loss_con: 5.429 energy_loss: -5725.315
[GPU1] epochs: [327/350] train_loss_con: 5.432 energy_loss: -5737.772
[GPU1] epochs: [328/350] train_loss_con: 5.428 energy_loss: -5750.214
[GPU1] epochs: [329/350] train_loss_con: 5.429 energy_loss: -5762.651
[GPU1] epochs: [330/350] train_loss_con: 5.425 energy_loss: -5775.070
[GPU1] epochs: [331/350] train_loss_con: 5.427 energy_loss: -5787.477
[GPU1] epochs: [332/350] train_loss_con: 5.428 energy_loss: -5799.875
[GPU1] epochs: [333/350] train_loss_con: 5.426 energy_loss: -5812.260
[GPU1] epochs: [334/350] train_loss_con: 5.426 energy_loss: -5824.628
[GPU1] epochs: [335/350] train_loss_con: 5.426 energy_loss: -5836.994
[GPU1] epochs: [336/350] train_loss_con: 5.426 energy_loss: -5849.357
[GPU1] epochs: [337/350] train_loss_con: 5.426 energy_loss: -5861.685
[GPU1] epochs: [338/350] train_loss_con: 5.423 energy_loss: -5873.999
[GPU1] epochs: [339/350] train_loss_con: 5.423 energy_loss: -5886.306
[GPU1] epochs: [340/350] train_loss_con: 5.424 energy_loss: -5898.607
[GPU1] epochs: [341/350] train_loss_con: 5.423 energy_loss: -5910.904
[GPU1] epochs: [342/350] train_loss_con: 5.425 energy_loss: -5923.188
[GPU1] epochs: [343/350] train_loss_con: 5.421 energy_loss: -5935.442
[GPU1] epochs: [344/350] train_loss_con: 5.423 energy_loss: -5947.686
[GPU1] epochs: [345/350] train_loss_con: 5.422 energy_loss: -5959.922
[GPU1] epochs: [346/350] train_loss_con: 5.422 energy_loss: -5972.145
[GPU1] epochs: [347/350] train_loss_con: 5.423 energy_loss: -5984.356
[GPU1] epochs: [348/350] train_loss_con: 5.423 energy_loss: -5996.563
[GPU1] epochs: [349/350] train_loss_con: 5.419 energy_loss: -6008.728
[GPU1] epochs: [350/350] train_loss_con: 5.422 energy_loss: -6020.873
### TSNE starts
### MLP training begins
[GPU1] Test Accuracy at epoch: 0: 0.418
[GPU1] epochs: [1/100] train_acc: 0.157 train_loss_sup: 4.582
[GPU1] epochs: [2/100] train_acc: 0.409 train_loss_sup: 4.523
[GPU1] epochs: [3/100] train_acc: 0.451 train_loss_sup: 4.465
[GPU1] epochs: [4/100] train_acc: 0.463 train_loss_sup: 4.406
[GPU1] epochs: [5/100] train_acc: 0.472 train_loss_sup: 4.348
[GPU1] epochs: [6/100] train_acc: 0.471 train_loss_sup: 4.291
[GPU1] epochs: [7/100] train_acc: 0.481 train_loss_sup: 4.235
[GPU1] epochs: [8/100] train_acc: 0.484 train_loss_sup: 4.178
[GPU1] epochs: [9/100] train_acc: 0.479 train_loss_sup: 4.123
[GPU1] epochs: [10/100] train_acc: 0.485 train_loss_sup: 4.069
[GPU1] Test Accuracy at epoch: 10: 0.519
[GPU1] epochs: [11/100] train_acc: 0.488 train_loss_sup: 4.014
[GPU1] epochs: [12/100] train_acc: 0.486 train_loss_sup: 3.962
[GPU1] epochs: [13/100] train_acc: 0.490 train_loss_sup: 3.909
[GPU1] epochs: [14/100] train_acc: 0.493 train_loss_sup: 3.859
[GPU1] epochs: [15/100] train_acc: 0.492 train_loss_sup: 3.807
[GPU1] epochs: [16/100] train_acc: 0.493 train_loss_sup: 3.759
[GPU1] epochs: [17/100] train_acc: 0.494 train_loss_sup: 3.712
[GPU1] epochs: [18/100] train_acc: 0.497 train_loss_sup: 3.663
[GPU1] epochs: [19/100] train_acc: 0.497 train_loss_sup: 3.616
[GPU1] epochs: [20/100] train_acc: 0.498 train_loss_sup: 3.572
[GPU1] Test Accuracy at epoch: 20: 0.532
[GPU1] epochs: [21/100] train_acc: 0.499 train_loss_sup: 3.529
[GPU1] epochs: [22/100] train_acc: 0.503 train_loss_sup: 3.487
[GPU1] epochs: [23/100] train_acc: 0.504 train_loss_sup: 3.448
[GPU1] epochs: [24/100] train_acc: 0.506 train_loss_sup: 3.405
[GPU1] epochs: [25/100] train_acc: 0.506 train_loss_sup: 3.368
[GPU1] epochs: [26/100] train_acc: 0.507 train_loss_sup: 3.329
[GPU1] epochs: [27/100] train_acc: 0.508 train_loss_sup: 3.292
[GPU1] epochs: [28/100] train_acc: 0.508 train_loss_sup: 3.259
[GPU1] epochs: [29/100] train_acc: 0.510 train_loss_sup: 3.226
[GPU1] epochs: [30/100] train_acc: 0.511 train_loss_sup: 3.193
[GPU1] Test Accuracy at epoch: 30: 0.546
[GPU1] epochs: [31/100] train_acc: 0.510 train_loss_sup: 3.160
[GPU1] epochs: [32/100] train_acc: 0.511 train_loss_sup: 3.130
[GPU1] epochs: [33/100] train_acc: 0.514 train_loss_sup: 3.102
[GPU1] epochs: [34/100] train_acc: 0.514 train_loss_sup: 3.072
[GPU1] epochs: [35/100] train_acc: 0.517 train_loss_sup: 3.042
[GPU1] epochs: [36/100] train_acc: 0.517 train_loss_sup: 3.017
[GPU1] epochs: [37/100] train_acc: 0.519 train_loss_sup: 2.990
[GPU1] epochs: [38/100] train_acc: 0.519 train_loss_sup: 2.959
[GPU1] epochs: [39/100] train_acc: 0.522 train_loss_sup: 2.937
[GPU1] epochs: [40/100] train_acc: 0.522 train_loss_sup: 2.912
[GPU1] Test Accuracy at epoch: 40: 0.558
[GPU1] epochs: [41/100] train_acc: 0.523 train_loss_sup: 2.886
[GPU1] epochs: [42/100] train_acc: 0.525 train_loss_sup: 2.867
[GPU1] epochs: [43/100] train_acc: 0.525 train_loss_sup: 2.847
[GPU1] epochs: [44/100] train_acc: 0.524 train_loss_sup: 2.822
[GPU1] epochs: [45/100] train_acc: 0.525 train_loss_sup: 2.802
[GPU1] epochs: [46/100] train_acc: 0.526 train_loss_sup: 2.782
[GPU1] epochs: [47/100] train_acc: 0.526 train_loss_sup: 2.765
[GPU1] epochs: [48/100] train_acc: 0.529 train_loss_sup: 2.740
[GPU1] epochs: [49/100] train_acc: 0.528 train_loss_sup: 2.723
[GPU1] epochs: [50/100] train_acc: 0.530 train_loss_sup: 2.708
[GPU1] Test Accuracy at epoch: 50: 0.564
[GPU1] epochs: [51/100] train_acc: 0.531 train_loss_sup: 2.687
[GPU1] epochs: [52/100] train_acc: 0.531 train_loss_sup: 2.676
[GPU1] epochs: [53/100] train_acc: 0.532 train_loss_sup: 2.653
[GPU1] epochs: [54/100] train_acc: 0.532 train_loss_sup: 2.636
[GPU1] epochs: [55/100] train_acc: 0.533 train_loss_sup: 2.620
[GPU1] epochs: [56/100] train_acc: 0.533 train_loss_sup: 2.607
[GPU1] epochs: [57/100] train_acc: 0.536 train_loss_sup: 2.591
[GPU1] epochs: [58/100] train_acc: 0.535 train_loss_sup: 2.579
[GPU1] epochs: [59/100] train_acc: 0.538 train_loss_sup: 2.561
[GPU1] epochs: [60/100] train_acc: 0.537 train_loss_sup: 2.550
[GPU1] Test Accuracy at epoch: 60: 0.568
[GPU1] epochs: [61/100] train_acc: 0.536 train_loss_sup: 2.540
[GPU1] epochs: [62/100] train_acc: 0.537 train_loss_sup: 2.525
[GPU1] epochs: [63/100] train_acc: 0.539 train_loss_sup: 2.509
[GPU1] epochs: [64/100] train_acc: 0.540 train_loss_sup: 2.497
[GPU1] epochs: [65/100] train_acc: 0.539 train_loss_sup: 2.485
[GPU1] epochs: [66/100] train_acc: 0.540 train_loss_sup: 2.472
[GPU1] epochs: [67/100] train_acc: 0.541 train_loss_sup: 2.462
[GPU1] epochs: [68/100] train_acc: 0.541 train_loss_sup: 2.451
[GPU1] epochs: [69/100] train_acc: 0.542 train_loss_sup: 2.437
[GPU1] epochs: [70/100] train_acc: 0.542 train_loss_sup: 2.425
[GPU1] Test Accuracy at epoch: 70: 0.571
[GPU1] epochs: [71/100] train_acc: 0.543 train_loss_sup: 2.413
[GPU1] epochs: [72/100] train_acc: 0.542 train_loss_sup: 2.408
[GPU1] epochs: [73/100] train_acc: 0.541 train_loss_sup: 2.396
[GPU1] epochs: [74/100] train_acc: 0.543 train_loss_sup: 2.385
[GPU1] epochs: [75/100] train_acc: 0.543 train_loss_sup: 2.371
[GPU1] epochs: [76/100] train_acc: 0.542 train_loss_sup: 2.370
[GPU1] epochs: [77/100] train_acc: 0.544 train_loss_sup: 2.352
[GPU1] epochs: [78/100] train_acc: 0.543 train_loss_sup: 2.345
[GPU1] epochs: [79/100] train_acc: 0.544 train_loss_sup: 2.338
[GPU1] epochs: [80/100] train_acc: 0.547 train_loss_sup: 2.327
[GPU1] Test Accuracy at epoch: 80: 0.575
[GPU1] epochs: [81/100] train_acc: 0.544 train_loss_sup: 2.321
[GPU1] epochs: [82/100] train_acc: 0.546 train_loss_sup: 2.308
[GPU1] epochs: [83/100] train_acc: 0.546 train_loss_sup: 2.305
[GPU1] epochs: [84/100] train_acc: 0.545 train_loss_sup: 2.293
[GPU1] epochs: [85/100] train_acc: 0.546 train_loss_sup: 2.287
[GPU1] epochs: [86/100] train_acc: 0.547 train_loss_sup: 2.277
[GPU1] epochs: [87/100] train_acc: 0.549 train_loss_sup: 2.267
[GPU1] epochs: [88/100] train_acc: 0.549 train_loss_sup: 2.262
[GPU1] epochs: [89/100] train_acc: 0.548 train_loss_sup: 2.255
[GPU1] epochs: [90/100] train_acc: 0.549 train_loss_sup: 2.243
[GPU1] Test Accuracy at epoch: 90: 0.578
[GPU1] epochs: [91/100] train_acc: 0.550 train_loss_sup: 2.241
[GPU1] epochs: [92/100] train_acc: 0.550 train_loss_sup: 2.230
[GPU1] epochs: [93/100] train_acc: 0.549 train_loss_sup: 2.227
[GPU1] epochs: [94/100] train_acc: 0.550 train_loss_sup: 2.216
[GPU1] epochs: [95/100] train_acc: 0.549 train_loss_sup: 2.217
[GPU1] epochs: [96/100] train_acc: 0.550 train_loss_sup: 2.208
[GPU1] epochs: [97/100] train_acc: 0.551 train_loss_sup: 2.196
[GPU1] epochs: [98/100] train_acc: 0.554 train_loss_sup: 2.190
[GPU1] epochs: [99/100] train_acc: 0.554 train_loss_sup: 2.183
[GPU1] epochs: [100/100] train_acc: 0.552 train_loss_sup: 2.180
[GPU1] Final Test Accuracy: 0.58
Model weights saved
<All keys matched successfully>
knn evalution
logistic regression evalution
knn_acc: 0.582, log_reg_acc: 0.659
