environment: 
YAML: configs/lema.c100.yaml
==> SEED: 42
==> num_classes: 100
==> data_name: cifar100
==> data_params: {'algo': 'lema', 'data_dir': 'datasets/cifar100', 'batch_size': 512, 'num_workers': 3, 'image_size': 32}
==> return_logs: False
==> eval_every: 10
==> n_epochs: 350
==> n_epochs_mlp: 100
==> gpu_id: 1
==> opt: SGD
==> opt_params: {'lr': 0.5, 'momentum': 0.9, 'nesterov': True}
==> schedular_params: {'T_max': 600, 'eta_min': 0.001}
==> mlp_opt: SGD
==> mlp_opt_params: {'lr': 0.01, 'momentum': 0.9, 'nesterov': True}
==> model_params: {'model_name': 'resnet18', 'pretrained': False, 'proj_dim': 128, 'algo_type': 'lema'}
==> energy_model_params: {'eta': 0.01, 'steps': 5}
==> energy_opt: AdamW
==> energy_model_opt_params: {'lr': 0.001}
==> mlp_type: hidden
==> loss: lema
==> loss_params: {'sim': 'cosine', 'tau': 0.5}
==> distributed: False
==> train_algo: lema
==> model_save_path: saved_models/lema.c100.r18.pth
==> config: configs/lema.c100.yaml
--------------------------------------------------
===> using hiddin mlp
using optimizer: SGD
using optimizer: SGD
loss function: lema
Files already downloaded and verified
Files already downloaded and verified
Files already downloaded and verified
# of Training Images: 50000
# of Testing Images: 10000
using optimizer: AdamW
### LEMa Training begins
[GPU1] epochs: [1/350] train_loss_con: 6.371 energy_loss: -0.156
[GPU1] epochs: [2/350] train_loss_con: 6.153 energy_loss: -0.005
[GPU1] epochs: [3/350] train_loss_con: 6.062 energy_loss: -0.054
[GPU1] epochs: [4/350] train_loss_con: 6.002 energy_loss: -0.090
[GPU1] epochs: [5/350] train_loss_con: 5.952 energy_loss: -0.207
[GPU1] epochs: [6/350] train_loss_con: 5.904 energy_loss: -0.111
[GPU1] epochs: [7/350] train_loss_con: 5.874 energy_loss: -0.005
[GPU1] epochs: [8/350] train_loss_con: 5.850 energy_loss: -0.025
[GPU1] epochs: [9/350] train_loss_con: 5.829 energy_loss: -0.289
[GPU1] epochs: [10/350] train_loss_con: 5.818 energy_loss: -0.026
[GPU1] epochs: [11/350] train_loss_con: 5.804 energy_loss: -0.266
[GPU1] epochs: [12/350] train_loss_con: 5.792 energy_loss: -0.203
[GPU1] epochs: [13/350] train_loss_con: 5.783 energy_loss: -0.393
[GPU1] epochs: [14/350] train_loss_con: 5.777 energy_loss: -0.001
[GPU1] epochs: [15/350] train_loss_con: 5.767 energy_loss: -0.003
[GPU1] epochs: [16/350] train_loss_con: 5.765 energy_loss: -0.007
[GPU1] epochs: [17/350] train_loss_con: 5.761 energy_loss: -0.024
[GPU1] epochs: [18/350] train_loss_con: 5.754 energy_loss: -0.131
[GPU1] epochs: [19/350] train_loss_con: 5.745 energy_loss: -0.326
[GPU1] epochs: [20/350] train_loss_con: 5.740 energy_loss: -0.005
[GPU1] epochs: [21/350] train_loss_con: 5.742 energy_loss: -0.018
[GPU1] epochs: [22/350] train_loss_con: 5.734 energy_loss: -0.053
[GPU1] epochs: [23/350] train_loss_con: 5.730 energy_loss: -0.283
[GPU1] epochs: [24/350] train_loss_con: 5.725 energy_loss: -0.266
[GPU1] epochs: [25/350] train_loss_con: 5.720 energy_loss: -0.348
[GPU1] epochs: [26/350] train_loss_con: 5.720 energy_loss: -0.021
[GPU1] epochs: [27/350] train_loss_con: 5.716 energy_loss: -0.213
[GPU1] epochs: [28/350] train_loss_con: 5.710 energy_loss: -0.398
[GPU1] epochs: [29/350] train_loss_con: 5.709 energy_loss: -0.818
[GPU1] epochs: [30/350] train_loss_con: 5.708 energy_loss: -1.283
[GPU1] epochs: [31/350] train_loss_con: 5.706 energy_loss: -0.332
[GPU1] epochs: [32/350] train_loss_con: 5.697 energy_loss: -0.079
[GPU1] epochs: [33/350] train_loss_con: 5.697 energy_loss: -0.295
[GPU1] epochs: [34/350] train_loss_con: 5.693 energy_loss: -0.980
[GPU1] epochs: [35/350] train_loss_con: 5.695 energy_loss: -0.050
[GPU1] epochs: [36/350] train_loss_con: 5.692 energy_loss: -0.202
[GPU1] epochs: [37/350] train_loss_con: 5.688 energy_loss: -1.253
[GPU1] epochs: [38/350] train_loss_con: 5.688 energy_loss: -0.058
[GPU1] epochs: [39/350] train_loss_con: 5.685 energy_loss: -0.936
[GPU1] epochs: [40/350] train_loss_con: 5.683 energy_loss: -0.384
[GPU1] epochs: [41/350] train_loss_con: 5.682 energy_loss: -0.819
[GPU1] epochs: [42/350] train_loss_con: 5.678 energy_loss: -1.533
[GPU1] epochs: [43/350] train_loss_con: 5.679 energy_loss: -1.130
[GPU1] epochs: [44/350] train_loss_con: 5.672 energy_loss: -1.309
[GPU1] epochs: [45/350] train_loss_con: 5.670 energy_loss: -2.289
[GPU1] epochs: [46/350] train_loss_con: 5.671 energy_loss: -1.897
[GPU1] epochs: [47/350] train_loss_con: 5.669 energy_loss: -0.028
[GPU1] epochs: [48/350] train_loss_con: 5.668 energy_loss: -0.067
[GPU1] epochs: [49/350] train_loss_con: 5.667 energy_loss: -0.155
[GPU1] epochs: [50/350] train_loss_con: 5.667 energy_loss: -0.327
[GPU1] epochs: [51/350] train_loss_con: 5.666 energy_loss: -0.660
[GPU1] epochs: [52/350] train_loss_con: 5.662 energy_loss: -2.675
[GPU1] epochs: [53/350] train_loss_con: 5.657 energy_loss: -1.939
[GPU1] epochs: [54/350] train_loss_con: 5.658 energy_loss: -1.383
[GPU1] epochs: [55/350] train_loss_con: 5.658 energy_loss: -1.269
[GPU1] epochs: [56/350] train_loss_con: 5.656 energy_loss: -0.139
[GPU1] epochs: [57/350] train_loss_con: 5.656 energy_loss: -1.230
[GPU1] epochs: [58/350] train_loss_con: 5.651 energy_loss: -1.155
[GPU1] epochs: [59/350] train_loss_con: 5.652 energy_loss: -1.782
[GPU1] epochs: [60/350] train_loss_con: 5.650 energy_loss: -2.417
[GPU1] epochs: [61/350] train_loss_con: 5.647 energy_loss: -0.251
[GPU1] epochs: [62/350] train_loss_con: 5.648 energy_loss: -0.229
[GPU1] epochs: [63/350] train_loss_con: 5.646 energy_loss: -1.381
[GPU1] epochs: [64/350] train_loss_con: 5.645 energy_loss: -1.620
[GPU1] epochs: [65/350] train_loss_con: 5.642 energy_loss: -0.083
[GPU1] epochs: [66/350] train_loss_con: 5.641 energy_loss: -0.232
[GPU1] epochs: [67/350] train_loss_con: 5.643 energy_loss: -2.076
[GPU1] epochs: [68/350] train_loss_con: 5.640 energy_loss: -1.788
[GPU1] epochs: [69/350] train_loss_con: 5.643 energy_loss: -0.152
[GPU1] epochs: [70/350] train_loss_con: 5.638 energy_loss: -0.508
[GPU1] epochs: [71/350] train_loss_con: 5.636 energy_loss: -3.244
[GPU1] epochs: [72/350] train_loss_con: 5.636 energy_loss: -1.011
[GPU1] epochs: [73/350] train_loss_con: 5.633 energy_loss: -4.297
[GPU1] epochs: [74/350] train_loss_con: 5.635 energy_loss: -4.992
[GPU1] epochs: [75/350] train_loss_con: 5.635 energy_loss: -1.827
[GPU1] epochs: [76/350] train_loss_con: 5.630 energy_loss: -4.661
[GPU1] epochs: [77/350] train_loss_con: 5.629 energy_loss: -1.738
[GPU1] epochs: [78/350] train_loss_con: 5.626 energy_loss: -0.179
[GPU1] epochs: [79/350] train_loss_con: 5.627 energy_loss: -0.492
[GPU1] epochs: [80/350] train_loss_con: 5.625 energy_loss: -2.730
[GPU1] epochs: [81/350] train_loss_con: 5.627 energy_loss: -5.083
[GPU1] epochs: [82/350] train_loss_con: 5.631 energy_loss: -0.166
[GPU1] epochs: [83/350] train_loss_con: 5.625 energy_loss: -0.486
[GPU1] epochs: [84/350] train_loss_con: 5.622 energy_loss: -1.592
[GPU1] epochs: [85/350] train_loss_con: 5.620 energy_loss: -6.530
[GPU1] epochs: [86/350] train_loss_con: 5.621 energy_loss: -0.501
[GPU1] epochs: [87/350] train_loss_con: 5.619 energy_loss: -3.317
[GPU1] epochs: [88/350] train_loss_con: 5.623 energy_loss: -6.471
[GPU1] epochs: [89/350] train_loss_con: 5.619 energy_loss: -3.218
[GPU1] epochs: [90/350] train_loss_con: 5.617 energy_loss: -0.222
[GPU1] epochs: [91/350] train_loss_con: 5.618 energy_loss: -1.085
[GPU1] epochs: [92/350] train_loss_con: 5.617 energy_loss: -5.809
[GPU1] epochs: [93/350] train_loss_con: 5.616 energy_loss: -2.483
[GPU1] epochs: [94/350] train_loss_con: 5.613 energy_loss: -3.784
[GPU1] epochs: [95/350] train_loss_con: 5.614 energy_loss: -3.120
[GPU1] epochs: [96/350] train_loss_con: 5.613 energy_loss: -7.811
[GPU1] epochs: [97/350] train_loss_con: 5.612 energy_loss: -0.081
[GPU1] epochs: [98/350] train_loss_con: 5.611 energy_loss: -0.182
[GPU1] epochs: [99/350] train_loss_con: 5.611 energy_loss: -0.455
[GPU1] epochs: [100/350] train_loss_con: 5.605 energy_loss: -2.082
[GPU1] epochs: [101/350] train_loss_con: 5.609 energy_loss: -4.104
[GPU1] epochs: [102/350] train_loss_con: 5.608 energy_loss: -0.728
[GPU1] epochs: [103/350] train_loss_con: 5.609 energy_loss: -8.654
[GPU1] epochs: [104/350] train_loss_con: 5.609 energy_loss: -1.225
[GPU1] epochs: [105/350] train_loss_con: 5.606 energy_loss: -8.450
[GPU1] epochs: [106/350] train_loss_con: 5.603 energy_loss: -2.357
[GPU1] epochs: [107/350] train_loss_con: 5.603 energy_loss: -10.600
[GPU1] epochs: [108/350] train_loss_con: 5.602 energy_loss: -13.182
[GPU1] epochs: [109/350] train_loss_con: 5.605 energy_loss: -3.405
[GPU1] epochs: [110/350] train_loss_con: 5.601 energy_loss: -8.111
[GPU1] epochs: [111/350] train_loss_con: 5.603 energy_loss: -0.085
