environment: 
YAML: configs/lema.c10.yaml
==> SEED: 42
==> num_classes: 10
==> data_name: cifar10
==> data_params: {'algo': 'lema', 'data_dir': 'datasets/cifar10', 'batch_size': 512, 'num_workers': 3, 'image_size': 32}
==> return_logs: False
==> eval_every: 10
==> n_epochs: 500
==> n_epochs_mlp: 100
==> gpu_id: 1
==> opt: SGD
==> opt_params: {'lr': 0.5, 'momentum': 0.9, 'nesterov': True}
==> schedular_params: {'T_max': 600, 'eta_min': 0.001}
==> mlp_opt: SGD
==> mlp_opt_params: {'lr': 0.01, 'momentum': 0.9, 'nesterov': True}
==> energy_model_params: {'eta': 0.01, 'steps': 5}
==> energy_opt: AdamW
==> energy_model_opt_params: {'lr': 0.001}
==> model_params: {'model_name': 'resnet18', 'pretrained': False, 'proj_dim': 128, 'algo_type': 'lema'}
==> mlp_type: hidden
==> loss: lema
==> loss_params: {'sim': 'cosine', 'tau': 0.5}
==> distributed: False
==> train_algo: lema
==> model_save_path: saved_models/lema.c10.r18.e500.pth
==> config: configs/lema.c10.yaml
--------------------------------------------------
===> using hiddin mlp
using optimizer: SGD
using optimizer: SGD
loss function: lema
Files already downloaded and verified
Files already downloaded and verified
Files already downloaded and verified
# of Training Images: 50000
# of Testing Images: 10000
using optimizer: AdamW
### LEMa Training begins
[GPU1] epochs: [1/500] train_loss_con: 6.399 energy_loss: -0.348
[GPU1] epochs: [2/500] train_loss_con: 6.152 energy_loss: -0.215
[GPU1] epochs: [3/500] train_loss_con: 6.064 energy_loss: -0.078
[GPU1] epochs: [4/500] train_loss_con: 5.996 energy_loss: -0.259
[GPU1] epochs: [5/500] train_loss_con: 5.939 energy_loss: -0.054
[GPU1] epochs: [6/500] train_loss_con: 5.892 energy_loss: -0.530
[GPU1] epochs: [7/500] train_loss_con: 5.861 energy_loss: -0.266
[GPU1] epochs: [8/500] train_loss_con: 5.836 energy_loss: -0.700
[GPU1] epochs: [9/500] train_loss_con: 5.816 energy_loss: -0.209
[GPU1] epochs: [10/500] train_loss_con: 5.799 energy_loss: -1.104
[GPU1] epochs: [11/500] train_loss_con: 5.785 energy_loss: -0.006
[GPU1] epochs: [12/500] train_loss_con: 5.770 energy_loss: -0.020
[GPU1] epochs: [13/500] train_loss_con: 5.763 energy_loss: -0.131
[GPU1] epochs: [14/500] train_loss_con: 5.752 energy_loss: -0.820
[GPU1] epochs: [15/500] train_loss_con: 5.748 energy_loss: -0.918
[GPU1] epochs: [16/500] train_loss_con: 5.737 energy_loss: -0.208
[GPU1] epochs: [17/500] train_loss_con: 5.731 energy_loss: -1.429
[GPU1] epochs: [18/500] train_loss_con: 5.723 energy_loss: -0.395
[GPU1] epochs: [19/500] train_loss_con: 5.719 energy_loss: -1.141
[GPU1] epochs: [20/500] train_loss_con: 5.716 energy_loss: -0.042
[GPU1] epochs: [21/500] train_loss_con: 5.709 energy_loss: -0.296
[GPU1] epochs: [22/500] train_loss_con: 5.706 energy_loss: -0.955
[GPU1] epochs: [23/500] train_loss_con: 5.702 energy_loss: -0.041
[GPU1] epochs: [24/500] train_loss_con: 5.698 energy_loss: -0.175
[GPU1] epochs: [25/500] train_loss_con: 5.693 energy_loss: -1.123
[GPU1] epochs: [26/500] train_loss_con: 5.690 energy_loss: -0.092
[GPU1] epochs: [27/500] train_loss_con: 5.687 energy_loss: -0.547
[GPU1] epochs: [28/500] train_loss_con: 5.687 energy_loss: -1.073
[GPU1] epochs: [29/500] train_loss_con: 5.680 energy_loss: -0.076
[GPU1] epochs: [30/500] train_loss_con: 5.679 energy_loss: -0.826
[GPU1] epochs: [31/500] train_loss_con: 5.678 energy_loss: -0.642
[GPU1] epochs: [32/500] train_loss_con: 5.670 energy_loss: -0.188
[GPU1] epochs: [33/500] train_loss_con: 5.669 energy_loss: -1.096
[GPU1] epochs: [34/500] train_loss_con: 5.665 energy_loss: -0.029
[GPU1] epochs: [35/500] train_loss_con: 5.664 energy_loss: -0.128
[GPU1] epochs: [36/500] train_loss_con: 5.664 energy_loss: -0.918
[GPU1] epochs: [37/500] train_loss_con: 5.659 energy_loss: -0.597
[GPU1] epochs: [38/500] train_loss_con: 5.660 energy_loss: -0.763
[GPU1] epochs: [39/500] train_loss_con: 5.656 energy_loss: -2.867
[GPU1] epochs: [40/500] train_loss_con: 5.655 energy_loss: -2.021
[GPU1] epochs: [41/500] train_loss_con: 5.651 energy_loss: -0.001
[GPU1] epochs: [42/500] train_loss_con: 5.651 energy_loss: -0.028
[GPU1] epochs: [43/500] train_loss_con: 5.650 energy_loss: -0.075
[GPU1] epochs: [44/500] train_loss_con: 5.646 energy_loss: -0.185
[GPU1] epochs: [45/500] train_loss_con: 5.646 energy_loss: -0.666
[GPU1] epochs: [46/500] train_loss_con: 5.644 energy_loss: -4.066
[GPU1] epochs: [47/500] train_loss_con: 5.641 energy_loss: -0.716
[GPU1] epochs: [48/500] train_loss_con: 5.642 energy_loss: -0.403
[GPU1] epochs: [49/500] train_loss_con: 5.636 energy_loss: -1.629
[GPU1] epochs: [50/500] train_loss_con: 5.637 energy_loss: -2.442
[GPU1] epochs: [51/500] train_loss_con: 5.636 energy_loss: -1.847
[GPU1] epochs: [52/500] train_loss_con: 5.635 energy_loss: -2.424
[GPU1] epochs: [53/500] train_loss_con: 5.631 energy_loss: -0.125
[GPU1] epochs: [54/500] train_loss_con: 5.631 energy_loss: -1.967
[GPU1] epochs: [55/500] train_loss_con: 5.629 energy_loss: -4.414
[GPU1] epochs: [56/500] train_loss_con: 5.629 energy_loss: -0.032
[GPU1] epochs: [57/500] train_loss_con: 5.626 energy_loss: -0.105
[GPU1] epochs: [58/500] train_loss_con: 5.630 energy_loss: -0.283
[GPU1] epochs: [59/500] train_loss_con: 5.625 energy_loss: -0.872
[GPU1] epochs: [60/500] train_loss_con: 5.622 energy_loss: -5.157
[GPU1] epochs: [61/500] train_loss_con: 5.622 energy_loss: -4.530
[GPU1] epochs: [62/500] train_loss_con: 5.624 energy_loss: -4.638
[GPU1] epochs: [63/500] train_loss_con: 5.622 energy_loss: -0.230
[GPU1] epochs: [64/500] train_loss_con: 5.618 energy_loss: -2.478
[GPU1] epochs: [65/500] train_loss_con: 5.616 energy_loss: -7.244
[GPU1] epochs: [66/500] train_loss_con: 5.618 energy_loss: -0.169
[GPU1] epochs: [67/500] train_loss_con: 5.611 energy_loss: -1.878
[GPU1] epochs: [68/500] train_loss_con: 5.617 energy_loss: -2.541
[GPU1] epochs: [69/500] train_loss_con: 5.613 energy_loss: -0.186
[GPU1] epochs: [70/500] train_loss_con: 5.614 energy_loss: -0.669
[GPU1] epochs: [71/500] train_loss_con: 5.613 energy_loss: -5.296
[GPU1] epochs: [72/500] train_loss_con: 5.611 energy_loss: -4.540
[GPU1] epochs: [73/500] train_loss_con: 5.611 energy_loss: -0.049
[GPU1] epochs: [74/500] train_loss_con: 5.609 energy_loss: -0.142
[GPU1] epochs: [75/500] train_loss_con: 5.606 energy_loss: -0.283
[GPU1] epochs: [76/500] train_loss_con: 5.604 energy_loss: -0.566
[GPU1] epochs: [77/500] train_loss_con: 5.604 energy_loss: -1.389
[GPU1] epochs: [78/500] train_loss_con: 5.607 energy_loss: -4.974
[GPU1] epochs: [79/500] train_loss_con: 5.603 energy_loss: -4.301
[GPU1] epochs: [80/500] train_loss_con: 5.602 energy_loss: -4.455
[GPU1] epochs: [81/500] train_loss_con: 5.599 energy_loss: -0.217
[GPU1] epochs: [82/500] train_loss_con: 5.600 energy_loss: -1.029
[GPU1] epochs: [83/500] train_loss_con: 5.601 energy_loss: -15.704
[GPU1] epochs: [84/500] train_loss_con: 5.600 energy_loss: -4.525
[GPU1] epochs: [85/500] train_loss_con: 5.598 energy_loss: -0.223
[GPU1] epochs: [86/500] train_loss_con: 5.596 energy_loss: -0.610
[GPU1] epochs: [87/500] train_loss_con: 5.598 energy_loss: -1.731
[GPU1] epochs: [88/500] train_loss_con: 5.596 energy_loss: -9.412
[GPU1] epochs: [89/500] train_loss_con: 5.596 energy_loss: -0.327
[GPU1] epochs: [90/500] train_loss_con: 5.596 energy_loss: -1.362
[GPU1] epochs: [91/500] train_loss_con: 5.591 energy_loss: -6.273
[GPU1] epochs: [92/500] train_loss_con: 5.592 energy_loss: -2.693
[GPU1] epochs: [93/500] train_loss_con: 5.591 energy_loss: -10.400
[GPU1] epochs: [94/500] train_loss_con: 5.591 energy_loss: -7.903
[GPU1] epochs: [95/500] train_loss_con: 5.595 energy_loss: -0.153
[GPU1] epochs: [96/500] train_loss_con: 5.590 energy_loss: -0.329
[GPU1] epochs: [97/500] train_loss_con: 5.591 energy_loss: -0.584
[GPU1] epochs: [98/500] train_loss_con: 5.586 energy_loss: -1.082
[GPU1] epochs: [99/500] train_loss_con: 5.590 energy_loss: -3.410
[GPU1] epochs: [100/500] train_loss_con: 5.590 energy_loss: -21.086
[GPU1] epochs: [101/500] train_loss_con: 5.586 energy_loss: -0.330
[GPU1] epochs: [102/500] train_loss_con: 5.585 energy_loss: -1.955
[GPU1] epochs: [103/500] train_loss_con: 5.587 energy_loss: -26.657
[GPU1] epochs: [104/500] train_loss_con: 5.584 energy_loss: -15.508
[GPU1] epochs: [105/500] train_loss_con: 5.584 energy_loss: -16.142
[GPU1] epochs: [106/500] train_loss_con: 5.581 energy_loss: -11.754
[GPU1] epochs: [107/500] train_loss_con: 5.581 energy_loss: -0.888
[GPU1] epochs: [108/500] train_loss_con: 5.580 energy_loss: -3.330
[GPU1] epochs: [109/500] train_loss_con: 5.580 energy_loss: -38.041
[GPU1] epochs: [110/500] train_loss_con: 5.578 energy_loss: -9.528
[GPU1] epochs: [111/500] train_loss_con: 5.582 energy_loss: -18.789
[GPU1] epochs: [112/500] train_loss_con: 5.579 energy_loss: -33.570
[GPU1] epochs: [113/500] train_loss_con: 5.575 energy_loss: -11.475
[GPU1] epochs: [114/500] train_loss_con: 5.576 energy_loss: -1.529
[GPU1] epochs: [115/500] train_loss_con: 5.577 energy_loss: -19.833
[GPU1] epochs: [116/500] train_loss_con: 5.576 energy_loss: -19.692
[GPU1] epochs: [117/500] train_loss_con: 5.575 energy_loss: -5.705
[GPU1] epochs: [118/500] train_loss_con: 5.579 energy_loss: -16.438
[GPU1] epochs: [119/500] train_loss_con: 5.573 energy_loss: -15.994
[GPU1] epochs: [120/500] train_loss_con: 5.574 energy_loss: -8.374
[GPU1] epochs: [121/500] train_loss_con: 5.574 energy_loss: -3.296
[GPU1] epochs: [122/500] train_loss_con: 5.574 energy_loss: -18.589
[GPU1] epochs: [123/500] train_loss_con: 5.570 energy_loss: -14.882
[GPU1] epochs: [124/500] train_loss_con: 5.571 energy_loss: -17.719
[GPU1] epochs: [125/500] train_loss_con: 5.570 energy_loss: -0.006
[GPU1] epochs: [126/500] train_loss_con: 5.569 energy_loss: -0.067
[GPU1] epochs: [127/500] train_loss_con: 5.570 energy_loss: -0.103
[GPU1] epochs: [128/500] train_loss_con: 5.569 energy_loss: -0.153
[GPU1] epochs: [129/500] train_loss_con: 5.571 energy_loss: -0.201
[GPU1] epochs: [130/500] train_loss_con: 5.567 energy_loss: -0.265
[GPU1] epochs: [131/500] train_loss_con: 5.565 energy_loss: -0.386
[GPU1] epochs: [132/500] train_loss_con: 5.568 energy_loss: -0.626
[GPU1] epochs: [133/500] train_loss_con: 5.564 energy_loss: -1.113
[GPU1] epochs: [134/500] train_loss_con: 5.566 energy_loss: -3.840
[GPU1] epochs: [135/500] train_loss_con: 5.564 energy_loss: -19.398
[GPU1] epochs: [136/500] train_loss_con: 5.565 energy_loss: -14.853
[GPU1] epochs: [137/500] train_loss_con: 5.563 energy_loss: -6.521
[GPU1] epochs: [138/500] train_loss_con: 5.561 energy_loss: -0.208
[GPU1] epochs: [139/500] train_loss_con: 5.565 energy_loss: -0.502
[GPU1] epochs: [140/500] train_loss_con: 5.562 energy_loss: -1.659
[GPU1] epochs: [141/500] train_loss_con: 5.563 energy_loss: -26.304
[GPU1] epochs: [142/500] train_loss_con: 5.560 energy_loss: 0.022
[GPU1] epochs: [143/500] train_loss_con: 5.563 energy_loss: 0.007
[GPU1] epochs: [144/500] train_loss_con: 5.561 energy_loss: -0.002
[GPU1] epochs: [145/500] train_loss_con: 5.559 energy_loss: -0.011
[GPU1] epochs: [146/500] train_loss_con: 5.557 energy_loss: -0.016
[GPU1] epochs: [147/500] train_loss_con: 5.561 energy_loss: -0.022
[GPU1] epochs: [148/500] train_loss_con: 5.559 energy_loss: -0.026
[GPU1] epochs: [149/500] train_loss_con: 5.558 energy_loss: -0.033
[GPU1] epochs: [150/500] train_loss_con: 5.557 energy_loss: -0.039
[GPU1] epochs: [151/500] train_loss_con: 5.559 energy_loss: -0.044
[GPU1] epochs: [152/500] train_loss_con: 5.555 energy_loss: -0.055
[GPU1] epochs: [153/500] train_loss_con: 5.559 energy_loss: -0.064
[GPU1] epochs: [154/500] train_loss_con: 5.554 energy_loss: -0.075
[GPU1] epochs: [155/500] train_loss_con: 5.557 energy_loss: -0.090
[GPU1] epochs: [156/500] train_loss_con: 5.555 energy_loss: -0.118
[GPU1] epochs: [157/500] train_loss_con: 5.555 energy_loss: -0.153
[GPU1] epochs: [158/500] train_loss_con: 5.556 energy_loss: -0.205
[GPU1] epochs: [159/500] train_loss_con: 5.554 energy_loss: -0.272
[GPU1] epochs: [160/500] train_loss_con: 5.553 energy_loss: -0.368
[GPU1] epochs: [161/500] train_loss_con: 5.552 energy_loss: -0.508
[GPU1] epochs: [162/500] train_loss_con: 5.553 energy_loss: -0.741
[GPU1] epochs: [163/500] train_loss_con: 5.552 energy_loss: -1.180
[GPU1] epochs: [164/500] train_loss_con: 5.552 energy_loss: -2.074
[GPU1] epochs: [165/500] train_loss_con: 5.554 energy_loss: -5.050
[GPU1] epochs: [166/500] train_loss_con: 5.550 energy_loss: -11.015
[GPU1] epochs: [167/500] train_loss_con: 5.550 energy_loss: -1.195
[GPU1] epochs: [168/500] train_loss_con: 5.548 energy_loss: -8.990
[GPU1] epochs: [169/500] train_loss_con: 5.551 energy_loss: -18.554
[GPU1] epochs: [170/500] train_loss_con: 5.547 energy_loss: -0.558
[GPU1] epochs: [171/500] train_loss_con: 5.547 energy_loss: -1.168
[GPU1] epochs: [172/500] train_loss_con: 5.551 energy_loss: -2.696
[GPU1] epochs: [173/500] train_loss_con: 5.549 energy_loss: -9.870
[GPU1] epochs: [174/500] train_loss_con: 5.550 energy_loss: -28.562
[GPU1] epochs: [175/500] train_loss_con: 5.547 energy_loss: -17.045
[GPU1] epochs: [176/500] train_loss_con: 5.544 energy_loss: -9.542
[GPU1] epochs: [177/500] train_loss_con: 5.545 energy_loss: -5.972
[GPU1] epochs: [178/500] train_loss_con: 5.545 energy_loss: -17.460
[GPU1] epochs: [179/500] train_loss_con: 5.547 energy_loss: -22.209
[GPU1] epochs: [180/500] train_loss_con: 5.545 energy_loss: -69.379
[GPU1] epochs: [181/500] train_loss_con: 5.544 energy_loss: -18.409
[GPU1] epochs: [182/500] train_loss_con: 5.548 energy_loss: -25.465
[GPU1] epochs: [183/500] train_loss_con: 5.544 energy_loss: -28.992
[GPU1] epochs: [184/500] train_loss_con: 5.543 energy_loss: -18.715
[GPU1] epochs: [185/500] train_loss_con: 5.540 energy_loss: -0.569
[GPU1] epochs: [186/500] train_loss_con: 5.542 energy_loss: -1.064
[GPU1] epochs: [187/500] train_loss_con: 5.540 energy_loss: -2.371
[GPU1] epochs: [188/500] train_loss_con: 5.542 energy_loss: -6.748
[GPU1] epochs: [189/500] train_loss_con: 5.541 energy_loss: -16.915
[GPU1] epochs: [190/500] train_loss_con: 5.540 energy_loss: -0.632
[GPU1] epochs: [191/500] train_loss_con: 5.542 energy_loss: -1.179
[GPU1] epochs: [192/500] train_loss_con: 5.538 energy_loss: -3.958
[GPU1] epochs: [193/500] train_loss_con: 5.538 energy_loss: -50.388
[GPU1] epochs: [194/500] train_loss_con: 5.539 energy_loss: -24.288
[GPU1] epochs: [195/500] train_loss_con: 5.537 energy_loss: -0.356
[GPU1] epochs: [196/500] train_loss_con: 5.539 energy_loss: -0.648
[GPU1] epochs: [197/500] train_loss_con: 5.540 energy_loss: -1.388
[GPU1] epochs: [198/500] train_loss_con: 5.540 energy_loss: -2.440
[GPU1] epochs: [199/500] train_loss_con: 5.536 energy_loss: -4.828
[GPU1] epochs: [200/500] train_loss_con: 5.539 energy_loss: -25.854
[GPU1] epochs: [201/500] train_loss_con: 5.536 energy_loss: -0.398
[GPU1] epochs: [202/500] train_loss_con: 5.537 energy_loss: -0.612
[GPU1] epochs: [203/500] train_loss_con: 5.540 energy_loss: -0.872
[GPU1] epochs: [204/500] train_loss_con: 5.537 energy_loss: -1.208
[GPU1] epochs: [205/500] train_loss_con: 5.534 energy_loss: -1.758
[GPU1] epochs: [206/500] train_loss_con: 5.533 energy_loss: -2.763
[GPU1] epochs: [207/500] train_loss_con: 5.537 energy_loss: -4.944
[GPU1] epochs: [208/500] train_loss_con: 5.534 energy_loss: -12.440
[GPU1] epochs: [209/500] train_loss_con: 5.534 energy_loss: -48.282
[GPU1] epochs: [210/500] train_loss_con: 5.533 energy_loss: -33.842
[GPU1] epochs: [211/500] train_loss_con: 5.534 energy_loss: -0.176
[GPU1] epochs: [212/500] train_loss_con: 5.533 energy_loss: -0.628
[GPU1] epochs: [213/500] train_loss_con: 5.532 energy_loss: -1.694
[GPU1] epochs: [214/500] train_loss_con: 5.532 energy_loss: -4.742
[GPU1] epochs: [215/500] train_loss_con: 5.535 energy_loss: -18.248
[GPU1] epochs: [216/500] train_loss_con: 5.533 energy_loss: -53.991
[GPU1] epochs: [217/500] train_loss_con: 5.533 energy_loss: -83.243
[GPU1] epochs: [218/500] train_loss_con: 5.532 energy_loss: -97.928
[GPU1] epochs: [219/500] train_loss_con: 5.535 energy_loss: -39.810
[GPU1] epochs: [220/500] train_loss_con: 5.532 energy_loss: -37.248
[GPU1] epochs: [221/500] train_loss_con: 5.529 energy_loss: -5.309
[GPU1] epochs: [222/500] train_loss_con: 5.528 energy_loss: -47.189
[GPU1] epochs: [223/500] train_loss_con: 5.529 energy_loss: -144.040
[GPU1] epochs: [224/500] train_loss_con: 5.530 energy_loss: -136.511
[GPU1] epochs: [225/500] train_loss_con: 5.530 energy_loss: -34.903
[GPU1] epochs: [226/500] train_loss_con: 5.530 energy_loss: -30.108
[GPU1] epochs: [227/500] train_loss_con: 5.527 energy_loss: -259.981
[GPU1] epochs: [228/500] train_loss_con: 5.531 energy_loss: -673.958
[GPU1] epochs: [229/500] train_loss_con: 5.528 energy_loss: -861.109
[GPU1] epochs: [230/500] train_loss_con: 5.527 energy_loss: -900.613
[GPU1] epochs: [231/500] train_loss_con: 5.528 energy_loss: -931.049
[GPU1] epochs: [232/500] train_loss_con: 5.528 energy_loss: -956.136
[GPU1] epochs: [233/500] train_loss_con: 5.524 energy_loss: -978.231
[GPU1] epochs: [234/500] train_loss_con: 5.529 energy_loss: -998.060
[GPU1] epochs: [235/500] train_loss_con: 5.526 energy_loss: -1016.684
[GPU1] epochs: [236/500] train_loss_con: 5.525 energy_loss: -1033.786
[GPU1] epochs: [237/500] train_loss_con: 5.524 energy_loss: -1049.916
[GPU1] epochs: [238/500] train_loss_con: 5.525 energy_loss: -1065.161
[GPU1] epochs: [239/500] train_loss_con: 5.527 energy_loss: -1079.983
[GPU1] epochs: [240/500] train_loss_con: 5.524 energy_loss: -1094.340
[GPU1] epochs: [241/500] train_loss_con: 5.524 energy_loss: -1108.300
[GPU1] epochs: [242/500] train_loss_con: 5.523 energy_loss: -1121.996
[GPU1] epochs: [243/500] train_loss_con: 5.527 energy_loss: -1135.556
[GPU1] epochs: [244/500] train_loss_con: 5.523 energy_loss: -1148.872
[GPU1] epochs: [245/500] train_loss_con: 5.522 energy_loss: -1162.205
[GPU1] epochs: [246/500] train_loss_con: 5.522 energy_loss: -1175.358
[GPU1] epochs: [247/500] train_loss_con: 5.521 energy_loss: -1188.665
[GPU1] epochs: [248/500] train_loss_con: 5.524 energy_loss: -1201.656
[GPU1] epochs: [249/500] train_loss_con: 5.520 energy_loss: -1215.181
[GPU1] epochs: [250/500] train_loss_con: 5.520 energy_loss: -1228.177
[GPU1] epochs: [251/500] train_loss_con: 5.525 energy_loss: -1236.181
[GPU1] epochs: [252/500] train_loss_con: 5.520 energy_loss: -777.497
[GPU1] epochs: [253/500] train_loss_con: 5.521 energy_loss: -1213.049
[GPU1] epochs: [254/500] train_loss_con: 5.517 energy_loss: -1247.302
[GPU1] epochs: [255/500] train_loss_con: 5.521 energy_loss: -1264.212
[GPU1] epochs: [256/500] train_loss_con: 5.518 energy_loss: -1279.683
[GPU1] epochs: [257/500] train_loss_con: 5.519 energy_loss: -1294.113
[GPU1] epochs: [258/500] train_loss_con: 5.518 energy_loss: -1308.181
[GPU1] epochs: [259/500] train_loss_con: 5.515 energy_loss: -1321.580
[GPU1] epochs: [260/500] train_loss_con: 5.521 energy_loss: -1334.411
[GPU1] epochs: [261/500] train_loss_con: 5.518 energy_loss: -1346.639
[GPU1] epochs: [262/500] train_loss_con: 5.519 energy_loss: -1358.733
[GPU1] epochs: [263/500] train_loss_con: 5.518 energy_loss: -1370.186
[GPU1] epochs: [264/500] train_loss_con: 5.517 energy_loss: -1381.381
[GPU1] epochs: [265/500] train_loss_con: 5.519 energy_loss: -1392.324
[GPU1] epochs: [266/500] train_loss_con: 5.518 energy_loss: -1403.253
[GPU1] epochs: [267/500] train_loss_con: 5.516 energy_loss: -1414.089
[GPU1] epochs: [268/500] train_loss_con: 5.515 energy_loss: -1424.752
[GPU1] epochs: [269/500] train_loss_con: 5.514 energy_loss: -1435.625
[GPU1] epochs: [270/500] train_loss_con: 5.514 energy_loss: -1446.295
[GPU1] epochs: [271/500] train_loss_con: 5.516 energy_loss: -1456.924
[GPU1] epochs: [272/500] train_loss_con: 5.514 energy_loss: -1467.813
[GPU1] epochs: [273/500] train_loss_con: 5.513 energy_loss: -1478.359
[GPU1] epochs: [274/500] train_loss_con: 5.513 energy_loss: -1489.237
[GPU1] epochs: [275/500] train_loss_con: 5.515 energy_loss: -1499.933
[GPU1] epochs: [276/500] train_loss_con: 5.515 energy_loss: -1511.179
[GPU1] epochs: [277/500] train_loss_con: 5.513 energy_loss: -1521.874
[GPU1] epochs: [278/500] train_loss_con: 5.514 energy_loss: -1533.450
[GPU1] epochs: [279/500] train_loss_con: 5.514 energy_loss: -1544.929
[GPU1] epochs: [280/500] train_loss_con: 5.510 energy_loss: -1555.785
[GPU1] epochs: [281/500] train_loss_con: 5.513 energy_loss: -1567.068
[GPU1] epochs: [282/500] train_loss_con: 5.510 energy_loss: -1578.361
[GPU1] epochs: [283/500] train_loss_con: 5.511 energy_loss: -1589.710
[GPU1] epochs: [284/500] train_loss_con: 5.510 energy_loss: -1415.708
[GPU1] epochs: [285/500] train_loss_con: 5.512 energy_loss: -16.572
[GPU1] epochs: [286/500] train_loss_con: 5.513 energy_loss: -261.515
[GPU1] epochs: [287/500] train_loss_con: 5.511 energy_loss: -28.254
[GPU1] epochs: [288/500] train_loss_con: 5.510 energy_loss: -3.860
[GPU1] epochs: [289/500] train_loss_con: 5.510 energy_loss: -12.168
[GPU1] epochs: [290/500] train_loss_con: 5.510 energy_loss: -38.242
[GPU1] epochs: [291/500] train_loss_con: 5.509 energy_loss: -309.998
[GPU1] epochs: [292/500] train_loss_con: 5.510 energy_loss: -1181.839
[GPU1] epochs: [293/500] train_loss_con: 5.509 energy_loss: -1577.725
[GPU1] epochs: [294/500] train_loss_con: 5.510 energy_loss: -1608.214
[GPU1] epochs: [295/500] train_loss_con: 5.509 energy_loss: -1627.293
[GPU1] epochs: [296/500] train_loss_con: 5.507 energy_loss: -1643.225
[GPU1] epochs: [297/500] train_loss_con: 5.505 energy_loss: -1657.383
[GPU1] epochs: [298/500] train_loss_con: 5.508 energy_loss: -1670.453
[GPU1] epochs: [299/500] train_loss_con: 5.506 energy_loss: -1682.890
[GPU1] epochs: [300/500] train_loss_con: 5.510 energy_loss: -1694.620
[GPU1] epochs: [301/500] train_loss_con: 5.508 energy_loss: -1705.699
[GPU1] epochs: [302/500] train_loss_con: 5.505 energy_loss: -1716.367
[GPU1] epochs: [303/500] train_loss_con: 5.506 energy_loss: -1726.934
[GPU1] epochs: [304/500] train_loss_con: 5.509 energy_loss: -1737.385
[GPU1] epochs: [305/500] train_loss_con: 5.504 energy_loss: -1747.467
[GPU1] epochs: [306/500] train_loss_con: 5.505 energy_loss: -1757.673
[GPU1] epochs: [307/500] train_loss_con: 5.507 energy_loss: -1767.788
[GPU1] epochs: [308/500] train_loss_con: 5.503 energy_loss: -1777.480
[GPU1] epochs: [309/500] train_loss_con: 5.508 energy_loss: -1787.422
[GPU1] epochs: [310/500] train_loss_con: 5.506 energy_loss: -1797.214
[GPU1] epochs: [311/500] train_loss_con: 5.506 energy_loss: -1806.927
[GPU1] epochs: [312/500] train_loss_con: 5.505 energy_loss: -1815.842
[GPU1] epochs: [313/500] train_loss_con: 5.506 energy_loss: -1825.988
[GPU1] epochs: [314/500] train_loss_con: 5.507 energy_loss: -1835.762
[GPU1] epochs: [315/500] train_loss_con: 5.506 energy_loss: -1845.158
[GPU1] epochs: [316/500] train_loss_con: 5.504 energy_loss: -1852.275
[GPU1] epochs: [317/500] train_loss_con: 5.503 energy_loss: -1864.721
[GPU1] epochs: [318/500] train_loss_con: 5.504 energy_loss: -1874.476
[GPU1] epochs: [319/500] train_loss_con: 5.505 energy_loss: -1193.900
[GPU1] epochs: [320/500] train_loss_con: 5.502 energy_loss: -1827.612
[GPU1] epochs: [321/500] train_loss_con: 5.502 energy_loss: -1878.731
[GPU1] epochs: [322/500] train_loss_con: 5.501 energy_loss: -1893.189
[GPU1] epochs: [323/500] train_loss_con: 5.502 energy_loss: -1905.537
[GPU1] epochs: [324/500] train_loss_con: 5.503 energy_loss: -1916.419
[GPU1] epochs: [325/500] train_loss_con: 5.500 energy_loss: -1927.367
[GPU1] epochs: [326/500] train_loss_con: 5.499 energy_loss: -1937.513
[GPU1] epochs: [327/500] train_loss_con: 5.502 energy_loss: -1947.271
[GPU1] epochs: [328/500] train_loss_con: 5.500 energy_loss: -1956.822
[GPU1] epochs: [329/500] train_loss_con: 5.502 energy_loss: -1966.012
[GPU1] epochs: [330/500] train_loss_con: 5.502 energy_loss: -1975.111
[GPU1] epochs: [331/500] train_loss_con: 5.500 energy_loss: -1984.006
[GPU1] epochs: [332/500] train_loss_con: 5.500 energy_loss: -1992.883
[GPU1] epochs: [333/500] train_loss_con: 5.501 energy_loss: -2001.631
[GPU1] epochs: [334/500] train_loss_con: 5.500 energy_loss: -2010.339
[GPU1] epochs: [335/500] train_loss_con: 5.497 energy_loss: -2019.043
[GPU1] epochs: [336/500] train_loss_con: 5.498 energy_loss: -2027.623
[GPU1] epochs: [337/500] train_loss_con: 5.499 energy_loss: -2036.179
[GPU1] epochs: [338/500] train_loss_con: 5.497 energy_loss: -2044.799
[GPU1] epochs: [339/500] train_loss_con: 5.498 energy_loss: -2053.351
[GPU1] epochs: [340/500] train_loss_con: 5.495 energy_loss: -2061.582
[GPU1] epochs: [341/500] train_loss_con: 5.500 energy_loss: -2070.310
[GPU1] epochs: [342/500] train_loss_con: 5.497 energy_loss: -2078.858
[GPU1] epochs: [343/500] train_loss_con: 5.498 energy_loss: -2087.365
[GPU1] epochs: [344/500] train_loss_con: 5.495 energy_loss: -2095.105
[GPU1] epochs: [345/500] train_loss_con: 5.497 energy_loss: -2103.878
[GPU1] epochs: [346/500] train_loss_con: 5.496 energy_loss: -2112.137
[GPU1] epochs: [347/500] train_loss_con: 5.494 energy_loss: -2120.555
[GPU1] epochs: [348/500] train_loss_con: 5.497 energy_loss: -2128.793
[GPU1] epochs: [349/500] train_loss_con: 5.495 energy_loss: -2136.795
[GPU1] epochs: [350/500] train_loss_con: 5.496 energy_loss: -2144.629
[GPU1] epochs: [351/500] train_loss_con: 5.494 energy_loss: -2152.871
[GPU1] epochs: [352/500] train_loss_con: 5.491 energy_loss: -2157.869
[GPU1] epochs: [353/500] train_loss_con: 5.496 energy_loss: -198.434
[GPU1] epochs: [354/500] train_loss_con: 5.494 energy_loss: -17.438
[GPU1] epochs: [355/500] train_loss_con: 5.494 energy_loss: -55.732
[GPU1] epochs: [356/500] train_loss_con: 5.493 energy_loss: -342.458
[GPU1] epochs: [357/500] train_loss_con: 5.493 energy_loss: -0.328
[GPU1] epochs: [358/500] train_loss_con: 5.494 energy_loss: -1.774
[GPU1] epochs: [359/500] train_loss_con: 5.495 energy_loss: -3.964
[GPU1] epochs: [360/500] train_loss_con: 5.495 energy_loss: -9.308
[GPU1] epochs: [361/500] train_loss_con: 5.493 energy_loss: -54.527
[GPU1] epochs: [362/500] train_loss_con: 5.490 energy_loss: -665.446
[GPU1] epochs: [363/500] train_loss_con: 5.493 energy_loss: -1824.769
[GPU1] epochs: [364/500] train_loss_con: 5.493 energy_loss: -2090.593
[GPU1] epochs: [365/500] train_loss_con: 5.490 energy_loss: -2134.956
[GPU1] epochs: [366/500] train_loss_con: 5.493 energy_loss: -2161.649
[GPU1] epochs: [367/500] train_loss_con: 5.492 energy_loss: -2180.543
[GPU1] epochs: [368/500] train_loss_con: 5.495 energy_loss: -2195.627
[GPU1] epochs: [369/500] train_loss_con: 5.491 energy_loss: -2208.825
[GPU1] epochs: [370/500] train_loss_con: 5.492 energy_loss: -2220.703
[GPU1] epochs: [371/500] train_loss_con: 5.489 energy_loss: -2231.558
[GPU1] epochs: [372/500] train_loss_con: 5.492 energy_loss: -2241.873
[GPU1] epochs: [373/500] train_loss_con: 5.490 energy_loss: -2251.599
[GPU1] epochs: [374/500] train_loss_con: 5.488 energy_loss: -2261.235
[GPU1] epochs: [375/500] train_loss_con: 5.488 energy_loss: -2270.337
[GPU1] epochs: [376/500] train_loss_con: 5.490 energy_loss: -2279.297
[GPU1] epochs: [377/500] train_loss_con: 5.490 energy_loss: -2288.071
[GPU1] epochs: [378/500] train_loss_con: 5.492 energy_loss: -2296.714
[GPU1] epochs: [379/500] train_loss_con: 5.492 energy_loss: -2305.098
[GPU1] epochs: [380/500] train_loss_con: 5.488 energy_loss: -2313.546
[GPU1] epochs: [381/500] train_loss_con: 5.489 energy_loss: -2321.918
[GPU1] epochs: [382/500] train_loss_con: 5.486 energy_loss: -2329.813
[GPU1] epochs: [383/500] train_loss_con: 5.488 energy_loss: -2337.982
[GPU1] epochs: [384/500] train_loss_con: 5.490 energy_loss: -2346.188
[GPU1] epochs: [385/500] train_loss_con: 5.489 energy_loss: -2354.022
[GPU1] epochs: [386/500] train_loss_con: 5.486 energy_loss: -2362.348
[GPU1] epochs: [387/500] train_loss_con: 5.486 energy_loss: -2370.417
[GPU1] epochs: [388/500] train_loss_con: 5.489 energy_loss: -2378.377
[GPU1] epochs: [389/500] train_loss_con: 5.488 energy_loss: -2386.236
[GPU1] epochs: [390/500] train_loss_con: 5.484 energy_loss: -2393.997
[GPU1] epochs: [391/500] train_loss_con: 5.487 energy_loss: -2401.638
[GPU1] epochs: [392/500] train_loss_con: 5.486 energy_loss: -2409.646
[GPU1] epochs: [393/500] train_loss_con: 5.487 energy_loss: -2417.633
[GPU1] epochs: [394/500] train_loss_con: 5.487 energy_loss: -2425.273
[GPU1] epochs: [395/500] train_loss_con: 5.486 energy_loss: -2023.622
[GPU1] epochs: [396/500] train_loss_con: 5.488 energy_loss: -5.391
[GPU1] epochs: [397/500] train_loss_con: 5.486 energy_loss: -20.949
[GPU1] epochs: [398/500] train_loss_con: 5.488 energy_loss: -52.829
[GPU1] epochs: [399/500] train_loss_con: 5.487 energy_loss: -261.487
[GPU1] epochs: [400/500] train_loss_con: 5.487 energy_loss: -179.718
[GPU1] epochs: [401/500] train_loss_con: 5.488 energy_loss: -48.730
[GPU1] epochs: [402/500] train_loss_con: 5.486 energy_loss: -1291.815
[GPU1] epochs: [403/500] train_loss_con: 5.488 energy_loss: -2245.931
[GPU1] epochs: [404/500] train_loss_con: 5.483 energy_loss: -2364.949
[GPU1] epochs: [405/500] train_loss_con: 5.483 energy_loss: -2401.701
[GPU1] epochs: [406/500] train_loss_con: 5.484 energy_loss: -2426.502
[GPU1] epochs: [407/500] train_loss_con: 5.488 energy_loss: -2445.120
[GPU1] epochs: [408/500] train_loss_con: 5.483 energy_loss: -2460.411
[GPU1] epochs: [409/500] train_loss_con: 5.481 energy_loss: -2473.606
[GPU1] epochs: [410/500] train_loss_con: 5.485 energy_loss: -2485.280
[GPU1] epochs: [411/500] train_loss_con: 5.482 energy_loss: -2495.764
[GPU1] epochs: [412/500] train_loss_con: 5.484 energy_loss: -2505.717
[GPU1] epochs: [413/500] train_loss_con: 5.485 energy_loss: -2515.399
[GPU1] epochs: [414/500] train_loss_con: 5.484 energy_loss: -2524.561
[GPU1] epochs: [415/500] train_loss_con: 5.483 energy_loss: -2533.507
[GPU1] epochs: [416/500] train_loss_con: 5.482 energy_loss: -2542.206
[GPU1] epochs: [417/500] train_loss_con: 5.483 energy_loss: -2550.808
[GPU1] epochs: [418/500] train_loss_con: 5.485 energy_loss: -2559.121
[GPU1] epochs: [419/500] train_loss_con: 5.485 energy_loss: -2567.210
[GPU1] epochs: [420/500] train_loss_con: 5.481 energy_loss: -2575.394
[GPU1] epochs: [421/500] train_loss_con: 5.481 energy_loss: -2583.418
[GPU1] epochs: [422/500] train_loss_con: 5.483 energy_loss: -2591.307
[GPU1] epochs: [423/500] train_loss_con: 5.483 energy_loss: -2599.102
[GPU1] epochs: [424/500] train_loss_con: 5.479 energy_loss: -2606.983
[GPU1] epochs: [425/500] train_loss_con: 5.481 energy_loss: -2614.791
[GPU1] epochs: [426/500] train_loss_con: 5.482 energy_loss: -2622.636
[GPU1] epochs: [427/500] train_loss_con: 5.480 energy_loss: -2630.003
[GPU1] epochs: [428/500] train_loss_con: 5.480 energy_loss: -2637.886
[GPU1] epochs: [429/500] train_loss_con: 5.481 energy_loss: -2645.603
[GPU1] epochs: [430/500] train_loss_con: 5.482 energy_loss: -2653.410
[GPU1] epochs: [431/500] train_loss_con: 5.481 energy_loss: -2661.025
[GPU1] epochs: [432/500] train_loss_con: 5.479 energy_loss: -2668.517
[GPU1] epochs: [433/500] train_loss_con: 5.481 energy_loss: -2676.278
[GPU1] epochs: [434/500] train_loss_con: 5.479 energy_loss: -2683.918
[GPU1] epochs: [435/500] train_loss_con: 5.480 energy_loss: -2691.547
[GPU1] epochs: [436/500] train_loss_con: 5.481 energy_loss: -2699.031
[GPU1] epochs: [437/500] train_loss_con: 5.480 energy_loss: -2706.364
[GPU1] epochs: [438/500] train_loss_con: 5.479 energy_loss: -2713.805
[GPU1] epochs: [439/500] train_loss_con: 5.481 energy_loss: -2721.726
[GPU1] epochs: [440/500] train_loss_con: 5.478 energy_loss: -2729.044
[GPU1] epochs: [441/500] train_loss_con: 5.476 energy_loss: -2737.053
[GPU1] epochs: [442/500] train_loss_con: 5.477 energy_loss: -2743.802
[GPU1] epochs: [443/500] train_loss_con: 5.478 energy_loss: -2752.045
[GPU1] epochs: [444/500] train_loss_con: 5.478 energy_loss: -2759.407
[GPU1] epochs: [445/500] train_loss_con: 5.478 energy_loss: -2767.362
[GPU1] epochs: [446/500] train_loss_con: 5.478 energy_loss: -2126.436
[GPU1] epochs: [447/500] train_loss_con: 5.478 energy_loss: -2388.125
[GPU1] epochs: [448/500] train_loss_con: 5.475 energy_loss: -2741.761
[GPU1] epochs: [449/500] train_loss_con: 5.476 energy_loss: -2760.625
[GPU1] epochs: [450/500] train_loss_con: 5.477 energy_loss: -2774.835
[GPU1] epochs: [451/500] train_loss_con: 5.479 energy_loss: -2787.103
[GPU1] epochs: [452/500] train_loss_con: 5.478 energy_loss: -2798.151
[GPU1] epochs: [453/500] train_loss_con: 5.478 energy_loss: -2808.490
[GPU1] epochs: [454/500] train_loss_con: 5.477 energy_loss: -2818.554
[GPU1] epochs: [455/500] train_loss_con: 5.478 energy_loss: -2828.049
[GPU1] epochs: [456/500] train_loss_con: 5.477 energy_loss: -2837.231
[GPU1] epochs: [457/500] train_loss_con: 5.477 energy_loss: -2846.043
[GPU1] epochs: [458/500] train_loss_con: 5.475 energy_loss: -2854.701
[GPU1] epochs: [459/500] train_loss_con: 5.477 energy_loss: -2863.093
[GPU1] epochs: [460/500] train_loss_con: 5.478 energy_loss: -2871.294
[GPU1] epochs: [461/500] train_loss_con: 5.475 energy_loss: -2879.484
[GPU1] epochs: [462/500] train_loss_con: 5.474 energy_loss: -2887.513
[GPU1] epochs: [463/500] train_loss_con: 5.475 energy_loss: -2895.384
[GPU1] epochs: [464/500] train_loss_con: 5.478 energy_loss: -2903.213
[GPU1] epochs: [465/500] train_loss_con: 5.472 energy_loss: -2910.912
[GPU1] epochs: [466/500] train_loss_con: 5.476 energy_loss: -2918.764
[GPU1] epochs: [467/500] train_loss_con: 5.471 energy_loss: -2926.444
[GPU1] epochs: [468/500] train_loss_con: 5.474 energy_loss: -2934.025
[GPU1] epochs: [469/500] train_loss_con: 5.474 energy_loss: -2941.647
[GPU1] epochs: [470/500] train_loss_con: 5.471 energy_loss: -2949.148
[GPU1] epochs: [471/500] train_loss_con: 5.472 energy_loss: -2956.650
[GPU1] epochs: [472/500] train_loss_con: 5.472 energy_loss: -2964.104
[GPU1] epochs: [473/500] train_loss_con: 5.476 energy_loss: -2971.621
[GPU1] epochs: [474/500] train_loss_con: 5.474 energy_loss: -2979.000
[GPU1] epochs: [475/500] train_loss_con: 5.473 energy_loss: -2986.461
[GPU1] epochs: [476/500] train_loss_con: 5.475 energy_loss: -2994.034
[GPU1] epochs: [477/500] train_loss_con: 5.476 energy_loss: -3001.401
[GPU1] epochs: [478/500] train_loss_con: 5.472 energy_loss: -3008.872
[GPU1] epochs: [479/500] train_loss_con: 5.471 energy_loss: -3016.361
[GPU1] epochs: [480/500] train_loss_con: 5.472 energy_loss: -3023.714
[GPU1] epochs: [481/500] train_loss_con: 5.471 energy_loss: -3031.315
[GPU1] epochs: [482/500] train_loss_con: 5.475 energy_loss: -3038.616
[GPU1] epochs: [483/500] train_loss_con: 5.472 energy_loss: -3046.312
[GPU1] epochs: [484/500] train_loss_con: 5.472 energy_loss: -3053.630
[GPU1] epochs: [485/500] train_loss_con: 5.476 energy_loss: -3060.247
[GPU1] epochs: [486/500] train_loss_con: 5.474 energy_loss: -3068.091
[GPU1] epochs: [487/500] train_loss_con: 5.471 energy_loss: -3075.676
[GPU1] epochs: [488/500] train_loss_con: 5.471 energy_loss: -3083.203
[GPU1] epochs: [489/500] train_loss_con: 5.472 energy_loss: -3090.812
[GPU1] epochs: [490/500] train_loss_con: 5.473 energy_loss: -3097.739
[GPU1] epochs: [491/500] train_loss_con: 5.474 energy_loss: -3104.604
[GPU1] epochs: [492/500] train_loss_con: 5.472 energy_loss: -3112.813
[GPU1] epochs: [493/500] train_loss_con: 5.472 energy_loss: -3120.021
[GPU1] epochs: [494/500] train_loss_con: 5.473 energy_loss: -3127.308
[GPU1] epochs: [495/500] train_loss_con: 5.472 energy_loss: -2205.832
[GPU1] epochs: [496/500] train_loss_con: 5.471 energy_loss: -341.931
[GPU1] epochs: [497/500] train_loss_con: 5.469 energy_loss: -48.731
[GPU1] epochs: [498/500] train_loss_con: 5.473 energy_loss: -434.535
[GPU1] epochs: [499/500] train_loss_con: 5.470 energy_loss: -142.864
[GPU1] epochs: [500/500] train_loss_con: 5.471 energy_loss: -2318.090
### TSNE starts
### MLP training begins
[GPU1] Test Accuracy at epoch: 0: 0.846
[GPU1] epochs: [1/100] train_acc: 0.753 train_loss_sup: 0.954
[GPU1] epochs: [2/100] train_acc: 0.830 train_loss_sup: 0.493
[GPU1] epochs: [3/100] train_acc: 0.837 train_loss_sup: 0.472
[GPU1] epochs: [4/100] train_acc: 0.842 train_loss_sup: 0.459
[GPU1] epochs: [5/100] train_acc: 0.840 train_loss_sup: 0.458
[GPU1] epochs: [6/100] train_acc: 0.843 train_loss_sup: 0.454
[GPU1] epochs: [7/100] train_acc: 0.846 train_loss_sup: 0.443
[GPU1] epochs: [8/100] train_acc: 0.846 train_loss_sup: 0.440
[GPU1] epochs: [9/100] train_acc: 0.848 train_loss_sup: 0.435
[GPU1] epochs: [10/100] train_acc: 0.848 train_loss_sup: 0.435
[GPU1] Test Accuracy at epoch: 10: 0.869
[GPU1] epochs: [11/100] train_acc: 0.849 train_loss_sup: 0.438
[GPU1] epochs: [12/100] train_acc: 0.849 train_loss_sup: 0.437
[GPU1] epochs: [13/100] train_acc: 0.851 train_loss_sup: 0.429
[GPU1] epochs: [14/100] train_acc: 0.849 train_loss_sup: 0.432
[GPU1] epochs: [15/100] train_acc: 0.850 train_loss_sup: 0.429
[GPU1] epochs: [16/100] train_acc: 0.851 train_loss_sup: 0.430
[GPU1] epochs: [17/100] train_acc: 0.852 train_loss_sup: 0.430
[GPU1] epochs: [18/100] train_acc: 0.852 train_loss_sup: 0.426
[GPU1] epochs: [19/100] train_acc: 0.850 train_loss_sup: 0.427
[GPU1] epochs: [20/100] train_acc: 0.852 train_loss_sup: 0.422
[GPU1] Test Accuracy at epoch: 20: 0.876
[GPU1] epochs: [21/100] train_acc: 0.854 train_loss_sup: 0.425
[GPU1] epochs: [22/100] train_acc: 0.852 train_loss_sup: 0.426
[GPU1] epochs: [23/100] train_acc: 0.853 train_loss_sup: 0.422
[GPU1] epochs: [24/100] train_acc: 0.854 train_loss_sup: 0.420
[GPU1] epochs: [25/100] train_acc: 0.853 train_loss_sup: 0.424
[GPU1] epochs: [26/100] train_acc: 0.853 train_loss_sup: 0.419
[GPU1] epochs: [27/100] train_acc: 0.855 train_loss_sup: 0.418
[GPU1] epochs: [28/100] train_acc: 0.853 train_loss_sup: 0.421
[GPU1] epochs: [29/100] train_acc: 0.854 train_loss_sup: 0.421
[GPU1] epochs: [30/100] train_acc: 0.857 train_loss_sup: 0.413
[GPU1] Test Accuracy at epoch: 30: 0.876
[GPU1] epochs: [31/100] train_acc: 0.852 train_loss_sup: 0.422
[GPU1] epochs: [32/100] train_acc: 0.854 train_loss_sup: 0.419
[GPU1] epochs: [33/100] train_acc: 0.855 train_loss_sup: 0.422
[GPU1] epochs: [34/100] train_acc: 0.857 train_loss_sup: 0.414
[GPU1] epochs: [35/100] train_acc: 0.858 train_loss_sup: 0.410
[GPU1] epochs: [36/100] train_acc: 0.858 train_loss_sup: 0.411
[GPU1] epochs: [37/100] train_acc: 0.856 train_loss_sup: 0.412
[GPU1] epochs: [38/100] train_acc: 0.858 train_loss_sup: 0.407
[GPU1] epochs: [39/100] train_acc: 0.855 train_loss_sup: 0.411
[GPU1] epochs: [40/100] train_acc: 0.859 train_loss_sup: 0.409
[GPU1] Test Accuracy at epoch: 40: 0.875
[GPU1] epochs: [41/100] train_acc: 0.857 train_loss_sup: 0.411
[GPU1] epochs: [42/100] train_acc: 0.855 train_loss_sup: 0.410
[GPU1] epochs: [43/100] train_acc: 0.856 train_loss_sup: 0.412
[GPU1] epochs: [44/100] train_acc: 0.858 train_loss_sup: 0.409
[GPU1] epochs: [45/100] train_acc: 0.858 train_loss_sup: 0.405
[GPU1] epochs: [46/100] train_acc: 0.857 train_loss_sup: 0.406
[GPU1] epochs: [47/100] train_acc: 0.858 train_loss_sup: 0.406
[GPU1] epochs: [48/100] train_acc: 0.859 train_loss_sup: 0.404
[GPU1] epochs: [49/100] train_acc: 0.860 train_loss_sup: 0.406
[GPU1] epochs: [50/100] train_acc: 0.860 train_loss_sup: 0.406
[GPU1] Test Accuracy at epoch: 50: 0.877
[GPU1] epochs: [51/100] train_acc: 0.859 train_loss_sup: 0.407
[GPU1] epochs: [52/100] train_acc: 0.859 train_loss_sup: 0.407
[GPU1] epochs: [53/100] train_acc: 0.859 train_loss_sup: 0.405
[GPU1] epochs: [54/100] train_acc: 0.861 train_loss_sup: 0.400
[GPU1] epochs: [55/100] train_acc: 0.858 train_loss_sup: 0.409
[GPU1] epochs: [56/100] train_acc: 0.860 train_loss_sup: 0.402
[GPU1] epochs: [57/100] train_acc: 0.861 train_loss_sup: 0.399
[GPU1] epochs: [58/100] train_acc: 0.861 train_loss_sup: 0.397
[GPU1] epochs: [59/100] train_acc: 0.861 train_loss_sup: 0.399
[GPU1] epochs: [60/100] train_acc: 0.860 train_loss_sup: 0.402
[GPU1] Test Accuracy at epoch: 60: 0.879
[GPU1] epochs: [61/100] train_acc: 0.861 train_loss_sup: 0.399
[GPU1] epochs: [62/100] train_acc: 0.860 train_loss_sup: 0.401
[GPU1] epochs: [63/100] train_acc: 0.861 train_loss_sup: 0.399
[GPU1] epochs: [64/100] train_acc: 0.861 train_loss_sup: 0.396
[GPU1] epochs: [65/100] train_acc: 0.859 train_loss_sup: 0.401
[GPU1] epochs: [66/100] train_acc: 0.861 train_loss_sup: 0.396
[GPU1] epochs: [67/100] train_acc: 0.862 train_loss_sup: 0.395
[GPU1] epochs: [68/100] train_acc: 0.860 train_loss_sup: 0.396
[GPU1] epochs: [69/100] train_acc: 0.863 train_loss_sup: 0.395
[GPU1] epochs: [70/100] train_acc: 0.863 train_loss_sup: 0.392
[GPU1] Test Accuracy at epoch: 70: 0.878
[GPU1] epochs: [71/100] train_acc: 0.861 train_loss_sup: 0.393
[GPU1] epochs: [72/100] train_acc: 0.863 train_loss_sup: 0.394
[GPU1] epochs: [73/100] train_acc: 0.865 train_loss_sup: 0.392
[GPU1] epochs: [74/100] train_acc: 0.863 train_loss_sup: 0.390
[GPU1] epochs: [75/100] train_acc: 0.862 train_loss_sup: 0.392
[GPU1] epochs: [76/100] train_acc: 0.863 train_loss_sup: 0.392
[GPU1] epochs: [77/100] train_acc: 0.863 train_loss_sup: 0.392
[GPU1] epochs: [78/100] train_acc: 0.863 train_loss_sup: 0.390
[GPU1] epochs: [79/100] train_acc: 0.865 train_loss_sup: 0.388
[GPU1] epochs: [80/100] train_acc: 0.863 train_loss_sup: 0.392
[GPU1] Test Accuracy at epoch: 80: 0.879
[GPU1] epochs: [81/100] train_acc: 0.862 train_loss_sup: 0.395
[GPU1] epochs: [82/100] train_acc: 0.865 train_loss_sup: 0.384
[GPU1] epochs: [83/100] train_acc: 0.864 train_loss_sup: 0.391
[GPU1] epochs: [84/100] train_acc: 0.865 train_loss_sup: 0.388
[GPU1] epochs: [85/100] train_acc: 0.864 train_loss_sup: 0.387
[GPU1] epochs: [86/100] train_acc: 0.866 train_loss_sup: 0.386
[GPU1] epochs: [87/100] train_acc: 0.865 train_loss_sup: 0.385
[GPU1] epochs: [88/100] train_acc: 0.864 train_loss_sup: 0.387
[GPU1] epochs: [89/100] train_acc: 0.866 train_loss_sup: 0.383
[GPU1] epochs: [90/100] train_acc: 0.866 train_loss_sup: 0.383
[GPU1] Test Accuracy at epoch: 90: 0.88
[GPU1] epochs: [91/100] train_acc: 0.865 train_loss_sup: 0.384
[GPU1] epochs: [92/100] train_acc: 0.866 train_loss_sup: 0.385
[GPU1] epochs: [93/100] train_acc: 0.867 train_loss_sup: 0.383
[GPU1] epochs: [94/100] train_acc: 0.867 train_loss_sup: 0.381
[GPU1] epochs: [95/100] train_acc: 0.868 train_loss_sup: 0.379
[GPU1] epochs: [96/100] train_acc: 0.866 train_loss_sup: 0.386
[GPU1] epochs: [97/100] train_acc: 0.865 train_loss_sup: 0.387
[GPU1] epochs: [98/100] train_acc: 0.866 train_loss_sup: 0.386
[GPU1] epochs: [99/100] train_acc: 0.866 train_loss_sup: 0.382
[GPU1] epochs: [100/100] train_acc: 0.866 train_loss_sup: 0.385
[GPU1] Final Test Accuracy: 0.88
Model weights saved
