environment: 
YAML: configs/lema.c10.yaml
==> SEED: 42
==> num_classes: 10
==> data_name: cifar10
==> data_params: {'algo': 'lema', 'data_dir': 'datasets/cifar10', 'batch_size': 512, 'num_workers': 3, 'image_size': 32}
==> return_logs: False
==> eval_every: 10
==> n_epochs: 800
==> n_epochs_mlp: 100
==> gpu_id: 0
==> opt: SGD
==> opt_params: {'lr': 0.5, 'momentum': 0.9, 'nesterov': True, 'weight_decay': 0.0001}
==> schedular_params: {'T_max': 800, 'eta_min': 0.001}
==> mlp_opt: SGD
==> mlp_opt_params: {'lr': 0.1, 'momentum': 0.9, 'nesterov': True}
==> energy_model_params: {'eta': 0.01, 'steps': 5}
==> energy_opt: AdamW
==> energy_model_opt_params: {'lr': 0.001}
==> model_params: {'model_name': 'resnet18', 'pretrained': False, 'proj_dim': 128, 'algo_type': 'lema'}
==> mlp_type: linear
==> loss: lema
==> loss_params: {'sim': 'cosine', 'tau': 0.5}
==> distributed: False
==> train_algo: lema
==> model_save_path: saved_models/lema.c10.r18.v3.e800.lin0.1.pth
==> config: configs/lema.c10.yaml
--------------------------------------------------
===> using linear mlp
using optimizer: SGD
using optimizer: SGD
loss function: lema
Files already downloaded and verified
Files already downloaded and verified
Files already downloaded and verified
# of Training Images: 50000
# of Testing Images: 10000
using optimizer: AdamW
### LEMa Training begins
[GPU0] epochs: [1/800] train_loss_con: 6.374 energy_loss: -0.423
[GPU0] epochs: [2/800] train_loss_con: 6.165 energy_loss: -0.509
[GPU0] epochs: [3/800] train_loss_con: 6.067 energy_loss: -0.098
[GPU0] epochs: [4/800] train_loss_con: 5.983 energy_loss: -0.751
[GPU0] epochs: [5/800] train_loss_con: 5.928 energy_loss: -0.034
[GPU0] epochs: [6/800] train_loss_con: 5.888 energy_loss: -0.890
[GPU0] epochs: [7/800] train_loss_con: 5.860 energy_loss: -0.008
[GPU0] epochs: [8/800] train_loss_con: 5.835 energy_loss: -0.031
[GPU0] epochs: [9/800] train_loss_con: 5.822 energy_loss: -0.139
[GPU0] epochs: [10/800] train_loss_con: 5.798 energy_loss: -1.189
[GPU0] epochs: [11/800] train_loss_con: 5.786 energy_loss: -0.321
[GPU0] epochs: [12/800] train_loss_con: 5.773 energy_loss: -0.747
[GPU0] epochs: [13/800] train_loss_con: 5.764 energy_loss: -0.228
[GPU0] epochs: [14/800] train_loss_con: 5.756 energy_loss: -3.348
[GPU0] epochs: [15/800] train_loss_con: 5.749 energy_loss: -0.371
[GPU0] epochs: [16/800] train_loss_con: 5.738 energy_loss: -0.202
[GPU0] epochs: [17/800] train_loss_con: 5.735 energy_loss: -3.027
[GPU0] epochs: [18/800] train_loss_con: 5.729 energy_loss: -4.981
[GPU0] epochs: [19/800] train_loss_con: 5.726 energy_loss: -4.789
[GPU0] epochs: [20/800] train_loss_con: 5.719 energy_loss: -3.525
[GPU0] epochs: [21/800] train_loss_con: 5.718 energy_loss: -0.540
[GPU0] epochs: [22/800] train_loss_con: 5.714 energy_loss: -4.213
[GPU0] epochs: [23/800] train_loss_con: 5.709 energy_loss: -4.106
[GPU0] epochs: [24/800] train_loss_con: 5.708 energy_loss: -0.374
[GPU0] epochs: [25/800] train_loss_con: 5.705 energy_loss: -0.921
[GPU0] epochs: [26/800] train_loss_con: 5.702 energy_loss: -2.486
[GPU0] epochs: [27/800] train_loss_con: 5.701 energy_loss: -11.249
[GPU0] epochs: [28/800] train_loss_con: 5.700 energy_loss: -30.751
[GPU0] epochs: [29/800] train_loss_con: 5.695 energy_loss: -1.225
[GPU0] epochs: [30/800] train_loss_con: 5.695 energy_loss: -54.031
[GPU0] epochs: [31/800] train_loss_con: 5.696 energy_loss: -71.486
[GPU0] epochs: [32/800] train_loss_con: 5.692 energy_loss: -261.947
[GPU0] epochs: [33/800] train_loss_con: 5.691 energy_loss: -327.796
[GPU0] epochs: [34/800] train_loss_con: 5.688 energy_loss: -361.710
[GPU0] epochs: [35/800] train_loss_con: 5.687 energy_loss: -389.628
[GPU0] epochs: [36/800] train_loss_con: 5.682 energy_loss: -414.315
[GPU0] epochs: [37/800] train_loss_con: 5.684 energy_loss: -436.617
[GPU0] epochs: [38/800] train_loss_con: 5.681 energy_loss: -456.933
[GPU0] epochs: [39/800] train_loss_con: 5.679 energy_loss: -475.544
[GPU0] epochs: [40/800] train_loss_con: 5.680 energy_loss: -493.131
[GPU0] epochs: [41/800] train_loss_con: 5.677 energy_loss: -510.720
[GPU0] epochs: [42/800] train_loss_con: 5.676 energy_loss: -529.366
[GPU0] epochs: [43/800] train_loss_con: 5.678 energy_loss: -549.825
[GPU0] epochs: [44/800] train_loss_con: 5.674 energy_loss: -571.771
[GPU0] epochs: [45/800] train_loss_con: 5.672 energy_loss: -593.983
[GPU0] epochs: [46/800] train_loss_con: 5.673 energy_loss: -614.932
[GPU0] epochs: [47/800] train_loss_con: 5.673 energy_loss: -633.940
[GPU0] epochs: [48/800] train_loss_con: 5.669 energy_loss: -651.124
[GPU0] epochs: [49/800] train_loss_con: 5.665 energy_loss: -666.784
[GPU0] epochs: [50/800] train_loss_con: 5.666 energy_loss: -681.320
[GPU0] epochs: [51/800] train_loss_con: 5.661 energy_loss: -695.188
[GPU0] epochs: [52/800] train_loss_con: 5.664 energy_loss: -708.769
[GPU0] epochs: [53/800] train_loss_con: 5.668 energy_loss: -722.224
[GPU0] epochs: [54/800] train_loss_con: 5.661 energy_loss: -735.421
[GPU0] epochs: [55/800] train_loss_con: 5.661 energy_loss: -748.117
[GPU0] epochs: [56/800] train_loss_con: 5.662 energy_loss: -760.180
[GPU0] epochs: [57/800] train_loss_con: 5.661 energy_loss: -771.630
[GPU0] epochs: [58/800] train_loss_con: 5.660 energy_loss: -782.601
[GPU0] epochs: [59/800] train_loss_con: 5.660 energy_loss: -793.180
[GPU0] epochs: [60/800] train_loss_con: 5.657 energy_loss: -803.450
[GPU0] epochs: [61/800] train_loss_con: 5.656 energy_loss: -813.472
[GPU0] epochs: [62/800] train_loss_con: 5.656 energy_loss: -823.289
[GPU0] epochs: [63/800] train_loss_con: 5.657 energy_loss: -832.910
[GPU0] epochs: [64/800] train_loss_con: 5.654 energy_loss: -842.382
[GPU0] epochs: [65/800] train_loss_con: 5.652 energy_loss: -851.716
[GPU0] epochs: [66/800] train_loss_con: 5.656 energy_loss: -860.920
[GPU0] epochs: [67/800] train_loss_con: 5.650 energy_loss: -870.014
[GPU0] epochs: [68/800] train_loss_con: 5.654 energy_loss: -879.025
[GPU0] epochs: [69/800] train_loss_con: 5.651 energy_loss: -887.956
[GPU0] epochs: [70/800] train_loss_con: 5.648 energy_loss: -896.807
[GPU0] epochs: [71/800] train_loss_con: 5.650 energy_loss: -905.590
[GPU0] epochs: [72/800] train_loss_con: 5.649 energy_loss: -914.314
[GPU0] epochs: [73/800] train_loss_con: 5.651 energy_loss: -922.976
[GPU0] epochs: [74/800] train_loss_con: 5.649 energy_loss: -931.593
[GPU0] epochs: [75/800] train_loss_con: 5.648 energy_loss: -940.163
[GPU0] epochs: [76/800] train_loss_con: 5.649 energy_loss: -948.693
[GPU0] epochs: [77/800] train_loss_con: 5.645 energy_loss: -957.190
[GPU0] epochs: [78/800] train_loss_con: 5.643 energy_loss: -965.644
[GPU0] epochs: [79/800] train_loss_con: 5.647 energy_loss: -974.066
[GPU0] epochs: [80/800] train_loss_con: 5.645 energy_loss: -982.468
[GPU0] epochs: [81/800] train_loss_con: 5.644 energy_loss: -990.840
[GPU0] epochs: [82/800] train_loss_con: 5.645 energy_loss: -999.183
[GPU0] epochs: [83/800] train_loss_con: 5.642 energy_loss: -1007.502
[GPU0] epochs: [84/800] train_loss_con: 5.644 energy_loss: -1015.805
[GPU0] epochs: [85/800] train_loss_con: 5.645 energy_loss: -1024.087
[GPU0] epochs: [86/800] train_loss_con: 5.640 energy_loss: -1032.348
[GPU0] epochs: [87/800] train_loss_con: 5.643 energy_loss: -1040.593
[GPU0] epochs: [88/800] train_loss_con: 5.642 energy_loss: -1048.813
[GPU0] epochs: [89/800] train_loss_con: 5.637 energy_loss: -1057.019
[GPU0] epochs: [90/800] train_loss_con: 5.638 energy_loss: -1065.211
[GPU0] epochs: [91/800] train_loss_con: 5.639 energy_loss: -1073.388
[GPU0] epochs: [92/800] train_loss_con: 5.637 energy_loss: -1081.543
[GPU0] epochs: [93/800] train_loss_con: 5.640 energy_loss: -1089.701
[GPU0] epochs: [94/800] train_loss_con: 5.637 energy_loss: -1097.837
[GPU0] epochs: [95/800] train_loss_con: 5.638 energy_loss: -1105.955
[GPU0] epochs: [96/800] train_loss_con: 5.637 energy_loss: -1114.070
[GPU0] epochs: [97/800] train_loss_con: 5.639 energy_loss: -1122.165
[GPU0] epochs: [98/800] train_loss_con: 5.639 energy_loss: -1130.254
[GPU0] epochs: [99/800] train_loss_con: 5.634 energy_loss: -1138.330
[GPU0] epochs: [100/800] train_loss_con: 5.632 energy_loss: -1146.396
[GPU0] epochs: [101/800] train_loss_con: 5.636 energy_loss: -1154.452
[GPU0] epochs: [102/800] train_loss_con: 5.633 energy_loss: -1162.493
[GPU0] epochs: [103/800] train_loss_con: 5.634 energy_loss: -1170.529
[GPU0] epochs: [104/800] train_loss_con: 5.634 energy_loss: -1178.559
[GPU0] epochs: [105/800] train_loss_con: 5.633 energy_loss: -1186.572
[GPU0] epochs: [106/800] train_loss_con: 5.636 energy_loss: -1194.579
[GPU0] epochs: [107/800] train_loss_con: 5.634 energy_loss: -1202.573
[GPU0] epochs: [108/800] train_loss_con: 5.634 energy_loss: -1210.558
[GPU0] epochs: [109/800] train_loss_con: 5.633 energy_loss: -1218.535
[GPU0] epochs: [110/800] train_loss_con: 5.631 energy_loss: -1226.505
[GPU0] epochs: [111/800] train_loss_con: 5.633 energy_loss: -1234.465
[GPU0] epochs: [112/800] train_loss_con: 5.630 energy_loss: -1242.416
[GPU0] epochs: [113/800] train_loss_con: 5.632 energy_loss: -1250.357
[GPU0] epochs: [114/800] train_loss_con: 5.631 energy_loss: -1258.295
[GPU0] epochs: [115/800] train_loss_con: 5.629 energy_loss: -1266.222
[GPU0] epochs: [116/800] train_loss_con: 5.629 energy_loss: -1274.138
[GPU0] epochs: [117/800] train_loss_con: 5.634 energy_loss: -1282.047
[GPU0] epochs: [118/800] train_loss_con: 5.627 energy_loss: -1289.949
[GPU0] epochs: [119/800] train_loss_con: 5.635 energy_loss: -1297.840
[GPU0] epochs: [120/800] train_loss_con: 5.628 energy_loss: -1305.726
[GPU0] epochs: [121/800] train_loss_con: 5.629 energy_loss: -1313.605
[GPU0] epochs: [122/800] train_loss_con: 5.628 energy_loss: -1321.476
[GPU0] epochs: [123/800] train_loss_con: 5.632 energy_loss: -1329.335
[GPU0] epochs: [124/800] train_loss_con: 5.629 energy_loss: -1337.191
[GPU0] epochs: [125/800] train_loss_con: 5.625 energy_loss: -1345.037
[GPU0] epochs: [126/800] train_loss_con: 5.627 energy_loss: -1352.876
[GPU0] epochs: [127/800] train_loss_con: 5.631 energy_loss: -1360.708
[GPU0] epochs: [128/800] train_loss_con: 5.627 energy_loss: -1368.531
[GPU0] epochs: [129/800] train_loss_con: 5.627 energy_loss: -1376.347
[GPU0] epochs: [130/800] train_loss_con: 5.628 energy_loss: -1384.154
[GPU0] epochs: [131/800] train_loss_con: 5.628 energy_loss: -1391.950
[GPU0] epochs: [132/800] train_loss_con: 5.627 energy_loss: -1399.740
[GPU0] epochs: [133/800] train_loss_con: 5.630 energy_loss: -1407.519
[GPU0] epochs: [134/800] train_loss_con: 5.628 energy_loss: -1415.294
[GPU0] epochs: [135/800] train_loss_con: 5.626 energy_loss: -1423.058
[GPU0] epochs: [136/800] train_loss_con: 5.627 energy_loss: -1430.817
[GPU0] epochs: [137/800] train_loss_con: 5.625 energy_loss: -1438.565
[GPU0] epochs: [138/800] train_loss_con: 5.626 energy_loss: -1446.314
[GPU0] epochs: [139/800] train_loss_con: 5.624 energy_loss: -1454.031
[GPU0] epochs: [140/800] train_loss_con: 5.625 energy_loss: -1461.776
[GPU0] epochs: [141/800] train_loss_con: 5.624 energy_loss: -1469.495
[GPU0] epochs: [142/800] train_loss_con: 5.626 energy_loss: -1477.207
[GPU0] epochs: [143/800] train_loss_con: 5.624 energy_loss: -1484.915
[GPU0] epochs: [144/800] train_loss_con: 5.623 energy_loss: -1492.611
[GPU0] epochs: [145/800] train_loss_con: 5.628 energy_loss: -1500.303
[GPU0] epochs: [146/800] train_loss_con: 5.624 energy_loss: -1507.892
[GPU0] epochs: [147/800] train_loss_con: 5.622 energy_loss: -1515.645
[GPU0] epochs: [148/800] train_loss_con: 5.622 energy_loss: -1523.322
[GPU0] epochs: [149/800] train_loss_con: 5.621 energy_loss: -1530.983
[GPU0] epochs: [150/800] train_loss_con: 5.621 energy_loss: -1538.636
[GPU0] epochs: [151/800] train_loss_con: 5.622 energy_loss: -1546.282
[GPU0] epochs: [152/800] train_loss_con: 5.624 energy_loss: -1553.920
[GPU0] epochs: [153/800] train_loss_con: 5.622 energy_loss: -1561.552
[GPU0] epochs: [154/800] train_loss_con: 5.623 energy_loss: -1569.173
[GPU0] epochs: [155/800] train_loss_con: 5.618 energy_loss: -1576.791
[GPU0] epochs: [156/800] train_loss_con: 5.621 energy_loss: -1584.395
[GPU0] epochs: [157/800] train_loss_con: 5.620 energy_loss: -1591.997
[GPU0] epochs: [158/800] train_loss_con: 5.618 energy_loss: -1599.591
[GPU0] epochs: [159/800] train_loss_con: 5.614 energy_loss: -1607.176
[GPU0] epochs: [160/800] train_loss_con: 5.621 energy_loss: -1614.755
[GPU0] epochs: [161/800] train_loss_con: 5.620 energy_loss: -1622.324
[GPU0] epochs: [162/800] train_loss_con: 5.618 energy_loss: -1629.846
[GPU0] epochs: [163/800] train_loss_con: 5.619 energy_loss: -1637.383
[GPU0] epochs: [164/800] train_loss_con: 5.619 energy_loss: -1644.983
[GPU0] epochs: [165/800] train_loss_con: 5.621 energy_loss: -1652.528
[GPU0] epochs: [166/800] train_loss_con: 5.621 energy_loss: -1660.063
[GPU0] epochs: [167/800] train_loss_con: 5.622 energy_loss: -1667.589
[GPU0] epochs: [168/800] train_loss_con: 5.619 energy_loss: -1675.099
[GPU0] epochs: [169/800] train_loss_con: 5.620 energy_loss: -1682.605
[GPU0] epochs: [170/800] train_loss_con: 5.619 energy_loss: -1690.101
[GPU0] epochs: [171/800] train_loss_con: 5.619 energy_loss: -1697.590
[GPU0] epochs: [172/800] train_loss_con: 5.617 energy_loss: -1705.073
[GPU0] epochs: [173/800] train_loss_con: 5.613 energy_loss: -1712.545
[GPU0] epochs: [174/800] train_loss_con: 5.619 energy_loss: -1720.015
[GPU0] epochs: [175/800] train_loss_con: 5.617 energy_loss: -1727.473
[GPU0] epochs: [176/800] train_loss_con: 5.617 energy_loss: -1734.927
[GPU0] epochs: [177/800] train_loss_con: 5.614 energy_loss: -1742.372
[GPU0] epochs: [178/800] train_loss_con: 5.617 energy_loss: -1749.810
[GPU0] epochs: [179/800] train_loss_con: 5.621 energy_loss: -1757.242
[GPU0] epochs: [180/800] train_loss_con: 5.616 energy_loss: -1764.664
[GPU0] epochs: [181/800] train_loss_con: 5.614 energy_loss: -1772.082
[GPU0] epochs: [182/800] train_loss_con: 5.620 energy_loss: -1779.489
[GPU0] epochs: [183/800] train_loss_con: 5.610 energy_loss: -1786.890
[GPU0] epochs: [184/800] train_loss_con: 5.613 energy_loss: -1794.287
[GPU0] epochs: [185/800] train_loss_con: 5.615 energy_loss: -1801.673
[GPU0] epochs: [186/800] train_loss_con: 5.614 energy_loss: -1809.055
[GPU0] epochs: [187/800] train_loss_con: 5.614 energy_loss: -1816.425
[GPU0] epochs: [188/800] train_loss_con: 5.612 energy_loss: -1823.793
[GPU0] epochs: [189/800] train_loss_con: 5.614 energy_loss: -1831.149
[GPU0] epochs: [190/800] train_loss_con: 5.614 energy_loss: -1838.501
[GPU0] epochs: [191/800] train_loss_con: 5.613 energy_loss: -1845.847
[GPU0] epochs: [192/800] train_loss_con: 5.613 energy_loss: -1853.183
[GPU0] epochs: [193/800] train_loss_con: 5.613 energy_loss: -1860.516
[GPU0] epochs: [194/800] train_loss_con: 5.611 energy_loss: -1867.837
[GPU0] epochs: [195/800] train_loss_con: 5.613 energy_loss: -1875.154
[GPU0] epochs: [196/800] train_loss_con: 5.610 energy_loss: -1881.725
[GPU0] epochs: [197/800] train_loss_con: 5.614 energy_loss: -1883.186
[GPU0] epochs: [198/800] train_loss_con: 5.611 energy_loss: -1896.785
[GPU0] epochs: [199/800] train_loss_con: 5.612 energy_loss: -1904.135
[GPU0] epochs: [200/800] train_loss_con: 5.611 energy_loss: -1911.448
[GPU0] epochs: [201/800] train_loss_con: 5.610 energy_loss: -1918.754
[GPU0] epochs: [202/800] train_loss_con: 5.614 energy_loss: -1926.040
[GPU0] epochs: [203/800] train_loss_con: 5.614 energy_loss: -1933.323
[GPU0] epochs: [204/800] train_loss_con: 5.610 energy_loss: -1940.582
[GPU0] epochs: [205/800] train_loss_con: 5.611 energy_loss: -1947.840
[GPU0] epochs: [206/800] train_loss_con: 5.608 energy_loss: -1955.086
[GPU0] epochs: [207/800] train_loss_con: 5.612 energy_loss: -1962.323
[GPU0] epochs: [208/800] train_loss_con: 5.607 energy_loss: -1969.556
[GPU0] epochs: [209/800] train_loss_con: 5.608 energy_loss: -1976.781
[GPU0] epochs: [210/800] train_loss_con: 5.608 energy_loss: -1984.006
[GPU0] epochs: [211/800] train_loss_con: 5.608 energy_loss: -1991.220
[GPU0] epochs: [212/800] train_loss_con: 5.609 energy_loss: -1998.427
[GPU0] epochs: [213/800] train_loss_con: 5.611 energy_loss: -2005.630
[GPU0] epochs: [214/800] train_loss_con: 5.605 energy_loss: -2012.821
[GPU0] epochs: [215/800] train_loss_con: 5.605 energy_loss: -2020.010
[GPU0] epochs: [216/800] train_loss_con: 5.609 energy_loss: -2027.186
[GPU0] epochs: [217/800] train_loss_con: 5.610 energy_loss: -2034.357
[GPU0] epochs: [218/800] train_loss_con: 5.607 energy_loss: -2041.521
[GPU0] epochs: [219/800] train_loss_con: 5.610 energy_loss: -2048.677
[GPU0] epochs: [220/800] train_loss_con: 5.607 energy_loss: -2055.831
[GPU0] epochs: [221/800] train_loss_con: 5.607 energy_loss: -2062.975
[GPU0] epochs: [222/800] train_loss_con: 5.609 energy_loss: -2070.110
[GPU0] epochs: [223/800] train_loss_con: 5.605 energy_loss: -2077.239
[GPU0] epochs: [224/800] train_loss_con: 5.604 energy_loss: -2084.359
[GPU0] epochs: [225/800] train_loss_con: 5.606 energy_loss: -2091.474
[GPU0] epochs: [226/800] train_loss_con: 5.603 energy_loss: -2098.581
[GPU0] epochs: [227/800] train_loss_con: 5.605 energy_loss: -2105.680
[GPU0] epochs: [228/800] train_loss_con: 5.608 energy_loss: -2112.775
[GPU0] epochs: [229/800] train_loss_con: 5.604 energy_loss: -2119.859
[GPU0] epochs: [230/800] train_loss_con: 5.606 energy_loss: -2126.938
[GPU0] epochs: [231/800] train_loss_con: 5.602 energy_loss: -2134.010
[GPU0] epochs: [232/800] train_loss_con: 5.605 energy_loss: -2141.073
[GPU0] epochs: [233/800] train_loss_con: 5.607 energy_loss: -2148.133
[GPU0] epochs: [234/800] train_loss_con: 5.605 energy_loss: -2155.182
[GPU0] epochs: [235/800] train_loss_con: 5.606 energy_loss: -2162.227
[GPU0] epochs: [236/800] train_loss_con: 5.605 energy_loss: -2169.264
[GPU0] epochs: [237/800] train_loss_con: 5.606 energy_loss: -2176.292
[GPU0] epochs: [238/800] train_loss_con: 5.608 energy_loss: -2183.317
[GPU0] epochs: [239/800] train_loss_con: 5.601 energy_loss: -2190.331
[GPU0] epochs: [240/800] train_loss_con: 5.605 energy_loss: -2197.340
[GPU0] epochs: [241/800] train_loss_con: 5.603 energy_loss: -2204.344
[GPU0] epochs: [242/800] train_loss_con: 5.603 energy_loss: -2211.337
[GPU0] epochs: [243/800] train_loss_con: 5.601 energy_loss: -2218.328
[GPU0] epochs: [244/800] train_loss_con: 5.601 energy_loss: -2225.309
[GPU0] epochs: [245/800] train_loss_con: 5.602 energy_loss: -2232.284
[GPU0] epochs: [246/800] train_loss_con: 5.603 energy_loss: -2239.252
[GPU0] epochs: [247/800] train_loss_con: 5.606 energy_loss: -2246.212
[GPU0] epochs: [248/800] train_loss_con: 5.601 energy_loss: -2253.168
[GPU0] epochs: [249/800] train_loss_con: 5.602 energy_loss: -2260.115
[GPU0] epochs: [250/800] train_loss_con: 5.601 energy_loss: -2267.055
[GPU0] epochs: [251/800] train_loss_con: 5.603 energy_loss: -2273.991
[GPU0] epochs: [252/800] train_loss_con: 5.602 energy_loss: -2280.915
[GPU0] epochs: [253/800] train_loss_con: 5.602 energy_loss: -2287.838
[GPU0] epochs: [254/800] train_loss_con: 5.604 energy_loss: -2294.751
[GPU0] epochs: [255/800] train_loss_con: 5.601 energy_loss: -2301.656
[GPU0] epochs: [256/800] train_loss_con: 5.598 energy_loss: -2308.558
[GPU0] epochs: [257/800] train_loss_con: 5.599 energy_loss: -2315.450
[GPU0] epochs: [258/800] train_loss_con: 5.599 energy_loss: -2322.337
[GPU0] epochs: [259/800] train_loss_con: 5.601 energy_loss: -2329.218
[GPU0] epochs: [260/800] train_loss_con: 5.598 energy_loss: -2336.090
[GPU0] epochs: [261/800] train_loss_con: 5.598 energy_loss: -2342.957
[GPU0] epochs: [262/800] train_loss_con: 5.599 energy_loss: -2349.816
[GPU0] epochs: [263/800] train_loss_con: 5.595 energy_loss: -2356.669
[GPU0] epochs: [264/800] train_loss_con: 5.597 energy_loss: -2363.516
[GPU0] epochs: [265/800] train_loss_con: 5.596 energy_loss: -2370.354
[GPU0] epochs: [266/800] train_loss_con: 5.598 energy_loss: -2377.188
[GPU0] epochs: [267/800] train_loss_con: 5.601 energy_loss: -2384.013
[GPU0] epochs: [268/800] train_loss_con: 5.596 energy_loss: -2390.832
[GPU0] epochs: [269/800] train_loss_con: 5.598 energy_loss: -2397.629
[GPU0] epochs: [270/800] train_loss_con: 5.599 energy_loss: -2404.425
[GPU0] epochs: [271/800] train_loss_con: 5.596 energy_loss: -2411.239
[GPU0] epochs: [272/800] train_loss_con: 5.597 energy_loss: -2418.039
[GPU0] epochs: [273/800] train_loss_con: 5.593 energy_loss: -2424.822
[GPU0] epochs: [274/800] train_loss_con: 5.598 energy_loss: -2431.608
[GPU0] epochs: [275/800] train_loss_con: 5.595 energy_loss: -2438.382
[GPU0] epochs: [276/800] train_loss_con: 5.596 energy_loss: -2445.149
[GPU0] epochs: [277/800] train_loss_con: 5.593 energy_loss: -2451.909
[GPU0] epochs: [278/800] train_loss_con: 5.593 energy_loss: -2458.662
[GPU0] epochs: [279/800] train_loss_con: 5.594 energy_loss: -2465.408
[GPU0] epochs: [280/800] train_loss_con: 5.596 energy_loss: -2472.148
[GPU0] epochs: [281/800] train_loss_con: 5.597 energy_loss: -2478.881
[GPU0] epochs: [282/800] train_loss_con: 5.596 energy_loss: -2485.608
[GPU0] epochs: [283/800] train_loss_con: 5.594 energy_loss: -2492.327
[GPU0] epochs: [284/800] train_loss_con: 5.596 energy_loss: -2499.040
[GPU0] epochs: [285/800] train_loss_con: 5.593 energy_loss: -2505.748
[GPU0] epochs: [286/800] train_loss_con: 5.592 energy_loss: -2512.449
[GPU0] epochs: [287/800] train_loss_con: 5.596 energy_loss: -2519.142
[GPU0] epochs: [288/800] train_loss_con: 5.591 energy_loss: -2525.829
[GPU0] epochs: [289/800] train_loss_con: 5.596 energy_loss: -2532.508
[GPU0] epochs: [290/800] train_loss_con: 5.593 energy_loss: -2539.183
[GPU0] epochs: [291/800] train_loss_con: 5.590 energy_loss: -2545.851
[GPU0] epochs: [292/800] train_loss_con: 5.593 energy_loss: -2552.512
[GPU0] epochs: [293/800] train_loss_con: 5.594 energy_loss: -2559.166
[GPU0] epochs: [294/800] train_loss_con: 5.590 energy_loss: -2565.815
[GPU0] epochs: [295/800] train_loss_con: 5.595 energy_loss: -2572.456
[GPU0] epochs: [296/800] train_loss_con: 5.593 energy_loss: -2579.091
[GPU0] epochs: [297/800] train_loss_con: 5.592 energy_loss: -2585.718
[GPU0] epochs: [298/800] train_loss_con: 5.591 energy_loss: -2583.154
[GPU0] epochs: [299/800] train_loss_con: 5.592 energy_loss: -2598.449
[GPU0] epochs: [300/800] train_loss_con: 5.592 energy_loss: -2605.250
[GPU0] epochs: [301/800] train_loss_con: 5.589 energy_loss: -2611.893
[GPU0] epochs: [302/800] train_loss_con: 5.593 energy_loss: -2618.529
[GPU0] epochs: [303/800] train_loss_con: 5.591 energy_loss: -2625.142
[GPU0] epochs: [304/800] train_loss_con: 5.589 energy_loss: -2631.746
[GPU0] epochs: [305/800] train_loss_con: 5.593 energy_loss: -2638.338
[GPU0] epochs: [306/800] train_loss_con: 5.588 energy_loss: -2644.917
[GPU0] epochs: [307/800] train_loss_con: 5.589 energy_loss: -2651.493
[GPU0] epochs: [308/800] train_loss_con: 5.592 energy_loss: -2658.061
[GPU0] epochs: [309/800] train_loss_con: 5.589 energy_loss: -2664.614
[GPU0] epochs: [310/800] train_loss_con: 5.591 energy_loss: -2671.170
[GPU0] epochs: [311/800] train_loss_con: 5.587 energy_loss: -2677.716
[GPU0] epochs: [312/800] train_loss_con: 5.590 energy_loss: -2684.252
[GPU0] epochs: [313/800] train_loss_con: 5.588 energy_loss: -2690.786
[GPU0] epochs: [314/800] train_loss_con: 5.588 energy_loss: -2697.308
[GPU0] epochs: [315/800] train_loss_con: 5.584 energy_loss: -2703.826
[GPU0] epochs: [316/800] train_loss_con: 5.587 energy_loss: -2710.338
[GPU0] epochs: [317/800] train_loss_con: 5.590 energy_loss: -2716.839
[GPU0] epochs: [318/800] train_loss_con: 5.587 energy_loss: -2723.337
[GPU0] epochs: [319/800] train_loss_con: 5.588 energy_loss: -2729.829
[GPU0] epochs: [320/800] train_loss_con: 5.584 energy_loss: -2736.307
[GPU0] epochs: [321/800] train_loss_con: 5.585 energy_loss: -2742.787
[GPU0] epochs: [322/800] train_loss_con: 5.586 energy_loss: -2749.257
[GPU0] epochs: [323/800] train_loss_con: 5.586 energy_loss: -2755.719
[GPU0] epochs: [324/800] train_loss_con: 5.585 energy_loss: -2762.180
[GPU0] epochs: [325/800] train_loss_con: 5.589 energy_loss: -2768.629
[GPU0] epochs: [326/800] train_loss_con: 5.585 energy_loss: -2775.073
[GPU0] epochs: [327/800] train_loss_con: 5.587 energy_loss: -2781.514
[GPU0] epochs: [328/800] train_loss_con: 5.590 energy_loss: -2787.942
[GPU0] epochs: [329/800] train_loss_con: 5.585 energy_loss: -2794.369
[GPU0] epochs: [330/800] train_loss_con: 5.585 energy_loss: -2800.788
[GPU0] epochs: [331/800] train_loss_con: 5.585 energy_loss: -2807.197
[GPU0] epochs: [332/800] train_loss_con: 5.580 energy_loss: -2813.605
[GPU0] epochs: [333/800] train_loss_con: 5.585 energy_loss: -2820.005
[GPU0] epochs: [334/800] train_loss_con: 5.583 energy_loss: -2826.397
[GPU0] epochs: [335/800] train_loss_con: 5.583 energy_loss: -2832.785
[GPU0] epochs: [336/800] train_loss_con: 5.585 energy_loss: -2839.164
[GPU0] epochs: [337/800] train_loss_con: 5.583 energy_loss: -2845.538
[GPU0] epochs: [338/800] train_loss_con: 5.583 energy_loss: -2851.908
[GPU0] epochs: [339/800] train_loss_con: 5.584 energy_loss: -2858.267
[GPU0] epochs: [340/800] train_loss_con: 5.583 energy_loss: -2864.623
[GPU0] epochs: [341/800] train_loss_con: 5.582 energy_loss: -2870.974
[GPU0] epochs: [342/800] train_loss_con: 5.584 energy_loss: -2877.312
[GPU0] epochs: [343/800] train_loss_con: 5.581 energy_loss: -2883.651
[GPU0] epochs: [344/800] train_loss_con: 5.583 energy_loss: -2889.983
[GPU0] epochs: [345/800] train_loss_con: 5.578 energy_loss: -2896.304
[GPU0] epochs: [346/800] train_loss_con: 5.581 energy_loss: -2902.622
[GPU0] epochs: [347/800] train_loss_con: 5.582 energy_loss: -2908.934
[GPU0] epochs: [348/800] train_loss_con: 5.579 energy_loss: -2915.237
[GPU0] epochs: [349/800] train_loss_con: 5.579 energy_loss: -2921.540
[GPU0] epochs: [350/800] train_loss_con: 5.581 energy_loss: -2927.831
[GPU0] epochs: [351/800] train_loss_con: 5.580 energy_loss: -2934.117
[GPU0] epochs: [352/800] train_loss_con: 5.579 energy_loss: -2940.401
[GPU0] epochs: [353/800] train_loss_con: 5.582 energy_loss: -2946.672
[GPU0] epochs: [354/800] train_loss_con: 5.581 energy_loss: -2952.940
[GPU0] epochs: [355/800] train_loss_con: 5.583 energy_loss: -2959.208
[GPU0] epochs: [356/800] train_loss_con: 5.576 energy_loss: -2965.468
[GPU0] epochs: [357/800] train_loss_con: 5.579 energy_loss: -2971.714
[GPU0] epochs: [358/800] train_loss_con: 5.577 energy_loss: -2977.955
[GPU0] epochs: [359/800] train_loss_con: 5.574 energy_loss: -2984.189
[GPU0] epochs: [360/800] train_loss_con: 5.577 energy_loss: -2990.424
[GPU0] epochs: [361/800] train_loss_con: 5.574 energy_loss: -2996.654
[GPU0] epochs: [362/800] train_loss_con: 5.576 energy_loss: -3002.876
[GPU0] epochs: [363/800] train_loss_con: 5.578 energy_loss: -3009.085
[GPU0] epochs: [364/800] train_loss_con: 5.576 energy_loss: -3015.289
[GPU0] epochs: [365/800] train_loss_con: 5.577 energy_loss: -3021.485
[GPU0] epochs: [366/800] train_loss_con: 5.576 energy_loss: -3027.675
[GPU0] epochs: [367/800] train_loss_con: 5.578 energy_loss: -3033.867
[GPU0] epochs: [368/800] train_loss_con: 5.576 energy_loss: -3040.048
[GPU0] epochs: [369/800] train_loss_con: 5.575 energy_loss: -3046.205
[GPU0] epochs: [370/800] train_loss_con: 5.575 energy_loss: -3052.361
[GPU0] epochs: [371/800] train_loss_con: 5.576 energy_loss: -3058.516
[GPU0] epochs: [372/800] train_loss_con: 5.578 energy_loss: -3064.670
[GPU0] epochs: [373/800] train_loss_con: 5.574 energy_loss: -3070.825
[GPU0] epochs: [374/800] train_loss_con: 5.574 energy_loss: -3076.963
[GPU0] epochs: [375/800] train_loss_con: 5.573 energy_loss: -3083.086
[GPU0] epochs: [376/800] train_loss_con: 5.576 energy_loss: -3089.207
[GPU0] epochs: [377/800] train_loss_con: 5.572 energy_loss: -3095.092
[GPU0] epochs: [378/800] train_loss_con: 5.575 energy_loss: -3101.417
[GPU0] epochs: [379/800] train_loss_con: 5.575 energy_loss: -3107.555
[GPU0] epochs: [380/800] train_loss_con: 5.570 energy_loss: -3113.658
[GPU0] epochs: [381/800] train_loss_con: 5.570 energy_loss: -3119.747
[GPU0] epochs: [382/800] train_loss_con: 5.571 energy_loss: -3125.832
[GPU0] epochs: [383/800] train_loss_con: 5.573 energy_loss: -3131.919
[GPU0] epochs: [384/800] train_loss_con: 5.572 energy_loss: -3138.005
[GPU0] epochs: [385/800] train_loss_con: 5.570 energy_loss: -3144.089
[GPU0] epochs: [386/800] train_loss_con: 5.571 energy_loss: -3150.150
[GPU0] epochs: [387/800] train_loss_con: 5.572 energy_loss: -3156.200
[GPU0] epochs: [388/800] train_loss_con: 5.572 energy_loss: -3162.251
[GPU0] epochs: [389/800] train_loss_con: 5.570 energy_loss: -3168.301
[GPU0] epochs: [390/800] train_loss_con: 5.573 energy_loss: -3174.350
[GPU0] epochs: [391/800] train_loss_con: 5.572 energy_loss: -3180.399
[GPU0] epochs: [392/800] train_loss_con: 5.571 energy_loss: -3186.422
[GPU0] epochs: [393/800] train_loss_con: 5.569 energy_loss: -3192.438
[GPU0] epochs: [394/800] train_loss_con: 5.570 energy_loss: -3198.454
[GPU0] epochs: [395/800] train_loss_con: 5.567 energy_loss: -3204.469
[GPU0] epochs: [396/800] train_loss_con: 5.569 energy_loss: -3210.485
[GPU0] epochs: [397/800] train_loss_con: 5.568 energy_loss: -3216.496
[GPU0] epochs: [398/800] train_loss_con: 5.570 energy_loss: -3222.483
[GPU0] epochs: [399/800] train_loss_con: 5.566 energy_loss: -3228.463
[GPU0] epochs: [400/800] train_loss_con: 5.563 energy_loss: -3234.442
[GPU0] epochs: [401/800] train_loss_con: 5.568 energy_loss: -3240.423
[GPU0] epochs: [402/800] train_loss_con: 5.567 energy_loss: -3246.405
[GPU0] epochs: [403/800] train_loss_con: 5.569 energy_loss: -3252.380
[GPU0] epochs: [404/800] train_loss_con: 5.568 energy_loss: -3258.331
[GPU0] epochs: [405/800] train_loss_con: 5.566 energy_loss: -3264.276
[GPU0] epochs: [406/800] train_loss_con: 5.568 energy_loss: -3270.222
[GPU0] epochs: [407/800] train_loss_con: 5.567 energy_loss: -3276.166
[GPU0] epochs: [408/800] train_loss_con: 5.563 energy_loss: -3282.113
[GPU0] epochs: [409/800] train_loss_con: 5.562 energy_loss: -3288.053
[GPU0] epochs: [410/800] train_loss_con: 5.567 energy_loss: -3293.965
[GPU0] epochs: [411/800] train_loss_con: 5.567 energy_loss: -3299.603
[GPU0] epochs: [412/800] train_loss_con: 5.564 energy_loss: -3305.762
[GPU0] epochs: [413/800] train_loss_con: 5.564 energy_loss: -3311.686
[GPU0] epochs: [414/800] train_loss_con: 5.565 energy_loss: -3317.600
[GPU0] epochs: [415/800] train_loss_con: 5.563 energy_loss: -3323.506
[GPU0] epochs: [416/800] train_loss_con: 5.564 energy_loss: -3329.391
[GPU0] epochs: [417/800] train_loss_con: 5.561 energy_loss: -3335.266
[GPU0] epochs: [418/800] train_loss_con: 5.562 energy_loss: -3341.144
[GPU0] epochs: [419/800] train_loss_con: 5.562 energy_loss: -3347.020
[GPU0] epochs: [420/800] train_loss_con: 5.562 energy_loss: -3352.896
[GPU0] epochs: [421/800] train_loss_con: 5.563 energy_loss: -3358.768
[GPU0] epochs: [422/800] train_loss_con: 5.561 energy_loss: -3364.612
[GPU0] epochs: [423/800] train_loss_con: 5.560 energy_loss: -3370.456
[GPU0] epochs: [424/800] train_loss_con: 5.559 energy_loss: -3376.298
[GPU0] epochs: [425/800] train_loss_con: 5.562 energy_loss: -3382.139
[GPU0] epochs: [426/800] train_loss_con: 5.558 energy_loss: -3387.978
[GPU0] epochs: [427/800] train_loss_con: 5.561 energy_loss: -3393.816
[GPU0] epochs: [428/800] train_loss_con: 5.560 energy_loss: -3399.633
[GPU0] epochs: [429/800] train_loss_con: 5.561 energy_loss: -3405.439
[GPU0] epochs: [430/800] train_loss_con: 5.560 energy_loss: -3411.245
[GPU0] epochs: [431/800] train_loss_con: 5.560 energy_loss: -3417.051
[GPU0] epochs: [432/800] train_loss_con: 5.557 energy_loss: -3422.856
[GPU0] epochs: [433/800] train_loss_con: 5.560 energy_loss: -3428.660
[GPU0] epochs: [434/800] train_loss_con: 5.560 energy_loss: -3434.445
[GPU0] epochs: [435/800] train_loss_con: 5.560 energy_loss: -3440.215
[GPU0] epochs: [436/800] train_loss_con: 5.561 energy_loss: -3445.986
[GPU0] epochs: [437/800] train_loss_con: 5.557 energy_loss: -3451.755
[GPU0] epochs: [438/800] train_loss_con: 5.559 energy_loss: -3457.527
[GPU0] epochs: [439/800] train_loss_con: 5.556 energy_loss: -3463.295
[GPU0] epochs: [440/800] train_loss_con: 5.558 energy_loss: -3469.051
[GPU0] epochs: [441/800] train_loss_con: 5.558 energy_loss: -3474.789
[GPU0] epochs: [442/800] train_loss_con: 5.557 energy_loss: -3480.524
[GPU0] epochs: [443/800] train_loss_con: 5.555 energy_loss: -3486.261
[GPU0] epochs: [444/800] train_loss_con: 5.552 energy_loss: -3491.996
[GPU0] epochs: [445/800] train_loss_con: 5.554 energy_loss: -3497.731
[GPU0] epochs: [446/800] train_loss_con: 5.557 energy_loss: -3503.455
[GPU0] epochs: [447/800] train_loss_con: 5.558 energy_loss: -3509.159
[GPU0] epochs: [448/800] train_loss_con: 5.555 energy_loss: -3514.860
[GPU0] epochs: [449/800] train_loss_con: 5.556 energy_loss: -3520.561
[GPU0] epochs: [450/800] train_loss_con: 5.555 energy_loss: -3526.244
[GPU0] epochs: [451/800] train_loss_con: 5.556 energy_loss: -3531.533
[GPU0] epochs: [452/800] train_loss_con: 5.553 energy_loss: -3537.636
[GPU0] epochs: [453/800] train_loss_con: 5.552 energy_loss: -3543.315
[GPU0] epochs: [454/800] train_loss_con: 5.553 energy_loss: -3548.984
[GPU0] epochs: [455/800] train_loss_con: 5.553 energy_loss: -3554.649
[GPU0] epochs: [456/800] train_loss_con: 5.549 energy_loss: -3560.319
[GPU0] epochs: [457/800] train_loss_con: 5.553 energy_loss: -3565.985
[GPU0] epochs: [458/800] train_loss_con: 5.551 energy_loss: -3571.648
[GPU0] epochs: [459/800] train_loss_con: 5.555 energy_loss: -3577.293
[GPU0] epochs: [460/800] train_loss_con: 5.552 energy_loss: -3582.924
[GPU0] epochs: [461/800] train_loss_con: 5.553 energy_loss: -3588.556
[GPU0] epochs: [462/800] train_loss_con: 5.554 energy_loss: -3594.187
[GPU0] epochs: [463/800] train_loss_con: 5.551 energy_loss: -3599.818
[GPU0] epochs: [464/800] train_loss_con: 5.553 energy_loss: -3605.446
[GPU0] epochs: [465/800] train_loss_con: 5.550 energy_loss: -3611.062
[GPU0] epochs: [466/800] train_loss_con: 5.546 energy_loss: -3616.662
[GPU0] epochs: [467/800] train_loss_con: 5.547 energy_loss: -3622.258
[GPU0] epochs: [468/800] train_loss_con: 5.546 energy_loss: -3627.854
[GPU0] epochs: [469/800] train_loss_con: 5.551 energy_loss: -3633.449
[GPU0] epochs: [470/800] train_loss_con: 5.551 energy_loss: -3639.044
[GPU0] epochs: [471/800] train_loss_con: 5.548 energy_loss: -3644.631
[GPU0] epochs: [472/800] train_loss_con: 5.547 energy_loss: -3650.201
[GPU0] epochs: [473/800] train_loss_con: 5.546 energy_loss: -3655.762
[GPU0] epochs: [474/800] train_loss_con: 5.548 energy_loss: -3661.324
[GPU0] epochs: [475/800] train_loss_con: 5.545 energy_loss: -3666.884
[GPU0] epochs: [476/800] train_loss_con: 5.545 energy_loss: -3672.445
[GPU0] epochs: [477/800] train_loss_con: 5.549 energy_loss: -3678.001
[GPU0] epochs: [478/800] train_loss_con: 5.547 energy_loss: -3683.543
[GPU0] epochs: [479/800] train_loss_con: 5.548 energy_loss: -3689.071
[GPU0] epochs: [480/800] train_loss_con: 5.546 energy_loss: -3694.598
[GPU0] epochs: [481/800] train_loss_con: 5.550 energy_loss: -3700.124
[GPU0] epochs: [482/800] train_loss_con: 5.545 energy_loss: -3705.649
[GPU0] epochs: [483/800] train_loss_con: 5.543 energy_loss: -3711.174
[GPU0] epochs: [484/800] train_loss_con: 5.545 energy_loss: -3716.687
[GPU0] epochs: [485/800] train_loss_con: 5.542 energy_loss: -3722.187
[GPU0] epochs: [486/800] train_loss_con: 5.543 energy_loss: -3727.678
[GPU0] epochs: [487/800] train_loss_con: 5.544 energy_loss: -3733.168
[GPU0] epochs: [488/800] train_loss_con: 5.543 energy_loss: -3738.659
[GPU0] epochs: [489/800] train_loss_con: 5.543 energy_loss: -3744.150
[GPU0] epochs: [490/800] train_loss_con: 5.542 energy_loss: -3749.634
[GPU0] epochs: [491/800] train_loss_con: 5.544 energy_loss: -3755.106
[GPU0] epochs: [492/800] train_loss_con: 5.543 energy_loss: -3760.565
[GPU0] epochs: [493/800] train_loss_con: 5.543 energy_loss: -3766.021
[GPU0] epochs: [494/800] train_loss_con: 5.538 energy_loss: -3771.477
[GPU0] epochs: [495/800] train_loss_con: 5.540 energy_loss: -3776.932
[GPU0] epochs: [496/800] train_loss_con: 5.539 energy_loss: -3782.388
[GPU0] epochs: [497/800] train_loss_con: 5.538 energy_loss: -3787.829
[GPU0] epochs: [498/800] train_loss_con: 5.542 energy_loss: -3793.261
[GPU0] epochs: [499/800] train_loss_con: 5.540 energy_loss: -3798.681
[GPU0] epochs: [500/800] train_loss_con: 5.538 energy_loss: -3804.103
[GPU0] epochs: [501/800] train_loss_con: 5.539 energy_loss: -3809.524
[GPU0] epochs: [502/800] train_loss_con: 5.534 energy_loss: -3814.945
[GPU0] epochs: [503/800] train_loss_con: 5.539 energy_loss: -3820.360
[GPU0] epochs: [504/800] train_loss_con: 5.537 energy_loss: -3825.763
[GPU0] epochs: [505/800] train_loss_con: 5.535 energy_loss: -3831.153
[GPU0] epochs: [506/800] train_loss_con: 5.536 energy_loss: -3836.539
[GPU0] epochs: [507/800] train_loss_con: 5.536 energy_loss: -3841.926
[GPU0] epochs: [508/800] train_loss_con: 5.537 energy_loss: -3847.312
[GPU0] epochs: [509/800] train_loss_con: 5.536 energy_loss: -3852.696
[GPU0] epochs: [510/800] train_loss_con: 5.537 energy_loss: -3858.070
[GPU0] epochs: [511/800] train_loss_con: 5.536 energy_loss: -3863.436
[GPU0] epochs: [512/800] train_loss_con: 5.536 energy_loss: -3868.789
[GPU0] epochs: [513/800] train_loss_con: 5.537 energy_loss: -3874.141
[GPU0] epochs: [514/800] train_loss_con: 5.535 energy_loss: -3879.491
[GPU0] epochs: [515/800] train_loss_con: 5.534 energy_loss: -3884.840
[GPU0] epochs: [516/800] train_loss_con: 5.537 energy_loss: -3890.189
[GPU0] epochs: [517/800] train_loss_con: 5.533 energy_loss: -3895.524
[GPU0] epochs: [518/800] train_loss_con: 5.530 energy_loss: -3900.850
[GPU0] epochs: [519/800] train_loss_con: 5.531 energy_loss: -3906.166
[GPU0] epochs: [520/800] train_loss_con: 5.533 energy_loss: -3911.482
[GPU0] epochs: [521/800] train_loss_con: 5.533 energy_loss: -3916.798
[GPU0] epochs: [522/800] train_loss_con: 5.534 energy_loss: -3922.115
[GPU0] epochs: [523/800] train_loss_con: 5.529 energy_loss: -3927.422
[GPU0] epochs: [524/800] train_loss_con: 5.532 energy_loss: -3932.721
[GPU0] epochs: [525/800] train_loss_con: 5.527 energy_loss: -3938.009
[GPU0] epochs: [526/800] train_loss_con: 5.527 energy_loss: -3943.290
[GPU0] epochs: [527/800] train_loss_con: 5.530 energy_loss: -3948.570
[GPU0] epochs: [528/800] train_loss_con: 5.531 energy_loss: -3953.852
[GPU0] epochs: [529/800] train_loss_con: 5.532 energy_loss: -3959.132
[GPU0] epochs: [530/800] train_loss_con: 5.529 energy_loss: -3964.400
[GPU0] epochs: [531/800] train_loss_con: 5.527 energy_loss: -3969.663
[GPU0] epochs: [532/800] train_loss_con: 5.527 energy_loss: -3974.912
[GPU0] epochs: [533/800] train_loss_con: 5.527 energy_loss: -3980.159
[GPU0] epochs: [534/800] train_loss_con: 5.528 energy_loss: -3985.405
[GPU0] epochs: [535/800] train_loss_con: 5.526 energy_loss: -3990.650
[GPU0] epochs: [536/800] train_loss_con: 5.530 energy_loss: -3995.894
[GPU0] epochs: [537/800] train_loss_con: 5.528 energy_loss: -4001.125
[GPU0] epochs: [538/800] train_loss_con: 5.527 energy_loss: -4006.353
[GPU0] epochs: [539/800] train_loss_con: 5.525 energy_loss: -4011.566
[GPU0] epochs: [540/800] train_loss_con: 5.527 energy_loss: -4016.776
[GPU0] epochs: [541/800] train_loss_con: 5.526 energy_loss: -4021.987
[GPU0] epochs: [542/800] train_loss_con: 5.527 energy_loss: -4027.197
[GPU0] epochs: [543/800] train_loss_con: 5.525 energy_loss: -4032.405
[GPU0] epochs: [544/800] train_loss_con: 5.523 energy_loss: -4037.599
[GPU0] epochs: [545/800] train_loss_con: 5.521 energy_loss: -4042.789
[GPU0] epochs: [546/800] train_loss_con: 5.524 energy_loss: -4047.966
[GPU0] epochs: [547/800] train_loss_con: 5.522 energy_loss: -4053.143
[GPU0] epochs: [548/800] train_loss_con: 5.522 energy_loss: -4058.318
[GPU0] epochs: [549/800] train_loss_con: 5.522 energy_loss: -4063.495
[GPU0] epochs: [550/800] train_loss_con: 5.524 energy_loss: -4068.664
[GPU0] epochs: [551/800] train_loss_con: 5.519 energy_loss: -4073.824
[GPU0] epochs: [552/800] train_loss_con: 5.521 energy_loss: -4078.978
[GPU0] epochs: [553/800] train_loss_con: 5.519 energy_loss: -4084.119
[GPU0] epochs: [554/800] train_loss_con: 5.520 energy_loss: -4089.261
[GPU0] epochs: [555/800] train_loss_con: 5.522 energy_loss: -4094.402
[GPU0] epochs: [556/800] train_loss_con: 5.518 energy_loss: -4099.543
[GPU0] epochs: [557/800] train_loss_con: 5.520 energy_loss: -4104.675
[GPU0] epochs: [558/800] train_loss_con: 5.516 energy_loss: -4109.799
[GPU0] epochs: [559/800] train_loss_con: 5.517 energy_loss: -4114.918
[GPU0] epochs: [560/800] train_loss_con: 5.518 energy_loss: -4120.025
[GPU0] epochs: [561/800] train_loss_con: 5.518 energy_loss: -4125.131
[GPU0] epochs: [562/800] train_loss_con: 5.519 energy_loss: -4130.237
[GPU0] epochs: [563/800] train_loss_con: 5.516 energy_loss: -4135.343
[GPU0] epochs: [564/800] train_loss_con: 5.519 energy_loss: -4140.441
[GPU0] epochs: [565/800] train_loss_con: 5.512 energy_loss: -4145.530
[GPU0] epochs: [566/800] train_loss_con: 5.515 energy_loss: -4150.614
[GPU0] epochs: [567/800] train_loss_con: 5.514 energy_loss: -4155.684
[GPU0] epochs: [568/800] train_loss_con: 5.516 energy_loss: -4160.757
[GPU0] epochs: [569/800] train_loss_con: 5.512 energy_loss: -4165.828
[GPU0] epochs: [570/800] train_loss_con: 5.513 energy_loss: -4170.899
[GPU0] epochs: [571/800] train_loss_con: 5.511 energy_loss: -4175.960
[GPU0] epochs: [572/800] train_loss_con: 5.509 energy_loss: -4181.016
[GPU0] epochs: [573/800] train_loss_con: 5.514 energy_loss: -4186.064
[GPU0] epochs: [574/800] train_loss_con: 5.509 energy_loss: -4191.102
[GPU0] epochs: [575/800] train_loss_con: 5.515 energy_loss: -4196.138
[GPU0] epochs: [576/800] train_loss_con: 5.509 energy_loss: -4201.174
[GPU0] epochs: [577/800] train_loss_con: 5.510 energy_loss: -4206.211
[GPU0] epochs: [578/800] train_loss_con: 5.511 energy_loss: -4211.238
[GPU0] epochs: [579/800] train_loss_con: 5.510 energy_loss: -4216.257
[GPU0] epochs: [580/800] train_loss_con: 5.510 energy_loss: -4221.273
[GPU0] epochs: [581/800] train_loss_con: 5.509 energy_loss: -4226.276
[GPU0] epochs: [582/800] train_loss_con: 5.509 energy_loss: -4231.278
[GPU0] epochs: [583/800] train_loss_con: 5.507 energy_loss: -4236.279
[GPU0] epochs: [584/800] train_loss_con: 5.510 energy_loss: -4241.280
[GPU0] epochs: [585/800] train_loss_con: 5.508 energy_loss: -4246.274
[GPU0] epochs: [586/800] train_loss_con: 5.508 energy_loss: -4251.258
[GPU0] epochs: [587/800] train_loss_con: 5.508 energy_loss: -4256.240
[GPU0] epochs: [588/800] train_loss_con: 5.506 energy_loss: -4261.210
[GPU0] epochs: [589/800] train_loss_con: 5.509 energy_loss: -4266.177
[GPU0] epochs: [590/800] train_loss_con: 5.507 energy_loss: -4271.143
[GPU0] epochs: [591/800] train_loss_con: 5.508 energy_loss: -4276.110
[GPU0] epochs: [592/800] train_loss_con: 5.506 energy_loss: -4281.070
[GPU0] epochs: [593/800] train_loss_con: 5.503 energy_loss: -4286.019
[GPU0] epochs: [594/800] train_loss_con: 5.505 energy_loss: -4290.968
[GPU0] epochs: [595/800] train_loss_con: 5.501 energy_loss: -4295.906
[GPU0] epochs: [596/800] train_loss_con: 5.502 energy_loss: -4300.838
[GPU0] epochs: [597/800] train_loss_con: 5.500 energy_loss: -4305.769
[GPU0] epochs: [598/800] train_loss_con: 5.501 energy_loss: -4310.701
[GPU0] epochs: [599/800] train_loss_con: 5.504 energy_loss: -4315.628
[GPU0] epochs: [600/800] train_loss_con: 5.500 energy_loss: -4320.543
[GPU0] epochs: [601/800] train_loss_con: 5.499 energy_loss: -4325.456
[GPU0] epochs: [602/800] train_loss_con: 5.502 energy_loss: -4330.363
[GPU0] epochs: [603/800] train_loss_con: 5.501 energy_loss: -4335.261
[GPU0] epochs: [604/800] train_loss_con: 5.500 energy_loss: -4340.156
[GPU0] epochs: [605/800] train_loss_con: 5.501 energy_loss: -4345.054
[GPU0] epochs: [606/800] train_loss_con: 5.499 energy_loss: -4349.946
[GPU0] epochs: [607/800] train_loss_con: 5.497 energy_loss: -4354.831
[GPU0] epochs: [608/800] train_loss_con: 5.500 energy_loss: -4359.709
[GPU0] epochs: [609/800] train_loss_con: 5.498 energy_loss: -4364.585
[GPU0] epochs: [610/800] train_loss_con: 5.496 energy_loss: -4369.449
[GPU0] epochs: [611/800] train_loss_con: 5.496 energy_loss: -4374.311
[GPU0] epochs: [612/800] train_loss_con: 5.496 energy_loss: -4379.173
[GPU0] epochs: [613/800] train_loss_con: 5.498 energy_loss: -4384.034
[GPU0] epochs: [614/800] train_loss_con: 5.496 energy_loss: -4388.884
[GPU0] epochs: [615/800] train_loss_con: 5.495 energy_loss: -4393.728
[GPU0] epochs: [616/800] train_loss_con: 5.495 energy_loss: -4398.572
[GPU0] epochs: [617/800] train_loss_con: 5.492 energy_loss: -4403.405
[GPU0] epochs: [618/800] train_loss_con: 5.495 energy_loss: -4408.232
[GPU0] epochs: [619/800] train_loss_con: 5.492 energy_loss: -4413.058
[GPU0] epochs: [620/800] train_loss_con: 5.494 energy_loss: -4417.883
[GPU0] epochs: [621/800] train_loss_con: 5.492 energy_loss: -4422.705
[GPU0] epochs: [622/800] train_loss_con: 5.493 energy_loss: -4427.513
[GPU0] epochs: [623/800] train_loss_con: 5.491 energy_loss: -4432.323
[GPU0] epochs: [624/800] train_loss_con: 5.488 energy_loss: -4437.128
[GPU0] epochs: [625/800] train_loss_con: 5.490 energy_loss: -4441.920
[GPU0] epochs: [626/800] train_loss_con: 5.491 energy_loss: -4446.712
[GPU0] epochs: [627/800] train_loss_con: 5.492 energy_loss: -4451.503
[GPU0] epochs: [628/800] train_loss_con: 5.490 energy_loss: -4456.294
[GPU0] epochs: [629/800] train_loss_con: 5.490 energy_loss: -4461.069
[GPU0] epochs: [630/800] train_loss_con: 5.490 energy_loss: -4465.844
[GPU0] epochs: [631/800] train_loss_con: 5.490 energy_loss: -4470.618
[GPU0] epochs: [632/800] train_loss_con: 5.487 energy_loss: -4475.379
[GPU0] epochs: [633/800] train_loss_con: 5.488 energy_loss: -4480.137
[GPU0] epochs: [634/800] train_loss_con: 5.490 energy_loss: -4484.893
[GPU0] epochs: [635/800] train_loss_con: 5.484 energy_loss: -4489.650
[GPU0] epochs: [636/800] train_loss_con: 5.485 energy_loss: -4494.398
[GPU0] epochs: [637/800] train_loss_con: 5.488 energy_loss: -4499.136
[GPU0] epochs: [638/800] train_loss_con: 5.486 energy_loss: -4503.875
[GPU0] epochs: [639/800] train_loss_con: 5.482 energy_loss: -4508.611
[GPU0] epochs: [640/800] train_loss_con: 5.486 energy_loss: -4513.333
[GPU0] epochs: [641/800] train_loss_con: 5.483 energy_loss: -4518.055
[GPU0] epochs: [642/800] train_loss_con: 5.486 energy_loss: -4522.777
[GPU0] epochs: [643/800] train_loss_con: 5.481 energy_loss: -4527.496
[GPU0] epochs: [644/800] train_loss_con: 5.483 energy_loss: -4532.202
[GPU0] epochs: [645/800] train_loss_con: 5.483 energy_loss: -4536.906
[GPU0] epochs: [646/800] train_loss_con: 5.480 energy_loss: -4541.610
[GPU0] epochs: [647/800] train_loss_con: 5.480 energy_loss: -4546.303
[GPU0] epochs: [648/800] train_loss_con: 5.478 energy_loss: -4550.993
[GPU0] epochs: [649/800] train_loss_con: 5.478 energy_loss: -4555.679
[GPU0] epochs: [650/800] train_loss_con: 5.479 energy_loss: -4560.365
[GPU0] epochs: [651/800] train_loss_con: 5.476 energy_loss: -4565.044
[GPU0] epochs: [652/800] train_loss_con: 5.478 energy_loss: -4569.712
[GPU0] epochs: [653/800] train_loss_con: 5.476 energy_loss: -4574.381
[GPU0] epochs: [654/800] train_loss_con: 5.476 energy_loss: -4579.049
[GPU0] epochs: [655/800] train_loss_con: 5.478 energy_loss: -4583.705
[GPU0] epochs: [656/800] train_loss_con: 5.476 energy_loss: -4588.356
[GPU0] epochs: [657/800] train_loss_con: 5.473 energy_loss: -4593.008
[GPU0] epochs: [658/800] train_loss_con: 5.473 energy_loss: -4597.659
[GPU0] epochs: [659/800] train_loss_con: 5.473 energy_loss: -4602.296
[GPU0] epochs: [660/800] train_loss_con: 5.471 energy_loss: -4606.930
[GPU0] epochs: [661/800] train_loss_con: 5.473 energy_loss: -4611.564
[GPU0] epochs: [662/800] train_loss_con: 5.472 energy_loss: -4616.194
[GPU0] epochs: [663/800] train_loss_con: 5.470 energy_loss: -4620.813
[GPU0] epochs: [664/800] train_loss_con: 5.470 energy_loss: -4625.429
[GPU0] epochs: [665/800] train_loss_con: 5.471 energy_loss: -4630.046
[GPU0] epochs: [666/800] train_loss_con: 5.471 energy_loss: -4634.658
[GPU0] epochs: [667/800] train_loss_con: 5.468 energy_loss: -4639.258
[GPU0] epochs: [668/800] train_loss_con: 5.468 energy_loss: -4643.856
[GPU0] epochs: [669/800] train_loss_con: 5.467 energy_loss: -4648.457
[GPU0] epochs: [670/800] train_loss_con: 5.467 energy_loss: -4653.049
[GPU0] epochs: [671/800] train_loss_con: 5.467 energy_loss: -4657.631
[GPU0] epochs: [672/800] train_loss_con: 5.469 energy_loss: -4662.213
[GPU0] epochs: [673/800] train_loss_con: 5.466 energy_loss: -4666.794
[GPU0] epochs: [674/800] train_loss_con: 5.466 energy_loss: -4671.368
[GPU0] epochs: [675/800] train_loss_con: 5.466 energy_loss: -4675.931
[GPU0] epochs: [676/800] train_loss_con: 5.465 energy_loss: -4680.496
[GPU0] epochs: [677/800] train_loss_con: 5.465 energy_loss: -4685.059
[GPU0] epochs: [678/800] train_loss_con: 5.464 energy_loss: -4689.615
[GPU0] epochs: [679/800] train_loss_con: 5.468 energy_loss: -4694.162
[GPU0] epochs: [680/800] train_loss_con: 5.463 energy_loss: -4698.708
[GPU0] epochs: [681/800] train_loss_con: 5.463 energy_loss: -4703.255
[GPU0] epochs: [682/800] train_loss_con: 5.461 energy_loss: -4707.789
[GPU0] epochs: [683/800] train_loss_con: 5.463 energy_loss: -4712.319
[GPU0] epochs: [684/800] train_loss_con: 5.460 energy_loss: -4716.835
[GPU0] epochs: [685/800] train_loss_con: 5.459 energy_loss: -4721.355
[GPU0] epochs: [686/800] train_loss_con: 5.459 energy_loss: -4725.897
[GPU0] epochs: [687/800] train_loss_con: 5.460 energy_loss: -4730.409
[GPU0] epochs: [688/800] train_loss_con: 5.460 energy_loss: -4734.920
[GPU0] epochs: [689/800] train_loss_con: 5.459 energy_loss: -4739.431
[GPU0] epochs: [690/800] train_loss_con: 5.457 energy_loss: -4743.929
[GPU0] epochs: [691/800] train_loss_con: 5.456 energy_loss: -4748.423
[GPU0] epochs: [692/800] train_loss_con: 5.458 energy_loss: -4752.917
[GPU0] epochs: [693/800] train_loss_con: 5.458 energy_loss: -4757.411
[GPU0] epochs: [694/800] train_loss_con: 5.455 energy_loss: -4761.889
[GPU0] epochs: [695/800] train_loss_con: 5.455 energy_loss: -4766.371
[GPU0] epochs: [696/800] train_loss_con: 5.455 energy_loss: -4770.847
[GPU0] epochs: [697/800] train_loss_con: 5.454 energy_loss: -4775.321
[GPU0] epochs: [698/800] train_loss_con: 5.453 energy_loss: -4779.783
[GPU0] epochs: [699/800] train_loss_con: 5.454 energy_loss: -4784.242
[GPU0] epochs: [700/800] train_loss_con: 5.452 energy_loss: -4788.702
[GPU0] epochs: [701/800] train_loss_con: 5.451 energy_loss: -4793.161
[GPU0] epochs: [702/800] train_loss_con: 5.452 energy_loss: -4797.609
[GPU0] epochs: [703/800] train_loss_con: 5.452 energy_loss: -4802.051
[GPU0] epochs: [704/800] train_loss_con: 5.454 energy_loss: -4806.492
[GPU0] epochs: [705/800] train_loss_con: 5.451 energy_loss: -4810.932
[GPU0] epochs: [706/800] train_loss_con: 5.450 energy_loss: -4815.358
[GPU0] epochs: [707/800] train_loss_con: 5.451 energy_loss: -4819.782
[GPU0] epochs: [708/800] train_loss_con: 5.451 energy_loss: -4824.207
[GPU0] epochs: [709/800] train_loss_con: 5.449 energy_loss: -4828.631
[GPU0] epochs: [710/800] train_loss_con: 5.447 energy_loss: -4833.046
[GPU0] epochs: [711/800] train_loss_con: 5.445 energy_loss: -4837.453
[GPU0] epochs: [712/800] train_loss_con: 5.450 energy_loss: -4841.859
[GPU0] epochs: [713/800] train_loss_con: 5.447 energy_loss: -4846.264
[GPU0] epochs: [714/800] train_loss_con: 5.446 energy_loss: -4850.655
[GPU0] epochs: [715/800] train_loss_con: 5.445 energy_loss: -4855.045
[GPU0] epochs: [716/800] train_loss_con: 5.444 energy_loss: -4859.435
[GPU0] epochs: [717/800] train_loss_con: 5.445 energy_loss: -4863.824
[GPU0] epochs: [718/800] train_loss_con: 5.441 energy_loss: -4868.207
[GPU0] epochs: [719/800] train_loss_con: 5.442 energy_loss: -4872.578
[GPU0] epochs: [720/800] train_loss_con: 5.444 energy_loss: -4876.950
[GPU0] epochs: [721/800] train_loss_con: 5.442 energy_loss: -4881.320
[GPU0] epochs: [722/800] train_loss_con: 5.442 energy_loss: -4885.678
[GPU0] epochs: [723/800] train_loss_con: 5.441 energy_loss: -4890.032
[GPU0] epochs: [724/800] train_loss_con: 5.441 energy_loss: -4894.387
[GPU0] epochs: [725/800] train_loss_con: 5.440 energy_loss: -4898.741
[GPU0] epochs: [726/800] train_loss_con: 5.441 energy_loss: -4903.092
[GPU0] epochs: [727/800] train_loss_con: 5.441 energy_loss: -4907.429
[GPU0] epochs: [728/800] train_loss_con: 5.440 energy_loss: -4911.766
[GPU0] epochs: [729/800] train_loss_con: 5.439 energy_loss: -4916.102
[GPU0] epochs: [730/800] train_loss_con: 5.438 energy_loss: -4920.426
[GPU0] epochs: [731/800] train_loss_con: 5.439 energy_loss: -4924.746
[GPU0] epochs: [732/800] train_loss_con: 5.437 energy_loss: -4929.066
[GPU0] epochs: [733/800] train_loss_con: 5.438 energy_loss: -4933.386
[GPU0] epochs: [734/800] train_loss_con: 5.435 energy_loss: -4937.703
[GPU0] epochs: [735/800] train_loss_con: 5.436 energy_loss: -4942.008
[GPU0] epochs: [736/800] train_loss_con: 5.436 energy_loss: -4946.310
[GPU0] epochs: [737/800] train_loss_con: 5.433 energy_loss: -4950.612
[GPU0] epochs: [738/800] train_loss_con: 5.435 energy_loss: -4954.904
[GPU0] epochs: [739/800] train_loss_con: 5.434 energy_loss: -4959.189
[GPU0] epochs: [740/800] train_loss_con: 5.435 energy_loss: -4963.473
[GPU0] epochs: [741/800] train_loss_con: 5.432 energy_loss: -4967.758
[GPU0] epochs: [742/800] train_loss_con: 5.433 energy_loss: -4972.042
[GPU0] epochs: [743/800] train_loss_con: 5.434 energy_loss: -4976.318
[GPU0] epochs: [744/800] train_loss_con: 5.429 energy_loss: -4980.584
[GPU0] epochs: [745/800] train_loss_con: 5.430 energy_loss: -4984.849
[GPU0] epochs: [746/800] train_loss_con: 5.431 energy_loss: -4989.112
[GPU0] epochs: [747/800] train_loss_con: 5.434 energy_loss: -4993.363
[GPU0] epochs: [748/800] train_loss_con: 5.432 energy_loss: -4997.613
[GPU0] epochs: [749/800] train_loss_con: 5.428 energy_loss: -5001.862
[GPU0] epochs: [750/800] train_loss_con: 5.432 energy_loss: -5006.112
[GPU0] epochs: [751/800] train_loss_con: 5.429 energy_loss: -5010.358
[GPU0] epochs: [752/800] train_loss_con: 5.428 energy_loss: -5014.590
[GPU0] epochs: [753/800] train_loss_con: 5.432 energy_loss: -5018.822
[GPU0] epochs: [754/800] train_loss_con: 5.427 energy_loss: -5023.053
[GPU0] epochs: [755/800] train_loss_con: 5.428 energy_loss: -5027.271
[GPU0] epochs: [756/800] train_loss_con: 5.430 energy_loss: -5031.486
[GPU0] epochs: [757/800] train_loss_con: 5.427 energy_loss: -5035.701
[GPU0] epochs: [758/800] train_loss_con: 5.427 energy_loss: -5039.914
[GPU0] epochs: [759/800] train_loss_con: 5.426 energy_loss: -5044.129
[GPU0] epochs: [760/800] train_loss_con: 5.427 energy_loss: -5048.332
[GPU0] epochs: [761/800] train_loss_con: 5.426 energy_loss: -5052.529
[GPU0] epochs: [762/800] train_loss_con: 5.424 energy_loss: -5056.725
[GPU0] epochs: [763/800] train_loss_con: 5.424 energy_loss: -5060.915
[GPU0] epochs: [764/800] train_loss_con: 5.427 energy_loss: -5065.094
[GPU0] epochs: [765/800] train_loss_con: 5.425 energy_loss: -5069.275
[GPU0] epochs: [766/800] train_loss_con: 5.424 energy_loss: -5073.454
[GPU0] epochs: [767/800] train_loss_con: 5.424 energy_loss: -5077.633
[GPU0] epochs: [768/800] train_loss_con: 5.423 energy_loss: -5081.810
[GPU0] epochs: [769/800] train_loss_con: 5.423 energy_loss: -5085.973
[GPU0] epochs: [770/800] train_loss_con: 5.423 energy_loss: -5090.135
[GPU0] epochs: [771/800] train_loss_con: 5.424 energy_loss: -5094.279
[GPU0] epochs: [772/800] train_loss_con: 5.423 energy_loss: -5098.422
[GPU0] epochs: [773/800] train_loss_con: 5.426 energy_loss: -5102.588
[GPU0] epochs: [774/800] train_loss_con: 5.427 energy_loss: -5106.733
[GPU0] epochs: [775/800] train_loss_con: 5.422 energy_loss: -5110.878
[GPU0] epochs: [776/800] train_loss_con: 5.423 energy_loss: -5115.022
[GPU0] epochs: [777/800] train_loss_con: 5.422 energy_loss: -5119.158
[GPU0] epochs: [778/800] train_loss_con: 5.421 energy_loss: -5123.285
[GPU0] epochs: [779/800] train_loss_con: 5.420 energy_loss: -5127.412
[GPU0] epochs: [780/800] train_loss_con: 5.420 energy_loss: -5131.532
[GPU0] epochs: [781/800] train_loss_con: 5.423 energy_loss: -5135.642
[GPU0] epochs: [782/800] train_loss_con: 5.418 energy_loss: -5139.751
[GPU0] epochs: [783/800] train_loss_con: 5.422 energy_loss: -5143.861
[GPU0] epochs: [784/800] train_loss_con: 5.422 energy_loss: -5147.970
[GPU0] epochs: [785/800] train_loss_con: 5.419 energy_loss: -5152.079
[GPU0] epochs: [786/800] train_loss_con: 5.421 energy_loss: -5156.176
[GPU0] epochs: [787/800] train_loss_con: 5.422 energy_loss: -5160.268
[GPU0] epochs: [788/800] train_loss_con: 5.420 energy_loss: -5164.359
[GPU0] epochs: [789/800] train_loss_con: 5.424 energy_loss: -5168.439
[GPU0] epochs: [790/800] train_loss_con: 5.422 energy_loss: -5172.513
[GPU0] epochs: [791/800] train_loss_con: 5.421 energy_loss: -5176.588
[GPU0] epochs: [792/800] train_loss_con: 5.419 energy_loss: -5180.663
[GPU0] epochs: [793/800] train_loss_con: 5.418 energy_loss: -5184.737
[GPU0] epochs: [794/800] train_loss_con: 5.422 energy_loss: -5188.809
[GPU0] epochs: [795/800] train_loss_con: 5.420 energy_loss: -5192.869
[GPU0] epochs: [796/800] train_loss_con: 5.418 energy_loss: -5196.926
[GPU0] epochs: [797/800] train_loss_con: 5.419 energy_loss: -5200.980
[GPU0] epochs: [798/800] train_loss_con: 5.418 energy_loss: -5205.022
[GPU0] epochs: [799/800] train_loss_con: 5.417 energy_loss: -5209.062
[GPU0] epochs: [800/800] train_loss_con: 5.421 energy_loss: -5213.102
### TSNE starts
### MLP training begins
[GPU0] Test Accuracy at epoch: 0: 0.866
[GPU0] epochs: [1/100] train_acc: 0.727 train_loss_sup: 2.083
[GPU0] epochs: [2/100] train_acc: 0.857 train_loss_sup: 1.644
[GPU0] epochs: [3/100] train_acc: 0.860 train_loss_sup: 1.332
[GPU0] epochs: [4/100] train_acc: 0.862 train_loss_sup: 1.123
[GPU0] epochs: [5/100] train_acc: 0.863 train_loss_sup: 0.978
[GPU0] epochs: [6/100] train_acc: 0.865 train_loss_sup: 0.879
[GPU0] epochs: [7/100] train_acc: 0.864 train_loss_sup: 0.808
[GPU0] epochs: [8/100] train_acc: 0.867 train_loss_sup: 0.750
[GPU0] epochs: [9/100] train_acc: 0.868 train_loss_sup: 0.705
[GPU0] epochs: [10/100] train_acc: 0.868 train_loss_sup: 0.667
[GPU0] Test Accuracy at epoch: 10: 0.881
[GPU0] epochs: [11/100] train_acc: 0.869 train_loss_sup: 0.640
[GPU0] epochs: [12/100] train_acc: 0.869 train_loss_sup: 0.616
[GPU0] epochs: [13/100] train_acc: 0.871 train_loss_sup: 0.594
[GPU0] epochs: [14/100] train_acc: 0.871 train_loss_sup: 0.579
[GPU0] epochs: [15/100] train_acc: 0.873 train_loss_sup: 0.561
[GPU0] epochs: [16/100] train_acc: 0.872 train_loss_sup: 0.549
[GPU0] epochs: [17/100] train_acc: 0.874 train_loss_sup: 0.536
[GPU0] epochs: [18/100] train_acc: 0.872 train_loss_sup: 0.528
[GPU0] epochs: [19/100] train_acc: 0.876 train_loss_sup: 0.512
[GPU0] epochs: [20/100] train_acc: 0.875 train_loss_sup: 0.506
[GPU0] Test Accuracy at epoch: 20: 0.889
[GPU0] epochs: [21/100] train_acc: 0.875 train_loss_sup: 0.499
[GPU0] epochs: [22/100] train_acc: 0.875 train_loss_sup: 0.490
[GPU0] epochs: [23/100] train_acc: 0.875 train_loss_sup: 0.487
[GPU0] epochs: [24/100] train_acc: 0.875 train_loss_sup: 0.479
[GPU0] epochs: [25/100] train_acc: 0.875 train_loss_sup: 0.474
[GPU0] epochs: [26/100] train_acc: 0.876 train_loss_sup: 0.469
[GPU0] epochs: [27/100] train_acc: 0.876 train_loss_sup: 0.465
[GPU0] epochs: [28/100] train_acc: 0.877 train_loss_sup: 0.458
[GPU0] epochs: [29/100] train_acc: 0.877 train_loss_sup: 0.456
[GPU0] epochs: [30/100] train_acc: 0.878 train_loss_sup: 0.453
[GPU0] Test Accuracy at epoch: 30: 0.892
[GPU0] epochs: [31/100] train_acc: 0.879 train_loss_sup: 0.443
[GPU0] epochs: [32/100] train_acc: 0.878 train_loss_sup: 0.441
[GPU0] epochs: [33/100] train_acc: 0.880 train_loss_sup: 0.436
[GPU0] epochs: [34/100] train_acc: 0.877 train_loss_sup: 0.438
[GPU0] epochs: [35/100] train_acc: 0.879 train_loss_sup: 0.435
[GPU0] epochs: [36/100] train_acc: 0.880 train_loss_sup: 0.429
[GPU0] epochs: [37/100] train_acc: 0.878 train_loss_sup: 0.429
[GPU0] epochs: [38/100] train_acc: 0.877 train_loss_sup: 0.428
[GPU0] epochs: [39/100] train_acc: 0.880 train_loss_sup: 0.424
[GPU0] epochs: [40/100] train_acc: 0.880 train_loss_sup: 0.417
[GPU0] Test Accuracy at epoch: 40: 0.893
[GPU0] epochs: [41/100] train_acc: 0.880 train_loss_sup: 0.416
[GPU0] epochs: [42/100] train_acc: 0.880 train_loss_sup: 0.418
[GPU0] epochs: [43/100] train_acc: 0.879 train_loss_sup: 0.415
[GPU0] epochs: [44/100] train_acc: 0.881 train_loss_sup: 0.408
[GPU0] epochs: [45/100] train_acc: 0.881 train_loss_sup: 0.409
[GPU0] epochs: [46/100] train_acc: 0.880 train_loss_sup: 0.407
[GPU0] epochs: [47/100] train_acc: 0.881 train_loss_sup: 0.408
[GPU0] epochs: [48/100] train_acc: 0.881 train_loss_sup: 0.404
[GPU0] epochs: [49/100] train_acc: 0.879 train_loss_sup: 0.404
[GPU0] epochs: [50/100] train_acc: 0.881 train_loss_sup: 0.400
[GPU0] Test Accuracy at epoch: 50: 0.896
[GPU0] epochs: [51/100] train_acc: 0.881 train_loss_sup: 0.397
[GPU0] epochs: [52/100] train_acc: 0.880 train_loss_sup: 0.400
[GPU0] epochs: [53/100] train_acc: 0.881 train_loss_sup: 0.398
[GPU0] epochs: [54/100] train_acc: 0.883 train_loss_sup: 0.395
[GPU0] epochs: [55/100] train_acc: 0.880 train_loss_sup: 0.397
[GPU0] epochs: [56/100] train_acc: 0.881 train_loss_sup: 0.394
[GPU0] epochs: [57/100] train_acc: 0.882 train_loss_sup: 0.394
[GPU0] epochs: [58/100] train_acc: 0.883 train_loss_sup: 0.387
[GPU0] epochs: [59/100] train_acc: 0.882 train_loss_sup: 0.392
[GPU0] epochs: [60/100] train_acc: 0.880 train_loss_sup: 0.390
[GPU0] Test Accuracy at epoch: 60: 0.897
[GPU0] epochs: [61/100] train_acc: 0.883 train_loss_sup: 0.387
[GPU0] epochs: [62/100] train_acc: 0.881 train_loss_sup: 0.388
[GPU0] epochs: [63/100] train_acc: 0.882 train_loss_sup: 0.386
[GPU0] epochs: [64/100] train_acc: 0.883 train_loss_sup: 0.385
[GPU0] epochs: [65/100] train_acc: 0.883 train_loss_sup: 0.384
[GPU0] epochs: [66/100] train_acc: 0.883 train_loss_sup: 0.382
[GPU0] epochs: [67/100] train_acc: 0.884 train_loss_sup: 0.382
[GPU0] epochs: [68/100] train_acc: 0.883 train_loss_sup: 0.381
[GPU0] epochs: [69/100] train_acc: 0.883 train_loss_sup: 0.378
[GPU0] epochs: [70/100] train_acc: 0.884 train_loss_sup: 0.376
[GPU0] Test Accuracy at epoch: 70: 0.898
[GPU0] epochs: [71/100] train_acc: 0.883 train_loss_sup: 0.377
[GPU0] epochs: [72/100] train_acc: 0.884 train_loss_sup: 0.377
[GPU0] epochs: [73/100] train_acc: 0.882 train_loss_sup: 0.376
[GPU0] epochs: [74/100] train_acc: 0.884 train_loss_sup: 0.374
[GPU0] epochs: [75/100] train_acc: 0.885 train_loss_sup: 0.373
[GPU0] epochs: [76/100] train_acc: 0.884 train_loss_sup: 0.373
[GPU0] epochs: [77/100] train_acc: 0.883 train_loss_sup: 0.376
[GPU0] epochs: [78/100] train_acc: 0.884 train_loss_sup: 0.371
[GPU0] epochs: [79/100] train_acc: 0.884 train_loss_sup: 0.374
[GPU0] epochs: [80/100] train_acc: 0.882 train_loss_sup: 0.375
[GPU0] Test Accuracy at epoch: 80: 0.899
[GPU0] epochs: [81/100] train_acc: 0.884 train_loss_sup: 0.370
[GPU0] epochs: [82/100] train_acc: 0.884 train_loss_sup: 0.371
[GPU0] epochs: [83/100] train_acc: 0.882 train_loss_sup: 0.372
[GPU0] epochs: [84/100] train_acc: 0.884 train_loss_sup: 0.369
[GPU0] epochs: [85/100] train_acc: 0.884 train_loss_sup: 0.366
[GPU0] epochs: [86/100] train_acc: 0.885 train_loss_sup: 0.368
[GPU0] epochs: [87/100] train_acc: 0.885 train_loss_sup: 0.368
[GPU0] epochs: [88/100] train_acc: 0.884 train_loss_sup: 0.368
[GPU0] epochs: [89/100] train_acc: 0.885 train_loss_sup: 0.367
[GPU0] epochs: [90/100] train_acc: 0.885 train_loss_sup: 0.365
[GPU0] Test Accuracy at epoch: 90: 0.901
[GPU0] epochs: [91/100] train_acc: 0.884 train_loss_sup: 0.367
[GPU0] epochs: [92/100] train_acc: 0.885 train_loss_sup: 0.365
[GPU0] epochs: [93/100] train_acc: 0.885 train_loss_sup: 0.365
[GPU0] epochs: [94/100] train_acc: 0.887 train_loss_sup: 0.360
[GPU0] epochs: [95/100] train_acc: 0.884 train_loss_sup: 0.366
[GPU0] epochs: [96/100] train_acc: 0.886 train_loss_sup: 0.362
[GPU0] epochs: [97/100] train_acc: 0.886 train_loss_sup: 0.362
[GPU0] epochs: [98/100] train_acc: 0.884 train_loss_sup: 0.362
[GPU0] epochs: [99/100] train_acc: 0.886 train_loss_sup: 0.359
[GPU0] epochs: [100/100] train_acc: 0.886 train_loss_sup: 0.361
[GPU0] Final Test Accuracy: 0.902
Model weights saved
<All keys matched successfully>
knn evalution
logistic regression evalution
knn_acc: 0.893, log_reg_acc: 0.909
