environment: 
YAML: configs/lema.c100.yaml
==> SEED: 42
==> num_classes: 100
==> data_name: cifar100
==> data_params: {'algo': 'lema', 'data_dir': 'datasets/cifar100', 'batch_size': 512, 'num_workers': 3, 'image_size': 32}
==> return_logs: False
==> eval_every: 10
==> n_epochs: 350
==> n_epochs_mlp: 100
==> gpu_id: 1
==> opt: SGD
==> opt_params: {'lr': 0.5, 'momentum': 0.9, 'nesterov': True}
==> schedular_params: {'T_max': 600, 'eta_min': 0.001}
==> mlp_opt: SGD
==> mlp_opt_params: {'lr': 0.01, 'momentum': 0.9, 'nesterov': True}
==> model_params: {'model_name': 'resnet18', 'pretrained': False, 'proj_dim': 128, 'algo_type': 'lema'}
==> energy_model_params: {'eta': 0.01, 'steps': 5}
==> energy_opt: AdamW
==> energy_model_opt_params: {'lr': 0.001}
==> mlp_type: hidden
==> loss: lema
==> loss_params: {'sim': 'cosine', 'tau': 0.5}
==> distributed: False
==> train_algo: lema
==> model_save_path: saved_models/lema.c100.r18.v3.pth
==> config: configs/lema.c100.yaml
--------------------------------------------------
===> using hiddin mlp
using optimizer: SGD
using optimizer: SGD
loss function: lema
Files already downloaded and verified
Files already downloaded and verified
Files already downloaded and verified
# of Training Images: 50000
# of Testing Images: 10000
using optimizer: AdamW
### LEMa Training begins
[GPU1] epochs: [1/350] train_loss_con: 6.376 energy_loss: -0.165
[GPU1] epochs: [2/350] train_loss_con: 6.145 energy_loss: -0.285
[GPU1] epochs: [3/350] train_loss_con: 6.054 energy_loss: -0.350
[GPU1] epochs: [4/350] train_loss_con: 5.994 energy_loss: -0.450
[GPU1] epochs: [5/350] train_loss_con: 5.945 energy_loss: -0.303
[GPU1] epochs: [6/350] train_loss_con: 5.905 energy_loss: -0.201
[GPU1] epochs: [7/350] train_loss_con: 5.875 energy_loss: -0.609
[GPU1] epochs: [8/350] train_loss_con: 5.849 energy_loss: -0.084
[GPU1] epochs: [9/350] train_loss_con: 5.825 energy_loss: -0.625
[GPU1] epochs: [10/350] train_loss_con: 5.814 energy_loss: -0.874
[GPU1] epochs: [11/350] train_loss_con: 5.802 energy_loss: -0.755
[GPU1] epochs: [12/350] train_loss_con: 5.790 energy_loss: -0.006
[GPU1] epochs: [13/350] train_loss_con: 5.781 energy_loss: -0.019
[GPU1] epochs: [14/350] train_loss_con: 5.775 energy_loss: -0.058
[GPU1] epochs: [15/350] train_loss_con: 5.764 energy_loss: -0.281
[GPU1] epochs: [16/350] train_loss_con: 5.762 energy_loss: -0.978
[GPU1] epochs: [17/350] train_loss_con: 5.759 energy_loss: -0.106
[GPU1] epochs: [18/350] train_loss_con: 5.750 energy_loss: -0.906
[GPU1] epochs: [19/350] train_loss_con: 5.741 energy_loss: -0.576
[GPU1] epochs: [20/350] train_loss_con: 5.737 energy_loss: -1.360
[GPU1] epochs: [21/350] train_loss_con: 5.737 energy_loss: -0.128
[GPU1] epochs: [22/350] train_loss_con: 5.731 energy_loss: -0.785
[GPU1] epochs: [23/350] train_loss_con: 5.727 energy_loss: -0.161
[GPU1] epochs: [24/350] train_loss_con: 5.720 energy_loss: -1.086
[GPU1] epochs: [25/350] train_loss_con: 5.716 energy_loss: -0.570
[GPU1] epochs: [26/350] train_loss_con: 5.716 energy_loss: -0.321
[GPU1] epochs: [27/350] train_loss_con: 5.713 energy_loss: -0.769
[GPU1] epochs: [28/350] train_loss_con: 5.706 energy_loss: -1.228
[GPU1] epochs: [29/350] train_loss_con: 5.706 energy_loss: -0.029
[GPU1] epochs: [30/350] train_loss_con: 5.705 energy_loss: -0.205
[GPU1] epochs: [31/350] train_loss_con: 5.703 energy_loss: -1.315
[GPU1] epochs: [32/350] train_loss_con: 5.696 energy_loss: -0.060
[GPU1] epochs: [33/350] train_loss_con: 5.694 energy_loss: -0.247
[GPU1] epochs: [34/350] train_loss_con: 5.690 energy_loss: -1.626
[GPU1] epochs: [35/350] train_loss_con: 5.692 energy_loss: -0.733
[GPU1] epochs: [36/350] train_loss_con: 5.690 energy_loss: -1.379
[GPU1] epochs: [37/350] train_loss_con: 5.686 energy_loss: -2.658
[GPU1] epochs: [38/350] train_loss_con: 5.686 energy_loss: -1.089
[GPU1] epochs: [39/350] train_loss_con: 5.683 energy_loss: -1.124
[GPU1] epochs: [40/350] train_loss_con: 5.680 energy_loss: -0.065
[GPU1] epochs: [41/350] train_loss_con: 5.679 energy_loss: -0.172
[GPU1] epochs: [42/350] train_loss_con: 5.677 energy_loss: -0.573
[GPU1] epochs: [43/350] train_loss_con: 5.677 energy_loss: -3.814
[GPU1] epochs: [44/350] train_loss_con: 5.670 energy_loss: -1.192
[GPU1] epochs: [45/350] train_loss_con: 5.667 energy_loss: -0.005
[GPU1] epochs: [46/350] train_loss_con: 5.669 energy_loss: -0.030
[GPU1] epochs: [47/350] train_loss_con: 5.667 energy_loss: -0.087
[GPU1] epochs: [48/350] train_loss_con: 5.666 energy_loss: -0.290
[GPU1] epochs: [49/350] train_loss_con: 5.665 energy_loss: -2.402
[GPU1] epochs: [50/350] train_loss_con: 5.665 energy_loss: -1.384
[GPU1] epochs: [51/350] train_loss_con: 5.664 energy_loss: -3.264
[GPU1] epochs: [52/350] train_loss_con: 5.660 energy_loss: -0.266
[GPU1] epochs: [53/350] train_loss_con: 5.655 energy_loss: -4.042
[GPU1] epochs: [54/350] train_loss_con: 5.655 energy_loss: -0.836
[GPU1] epochs: [55/350] train_loss_con: 5.656 energy_loss: -1.402
[GPU1] epochs: [56/350] train_loss_con: 5.653 energy_loss: -1.387
[GPU1] epochs: [57/350] train_loss_con: 5.654 energy_loss: -0.231
[GPU1] epochs: [58/350] train_loss_con: 5.649 energy_loss: -3.438
[GPU1] epochs: [59/350] train_loss_con: 5.650 energy_loss: -1.213
[GPU1] epochs: [60/350] train_loss_con: 5.647 energy_loss: -2.188
[GPU1] epochs: [61/350] train_loss_con: 5.646 energy_loss: -0.032
[GPU1] epochs: [62/350] train_loss_con: 5.646 energy_loss: -0.071
[GPU1] epochs: [63/350] train_loss_con: 5.644 energy_loss: -0.135
[GPU1] epochs: [64/350] train_loss_con: 5.643 energy_loss: -0.272
[GPU1] epochs: [65/350] train_loss_con: 5.641 energy_loss: -0.637
[GPU1] epochs: [66/350] train_loss_con: 5.640 energy_loss: -3.998
[GPU1] epochs: [67/350] train_loss_con: 5.640 energy_loss: -0.360
[GPU1] epochs: [68/350] train_loss_con: 5.638 energy_loss: -3.770
[GPU1] epochs: [69/350] train_loss_con: 5.641 energy_loss: -3.164
[GPU1] epochs: [70/350] train_loss_con: 5.636 energy_loss: -0.632
[GPU1] epochs: [71/350] train_loss_con: 5.634 energy_loss: -9.398
[GPU1] epochs: [72/350] train_loss_con: 5.633 energy_loss: -4.548
[GPU1] epochs: [73/350] train_loss_con: 5.631 energy_loss: -0.046
[GPU1] epochs: [74/350] train_loss_con: 5.635 energy_loss: -0.100
[GPU1] epochs: [75/350] train_loss_con: 5.634 energy_loss: -0.184
[GPU1] epochs: [76/350] train_loss_con: 5.628 energy_loss: -0.347
[GPU1] epochs: [77/350] train_loss_con: 5.627 energy_loss: -0.727
[GPU1] epochs: [78/350] train_loss_con: 5.624 energy_loss: -1.928
[GPU1] epochs: [79/350] train_loss_con: 5.626 energy_loss: -14.450
[GPU1] epochs: [80/350] train_loss_con: 5.623 energy_loss: -3.031
[GPU1] epochs: [81/350] train_loss_con: 5.625 energy_loss: -9.415
[GPU1] epochs: [82/350] train_loss_con: 5.629 energy_loss: -5.215
[GPU1] epochs: [83/350] train_loss_con: 5.624 energy_loss: -0.108
[GPU1] epochs: [84/350] train_loss_con: 5.620 energy_loss: -0.539
[GPU1] epochs: [85/350] train_loss_con: 5.618 energy_loss: -2.455
[GPU1] epochs: [86/350] train_loss_con: 5.620 energy_loss: -15.298
[GPU1] epochs: [87/350] train_loss_con: 5.616 energy_loss: -0.004
[GPU1] epochs: [88/350] train_loss_con: 5.622 energy_loss: -0.043
[GPU1] epochs: [89/350] train_loss_con: 5.618 energy_loss: -0.097
[GPU1] epochs: [90/350] train_loss_con: 5.615 energy_loss: -0.193
[GPU1] epochs: [91/350] train_loss_con: 5.616 energy_loss: -0.459
[GPU1] epochs: [92/350] train_loss_con: 5.616 energy_loss: -1.212
[GPU1] epochs: [93/350] train_loss_con: 5.614 energy_loss: -9.749
[GPU1] epochs: [94/350] train_loss_con: 5.612 energy_loss: -0.001
[GPU1] epochs: [95/350] train_loss_con: 5.613 energy_loss: -0.047
[GPU1] epochs: [96/350] train_loss_con: 5.611 energy_loss: -0.109
[GPU1] epochs: [97/350] train_loss_con: 5.612 energy_loss: -0.222
[GPU1] epochs: [98/350] train_loss_con: 5.609 energy_loss: -0.440
[GPU1] epochs: [99/350] train_loss_con: 5.610 energy_loss: -0.890
[GPU1] epochs: [100/350] train_loss_con: 5.605 energy_loss: -2.763
[GPU1] epochs: [101/350] train_loss_con: 5.609 energy_loss: -10.249
[GPU1] epochs: [102/350] train_loss_con: 5.606 energy_loss: -6.204
[GPU1] epochs: [103/350] train_loss_con: 5.609 energy_loss: -0.194
[GPU1] epochs: [104/350] train_loss_con: 5.608 energy_loss: -0.502
[GPU1] epochs: [105/350] train_loss_con: 5.605 energy_loss: -1.133
[GPU1] epochs: [106/350] train_loss_con: 5.603 energy_loss: -2.876
[GPU1] epochs: [107/350] train_loss_con: 5.602 energy_loss: -9.198
[GPU1] epochs: [108/350] train_loss_con: 5.600 energy_loss: -0.594
[GPU1] epochs: [109/350] train_loss_con: 5.604 energy_loss: -9.944
[GPU1] epochs: [110/350] train_loss_con: 5.600 energy_loss: -3.132
[GPU1] epochs: [111/350] train_loss_con: 5.601 energy_loss: -0.504
[GPU1] epochs: [112/350] train_loss_con: 5.601 energy_loss: -1.698
[GPU1] epochs: [113/350] train_loss_con: 5.600 energy_loss: -8.771
[GPU1] epochs: [114/350] train_loss_con: 5.602 energy_loss: -10.726
[GPU1] epochs: [115/350] train_loss_con: 5.599 energy_loss: -8.292
[GPU1] epochs: [116/350] train_loss_con: 5.599 energy_loss: -4.539
[GPU1] epochs: [117/350] train_loss_con: 5.597 energy_loss: -1.920
[GPU1] epochs: [118/350] train_loss_con: 5.596 energy_loss: -7.681
[GPU1] epochs: [119/350] train_loss_con: 5.598 energy_loss: -12.556
[GPU1] epochs: [120/350] train_loss_con: 5.596 energy_loss: -6.091
[GPU1] epochs: [121/350] train_loss_con: 5.595 energy_loss: -2.916
[GPU1] epochs: [122/350] train_loss_con: 5.593 energy_loss: -1.032
[GPU1] epochs: [123/350] train_loss_con: 5.594 energy_loss: -4.146
[GPU1] epochs: [124/350] train_loss_con: 5.594 energy_loss: -19.046
[GPU1] epochs: [125/350] train_loss_con: 5.593 energy_loss: -0.180
[GPU1] epochs: [126/350] train_loss_con: 5.591 energy_loss: -0.345
[GPU1] epochs: [127/350] train_loss_con: 5.589 energy_loss: -0.518
[GPU1] epochs: [128/350] train_loss_con: 5.591 energy_loss: -0.882
[GPU1] epochs: [129/350] train_loss_con: 5.589 energy_loss: -1.584
[GPU1] epochs: [130/350] train_loss_con: 5.590 energy_loss: -3.495
[GPU1] epochs: [131/350] train_loss_con: 5.590 energy_loss: -18.092
[GPU1] epochs: [132/350] train_loss_con: 5.583 energy_loss: -0.294
[GPU1] epochs: [133/350] train_loss_con: 5.586 energy_loss: -0.662
[GPU1] epochs: [134/350] train_loss_con: 5.589 energy_loss: -1.632
[GPU1] epochs: [135/350] train_loss_con: 5.587 energy_loss: -8.481
[GPU1] epochs: [136/350] train_loss_con: 5.587 energy_loss: -4.131
[GPU1] epochs: [137/350] train_loss_con: 5.584 energy_loss: -0.364
[GPU1] epochs: [138/350] train_loss_con: 5.586 energy_loss: -4.793
[GPU1] epochs: [139/350] train_loss_con: 5.582 energy_loss: -30.936
[GPU1] epochs: [140/350] train_loss_con: 5.585 energy_loss: -19.375
[GPU1] epochs: [141/350] train_loss_con: 5.585 energy_loss: -0.213
[GPU1] epochs: [142/350] train_loss_con: 5.582 energy_loss: -0.381
[GPU1] epochs: [143/350] train_loss_con: 5.582 energy_loss: -0.665
[GPU1] epochs: [144/350] train_loss_con: 5.580 energy_loss: -1.380
[GPU1] epochs: [145/350] train_loss_con: 5.583 energy_loss: -3.462
[GPU1] epochs: [146/350] train_loss_con: 5.580 energy_loss: -25.415
[GPU1] epochs: [147/350] train_loss_con: 5.579 energy_loss: -0.101
[GPU1] epochs: [148/350] train_loss_con: 5.581 energy_loss: -0.212
[GPU1] epochs: [149/350] train_loss_con: 5.580 energy_loss: -0.322
[GPU1] epochs: [150/350] train_loss_con: 5.578 energy_loss: -0.465
[GPU1] epochs: [151/350] train_loss_con: 5.578 energy_loss: -0.726
[GPU1] epochs: [152/350] train_loss_con: 5.576 energy_loss: -1.160
[GPU1] epochs: [153/350] train_loss_con: 5.574 energy_loss: -2.299
[GPU1] epochs: [154/350] train_loss_con: 5.577 energy_loss: -16.528
[GPU1] epochs: [155/350] train_loss_con: 5.576 energy_loss: -2.979
[GPU1] epochs: [156/350] train_loss_con: 5.574 energy_loss: -8.087
[GPU1] epochs: [157/350] train_loss_con: 5.577 energy_loss: -0.524
[GPU1] epochs: [158/350] train_loss_con: 5.575 energy_loss: -0.723
[GPU1] epochs: [159/350] train_loss_con: 5.575 energy_loss: -0.992
[GPU1] epochs: [160/350] train_loss_con: 5.570 energy_loss: -1.651
[GPU1] epochs: [161/350] train_loss_con: 5.571 energy_loss: -2.980
[GPU1] epochs: [162/350] train_loss_con: 5.573 energy_loss: -15.920
[GPU1] epochs: [163/350] train_loss_con: 5.570 energy_loss: -15.640
[GPU1] epochs: [164/350] train_loss_con: 5.571 energy_loss: -5.652
[GPU1] epochs: [165/350] train_loss_con: 5.573 energy_loss: -4.713
[GPU1] epochs: [166/350] train_loss_con: 5.570 energy_loss: -43.798
[GPU1] epochs: [167/350] train_loss_con: 5.572 energy_loss: -18.424
[GPU1] epochs: [168/350] train_loss_con: 5.570 energy_loss: -0.679
[GPU1] epochs: [169/350] train_loss_con: 5.569 energy_loss: -1.621
[GPU1] epochs: [170/350] train_loss_con: 5.570 energy_loss: -4.285
[GPU1] epochs: [171/350] train_loss_con: 5.568 energy_loss: -40.087
[GPU1] epochs: [172/350] train_loss_con: 5.569 energy_loss: -54.223
[GPU1] epochs: [173/350] train_loss_con: 5.567 energy_loss: -15.908
[GPU1] epochs: [174/350] train_loss_con: 5.563 energy_loss: -19.277
[GPU1] epochs: [175/350] train_loss_con: 5.567 energy_loss: -0.316
[GPU1] epochs: [176/350] train_loss_con: 5.567 energy_loss: -0.615
[GPU1] epochs: [177/350] train_loss_con: 5.567 energy_loss: -1.133
[GPU1] epochs: [178/350] train_loss_con: 5.566 energy_loss: -2.292
[GPU1] epochs: [179/350] train_loss_con: 5.563 energy_loss: -5.000
[GPU1] epochs: [180/350] train_loss_con: 5.565 energy_loss: -19.457
[GPU1] epochs: [181/350] train_loss_con: 5.564 energy_loss: -0.477
[GPU1] epochs: [182/350] train_loss_con: 5.565 energy_loss: -1.171
[GPU1] epochs: [183/350] train_loss_con: 5.564 energy_loss: -2.777
[GPU1] epochs: [184/350] train_loss_con: 5.563 energy_loss: -9.288
[GPU1] epochs: [185/350] train_loss_con: 5.563 energy_loss: -21.616
[GPU1] epochs: [186/350] train_loss_con: 5.561 energy_loss: -0.027
[GPU1] epochs: [187/350] train_loss_con: 5.560 energy_loss: -0.065
[GPU1] epochs: [188/350] train_loss_con: 5.565 energy_loss: -0.083
[GPU1] epochs: [189/350] train_loss_con: 5.560 energy_loss: -0.108
[GPU1] epochs: [190/350] train_loss_con: 5.562 energy_loss: -0.133
[GPU1] epochs: [191/350] train_loss_con: 5.561 energy_loss: -0.161
[GPU1] epochs: [192/350] train_loss_con: 5.561 energy_loss: -0.195
[GPU1] epochs: [193/350] train_loss_con: 5.558 energy_loss: -0.248
[GPU1] epochs: [194/350] train_loss_con: 5.559 energy_loss: -0.324
[GPU1] epochs: [195/350] train_loss_con: 5.556 energy_loss: -0.445
[GPU1] epochs: [196/350] train_loss_con: 5.560 energy_loss: -0.599
