environment: 
YAML: configs/lema.c10.yaml
==> SEED: 42
==> num_classes: 10
==> data_name: cifar10
==> data_params: {'algo': 'lema', 'data_dir': 'datasets/cifar10', 'batch_size': 512, 'num_workers': 3, 'image_size': 32}
==> return_logs: False
==> eval_every: 10
==> n_epochs: 500
==> n_epochs_mlp: 100
==> gpu_id: 0
==> opt: SGD
==> opt_params: {'lr': 0.5, 'momentum': 0.9, 'nesterov': True}
==> schedular_params: {'T_max': 600, 'eta_min': 0.001}
==> mlp_opt: SGD
==> mlp_opt_params: {'lr': 0.01, 'momentum': 0.9, 'nesterov': True}
==> energy_model_params: {'eta': 0.01, 'steps': 5}
==> energy_opt: AdamW
==> energy_model_opt_params: {'lr': 0.001}
==> model_params: {'model_name': 'resnet50', 'pretrained': False, 'proj_dim': 128, 'algo_type': 'lema'}
==> mlp_type: hidden
==> loss: lema
==> loss_params: {'sim': 'cosine', 'tau': 0.5}
==> distributed: False
==> train_algo: lema
==> model_save_path: saved_models/lema.c10.r50.e500.pth
==> config: configs/lema.c10.yaml
--------------------------------------------------
===> using hiddin mlp
using optimizer: SGD
using optimizer: SGD
loss function: lema
Files already downloaded and verified
Files already downloaded and verified
Files already downloaded and verified
# of Training Images: 50000
# of Testing Images: 10000
using optimizer: AdamW
### LEMa Training begins
[GPU0] epochs: [1/500] train_loss_con: 6.716 energy_loss: 0.003
[GPU0] epochs: [2/500] train_loss_con: 6.379 energy_loss: 0.000
[GPU0] epochs: [3/500] train_loss_con: 6.193 energy_loss: 0.000
[GPU0] epochs: [4/500] train_loss_con: 6.097 energy_loss: 0.000
[GPU0] epochs: [5/500] train_loss_con: 6.035 energy_loss: 0.000
[GPU0] epochs: [6/500] train_loss_con: 5.982 energy_loss: 0.000
[GPU0] epochs: [7/500] train_loss_con: 5.941 energy_loss: -0.000
[GPU0] epochs: [8/500] train_loss_con: 5.900 energy_loss: 0.000
[GPU0] epochs: [9/500] train_loss_con: 5.870 energy_loss: 0.000
[GPU0] epochs: [10/500] train_loss_con: 5.848 energy_loss: 0.000
[GPU0] epochs: [11/500] train_loss_con: 5.829 energy_loss: 0.000
[GPU0] epochs: [12/500] train_loss_con: 5.812 energy_loss: 0.000
[GPU0] epochs: [13/500] train_loss_con: 5.798 energy_loss: -0.000
[GPU0] epochs: [14/500] train_loss_con: 5.779 energy_loss: 0.000
[GPU0] epochs: [15/500] train_loss_con: 5.771 energy_loss: -0.000
[GPU0] epochs: [16/500] train_loss_con: 5.760 energy_loss: 0.000
[GPU0] epochs: [17/500] train_loss_con: 5.751 energy_loss: -0.000
[GPU0] epochs: [18/500] train_loss_con: 5.743 energy_loss: -0.000
[GPU0] epochs: [19/500] train_loss_con: 5.736 energy_loss: -0.000
[GPU0] epochs: [20/500] train_loss_con: 5.728 energy_loss: -0.001
[GPU0] epochs: [21/500] train_loss_con: 5.724 energy_loss: -0.002
[GPU0] epochs: [22/500] train_loss_con: 5.717 energy_loss: -0.006
[GPU0] epochs: [23/500] train_loss_con: 5.711 energy_loss: -0.006
[GPU0] epochs: [24/500] train_loss_con: 5.704 energy_loss: -0.007
[GPU0] epochs: [25/500] train_loss_con: 5.701 energy_loss: -0.010
[GPU0] epochs: [26/500] train_loss_con: 5.697 energy_loss: -0.001
[GPU0] epochs: [27/500] train_loss_con: 5.691 energy_loss: -0.002
[GPU0] epochs: [28/500] train_loss_con: 5.688 energy_loss: -0.002
[GPU0] epochs: [29/500] train_loss_con: 5.683 energy_loss: -0.001
[GPU0] epochs: [30/500] train_loss_con: 5.679 energy_loss: -0.001
[GPU0] epochs: [31/500] train_loss_con: 5.680 energy_loss: -0.002
[GPU0] epochs: [32/500] train_loss_con: 5.673 energy_loss: -0.002
[GPU0] epochs: [33/500] train_loss_con: 5.671 energy_loss: -0.003
[GPU0] epochs: [34/500] train_loss_con: 5.665 energy_loss: -0.005
[GPU0] epochs: [35/500] train_loss_con: 5.664 energy_loss: -0.017
[GPU0] epochs: [36/500] train_loss_con: 5.660 energy_loss: -0.102
[GPU0] epochs: [37/500] train_loss_con: 5.659 energy_loss: -0.035
[GPU0] epochs: [38/500] train_loss_con: 5.660 energy_loss: -0.184
[GPU0] epochs: [39/500] train_loss_con: 5.656 energy_loss: -0.017
[GPU0] epochs: [40/500] train_loss_con: 5.654 energy_loss: -0.038
[GPU0] epochs: [41/500] train_loss_con: 5.648 energy_loss: -0.098
[GPU0] epochs: [42/500] train_loss_con: 5.648 energy_loss: -0.016
[GPU0] epochs: [43/500] train_loss_con: 5.648 energy_loss: -0.096
[GPU0] epochs: [44/500] train_loss_con: 5.647 energy_loss: -0.082
[GPU0] epochs: [45/500] train_loss_con: 5.644 energy_loss: -0.015
[GPU0] epochs: [46/500] train_loss_con: 5.640 energy_loss: -0.063
[GPU0] epochs: [47/500] train_loss_con: 5.643 energy_loss: -0.232
[GPU0] epochs: [48/500] train_loss_con: 5.639 energy_loss: -0.056
[GPU0] epochs: [49/500] train_loss_con: 5.633 energy_loss: -0.226
[GPU0] epochs: [50/500] train_loss_con: 5.634 energy_loss: -0.237
[GPU0] epochs: [51/500] train_loss_con: 5.633 energy_loss: -0.094
[GPU0] epochs: [52/500] train_loss_con: 5.633 energy_loss: -0.257
[GPU0] epochs: [53/500] train_loss_con: 5.629 energy_loss: -0.145
[GPU0] epochs: [54/500] train_loss_con: 5.626 energy_loss: -0.144
[GPU0] epochs: [55/500] train_loss_con: 5.628 energy_loss: -0.370
[GPU0] epochs: [56/500] train_loss_con: 5.624 energy_loss: -0.280
[GPU0] epochs: [57/500] train_loss_con: 5.625 energy_loss: -0.277
[GPU0] epochs: [58/500] train_loss_con: 5.620 energy_loss: -0.313
[GPU0] epochs: [59/500] train_loss_con: 5.624 energy_loss: -0.016
[GPU0] epochs: [60/500] train_loss_con: 5.622 energy_loss: -0.055
[GPU0] epochs: [61/500] train_loss_con: 5.617 energy_loss: -0.178
[GPU0] epochs: [62/500] train_loss_con: 5.617 energy_loss: -0.819
[GPU0] epochs: [63/500] train_loss_con: 5.616 energy_loss: -1.497
[GPU0] epochs: [64/500] train_loss_con: 5.614 energy_loss: -1.115
[GPU0] epochs: [65/500] train_loss_con: 5.615 energy_loss: -0.904
[GPU0] epochs: [66/500] train_loss_con: 5.616 energy_loss: -1.144
[GPU0] epochs: [67/500] train_loss_con: 5.610 energy_loss: -0.012
[GPU0] epochs: [68/500] train_loss_con: 5.609 energy_loss: -0.028
[GPU0] epochs: [69/500] train_loss_con: 5.607 energy_loss: -0.060
[GPU0] epochs: [70/500] train_loss_con: 5.608 energy_loss: -0.129
[GPU0] epochs: [71/500] train_loss_con: 5.606 energy_loss: -0.282
[GPU0] epochs: [72/500] train_loss_con: 5.604 energy_loss: -0.912
[GPU0] epochs: [73/500] train_loss_con: 5.604 energy_loss: -1.537
[GPU0] epochs: [74/500] train_loss_con: 5.601 energy_loss: -1.331
[GPU0] epochs: [75/500] train_loss_con: 5.604 energy_loss: -0.752
[GPU0] epochs: [76/500] train_loss_con: 5.600 energy_loss: -0.154
[GPU0] epochs: [77/500] train_loss_con: 5.601 energy_loss: -0.385
[GPU0] epochs: [78/500] train_loss_con: 5.602 energy_loss: -1.217
[GPU0] epochs: [79/500] train_loss_con: 5.599 energy_loss: -1.921
[GPU0] epochs: [80/500] train_loss_con: 5.596 energy_loss: -0.361
[GPU0] epochs: [81/500] train_loss_con: 5.596 energy_loss: -1.620
[GPU0] epochs: [82/500] train_loss_con: 5.594 energy_loss: -0.957
[GPU0] epochs: [83/500] train_loss_con: 5.593 energy_loss: -0.848
[GPU0] epochs: [84/500] train_loss_con: 5.591 energy_loss: -3.153
[GPU0] epochs: [85/500] train_loss_con: 5.591 energy_loss: -2.813
[GPU0] epochs: [86/500] train_loss_con: 5.590 energy_loss: -2.091
[GPU0] epochs: [87/500] train_loss_con: 5.587 energy_loss: -1.577
[GPU0] epochs: [88/500] train_loss_con: 5.588 energy_loss: -2.289
[GPU0] epochs: [89/500] train_loss_con: 5.587 energy_loss: -2.084
[GPU0] epochs: [90/500] train_loss_con: 5.586 energy_loss: -1.936
[GPU0] epochs: [91/500] train_loss_con: 5.587 energy_loss: -0.371
[GPU0] epochs: [92/500] train_loss_con: 5.584 energy_loss: -1.103
[GPU0] epochs: [93/500] train_loss_con: 5.584 energy_loss: -1.852
[GPU0] epochs: [94/500] train_loss_con: 5.588 energy_loss: -1.413
[GPU0] epochs: [95/500] train_loss_con: 5.586 energy_loss: -5.159
[GPU0] epochs: [96/500] train_loss_con: 5.580 energy_loss: -0.497
[GPU0] epochs: [97/500] train_loss_con: 5.580 energy_loss: -1.283
[GPU0] epochs: [98/500] train_loss_con: 5.582 energy_loss: -3.926
[GPU0] epochs: [99/500] train_loss_con: 5.580 energy_loss: -3.270
[GPU0] epochs: [100/500] train_loss_con: 5.577 energy_loss: -1.128
[GPU0] epochs: [101/500] train_loss_con: 5.578 energy_loss: -3.647
[GPU0] epochs: [102/500] train_loss_con: 5.578 energy_loss: -0.064
[GPU0] epochs: [103/500] train_loss_con: 5.579 energy_loss: -0.155
[GPU0] epochs: [104/500] train_loss_con: 5.577 energy_loss: -0.296
[GPU0] epochs: [105/500] train_loss_con: 5.579 energy_loss: -0.615
[GPU0] epochs: [106/500] train_loss_con: 5.574 energy_loss: -2.508
[GPU0] epochs: [107/500] train_loss_con: 5.575 energy_loss: -3.743
[GPU0] epochs: [108/500] train_loss_con: 5.572 energy_loss: -0.077
[GPU0] epochs: [109/500] train_loss_con: 5.573 energy_loss: -0.184
[GPU0] epochs: [110/500] train_loss_con: 5.572 energy_loss: -0.415
[GPU0] epochs: [111/500] train_loss_con: 5.573 energy_loss: -1.061
[GPU0] epochs: [112/500] train_loss_con: 5.573 energy_loss: -6.816
[GPU0] epochs: [113/500] train_loss_con: 5.572 energy_loss: -1.322
[GPU0] epochs: [114/500] train_loss_con: 5.569 energy_loss: -0.957
[GPU0] epochs: [115/500] train_loss_con: 5.571 energy_loss: -5.793
[GPU0] epochs: [116/500] train_loss_con: 5.573 energy_loss: -1.040
[GPU0] epochs: [117/500] train_loss_con: 5.568 energy_loss: -0.382
[GPU0] epochs: [118/500] train_loss_con: 5.565 energy_loss: -0.931
[GPU0] epochs: [119/500] train_loss_con: 5.568 energy_loss: -3.233
[GPU0] epochs: [120/500] train_loss_con: 5.567 energy_loss: -6.369
[GPU0] epochs: [121/500] train_loss_con: 5.565 energy_loss: -5.095
[GPU0] epochs: [122/500] train_loss_con: 5.569 energy_loss: -3.520
[GPU0] epochs: [123/500] train_loss_con: 5.564 energy_loss: -0.537
[GPU0] epochs: [124/500] train_loss_con: 5.563 energy_loss: -1.357
[GPU0] epochs: [125/500] train_loss_con: 5.564 energy_loss: -4.098
[GPU0] epochs: [126/500] train_loss_con: 5.563 energy_loss: -3.510
[GPU0] epochs: [127/500] train_loss_con: 5.559 energy_loss: -1.709
[GPU0] epochs: [128/500] train_loss_con: 5.562 energy_loss: -3.883
[GPU0] epochs: [129/500] train_loss_con: 5.560 energy_loss: -1.525
[GPU0] epochs: [130/500] train_loss_con: 5.563 energy_loss: -7.265
[GPU0] epochs: [131/500] train_loss_con: 5.559 energy_loss: -0.499
[GPU0] epochs: [132/500] train_loss_con: 5.560 energy_loss: -3.935
[GPU0] epochs: [133/500] train_loss_con: 5.559 energy_loss: -19.958
[GPU0] epochs: [134/500] train_loss_con: 5.561 energy_loss: -1.195
[GPU0] epochs: [135/500] train_loss_con: 5.559 energy_loss: -1.067
[GPU0] epochs: [136/500] train_loss_con: 5.558 energy_loss: -2.483
[GPU0] epochs: [137/500] train_loss_con: 5.552 energy_loss: -7.642
[GPU0] epochs: [138/500] train_loss_con: 5.554 energy_loss: -1.499
[GPU0] epochs: [139/500] train_loss_con: 5.556 energy_loss: -6.722
[GPU0] epochs: [140/500] train_loss_con: 5.556 energy_loss: -7.610
[GPU0] epochs: [141/500] train_loss_con: 5.553 energy_loss: -9.284
[GPU0] epochs: [142/500] train_loss_con: 5.555 energy_loss: -8.384
[GPU0] epochs: [143/500] train_loss_con: 5.555 energy_loss: -4.992
[GPU0] epochs: [144/500] train_loss_con: 5.553 energy_loss: -3.497
[GPU0] epochs: [145/500] train_loss_con: 5.551 energy_loss: -7.079
[GPU0] epochs: [146/500] train_loss_con: 5.553 energy_loss: -2.920
[GPU0] epochs: [147/500] train_loss_con: 5.550 energy_loss: -10.603
[GPU0] epochs: [148/500] train_loss_con: 5.552 energy_loss: -5.006
[GPU0] epochs: [149/500] train_loss_con: 5.552 energy_loss: -7.900
[GPU0] epochs: [150/500] train_loss_con: 5.550 energy_loss: -6.701
[GPU0] epochs: [151/500] train_loss_con: 5.550 energy_loss: -4.919
[GPU0] epochs: [152/500] train_loss_con: 5.547 energy_loss: -5.065
[GPU0] epochs: [153/500] train_loss_con: 5.548 energy_loss: -1.464
[GPU0] epochs: [154/500] train_loss_con: 5.546 energy_loss: -2.440
[GPU0] epochs: [155/500] train_loss_con: 5.547 energy_loss: -4.533
[GPU0] epochs: [156/500] train_loss_con: 5.547 energy_loss: -9.530
[GPU0] epochs: [157/500] train_loss_con: 5.548 energy_loss: -5.180
[GPU0] epochs: [158/500] train_loss_con: 5.544 energy_loss: -0.179
[GPU0] epochs: [159/500] train_loss_con: 5.547 energy_loss: -0.382
[GPU0] epochs: [160/500] train_loss_con: 5.542 energy_loss: -0.692
[GPU0] epochs: [161/500] train_loss_con: 5.546 energy_loss: -1.343
[GPU0] epochs: [162/500] train_loss_con: 5.547 energy_loss: -3.167
[GPU0] epochs: [163/500] train_loss_con: 5.544 energy_loss: -7.097
[GPU0] epochs: [164/500] train_loss_con: 5.546 energy_loss: -12.117
[GPU0] epochs: [165/500] train_loss_con: 5.541 energy_loss: -0.609
[GPU0] epochs: [166/500] train_loss_con: 5.543 energy_loss: -1.242
[GPU0] epochs: [167/500] train_loss_con: 5.541 energy_loss: -2.382
[GPU0] epochs: [168/500] train_loss_con: 5.540 energy_loss: -8.709
[GPU0] epochs: [169/500] train_loss_con: 5.542 energy_loss: -0.136
[GPU0] epochs: [170/500] train_loss_con: 5.542 energy_loss: -0.360
[GPU0] epochs: [171/500] train_loss_con: 5.543 energy_loss: -0.642
[GPU0] epochs: [172/500] train_loss_con: 5.541 energy_loss: -1.057
[GPU0] epochs: [173/500] train_loss_con: 5.539 energy_loss: -1.856
[GPU0] epochs: [174/500] train_loss_con: 5.537 energy_loss: -4.603
[GPU0] epochs: [175/500] train_loss_con: 5.535 energy_loss: -4.656
[GPU0] epochs: [176/500] train_loss_con: 5.539 energy_loss: -4.645
[GPU0] epochs: [177/500] train_loss_con: 5.538 energy_loss: -18.946
[GPU0] epochs: [178/500] train_loss_con: 5.538 energy_loss: -5.660
[GPU0] epochs: [179/500] train_loss_con: 5.535 energy_loss: -0.512
[GPU0] epochs: [180/500] train_loss_con: 5.536 energy_loss: -0.854
[GPU0] epochs: [181/500] train_loss_con: 5.533 energy_loss: -1.365
[GPU0] epochs: [182/500] train_loss_con: 5.540 energy_loss: -2.381
[GPU0] epochs: [183/500] train_loss_con: 5.535 energy_loss: -7.670
[GPU0] epochs: [184/500] train_loss_con: 5.537 energy_loss: -12.222
[GPU0] epochs: [185/500] train_loss_con: 5.536 energy_loss: -9.508
[GPU0] epochs: [186/500] train_loss_con: 5.533 energy_loss: -3.536
[GPU0] epochs: [187/500] train_loss_con: 5.533 energy_loss: -20.967
[GPU0] epochs: [188/500] train_loss_con: 5.532 energy_loss: -16.191
[GPU0] epochs: [189/500] train_loss_con: 5.530 energy_loss: -1.981
[GPU0] epochs: [190/500] train_loss_con: 5.536 energy_loss: -22.417
[GPU0] epochs: [191/500] train_loss_con: 5.530 energy_loss: -1.661
[GPU0] epochs: [192/500] train_loss_con: 5.533 energy_loss: -11.348
[GPU0] epochs: [193/500] train_loss_con: 5.532 energy_loss: -21.756
[GPU0] epochs: [194/500] train_loss_con: 5.529 energy_loss: -0.390
[GPU0] epochs: [195/500] train_loss_con: 5.531 energy_loss: -0.798
[GPU0] epochs: [196/500] train_loss_con: 5.527 energy_loss: -1.351
[GPU0] epochs: [197/500] train_loss_con: 5.526 energy_loss: -2.465
[GPU0] epochs: [198/500] train_loss_con: 5.527 energy_loss: -21.276
[GPU0] epochs: [199/500] train_loss_con: 5.530 energy_loss: -11.579
[GPU0] epochs: [200/500] train_loss_con: 5.527 energy_loss: -8.206
[GPU0] epochs: [201/500] train_loss_con: 5.528 energy_loss: -45.874
[GPU0] epochs: [202/500] train_loss_con: 5.527 energy_loss: -39.995
[GPU0] epochs: [203/500] train_loss_con: 5.526 energy_loss: -5.876
[GPU0] epochs: [204/500] train_loss_con: 5.528 energy_loss: -20.072
[GPU0] epochs: [205/500] train_loss_con: 5.526 energy_loss: -1.284
[GPU0] epochs: [206/500] train_loss_con: 5.527 energy_loss: -2.910
[GPU0] epochs: [207/500] train_loss_con: 5.526 energy_loss: -25.923
[GPU0] epochs: [208/500] train_loss_con: 5.525 energy_loss: -11.967
[GPU0] epochs: [209/500] train_loss_con: 5.524 energy_loss: -22.450
[GPU0] epochs: [210/500] train_loss_con: 5.522 energy_loss: -0.485
[GPU0] epochs: [211/500] train_loss_con: 5.522 energy_loss: -0.706
[GPU0] epochs: [212/500] train_loss_con: 5.523 energy_loss: -0.913
[GPU0] epochs: [213/500] train_loss_con: 5.523 energy_loss: -1.172
[GPU0] epochs: [214/500] train_loss_con: 5.524 energy_loss: -1.520
[GPU0] epochs: [215/500] train_loss_con: 5.521 energy_loss: -2.079
[GPU0] epochs: [216/500] train_loss_con: 5.522 energy_loss: -3.124
[GPU0] epochs: [217/500] train_loss_con: 5.520 energy_loss: -9.065
[GPU0] epochs: [218/500] train_loss_con: 5.521 energy_loss: -34.783
[GPU0] epochs: [219/500] train_loss_con: 5.519 energy_loss: -23.533
[GPU0] epochs: [220/500] train_loss_con: 5.521 energy_loss: -31.381
[GPU0] epochs: [221/500] train_loss_con: 5.516 energy_loss: -28.694
[GPU0] epochs: [222/500] train_loss_con: 5.521 energy_loss: -49.972
[GPU0] epochs: [223/500] train_loss_con: 5.513 energy_loss: -81.564
[GPU0] epochs: [224/500] train_loss_con: 5.519 energy_loss: -116.292
[GPU0] epochs: [225/500] train_loss_con: 5.519 energy_loss: -51.361
[GPU0] epochs: [226/500] train_loss_con: 5.516 energy_loss: -47.201
[GPU0] epochs: [227/500] train_loss_con: 5.520 energy_loss: -93.209
[GPU0] epochs: [228/500] train_loss_con: 5.518 energy_loss: -249.404
[GPU0] epochs: [229/500] train_loss_con: 5.519 energy_loss: -293.245
[GPU0] epochs: [230/500] train_loss_con: 5.515 energy_loss: -309.259
[GPU0] epochs: [231/500] train_loss_con: 5.514 energy_loss: -363.196
[GPU0] epochs: [232/500] train_loss_con: 5.516 energy_loss: -388.447
[GPU0] epochs: [233/500] train_loss_con: 5.517 energy_loss: -408.645
[GPU0] epochs: [234/500] train_loss_con: 5.517 energy_loss: -432.301
[GPU0] epochs: [235/500] train_loss_con: 5.517 energy_loss: -455.033
[GPU0] epochs: [236/500] train_loss_con: 5.515 energy_loss: -476.395
[GPU0] epochs: [237/500] train_loss_con: 5.515 energy_loss: -486.863
[GPU0] epochs: [238/500] train_loss_con: 5.516 energy_loss: -546.464
[GPU0] epochs: [239/500] train_loss_con: 5.514 energy_loss: -514.994
[GPU0] epochs: [240/500] train_loss_con: 5.513 energy_loss: -530.423
[GPU0] epochs: [241/500] train_loss_con: 5.513 energy_loss: -531.511
[GPU0] epochs: [242/500] train_loss_con: 5.509 energy_loss: -584.607
[GPU0] epochs: [243/500] train_loss_con: 5.515 energy_loss: -577.173
[GPU0] epochs: [244/500] train_loss_con: 5.511 energy_loss: -594.039
[GPU0] epochs: [245/500] train_loss_con: 5.511 energy_loss: -588.064
[GPU0] epochs: [246/500] train_loss_con: 5.512 energy_loss: -552.076
[GPU0] epochs: [247/500] train_loss_con: 5.513 energy_loss: -672.025
[GPU0] epochs: [248/500] train_loss_con: 5.508 energy_loss: -641.067
[GPU0] epochs: [249/500] train_loss_con: 5.511 energy_loss: -648.319
[GPU0] epochs: [250/500] train_loss_con: 5.510 energy_loss: -668.227
[GPU0] epochs: [251/500] train_loss_con: 5.510 energy_loss: -687.856
[GPU0] epochs: [252/500] train_loss_con: 5.509 energy_loss: -664.476
[GPU0] epochs: [253/500] train_loss_con: 5.509 energy_loss: -722.780
[GPU0] epochs: [254/500] train_loss_con: 5.509 energy_loss: -661.589
[GPU0] epochs: [255/500] train_loss_con: 5.506 energy_loss: -739.377
[GPU0] epochs: [256/500] train_loss_con: 5.505 energy_loss: -724.560
[GPU0] epochs: [257/500] train_loss_con: 5.505 energy_loss: -743.816
[GPU0] epochs: [258/500] train_loss_con: 5.505 energy_loss: -806.160
[GPU0] epochs: [259/500] train_loss_con: 5.508 energy_loss: -751.520
[GPU0] epochs: [260/500] train_loss_con: 5.507 energy_loss: -816.281
[GPU0] epochs: [261/500] train_loss_con: 5.506 energy_loss: -839.303
[GPU0] epochs: [262/500] train_loss_con: 5.506 energy_loss: -794.988
[GPU0] epochs: [263/500] train_loss_con: 5.508 energy_loss: -764.252
[GPU0] epochs: [264/500] train_loss_con: 5.504 energy_loss: -818.131
[GPU0] epochs: [265/500] train_loss_con: 5.505 energy_loss: -781.166
[GPU0] epochs: [266/500] train_loss_con: 5.501 energy_loss: -871.764
[GPU0] epochs: [267/500] train_loss_con: 5.503 energy_loss: -880.453
[GPU0] epochs: [268/500] train_loss_con: 5.505 energy_loss: -896.603
[GPU0] epochs: [269/500] train_loss_con: 5.505 energy_loss: -879.785
[GPU0] epochs: [270/500] train_loss_con: 5.500 energy_loss: -935.133
[GPU0] epochs: [271/500] train_loss_con: 5.502 energy_loss: -808.116
[GPU0] epochs: [272/500] train_loss_con: 5.506 energy_loss: -869.075
[GPU0] epochs: [273/500] train_loss_con: 5.503 energy_loss: -917.078
[GPU0] epochs: [274/500] train_loss_con: 5.501 energy_loss: -979.201
[GPU0] epochs: [275/500] train_loss_con: 5.502 energy_loss: -959.742
[GPU0] epochs: [276/500] train_loss_con: 5.504 energy_loss: -979.467
[GPU0] epochs: [277/500] train_loss_con: 5.501 energy_loss: -1000.857
[GPU0] epochs: [278/500] train_loss_con: 5.498 energy_loss: -994.335
[GPU0] epochs: [279/500] train_loss_con: 5.500 energy_loss: -956.988
[GPU0] epochs: [280/500] train_loss_con: 5.500 energy_loss: -1053.828
[GPU0] epochs: [281/500] train_loss_con: 5.501 energy_loss: -1011.926
[GPU0] epochs: [282/500] train_loss_con: 5.500 energy_loss: -1096.271
[GPU0] epochs: [283/500] train_loss_con: 5.502 energy_loss: -995.372
[GPU0] epochs: [284/500] train_loss_con: 5.500 energy_loss: -1122.660
[GPU0] epochs: [285/500] train_loss_con: 5.501 energy_loss: -1062.481
[GPU0] epochs: [286/500] train_loss_con: 5.500 energy_loss: -1053.646
[GPU0] epochs: [287/500] train_loss_con: 5.499 energy_loss: -1076.794
[GPU0] epochs: [288/500] train_loss_con: 5.497 energy_loss: -1101.325
[GPU0] epochs: [289/500] train_loss_con: 5.497 energy_loss: -1126.121
[GPU0] epochs: [290/500] train_loss_con: 5.496 energy_loss: -1117.257
[GPU0] epochs: [291/500] train_loss_con: 5.500 energy_loss: -1104.083
[GPU0] epochs: [292/500] train_loss_con: 5.496 energy_loss: -1120.561
[GPU0] epochs: [293/500] train_loss_con: 5.497 energy_loss: -1105.559
[GPU0] epochs: [294/500] train_loss_con: 5.496 energy_loss: -1094.518
[GPU0] epochs: [295/500] train_loss_con: 5.495 energy_loss: -1112.150
[GPU0] epochs: [296/500] train_loss_con: 5.497 energy_loss: -1219.497
[GPU0] epochs: [297/500] train_loss_con: 5.498 energy_loss: -1185.398
[GPU0] epochs: [298/500] train_loss_con: 5.494 energy_loss: -1157.514
[GPU0] epochs: [299/500] train_loss_con: 5.496 energy_loss: -1036.393
[GPU0] epochs: [300/500] train_loss_con: 5.495 energy_loss: -1197.383
[GPU0] epochs: [301/500] train_loss_con: 5.495 energy_loss: -1181.622
[GPU0] epochs: [302/500] train_loss_con: 5.496 energy_loss: -1344.193
[GPU0] epochs: [303/500] train_loss_con: 5.494 energy_loss: -1232.001
[GPU0] epochs: [304/500] train_loss_con: 5.491 energy_loss: -1268.368
[GPU0] epochs: [305/500] train_loss_con: 5.492 energy_loss: -1260.943
[GPU0] epochs: [306/500] train_loss_con: 5.495 energy_loss: -1232.046
[GPU0] epochs: [307/500] train_loss_con: 5.491 energy_loss: -1253.958
[GPU0] epochs: [308/500] train_loss_con: 5.490 energy_loss: -1307.411
[GPU0] epochs: [309/500] train_loss_con: 5.493 energy_loss: -1297.215
[GPU0] epochs: [310/500] train_loss_con: 5.491 energy_loss: -1263.350
[GPU0] epochs: [311/500] train_loss_con: 5.490 energy_loss: -1305.302
[GPU0] epochs: [312/500] train_loss_con: 5.489 energy_loss: -1330.180
[GPU0] epochs: [313/500] train_loss_con: 5.490 energy_loss: -1276.537
[GPU0] epochs: [314/500] train_loss_con: 5.492 energy_loss: -1184.749
[GPU0] epochs: [315/500] train_loss_con: 5.489 energy_loss: -1377.444
[GPU0] epochs: [316/500] train_loss_con: 5.491 energy_loss: -1304.352
[GPU0] epochs: [317/500] train_loss_con: 5.490 energy_loss: -1362.579
[GPU0] epochs: [318/500] train_loss_con: 5.491 energy_loss: -1320.061
[GPU0] epochs: [319/500] train_loss_con: 5.492 energy_loss: -1479.725
[GPU0] epochs: [320/500] train_loss_con: 5.488 energy_loss: -1345.007
[GPU0] epochs: [321/500] train_loss_con: 5.489 energy_loss: -1345.058
[GPU0] epochs: [322/500] train_loss_con: 5.488 energy_loss: -1368.864
[GPU0] epochs: [323/500] train_loss_con: 5.489 energy_loss: -1449.867
[GPU0] epochs: [324/500] train_loss_con: 5.487 energy_loss: -1353.853
[GPU0] epochs: [325/500] train_loss_con: 5.485 energy_loss: -1329.770
[GPU0] epochs: [326/500] train_loss_con: 5.489 energy_loss: -1460.574
[GPU0] epochs: [327/500] train_loss_con: 5.487 energy_loss: -1295.588
[GPU0] epochs: [328/500] train_loss_con: 5.486 energy_loss: -1409.539
[GPU0] epochs: [329/500] train_loss_con: 5.487 energy_loss: -1456.374
[GPU0] epochs: [330/500] train_loss_con: 5.488 energy_loss: -1381.405
[GPU0] epochs: [331/500] train_loss_con: 5.483 energy_loss: -1396.112
[GPU0] epochs: [332/500] train_loss_con: 5.485 energy_loss: -1400.577
[GPU0] epochs: [333/500] train_loss_con: 5.484 energy_loss: -1456.421
[GPU0] epochs: [334/500] train_loss_con: 5.485 energy_loss: -1439.017
[GPU0] epochs: [335/500] train_loss_con: 5.485 energy_loss: -1157.260
[GPU0] epochs: [336/500] train_loss_con: 5.485 energy_loss: -1361.598
[GPU0] epochs: [337/500] train_loss_con: 5.482 energy_loss: -1417.201
[GPU0] epochs: [338/500] train_loss_con: 5.483 energy_loss: -1486.522
[GPU0] epochs: [339/500] train_loss_con: 5.482 energy_loss: -1488.437
[GPU0] epochs: [340/500] train_loss_con: 5.485 energy_loss: -1637.315
[GPU0] epochs: [341/500] train_loss_con: 5.485 energy_loss: -1392.673
[GPU0] epochs: [342/500] train_loss_con: 5.482 energy_loss: -1377.489
[GPU0] epochs: [343/500] train_loss_con: 5.481 energy_loss: -1391.506
[GPU0] epochs: [344/500] train_loss_con: 5.482 energy_loss: -1360.684
[GPU0] epochs: [345/500] train_loss_con: 5.485 energy_loss: -1320.264
[GPU0] epochs: [346/500] train_loss_con: 5.483 energy_loss: -1507.296
[GPU0] epochs: [347/500] train_loss_con: 5.480 energy_loss: -1392.837
[GPU0] epochs: [348/500] train_loss_con: 5.480 energy_loss: -1440.961
[GPU0] epochs: [349/500] train_loss_con: 5.482 energy_loss: -1505.215
[GPU0] epochs: [350/500] train_loss_con: 5.479 energy_loss: -1452.632
[GPU0] epochs: [351/500] train_loss_con: 5.477 energy_loss: -1371.991
[GPU0] epochs: [352/500] train_loss_con: 5.482 energy_loss: -1417.257
[GPU0] epochs: [353/500] train_loss_con: 5.480 energy_loss: -1451.143
[GPU0] epochs: [354/500] train_loss_con: 5.480 energy_loss: -1516.941
[GPU0] epochs: [355/500] train_loss_con: 5.480 energy_loss: -1474.319
[GPU0] epochs: [356/500] train_loss_con: 5.479 energy_loss: -1507.836
[GPU0] epochs: [357/500] train_loss_con: 5.474 energy_loss: -1454.015
[GPU0] epochs: [358/500] train_loss_con: 5.478 energy_loss: -1570.806
[GPU0] epochs: [359/500] train_loss_con: 5.476 energy_loss: -1482.077
[GPU0] epochs: [360/500] train_loss_con: 5.478 energy_loss: -1539.611
[GPU0] epochs: [361/500] train_loss_con: 5.479 energy_loss: -1488.647
[GPU0] epochs: [362/500] train_loss_con: 5.480 energy_loss: -1575.929
[GPU0] epochs: [363/500] train_loss_con: 5.478 energy_loss: -1551.334
[GPU0] epochs: [364/500] train_loss_con: 5.477 energy_loss: -1465.119
[GPU0] epochs: [365/500] train_loss_con: 5.478 energy_loss: -1606.870
[GPU0] epochs: [366/500] train_loss_con: 5.477 energy_loss: -1627.379
[GPU0] epochs: [367/500] train_loss_con: 5.476 energy_loss: -1606.230
[GPU0] epochs: [368/500] train_loss_con: 5.475 energy_loss: -1618.808
[GPU0] epochs: [369/500] train_loss_con: 5.478 energy_loss: -1514.046
[GPU0] epochs: [370/500] train_loss_con: 5.476 energy_loss: -1503.475
[GPU0] epochs: [371/500] train_loss_con: 5.476 energy_loss: -1386.102
[GPU0] epochs: [372/500] train_loss_con: 5.473 energy_loss: -1510.445
[GPU0] epochs: [373/500] train_loss_con: 5.475 energy_loss: -1723.922
[GPU0] epochs: [374/500] train_loss_con: 5.475 energy_loss: -1617.394
[GPU0] epochs: [375/500] train_loss_con: 5.474 energy_loss: -1482.136
[GPU0] epochs: [376/500] train_loss_con: 5.470 energy_loss: -1490.446
[GPU0] epochs: [377/500] train_loss_con: 5.473 energy_loss: -1626.328
[GPU0] epochs: [378/500] train_loss_con: 5.472 energy_loss: -1660.264
[GPU0] epochs: [379/500] train_loss_con: 5.476 energy_loss: -1653.535
[GPU0] epochs: [380/500] train_loss_con: 5.474 energy_loss: -1622.045
[GPU0] epochs: [381/500] train_loss_con: 5.477 energy_loss: -1605.018
[GPU0] epochs: [382/500] train_loss_con: 5.468 energy_loss: -1713.531
[GPU0] epochs: [383/500] train_loss_con: 5.469 energy_loss: -1482.909
[GPU0] epochs: [384/500] train_loss_con: 5.470 energy_loss: -1670.562
[GPU0] epochs: [385/500] train_loss_con: 5.471 energy_loss: -1774.019
[GPU0] epochs: [386/500] train_loss_con: 5.472 energy_loss: -1656.760
[GPU0] epochs: [387/500] train_loss_con: 5.471 energy_loss: -1743.188
[GPU0] epochs: [388/500] train_loss_con: 5.473 energy_loss: -1703.104
[GPU0] epochs: [389/500] train_loss_con: 5.473 energy_loss: -1675.601
[GPU0] epochs: [390/500] train_loss_con: 5.473 energy_loss: -1704.486
[GPU0] epochs: [391/500] train_loss_con: 5.472 energy_loss: -1636.084
[GPU0] epochs: [392/500] train_loss_con: 5.474 energy_loss: -1760.492
[GPU0] epochs: [393/500] train_loss_con: 5.470 energy_loss: -1731.228
[GPU0] epochs: [394/500] train_loss_con: 5.469 energy_loss: -1767.913
[GPU0] epochs: [395/500] train_loss_con: 5.470 energy_loss: -1795.851
[GPU0] epochs: [396/500] train_loss_con: 5.467 energy_loss: -1696.611
[GPU0] epochs: [397/500] train_loss_con: 5.471 energy_loss: -1758.248
[GPU0] epochs: [398/500] train_loss_con: 5.468 energy_loss: -1619.485
[GPU0] epochs: [399/500] train_loss_con: 5.468 energy_loss: -1836.539
[GPU0] epochs: [400/500] train_loss_con: 5.466 energy_loss: -1861.083
[GPU0] epochs: [401/500] train_loss_con: 5.468 energy_loss: -1751.225
[GPU0] epochs: [402/500] train_loss_con: 5.469 energy_loss: -1785.041
[GPU0] epochs: [403/500] train_loss_con: 5.468 energy_loss: -1721.538
[GPU0] epochs: [404/500] train_loss_con: 5.467 energy_loss: -1622.732
[GPU0] epochs: [405/500] train_loss_con: 5.467 energy_loss: -1751.304
[GPU0] epochs: [406/500] train_loss_con: 5.468 energy_loss: -1863.804
[GPU0] epochs: [407/500] train_loss_con: 5.465 energy_loss: -1780.096
[GPU0] epochs: [408/500] train_loss_con: 5.468 energy_loss: -1929.807
[GPU0] epochs: [409/500] train_loss_con: 5.465 energy_loss: -1837.186
[GPU0] epochs: [410/500] train_loss_con: 5.465 energy_loss: -1859.049
[GPU0] epochs: [411/500] train_loss_con: 5.465 energy_loss: -1635.177
[GPU0] epochs: [412/500] train_loss_con: 5.464 energy_loss: -1708.507
[GPU0] epochs: [413/500] train_loss_con: 5.465 energy_loss: -1770.719
[GPU0] epochs: [414/500] train_loss_con: 5.463 energy_loss: -1701.521
[GPU0] epochs: [415/500] train_loss_con: 5.463 energy_loss: -1696.581
[GPU0] epochs: [416/500] train_loss_con: 5.466 energy_loss: -1697.651
[GPU0] epochs: [417/500] train_loss_con: 5.465 energy_loss: -1708.687
[GPU0] epochs: [418/500] train_loss_con: 5.466 energy_loss: -1902.312
[GPU0] epochs: [419/500] train_loss_con: 5.465 energy_loss: -1896.254
[GPU0] epochs: [420/500] train_loss_con: 5.466 energy_loss: -1813.714
[GPU0] epochs: [421/500] train_loss_con: 5.463 energy_loss: -1696.567
[GPU0] epochs: [422/500] train_loss_con: 5.462 energy_loss: -1760.785
[GPU0] epochs: [423/500] train_loss_con: 5.464 energy_loss: -1734.352
[GPU0] epochs: [424/500] train_loss_con: 5.464 energy_loss: -1778.245
[GPU0] epochs: [425/500] train_loss_con: 5.462 energy_loss: -1799.143
[GPU0] epochs: [426/500] train_loss_con: 5.464 energy_loss: -1858.358
[GPU0] epochs: [427/500] train_loss_con: 5.463 energy_loss: -1750.956
[GPU0] epochs: [428/500] train_loss_con: 5.463 energy_loss: -2016.285
[GPU0] epochs: [429/500] train_loss_con: 5.461 energy_loss: -1701.208
[GPU0] epochs: [430/500] train_loss_con: 5.463 energy_loss: -1747.977
[GPU0] epochs: [431/500] train_loss_con: 5.459 energy_loss: -1869.409
[GPU0] epochs: [432/500] train_loss_con: 5.460 energy_loss: -1991.953
[GPU0] epochs: [433/500] train_loss_con: 5.463 energy_loss: -1830.697
[GPU0] epochs: [434/500] train_loss_con: 5.462 energy_loss: -1778.964
[GPU0] epochs: [435/500] train_loss_con: 5.462 energy_loss: -1923.413
[GPU0] epochs: [436/500] train_loss_con: 5.464 energy_loss: -1931.797
[GPU0] epochs: [437/500] train_loss_con: 5.461 energy_loss: -1794.764
[GPU0] epochs: [438/500] train_loss_con: 5.460 energy_loss: -1914.623
[GPU0] epochs: [439/500] train_loss_con: 5.460 energy_loss: -1838.801
[GPU0] epochs: [440/500] train_loss_con: 5.460 energy_loss: -1874.237
[GPU0] epochs: [441/500] train_loss_con: 5.457 energy_loss: -1679.721
[GPU0] epochs: [442/500] train_loss_con: 5.461 energy_loss: -1811.943
[GPU0] epochs: [443/500] train_loss_con: 5.460 energy_loss: -1958.357
[GPU0] epochs: [444/500] train_loss_con: 5.461 energy_loss: -1803.718
[GPU0] epochs: [445/500] train_loss_con: 5.461 energy_loss: -2037.335
[GPU0] epochs: [446/500] train_loss_con: 5.459 energy_loss: -1868.124
[GPU0] epochs: [447/500] train_loss_con: 5.456 energy_loss: -1817.336
[GPU0] epochs: [448/500] train_loss_con: 5.458 energy_loss: -1979.328
[GPU0] epochs: [449/500] train_loss_con: 5.458 energy_loss: -1947.918
[GPU0] epochs: [450/500] train_loss_con: 5.459 energy_loss: -1955.042
[GPU0] epochs: [451/500] train_loss_con: 5.459 energy_loss: -2142.088
[GPU0] epochs: [452/500] train_loss_con: 5.456 energy_loss: -2112.991
[GPU0] epochs: [453/500] train_loss_con: 5.458 energy_loss: -2047.807
[GPU0] epochs: [454/500] train_loss_con: 5.458 energy_loss: -2034.563
[GPU0] epochs: [455/500] train_loss_con: 5.457 energy_loss: -1726.655
[GPU0] epochs: [456/500] train_loss_con: 5.457 energy_loss: -2019.820
[GPU0] epochs: [457/500] train_loss_con: 5.460 energy_loss: -1867.146
[GPU0] epochs: [458/500] train_loss_con: 5.458 energy_loss: -1884.379
[GPU0] epochs: [459/500] train_loss_con: 5.454 energy_loss: -1980.115
[GPU0] epochs: [460/500] train_loss_con: 5.456 energy_loss: -1765.423
[GPU0] epochs: [461/500] train_loss_con: 5.456 energy_loss: -1925.755
[GPU0] epochs: [462/500] train_loss_con: 5.455 energy_loss: -2049.774
[GPU0] epochs: [463/500] train_loss_con: 5.457 energy_loss: -2029.385
[GPU0] epochs: [464/500] train_loss_con: 5.457 energy_loss: -2145.969
[GPU0] epochs: [465/500] train_loss_con: 5.456 energy_loss: -1904.350
[GPU0] epochs: [466/500] train_loss_con: 5.456 energy_loss: -1881.651
[GPU0] epochs: [467/500] train_loss_con: 5.455 energy_loss: -2035.736
[GPU0] epochs: [468/500] train_loss_con: 5.453 energy_loss: -1907.199
[GPU0] epochs: [469/500] train_loss_con: 5.453 energy_loss: -1860.228
[GPU0] epochs: [470/500] train_loss_con: 5.456 energy_loss: -1828.798
[GPU0] epochs: [471/500] train_loss_con: 5.453 energy_loss: -2183.149
[GPU0] epochs: [472/500] train_loss_con: 5.454 energy_loss: -1984.952
[GPU0] epochs: [473/500] train_loss_con: 5.454 energy_loss: -2204.396
[GPU0] epochs: [474/500] train_loss_con: 5.455 energy_loss: -2038.124
[GPU0] epochs: [475/500] train_loss_con: 5.454 energy_loss: -1960.035
[GPU0] epochs: [476/500] train_loss_con: 5.455 energy_loss: -2007.074
[GPU0] epochs: [477/500] train_loss_con: 5.453 energy_loss: -1928.955
[GPU0] epochs: [478/500] train_loss_con: 5.455 energy_loss: -2060.472
[GPU0] epochs: [479/500] train_loss_con: 5.454 energy_loss: -1822.417
[GPU0] epochs: [480/500] train_loss_con: 5.453 energy_loss: -2000.093
[GPU0] epochs: [481/500] train_loss_con: 5.452 energy_loss: -1947.408
[GPU0] epochs: [482/500] train_loss_con: 5.455 energy_loss: -2071.501
[GPU0] epochs: [483/500] train_loss_con: 5.453 energy_loss: -2188.982
[GPU0] epochs: [484/500] train_loss_con: 5.452 energy_loss: -1973.809
[GPU0] epochs: [485/500] train_loss_con: 5.453 energy_loss: -1937.198
[GPU0] epochs: [486/500] train_loss_con: 5.450 energy_loss: -1979.049
[GPU0] epochs: [487/500] train_loss_con: 5.455 energy_loss: -1898.339
[GPU0] epochs: [488/500] train_loss_con: 5.453 energy_loss: -2044.448
[GPU0] epochs: [489/500] train_loss_con: 5.450 energy_loss: -2022.694
[GPU0] epochs: [490/500] train_loss_con: 5.452 energy_loss: -1904.049
[GPU0] epochs: [491/500] train_loss_con: 5.450 energy_loss: -1950.318
[GPU0] epochs: [492/500] train_loss_con: 5.455 energy_loss: -1925.970
[GPU0] epochs: [493/500] train_loss_con: 5.452 energy_loss: -1967.518
[GPU0] epochs: [494/500] train_loss_con: 5.450 energy_loss: -2192.442
[GPU0] epochs: [495/500] train_loss_con: 5.453 energy_loss: -2245.413
[GPU0] epochs: [496/500] train_loss_con: 5.449 energy_loss: -2138.156
[GPU0] epochs: [497/500] train_loss_con: 5.449 energy_loss: -2233.182
[GPU0] epochs: [498/500] train_loss_con: 5.456 energy_loss: -2279.599
[GPU0] epochs: [499/500] train_loss_con: 5.448 energy_loss: -2014.042
[GPU0] epochs: [500/500] train_loss_con: 5.454 energy_loss: -1912.925
### TSNE starts
### MLP training begins
[GPU0] Test Accuracy at epoch: 0: 0.872
[GPU0] epochs: [1/100] train_acc: 0.818 train_loss_sup: 0.580
[GPU0] epochs: [2/100] train_acc: 0.854 train_loss_sup: 0.425
[GPU0] epochs: [3/100] train_acc: 0.857 train_loss_sup: 0.414
[GPU0] epochs: [4/100] train_acc: 0.860 train_loss_sup: 0.407
[GPU0] epochs: [5/100] train_acc: 0.860 train_loss_sup: 0.404
[GPU0] epochs: [6/100] train_acc: 0.863 train_loss_sup: 0.398
[GPU0] epochs: [7/100] train_acc: 0.864 train_loss_sup: 0.394
[GPU0] epochs: [8/100] train_acc: 0.864 train_loss_sup: 0.391
[GPU0] epochs: [9/100] train_acc: 0.866 train_loss_sup: 0.388
[GPU0] epochs: [10/100] train_acc: 0.867 train_loss_sup: 0.384
[GPU0] Test Accuracy at epoch: 10: 0.887
[GPU0] epochs: [11/100] train_acc: 0.867 train_loss_sup: 0.385
[GPU0] epochs: [12/100] train_acc: 0.867 train_loss_sup: 0.380
[GPU0] epochs: [13/100] train_acc: 0.870 train_loss_sup: 0.376
[GPU0] epochs: [14/100] train_acc: 0.870 train_loss_sup: 0.379
[GPU0] epochs: [15/100] train_acc: 0.870 train_loss_sup: 0.378
[GPU0] epochs: [16/100] train_acc: 0.871 train_loss_sup: 0.372
[GPU0] epochs: [17/100] train_acc: 0.869 train_loss_sup: 0.373
[GPU0] epochs: [18/100] train_acc: 0.873 train_loss_sup: 0.367
[GPU0] epochs: [19/100] train_acc: 0.874 train_loss_sup: 0.364
[GPU0] epochs: [20/100] train_acc: 0.873 train_loss_sup: 0.363
[GPU0] Test Accuracy at epoch: 20: 0.892
[GPU0] epochs: [21/100] train_acc: 0.873 train_loss_sup: 0.364
[GPU0] epochs: [22/100] train_acc: 0.874 train_loss_sup: 0.360
[GPU0] epochs: [23/100] train_acc: 0.874 train_loss_sup: 0.358
[GPU0] epochs: [24/100] train_acc: 0.877 train_loss_sup: 0.356
[GPU0] epochs: [25/100] train_acc: 0.876 train_loss_sup: 0.360
[GPU0] epochs: [26/100] train_acc: 0.878 train_loss_sup: 0.352
[GPU0] epochs: [27/100] train_acc: 0.877 train_loss_sup: 0.348
[GPU0] epochs: [28/100] train_acc: 0.878 train_loss_sup: 0.349
[GPU0] epochs: [29/100] train_acc: 0.878 train_loss_sup: 0.349
[GPU0] epochs: [30/100] train_acc: 0.878 train_loss_sup: 0.349
[GPU0] Test Accuracy at epoch: 30: 0.899
[GPU0] epochs: [31/100] train_acc: 0.879 train_loss_sup: 0.349
[GPU0] epochs: [32/100] train_acc: 0.880 train_loss_sup: 0.345
[GPU0] epochs: [33/100] train_acc: 0.880 train_loss_sup: 0.343
[GPU0] epochs: [34/100] train_acc: 0.883 train_loss_sup: 0.338
[GPU0] epochs: [35/100] train_acc: 0.880 train_loss_sup: 0.341
[GPU0] epochs: [36/100] train_acc: 0.883 train_loss_sup: 0.336
[GPU0] epochs: [37/100] train_acc: 0.882 train_loss_sup: 0.338
[GPU0] epochs: [38/100] train_acc: 0.882 train_loss_sup: 0.337
[GPU0] epochs: [39/100] train_acc: 0.881 train_loss_sup: 0.339
[GPU0] epochs: [40/100] train_acc: 0.883 train_loss_sup: 0.335
[GPU0] Test Accuracy at epoch: 40: 0.895
[GPU0] epochs: [41/100] train_acc: 0.882 train_loss_sup: 0.335
[GPU0] epochs: [42/100] train_acc: 0.883 train_loss_sup: 0.333
[GPU0] epochs: [43/100] train_acc: 0.884 train_loss_sup: 0.332
[GPU0] epochs: [44/100] train_acc: 0.883 train_loss_sup: 0.333
[GPU0] epochs: [45/100] train_acc: 0.884 train_loss_sup: 0.326
[GPU0] epochs: [46/100] train_acc: 0.885 train_loss_sup: 0.326
[GPU0] epochs: [47/100] train_acc: 0.886 train_loss_sup: 0.326
[GPU0] epochs: [48/100] train_acc: 0.885 train_loss_sup: 0.325
[GPU0] epochs: [49/100] train_acc: 0.885 train_loss_sup: 0.326
[GPU0] epochs: [50/100] train_acc: 0.885 train_loss_sup: 0.323
[GPU0] Test Accuracy at epoch: 50: 0.897
[GPU0] epochs: [51/100] train_acc: 0.887 train_loss_sup: 0.323
[GPU0] epochs: [52/100] train_acc: 0.888 train_loss_sup: 0.317
[GPU0] epochs: [53/100] train_acc: 0.887 train_loss_sup: 0.320
[GPU0] epochs: [54/100] train_acc: 0.889 train_loss_sup: 0.317
[GPU0] epochs: [55/100] train_acc: 0.890 train_loss_sup: 0.315
[GPU0] epochs: [56/100] train_acc: 0.889 train_loss_sup: 0.316
[GPU0] epochs: [57/100] train_acc: 0.888 train_loss_sup: 0.317
[GPU0] epochs: [58/100] train_acc: 0.889 train_loss_sup: 0.314
[GPU0] epochs: [59/100] train_acc: 0.891 train_loss_sup: 0.315
[GPU0] epochs: [60/100] train_acc: 0.888 train_loss_sup: 0.314
[GPU0] Test Accuracy at epoch: 60: 0.896
[GPU0] epochs: [61/100] train_acc: 0.890 train_loss_sup: 0.316
[GPU0] epochs: [62/100] train_acc: 0.890 train_loss_sup: 0.312
[GPU0] epochs: [63/100] train_acc: 0.889 train_loss_sup: 0.312
[GPU0] epochs: [64/100] train_acc: 0.891 train_loss_sup: 0.308
[GPU0] epochs: [65/100] train_acc: 0.892 train_loss_sup: 0.308
[GPU0] epochs: [66/100] train_acc: 0.889 train_loss_sup: 0.315
[GPU0] epochs: [67/100] train_acc: 0.893 train_loss_sup: 0.303
[GPU0] epochs: [68/100] train_acc: 0.893 train_loss_sup: 0.304
[GPU0] epochs: [69/100] train_acc: 0.894 train_loss_sup: 0.300
[GPU0] epochs: [70/100] train_acc: 0.894 train_loss_sup: 0.304
[GPU0] Test Accuracy at epoch: 70: 0.9
[GPU0] epochs: [71/100] train_acc: 0.894 train_loss_sup: 0.303
[GPU0] epochs: [72/100] train_acc: 0.895 train_loss_sup: 0.300
[GPU0] epochs: [73/100] train_acc: 0.895 train_loss_sup: 0.297
[GPU0] epochs: [74/100] train_acc: 0.895 train_loss_sup: 0.296
[GPU0] epochs: [75/100] train_acc: 0.895 train_loss_sup: 0.298
[GPU0] epochs: [76/100] train_acc: 0.894 train_loss_sup: 0.302
[GPU0] epochs: [77/100] train_acc: 0.895 train_loss_sup: 0.300
[GPU0] epochs: [78/100] train_acc: 0.897 train_loss_sup: 0.293
[GPU0] epochs: [79/100] train_acc: 0.896 train_loss_sup: 0.295
[GPU0] epochs: [80/100] train_acc: 0.896 train_loss_sup: 0.295
[GPU0] Test Accuracy at epoch: 80: 0.901
[GPU0] epochs: [81/100] train_acc: 0.897 train_loss_sup: 0.293
[GPU0] epochs: [82/100] train_acc: 0.897 train_loss_sup: 0.293
[GPU0] epochs: [83/100] train_acc: 0.898 train_loss_sup: 0.289
[GPU0] epochs: [84/100] train_acc: 0.898 train_loss_sup: 0.289
[GPU0] epochs: [85/100] train_acc: 0.898 train_loss_sup: 0.293
[GPU0] epochs: [86/100] train_acc: 0.900 train_loss_sup: 0.287
[GPU0] epochs: [87/100] train_acc: 0.900 train_loss_sup: 0.286
[GPU0] epochs: [88/100] train_acc: 0.897 train_loss_sup: 0.292
[GPU0] epochs: [89/100] train_acc: 0.899 train_loss_sup: 0.287
[GPU0] epochs: [90/100] train_acc: 0.899 train_loss_sup: 0.285
[GPU0] Test Accuracy at epoch: 90: 0.894
[GPU0] epochs: [91/100] train_acc: 0.899 train_loss_sup: 0.286
[GPU0] epochs: [92/100] train_acc: 0.899 train_loss_sup: 0.287
[GPU0] epochs: [93/100] train_acc: 0.899 train_loss_sup: 0.288
[GPU0] epochs: [94/100] train_acc: 0.901 train_loss_sup: 0.280
[GPU0] epochs: [95/100] train_acc: 0.898 train_loss_sup: 0.286
[GPU0] epochs: [96/100] train_acc: 0.902 train_loss_sup: 0.280
[GPU0] epochs: [97/100] train_acc: 0.901 train_loss_sup: 0.280
[GPU0] epochs: [98/100] train_acc: 0.899 train_loss_sup: 0.286
[GPU0] epochs: [99/100] train_acc: 0.901 train_loss_sup: 0.281
[GPU0] epochs: [100/100] train_acc: 0.903 train_loss_sup: 0.278
[GPU0] Final Test Accuracy: 0.898
Model weights saved
