environment: 
YAML: configs/lema.c100.yaml
==> SEED: 42
==> num_classes: 100
==> data_name: cifar100
==> data_params: {'algo': 'lema', 'data_dir': 'datasets/cifar100', 'batch_size': 512, 'num_workers': 3, 'image_size': 32}
==> return_logs: False
==> eval_every: 10
==> n_epochs: 500
==> n_epochs_mlp: 100
==> gpu_id: 0
==> opt: SGD
==> opt_params: {'lr': 0.5, 'momentum': 0.9, 'nesterov': True}
==> schedular_params: {'T_max': 600, 'eta_min': 0.001}
==> mlp_opt: SGD
==> mlp_opt_params: {'lr': 0.01, 'momentum': 0.9, 'nesterov': True}
==> model_params: {'model_name': 'resnet50', 'pretrained': False, 'proj_dim': 128, 'algo_type': 'lema'}
==> energy_model_params: {'eta': 0.01, 'steps': 5}
==> energy_opt: AdamW
==> energy_model_opt_params: {'lr': 0.001}
==> mlp_type: hidden
==> loss: lema
==> loss_params: {'sim': 'cosine', 'tau': 0.5}
==> distributed: False
==> train_algo: lema
==> model_save_path: saved_models/lema.c100.r50.e500.pth
==> config: configs/lema.c100.yaml
--------------------------------------------------
===> using hiddin mlp
using optimizer: SGD
using optimizer: SGD
loss function: lema
Files already downloaded and verified
Files already downloaded and verified
Files already downloaded and verified
# of Training Images: 50000
# of Testing Images: 10000
using optimizer: AdamW
### LEMa Training begins
[GPU0] epochs: [1/500] train_loss_con: 6.594 energy_loss: 0.002
[GPU0] epochs: [2/500] train_loss_con: 6.248 energy_loss: 0.000
[GPU0] epochs: [3/500] train_loss_con: 6.139 energy_loss: 0.000
[GPU0] epochs: [4/500] train_loss_con: 6.069 energy_loss: 0.000
[GPU0] epochs: [5/500] train_loss_con: 6.016 energy_loss: 0.000
[GPU0] epochs: [6/500] train_loss_con: 5.971 energy_loss: 0.000
[GPU0] epochs: [7/500] train_loss_con: 5.931 energy_loss: -0.000
[GPU0] epochs: [8/500] train_loss_con: 5.903 energy_loss: 0.000
[GPU0] epochs: [9/500] train_loss_con: 5.876 energy_loss: 0.000
[GPU0] epochs: [10/500] train_loss_con: 5.855 energy_loss: 0.000
[GPU0] epochs: [11/500] train_loss_con: 5.841 energy_loss: 0.000
[GPU0] epochs: [12/500] train_loss_con: 5.825 energy_loss: 0.000
[GPU0] epochs: [13/500] train_loss_con: 5.814 energy_loss: 0.000
[GPU0] epochs: [14/500] train_loss_con: 5.800 energy_loss: 0.000
[GPU0] epochs: [15/500] train_loss_con: 5.790 energy_loss: -0.000
[GPU0] epochs: [16/500] train_loss_con: 5.780 energy_loss: -0.000
[GPU0] epochs: [17/500] train_loss_con: 5.774 energy_loss: -0.000
[GPU0] epochs: [18/500] train_loss_con: 5.768 energy_loss: -0.000
[GPU0] epochs: [19/500] train_loss_con: 5.762 energy_loss: -0.000
[GPU0] epochs: [20/500] train_loss_con: 5.757 energy_loss: -0.001
[GPU0] epochs: [21/500] train_loss_con: 5.750 energy_loss: -0.006
[GPU0] epochs: [22/500] train_loss_con: 5.744 energy_loss: -0.011
[GPU0] epochs: [23/500] train_loss_con: 5.740 energy_loss: -0.021
[GPU0] epochs: [24/500] train_loss_con: 5.731 energy_loss: -0.019
[GPU0] epochs: [25/500] train_loss_con: 5.730 energy_loss: -0.001
[GPU0] epochs: [26/500] train_loss_con: 5.723 energy_loss: -0.002
[GPU0] epochs: [27/500] train_loss_con: 5.724 energy_loss: -0.002
[GPU0] epochs: [28/500] train_loss_con: 5.720 energy_loss: -0.002
[GPU0] epochs: [29/500] train_loss_con: 5.711 energy_loss: -0.003
[GPU0] epochs: [30/500] train_loss_con: 5.712 energy_loss: -0.002
[GPU0] epochs: [31/500] train_loss_con: 5.710 energy_loss: -0.004
[GPU0] epochs: [32/500] train_loss_con: 5.707 energy_loss: -0.014
[GPU0] epochs: [33/500] train_loss_con: 5.702 energy_loss: -0.022
[GPU0] epochs: [34/500] train_loss_con: 5.701 energy_loss: -0.005
[GPU0] epochs: [35/500] train_loss_con: 5.697 energy_loss: -0.013
[GPU0] epochs: [36/500] train_loss_con: 5.693 energy_loss: -0.050
[GPU0] epochs: [37/500] train_loss_con: 5.693 energy_loss: -0.000
[GPU0] epochs: [38/500] train_loss_con: 5.689 energy_loss: -0.001
[GPU0] epochs: [39/500] train_loss_con: 5.686 energy_loss: -0.001
[GPU0] epochs: [40/500] train_loss_con: 5.686 energy_loss: -0.001
[GPU0] epochs: [41/500] train_loss_con: 5.684 energy_loss: -0.002
[GPU0] epochs: [42/500] train_loss_con: 5.681 energy_loss: -0.002
[GPU0] epochs: [43/500] train_loss_con: 5.675 energy_loss: -0.002
[GPU0] epochs: [44/500] train_loss_con: 5.676 energy_loss: -0.001
[GPU0] epochs: [45/500] train_loss_con: 5.676 energy_loss: -0.003
[GPU0] epochs: [46/500] train_loss_con: 5.672 energy_loss: -0.000
[GPU0] epochs: [47/500] train_loss_con: 5.670 energy_loss: -0.000
[GPU0] epochs: [48/500] train_loss_con: 5.671 energy_loss: 0.000
[GPU0] epochs: [49/500] train_loss_con: 5.669 energy_loss: -0.001
[GPU0] epochs: [50/500] train_loss_con: 5.664 energy_loss: -0.001
[GPU0] epochs: [51/500] train_loss_con: 5.662 energy_loss: -0.001
[GPU0] epochs: [52/500] train_loss_con: 5.664 energy_loss: -0.001
[GPU0] epochs: [53/500] train_loss_con: 5.661 energy_loss: -0.001
[GPU0] epochs: [54/500] train_loss_con: 5.660 energy_loss: -0.003
[GPU0] epochs: [55/500] train_loss_con: 5.655 energy_loss: -0.000
[GPU0] epochs: [56/500] train_loss_con: 5.653 energy_loss: -0.001
[GPU0] epochs: [57/500] train_loss_con: 5.654 energy_loss: -0.001
[GPU0] epochs: [58/500] train_loss_con: 5.654 energy_loss: -0.001
[GPU0] epochs: [59/500] train_loss_con: 5.650 energy_loss: -0.002
[GPU0] epochs: [60/500] train_loss_con: 5.649 energy_loss: -0.004
[GPU0] epochs: [61/500] train_loss_con: 5.648 energy_loss: -0.003
[GPU0] epochs: [62/500] train_loss_con: 5.650 energy_loss: -0.005
[GPU0] epochs: [63/500] train_loss_con: 5.646 energy_loss: -0.007
[GPU0] epochs: [64/500] train_loss_con: 5.646 energy_loss: -0.011
[GPU0] epochs: [65/500] train_loss_con: 5.644 energy_loss: -0.045
[GPU0] epochs: [66/500] train_loss_con: 5.642 energy_loss: -0.111
[GPU0] epochs: [67/500] train_loss_con: 5.639 energy_loss: -0.265
[GPU0] epochs: [68/500] train_loss_con: 5.641 energy_loss: -0.129
[GPU0] epochs: [69/500] train_loss_con: 5.639 energy_loss: -0.341
[GPU0] epochs: [70/500] train_loss_con: 5.639 energy_loss: -0.455
[GPU0] epochs: [71/500] train_loss_con: 5.635 energy_loss: -0.379
[GPU0] epochs: [72/500] train_loss_con: 5.632 energy_loss: -0.794
[GPU0] epochs: [73/500] train_loss_con: 5.636 energy_loss: -0.666
[GPU0] epochs: [74/500] train_loss_con: 5.637 energy_loss: -0.488
[GPU0] epochs: [75/500] train_loss_con: 5.634 energy_loss: -1.080
[GPU0] epochs: [76/500] train_loss_con: 5.628 energy_loss: -0.400
[GPU0] epochs: [77/500] train_loss_con: 5.631 energy_loss: -1.282
[GPU0] epochs: [78/500] train_loss_con: 5.628 energy_loss: -1.384
[GPU0] epochs: [79/500] train_loss_con: 5.626 energy_loss: -0.069
[GPU0] epochs: [80/500] train_loss_con: 5.625 energy_loss: -0.391
[GPU0] epochs: [81/500] train_loss_con: 5.622 energy_loss: -1.102
[GPU0] epochs: [82/500] train_loss_con: 5.626 energy_loss: -1.269
[GPU0] epochs: [83/500] train_loss_con: 5.625 energy_loss: -2.232
[GPU0] epochs: [84/500] train_loss_con: 5.620 energy_loss: -1.481
[GPU0] epochs: [85/500] train_loss_con: 5.620 energy_loss: -1.604
[GPU0] epochs: [86/500] train_loss_con: 5.622 energy_loss: -0.075
[GPU0] epochs: [87/500] train_loss_con: 5.620 energy_loss: -0.274
[GPU0] epochs: [88/500] train_loss_con: 5.616 energy_loss: -1.259
[GPU0] epochs: [89/500] train_loss_con: 5.617 energy_loss: -2.104
[GPU0] epochs: [90/500] train_loss_con: 5.615 energy_loss: -0.081
[GPU0] epochs: [91/500] train_loss_con: 5.614 energy_loss: -0.195
[GPU0] epochs: [92/500] train_loss_con: 5.614 energy_loss: -0.584
[GPU0] epochs: [93/500] train_loss_con: 5.612 energy_loss: -2.151
[GPU0] epochs: [94/500] train_loss_con: 5.615 energy_loss: -0.625
[GPU0] epochs: [95/500] train_loss_con: 5.612 energy_loss: -1.954
[GPU0] epochs: [96/500] train_loss_con: 5.610 energy_loss: -2.179
[GPU0] epochs: [97/500] train_loss_con: 5.611 energy_loss: -2.912
[GPU0] epochs: [98/500] train_loss_con: 5.613 energy_loss: -1.697
[GPU0] epochs: [99/500] train_loss_con: 5.609 energy_loss: -3.916
[GPU0] epochs: [100/500] train_loss_con: 5.604 energy_loss: -0.131
[GPU0] epochs: [101/500] train_loss_con: 5.607 energy_loss: -0.305
[GPU0] epochs: [102/500] train_loss_con: 5.608 energy_loss: -0.826
[GPU0] epochs: [103/500] train_loss_con: 5.607 energy_loss: -3.595
[GPU0] epochs: [104/500] train_loss_con: 5.604 energy_loss: -2.231
[GPU0] epochs: [105/500] train_loss_con: 5.602 energy_loss: -0.508
[GPU0] epochs: [106/500] train_loss_con: 5.603 energy_loss: -1.135
[GPU0] epochs: [107/500] train_loss_con: 5.600 energy_loss: -3.070
[GPU0] epochs: [108/500] train_loss_con: 5.601 energy_loss: -3.294
[GPU0] epochs: [109/500] train_loss_con: 5.598 energy_loss: -3.988
[GPU0] epochs: [110/500] train_loss_con: 5.599 energy_loss: -2.162
[GPU0] epochs: [111/500] train_loss_con: 5.598 energy_loss: -1.748
[GPU0] epochs: [112/500] train_loss_con: 5.600 energy_loss: -4.706
[GPU0] epochs: [113/500] train_loss_con: 5.593 energy_loss: -5.751
[GPU0] epochs: [114/500] train_loss_con: 5.598 energy_loss: -0.690
[GPU0] epochs: [115/500] train_loss_con: 5.595 energy_loss: -2.160
[GPU0] epochs: [116/500] train_loss_con: 5.596 energy_loss: -2.973
[GPU0] epochs: [117/500] train_loss_con: 5.593 energy_loss: -0.327
[GPU0] epochs: [118/500] train_loss_con: 5.597 energy_loss: -0.731
[GPU0] epochs: [119/500] train_loss_con: 5.594 energy_loss: -2.310
[GPU0] epochs: [120/500] train_loss_con: 5.594 energy_loss: -0.511
[GPU0] epochs: [121/500] train_loss_con: 5.594 energy_loss: -1.660
[GPU0] epochs: [122/500] train_loss_con: 5.590 energy_loss: -4.054
[GPU0] epochs: [123/500] train_loss_con: 5.588 energy_loss: -4.631
[GPU0] epochs: [124/500] train_loss_con: 5.589 energy_loss: -9.353
[GPU0] epochs: [125/500] train_loss_con: 5.588 energy_loss: -10.337
[GPU0] epochs: [126/500] train_loss_con: 5.590 energy_loss: -8.584
[GPU0] epochs: [127/500] train_loss_con: 5.587 energy_loss: -0.111
[GPU0] epochs: [128/500] train_loss_con: 5.587 energy_loss: -0.256
[GPU0] epochs: [129/500] train_loss_con: 5.588 energy_loss: -0.444
[GPU0] epochs: [130/500] train_loss_con: 5.587 energy_loss: -0.796
[GPU0] epochs: [131/500] train_loss_con: 5.585 energy_loss: -2.056
[GPU0] epochs: [132/500] train_loss_con: 5.582 energy_loss: -8.847
[GPU0] epochs: [133/500] train_loss_con: 5.585 energy_loss: -0.558
[GPU0] epochs: [134/500] train_loss_con: 5.581 energy_loss: -1.189
[GPU0] epochs: [135/500] train_loss_con: 5.583 energy_loss: -2.209
[GPU0] epochs: [136/500] train_loss_con: 5.580 energy_loss: -5.886
[GPU0] epochs: [137/500] train_loss_con: 5.581 energy_loss: -4.725
[GPU0] epochs: [138/500] train_loss_con: 5.580 energy_loss: -5.389
[GPU0] epochs: [139/500] train_loss_con: 5.578 energy_loss: -1.113
[GPU0] epochs: [140/500] train_loss_con: 5.580 energy_loss: -6.377
[GPU0] epochs: [141/500] train_loss_con: 5.582 energy_loss: -3.623
[GPU0] epochs: [142/500] train_loss_con: 5.580 energy_loss: -0.735
[GPU0] epochs: [143/500] train_loss_con: 5.579 energy_loss: -2.309
[GPU0] epochs: [144/500] train_loss_con: 5.577 energy_loss: -5.173
[GPU0] epochs: [145/500] train_loss_con: 5.577 energy_loss: -4.870
[GPU0] epochs: [146/500] train_loss_con: 5.574 energy_loss: -4.728
[GPU0] epochs: [147/500] train_loss_con: 5.578 energy_loss: -5.278
[GPU0] epochs: [148/500] train_loss_con: 5.575 energy_loss: -8.216
[GPU0] epochs: [149/500] train_loss_con: 5.573 energy_loss: -5.069
[GPU0] epochs: [150/500] train_loss_con: 5.575 energy_loss: -1.205
[GPU0] epochs: [151/500] train_loss_con: 5.573 energy_loss: -9.269
[GPU0] epochs: [152/500] train_loss_con: 5.571 energy_loss: -2.822
[GPU0] epochs: [153/500] train_loss_con: 5.573 energy_loss: -6.272
[GPU0] epochs: [154/500] train_loss_con: 5.572 energy_loss: -4.342
[GPU0] epochs: [155/500] train_loss_con: 5.572 energy_loss: -6.783
[GPU0] epochs: [156/500] train_loss_con: 5.569 energy_loss: -12.601
[GPU0] epochs: [157/500] train_loss_con: 5.569 energy_loss: -7.095
[GPU0] epochs: [158/500] train_loss_con: 5.573 energy_loss: -0.460
[GPU0] epochs: [159/500] train_loss_con: 5.570 energy_loss: -0.980
[GPU0] epochs: [160/500] train_loss_con: 5.569 energy_loss: -2.257
[GPU0] epochs: [161/500] train_loss_con: 5.570 energy_loss: -8.780
[GPU0] epochs: [162/500] train_loss_con: 5.566 energy_loss: -0.516
[GPU0] epochs: [163/500] train_loss_con: 5.569 energy_loss: -1.365
[GPU0] epochs: [164/500] train_loss_con: 5.566 energy_loss: -7.090
[GPU0] epochs: [165/500] train_loss_con: 5.565 energy_loss: -4.631
[GPU0] epochs: [166/500] train_loss_con: 5.567 energy_loss: -3.619
[GPU0] epochs: [167/500] train_loss_con: 5.565 energy_loss: -11.059
[GPU0] epochs: [168/500] train_loss_con: 5.564 energy_loss: -22.433
[GPU0] epochs: [169/500] train_loss_con: 5.568 energy_loss: -8.487
[GPU0] epochs: [170/500] train_loss_con: 5.565 energy_loss: -2.473
[GPU0] epochs: [171/500] train_loss_con: 5.564 energy_loss: -5.883
[GPU0] epochs: [172/500] train_loss_con: 5.562 energy_loss: -39.715
[GPU0] epochs: [173/500] train_loss_con: 5.563 energy_loss: -19.050
[GPU0] epochs: [174/500] train_loss_con: 5.563 energy_loss: -6.901
[GPU0] epochs: [175/500] train_loss_con: 5.561 energy_loss: -8.630
[GPU0] epochs: [176/500] train_loss_con: 5.561 energy_loss: -70.851
[GPU0] epochs: [177/500] train_loss_con: 5.560 energy_loss: -38.632
[GPU0] epochs: [178/500] train_loss_con: 5.561 energy_loss: -4.430
[GPU0] epochs: [179/500] train_loss_con: 5.558 energy_loss: -80.519
[GPU0] epochs: [180/500] train_loss_con: 5.558 energy_loss: -137.466
[GPU0] epochs: [181/500] train_loss_con: 5.559 energy_loss: -168.503
[GPU0] epochs: [182/500] train_loss_con: 5.555 energy_loss: -243.110
[GPU0] epochs: [183/500] train_loss_con: 5.556 energy_loss: -269.937
[GPU0] epochs: [184/500] train_loss_con: 5.557 energy_loss: -299.926
[GPU0] epochs: [185/500] train_loss_con: 5.555 energy_loss: -300.405
[GPU0] epochs: [186/500] train_loss_con: 5.555 energy_loss: -338.189
[GPU0] epochs: [187/500] train_loss_con: 5.559 energy_loss: -364.869
[GPU0] epochs: [188/500] train_loss_con: 5.556 energy_loss: -373.465
[GPU0] epochs: [189/500] train_loss_con: 5.557 energy_loss: -404.567
[GPU0] epochs: [190/500] train_loss_con: 5.556 energy_loss: -408.429
[GPU0] epochs: [191/500] train_loss_con: 5.553 energy_loss: -417.525
[GPU0] epochs: [192/500] train_loss_con: 5.556 energy_loss: -431.254
[GPU0] epochs: [193/500] train_loss_con: 5.551 energy_loss: -446.474
[GPU0] epochs: [194/500] train_loss_con: 5.553 energy_loss: -452.443
[GPU0] epochs: [195/500] train_loss_con: 5.552 energy_loss: -462.802
[GPU0] epochs: [196/500] train_loss_con: 5.549 energy_loss: -480.430
[GPU0] epochs: [197/500] train_loss_con: 5.551 energy_loss: -522.015
[GPU0] epochs: [198/500] train_loss_con: 5.550 energy_loss: -502.822
[GPU0] epochs: [199/500] train_loss_con: 5.553 energy_loss: -528.009
[GPU0] epochs: [200/500] train_loss_con: 5.550 energy_loss: -542.778
[GPU0] epochs: [201/500] train_loss_con: 5.550 energy_loss: -537.277
[GPU0] epochs: [202/500] train_loss_con: 5.547 energy_loss: -556.963
[GPU0] epochs: [203/500] train_loss_con: 5.547 energy_loss: -562.909
[GPU0] epochs: [204/500] train_loss_con: 5.550 energy_loss: -599.638
[GPU0] epochs: [205/500] train_loss_con: 5.550 energy_loss: -601.224
[GPU0] epochs: [206/500] train_loss_con: 5.549 energy_loss: -628.359
[GPU0] epochs: [207/500] train_loss_con: 5.547 energy_loss: -670.508
[GPU0] epochs: [208/500] train_loss_con: 5.545 energy_loss: -616.937
[GPU0] epochs: [209/500] train_loss_con: 5.547 energy_loss: -588.010
[GPU0] epochs: [210/500] train_loss_con: 5.547 energy_loss: -628.620
[GPU0] epochs: [211/500] train_loss_con: 5.543 energy_loss: -662.165
[GPU0] epochs: [212/500] train_loss_con: 5.543 energy_loss: -659.817
[GPU0] epochs: [213/500] train_loss_con: 5.544 energy_loss: -685.278
[GPU0] epochs: [214/500] train_loss_con: 5.545 energy_loss: -712.158
[GPU0] epochs: [215/500] train_loss_con: 5.544 energy_loss: -695.185
[GPU0] epochs: [216/500] train_loss_con: 5.544 energy_loss: -687.983
[GPU0] epochs: [217/500] train_loss_con: 5.544 energy_loss: -728.377
[GPU0] epochs: [218/500] train_loss_con: 5.543 energy_loss: -750.899
[GPU0] epochs: [219/500] train_loss_con: 5.541 energy_loss: -728.410
[GPU0] epochs: [220/500] train_loss_con: 5.541 energy_loss: -730.506
[GPU0] epochs: [221/500] train_loss_con: 5.538 energy_loss: -758.505
[GPU0] epochs: [222/500] train_loss_con: 5.541 energy_loss: -766.663
[GPU0] epochs: [223/500] train_loss_con: 5.540 energy_loss: -796.415
[GPU0] epochs: [224/500] train_loss_con: 5.539 energy_loss: -825.142
[GPU0] epochs: [225/500] train_loss_con: 5.539 energy_loss: -770.456
[GPU0] epochs: [226/500] train_loss_con: 5.539 energy_loss: -781.761
[GPU0] epochs: [227/500] train_loss_con: 5.540 energy_loss: -846.174
[GPU0] epochs: [228/500] train_loss_con: 5.538 energy_loss: -732.070
[GPU0] epochs: [229/500] train_loss_con: 5.539 energy_loss: -812.530
[GPU0] epochs: [230/500] train_loss_con: 5.537 energy_loss: -896.530
[GPU0] epochs: [231/500] train_loss_con: 5.537 energy_loss: -862.063
[GPU0] epochs: [232/500] train_loss_con: 5.538 energy_loss: -858.272
[GPU0] epochs: [233/500] train_loss_con: 5.537 energy_loss: -837.441
[GPU0] epochs: [234/500] train_loss_con: 5.537 energy_loss: -890.140
[GPU0] epochs: [235/500] train_loss_con: 5.537 energy_loss: -939.303
[GPU0] epochs: [236/500] train_loss_con: 5.533 energy_loss: -843.173
[GPU0] epochs: [237/500] train_loss_con: 5.534 energy_loss: -937.612
[GPU0] epochs: [238/500] train_loss_con: 5.537 energy_loss: -776.327
[GPU0] epochs: [239/500] train_loss_con: 5.532 energy_loss: -958.568
[GPU0] epochs: [240/500] train_loss_con: 5.533 energy_loss: -952.587
[GPU0] epochs: [241/500] train_loss_con: 5.533 energy_loss: -918.310
[GPU0] epochs: [242/500] train_loss_con: 5.531 energy_loss: -949.320
[GPU0] epochs: [243/500] train_loss_con: 5.533 energy_loss: -875.237
[GPU0] epochs: [244/500] train_loss_con: 5.534 energy_loss: -905.748
[GPU0] epochs: [245/500] train_loss_con: 5.533 energy_loss: -956.500
[GPU0] epochs: [246/500] train_loss_con: 5.531 energy_loss: -963.058
[GPU0] epochs: [247/500] train_loss_con: 5.530 energy_loss: -1020.332
[GPU0] epochs: [248/500] train_loss_con: 5.530 energy_loss: -1003.466
[GPU0] epochs: [249/500] train_loss_con: 5.532 energy_loss: -943.905
[GPU0] epochs: [250/500] train_loss_con: 5.530 energy_loss: -1043.209
[GPU0] epochs: [251/500] train_loss_con: 5.533 energy_loss: -1009.366
[GPU0] epochs: [252/500] train_loss_con: 5.530 energy_loss: -1015.997
[GPU0] epochs: [253/500] train_loss_con: 5.529 energy_loss: -951.946
[GPU0] epochs: [254/500] train_loss_con: 5.530 energy_loss: -1015.119
[GPU0] epochs: [255/500] train_loss_con: 5.530 energy_loss: -1032.445
[GPU0] epochs: [256/500] train_loss_con: 5.530 energy_loss: -1050.820
[GPU0] epochs: [257/500] train_loss_con: 5.523 energy_loss: -1070.221
[GPU0] epochs: [258/500] train_loss_con: 5.528 energy_loss: -1120.564
[GPU0] epochs: [259/500] train_loss_con: 5.528 energy_loss: -992.631
[GPU0] epochs: [260/500] train_loss_con: 5.528 energy_loss: -1062.105
[GPU0] epochs: [261/500] train_loss_con: 5.526 energy_loss: -1024.158
[GPU0] epochs: [262/500] train_loss_con: 5.527 energy_loss: -1116.598
[GPU0] epochs: [263/500] train_loss_con: 5.525 energy_loss: -1083.102
[GPU0] epochs: [264/500] train_loss_con: 5.522 energy_loss: -1130.685
[GPU0] epochs: [265/500] train_loss_con: 5.528 energy_loss: -1126.114
[GPU0] epochs: [266/500] train_loss_con: 5.523 energy_loss: -1031.270
[GPU0] epochs: [267/500] train_loss_con: 5.524 energy_loss: -1074.894
[GPU0] epochs: [268/500] train_loss_con: 5.525 energy_loss: -1069.974
[GPU0] epochs: [269/500] train_loss_con: 5.524 energy_loss: -1075.838
[GPU0] epochs: [270/500] train_loss_con: 5.521 energy_loss: -1174.449
[GPU0] epochs: [271/500] train_loss_con: 5.523 energy_loss: -1141.929
[GPU0] epochs: [272/500] train_loss_con: 5.521 energy_loss: -1147.575
[GPU0] epochs: [273/500] train_loss_con: 5.521 energy_loss: -1113.492
[GPU0] epochs: [274/500] train_loss_con: 5.521 energy_loss: -1163.600
[GPU0] epochs: [275/500] train_loss_con: 5.522 energy_loss: -1121.064
[GPU0] epochs: [276/500] train_loss_con: 5.521 energy_loss: -1091.303
[GPU0] epochs: [277/500] train_loss_con: 5.522 energy_loss: -1265.691
[GPU0] epochs: [278/500] train_loss_con: 5.517 energy_loss: -1231.919
[GPU0] epochs: [279/500] train_loss_con: 5.520 energy_loss: -1250.423
[GPU0] epochs: [280/500] train_loss_con: 5.518 energy_loss: -1151.525
[GPU0] epochs: [281/500] train_loss_con: 5.521 energy_loss: -1159.745
[GPU0] epochs: [282/500] train_loss_con: 5.521 energy_loss: -1175.794
[GPU0] epochs: [283/500] train_loss_con: 5.519 energy_loss: -1297.266
[GPU0] epochs: [284/500] train_loss_con: 5.519 energy_loss: -1115.680
[GPU0] epochs: [285/500] train_loss_con: 5.520 energy_loss: -1232.605
[GPU0] epochs: [286/500] train_loss_con: 5.517 energy_loss: -1230.125
[GPU0] epochs: [287/500] train_loss_con: 5.518 energy_loss: -1295.135
[GPU0] epochs: [288/500] train_loss_con: 5.520 energy_loss: -1327.019
[GPU0] epochs: [289/500] train_loss_con: 5.516 energy_loss: -1136.058
[GPU0] epochs: [290/500] train_loss_con: 5.518 energy_loss: -1215.471
[GPU0] epochs: [291/500] train_loss_con: 5.517 energy_loss: -1370.215
[GPU0] epochs: [292/500] train_loss_con: 5.515 energy_loss: -1199.486
[GPU0] epochs: [293/500] train_loss_con: 5.513 energy_loss: -1160.895
[GPU0] epochs: [294/500] train_loss_con: 5.517 energy_loss: -1265.386
[GPU0] epochs: [295/500] train_loss_con: 5.513 energy_loss: -1271.188
[GPU0] epochs: [296/500] train_loss_con: 5.515 energy_loss: -1250.876
[GPU0] epochs: [297/500] train_loss_con: 5.513 energy_loss: -1312.359
[GPU0] epochs: [298/500] train_loss_con: 5.515 energy_loss: -1251.632
[GPU0] epochs: [299/500] train_loss_con: 5.515 energy_loss: -1380.766
[GPU0] epochs: [300/500] train_loss_con: 5.513 energy_loss: -1190.434
[GPU0] epochs: [301/500] train_loss_con: 5.512 energy_loss: -1315.361
[GPU0] epochs: [302/500] train_loss_con: 5.516 energy_loss: -1279.781
[GPU0] epochs: [303/500] train_loss_con: 5.511 energy_loss: -1393.160
[GPU0] epochs: [304/500] train_loss_con: 5.509 energy_loss: -1295.599
[GPU0] epochs: [305/500] train_loss_con: 5.511 energy_loss: -1356.816
[GPU0] epochs: [306/500] train_loss_con: 5.511 energy_loss: -1309.794
[GPU0] epochs: [307/500] train_loss_con: 5.511 energy_loss: -1314.687
[GPU0] epochs: [308/500] train_loss_con: 5.512 energy_loss: -1333.249
[GPU0] epochs: [309/500] train_loss_con: 5.513 energy_loss: -1405.048
[GPU0] epochs: [310/500] train_loss_con: 5.511 energy_loss: -1443.295
[GPU0] epochs: [311/500] train_loss_con: 5.510 energy_loss: -1347.882
[GPU0] epochs: [312/500] train_loss_con: 5.510 energy_loss: -1352.730
[GPU0] epochs: [313/500] train_loss_con: 5.511 energy_loss: -1442.938
[GPU0] epochs: [314/500] train_loss_con: 5.507 energy_loss: -1345.075
[GPU0] epochs: [315/500] train_loss_con: 5.507 energy_loss: -1364.254
[GPU0] epochs: [316/500] train_loss_con: 5.509 energy_loss: -1272.059
[GPU0] epochs: [317/500] train_loss_con: 5.505 energy_loss: -1370.292
[GPU0] epochs: [318/500] train_loss_con: 5.506 energy_loss: -1264.015
[GPU0] epochs: [319/500] train_loss_con: 5.507 energy_loss: -1338.259
[GPU0] epochs: [320/500] train_loss_con: 5.508 energy_loss: -1346.072
[GPU0] epochs: [321/500] train_loss_con: 5.507 energy_loss: -1386.156
[GPU0] epochs: [322/500] train_loss_con: 5.508 energy_loss: -1378.183
[GPU0] epochs: [323/500] train_loss_con: 5.508 energy_loss: -1421.247
[GPU0] epochs: [324/500] train_loss_con: 5.506 energy_loss: -1367.762
[GPU0] epochs: [325/500] train_loss_con: 5.507 energy_loss: -1434.781
[GPU0] epochs: [326/500] train_loss_con: 5.507 energy_loss: -1371.330
[GPU0] epochs: [327/500] train_loss_con: 5.504 energy_loss: -1428.686
[GPU0] epochs: [328/500] train_loss_con: 5.504 energy_loss: -1509.209
[GPU0] epochs: [329/500] train_loss_con: 5.503 energy_loss: -1404.456
[GPU0] epochs: [330/500] train_loss_con: 5.502 energy_loss: -1526.571
[GPU0] epochs: [331/500] train_loss_con: 5.505 energy_loss: -1466.203
[GPU0] epochs: [332/500] train_loss_con: 5.505 energy_loss: -1505.918
[GPU0] epochs: [333/500] train_loss_con: 5.504 energy_loss: -1413.422
[GPU0] epochs: [334/500] train_loss_con: 5.503 energy_loss: -1471.616
[GPU0] epochs: [335/500] train_loss_con: 5.504 energy_loss: -1605.136
[GPU0] epochs: [336/500] train_loss_con: 5.500 energy_loss: -1562.799
[GPU0] epochs: [337/500] train_loss_con: 5.503 energy_loss: -1449.388
[GPU0] epochs: [338/500] train_loss_con: 5.506 energy_loss: -1490.118
[GPU0] epochs: [339/500] train_loss_con: 5.502 energy_loss: -1493.026
[GPU0] epochs: [340/500] train_loss_con: 5.503 energy_loss: -1644.772
[GPU0] epochs: [341/500] train_loss_con: 5.503 energy_loss: -1614.254
[GPU0] epochs: [342/500] train_loss_con: 5.502 energy_loss: -1571.254
[GPU0] epochs: [343/500] train_loss_con: 5.501 energy_loss: -1490.983
[GPU0] epochs: [344/500] train_loss_con: 5.502 energy_loss: -1403.004
[GPU0] epochs: [345/500] train_loss_con: 5.499 energy_loss: -1553.008
[GPU0] epochs: [346/500] train_loss_con: 5.501 energy_loss: -1571.460
[GPU0] epochs: [347/500] train_loss_con: 5.499 energy_loss: -1540.792
[GPU0] epochs: [348/500] train_loss_con: 5.500 energy_loss: -1706.638
[GPU0] epochs: [349/500] train_loss_con: 5.501 energy_loss: -1648.184
[GPU0] epochs: [350/500] train_loss_con: 5.498 energy_loss: -1635.818
[GPU0] epochs: [351/500] train_loss_con: 5.499 energy_loss: -1596.194
[GPU0] epochs: [352/500] train_loss_con: 5.499 energy_loss: -1686.006
[GPU0] epochs: [353/500] train_loss_con: 5.496 energy_loss: -1423.716
[GPU0] epochs: [354/500] train_loss_con: 5.496 energy_loss: -1616.656
[GPU0] epochs: [355/500] train_loss_con: 5.498 energy_loss: -1520.885
[GPU0] epochs: [356/500] train_loss_con: 5.496 energy_loss: -1714.760
[GPU0] epochs: [357/500] train_loss_con: 5.495 energy_loss: -1605.437
[GPU0] epochs: [358/500] train_loss_con: 5.497 energy_loss: -1547.822
[GPU0] epochs: [359/500] train_loss_con: 5.495 energy_loss: -1589.281
[GPU0] epochs: [360/500] train_loss_con: 5.495 energy_loss: -1647.364
[GPU0] epochs: [361/500] train_loss_con: 5.497 energy_loss: -1509.658
[GPU0] epochs: [362/500] train_loss_con: 5.496 energy_loss: -1606.535
[GPU0] epochs: [363/500] train_loss_con: 5.494 energy_loss: -1693.869
[GPU0] epochs: [364/500] train_loss_con: 5.497 energy_loss: -1603.288
[GPU0] epochs: [365/500] train_loss_con: 5.494 energy_loss: -1590.884
[GPU0] epochs: [366/500] train_loss_con: 5.495 energy_loss: -1686.207
[GPU0] epochs: [367/500] train_loss_con: 5.495 energy_loss: -1617.760
[GPU0] epochs: [368/500] train_loss_con: 5.494 energy_loss: -1611.800
[GPU0] epochs: [369/500] train_loss_con: 5.493 energy_loss: -1718.626
[GPU0] epochs: [370/500] train_loss_con: 5.491 energy_loss: -1762.773
[GPU0] epochs: [371/500] train_loss_con: 5.493 energy_loss: -1688.680
[GPU0] epochs: [372/500] train_loss_con: 5.492 energy_loss: -1747.677
[GPU0] epochs: [373/500] train_loss_con: 5.493 energy_loss: -1828.220
[GPU0] epochs: [374/500] train_loss_con: 5.492 energy_loss: -1850.764
[GPU0] epochs: [375/500] train_loss_con: 5.490 energy_loss: -1648.541
[GPU0] epochs: [376/500] train_loss_con: 5.492 energy_loss: -1640.691
[GPU0] epochs: [377/500] train_loss_con: 5.491 energy_loss: -1803.816
[GPU0] epochs: [378/500] train_loss_con: 5.493 energy_loss: -1708.205
[GPU0] epochs: [379/500] train_loss_con: 5.493 energy_loss: -1678.384
[GPU0] epochs: [380/500] train_loss_con: 5.491 energy_loss: -1673.134
[GPU0] epochs: [381/500] train_loss_con: 5.492 energy_loss: -1902.966
[GPU0] epochs: [382/500] train_loss_con: 5.489 energy_loss: -1708.966
[GPU0] epochs: [383/500] train_loss_con: 5.490 energy_loss: -1824.304
[GPU0] epochs: [384/500] train_loss_con: 5.490 energy_loss: -1748.456
[GPU0] epochs: [385/500] train_loss_con: 5.491 energy_loss: -1742.843
[GPU0] epochs: [386/500] train_loss_con: 5.490 energy_loss: -1751.978
[GPU0] epochs: [387/500] train_loss_con: 5.491 energy_loss: -1559.831
[GPU0] epochs: [388/500] train_loss_con: 5.489 energy_loss: -1636.299
[GPU0] epochs: [389/500] train_loss_con: 5.489 energy_loss: -1519.347
[GPU0] epochs: [390/500] train_loss_con: 5.488 energy_loss: -1927.085
[GPU0] epochs: [391/500] train_loss_con: 5.487 energy_loss: -1744.545
[GPU0] epochs: [392/500] train_loss_con: 5.487 energy_loss: -1788.448
[GPU0] epochs: [393/500] train_loss_con: 5.486 energy_loss: -1666.881
[GPU0] epochs: [394/500] train_loss_con: 5.487 energy_loss: -1850.928
[GPU0] epochs: [395/500] train_loss_con: 5.487 energy_loss: -1708.040
[GPU0] epochs: [396/500] train_loss_con: 5.487 energy_loss: -1666.004
[GPU0] epochs: [397/500] train_loss_con: 5.487 energy_loss: -1837.926
[GPU0] epochs: [398/500] train_loss_con: 5.486 energy_loss: -1789.058
[GPU0] epochs: [399/500] train_loss_con: 5.487 energy_loss: -1829.266
[GPU0] epochs: [400/500] train_loss_con: 5.484 energy_loss: -1857.155
[GPU0] epochs: [401/500] train_loss_con: 5.485 energy_loss: -1782.051
[GPU0] epochs: [402/500] train_loss_con: 5.487 energy_loss: -1780.528
[GPU0] epochs: [403/500] train_loss_con: 5.487 energy_loss: -1908.866
[GPU0] epochs: [404/500] train_loss_con: 5.482 energy_loss: -1699.142
[GPU0] epochs: [405/500] train_loss_con: 5.482 energy_loss: -1852.872
[GPU0] epochs: [406/500] train_loss_con: 5.482 energy_loss: -1803.691
[GPU0] epochs: [407/500] train_loss_con: 5.483 energy_loss: -1877.905
[GPU0] epochs: [408/500] train_loss_con: 5.481 energy_loss: -1985.714
[GPU0] epochs: [409/500] train_loss_con: 5.485 energy_loss: -1840.193
[GPU0] epochs: [410/500] train_loss_con: 5.483 energy_loss: -1826.742
[GPU0] epochs: [411/500] train_loss_con: 5.484 energy_loss: -1777.197
[GPU0] epochs: [412/500] train_loss_con: 5.482 energy_loss: -1885.101
[GPU0] epochs: [413/500] train_loss_con: 5.482 energy_loss: -1820.313
[GPU0] epochs: [414/500] train_loss_con: 5.481 energy_loss: -1923.985
[GPU0] epochs: [415/500] train_loss_con: 5.480 energy_loss: -1914.400
[GPU0] epochs: [416/500] train_loss_con: 5.479 energy_loss: -1942.077
[GPU0] epochs: [417/500] train_loss_con: 5.482 energy_loss: -1855.857
[GPU0] epochs: [418/500] train_loss_con: 5.483 energy_loss: -2019.865
[GPU0] epochs: [419/500] train_loss_con: 5.480 energy_loss: -1928.790
[GPU0] epochs: [420/500] train_loss_con: 5.480 energy_loss: -1634.304
[GPU0] epochs: [421/500] train_loss_con: 5.484 energy_loss: -1945.679
[GPU0] epochs: [422/500] train_loss_con: 5.479 energy_loss: -1913.843
[GPU0] epochs: [423/500] train_loss_con: 5.480 energy_loss: -1947.141
[GPU0] epochs: [424/500] train_loss_con: 5.481 energy_loss: -1869.668
[GPU0] epochs: [425/500] train_loss_con: 5.479 energy_loss: -2018.792
[GPU0] epochs: [426/500] train_loss_con: 5.480 energy_loss: -1961.266
[GPU0] epochs: [427/500] train_loss_con: 5.481 energy_loss: -1714.121
[GPU0] epochs: [428/500] train_loss_con: 5.477 energy_loss: -2063.354
[GPU0] epochs: [429/500] train_loss_con: 5.477 energy_loss: -1856.848
[GPU0] epochs: [430/500] train_loss_con: 5.479 energy_loss: -1947.190
[GPU0] epochs: [431/500] train_loss_con: 5.477 energy_loss: -1990.341
[GPU0] epochs: [432/500] train_loss_con: 5.480 energy_loss: -1884.686
[GPU0] epochs: [433/500] train_loss_con: 5.479 energy_loss: -1759.314
[GPU0] epochs: [434/500] train_loss_con: 5.479 energy_loss: -1956.127
[GPU0] epochs: [435/500] train_loss_con: 5.480 energy_loss: -1969.814
[GPU0] epochs: [436/500] train_loss_con: 5.478 energy_loss: -1841.777
[GPU0] epochs: [437/500] train_loss_con: 5.477 energy_loss: -1961.897
[GPU0] epochs: [438/500] train_loss_con: 5.476 energy_loss: -1921.775
[GPU0] epochs: [439/500] train_loss_con: 5.476 energy_loss: -2013.000
[GPU0] epochs: [440/500] train_loss_con: 5.477 energy_loss: -2047.916
[GPU0] epochs: [441/500] train_loss_con: 5.476 energy_loss: -2009.783
[GPU0] epochs: [442/500] train_loss_con: 5.477 energy_loss: -2008.400
[GPU0] epochs: [443/500] train_loss_con: 5.478 energy_loss: -2029.485
[GPU0] epochs: [444/500] train_loss_con: 5.473 energy_loss: -2232.188
[GPU0] epochs: [445/500] train_loss_con: 5.474 energy_loss: -1987.286
[GPU0] epochs: [446/500] train_loss_con: 5.474 energy_loss: -2003.507
[GPU0] epochs: [447/500] train_loss_con: 5.476 energy_loss: -2011.467
[GPU0] epochs: [448/500] train_loss_con: 5.475 energy_loss: -2065.568
[GPU0] epochs: [449/500] train_loss_con: 5.475 energy_loss: -2286.256
[GPU0] epochs: [450/500] train_loss_con: 5.473 energy_loss: -1969.475
[GPU0] epochs: [451/500] train_loss_con: 5.474 energy_loss: -1989.940
[GPU0] epochs: [452/500] train_loss_con: 5.472 energy_loss: -2066.642
[GPU0] epochs: [453/500] train_loss_con: 5.475 energy_loss: -2021.921
[GPU0] epochs: [454/500] train_loss_con: 5.474 energy_loss: -2081.252
[GPU0] epochs: [455/500] train_loss_con: 5.477 energy_loss: -2040.461
[GPU0] epochs: [456/500] train_loss_con: 5.473 energy_loss: -2243.105
[GPU0] epochs: [457/500] train_loss_con: 5.473 energy_loss: -2098.330
[GPU0] epochs: [458/500] train_loss_con: 5.473 energy_loss: -2147.225
[GPU0] epochs: [459/500] train_loss_con: 5.475 energy_loss: -2071.296
[GPU0] epochs: [460/500] train_loss_con: 5.474 energy_loss: -2365.862
[GPU0] epochs: [461/500] train_loss_con: 5.474 energy_loss: -2398.452
[GPU0] epochs: [462/500] train_loss_con: 5.474 energy_loss: -2354.787
[GPU0] epochs: [463/500] train_loss_con: 5.470 energy_loss: -2404.758
[GPU0] epochs: [464/500] train_loss_con: 5.473 energy_loss: -2163.916
[GPU0] epochs: [465/500] train_loss_con: 5.469 energy_loss: -2298.853
[GPU0] epochs: [466/500] train_loss_con: 5.471 energy_loss: -2113.122
[GPU0] epochs: [467/500] train_loss_con: 5.470 energy_loss: -2161.925
[GPU0] epochs: [468/500] train_loss_con: 5.472 energy_loss: -2068.810
[GPU0] epochs: [469/500] train_loss_con: 5.468 energy_loss: -1900.056
[GPU0] epochs: [470/500] train_loss_con: 5.472 energy_loss: -1969.056
[GPU0] epochs: [471/500] train_loss_con: 5.473 energy_loss: -2016.192
[GPU0] epochs: [472/500] train_loss_con: 5.471 energy_loss: -2073.037
[GPU0] epochs: [473/500] train_loss_con: 5.471 energy_loss: -2126.109
[GPU0] epochs: [474/500] train_loss_con: 5.470 energy_loss: -2037.557
[GPU0] epochs: [475/500] train_loss_con: 5.470 energy_loss: -2147.856
[GPU0] epochs: [476/500] train_loss_con: 5.470 energy_loss: -2110.707
[GPU0] epochs: [477/500] train_loss_con: 5.470 energy_loss: -2059.527
[GPU0] epochs: [478/500] train_loss_con: 5.468 energy_loss: -2382.364
[GPU0] epochs: [479/500] train_loss_con: 5.472 energy_loss: -2357.366
[GPU0] epochs: [480/500] train_loss_con: 5.470 energy_loss: -2388.595
[GPU0] epochs: [481/500] train_loss_con: 5.467 energy_loss: -2186.228
[GPU0] epochs: [482/500] train_loss_con: 5.469 energy_loss: -2363.861
[GPU0] epochs: [483/500] train_loss_con: 5.468 energy_loss: -2336.713
[GPU0] epochs: [484/500] train_loss_con: 5.469 energy_loss: -2140.117
[GPU0] epochs: [485/500] train_loss_con: 5.466 energy_loss: -2229.217
[GPU0] epochs: [486/500] train_loss_con: 5.468 energy_loss: -2281.118
[GPU0] epochs: [487/500] train_loss_con: 5.469 energy_loss: -2216.637
[GPU0] epochs: [488/500] train_loss_con: 5.466 energy_loss: -2100.810
[GPU0] epochs: [489/500] train_loss_con: 5.468 energy_loss: -2353.072
[GPU0] epochs: [490/500] train_loss_con: 5.466 energy_loss: -2022.558
[GPU0] epochs: [491/500] train_loss_con: 5.468 energy_loss: -2092.030
[GPU0] epochs: [492/500] train_loss_con: 5.470 energy_loss: -2388.602
[GPU0] epochs: [493/500] train_loss_con: 5.466 energy_loss: -1969.163
[GPU0] epochs: [494/500] train_loss_con: 5.467 energy_loss: -2233.309
[GPU0] epochs: [495/500] train_loss_con: 5.467 energy_loss: -2229.929
[GPU0] epochs: [496/500] train_loss_con: 5.465 energy_loss: -2145.603
[GPU0] epochs: [497/500] train_loss_con: 5.467 energy_loss: -1940.084
[GPU0] epochs: [498/500] train_loss_con: 5.466 energy_loss: -2152.245
[GPU0] epochs: [499/500] train_loss_con: 5.467 energy_loss: -2355.079
[GPU0] epochs: [500/500] train_loss_con: 5.466 energy_loss: -2145.893
### TSNE starts
### MLP training begins
[GPU0] Test Accuracy at epoch: 0: 0.503
[GPU0] epochs: [1/100] train_acc: 0.382 train_loss_sup: 2.673
[GPU0] epochs: [2/100] train_acc: 0.502 train_loss_sup: 1.810
[GPU0] epochs: [3/100] train_acc: 0.527 train_loss_sup: 1.712
[GPU0] epochs: [4/100] train_acc: 0.538 train_loss_sup: 1.667
[GPU0] epochs: [5/100] train_acc: 0.549 train_loss_sup: 1.621
[GPU0] epochs: [6/100] train_acc: 0.558 train_loss_sup: 1.593
[GPU0] epochs: [7/100] train_acc: 0.567 train_loss_sup: 1.563
[GPU0] epochs: [8/100] train_acc: 0.569 train_loss_sup: 1.552
[GPU0] epochs: [9/100] train_acc: 0.573 train_loss_sup: 1.536
[GPU0] epochs: [10/100] train_acc: 0.580 train_loss_sup: 1.509
[GPU0] Test Accuracy at epoch: 10: 0.59
[GPU0] epochs: [11/100] train_acc: 0.581 train_loss_sup: 1.503
[GPU0] epochs: [12/100] train_acc: 0.585 train_loss_sup: 1.484
[GPU0] epochs: [13/100] train_acc: 0.589 train_loss_sup: 1.470
[GPU0] epochs: [14/100] train_acc: 0.592 train_loss_sup: 1.457
[GPU0] epochs: [15/100] train_acc: 0.594 train_loss_sup: 1.446
[GPU0] epochs: [16/100] train_acc: 0.599 train_loss_sup: 1.437
[GPU0] epochs: [17/100] train_acc: 0.602 train_loss_sup: 1.423
[GPU0] epochs: [18/100] train_acc: 0.607 train_loss_sup: 1.412
[GPU0] epochs: [19/100] train_acc: 0.609 train_loss_sup: 1.394
[GPU0] epochs: [20/100] train_acc: 0.608 train_loss_sup: 1.383
[GPU0] Test Accuracy at epoch: 20: 0.603
[GPU0] epochs: [21/100] train_acc: 0.614 train_loss_sup: 1.377
[GPU0] epochs: [22/100] train_acc: 0.617 train_loss_sup: 1.369
[GPU0] epochs: [23/100] train_acc: 0.620 train_loss_sup: 1.349
[GPU0] epochs: [24/100] train_acc: 0.618 train_loss_sup: 1.355
[GPU0] epochs: [25/100] train_acc: 0.624 train_loss_sup: 1.339
[GPU0] epochs: [26/100] train_acc: 0.624 train_loss_sup: 1.336
[GPU0] epochs: [27/100] train_acc: 0.626 train_loss_sup: 1.324
[GPU0] epochs: [28/100] train_acc: 0.631 train_loss_sup: 1.318
[GPU0] epochs: [29/100] train_acc: 0.630 train_loss_sup: 1.314
[GPU0] epochs: [30/100] train_acc: 0.635 train_loss_sup: 1.302
[GPU0] Test Accuracy at epoch: 30: 0.616
[GPU0] epochs: [31/100] train_acc: 0.636 train_loss_sup: 1.288
[GPU0] epochs: [32/100] train_acc: 0.638 train_loss_sup: 1.283
[GPU0] epochs: [33/100] train_acc: 0.637 train_loss_sup: 1.279
[GPU0] epochs: [34/100] train_acc: 0.643 train_loss_sup: 1.275
[GPU0] epochs: [35/100] train_acc: 0.645 train_loss_sup: 1.254
[GPU0] epochs: [36/100] train_acc: 0.646 train_loss_sup: 1.255
[GPU0] epochs: [37/100] train_acc: 0.647 train_loss_sup: 1.246
[GPU0] epochs: [38/100] train_acc: 0.651 train_loss_sup: 1.231
[GPU0] epochs: [39/100] train_acc: 0.652 train_loss_sup: 1.235
[GPU0] epochs: [40/100] train_acc: 0.655 train_loss_sup: 1.226
[GPU0] Test Accuracy at epoch: 40: 0.629
[GPU0] epochs: [41/100] train_acc: 0.655 train_loss_sup: 1.216
[GPU0] epochs: [42/100] train_acc: 0.657 train_loss_sup: 1.210
[GPU0] epochs: [43/100] train_acc: 0.659 train_loss_sup: 1.202
[GPU0] epochs: [44/100] train_acc: 0.661 train_loss_sup: 1.198
[GPU0] epochs: [45/100] train_acc: 0.665 train_loss_sup: 1.185
[GPU0] epochs: [46/100] train_acc: 0.665 train_loss_sup: 1.180
[GPU0] epochs: [47/100] train_acc: 0.670 train_loss_sup: 1.172
[GPU0] epochs: [48/100] train_acc: 0.674 train_loss_sup: 1.157
[GPU0] epochs: [49/100] train_acc: 0.673 train_loss_sup: 1.157
[GPU0] epochs: [50/100] train_acc: 0.672 train_loss_sup: 1.152
[GPU0] Test Accuracy at epoch: 50: 0.636
[GPU0] epochs: [51/100] train_acc: 0.673 train_loss_sup: 1.159
[GPU0] epochs: [52/100] train_acc: 0.675 train_loss_sup: 1.142
[GPU0] epochs: [53/100] train_acc: 0.677 train_loss_sup: 1.140
[GPU0] epochs: [54/100] train_acc: 0.675 train_loss_sup: 1.136
[GPU0] epochs: [55/100] train_acc: 0.681 train_loss_sup: 1.128
[GPU0] epochs: [56/100] train_acc: 0.681 train_loss_sup: 1.125
[GPU0] epochs: [57/100] train_acc: 0.683 train_loss_sup: 1.115
[GPU0] epochs: [58/100] train_acc: 0.683 train_loss_sup: 1.115
[GPU0] epochs: [59/100] train_acc: 0.690 train_loss_sup: 1.092
[GPU0] epochs: [60/100] train_acc: 0.688 train_loss_sup: 1.097
[GPU0] Test Accuracy at epoch: 60: 0.641
[GPU0] epochs: [61/100] train_acc: 0.689 train_loss_sup: 1.093
[GPU0] epochs: [62/100] train_acc: 0.692 train_loss_sup: 1.083
[GPU0] epochs: [63/100] train_acc: 0.693 train_loss_sup: 1.082
[GPU0] epochs: [64/100] train_acc: 0.697 train_loss_sup: 1.065
[GPU0] epochs: [65/100] train_acc: 0.696 train_loss_sup: 1.068
[GPU0] epochs: [66/100] train_acc: 0.698 train_loss_sup: 1.060
[GPU0] epochs: [67/100] train_acc: 0.699 train_loss_sup: 1.054
[GPU0] epochs: [68/100] train_acc: 0.700 train_loss_sup: 1.052
[GPU0] epochs: [69/100] train_acc: 0.701 train_loss_sup: 1.050
[GPU0] epochs: [70/100] train_acc: 0.703 train_loss_sup: 1.039
[GPU0] Test Accuracy at epoch: 70: 0.64
[GPU0] epochs: [71/100] train_acc: 0.703 train_loss_sup: 1.034
[GPU0] epochs: [72/100] train_acc: 0.704 train_loss_sup: 1.034
