environment: 
YAML: configs/lema.c100.yaml
==> SEED: 42
==> num_classes: 100
==> data_name: cifar100
==> data_params: {'algo': 'lema', 'data_dir': 'datasets/cifar100', 'batch_size': 512, 'num_workers': 3, 'image_size': 32}
==> return_logs: False
==> eval_every: 10
==> n_epochs: 350
==> n_epochs_mlp: 100
==> gpu_id: 2
==> opt: SGD
==> opt_params: {'lr': 0.5, 'momentum': 0.9, 'nesterov': True}
==> schedular_params: {'T_max': 600, 'eta_min': 0.001}
==> mlp_opt: SGD
==> mlp_opt_params: {'lr': 0.01, 'momentum': 0.9, 'nesterov': True}
==> model_params: {'model_name': 'resnet50', 'pretrained': False, 'proj_dim': 128, 'algo_type': 'lema'}
==> energy_model_params: {'eta': 0.01, 'steps': 5}
==> energy_opt: AdamW
==> energy_model_opt_params: {'lr': 0.001}
==> mlp_type: hidden
==> loss: lema
==> loss_params: {'sim': 'cosine', 'tau': 0.5}
==> distributed: False
==> train_algo: lema
==> model_save_path: saved_models/lema.c100.r50.pth
==> config: configs/lema.c100.yaml
--------------------------------------------------
===> using hiddin mlp
using optimizer: SGD
using optimizer: SGD
loss function: lema
Files already downloaded and verified
Files already downloaded and verified
Files already downloaded and verified
# of Training Images: 50000
# of Testing Images: 10000
using optimizer: AdamW
### LEMa Training begins
[GPU2] epochs: [1/350] train_loss_con: 6.604 energy_loss: 0.001
[GPU2] epochs: [2/350] train_loss_con: 6.229 energy_loss: -0.000
[GPU2] epochs: [3/350] train_loss_con: 6.113 energy_loss: 0.000
[GPU2] epochs: [4/350] train_loss_con: 6.069 energy_loss: 0.000
[GPU2] epochs: [5/350] train_loss_con: 6.035 energy_loss: 0.000
[GPU2] epochs: [6/350] train_loss_con: 6.000 energy_loss: -0.000
[GPU2] epochs: [7/350] train_loss_con: 5.965 energy_loss: 0.000
[GPU2] epochs: [8/350] train_loss_con: 5.944 energy_loss: 0.000
[GPU2] epochs: [9/350] train_loss_con: 5.917 energy_loss: 0.000
[GPU2] epochs: [10/350] train_loss_con: 5.896 energy_loss: -0.000
[GPU2] epochs: [11/350] train_loss_con: 5.878 energy_loss: 0.000
[GPU2] epochs: [12/350] train_loss_con: 5.856 energy_loss: 0.000
[GPU2] epochs: [13/350] train_loss_con: 5.837 energy_loss: 0.000
[GPU2] epochs: [14/350] train_loss_con: 5.822 energy_loss: -0.000
[GPU2] epochs: [15/350] train_loss_con: 5.809 energy_loss: -0.000
[GPU2] epochs: [16/350] train_loss_con: 5.797 energy_loss: 0.000
[GPU2] epochs: [17/350] train_loss_con: 5.791 energy_loss: 0.000
[GPU2] epochs: [18/350] train_loss_con: 5.784 energy_loss: -0.000
[GPU2] epochs: [19/350] train_loss_con: 5.776 energy_loss: -0.000
[GPU2] epochs: [20/350] train_loss_con: 5.772 energy_loss: -0.000
[GPU2] epochs: [21/350] train_loss_con: 5.764 energy_loss: -0.000
[GPU2] epochs: [22/350] train_loss_con: 5.758 energy_loss: -0.001
[GPU2] epochs: [23/350] train_loss_con: 5.752 energy_loss: -0.002
[GPU2] epochs: [24/350] train_loss_con: 5.745 energy_loss: -0.027
[GPU2] epochs: [25/350] train_loss_con: 5.743 energy_loss: -0.001
[GPU2] epochs: [26/350] train_loss_con: 5.734 energy_loss: -0.006
[GPU2] epochs: [27/350] train_loss_con: 5.736 energy_loss: -0.029
[GPU2] epochs: [28/350] train_loss_con: 5.732 energy_loss: -0.004
[GPU2] epochs: [29/350] train_loss_con: 5.723 energy_loss: -0.013
[GPU2] epochs: [30/350] train_loss_con: 5.723 energy_loss: -0.056
[GPU2] epochs: [31/350] train_loss_con: 5.719 energy_loss: -0.008
[GPU2] epochs: [32/350] train_loss_con: 5.717 energy_loss: -0.013
[GPU2] epochs: [33/350] train_loss_con: 5.712 energy_loss: -0.018
[GPU2] epochs: [34/350] train_loss_con: 5.711 energy_loss: -0.046
[GPU2] epochs: [35/350] train_loss_con: 5.708 energy_loss: -0.035
[GPU2] epochs: [36/350] train_loss_con: 5.705 energy_loss: -0.064
[GPU2] epochs: [37/350] train_loss_con: 5.703 energy_loss: -0.110
[GPU2] epochs: [38/350] train_loss_con: 5.698 energy_loss: -0.014
[GPU2] epochs: [39/350] train_loss_con: 5.696 energy_loss: -0.028
[GPU2] epochs: [40/350] train_loss_con: 5.695 energy_loss: -0.049
[GPU2] epochs: [41/350] train_loss_con: 5.693 energy_loss: -0.080
[GPU2] epochs: [42/350] train_loss_con: 5.689 energy_loss: -0.203
[GPU2] epochs: [43/350] train_loss_con: 5.685 energy_loss: -0.075
[GPU2] epochs: [44/350] train_loss_con: 5.685 energy_loss: -0.001
[GPU2] epochs: [45/350] train_loss_con: 5.684 energy_loss: -0.004
[GPU2] epochs: [46/350] train_loss_con: 5.681 energy_loss: -0.008
[GPU2] epochs: [47/350] train_loss_con: 5.679 energy_loss: -0.019
[GPU2] epochs: [48/350] train_loss_con: 5.679 energy_loss: -0.060
[GPU2] epochs: [49/350] train_loss_con: 5.677 energy_loss: -0.264
[GPU2] epochs: [50/350] train_loss_con: 5.673 energy_loss: -0.082
[GPU2] epochs: [51/350] train_loss_con: 5.670 energy_loss: -0.114
[GPU2] epochs: [52/350] train_loss_con: 5.671 energy_loss: -0.107
[GPU2] epochs: [53/350] train_loss_con: 5.669 energy_loss: -0.036
[GPU2] epochs: [54/350] train_loss_con: 5.668 energy_loss: -0.270
[GPU2] epochs: [55/350] train_loss_con: 5.662 energy_loss: -0.182
[GPU2] epochs: [56/350] train_loss_con: 5.661 energy_loss: -0.259
[GPU2] epochs: [57/350] train_loss_con: 5.662 energy_loss: -0.157
[GPU2] epochs: [58/350] train_loss_con: 5.662 energy_loss: -0.008
[GPU2] epochs: [59/350] train_loss_con: 5.658 energy_loss: -0.017
[GPU2] epochs: [60/350] train_loss_con: 5.657 energy_loss: -0.031
[GPU2] epochs: [61/350] train_loss_con: 5.655 energy_loss: -0.053
[GPU2] epochs: [62/350] train_loss_con: 5.657 energy_loss: -0.084
[GPU2] epochs: [63/350] train_loss_con: 5.654 energy_loss: -0.133
[GPU2] epochs: [64/350] train_loss_con: 5.654 energy_loss: -0.213
[GPU2] epochs: [65/350] train_loss_con: 5.650 energy_loss: -0.432
[GPU2] epochs: [66/350] train_loss_con: 5.649 energy_loss: -0.227
[GPU2] epochs: [67/350] train_loss_con: 5.647 energy_loss: -0.297
[GPU2] epochs: [68/350] train_loss_con: 5.647 energy_loss: -0.197
[GPU2] epochs: [69/350] train_loss_con: 5.645 energy_loss: -0.323
[GPU2] epochs: [70/350] train_loss_con: 5.647 energy_loss: -0.232
[GPU2] epochs: [71/350] train_loss_con: 5.642 energy_loss: -0.088
[GPU2] epochs: [72/350] train_loss_con: 5.638 energy_loss: -0.255
[GPU2] epochs: [73/350] train_loss_con: 5.642 energy_loss: -1.184
[GPU2] epochs: [74/350] train_loss_con: 5.644 energy_loss: -0.577
[GPU2] epochs: [75/350] train_loss_con: 5.641 energy_loss: -0.066
[GPU2] epochs: [76/350] train_loss_con: 5.635 energy_loss: -0.157
[GPU2] epochs: [77/350] train_loss_con: 5.637 energy_loss: -0.478
[GPU2] epochs: [78/350] train_loss_con: 5.634 energy_loss: -0.046
[GPU2] epochs: [79/350] train_loss_con: 5.632 energy_loss: -0.149
[GPU2] epochs: [80/350] train_loss_con: 5.631 energy_loss: -0.526
[GPU2] epochs: [81/350] train_loss_con: 5.629 energy_loss: -0.473
[GPU2] epochs: [82/350] train_loss_con: 5.631 energy_loss: -0.357
[GPU2] epochs: [83/350] train_loss_con: 5.631 energy_loss: -0.244
[GPU2] epochs: [84/350] train_loss_con: 5.627 energy_loss: -0.820
[GPU2] epochs: [85/350] train_loss_con: 5.625 energy_loss: -0.173
[GPU2] epochs: [86/350] train_loss_con: 5.627 energy_loss: -1.113
[GPU2] epochs: [87/350] train_loss_con: 5.626 energy_loss: -0.091
[GPU2] epochs: [88/350] train_loss_con: 5.622 energy_loss: -0.185
[GPU2] epochs: [89/350] train_loss_con: 5.623 energy_loss: -0.610
[GPU2] epochs: [90/350] train_loss_con: 5.622 energy_loss: -0.059
[GPU2] epochs: [91/350] train_loss_con: 5.620 energy_loss: -0.138
[GPU2] epochs: [92/350] train_loss_con: 5.619 energy_loss: -0.336
[GPU2] epochs: [93/350] train_loss_con: 5.617 energy_loss: -0.994
[GPU2] epochs: [94/350] train_loss_con: 5.621 energy_loss: -0.564
[GPU2] epochs: [95/350] train_loss_con: 5.617 energy_loss: -0.605
[GPU2] epochs: [96/350] train_loss_con: 5.614 energy_loss: -1.358
[GPU2] epochs: [97/350] train_loss_con: 5.617 energy_loss: -0.039
[GPU2] epochs: [98/350] train_loss_con: 5.619 energy_loss: -0.080
[GPU2] epochs: [99/350] train_loss_con: 5.614 energy_loss: -0.147
[GPU2] epochs: [100/350] train_loss_con: 5.610 energy_loss: -0.254
[GPU2] epochs: [101/350] train_loss_con: 5.612 energy_loss: -0.492
[GPU2] epochs: [102/350] train_loss_con: 5.613 energy_loss: -1.170
[GPU2] epochs: [103/350] train_loss_con: 5.612 energy_loss: -0.803
[GPU2] epochs: [104/350] train_loss_con: 5.609 energy_loss: -0.900
[GPU2] epochs: [105/350] train_loss_con: 5.607 energy_loss: -0.465
[GPU2] epochs: [106/350] train_loss_con: 5.609 energy_loss: -0.572
[GPU2] epochs: [107/350] train_loss_con: 5.605 energy_loss: -0.178
[GPU2] epochs: [108/350] train_loss_con: 5.606 energy_loss: -0.340
[GPU2] epochs: [109/350] train_loss_con: 5.604 energy_loss: -1.756
[GPU2] epochs: [110/350] train_loss_con: 5.604 energy_loss: -0.806
[GPU2] epochs: [111/350] train_loss_con: 5.603 energy_loss: -0.039
[GPU2] epochs: [112/350] train_loss_con: 5.604 energy_loss: -0.079
[GPU2] epochs: [113/350] train_loss_con: 5.600 energy_loss: -0.152
[GPU2] epochs: [114/350] train_loss_con: 5.602 energy_loss: -0.279
[GPU2] epochs: [115/350] train_loss_con: 5.601 energy_loss: -0.558
[GPU2] epochs: [116/350] train_loss_con: 5.602 energy_loss: -3.881
[GPU2] epochs: [117/350] train_loss_con: 5.599 energy_loss: -1.162
[GPU2] epochs: [118/350] train_loss_con: 5.601 energy_loss: -0.590
[GPU2] epochs: [119/350] train_loss_con: 5.598 energy_loss: -1.242
[GPU2] epochs: [120/350] train_loss_con: 5.598 energy_loss: -3.359
[GPU2] epochs: [121/350] train_loss_con: 5.598 energy_loss: -2.593
[GPU2] epochs: [122/350] train_loss_con: 5.595 energy_loss: -2.626
[GPU2] epochs: [123/350] train_loss_con: 5.593 energy_loss: -2.774
[GPU2] epochs: [124/350] train_loss_con: 5.593 energy_loss: -1.062
[GPU2] epochs: [125/350] train_loss_con: 5.593 energy_loss: -1.505
[GPU2] epochs: [126/350] train_loss_con: 5.594 energy_loss: -0.198
[GPU2] epochs: [127/350] train_loss_con: 5.592 energy_loss: -0.308
[GPU2] epochs: [128/350] train_loss_con: 5.592 energy_loss: -0.511
[GPU2] epochs: [129/350] train_loss_con: 5.592 energy_loss: -1.708
[GPU2] epochs: [130/350] train_loss_con: 5.591 energy_loss: -0.131
[GPU2] epochs: [131/350] train_loss_con: 5.589 energy_loss: -0.308
[GPU2] epochs: [132/350] train_loss_con: 5.586 energy_loss: -0.601
[GPU2] epochs: [133/350] train_loss_con: 5.590 energy_loss: -3.287
[GPU2] epochs: [134/350] train_loss_con: 5.586 energy_loss: -1.844
[GPU2] epochs: [135/350] train_loss_con: 5.587 energy_loss: -2.356
[GPU2] epochs: [136/350] train_loss_con: 5.585 energy_loss: -0.589
[GPU2] epochs: [137/350] train_loss_con: 5.584 energy_loss: -1.906
[GPU2] epochs: [138/350] train_loss_con: 5.584 energy_loss: -0.029
[GPU2] epochs: [139/350] train_loss_con: 5.583 energy_loss: -0.057
[GPU2] epochs: [140/350] train_loss_con: 5.585 energy_loss: -0.076
[GPU2] epochs: [141/350] train_loss_con: 5.586 energy_loss: -0.112
[GPU2] epochs: [142/350] train_loss_con: 5.583 energy_loss: -0.165
[GPU2] epochs: [143/350] train_loss_con: 5.583 energy_loss: -0.218
[GPU2] epochs: [144/350] train_loss_con: 5.581 energy_loss: -0.307
[GPU2] epochs: [145/350] train_loss_con: 5.581 energy_loss: -0.508
[GPU2] epochs: [146/350] train_loss_con: 5.577 energy_loss: -0.984
[GPU2] epochs: [147/350] train_loss_con: 5.582 energy_loss: -2.423
[GPU2] epochs: [148/350] train_loss_con: 5.579 energy_loss: -0.196
[GPU2] epochs: [149/350] train_loss_con: 5.576 energy_loss: -0.398
[GPU2] epochs: [150/350] train_loss_con: 5.580 energy_loss: -0.649
[GPU2] epochs: [151/350] train_loss_con: 5.576 energy_loss: -1.091
[GPU2] epochs: [152/350] train_loss_con: 5.576 energy_loss: -2.350
[GPU2] epochs: [153/350] train_loss_con: 5.576 energy_loss: -1.941
[GPU2] epochs: [154/350] train_loss_con: 5.575 energy_loss: -1.608
[GPU2] epochs: [155/350] train_loss_con: 5.576 energy_loss: -1.988
[GPU2] epochs: [156/350] train_loss_con: 5.573 energy_loss: -0.433
[GPU2] epochs: [157/350] train_loss_con: 5.572 energy_loss: -0.931
[GPU2] epochs: [158/350] train_loss_con: 5.576 energy_loss: -2.216
[GPU2] epochs: [159/350] train_loss_con: 5.573 energy_loss: -0.469
[GPU2] epochs: [160/350] train_loss_con: 5.573 energy_loss: -1.766
[GPU2] epochs: [161/350] train_loss_con: 5.573 energy_loss: -0.090
[GPU2] epochs: [162/350] train_loss_con: 5.571 energy_loss: -0.147
[GPU2] epochs: [163/350] train_loss_con: 5.573 energy_loss: -0.202
[GPU2] epochs: [164/350] train_loss_con: 5.570 energy_loss: -0.297
[GPU2] epochs: [165/350] train_loss_con: 5.569 energy_loss: -0.478
[GPU2] epochs: [166/350] train_loss_con: 5.571 energy_loss: -0.989
[GPU2] epochs: [167/350] train_loss_con: 5.569 energy_loss: -3.499
[GPU2] epochs: [168/350] train_loss_con: 5.568 energy_loss: -4.402
[GPU2] epochs: [169/350] train_loss_con: 5.572 energy_loss: -0.519
[GPU2] epochs: [170/350] train_loss_con: 5.569 energy_loss: -0.968
[GPU2] epochs: [171/350] train_loss_con: 5.567 energy_loss: -2.134
[GPU2] epochs: [172/350] train_loss_con: 5.566 energy_loss: -0.253
[GPU2] epochs: [173/350] train_loss_con: 5.567 energy_loss: -2.316
[GPU2] epochs: [174/350] train_loss_con: 5.567 energy_loss: -0.136
[GPU2] epochs: [175/350] train_loss_con: 5.565 energy_loss: -0.298
[GPU2] epochs: [176/350] train_loss_con: 5.564 energy_loss: -0.592
[GPU2] epochs: [177/350] train_loss_con: 5.563 energy_loss: -1.521
[GPU2] epochs: [178/350] train_loss_con: 5.564 energy_loss: -7.177
[GPU2] epochs: [179/350] train_loss_con: 5.562 energy_loss: -10.376
[GPU2] epochs: [180/350] train_loss_con: 5.562 energy_loss: -0.374
[GPU2] epochs: [181/350] train_loss_con: 5.563 energy_loss: -0.733
[GPU2] epochs: [182/350] train_loss_con: 5.558 energy_loss: -1.293
[GPU2] epochs: [183/350] train_loss_con: 5.558 energy_loss: -4.322
[GPU2] epochs: [184/350] train_loss_con: 5.560 energy_loss: -0.732
[GPU2] epochs: [185/350] train_loss_con: 5.558 energy_loss: -3.674
[GPU2] epochs: [186/350] train_loss_con: 5.560 energy_loss: -2.631
[GPU2] epochs: [187/350] train_loss_con: 5.562 energy_loss: -1.122
[GPU2] epochs: [188/350] train_loss_con: 5.559 energy_loss: -2.098
[GPU2] epochs: [189/350] train_loss_con: 5.559 energy_loss: -6.172
[GPU2] epochs: [190/350] train_loss_con: 5.559 energy_loss: -1.723
[GPU2] epochs: [191/350] train_loss_con: 5.556 energy_loss: -6.549
[GPU2] epochs: [192/350] train_loss_con: 5.559 energy_loss: -2.928
[GPU2] epochs: [193/350] train_loss_con: 5.555 energy_loss: -1.193
[GPU2] epochs: [194/350] train_loss_con: 5.556 energy_loss: -2.945
[GPU2] epochs: [195/350] train_loss_con: 5.555 energy_loss: -0.693
[GPU2] epochs: [196/350] train_loss_con: 5.552 energy_loss: -1.881
[GPU2] epochs: [197/350] train_loss_con: 5.554 energy_loss: -2.409
[GPU2] epochs: [198/350] train_loss_con: 5.554 energy_loss: -0.681
[GPU2] epochs: [199/350] train_loss_con: 5.556 energy_loss: -1.005
[GPU2] epochs: [200/350] train_loss_con: 5.553 energy_loss: -1.762
[GPU2] epochs: [201/350] train_loss_con: 5.553 energy_loss: -9.850
[GPU2] epochs: [202/350] train_loss_con: 5.551 energy_loss: -0.638
[GPU2] epochs: [203/350] train_loss_con: 5.551 energy_loss: -2.133
[GPU2] epochs: [204/350] train_loss_con: 5.553 energy_loss: -11.465
[GPU2] epochs: [205/350] train_loss_con: 5.553 energy_loss: -0.602
[GPU2] epochs: [206/350] train_loss_con: 5.551 energy_loss: -1.310
[GPU2] epochs: [207/350] train_loss_con: 5.550 energy_loss: -4.730
[GPU2] epochs: [208/350] train_loss_con: 5.549 energy_loss: -9.967
[GPU2] epochs: [209/350] train_loss_con: 5.550 energy_loss: -24.871
[GPU2] epochs: [210/350] train_loss_con: 5.549 energy_loss: -9.257
[GPU2] epochs: [211/350] train_loss_con: 5.547 energy_loss: -4.752
[GPU2] epochs: [212/350] train_loss_con: 5.545 energy_loss: -10.830
[GPU2] epochs: [213/350] train_loss_con: 5.546 energy_loss: -10.293
[GPU2] epochs: [214/350] train_loss_con: 5.548 energy_loss: -10.870
[GPU2] epochs: [215/350] train_loss_con: 5.546 energy_loss: -16.832
[GPU2] epochs: [216/350] train_loss_con: 5.547 energy_loss: -9.635
[GPU2] epochs: [217/350] train_loss_con: 5.546 energy_loss: -33.205
[GPU2] epochs: [218/350] train_loss_con: 5.545 energy_loss: -21.428
[GPU2] epochs: [219/350] train_loss_con: 5.544 energy_loss: -23.226
[GPU2] epochs: [220/350] train_loss_con: 5.543 energy_loss: -3.320
[GPU2] epochs: [221/350] train_loss_con: 5.542 energy_loss: -10.652
[GPU2] epochs: [222/350] train_loss_con: 5.545 energy_loss: -31.480
[GPU2] epochs: [223/350] train_loss_con: 5.543 energy_loss: -24.643
[GPU2] epochs: [224/350] train_loss_con: 5.542 energy_loss: -50.491
[GPU2] epochs: [225/350] train_loss_con: 5.541 energy_loss: -83.532
[GPU2] epochs: [226/350] train_loss_con: 5.542 energy_loss: -129.406
[GPU2] epochs: [227/350] train_loss_con: 5.542 energy_loss: -157.887
[GPU2] epochs: [228/350] train_loss_con: 5.542 energy_loss: -168.354
[GPU2] epochs: [229/350] train_loss_con: 5.541 energy_loss: -196.785
[GPU2] epochs: [230/350] train_loss_con: 5.540 energy_loss: -225.563
[GPU2] epochs: [231/350] train_loss_con: 5.540 energy_loss: -243.119
[GPU2] epochs: [232/350] train_loss_con: 5.540 energy_loss: -267.096
[GPU2] epochs: [233/350] train_loss_con: 5.540 energy_loss: -267.578
[GPU2] epochs: [234/350] train_loss_con: 5.541 energy_loss: -272.141
[GPU2] epochs: [235/350] train_loss_con: 5.540 energy_loss: -310.338
[GPU2] epochs: [236/350] train_loss_con: 5.535 energy_loss: -301.581
[GPU2] epochs: [237/350] train_loss_con: 5.538 energy_loss: -306.028
[GPU2] epochs: [238/350] train_loss_con: 5.540 energy_loss: -331.798
[GPU2] epochs: [239/350] train_loss_con: 5.535 energy_loss: -333.630
[GPU2] epochs: [240/350] train_loss_con: 5.535 energy_loss: -336.018
[GPU2] epochs: [241/350] train_loss_con: 5.536 energy_loss: -366.742
[GPU2] epochs: [242/350] train_loss_con: 5.534 energy_loss: -352.899
[GPU2] epochs: [243/350] train_loss_con: 5.536 energy_loss: -359.796
[GPU2] epochs: [244/350] train_loss_con: 5.537 energy_loss: -404.252
[GPU2] epochs: [245/350] train_loss_con: 5.535 energy_loss: -379.128
[GPU2] epochs: [246/350] train_loss_con: 5.533 energy_loss: -412.614
[GPU2] epochs: [247/350] train_loss_con: 5.533 energy_loss: -433.835
[GPU2] epochs: [248/350] train_loss_con: 5.534 energy_loss: -367.416
[GPU2] epochs: [249/350] train_loss_con: 5.534 energy_loss: -442.953
[GPU2] epochs: [250/350] train_loss_con: 5.533 energy_loss: -438.787
[GPU2] epochs: [251/350] train_loss_con: 5.535 energy_loss: -435.801
[GPU2] epochs: [252/350] train_loss_con: 5.534 energy_loss: -405.206
[GPU2] epochs: [253/350] train_loss_con: 5.533 energy_loss: -398.235
[GPU2] epochs: [254/350] train_loss_con: 5.532 energy_loss: -456.574
[GPU2] epochs: [255/350] train_loss_con: 5.533 energy_loss: -443.133
[GPU2] epochs: [256/350] train_loss_con: 5.533 energy_loss: -477.400
[GPU2] epochs: [257/350] train_loss_con: 5.526 energy_loss: -448.641
[GPU2] epochs: [258/350] train_loss_con: 5.530 energy_loss: -439.029
[GPU2] epochs: [259/350] train_loss_con: 5.531 energy_loss: -465.798
[GPU2] epochs: [260/350] train_loss_con: 5.530 energy_loss: -493.658
[GPU2] epochs: [261/350] train_loss_con: 5.529 energy_loss: -505.491
[GPU2] epochs: [262/350] train_loss_con: 5.530 energy_loss: -486.956
[GPU2] epochs: [263/350] train_loss_con: 5.527 energy_loss: -487.848
[GPU2] epochs: [264/350] train_loss_con: 5.525 energy_loss: -491.629
[GPU2] epochs: [265/350] train_loss_con: 5.531 energy_loss: -512.975
[GPU2] epochs: [266/350] train_loss_con: 5.526 energy_loss: -513.697
[GPU2] epochs: [267/350] train_loss_con: 5.527 energy_loss: -543.325
[GPU2] epochs: [268/350] train_loss_con: 5.528 energy_loss: -582.568
[GPU2] epochs: [269/350] train_loss_con: 5.526 energy_loss: -530.075
[GPU2] epochs: [270/350] train_loss_con: 5.525 energy_loss: -509.827
[GPU2] epochs: [271/350] train_loss_con: 5.526 energy_loss: -495.645
[GPU2] epochs: [272/350] train_loss_con: 5.524 energy_loss: -519.565
[GPU2] epochs: [273/350] train_loss_con: 5.524 energy_loss: -543.082
[GPU2] epochs: [274/350] train_loss_con: 5.524 energy_loss: -563.425
[GPU2] epochs: [275/350] train_loss_con: 5.524 energy_loss: -622.674
[GPU2] epochs: [276/350] train_loss_con: 5.523 energy_loss: -580.827
[GPU2] epochs: [277/350] train_loss_con: 5.524 energy_loss: -589.488
[GPU2] epochs: [278/350] train_loss_con: 5.520 energy_loss: -568.964
[GPU2] epochs: [279/350] train_loss_con: 5.522 energy_loss: -584.944
[GPU2] epochs: [280/350] train_loss_con: 5.522 energy_loss: -684.853
[GPU2] epochs: [281/350] train_loss_con: 5.524 energy_loss: -678.832
[GPU2] epochs: [282/350] train_loss_con: 5.523 energy_loss: -628.698
[GPU2] epochs: [283/350] train_loss_con: 5.521 energy_loss: -578.659
[GPU2] epochs: [284/350] train_loss_con: 5.522 energy_loss: -605.310
[GPU2] epochs: [285/350] train_loss_con: 5.524 energy_loss: -580.726
[GPU2] epochs: [286/350] train_loss_con: 5.521 energy_loss: -669.762
[GPU2] epochs: [287/350] train_loss_con: 5.521 energy_loss: -649.437
[GPU2] epochs: [288/350] train_loss_con: 5.523 energy_loss: -678.661
[GPU2] epochs: [289/350] train_loss_con: 5.519 energy_loss: -666.697
[GPU2] epochs: [290/350] train_loss_con: 5.520 energy_loss: -668.057
[GPU2] epochs: [291/350] train_loss_con: 5.519 energy_loss: -606.397
[GPU2] epochs: [292/350] train_loss_con: 5.517 energy_loss: -693.177
[GPU2] epochs: [293/350] train_loss_con: 5.516 energy_loss: -657.085
[GPU2] epochs: [294/350] train_loss_con: 5.519 energy_loss: -636.945
[GPU2] epochs: [295/350] train_loss_con: 5.516 energy_loss: -664.591
[GPU2] epochs: [296/350] train_loss_con: 5.518 energy_loss: -706.195
[GPU2] epochs: [297/350] train_loss_con: 5.516 energy_loss: -669.493
[GPU2] epochs: [298/350] train_loss_con: 5.518 energy_loss: -681.271
[GPU2] epochs: [299/350] train_loss_con: 5.517 energy_loss: -657.909
[GPU2] epochs: [300/350] train_loss_con: 5.516 energy_loss: -703.324
[GPU2] epochs: [301/350] train_loss_con: 5.515 energy_loss: -727.705
[GPU2] epochs: [302/350] train_loss_con: 5.517 energy_loss: -735.936
[GPU2] epochs: [303/350] train_loss_con: 5.513 energy_loss: -706.063
[GPU2] epochs: [304/350] train_loss_con: 5.512 energy_loss: -709.904
[GPU2] epochs: [305/350] train_loss_con: 5.514 energy_loss: -723.926
[GPU2] epochs: [306/350] train_loss_con: 5.514 energy_loss: -700.769
[GPU2] epochs: [307/350] train_loss_con: 5.513 energy_loss: -679.957
[GPU2] epochs: [308/350] train_loss_con: 5.514 energy_loss: -696.125
[GPU2] epochs: [309/350] train_loss_con: 5.516 energy_loss: -746.466
[GPU2] epochs: [310/350] train_loss_con: 5.514 energy_loss: -729.296
[GPU2] epochs: [311/350] train_loss_con: 5.512 energy_loss: -695.218
[GPU2] epochs: [312/350] train_loss_con: 5.513 energy_loss: -715.241
[GPU2] epochs: [313/350] train_loss_con: 5.514 energy_loss: -757.198
[GPU2] epochs: [314/350] train_loss_con: 5.510 energy_loss: -705.521
[GPU2] epochs: [315/350] train_loss_con: 5.510 energy_loss: -700.976
[GPU2] epochs: [316/350] train_loss_con: 5.512 energy_loss: -792.882
[GPU2] epochs: [317/350] train_loss_con: 5.509 energy_loss: -816.529
[GPU2] epochs: [318/350] train_loss_con: 5.509 energy_loss: -792.056
[GPU2] epochs: [319/350] train_loss_con: 5.510 energy_loss: -807.988
[GPU2] epochs: [320/350] train_loss_con: 5.511 energy_loss: -796.815
[GPU2] epochs: [321/350] train_loss_con: 5.510 energy_loss: -780.547
[GPU2] epochs: [322/350] train_loss_con: 5.511 energy_loss: -764.555
[GPU2] epochs: [323/350] train_loss_con: 5.511 energy_loss: -772.109
[GPU2] epochs: [324/350] train_loss_con: 5.509 energy_loss: -760.847
[GPU2] epochs: [325/350] train_loss_con: 5.508 energy_loss: -753.189
[GPU2] epochs: [326/350] train_loss_con: 5.511 energy_loss: -787.090
[GPU2] epochs: [327/350] train_loss_con: 5.506 energy_loss: -789.243
[GPU2] epochs: [328/350] train_loss_con: 5.507 energy_loss: -754.567
[GPU2] epochs: [329/350] train_loss_con: 5.506 energy_loss: -840.409
[GPU2] epochs: [330/350] train_loss_con: 5.505 energy_loss: -787.910
[GPU2] epochs: [331/350] train_loss_con: 5.509 energy_loss: -824.115
[GPU2] epochs: [332/350] train_loss_con: 5.508 energy_loss: -815.326
[GPU2] epochs: [333/350] train_loss_con: 5.507 energy_loss: -818.694
[GPU2] epochs: [334/350] train_loss_con: 5.506 energy_loss: -883.701
[GPU2] epochs: [335/350] train_loss_con: 5.507 energy_loss: -860.123
[GPU2] epochs: [336/350] train_loss_con: 5.504 energy_loss: -779.280
[GPU2] epochs: [337/350] train_loss_con: 5.507 energy_loss: -855.113
[GPU2] epochs: [338/350] train_loss_con: 5.509 energy_loss: -836.036
[GPU2] epochs: [339/350] train_loss_con: 5.504 energy_loss: -849.251
[GPU2] epochs: [340/350] train_loss_con: 5.505 energy_loss: -856.085
[GPU2] epochs: [341/350] train_loss_con: 5.506 energy_loss: -858.900
[GPU2] epochs: [342/350] train_loss_con: 5.505 energy_loss: -792.446
[GPU2] epochs: [343/350] train_loss_con: 5.504 energy_loss: -841.144
[GPU2] epochs: [344/350] train_loss_con: 5.504 energy_loss: -835.538
[GPU2] epochs: [345/350] train_loss_con: 5.503 energy_loss: -857.473
[GPU2] epochs: [346/350] train_loss_con: 5.504 energy_loss: -824.937
[GPU2] epochs: [347/350] train_loss_con: 5.503 energy_loss: -852.015
[GPU2] epochs: [348/350] train_loss_con: 5.503 energy_loss: -891.612
[GPU2] epochs: [349/350] train_loss_con: 5.503 energy_loss: -904.763
[GPU2] epochs: [350/350] train_loss_con: 5.500 energy_loss: -898.039
### TSNE starts
### MLP training begins
[GPU2] Test Accuracy at epoch: 0: 0.478
[GPU2] epochs: [1/100] train_acc: 0.350 train_loss_sup: 2.795
[GPU2] epochs: [2/100] train_acc: 0.472 train_loss_sup: 1.939
[GPU2] epochs: [3/100] train_acc: 0.495 train_loss_sup: 1.832
[GPU2] epochs: [4/100] train_acc: 0.509 train_loss_sup: 1.775
[GPU2] epochs: [5/100] train_acc: 0.522 train_loss_sup: 1.733
[GPU2] epochs: [6/100] train_acc: 0.528 train_loss_sup: 1.706
[GPU2] epochs: [7/100] train_acc: 0.540 train_loss_sup: 1.670
[GPU2] epochs: [8/100] train_acc: 0.539 train_loss_sup: 1.662
[GPU2] epochs: [9/100] train_acc: 0.547 train_loss_sup: 1.631
[GPU2] epochs: [10/100] train_acc: 0.553 train_loss_sup: 1.619
[GPU2] Test Accuracy at epoch: 10: 0.578
[GPU2] epochs: [11/100] train_acc: 0.556 train_loss_sup: 1.604
[GPU2] epochs: [12/100] train_acc: 0.563 train_loss_sup: 1.583
[GPU2] epochs: [13/100] train_acc: 0.564 train_loss_sup: 1.571
[GPU2] epochs: [14/100] train_acc: 0.571 train_loss_sup: 1.549
[GPU2] epochs: [15/100] train_acc: 0.571 train_loss_sup: 1.544
[GPU2] epochs: [16/100] train_acc: 0.574 train_loss_sup: 1.528
[GPU2] epochs: [17/100] train_acc: 0.578 train_loss_sup: 1.516
[GPU2] epochs: [18/100] train_acc: 0.580 train_loss_sup: 1.509
[GPU2] epochs: [19/100] train_acc: 0.585 train_loss_sup: 1.491
[GPU2] epochs: [20/100] train_acc: 0.587 train_loss_sup: 1.484
[GPU2] Test Accuracy at epoch: 20: 0.596
[GPU2] epochs: [21/100] train_acc: 0.590 train_loss_sup: 1.476
[GPU2] epochs: [22/100] train_acc: 0.594 train_loss_sup: 1.460
[GPU2] epochs: [23/100] train_acc: 0.594 train_loss_sup: 1.454
[GPU2] epochs: [24/100] train_acc: 0.593 train_loss_sup: 1.452
[GPU2] epochs: [25/100] train_acc: 0.600 train_loss_sup: 1.439
[GPU2] epochs: [26/100] train_acc: 0.598 train_loss_sup: 1.441
[GPU2] epochs: [27/100] train_acc: 0.601 train_loss_sup: 1.425
[GPU2] epochs: [28/100] train_acc: 0.606 train_loss_sup: 1.407
[GPU2] epochs: [29/100] train_acc: 0.607 train_loss_sup: 1.404
[GPU2] epochs: [30/100] train_acc: 0.609 train_loss_sup: 1.394
[GPU2] Test Accuracy at epoch: 30: 0.601
[GPU2] epochs: [31/100] train_acc: 0.613 train_loss_sup: 1.389
[GPU2] epochs: [32/100] train_acc: 0.616 train_loss_sup: 1.365
[GPU2] epochs: [33/100] train_acc: 0.615 train_loss_sup: 1.380
[GPU2] epochs: [34/100] train_acc: 0.617 train_loss_sup: 1.365
[GPU2] epochs: [35/100] train_acc: 0.617 train_loss_sup: 1.359
[GPU2] epochs: [36/100] train_acc: 0.622 train_loss_sup: 1.344
[GPU2] epochs: [37/100] train_acc: 0.624 train_loss_sup: 1.346
[GPU2] epochs: [38/100] train_acc: 0.624 train_loss_sup: 1.342
[GPU2] epochs: [39/100] train_acc: 0.630 train_loss_sup: 1.324
[GPU2] epochs: [40/100] train_acc: 0.630 train_loss_sup: 1.322
[GPU2] Test Accuracy at epoch: 40: 0.615
[GPU2] epochs: [41/100] train_acc: 0.635 train_loss_sup: 1.304
[GPU2] epochs: [42/100] train_acc: 0.634 train_loss_sup: 1.303
[GPU2] epochs: [43/100] train_acc: 0.634 train_loss_sup: 1.294
[GPU2] epochs: [44/100] train_acc: 0.638 train_loss_sup: 1.287
[GPU2] epochs: [45/100] train_acc: 0.639 train_loss_sup: 1.294
[GPU2] epochs: [46/100] train_acc: 0.639 train_loss_sup: 1.284
[GPU2] epochs: [47/100] train_acc: 0.640 train_loss_sup: 1.275
[GPU2] epochs: [48/100] train_acc: 0.643 train_loss_sup: 1.264
[GPU2] epochs: [49/100] train_acc: 0.642 train_loss_sup: 1.263
[GPU2] epochs: [50/100] train_acc: 0.647 train_loss_sup: 1.251
[GPU2] Test Accuracy at epoch: 50: 0.624
[GPU2] epochs: [51/100] train_acc: 0.650 train_loss_sup: 1.245
[GPU2] epochs: [52/100] train_acc: 0.650 train_loss_sup: 1.240
[GPU2] epochs: [53/100] train_acc: 0.652 train_loss_sup: 1.244
[GPU2] epochs: [54/100] train_acc: 0.652 train_loss_sup: 1.233
[GPU2] epochs: [55/100] train_acc: 0.654 train_loss_sup: 1.219
[GPU2] epochs: [56/100] train_acc: 0.657 train_loss_sup: 1.220
[GPU2] epochs: [57/100] train_acc: 0.659 train_loss_sup: 1.208
[GPU2] epochs: [58/100] train_acc: 0.659 train_loss_sup: 1.200
[GPU2] epochs: [59/100] train_acc: 0.660 train_loss_sup: 1.204
[GPU2] epochs: [60/100] train_acc: 0.658 train_loss_sup: 1.201
[GPU2] Test Accuracy at epoch: 60: 0.625
[GPU2] epochs: [61/100] train_acc: 0.664 train_loss_sup: 1.189
[GPU2] epochs: [62/100] train_acc: 0.665 train_loss_sup: 1.188
[GPU2] epochs: [63/100] train_acc: 0.668 train_loss_sup: 1.173
[GPU2] epochs: [64/100] train_acc: 0.671 train_loss_sup: 1.171
[GPU2] epochs: [65/100] train_acc: 0.669 train_loss_sup: 1.171
[GPU2] epochs: [66/100] train_acc: 0.672 train_loss_sup: 1.162
[GPU2] epochs: [67/100] train_acc: 0.674 train_loss_sup: 1.150
[GPU2] epochs: [68/100] train_acc: 0.672 train_loss_sup: 1.150
[GPU2] epochs: [69/100] train_acc: 0.675 train_loss_sup: 1.144
[GPU2] epochs: [70/100] train_acc: 0.676 train_loss_sup: 1.140
[GPU2] Test Accuracy at epoch: 70: 0.627
[GPU2] epochs: [71/100] train_acc: 0.679 train_loss_sup: 1.131
[GPU2] epochs: [72/100] train_acc: 0.682 train_loss_sup: 1.123
[GPU2] epochs: [73/100] train_acc: 0.680 train_loss_sup: 1.126
[GPU2] epochs: [74/100] train_acc: 0.681 train_loss_sup: 1.127
[GPU2] epochs: [75/100] train_acc: 0.684 train_loss_sup: 1.117
[GPU2] epochs: [76/100] train_acc: 0.684 train_loss_sup: 1.113
[GPU2] epochs: [77/100] train_acc: 0.688 train_loss_sup: 1.103
[GPU2] epochs: [78/100] train_acc: 0.688 train_loss_sup: 1.105
[GPU2] epochs: [79/100] train_acc: 0.689 train_loss_sup: 1.095
[GPU2] epochs: [80/100] train_acc: 0.693 train_loss_sup: 1.084
[GPU2] Test Accuracy at epoch: 80: 0.629
[GPU2] epochs: [81/100] train_acc: 0.692 train_loss_sup: 1.085
[GPU2] epochs: [82/100] train_acc: 0.695 train_loss_sup: 1.078
[GPU2] epochs: [83/100] train_acc: 0.698 train_loss_sup: 1.071
[GPU2] epochs: [84/100] train_acc: 0.697 train_loss_sup: 1.069
[GPU2] epochs: [85/100] train_acc: 0.695 train_loss_sup: 1.074
[GPU2] epochs: [86/100] train_acc: 0.696 train_loss_sup: 1.064
[GPU2] epochs: [87/100] train_acc: 0.701 train_loss_sup: 1.052
[GPU2] epochs: [88/100] train_acc: 0.700 train_loss_sup: 1.059
[GPU2] epochs: [89/100] train_acc: 0.704 train_loss_sup: 1.043
[GPU2] epochs: [90/100] train_acc: 0.705 train_loss_sup: 1.037
[GPU2] Test Accuracy at epoch: 90: 0.634
[GPU2] epochs: [91/100] train_acc: 0.704 train_loss_sup: 1.046
[GPU2] epochs: [92/100] train_acc: 0.707 train_loss_sup: 1.035
[GPU2] epochs: [93/100] train_acc: 0.708 train_loss_sup: 1.025
[GPU2] epochs: [94/100] train_acc: 0.704 train_loss_sup: 1.037
[GPU2] epochs: [95/100] train_acc: 0.705 train_loss_sup: 1.032
[GPU2] epochs: [96/100] train_acc: 0.710 train_loss_sup: 1.017
[GPU2] epochs: [97/100] train_acc: 0.710 train_loss_sup: 1.013
[GPU2] epochs: [98/100] train_acc: 0.711 train_loss_sup: 1.023
[GPU2] epochs: [99/100] train_acc: 0.715 train_loss_sup: 1.007
[GPU2] epochs: [100/100] train_acc: 0.712 train_loss_sup: 1.004
[GPU2] Final Test Accuracy: 0.635
Model weights saved
