environment: 
YAML: configs/lema.c10.yaml
==> SEED: 42
==> num_classes: 10
==> data_name: cifar10
==> data_params: {'algo': 'lema', 'data_dir': 'datasets/cifar10', 'batch_size': 512, 'num_workers': 3, 'image_size': 32}
==> return_logs: False
==> eval_every: 10
==> n_epochs: 250
==> n_epochs_mlp: 100
==> gpu_id: 6
==> opt: SGD
==> opt_params: {'lr': 0.5, 'momentum': 0.9, 'nesterov': True}
==> schedular_params: {'T_max': 600, 'eta_min': 0.001}
==> mlp_opt: SGD
==> mlp_opt_params: {'lr': 0.01, 'momentum': 0.9, 'nesterov': True}
==> energy_model_params: {'eta': 0.01, 'steps': 5}
==> energy_opt: AdamW
==> energy_model_opt_params: {'lr': 0.001}
==> model_params: {'model_name': 'resnet18', 'pretrained': False, 'proj_dim': 128, 'algo_type': 'lema'}
==> mlp_type: hidden
==> loss: lema
==> loss_params: {'sim': 'cosine', 'tau': 0.5}
==> distributed: False
==> train_algo: lema
==> model_save_path: saved_models/lema.c10.r18.e250.pth
==> config: configs/lema.c10.yaml
--------------------------------------------------
===> using hiddin mlp
using optimizer: SGD
using optimizer: SGD
loss function: lema
Files already downloaded and verified
Files already downloaded and verified
Files already downloaded and verified
# of Training Images: 50000
# of Testing Images: 10000
using optimizer: AdamW
### LEMa Training begins
[GPU6] epochs: [1/250] train_loss_con: 6.396 energy_loss: -0.612
[GPU6] epochs: [2/250] train_loss_con: 6.153 energy_loss: -0.111
[GPU6] epochs: [3/250] train_loss_con: 6.069 energy_loss: -0.750
[GPU6] epochs: [4/250] train_loss_con: 6.001 energy_loss: -0.136
[GPU6] epochs: [5/250] train_loss_con: 5.943 energy_loss: -0.046
[GPU6] epochs: [6/250] train_loss_con: 5.901 energy_loss: -0.651
[GPU6] epochs: [7/250] train_loss_con: 5.868 energy_loss: -0.003
[GPU6] epochs: [8/250] train_loss_con: 5.843 energy_loss: -0.008
[GPU6] epochs: [9/250] train_loss_con: 5.822 energy_loss: -0.024
[GPU6] epochs: [10/250] train_loss_con: 5.803 energy_loss: -0.149
[GPU6] epochs: [11/250] train_loss_con: 5.789 energy_loss: -0.592
[GPU6] epochs: [12/250] train_loss_con: 5.775 energy_loss: -0.002
[GPU6] epochs: [13/250] train_loss_con: 5.767 energy_loss: -0.005
[GPU6] epochs: [14/250] train_loss_con: 5.755 energy_loss: -0.010
[GPU6] epochs: [15/250] train_loss_con: 5.750 energy_loss: -0.027
[GPU6] epochs: [16/250] train_loss_con: 5.739 energy_loss: -0.095
[GPU6] epochs: [17/250] train_loss_con: 5.734 energy_loss: -0.460
[GPU6] epochs: [18/250] train_loss_con: 5.724 energy_loss: -0.127
[GPU6] epochs: [19/250] train_loss_con: 5.720 energy_loss: -0.459
[GPU6] epochs: [20/250] train_loss_con: 5.717 energy_loss: -0.531
[GPU6] epochs: [21/250] train_loss_con: 5.710 energy_loss: -0.727
[GPU6] epochs: [22/250] train_loss_con: 5.706 energy_loss: -0.569
[GPU6] epochs: [23/250] train_loss_con: 5.702 energy_loss: -0.565
[GPU6] epochs: [24/250] train_loss_con: 5.699 energy_loss: -0.749
[GPU6] epochs: [25/250] train_loss_con: 5.694 energy_loss: -1.773
[GPU6] epochs: [26/250] train_loss_con: 5.692 energy_loss: -0.011
[GPU6] epochs: [27/250] train_loss_con: 5.687 energy_loss: -0.057
[GPU6] epochs: [28/250] train_loss_con: 5.687 energy_loss: -0.298
[GPU6] epochs: [29/250] train_loss_con: 5.680 energy_loss: -2.005
[GPU6] epochs: [30/250] train_loss_con: 5.679 energy_loss: -1.718
[GPU6] epochs: [31/250] train_loss_con: 5.678 energy_loss: -1.291
[GPU6] epochs: [32/250] train_loss_con: 5.671 energy_loss: -0.982
[GPU6] epochs: [33/250] train_loss_con: 5.670 energy_loss: -2.526
[GPU6] epochs: [34/250] train_loss_con: 5.665 energy_loss: -0.792
[GPU6] epochs: [35/250] train_loss_con: 5.665 energy_loss: -0.259
[GPU6] epochs: [36/250] train_loss_con: 5.664 energy_loss: -1.341
[GPU6] epochs: [37/250] train_loss_con: 5.660 energy_loss: -2.123
[GPU6] epochs: [38/250] train_loss_con: 5.659 energy_loss: -3.124
[GPU6] epochs: [39/250] train_loss_con: 5.657 energy_loss: 0.001
[GPU6] epochs: [40/250] train_loss_con: 5.656 energy_loss: -0.029
[GPU6] epochs: [41/250] train_loss_con: 5.652 energy_loss: -0.140
[GPU6] epochs: [42/250] train_loss_con: 5.652 energy_loss: -0.535
[GPU6] epochs: [43/250] train_loss_con: 5.650 energy_loss: -1.774
[GPU6] epochs: [44/250] train_loss_con: 5.646 energy_loss: -3.021
[GPU6] epochs: [45/250] train_loss_con: 5.647 energy_loss: -1.322
[GPU6] epochs: [46/250] train_loss_con: 5.644 energy_loss: -2.333
[GPU6] epochs: [47/250] train_loss_con: 5.641 energy_loss: -0.100
[GPU6] epochs: [48/250] train_loss_con: 5.642 energy_loss: -0.468
[GPU6] epochs: [49/250] train_loss_con: 5.636 energy_loss: -3.364
[GPU6] epochs: [50/250] train_loss_con: 5.637 energy_loss: -2.574
[GPU6] epochs: [51/250] train_loss_con: 5.636 energy_loss: -2.415
[GPU6] epochs: [52/250] train_loss_con: 5.635 energy_loss: -3.228
[GPU6] epochs: [53/250] train_loss_con: 5.631 energy_loss: -2.464
[GPU6] epochs: [54/250] train_loss_con: 5.632 energy_loss: -3.376
[GPU6] epochs: [55/250] train_loss_con: 5.630 energy_loss: -1.724
[GPU6] epochs: [56/250] train_loss_con: 5.630 energy_loss: -1.809
[GPU6] epochs: [57/250] train_loss_con: 5.626 energy_loss: -1.996
[GPU6] epochs: [58/250] train_loss_con: 5.629 energy_loss: -3.918
[GPU6] epochs: [59/250] train_loss_con: 5.624 energy_loss: -0.456
[GPU6] epochs: [60/250] train_loss_con: 5.623 energy_loss: -6.455
[GPU6] epochs: [61/250] train_loss_con: 5.622 energy_loss: -10.488
[GPU6] epochs: [62/250] train_loss_con: 5.624 energy_loss: -9.532
[GPU6] epochs: [63/250] train_loss_con: 5.622 energy_loss: -0.975
[GPU6] epochs: [64/250] train_loss_con: 5.619 energy_loss: -0.289
[GPU6] epochs: [65/250] train_loss_con: 5.617 energy_loss: -0.604
[GPU6] epochs: [66/250] train_loss_con: 5.618 energy_loss: -1.433
[GPU6] epochs: [67/250] train_loss_con: 5.610 energy_loss: -6.206
[GPU6] epochs: [68/250] train_loss_con: 5.617 energy_loss: -0.179
[GPU6] epochs: [69/250] train_loss_con: 5.612 energy_loss: -0.501
[GPU6] epochs: [70/250] train_loss_con: 5.615 energy_loss: -1.246
[GPU6] epochs: [71/250] train_loss_con: 5.613 energy_loss: -6.536
[GPU6] epochs: [72/250] train_loss_con: 5.610 energy_loss: -2.132
[GPU6] epochs: [73/250] train_loss_con: 5.610 energy_loss: -0.092
[GPU6] epochs: [74/250] train_loss_con: 5.609 energy_loss: -0.215
[GPU6] epochs: [75/250] train_loss_con: 5.607 energy_loss: -0.430
[GPU6] epochs: [76/250] train_loss_con: 5.604 energy_loss: -0.885
[GPU6] epochs: [77/250] train_loss_con: 5.605 energy_loss: -2.029
[GPU6] epochs: [78/250] train_loss_con: 5.606 energy_loss: -6.634
[GPU6] epochs: [79/250] train_loss_con: 5.602 energy_loss: -5.814
[GPU6] epochs: [80/250] train_loss_con: 5.602 energy_loss: -3.054
[GPU6] epochs: [81/250] train_loss_con: 5.599 energy_loss: -5.259
[GPU6] epochs: [82/250] train_loss_con: 5.601 energy_loss: -7.223
[GPU6] epochs: [83/250] train_loss_con: 5.600 energy_loss: -11.372
[GPU6] epochs: [84/250] train_loss_con: 5.600 energy_loss: -6.502
[GPU6] epochs: [85/250] train_loss_con: 5.598 energy_loss: -3.372
[GPU6] epochs: [86/250] train_loss_con: 5.596 energy_loss: -4.215
[GPU6] epochs: [87/250] train_loss_con: 5.597 energy_loss: -19.579
[GPU6] epochs: [88/250] train_loss_con: 5.596 energy_loss: -1.271
[GPU6] epochs: [89/250] train_loss_con: 5.596 energy_loss: -11.411
[GPU6] epochs: [90/250] train_loss_con: 5.596 energy_loss: -14.264
[GPU6] epochs: [91/250] train_loss_con: 5.590 energy_loss: -0.200
[GPU6] epochs: [92/250] train_loss_con: 5.593 energy_loss: -0.601
[GPU6] epochs: [93/250] train_loss_con: 5.590 energy_loss: -1.492
[GPU6] epochs: [94/250] train_loss_con: 5.590 energy_loss: -13.411
[GPU6] epochs: [95/250] train_loss_con: 5.594 energy_loss: -13.870
[GPU6] epochs: [96/250] train_loss_con: 5.589 energy_loss: -0.337
[GPU6] epochs: [97/250] train_loss_con: 5.591 energy_loss: -0.741
[GPU6] epochs: [98/250] train_loss_con: 5.586 energy_loss: -1.367
[GPU6] epochs: [99/250] train_loss_con: 5.590 energy_loss: -2.617
[GPU6] epochs: [100/250] train_loss_con: 5.590 energy_loss: -14.261
[GPU6] epochs: [101/250] train_loss_con: 5.587 energy_loss: -3.947
[GPU6] epochs: [102/250] train_loss_con: 5.585 energy_loss: -0.054
[GPU6] epochs: [103/250] train_loss_con: 5.587 energy_loss: -0.117
[GPU6] epochs: [104/250] train_loss_con: 5.584 energy_loss: -0.224
[GPU6] epochs: [105/250] train_loss_con: 5.583 energy_loss: -0.378
[GPU6] epochs: [106/250] train_loss_con: 5.582 energy_loss: -0.635
[GPU6] epochs: [107/250] train_loss_con: 5.581 energy_loss: -1.112
[GPU6] epochs: [108/250] train_loss_con: 5.580 energy_loss: -2.013
[GPU6] epochs: [109/250] train_loss_con: 5.580 energy_loss: -4.391
[GPU6] epochs: [110/250] train_loss_con: 5.578 energy_loss: -12.194
[GPU6] epochs: [111/250] train_loss_con: 5.581 energy_loss: -24.396
[GPU6] epochs: [112/250] train_loss_con: 5.579 energy_loss: -4.544
[GPU6] epochs: [113/250] train_loss_con: 5.574 energy_loss: -1.024
[GPU6] epochs: [114/250] train_loss_con: 5.575 energy_loss: -2.558
[GPU6] epochs: [115/250] train_loss_con: 5.576 energy_loss: -17.925
[GPU6] epochs: [116/250] train_loss_con: 5.576 energy_loss: -0.285
[GPU6] epochs: [117/250] train_loss_con: 5.574 energy_loss: -0.711
[GPU6] epochs: [118/250] train_loss_con: 5.580 energy_loss: -1.361
[GPU6] epochs: [119/250] train_loss_con: 5.572 energy_loss: -2.510
[GPU6] epochs: [120/250] train_loss_con: 5.575 energy_loss: -5.070
[GPU6] epochs: [121/250] train_loss_con: 5.574 energy_loss: -20.102
[GPU6] epochs: [122/250] train_loss_con: 5.574 energy_loss: -0.945
[GPU6] epochs: [123/250] train_loss_con: 5.570 energy_loss: -7.967
[GPU6] epochs: [124/250] train_loss_con: 5.571 energy_loss: -11.761
[GPU6] epochs: [125/250] train_loss_con: 5.571 energy_loss: -29.394
[GPU6] epochs: [126/250] train_loss_con: 5.570 energy_loss: -42.066
[GPU6] epochs: [127/250] train_loss_con: 5.569 energy_loss: -16.324
[GPU6] epochs: [128/250] train_loss_con: 5.569 energy_loss: -0.307
[GPU6] epochs: [129/250] train_loss_con: 5.570 energy_loss: -0.471
[GPU6] epochs: [130/250] train_loss_con: 5.566 energy_loss: -0.842
[GPU6] epochs: [131/250] train_loss_con: 5.564 energy_loss: -1.313
[GPU6] epochs: [132/250] train_loss_con: 5.569 energy_loss: -2.194
[GPU6] epochs: [133/250] train_loss_con: 5.563 energy_loss: -6.202
[GPU6] epochs: [134/250] train_loss_con: 5.565 energy_loss: -32.172
[GPU6] epochs: [135/250] train_loss_con: 5.564 energy_loss: -4.023
[GPU6] epochs: [136/250] train_loss_con: 5.564 energy_loss: -0.475
[GPU6] epochs: [137/250] train_loss_con: 5.563 energy_loss: -0.795
[GPU6] epochs: [138/250] train_loss_con: 5.561 energy_loss: -1.234
[GPU6] epochs: [139/250] train_loss_con: 5.564 energy_loss: -1.895
[GPU6] epochs: [140/250] train_loss_con: 5.561 energy_loss: -2.806
[GPU6] epochs: [141/250] train_loss_con: 5.564 energy_loss: -4.460
[GPU6] epochs: [142/250] train_loss_con: 5.560 energy_loss: -9.463
[GPU6] epochs: [143/250] train_loss_con: 5.563 energy_loss: -20.699
[GPU6] epochs: [144/250] train_loss_con: 5.560 energy_loss: -12.793
[GPU6] epochs: [145/250] train_loss_con: 5.559 energy_loss: -27.068
[GPU6] epochs: [146/250] train_loss_con: 5.557 energy_loss: -0.421
[GPU6] epochs: [147/250] train_loss_con: 5.561 energy_loss: -0.835
[GPU6] epochs: [148/250] train_loss_con: 5.558 energy_loss: -1.572
[GPU6] epochs: [149/250] train_loss_con: 5.557 energy_loss: -3.160
[GPU6] epochs: [150/250] train_loss_con: 5.557 energy_loss: -9.577
[GPU6] epochs: [151/250] train_loss_con: 5.558 energy_loss: -11.367
[GPU6] epochs: [152/250] train_loss_con: 5.555 energy_loss: -0.312
[GPU6] epochs: [153/250] train_loss_con: 5.559 energy_loss: -0.538
[GPU6] epochs: [154/250] train_loss_con: 5.554 energy_loss: -0.804
[GPU6] epochs: [155/250] train_loss_con: 5.557 energy_loss: -1.263
[GPU6] epochs: [156/250] train_loss_con: 5.554 energy_loss: -2.018
[GPU6] epochs: [157/250] train_loss_con: 5.554 energy_loss: -3.220
[GPU6] epochs: [158/250] train_loss_con: 5.556 energy_loss: -5.998
[GPU6] epochs: [159/250] train_loss_con: 5.553 energy_loss: -22.438
[GPU6] epochs: [160/250] train_loss_con: 5.553 energy_loss: -0.069
[GPU6] epochs: [161/250] train_loss_con: 5.553 energy_loss: -0.363
[GPU6] epochs: [162/250] train_loss_con: 5.552 energy_loss: -1.031
[GPU6] epochs: [163/250] train_loss_con: 5.552 energy_loss: -2.283
[GPU6] epochs: [164/250] train_loss_con: 5.552 energy_loss: -4.713
[GPU6] epochs: [165/250] train_loss_con: 5.554 energy_loss: -11.094
[GPU6] epochs: [166/250] train_loss_con: 5.551 energy_loss: -19.555
[GPU6] epochs: [167/250] train_loss_con: 5.550 energy_loss: -0.403
[GPU6] epochs: [168/250] train_loss_con: 5.548 energy_loss: -0.650
[GPU6] epochs: [169/250] train_loss_con: 5.549 energy_loss: -1.028
[GPU6] epochs: [170/250] train_loss_con: 5.547 energy_loss: -1.756
[GPU6] epochs: [171/250] train_loss_con: 5.547 energy_loss: -3.910
[GPU6] epochs: [172/250] train_loss_con: 5.551 energy_loss: -29.318
[GPU6] epochs: [173/250] train_loss_con: 5.547 energy_loss: -0.767
[GPU6] epochs: [174/250] train_loss_con: 5.550 energy_loss: -1.587
[GPU6] epochs: [175/250] train_loss_con: 5.546 energy_loss: -2.552
[GPU6] epochs: [176/250] train_loss_con: 5.543 energy_loss: -4.037
[GPU6] epochs: [177/250] train_loss_con: 5.545 energy_loss: -7.960
[GPU6] epochs: [178/250] train_loss_con: 5.545 energy_loss: -26.772
[GPU6] epochs: [179/250] train_loss_con: 5.547 energy_loss: -4.430
[GPU6] epochs: [180/250] train_loss_con: 5.545 energy_loss: -21.582
[GPU6] epochs: [181/250] train_loss_con: 5.543 energy_loss: -50.507
[GPU6] epochs: [182/250] train_loss_con: 5.547 energy_loss: -2.240
[GPU6] epochs: [183/250] train_loss_con: 5.543 energy_loss: -29.041
[GPU6] epochs: [184/250] train_loss_con: 5.542 energy_loss: -20.164
[GPU6] epochs: [185/250] train_loss_con: 5.540 energy_loss: -29.621
[GPU6] epochs: [186/250] train_loss_con: 5.542 energy_loss: -52.910
[GPU6] epochs: [187/250] train_loss_con: 5.539 energy_loss: -31.444
[GPU6] epochs: [188/250] train_loss_con: 5.542 energy_loss: -29.095
[GPU6] epochs: [189/250] train_loss_con: 5.541 energy_loss: -5.468
[GPU6] epochs: [190/250] train_loss_con: 5.540 energy_loss: -48.554
[GPU6] epochs: [191/250] train_loss_con: 5.542 energy_loss: -30.199
[GPU6] epochs: [192/250] train_loss_con: 5.538 energy_loss: -21.392
[GPU6] epochs: [193/250] train_loss_con: 5.538 energy_loss: -64.269
[GPU6] epochs: [194/250] train_loss_con: 5.539 energy_loss: -62.444
[GPU6] epochs: [195/250] train_loss_con: 5.536 energy_loss: -3.814
[GPU6] epochs: [196/250] train_loss_con: 5.538 energy_loss: -7.156
[GPU6] epochs: [197/250] train_loss_con: 5.540 energy_loss: -18.090
[GPU6] epochs: [198/250] train_loss_con: 5.539 energy_loss: -46.689
[GPU6] epochs: [199/250] train_loss_con: 5.535 energy_loss: -1.720
[GPU6] epochs: [200/250] train_loss_con: 5.538 energy_loss: -3.476
[GPU6] epochs: [201/250] train_loss_con: 5.535 energy_loss: -8.611
[GPU6] epochs: [202/250] train_loss_con: 5.537 energy_loss: -52.215
[GPU6] epochs: [203/250] train_loss_con: 5.539 energy_loss: -49.202
[GPU6] epochs: [204/250] train_loss_con: 5.536 energy_loss: -14.676
[GPU6] epochs: [205/250] train_loss_con: 5.534 energy_loss: -92.188
[GPU6] epochs: [206/250] train_loss_con: 5.533 energy_loss: -448.687
[GPU6] epochs: [207/250] train_loss_con: 5.536 energy_loss: -787.155
[GPU6] epochs: [208/250] train_loss_con: 5.533 energy_loss: -856.823
[GPU6] epochs: [209/250] train_loss_con: 5.534 energy_loss: -891.255
[GPU6] epochs: [210/250] train_loss_con: 5.532 energy_loss: -919.350
[GPU6] epochs: [211/250] train_loss_con: 5.534 energy_loss: -943.467
[GPU6] epochs: [212/250] train_loss_con: 5.533 energy_loss: -964.809
[GPU6] epochs: [213/250] train_loss_con: 5.532 energy_loss: -984.312
[GPU6] epochs: [214/250] train_loss_con: 5.532 energy_loss: -1002.605
[GPU6] epochs: [215/250] train_loss_con: 5.533 energy_loss: -1019.985
[GPU6] epochs: [216/250] train_loss_con: 5.533 energy_loss: -1036.622
[GPU6] epochs: [217/250] train_loss_con: 5.533 energy_loss: -1052.958
[GPU6] epochs: [218/250] train_loss_con: 5.533 energy_loss: -1068.898
[GPU6] epochs: [219/250] train_loss_con: 5.535 energy_loss: -1084.525
[GPU6] epochs: [220/250] train_loss_con: 5.532 energy_loss: -903.383
[GPU6] epochs: [221/250] train_loss_con: 5.529 energy_loss: -953.797
[GPU6] epochs: [222/250] train_loss_con: 5.528 energy_loss: -1094.842
[GPU6] epochs: [223/250] train_loss_con: 5.529 energy_loss: -1115.095
[GPU6] epochs: [224/250] train_loss_con: 5.531 energy_loss: -1132.083
[GPU6] epochs: [225/250] train_loss_con: 5.529 energy_loss: -1148.226
[GPU6] epochs: [226/250] train_loss_con: 5.530 energy_loss: -1162.855
[GPU6] epochs: [227/250] train_loss_con: 5.526 energy_loss: -1177.256
[GPU6] epochs: [228/250] train_loss_con: 5.530 energy_loss: -1190.977
[GPU6] epochs: [229/250] train_loss_con: 5.527 energy_loss: -1203.900
[GPU6] epochs: [230/250] train_loss_con: 5.526 energy_loss: -1216.320
[GPU6] epochs: [231/250] train_loss_con: 5.528 energy_loss: -1228.240
[GPU6] epochs: [232/250] train_loss_con: 5.527 energy_loss: -1239.938
[GPU6] epochs: [233/250] train_loss_con: 5.524 energy_loss: -1251.480
[GPU6] epochs: [234/250] train_loss_con: 5.528 energy_loss: -1262.592
[GPU6] epochs: [235/250] train_loss_con: 5.526 energy_loss: -1274.127
[GPU6] epochs: [236/250] train_loss_con: 5.525 energy_loss: -1285.256
[GPU6] epochs: [237/250] train_loss_con: 5.524 energy_loss: -1296.323
[GPU6] epochs: [238/250] train_loss_con: 5.524 energy_loss: -1307.306
[GPU6] epochs: [239/250] train_loss_con: 5.526 energy_loss: -1317.514
[GPU6] epochs: [240/250] train_loss_con: 5.522 energy_loss: -1328.976
[GPU6] epochs: [241/250] train_loss_con: 5.524 energy_loss: -1340.179
[GPU6] epochs: [242/250] train_loss_con: 5.521 energy_loss: -1351.259
[GPU6] epochs: [243/250] train_loss_con: 5.526 energy_loss: -1360.521
[GPU6] epochs: [244/250] train_loss_con: 5.522 energy_loss: -1373.077
[GPU6] epochs: [245/250] train_loss_con: 5.522 energy_loss: -1383.617
[GPU6] epochs: [246/250] train_loss_con: 5.522 energy_loss: -1395.339
[GPU6] epochs: [247/250] train_loss_con: 5.521 energy_loss: -1399.822
[GPU6] epochs: [248/250] train_loss_con: 5.523 energy_loss: -308.839
[GPU6] epochs: [249/250] train_loss_con: 5.521 energy_loss: -23.908
[GPU6] epochs: [250/250] train_loss_con: 5.520 energy_loss: -156.439
### TSNE starts
### MLP training begins
[GPU6] Test Accuracy at epoch: 0: 0.815
[GPU6] epochs: [1/100] train_acc: 0.733 train_loss_sup: 0.933
[GPU6] epochs: [2/100] train_acc: 0.799 train_loss_sup: 0.573
[GPU6] epochs: [3/100] train_acc: 0.805 train_loss_sup: 0.556
[GPU6] epochs: [4/100] train_acc: 0.809 train_loss_sup: 0.545
[GPU6] epochs: [5/100] train_acc: 0.811 train_loss_sup: 0.542
[GPU6] epochs: [6/100] train_acc: 0.812 train_loss_sup: 0.540
[GPU6] epochs: [7/100] train_acc: 0.813 train_loss_sup: 0.534
[GPU6] epochs: [8/100] train_acc: 0.814 train_loss_sup: 0.534
[GPU6] epochs: [9/100] train_acc: 0.814 train_loss_sup: 0.528
[GPU6] epochs: [10/100] train_acc: 0.816 train_loss_sup: 0.527
[GPU6] Test Accuracy at epoch: 10: 0.838
[GPU6] epochs: [11/100] train_acc: 0.818 train_loss_sup: 0.520
[GPU6] epochs: [12/100] train_acc: 0.818 train_loss_sup: 0.519
[GPU6] epochs: [13/100] train_acc: 0.820 train_loss_sup: 0.519
[GPU6] epochs: [14/100] train_acc: 0.820 train_loss_sup: 0.517
[GPU6] epochs: [15/100] train_acc: 0.819 train_loss_sup: 0.517
[GPU6] epochs: [16/100] train_acc: 0.820 train_loss_sup: 0.515
[GPU6] epochs: [17/100] train_acc: 0.821 train_loss_sup: 0.514
[GPU6] epochs: [18/100] train_acc: 0.822 train_loss_sup: 0.512
[GPU6] epochs: [19/100] train_acc: 0.823 train_loss_sup: 0.505
[GPU6] epochs: [20/100] train_acc: 0.822 train_loss_sup: 0.510
[GPU6] Test Accuracy at epoch: 20: 0.852
[GPU6] epochs: [21/100] train_acc: 0.825 train_loss_sup: 0.502
[GPU6] epochs: [22/100] train_acc: 0.825 train_loss_sup: 0.502
[GPU6] epochs: [23/100] train_acc: 0.823 train_loss_sup: 0.503
[GPU6] epochs: [24/100] train_acc: 0.824 train_loss_sup: 0.504
[GPU6] epochs: [25/100] train_acc: 0.824 train_loss_sup: 0.499
[GPU6] epochs: [26/100] train_acc: 0.828 train_loss_sup: 0.496
[GPU6] epochs: [27/100] train_acc: 0.825 train_loss_sup: 0.499
[GPU6] epochs: [28/100] train_acc: 0.824 train_loss_sup: 0.500
[GPU6] epochs: [29/100] train_acc: 0.827 train_loss_sup: 0.493
[GPU6] epochs: [30/100] train_acc: 0.828 train_loss_sup: 0.497
[GPU6] Test Accuracy at epoch: 30: 0.852
[GPU6] epochs: [31/100] train_acc: 0.826 train_loss_sup: 0.498
[GPU6] epochs: [32/100] train_acc: 0.829 train_loss_sup: 0.492
[GPU6] epochs: [33/100] train_acc: 0.829 train_loss_sup: 0.488
[GPU6] epochs: [34/100] train_acc: 0.827 train_loss_sup: 0.492
[GPU6] epochs: [35/100] train_acc: 0.827 train_loss_sup: 0.495
[GPU6] epochs: [36/100] train_acc: 0.826 train_loss_sup: 0.490
[GPU6] epochs: [37/100] train_acc: 0.828 train_loss_sup: 0.491
[GPU6] epochs: [38/100] train_acc: 0.829 train_loss_sup: 0.489
[GPU6] epochs: [39/100] train_acc: 0.830 train_loss_sup: 0.487
[GPU6] epochs: [40/100] train_acc: 0.832 train_loss_sup: 0.480
[GPU6] Test Accuracy at epoch: 40: 0.853
[GPU6] epochs: [41/100] train_acc: 0.828 train_loss_sup: 0.485
[GPU6] epochs: [42/100] train_acc: 0.832 train_loss_sup: 0.482
[GPU6] epochs: [43/100] train_acc: 0.831 train_loss_sup: 0.485
[GPU6] epochs: [44/100] train_acc: 0.831 train_loss_sup: 0.484
[GPU6] epochs: [45/100] train_acc: 0.829 train_loss_sup: 0.485
[GPU6] epochs: [46/100] train_acc: 0.828 train_loss_sup: 0.490
[GPU6] epochs: [47/100] train_acc: 0.832 train_loss_sup: 0.480
[GPU6] epochs: [48/100] train_acc: 0.832 train_loss_sup: 0.480
[GPU6] epochs: [49/100] train_acc: 0.831 train_loss_sup: 0.481
[GPU6] epochs: [50/100] train_acc: 0.833 train_loss_sup: 0.473
[GPU6] Test Accuracy at epoch: 50: 0.857
[GPU6] epochs: [51/100] train_acc: 0.832 train_loss_sup: 0.477
[GPU6] epochs: [52/100] train_acc: 0.832 train_loss_sup: 0.477
[GPU6] epochs: [53/100] train_acc: 0.833 train_loss_sup: 0.471
[GPU6] epochs: [54/100] train_acc: 0.833 train_loss_sup: 0.472
[GPU6] epochs: [55/100] train_acc: 0.834 train_loss_sup: 0.472
[GPU6] epochs: [56/100] train_acc: 0.831 train_loss_sup: 0.480
[GPU6] epochs: [57/100] train_acc: 0.835 train_loss_sup: 0.471
[GPU6] epochs: [58/100] train_acc: 0.836 train_loss_sup: 0.468
[GPU6] epochs: [59/100] train_acc: 0.835 train_loss_sup: 0.471
[GPU6] epochs: [60/100] train_acc: 0.833 train_loss_sup: 0.471
[GPU6] Test Accuracy at epoch: 60: 0.86
[GPU6] epochs: [61/100] train_acc: 0.837 train_loss_sup: 0.469
[GPU6] epochs: [62/100] train_acc: 0.834 train_loss_sup: 0.469
[GPU6] epochs: [63/100] train_acc: 0.832 train_loss_sup: 0.472
[GPU6] epochs: [64/100] train_acc: 0.835 train_loss_sup: 0.468
[GPU6] epochs: [65/100] train_acc: 0.837 train_loss_sup: 0.464
[GPU6] epochs: [66/100] train_acc: 0.835 train_loss_sup: 0.463
[GPU6] epochs: [67/100] train_acc: 0.836 train_loss_sup: 0.464
[GPU6] epochs: [68/100] train_acc: 0.835 train_loss_sup: 0.465
[GPU6] epochs: [69/100] train_acc: 0.838 train_loss_sup: 0.465
[GPU6] epochs: [70/100] train_acc: 0.837 train_loss_sup: 0.468
[GPU6] Test Accuracy at epoch: 70: 0.864
[GPU6] epochs: [71/100] train_acc: 0.837 train_loss_sup: 0.463
[GPU6] epochs: [72/100] train_acc: 0.837 train_loss_sup: 0.462
[GPU6] epochs: [73/100] train_acc: 0.837 train_loss_sup: 0.463
[GPU6] epochs: [74/100] train_acc: 0.841 train_loss_sup: 0.457
[GPU6] epochs: [75/100] train_acc: 0.836 train_loss_sup: 0.463
[GPU6] epochs: [76/100] train_acc: 0.839 train_loss_sup: 0.457
[GPU6] epochs: [77/100] train_acc: 0.838 train_loss_sup: 0.459
[GPU6] epochs: [78/100] train_acc: 0.838 train_loss_sup: 0.457
[GPU6] epochs: [79/100] train_acc: 0.840 train_loss_sup: 0.457
[GPU6] epochs: [80/100] train_acc: 0.839 train_loss_sup: 0.454
[GPU6] Test Accuracy at epoch: 80: 0.862
[GPU6] epochs: [81/100] train_acc: 0.839 train_loss_sup: 0.457
[GPU6] epochs: [82/100] train_acc: 0.839 train_loss_sup: 0.458
[GPU6] epochs: [83/100] train_acc: 0.840 train_loss_sup: 0.451
[GPU6] epochs: [84/100] train_acc: 0.841 train_loss_sup: 0.452
[GPU6] epochs: [85/100] train_acc: 0.839 train_loss_sup: 0.452
[GPU6] epochs: [86/100] train_acc: 0.841 train_loss_sup: 0.453
[GPU6] epochs: [87/100] train_acc: 0.837 train_loss_sup: 0.461
[GPU6] epochs: [88/100] train_acc: 0.840 train_loss_sup: 0.452
[GPU6] epochs: [89/100] train_acc: 0.840 train_loss_sup: 0.457
[GPU6] epochs: [90/100] train_acc: 0.840 train_loss_sup: 0.454
[GPU6] Test Accuracy at epoch: 90: 0.86
[GPU6] epochs: [91/100] train_acc: 0.841 train_loss_sup: 0.449
[GPU6] epochs: [92/100] train_acc: 0.840 train_loss_sup: 0.452
[GPU6] epochs: [93/100] train_acc: 0.840 train_loss_sup: 0.452
[GPU6] epochs: [94/100] train_acc: 0.841 train_loss_sup: 0.453
[GPU6] epochs: [95/100] train_acc: 0.842 train_loss_sup: 0.443
[GPU6] epochs: [96/100] train_acc: 0.841 train_loss_sup: 0.446
[GPU6] epochs: [97/100] train_acc: 0.843 train_loss_sup: 0.447
[GPU6] epochs: [98/100] train_acc: 0.840 train_loss_sup: 0.453
[GPU6] epochs: [99/100] train_acc: 0.844 train_loss_sup: 0.442
[GPU6] epochs: [100/100] train_acc: 0.844 train_loss_sup: 0.444
[GPU6] Final Test Accuracy: 0.865
Model weights saved
