environment: 
YAML: configs/lema.c10.yaml
==> SEED: 42
==> num_classes: 10
==> data_name: cifar10
==> data_params: {'algo': 'lema', 'data_dir': 'datasets/cifar10', 'batch_size': 512, 'num_workers': 3, 'image_size': 32}
==> return_logs: False
==> eval_every: 10
==> n_epochs: 350
==> n_epochs_mlp: 100
==> gpu_id: 6
==> opt: SGD
==> opt_params: {'lr': 0.5, 'momentum': 0.9, 'nesterov': True}
==> schedular_params: {'T_max': 600, 'eta_min': 0.001}
==> mlp_opt: SGD
==> mlp_opt_params: {'lr': 0.01, 'momentum': 0.9, 'nesterov': True}
==> energy_model_params: {'eta': 0.01, 'steps': 5}
==> energy_opt: AdamW
==> energy_model_opt_params: {'lr': 0.001}
==> model_params: {'model_name': 'resnet18', 'pretrained': False, 'proj_dim': 128, 'algo_type': 'lema'}
==> mlp_type: hidden
==> loss: lema
==> loss_params: {'sim': 'cosine', 'tau': 0.5}
==> distributed: False
==> train_algo: lema
==> model_save_path: saved_models/lema.c10.r18.v2.pth
==> config: configs/lema.c10.yaml
--------------------------------------------------
===> using hiddin mlp
using optimizer: SGD
using optimizer: SGD
loss function: lema
Files already downloaded and verified
Files already downloaded and verified
Files already downloaded and verified
# of Training Images: 50000
# of Testing Images: 10000
using optimizer: AdamW
### LEMa Training begins
[GPU6] epochs: [1/350] train_loss_con: 6.396 energy_loss: -0.612
[GPU6] epochs: [2/350] train_loss_con: 6.153 energy_loss: -0.111
[GPU6] epochs: [3/350] train_loss_con: 6.069 energy_loss: -0.750
[GPU6] epochs: [4/350] train_loss_con: 6.001 energy_loss: -0.136
[GPU6] epochs: [5/350] train_loss_con: 5.943 energy_loss: -0.046
[GPU6] epochs: [6/350] train_loss_con: 5.901 energy_loss: -0.651
[GPU6] epochs: [7/350] train_loss_con: 5.868 energy_loss: -0.003
[GPU6] epochs: [8/350] train_loss_con: 5.843 energy_loss: -0.008
[GPU6] epochs: [9/350] train_loss_con: 5.822 energy_loss: -0.024
[GPU6] epochs: [10/350] train_loss_con: 5.803 energy_loss: -0.149
[GPU6] epochs: [11/350] train_loss_con: 5.789 energy_loss: -0.592
[GPU6] epochs: [12/350] train_loss_con: 5.775 energy_loss: -0.002
[GPU6] epochs: [13/350] train_loss_con: 5.767 energy_loss: -0.005
[GPU6] epochs: [14/350] train_loss_con: 5.755 energy_loss: -0.010
[GPU6] epochs: [15/350] train_loss_con: 5.750 energy_loss: -0.027
[GPU6] epochs: [16/350] train_loss_con: 5.739 energy_loss: -0.095
[GPU6] epochs: [17/350] train_loss_con: 5.734 energy_loss: -0.460
[GPU6] epochs: [18/350] train_loss_con: 5.724 energy_loss: -0.127
[GPU6] epochs: [19/350] train_loss_con: 5.720 energy_loss: -0.459
[GPU6] epochs: [20/350] train_loss_con: 5.717 energy_loss: -0.531
[GPU6] epochs: [21/350] train_loss_con: 5.710 energy_loss: -0.727
[GPU6] epochs: [22/350] train_loss_con: 5.706 energy_loss: -0.569
[GPU6] epochs: [23/350] train_loss_con: 5.702 energy_loss: -0.565
[GPU6] epochs: [24/350] train_loss_con: 5.699 energy_loss: -0.749
[GPU6] epochs: [25/350] train_loss_con: 5.694 energy_loss: -1.773
[GPU6] epochs: [26/350] train_loss_con: 5.692 energy_loss: -0.011
[GPU6] epochs: [27/350] train_loss_con: 5.687 energy_loss: -0.057
[GPU6] epochs: [28/350] train_loss_con: 5.687 energy_loss: -0.298
[GPU6] epochs: [29/350] train_loss_con: 5.680 energy_loss: -2.005
[GPU6] epochs: [30/350] train_loss_con: 5.679 energy_loss: -1.718
[GPU6] epochs: [31/350] train_loss_con: 5.678 energy_loss: -1.291
[GPU6] epochs: [32/350] train_loss_con: 5.671 energy_loss: -0.982
[GPU6] epochs: [33/350] train_loss_con: 5.670 energy_loss: -2.526
[GPU6] epochs: [34/350] train_loss_con: 5.665 energy_loss: -0.792
[GPU6] epochs: [35/350] train_loss_con: 5.665 energy_loss: -0.259
[GPU6] epochs: [36/350] train_loss_con: 5.664 energy_loss: -1.341
[GPU6] epochs: [37/350] train_loss_con: 5.660 energy_loss: -2.123
[GPU6] epochs: [38/350] train_loss_con: 5.659 energy_loss: -3.124
[GPU6] epochs: [39/350] train_loss_con: 5.657 energy_loss: 0.001
[GPU6] epochs: [40/350] train_loss_con: 5.656 energy_loss: -0.029
[GPU6] epochs: [41/350] train_loss_con: 5.652 energy_loss: -0.140
[GPU6] epochs: [42/350] train_loss_con: 5.652 energy_loss: -0.535
[GPU6] epochs: [43/350] train_loss_con: 5.650 energy_loss: -1.774
[GPU6] epochs: [44/350] train_loss_con: 5.646 energy_loss: -3.021
[GPU6] epochs: [45/350] train_loss_con: 5.647 energy_loss: -1.322
[GPU6] epochs: [46/350] train_loss_con: 5.644 energy_loss: -2.333
[GPU6] epochs: [47/350] train_loss_con: 5.641 energy_loss: -0.100
[GPU6] epochs: [48/350] train_loss_con: 5.642 energy_loss: -0.468
[GPU6] epochs: [49/350] train_loss_con: 5.636 energy_loss: -3.364
[GPU6] epochs: [50/350] train_loss_con: 5.637 energy_loss: -2.574
[GPU6] epochs: [51/350] train_loss_con: 5.636 energy_loss: -2.415
[GPU6] epochs: [52/350] train_loss_con: 5.635 energy_loss: -3.228
[GPU6] epochs: [53/350] train_loss_con: 5.631 energy_loss: -2.464
[GPU6] epochs: [54/350] train_loss_con: 5.632 energy_loss: -3.376
[GPU6] epochs: [55/350] train_loss_con: 5.630 energy_loss: -1.724
[GPU6] epochs: [56/350] train_loss_con: 5.630 energy_loss: -1.809
[GPU6] epochs: [57/350] train_loss_con: 5.626 energy_loss: -1.996
[GPU6] epochs: [58/350] train_loss_con: 5.629 energy_loss: -3.918
[GPU6] epochs: [59/350] train_loss_con: 5.624 energy_loss: -0.456
[GPU6] epochs: [60/350] train_loss_con: 5.623 energy_loss: -6.455
[GPU6] epochs: [61/350] train_loss_con: 5.622 energy_loss: -10.488
[GPU6] epochs: [62/350] train_loss_con: 5.624 energy_loss: -9.532
[GPU6] epochs: [63/350] train_loss_con: 5.622 energy_loss: -0.975
[GPU6] epochs: [64/350] train_loss_con: 5.619 energy_loss: -0.289
[GPU6] epochs: [65/350] train_loss_con: 5.617 energy_loss: -0.604
[GPU6] epochs: [66/350] train_loss_con: 5.618 energy_loss: -1.433
[GPU6] epochs: [67/350] train_loss_con: 5.610 energy_loss: -6.206
[GPU6] epochs: [68/350] train_loss_con: 5.617 energy_loss: -0.179
[GPU6] epochs: [69/350] train_loss_con: 5.612 energy_loss: -0.501
[GPU6] epochs: [70/350] train_loss_con: 5.615 energy_loss: -1.246
[GPU6] epochs: [71/350] train_loss_con: 5.613 energy_loss: -6.536
[GPU6] epochs: [72/350] train_loss_con: 5.610 energy_loss: -2.132
[GPU6] epochs: [73/350] train_loss_con: 5.610 energy_loss: -0.092
[GPU6] epochs: [74/350] train_loss_con: 5.609 energy_loss: -0.215
[GPU6] epochs: [75/350] train_loss_con: 5.607 energy_loss: -0.430
[GPU6] epochs: [76/350] train_loss_con: 5.604 energy_loss: -0.885
[GPU6] epochs: [77/350] train_loss_con: 5.605 energy_loss: -2.029
[GPU6] epochs: [78/350] train_loss_con: 5.606 energy_loss: -6.634
[GPU6] epochs: [79/350] train_loss_con: 5.602 energy_loss: -5.814
[GPU6] epochs: [80/350] train_loss_con: 5.602 energy_loss: -3.054
[GPU6] epochs: [81/350] train_loss_con: 5.599 energy_loss: -5.259
[GPU6] epochs: [82/350] train_loss_con: 5.601 energy_loss: -7.223
[GPU6] epochs: [83/350] train_loss_con: 5.600 energy_loss: -11.372
[GPU6] epochs: [84/350] train_loss_con: 5.600 energy_loss: -6.502
[GPU6] epochs: [85/350] train_loss_con: 5.598 energy_loss: -3.372
[GPU6] epochs: [86/350] train_loss_con: 5.596 energy_loss: -4.215
[GPU6] epochs: [87/350] train_loss_con: 5.597 energy_loss: -19.579
[GPU6] epochs: [88/350] train_loss_con: 5.596 energy_loss: -1.271
[GPU6] epochs: [89/350] train_loss_con: 5.596 energy_loss: -11.411
[GPU6] epochs: [90/350] train_loss_con: 5.596 energy_loss: -14.264
[GPU6] epochs: [91/350] train_loss_con: 5.590 energy_loss: -0.200
[GPU6] epochs: [92/350] train_loss_con: 5.593 energy_loss: -0.601
[GPU6] epochs: [93/350] train_loss_con: 5.590 energy_loss: -1.492
[GPU6] epochs: [94/350] train_loss_con: 5.590 energy_loss: -13.411
[GPU6] epochs: [95/350] train_loss_con: 5.594 energy_loss: -13.870
[GPU6] epochs: [96/350] train_loss_con: 5.589 energy_loss: -0.337
[GPU6] epochs: [97/350] train_loss_con: 5.591 energy_loss: -0.741
[GPU6] epochs: [98/350] train_loss_con: 5.586 energy_loss: -1.367
[GPU6] epochs: [99/350] train_loss_con: 5.590 energy_loss: -2.617
[GPU6] epochs: [100/350] train_loss_con: 5.590 energy_loss: -14.261
[GPU6] epochs: [101/350] train_loss_con: 5.587 energy_loss: -3.947
[GPU6] epochs: [102/350] train_loss_con: 5.585 energy_loss: -0.054
[GPU6] epochs: [103/350] train_loss_con: 5.587 energy_loss: -0.117
[GPU6] epochs: [104/350] train_loss_con: 5.584 energy_loss: -0.224
[GPU6] epochs: [105/350] train_loss_con: 5.583 energy_loss: -0.378
[GPU6] epochs: [106/350] train_loss_con: 5.582 energy_loss: -0.635
[GPU6] epochs: [107/350] train_loss_con: 5.581 energy_loss: -1.112
[GPU6] epochs: [108/350] train_loss_con: 5.580 energy_loss: -2.013
[GPU6] epochs: [109/350] train_loss_con: 5.580 energy_loss: -4.391
[GPU6] epochs: [110/350] train_loss_con: 5.578 energy_loss: -12.194
[GPU6] epochs: [111/350] train_loss_con: 5.581 energy_loss: -24.396
[GPU6] epochs: [112/350] train_loss_con: 5.579 energy_loss: -4.544
[GPU6] epochs: [113/350] train_loss_con: 5.574 energy_loss: -1.024
[GPU6] epochs: [114/350] train_loss_con: 5.575 energy_loss: -2.558
[GPU6] epochs: [115/350] train_loss_con: 5.576 energy_loss: -17.925
[GPU6] epochs: [116/350] train_loss_con: 5.576 energy_loss: -0.285
[GPU6] epochs: [117/350] train_loss_con: 5.574 energy_loss: -0.711
[GPU6] epochs: [118/350] train_loss_con: 5.580 energy_loss: -1.361
[GPU6] epochs: [119/350] train_loss_con: 5.572 energy_loss: -2.510
[GPU6] epochs: [120/350] train_loss_con: 5.575 energy_loss: -5.070
[GPU6] epochs: [121/350] train_loss_con: 5.574 energy_loss: -20.102
[GPU6] epochs: [122/350] train_loss_con: 5.574 energy_loss: -0.945
[GPU6] epochs: [123/350] train_loss_con: 5.570 energy_loss: -7.967
[GPU6] epochs: [124/350] train_loss_con: 5.571 energy_loss: -11.761
[GPU6] epochs: [125/350] train_loss_con: 5.571 energy_loss: -29.394
[GPU6] epochs: [126/350] train_loss_con: 5.570 energy_loss: -42.066
[GPU6] epochs: [127/350] train_loss_con: 5.569 energy_loss: -16.324
[GPU6] epochs: [128/350] train_loss_con: 5.569 energy_loss: -0.307
[GPU6] epochs: [129/350] train_loss_con: 5.570 energy_loss: -0.471
[GPU6] epochs: [130/350] train_loss_con: 5.566 energy_loss: -0.842
[GPU6] epochs: [131/350] train_loss_con: 5.564 energy_loss: -1.313
[GPU6] epochs: [132/350] train_loss_con: 5.569 energy_loss: -2.194
[GPU6] epochs: [133/350] train_loss_con: 5.563 energy_loss: -6.202
[GPU6] epochs: [134/350] train_loss_con: 5.565 energy_loss: -32.172
[GPU6] epochs: [135/350] train_loss_con: 5.564 energy_loss: -4.023
[GPU6] epochs: [136/350] train_loss_con: 5.564 energy_loss: -0.475
[GPU6] epochs: [137/350] train_loss_con: 5.563 energy_loss: -0.795
[GPU6] epochs: [138/350] train_loss_con: 5.561 energy_loss: -1.234
[GPU6] epochs: [139/350] train_loss_con: 5.564 energy_loss: -1.895
[GPU6] epochs: [140/350] train_loss_con: 5.561 energy_loss: -2.806
[GPU6] epochs: [141/350] train_loss_con: 5.564 energy_loss: -4.460
[GPU6] epochs: [142/350] train_loss_con: 5.560 energy_loss: -9.463
[GPU6] epochs: [143/350] train_loss_con: 5.563 energy_loss: -20.699
[GPU6] epochs: [144/350] train_loss_con: 5.560 energy_loss: -12.793
[GPU6] epochs: [145/350] train_loss_con: 5.559 energy_loss: -27.068
[GPU6] epochs: [146/350] train_loss_con: 5.557 energy_loss: -0.421
[GPU6] epochs: [147/350] train_loss_con: 5.561 energy_loss: -0.835
[GPU6] epochs: [148/350] train_loss_con: 5.558 energy_loss: -1.572
[GPU6] epochs: [149/350] train_loss_con: 5.557 energy_loss: -3.160
[GPU6] epochs: [150/350] train_loss_con: 5.557 energy_loss: -9.577
[GPU6] epochs: [151/350] train_loss_con: 5.558 energy_loss: -11.367
[GPU6] epochs: [152/350] train_loss_con: 5.555 energy_loss: -0.312
[GPU6] epochs: [153/350] train_loss_con: 5.559 energy_loss: -0.538
[GPU6] epochs: [154/350] train_loss_con: 5.554 energy_loss: -0.804
[GPU6] epochs: [155/350] train_loss_con: 5.557 energy_loss: -1.263
[GPU6] epochs: [156/350] train_loss_con: 5.554 energy_loss: -2.018
[GPU6] epochs: [157/350] train_loss_con: 5.554 energy_loss: -3.220
[GPU6] epochs: [158/350] train_loss_con: 5.556 energy_loss: -5.998
[GPU6] epochs: [159/350] train_loss_con: 5.553 energy_loss: -22.438
[GPU6] epochs: [160/350] train_loss_con: 5.553 energy_loss: -0.069
[GPU6] epochs: [161/350] train_loss_con: 5.553 energy_loss: -0.363
[GPU6] epochs: [162/350] train_loss_con: 5.552 energy_loss: -1.031
[GPU6] epochs: [163/350] train_loss_con: 5.552 energy_loss: -2.283
[GPU6] epochs: [164/350] train_loss_con: 5.552 energy_loss: -4.713
[GPU6] epochs: [165/350] train_loss_con: 5.554 energy_loss: -11.094
[GPU6] epochs: [166/350] train_loss_con: 5.551 energy_loss: -19.555
[GPU6] epochs: [167/350] train_loss_con: 5.550 energy_loss: -0.403
[GPU6] epochs: [168/350] train_loss_con: 5.548 energy_loss: -0.650
[GPU6] epochs: [169/350] train_loss_con: 5.549 energy_loss: -1.028
[GPU6] epochs: [170/350] train_loss_con: 5.547 energy_loss: -1.756
[GPU6] epochs: [171/350] train_loss_con: 5.547 energy_loss: -3.910
[GPU6] epochs: [172/350] train_loss_con: 5.551 energy_loss: -29.318
[GPU6] epochs: [173/350] train_loss_con: 5.547 energy_loss: -0.767
[GPU6] epochs: [174/350] train_loss_con: 5.550 energy_loss: -1.587
[GPU6] epochs: [175/350] train_loss_con: 5.546 energy_loss: -2.552
[GPU6] epochs: [176/350] train_loss_con: 5.543 energy_loss: -4.037
[GPU6] epochs: [177/350] train_loss_con: 5.545 energy_loss: -7.960
[GPU6] epochs: [178/350] train_loss_con: 5.545 energy_loss: -26.772
[GPU6] epochs: [179/350] train_loss_con: 5.547 energy_loss: -4.430
[GPU6] epochs: [180/350] train_loss_con: 5.545 energy_loss: -21.582
[GPU6] epochs: [181/350] train_loss_con: 5.543 energy_loss: -50.507
[GPU6] epochs: [182/350] train_loss_con: 5.547 energy_loss: -2.240
[GPU6] epochs: [183/350] train_loss_con: 5.543 energy_loss: -29.041
[GPU6] epochs: [184/350] train_loss_con: 5.542 energy_loss: -20.164
[GPU6] epochs: [185/350] train_loss_con: 5.540 energy_loss: -29.621
[GPU6] epochs: [186/350] train_loss_con: 5.542 energy_loss: -52.910
[GPU6] epochs: [187/350] train_loss_con: 5.539 energy_loss: -31.444
[GPU6] epochs: [188/350] train_loss_con: 5.542 energy_loss: -29.095
[GPU6] epochs: [189/350] train_loss_con: 5.541 energy_loss: -5.468
[GPU6] epochs: [190/350] train_loss_con: 5.540 energy_loss: -48.554
[GPU6] epochs: [191/350] train_loss_con: 5.542 energy_loss: -30.199
[GPU6] epochs: [192/350] train_loss_con: 5.538 energy_loss: -21.392
[GPU6] epochs: [193/350] train_loss_con: 5.538 energy_loss: -64.269
[GPU6] epochs: [194/350] train_loss_con: 5.539 energy_loss: -62.444
[GPU6] epochs: [195/350] train_loss_con: 5.536 energy_loss: -3.814
[GPU6] epochs: [196/350] train_loss_con: 5.538 energy_loss: -7.156
[GPU6] epochs: [197/350] train_loss_con: 5.540 energy_loss: -18.090
[GPU6] epochs: [198/350] train_loss_con: 5.539 energy_loss: -46.689
[GPU6] epochs: [199/350] train_loss_con: 5.535 energy_loss: -1.720
[GPU6] epochs: [200/350] train_loss_con: 5.538 energy_loss: -3.476
[GPU6] epochs: [201/350] train_loss_con: 5.535 energy_loss: -8.611
[GPU6] epochs: [202/350] train_loss_con: 5.537 energy_loss: -52.215
[GPU6] epochs: [203/350] train_loss_con: 5.539 energy_loss: -49.202
[GPU6] epochs: [204/350] train_loss_con: 5.536 energy_loss: -14.676
[GPU6] epochs: [205/350] train_loss_con: 5.534 energy_loss: -92.188
[GPU6] epochs: [206/350] train_loss_con: 5.533 energy_loss: -448.687
[GPU6] epochs: [207/350] train_loss_con: 5.536 energy_loss: -787.155
[GPU6] epochs: [208/350] train_loss_con: 5.533 energy_loss: -856.823
[GPU6] epochs: [209/350] train_loss_con: 5.534 energy_loss: -891.255
[GPU6] epochs: [210/350] train_loss_con: 5.532 energy_loss: -919.350
[GPU6] epochs: [211/350] train_loss_con: 5.534 energy_loss: -943.467
[GPU6] epochs: [212/350] train_loss_con: 5.533 energy_loss: -964.809
[GPU6] epochs: [213/350] train_loss_con: 5.532 energy_loss: -984.312
[GPU6] epochs: [214/350] train_loss_con: 5.532 energy_loss: -1002.605
[GPU6] epochs: [215/350] train_loss_con: 5.533 energy_loss: -1019.985
[GPU6] epochs: [216/350] train_loss_con: 5.533 energy_loss: -1036.622
[GPU6] epochs: [217/350] train_loss_con: 5.533 energy_loss: -1052.958
[GPU6] epochs: [218/350] train_loss_con: 5.533 energy_loss: -1068.898
[GPU6] epochs: [219/350] train_loss_con: 5.535 energy_loss: -1084.525
[GPU6] epochs: [220/350] train_loss_con: 5.532 energy_loss: -903.383
[GPU6] epochs: [221/350] train_loss_con: 5.529 energy_loss: -953.797
[GPU6] epochs: [222/350] train_loss_con: 5.528 energy_loss: -1094.842
[GPU6] epochs: [223/350] train_loss_con: 5.529 energy_loss: -1115.095
[GPU6] epochs: [224/350] train_loss_con: 5.531 energy_loss: -1132.083
[GPU6] epochs: [225/350] train_loss_con: 5.529 energy_loss: -1148.226
[GPU6] epochs: [226/350] train_loss_con: 5.530 energy_loss: -1162.855
[GPU6] epochs: [227/350] train_loss_con: 5.526 energy_loss: -1177.256
[GPU6] epochs: [228/350] train_loss_con: 5.530 energy_loss: -1190.977
[GPU6] epochs: [229/350] train_loss_con: 5.527 energy_loss: -1203.900
[GPU6] epochs: [230/350] train_loss_con: 5.526 energy_loss: -1216.320
[GPU6] epochs: [231/350] train_loss_con: 5.528 energy_loss: -1228.240
[GPU6] epochs: [232/350] train_loss_con: 5.527 energy_loss: -1239.938
[GPU6] epochs: [233/350] train_loss_con: 5.524 energy_loss: -1251.480
[GPU6] epochs: [234/350] train_loss_con: 5.528 energy_loss: -1262.592
[GPU6] epochs: [235/350] train_loss_con: 5.526 energy_loss: -1274.127
[GPU6] epochs: [236/350] train_loss_con: 5.525 energy_loss: -1285.256
[GPU6] epochs: [237/350] train_loss_con: 5.524 energy_loss: -1296.323
[GPU6] epochs: [238/350] train_loss_con: 5.524 energy_loss: -1307.306
[GPU6] epochs: [239/350] train_loss_con: 5.526 energy_loss: -1317.514
[GPU6] epochs: [240/350] train_loss_con: 5.522 energy_loss: -1328.976
[GPU6] epochs: [241/350] train_loss_con: 5.524 energy_loss: -1340.179
[GPU6] epochs: [242/350] train_loss_con: 5.521 energy_loss: -1351.259
[GPU6] epochs: [243/350] train_loss_con: 5.526 energy_loss: -1360.521
[GPU6] epochs: [244/350] train_loss_con: 5.522 energy_loss: -1373.077
[GPU6] epochs: [245/350] train_loss_con: 5.522 energy_loss: -1383.617
[GPU6] epochs: [246/350] train_loss_con: 5.522 energy_loss: -1395.339
[GPU6] epochs: [247/350] train_loss_con: 5.521 energy_loss: -1399.822
[GPU6] epochs: [248/350] train_loss_con: 5.523 energy_loss: -308.839
[GPU6] epochs: [249/350] train_loss_con: 5.521 energy_loss: -23.908
[GPU6] epochs: [250/350] train_loss_con: 5.520 energy_loss: -156.439
[GPU6] epochs: [251/350] train_loss_con: 5.524 energy_loss: -177.069
[GPU6] epochs: [252/350] train_loss_con: 5.519 energy_loss: -1047.226
[GPU6] epochs: [253/350] train_loss_con: 5.519 energy_loss: -1352.780
[GPU6] epochs: [254/350] train_loss_con: 5.518 energy_loss: -1408.136
[GPU6] epochs: [255/350] train_loss_con: 5.521 energy_loss: -1428.845
[GPU6] epochs: [256/350] train_loss_con: 5.518 energy_loss: -1445.977
[GPU6] epochs: [257/350] train_loss_con: 5.518 energy_loss: -1460.603
[GPU6] epochs: [258/350] train_loss_con: 5.517 energy_loss: -1474.279
[GPU6] epochs: [259/350] train_loss_con: 5.514 energy_loss: -1486.609
[GPU6] epochs: [260/350] train_loss_con: 5.520 energy_loss: -1498.152
[GPU6] epochs: [261/350] train_loss_con: 5.519 energy_loss: -1509.460
[GPU6] epochs: [262/350] train_loss_con: 5.519 energy_loss: -1520.450
[GPU6] epochs: [263/350] train_loss_con: 5.518 energy_loss: -1530.909
[GPU6] epochs: [264/350] train_loss_con: 5.516 energy_loss: -1541.177
[GPU6] epochs: [265/350] train_loss_con: 5.520 energy_loss: -1551.284
[GPU6] epochs: [266/350] train_loss_con: 5.518 energy_loss: -1561.189
[GPU6] epochs: [267/350] train_loss_con: 5.515 energy_loss: -1571.100
[GPU6] epochs: [268/350] train_loss_con: 5.514 energy_loss: -1580.868
[GPU6] epochs: [269/350] train_loss_con: 5.514 energy_loss: -1590.705
[GPU6] epochs: [270/350] train_loss_con: 5.514 energy_loss: -1600.204
[GPU6] epochs: [271/350] train_loss_con: 5.516 energy_loss: -1609.998
[GPU6] epochs: [272/350] train_loss_con: 5.514 energy_loss: -1619.587
[GPU6] epochs: [273/350] train_loss_con: 5.513 energy_loss: -1629.384
[GPU6] epochs: [274/350] train_loss_con: 5.514 energy_loss: -1639.016
[GPU6] epochs: [275/350] train_loss_con: 5.515 energy_loss: -1648.568
[GPU6] epochs: [276/350] train_loss_con: 5.515 energy_loss: -1656.645
[GPU6] epochs: [277/350] train_loss_con: 5.514 energy_loss: -1667.833
[GPU6] epochs: [278/350] train_loss_con: 5.514 energy_loss: -1677.426
[GPU6] epochs: [279/350] train_loss_con: 5.513 energy_loss: -1687.410
[GPU6] epochs: [280/350] train_loss_con: 5.510 energy_loss: -1696.762
[GPU6] epochs: [281/350] train_loss_con: 5.512 energy_loss: -1706.953
[GPU6] epochs: [282/350] train_loss_con: 5.510 energy_loss: -1716.443
[GPU6] epochs: [283/350] train_loss_con: 5.510 energy_loss: -1726.780
[GPU6] epochs: [284/350] train_loss_con: 5.511 energy_loss: -1725.786
[GPU6] epochs: [285/350] train_loss_con: 5.512 energy_loss: -1746.500
[GPU6] epochs: [286/350] train_loss_con: 5.513 energy_loss: -1757.802
[GPU6] epochs: [287/350] train_loss_con: 5.511 energy_loss: -1767.256
[GPU6] epochs: [288/350] train_loss_con: 5.509 energy_loss: -1778.014
[GPU6] epochs: [289/350] train_loss_con: 5.509 energy_loss: -1788.229
[GPU6] epochs: [290/350] train_loss_con: 5.508 energy_loss: -1798.706
[GPU6] epochs: [291/350] train_loss_con: 5.508 energy_loss: -1808.105
[GPU6] epochs: [292/350] train_loss_con: 5.510 energy_loss: -1819.064
[GPU6] epochs: [293/350] train_loss_con: 5.508 energy_loss: -1828.842
[GPU6] epochs: [294/350] train_loss_con: 5.510 energy_loss: -1838.533
[GPU6] epochs: [295/350] train_loss_con: 5.509 energy_loss: -1848.458
[GPU6] epochs: [296/350] train_loss_con: 5.507 energy_loss: -1858.044
[GPU6] epochs: [297/350] train_loss_con: 5.505 energy_loss: -1867.751
[GPU6] epochs: [298/350] train_loss_con: 5.507 energy_loss: -1876.362
[GPU6] epochs: [299/350] train_loss_con: 5.506 energy_loss: -1885.272
[GPU6] epochs: [300/350] train_loss_con: 5.510 energy_loss: -1896.424
[GPU6] epochs: [301/350] train_loss_con: 5.507 energy_loss: -1903.851
[GPU6] epochs: [302/350] train_loss_con: 5.505 energy_loss: -729.324
[GPU6] epochs: [303/350] train_loss_con: 5.506 energy_loss: -126.463
[GPU6] epochs: [304/350] train_loss_con: 5.508 energy_loss: -233.338
[GPU6] epochs: [305/350] train_loss_con: 5.503 energy_loss: -601.322
[GPU6] epochs: [306/350] train_loss_con: 5.505 energy_loss: -1723.247
[GPU6] epochs: [307/350] train_loss_con: 5.507 energy_loss: -1873.551
[GPU6] epochs: [308/350] train_loss_con: 5.503 energy_loss: -1902.648
[GPU6] epochs: [309/350] train_loss_con: 5.508 energy_loss: -1922.327
[GPU6] epochs: [310/350] train_loss_con: 5.506 energy_loss: -1938.038
[GPU6] epochs: [311/350] train_loss_con: 5.505 energy_loss: -1951.602
[GPU6] epochs: [312/350] train_loss_con: 5.505 energy_loss: -1963.532
[GPU6] epochs: [313/350] train_loss_con: 5.507 energy_loss: -1974.459
[GPU6] epochs: [314/350] train_loss_con: 5.506 energy_loss: -1984.500
[GPU6] epochs: [315/350] train_loss_con: 5.504 energy_loss: -1994.211
[GPU6] epochs: [316/350] train_loss_con: 5.503 energy_loss: -2003.499
[GPU6] epochs: [317/350] train_loss_con: 5.503 energy_loss: -2012.573
[GPU6] epochs: [318/350] train_loss_con: 5.504 energy_loss: -2021.305
[GPU6] epochs: [319/350] train_loss_con: 5.503 energy_loss: -2029.962
[GPU6] epochs: [320/350] train_loss_con: 5.501 energy_loss: -2038.569
[GPU6] epochs: [321/350] train_loss_con: 5.502 energy_loss: -2046.889
[GPU6] epochs: [322/350] train_loss_con: 5.500 energy_loss: -2055.275
[GPU6] epochs: [323/350] train_loss_con: 5.501 energy_loss: -2063.505
[GPU6] epochs: [324/350] train_loss_con: 5.502 energy_loss: -2071.647
[GPU6] epochs: [325/350] train_loss_con: 5.500 energy_loss: -2079.900
[GPU6] epochs: [326/350] train_loss_con: 5.498 energy_loss: -2088.089
[GPU6] epochs: [327/350] train_loss_con: 5.501 energy_loss: -2096.077
[GPU6] epochs: [328/350] train_loss_con: 5.500 energy_loss: -2104.211
[GPU6] epochs: [329/350] train_loss_con: 5.501 energy_loss: -2112.208
[GPU6] epochs: [330/350] train_loss_con: 5.501 energy_loss: -2119.843
[GPU6] epochs: [331/350] train_loss_con: 5.500 energy_loss: -2127.923
[GPU6] epochs: [332/350] train_loss_con: 5.500 energy_loss: -2135.988
[GPU6] epochs: [333/350] train_loss_con: 5.500 energy_loss: -2144.215
[GPU6] epochs: [334/350] train_loss_con: 5.500 energy_loss: -2152.035
[GPU6] epochs: [335/350] train_loss_con: 5.497 energy_loss: -2159.521
[GPU6] epochs: [336/350] train_loss_con: 5.496 energy_loss: -2167.274
[GPU6] epochs: [337/350] train_loss_con: 5.499 energy_loss: -2175.814
[GPU6] epochs: [338/350] train_loss_con: 5.496 energy_loss: -2182.170
[GPU6] epochs: [339/350] train_loss_con: 5.497 energy_loss: -2191.120
[GPU6] epochs: [340/350] train_loss_con: 5.495 energy_loss: -2199.657
[GPU6] epochs: [341/350] train_loss_con: 5.499 energy_loss: -2207.076
[GPU6] epochs: [342/350] train_loss_con: 5.496 energy_loss: -2213.895
[GPU6] epochs: [343/350] train_loss_con: 5.496 energy_loss: -2223.215
[GPU6] epochs: [344/350] train_loss_con: 5.495 energy_loss: -2230.251
[GPU6] epochs: [345/350] train_loss_con: 5.496 energy_loss: -1112.595
[GPU6] epochs: [346/350] train_loss_con: 5.496 energy_loss: -1.974
[GPU6] epochs: [347/350] train_loss_con: 5.494 energy_loss: -5.880
[GPU6] epochs: [348/350] train_loss_con: 5.495 energy_loss: -19.156
[GPU6] epochs: [349/350] train_loss_con: 5.494 energy_loss: -48.598
[GPU6] epochs: [350/350] train_loss_con: 5.495 energy_loss: -352.560
### TSNE starts
### MLP training begins
[GPU6] Test Accuracy at epoch: 0: 0.835
[GPU6] epochs: [1/100] train_acc: 0.744 train_loss_sup: 0.941
[GPU6] epochs: [2/100] train_acc: 0.816 train_loss_sup: 0.532
[GPU6] epochs: [3/100] train_acc: 0.825 train_loss_sup: 0.508
[GPU6] epochs: [4/100] train_acc: 0.829 train_loss_sup: 0.492
[GPU6] epochs: [5/100] train_acc: 0.829 train_loss_sup: 0.490
[GPU6] epochs: [6/100] train_acc: 0.831 train_loss_sup: 0.484
[GPU6] epochs: [7/100] train_acc: 0.831 train_loss_sup: 0.484
[GPU6] epochs: [8/100] train_acc: 0.836 train_loss_sup: 0.472
[GPU6] epochs: [9/100] train_acc: 0.835 train_loss_sup: 0.475
[GPU6] epochs: [10/100] train_acc: 0.834 train_loss_sup: 0.476
[GPU6] Test Accuracy at epoch: 10: 0.859
[GPU6] epochs: [11/100] train_acc: 0.835 train_loss_sup: 0.475
[GPU6] epochs: [12/100] train_acc: 0.838 train_loss_sup: 0.466
[GPU6] epochs: [13/100] train_acc: 0.835 train_loss_sup: 0.474
[GPU6] epochs: [14/100] train_acc: 0.837 train_loss_sup: 0.468
[GPU6] epochs: [15/100] train_acc: 0.840 train_loss_sup: 0.463
[GPU6] epochs: [16/100] train_acc: 0.837 train_loss_sup: 0.466
[GPU6] epochs: [17/100] train_acc: 0.837 train_loss_sup: 0.465
[GPU6] epochs: [18/100] train_acc: 0.840 train_loss_sup: 0.459
[GPU6] epochs: [19/100] train_acc: 0.840 train_loss_sup: 0.462
[GPU6] epochs: [20/100] train_acc: 0.842 train_loss_sup: 0.454
[GPU6] Test Accuracy at epoch: 20: 0.863
[GPU6] epochs: [21/100] train_acc: 0.840 train_loss_sup: 0.455
[GPU6] epochs: [22/100] train_acc: 0.841 train_loss_sup: 0.455
[GPU6] epochs: [23/100] train_acc: 0.840 train_loss_sup: 0.457
[GPU6] epochs: [24/100] train_acc: 0.843 train_loss_sup: 0.455
[GPU6] epochs: [25/100] train_acc: 0.842 train_loss_sup: 0.452
[GPU6] epochs: [26/100] train_acc: 0.843 train_loss_sup: 0.453
[GPU6] epochs: [27/100] train_acc: 0.842 train_loss_sup: 0.454
[GPU6] epochs: [28/100] train_acc: 0.841 train_loss_sup: 0.454
[GPU6] epochs: [29/100] train_acc: 0.843 train_loss_sup: 0.452
[GPU6] epochs: [30/100] train_acc: 0.844 train_loss_sup: 0.448
[GPU6] Test Accuracy at epoch: 30: 0.864
[GPU6] epochs: [31/100] train_acc: 0.845 train_loss_sup: 0.446
[GPU6] epochs: [32/100] train_acc: 0.844 train_loss_sup: 0.445
[GPU6] epochs: [33/100] train_acc: 0.846 train_loss_sup: 0.442
[GPU6] epochs: [34/100] train_acc: 0.845 train_loss_sup: 0.445
[GPU6] epochs: [35/100] train_acc: 0.844 train_loss_sup: 0.446
[GPU6] epochs: [36/100] train_acc: 0.846 train_loss_sup: 0.439
[GPU6] epochs: [37/100] train_acc: 0.846 train_loss_sup: 0.442
[GPU6] epochs: [38/100] train_acc: 0.845 train_loss_sup: 0.444
[GPU6] epochs: [39/100] train_acc: 0.846 train_loss_sup: 0.442
[GPU6] epochs: [40/100] train_acc: 0.846 train_loss_sup: 0.439
[GPU6] Test Accuracy at epoch: 40: 0.868
[GPU6] epochs: [41/100] train_acc: 0.844 train_loss_sup: 0.444
[GPU6] epochs: [42/100] train_acc: 0.845 train_loss_sup: 0.442
[GPU6] epochs: [43/100] train_acc: 0.846 train_loss_sup: 0.443
[GPU6] epochs: [44/100] train_acc: 0.847 train_loss_sup: 0.436
[GPU6] epochs: [45/100] train_acc: 0.847 train_loss_sup: 0.438
[GPU6] epochs: [46/100] train_acc: 0.848 train_loss_sup: 0.434
[GPU6] epochs: [47/100] train_acc: 0.846 train_loss_sup: 0.441
[GPU6] epochs: [48/100] train_acc: 0.848 train_loss_sup: 0.438
[GPU6] epochs: [49/100] train_acc: 0.847 train_loss_sup: 0.439
[GPU6] epochs: [50/100] train_acc: 0.848 train_loss_sup: 0.434
[GPU6] Test Accuracy at epoch: 50: 0.867
[GPU6] epochs: [51/100] train_acc: 0.847 train_loss_sup: 0.433
[GPU6] epochs: [52/100] train_acc: 0.849 train_loss_sup: 0.433
[GPU6] epochs: [53/100] train_acc: 0.849 train_loss_sup: 0.436
[GPU6] epochs: [54/100] train_acc: 0.847 train_loss_sup: 0.439
[GPU6] epochs: [55/100] train_acc: 0.850 train_loss_sup: 0.430
[GPU6] epochs: [56/100] train_acc: 0.851 train_loss_sup: 0.427
[GPU6] epochs: [57/100] train_acc: 0.851 train_loss_sup: 0.426
[GPU6] epochs: [58/100] train_acc: 0.849 train_loss_sup: 0.431
[GPU6] epochs: [59/100] train_acc: 0.850 train_loss_sup: 0.428
[GPU6] epochs: [60/100] train_acc: 0.851 train_loss_sup: 0.425
[GPU6] Test Accuracy at epoch: 60: 0.871
[GPU6] epochs: [61/100] train_acc: 0.851 train_loss_sup: 0.426
[GPU6] epochs: [62/100] train_acc: 0.852 train_loss_sup: 0.425
[GPU6] epochs: [63/100] train_acc: 0.851 train_loss_sup: 0.428
[GPU6] epochs: [64/100] train_acc: 0.849 train_loss_sup: 0.431
[GPU6] epochs: [65/100] train_acc: 0.854 train_loss_sup: 0.419
[GPU6] epochs: [66/100] train_acc: 0.851 train_loss_sup: 0.426
[GPU6] epochs: [67/100] train_acc: 0.851 train_loss_sup: 0.428
[GPU6] epochs: [68/100] train_acc: 0.851 train_loss_sup: 0.422
[GPU6] epochs: [69/100] train_acc: 0.851 train_loss_sup: 0.422
[GPU6] epochs: [70/100] train_acc: 0.852 train_loss_sup: 0.421
[GPU6] Test Accuracy at epoch: 70: 0.873
[GPU6] epochs: [71/100] train_acc: 0.850 train_loss_sup: 0.424
[GPU6] epochs: [72/100] train_acc: 0.853 train_loss_sup: 0.421
[GPU6] epochs: [73/100] train_acc: 0.850 train_loss_sup: 0.423
[GPU6] epochs: [74/100] train_acc: 0.854 train_loss_sup: 0.422
[GPU6] epochs: [75/100] train_acc: 0.853 train_loss_sup: 0.420
[GPU6] epochs: [76/100] train_acc: 0.853 train_loss_sup: 0.420
[GPU6] epochs: [77/100] train_acc: 0.854 train_loss_sup: 0.421
[GPU6] epochs: [78/100] train_acc: 0.854 train_loss_sup: 0.416
[GPU6] epochs: [79/100] train_acc: 0.852 train_loss_sup: 0.421
[GPU6] epochs: [80/100] train_acc: 0.854 train_loss_sup: 0.418
[GPU6] Test Accuracy at epoch: 80: 0.872
[GPU6] epochs: [81/100] train_acc: 0.856 train_loss_sup: 0.414
[GPU6] epochs: [82/100] train_acc: 0.855 train_loss_sup: 0.414
[GPU6] epochs: [83/100] train_acc: 0.853 train_loss_sup: 0.417
[GPU6] epochs: [84/100] train_acc: 0.855 train_loss_sup: 0.415
[GPU6] epochs: [85/100] train_acc: 0.854 train_loss_sup: 0.414
[GPU6] epochs: [86/100] train_acc: 0.853 train_loss_sup: 0.415
[GPU6] epochs: [87/100] train_acc: 0.855 train_loss_sup: 0.415
[GPU6] epochs: [88/100] train_acc: 0.856 train_loss_sup: 0.412
[GPU6] epochs: [89/100] train_acc: 0.856 train_loss_sup: 0.411
[GPU6] epochs: [90/100] train_acc: 0.855 train_loss_sup: 0.414
[GPU6] Test Accuracy at epoch: 90: 0.874
[GPU6] epochs: [91/100] train_acc: 0.855 train_loss_sup: 0.416
[GPU6] epochs: [92/100] train_acc: 0.855 train_loss_sup: 0.414
[GPU6] epochs: [93/100] train_acc: 0.857 train_loss_sup: 0.407
[GPU6] epochs: [94/100] train_acc: 0.856 train_loss_sup: 0.413
[GPU6] epochs: [95/100] train_acc: 0.857 train_loss_sup: 0.412
[GPU6] epochs: [96/100] train_acc: 0.857 train_loss_sup: 0.409
[GPU6] epochs: [97/100] train_acc: 0.857 train_loss_sup: 0.409
[GPU6] epochs: [98/100] train_acc: 0.854 train_loss_sup: 0.413
[GPU6] epochs: [99/100] train_acc: 0.857 train_loss_sup: 0.410
[GPU6] epochs: [100/100] train_acc: 0.857 train_loss_sup: 0.407
[GPU6] Final Test Accuracy: 0.872
Model weights saved
