environment: 
YAML: configs/lema.c10.yaml
==> SEED: 42
==> num_classes: 10
==> data_name: cifar10
==> data_params: {'algo': 'lema', 'data_dir': 'datasets/cifar10', 'batch_size': 512, 'num_workers': 3, 'image_size': 32}
==> return_logs: False
==> eval_every: 10
==> n_epochs: 350
==> n_epochs_mlp: 100
==> gpu_id: 1
==> opt: SGD
==> opt_params: {'lr': 0.5, 'momentum': 0.9, 'nesterov': True}
==> schedular_params: {'T_max': 600, 'eta_min': 0.001}
==> mlp_opt: SGD
==> mlp_opt_params: {'lr': 0.01, 'momentum': 0.9, 'nesterov': True}
==> energy_model_params: {'eta': 0.01, 'steps': 5}
==> energy_opt: AdamW
==> energy_model_opt_params: {'lr': 0.001}
==> model_params: {'model_name': 'resnet18', 'pretrained': False, 'proj_dim': 128, 'algo_type': 'lema'}
==> mlp_type: hidden
==> loss: lema
==> loss_params: {'sim': 'cosine', 'tau': 0.5}
==> distributed: False
==> train_algo: lema
==> model_save_path: saved_models/lema.c10.r18.v3.pth
==> config: configs/lema.c10.yaml
--------------------------------------------------
===> using hiddin mlp
using optimizer: SGD
using optimizer: SGD
loss function: lema
Files already downloaded and verified
Files already downloaded and verified
Files already downloaded and verified
# of Training Images: 50000
# of Testing Images: 10000
using optimizer: AdamW
### LEMa Training begins
[GPU1] epochs: [1/350] train_loss_con: 6.398 energy_loss: -0.264
[GPU1] epochs: [2/350] train_loss_con: 6.153 energy_loss: -0.334
[GPU1] epochs: [3/350] train_loss_con: 6.071 energy_loss: -0.573
[GPU1] epochs: [4/350] train_loss_con: 6.007 energy_loss: -0.433
[GPU1] epochs: [5/350] train_loss_con: 5.947 energy_loss: -0.077
[GPU1] epochs: [6/350] train_loss_con: 5.901 energy_loss: -0.638
[GPU1] epochs: [7/350] train_loss_con: 5.870 energy_loss: -0.318
[GPU1] epochs: [8/350] train_loss_con: 5.844 energy_loss: -0.734
[GPU1] epochs: [9/350] train_loss_con: 5.826 energy_loss: -0.002
[GPU1] epochs: [10/350] train_loss_con: 5.806 energy_loss: -0.006
[GPU1] epochs: [11/350] train_loss_con: 5.792 energy_loss: -0.016
[GPU1] epochs: [12/350] train_loss_con: 5.779 energy_loss: -0.056
[GPU1] epochs: [13/350] train_loss_con: 5.770 energy_loss: -0.387
[GPU1] epochs: [14/350] train_loss_con: 5.757 energy_loss: -1.374
[GPU1] epochs: [15/350] train_loss_con: 5.752 energy_loss: -0.315
[GPU1] epochs: [16/350] train_loss_con: 5.742 energy_loss: -0.011
[GPU1] epochs: [17/350] train_loss_con: 5.736 energy_loss: -0.046
[GPU1] epochs: [18/350] train_loss_con: 5.727 energy_loss: -0.387
[GPU1] epochs: [19/350] train_loss_con: 5.722 energy_loss: -1.013
[GPU1] epochs: [20/350] train_loss_con: 5.719 energy_loss: -0.333
[GPU1] epochs: [21/350] train_loss_con: 5.711 energy_loss: -0.927
[GPU1] epochs: [22/350] train_loss_con: 5.707 energy_loss: -1.085
[GPU1] epochs: [23/350] train_loss_con: 5.702 energy_loss: -0.807
[GPU1] epochs: [24/350] train_loss_con: 5.699 energy_loss: -0.032
[GPU1] epochs: [25/350] train_loss_con: 5.695 energy_loss: -0.103
[GPU1] epochs: [26/350] train_loss_con: 5.690 energy_loss: -0.593
[GPU1] epochs: [27/350] train_loss_con: 5.687 energy_loss: -0.788
[GPU1] epochs: [28/350] train_loss_con: 5.686 energy_loss: -0.471
[GPU1] epochs: [29/350] train_loss_con: 5.680 energy_loss: -1.475
[GPU1] epochs: [30/350] train_loss_con: 5.679 energy_loss: -0.076
[GPU1] epochs: [31/350] train_loss_con: 5.678 energy_loss: -0.315
[GPU1] epochs: [32/350] train_loss_con: 5.671 energy_loss: -2.010
[GPU1] epochs: [33/350] train_loss_con: 5.670 energy_loss: -0.440
[GPU1] epochs: [34/350] train_loss_con: 5.665 energy_loss: -0.976
[GPU1] epochs: [35/350] train_loss_con: 5.665 energy_loss: -1.385
[GPU1] epochs: [36/350] train_loss_con: 5.663 energy_loss: -0.949
[GPU1] epochs: [37/350] train_loss_con: 5.659 energy_loss: -0.638
[GPU1] epochs: [38/350] train_loss_con: 5.660 energy_loss: -0.814
[GPU1] epochs: [39/350] train_loss_con: 5.656 energy_loss: -0.044
[GPU1] epochs: [40/350] train_loss_con: 5.655 energy_loss: -0.186
[GPU1] epochs: [41/350] train_loss_con: 5.651 energy_loss: -1.641
[GPU1] epochs: [42/350] train_loss_con: 5.651 energy_loss: -1.984
[GPU1] epochs: [43/350] train_loss_con: 5.649 energy_loss: -0.145
[GPU1] epochs: [44/350] train_loss_con: 5.646 energy_loss: -1.189
[GPU1] epochs: [45/350] train_loss_con: 5.645 energy_loss: -2.557
[GPU1] epochs: [46/350] train_loss_con: 5.644 energy_loss: -1.036
[GPU1] epochs: [47/350] train_loss_con: 5.641 energy_loss: -1.126
[GPU1] epochs: [48/350] train_loss_con: 5.642 energy_loss: -3.627
[GPU1] epochs: [49/350] train_loss_con: 5.635 energy_loss: -0.734
[GPU1] epochs: [50/350] train_loss_con: 5.636 energy_loss: -2.063
[GPU1] epochs: [51/350] train_loss_con: 5.636 energy_loss: -0.346
[GPU1] epochs: [52/350] train_loss_con: 5.634 energy_loss: -3.995
[GPU1] epochs: [53/350] train_loss_con: 5.630 energy_loss: -1.778
[GPU1] epochs: [54/350] train_loss_con: 5.631 energy_loss: -0.019
[GPU1] epochs: [55/350] train_loss_con: 5.628 energy_loss: -0.051
[GPU1] epochs: [56/350] train_loss_con: 5.630 energy_loss: -0.114
[GPU1] epochs: [57/350] train_loss_con: 5.626 energy_loss: -0.294
[GPU1] epochs: [58/350] train_loss_con: 5.628 energy_loss: -1.316
[GPU1] epochs: [59/350] train_loss_con: 5.624 energy_loss: -3.769
[GPU1] epochs: [60/350] train_loss_con: 5.622 energy_loss: -5.693
[GPU1] epochs: [61/350] train_loss_con: 5.621 energy_loss: -0.035
[GPU1] epochs: [62/350] train_loss_con: 5.624 energy_loss: -0.125
[GPU1] epochs: [63/350] train_loss_con: 5.622 energy_loss: -0.322
[GPU1] epochs: [64/350] train_loss_con: 5.617 energy_loss: -0.936
[GPU1] epochs: [65/350] train_loss_con: 5.616 energy_loss: -6.782
[GPU1] epochs: [66/350] train_loss_con: 5.617 energy_loss: -3.356
[GPU1] epochs: [67/350] train_loss_con: 5.610 energy_loss: -3.716
[GPU1] epochs: [68/350] train_loss_con: 5.617 energy_loss: -7.781
[GPU1] epochs: [69/350] train_loss_con: 5.613 energy_loss: -0.455
[GPU1] epochs: [70/350] train_loss_con: 5.614 energy_loss: -4.339
[GPU1] epochs: [71/350] train_loss_con: 5.613 energy_loss: -1.733
[GPU1] epochs: [72/350] train_loss_con: 5.610 energy_loss: -6.254
[GPU1] epochs: [73/350] train_loss_con: 5.610 energy_loss: -3.522
[GPU1] epochs: [74/350] train_loss_con: 5.608 energy_loss: -5.213
[GPU1] epochs: [75/350] train_loss_con: 5.606 energy_loss: -3.540
[GPU1] epochs: [76/350] train_loss_con: 5.603 energy_loss: -9.372
[GPU1] epochs: [77/350] train_loss_con: 5.604 energy_loss: -11.849
[GPU1] epochs: [78/350] train_loss_con: 5.607 energy_loss: -10.079
[GPU1] epochs: [79/350] train_loss_con: 5.602 energy_loss: -0.679
[GPU1] epochs: [80/350] train_loss_con: 5.600 energy_loss: -1.568
[GPU1] epochs: [81/350] train_loss_con: 5.598 energy_loss: -14.157
[GPU1] epochs: [82/350] train_loss_con: 5.600 energy_loss: -16.189
[GPU1] epochs: [83/350] train_loss_con: 5.600 energy_loss: -0.390
[GPU1] epochs: [84/350] train_loss_con: 5.599 energy_loss: -1.122
[GPU1] epochs: [85/350] train_loss_con: 5.598 energy_loss: -3.652
[GPU1] epochs: [86/350] train_loss_con: 5.596 energy_loss: -30.110
[GPU1] epochs: [87/350] train_loss_con: 5.597 energy_loss: -3.765
[GPU1] epochs: [88/350] train_loss_con: 5.595 energy_loss: -16.672
[GPU1] epochs: [89/350] train_loss_con: 5.596 energy_loss: -16.372
[GPU1] epochs: [90/350] train_loss_con: 5.596 energy_loss: -10.983
[GPU1] epochs: [91/350] train_loss_con: 5.591 energy_loss: -0.284
[GPU1] epochs: [92/350] train_loss_con: 5.591 energy_loss: -0.643
[GPU1] epochs: [93/350] train_loss_con: 5.589 energy_loss: -1.608
[GPU1] epochs: [94/350] train_loss_con: 5.589 energy_loss: -10.715
[GPU1] epochs: [95/350] train_loss_con: 5.594 energy_loss: 0.012
[GPU1] epochs: [96/350] train_loss_con: 5.589 energy_loss: -0.004
[GPU1] epochs: [97/350] train_loss_con: 5.590 energy_loss: -0.017
[GPU1] epochs: [98/350] train_loss_con: 5.586 energy_loss: -0.032
[GPU1] epochs: [99/350] train_loss_con: 5.589 energy_loss: -0.055
[GPU1] epochs: [100/350] train_loss_con: 5.588 energy_loss: -0.092
[GPU1] epochs: [101/350] train_loss_con: 5.586 energy_loss: -0.150
[GPU1] epochs: [102/350] train_loss_con: 5.584 energy_loss: -0.246
[GPU1] epochs: [103/350] train_loss_con: 5.587 energy_loss: -0.433
[GPU1] epochs: [104/350] train_loss_con: 5.584 energy_loss: -0.977
[GPU1] epochs: [105/350] train_loss_con: 5.582 energy_loss: -11.186
[GPU1] epochs: [106/350] train_loss_con: 5.581 energy_loss: -0.319
[GPU1] epochs: [107/350] train_loss_con: 5.581 energy_loss: -0.979
[GPU1] epochs: [108/350] train_loss_con: 5.580 energy_loss: -4.795
[GPU1] epochs: [109/350] train_loss_con: 5.579 energy_loss: -12.704
[GPU1] epochs: [110/350] train_loss_con: 5.577 energy_loss: -0.562
[GPU1] epochs: [111/350] train_loss_con: 5.581 energy_loss: -1.321
[GPU1] epochs: [112/350] train_loss_con: 5.579 energy_loss: -6.429
[GPU1] epochs: [113/350] train_loss_con: 5.574 energy_loss: -19.815
[GPU1] epochs: [114/350] train_loss_con: 5.576 energy_loss: -14.684
[GPU1] epochs: [115/350] train_loss_con: 5.575 energy_loss: -0.269
[GPU1] epochs: [116/350] train_loss_con: 5.576 energy_loss: -0.495
[GPU1] epochs: [117/350] train_loss_con: 5.573 energy_loss: -0.884
[GPU1] epochs: [118/350] train_loss_con: 5.579 energy_loss: -1.783
[GPU1] epochs: [119/350] train_loss_con: 5.572 energy_loss: -5.726
[GPU1] epochs: [120/350] train_loss_con: 5.575 energy_loss: -23.727
[GPU1] epochs: [121/350] train_loss_con: 5.573 energy_loss: -18.939
[GPU1] epochs: [122/350] train_loss_con: 5.573 energy_loss: -0.031
[GPU1] epochs: [123/350] train_loss_con: 5.570 energy_loss: -0.069
[GPU1] epochs: [124/350] train_loss_con: 5.569 energy_loss: -0.109
[GPU1] epochs: [125/350] train_loss_con: 5.570 energy_loss: -0.156
[GPU1] epochs: [126/350] train_loss_con: 5.570 energy_loss: -0.236
[GPU1] epochs: [127/350] train_loss_con: 5.569 energy_loss: -0.324
[GPU1] epochs: [128/350] train_loss_con: 5.570 energy_loss: -0.458
[GPU1] epochs: [129/350] train_loss_con: 5.569 energy_loss: -0.664
[GPU1] epochs: [130/350] train_loss_con: 5.566 energy_loss: -1.014
[GPU1] epochs: [131/350] train_loss_con: 5.565 energy_loss: -1.731
[GPU1] epochs: [132/350] train_loss_con: 5.568 energy_loss: -3.687
[GPU1] epochs: [133/350] train_loss_con: 5.564 energy_loss: -14.142
[GPU1] epochs: [134/350] train_loss_con: 5.565 energy_loss: -0.029
[GPU1] epochs: [135/350] train_loss_con: 5.564 energy_loss: -0.079
[GPU1] epochs: [136/350] train_loss_con: 5.564 energy_loss: -0.132
[GPU1] epochs: [137/350] train_loss_con: 5.562 energy_loss: -0.229
[GPU1] epochs: [138/350] train_loss_con: 5.561 energy_loss: -0.400
[GPU1] epochs: [139/350] train_loss_con: 5.564 energy_loss: -0.739
[GPU1] epochs: [140/350] train_loss_con: 5.561 energy_loss: -1.448
[GPU1] epochs: [141/350] train_loss_con: 5.563 energy_loss: -3.268
[GPU1] epochs: [142/350] train_loss_con: 5.559 energy_loss: -24.266
[GPU1] epochs: [143/350] train_loss_con: 5.562 energy_loss: -3.899
[GPU1] epochs: [144/350] train_loss_con: 5.560 energy_loss: -0.436
[GPU1] epochs: [145/350] train_loss_con: 5.560 energy_loss: -1.267
[GPU1] epochs: [146/350] train_loss_con: 5.557 energy_loss: -8.578
[GPU1] epochs: [147/350] train_loss_con: 5.560 energy_loss: -14.954
[GPU1] epochs: [148/350] train_loss_con: 5.558 energy_loss: -8.234
[GPU1] epochs: [149/350] train_loss_con: 5.557 energy_loss: -11.893
[GPU1] epochs: [150/350] train_loss_con: 5.556 energy_loss: -17.054
[GPU1] epochs: [151/350] train_loss_con: 5.558 energy_loss: -15.895
[GPU1] epochs: [152/350] train_loss_con: 5.555 energy_loss: -46.961
[GPU1] epochs: [153/350] train_loss_con: 5.558 energy_loss: -49.780
[GPU1] epochs: [154/350] train_loss_con: 5.553 energy_loss: -40.170
[GPU1] epochs: [155/350] train_loss_con: 5.557 energy_loss: -0.261
[GPU1] epochs: [156/350] train_loss_con: 5.553 energy_loss: -0.422
[GPU1] epochs: [157/350] train_loss_con: 5.554 energy_loss: -0.730
[GPU1] epochs: [158/350] train_loss_con: 5.554 energy_loss: -1.271
[GPU1] epochs: [159/350] train_loss_con: 5.553 energy_loss: -2.256
[GPU1] epochs: [160/350] train_loss_con: 5.553 energy_loss: -5.463
[GPU1] epochs: [161/350] train_loss_con: 5.553 energy_loss: -31.564
[GPU1] epochs: [162/350] train_loss_con: 5.551 energy_loss: -29.216
[GPU1] epochs: [163/350] train_loss_con: 5.552 energy_loss: -26.308
[GPU1] epochs: [164/350] train_loss_con: 5.551 energy_loss: -0.101
[GPU1] epochs: [165/350] train_loss_con: 5.554 energy_loss: -0.289
[GPU1] epochs: [166/350] train_loss_con: 5.551 energy_loss: -0.557
[GPU1] epochs: [167/350] train_loss_con: 5.551 energy_loss: -1.165
[GPU1] epochs: [168/350] train_loss_con: 5.548 energy_loss: -5.318
[GPU1] epochs: [169/350] train_loss_con: 5.550 energy_loss: -40.135
[GPU1] epochs: [170/350] train_loss_con: 5.546 energy_loss: -36.415
[GPU1] epochs: [171/350] train_loss_con: 5.546 energy_loss: -18.482
[GPU1] epochs: [172/350] train_loss_con: 5.550 energy_loss: -2.529
[GPU1] epochs: [173/350] train_loss_con: 5.548 energy_loss: -5.056
[GPU1] epochs: [174/350] train_loss_con: 5.549 energy_loss: -38.118
[GPU1] epochs: [175/350] train_loss_con: 5.545 energy_loss: -65.863
[GPU1] epochs: [176/350] train_loss_con: 5.543 energy_loss: -18.915
[GPU1] epochs: [177/350] train_loss_con: 5.544 energy_loss: -78.055
[GPU1] epochs: [178/350] train_loss_con: 5.545 energy_loss: -55.254
[GPU1] epochs: [179/350] train_loss_con: 5.546 energy_loss: -0.053
[GPU1] epochs: [180/350] train_loss_con: 5.545 energy_loss: -0.169
[GPU1] epochs: [181/350] train_loss_con: 5.544 energy_loss: -0.288
