environment: 
YAML: configs/lema.c100.yaml
==> SEED: 42
==> num_classes: 100
==> data_name: cifar100
==> data_params: {'algo': 'lema', 'data_dir': 'datasets/cifar100', 'batch_size': 512, 'num_workers': 3, 'image_size': 32}
==> return_logs: False
==> eval_every: 10
==> n_epochs: 250
==> n_epochs_mlp: 100
==> gpu_id: 1
==> opt: SGD
==> opt_params: {'lr': 0.5, 'momentum': 0.9, 'nesterov': True}
==> schedular_params: {'T_max': 600, 'eta_min': 0.001}
==> mlp_opt: SGD
==> mlp_opt_params: {'lr': 0.01, 'momentum': 0.9, 'nesterov': True}
==> model_params: {'model_name': 'resnet50', 'pretrained': False, 'proj_dim': 128, 'algo_type': 'lema'}
==> energy_model_params: {'eta': 0.01, 'steps': 5}
==> energy_opt: AdamW
==> energy_model_opt_params: {'lr': 0.001}
==> mlp_type: hidden
==> loss: lema
==> loss_params: {'sim': 'cosine', 'tau': 0.5}
==> distributed: False
==> train_algo: lema
==> model_save_path: saved_models/lema.c100.r50.e250.pth
==> config: configs/lema.c100.yaml
--------------------------------------------------
===> using hiddin mlp
using optimizer: SGD
using optimizer: SGD
loss function: lema
Files already downloaded and verified
Files already downloaded and verified
Files already downloaded and verified
# of Training Images: 50000
# of Testing Images: 10000
using optimizer: AdamW
### LEMa Training begins
[GPU1] epochs: [1/250] train_loss_con: 6.594 energy_loss: 0.002
[GPU1] epochs: [2/250] train_loss_con: 6.248 energy_loss: 0.000
[GPU1] epochs: [3/250] train_loss_con: 6.139 energy_loss: 0.000
[GPU1] epochs: [4/250] train_loss_con: 6.069 energy_loss: 0.000
[GPU1] epochs: [5/250] train_loss_con: 6.016 energy_loss: 0.000
[GPU1] epochs: [6/250] train_loss_con: 5.971 energy_loss: 0.000
[GPU1] epochs: [7/250] train_loss_con: 5.931 energy_loss: -0.000
[GPU1] epochs: [8/250] train_loss_con: 5.903 energy_loss: 0.000
[GPU1] epochs: [9/250] train_loss_con: 5.876 energy_loss: 0.000
[GPU1] epochs: [10/250] train_loss_con: 5.855 energy_loss: 0.000
[GPU1] epochs: [11/250] train_loss_con: 5.841 energy_loss: 0.000
[GPU1] epochs: [12/250] train_loss_con: 5.825 energy_loss: 0.000
[GPU1] epochs: [13/250] train_loss_con: 5.814 energy_loss: 0.000
[GPU1] epochs: [14/250] train_loss_con: 5.800 energy_loss: 0.000
[GPU1] epochs: [15/250] train_loss_con: 5.790 energy_loss: -0.000
[GPU1] epochs: [16/250] train_loss_con: 5.780 energy_loss: -0.000
[GPU1] epochs: [17/250] train_loss_con: 5.774 energy_loss: -0.000
[GPU1] epochs: [18/250] train_loss_con: 5.768 energy_loss: -0.000
[GPU1] epochs: [19/250] train_loss_con: 5.762 energy_loss: -0.000
[GPU1] epochs: [20/250] train_loss_con: 5.757 energy_loss: -0.001
[GPU1] epochs: [21/250] train_loss_con: 5.750 energy_loss: -0.006
[GPU1] epochs: [22/250] train_loss_con: 5.744 energy_loss: -0.011
[GPU1] epochs: [23/250] train_loss_con: 5.740 energy_loss: -0.021
[GPU1] epochs: [24/250] train_loss_con: 5.731 energy_loss: -0.019
[GPU1] epochs: [25/250] train_loss_con: 5.730 energy_loss: -0.001
[GPU1] epochs: [26/250] train_loss_con: 5.723 energy_loss: -0.002
[GPU1] epochs: [27/250] train_loss_con: 5.724 energy_loss: -0.002
[GPU1] epochs: [28/250] train_loss_con: 5.720 energy_loss: -0.002
[GPU1] epochs: [29/250] train_loss_con: 5.711 energy_loss: -0.003
[GPU1] epochs: [30/250] train_loss_con: 5.712 energy_loss: -0.002
[GPU1] epochs: [31/250] train_loss_con: 5.710 energy_loss: -0.004
[GPU1] epochs: [32/250] train_loss_con: 5.707 energy_loss: -0.014
[GPU1] epochs: [33/250] train_loss_con: 5.702 energy_loss: -0.022
[GPU1] epochs: [34/250] train_loss_con: 5.701 energy_loss: -0.005
[GPU1] epochs: [35/250] train_loss_con: 5.697 energy_loss: -0.013
[GPU1] epochs: [36/250] train_loss_con: 5.693 energy_loss: -0.050
[GPU1] epochs: [37/250] train_loss_con: 5.693 energy_loss: -0.000
[GPU1] epochs: [38/250] train_loss_con: 5.689 energy_loss: -0.001
[GPU1] epochs: [39/250] train_loss_con: 5.686 energy_loss: -0.001
[GPU1] epochs: [40/250] train_loss_con: 5.686 energy_loss: -0.001
[GPU1] epochs: [41/250] train_loss_con: 5.684 energy_loss: -0.002
[GPU1] epochs: [42/250] train_loss_con: 5.681 energy_loss: -0.002
[GPU1] epochs: [43/250] train_loss_con: 5.675 energy_loss: -0.002
[GPU1] epochs: [44/250] train_loss_con: 5.676 energy_loss: -0.001
[GPU1] epochs: [45/250] train_loss_con: 5.676 energy_loss: -0.003
[GPU1] epochs: [46/250] train_loss_con: 5.672 energy_loss: -0.000
[GPU1] epochs: [47/250] train_loss_con: 5.670 energy_loss: -0.000
[GPU1] epochs: [48/250] train_loss_con: 5.671 energy_loss: 0.000
[GPU1] epochs: [49/250] train_loss_con: 5.669 energy_loss: -0.001
[GPU1] epochs: [50/250] train_loss_con: 5.664 energy_loss: -0.001
[GPU1] epochs: [51/250] train_loss_con: 5.662 energy_loss: -0.001
[GPU1] epochs: [52/250] train_loss_con: 5.664 energy_loss: -0.001
[GPU1] epochs: [53/250] train_loss_con: 5.661 energy_loss: -0.001
[GPU1] epochs: [54/250] train_loss_con: 5.660 energy_loss: -0.003
[GPU1] epochs: [55/250] train_loss_con: 5.655 energy_loss: -0.000
[GPU1] epochs: [56/250] train_loss_con: 5.653 energy_loss: -0.001
[GPU1] epochs: [57/250] train_loss_con: 5.654 energy_loss: -0.001
[GPU1] epochs: [58/250] train_loss_con: 5.654 energy_loss: -0.001
[GPU1] epochs: [59/250] train_loss_con: 5.650 energy_loss: -0.002
[GPU1] epochs: [60/250] train_loss_con: 5.649 energy_loss: -0.004
[GPU1] epochs: [61/250] train_loss_con: 5.648 energy_loss: -0.003
[GPU1] epochs: [62/250] train_loss_con: 5.650 energy_loss: -0.005
[GPU1] epochs: [63/250] train_loss_con: 5.646 energy_loss: -0.007
[GPU1] epochs: [64/250] train_loss_con: 5.646 energy_loss: -0.011
[GPU1] epochs: [65/250] train_loss_con: 5.644 energy_loss: -0.045
[GPU1] epochs: [66/250] train_loss_con: 5.642 energy_loss: -0.111
[GPU1] epochs: [67/250] train_loss_con: 5.639 energy_loss: -0.265
[GPU1] epochs: [68/250] train_loss_con: 5.641 energy_loss: -0.129
[GPU1] epochs: [69/250] train_loss_con: 5.639 energy_loss: -0.341
[GPU1] epochs: [70/250] train_loss_con: 5.639 energy_loss: -0.455
[GPU1] epochs: [71/250] train_loss_con: 5.635 energy_loss: -0.379
[GPU1] epochs: [72/250] train_loss_con: 5.632 energy_loss: -0.794
[GPU1] epochs: [73/250] train_loss_con: 5.636 energy_loss: -0.666
[GPU1] epochs: [74/250] train_loss_con: 5.637 energy_loss: -0.488
[GPU1] epochs: [75/250] train_loss_con: 5.634 energy_loss: -1.080
[GPU1] epochs: [76/250] train_loss_con: 5.628 energy_loss: -0.400
[GPU1] epochs: [77/250] train_loss_con: 5.631 energy_loss: -1.282
[GPU1] epochs: [78/250] train_loss_con: 5.628 energy_loss: -1.384
[GPU1] epochs: [79/250] train_loss_con: 5.626 energy_loss: -0.069
[GPU1] epochs: [80/250] train_loss_con: 5.625 energy_loss: -0.391
[GPU1] epochs: [81/250] train_loss_con: 5.622 energy_loss: -1.102
[GPU1] epochs: [82/250] train_loss_con: 5.626 energy_loss: -1.269
[GPU1] epochs: [83/250] train_loss_con: 5.625 energy_loss: -2.232
[GPU1] epochs: [84/250] train_loss_con: 5.620 energy_loss: -1.481
[GPU1] epochs: [85/250] train_loss_con: 5.620 energy_loss: -1.604
[GPU1] epochs: [86/250] train_loss_con: 5.622 energy_loss: -0.075
[GPU1] epochs: [87/250] train_loss_con: 5.620 energy_loss: -0.274
[GPU1] epochs: [88/250] train_loss_con: 5.616 energy_loss: -1.259
[GPU1] epochs: [89/250] train_loss_con: 5.617 energy_loss: -2.104
[GPU1] epochs: [90/250] train_loss_con: 5.615 energy_loss: -0.081
[GPU1] epochs: [91/250] train_loss_con: 5.614 energy_loss: -0.195
[GPU1] epochs: [92/250] train_loss_con: 5.614 energy_loss: -0.584
[GPU1] epochs: [93/250] train_loss_con: 5.612 energy_loss: -2.151
[GPU1] epochs: [94/250] train_loss_con: 5.615 energy_loss: -0.625
[GPU1] epochs: [95/250] train_loss_con: 5.612 energy_loss: -1.954
[GPU1] epochs: [96/250] train_loss_con: 5.610 energy_loss: -2.179
[GPU1] epochs: [97/250] train_loss_con: 5.611 energy_loss: -2.912
[GPU1] epochs: [98/250] train_loss_con: 5.613 energy_loss: -1.697
[GPU1] epochs: [99/250] train_loss_con: 5.609 energy_loss: -3.916
[GPU1] epochs: [100/250] train_loss_con: 5.604 energy_loss: -0.131
[GPU1] epochs: [101/250] train_loss_con: 5.607 energy_loss: -0.305
[GPU1] epochs: [102/250] train_loss_con: 5.608 energy_loss: -0.826
[GPU1] epochs: [103/250] train_loss_con: 5.607 energy_loss: -3.595
[GPU1] epochs: [104/250] train_loss_con: 5.604 energy_loss: -2.231
[GPU1] epochs: [105/250] train_loss_con: 5.602 energy_loss: -0.508
[GPU1] epochs: [106/250] train_loss_con: 5.603 energy_loss: -1.135
[GPU1] epochs: [107/250] train_loss_con: 5.600 energy_loss: -3.070
[GPU1] epochs: [108/250] train_loss_con: 5.601 energy_loss: -3.294
[GPU1] epochs: [109/250] train_loss_con: 5.598 energy_loss: -3.988
[GPU1] epochs: [110/250] train_loss_con: 5.599 energy_loss: -2.162
[GPU1] epochs: [111/250] train_loss_con: 5.598 energy_loss: -1.748
[GPU1] epochs: [112/250] train_loss_con: 5.600 energy_loss: -4.706
[GPU1] epochs: [113/250] train_loss_con: 5.593 energy_loss: -5.751
[GPU1] epochs: [114/250] train_loss_con: 5.598 energy_loss: -0.690
[GPU1] epochs: [115/250] train_loss_con: 5.595 energy_loss: -2.160
[GPU1] epochs: [116/250] train_loss_con: 5.596 energy_loss: -2.973
[GPU1] epochs: [117/250] train_loss_con: 5.593 energy_loss: -0.327
[GPU1] epochs: [118/250] train_loss_con: 5.597 energy_loss: -0.731
[GPU1] epochs: [119/250] train_loss_con: 5.594 energy_loss: -2.310
[GPU1] epochs: [120/250] train_loss_con: 5.594 energy_loss: -0.511
[GPU1] epochs: [121/250] train_loss_con: 5.594 energy_loss: -1.660
[GPU1] epochs: [122/250] train_loss_con: 5.590 energy_loss: -4.054
[GPU1] epochs: [123/250] train_loss_con: 5.588 energy_loss: -4.631
[GPU1] epochs: [124/250] train_loss_con: 5.589 energy_loss: -9.353
[GPU1] epochs: [125/250] train_loss_con: 5.588 energy_loss: -10.337
[GPU1] epochs: [126/250] train_loss_con: 5.590 energy_loss: -8.584
[GPU1] epochs: [127/250] train_loss_con: 5.587 energy_loss: -0.111
[GPU1] epochs: [128/250] train_loss_con: 5.587 energy_loss: -0.256
[GPU1] epochs: [129/250] train_loss_con: 5.588 energy_loss: -0.444
[GPU1] epochs: [130/250] train_loss_con: 5.587 energy_loss: -0.796
[GPU1] epochs: [131/250] train_loss_con: 5.585 energy_loss: -2.056
[GPU1] epochs: [132/250] train_loss_con: 5.582 energy_loss: -8.847
[GPU1] epochs: [133/250] train_loss_con: 5.585 energy_loss: -0.558
[GPU1] epochs: [134/250] train_loss_con: 5.581 energy_loss: -1.189
[GPU1] epochs: [135/250] train_loss_con: 5.583 energy_loss: -2.209
[GPU1] epochs: [136/250] train_loss_con: 5.580 energy_loss: -5.886
[GPU1] epochs: [137/250] train_loss_con: 5.581 energy_loss: -4.725
[GPU1] epochs: [138/250] train_loss_con: 5.580 energy_loss: -5.389
[GPU1] epochs: [139/250] train_loss_con: 5.578 energy_loss: -1.113
[GPU1] epochs: [140/250] train_loss_con: 5.580 energy_loss: -6.377
[GPU1] epochs: [141/250] train_loss_con: 5.582 energy_loss: -3.623
[GPU1] epochs: [142/250] train_loss_con: 5.580 energy_loss: -0.735
[GPU1] epochs: [143/250] train_loss_con: 5.579 energy_loss: -2.309
[GPU1] epochs: [144/250] train_loss_con: 5.577 energy_loss: -5.173
[GPU1] epochs: [145/250] train_loss_con: 5.577 energy_loss: -4.870
[GPU1] epochs: [146/250] train_loss_con: 5.574 energy_loss: -4.728
[GPU1] epochs: [147/250] train_loss_con: 5.578 energy_loss: -5.278
[GPU1] epochs: [148/250] train_loss_con: 5.575 energy_loss: -8.216
[GPU1] epochs: [149/250] train_loss_con: 5.573 energy_loss: -5.069
[GPU1] epochs: [150/250] train_loss_con: 5.575 energy_loss: -1.205
[GPU1] epochs: [151/250] train_loss_con: 5.573 energy_loss: -9.269
[GPU1] epochs: [152/250] train_loss_con: 5.571 energy_loss: -2.822
[GPU1] epochs: [153/250] train_loss_con: 5.573 energy_loss: -6.272
[GPU1] epochs: [154/250] train_loss_con: 5.572 energy_loss: -4.342
[GPU1] epochs: [155/250] train_loss_con: 5.572 energy_loss: -6.783
[GPU1] epochs: [156/250] train_loss_con: 5.569 energy_loss: -12.601
[GPU1] epochs: [157/250] train_loss_con: 5.569 energy_loss: -7.095
[GPU1] epochs: [158/250] train_loss_con: 5.573 energy_loss: -0.460
[GPU1] epochs: [159/250] train_loss_con: 5.570 energy_loss: -0.980
[GPU1] epochs: [160/250] train_loss_con: 5.569 energy_loss: -2.257
[GPU1] epochs: [161/250] train_loss_con: 5.570 energy_loss: -8.780
[GPU1] epochs: [162/250] train_loss_con: 5.566 energy_loss: -0.516
[GPU1] epochs: [163/250] train_loss_con: 5.569 energy_loss: -1.365
[GPU1] epochs: [164/250] train_loss_con: 5.566 energy_loss: -7.090
[GPU1] epochs: [165/250] train_loss_con: 5.565 energy_loss: -4.631
[GPU1] epochs: [166/250] train_loss_con: 5.567 energy_loss: -3.619
[GPU1] epochs: [167/250] train_loss_con: 5.565 energy_loss: -11.059
[GPU1] epochs: [168/250] train_loss_con: 5.564 energy_loss: -22.433
[GPU1] epochs: [169/250] train_loss_con: 5.568 energy_loss: -8.487
[GPU1] epochs: [170/250] train_loss_con: 5.565 energy_loss: -2.473
[GPU1] epochs: [171/250] train_loss_con: 5.564 energy_loss: -5.883
[GPU1] epochs: [172/250] train_loss_con: 5.562 energy_loss: -39.715
[GPU1] epochs: [173/250] train_loss_con: 5.563 energy_loss: -19.050
[GPU1] epochs: [174/250] train_loss_con: 5.563 energy_loss: -6.901
[GPU1] epochs: [175/250] train_loss_con: 5.561 energy_loss: -8.630
[GPU1] epochs: [176/250] train_loss_con: 5.561 energy_loss: -70.851
[GPU1] epochs: [177/250] train_loss_con: 5.560 energy_loss: -38.632
[GPU1] epochs: [178/250] train_loss_con: 5.561 energy_loss: -4.430
[GPU1] epochs: [179/250] train_loss_con: 5.558 energy_loss: -80.519
[GPU1] epochs: [180/250] train_loss_con: 5.558 energy_loss: -137.466
[GPU1] epochs: [181/250] train_loss_con: 5.559 energy_loss: -168.503
[GPU1] epochs: [182/250] train_loss_con: 5.555 energy_loss: -243.110
[GPU1] epochs: [183/250] train_loss_con: 5.556 energy_loss: -269.937
[GPU1] epochs: [184/250] train_loss_con: 5.557 energy_loss: -299.926
[GPU1] epochs: [185/250] train_loss_con: 5.555 energy_loss: -300.405
[GPU1] epochs: [186/250] train_loss_con: 5.555 energy_loss: -338.189
[GPU1] epochs: [187/250] train_loss_con: 5.559 energy_loss: -364.869
[GPU1] epochs: [188/250] train_loss_con: 5.556 energy_loss: -373.465
[GPU1] epochs: [189/250] train_loss_con: 5.557 energy_loss: -404.567
[GPU1] epochs: [190/250] train_loss_con: 5.556 energy_loss: -408.429
[GPU1] epochs: [191/250] train_loss_con: 5.553 energy_loss: -417.525
[GPU1] epochs: [192/250] train_loss_con: 5.556 energy_loss: -431.254
[GPU1] epochs: [193/250] train_loss_con: 5.551 energy_loss: -446.474
[GPU1] epochs: [194/250] train_loss_con: 5.553 energy_loss: -452.443
[GPU1] epochs: [195/250] train_loss_con: 5.552 energy_loss: -462.802
[GPU1] epochs: [196/250] train_loss_con: 5.549 energy_loss: -480.430
[GPU1] epochs: [197/250] train_loss_con: 5.551 energy_loss: -522.015
[GPU1] epochs: [198/250] train_loss_con: 5.550 energy_loss: -502.822
[GPU1] epochs: [199/250] train_loss_con: 5.553 energy_loss: -528.009
[GPU1] epochs: [200/250] train_loss_con: 5.550 energy_loss: -542.778
[GPU1] epochs: [201/250] train_loss_con: 5.550 energy_loss: -537.277
[GPU1] epochs: [202/250] train_loss_con: 5.547 energy_loss: -556.963
[GPU1] epochs: [203/250] train_loss_con: 5.547 energy_loss: -562.909
[GPU1] epochs: [204/250] train_loss_con: 5.550 energy_loss: -599.638
[GPU1] epochs: [205/250] train_loss_con: 5.550 energy_loss: -601.224
[GPU1] epochs: [206/250] train_loss_con: 5.549 energy_loss: -628.359
[GPU1] epochs: [207/250] train_loss_con: 5.547 energy_loss: -670.508
[GPU1] epochs: [208/250] train_loss_con: 5.545 energy_loss: -616.937
[GPU1] epochs: [209/250] train_loss_con: 5.547 energy_loss: -588.010
[GPU1] epochs: [210/250] train_loss_con: 5.547 energy_loss: -628.620
[GPU1] epochs: [211/250] train_loss_con: 5.543 energy_loss: -662.165
[GPU1] epochs: [212/250] train_loss_con: 5.543 energy_loss: -659.817
[GPU1] epochs: [213/250] train_loss_con: 5.544 energy_loss: -685.278
[GPU1] epochs: [214/250] train_loss_con: 5.545 energy_loss: -712.158
[GPU1] epochs: [215/250] train_loss_con: 5.544 energy_loss: -695.185
[GPU1] epochs: [216/250] train_loss_con: 5.544 energy_loss: -687.983
[GPU1] epochs: [217/250] train_loss_con: 5.544 energy_loss: -728.377
[GPU1] epochs: [218/250] train_loss_con: 5.543 energy_loss: -750.899
[GPU1] epochs: [219/250] train_loss_con: 5.541 energy_loss: -728.410
[GPU1] epochs: [220/250] train_loss_con: 5.541 energy_loss: -730.506
[GPU1] epochs: [221/250] train_loss_con: 5.538 energy_loss: -758.505
[GPU1] epochs: [222/250] train_loss_con: 5.541 energy_loss: -766.663
[GPU1] epochs: [223/250] train_loss_con: 5.540 energy_loss: -796.415
[GPU1] epochs: [224/250] train_loss_con: 5.539 energy_loss: -825.142
[GPU1] epochs: [225/250] train_loss_con: 5.539 energy_loss: -770.456
[GPU1] epochs: [226/250] train_loss_con: 5.539 energy_loss: -781.761
[GPU1] epochs: [227/250] train_loss_con: 5.540 energy_loss: -846.174
[GPU1] epochs: [228/250] train_loss_con: 5.538 energy_loss: -732.070
[GPU1] epochs: [229/250] train_loss_con: 5.539 energy_loss: -812.530
[GPU1] epochs: [230/250] train_loss_con: 5.537 energy_loss: -896.530
[GPU1] epochs: [231/250] train_loss_con: 5.537 energy_loss: -862.063
[GPU1] epochs: [232/250] train_loss_con: 5.538 energy_loss: -858.272
[GPU1] epochs: [233/250] train_loss_con: 5.537 energy_loss: -837.441
[GPU1] epochs: [234/250] train_loss_con: 5.537 energy_loss: -890.140
[GPU1] epochs: [235/250] train_loss_con: 5.537 energy_loss: -939.303
[GPU1] epochs: [236/250] train_loss_con: 5.533 energy_loss: -843.173
[GPU1] epochs: [237/250] train_loss_con: 5.534 energy_loss: -937.612
[GPU1] epochs: [238/250] train_loss_con: 5.537 energy_loss: -776.327
[GPU1] epochs: [239/250] train_loss_con: 5.532 energy_loss: -958.568
[GPU1] epochs: [240/250] train_loss_con: 5.533 energy_loss: -952.587
[GPU1] epochs: [241/250] train_loss_con: 5.533 energy_loss: -918.310
[GPU1] epochs: [242/250] train_loss_con: 5.531 energy_loss: -949.320
[GPU1] epochs: [243/250] train_loss_con: 5.533 energy_loss: -875.237
[GPU1] epochs: [244/250] train_loss_con: 5.534 energy_loss: -905.748
[GPU1] epochs: [245/250] train_loss_con: 5.533 energy_loss: -956.500
[GPU1] epochs: [246/250] train_loss_con: 5.531 energy_loss: -963.058
[GPU1] epochs: [247/250] train_loss_con: 5.530 energy_loss: -1020.332
[GPU1] epochs: [248/250] train_loss_con: 5.530 energy_loss: -1003.466
[GPU1] epochs: [249/250] train_loss_con: 5.532 energy_loss: -943.905
[GPU1] epochs: [250/250] train_loss_con: 5.530 energy_loss: -1043.209
### TSNE starts
### MLP training begins
[GPU1] Test Accuracy at epoch: 0: 0.469
[GPU1] epochs: [1/100] train_acc: 0.344 train_loss_sup: 2.736
[GPU1] epochs: [2/100] train_acc: 0.453 train_loss_sup: 2.005
[GPU1] epochs: [3/100] train_acc: 0.478 train_loss_sup: 1.914
[GPU1] epochs: [4/100] train_acc: 0.494 train_loss_sup: 1.863
[GPU1] epochs: [5/100] train_acc: 0.501 train_loss_sup: 1.830
[GPU1] epochs: [6/100] train_acc: 0.508 train_loss_sup: 1.798
[GPU1] epochs: [7/100] train_acc: 0.515 train_loss_sup: 1.765
[GPU1] epochs: [8/100] train_acc: 0.524 train_loss_sup: 1.742
[GPU1] epochs: [9/100] train_acc: 0.525 train_loss_sup: 1.723
[GPU1] epochs: [10/100] train_acc: 0.532 train_loss_sup: 1.701
[GPU1] Test Accuracy at epoch: 10: 0.559
[GPU1] epochs: [11/100] train_acc: 0.537 train_loss_sup: 1.682
[GPU1] epochs: [12/100] train_acc: 0.540 train_loss_sup: 1.663
[GPU1] epochs: [13/100] train_acc: 0.545 train_loss_sup: 1.649
[GPU1] epochs: [14/100] train_acc: 0.548 train_loss_sup: 1.638
[GPU1] epochs: [15/100] train_acc: 0.554 train_loss_sup: 1.620
[GPU1] epochs: [16/100] train_acc: 0.555 train_loss_sup: 1.613
[GPU1] epochs: [17/100] train_acc: 0.560 train_loss_sup: 1.597
[GPU1] epochs: [18/100] train_acc: 0.562 train_loss_sup: 1.582
[GPU1] epochs: [19/100] train_acc: 0.566 train_loss_sup: 1.574
[GPU1] epochs: [20/100] train_acc: 0.565 train_loss_sup: 1.564
[GPU1] Test Accuracy at epoch: 20: 0.576
[GPU1] epochs: [21/100] train_acc: 0.570 train_loss_sup: 1.546
[GPU1] epochs: [22/100] train_acc: 0.572 train_loss_sup: 1.541
[GPU1] epochs: [23/100] train_acc: 0.574 train_loss_sup: 1.535
[GPU1] epochs: [24/100] train_acc: 0.576 train_loss_sup: 1.532
[GPU1] epochs: [25/100] train_acc: 0.583 train_loss_sup: 1.504
[GPU1] epochs: [26/100] train_acc: 0.582 train_loss_sup: 1.501
[GPU1] epochs: [27/100] train_acc: 0.587 train_loss_sup: 1.492
[GPU1] epochs: [28/100] train_acc: 0.589 train_loss_sup: 1.480
[GPU1] epochs: [29/100] train_acc: 0.592 train_loss_sup: 1.465
[GPU1] epochs: [30/100] train_acc: 0.593 train_loss_sup: 1.460
[GPU1] Test Accuracy at epoch: 30: 0.592
[GPU1] epochs: [31/100] train_acc: 0.592 train_loss_sup: 1.460
[GPU1] epochs: [32/100] train_acc: 0.596 train_loss_sup: 1.448
[GPU1] epochs: [33/100] train_acc: 0.600 train_loss_sup: 1.436
[GPU1] epochs: [34/100] train_acc: 0.599 train_loss_sup: 1.438
[GPU1] epochs: [35/100] train_acc: 0.603 train_loss_sup: 1.422
[GPU1] epochs: [36/100] train_acc: 0.604 train_loss_sup: 1.410
[GPU1] epochs: [37/100] train_acc: 0.607 train_loss_sup: 1.404
[GPU1] epochs: [38/100] train_acc: 0.606 train_loss_sup: 1.401
[GPU1] epochs: [39/100] train_acc: 0.611 train_loss_sup: 1.396
[GPU1] epochs: [40/100] train_acc: 0.615 train_loss_sup: 1.377
[GPU1] Test Accuracy at epoch: 40: 0.597
[GPU1] epochs: [41/100] train_acc: 0.613 train_loss_sup: 1.377
[GPU1] epochs: [42/100] train_acc: 0.615 train_loss_sup: 1.381
[GPU1] epochs: [43/100] train_acc: 0.618 train_loss_sup: 1.356
[GPU1] epochs: [44/100] train_acc: 0.621 train_loss_sup: 1.352
[GPU1] epochs: [45/100] train_acc: 0.620 train_loss_sup: 1.350
[GPU1] epochs: [46/100] train_acc: 0.623 train_loss_sup: 1.336
[GPU1] epochs: [47/100] train_acc: 0.626 train_loss_sup: 1.329
[GPU1] epochs: [48/100] train_acc: 0.627 train_loss_sup: 1.332
[GPU1] epochs: [49/100] train_acc: 0.628 train_loss_sup: 1.322
[GPU1] epochs: [50/100] train_acc: 0.632 train_loss_sup: 1.308
[GPU1] Test Accuracy at epoch: 50: 0.601
[GPU1] epochs: [51/100] train_acc: 0.636 train_loss_sup: 1.300
[GPU1] epochs: [52/100] train_acc: 0.635 train_loss_sup: 1.300
[GPU1] epochs: [53/100] train_acc: 0.638 train_loss_sup: 1.294
[GPU1] epochs: [54/100] train_acc: 0.640 train_loss_sup: 1.285
[GPU1] epochs: [55/100] train_acc: 0.640 train_loss_sup: 1.279
[GPU1] epochs: [56/100] train_acc: 0.641 train_loss_sup: 1.271
[GPU1] epochs: [57/100] train_acc: 0.641 train_loss_sup: 1.271
[GPU1] epochs: [58/100] train_acc: 0.646 train_loss_sup: 1.264
[GPU1] epochs: [59/100] train_acc: 0.647 train_loss_sup: 1.262
[GPU1] epochs: [60/100] train_acc: 0.646 train_loss_sup: 1.256
[GPU1] Test Accuracy at epoch: 60: 0.611
[GPU1] epochs: [61/100] train_acc: 0.649 train_loss_sup: 1.244
[GPU1] epochs: [62/100] train_acc: 0.645 train_loss_sup: 1.256
[GPU1] epochs: [63/100] train_acc: 0.650 train_loss_sup: 1.245
[GPU1] epochs: [64/100] train_acc: 0.653 train_loss_sup: 1.225
[GPU1] epochs: [65/100] train_acc: 0.650 train_loss_sup: 1.231
[GPU1] epochs: [66/100] train_acc: 0.655 train_loss_sup: 1.225
[GPU1] epochs: [67/100] train_acc: 0.657 train_loss_sup: 1.211
[GPU1] epochs: [68/100] train_acc: 0.658 train_loss_sup: 1.208
[GPU1] epochs: [69/100] train_acc: 0.659 train_loss_sup: 1.206
[GPU1] epochs: [70/100] train_acc: 0.664 train_loss_sup: 1.195
[GPU1] Test Accuracy at epoch: 70: 0.613
[GPU1] epochs: [71/100] train_acc: 0.663 train_loss_sup: 1.191
[GPU1] epochs: [72/100] train_acc: 0.664 train_loss_sup: 1.188
[GPU1] epochs: [73/100] train_acc: 0.664 train_loss_sup: 1.188
[GPU1] epochs: [74/100] train_acc: 0.666 train_loss_sup: 1.174
[GPU1] epochs: [75/100] train_acc: 0.669 train_loss_sup: 1.176
[GPU1] epochs: [76/100] train_acc: 0.671 train_loss_sup: 1.160
[GPU1] epochs: [77/100] train_acc: 0.668 train_loss_sup: 1.168
[GPU1] epochs: [78/100] train_acc: 0.675 train_loss_sup: 1.151
[GPU1] epochs: [79/100] train_acc: 0.672 train_loss_sup: 1.156
[GPU1] epochs: [80/100] train_acc: 0.675 train_loss_sup: 1.143
[GPU1] Test Accuracy at epoch: 80: 0.615
[GPU1] epochs: [81/100] train_acc: 0.677 train_loss_sup: 1.137
[GPU1] epochs: [82/100] train_acc: 0.678 train_loss_sup: 1.141
[GPU1] epochs: [83/100] train_acc: 0.680 train_loss_sup: 1.128
[GPU1] epochs: [84/100] train_acc: 0.678 train_loss_sup: 1.128
[GPU1] epochs: [85/100] train_acc: 0.679 train_loss_sup: 1.134
[GPU1] epochs: [86/100] train_acc: 0.685 train_loss_sup: 1.113
[GPU1] epochs: [87/100] train_acc: 0.685 train_loss_sup: 1.107
[GPU1] epochs: [88/100] train_acc: 0.687 train_loss_sup: 1.105
[GPU1] epochs: [89/100] train_acc: 0.687 train_loss_sup: 1.098
[GPU1] epochs: [90/100] train_acc: 0.685 train_loss_sup: 1.104
[GPU1] Test Accuracy at epoch: 90: 0.609
[GPU1] epochs: [91/100] train_acc: 0.690 train_loss_sup: 1.096
[GPU1] epochs: [92/100] train_acc: 0.688 train_loss_sup: 1.101
[GPU1] epochs: [93/100] train_acc: 0.690 train_loss_sup: 1.094
[GPU1] epochs: [94/100] train_acc: 0.696 train_loss_sup: 1.080
[GPU1] epochs: [95/100] train_acc: 0.694 train_loss_sup: 1.080
[GPU1] epochs: [96/100] train_acc: 0.693 train_loss_sup: 1.074
[GPU1] epochs: [97/100] train_acc: 0.695 train_loss_sup: 1.072
[GPU1] epochs: [98/100] train_acc: 0.697 train_loss_sup: 1.060
[GPU1] epochs: [99/100] train_acc: 0.698 train_loss_sup: 1.069
[GPU1] epochs: [100/100] train_acc: 0.702 train_loss_sup: 1.054
[GPU1] Final Test Accuracy: 0.612
Model weights saved
