environment: 
YAML: configs/nodel.c10.yaml
==> SEED: 42
==> num_classes: 10
==> data_name: cifar10
==> data_params: {'algo': 'nodel', 'data_dir': 'datasets/cifar10', 'batch_size': 512, 'num_workers': 3, 'image_size': 32}
==> return_logs: False
==> eval_every: 10
==> n_epochs: 350
==> n_epochs_mlp: 100
==> gpu_id: 1
==> opt: AdamW
==> opt_params: {'lr': 0.01}
==> schedular_params: {'T_max': 600, 'eta_min': 0.001}
==> mlp_opt: SGD
==> mlp_opt_params: {'lr': 0.01, 'momentum': 0.9, 'nesterov': True}
==> model_params: {'model_name': 'resnet18', 'pretrained': False, 'proj_dim': 128, 'ode_steps': 10}
==> mlp_type: hidden
==> loss: nodel
==> loss_params: {'sim': 'cosine', 'tau': 0.5}
==> distributed: False
==> train_algo: nodel
==> model_save_path: saved_models/nodel.c10.r18.e350.adamw.lr0.01.pth
==> config: configs/nodel.c10.yaml
--------------------------------------------------
===> using hiddin mlp
using optimizer: AdamW
using optimizer: SGD
loss function: nodel
Files already downloaded and verified
Files already downloaded and verified
Files already downloaded and verified
# of Training Images: 50000
# of Testing Images: 10000
### NODEL Training begins
[GPU1] epochs: [1/350] train_loss_con: 5.809
[GPU1] epochs: [2/350] train_loss_con: 5.354
[GPU1] epochs: [3/350] train_loss_con: 5.220
[GPU1] epochs: [4/350] train_loss_con: 5.160
[GPU1] epochs: [5/350] train_loss_con: 5.122
[GPU1] epochs: [6/350] train_loss_con: 5.103
[GPU1] epochs: [7/350] train_loss_con: 5.092
[GPU1] epochs: [8/350] train_loss_con: 5.078
[GPU1] epochs: [9/350] train_loss_con: 5.068
[GPU1] epochs: [10/350] train_loss_con: 5.054
[GPU1] epochs: [11/350] train_loss_con: 5.046
[GPU1] epochs: [12/350] train_loss_con: 5.038
[GPU1] epochs: [13/350] train_loss_con: 5.031
[GPU1] epochs: [14/350] train_loss_con: 5.025
[GPU1] epochs: [15/350] train_loss_con: 5.021
[GPU1] epochs: [16/350] train_loss_con: 5.017
[GPU1] epochs: [17/350] train_loss_con: 5.012
[GPU1] epochs: [18/350] train_loss_con: 5.009
[GPU1] epochs: [19/350] train_loss_con: 5.007
[GPU1] epochs: [20/350] train_loss_con: 5.004
[GPU1] epochs: [21/350] train_loss_con: 5.001
[GPU1] epochs: [22/350] train_loss_con: 5.000
[GPU1] epochs: [23/350] train_loss_con: 4.997
[GPU1] epochs: [24/350] train_loss_con: 4.994
[GPU1] epochs: [25/350] train_loss_con: 4.992
[GPU1] epochs: [26/350] train_loss_con: 4.991
[GPU1] epochs: [27/350] train_loss_con: 4.990
[GPU1] epochs: [28/350] train_loss_con: 4.988
[GPU1] epochs: [29/350] train_loss_con: 4.986
[GPU1] epochs: [30/350] train_loss_con: 4.985
[GPU1] epochs: [31/350] train_loss_con: 4.984
[GPU1] epochs: [32/350] train_loss_con: 4.982
[GPU1] epochs: [33/350] train_loss_con: 4.981
[GPU1] epochs: [34/350] train_loss_con: 4.980
[GPU1] epochs: [35/350] train_loss_con: 4.979
[GPU1] epochs: [36/350] train_loss_con: 4.977
[GPU1] epochs: [37/350] train_loss_con: 4.977
[GPU1] epochs: [38/350] train_loss_con: 4.975
[GPU1] epochs: [39/350] train_loss_con: 4.974
[GPU1] epochs: [40/350] train_loss_con: 4.973
[GPU1] epochs: [41/350] train_loss_con: 4.972
[GPU1] epochs: [42/350] train_loss_con: 4.972
[GPU1] epochs: [43/350] train_loss_con: 4.970
[GPU1] epochs: [44/350] train_loss_con: 4.970
[GPU1] epochs: [45/350] train_loss_con: 4.969
[GPU1] epochs: [46/350] train_loss_con: 4.968
[GPU1] epochs: [47/350] train_loss_con: 4.967
[GPU1] epochs: [48/350] train_loss_con: 4.967
[GPU1] epochs: [49/350] train_loss_con: 4.966
[GPU1] epochs: [50/350] train_loss_con: 4.965
[GPU1] epochs: [51/350] train_loss_con: 4.965
[GPU1] epochs: [52/350] train_loss_con: 4.965
[GPU1] epochs: [53/350] train_loss_con: 4.964
[GPU1] epochs: [54/350] train_loss_con: 4.963
[GPU1] epochs: [55/350] train_loss_con: 4.963
[GPU1] epochs: [56/350] train_loss_con: 4.963
[GPU1] epochs: [57/350] train_loss_con: 4.962
[GPU1] epochs: [58/350] train_loss_con: 4.962
[GPU1] epochs: [59/350] train_loss_con: 4.961
[GPU1] epochs: [60/350] train_loss_con: 4.961
[GPU1] epochs: [61/350] train_loss_con: 4.960
[GPU1] epochs: [62/350] train_loss_con: 4.960
[GPU1] epochs: [63/350] train_loss_con: 4.959
[GPU1] epochs: [64/350] train_loss_con: 4.959
[GPU1] epochs: [65/350] train_loss_con: 4.959
[GPU1] epochs: [66/350] train_loss_con: 4.958
[GPU1] epochs: [67/350] train_loss_con: 4.958
[GPU1] epochs: [68/350] train_loss_con: 4.958
[GPU1] epochs: [69/350] train_loss_con: 4.958
[GPU1] epochs: [70/350] train_loss_con: 4.958
[GPU1] epochs: [71/350] train_loss_con: 4.957
[GPU1] epochs: [72/350] train_loss_con: 4.957
[GPU1] epochs: [73/350] train_loss_con: 4.957
[GPU1] epochs: [74/350] train_loss_con: 4.957
[GPU1] epochs: [75/350] train_loss_con: 4.957
[GPU1] epochs: [76/350] train_loss_con: 4.957
[GPU1] epochs: [77/350] train_loss_con: 4.956
[GPU1] epochs: [78/350] train_loss_con: 4.956
[GPU1] epochs: [79/350] train_loss_con: 4.956
[GPU1] epochs: [80/350] train_loss_con: 4.956
[GPU1] epochs: [81/350] train_loss_con: 4.956
[GPU1] epochs: [82/350] train_loss_con: 4.956
[GPU1] epochs: [83/350] train_loss_con: 4.956
[GPU1] epochs: [84/350] train_loss_con: 4.956
[GPU1] epochs: [85/350] train_loss_con: 4.955
[GPU1] epochs: [86/350] train_loss_con: 4.955
[GPU1] epochs: [87/350] train_loss_con: 4.956
[GPU1] epochs: [88/350] train_loss_con: 4.955
[GPU1] epochs: [89/350] train_loss_con: 4.955
[GPU1] epochs: [90/350] train_loss_con: 4.955
[GPU1] epochs: [91/350] train_loss_con: 4.955
[GPU1] epochs: [92/350] train_loss_con: 4.955
[GPU1] epochs: [93/350] train_loss_con: 4.955
[GPU1] epochs: [94/350] train_loss_con: 4.955
[GPU1] epochs: [95/350] train_loss_con: 4.955
[GPU1] epochs: [96/350] train_loss_con: 4.955
[GPU1] epochs: [97/350] train_loss_con: 4.955
[GPU1] epochs: [98/350] train_loss_con: 4.954
[GPU1] epochs: [99/350] train_loss_con: 4.954
[GPU1] epochs: [100/350] train_loss_con: 4.954
[GPU1] epochs: [101/350] train_loss_con: 4.954
[GPU1] epochs: [102/350] train_loss_con: 4.954
[GPU1] epochs: [103/350] train_loss_con: 4.954
[GPU1] epochs: [104/350] train_loss_con: 4.954
[GPU1] epochs: [105/350] train_loss_con: 4.954
[GPU1] epochs: [106/350] train_loss_con: 4.954
[GPU1] epochs: [107/350] train_loss_con: 4.954
[GPU1] epochs: [108/350] train_loss_con: 4.954
[GPU1] epochs: [109/350] train_loss_con: 4.954
[GPU1] epochs: [110/350] train_loss_con: 4.954
[GPU1] epochs: [111/350] train_loss_con: 4.954
[GPU1] epochs: [112/350] train_loss_con: 4.954
[GPU1] epochs: [113/350] train_loss_con: 4.954
[GPU1] epochs: [114/350] train_loss_con: 4.954
[GPU1] epochs: [115/350] train_loss_con: 4.954
[GPU1] epochs: [116/350] train_loss_con: 4.953
[GPU1] epochs: [117/350] train_loss_con: 4.953
[GPU1] epochs: [118/350] train_loss_con: 4.953
[GPU1] epochs: [119/350] train_loss_con: 4.953
[GPU1] epochs: [120/350] train_loss_con: 4.953
[GPU1] epochs: [121/350] train_loss_con: 4.953
[GPU1] epochs: [122/350] train_loss_con: 4.953
[GPU1] epochs: [123/350] train_loss_con: 4.953
[GPU1] epochs: [124/350] train_loss_con: 4.953
[GPU1] epochs: [125/350] train_loss_con: 4.953
[GPU1] epochs: [126/350] train_loss_con: 4.953
[GPU1] epochs: [127/350] train_loss_con: 4.953
[GPU1] epochs: [128/350] train_loss_con: 4.953
[GPU1] epochs: [129/350] train_loss_con: 4.953
[GPU1] epochs: [130/350] train_loss_con: 4.953
[GPU1] epochs: [131/350] train_loss_con: 4.953
[GPU1] epochs: [132/350] train_loss_con: 4.953
[GPU1] epochs: [133/350] train_loss_con: 4.953
[GPU1] epochs: [134/350] train_loss_con: 4.953
[GPU1] epochs: [135/350] train_loss_con: 4.952
[GPU1] epochs: [136/350] train_loss_con: 4.952
[GPU1] epochs: [137/350] train_loss_con: 4.952
[GPU1] epochs: [138/350] train_loss_con: 4.952
[GPU1] epochs: [139/350] train_loss_con: 4.952
[GPU1] epochs: [140/350] train_loss_con: 4.952
[GPU1] epochs: [141/350] train_loss_con: 4.952
[GPU1] epochs: [142/350] train_loss_con: 4.952
[GPU1] epochs: [143/350] train_loss_con: 4.952
[GPU1] epochs: [144/350] train_loss_con: 4.952
[GPU1] epochs: [145/350] train_loss_con: 4.952
[GPU1] epochs: [146/350] train_loss_con: 4.952
[GPU1] epochs: [147/350] train_loss_con: 4.952
[GPU1] epochs: [148/350] train_loss_con: 4.952
[GPU1] epochs: [149/350] train_loss_con: 4.952
[GPU1] epochs: [150/350] train_loss_con: 4.952
[GPU1] epochs: [151/350] train_loss_con: 4.952
[GPU1] epochs: [152/350] train_loss_con: 4.952
[GPU1] epochs: [153/350] train_loss_con: 4.952
[GPU1] epochs: [154/350] train_loss_con: 4.952
[GPU1] epochs: [155/350] train_loss_con: 4.952
[GPU1] epochs: [156/350] train_loss_con: 4.952
[GPU1] epochs: [157/350] train_loss_con: 4.952
[GPU1] epochs: [158/350] train_loss_con: 4.952
[GPU1] epochs: [159/350] train_loss_con: 4.952
[GPU1] epochs: [160/350] train_loss_con: 4.952
[GPU1] epochs: [161/350] train_loss_con: 4.952
[GPU1] epochs: [162/350] train_loss_con: 4.952
[GPU1] epochs: [163/350] train_loss_con: 4.952
[GPU1] epochs: [164/350] train_loss_con: 4.951
[GPU1] epochs: [165/350] train_loss_con: 4.951
[GPU1] epochs: [166/350] train_loss_con: 4.951
[GPU1] epochs: [167/350] train_loss_con: 4.951
[GPU1] epochs: [168/350] train_loss_con: 4.951
[GPU1] epochs: [169/350] train_loss_con: 4.951
[GPU1] epochs: [170/350] train_loss_con: 4.951
[GPU1] epochs: [171/350] train_loss_con: 4.951
[GPU1] epochs: [172/350] train_loss_con: 4.951
[GPU1] epochs: [173/350] train_loss_con: 4.951
[GPU1] epochs: [174/350] train_loss_con: 4.951
[GPU1] epochs: [175/350] train_loss_con: 4.951
[GPU1] epochs: [176/350] train_loss_con: 4.951
[GPU1] epochs: [177/350] train_loss_con: 4.951
[GPU1] epochs: [178/350] train_loss_con: 4.951
[GPU1] epochs: [179/350] train_loss_con: 4.951
[GPU1] epochs: [180/350] train_loss_con: 4.951
[GPU1] epochs: [181/350] train_loss_con: 4.951
[GPU1] epochs: [182/350] train_loss_con: 4.951
[GPU1] epochs: [183/350] train_loss_con: 4.951
[GPU1] epochs: [184/350] train_loss_con: 4.951
[GPU1] epochs: [185/350] train_loss_con: 4.951
[GPU1] epochs: [186/350] train_loss_con: 4.951
[GPU1] epochs: [187/350] train_loss_con: 4.951
[GPU1] epochs: [188/350] train_loss_con: 4.951
[GPU1] epochs: [189/350] train_loss_con: 4.951
[GPU1] epochs: [190/350] train_loss_con: 4.951
[GPU1] epochs: [191/350] train_loss_con: 4.951
[GPU1] epochs: [192/350] train_loss_con: 4.951
[GPU1] epochs: [193/350] train_loss_con: 4.951
[GPU1] epochs: [194/350] train_loss_con: 4.951
[GPU1] epochs: [195/350] train_loss_con: 4.951
[GPU1] epochs: [196/350] train_loss_con: 4.951
[GPU1] epochs: [197/350] train_loss_con: 4.951
[GPU1] epochs: [198/350] train_loss_con: 4.951
[GPU1] epochs: [199/350] train_loss_con: 4.950
[GPU1] epochs: [200/350] train_loss_con: 4.950
[GPU1] epochs: [201/350] train_loss_con: 4.950
[GPU1] epochs: [202/350] train_loss_con: 4.951
[GPU1] epochs: [203/350] train_loss_con: 4.950
[GPU1] epochs: [204/350] train_loss_con: 4.950
[GPU1] epochs: [205/350] train_loss_con: 4.950
[GPU1] epochs: [206/350] train_loss_con: 4.950
[GPU1] epochs: [207/350] train_loss_con: 4.950
[GPU1] epochs: [208/350] train_loss_con: 4.950
[GPU1] epochs: [209/350] train_loss_con: 4.950
[GPU1] epochs: [210/350] train_loss_con: 4.950
[GPU1] epochs: [211/350] train_loss_con: 4.950
[GPU1] epochs: [212/350] train_loss_con: 4.950
[GPU1] epochs: [213/350] train_loss_con: 4.950
[GPU1] epochs: [214/350] train_loss_con: 4.950
[GPU1] epochs: [215/350] train_loss_con: 4.950
[GPU1] epochs: [216/350] train_loss_con: 4.950
[GPU1] epochs: [217/350] train_loss_con: 4.950
[GPU1] epochs: [218/350] train_loss_con: 4.950
[GPU1] epochs: [219/350] train_loss_con: 4.950
[GPU1] epochs: [220/350] train_loss_con: 4.950
[GPU1] epochs: [221/350] train_loss_con: 4.950
[GPU1] epochs: [222/350] train_loss_con: 4.950
[GPU1] epochs: [223/350] train_loss_con: 4.950
[GPU1] epochs: [224/350] train_loss_con: 4.950
[GPU1] epochs: [225/350] train_loss_con: 4.950
[GPU1] epochs: [226/350] train_loss_con: 4.950
[GPU1] epochs: [227/350] train_loss_con: 4.950
[GPU1] epochs: [228/350] train_loss_con: 4.950
[GPU1] epochs: [229/350] train_loss_con: 4.950
[GPU1] epochs: [230/350] train_loss_con: 4.950
[GPU1] epochs: [231/350] train_loss_con: 4.950
[GPU1] epochs: [232/350] train_loss_con: 4.950
[GPU1] epochs: [233/350] train_loss_con: 4.950
[GPU1] epochs: [234/350] train_loss_con: 4.950
[GPU1] epochs: [235/350] train_loss_con: 4.950
[GPU1] epochs: [236/350] train_loss_con: 4.950
[GPU1] epochs: [237/350] train_loss_con: 4.950
[GPU1] epochs: [238/350] train_loss_con: 4.950
[GPU1] epochs: [239/350] train_loss_con: 4.950
[GPU1] epochs: [240/350] train_loss_con: 4.950
[GPU1] epochs: [241/350] train_loss_con: 4.950
[GPU1] epochs: [242/350] train_loss_con: 4.949
[GPU1] epochs: [243/350] train_loss_con: 4.950
[GPU1] epochs: [244/350] train_loss_con: 4.949
[GPU1] epochs: [245/350] train_loss_con: 4.949
[GPU1] epochs: [246/350] train_loss_con: 4.950
[GPU1] epochs: [247/350] train_loss_con: 4.950
[GPU1] epochs: [248/350] train_loss_con: 4.949
[GPU1] epochs: [249/350] train_loss_con: 4.949
[GPU1] epochs: [250/350] train_loss_con: 4.949
[GPU1] epochs: [251/350] train_loss_con: 4.949
[GPU1] epochs: [252/350] train_loss_con: 4.949
[GPU1] epochs: [253/350] train_loss_con: 4.949
[GPU1] epochs: [254/350] train_loss_con: 4.949
[GPU1] epochs: [255/350] train_loss_con: 4.949
[GPU1] epochs: [256/350] train_loss_con: 4.949
[GPU1] epochs: [257/350] train_loss_con: 4.949
[GPU1] epochs: [258/350] train_loss_con: 4.949
[GPU1] epochs: [259/350] train_loss_con: 4.949
[GPU1] epochs: [260/350] train_loss_con: 4.949
[GPU1] epochs: [261/350] train_loss_con: 4.949
[GPU1] epochs: [262/350] train_loss_con: 4.949
[GPU1] epochs: [263/350] train_loss_con: 4.949
[GPU1] epochs: [264/350] train_loss_con: 4.949
[GPU1] epochs: [265/350] train_loss_con: 4.949
[GPU1] epochs: [266/350] train_loss_con: 4.949
[GPU1] epochs: [267/350] train_loss_con: 4.949
[GPU1] epochs: [268/350] train_loss_con: 4.949
[GPU1] epochs: [269/350] train_loss_con: 4.949
[GPU1] epochs: [270/350] train_loss_con: 4.949
[GPU1] epochs: [271/350] train_loss_con: 4.949
[GPU1] epochs: [272/350] train_loss_con: 4.949
[GPU1] epochs: [273/350] train_loss_con: 4.949
[GPU1] epochs: [274/350] train_loss_con: 4.949
[GPU1] epochs: [275/350] train_loss_con: 4.949
[GPU1] epochs: [276/350] train_loss_con: 4.949
[GPU1] epochs: [277/350] train_loss_con: 4.949
[GPU1] epochs: [278/350] train_loss_con: 4.949
[GPU1] epochs: [279/350] train_loss_con: 4.949
[GPU1] epochs: [280/350] train_loss_con: 4.949
[GPU1] epochs: [281/350] train_loss_con: 4.949
[GPU1] epochs: [282/350] train_loss_con: 4.949
[GPU1] epochs: [283/350] train_loss_con: 4.949
[GPU1] epochs: [284/350] train_loss_con: 4.949
[GPU1] epochs: [285/350] train_loss_con: 4.949
[GPU1] epochs: [286/350] train_loss_con: 4.949
[GPU1] epochs: [287/350] train_loss_con: 4.949
[GPU1] epochs: [288/350] train_loss_con: 4.949
[GPU1] epochs: [289/350] train_loss_con: 4.949
[GPU1] epochs: [290/350] train_loss_con: 4.949
[GPU1] epochs: [291/350] train_loss_con: 4.949
[GPU1] epochs: [292/350] train_loss_con: 4.949
[GPU1] epochs: [293/350] train_loss_con: 4.949
[GPU1] epochs: [294/350] train_loss_con: 4.949
[GPU1] epochs: [295/350] train_loss_con: 4.948
[GPU1] epochs: [296/350] train_loss_con: 4.948
[GPU1] epochs: [297/350] train_loss_con: 4.948
[GPU1] epochs: [298/350] train_loss_con: 4.948
[GPU1] epochs: [299/350] train_loss_con: 4.948
[GPU1] epochs: [300/350] train_loss_con: 4.948
[GPU1] epochs: [301/350] train_loss_con: 4.948
[GPU1] epochs: [302/350] train_loss_con: 4.948
[GPU1] epochs: [303/350] train_loss_con: 4.948
[GPU1] epochs: [304/350] train_loss_con: 4.948
[GPU1] epochs: [305/350] train_loss_con: 4.948
[GPU1] epochs: [306/350] train_loss_con: 4.948
[GPU1] epochs: [307/350] train_loss_con: 4.948
[GPU1] epochs: [308/350] train_loss_con: 4.948
[GPU1] epochs: [309/350] train_loss_con: 4.948
[GPU1] epochs: [310/350] train_loss_con: 4.948
[GPU1] epochs: [311/350] train_loss_con: 4.948
[GPU1] epochs: [312/350] train_loss_con: 4.948
[GPU1] epochs: [313/350] train_loss_con: 4.948
[GPU1] epochs: [314/350] train_loss_con: 4.948
[GPU1] epochs: [315/350] train_loss_con: 4.948
[GPU1] epochs: [316/350] train_loss_con: 4.948
[GPU1] epochs: [317/350] train_loss_con: 4.948
[GPU1] epochs: [318/350] train_loss_con: 4.948
[GPU1] epochs: [319/350] train_loss_con: 4.948
[GPU1] epochs: [320/350] train_loss_con: 4.948
[GPU1] epochs: [321/350] train_loss_con: 4.948
[GPU1] epochs: [322/350] train_loss_con: 4.948
[GPU1] epochs: [323/350] train_loss_con: 4.948
[GPU1] epochs: [324/350] train_loss_con: 4.948
[GPU1] epochs: [325/350] train_loss_con: 4.948
[GPU1] epochs: [326/350] train_loss_con: 4.948
[GPU1] epochs: [327/350] train_loss_con: 4.948
[GPU1] epochs: [328/350] train_loss_con: 4.948
[GPU1] epochs: [329/350] train_loss_con: 4.948
[GPU1] epochs: [330/350] train_loss_con: 4.948
[GPU1] epochs: [331/350] train_loss_con: 4.948
[GPU1] epochs: [332/350] train_loss_con: 4.948
[GPU1] epochs: [333/350] train_loss_con: 4.948
[GPU1] epochs: [334/350] train_loss_con: 4.948
[GPU1] epochs: [335/350] train_loss_con: 4.948
[GPU1] epochs: [336/350] train_loss_con: 4.948
[GPU1] epochs: [337/350] train_loss_con: 4.948
[GPU1] epochs: [338/350] train_loss_con: 4.948
[GPU1] epochs: [339/350] train_loss_con: 4.948
[GPU1] epochs: [340/350] train_loss_con: 4.948
[GPU1] epochs: [341/350] train_loss_con: 4.948
[GPU1] epochs: [342/350] train_loss_con: 4.948
[GPU1] epochs: [343/350] train_loss_con: 4.948
[GPU1] epochs: [344/350] train_loss_con: 4.948
[GPU1] epochs: [345/350] train_loss_con: 4.948
[GPU1] epochs: [346/350] train_loss_con: 4.947
[GPU1] epochs: [347/350] train_loss_con: 4.948
[GPU1] epochs: [348/350] train_loss_con: 4.948
[GPU1] epochs: [349/350] train_loss_con: 4.947
[GPU1] epochs: [350/350] train_loss_con: 4.948
### TSNE starts
### MLP training begins
[GPU1] Test Accuracy at epoch: 0: 0.448
[GPU1] epochs: [1/100] train_acc: 0.220 train_loss_sup: 2.226
[GPU1] epochs: [2/100] train_acc: 0.306 train_loss_sup: 2.095
[GPU1] epochs: [3/100] train_acc: 0.326 train_loss_sup: 1.978
[GPU1] epochs: [4/100] train_acc: 0.339 train_loss_sup: 1.902
[GPU1] epochs: [5/100] train_acc: 0.344 train_loss_sup: 1.851
[GPU1] epochs: [6/100] train_acc: 0.351 train_loss_sup: 1.823
[GPU1] epochs: [7/100] train_acc: 0.355 train_loss_sup: 1.802
[GPU1] epochs: [8/100] train_acc: 0.361 train_loss_sup: 1.783
[GPU1] epochs: [9/100] train_acc: 0.361 train_loss_sup: 1.776
[GPU1] epochs: [10/100] train_acc: 0.367 train_loss_sup: 1.768
[GPU1] Test Accuracy at epoch: 10: 0.526
[GPU1] epochs: [11/100] train_acc: 0.367 train_loss_sup: 1.762
[GPU1] epochs: [12/100] train_acc: 0.373 train_loss_sup: 1.754
[GPU1] epochs: [13/100] train_acc: 0.369 train_loss_sup: 1.753
[GPU1] epochs: [14/100] train_acc: 0.374 train_loss_sup: 1.751
[GPU1] epochs: [15/100] train_acc: 0.375 train_loss_sup: 1.743
[GPU1] epochs: [16/100] train_acc: 0.375 train_loss_sup: 1.744
[GPU1] epochs: [17/100] train_acc: 0.379 train_loss_sup: 1.736
[GPU1] epochs: [18/100] train_acc: 0.374 train_loss_sup: 1.740
[GPU1] epochs: [19/100] train_acc: 0.374 train_loss_sup: 1.742
[GPU1] epochs: [20/100] train_acc: 0.379 train_loss_sup: 1.734
[GPU1] Test Accuracy at epoch: 20: 0.534
[GPU1] epochs: [21/100] train_acc: 0.378 train_loss_sup: 1.737
[GPU1] epochs: [22/100] train_acc: 0.380 train_loss_sup: 1.734
[GPU1] epochs: [23/100] train_acc: 0.380 train_loss_sup: 1.733
[GPU1] epochs: [24/100] train_acc: 0.377 train_loss_sup: 1.730
[GPU1] epochs: [25/100] train_acc: 0.380 train_loss_sup: 1.728
[GPU1] epochs: [26/100] train_acc: 0.381 train_loss_sup: 1.724
[GPU1] epochs: [27/100] train_acc: 0.383 train_loss_sup: 1.724
[GPU1] epochs: [28/100] train_acc: 0.383 train_loss_sup: 1.725
[GPU1] epochs: [29/100] train_acc: 0.383 train_loss_sup: 1.714
[GPU1] epochs: [30/100] train_acc: 0.386 train_loss_sup: 1.722
[GPU1] Test Accuracy at epoch: 30: 0.54
[GPU1] epochs: [31/100] train_acc: 0.384 train_loss_sup: 1.725
[GPU1] epochs: [32/100] train_acc: 0.388 train_loss_sup: 1.711
[GPU1] epochs: [33/100] train_acc: 0.389 train_loss_sup: 1.716
[GPU1] epochs: [34/100] train_acc: 0.385 train_loss_sup: 1.715
[GPU1] epochs: [35/100] train_acc: 0.386 train_loss_sup: 1.716
[GPU1] epochs: [36/100] train_acc: 0.388 train_loss_sup: 1.711
[GPU1] epochs: [37/100] train_acc: 0.389 train_loss_sup: 1.713
[GPU1] epochs: [38/100] train_acc: 0.386 train_loss_sup: 1.717
[GPU1] epochs: [39/100] train_acc: 0.383 train_loss_sup: 1.714
[GPU1] epochs: [40/100] train_acc: 0.389 train_loss_sup: 1.710
[GPU1] Test Accuracy at epoch: 40: 0.544
[GPU1] epochs: [41/100] train_acc: 0.389 train_loss_sup: 1.709
[GPU1] epochs: [42/100] train_acc: 0.388 train_loss_sup: 1.714
[GPU1] epochs: [43/100] train_acc: 0.390 train_loss_sup: 1.707
[GPU1] epochs: [44/100] train_acc: 0.391 train_loss_sup: 1.707
[GPU1] epochs: [45/100] train_acc: 0.388 train_loss_sup: 1.707
[GPU1] epochs: [46/100] train_acc: 0.388 train_loss_sup: 1.711
[GPU1] epochs: [47/100] train_acc: 0.390 train_loss_sup: 1.705
[GPU1] epochs: [48/100] train_acc: 0.386 train_loss_sup: 1.712
[GPU1] epochs: [49/100] train_acc: 0.391 train_loss_sup: 1.705
[GPU1] epochs: [50/100] train_acc: 0.389 train_loss_sup: 1.702
[GPU1] Test Accuracy at epoch: 50: 0.549
[GPU1] epochs: [51/100] train_acc: 0.388 train_loss_sup: 1.705
[GPU1] epochs: [52/100] train_acc: 0.389 train_loss_sup: 1.701
[GPU1] epochs: [53/100] train_acc: 0.390 train_loss_sup: 1.705
[GPU1] epochs: [54/100] train_acc: 0.390 train_loss_sup: 1.707
[GPU1] epochs: [55/100] train_acc: 0.392 train_loss_sup: 1.700
[GPU1] epochs: [56/100] train_acc: 0.388 train_loss_sup: 1.705
[GPU1] epochs: [57/100] train_acc: 0.393 train_loss_sup: 1.699
[GPU1] epochs: [58/100] train_acc: 0.388 train_loss_sup: 1.707
[GPU1] epochs: [59/100] train_acc: 0.396 train_loss_sup: 1.692
[GPU1] epochs: [60/100] train_acc: 0.390 train_loss_sup: 1.699
[GPU1] Test Accuracy at epoch: 60: 0.548
[GPU1] epochs: [61/100] train_acc: 0.397 train_loss_sup: 1.693
[GPU1] epochs: [62/100] train_acc: 0.393 train_loss_sup: 1.699
[GPU1] epochs: [63/100] train_acc: 0.392 train_loss_sup: 1.696
[GPU1] epochs: [64/100] train_acc: 0.391 train_loss_sup: 1.702
[GPU1] epochs: [65/100] train_acc: 0.394 train_loss_sup: 1.695
[GPU1] epochs: [66/100] train_acc: 0.393 train_loss_sup: 1.699
[GPU1] epochs: [67/100] train_acc: 0.393 train_loss_sup: 1.696
[GPU1] epochs: [68/100] train_acc: 0.397 train_loss_sup: 1.692
[GPU1] epochs: [69/100] train_acc: 0.394 train_loss_sup: 1.693
[GPU1] epochs: [70/100] train_acc: 0.390 train_loss_sup: 1.702
[GPU1] Test Accuracy at epoch: 70: 0.55
[GPU1] epochs: [71/100] train_acc: 0.393 train_loss_sup: 1.697
[GPU1] epochs: [72/100] train_acc: 0.396 train_loss_sup: 1.690
[GPU1] epochs: [73/100] train_acc: 0.396 train_loss_sup: 1.693
[GPU1] epochs: [74/100] train_acc: 0.392 train_loss_sup: 1.694
[GPU1] epochs: [75/100] train_acc: 0.395 train_loss_sup: 1.692
[GPU1] epochs: [76/100] train_acc: 0.397 train_loss_sup: 1.687
[GPU1] epochs: [77/100] train_acc: 0.393 train_loss_sup: 1.692
[GPU1] epochs: [78/100] train_acc: 0.396 train_loss_sup: 1.688
[GPU1] epochs: [79/100] train_acc: 0.397 train_loss_sup: 1.693
[GPU1] epochs: [80/100] train_acc: 0.398 train_loss_sup: 1.686
[GPU1] Test Accuracy at epoch: 80: 0.553
[GPU1] epochs: [81/100] train_acc: 0.397 train_loss_sup: 1.687
[GPU1] epochs: [82/100] train_acc: 0.394 train_loss_sup: 1.689
[GPU1] epochs: [83/100] train_acc: 0.393 train_loss_sup: 1.695
[GPU1] epochs: [84/100] train_acc: 0.397 train_loss_sup: 1.687
[GPU1] epochs: [85/100] train_acc: 0.392 train_loss_sup: 1.697
[GPU1] epochs: [86/100] train_acc: 0.396 train_loss_sup: 1.690
[GPU1] epochs: [87/100] train_acc: 0.394 train_loss_sup: 1.689
[GPU1] epochs: [88/100] train_acc: 0.397 train_loss_sup: 1.687
[GPU1] epochs: [89/100] train_acc: 0.393 train_loss_sup: 1.692
[GPU1] epochs: [90/100] train_acc: 0.396 train_loss_sup: 1.693
[GPU1] Test Accuracy at epoch: 90: 0.554
[GPU1] epochs: [91/100] train_acc: 0.399 train_loss_sup: 1.682
[GPU1] epochs: [92/100] train_acc: 0.400 train_loss_sup: 1.680
[GPU1] epochs: [93/100] train_acc: 0.395 train_loss_sup: 1.687
[GPU1] epochs: [94/100] train_acc: 0.400 train_loss_sup: 1.677
[GPU1] epochs: [95/100] train_acc: 0.396 train_loss_sup: 1.683
[GPU1] epochs: [96/100] train_acc: 0.397 train_loss_sup: 1.689
[GPU1] epochs: [97/100] train_acc: 0.401 train_loss_sup: 1.678
[GPU1] epochs: [98/100] train_acc: 0.400 train_loss_sup: 1.682
[GPU1] epochs: [99/100] train_acc: 0.398 train_loss_sup: 1.680
[GPU1] epochs: [100/100] train_acc: 0.400 train_loss_sup: 1.682
[GPU1] Final Test Accuracy: 0.552
Model weights saved
