environment: 
YAML: configs/nodel.c100.yaml
==> SEED: 42
==> num_classes: 100
==> data_name: cifar100
==> data_params: {'algo': 'nodel', 'data_dir': 'datasets/cifar100', 'batch_size': 512, 'num_workers': 3, 'image_size': 32}
==> return_logs: False
==> eval_every: 10
==> n_epochs: 600
==> n_epochs_mlp: 100
==> gpu_id: 7
==> opt: SGD
==> opt_params: {'lr': 0.5, 'momentum': 0.9, 'nesterov': True}
==> schedular_params: {'T_max': 600, 'eta_min': 0.001}
==> mlp_opt: SGD
==> mlp_opt_params: {'lr': 0.01, 'momentum': 0.9, 'nesterov': True}
==> model_params: {'model_name': 'resnet50', 'pretrained': False, 'proj_dim': 128, 'ode_steps': 10}
==> mlp_type: hidden
==> loss: nodel
==> loss_params: {'sim': 'cosine', 'tau': 0.5}
==> distributed: False
==> train_algo: nodel
==> model_save_path: saved_models/nodel.c100.r50.pth
==> config: configs/nodel.c100.yaml
--------------------------------------------------
===> using hiddin mlp
using optimizer: SGD
using optimizer: SGD
loss function: nodel
Files already downloaded and verified
Files already downloaded and verified
Files already downloaded and verified
# of Training Images: 50000
# of Testing Images: 10000
### NODEL Training begins
[GPU7] epochs: [1/600] train_loss_con: 5.835
[GPU7] epochs: [2/600] train_loss_con: 5.686
[GPU7] epochs: [3/600] train_loss_con: 5.562
[GPU7] epochs: [4/600] train_loss_con: 5.505
[GPU7] epochs: [5/600] train_loss_con: 5.491
[GPU7] epochs: [6/600] train_loss_con: 5.461
[GPU7] epochs: [7/600] train_loss_con: 5.434
[GPU7] epochs: [8/600] train_loss_con: 5.406
[GPU7] epochs: [9/600] train_loss_con: 5.386
[GPU7] epochs: [10/600] train_loss_con: 5.366
[GPU7] epochs: [11/600] train_loss_con: 5.357
[GPU7] epochs: [12/600] train_loss_con: 5.348
[GPU7] epochs: [13/600] train_loss_con: 5.341
[GPU7] epochs: [14/600] train_loss_con: 5.335
[GPU7] epochs: [15/600] train_loss_con: 5.336
[GPU7] epochs: [16/600] train_loss_con: 5.322
[GPU7] epochs: [17/600] train_loss_con: 5.323
[GPU7] epochs: [18/600] train_loss_con: 5.314
[GPU7] epochs: [19/600] train_loss_con: 5.306
[GPU7] epochs: [20/600] train_loss_con: 5.301
[GPU7] epochs: [21/600] train_loss_con: 5.308
[GPU7] epochs: [22/600] train_loss_con: 5.296
[GPU7] epochs: [23/600] train_loss_con: 5.293
[GPU7] epochs: [24/600] train_loss_con: 5.290
[GPU7] epochs: [25/600] train_loss_con: 5.291
[GPU7] epochs: [26/600] train_loss_con: 5.286
[GPU7] epochs: [27/600] train_loss_con: 5.284
[GPU7] epochs: [28/600] train_loss_con: 5.284
[GPU7] epochs: [29/600] train_loss_con: 5.288
[GPU7] epochs: [30/600] train_loss_con: 5.285
[GPU7] epochs: [31/600] train_loss_con: 5.279
[GPU7] epochs: [32/600] train_loss_con: 5.280
[GPU7] epochs: [33/600] train_loss_con: 5.276
[GPU7] epochs: [34/600] train_loss_con: 5.273
[GPU7] epochs: [35/600] train_loss_con: 5.274
[GPU7] epochs: [36/600] train_loss_con: 5.276
[GPU7] epochs: [37/600] train_loss_con: 5.272
[GPU7] epochs: [38/600] train_loss_con: 5.271
[GPU7] epochs: [39/600] train_loss_con: 5.271
[GPU7] epochs: [40/600] train_loss_con: 5.273
[GPU7] epochs: [41/600] train_loss_con: 5.269
[GPU7] epochs: [42/600] train_loss_con: 5.269
[GPU7] epochs: [43/600] train_loss_con: 5.264
[GPU7] epochs: [44/600] train_loss_con: 5.264
[GPU7] epochs: [45/600] train_loss_con: 5.260
[GPU7] epochs: [46/600] train_loss_con: 5.258
[GPU7] epochs: [47/600] train_loss_con: 5.254
[GPU7] epochs: [48/600] train_loss_con: 5.254
[GPU7] epochs: [49/600] train_loss_con: 5.253
[GPU7] epochs: [50/600] train_loss_con: 5.249
[GPU7] epochs: [51/600] train_loss_con: 5.256
[GPU7] epochs: [52/600] train_loss_con: 5.251
[GPU7] epochs: [53/600] train_loss_con: 5.249
[GPU7] epochs: [54/600] train_loss_con: 5.254
[GPU7] epochs: [55/600] train_loss_con: 5.341
[GPU7] epochs: [56/600] train_loss_con: 5.310
[GPU7] epochs: [57/600] train_loss_con: 5.306
[GPU7] epochs: [58/600] train_loss_con: 5.305
[GPU7] epochs: [59/600] train_loss_con: 5.302
[GPU7] epochs: [60/600] train_loss_con: 5.302
[GPU7] epochs: [61/600] train_loss_con: 5.302
[GPU7] epochs: [62/600] train_loss_con: 5.304
[GPU7] epochs: [63/600] train_loss_con: 5.302
[GPU7] epochs: [64/600] train_loss_con: 5.302
[GPU7] epochs: [65/600] train_loss_con: 5.301
[GPU7] epochs: [66/600] train_loss_con: 5.301
[GPU7] epochs: [67/600] train_loss_con: 5.301
[GPU7] epochs: [68/600] train_loss_con: 5.300
[GPU7] epochs: [69/600] train_loss_con: 5.302
[GPU7] epochs: [70/600] train_loss_con: 5.302
[GPU7] epochs: [71/600] train_loss_con: 5.300
[GPU7] epochs: [72/600] train_loss_con: 5.299
[GPU7] epochs: [73/600] train_loss_con: 5.298
[GPU7] epochs: [74/600] train_loss_con: 5.299
[GPU7] epochs: [75/600] train_loss_con: 5.297
[GPU7] epochs: [76/600] train_loss_con: 5.297
[GPU7] epochs: [77/600] train_loss_con: 5.298
[GPU7] epochs: [78/600] train_loss_con: 5.297
[GPU7] epochs: [79/600] train_loss_con: 5.298
[GPU7] epochs: [80/600] train_loss_con: 5.298
[GPU7] epochs: [81/600] train_loss_con: 5.296
[GPU7] epochs: [82/600] train_loss_con: 5.298
[GPU7] epochs: [83/600] train_loss_con: 5.297
[GPU7] epochs: [84/600] train_loss_con: 5.297
[GPU7] epochs: [85/600] train_loss_con: 5.296
[GPU7] epochs: [86/600] train_loss_con: 5.294
[GPU7] epochs: [87/600] train_loss_con: 5.294
[GPU7] epochs: [88/600] train_loss_con: 5.292
[GPU7] epochs: [89/600] train_loss_con: 5.290
[GPU7] epochs: [90/600] train_loss_con: 5.291
[GPU7] epochs: [91/600] train_loss_con: 5.292
[GPU7] epochs: [92/600] train_loss_con: 5.291
[GPU7] epochs: [93/600] train_loss_con: 5.289
[GPU7] epochs: [94/600] train_loss_con: 5.287
[GPU7] epochs: [95/600] train_loss_con: 5.286
[GPU7] epochs: [96/600] train_loss_con: 5.284
[GPU7] epochs: [97/600] train_loss_con: 5.281
[GPU7] epochs: [98/600] train_loss_con: 5.280
[GPU7] epochs: [99/600] train_loss_con: 5.279
[GPU7] epochs: [100/600] train_loss_con: 5.277
[GPU7] epochs: [101/600] train_loss_con: 5.275
[GPU7] epochs: [102/600] train_loss_con: 5.275
[GPU7] epochs: [103/600] train_loss_con: 5.281
[GPU7] epochs: [104/600] train_loss_con: 5.283
[GPU7] epochs: [105/600] train_loss_con: 5.284
[GPU7] epochs: [106/600] train_loss_con: 5.278
[GPU7] epochs: [107/600] train_loss_con: 5.275
[GPU7] epochs: [108/600] train_loss_con: 5.272
[GPU7] epochs: [109/600] train_loss_con: 5.271
[GPU7] epochs: [110/600] train_loss_con: 5.270
[GPU7] epochs: [111/600] train_loss_con: 5.267
[GPU7] epochs: [112/600] train_loss_con: 5.268
[GPU7] epochs: [113/600] train_loss_con: 5.269
[GPU7] epochs: [114/600] train_loss_con: 5.272
[GPU7] epochs: [115/600] train_loss_con: 5.309
[GPU7] epochs: [116/600] train_loss_con: 5.292
[GPU7] epochs: [117/600] train_loss_con: 5.285
[GPU7] epochs: [118/600] train_loss_con: 5.280
[GPU7] epochs: [119/600] train_loss_con: 5.278
[GPU7] epochs: [120/600] train_loss_con: 5.274
[GPU7] epochs: [121/600] train_loss_con: 5.270
[GPU7] epochs: [122/600] train_loss_con: 5.269
[GPU7] epochs: [123/600] train_loss_con: 5.268
[GPU7] epochs: [124/600] train_loss_con: 5.266
[GPU7] epochs: [125/600] train_loss_con: 5.263
[GPU7] epochs: [126/600] train_loss_con: 5.261
[GPU7] epochs: [127/600] train_loss_con: 5.262
[GPU7] epochs: [128/600] train_loss_con: 5.260
[GPU7] epochs: [129/600] train_loss_con: 5.258
[GPU7] epochs: [130/600] train_loss_con: 5.258
[GPU7] epochs: [131/600] train_loss_con: 5.255
[GPU7] epochs: [132/600] train_loss_con: 5.255
[GPU7] epochs: [133/600] train_loss_con: 5.254
[GPU7] epochs: [134/600] train_loss_con: 5.253
[GPU7] epochs: [135/600] train_loss_con: 5.251
[GPU7] epochs: [136/600] train_loss_con: 5.250
[GPU7] epochs: [137/600] train_loss_con: 5.250
[GPU7] epochs: [138/600] train_loss_con: 5.250
[GPU7] epochs: [139/600] train_loss_con: 5.250
[GPU7] epochs: [140/600] train_loss_con: 5.248
[GPU7] epochs: [141/600] train_loss_con: 5.248
[GPU7] epochs: [142/600] train_loss_con: 5.247
[GPU7] epochs: [143/600] train_loss_con: 5.248
[GPU7] epochs: [144/600] train_loss_con: 5.245
[GPU7] epochs: [145/600] train_loss_con: 5.246
[GPU7] epochs: [146/600] train_loss_con: 5.245
[GPU7] epochs: [147/600] train_loss_con: 5.243
[GPU7] epochs: [148/600] train_loss_con: 5.243
[GPU7] epochs: [149/600] train_loss_con: 5.243
[GPU7] epochs: [150/600] train_loss_con: 5.242
[GPU7] epochs: [151/600] train_loss_con: 5.242
[GPU7] epochs: [152/600] train_loss_con: 5.242
[GPU7] epochs: [153/600] train_loss_con: 5.239
[GPU7] epochs: [154/600] train_loss_con: 5.238
[GPU7] epochs: [155/600] train_loss_con: 5.238
[GPU7] epochs: [156/600] train_loss_con: 5.238
[GPU7] epochs: [157/600] train_loss_con: 5.237
[GPU7] epochs: [158/600] train_loss_con: 5.235
[GPU7] epochs: [159/600] train_loss_con: 5.237
[GPU7] epochs: [160/600] train_loss_con: 5.235
[GPU7] epochs: [161/600] train_loss_con: 5.236
[GPU7] epochs: [162/600] train_loss_con: 5.234
[GPU7] epochs: [163/600] train_loss_con: 5.235
[GPU7] epochs: [164/600] train_loss_con: 5.235
[GPU7] epochs: [165/600] train_loss_con: 5.234
[GPU7] epochs: [166/600] train_loss_con: 5.236
[GPU7] epochs: [167/600] train_loss_con: 5.235
[GPU7] epochs: [168/600] train_loss_con: 5.235
[GPU7] epochs: [169/600] train_loss_con: 5.234
[GPU7] epochs: [170/600] train_loss_con: 5.235
[GPU7] epochs: [171/600] train_loss_con: 5.233
[GPU7] epochs: [172/600] train_loss_con: 5.234
[GPU7] epochs: [173/600] train_loss_con: 5.232
[GPU7] epochs: [174/600] train_loss_con: 5.231
[GPU7] epochs: [175/600] train_loss_con: 5.230
[GPU7] epochs: [176/600] train_loss_con: 5.230
[GPU7] epochs: [177/600] train_loss_con: 5.229
[GPU7] epochs: [178/600] train_loss_con: 5.229
[GPU7] epochs: [179/600] train_loss_con: 5.228
[GPU7] epochs: [180/600] train_loss_con: 5.229
[GPU7] epochs: [181/600] train_loss_con: 5.227
[GPU7] epochs: [182/600] train_loss_con: 5.226
[GPU7] epochs: [183/600] train_loss_con: 5.226
[GPU7] epochs: [184/600] train_loss_con: 5.227
[GPU7] epochs: [185/600] train_loss_con: 5.227
[GPU7] epochs: [186/600] train_loss_con: 5.226
[GPU7] epochs: [187/600] train_loss_con: 5.225
[GPU7] epochs: [188/600] train_loss_con: 5.223
[GPU7] epochs: [189/600] train_loss_con: 5.223
[GPU7] epochs: [190/600] train_loss_con: 5.223
[GPU7] epochs: [191/600] train_loss_con: 5.223
[GPU7] epochs: [192/600] train_loss_con: 5.223
[GPU7] epochs: [193/600] train_loss_con: 5.223
[GPU7] epochs: [194/600] train_loss_con: 5.222
[GPU7] epochs: [195/600] train_loss_con: 5.223
[GPU7] epochs: [196/600] train_loss_con: 5.222
[GPU7] epochs: [197/600] train_loss_con: 5.223
[GPU7] epochs: [198/600] train_loss_con: 5.221
[GPU7] epochs: [199/600] train_loss_con: 5.221
[GPU7] epochs: [200/600] train_loss_con: 5.221
[GPU7] epochs: [201/600] train_loss_con: 5.221
[GPU7] epochs: [202/600] train_loss_con: 5.218
[GPU7] epochs: [203/600] train_loss_con: 5.221
[GPU7] epochs: [204/600] train_loss_con: 5.220
[GPU7] epochs: [205/600] train_loss_con: 5.219
[GPU7] epochs: [206/600] train_loss_con: 5.218
[GPU7] epochs: [207/600] train_loss_con: 5.219
[GPU7] epochs: [208/600] train_loss_con: 5.219
[GPU7] epochs: [209/600] train_loss_con: 5.219
[GPU7] epochs: [210/600] train_loss_con: 5.218
[GPU7] epochs: [211/600] train_loss_con: 5.218
[GPU7] epochs: [212/600] train_loss_con: 5.217
[GPU7] epochs: [213/600] train_loss_con: 5.219
[GPU7] epochs: [214/600] train_loss_con: 5.217
[GPU7] epochs: [215/600] train_loss_con: 5.217
[GPU7] epochs: [216/600] train_loss_con: 5.215
[GPU7] epochs: [217/600] train_loss_con: 5.217
[GPU7] epochs: [218/600] train_loss_con: 5.218
[GPU7] epochs: [219/600] train_loss_con: 5.217
[GPU7] epochs: [220/600] train_loss_con: 5.226
[GPU7] epochs: [221/600] train_loss_con: 5.223
[GPU7] epochs: [222/600] train_loss_con: 5.220
[GPU7] epochs: [223/600] train_loss_con: 5.218
[GPU7] epochs: [224/600] train_loss_con: 5.217
[GPU7] epochs: [225/600] train_loss_con: 5.219
[GPU7] epochs: [226/600] train_loss_con: 5.218
[GPU7] epochs: [227/600] train_loss_con: 5.215
[GPU7] epochs: [228/600] train_loss_con: 5.215
[GPU7] epochs: [229/600] train_loss_con: 5.215
[GPU7] epochs: [230/600] train_loss_con: 5.214
[GPU7] epochs: [231/600] train_loss_con: 5.214
[GPU7] epochs: [232/600] train_loss_con: 5.215
[GPU7] epochs: [233/600] train_loss_con: 5.215
[GPU7] epochs: [234/600] train_loss_con: 5.214
[GPU7] epochs: [235/600] train_loss_con: 5.213
[GPU7] epochs: [236/600] train_loss_con: 5.213
[GPU7] epochs: [237/600] train_loss_con: 5.213
[GPU7] epochs: [238/600] train_loss_con: 5.212
[GPU7] epochs: [239/600] train_loss_con: 5.212
[GPU7] epochs: [240/600] train_loss_con: 5.211
[GPU7] epochs: [241/600] train_loss_con: 5.214
[GPU7] epochs: [242/600] train_loss_con: 5.212
[GPU7] epochs: [243/600] train_loss_con: 5.213
[GPU7] epochs: [244/600] train_loss_con: 5.214
[GPU7] epochs: [245/600] train_loss_con: 5.212
[GPU7] epochs: [246/600] train_loss_con: 5.213
[GPU7] epochs: [247/600] train_loss_con: 5.214
[GPU7] epochs: [248/600] train_loss_con: 5.218
[GPU7] epochs: [249/600] train_loss_con: 5.216
[GPU7] epochs: [250/600] train_loss_con: 5.212
[GPU7] epochs: [251/600] train_loss_con: 5.212
[GPU7] epochs: [252/600] train_loss_con: 5.210
[GPU7] epochs: [253/600] train_loss_con: 5.209
[GPU7] epochs: [254/600] train_loss_con: 5.209
[GPU7] epochs: [255/600] train_loss_con: 5.209
[GPU7] epochs: [256/600] train_loss_con: 5.209
[GPU7] epochs: [257/600] train_loss_con: 5.208
[GPU7] epochs: [258/600] train_loss_con: 5.210
[GPU7] epochs: [259/600] train_loss_con: 5.208
[GPU7] epochs: [260/600] train_loss_con: 5.209
[GPU7] epochs: [261/600] train_loss_con: 5.209
[GPU7] epochs: [262/600] train_loss_con: 5.207
[GPU7] epochs: [263/600] train_loss_con: 5.207
[GPU7] epochs: [264/600] train_loss_con: 5.206
[GPU7] epochs: [265/600] train_loss_con: 5.206
[GPU7] epochs: [266/600] train_loss_con: 5.207
[GPU7] epochs: [267/600] train_loss_con: 5.205
[GPU7] epochs: [268/600] train_loss_con: 5.206
[GPU7] epochs: [269/600] train_loss_con: 5.205
[GPU7] epochs: [270/600] train_loss_con: 5.205
[GPU7] epochs: [271/600] train_loss_con: 5.205
[GPU7] epochs: [272/600] train_loss_con: 5.205
[GPU7] epochs: [273/600] train_loss_con: 5.205
[GPU7] epochs: [274/600] train_loss_con: 5.205
[GPU7] epochs: [275/600] train_loss_con: 5.206
[GPU7] epochs: [276/600] train_loss_con: 5.205
[GPU7] epochs: [277/600] train_loss_con: 5.204
[GPU7] epochs: [278/600] train_loss_con: 5.204
[GPU7] epochs: [279/600] train_loss_con: 5.206
[GPU7] epochs: [280/600] train_loss_con: 5.204
[GPU7] epochs: [281/600] train_loss_con: 5.202
[GPU7] epochs: [282/600] train_loss_con: 5.201
[GPU7] epochs: [283/600] train_loss_con: 5.202
[GPU7] epochs: [284/600] train_loss_con: 5.202
[GPU7] epochs: [285/600] train_loss_con: 5.202
[GPU7] epochs: [286/600] train_loss_con: 5.202
[GPU7] epochs: [287/600] train_loss_con: 5.201
[GPU7] epochs: [288/600] train_loss_con: 5.200
[GPU7] epochs: [289/600] train_loss_con: 5.201
[GPU7] epochs: [290/600] train_loss_con: 5.200
[GPU7] epochs: [291/600] train_loss_con: 5.199
[GPU7] epochs: [292/600] train_loss_con: 5.198
[GPU7] epochs: [293/600] train_loss_con: 5.199
[GPU7] epochs: [294/600] train_loss_con: 5.197
[GPU7] epochs: [295/600] train_loss_con: 5.198
[GPU7] epochs: [296/600] train_loss_con: 5.197
[GPU7] epochs: [297/600] train_loss_con: 5.197
[GPU7] epochs: [298/600] train_loss_con: 5.197
[GPU7] epochs: [299/600] train_loss_con: 5.197
[GPU7] epochs: [300/600] train_loss_con: 5.197
[GPU7] epochs: [301/600] train_loss_con: 5.197
[GPU7] epochs: [302/600] train_loss_con: 5.196
[GPU7] epochs: [303/600] train_loss_con: 5.197
[GPU7] epochs: [304/600] train_loss_con: 5.196
[GPU7] epochs: [305/600] train_loss_con: 5.196
[GPU7] epochs: [306/600] train_loss_con: 5.196
[GPU7] epochs: [307/600] train_loss_con: 5.196
[GPU7] epochs: [308/600] train_loss_con: 5.196
[GPU7] epochs: [309/600] train_loss_con: 5.196
[GPU7] epochs: [310/600] train_loss_con: 5.196
[GPU7] epochs: [311/600] train_loss_con: 5.196
[GPU7] epochs: [312/600] train_loss_con: 5.196
[GPU7] epochs: [313/600] train_loss_con: 5.195
[GPU7] epochs: [314/600] train_loss_con: 5.195
[GPU7] epochs: [315/600] train_loss_con: 5.194
[GPU7] epochs: [316/600] train_loss_con: 5.195
[GPU7] epochs: [317/600] train_loss_con: 5.193
[GPU7] epochs: [318/600] train_loss_con: 5.194
[GPU7] epochs: [319/600] train_loss_con: 5.195
[GPU7] epochs: [320/600] train_loss_con: 5.195
[GPU7] epochs: [321/600] train_loss_con: 5.193
[GPU7] epochs: [322/600] train_loss_con: 5.194
[GPU7] epochs: [323/600] train_loss_con: 5.192
[GPU7] epochs: [324/600] train_loss_con: 5.194
[GPU7] epochs: [325/600] train_loss_con: 5.195
[GPU7] epochs: [326/600] train_loss_con: 5.193
[GPU7] epochs: [327/600] train_loss_con: 5.193
[GPU7] epochs: [328/600] train_loss_con: 5.192
[GPU7] epochs: [329/600] train_loss_con: 5.192
[GPU7] epochs: [330/600] train_loss_con: 5.192
[GPU7] epochs: [331/600] train_loss_con: 5.191
[GPU7] epochs: [332/600] train_loss_con: 5.191
[GPU7] epochs: [333/600] train_loss_con: 5.191
[GPU7] epochs: [334/600] train_loss_con: 5.190
[GPU7] epochs: [335/600] train_loss_con: 5.190
[GPU7] epochs: [336/600] train_loss_con: 5.190
[GPU7] epochs: [337/600] train_loss_con: 5.191
[GPU7] epochs: [338/600] train_loss_con: 5.190
[GPU7] epochs: [339/600] train_loss_con: 5.190
[GPU7] epochs: [340/600] train_loss_con: 5.190
[GPU7] epochs: [341/600] train_loss_con: 5.190
[GPU7] epochs: [342/600] train_loss_con: 5.190
[GPU7] epochs: [343/600] train_loss_con: 5.190
[GPU7] epochs: [344/600] train_loss_con: 5.188
[GPU7] epochs: [345/600] train_loss_con: 5.190
[GPU7] epochs: [346/600] train_loss_con: 5.189
[GPU7] epochs: [347/600] train_loss_con: 5.189
[GPU7] epochs: [348/600] train_loss_con: 5.190
[GPU7] epochs: [349/600] train_loss_con: 5.189
[GPU7] epochs: [350/600] train_loss_con: 5.189
[GPU7] epochs: [351/600] train_loss_con: 5.189
[GPU7] epochs: [352/600] train_loss_con: 5.187
[GPU7] epochs: [353/600] train_loss_con: 5.188
[GPU7] epochs: [354/600] train_loss_con: 5.188
[GPU7] epochs: [355/600] train_loss_con: 5.188
[GPU7] epochs: [356/600] train_loss_con: 5.187
[GPU7] epochs: [357/600] train_loss_con: 5.187
[GPU7] epochs: [358/600] train_loss_con: 5.187
[GPU7] epochs: [359/600] train_loss_con: 5.187
[GPU7] epochs: [360/600] train_loss_con: 5.188
[GPU7] epochs: [361/600] train_loss_con: 5.188
[GPU7] epochs: [362/600] train_loss_con: 5.187
[GPU7] epochs: [363/600] train_loss_con: 5.187
[GPU7] epochs: [364/600] train_loss_con: 5.188
[GPU7] epochs: [365/600] train_loss_con: 5.188
[GPU7] epochs: [366/600] train_loss_con: 5.187
[GPU7] epochs: [367/600] train_loss_con: 5.186
[GPU7] epochs: [368/600] train_loss_con: 5.187
[GPU7] epochs: [369/600] train_loss_con: 5.186
[GPU7] epochs: [370/600] train_loss_con: 5.187
[GPU7] epochs: [371/600] train_loss_con: 5.187
[GPU7] epochs: [372/600] train_loss_con: 5.186
[GPU7] epochs: [373/600] train_loss_con: 5.186
[GPU7] epochs: [374/600] train_loss_con: 5.186
[GPU7] epochs: [375/600] train_loss_con: 5.186
[GPU7] epochs: [376/600] train_loss_con: 5.185
[GPU7] epochs: [377/600] train_loss_con: 5.185
[GPU7] epochs: [378/600] train_loss_con: 5.186
[GPU7] epochs: [379/600] train_loss_con: 5.185
[GPU7] epochs: [380/600] train_loss_con: 5.185
[GPU7] epochs: [381/600] train_loss_con: 5.185
[GPU7] epochs: [382/600] train_loss_con: 5.185
[GPU7] epochs: [383/600] train_loss_con: 5.186
[GPU7] epochs: [384/600] train_loss_con: 5.184
[GPU7] epochs: [385/600] train_loss_con: 5.185
[GPU7] epochs: [386/600] train_loss_con: 5.185
[GPU7] epochs: [387/600] train_loss_con: 5.185
[GPU7] epochs: [388/600] train_loss_con: 5.183
[GPU7] epochs: [389/600] train_loss_con: 5.183
[GPU7] epochs: [390/600] train_loss_con: 5.185
[GPU7] epochs: [391/600] train_loss_con: 5.184
[GPU7] epochs: [392/600] train_loss_con: 5.183
[GPU7] epochs: [393/600] train_loss_con: 5.183
[GPU7] epochs: [394/600] train_loss_con: 5.183
[GPU7] epochs: [395/600] train_loss_con: 5.182
[GPU7] epochs: [396/600] train_loss_con: 5.182
[GPU7] epochs: [397/600] train_loss_con: 5.183
[GPU7] epochs: [398/600] train_loss_con: 5.182
[GPU7] epochs: [399/600] train_loss_con: 5.183
[GPU7] epochs: [400/600] train_loss_con: 5.183
[GPU7] epochs: [401/600] train_loss_con: 5.183
[GPU7] epochs: [402/600] train_loss_con: 5.182
[GPU7] epochs: [403/600] train_loss_con: 5.182
[GPU7] epochs: [404/600] train_loss_con: 5.181
[GPU7] epochs: [405/600] train_loss_con: 5.182
[GPU7] epochs: [406/600] train_loss_con: 5.181
[GPU7] epochs: [407/600] train_loss_con: 5.182
[GPU7] epochs: [408/600] train_loss_con: 5.183
[GPU7] epochs: [409/600] train_loss_con: 5.182
[GPU7] epochs: [410/600] train_loss_con: 5.181
[GPU7] epochs: [411/600] train_loss_con: 5.181
[GPU7] epochs: [412/600] train_loss_con: 5.183
[GPU7] epochs: [413/600] train_loss_con: 5.181
[GPU7] epochs: [414/600] train_loss_con: 5.182
[GPU7] epochs: [415/600] train_loss_con: 5.181
[GPU7] epochs: [416/600] train_loss_con: 5.181
[GPU7] epochs: [417/600] train_loss_con: 5.182
[GPU7] epochs: [418/600] train_loss_con: 5.182
[GPU7] epochs: [419/600] train_loss_con: 5.181
[GPU7] epochs: [420/600] train_loss_con: 5.182
[GPU7] epochs: [421/600] train_loss_con: 5.180
[GPU7] epochs: [422/600] train_loss_con: 5.181
[GPU7] epochs: [423/600] train_loss_con: 5.180
[GPU7] epochs: [424/600] train_loss_con: 5.181
[GPU7] epochs: [425/600] train_loss_con: 5.180
[GPU7] epochs: [426/600] train_loss_con: 5.179
[GPU7] epochs: [427/600] train_loss_con: 5.180
[GPU7] epochs: [428/600] train_loss_con: 5.179
[GPU7] epochs: [429/600] train_loss_con: 5.180
[GPU7] epochs: [430/600] train_loss_con: 5.179
[GPU7] epochs: [431/600] train_loss_con: 5.179
[GPU7] epochs: [432/600] train_loss_con: 5.179
[GPU7] epochs: [433/600] train_loss_con: 5.178
[GPU7] epochs: [434/600] train_loss_con: 5.180
[GPU7] epochs: [435/600] train_loss_con: 5.179
[GPU7] epochs: [436/600] train_loss_con: 5.179
[GPU7] epochs: [437/600] train_loss_con: 5.178
[GPU7] epochs: [438/600] train_loss_con: 5.178
[GPU7] epochs: [439/600] train_loss_con: 5.178
[GPU7] epochs: [440/600] train_loss_con: 5.178
[GPU7] epochs: [441/600] train_loss_con: 5.179
[GPU7] epochs: [442/600] train_loss_con: 5.179
[GPU7] epochs: [443/600] train_loss_con: 5.179
[GPU7] epochs: [444/600] train_loss_con: 5.178
[GPU7] epochs: [445/600] train_loss_con: 5.179
[GPU7] epochs: [446/600] train_loss_con: 5.177
[GPU7] epochs: [447/600] train_loss_con: 5.178
[GPU7] epochs: [448/600] train_loss_con: 5.178
[GPU7] epochs: [449/600] train_loss_con: 5.179
[GPU7] epochs: [450/600] train_loss_con: 5.176
[GPU7] epochs: [451/600] train_loss_con: 5.178
[GPU7] epochs: [452/600] train_loss_con: 5.177
[GPU7] epochs: [453/600] train_loss_con: 5.178
[GPU7] epochs: [454/600] train_loss_con: 5.179
[GPU7] epochs: [455/600] train_loss_con: 5.177
[GPU7] epochs: [456/600] train_loss_con: 5.177
[GPU7] epochs: [457/600] train_loss_con: 5.178
[GPU7] epochs: [458/600] train_loss_con: 5.178
[GPU7] epochs: [459/600] train_loss_con: 5.178
[GPU7] epochs: [460/600] train_loss_con: 5.178
[GPU7] epochs: [461/600] train_loss_con: 5.176
[GPU7] epochs: [462/600] train_loss_con: 5.177
[GPU7] epochs: [463/600] train_loss_con: 5.177
[GPU7] epochs: [464/600] train_loss_con: 5.177
[GPU7] epochs: [465/600] train_loss_con: 5.177
[GPU7] epochs: [466/600] train_loss_con: 5.178
[GPU7] epochs: [467/600] train_loss_con: 5.177
[GPU7] epochs: [468/600] train_loss_con: 5.177
[GPU7] epochs: [469/600] train_loss_con: 5.177
[GPU7] epochs: [470/600] train_loss_con: 5.177
[GPU7] epochs: [471/600] train_loss_con: 5.178
[GPU7] epochs: [472/600] train_loss_con: 5.176
[GPU7] epochs: [473/600] train_loss_con: 5.177
[GPU7] epochs: [474/600] train_loss_con: 5.176
[GPU7] epochs: [475/600] train_loss_con: 5.176
[GPU7] epochs: [476/600] train_loss_con: 5.177
[GPU7] epochs: [477/600] train_loss_con: 5.177
[GPU7] epochs: [478/600] train_loss_con: 5.178
[GPU7] epochs: [479/600] train_loss_con: 5.176
[GPU7] epochs: [480/600] train_loss_con: 5.177
[GPU7] epochs: [481/600] train_loss_con: 5.175
[GPU7] epochs: [482/600] train_loss_con: 5.175
[GPU7] epochs: [483/600] train_loss_con: 5.177
[GPU7] epochs: [484/600] train_loss_con: 5.175
[GPU7] epochs: [485/600] train_loss_con: 5.175
[GPU7] epochs: [486/600] train_loss_con: 5.175
[GPU7] epochs: [487/600] train_loss_con: 5.175
[GPU7] epochs: [488/600] train_loss_con: 5.176
[GPU7] epochs: [489/600] train_loss_con: 5.176
[GPU7] epochs: [490/600] train_loss_con: 5.175
[GPU7] epochs: [491/600] train_loss_con: 5.175
[GPU7] epochs: [492/600] train_loss_con: 5.174
[GPU7] epochs: [493/600] train_loss_con: 5.174
[GPU7] epochs: [494/600] train_loss_con: 5.176
[GPU7] epochs: [495/600] train_loss_con: 5.174
[GPU7] epochs: [496/600] train_loss_con: 5.175
[GPU7] epochs: [497/600] train_loss_con: 5.177
[GPU7] epochs: [498/600] train_loss_con: 5.175
[GPU7] epochs: [499/600] train_loss_con: 5.174
[GPU7] epochs: [500/600] train_loss_con: 5.174
[GPU7] epochs: [501/600] train_loss_con: 5.174
[GPU7] epochs: [502/600] train_loss_con: 5.175
[GPU7] epochs: [503/600] train_loss_con: 5.174
[GPU7] epochs: [504/600] train_loss_con: 5.174
[GPU7] epochs: [505/600] train_loss_con: 5.174
[GPU7] epochs: [506/600] train_loss_con: 5.173
[GPU7] epochs: [507/600] train_loss_con: 5.173
[GPU7] epochs: [508/600] train_loss_con: 5.175
[GPU7] epochs: [509/600] train_loss_con: 5.174
[GPU7] epochs: [510/600] train_loss_con: 5.175
[GPU7] epochs: [511/600] train_loss_con: 5.175
[GPU7] epochs: [512/600] train_loss_con: 5.175
[GPU7] epochs: [513/600] train_loss_con: 5.175
[GPU7] epochs: [514/600] train_loss_con: 5.175
[GPU7] epochs: [515/600] train_loss_con: 5.176
[GPU7] epochs: [516/600] train_loss_con: 5.174
[GPU7] epochs: [517/600] train_loss_con: 5.174
[GPU7] epochs: [518/600] train_loss_con: 5.175
[GPU7] epochs: [519/600] train_loss_con: 5.173
[GPU7] epochs: [520/600] train_loss_con: 5.174
[GPU7] epochs: [521/600] train_loss_con: 5.175
[GPU7] epochs: [522/600] train_loss_con: 5.174
[GPU7] epochs: [523/600] train_loss_con: 5.174
[GPU7] epochs: [524/600] train_loss_con: 5.174
[GPU7] epochs: [525/600] train_loss_con: 5.175
[GPU7] epochs: [526/600] train_loss_con: 5.173
[GPU7] epochs: [527/600] train_loss_con: 5.173
[GPU7] epochs: [528/600] train_loss_con: 5.174
[GPU7] epochs: [529/600] train_loss_con: 5.175
[GPU7] epochs: [530/600] train_loss_con: 5.173
[GPU7] epochs: [531/600] train_loss_con: 5.173
[GPU7] epochs: [532/600] train_loss_con: 5.173
[GPU7] epochs: [533/600] train_loss_con: 5.173
[GPU7] epochs: [534/600] train_loss_con: 5.174
[GPU7] epochs: [535/600] train_loss_con: 5.174
[GPU7] epochs: [536/600] train_loss_con: 5.174
[GPU7] epochs: [537/600] train_loss_con: 5.174
[GPU7] epochs: [538/600] train_loss_con: 5.172
[GPU7] epochs: [539/600] train_loss_con: 5.173
[GPU7] epochs: [540/600] train_loss_con: 5.174
[GPU7] epochs: [541/600] train_loss_con: 5.174
[GPU7] epochs: [542/600] train_loss_con: 5.173
[GPU7] epochs: [543/600] train_loss_con: 5.175
[GPU7] epochs: [544/600] train_loss_con: 5.173
[GPU7] epochs: [545/600] train_loss_con: 5.172
[GPU7] epochs: [546/600] train_loss_con: 5.174
[GPU7] epochs: [547/600] train_loss_con: 5.172
[GPU7] epochs: [548/600] train_loss_con: 5.173
[GPU7] epochs: [549/600] train_loss_con: 5.174
[GPU7] epochs: [550/600] train_loss_con: 5.173
[GPU7] epochs: [551/600] train_loss_con: 5.174
[GPU7] epochs: [552/600] train_loss_con: 5.173
[GPU7] epochs: [553/600] train_loss_con: 5.172
[GPU7] epochs: [554/600] train_loss_con: 5.172
[GPU7] epochs: [555/600] train_loss_con: 5.174
[GPU7] epochs: [556/600] train_loss_con: 5.172
[GPU7] epochs: [557/600] train_loss_con: 5.172
[GPU7] epochs: [558/600] train_loss_con: 5.173
[GPU7] epochs: [559/600] train_loss_con: 5.173
[GPU7] epochs: [560/600] train_loss_con: 5.175
[GPU7] epochs: [561/600] train_loss_con: 5.174
[GPU7] epochs: [562/600] train_loss_con: 5.173
[GPU7] epochs: [563/600] train_loss_con: 5.171
[GPU7] epochs: [564/600] train_loss_con: 5.174
[GPU7] epochs: [565/600] train_loss_con: 5.172
[GPU7] epochs: [566/600] train_loss_con: 5.173
[GPU7] epochs: [567/600] train_loss_con: 5.172
[GPU7] epochs: [568/600] train_loss_con: 5.173
[GPU7] epochs: [569/600] train_loss_con: 5.174
[GPU7] epochs: [570/600] train_loss_con: 5.172
[GPU7] epochs: [571/600] train_loss_con: 5.171
[GPU7] epochs: [572/600] train_loss_con: 5.173
[GPU7] epochs: [573/600] train_loss_con: 5.172
[GPU7] epochs: [574/600] train_loss_con: 5.172
[GPU7] epochs: [575/600] train_loss_con: 5.172
[GPU7] epochs: [576/600] train_loss_con: 5.172
[GPU7] epochs: [577/600] train_loss_con: 5.173
[GPU7] epochs: [578/600] train_loss_con: 5.172
[GPU7] epochs: [579/600] train_loss_con: 5.174
[GPU7] epochs: [580/600] train_loss_con: 5.172
[GPU7] epochs: [581/600] train_loss_con: 5.172
[GPU7] epochs: [582/600] train_loss_con: 5.173
[GPU7] epochs: [583/600] train_loss_con: 5.172
[GPU7] epochs: [584/600] train_loss_con: 5.173
[GPU7] epochs: [585/600] train_loss_con: 5.172
[GPU7] epochs: [586/600] train_loss_con: 5.173
[GPU7] epochs: [587/600] train_loss_con: 5.172
[GPU7] epochs: [588/600] train_loss_con: 5.172
[GPU7] epochs: [589/600] train_loss_con: 5.174
[GPU7] epochs: [590/600] train_loss_con: 5.172
[GPU7] epochs: [591/600] train_loss_con: 5.172
[GPU7] epochs: [592/600] train_loss_con: 5.172
[GPU7] epochs: [593/600] train_loss_con: 5.173
[GPU7] epochs: [594/600] train_loss_con: 5.173
[GPU7] epochs: [595/600] train_loss_con: 5.172
[GPU7] epochs: [596/600] train_loss_con: 5.173
[GPU7] epochs: [597/600] train_loss_con: 5.171
[GPU7] epochs: [598/600] train_loss_con: 5.174
[GPU7] epochs: [599/600] train_loss_con: 5.172
[GPU7] epochs: [600/600] train_loss_con: 5.173
### TSNE starts
### MLP training begins
[GPU7] Test Accuracy at epoch: 0: 0.068
[GPU7] epochs: [1/100] train_acc: 0.044 train_loss_sup: 388.506
[GPU7] epochs: [2/100] train_acc: 0.071 train_loss_sup: 107.922
[GPU7] epochs: [3/100] train_acc: 0.111 train_loss_sup: 27.499
[GPU7] epochs: [4/100] train_acc: 0.121 train_loss_sup: 32.251
[GPU7] epochs: [5/100] train_acc: 0.149 train_loss_sup: 3.542
[GPU7] epochs: [6/100] train_acc: 0.166 train_loss_sup: 5.589
[GPU7] epochs: [7/100] train_acc: 0.183 train_loss_sup: 3.328
[GPU7] epochs: [8/100] train_acc: 0.196 train_loss_sup: 3.258
[GPU7] epochs: [9/100] train_acc: 0.206 train_loss_sup: 3.205
[GPU7] epochs: [10/100] train_acc: 0.219 train_loss_sup: 3.165
[GPU7] Test Accuracy at epoch: 10: 0.243
[GPU7] epochs: [11/100] train_acc: 0.224 train_loss_sup: 3.116
[GPU7] epochs: [12/100] train_acc: 0.231 train_loss_sup: 3.211
[GPU7] epochs: [13/100] train_acc: 0.237 train_loss_sup: 3.091
[GPU7] epochs: [14/100] train_acc: 0.242 train_loss_sup: 3.018
[GPU7] epochs: [15/100] train_acc: 0.248 train_loss_sup: 2.992
[GPU7] epochs: [16/100] train_acc: 0.252 train_loss_sup: 3.938
[GPU7] epochs: [17/100] train_acc: 0.254 train_loss_sup: 3.102
[GPU7] epochs: [18/100] train_acc: 0.261 train_loss_sup: 2.944
[GPU7] epochs: [19/100] train_acc: 0.265 train_loss_sup: 2.918
[GPU7] epochs: [20/100] train_acc: 0.268 train_loss_sup: 2.899
[GPU7] Test Accuracy at epoch: 20: 0.297
[GPU7] epochs: [21/100] train_acc: 0.273 train_loss_sup: 2.883
[GPU7] epochs: [22/100] train_acc: 0.275 train_loss_sup: 2.872
[GPU7] epochs: [23/100] train_acc: 0.279 train_loss_sup: 2.851
[GPU7] epochs: [24/100] train_acc: 0.282 train_loss_sup: 2.838
[GPU7] epochs: [25/100] train_acc: 0.286 train_loss_sup: 2.828
[GPU7] epochs: [26/100] train_acc: 0.289 train_loss_sup: 2.807
[GPU7] epochs: [27/100] train_acc: 0.290 train_loss_sup: 2.796
[GPU7] epochs: [28/100] train_acc: 0.290 train_loss_sup: 2.945
[GPU7] epochs: [29/100] train_acc: 0.293 train_loss_sup: 2.779
[GPU7] epochs: [30/100] train_acc: 0.295 train_loss_sup: 2.767
[GPU7] Test Accuracy at epoch: 30: 0.321
[GPU7] epochs: [31/100] train_acc: 0.299 train_loss_sup: 2.757
[GPU7] epochs: [32/100] train_acc: 0.303 train_loss_sup: 2.741
[GPU7] epochs: [33/100] train_acc: 0.304 train_loss_sup: 2.793
[GPU7] epochs: [34/100] train_acc: 0.302 train_loss_sup: 2.777
[GPU7] epochs: [35/100] train_acc: 0.308 train_loss_sup: 2.719
[GPU7] epochs: [36/100] train_acc: 0.314 train_loss_sup: 2.707
[GPU7] epochs: [37/100] train_acc: 0.310 train_loss_sup: 2.700
[GPU7] epochs: [38/100] train_acc: 0.310 train_loss_sup: 2.695
[GPU7] epochs: [39/100] train_acc: 0.315 train_loss_sup: 2.688
[GPU7] epochs: [40/100] train_acc: 0.313 train_loss_sup: 2.679
[GPU7] Test Accuracy at epoch: 40: 0.343
[GPU7] epochs: [41/100] train_acc: 0.318 train_loss_sup: 2.692
[GPU7] epochs: [42/100] train_acc: 0.319 train_loss_sup: 2.667
[GPU7] epochs: [43/100] train_acc: 0.320 train_loss_sup: 2.659
[GPU7] epochs: [44/100] train_acc: 0.321 train_loss_sup: 2.655
[GPU7] epochs: [45/100] train_acc: 0.322 train_loss_sup: 2.649
[GPU7] epochs: [46/100] train_acc: 0.324 train_loss_sup: 2.644
[GPU7] epochs: [47/100] train_acc: 0.324 train_loss_sup: 2.638
[GPU7] epochs: [48/100] train_acc: 0.324 train_loss_sup: 2.638
[GPU7] epochs: [49/100] train_acc: 0.325 train_loss_sup: 2.637
[GPU7] epochs: [50/100] train_acc: 0.327 train_loss_sup: 2.629
[GPU7] Test Accuracy at epoch: 50: 0.353
[GPU7] epochs: [51/100] train_acc: 0.329 train_loss_sup: 2.665
[GPU7] epochs: [52/100] train_acc: 0.329 train_loss_sup: 2.619
[GPU7] epochs: [53/100] train_acc: 0.331 train_loss_sup: 2.612
[GPU7] epochs: [54/100] train_acc: 0.333 train_loss_sup: 2.618
[GPU7] epochs: [55/100] train_acc: 0.333 train_loss_sup: 2.608
[GPU7] epochs: [56/100] train_acc: 0.334 train_loss_sup: 2.602
[GPU7] epochs: [57/100] train_acc: 0.334 train_loss_sup: 2.604
[GPU7] epochs: [58/100] train_acc: 0.335 train_loss_sup: 2.596
[GPU7] epochs: [59/100] train_acc: 0.336 train_loss_sup: 2.583
[GPU7] epochs: [60/100] train_acc: 0.339 train_loss_sup: 2.581
[GPU7] Test Accuracy at epoch: 60: 0.367
[GPU7] epochs: [61/100] train_acc: 0.337 train_loss_sup: 2.573
[GPU7] epochs: [62/100] train_acc: 0.339 train_loss_sup: 2.572
[GPU7] epochs: [63/100] train_acc: 0.341 train_loss_sup: 2.569
[GPU7] epochs: [64/100] train_acc: 0.342 train_loss_sup: 2.566
[GPU7] epochs: [65/100] train_acc: 0.340 train_loss_sup: 2.564
[GPU7] epochs: [66/100] train_acc: 0.345 train_loss_sup: 2.551
[GPU7] epochs: [67/100] train_acc: 0.346 train_loss_sup: 2.552
[GPU7] epochs: [68/100] train_acc: 0.347 train_loss_sup: 2.542
[GPU7] epochs: [69/100] train_acc: 0.346 train_loss_sup: 2.542
[GPU7] epochs: [70/100] train_acc: 0.348 train_loss_sup: 2.539
[GPU7] Test Accuracy at epoch: 70: 0.373
[GPU7] epochs: [71/100] train_acc: 0.346 train_loss_sup: 2.538
[GPU7] epochs: [72/100] train_acc: 0.347 train_loss_sup: 2.541
[GPU7] epochs: [73/100] train_acc: 0.349 train_loss_sup: 2.533
[GPU7] epochs: [74/100] train_acc: 0.351 train_loss_sup: 2.524
[GPU7] epochs: [75/100] train_acc: 0.353 train_loss_sup: 2.529
[GPU7] epochs: [76/100] train_acc: 0.350 train_loss_sup: 2.520
[GPU7] epochs: [77/100] train_acc: 0.356 train_loss_sup: 2.509
[GPU7] epochs: [78/100] train_acc: 0.355 train_loss_sup: 2.511
[GPU7] epochs: [79/100] train_acc: 0.353 train_loss_sup: 2.504
[GPU7] epochs: [80/100] train_acc: 0.355 train_loss_sup: 2.504
[GPU7] Test Accuracy at epoch: 80: 0.377
[GPU7] epochs: [81/100] train_acc: 0.353 train_loss_sup: 2.510
[GPU7] epochs: [82/100] train_acc: 0.355 train_loss_sup: 2.496
[GPU7] epochs: [83/100] train_acc: 0.356 train_loss_sup: 2.490
[GPU7] epochs: [84/100] train_acc: 0.359 train_loss_sup: 2.494
[GPU7] epochs: [85/100] train_acc: 0.359 train_loss_sup: 2.492
[GPU7] epochs: [86/100] train_acc: 0.359 train_loss_sup: 2.486
[GPU7] epochs: [87/100] train_acc: 0.355 train_loss_sup: 2.510
[GPU7] epochs: [88/100] train_acc: 0.359 train_loss_sup: 2.492
[GPU7] epochs: [89/100] train_acc: 0.359 train_loss_sup: 2.483
[GPU7] epochs: [90/100] train_acc: 0.361 train_loss_sup: 2.475
[GPU7] Test Accuracy at epoch: 90: 0.373
[GPU7] epochs: [91/100] train_acc: 0.361 train_loss_sup: 2.477
[GPU7] epochs: [92/100] train_acc: 0.362 train_loss_sup: 2.476
[GPU7] epochs: [93/100] train_acc: 0.362 train_loss_sup: 2.470
[GPU7] epochs: [94/100] train_acc: 0.363 train_loss_sup: 2.470
[GPU7] epochs: [95/100] train_acc: 0.363 train_loss_sup: 2.466
[GPU7] epochs: [96/100] train_acc: 0.366 train_loss_sup: 2.459
[GPU7] epochs: [97/100] train_acc: 0.364 train_loss_sup: 2.459
[GPU7] epochs: [98/100] train_acc: 0.367 train_loss_sup: 2.454
[GPU7] epochs: [99/100] train_acc: 0.365 train_loss_sup: 2.455
[GPU7] epochs: [100/100] train_acc: 0.368 train_loss_sup: 2.446
[GPU7] Final Test Accuracy: 0.393
Model weights saved
