environment: 
YAML: configs/scalre.c10.yaml
==> SEED: 42
==> num_classes: 10
==> data_name: cifar10
==> data_params: {'algo': 'scalre', 'data_dir': 'datasets/cifar10', 'batch_size': 512, 'num_workers': 3, 'image_size': 32}
==> return_logs: False
==> eval_every: 10
==> n_epochs: 800
==> n_epochs_mlp: 100
==> gpu_id: 2
==> opt: SGD
==> opt_params: {'lr': 0.5, 'momentum': 0.9, 'nesterov': True}
==> schedular_params: {'T_max': 800, 'eta_min': 0.001}
==> mlp_opt: SGD
==> mlp_opt_params: {'lr': 0.01, 'momentum': 0.9, 'nesterov': True}
==> energy_model_params: {'eta': 0.01, 'steps': 5, 'sigma': 0.2, 'delta': 0.1, 'net_type': 'energy'}
==> energy_opt: AdamW
==> energy_model_opt_params: {'lr': 0.001}
==> model_params: {'model_name': 'resnet50', 'pretrained': False, 'proj_dim': 128, 'algo_type': 'scalre'}
==> mlp_type: linear
==> loss: scalre
==> loss_params: {'sim': 'cosine', 'tau': 0.5}
==> distributed: False
==> train_algo: scalre
==> model_save_path: saved_models/scalre.c10.r50.e800.lin.pth
==> warmup_epochs: 0
==> config: configs/scalre.c10.yaml
--------------------------------------------------
Files already downloaded and verified
Files already downloaded and verified
Files already downloaded and verified
# of Training Images: 50000
# of Testing Images: 10000
===> using linear mlp
using optimizer: SGD
using optimizer: SGD
loss function: scalre
using optimizer: AdamW
### ScAlRe Training begins
[GPU2] epochs: [1/800] train_loss_con: 6.815 energy_loss: 1024.230
[GPU2] epochs: [2/800] train_loss_con: 6.480 energy_loss: 1024.199
[GPU2] epochs: [3/800] train_loss_con: 6.267 energy_loss: 1024.059
[GPU2] epochs: [4/800] train_loss_con: 6.137 energy_loss: 1023.973
[GPU2] epochs: [5/800] train_loss_con: 6.065 energy_loss: 1023.773
[GPU2] epochs: [6/800] train_loss_con: 5.993 energy_loss: 1023.688
[GPU2] epochs: [7/800] train_loss_con: 5.943 energy_loss: 1023.735
[GPU2] epochs: [8/800] train_loss_con: 5.905 energy_loss: 1023.948
[GPU2] epochs: [9/800] train_loss_con: 5.872 energy_loss: 1023.948
[GPU2] epochs: [10/800] train_loss_con: 5.848 energy_loss: 1023.958
[GPU2] epochs: [11/800] train_loss_con: 5.829 energy_loss: 1023.944
[GPU2] epochs: [12/800] train_loss_con: 5.807 energy_loss: 1024.004
[GPU2] epochs: [13/800] train_loss_con: 5.798 energy_loss: 1023.723
[GPU2] epochs: [14/800] train_loss_con: 5.786 energy_loss: 1023.716
[GPU2] epochs: [15/800] train_loss_con: 5.769 energy_loss: 1023.831
[GPU2] epochs: [16/800] train_loss_con: 5.762 energy_loss: 1023.898
[GPU2] epochs: [17/800] train_loss_con: 5.755 energy_loss: 1023.901
[GPU2] epochs: [18/800] train_loss_con: 5.743 energy_loss: 1023.912
[GPU2] epochs: [19/800] train_loss_con: 5.734 energy_loss: 1023.898
[GPU2] epochs: [20/800] train_loss_con: 5.727 energy_loss: 1023.822
[GPU2] epochs: [21/800] train_loss_con: 5.723 energy_loss: 1023.627
[GPU2] epochs: [22/800] train_loss_con: 5.713 energy_loss: 1024.013
[GPU2] epochs: [23/800] train_loss_con: 5.711 energy_loss: 1024.186
[GPU2] epochs: [24/800] train_loss_con: 5.704 energy_loss: 1023.889
[GPU2] epochs: [25/800] train_loss_con: 5.698 energy_loss: 1024.083
[GPU2] epochs: [26/800] train_loss_con: 5.697 energy_loss: 1024.015
[GPU2] epochs: [27/800] train_loss_con: 5.694 energy_loss: 1024.015
[GPU2] epochs: [28/800] train_loss_con: 5.689 energy_loss: 1023.985
[GPU2] epochs: [29/800] train_loss_con: 5.684 energy_loss: 1024.133
[GPU2] epochs: [30/800] train_loss_con: 5.681 energy_loss: 1023.924
[GPU2] epochs: [31/800] train_loss_con: 5.680 energy_loss: 1023.658
[GPU2] epochs: [32/800] train_loss_con: 5.671 energy_loss: 1024.137
[GPU2] epochs: [33/800] train_loss_con: 5.671 energy_loss: 1024.055
[GPU2] epochs: [34/800] train_loss_con: 5.666 energy_loss: 1023.685
[GPU2] epochs: [35/800] train_loss_con: 5.673 energy_loss: 1023.728
[GPU2] epochs: [36/800] train_loss_con: 5.659 energy_loss: 1023.581
[GPU2] epochs: [37/800] train_loss_con: 5.659 energy_loss: 1023.680
[GPU2] epochs: [38/800] train_loss_con: 5.658 energy_loss: 1023.335
[GPU2] epochs: [39/800] train_loss_con: 5.659 energy_loss: 1023.144
[GPU2] epochs: [40/800] train_loss_con: 5.653 energy_loss: 1022.865
[GPU2] epochs: [41/800] train_loss_con: 5.651 energy_loss: 1023.445
[GPU2] epochs: [42/800] train_loss_con: 5.652 energy_loss: 1023.399
[GPU2] epochs: [43/800] train_loss_con: 5.648 energy_loss: 1022.262
[GPU2] epochs: [44/800] train_loss_con: 5.645 energy_loss: 1021.931
[GPU2] epochs: [45/800] train_loss_con: 5.645 energy_loss: 1022.238
[GPU2] epochs: [46/800] train_loss_con: 5.641 energy_loss: 1023.052
[GPU2] epochs: [47/800] train_loss_con: 5.641 energy_loss: 1024.031
[GPU2] epochs: [48/800] train_loss_con: 5.636 energy_loss: 1024.000
[GPU2] epochs: [49/800] train_loss_con: 5.637 energy_loss: 1024.032
[GPU2] epochs: [50/800] train_loss_con: 5.633 energy_loss: 1024.062
[GPU2] epochs: [51/800] train_loss_con: 5.635 energy_loss: 1023.896
[GPU2] epochs: [52/800] train_loss_con: 5.629 energy_loss: 1023.742
[GPU2] epochs: [53/800] train_loss_con: 5.628 energy_loss: 1023.616
[GPU2] epochs: [54/800] train_loss_con: 5.629 energy_loss: 1022.922
[GPU2] epochs: [55/800] train_loss_con: 5.630 energy_loss: 1024.078
[GPU2] epochs: [56/800] train_loss_con: 5.624 energy_loss: 1023.975
[GPU2] epochs: [57/800] train_loss_con: 5.623 energy_loss: 1024.053
[GPU2] epochs: [58/800] train_loss_con: 5.624 energy_loss: 1024.046
[GPU2] epochs: [59/800] train_loss_con: 5.622 energy_loss: 1023.910
[GPU2] epochs: [60/800] train_loss_con: 5.618 energy_loss: 1023.922
[GPU2] epochs: [61/800] train_loss_con: 5.619 energy_loss: 1023.962
[GPU2] epochs: [62/800] train_loss_con: 5.617 energy_loss: 1024.151
[GPU2] epochs: [63/800] train_loss_con: 5.615 energy_loss: 1024.011
[GPU2] epochs: [64/800] train_loss_con: 5.614 energy_loss: 1023.963
[GPU2] epochs: [65/800] train_loss_con: 5.616 energy_loss: 1024.164
[GPU2] epochs: [66/800] train_loss_con: 5.609 energy_loss: 1024.003
[GPU2] epochs: [67/800] train_loss_con: 5.607 energy_loss: 1023.936
[GPU2] epochs: [68/800] train_loss_con: 5.613 energy_loss: 1023.942
[GPU2] epochs: [69/800] train_loss_con: 5.607 energy_loss: 1023.854
[GPU2] epochs: [70/800] train_loss_con: 5.606 energy_loss: 1023.909
[GPU2] epochs: [71/800] train_loss_con: 5.608 energy_loss: 1023.864
[GPU2] epochs: [72/800] train_loss_con: 5.605 energy_loss: 1023.312
[GPU2] epochs: [73/800] train_loss_con: 5.603 energy_loss: 1022.102
[GPU2] epochs: [74/800] train_loss_con: 5.601 energy_loss: 1022.329
[GPU2] epochs: [75/800] train_loss_con: 5.602 energy_loss: 1021.338
[GPU2] epochs: [76/800] train_loss_con: 5.602 energy_loss: 1020.477
[GPU2] epochs: [77/800] train_loss_con: 5.599 energy_loss: 1018.972
[GPU2] epochs: [78/800] train_loss_con: 5.599 energy_loss: 1021.590
[GPU2] epochs: [79/800] train_loss_con: 5.596 energy_loss: 1021.676
[GPU2] epochs: [80/800] train_loss_con: 5.597 energy_loss: 1020.364
[GPU2] epochs: [81/800] train_loss_con: 5.595 energy_loss: 1021.181
[GPU2] epochs: [82/800] train_loss_con: 5.594 energy_loss: 1024.065
[GPU2] epochs: [83/800] train_loss_con: 5.594 energy_loss: 1023.989
[GPU2] epochs: [84/800] train_loss_con: 5.594 energy_loss: 1024.090
[GPU2] epochs: [85/800] train_loss_con: 5.589 energy_loss: 1023.981
[GPU2] epochs: [86/800] train_loss_con: 5.590 energy_loss: 1023.888
[GPU2] epochs: [87/800] train_loss_con: 5.588 energy_loss: 1023.983
[GPU2] epochs: [88/800] train_loss_con: 5.590 energy_loss: 1023.969
[GPU2] epochs: [89/800] train_loss_con: 5.586 energy_loss: 1023.902
[GPU2] epochs: [90/800] train_loss_con: 5.590 energy_loss: 1023.877
[GPU2] epochs: [91/800] train_loss_con: 5.584 energy_loss: 1024.049
[GPU2] epochs: [92/800] train_loss_con: 5.587 energy_loss: 1024.152
[GPU2] epochs: [93/800] train_loss_con: 5.584 energy_loss: 1024.040
[GPU2] epochs: [94/800] train_loss_con: 5.583 energy_loss: 1024.021
[GPU2] epochs: [95/800] train_loss_con: 5.586 energy_loss: 1023.911
[GPU2] epochs: [96/800] train_loss_con: 5.582 energy_loss: 1023.909
[GPU2] epochs: [97/800] train_loss_con: 5.582 energy_loss: 1024.103
[GPU2] epochs: [98/800] train_loss_con: 5.578 energy_loss: 1023.983
[GPU2] epochs: [99/800] train_loss_con: 5.581 energy_loss: 1024.061
[GPU2] epochs: [100/800] train_loss_con: 5.579 energy_loss: 1024.072
[GPU2] epochs: [101/800] train_loss_con: 5.581 energy_loss: 1024.012
[GPU2] epochs: [102/800] train_loss_con: 5.579 energy_loss: 1023.863
[GPU2] epochs: [103/800] train_loss_con: 5.578 energy_loss: 1023.816
[GPU2] epochs: [104/800] train_loss_con: 5.578 energy_loss: 1024.016
[GPU2] epochs: [105/800] train_loss_con: 5.577 energy_loss: 1023.936
[GPU2] epochs: [106/800] train_loss_con: 5.574 energy_loss: 1024.082
[GPU2] epochs: [107/800] train_loss_con: 5.576 energy_loss: 1024.164
[GPU2] epochs: [108/800] train_loss_con: 5.577 energy_loss: 1023.797
[GPU2] epochs: [109/800] train_loss_con: 5.577 energy_loss: 1024.103
[GPU2] epochs: [110/800] train_loss_con: 5.573 energy_loss: 1023.845
[GPU2] epochs: [111/800] train_loss_con: 5.574 energy_loss: 1024.083
[GPU2] epochs: [112/800] train_loss_con: 5.572 energy_loss: 1023.945
[GPU2] epochs: [113/800] train_loss_con: 5.568 energy_loss: 1023.850
[GPU2] epochs: [114/800] train_loss_con: 5.569 energy_loss: 1024.037
[GPU2] epochs: [115/800] train_loss_con: 5.571 energy_loss: 1024.085
[GPU2] epochs: [116/800] train_loss_con: 5.570 energy_loss: 1024.118
[GPU2] epochs: [117/800] train_loss_con: 5.567 energy_loss: 1024.089
[GPU2] epochs: [118/800] train_loss_con: 5.570 energy_loss: 1024.013
[GPU2] epochs: [119/800] train_loss_con: 5.571 energy_loss: 1023.883
[GPU2] epochs: [120/800] train_loss_con: 5.565 energy_loss: 1024.088
[GPU2] epochs: [121/800] train_loss_con: 5.568 energy_loss: 1023.942
[GPU2] epochs: [122/800] train_loss_con: 5.565 energy_loss: 1023.972
[GPU2] epochs: [123/800] train_loss_con: 5.564 energy_loss: 1023.954
[GPU2] epochs: [124/800] train_loss_con: 5.563 energy_loss: 1024.002
[GPU2] epochs: [125/800] train_loss_con: 5.564 energy_loss: 1023.810
[GPU2] epochs: [126/800] train_loss_con: 5.566 energy_loss: 1023.918
[GPU2] epochs: [127/800] train_loss_con: 5.559 energy_loss: 1023.874
[GPU2] epochs: [128/800] train_loss_con: 5.564 energy_loss: 1023.761
[GPU2] epochs: [129/800] train_loss_con: 5.560 energy_loss: 1023.610
[GPU2] epochs: [130/800] train_loss_con: 5.557 energy_loss: 1021.371
[GPU2] epochs: [131/800] train_loss_con: 5.558 energy_loss: 1018.773
[GPU2] epochs: [132/800] train_loss_con: 5.557 energy_loss: 1020.767
[GPU2] epochs: [133/800] train_loss_con: 5.558 energy_loss: 1020.565
[GPU2] epochs: [134/800] train_loss_con: 5.558 energy_loss: 1020.558
[GPU2] epochs: [135/800] train_loss_con: 5.557 energy_loss: 1019.020
[GPU2] epochs: [136/800] train_loss_con: 5.558 energy_loss: 1014.331
[GPU2] epochs: [137/800] train_loss_con: 5.555 energy_loss: 1021.270
[GPU2] epochs: [138/800] train_loss_con: 5.557 energy_loss: 1023.911
[GPU2] epochs: [139/800] train_loss_con: 5.557 energy_loss: 1023.890
[GPU2] epochs: [140/800] train_loss_con: 5.556 energy_loss: 1024.022
[GPU2] epochs: [141/800] train_loss_con: 5.554 energy_loss: 1023.949
[GPU2] epochs: [142/800] train_loss_con: 5.552 energy_loss: 1024.048
[GPU2] epochs: [143/800] train_loss_con: 5.555 energy_loss: 1024.013
[GPU2] epochs: [144/800] train_loss_con: 5.555 energy_loss: 1023.737
[GPU2] epochs: [145/800] train_loss_con: 5.550 energy_loss: 1023.726
[GPU2] epochs: [146/800] train_loss_con: 5.553 energy_loss: 1023.760
[GPU2] epochs: [147/800] train_loss_con: 5.551 energy_loss: 1023.642
[GPU2] epochs: [148/800] train_loss_con: 5.550 energy_loss: 1023.947
[GPU2] epochs: [149/800] train_loss_con: 5.549 energy_loss: 1023.920
[GPU2] epochs: [150/800] train_loss_con: 5.552 energy_loss: 1023.665
[GPU2] epochs: [151/800] train_loss_con: 5.549 energy_loss: 1023.110
[GPU2] epochs: [152/800] train_loss_con: 5.551 energy_loss: 1010.569
[GPU2] epochs: [153/800] train_loss_con: 5.548 energy_loss: 1013.728
[GPU2] epochs: [154/800] train_loss_con: 5.547 energy_loss: 1016.501
[GPU2] epochs: [155/800] train_loss_con: 5.547 energy_loss: 1004.971
[GPU2] epochs: [156/800] train_loss_con: 5.548 energy_loss: 991.086
[GPU2] epochs: [157/800] train_loss_con: 5.547 energy_loss: 1023.279
[GPU2] epochs: [158/800] train_loss_con: 5.547 energy_loss: 1023.624
[GPU2] epochs: [159/800] train_loss_con: 5.545 energy_loss: 1023.915
[GPU2] epochs: [160/800] train_loss_con: 5.546 energy_loss: 1023.745
[GPU2] epochs: [161/800] train_loss_con: 5.543 energy_loss: 1023.516
[GPU2] epochs: [162/800] train_loss_con: 5.546 energy_loss: 1022.953
[GPU2] epochs: [163/800] train_loss_con: 5.545 energy_loss: 1010.277
[GPU2] epochs: [164/800] train_loss_con: 5.544 energy_loss: 1021.435
[GPU2] epochs: [165/800] train_loss_con: 5.541 energy_loss: 1022.848
[GPU2] epochs: [166/800] train_loss_con: 5.541 energy_loss: 1006.820
[GPU2] epochs: [167/800] train_loss_con: 5.541 energy_loss: 1023.559
[GPU2] epochs: [168/800] train_loss_con: 5.542 energy_loss: 1020.656
[GPU2] epochs: [169/800] train_loss_con: 5.542 energy_loss: 1022.522
[GPU2] epochs: [170/800] train_loss_con: 5.541 energy_loss: 1024.056
[GPU2] epochs: [171/800] train_loss_con: 5.541 energy_loss: 1023.980
[GPU2] epochs: [172/800] train_loss_con: 5.541 energy_loss: 1024.062
[GPU2] epochs: [173/800] train_loss_con: 5.541 energy_loss: 1023.979
[GPU2] epochs: [174/800] train_loss_con: 5.537 energy_loss: 1023.980
[GPU2] epochs: [175/800] train_loss_con: 5.537 energy_loss: 1023.908
[GPU2] epochs: [176/800] train_loss_con: 5.539 energy_loss: 1023.872
[GPU2] epochs: [177/800] train_loss_con: 5.538 energy_loss: 1023.845
[GPU2] epochs: [178/800] train_loss_con: 5.533 energy_loss: 1024.089
[GPU2] epochs: [179/800] train_loss_con: 5.536 energy_loss: 1024.003
[GPU2] epochs: [180/800] train_loss_con: 5.537 energy_loss: 1023.883
[GPU2] epochs: [181/800] train_loss_con: 5.538 energy_loss: 1023.970
[GPU2] epochs: [182/800] train_loss_con: 5.538 energy_loss: 1024.150
[GPU2] epochs: [183/800] train_loss_con: 5.535 energy_loss: 1023.934
[GPU2] epochs: [184/800] train_loss_con: 5.534 energy_loss: 1024.110
[GPU2] epochs: [185/800] train_loss_con: 5.536 energy_loss: 1023.963
[GPU2] epochs: [186/800] train_loss_con: 5.532 energy_loss: 1024.097
[GPU2] epochs: [187/800] train_loss_con: 5.533 energy_loss: 1024.159
[GPU2] epochs: [188/800] train_loss_con: 5.534 energy_loss: 1024.015
[GPU2] epochs: [189/800] train_loss_con: 5.532 energy_loss: 1024.097
[GPU2] epochs: [190/800] train_loss_con: 5.532 energy_loss: 1023.986
[GPU2] epochs: [191/800] train_loss_con: 5.530 energy_loss: 1023.944
[GPU2] epochs: [192/800] train_loss_con: 5.531 energy_loss: 1023.933
[GPU2] epochs: [193/800] train_loss_con: 5.530 energy_loss: 1023.933
[GPU2] epochs: [194/800] train_loss_con: 5.531 energy_loss: 1023.845
[GPU2] epochs: [195/800] train_loss_con: 5.529 energy_loss: 1024.035
[GPU2] epochs: [196/800] train_loss_con: 5.532 energy_loss: 1023.918
[GPU2] epochs: [197/800] train_loss_con: 5.531 energy_loss: 1023.936
[GPU2] epochs: [198/800] train_loss_con: 5.527 energy_loss: 1023.783
[GPU2] epochs: [199/800] train_loss_con: 5.527 energy_loss: 1023.920
[GPU2] epochs: [200/800] train_loss_con: 5.529 energy_loss: 1024.060
[GPU2] epochs: [201/800] train_loss_con: 5.528 energy_loss: 1023.941
[GPU2] epochs: [202/800] train_loss_con: 5.530 energy_loss: 1023.643
[GPU2] epochs: [203/800] train_loss_con: 5.527 energy_loss: 1023.676
[GPU2] epochs: [204/800] train_loss_con: 5.528 energy_loss: 1023.870
[GPU2] epochs: [205/800] train_loss_con: 5.525 energy_loss: 1023.514
[GPU2] epochs: [206/800] train_loss_con: 5.528 energy_loss: 1021.405
[GPU2] epochs: [207/800] train_loss_con: 5.527 energy_loss: 1019.260
[GPU2] epochs: [208/800] train_loss_con: 5.526 energy_loss: 1012.045
[GPU2] epochs: [209/800] train_loss_con: 5.524 energy_loss: 1009.319
[GPU2] epochs: [210/800] train_loss_con: 5.522 energy_loss: 1019.319
[GPU2] epochs: [211/800] train_loss_con: 5.526 energy_loss: 1011.063
[GPU2] epochs: [212/800] train_loss_con: 5.524 energy_loss: 1023.936
[GPU2] epochs: [213/800] train_loss_con: 5.525 energy_loss: 1023.655
[GPU2] epochs: [214/800] train_loss_con: 5.523 energy_loss: 1022.702
[GPU2] epochs: [215/800] train_loss_con: 5.518 energy_loss: 1005.627
[GPU2] epochs: [216/800] train_loss_con: 5.520 energy_loss: 1023.838
[GPU2] epochs: [217/800] train_loss_con: 5.523 energy_loss: 1023.663
[GPU2] epochs: [218/800] train_loss_con: 5.520 energy_loss: 1023.568
[GPU2] epochs: [219/800] train_loss_con: 5.522 energy_loss: 1023.250
[GPU2] epochs: [220/800] train_loss_con: 5.520 energy_loss: 1022.917
[GPU2] epochs: [221/800] train_loss_con: 5.521 energy_loss: 1020.411
[GPU2] epochs: [222/800] train_loss_con: 5.522 energy_loss: 1023.854
[GPU2] epochs: [223/800] train_loss_con: 5.520 energy_loss: 1023.415
