environment: 
YAML: configs/scalre.c10.yaml
==> SEED: 42
==> num_classes: 10
==> data_name: cifar10
==> data_params: {'algo': 'scalre', 'data_dir': 'datasets/cifar10', 'batch_size': 512, 'num_workers': 3, 'image_size': 32}
==> return_logs: False
==> eval_every: 10
==> n_epochs: 350
==> n_epochs_mlp: 100
==> gpu_id: 0
==> opt: SGD
==> opt_params: {'lr': 0.5, 'momentum': 0.9, 'nesterov': True}
==> schedular_params: {'T_max': 600, 'eta_min': 0.001}
==> mlp_opt: SGD
==> mlp_opt_params: {'lr': 0.01, 'momentum': 0.9, 'nesterov': True}
==> energy_model_params: {'eta': 0.01, 'steps': 10, 'sigma': 0.2, 'delta': 0.1, 'net_type': 'energy'}
==> energy_opt: AdamW
==> energy_model_opt_params: {'lr': 0.001}
==> model_params: {'model_name': 'resnet50', 'pretrained': False, 'proj_dim': 128, 'algo_type': 'scalre'}
==> mlp_type: hidden
==> loss: scalre
==> loss_params: {'sim': 'cosine', 'tau': 0.5}
==> distributed: False
==> train_algo: scalre
==> model_save_path: saved_models/scalre.c10.r50.ls.pth
==> config: configs/scalre.c10.yaml
--------------------------------------------------
===> using hiddin mlp
using optimizer: SGD
using optimizer: SGD
loss function: scalre
Files already downloaded and verified
Files already downloaded and verified
Files already downloaded and verified
# of Training Images: 50000
# of Testing Images: 10000
using optimizer: AdamW
### ScAlRe Training begins
[GPU0] epochs: [1/350] train_loss_con: 6.897 energy_loss: 1023.935
[GPU0] epochs: [2/350] train_loss_con: 6.497 energy_loss: 1023.893
[GPU0] epochs: [3/350] train_loss_con: 6.360 energy_loss: 1023.642
[GPU0] epochs: [4/350] train_loss_con: 6.277 energy_loss: 1023.772
[GPU0] epochs: [5/350] train_loss_con: 6.208 energy_loss: 1023.885
[GPU0] epochs: [6/350] train_loss_con: 6.161 energy_loss: 1024.085
[GPU0] epochs: [7/350] train_loss_con: 6.121 energy_loss: 1024.002
[GPU0] epochs: [8/350] train_loss_con: 6.087 energy_loss: 1023.971
[GPU0] epochs: [9/350] train_loss_con: 6.063 energy_loss: 1023.950
[GPU0] epochs: [10/350] train_loss_con: 6.040 energy_loss: 1024.003
[GPU0] epochs: [11/350] train_loss_con: 6.019 energy_loss: 1024.066
[GPU0] epochs: [12/350] train_loss_con: 6.008 energy_loss: 1023.891
[GPU0] epochs: [13/350] train_loss_con: 5.990 energy_loss: 1024.057
[GPU0] epochs: [14/350] train_loss_con: 5.976 energy_loss: 1023.861
[GPU0] epochs: [15/350] train_loss_con: 5.965 energy_loss: 1023.898
[GPU0] epochs: [16/350] train_loss_con: 5.953 energy_loss: 1024.081
[GPU0] epochs: [17/350] train_loss_con: 5.944 energy_loss: 1023.971
[GPU0] epochs: [18/350] train_loss_con: 5.932 energy_loss: 1023.851
[GPU0] epochs: [19/350] train_loss_con: 5.929 energy_loss: 1023.739
[GPU0] epochs: [20/350] train_loss_con: 5.922 energy_loss: 1023.924
[GPU0] epochs: [21/350] train_loss_con: 5.917 energy_loss: 1023.846
[GPU0] epochs: [22/350] train_loss_con: 5.914 energy_loss: 1023.797
[GPU0] epochs: [23/350] train_loss_con: 5.910 energy_loss: 1023.673
[GPU0] epochs: [24/350] train_loss_con: 5.901 energy_loss: 1023.814
[GPU0] epochs: [25/350] train_loss_con: 5.899 energy_loss: 1023.824
[GPU0] epochs: [26/350] train_loss_con: 5.896 energy_loss: 1024.036
[GPU0] epochs: [27/350] train_loss_con: 5.892 energy_loss: 1023.592
[GPU0] epochs: [28/350] train_loss_con: 5.886 energy_loss: 1023.810
[GPU0] epochs: [29/350] train_loss_con: 5.882 energy_loss: 1023.823
[GPU0] epochs: [30/350] train_loss_con: 5.880 energy_loss: 1023.885
[GPU0] epochs: [31/350] train_loss_con: 5.874 energy_loss: 1023.756
[GPU0] epochs: [32/350] train_loss_con: 5.874 energy_loss: 1024.112
[GPU0] epochs: [33/350] train_loss_con: 5.871 energy_loss: 1023.794
[GPU0] epochs: [34/350] train_loss_con: 5.866 energy_loss: 1023.112
[GPU0] epochs: [35/350] train_loss_con: 5.866 energy_loss: 1023.477
[GPU0] epochs: [36/350] train_loss_con: 5.862 energy_loss: 1022.367
[GPU0] epochs: [37/350] train_loss_con: 5.859 energy_loss: 1022.601
[GPU0] epochs: [38/350] train_loss_con: 5.855 energy_loss: 1023.145
[GPU0] epochs: [39/350] train_loss_con: 5.854 energy_loss: 1023.042
[GPU0] epochs: [40/350] train_loss_con: 5.853 energy_loss: 1023.985
[GPU0] epochs: [41/350] train_loss_con: 5.850 energy_loss: 1023.989
[GPU0] epochs: [42/350] train_loss_con: 5.849 energy_loss: 1023.798
[GPU0] epochs: [43/350] train_loss_con: 5.846 energy_loss: 1023.690
[GPU0] epochs: [44/350] train_loss_con: 5.843 energy_loss: 1023.882
[GPU0] epochs: [45/350] train_loss_con: 5.844 energy_loss: 1022.233
[GPU0] epochs: [46/350] train_loss_con: 5.840 energy_loss: 1022.571
[GPU0] epochs: [47/350] train_loss_con: 5.835 energy_loss: 1020.794
[GPU0] epochs: [48/350] train_loss_con: 5.834 energy_loss: 1021.694
[GPU0] epochs: [49/350] train_loss_con: 5.832 energy_loss: 1020.616
[GPU0] epochs: [50/350] train_loss_con: 5.831 energy_loss: 1020.589
[GPU0] epochs: [51/350] train_loss_con: 5.830 energy_loss: 1021.569
[GPU0] epochs: [52/350] train_loss_con: 5.830 energy_loss: 1021.162
[GPU0] epochs: [53/350] train_loss_con: 5.826 energy_loss: 1017.998
[GPU0] epochs: [54/350] train_loss_con: 5.826 energy_loss: 1013.747
[GPU0] epochs: [55/350] train_loss_con: 5.829 energy_loss: 1019.577
[GPU0] epochs: [56/350] train_loss_con: 5.821 energy_loss: 1019.809
[GPU0] epochs: [57/350] train_loss_con: 5.819 energy_loss: 1016.402
[GPU0] epochs: [58/350] train_loss_con: 5.821 energy_loss: 1014.261
[GPU0] epochs: [59/350] train_loss_con: 5.819 energy_loss: 1007.655
[GPU0] epochs: [60/350] train_loss_con: 5.817 energy_loss: 1004.261
[GPU0] epochs: [61/350] train_loss_con: 5.818 energy_loss: 993.662
[GPU0] epochs: [62/350] train_loss_con: 5.815 energy_loss: 994.809
[GPU0] epochs: [63/350] train_loss_con: 5.811 energy_loss: 995.057
[GPU0] epochs: [64/350] train_loss_con: 5.813 energy_loss: 1005.103
[GPU0] epochs: [65/350] train_loss_con: 5.814 energy_loss: 1024.035
[GPU0] epochs: [66/350] train_loss_con: 5.812 energy_loss: 1023.806
[GPU0] epochs: [67/350] train_loss_con: 5.809 energy_loss: 1023.858
[GPU0] epochs: [68/350] train_loss_con: 5.806 energy_loss: 1022.944
[GPU0] epochs: [69/350] train_loss_con: 5.806 energy_loss: 1007.129
[GPU0] epochs: [70/350] train_loss_con: 5.804 energy_loss: 1000.451
[GPU0] epochs: [71/350] train_loss_con: 5.800 energy_loss: 1009.302
[GPU0] epochs: [72/350] train_loss_con: 5.802 energy_loss: 992.094
[GPU0] epochs: [73/350] train_loss_con: 5.804 energy_loss: 1023.761
[GPU0] epochs: [74/350] train_loss_con: 5.803 energy_loss: 1021.815
[GPU0] epochs: [75/350] train_loss_con: 5.800 energy_loss: 1020.553
[GPU0] epochs: [76/350] train_loss_con: 5.796 energy_loss: 1003.618
[GPU0] epochs: [77/350] train_loss_con: 5.797 energy_loss: 992.105
[GPU0] epochs: [78/350] train_loss_con: 5.798 energy_loss: 969.986
[GPU0] epochs: [79/350] train_loss_con: 5.795 energy_loss: 967.389
[GPU0] epochs: [80/350] train_loss_con: 5.793 energy_loss: 965.779
[GPU0] epochs: [81/350] train_loss_con: 5.793 energy_loss: 993.384
[GPU0] epochs: [82/350] train_loss_con: 5.798 energy_loss: 1003.541
[GPU0] epochs: [83/350] train_loss_con: 5.795 energy_loss: 1023.877
[GPU0] epochs: [84/350] train_loss_con: 5.792 energy_loss: 1023.917
[GPU0] epochs: [85/350] train_loss_con: 5.790 energy_loss: 1023.765
[GPU0] epochs: [86/350] train_loss_con: 5.792 energy_loss: 1023.742
[GPU0] epochs: [87/350] train_loss_con: 5.790 energy_loss: 1023.372
[GPU0] epochs: [88/350] train_loss_con: 5.786 energy_loss: 1023.072
[GPU0] epochs: [89/350] train_loss_con: 5.784 energy_loss: 1022.475
[GPU0] epochs: [90/350] train_loss_con: 5.784 energy_loss: 1014.878
[GPU0] epochs: [91/350] train_loss_con: 5.784 energy_loss: 971.741
[GPU0] epochs: [92/350] train_loss_con: 5.784 energy_loss: 989.079
[GPU0] epochs: [93/350] train_loss_con: 5.784 energy_loss: 1023.865
[GPU0] epochs: [94/350] train_loss_con: 5.782 energy_loss: 1024.020
[GPU0] epochs: [95/350] train_loss_con: 5.784 energy_loss: 1024.093
[GPU0] epochs: [96/350] train_loss_con: 5.781 energy_loss: 1023.896
[GPU0] epochs: [97/350] train_loss_con: 5.784 energy_loss: 1024.058
[GPU0] epochs: [98/350] train_loss_con: 5.781 energy_loss: 1024.084
[GPU0] epochs: [99/350] train_loss_con: 5.781 energy_loss: 1024.030
[GPU0] epochs: [100/350] train_loss_con: 5.779 energy_loss: 1023.814
[GPU0] epochs: [101/350] train_loss_con: 5.779 energy_loss: 1023.983
[GPU0] epochs: [102/350] train_loss_con: 5.779 energy_loss: 1023.827
[GPU0] epochs: [103/350] train_loss_con: 5.779 energy_loss: 1023.941
[GPU0] epochs: [104/350] train_loss_con: 5.776 energy_loss: 1024.031
[GPU0] epochs: [105/350] train_loss_con: 5.777 energy_loss: 1023.907
[GPU0] epochs: [106/350] train_loss_con: 5.773 energy_loss: 1024.058
[GPU0] epochs: [107/350] train_loss_con: 5.775 energy_loss: 1023.973
[GPU0] epochs: [108/350] train_loss_con: 5.773 energy_loss: 1023.881
[GPU0] epochs: [109/350] train_loss_con: 5.771 energy_loss: 1023.978
[GPU0] epochs: [110/350] train_loss_con: 5.772 energy_loss: 1023.859
[GPU0] epochs: [111/350] train_loss_con: 5.773 energy_loss: 1023.985
[GPU0] epochs: [112/350] train_loss_con: 5.770 energy_loss: 1023.966
[GPU0] epochs: [113/350] train_loss_con: 5.770 energy_loss: 1023.918
[GPU0] epochs: [114/350] train_loss_con: 5.772 energy_loss: 1023.512
[GPU0] epochs: [115/350] train_loss_con: 5.769 energy_loss: 1023.754
[GPU0] epochs: [116/350] train_loss_con: 5.767 energy_loss: 1023.639
[GPU0] epochs: [117/350] train_loss_con: 5.771 energy_loss: 1023.598
[GPU0] epochs: [118/350] train_loss_con: 5.769 energy_loss: 1023.335
[GPU0] epochs: [119/350] train_loss_con: 5.765 energy_loss: 1023.259
[GPU0] epochs: [120/350] train_loss_con: 5.769 energy_loss: 1022.749
[GPU0] epochs: [121/350] train_loss_con: 5.761 energy_loss: 1014.557
[GPU0] epochs: [122/350] train_loss_con: 5.763 energy_loss: 1023.414
[GPU0] epochs: [123/350] train_loss_con: 5.762 energy_loss: 1022.563
[GPU0] epochs: [124/350] train_loss_con: 5.760 energy_loss: 1018.931
[GPU0] epochs: [125/350] train_loss_con: 5.760 energy_loss: 1011.096
[GPU0] epochs: [126/350] train_loss_con: 5.760 energy_loss: 1003.596
[GPU0] epochs: [127/350] train_loss_con: 5.761 energy_loss: 1010.903
[GPU0] epochs: [128/350] train_loss_con: 5.764 energy_loss: 1023.760
[GPU0] epochs: [129/350] train_loss_con: 5.761 energy_loss: 1023.943
[GPU0] epochs: [130/350] train_loss_con: 5.761 energy_loss: 1023.415
[GPU0] epochs: [131/350] train_loss_con: 5.757 energy_loss: 1012.412
[GPU0] epochs: [132/350] train_loss_con: 5.760 energy_loss: 1017.815
[GPU0] epochs: [133/350] train_loss_con: 5.762 energy_loss: 1024.012
[GPU0] epochs: [134/350] train_loss_con: 5.757 energy_loss: 1023.975
[GPU0] epochs: [135/350] train_loss_con: 5.757 energy_loss: 1023.898
[GPU0] epochs: [136/350] train_loss_con: 5.757 energy_loss: 1023.975
[GPU0] epochs: [137/350] train_loss_con: 5.759 energy_loss: 1023.641
[GPU0] epochs: [138/350] train_loss_con: 5.757 energy_loss: 1023.462
[GPU0] epochs: [139/350] train_loss_con: 5.755 energy_loss: 1023.060
[GPU0] epochs: [140/350] train_loss_con: 5.753 energy_loss: 1022.937
[GPU0] epochs: [141/350] train_loss_con: 5.754 energy_loss: 1018.717
[GPU0] epochs: [142/350] train_loss_con: 5.754 energy_loss: 1021.152
[GPU0] epochs: [143/350] train_loss_con: 5.751 energy_loss: 1014.792
[GPU0] epochs: [144/350] train_loss_con: 5.748 energy_loss: 1005.716
[GPU0] epochs: [145/350] train_loss_con: 5.751 energy_loss: 1021.728
[GPU0] epochs: [146/350] train_loss_con: 5.748 energy_loss: 1005.562
[GPU0] epochs: [147/350] train_loss_con: 5.747 energy_loss: 1004.158
[GPU0] epochs: [148/350] train_loss_con: 5.748 energy_loss: 1011.352
[GPU0] epochs: [149/350] train_loss_con: 5.750 energy_loss: 1024.005
[GPU0] epochs: [150/350] train_loss_con: 5.750 energy_loss: 1024.028
[GPU0] epochs: [151/350] train_loss_con: 5.752 energy_loss: 1023.969
[GPU0] epochs: [152/350] train_loss_con: 5.748 energy_loss: 1024.113
[GPU0] epochs: [153/350] train_loss_con: 5.746 energy_loss: 1023.988
[GPU0] epochs: [154/350] train_loss_con: 5.748 energy_loss: 1024.097
[GPU0] epochs: [155/350] train_loss_con: 5.750 energy_loss: 1023.986
[GPU0] epochs: [156/350] train_loss_con: 5.746 energy_loss: 1023.909
[GPU0] epochs: [157/350] train_loss_con: 5.744 energy_loss: 1023.882
[GPU0] epochs: [158/350] train_loss_con: 5.744 energy_loss: 1024.015
[GPU0] epochs: [159/350] train_loss_con: 5.746 energy_loss: 1023.770
[GPU0] epochs: [160/350] train_loss_con: 5.745 energy_loss: 1023.874
[GPU0] epochs: [161/350] train_loss_con: 5.744 energy_loss: 1023.580
[GPU0] epochs: [162/350] train_loss_con: 5.743 energy_loss: 1023.048
[GPU0] epochs: [163/350] train_loss_con: 5.742 energy_loss: 1022.431
[GPU0] epochs: [164/350] train_loss_con: 5.742 energy_loss: 1012.884
[GPU0] epochs: [165/350] train_loss_con: 5.742 energy_loss: 1015.042
[GPU0] epochs: [166/350] train_loss_con: 5.741 energy_loss: 1016.980
[GPU0] epochs: [167/350] train_loss_con: 5.739 energy_loss: 1016.780
[GPU0] epochs: [168/350] train_loss_con: 5.739 energy_loss: 1014.067
[GPU0] epochs: [169/350] train_loss_con: 5.739 energy_loss: 1006.993
[GPU0] epochs: [170/350] train_loss_con: 5.737 energy_loss: 997.697
[GPU0] epochs: [171/350] train_loss_con: 5.739 energy_loss: 1022.381
[GPU0] epochs: [172/350] train_loss_con: 5.741 energy_loss: 1023.987
[GPU0] epochs: [173/350] train_loss_con: 5.738 energy_loss: 1023.823
[GPU0] epochs: [174/350] train_loss_con: 5.739 energy_loss: 1024.034
[GPU0] epochs: [175/350] train_loss_con: 5.739 energy_loss: 1024.106
[GPU0] epochs: [176/350] train_loss_con: 5.740 energy_loss: 1024.029
[GPU0] epochs: [177/350] train_loss_con: 5.736 energy_loss: 1023.972
[GPU0] epochs: [178/350] train_loss_con: 5.736 energy_loss: 1023.991
[GPU0] epochs: [179/350] train_loss_con: 5.739 energy_loss: 1023.727
[GPU0] epochs: [180/350] train_loss_con: 5.736 energy_loss: 1023.991
[GPU0] epochs: [181/350] train_loss_con: 5.733 energy_loss: 1023.969
[GPU0] epochs: [182/350] train_loss_con: 5.733 energy_loss: 1023.843
[GPU0] epochs: [183/350] train_loss_con: 5.735 energy_loss: 1023.685
[GPU0] epochs: [184/350] train_loss_con: 5.735 energy_loss: 1024.053
[GPU0] epochs: [185/350] train_loss_con: 5.733 energy_loss: 1024.032
[GPU0] epochs: [186/350] train_loss_con: 5.732 energy_loss: 1023.880
[GPU0] epochs: [187/350] train_loss_con: 5.734 energy_loss: 1024.060
[GPU0] epochs: [188/350] train_loss_con: 5.734 energy_loss: 1024.017
[GPU0] epochs: [189/350] train_loss_con: 5.731 energy_loss: 1023.918
[GPU0] epochs: [190/350] train_loss_con: 5.729 energy_loss: 1023.733
[GPU0] epochs: [191/350] train_loss_con: 5.729 energy_loss: 1023.792
[GPU0] epochs: [192/350] train_loss_con: 5.730 energy_loss: 1023.839
[GPU0] epochs: [193/350] train_loss_con: 5.732 energy_loss: 1023.990
[GPU0] epochs: [194/350] train_loss_con: 5.728 energy_loss: 1023.777
[GPU0] epochs: [195/350] train_loss_con: 5.729 energy_loss: 1023.619
[GPU0] epochs: [196/350] train_loss_con: 5.729 energy_loss: 1023.547
[GPU0] epochs: [197/350] train_loss_con: 5.730 energy_loss: 1023.431
[GPU0] epochs: [198/350] train_loss_con: 5.728 energy_loss: 1023.033
[GPU0] epochs: [199/350] train_loss_con: 5.725 energy_loss: 1020.263
[GPU0] epochs: [200/350] train_loss_con: 5.727 energy_loss: 1020.152
[GPU0] epochs: [201/350] train_loss_con: 5.728 energy_loss: 1013.095
[GPU0] epochs: [202/350] train_loss_con: 5.726 energy_loss: 1023.911
[GPU0] epochs: [203/350] train_loss_con: 5.726 energy_loss: 1023.945
[GPU0] epochs: [204/350] train_loss_con: 5.724 energy_loss: 1023.900
[GPU0] epochs: [205/350] train_loss_con: 5.724 energy_loss: 1023.894
[GPU0] epochs: [206/350] train_loss_con: 5.722 energy_loss: 1023.503
[GPU0] epochs: [207/350] train_loss_con: 5.724 energy_loss: 1019.650
[GPU0] epochs: [208/350] train_loss_con: 5.723 energy_loss: 1023.848
[GPU0] epochs: [209/350] train_loss_con: 5.725 energy_loss: 1023.650
[GPU0] epochs: [210/350] train_loss_con: 5.724 energy_loss: 1023.331
[GPU0] epochs: [211/350] train_loss_con: 5.724 energy_loss: 1020.878
[GPU0] epochs: [212/350] train_loss_con: 5.719 energy_loss: 1013.831
[GPU0] epochs: [213/350] train_loss_con: 5.720 energy_loss: 1015.738
[GPU0] epochs: [214/350] train_loss_con: 5.721 energy_loss: 1022.682
[GPU0] epochs: [215/350] train_loss_con: 5.720 energy_loss: 995.770
[GPU0] epochs: [216/350] train_loss_con: 5.721 energy_loss: 1016.433
[GPU0] epochs: [217/350] train_loss_con: 5.722 energy_loss: 1022.784
[GPU0] epochs: [218/350] train_loss_con: 5.718 energy_loss: 1008.805
[GPU0] epochs: [219/350] train_loss_con: 5.720 energy_loss: 1024.075
[GPU0] epochs: [220/350] train_loss_con: 5.721 energy_loss: 1023.929
[GPU0] epochs: [221/350] train_loss_con: 5.720 energy_loss: 1024.020
[GPU0] epochs: [222/350] train_loss_con: 5.719 energy_loss: 1023.774
[GPU0] epochs: [223/350] train_loss_con: 5.717 energy_loss: 1023.769
[GPU0] epochs: [224/350] train_loss_con: 5.717 energy_loss: 1023.883
[GPU0] epochs: [225/350] train_loss_con: 5.718 energy_loss: 1023.852
[GPU0] epochs: [226/350] train_loss_con: 5.716 energy_loss: 1023.308
[GPU0] epochs: [227/350] train_loss_con: 5.712 energy_loss: 1022.678
[GPU0] epochs: [228/350] train_loss_con: 5.715 energy_loss: 1007.349
[GPU0] epochs: [229/350] train_loss_con: 5.714 energy_loss: 978.350
[GPU0] epochs: [230/350] train_loss_con: 5.717 energy_loss: 1023.978
[GPU0] epochs: [231/350] train_loss_con: 5.714 energy_loss: 1024.102
[GPU0] epochs: [232/350] train_loss_con: 5.716 energy_loss: 1023.976
[GPU0] epochs: [233/350] train_loss_con: 5.716 energy_loss: 1024.110
[GPU0] epochs: [234/350] train_loss_con: 5.715 energy_loss: 1024.031
[GPU0] epochs: [235/350] train_loss_con: 5.713 energy_loss: 1023.881
[GPU0] epochs: [236/350] train_loss_con: 5.715 energy_loss: 1024.028
[GPU0] epochs: [237/350] train_loss_con: 5.712 energy_loss: 1024.173
[GPU0] epochs: [238/350] train_loss_con: 5.713 energy_loss: 1024.104
[GPU0] epochs: [239/350] train_loss_con: 5.710 energy_loss: 1023.981
[GPU0] epochs: [240/350] train_loss_con: 5.712 energy_loss: 1023.892
[GPU0] epochs: [241/350] train_loss_con: 5.713 energy_loss: 1023.880
[GPU0] epochs: [242/350] train_loss_con: 5.709 energy_loss: 1024.120
[GPU0] epochs: [243/350] train_loss_con: 5.710 energy_loss: 1024.044
[GPU0] epochs: [244/350] train_loss_con: 5.711 energy_loss: 1024.026
[GPU0] epochs: [245/350] train_loss_con: 5.712 energy_loss: 1023.818
[GPU0] epochs: [246/350] train_loss_con: 5.707 energy_loss: 1023.984
[GPU0] epochs: [247/350] train_loss_con: 5.707 energy_loss: 1023.946
[GPU0] epochs: [248/350] train_loss_con: 5.711 energy_loss: 1023.815
[GPU0] epochs: [249/350] train_loss_con: 5.709 energy_loss: 1023.868
[GPU0] epochs: [250/350] train_loss_con: 5.709 energy_loss: 1023.796
[GPU0] epochs: [251/350] train_loss_con: 5.707 energy_loss: 1023.709
[GPU0] epochs: [252/350] train_loss_con: 5.711 energy_loss: 1023.513
[GPU0] epochs: [253/350] train_loss_con: 5.706 energy_loss: 1023.590
[GPU0] epochs: [254/350] train_loss_con: 5.707 energy_loss: 1023.721
[GPU0] epochs: [255/350] train_loss_con: 5.705 energy_loss: 1023.013
[GPU0] epochs: [256/350] train_loss_con: 5.706 energy_loss: 1010.955
[GPU0] epochs: [257/350] train_loss_con: 5.707 energy_loss: 1024.020
[GPU0] epochs: [258/350] train_loss_con: 5.703 energy_loss: 1024.164
[GPU0] epochs: [259/350] train_loss_con: 5.705 energy_loss: 1024.041
[GPU0] epochs: [260/350] train_loss_con: 5.706 energy_loss: 1023.983
[GPU0] epochs: [261/350] train_loss_con: 5.705 energy_loss: 1024.113
[GPU0] epochs: [262/350] train_loss_con: 5.707 energy_loss: 1024.112
[GPU0] epochs: [263/350] train_loss_con: 5.705 energy_loss: 1024.036
[GPU0] epochs: [264/350] train_loss_con: 5.704 energy_loss: 1024.096
[GPU0] epochs: [265/350] train_loss_con: 5.704 energy_loss: 1023.970
[GPU0] epochs: [266/350] train_loss_con: 5.703 energy_loss: 1024.009
[GPU0] epochs: [267/350] train_loss_con: 5.704 energy_loss: 1024.003
[GPU0] epochs: [268/350] train_loss_con: 5.706 energy_loss: 1024.155
[GPU0] epochs: [269/350] train_loss_con: 5.702 energy_loss: 1023.917
[GPU0] epochs: [270/350] train_loss_con: 5.700 energy_loss: 1023.998
[GPU0] epochs: [271/350] train_loss_con: 5.705 energy_loss: 1023.915
[GPU0] epochs: [272/350] train_loss_con: 5.701 energy_loss: 1023.825
[GPU0] epochs: [273/350] train_loss_con: 5.702 energy_loss: 1024.062
[GPU0] epochs: [274/350] train_loss_con: 5.704 energy_loss: 1024.120
[GPU0] epochs: [275/350] train_loss_con: 5.700 energy_loss: 1023.849
[GPU0] epochs: [276/350] train_loss_con: 5.700 energy_loss: 1023.764
[GPU0] epochs: [277/350] train_loss_con: 5.700 energy_loss: 1023.602
[GPU0] epochs: [278/350] train_loss_con: 5.702 energy_loss: 1023.850
[GPU0] epochs: [279/350] train_loss_con: 5.701 energy_loss: 1023.673
[GPU0] epochs: [280/350] train_loss_con: 5.700 energy_loss: 1023.673
[GPU0] epochs: [281/350] train_loss_con: 5.699 energy_loss: 1023.405
[GPU0] epochs: [282/350] train_loss_con: 5.699 energy_loss: 1022.719
[GPU0] epochs: [283/350] train_loss_con: 5.701 energy_loss: 1023.870
[GPU0] epochs: [284/350] train_loss_con: 5.697 energy_loss: 1023.244
[GPU0] epochs: [285/350] train_loss_con: 5.698 energy_loss: 1022.267
[GPU0] epochs: [286/350] train_loss_con: 5.699 energy_loss: 1022.741
[GPU0] epochs: [287/350] train_loss_con: 5.697 energy_loss: 1021.417
[GPU0] epochs: [288/350] train_loss_con: 5.696 energy_loss: 1020.421
[GPU0] epochs: [289/350] train_loss_con: 5.698 energy_loss: 1019.505
[GPU0] epochs: [290/350] train_loss_con: 5.698 energy_loss: 1018.082
[GPU0] epochs: [291/350] train_loss_con: 5.693 energy_loss: 1012.863
[GPU0] epochs: [292/350] train_loss_con: 5.694 energy_loss: 1009.540
[GPU0] epochs: [293/350] train_loss_con: 5.692 energy_loss: 1001.723
[GPU0] epochs: [294/350] train_loss_con: 5.694 energy_loss: 995.812
[GPU0] epochs: [295/350] train_loss_con: 5.692 energy_loss: 947.245
[GPU0] epochs: [296/350] train_loss_con: 5.688 energy_loss: 889.977
[GPU0] epochs: [297/350] train_loss_con: 5.693 energy_loss: 961.032
[GPU0] epochs: [298/350] train_loss_con: 5.693 energy_loss: 981.700
[GPU0] epochs: [299/350] train_loss_con: 5.693 energy_loss: 1023.891
[GPU0] epochs: [300/350] train_loss_con: 5.693 energy_loss: 1023.905
[GPU0] epochs: [301/350] train_loss_con: 5.693 energy_loss: 1023.782
[GPU0] epochs: [302/350] train_loss_con: 5.689 energy_loss: 1023.352
[GPU0] epochs: [303/350] train_loss_con: 5.691 energy_loss: 1023.230
[GPU0] epochs: [304/350] train_loss_con: 5.692 energy_loss: 1023.045
[GPU0] epochs: [305/350] train_loss_con: 5.688 energy_loss: 1021.928
[GPU0] epochs: [306/350] train_loss_con: 5.689 energy_loss: 963.523
[GPU0] epochs: [307/350] train_loss_con: 5.691 energy_loss: 1019.475
[GPU0] epochs: [308/350] train_loss_con: 5.687 energy_loss: 963.234
[GPU0] epochs: [309/350] train_loss_con: 5.692 energy_loss: 1024.287
[GPU0] epochs: [310/350] train_loss_con: 5.688 energy_loss: 1023.560
[GPU0] epochs: [311/350] train_loss_con: 5.689 energy_loss: 1022.559
[GPU0] epochs: [312/350] train_loss_con: 5.688 energy_loss: 979.081
[GPU0] epochs: [313/350] train_loss_con: 5.687 energy_loss: 900.432
[GPU0] epochs: [314/350] train_loss_con: 5.690 energy_loss: 807.746
[GPU0] epochs: [315/350] train_loss_con: 5.686 energy_loss: 892.469
[GPU0] epochs: [316/350] train_loss_con: 5.689 energy_loss: 1023.934
[GPU0] epochs: [317/350] train_loss_con: 5.688 energy_loss: 1024.315
[GPU0] epochs: [318/350] train_loss_con: 5.689 energy_loss: 1023.905
[GPU0] epochs: [319/350] train_loss_con: 5.686 energy_loss: 1023.841
[GPU0] epochs: [320/350] train_loss_con: 5.685 energy_loss: 1024.098
[GPU0] epochs: [321/350] train_loss_con: 5.688 energy_loss: 1023.765
[GPU0] epochs: [322/350] train_loss_con: 5.687 energy_loss: 1023.817
[GPU0] epochs: [323/350] train_loss_con: 5.686 energy_loss: 1023.800
[GPU0] epochs: [324/350] train_loss_con: 5.687 energy_loss: 1023.842
[GPU0] epochs: [325/350] train_loss_con: 5.683 energy_loss: 1023.790
[GPU0] epochs: [326/350] train_loss_con: 5.686 energy_loss: 1023.722
[GPU0] epochs: [327/350] train_loss_con: 5.685 energy_loss: 1023.615
[GPU0] epochs: [328/350] train_loss_con: 5.688 energy_loss: 1023.449
[GPU0] epochs: [329/350] train_loss_con: 5.685 energy_loss: 1023.572
[GPU0] epochs: [330/350] train_loss_con: 5.685 energy_loss: 1023.389
[GPU0] epochs: [331/350] train_loss_con: 5.687 energy_loss: 1023.087
[GPU0] epochs: [332/350] train_loss_con: 5.682 energy_loss: 1022.684
[GPU0] epochs: [333/350] train_loss_con: 5.684 energy_loss: 1020.712
[GPU0] epochs: [334/350] train_loss_con: 5.683 energy_loss: 1020.023
[GPU0] epochs: [335/350] train_loss_con: 5.682 energy_loss: 1023.676
[GPU0] epochs: [336/350] train_loss_con: 5.682 energy_loss: 1023.258
[GPU0] epochs: [337/350] train_loss_con: 5.682 energy_loss: 1015.168
[GPU0] epochs: [338/350] train_loss_con: 5.681 energy_loss: 1012.546
[GPU0] epochs: [339/350] train_loss_con: 5.681 energy_loss: 1024.119
[GPU0] epochs: [340/350] train_loss_con: 5.682 energy_loss: 1023.952
[GPU0] epochs: [341/350] train_loss_con: 5.679 energy_loss: 1023.769
[GPU0] epochs: [342/350] train_loss_con: 5.683 energy_loss: 1023.775
[GPU0] epochs: [343/350] train_loss_con: 5.682 energy_loss: 1023.480
[GPU0] epochs: [344/350] train_loss_con: 5.681 energy_loss: 1023.651
[GPU0] epochs: [345/350] train_loss_con: 5.678 energy_loss: 1023.219
[GPU0] epochs: [346/350] train_loss_con: 5.678 energy_loss: 1020.952
[GPU0] epochs: [347/350] train_loss_con: 5.679 energy_loss: 1017.958
[GPU0] epochs: [348/350] train_loss_con: 5.682 energy_loss: 1023.971
[GPU0] epochs: [349/350] train_loss_con: 5.683 energy_loss: 1024.084
[GPU0] epochs: [350/350] train_loss_con: 5.679 energy_loss: 1024.059
### TSNE starts
### MLP training begins
[GPU0] Test Accuracy at epoch: 0: 0.866
[GPU0] epochs: [1/100] train_acc: 0.808 train_loss_sup: 0.599
[GPU0] epochs: [2/100] train_acc: 0.838 train_loss_sup: 0.465
[GPU0] epochs: [3/100] train_acc: 0.844 train_loss_sup: 0.449
[GPU0] epochs: [4/100] train_acc: 0.846 train_loss_sup: 0.447
[GPU0] epochs: [5/100] train_acc: 0.849 train_loss_sup: 0.439
[GPU0] epochs: [6/100] train_acc: 0.850 train_loss_sup: 0.434
[GPU0] epochs: [7/100] train_acc: 0.854 train_loss_sup: 0.420
[GPU0] epochs: [8/100] train_acc: 0.854 train_loss_sup: 0.424
[GPU0] epochs: [9/100] train_acc: 0.854 train_loss_sup: 0.421
[GPU0] epochs: [10/100] train_acc: 0.854 train_loss_sup: 0.417
[GPU0] Test Accuracy at epoch: 10: 0.885
[GPU0] epochs: [11/100] train_acc: 0.857 train_loss_sup: 0.415
[GPU0] epochs: [12/100] train_acc: 0.858 train_loss_sup: 0.411
[GPU0] epochs: [13/100] train_acc: 0.859 train_loss_sup: 0.408
[GPU0] epochs: [14/100] train_acc: 0.859 train_loss_sup: 0.406
[GPU0] epochs: [15/100] train_acc: 0.859 train_loss_sup: 0.403
[GPU0] epochs: [16/100] train_acc: 0.860 train_loss_sup: 0.405
[GPU0] epochs: [17/100] train_acc: 0.862 train_loss_sup: 0.397
[GPU0] epochs: [18/100] train_acc: 0.861 train_loss_sup: 0.395
[GPU0] epochs: [19/100] train_acc: 0.862 train_loss_sup: 0.399
[GPU0] epochs: [20/100] train_acc: 0.861 train_loss_sup: 0.397
[GPU0] Test Accuracy at epoch: 20: 0.891
[GPU0] epochs: [21/100] train_acc: 0.862 train_loss_sup: 0.398
[GPU0] epochs: [22/100] train_acc: 0.865 train_loss_sup: 0.385
[GPU0] epochs: [23/100] train_acc: 0.865 train_loss_sup: 0.387
[GPU0] epochs: [24/100] train_acc: 0.866 train_loss_sup: 0.382
[GPU0] epochs: [25/100] train_acc: 0.863 train_loss_sup: 0.383
[GPU0] epochs: [26/100] train_acc: 0.866 train_loss_sup: 0.383
[GPU0] epochs: [27/100] train_acc: 0.865 train_loss_sup: 0.387
[GPU0] epochs: [28/100] train_acc: 0.866 train_loss_sup: 0.376
[GPU0] epochs: [29/100] train_acc: 0.867 train_loss_sup: 0.381
[GPU0] epochs: [30/100] train_acc: 0.867 train_loss_sup: 0.381
[GPU0] Test Accuracy at epoch: 30: 0.884
[GPU0] epochs: [31/100] train_acc: 0.869 train_loss_sup: 0.372
[GPU0] epochs: [32/100] train_acc: 0.870 train_loss_sup: 0.373
[GPU0] epochs: [33/100] train_acc: 0.869 train_loss_sup: 0.372
[GPU0] epochs: [34/100] train_acc: 0.870 train_loss_sup: 0.369
[GPU0] epochs: [35/100] train_acc: 0.871 train_loss_sup: 0.364
[GPU0] epochs: [36/100] train_acc: 0.871 train_loss_sup: 0.369
[GPU0] epochs: [37/100] train_acc: 0.870 train_loss_sup: 0.366
[GPU0] epochs: [38/100] train_acc: 0.872 train_loss_sup: 0.366
[GPU0] epochs: [39/100] train_acc: 0.870 train_loss_sup: 0.369
[GPU0] epochs: [40/100] train_acc: 0.873 train_loss_sup: 0.365
[GPU0] Test Accuracy at epoch: 40: 0.893
[GPU0] epochs: [41/100] train_acc: 0.870 train_loss_sup: 0.366
[GPU0] epochs: [42/100] train_acc: 0.874 train_loss_sup: 0.360
[GPU0] epochs: [43/100] train_acc: 0.873 train_loss_sup: 0.363
[GPU0] epochs: [44/100] train_acc: 0.873 train_loss_sup: 0.361
[GPU0] epochs: [45/100] train_acc: 0.873 train_loss_sup: 0.358
[GPU0] epochs: [46/100] train_acc: 0.876 train_loss_sup: 0.354
[GPU0] epochs: [47/100] train_acc: 0.875 train_loss_sup: 0.357
[GPU0] epochs: [48/100] train_acc: 0.875 train_loss_sup: 0.353
[GPU0] epochs: [49/100] train_acc: 0.876 train_loss_sup: 0.352
[GPU0] epochs: [50/100] train_acc: 0.875 train_loss_sup: 0.356
[GPU0] Test Accuracy at epoch: 50: 0.894
[GPU0] epochs: [51/100] train_acc: 0.878 train_loss_sup: 0.346
[GPU0] epochs: [52/100] train_acc: 0.879 train_loss_sup: 0.349
[GPU0] epochs: [53/100] train_acc: 0.880 train_loss_sup: 0.347
[GPU0] epochs: [54/100] train_acc: 0.876 train_loss_sup: 0.348
[GPU0] epochs: [55/100] train_acc: 0.878 train_loss_sup: 0.348
[GPU0] epochs: [56/100] train_acc: 0.878 train_loss_sup: 0.346
[GPU0] epochs: [57/100] train_acc: 0.878 train_loss_sup: 0.349
[GPU0] epochs: [58/100] train_acc: 0.878 train_loss_sup: 0.346
[GPU0] epochs: [59/100] train_acc: 0.879 train_loss_sup: 0.343
[GPU0] epochs: [60/100] train_acc: 0.880 train_loss_sup: 0.341
[GPU0] Test Accuracy at epoch: 60: 0.897
[GPU0] epochs: [61/100] train_acc: 0.878 train_loss_sup: 0.345
[GPU0] epochs: [62/100] train_acc: 0.880 train_loss_sup: 0.340
[GPU0] epochs: [63/100] train_acc: 0.882 train_loss_sup: 0.336
[GPU0] epochs: [64/100] train_acc: 0.881 train_loss_sup: 0.336
[GPU0] epochs: [65/100] train_acc: 0.882 train_loss_sup: 0.336
[GPU0] epochs: [66/100] train_acc: 0.882 train_loss_sup: 0.335
[GPU0] epochs: [67/100] train_acc: 0.881 train_loss_sup: 0.338
[GPU0] epochs: [68/100] train_acc: 0.882 train_loss_sup: 0.337
[GPU0] epochs: [69/100] train_acc: 0.881 train_loss_sup: 0.335
[GPU0] epochs: [70/100] train_acc: 0.884 train_loss_sup: 0.330
[GPU0] Test Accuracy at epoch: 70: 0.9
[GPU0] epochs: [71/100] train_acc: 0.882 train_loss_sup: 0.336
[GPU0] epochs: [72/100] train_acc: 0.882 train_loss_sup: 0.330
[GPU0] epochs: [73/100] train_acc: 0.883 train_loss_sup: 0.328
[GPU0] epochs: [74/100] train_acc: 0.884 train_loss_sup: 0.327
[GPU0] epochs: [75/100] train_acc: 0.884 train_loss_sup: 0.329
[GPU0] epochs: [76/100] train_acc: 0.884 train_loss_sup: 0.333
[GPU0] epochs: [77/100] train_acc: 0.886 train_loss_sup: 0.324
[GPU0] epochs: [78/100] train_acc: 0.885 train_loss_sup: 0.330
[GPU0] epochs: [79/100] train_acc: 0.885 train_loss_sup: 0.327
[GPU0] epochs: [80/100] train_acc: 0.887 train_loss_sup: 0.324
[GPU0] Test Accuracy at epoch: 80: 0.897
[GPU0] epochs: [81/100] train_acc: 0.885 train_loss_sup: 0.327
[GPU0] epochs: [82/100] train_acc: 0.887 train_loss_sup: 0.323
[GPU0] epochs: [83/100] train_acc: 0.886 train_loss_sup: 0.321
[GPU0] epochs: [84/100] train_acc: 0.886 train_loss_sup: 0.322
[GPU0] epochs: [85/100] train_acc: 0.886 train_loss_sup: 0.324
[GPU0] epochs: [86/100] train_acc: 0.887 train_loss_sup: 0.318
[GPU0] epochs: [87/100] train_acc: 0.887 train_loss_sup: 0.316
[GPU0] epochs: [88/100] train_acc: 0.888 train_loss_sup: 0.318
[GPU0] epochs: [89/100] train_acc: 0.888 train_loss_sup: 0.317
[GPU0] epochs: [90/100] train_acc: 0.888 train_loss_sup: 0.314
[GPU0] Test Accuracy at epoch: 90: 0.894
[GPU0] epochs: [91/100] train_acc: 0.890 train_loss_sup: 0.314
[GPU0] epochs: [92/100] train_acc: 0.888 train_loss_sup: 0.318
[GPU0] epochs: [93/100] train_acc: 0.887 train_loss_sup: 0.319
[GPU0] epochs: [94/100] train_acc: 0.888 train_loss_sup: 0.314
[GPU0] epochs: [95/100] train_acc: 0.890 train_loss_sup: 0.315
[GPU0] epochs: [96/100] train_acc: 0.889 train_loss_sup: 0.316
[GPU0] epochs: [97/100] train_acc: 0.891 train_loss_sup: 0.308
[GPU0] epochs: [98/100] train_acc: 0.888 train_loss_sup: 0.313
[GPU0] epochs: [99/100] train_acc: 0.889 train_loss_sup: 0.313
[GPU0] epochs: [100/100] train_acc: 0.891 train_loss_sup: 0.308
[GPU0] Final Test Accuracy: 0.884
Model weights saved
