environment: 
YAML: configs/scalre.c100.yaml
==> SEED: 42
==> num_classes: 100
==> data_name: cifar100
==> data_params: {'algo': 'scalre', 'data_dir': 'datasets/cifar100', 'batch_size': 512, 'num_workers': 3, 'image_size': 32}
==> return_logs: False
==> eval_every: 10
==> n_epochs: 350
==> n_epochs_mlp: 100
==> gpu_id: 3
==> opt: SGD
==> opt_params: {'lr': 0.5, 'momentum': 0.9, 'nesterov': True}
==> schedular_params: {'T_max': 600, 'eta_min': 0.001}
==> mlp_opt: SGD
==> mlp_opt_params: {'lr': 0.01, 'momentum': 0.9, 'nesterov': True}
==> model_params: {'model_name': 'resnet50', 'pretrained': False, 'proj_dim': 128, 'algo_type': 'scalre'}
==> energy_model_params: {'eta': 0.01, 'steps': 5, 'sigma': 0.2, 'delta': 0.1, 'net_type': 'energy'}
==> energy_opt: AdamW
==> energy_model_opt_params: {'lr': 0.001}
==> mlp_type: hidden
==> loss: scalre
==> loss_params: {'sim': 'cosine', 'tau': 0.5}
==> distributed: False
==> train_algo: scalre
==> model_save_path: saved_models/scalre.c100.r50.pth
==> config: configs/scalre.c100.yaml
--------------------------------------------------
===> using hiddin mlp
using optimizer: SGD
using optimizer: SGD
loss function: scalre
Files already downloaded and verified
Files already downloaded and verified
Files already downloaded and verified
# of Training Images: 50000
# of Testing Images: 10000
using optimizer: AdamW
### ScAlRe Training begins
[GPU3] epochs: [1/350] train_loss_con: 6.827 energy_loss: 1024.196
[GPU3] epochs: [2/350] train_loss_con: 6.455 energy_loss: 1024.126
[GPU3] epochs: [3/350] train_loss_con: 6.296 energy_loss: 1024.051
[GPU3] epochs: [4/350] train_loss_con: 6.185 energy_loss: 1023.945
[GPU3] epochs: [5/350] train_loss_con: 6.102 energy_loss: 1023.797
[GPU3] epochs: [6/350] train_loss_con: 6.029 energy_loss: 1023.921
[GPU3] epochs: [7/350] train_loss_con: 5.992 energy_loss: 1023.987
[GPU3] epochs: [8/350] train_loss_con: 5.954 energy_loss: 1024.055
[GPU3] epochs: [9/350] train_loss_con: 5.930 energy_loss: 1023.978
[GPU3] epochs: [10/350] train_loss_con: 5.905 energy_loss: 1023.967
[GPU3] epochs: [11/350] train_loss_con: 5.887 energy_loss: 1024.021
[GPU3] epochs: [12/350] train_loss_con: 5.862 energy_loss: 1023.995
[GPU3] epochs: [13/350] train_loss_con: 5.843 energy_loss: 1023.889
[GPU3] epochs: [14/350] train_loss_con: 5.827 energy_loss: 1023.944
[GPU3] epochs: [15/350] train_loss_con: 5.810 energy_loss: 1023.823
[GPU3] epochs: [16/350] train_loss_con: 5.796 energy_loss: 1023.979
[GPU3] epochs: [17/350] train_loss_con: 5.787 energy_loss: 1023.964
[GPU3] epochs: [18/350] train_loss_con: 5.776 energy_loss: 1023.914
[GPU3] epochs: [19/350] train_loss_con: 5.770 energy_loss: 1024.115
[GPU3] epochs: [20/350] train_loss_con: 5.762 energy_loss: 1023.935
[GPU3] epochs: [21/350] train_loss_con: 5.757 energy_loss: 1023.861
[GPU3] epochs: [22/350] train_loss_con: 5.751 energy_loss: 1023.988
[GPU3] epochs: [23/350] train_loss_con: 5.743 energy_loss: 1023.990
[GPU3] epochs: [24/350] train_loss_con: 5.741 energy_loss: 1023.715
[GPU3] epochs: [25/350] train_loss_con: 5.735 energy_loss: 1024.083
[GPU3] epochs: [26/350] train_loss_con: 5.732 energy_loss: 1024.014
[GPU3] epochs: [27/350] train_loss_con: 5.726 energy_loss: 1023.938
[GPU3] epochs: [28/350] train_loss_con: 5.722 energy_loss: 1023.942
[GPU3] epochs: [29/350] train_loss_con: 5.720 energy_loss: 1024.115
[GPU3] epochs: [30/350] train_loss_con: 5.717 energy_loss: 1023.545
[GPU3] epochs: [31/350] train_loss_con: 5.714 energy_loss: 1023.674
[GPU3] epochs: [32/350] train_loss_con: 5.710 energy_loss: 1023.880
[GPU3] epochs: [33/350] train_loss_con: 5.707 energy_loss: 1023.409
[GPU3] epochs: [34/350] train_loss_con: 5.701 energy_loss: 1023.074
[GPU3] epochs: [35/350] train_loss_con: 5.702 energy_loss: 1022.653
[GPU3] epochs: [36/350] train_loss_con: 5.693 energy_loss: 1022.830
[GPU3] epochs: [37/350] train_loss_con: 5.695 energy_loss: 1022.900
[GPU3] epochs: [38/350] train_loss_con: 5.693 energy_loss: 1024.052
[GPU3] epochs: [39/350] train_loss_con: 5.689 energy_loss: 1024.019
[GPU3] epochs: [40/350] train_loss_con: 5.689 energy_loss: 1023.882
[GPU3] epochs: [41/350] train_loss_con: 5.686 energy_loss: 1024.055
[GPU3] epochs: [42/350] train_loss_con: 5.684 energy_loss: 1024.110
[GPU3] epochs: [43/350] train_loss_con: 5.680 energy_loss: 1023.770
[GPU3] epochs: [44/350] train_loss_con: 5.680 energy_loss: 1023.886
[GPU3] epochs: [45/350] train_loss_con: 5.675 energy_loss: 1023.824
[GPU3] epochs: [46/350] train_loss_con: 5.677 energy_loss: 1023.888
[GPU3] epochs: [47/350] train_loss_con: 5.674 energy_loss: 1023.937
[GPU3] epochs: [48/350] train_loss_con: 5.672 energy_loss: 1023.125
[GPU3] epochs: [49/350] train_loss_con: 5.670 energy_loss: 1022.927
[GPU3] epochs: [50/350] train_loss_con: 5.672 energy_loss: 1022.866
[GPU3] epochs: [51/350] train_loss_con: 5.669 energy_loss: 1021.824
[GPU3] epochs: [52/350] train_loss_con: 5.664 energy_loss: 1021.883
[GPU3] epochs: [53/350] train_loss_con: 5.662 energy_loss: 1021.719
[GPU3] epochs: [54/350] train_loss_con: 5.661 energy_loss: 1021.041
[GPU3] epochs: [55/350] train_loss_con: 5.658 energy_loss: 1018.521
[GPU3] epochs: [56/350] train_loss_con: 5.655 energy_loss: 1017.437
[GPU3] epochs: [57/350] train_loss_con: 5.657 energy_loss: 1014.917
[GPU3] epochs: [58/350] train_loss_con: 5.656 energy_loss: 1015.304
[GPU3] epochs: [59/350] train_loss_con: 5.652 energy_loss: 1014.712
[GPU3] epochs: [60/350] train_loss_con: 5.652 energy_loss: 1016.065
[GPU3] epochs: [61/350] train_loss_con: 5.650 energy_loss: 1004.384
[GPU3] epochs: [62/350] train_loss_con: 5.649 energy_loss: 1019.623
[GPU3] epochs: [63/350] train_loss_con: 5.645 energy_loss: 1024.009
[GPU3] epochs: [64/350] train_loss_con: 5.648 energy_loss: 1023.953
[GPU3] epochs: [65/350] train_loss_con: 5.643 energy_loss: 1024.141
[GPU3] epochs: [66/350] train_loss_con: 5.643 energy_loss: 1023.955
[GPU3] epochs: [67/350] train_loss_con: 5.643 energy_loss: 1023.836
[GPU3] epochs: [68/350] train_loss_con: 5.638 energy_loss: 1023.707
[GPU3] epochs: [69/350] train_loss_con: 5.642 energy_loss: 1023.452
[GPU3] epochs: [70/350] train_loss_con: 5.638 energy_loss: 1023.647
[GPU3] epochs: [71/350] train_loss_con: 5.635 energy_loss: 1023.737
[GPU3] epochs: [72/350] train_loss_con: 5.636 energy_loss: 1023.647
[GPU3] epochs: [73/350] train_loss_con: 5.636 energy_loss: 1022.931
[GPU3] epochs: [74/350] train_loss_con: 5.628 energy_loss: 1012.601
[GPU3] epochs: [75/350] train_loss_con: 5.631 energy_loss: 1016.290
[GPU3] epochs: [76/350] train_loss_con: 5.629 energy_loss: 1009.565
[GPU3] epochs: [77/350] train_loss_con: 5.629 energy_loss: 1000.476
[GPU3] epochs: [78/350] train_loss_con: 5.632 energy_loss: 994.503
[GPU3] epochs: [79/350] train_loss_con: 5.628 energy_loss: 1024.093
[GPU3] epochs: [80/350] train_loss_con: 5.625 energy_loss: 1024.053
[GPU3] epochs: [81/350] train_loss_con: 5.626 energy_loss: 1024.006
[GPU3] epochs: [82/350] train_loss_con: 5.623 energy_loss: 1024.015
[GPU3] epochs: [83/350] train_loss_con: 5.622 energy_loss: 1023.898
[GPU3] epochs: [84/350] train_loss_con: 5.619 energy_loss: 1023.915
[GPU3] epochs: [85/350] train_loss_con: 5.620 energy_loss: 1023.577
[GPU3] epochs: [86/350] train_loss_con: 5.621 energy_loss: 1023.080
[GPU3] epochs: [87/350] train_loss_con: 5.617 energy_loss: 1015.707
[GPU3] epochs: [88/350] train_loss_con: 5.619 energy_loss: 990.460
[GPU3] epochs: [89/350] train_loss_con: 5.617 energy_loss: 982.184
[GPU3] epochs: [90/350] train_loss_con: 5.619 energy_loss: 1008.980
[GPU3] epochs: [91/350] train_loss_con: 5.615 energy_loss: 981.707
[GPU3] epochs: [92/350] train_loss_con: 5.614 energy_loss: 1003.187
[GPU3] epochs: [93/350] train_loss_con: 5.613 energy_loss: 968.413
[GPU3] epochs: [94/350] train_loss_con: 5.609 energy_loss: 962.728
[GPU3] epochs: [95/350] train_loss_con: 5.607 energy_loss: 939.668
[GPU3] epochs: [96/350] train_loss_con: 5.610 energy_loss: 995.341
[GPU3] epochs: [97/350] train_loss_con: 5.612 energy_loss: 1023.982
[GPU3] epochs: [98/350] train_loss_con: 5.608 energy_loss: 1023.702
[GPU3] epochs: [99/350] train_loss_con: 5.609 energy_loss: 1023.327
[GPU3] epochs: [100/350] train_loss_con: 5.608 energy_loss: 1018.646
[GPU3] epochs: [101/350] train_loss_con: 5.602 energy_loss: 958.518
[GPU3] epochs: [102/350] train_loss_con: 5.603 energy_loss: 985.048
[GPU3] epochs: [103/350] train_loss_con: 5.605 energy_loss: 1023.815
[GPU3] epochs: [104/350] train_loss_con: 5.603 energy_loss: 1024.000
[GPU3] epochs: [105/350] train_loss_con: 5.605 energy_loss: 1023.899
[GPU3] epochs: [106/350] train_loss_con: 5.601 energy_loss: 1024.020
[GPU3] epochs: [107/350] train_loss_con: 5.600 energy_loss: 1024.065
[GPU3] epochs: [108/350] train_loss_con: 5.598 energy_loss: 1023.637
[GPU3] epochs: [109/350] train_loss_con: 5.598 energy_loss: 1023.836
[GPU3] epochs: [110/350] train_loss_con: 5.598 energy_loss: 1023.356
[GPU3] epochs: [111/350] train_loss_con: 5.598 energy_loss: 1022.991
[GPU3] epochs: [112/350] train_loss_con: 5.598 energy_loss: 1007.699
[GPU3] epochs: [113/350] train_loss_con: 5.598 energy_loss: 1021.406
[GPU3] epochs: [114/350] train_loss_con: 5.594 energy_loss: 1023.968
[GPU3] epochs: [115/350] train_loss_con: 5.594 energy_loss: 1023.947
[GPU3] epochs: [116/350] train_loss_con: 5.594 energy_loss: 1023.840
[GPU3] epochs: [117/350] train_loss_con: 5.594 energy_loss: 1023.538
[GPU3] epochs: [118/350] train_loss_con: 5.593 energy_loss: 1022.994
[GPU3] epochs: [119/350] train_loss_con: 5.591 energy_loss: 1021.883
[GPU3] epochs: [120/350] train_loss_con: 5.591 energy_loss: 1004.013
[GPU3] epochs: [121/350] train_loss_con: 5.589 energy_loss: 999.164
[GPU3] epochs: [122/350] train_loss_con: 5.588 energy_loss: 986.233
[GPU3] epochs: [123/350] train_loss_con: 5.587 energy_loss: 972.009
[GPU3] epochs: [124/350] train_loss_con: 5.587 energy_loss: 962.047
[GPU3] epochs: [125/350] train_loss_con: 5.586 energy_loss: 954.830
[GPU3] epochs: [126/350] train_loss_con: 5.587 energy_loss: 1019.924
[GPU3] epochs: [127/350] train_loss_con: 5.587 energy_loss: 965.119
[GPU3] epochs: [128/350] train_loss_con: 5.584 energy_loss: 1023.979
[GPU3] epochs: [129/350] train_loss_con: 5.582 energy_loss: 1023.964
[GPU3] epochs: [130/350] train_loss_con: 5.584 energy_loss: 1023.966
[GPU3] epochs: [131/350] train_loss_con: 5.585 energy_loss: 1024.238
[GPU3] epochs: [132/350] train_loss_con: 5.586 energy_loss: 1024.022
[GPU3] epochs: [133/350] train_loss_con: 5.583 energy_loss: 1023.912
[GPU3] epochs: [134/350] train_loss_con: 5.583 energy_loss: 1024.170
[GPU3] epochs: [135/350] train_loss_con: 5.582 energy_loss: 1024.004
[GPU3] epochs: [136/350] train_loss_con: 5.579 energy_loss: 1023.984
[GPU3] epochs: [137/350] train_loss_con: 5.581 energy_loss: 1024.041
[GPU3] epochs: [138/350] train_loss_con: 5.577 energy_loss: 1023.907
[GPU3] epochs: [139/350] train_loss_con: 5.579 energy_loss: 1023.885
[GPU3] epochs: [140/350] train_loss_con: 5.579 energy_loss: 1024.018
[GPU3] epochs: [141/350] train_loss_con: 5.580 energy_loss: 1023.946
[GPU3] epochs: [142/350] train_loss_con: 5.577 energy_loss: 1024.049
[GPU3] epochs: [143/350] train_loss_con: 5.578 energy_loss: 1024.023
[GPU3] epochs: [144/350] train_loss_con: 5.578 energy_loss: 1023.762
[GPU3] epochs: [145/350] train_loss_con: 5.579 energy_loss: 1023.785
[GPU3] epochs: [146/350] train_loss_con: 5.575 energy_loss: 1023.876
[GPU3] epochs: [147/350] train_loss_con: 5.573 energy_loss: 1023.786
[GPU3] epochs: [148/350] train_loss_con: 5.573 energy_loss: 1024.073
[GPU3] epochs: [149/350] train_loss_con: 5.571 energy_loss: 1024.025
[GPU3] epochs: [150/350] train_loss_con: 5.572 energy_loss: 1023.785
[GPU3] epochs: [151/350] train_loss_con: 5.571 energy_loss: 1023.782
[GPU3] epochs: [152/350] train_loss_con: 5.572 energy_loss: 1023.649
[GPU3] epochs: [153/350] train_loss_con: 5.567 energy_loss: 1023.711
[GPU3] epochs: [154/350] train_loss_con: 5.568 energy_loss: 1023.827
[GPU3] epochs: [155/350] train_loss_con: 5.570 energy_loss: 1023.484
[GPU3] epochs: [156/350] train_loss_con: 5.569 energy_loss: 1023.438
[GPU3] epochs: [157/350] train_loss_con: 5.568 energy_loss: 1023.287
[GPU3] epochs: [158/350] train_loss_con: 5.570 energy_loss: 1022.450
[GPU3] epochs: [159/350] train_loss_con: 5.566 energy_loss: 1013.594
[GPU3] epochs: [160/350] train_loss_con: 5.569 energy_loss: 1011.562
[GPU3] epochs: [161/350] train_loss_con: 5.565 energy_loss: 1016.953
[GPU3] epochs: [162/350] train_loss_con: 5.566 energy_loss: 1023.560
[GPU3] epochs: [163/350] train_loss_con: 5.563 energy_loss: 1022.492
[GPU3] epochs: [164/350] train_loss_con: 5.565 energy_loss: 1005.695
[GPU3] epochs: [165/350] train_loss_con: 5.564 energy_loss: 1010.333
[GPU3] epochs: [166/350] train_loss_con: 5.563 energy_loss: 1004.756
[GPU3] epochs: [167/350] train_loss_con: 5.563 energy_loss: 1023.589
[GPU3] epochs: [168/350] train_loss_con: 5.564 energy_loss: 1022.602
[GPU3] epochs: [169/350] train_loss_con: 5.561 energy_loss: 1010.578
[GPU3] epochs: [170/350] train_loss_con: 5.562 energy_loss: 1022.924
[GPU3] epochs: [171/350] train_loss_con: 5.561 energy_loss: 998.580
[GPU3] epochs: [172/350] train_loss_con: 5.559 energy_loss: 1011.975
[GPU3] epochs: [173/350] train_loss_con: 5.559 energy_loss: 1003.000
[GPU3] epochs: [174/350] train_loss_con: 5.560 energy_loss: 1022.801
[GPU3] epochs: [175/350] train_loss_con: 5.559 energy_loss: 973.739
[GPU3] epochs: [176/350] train_loss_con: 5.558 energy_loss: 1003.855
