environment: 
YAML: configs/scalre.c100.yaml
==> SEED: 42
==> num_classes: 100
==> data_name: cifar100
==> data_params: {'algo': 'scalre', 'data_dir': 'datasets/cifar100', 'batch_size': 512, 'num_workers': 3, 'image_size': 32}
==> return_logs: False
==> eval_every: 10
==> n_epochs: 800
==> n_epochs_mlp: 100
==> gpu_id: 7
==> opt: SGD
==> opt_params: {'lr': 0.5, 'momentum': 0.9, 'nesterov': True, 'weight_decay': 0.0001}
==> schedular_params: {'T_max': 800, 'eta_min': 0.001}
==> mlp_opt: SGD
==> mlp_opt_params: {'lr': 0.1, 'momentum': 0.9, 'nesterov': True}
==> model_params: {'model_name': 'resnet50', 'pretrained': False, 'proj_dim': 128, 'algo_type': 'scalre'}
==> energy_model_params: {'eta': 0.01, 'steps': 5, 'sigma': 0.2, 'delta': 0.1, 'net_type': 'score'}
==> energy_opt: AdamW
==> energy_model_opt_params: {'lr': 0.001}
==> mlp_type: linear
==> loss: scalre
==> loss_params: {'sim': 'cosine', 'tau': 0.5}
==> distributed: False
==> train_algo: scalre
==> model_save_path: saved_models/scalre.c100.r50.sc.e800.lin0.1.pth
==> warmup_epochs: 0
==> config: configs/scalre.c100.yaml
--------------------------------------------------
===> using linear mlp
using optimizer: SGD
using optimizer: SGD
loss function: scalre
Files already downloaded and verified
Files already downloaded and verified
Files already downloaded and verified
# of Training Images: 50000
# of Testing Images: 10000
using optimizer: AdamW
### ScAlRe Training begins
[GPU7] epochs: [1/800] train_loss_con: 6.651 energy_loss: 1024.541
[GPU7] epochs: [2/800] train_loss_con: 6.286 energy_loss: 1024.270
[GPU7] epochs: [3/800] train_loss_con: 6.142 energy_loss: 1024.108
[GPU7] epochs: [4/800] train_loss_con: 6.053 energy_loss: 1024.022
[GPU7] epochs: [5/800] train_loss_con: 6.003 energy_loss: 1023.860
[GPU7] epochs: [6/800] train_loss_con: 5.960 energy_loss: 1023.975
[GPU7] epochs: [7/800] train_loss_con: 5.933 energy_loss: 1023.989
[GPU7] epochs: [8/800] train_loss_con: 5.899 energy_loss: 1024.046
[GPU7] epochs: [9/800] train_loss_con: 5.870 energy_loss: 1023.990
[GPU7] epochs: [10/800] train_loss_con: 5.846 energy_loss: 1023.878
[GPU7] epochs: [11/800] train_loss_con: 5.834 energy_loss: 1023.982
[GPU7] epochs: [12/800] train_loss_con: 5.816 energy_loss: 1023.795
[GPU7] epochs: [13/800] train_loss_con: 5.807 energy_loss: 1023.709
[GPU7] epochs: [14/800] train_loss_con: 5.793 energy_loss: 1023.410
[GPU7] epochs: [15/800] train_loss_con: 5.785 energy_loss: 1023.145
[GPU7] epochs: [16/800] train_loss_con: 5.777 energy_loss: 1023.109
[GPU7] epochs: [17/800] train_loss_con: 5.768 energy_loss: 1022.966
[GPU7] epochs: [18/800] train_loss_con: 5.762 energy_loss: 1022.703
[GPU7] epochs: [19/800] train_loss_con: 5.759 energy_loss: 1022.797
[GPU7] epochs: [20/800] train_loss_con: 5.749 energy_loss: 1022.203
[GPU7] epochs: [21/800] train_loss_con: 5.746 energy_loss: 1021.015
[GPU7] epochs: [22/800] train_loss_con: 5.746 energy_loss: 1019.673
[GPU7] epochs: [23/800] train_loss_con: 5.740 energy_loss: 1017.685
[GPU7] epochs: [24/800] train_loss_con: 5.736 energy_loss: 1011.317
[GPU7] epochs: [25/800] train_loss_con: 5.733 energy_loss: 1002.190
[GPU7] epochs: [26/800] train_loss_con: 5.733 energy_loss: 988.697
[GPU7] epochs: [27/800] train_loss_con: 5.726 energy_loss: 968.926
[GPU7] epochs: [28/800] train_loss_con: 5.725 energy_loss: 940.160
[GPU7] epochs: [29/800] train_loss_con: 5.726 energy_loss: 901.128
[GPU7] epochs: [30/800] train_loss_con: 5.719 energy_loss: 860.491
[GPU7] epochs: [31/800] train_loss_con: 5.714 energy_loss: 819.971
[GPU7] epochs: [32/800] train_loss_con: 5.712 energy_loss: 781.288
[GPU7] epochs: [33/800] train_loss_con: 5.710 energy_loss: 744.690
[GPU7] epochs: [34/800] train_loss_con: 5.712 energy_loss: 710.861
[GPU7] epochs: [35/800] train_loss_con: 5.705 energy_loss: 678.645
[GPU7] epochs: [36/800] train_loss_con: 5.709 energy_loss: 649.472
[GPU7] epochs: [37/800] train_loss_con: 5.703 energy_loss: 620.874
[GPU7] epochs: [38/800] train_loss_con: 5.704 energy_loss: 596.705
[GPU7] epochs: [39/800] train_loss_con: 5.699 energy_loss: 570.491
[GPU7] epochs: [40/800] train_loss_con: 5.695 energy_loss: 547.523
[GPU7] epochs: [41/800] train_loss_con: 5.698 energy_loss: 522.039
[GPU7] epochs: [42/800] train_loss_con: 5.694 energy_loss: 502.373
[GPU7] epochs: [43/800] train_loss_con: 5.694 energy_loss: 479.407
[GPU7] epochs: [44/800] train_loss_con: 5.689 energy_loss: 458.003
[GPU7] epochs: [45/800] train_loss_con: 5.690 energy_loss: 439.494
[GPU7] epochs: [46/800] train_loss_con: 5.687 energy_loss: 420.165
[GPU7] epochs: [47/800] train_loss_con: 5.685 energy_loss: 400.309
[GPU7] epochs: [48/800] train_loss_con: 5.683 energy_loss: 381.704
[GPU7] epochs: [49/800] train_loss_con: 5.679 energy_loss: 364.097
[GPU7] epochs: [50/800] train_loss_con: 5.683 energy_loss: 345.320
[GPU7] epochs: [51/800] train_loss_con: 5.678 energy_loss: 328.736
[GPU7] epochs: [52/800] train_loss_con: 5.677 energy_loss: 313.688
[GPU7] epochs: [53/800] train_loss_con: 5.676 energy_loss: 296.725
[GPU7] epochs: [54/800] train_loss_con: 5.674 energy_loss: 280.287
[GPU7] epochs: [55/800] train_loss_con: 5.674 energy_loss: 264.265
[GPU7] epochs: [56/800] train_loss_con: 5.675 energy_loss: 248.815
[GPU7] epochs: [57/800] train_loss_con: 5.668 energy_loss: 233.959
[GPU7] epochs: [58/800] train_loss_con: 5.666 energy_loss: 219.579
[GPU7] epochs: [59/800] train_loss_con: 5.669 energy_loss: 206.189
[GPU7] epochs: [60/800] train_loss_con: 5.667 energy_loss: 192.535
[GPU7] epochs: [61/800] train_loss_con: 5.667 energy_loss: 179.565
[GPU7] epochs: [62/800] train_loss_con: 5.663 energy_loss: 166.733
[GPU7] epochs: [63/800] train_loss_con: 5.666 energy_loss: 154.802
[GPU7] epochs: [64/800] train_loss_con: 5.663 energy_loss: 143.470
[GPU7] epochs: [65/800] train_loss_con: 5.664 energy_loss: 132.832
[GPU7] epochs: [66/800] train_loss_con: 5.664 energy_loss: 122.487
[GPU7] epochs: [67/800] train_loss_con: 5.659 energy_loss: 114.163
[GPU7] epochs: [68/800] train_loss_con: 5.659 energy_loss: 105.945
[GPU7] epochs: [69/800] train_loss_con: 5.661 energy_loss: 99.376
[GPU7] epochs: [70/800] train_loss_con: 5.660 energy_loss: 93.043
[GPU7] epochs: [71/800] train_loss_con: 5.658 energy_loss: 86.910
[GPU7] epochs: [72/800] train_loss_con: 5.655 energy_loss: 83.536
[GPU7] epochs: [73/800] train_loss_con: 5.657 energy_loss: 80.241
[GPU7] epochs: [74/800] train_loss_con: 5.653 energy_loss: 76.466
[GPU7] epochs: [75/800] train_loss_con: 5.651 energy_loss: 73.139
[GPU7] epochs: [76/800] train_loss_con: 5.653 energy_loss: 70.770
[GPU7] epochs: [77/800] train_loss_con: 5.652 energy_loss: 68.184
[GPU7] epochs: [78/800] train_loss_con: 5.652 energy_loss: 66.185
[GPU7] epochs: [79/800] train_loss_con: 5.649 energy_loss: 65.538
[GPU7] epochs: [80/800] train_loss_con: 5.651 energy_loss: 63.339
[GPU7] epochs: [81/800] train_loss_con: 5.646 energy_loss: 61.423
[GPU7] epochs: [82/800] train_loss_con: 5.644 energy_loss: 60.702
[GPU7] epochs: [83/800] train_loss_con: 5.644 energy_loss: 58.958
[GPU7] epochs: [84/800] train_loss_con: 5.647 energy_loss: 57.940
[GPU7] epochs: [85/800] train_loss_con: 5.645 energy_loss: 56.255
[GPU7] epochs: [86/800] train_loss_con: 5.641 energy_loss: 55.275
[GPU7] epochs: [87/800] train_loss_con: 5.643 energy_loss: 55.389
[GPU7] epochs: [88/800] train_loss_con: 5.642 energy_loss: 54.070
[GPU7] epochs: [89/800] train_loss_con: 5.644 energy_loss: 52.357
[GPU7] epochs: [90/800] train_loss_con: 5.640 energy_loss: 51.168
[GPU7] epochs: [91/800] train_loss_con: 5.637 energy_loss: 50.826
[GPU7] epochs: [92/800] train_loss_con: 5.636 energy_loss: 51.195
[GPU7] epochs: [93/800] train_loss_con: 5.638 energy_loss: 49.718
[GPU7] epochs: [94/800] train_loss_con: 5.638 energy_loss: 48.392
[GPU7] epochs: [95/800] train_loss_con: 5.640 energy_loss: 51.441
[GPU7] epochs: [96/800] train_loss_con: 5.637 energy_loss: 49.716
[GPU7] epochs: [97/800] train_loss_con: 5.637 energy_loss: 50.211
[GPU7] epochs: [98/800] train_loss_con: 5.636 energy_loss: 46.769
[GPU7] epochs: [99/800] train_loss_con: 5.633 energy_loss: 45.743
[GPU7] epochs: [100/800] train_loss_con: 5.631 energy_loss: 44.740
[GPU7] epochs: [101/800] train_loss_con: 5.631 energy_loss: 43.963
[GPU7] epochs: [102/800] train_loss_con: 5.631 energy_loss: 43.120
[GPU7] epochs: [103/800] train_loss_con: 5.635 energy_loss: 43.133
[GPU7] epochs: [104/800] train_loss_con: 5.632 energy_loss: 44.446
[GPU7] epochs: [105/800] train_loss_con: 5.630 energy_loss: 42.615
[GPU7] epochs: [106/800] train_loss_con: 5.633 energy_loss: 41.632
[GPU7] epochs: [107/800] train_loss_con: 5.633 energy_loss: 41.547
[GPU7] epochs: [108/800] train_loss_con: 5.629 energy_loss: 42.665
[GPU7] epochs: [109/800] train_loss_con: 5.629 energy_loss: 45.291
[GPU7] epochs: [110/800] train_loss_con: 5.627 energy_loss: 50.774
[GPU7] epochs: [111/800] train_loss_con: 5.627 energy_loss: 44.294
[GPU7] epochs: [112/800] train_loss_con: 5.630 energy_loss: 40.339
[GPU7] epochs: [113/800] train_loss_con: 5.628 energy_loss: 38.233
[GPU7] epochs: [114/800] train_loss_con: 5.631 energy_loss: 38.318
[GPU7] epochs: [115/800] train_loss_con: 5.623 energy_loss: 38.786
[GPU7] epochs: [116/800] train_loss_con: 5.627 energy_loss: 38.366
[GPU7] epochs: [117/800] train_loss_con: 5.626 energy_loss: 38.012
[GPU7] epochs: [118/800] train_loss_con: 5.623 energy_loss: 37.382
[GPU7] epochs: [119/800] train_loss_con: 5.624 energy_loss: 37.426
[GPU7] epochs: [120/800] train_loss_con: 5.623 energy_loss: 37.262
[GPU7] epochs: [121/800] train_loss_con: 5.626 energy_loss: 36.333
[GPU7] epochs: [122/800] train_loss_con: 5.626 energy_loss: 37.519
[GPU7] epochs: [123/800] train_loss_con: 5.623 energy_loss: 36.870
[GPU7] epochs: [124/800] train_loss_con: 5.620 energy_loss: 36.028
[GPU7] epochs: [125/800] train_loss_con: 5.622 energy_loss: 35.677
[GPU7] epochs: [126/800] train_loss_con: 5.625 energy_loss: 35.862
[GPU7] epochs: [127/800] train_loss_con: 5.624 energy_loss: 37.195
[GPU7] epochs: [128/800] train_loss_con: 5.623 energy_loss: 36.357
[GPU7] epochs: [129/800] train_loss_con: 5.620 energy_loss: 41.784
[GPU7] epochs: [130/800] train_loss_con: 5.619 energy_loss: 44.925
[GPU7] epochs: [131/800] train_loss_con: 5.618 energy_loss: 38.958
[GPU7] epochs: [132/800] train_loss_con: 5.618 energy_loss: 33.056
[GPU7] epochs: [133/800] train_loss_con: 5.623 energy_loss: 33.660
[GPU7] epochs: [134/800] train_loss_con: 5.621 energy_loss: 33.713
[GPU7] epochs: [135/800] train_loss_con: 5.616 energy_loss: 33.141
[GPU7] epochs: [136/800] train_loss_con: 5.614 energy_loss: 32.994
[GPU7] epochs: [137/800] train_loss_con: 5.615 energy_loss: 33.445
[GPU7] epochs: [138/800] train_loss_con: 5.617 energy_loss: 33.111
[GPU7] epochs: [139/800] train_loss_con: 5.614 energy_loss: 32.981
[GPU7] epochs: [140/800] train_loss_con: 5.615 energy_loss: 33.170
[GPU7] epochs: [141/800] train_loss_con: 5.616 energy_loss: 33.487
[GPU7] epochs: [142/800] train_loss_con: 5.614 energy_loss: 33.826
[GPU7] epochs: [143/800] train_loss_con: 5.616 energy_loss: 33.240
[GPU7] epochs: [144/800] train_loss_con: 5.617 energy_loss: 32.465
[GPU7] epochs: [145/800] train_loss_con: 5.616 energy_loss: 32.296
[GPU7] epochs: [146/800] train_loss_con: 5.616 energy_loss: 32.354
[GPU7] epochs: [147/800] train_loss_con: 5.615 energy_loss: 32.034
[GPU7] epochs: [148/800] train_loss_con: 5.613 energy_loss: 33.473
[GPU7] epochs: [149/800] train_loss_con: 5.612 energy_loss: 32.205
[GPU7] epochs: [150/800] train_loss_con: 5.615 energy_loss: 32.275
[GPU7] epochs: [151/800] train_loss_con: 5.612 energy_loss: 32.141
[GPU7] epochs: [152/800] train_loss_con: 5.609 energy_loss: 38.622
[GPU7] epochs: [153/800] train_loss_con: 5.613 energy_loss: 43.303
[GPU7] epochs: [154/800] train_loss_con: 5.614 energy_loss: 35.021
[GPU7] epochs: [155/800] train_loss_con: 5.612 energy_loss: 29.900
[GPU7] epochs: [156/800] train_loss_con: 5.608 energy_loss: 30.200
[GPU7] epochs: [157/800] train_loss_con: 5.609 energy_loss: 29.978
[GPU7] epochs: [158/800] train_loss_con: 5.610 energy_loss: 30.815
[GPU7] epochs: [159/800] train_loss_con: 5.611 energy_loss: 30.644
[GPU7] epochs: [160/800] train_loss_con: 5.606 energy_loss: 30.083
[GPU7] epochs: [161/800] train_loss_con: 5.607 energy_loss: 30.176
[GPU7] epochs: [162/800] train_loss_con: 5.609 energy_loss: 29.924
[GPU7] epochs: [163/800] train_loss_con: 5.607 energy_loss: 30.045
[GPU7] epochs: [164/800] train_loss_con: 5.606 energy_loss: 30.304
[GPU7] epochs: [165/800] train_loss_con: 5.607 energy_loss: 29.922
[GPU7] epochs: [166/800] train_loss_con: 5.608 energy_loss: 30.177
[GPU7] epochs: [167/800] train_loss_con: 5.605 energy_loss: 30.902
[GPU7] epochs: [168/800] train_loss_con: 5.607 energy_loss: 30.816
[GPU7] epochs: [169/800] train_loss_con: 5.607 energy_loss: 30.568
[GPU7] epochs: [170/800] train_loss_con: 5.605 energy_loss: 30.256
[GPU7] epochs: [171/800] train_loss_con: 5.604 energy_loss: 30.188
[GPU7] epochs: [172/800] train_loss_con: 5.604 energy_loss: 29.329
[GPU7] epochs: [173/800] train_loss_con: 5.606 energy_loss: 29.405
[GPU7] epochs: [174/800] train_loss_con: 5.607 energy_loss: 29.376
[GPU7] epochs: [175/800] train_loss_con: 5.605 energy_loss: 29.278
[GPU7] epochs: [176/800] train_loss_con: 5.604 energy_loss: 29.740
[GPU7] epochs: [177/800] train_loss_con: 5.604 energy_loss: 30.561
[GPU7] epochs: [178/800] train_loss_con: 5.605 energy_loss: 29.718
[GPU7] epochs: [179/800] train_loss_con: 5.605 energy_loss: 31.557
[GPU7] epochs: [180/800] train_loss_con: 5.606 energy_loss: 38.849
[GPU7] epochs: [181/800] train_loss_con: 5.601 energy_loss: 32.592
[GPU7] epochs: [182/800] train_loss_con: 5.605 energy_loss: 27.690
[GPU7] epochs: [183/800] train_loss_con: 5.603 energy_loss: 27.874
[GPU7] epochs: [184/800] train_loss_con: 5.602 energy_loss: 27.852
[GPU7] epochs: [185/800] train_loss_con: 5.602 energy_loss: 27.904
[GPU7] epochs: [186/800] train_loss_con: 5.602 energy_loss: 27.708
[GPU7] epochs: [187/800] train_loss_con: 5.600 energy_loss: 27.978
[GPU7] epochs: [188/800] train_loss_con: 5.601 energy_loss: 28.238
[GPU7] epochs: [189/800] train_loss_con: 5.602 energy_loss: 27.822
[GPU7] epochs: [190/800] train_loss_con: 5.598 energy_loss: 27.648
[GPU7] epochs: [191/800] train_loss_con: 5.601 energy_loss: 27.941
[GPU7] epochs: [192/800] train_loss_con: 5.602 energy_loss: 27.897
[GPU7] epochs: [193/800] train_loss_con: 5.602 energy_loss: 27.485
[GPU7] epochs: [194/800] train_loss_con: 5.598 energy_loss: 28.260
[GPU7] epochs: [195/800] train_loss_con: 5.600 energy_loss: 28.008
[GPU7] epochs: [196/800] train_loss_con: 5.601 energy_loss: 27.764
[GPU7] epochs: [197/800] train_loss_con: 5.600 energy_loss: 27.628
[GPU7] epochs: [198/800] train_loss_con: 5.596 energy_loss: 27.611
[GPU7] epochs: [199/800] train_loss_con: 5.601 energy_loss: 27.055
[GPU7] epochs: [200/800] train_loss_con: 5.597 energy_loss: 26.744
[GPU7] epochs: [201/800] train_loss_con: 5.596 energy_loss: 26.712
[GPU7] epochs: [202/800] train_loss_con: 5.596 energy_loss: 27.849
[GPU7] epochs: [203/800] train_loss_con: 5.597 energy_loss: 28.086
[GPU7] epochs: [204/800] train_loss_con: 5.598 energy_loss: 27.726
[GPU7] epochs: [205/800] train_loss_con: 5.598 energy_loss: 29.589
[GPU7] epochs: [206/800] train_loss_con: 5.596 energy_loss: 36.131
[GPU7] epochs: [207/800] train_loss_con: 5.596 energy_loss: 30.062
[GPU7] epochs: [208/800] train_loss_con: 5.596 energy_loss: 24.942
[GPU7] epochs: [209/800] train_loss_con: 5.595 energy_loss: 25.623
[GPU7] epochs: [210/800] train_loss_con: 5.597 energy_loss: 25.561
[GPU7] epochs: [211/800] train_loss_con: 5.597 energy_loss: 25.839
[GPU7] epochs: [212/800] train_loss_con: 5.595 energy_loss: 26.466
[GPU7] epochs: [213/800] train_loss_con: 5.594 energy_loss: 26.099
[GPU7] epochs: [214/800] train_loss_con: 5.594 energy_loss: 25.678
[GPU7] epochs: [215/800] train_loss_con: 5.594 energy_loss: 25.964
[GPU7] epochs: [216/800] train_loss_con: 5.597 energy_loss: 25.702
[GPU7] epochs: [217/800] train_loss_con: 5.595 energy_loss: 25.818
[GPU7] epochs: [218/800] train_loss_con: 5.592 energy_loss: 25.586
[GPU7] epochs: [219/800] train_loss_con: 5.594 energy_loss: 25.396
[GPU7] epochs: [220/800] train_loss_con: 5.594 energy_loss: 26.333
[GPU7] epochs: [221/800] train_loss_con: 5.592 energy_loss: 26.137
[GPU7] epochs: [222/800] train_loss_con: 5.596 energy_loss: 25.480
[GPU7] epochs: [223/800] train_loss_con: 5.590 energy_loss: 25.785
[GPU7] epochs: [224/800] train_loss_con: 5.596 energy_loss: 25.435
[GPU7] epochs: [225/800] train_loss_con: 5.590 energy_loss: 25.366
[GPU7] epochs: [226/800] train_loss_con: 5.590 energy_loss: 25.680
[GPU7] epochs: [227/800] train_loss_con: 5.592 energy_loss: 26.552
[GPU7] epochs: [228/800] train_loss_con: 5.591 energy_loss: 26.622
[GPU7] epochs: [229/800] train_loss_con: 5.594 energy_loss: 25.984
[GPU7] epochs: [230/800] train_loss_con: 5.591 energy_loss: 25.924
[GPU7] epochs: [231/800] train_loss_con: 5.592 energy_loss: 25.546
[GPU7] epochs: [232/800] train_loss_con: 5.591 energy_loss: 25.380
[GPU7] epochs: [233/800] train_loss_con: 5.594 energy_loss: 25.119
[GPU7] epochs: [234/800] train_loss_con: 5.592 energy_loss: 24.729
[GPU7] epochs: [235/800] train_loss_con: 5.589 energy_loss: 25.687
[GPU7] epochs: [236/800] train_loss_con: 5.590 energy_loss: 25.359
[GPU7] epochs: [237/800] train_loss_con: 5.590 energy_loss: 24.710
[GPU7] epochs: [238/800] train_loss_con: 5.589 energy_loss: 24.528
[GPU7] epochs: [239/800] train_loss_con: 5.588 energy_loss: 24.285
[GPU7] epochs: [240/800] train_loss_con: 5.591 energy_loss: 24.726
[GPU7] epochs: [241/800] train_loss_con: 5.587 energy_loss: 26.170
[GPU7] epochs: [242/800] train_loss_con: 5.590 energy_loss: 25.952
[GPU7] epochs: [243/800] train_loss_con: 5.592 energy_loss: 26.829
[GPU7] epochs: [244/800] train_loss_con: 5.586 energy_loss: 30.754
[GPU7] epochs: [245/800] train_loss_con: 5.588 energy_loss: 23.865
[GPU7] epochs: [246/800] train_loss_con: 5.590 energy_loss: 23.866
[GPU7] epochs: [247/800] train_loss_con: 5.587 energy_loss: 24.025
[GPU7] epochs: [248/800] train_loss_con: 5.588 energy_loss: 24.447
[GPU7] epochs: [249/800] train_loss_con: 5.589 energy_loss: 24.084
[GPU7] epochs: [250/800] train_loss_con: 5.589 energy_loss: 24.108
[GPU7] epochs: [251/800] train_loss_con: 5.588 energy_loss: 24.339
[GPU7] epochs: [252/800] train_loss_con: 5.586 energy_loss: 23.953
[GPU7] epochs: [253/800] train_loss_con: 5.584 energy_loss: 23.979
[GPU7] epochs: [254/800] train_loss_con: 5.585 energy_loss: 23.930
[GPU7] epochs: [255/800] train_loss_con: 5.585 energy_loss: 24.177
[GPU7] epochs: [256/800] train_loss_con: 5.586 energy_loss: 25.009
[GPU7] epochs: [257/800] train_loss_con: 5.584 energy_loss: 24.327
[GPU7] epochs: [258/800] train_loss_con: 5.585 energy_loss: 24.047
[GPU7] epochs: [259/800] train_loss_con: 5.583 energy_loss: 23.844
[GPU7] epochs: [260/800] train_loss_con: 5.584 energy_loss: 24.136
[GPU7] epochs: [261/800] train_loss_con: 5.584 energy_loss: 23.583
[GPU7] epochs: [262/800] train_loss_con: 5.584 energy_loss: 24.605
[GPU7] epochs: [263/800] train_loss_con: 5.583 energy_loss: 24.829
[GPU7] epochs: [264/800] train_loss_con: 5.583 energy_loss: 24.313
[GPU7] epochs: [265/800] train_loss_con: 5.581 energy_loss: 23.758
[GPU7] epochs: [266/800] train_loss_con: 5.583 energy_loss: 24.065
[GPU7] epochs: [267/800] train_loss_con: 5.584 energy_loss: 24.430
[GPU7] epochs: [268/800] train_loss_con: 5.584 energy_loss: 24.216
[GPU7] epochs: [269/800] train_loss_con: 5.582 energy_loss: 24.194
[GPU7] epochs: [270/800] train_loss_con: 5.582 energy_loss: 24.779
[GPU7] epochs: [271/800] train_loss_con: 5.584 energy_loss: 24.377
[GPU7] epochs: [272/800] train_loss_con: 5.579 energy_loss: 23.543
[GPU7] epochs: [273/800] train_loss_con: 5.582 energy_loss: 23.043
[GPU7] epochs: [274/800] train_loss_con: 5.582 energy_loss: 23.228
[GPU7] epochs: [275/800] train_loss_con: 5.583 energy_loss: 23.134
[GPU7] epochs: [276/800] train_loss_con: 5.580 energy_loss: 24.234
[GPU7] epochs: [277/800] train_loss_con: 5.582 energy_loss: 24.069
[GPU7] epochs: [278/800] train_loss_con: 5.578 energy_loss: 23.555
[GPU7] epochs: [279/800] train_loss_con: 5.583 energy_loss: 23.219
[GPU7] epochs: [280/800] train_loss_con: 5.579 energy_loss: 23.204
[GPU7] epochs: [281/800] train_loss_con: 5.576 energy_loss: 23.840
[GPU7] epochs: [282/800] train_loss_con: 5.579 energy_loss: 25.941
[GPU7] epochs: [283/800] train_loss_con: 5.580 energy_loss: 26.341
[GPU7] epochs: [284/800] train_loss_con: 5.579 energy_loss: 24.899
[GPU7] epochs: [285/800] train_loss_con: 5.581 energy_loss: 22.735
[GPU7] epochs: [286/800] train_loss_con: 5.579 energy_loss: 22.540
[GPU7] epochs: [287/800] train_loss_con: 5.578 energy_loss: 22.640
[GPU7] epochs: [288/800] train_loss_con: 5.578 energy_loss: 22.635
[GPU7] epochs: [289/800] train_loss_con: 5.573 energy_loss: 23.875
[GPU7] epochs: [290/800] train_loss_con: 5.580 energy_loss: 22.733
[GPU7] epochs: [291/800] train_loss_con: 5.574 energy_loss: 22.733
[GPU7] epochs: [292/800] train_loss_con: 5.578 energy_loss: 22.642
[GPU7] epochs: [293/800] train_loss_con: 5.574 energy_loss: 22.569
[GPU7] epochs: [294/800] train_loss_con: 5.581 energy_loss: 24.002
[GPU7] epochs: [295/800] train_loss_con: 5.574 energy_loss: 23.356
[GPU7] epochs: [296/800] train_loss_con: 5.573 energy_loss: 22.866
[GPU7] epochs: [297/800] train_loss_con: 5.578 energy_loss: 22.938
[GPU7] epochs: [298/800] train_loss_con: 5.575 energy_loss: 22.513
[GPU7] epochs: [299/800] train_loss_con: 5.575 energy_loss: 22.644
[GPU7] epochs: [300/800] train_loss_con: 5.572 energy_loss: 24.027
[GPU7] epochs: [301/800] train_loss_con: 5.577 energy_loss: 22.553
[GPU7] epochs: [302/800] train_loss_con: 5.574 energy_loss: 22.628
[GPU7] epochs: [303/800] train_loss_con: 5.574 energy_loss: 22.569
[GPU7] epochs: [304/800] train_loss_con: 5.577 energy_loss: 22.822
[GPU7] epochs: [305/800] train_loss_con: 5.575 energy_loss: 24.115
[GPU7] epochs: [306/800] train_loss_con: 5.572 energy_loss: 23.488
[GPU7] epochs: [307/800] train_loss_con: 5.574 energy_loss: 23.817
[GPU7] epochs: [308/800] train_loss_con: 5.576 energy_loss: 24.945
[GPU7] epochs: [309/800] train_loss_con: 5.572 energy_loss: 26.694
[GPU7] epochs: [310/800] train_loss_con: 5.574 energy_loss: 23.708
[GPU7] epochs: [311/800] train_loss_con: 5.571 energy_loss: 21.647
[GPU7] epochs: [312/800] train_loss_con: 5.572 energy_loss: 21.826
[GPU7] epochs: [313/800] train_loss_con: 5.569 energy_loss: 22.254
[GPU7] epochs: [314/800] train_loss_con: 5.570 energy_loss: 22.810
[GPU7] epochs: [315/800] train_loss_con: 5.572 energy_loss: 22.250
[GPU7] epochs: [316/800] train_loss_con: 5.568 energy_loss: 22.114
[GPU7] epochs: [317/800] train_loss_con: 5.569 energy_loss: 21.887
[GPU7] epochs: [318/800] train_loss_con: 5.575 energy_loss: 21.869
[GPU7] epochs: [319/800] train_loss_con: 5.569 energy_loss: 23.132
[GPU7] epochs: [320/800] train_loss_con: 5.568 energy_loss: 22.683
[GPU7] epochs: [321/800] train_loss_con: 5.566 energy_loss: 22.324
[GPU7] epochs: [322/800] train_loss_con: 5.569 energy_loss: 22.037
[GPU7] epochs: [323/800] train_loss_con: 5.570 energy_loss: 21.863
[GPU7] epochs: [324/800] train_loss_con: 5.570 energy_loss: 22.651
[GPU7] epochs: [325/800] train_loss_con: 5.571 energy_loss: 23.359
[GPU7] epochs: [326/800] train_loss_con: 5.569 energy_loss: 22.390
[GPU7] epochs: [327/800] train_loss_con: 5.567 energy_loss: 22.337
[GPU7] epochs: [328/800] train_loss_con: 5.573 energy_loss: 22.136
[GPU7] epochs: [329/800] train_loss_con: 5.570 energy_loss: 21.800
[GPU7] epochs: [330/800] train_loss_con: 5.567 energy_loss: 22.091
[GPU7] epochs: [331/800] train_loss_con: 5.566 energy_loss: 23.184
[GPU7] epochs: [332/800] train_loss_con: 5.566 energy_loss: 21.839
[GPU7] epochs: [333/800] train_loss_con: 5.564 energy_loss: 21.839
[GPU7] epochs: [334/800] train_loss_con: 5.566 energy_loss: 21.997
[GPU7] epochs: [335/800] train_loss_con: 5.566 energy_loss: 22.459
[GPU7] epochs: [336/800] train_loss_con: 5.563 energy_loss: 23.388
[GPU7] epochs: [337/800] train_loss_con: 5.566 energy_loss: 22.716
[GPU7] epochs: [338/800] train_loss_con: 5.569 energy_loss: 22.461
[GPU7] epochs: [339/800] train_loss_con: 5.564 energy_loss: 22.084
[GPU7] epochs: [340/800] train_loss_con: 5.567 energy_loss: 22.031
[GPU7] epochs: [341/800] train_loss_con: 5.566 energy_loss: 21.791
[GPU7] epochs: [342/800] train_loss_con: 5.564 energy_loss: 22.951
[GPU7] epochs: [343/800] train_loss_con: 5.560 energy_loss: 21.776
[GPU7] epochs: [344/800] train_loss_con: 5.566 energy_loss: 21.647
[GPU7] epochs: [345/800] train_loss_con: 5.565 energy_loss: 21.869
[GPU7] epochs: [346/800] train_loss_con: 5.563 energy_loss: 21.415
[GPU7] epochs: [347/800] train_loss_con: 5.564 energy_loss: 23.078
[GPU7] epochs: [348/800] train_loss_con: 5.562 energy_loss: 22.234
[GPU7] epochs: [349/800] train_loss_con: 5.561 energy_loss: 21.765
[GPU7] epochs: [350/800] train_loss_con: 5.564 energy_loss: 21.334
[GPU7] epochs: [351/800] train_loss_con: 5.562 energy_loss: 21.308
[GPU7] epochs: [352/800] train_loss_con: 5.563 energy_loss: 22.364
[GPU7] epochs: [353/800] train_loss_con: 5.559 energy_loss: 22.098
[GPU7] epochs: [354/800] train_loss_con: 5.562 energy_loss: 22.084
[GPU7] epochs: [355/800] train_loss_con: 5.558 energy_loss: 23.148
[GPU7] epochs: [356/800] train_loss_con: 5.558 energy_loss: 26.865
[GPU7] epochs: [357/800] train_loss_con: 5.560 energy_loss: 21.348
[GPU7] epochs: [358/800] train_loss_con: 5.562 energy_loss: 22.068
[GPU7] epochs: [359/800] train_loss_con: 5.560 energy_loss: 21.420
[GPU7] epochs: [360/800] train_loss_con: 5.562 energy_loss: 21.328
[GPU7] epochs: [361/800] train_loss_con: 5.558 energy_loss: 21.023
[GPU7] epochs: [362/800] train_loss_con: 5.558 energy_loss: 20.674
[GPU7] epochs: [363/800] train_loss_con: 5.559 energy_loss: 21.069
[GPU7] epochs: [364/800] train_loss_con: 5.558 energy_loss: 20.914
[GPU7] epochs: [365/800] train_loss_con: 5.559 energy_loss: 22.338
[GPU7] epochs: [366/800] train_loss_con: 5.557 energy_loss: 21.148
[GPU7] epochs: [367/800] train_loss_con: 5.558 energy_loss: 20.948
[GPU7] epochs: [368/800] train_loss_con: 5.556 energy_loss: 20.808
[GPU7] epochs: [369/800] train_loss_con: 5.560 energy_loss: 22.642
[GPU7] epochs: [370/800] train_loss_con: 5.556 energy_loss: 21.842
[GPU7] epochs: [371/800] train_loss_con: 5.553 energy_loss: 21.546
[GPU7] epochs: [372/800] train_loss_con: 5.556 energy_loss: 21.095
[GPU7] epochs: [373/800] train_loss_con: 5.555 energy_loss: 21.008
[GPU7] epochs: [374/800] train_loss_con: 5.558 energy_loss: 21.402
[GPU7] epochs: [375/800] train_loss_con: 5.557 energy_loss: 22.419
[GPU7] epochs: [376/800] train_loss_con: 5.556 energy_loss: 21.107
[GPU7] epochs: [377/800] train_loss_con: 5.555 energy_loss: 20.749
[GPU7] epochs: [378/800] train_loss_con: 5.554 energy_loss: 20.492
[GPU7] epochs: [379/800] train_loss_con: 5.554 energy_loss: 22.224
[GPU7] epochs: [380/800] train_loss_con: 5.555 energy_loss: 21.235
[GPU7] epochs: [381/800] train_loss_con: 5.554 energy_loss: 21.472
[GPU7] epochs: [382/800] train_loss_con: 5.555 energy_loss: 21.008
[GPU7] epochs: [383/800] train_loss_con: 5.551 energy_loss: 20.831
[GPU7] epochs: [384/800] train_loss_con: 5.548 energy_loss: 21.984
[GPU7] epochs: [385/800] train_loss_con: 5.554 energy_loss: 21.459
[GPU7] epochs: [386/800] train_loss_con: 5.552 energy_loss: 20.899
[GPU7] epochs: [387/800] train_loss_con: 5.547 energy_loss: 20.896
[GPU7] epochs: [388/800] train_loss_con: 5.551 energy_loss: 20.768
[GPU7] epochs: [389/800] train_loss_con: 5.549 energy_loss: 22.682
[GPU7] epochs: [390/800] train_loss_con: 5.550 energy_loss: 21.307
[GPU7] epochs: [391/800] train_loss_con: 5.547 energy_loss: 20.836
[GPU7] epochs: [392/800] train_loss_con: 5.548 energy_loss: 20.544
[GPU7] epochs: [393/800] train_loss_con: 5.551 energy_loss: 20.925
[GPU7] epochs: [394/800] train_loss_con: 5.549 energy_loss: 21.876
[GPU7] epochs: [395/800] train_loss_con: 5.549 energy_loss: 20.659
[GPU7] epochs: [396/800] train_loss_con: 5.551 energy_loss: 20.445
[GPU7] epochs: [397/800] train_loss_con: 5.548 energy_loss: 20.267
[GPU7] epochs: [398/800] train_loss_con: 5.547 energy_loss: 21.805
[GPU7] epochs: [399/800] train_loss_con: 5.550 energy_loss: 21.330
[GPU7] epochs: [400/800] train_loss_con: 5.549 energy_loss: 20.854
[GPU7] epochs: [401/800] train_loss_con: 5.547 energy_loss: 20.866
[GPU7] epochs: [402/800] train_loss_con: 5.550 energy_loss: 20.787
[GPU7] epochs: [403/800] train_loss_con: 5.544 energy_loss: 22.093
[GPU7] epochs: [404/800] train_loss_con: 5.545 energy_loss: 21.734
[GPU7] epochs: [405/800] train_loss_con: 5.547 energy_loss: 20.870
[GPU7] epochs: [406/800] train_loss_con: 5.545 energy_loss: 20.379
[GPU7] epochs: [407/800] train_loss_con: 5.546 energy_loss: 19.972
[GPU7] epochs: [408/800] train_loss_con: 5.543 energy_loss: 20.326
[GPU7] epochs: [409/800] train_loss_con: 5.546 energy_loss: 21.901
[GPU7] epochs: [410/800] train_loss_con: 5.543 energy_loss: 20.928
[GPU7] epochs: [411/800] train_loss_con: 5.545 energy_loss: 20.531
[GPU7] epochs: [412/800] train_loss_con: 5.543 energy_loss: 19.834
[GPU7] epochs: [413/800] train_loss_con: 5.542 energy_loss: 20.506
[GPU7] epochs: [414/800] train_loss_con: 5.541 energy_loss: 21.346
[GPU7] epochs: [415/800] train_loss_con: 5.541 energy_loss: 20.663
[GPU7] epochs: [416/800] train_loss_con: 5.545 energy_loss: 20.567
[GPU7] epochs: [417/800] train_loss_con: 5.540 energy_loss: 20.513
[GPU7] epochs: [418/800] train_loss_con: 5.543 energy_loss: 20.868
[GPU7] epochs: [419/800] train_loss_con: 5.542 energy_loss: 23.094
[GPU7] epochs: [420/800] train_loss_con: 5.541 energy_loss: 22.339
[GPU7] epochs: [421/800] train_loss_con: 5.543 energy_loss: 20.578
[GPU7] epochs: [422/800] train_loss_con: 5.542 energy_loss: 19.902
[GPU7] epochs: [423/800] train_loss_con: 5.539 energy_loss: 20.184
[GPU7] epochs: [424/800] train_loss_con: 5.543 energy_loss: 20.494
[GPU7] epochs: [425/800] train_loss_con: 5.539 energy_loss: 20.061
[GPU7] epochs: [426/800] train_loss_con: 5.542 energy_loss: 19.955
[GPU7] epochs: [427/800] train_loss_con: 5.538 energy_loss: 20.945
[GPU7] epochs: [428/800] train_loss_con: 5.540 energy_loss: 21.312
[GPU7] epochs: [429/800] train_loss_con: 5.538 energy_loss: 20.155
[GPU7] epochs: [430/800] train_loss_con: 5.539 energy_loss: 19.828
[GPU7] epochs: [431/800] train_loss_con: 5.540 energy_loss: 19.849
[GPU7] epochs: [432/800] train_loss_con: 5.540 energy_loss: 19.888
[GPU7] epochs: [433/800] train_loss_con: 5.535 energy_loss: 21.335
[GPU7] epochs: [434/800] train_loss_con: 5.538 energy_loss: 20.604
[GPU7] epochs: [435/800] train_loss_con: 5.538 energy_loss: 20.316
[GPU7] epochs: [436/800] train_loss_con: 5.538 energy_loss: 20.495
[GPU7] epochs: [437/800] train_loss_con: 5.534 energy_loss: 19.918
[GPU7] epochs: [438/800] train_loss_con: 5.538 energy_loss: 20.222
[GPU7] epochs: [439/800] train_loss_con: 5.538 energy_loss: 20.472
[GPU7] epochs: [440/800] train_loss_con: 5.533 energy_loss: 21.161
[GPU7] epochs: [441/800] train_loss_con: 5.534 energy_loss: 19.831
[GPU7] epochs: [442/800] train_loss_con: 5.534 energy_loss: 19.893
[GPU7] epochs: [443/800] train_loss_con: 5.536 energy_loss: 19.948
[GPU7] epochs: [444/800] train_loss_con: 5.535 energy_loss: 20.034
[GPU7] epochs: [445/800] train_loss_con: 5.536 energy_loss: 21.650
[GPU7] epochs: [446/800] train_loss_con: 5.532 energy_loss: 21.321
[GPU7] epochs: [447/800] train_loss_con: 5.533 energy_loss: 20.286
[GPU7] epochs: [448/800] train_loss_con: 5.534 energy_loss: 19.981
[GPU7] epochs: [449/800] train_loss_con: 5.535 energy_loss: 19.800
[GPU7] epochs: [450/800] train_loss_con: 5.532 energy_loss: 19.787
[GPU7] epochs: [451/800] train_loss_con: 5.531 energy_loss: 19.736
[GPU7] epochs: [452/800] train_loss_con: 5.532 energy_loss: 20.331
[GPU7] epochs: [453/800] train_loss_con: 5.530 energy_loss: 20.970
[GPU7] epochs: [454/800] train_loss_con: 5.532 energy_loss: 19.684
[GPU7] epochs: [455/800] train_loss_con: 5.531 energy_loss: 19.558
[GPU7] epochs: [456/800] train_loss_con: 5.528 energy_loss: 19.876
[GPU7] epochs: [457/800] train_loss_con: 5.530 energy_loss: 20.057
[GPU7] epochs: [458/800] train_loss_con: 5.528 energy_loss: 20.515
[GPU7] epochs: [459/800] train_loss_con: 5.530 energy_loss: 19.752
[GPU7] epochs: [460/800] train_loss_con: 5.532 energy_loss: 20.604
[GPU7] epochs: [461/800] train_loss_con: 5.531 energy_loss: 19.507
[GPU7] epochs: [462/800] train_loss_con: 5.528 energy_loss: 19.391
[GPU7] epochs: [463/800] train_loss_con: 5.530 energy_loss: 19.482
[GPU7] epochs: [464/800] train_loss_con: 5.531 energy_loss: 20.125
[GPU7] epochs: [465/800] train_loss_con: 5.529 energy_loss: 20.780
[GPU7] epochs: [466/800] train_loss_con: 5.528 energy_loss: 19.612
[GPU7] epochs: [467/800] train_loss_con: 5.528 energy_loss: 19.436
[GPU7] epochs: [468/800] train_loss_con: 5.530 energy_loss: 18.760
[GPU7] epochs: [469/800] train_loss_con: 5.525 energy_loss: 20.407
[GPU7] epochs: [470/800] train_loss_con: 5.525 energy_loss: 19.415
[GPU7] epochs: [471/800] train_loss_con: 5.527 energy_loss: 19.168
[GPU7] epochs: [472/800] train_loss_con: 5.524 energy_loss: 18.808
[GPU7] epochs: [473/800] train_loss_con: 5.525 energy_loss: 20.763
[GPU7] epochs: [474/800] train_loss_con: 5.525 energy_loss: 19.610
[GPU7] epochs: [475/800] train_loss_con: 5.526 energy_loss: 19.519
[GPU7] epochs: [476/800] train_loss_con: 5.524 energy_loss: 19.639
[GPU7] epochs: [477/800] train_loss_con: 5.523 energy_loss: 20.188
[GPU7] epochs: [478/800] train_loss_con: 5.523 energy_loss: 20.433
[GPU7] epochs: [479/800] train_loss_con: 5.521 energy_loss: 19.319
[GPU7] epochs: [480/800] train_loss_con: 5.523 energy_loss: 18.992
[GPU7] epochs: [481/800] train_loss_con: 5.524 energy_loss: 19.434
[GPU7] epochs: [482/800] train_loss_con: 5.523 energy_loss: 19.688
[GPU7] epochs: [483/800] train_loss_con: 5.520 energy_loss: 19.849
[GPU7] epochs: [484/800] train_loss_con: 5.522 energy_loss: 20.498
[GPU7] epochs: [485/800] train_loss_con: 5.522 energy_loss: 19.184
[GPU7] epochs: [486/800] train_loss_con: 5.522 energy_loss: 18.920
[GPU7] epochs: [487/800] train_loss_con: 5.521 energy_loss: 19.205
[GPU7] epochs: [488/800] train_loss_con: 5.519 energy_loss: 19.311
[GPU7] epochs: [489/800] train_loss_con: 5.522 energy_loss: 20.588
[GPU7] epochs: [490/800] train_loss_con: 5.519 energy_loss: 20.074
[GPU7] epochs: [491/800] train_loss_con: 5.519 energy_loss: 20.120
[GPU7] epochs: [492/800] train_loss_con: 5.520 energy_loss: 19.508
[GPU7] epochs: [493/800] train_loss_con: 5.520 energy_loss: 18.759
[GPU7] epochs: [494/800] train_loss_con: 5.520 energy_loss: 18.528
[GPU7] epochs: [495/800] train_loss_con: 5.515 energy_loss: 18.879
[GPU7] epochs: [496/800] train_loss_con: 5.515 energy_loss: 19.857
[GPU7] epochs: [497/800] train_loss_con: 5.515 energy_loss: 20.064
[GPU7] epochs: [498/800] train_loss_con: 5.514 energy_loss: 19.446
[GPU7] epochs: [499/800] train_loss_con: 5.512 energy_loss: 19.084
[GPU7] epochs: [500/800] train_loss_con: 5.514 energy_loss: 19.178
[GPU7] epochs: [501/800] train_loss_con: 5.512 energy_loss: 18.874
[GPU7] epochs: [502/800] train_loss_con: 5.518 energy_loss: 18.724
[GPU7] epochs: [503/800] train_loss_con: 5.514 energy_loss: 18.839
[GPU7] epochs: [504/800] train_loss_con: 5.515 energy_loss: 19.906
[GPU7] epochs: [505/800] train_loss_con: 5.515 energy_loss: 19.462
[GPU7] epochs: [506/800] train_loss_con: 5.513 energy_loss: 19.132
[GPU7] epochs: [507/800] train_loss_con: 5.510 energy_loss: 18.939
[GPU7] epochs: [508/800] train_loss_con: 5.510 energy_loss: 19.289
[GPU7] epochs: [509/800] train_loss_con: 5.510 energy_loss: 19.017
[GPU7] epochs: [510/800] train_loss_con: 5.513 energy_loss: 19.214
[GPU7] epochs: [511/800] train_loss_con: 5.508 energy_loss: 19.748
[GPU7] epochs: [512/800] train_loss_con: 5.511 energy_loss: 18.702
[GPU7] epochs: [513/800] train_loss_con: 5.511 energy_loss: 18.836
[GPU7] epochs: [514/800] train_loss_con: 5.508 energy_loss: 19.541
[GPU7] epochs: [515/800] train_loss_con: 5.508 energy_loss: 19.813
[GPU7] epochs: [516/800] train_loss_con: 5.508 energy_loss: 19.238
[GPU7] epochs: [517/800] train_loss_con: 5.510 energy_loss: 19.300
[GPU7] epochs: [518/800] train_loss_con: 5.508 energy_loss: 18.899
[GPU7] epochs: [519/800] train_loss_con: 5.507 energy_loss: 18.796
[GPU7] epochs: [520/800] train_loss_con: 5.503 energy_loss: 18.390
[GPU7] epochs: [521/800] train_loss_con: 5.507 energy_loss: 18.583
[GPU7] epochs: [522/800] train_loss_con: 5.505 energy_loss: 18.550
[GPU7] epochs: [523/800] train_loss_con: 5.509 energy_loss: 18.571
[GPU7] epochs: [524/800] train_loss_con: 5.504 energy_loss: 19.817
[GPU7] epochs: [525/800] train_loss_con: 5.506 energy_loss: 19.064
[GPU7] epochs: [526/800] train_loss_con: 5.506 energy_loss: 18.573
[GPU7] epochs: [527/800] train_loss_con: 5.505 energy_loss: 18.532
[GPU7] epochs: [528/800] train_loss_con: 5.502 energy_loss: 18.646
[GPU7] epochs: [529/800] train_loss_con: 5.503 energy_loss: 18.269
