environment: 
YAML: configs/scalre.c100.yaml
==> SEED: 42
==> num_classes: 100
==> data_name: cifar100
==> data_params: {'algo': 'scalre', 'data_dir': 'datasets/cifar100', 'batch_size': 512, 'num_workers': 3, 'image_size': 32}
==> return_logs: False
==> eval_every: 10
==> n_epochs: 800
==> n_epochs_mlp: 100
==> gpu_id: 3
==> opt: SGD
==> opt_params: {'lr': 0.5, 'momentum': 0.9, 'nesterov': True}
==> schedular_params: {'T_max': 800, 'eta_min': 0.001}
==> mlp_opt: SGD
==> mlp_opt_params: {'lr': 0.01, 'momentum': 0.9, 'nesterov': True}
==> model_params: {'model_name': 'resnet18', 'pretrained': False, 'proj_dim': 128, 'algo_type': 'scalre'}
==> energy_model_params: {'eta': 0.01, 'steps': 5, 'sigma': 0.2, 'delta': 0.1, 'net_type': 'energy'}
==> energy_opt: AdamW
==> energy_model_opt_params: {'lr': 0.001}
==> mlp_type: linear
==> loss: scalre
==> loss_params: {'sim': 'cosine', 'tau': 0.5}
==> distributed: False
==> train_algo: scalre
==> model_save_path: saved_models/scalre.c100.r18.e800.lin.pth
==> warmup_epochs: 0
==> config: configs/scalre.c100.yaml
--------------------------------------------------
Files already downloaded and verified
Files already downloaded and verified
Files already downloaded and verified
# of Training Images: 50000
# of Testing Images: 10000
===> using linear mlp
using optimizer: SGD
using optimizer: SGD
loss function: scalre
using optimizer: AdamW
### ScAlRe Training begins
[GPU3] epochs: [1/800] train_loss_con: 6.374 energy_loss: 255.435
[GPU3] epochs: [2/800] train_loss_con: 6.171 energy_loss: 256.031
[GPU3] epochs: [3/800] train_loss_con: 6.063 energy_loss: 256.071
[GPU3] epochs: [4/800] train_loss_con: 6.000 energy_loss: 255.674
[GPU3] epochs: [5/800] train_loss_con: 5.944 energy_loss: 255.528
[GPU3] epochs: [6/800] train_loss_con: 5.905 energy_loss: 255.946
[GPU3] epochs: [7/800] train_loss_con: 5.876 energy_loss: 255.834
[GPU3] epochs: [8/800] train_loss_con: 5.850 energy_loss: 255.709
[GPU3] epochs: [9/800] train_loss_con: 5.831 energy_loss: 255.827
[GPU3] epochs: [10/800] train_loss_con: 5.816 energy_loss: 255.940
[GPU3] epochs: [11/800] train_loss_con: 5.802 energy_loss: 256.077
[GPU3] epochs: [12/800] train_loss_con: 5.790 energy_loss: 255.995
[GPU3] epochs: [13/800] train_loss_con: 5.783 energy_loss: 255.911
[GPU3] epochs: [14/800] train_loss_con: 5.775 energy_loss: 255.670
[GPU3] epochs: [15/800] train_loss_con: 5.765 energy_loss: 255.341
[GPU3] epochs: [16/800] train_loss_con: 5.760 energy_loss: 255.652
[GPU3] epochs: [17/800] train_loss_con: 5.754 energy_loss: 254.947
[GPU3] epochs: [18/800] train_loss_con: 5.748 energy_loss: 255.206
[GPU3] epochs: [19/800] train_loss_con: 5.745 energy_loss: 254.005
[GPU3] epochs: [20/800] train_loss_con: 5.738 energy_loss: 253.898
[GPU3] epochs: [21/800] train_loss_con: 5.731 energy_loss: 251.573
[GPU3] epochs: [22/800] train_loss_con: 5.729 energy_loss: 246.717
[GPU3] epochs: [23/800] train_loss_con: 5.727 energy_loss: 246.840
[GPU3] epochs: [24/800] train_loss_con: 5.721 energy_loss: 237.735
[GPU3] epochs: [25/800] train_loss_con: 5.718 energy_loss: 233.047
[GPU3] epochs: [26/800] train_loss_con: 5.714 energy_loss: 225.488
[GPU3] epochs: [27/800] train_loss_con: 5.709 energy_loss: 213.670
[GPU3] epochs: [28/800] train_loss_con: 5.709 energy_loss: 229.180
[GPU3] epochs: [29/800] train_loss_con: 5.707 energy_loss: 208.251
[GPU3] epochs: [30/800] train_loss_con: 5.705 energy_loss: 198.410
[GPU3] epochs: [31/800] train_loss_con: 5.701 energy_loss: 220.456
[GPU3] epochs: [32/800] train_loss_con: 5.699 energy_loss: 191.138
[GPU3] epochs: [33/800] train_loss_con: 5.695 energy_loss: 201.841
[GPU3] epochs: [34/800] train_loss_con: 5.693 energy_loss: 212.879
[GPU3] epochs: [35/800] train_loss_con: 5.693 energy_loss: 255.945
[GPU3] epochs: [36/800] train_loss_con: 5.693 energy_loss: 256.016
[GPU3] epochs: [37/800] train_loss_con: 5.687 energy_loss: 255.903
[GPU3] epochs: [38/800] train_loss_con: 5.690 energy_loss: 255.605
[GPU3] epochs: [39/800] train_loss_con: 5.683 energy_loss: 254.323
[GPU3] epochs: [40/800] train_loss_con: 5.686 energy_loss: 215.274
[GPU3] epochs: [41/800] train_loss_con: 5.680 energy_loss: 200.666
[GPU3] epochs: [42/800] train_loss_con: 5.680 energy_loss: 176.138
[GPU3] epochs: [43/800] train_loss_con: 5.677 energy_loss: 169.063
[GPU3] epochs: [44/800] train_loss_con: 5.673 energy_loss: 182.154
[GPU3] epochs: [45/800] train_loss_con: 5.670 energy_loss: 158.952
[GPU3] epochs: [46/800] train_loss_con: 5.670 energy_loss: 170.824
[GPU3] epochs: [47/800] train_loss_con: 5.669 energy_loss: 143.442
[GPU3] epochs: [48/800] train_loss_con: 5.670 energy_loss: 138.579
[GPU3] epochs: [49/800] train_loss_con: 5.665 energy_loss: 137.466
[GPU3] epochs: [50/800] train_loss_con: 5.664 energy_loss: 134.740
[GPU3] epochs: [51/800] train_loss_con: 5.659 energy_loss: 134.125
[GPU3] epochs: [52/800] train_loss_con: 5.660 energy_loss: 132.795
[GPU3] epochs: [53/800] train_loss_con: 5.658 energy_loss: 131.562
[GPU3] epochs: [54/800] train_loss_con: 5.659 energy_loss: 131.471
[GPU3] epochs: [55/800] train_loss_con: 5.657 energy_loss: 130.549
[GPU3] epochs: [56/800] train_loss_con: 5.655 energy_loss: 130.801
[GPU3] epochs: [57/800] train_loss_con: 5.653 energy_loss: 134.058
[GPU3] epochs: [58/800] train_loss_con: 5.653 energy_loss: 130.252
[GPU3] epochs: [59/800] train_loss_con: 5.652 energy_loss: 131.140
[GPU3] epochs: [60/800] train_loss_con: 5.649 energy_loss: 137.332
[GPU3] epochs: [61/800] train_loss_con: 5.650 energy_loss: 130.423
[GPU3] epochs: [62/800] train_loss_con: 5.648 energy_loss: 129.287
[GPU3] epochs: [63/800] train_loss_con: 5.647 energy_loss: 127.484
[GPU3] epochs: [64/800] train_loss_con: 5.644 energy_loss: 131.407
[GPU3] epochs: [65/800] train_loss_con: 5.641 energy_loss: 129.849
[GPU3] epochs: [66/800] train_loss_con: 5.640 energy_loss: 128.693
[GPU3] epochs: [67/800] train_loss_con: 5.642 energy_loss: 125.682
[GPU3] epochs: [68/800] train_loss_con: 5.638 energy_loss: 125.633
[GPU3] epochs: [69/800] train_loss_con: 5.638 energy_loss: 125.340
[GPU3] epochs: [70/800] train_loss_con: 5.639 energy_loss: 124.249
[GPU3] epochs: [71/800] train_loss_con: 5.639 energy_loss: 125.165
[GPU3] epochs: [72/800] train_loss_con: 5.637 energy_loss: 124.751
[GPU3] epochs: [73/800] train_loss_con: 5.633 energy_loss: 124.152
[GPU3] epochs: [74/800] train_loss_con: 5.631 energy_loss: 124.522
[GPU3] epochs: [75/800] train_loss_con: 5.633 energy_loss: 125.877
[GPU3] epochs: [76/800] train_loss_con: 5.631 energy_loss: 124.332
[GPU3] epochs: [77/800] train_loss_con: 5.630 energy_loss: 124.977
[GPU3] epochs: [78/800] train_loss_con: 5.631 energy_loss: 124.973
[GPU3] epochs: [79/800] train_loss_con: 5.632 energy_loss: 125.979
[GPU3] epochs: [80/800] train_loss_con: 5.626 energy_loss: 126.806
[GPU3] epochs: [81/800] train_loss_con: 5.629 energy_loss: 124.718
[GPU3] epochs: [82/800] train_loss_con: 5.626 energy_loss: 124.157
[GPU3] epochs: [83/800] train_loss_con: 5.627 energy_loss: 123.263
[GPU3] epochs: [84/800] train_loss_con: 5.622 energy_loss: 124.461
[GPU3] epochs: [85/800] train_loss_con: 5.623 energy_loss: 122.524
[GPU3] epochs: [86/800] train_loss_con: 5.622 energy_loss: 123.204
[GPU3] epochs: [87/800] train_loss_con: 5.621 energy_loss: 123.367
[GPU3] epochs: [88/800] train_loss_con: 5.622 energy_loss: 121.222
[GPU3] epochs: [89/800] train_loss_con: 5.621 energy_loss: 121.197
[GPU3] epochs: [90/800] train_loss_con: 5.620 energy_loss: 121.393
[GPU3] epochs: [91/800] train_loss_con: 5.620 energy_loss: 121.403
[GPU3] epochs: [92/800] train_loss_con: 5.615 energy_loss: 121.003
[GPU3] epochs: [93/800] train_loss_con: 5.619 energy_loss: 120.811
[GPU3] epochs: [94/800] train_loss_con: 5.615 energy_loss: 120.345
[GPU3] epochs: [95/800] train_loss_con: 5.615 energy_loss: 120.374
[GPU3] epochs: [96/800] train_loss_con: 5.614 energy_loss: 120.054
