environment: 
YAML: configs/scalre.c100.yaml
==> SEED: 42
==> num_classes: 100
==> data_name: cifar100
==> data_params: {'algo': 'scalre', 'data_dir': 'datasets/cifar100', 'batch_size': 512, 'num_workers': 3, 'image_size': 32}
==> return_logs: False
==> eval_every: 10
==> n_epochs: 800
==> n_epochs_mlp: 100
==> gpu_id: 4
==> opt: SGD
==> opt_params: {'lr': 0.5, 'momentum': 0.9, 'nesterov': True, 'weight_decay': 0.0001}
==> schedular_params: {'T_max': 800, 'eta_min': 0.001}
==> mlp_opt: SGD
==> mlp_opt_params: {'lr': 0.1, 'momentum': 0.9, 'nesterov': True}
==> model_params: {'model_name': 'resnet50', 'pretrained': False, 'proj_dim': 128, 'algo_type': 'scalre'}
==> energy_model_params: {'eta': 0.01, 'steps': 5, 'sigma': 0.2, 'delta': 0.1, 'net_type': 'energy'}
==> energy_opt: AdamW
==> energy_model_opt_params: {'lr': 0.001}
==> mlp_type: linear
==> loss: scalre
==> loss_params: {'sim': 'cosine', 'tau': 0.5}
==> distributed: False
==> train_algo: scalre
==> model_save_path: saved_models/scalre.c100.r50.e800.lin0.1.pth
==> warmup_epochs: 0
==> config: configs/scalre.c100.yaml
--------------------------------------------------
===> using linear mlp
using optimizer: SGD
using optimizer: SGD
loss function: scalre
Files already downloaded and verified
Files already downloaded and verified
Files already downloaded and verified
# of Training Images: 50000
# of Testing Images: 10000
using optimizer: AdamW
### ScAlRe Training begins
[GPU4] epochs: [1/800] train_loss_con: 6.697 energy_loss: 1024.209
[GPU4] epochs: [2/800] train_loss_con: 6.347 energy_loss: 1024.162
[GPU4] epochs: [3/800] train_loss_con: 6.197 energy_loss: 1024.060
[GPU4] epochs: [4/800] train_loss_con: 6.078 energy_loss: 1023.946
[GPU4] epochs: [5/800] train_loss_con: 6.015 energy_loss: 1023.560
[GPU4] epochs: [6/800] train_loss_con: 5.982 energy_loss: 1023.937
[GPU4] epochs: [7/800] train_loss_con: 5.948 energy_loss: 1023.945
[GPU4] epochs: [8/800] train_loss_con: 5.911 energy_loss: 1024.028
[GPU4] epochs: [9/800] train_loss_con: 5.927 energy_loss: 1023.655
[GPU4] epochs: [10/800] train_loss_con: 5.871 energy_loss: 1023.688
[GPU4] epochs: [11/800] train_loss_con: 5.845 energy_loss: 1023.787
[GPU4] epochs: [12/800] train_loss_con: 5.828 energy_loss: 1024.058
[GPU4] epochs: [13/800] train_loss_con: 5.809 energy_loss: 1023.869
[GPU4] epochs: [14/800] train_loss_con: 5.797 energy_loss: 1023.509
[GPU4] epochs: [15/800] train_loss_con: 5.791 energy_loss: 1023.844
[GPU4] epochs: [16/800] train_loss_con: 5.778 energy_loss: 1023.984
[GPU4] epochs: [17/800] train_loss_con: 5.777 energy_loss: 1023.975
[GPU4] epochs: [18/800] train_loss_con: 5.765 energy_loss: 1023.881
[GPU4] epochs: [19/800] train_loss_con: 5.764 energy_loss: 1024.024
[GPU4] epochs: [20/800] train_loss_con: 5.753 energy_loss: 1023.444
[GPU4] epochs: [21/800] train_loss_con: 5.752 energy_loss: 1023.118
[GPU4] epochs: [22/800] train_loss_con: 5.755 energy_loss: 1023.371
[GPU4] epochs: [23/800] train_loss_con: 5.742 energy_loss: 1023.057
[GPU4] epochs: [24/800] train_loss_con: 5.744 energy_loss: 1021.694
[GPU4] epochs: [25/800] train_loss_con: 5.743 energy_loss: 1021.458
[GPU4] epochs: [26/800] train_loss_con: 5.734 energy_loss: 1022.166
[GPU4] epochs: [27/800] train_loss_con: 5.732 energy_loss: 1023.874
[GPU4] epochs: [28/800] train_loss_con: 5.731 energy_loss: 1023.111
[GPU4] epochs: [29/800] train_loss_con: 5.729 energy_loss: 1020.657
[GPU4] epochs: [30/800] train_loss_con: 5.723 energy_loss: 1020.148
[GPU4] epochs: [31/800] train_loss_con: 5.722 energy_loss: 1015.368
[GPU4] epochs: [32/800] train_loss_con: 5.721 energy_loss: 1016.862
[GPU4] epochs: [33/800] train_loss_con: 5.712 energy_loss: 985.872
[GPU4] epochs: [34/800] train_loss_con: 5.712 energy_loss: 939.065
[GPU4] epochs: [35/800] train_loss_con: 5.711 energy_loss: 978.236
[GPU4] epochs: [36/800] train_loss_con: 5.710 energy_loss: 902.502
[GPU4] epochs: [37/800] train_loss_con: 5.707 energy_loss: 810.731
[GPU4] epochs: [38/800] train_loss_con: 5.701 energy_loss: 751.703
[GPU4] epochs: [39/800] train_loss_con: 5.708 energy_loss: 646.042
[GPU4] epochs: [40/800] train_loss_con: 5.704 energy_loss: 577.343
[GPU4] epochs: [41/800] train_loss_con: 5.700 energy_loss: 494.809
[GPU4] epochs: [42/800] train_loss_con: 5.696 energy_loss: 396.535
[GPU4] epochs: [43/800] train_loss_con: 5.695 energy_loss: 338.986
[GPU4] epochs: [44/800] train_loss_con: 5.692 energy_loss: 230.193
[GPU4] epochs: [45/800] train_loss_con: 5.690 energy_loss: 173.923
[GPU4] epochs: [46/800] train_loss_con: 5.690 energy_loss: 129.070
[GPU4] epochs: [47/800] train_loss_con: 5.687 energy_loss: 101.979
[GPU4] epochs: [48/800] train_loss_con: 5.688 energy_loss: 85.996
[GPU4] epochs: [49/800] train_loss_con: 5.685 energy_loss: 76.584
[GPU4] epochs: [50/800] train_loss_con: 5.681 energy_loss: 65.446
[GPU4] epochs: [51/800] train_loss_con: 5.681 energy_loss: 58.157
[GPU4] epochs: [52/800] train_loss_con: 5.680 energy_loss: 61.331
[GPU4] epochs: [53/800] train_loss_con: 5.681 energy_loss: 52.143
[GPU4] epochs: [54/800] train_loss_con: 5.677 energy_loss: 51.724
[GPU4] epochs: [55/800] train_loss_con: 5.675 energy_loss: 50.540
[GPU4] epochs: [56/800] train_loss_con: 5.675 energy_loss: 43.416
[GPU4] epochs: [57/800] train_loss_con: 5.675 energy_loss: 39.519
[GPU4] epochs: [58/800] train_loss_con: 5.675 energy_loss: 38.321
[GPU4] epochs: [59/800] train_loss_con: 5.671 energy_loss: 34.722
[GPU4] epochs: [60/800] train_loss_con: 5.670 energy_loss: 32.163
[GPU4] epochs: [61/800] train_loss_con: 5.668 energy_loss: 31.546
[GPU4] epochs: [62/800] train_loss_con: 5.668 energy_loss: 28.917
[GPU4] epochs: [63/800] train_loss_con: 5.665 energy_loss: 27.061
[GPU4] epochs: [64/800] train_loss_con: 5.661 energy_loss: 26.191
[GPU4] epochs: [65/800] train_loss_con: 5.667 energy_loss: 24.874
[GPU4] epochs: [66/800] train_loss_con: 5.663 energy_loss: 24.108
[GPU4] epochs: [67/800] train_loss_con: 5.664 energy_loss: 22.398
[GPU4] epochs: [68/800] train_loss_con: 5.660 energy_loss: 22.044
[GPU4] epochs: [69/800] train_loss_con: 5.657 energy_loss: 21.766
[GPU4] epochs: [70/800] train_loss_con: 5.660 energy_loss: 20.944
[GPU4] epochs: [71/800] train_loss_con: 5.656 energy_loss: 20.968
[GPU4] epochs: [72/800] train_loss_con: 5.659 energy_loss: 21.624
[GPU4] epochs: [73/800] train_loss_con: 5.659 energy_loss: 20.815
[GPU4] epochs: [74/800] train_loss_con: 5.657 energy_loss: 21.128
[GPU4] epochs: [75/800] train_loss_con: 5.655 energy_loss: 20.784
[GPU4] epochs: [76/800] train_loss_con: 5.651 energy_loss: 19.955
[GPU4] epochs: [77/800] train_loss_con: 5.654 energy_loss: 20.663
[GPU4] epochs: [78/800] train_loss_con: 5.651 energy_loss: 19.496
[GPU4] epochs: [79/800] train_loss_con: 5.650 energy_loss: 19.093
[GPU4] epochs: [80/800] train_loss_con: 5.647 energy_loss: 19.147
[GPU4] epochs: [81/800] train_loss_con: 5.649 energy_loss: 18.689
[GPU4] epochs: [82/800] train_loss_con: 5.647 energy_loss: 18.095
[GPU4] epochs: [83/800] train_loss_con: 5.646 energy_loss: 17.605
[GPU4] epochs: [84/800] train_loss_con: 5.645 energy_loss: 17.427
[GPU4] epochs: [85/800] train_loss_con: 5.641 energy_loss: 17.325
[GPU4] epochs: [86/800] train_loss_con: 5.645 energy_loss: 17.071
[GPU4] epochs: [87/800] train_loss_con: 5.646 energy_loss: 16.957
[GPU4] epochs: [88/800] train_loss_con: 5.641 energy_loss: 16.580
[GPU4] epochs: [89/800] train_loss_con: 5.644 energy_loss: 16.552
[GPU4] epochs: [90/800] train_loss_con: 5.644 energy_loss: 17.024
[GPU4] epochs: [91/800] train_loss_con: 5.641 energy_loss: 266.704
[GPU4] epochs: [92/800] train_loss_con: 5.639 energy_loss: 81.854
[GPU4] epochs: [93/800] train_loss_con: 5.636 energy_loss: 61.721
[GPU4] epochs: [94/800] train_loss_con: 5.635 energy_loss: 38.672
[GPU4] epochs: [95/800] train_loss_con: 5.637 energy_loss: 32.868
[GPU4] epochs: [96/800] train_loss_con: 5.636 energy_loss: 32.386
[GPU4] epochs: [97/800] train_loss_con: 5.635 energy_loss: 27.426
[GPU4] epochs: [98/800] train_loss_con: 5.634 energy_loss: 24.022
[GPU4] epochs: [99/800] train_loss_con: 5.634 energy_loss: 20.330
[GPU4] epochs: [100/800] train_loss_con: 5.632 energy_loss: 27.985
[GPU4] epochs: [101/800] train_loss_con: 5.633 energy_loss: 19.178
[GPU4] epochs: [102/800] train_loss_con: 5.630 energy_loss: 20.757
[GPU4] epochs: [103/800] train_loss_con: 5.631 energy_loss: 20.742
[GPU4] epochs: [104/800] train_loss_con: 5.632 energy_loss: 18.792
[GPU4] epochs: [105/800] train_loss_con: 5.634 energy_loss: 20.634
[GPU4] epochs: [106/800] train_loss_con: 5.629 energy_loss: 20.205
[GPU4] epochs: [107/800] train_loss_con: 5.631 energy_loss: 19.783
[GPU4] epochs: [108/800] train_loss_con: 5.629 energy_loss: 18.657
[GPU4] epochs: [109/800] train_loss_con: 5.631 energy_loss: 19.193
[GPU4] epochs: [110/800] train_loss_con: 5.633 energy_loss: 18.037
[GPU4] epochs: [111/800] train_loss_con: 5.626 energy_loss: 17.572
[GPU4] epochs: [112/800] train_loss_con: 5.630 energy_loss: 18.278
[GPU4] epochs: [113/800] train_loss_con: 5.626 energy_loss: 17.600
[GPU4] epochs: [114/800] train_loss_con: 5.626 energy_loss: 16.676
[GPU4] epochs: [115/800] train_loss_con: 5.629 energy_loss: 16.938
[GPU4] epochs: [116/800] train_loss_con: 5.626 energy_loss: 16.708
[GPU4] epochs: [117/800] train_loss_con: 5.628 energy_loss: 16.652
[GPU4] epochs: [118/800] train_loss_con: 5.626 energy_loss: 16.358
[GPU4] epochs: [119/800] train_loss_con: 5.628 energy_loss: 16.064
[GPU4] epochs: [120/800] train_loss_con: 5.626 energy_loss: 15.814
[GPU4] epochs: [121/800] train_loss_con: 5.625 energy_loss: 15.639
[GPU4] epochs: [122/800] train_loss_con: 5.626 energy_loss: 15.490
[GPU4] epochs: [123/800] train_loss_con: 5.626 energy_loss: 15.257
[GPU4] epochs: [124/800] train_loss_con: 5.624 energy_loss: 15.271
[GPU4] epochs: [125/800] train_loss_con: 5.624 energy_loss: 15.162
[GPU4] epochs: [126/800] train_loss_con: 5.624 energy_loss: 15.186
[GPU4] epochs: [127/800] train_loss_con: 5.619 energy_loss: 15.037
[GPU4] epochs: [128/800] train_loss_con: 5.622 energy_loss: 15.076
[GPU4] epochs: [129/800] train_loss_con: 5.624 energy_loss: 15.346
[GPU4] epochs: [130/800] train_loss_con: 5.625 energy_loss: 15.141
[GPU4] epochs: [131/800] train_loss_con: 5.619 energy_loss: 14.700
[GPU4] epochs: [132/800] train_loss_con: 5.626 energy_loss: 14.665
[GPU4] epochs: [133/800] train_loss_con: 5.621 energy_loss: 14.735
[GPU4] epochs: [134/800] train_loss_con: 5.619 energy_loss: 14.642
[GPU4] epochs: [135/800] train_loss_con: 5.620 energy_loss: 14.480
[GPU4] epochs: [136/800] train_loss_con: 5.618 energy_loss: 14.679
[GPU4] epochs: [137/800] train_loss_con: 5.622 energy_loss: 14.597
[GPU4] epochs: [138/800] train_loss_con: 5.620 energy_loss: 14.435
[GPU4] epochs: [139/800] train_loss_con: 5.621 energy_loss: 14.411
[GPU4] epochs: [140/800] train_loss_con: 5.616 energy_loss: 14.505
[GPU4] epochs: [141/800] train_loss_con: 5.616 energy_loss: 14.383
[GPU4] epochs: [142/800] train_loss_con: 5.618 energy_loss: 14.313
[GPU4] epochs: [143/800] train_loss_con: 5.615 energy_loss: 14.401
[GPU4] epochs: [144/800] train_loss_con: 5.615 energy_loss: 14.215
[GPU4] epochs: [145/800] train_loss_con: 5.616 energy_loss: 14.156
[GPU4] epochs: [146/800] train_loss_con: 5.616 energy_loss: 14.003
[GPU4] epochs: [147/800] train_loss_con: 5.615 energy_loss: 14.048
[GPU4] epochs: [148/800] train_loss_con: 5.617 energy_loss: 14.062
[GPU4] epochs: [149/800] train_loss_con: 5.617 energy_loss: 14.110
[GPU4] epochs: [150/800] train_loss_con: 5.615 energy_loss: 14.260
[GPU4] epochs: [151/800] train_loss_con: 5.611 energy_loss: 14.171
[GPU4] epochs: [152/800] train_loss_con: 5.613 energy_loss: 14.145
[GPU4] epochs: [153/800] train_loss_con: 5.615 energy_loss: 13.838
[GPU4] epochs: [154/800] train_loss_con: 5.611 energy_loss: 13.844
[GPU4] epochs: [155/800] train_loss_con: 5.614 energy_loss: 13.885
[GPU4] epochs: [156/800] train_loss_con: 5.612 energy_loss: 13.871
[GPU4] epochs: [157/800] train_loss_con: 5.613 energy_loss: 13.946
[GPU4] epochs: [158/800] train_loss_con: 5.610 energy_loss: 13.736
[GPU4] epochs: [159/800] train_loss_con: 5.612 energy_loss: 13.733
[GPU4] epochs: [160/800] train_loss_con: 5.611 energy_loss: 13.864
[GPU4] epochs: [161/800] train_loss_con: 5.611 energy_loss: 13.639
[GPU4] epochs: [162/800] train_loss_con: 5.613 energy_loss: 13.652
[GPU4] epochs: [163/800] train_loss_con: 5.611 energy_loss: 13.860
[GPU4] epochs: [164/800] train_loss_con: 5.613 energy_loss: 13.683
[GPU4] epochs: [165/800] train_loss_con: 5.612 energy_loss: 13.518
[GPU4] epochs: [166/800] train_loss_con: 5.611 energy_loss: 13.492
[GPU4] epochs: [167/800] train_loss_con: 5.611 energy_loss: 13.537
[GPU4] epochs: [168/800] train_loss_con: 5.611 energy_loss: 13.524
[GPU4] epochs: [169/800] train_loss_con: 5.607 energy_loss: 13.532
[GPU4] epochs: [170/800] train_loss_con: 5.612 energy_loss: 13.532
[GPU4] epochs: [171/800] train_loss_con: 5.607 energy_loss: 13.432
[GPU4] epochs: [172/800] train_loss_con: 5.611 energy_loss: 13.453
[GPU4] epochs: [173/800] train_loss_con: 5.609 energy_loss: 13.425
[GPU4] epochs: [174/800] train_loss_con: 5.609 energy_loss: 13.443
[GPU4] epochs: [175/800] train_loss_con: 5.608 energy_loss: 13.323
[GPU4] epochs: [176/800] train_loss_con: 5.606 energy_loss: 13.263
[GPU4] epochs: [177/800] train_loss_con: 5.607 energy_loss: 13.232
[GPU4] epochs: [178/800] train_loss_con: 5.603 energy_loss: 13.033
[GPU4] epochs: [179/800] train_loss_con: 5.609 energy_loss: 13.122
[GPU4] epochs: [180/800] train_loss_con: 5.605 energy_loss: 13.218
[GPU4] epochs: [181/800] train_loss_con: 5.607 energy_loss: 12.968
[GPU4] epochs: [182/800] train_loss_con: 5.606 energy_loss: 13.025
[GPU4] epochs: [183/800] train_loss_con: 5.603 energy_loss: 12.864
[GPU4] epochs: [184/800] train_loss_con: 5.600 energy_loss: 12.890
[GPU4] epochs: [185/800] train_loss_con: 5.605 energy_loss: 12.930
[GPU4] epochs: [186/800] train_loss_con: 5.604 energy_loss: 12.928
[GPU4] epochs: [187/800] train_loss_con: 5.606 energy_loss: 13.097
[GPU4] epochs: [188/800] train_loss_con: 5.607 energy_loss: 12.931
[GPU4] epochs: [189/800] train_loss_con: 5.604 energy_loss: 12.858
[GPU4] epochs: [190/800] train_loss_con: 5.601 energy_loss: 12.946
[GPU4] epochs: [191/800] train_loss_con: 5.599 energy_loss: 115.091
[GPU4] epochs: [192/800] train_loss_con: 5.603 energy_loss: 19.764
[GPU4] epochs: [193/800] train_loss_con: 5.597 energy_loss: 13.783
[GPU4] epochs: [194/800] train_loss_con: 5.600 energy_loss: 13.933
[GPU4] epochs: [195/800] train_loss_con: 5.601 energy_loss: 13.509
[GPU4] epochs: [196/800] train_loss_con: 5.598 energy_loss: 13.147
[GPU4] epochs: [197/800] train_loss_con: 5.602 energy_loss: 13.118
[GPU4] epochs: [198/800] train_loss_con: 5.599 energy_loss: 13.057
[GPU4] epochs: [199/800] train_loss_con: 5.600 energy_loss: 13.016
[GPU4] epochs: [200/800] train_loss_con: 5.599 energy_loss: 13.155
[GPU4] epochs: [201/800] train_loss_con: 5.600 energy_loss: 12.944
[GPU4] epochs: [202/800] train_loss_con: 5.598 energy_loss: 13.053
[GPU4] epochs: [203/800] train_loss_con: 5.599 energy_loss: 13.087
[GPU4] epochs: [204/800] train_loss_con: 5.601 energy_loss: 12.753
[GPU4] epochs: [205/800] train_loss_con: 5.600 energy_loss: 12.773
[GPU4] epochs: [206/800] train_loss_con: 5.601 energy_loss: 12.962
