environment: 
YAML: configs/scalre.c10.yaml
==> SEED: 42
==> num_classes: 10
==> data_name: cifar10
==> data_params: {'algo': 'scalre', 'data_dir': 'datasets/cifar10', 'batch_size': 512, 'num_workers': 3, 'image_size': 32}
==> return_logs: False
==> eval_every: 10
==> n_epochs: 350
==> n_epochs_mlp: 100
==> gpu_id: 0
==> opt: SGD
==> opt_params: {'lr': 0.5, 'momentum': 0.9, 'nesterov': True, 'weight_decay': 0.0001}
==> schedular_params: {'T_max': 350, 'eta_min': 0.001}
==> mlp_opt: SGD
==> mlp_opt_params: {'lr': 0.1, 'momentum': 0.9, 'nesterov': True}
==> energy_model_params: {'eta': 0.01, 'steps': 5, 'sigma': 0.2, 'delta': 0.1, 'net_type': 'energy'}
==> energy_opt: AdamW
==> energy_model_opt_params: {'lr': 0.001}
==> model_params: {'model_name': 'resnet50', 'pretrained': False, 'proj_dim': 128, 'algo_type': 'scalre'}
==> mlp_type: linear
==> loss: scalre
==> loss_params: {'sim': 'cosine', 'tau': 0.5}
==> distributed: False
==> train_algo: scalre
==> model_save_path: saved_models/scalre.c10.r50.e350.lin0.1.pth
==> warmup_epochs: 0
==> config: configs/scalre.c10.yaml
--------------------------------------------------
===> using linear mlp
using optimizer: SGD
using optimizer: SGD
loss function: scalre
Files already downloaded and verified
Files already downloaded and verified
Files already downloaded and verified
# of Training Images: 50000
# of Testing Images: 10000
using optimizer: AdamW
### ScAlRe Training begins
[GPU0] epochs: [1/350] train_loss_con: 6.688 energy_loss: 1024.219
[GPU0] epochs: [2/350] train_loss_con: 6.370 energy_loss: 1024.191
[GPU0] epochs: [3/350] train_loss_con: 6.178 energy_loss: 1024.072
[GPU0] epochs: [4/350] train_loss_con: 6.088 energy_loss: 1023.916
[GPU0] epochs: [5/350] train_loss_con: 6.017 energy_loss: 1023.843
[GPU0] epochs: [6/350] train_loss_con: 5.952 energy_loss: 1023.918
[GPU0] epochs: [7/350] train_loss_con: 5.905 energy_loss: 1023.953
[GPU0] epochs: [8/350] train_loss_con: 5.872 energy_loss: 1024.007
[GPU0] epochs: [9/350] train_loss_con: 5.843 energy_loss: 1023.969
[GPU0] epochs: [10/350] train_loss_con: 5.822 energy_loss: 1023.935
[GPU0] epochs: [11/350] train_loss_con: 5.807 energy_loss: 1023.918
[GPU0] epochs: [12/350] train_loss_con: 5.791 energy_loss: 1024.084
[GPU0] epochs: [13/350] train_loss_con: 5.781 energy_loss: 1023.741
[GPU0] epochs: [14/350] train_loss_con: 5.771 energy_loss: 1023.722
[GPU0] epochs: [15/350] train_loss_con: 5.757 energy_loss: 1023.742
[GPU0] epochs: [16/350] train_loss_con: 5.751 energy_loss: 1023.044
[GPU0] epochs: [17/350] train_loss_con: 5.744 energy_loss: 1023.551
[GPU0] epochs: [18/350] train_loss_con: 5.736 energy_loss: 1022.961
[GPU0] epochs: [19/350] train_loss_con: 5.727 energy_loss: 1023.503
[GPU0] epochs: [20/350] train_loss_con: 5.723 energy_loss: 1023.410
[GPU0] epochs: [21/350] train_loss_con: 5.721 energy_loss: 1022.998
[GPU0] epochs: [22/350] train_loss_con: 5.713 energy_loss: 1023.790
[GPU0] epochs: [23/350] train_loss_con: 5.713 energy_loss: 1022.729
[GPU0] epochs: [24/350] train_loss_con: 5.708 energy_loss: 1023.361
[GPU0] epochs: [25/350] train_loss_con: 5.704 energy_loss: 1023.938
[GPU0] epochs: [26/350] train_loss_con: 5.703 energy_loss: 1022.226
[GPU0] epochs: [27/350] train_loss_con: 5.703 energy_loss: 1023.830
[GPU0] epochs: [28/350] train_loss_con: 5.698 energy_loss: 1022.134
[GPU0] epochs: [29/350] train_loss_con: 5.697 energy_loss: 1016.215
[GPU0] epochs: [30/350] train_loss_con: 5.692 energy_loss: 1018.453
[GPU0] epochs: [31/350] train_loss_con: 5.692 energy_loss: 999.304
[GPU0] epochs: [32/350] train_loss_con: 5.683 energy_loss: 935.690
[GPU0] epochs: [33/350] train_loss_con: 5.687 energy_loss: 988.766
[GPU0] epochs: [34/350] train_loss_con: 5.681 energy_loss: 1023.814
[GPU0] epochs: [35/350] train_loss_con: 5.691 energy_loss: 1023.473
[GPU0] epochs: [36/350] train_loss_con: 5.676 energy_loss: 1023.263
[GPU0] epochs: [37/350] train_loss_con: 5.678 energy_loss: 1022.769
[GPU0] epochs: [38/350] train_loss_con: 5.676 energy_loss: 1017.861
[GPU0] epochs: [39/350] train_loss_con: 5.678 energy_loss: 862.585
[GPU0] epochs: [40/350] train_loss_con: 5.672 energy_loss: 769.781
[GPU0] epochs: [41/350] train_loss_con: 5.669 energy_loss: 685.525
[GPU0] epochs: [42/350] train_loss_con: 5.673 energy_loss: 612.125
[GPU0] epochs: [43/350] train_loss_con: 5.669 energy_loss: 496.702
[GPU0] epochs: [44/350] train_loss_con: 5.668 energy_loss: 441.550
[GPU0] epochs: [45/350] train_loss_con: 5.668 energy_loss: 340.430
[GPU0] epochs: [46/350] train_loss_con: 5.665 energy_loss: 242.999
[GPU0] epochs: [47/350] train_loss_con: 5.665 energy_loss: 184.973
[GPU0] epochs: [48/350] train_loss_con: 5.659 energy_loss: 136.649
[GPU0] epochs: [49/350] train_loss_con: 5.661 energy_loss: 104.385
[GPU0] epochs: [50/350] train_loss_con: 5.660 energy_loss: 86.312
[GPU0] epochs: [51/350] train_loss_con: 5.662 energy_loss: 73.485
[GPU0] epochs: [52/350] train_loss_con: 5.657 energy_loss: 64.952
[GPU0] epochs: [53/350] train_loss_con: 5.657 energy_loss: 59.075
[GPU0] epochs: [54/350] train_loss_con: 5.659 energy_loss: 56.088
[GPU0] epochs: [55/350] train_loss_con: 5.659 energy_loss: 53.422
[GPU0] epochs: [56/350] train_loss_con: 5.652 energy_loss: 48.304
[GPU0] epochs: [57/350] train_loss_con: 5.653 energy_loss: 41.580
[GPU0] epochs: [58/350] train_loss_con: 5.654 energy_loss: 39.927
[GPU0] epochs: [59/350] train_loss_con: 5.654 energy_loss: 37.523
[GPU0] epochs: [60/350] train_loss_con: 5.647 energy_loss: 33.888
[GPU0] epochs: [61/350] train_loss_con: 5.652 energy_loss: 33.350
[GPU0] epochs: [62/350] train_loss_con: 5.649 energy_loss: 32.551
[GPU0] epochs: [63/350] train_loss_con: 5.647 energy_loss: 31.293
[GPU0] epochs: [64/350] train_loss_con: 5.648 energy_loss: 31.331
[GPU0] epochs: [65/350] train_loss_con: 5.647 energy_loss: 32.011
[GPU0] epochs: [66/350] train_loss_con: 5.642 energy_loss: 31.854
[GPU0] epochs: [67/350] train_loss_con: 5.640 energy_loss: 32.024
[GPU0] epochs: [68/350] train_loss_con: 5.648 energy_loss: 30.279
[GPU0] epochs: [69/350] train_loss_con: 5.641 energy_loss: 28.046
[GPU0] epochs: [70/350] train_loss_con: 5.639 energy_loss: 25.951
[GPU0] epochs: [71/350] train_loss_con: 5.643 energy_loss: 24.252
[GPU0] epochs: [72/350] train_loss_con: 5.639 energy_loss: 23.983
[GPU0] epochs: [73/350] train_loss_con: 5.637 energy_loss: 23.529
[GPU0] epochs: [74/350] train_loss_con: 5.636 energy_loss: 22.641
[GPU0] epochs: [75/350] train_loss_con: 5.637 energy_loss: 22.070
[GPU0] epochs: [76/350] train_loss_con: 5.638 energy_loss: 22.558
[GPU0] epochs: [77/350] train_loss_con: 5.635 energy_loss: 68.524
[GPU0] epochs: [78/350] train_loss_con: 5.636 energy_loss: 83.341
[GPU0] epochs: [79/350] train_loss_con: 5.633 energy_loss: 42.735
[GPU0] epochs: [80/350] train_loss_con: 5.633 energy_loss: 42.549
[GPU0] epochs: [81/350] train_loss_con: 5.632 energy_loss: 71.837
[GPU0] epochs: [82/350] train_loss_con: 5.629 energy_loss: 31.741
[GPU0] epochs: [83/350] train_loss_con: 5.630 energy_loss: 26.487
[GPU0] epochs: [84/350] train_loss_con: 5.629 energy_loss: 28.439
[GPU0] epochs: [85/350] train_loss_con: 5.629 energy_loss: 20.961
[GPU0] epochs: [86/350] train_loss_con: 5.625 energy_loss: 22.580
[GPU0] epochs: [87/350] train_loss_con: 5.625 energy_loss: 18.887
[GPU0] epochs: [88/350] train_loss_con: 5.625 energy_loss: 17.858
[GPU0] epochs: [89/350] train_loss_con: 5.626 energy_loss: 19.758
[GPU0] epochs: [90/350] train_loss_con: 5.627 energy_loss: 19.178
[GPU0] epochs: [91/350] train_loss_con: 5.623 energy_loss: 17.639
[GPU0] epochs: [92/350] train_loss_con: 5.624 energy_loss: 18.021
[GPU0] epochs: [93/350] train_loss_con: 5.623 energy_loss: 16.196
[GPU0] epochs: [94/350] train_loss_con: 5.622 energy_loss: 16.578
[GPU0] epochs: [95/350] train_loss_con: 5.623 energy_loss: 16.446
[GPU0] epochs: [96/350] train_loss_con: 5.619 energy_loss: 15.752
[GPU0] epochs: [97/350] train_loss_con: 5.622 energy_loss: 15.936
[GPU0] epochs: [98/350] train_loss_con: 5.617 energy_loss: 15.759
[GPU0] epochs: [99/350] train_loss_con: 5.619 energy_loss: 15.444
[GPU0] epochs: [100/350] train_loss_con: 5.616 energy_loss: 15.478
[GPU0] epochs: [101/350] train_loss_con: 5.619 energy_loss: 15.504
[GPU0] epochs: [102/350] train_loss_con: 5.617 energy_loss: 15.291
[GPU0] epochs: [103/350] train_loss_con: 5.618 energy_loss: 15.215
[GPU0] epochs: [104/350] train_loss_con: 5.615 energy_loss: 15.051
[GPU0] epochs: [105/350] train_loss_con: 5.615 energy_loss: 14.820
[GPU0] epochs: [106/350] train_loss_con: 5.614 energy_loss: 14.435
[GPU0] epochs: [107/350] train_loss_con: 5.614 energy_loss: 14.200
[GPU0] epochs: [108/350] train_loss_con: 5.615 energy_loss: 14.070
[GPU0] epochs: [109/350] train_loss_con: 5.614 energy_loss: 13.742
[GPU0] epochs: [110/350] train_loss_con: 5.611 energy_loss: 13.226
[GPU0] epochs: [111/350] train_loss_con: 5.612 energy_loss: 13.103
[GPU0] epochs: [112/350] train_loss_con: 5.609 energy_loss: 12.926
[GPU0] epochs: [113/350] train_loss_con: 5.606 energy_loss: 12.815
[GPU0] epochs: [114/350] train_loss_con: 5.607 energy_loss: 12.681
[GPU0] epochs: [115/350] train_loss_con: 5.612 energy_loss: 12.661
[GPU0] epochs: [116/350] train_loss_con: 5.608 energy_loss: 12.398
[GPU0] epochs: [117/350] train_loss_con: 5.606 energy_loss: 12.257
[GPU0] epochs: [118/350] train_loss_con: 5.609 energy_loss: 12.234
[GPU0] epochs: [119/350] train_loss_con: 5.608 energy_loss: 12.113
[GPU0] epochs: [120/350] train_loss_con: 5.602 energy_loss: 12.104
[GPU0] epochs: [121/350] train_loss_con: 5.607 energy_loss: 12.085
[GPU0] epochs: [122/350] train_loss_con: 5.603 energy_loss: 11.992
[GPU0] epochs: [123/350] train_loss_con: 5.602 energy_loss: 11.924
[GPU0] epochs: [124/350] train_loss_con: 5.600 energy_loss: 11.859
[GPU0] epochs: [125/350] train_loss_con: 5.602 energy_loss: 11.779
[GPU0] epochs: [126/350] train_loss_con: 5.604 energy_loss: 11.857
[GPU0] epochs: [127/350] train_loss_con: 5.596 energy_loss: 11.734
[GPU0] epochs: [128/350] train_loss_con: 5.603 energy_loss: 11.666
[GPU0] epochs: [129/350] train_loss_con: 5.597 energy_loss: 11.566
[GPU0] epochs: [130/350] train_loss_con: 5.596 energy_loss: 11.499
[GPU0] epochs: [131/350] train_loss_con: 5.596 energy_loss: 11.464
[GPU0] epochs: [132/350] train_loss_con: 5.596 energy_loss: 11.535
[GPU0] epochs: [133/350] train_loss_con: 5.597 energy_loss: 11.388
[GPU0] epochs: [134/350] train_loss_con: 5.595 energy_loss: 11.340
[GPU0] epochs: [135/350] train_loss_con: 5.594 energy_loss: 11.324
[GPU0] epochs: [136/350] train_loss_con: 5.595 energy_loss: 11.296
[GPU0] epochs: [137/350] train_loss_con: 5.592 energy_loss: 11.209
[GPU0] epochs: [138/350] train_loss_con: 5.592 energy_loss: 11.215
[GPU0] epochs: [139/350] train_loss_con: 5.592 energy_loss: 11.278
[GPU0] epochs: [140/350] train_loss_con: 5.591 energy_loss: 11.177
[GPU0] epochs: [141/350] train_loss_con: 5.591 energy_loss: 11.228
[GPU0] epochs: [142/350] train_loss_con: 5.586 energy_loss: 11.171
[GPU0] epochs: [143/350] train_loss_con: 5.591 energy_loss: 11.251
[GPU0] epochs: [144/350] train_loss_con: 5.591 energy_loss: 11.210
[GPU0] epochs: [145/350] train_loss_con: 5.586 energy_loss: 11.193
[GPU0] epochs: [146/350] train_loss_con: 5.587 energy_loss: 11.205
[GPU0] epochs: [147/350] train_loss_con: 5.586 energy_loss: 11.380
[GPU0] epochs: [148/350] train_loss_con: 5.584 energy_loss: 54.030
[GPU0] epochs: [149/350] train_loss_con: 5.582 energy_loss: 407.696
[GPU0] epochs: [150/350] train_loss_con: 5.584 energy_loss: 89.842
[GPU0] epochs: [151/350] train_loss_con: 5.581 energy_loss: 176.798
[GPU0] epochs: [152/350] train_loss_con: 5.585 energy_loss: 40.996
[GPU0] epochs: [153/350] train_loss_con: 5.581 energy_loss: 76.890
[GPU0] epochs: [154/350] train_loss_con: 5.578 energy_loss: 43.098
[GPU0] epochs: [155/350] train_loss_con: 5.580 energy_loss: 36.708
[GPU0] epochs: [156/350] train_loss_con: 5.579 energy_loss: 32.207
[GPU0] epochs: [157/350] train_loss_con: 5.578 energy_loss: 44.511
[GPU0] epochs: [158/350] train_loss_con: 5.577 energy_loss: 36.830
[GPU0] epochs: [159/350] train_loss_con: 5.577 energy_loss: 15.573
[GPU0] epochs: [160/350] train_loss_con: 5.578 energy_loss: 13.207
[GPU0] epochs: [161/350] train_loss_con: 5.575 energy_loss: 25.195
[GPU0] epochs: [162/350] train_loss_con: 5.579 energy_loss: 24.367
[GPU0] epochs: [163/350] train_loss_con: 5.575 energy_loss: 28.221
[GPU0] epochs: [164/350] train_loss_con: 5.575 energy_loss: 18.891
[GPU0] epochs: [165/350] train_loss_con: 5.572 energy_loss: 13.433
[GPU0] epochs: [166/350] train_loss_con: 5.571 energy_loss: 15.021
[GPU0] epochs: [167/350] train_loss_con: 5.570 energy_loss: 13.417
[GPU0] epochs: [168/350] train_loss_con: 5.571 energy_loss: 15.048
[GPU0] epochs: [169/350] train_loss_con: 5.571 energy_loss: 13.600
[GPU0] epochs: [170/350] train_loss_con: 5.571 energy_loss: 13.198
[GPU0] epochs: [171/350] train_loss_con: 5.571 energy_loss: 13.600
[GPU0] epochs: [172/350] train_loss_con: 5.569 energy_loss: 12.245
[GPU0] epochs: [173/350] train_loss_con: 5.570 energy_loss: 12.630
[GPU0] epochs: [174/350] train_loss_con: 5.565 energy_loss: 11.549
[GPU0] epochs: [175/350] train_loss_con: 5.566 energy_loss: 11.832
[GPU0] epochs: [176/350] train_loss_con: 5.567 energy_loss: 11.829
[GPU0] epochs: [177/350] train_loss_con: 5.567 energy_loss: 11.534
[GPU0] epochs: [178/350] train_loss_con: 5.562 energy_loss: 11.216
[GPU0] epochs: [179/350] train_loss_con: 5.562 energy_loss: 11.319
[GPU0] epochs: [180/350] train_loss_con: 5.564 energy_loss: 11.365
[GPU0] epochs: [181/350] train_loss_con: 5.565 energy_loss: 11.438
[GPU0] epochs: [182/350] train_loss_con: 5.565 energy_loss: 10.837
[GPU0] epochs: [183/350] train_loss_con: 5.561 energy_loss: 10.044
[GPU0] epochs: [184/350] train_loss_con: 5.560 energy_loss: 10.620
[GPU0] epochs: [185/350] train_loss_con: 5.561 energy_loss: 9.811
[GPU0] epochs: [186/350] train_loss_con: 5.558 energy_loss: 10.268
[GPU0] epochs: [187/350] train_loss_con: 5.558 energy_loss: 9.956
[GPU0] epochs: [188/350] train_loss_con: 5.559 energy_loss: 10.398
[GPU0] epochs: [189/350] train_loss_con: 5.558 energy_loss: 9.998
[GPU0] epochs: [190/350] train_loss_con: 5.557 energy_loss: 9.497
[GPU0] epochs: [191/350] train_loss_con: 5.553 energy_loss: 9.854
[GPU0] epochs: [192/350] train_loss_con: 5.556 energy_loss: 9.301
[GPU0] epochs: [193/350] train_loss_con: 5.555 energy_loss: 9.710
[GPU0] epochs: [194/350] train_loss_con: 5.556 energy_loss: 9.341
[GPU0] epochs: [195/350] train_loss_con: 5.552 energy_loss: 9.538
[GPU0] epochs: [196/350] train_loss_con: 5.556 energy_loss: 9.277
[GPU0] epochs: [197/350] train_loss_con: 5.552 energy_loss: 9.505
[GPU0] epochs: [198/350] train_loss_con: 5.550 energy_loss: 9.234
[GPU0] epochs: [199/350] train_loss_con: 5.550 energy_loss: 9.239
[GPU0] epochs: [200/350] train_loss_con: 5.551 energy_loss: 9.108
[GPU0] epochs: [201/350] train_loss_con: 5.549 energy_loss: 8.814
[GPU0] epochs: [202/350] train_loss_con: 5.549 energy_loss: 9.166
[GPU0] epochs: [203/350] train_loss_con: 5.549 energy_loss: 8.718
[GPU0] epochs: [204/350] train_loss_con: 5.548 energy_loss: 9.113
[GPU0] epochs: [205/350] train_loss_con: 5.546 energy_loss: 8.715
[GPU0] epochs: [206/350] train_loss_con: 5.545 energy_loss: 9.047
[GPU0] epochs: [207/350] train_loss_con: 5.548 energy_loss: 8.534
[GPU0] epochs: [208/350] train_loss_con: 5.545 energy_loss: 8.665
[GPU0] epochs: [209/350] train_loss_con: 5.542 energy_loss: 8.368
[GPU0] epochs: [210/350] train_loss_con: 5.540 energy_loss: 8.646
[GPU0] epochs: [211/350] train_loss_con: 5.544 energy_loss: 8.303
[GPU0] epochs: [212/350] train_loss_con: 5.541 energy_loss: 8.450
[GPU0] epochs: [213/350] train_loss_con: 5.541 energy_loss: 8.247
[GPU0] epochs: [214/350] train_loss_con: 5.538 energy_loss: 8.400
[GPU0] epochs: [215/350] train_loss_con: 5.534 energy_loss: 8.158
[GPU0] epochs: [216/350] train_loss_con: 5.535 energy_loss: 8.356
[GPU0] epochs: [217/350] train_loss_con: 5.537 energy_loss: 7.999
[GPU0] epochs: [218/350] train_loss_con: 5.534 energy_loss: 8.326
[GPU0] epochs: [219/350] train_loss_con: 5.535 energy_loss: 7.928
[GPU0] epochs: [220/350] train_loss_con: 5.533 energy_loss: 7.983
[GPU0] epochs: [221/350] train_loss_con: 5.535 energy_loss: 7.818
[GPU0] epochs: [222/350] train_loss_con: 5.535 energy_loss: 7.833
[GPU0] epochs: [223/350] train_loss_con: 5.530 energy_loss: 7.824
[GPU0] epochs: [224/350] train_loss_con: 5.529 energy_loss: 7.810
[GPU0] epochs: [225/350] train_loss_con: 5.533 energy_loss: 7.622
[GPU0] epochs: [226/350] train_loss_con: 5.529 energy_loss: 7.626
[GPU0] epochs: [227/350] train_loss_con: 5.529 energy_loss: 7.653
[GPU0] epochs: [228/350] train_loss_con: 5.530 energy_loss: 7.702
[GPU0] epochs: [229/350] train_loss_con: 5.526 energy_loss: 7.729
[GPU0] epochs: [230/350] train_loss_con: 5.526 energy_loss: 7.568
[GPU0] epochs: [231/350] train_loss_con: 5.522 energy_loss: 7.555
[GPU0] epochs: [232/350] train_loss_con: 5.527 energy_loss: 7.579
[GPU0] epochs: [233/350] train_loss_con: 5.521 energy_loss: 7.212
[GPU0] epochs: [234/350] train_loss_con: 5.518 energy_loss: 7.272
[GPU0] epochs: [235/350] train_loss_con: 5.522 energy_loss: 7.369
[GPU0] epochs: [236/350] train_loss_con: 5.520 energy_loss: 7.476
[GPU0] epochs: [237/350] train_loss_con: 5.519 energy_loss: 7.276
[GPU0] epochs: [238/350] train_loss_con: 5.521 energy_loss: 7.068
[GPU0] epochs: [239/350] train_loss_con: 5.517 energy_loss: 86.308
[GPU0] epochs: [240/350] train_loss_con: 5.517 energy_loss: 12.678
[GPU0] epochs: [241/350] train_loss_con: 5.517 energy_loss: 7.088
[GPU0] epochs: [242/350] train_loss_con: 5.513 energy_loss: 6.924
[GPU0] epochs: [243/350] train_loss_con: 5.514 energy_loss: 6.852
[GPU0] epochs: [244/350] train_loss_con: 5.511 energy_loss: 6.804
[GPU0] epochs: [245/350] train_loss_con: 5.512 energy_loss: 6.759
[GPU0] epochs: [246/350] train_loss_con: 5.509 energy_loss: 6.790
[GPU0] epochs: [247/350] train_loss_con: 5.509 energy_loss: 6.813
[GPU0] epochs: [248/350] train_loss_con: 5.508 energy_loss: 6.707
[GPU0] epochs: [249/350] train_loss_con: 5.506 energy_loss: 6.433
[GPU0] epochs: [250/350] train_loss_con: 5.507 energy_loss: 6.370
[GPU0] epochs: [251/350] train_loss_con: 5.508 energy_loss: 6.634
[GPU0] epochs: [252/350] train_loss_con: 5.504 energy_loss: 6.235
[GPU0] epochs: [253/350] train_loss_con: 5.507 energy_loss: 6.449
[GPU0] epochs: [254/350] train_loss_con: 5.500 energy_loss: 6.337
[GPU0] epochs: [255/350] train_loss_con: 5.502 energy_loss: 6.285
[GPU0] epochs: [256/350] train_loss_con: 5.501 energy_loss: 6.045
[GPU0] epochs: [257/350] train_loss_con: 5.499 energy_loss: 6.198
[GPU0] epochs: [258/350] train_loss_con: 5.496 energy_loss: 6.234
[GPU0] epochs: [259/350] train_loss_con: 5.496 energy_loss: 6.083
[GPU0] epochs: [260/350] train_loss_con: 5.499 energy_loss: 6.291
[GPU0] epochs: [261/350] train_loss_con: 5.497 energy_loss: 6.112
[GPU0] epochs: [262/350] train_loss_con: 5.494 energy_loss: 6.118
[GPU0] epochs: [263/350] train_loss_con: 5.493 energy_loss: 6.346
[GPU0] epochs: [264/350] train_loss_con: 5.489 energy_loss: 5.901
[GPU0] epochs: [265/350] train_loss_con: 5.492 energy_loss: 6.194
[GPU0] epochs: [266/350] train_loss_con: 5.490 energy_loss: 5.931
[GPU0] epochs: [267/350] train_loss_con: 5.490 energy_loss: 5.896
[GPU0] epochs: [268/350] train_loss_con: 5.488 energy_loss: 5.834
[GPU0] epochs: [269/350] train_loss_con: 5.487 energy_loss: 5.653
[GPU0] epochs: [270/350] train_loss_con: 5.485 energy_loss: 5.709
[GPU0] epochs: [271/350] train_loss_con: 5.486 energy_loss: 5.507
[GPU0] epochs: [272/350] train_loss_con: 5.482 energy_loss: 5.698
[GPU0] epochs: [273/350] train_loss_con: 5.483 energy_loss: 5.614
[GPU0] epochs: [274/350] train_loss_con: 5.482 energy_loss: 5.552
[GPU0] epochs: [275/350] train_loss_con: 5.484 energy_loss: 5.411
[GPU0] epochs: [276/350] train_loss_con: 5.482 energy_loss: 5.517
[GPU0] epochs: [277/350] train_loss_con: 5.480 energy_loss: 5.433
[GPU0] epochs: [278/350] train_loss_con: 5.478 energy_loss: 5.382
[GPU0] epochs: [279/350] train_loss_con: 5.476 energy_loss: 5.380
[GPU0] epochs: [280/350] train_loss_con: 5.475 energy_loss: 5.267
[GPU0] epochs: [281/350] train_loss_con: 5.476 energy_loss: 5.281
[GPU0] epochs: [282/350] train_loss_con: 5.470 energy_loss: 5.123
[GPU0] epochs: [283/350] train_loss_con: 5.474 energy_loss: 5.287
[GPU0] epochs: [284/350] train_loss_con: 5.470 energy_loss: 4.962
[GPU0] epochs: [285/350] train_loss_con: 5.469 energy_loss: 5.099
[GPU0] epochs: [286/350] train_loss_con: 5.470 energy_loss: 5.132
[GPU0] epochs: [287/350] train_loss_con: 5.469 energy_loss: 5.333
[GPU0] epochs: [288/350] train_loss_con: 5.465 energy_loss: 5.427
[GPU0] epochs: [289/350] train_loss_con: 5.466 energy_loss: 4.916
[GPU0] epochs: [290/350] train_loss_con: 5.465 energy_loss: 4.881
[GPU0] epochs: [291/350] train_loss_con: 5.462 energy_loss: 4.832
[GPU0] epochs: [292/350] train_loss_con: 5.462 energy_loss: 15.115
[GPU0] epochs: [293/350] train_loss_con: 5.458 energy_loss: 84.173
[GPU0] epochs: [294/350] train_loss_con: 5.461 energy_loss: 5.946
[GPU0] epochs: [295/350] train_loss_con: 5.458 energy_loss: 4.738
[GPU0] epochs: [296/350] train_loss_con: 5.460 energy_loss: 4.413
[GPU0] epochs: [297/350] train_loss_con: 5.456 energy_loss: 4.327
[GPU0] epochs: [298/350] train_loss_con: 5.455 energy_loss: 4.271
[GPU0] epochs: [299/350] train_loss_con: 5.452 energy_loss: 4.276
[GPU0] epochs: [300/350] train_loss_con: 5.453 energy_loss: 4.268
[GPU0] epochs: [301/350] train_loss_con: 5.452 energy_loss: 4.245
[GPU0] epochs: [302/350] train_loss_con: 5.449 energy_loss: 4.202
[GPU0] epochs: [303/350] train_loss_con: 5.447 energy_loss: 4.190
[GPU0] epochs: [304/350] train_loss_con: 5.450 energy_loss: 4.198
[GPU0] epochs: [305/350] train_loss_con: 5.448 energy_loss: 4.178
[GPU0] epochs: [306/350] train_loss_con: 5.446 energy_loss: 4.233
[GPU0] epochs: [307/350] train_loss_con: 5.444 energy_loss: 4.209
[GPU0] epochs: [308/350] train_loss_con: 5.442 energy_loss: 4.162
[GPU0] epochs: [309/350] train_loss_con: 5.441 energy_loss: 4.192
[GPU0] epochs: [310/350] train_loss_con: 5.441 energy_loss: 4.049
[GPU0] epochs: [311/350] train_loss_con: 5.443 energy_loss: 4.086
[GPU0] epochs: [312/350] train_loss_con: 5.441 energy_loss: 3.996
[GPU0] epochs: [313/350] train_loss_con: 5.438 energy_loss: 4.110
[GPU0] epochs: [314/350] train_loss_con: 5.438 energy_loss: 4.078
[GPU0] epochs: [315/350] train_loss_con: 5.438 energy_loss: 3.938
[GPU0] epochs: [316/350] train_loss_con: 5.440 energy_loss: 4.012
[GPU0] epochs: [317/350] train_loss_con: 5.434 energy_loss: 3.993
[GPU0] epochs: [318/350] train_loss_con: 5.434 energy_loss: 3.973
[GPU0] epochs: [319/350] train_loss_con: 5.436 energy_loss: 3.925
[GPU0] epochs: [320/350] train_loss_con: 5.431 energy_loss: 3.900
[GPU0] epochs: [321/350] train_loss_con: 5.433 energy_loss: 3.924
[GPU0] epochs: [322/350] train_loss_con: 5.432 energy_loss: 3.927
[GPU0] epochs: [323/350] train_loss_con: 5.430 energy_loss: 4.091
[GPU0] epochs: [324/350] train_loss_con: 5.431 energy_loss: 3.901
[GPU0] epochs: [325/350] train_loss_con: 5.431 energy_loss: 4.048
[GPU0] epochs: [326/350] train_loss_con: 5.430 energy_loss: 3.890
[GPU0] epochs: [327/350] train_loss_con: 5.428 energy_loss: 3.933
[GPU0] epochs: [328/350] train_loss_con: 5.427 energy_loss: 4.002
[GPU0] epochs: [329/350] train_loss_con: 5.429 energy_loss: 4.147
[GPU0] epochs: [330/350] train_loss_con: 5.426 energy_loss: 3.902
[GPU0] epochs: [331/350] train_loss_con: 5.425 energy_loss: 4.148
[GPU0] epochs: [332/350] train_loss_con: 5.425 energy_loss: 3.927
[GPU0] epochs: [333/350] train_loss_con: 5.427 energy_loss: 3.974
[GPU0] epochs: [334/350] train_loss_con: 5.422 energy_loss: 3.822
[GPU0] epochs: [335/350] train_loss_con: 5.424 energy_loss: 3.756
[GPU0] epochs: [336/350] train_loss_con: 5.423 energy_loss: 3.730
[GPU0] epochs: [337/350] train_loss_con: 5.423 energy_loss: 7.707
[GPU0] epochs: [338/350] train_loss_con: 5.423 energy_loss: 60.561
[GPU0] epochs: [339/350] train_loss_con: 5.423 energy_loss: 3.903
[GPU0] epochs: [340/350] train_loss_con: 5.422 energy_loss: 3.368
[GPU0] epochs: [341/350] train_loss_con: 5.420 energy_loss: 3.293
[GPU0] epochs: [342/350] train_loss_con: 5.423 energy_loss: 3.305
[GPU0] epochs: [343/350] train_loss_con: 5.422 energy_loss: 3.285
[GPU0] epochs: [344/350] train_loss_con: 5.421 energy_loss: 3.206
[GPU0] epochs: [345/350] train_loss_con: 5.420 energy_loss: 3.257
[GPU0] epochs: [346/350] train_loss_con: 5.419 energy_loss: 3.463
[GPU0] epochs: [347/350] train_loss_con: 5.422 energy_loss: 3.596
[GPU0] epochs: [348/350] train_loss_con: 5.418 energy_loss: 3.376
[GPU0] epochs: [349/350] train_loss_con: 5.418 energy_loss: 3.557
[GPU0] epochs: [350/350] train_loss_con: 5.421 energy_loss: 3.674
### TSNE starts
### MLP training begins
[GPU0] Test Accuracy at epoch: 0: 0.841
[GPU0] epochs: [1/100] train_acc: 0.690 train_loss_sup: 2.172
[GPU0] epochs: [2/100] train_acc: 0.825 train_loss_sup: 1.887
[GPU0] epochs: [3/100] train_acc: 0.835 train_loss_sup: 1.646
[GPU0] epochs: [4/100] train_acc: 0.834 train_loss_sup: 1.455
[GPU0] epochs: [5/100] train_acc: 0.836 train_loss_sup: 1.298
[GPU0] epochs: [6/100] train_acc: 0.838 train_loss_sup: 1.176
[GPU0] epochs: [7/100] train_acc: 0.838 train_loss_sup: 1.080
[GPU0] epochs: [8/100] train_acc: 0.840 train_loss_sup: 1.005
[GPU0] epochs: [9/100] train_acc: 0.842 train_loss_sup: 0.942
[GPU0] epochs: [10/100] train_acc: 0.841 train_loss_sup: 0.891
[GPU0] Test Accuracy at epoch: 10: 0.871
[GPU0] epochs: [11/100] train_acc: 0.841 train_loss_sup: 0.847
[GPU0] epochs: [12/100] train_acc: 0.844 train_loss_sup: 0.813
[GPU0] epochs: [13/100] train_acc: 0.844 train_loss_sup: 0.781
[GPU0] epochs: [14/100] train_acc: 0.847 train_loss_sup: 0.752
[GPU0] epochs: [15/100] train_acc: 0.847 train_loss_sup: 0.729
[GPU0] epochs: [16/100] train_acc: 0.848 train_loss_sup: 0.709
[GPU0] epochs: [17/100] train_acc: 0.849 train_loss_sup: 0.688
[GPU0] epochs: [18/100] train_acc: 0.848 train_loss_sup: 0.675
[GPU0] epochs: [19/100] train_acc: 0.850 train_loss_sup: 0.658
[GPU0] epochs: [20/100] train_acc: 0.851 train_loss_sup: 0.644
[GPU0] Test Accuracy at epoch: 20: 0.879
[GPU0] epochs: [21/100] train_acc: 0.851 train_loss_sup: 0.633
[GPU0] epochs: [22/100] train_acc: 0.851 train_loss_sup: 0.623
[GPU0] epochs: [23/100] train_acc: 0.853 train_loss_sup: 0.611
[GPU0] epochs: [24/100] train_acc: 0.853 train_loss_sup: 0.602
[GPU0] epochs: [25/100] train_acc: 0.853 train_loss_sup: 0.594
[GPU0] epochs: [26/100] train_acc: 0.854 train_loss_sup: 0.584
[GPU0] epochs: [27/100] train_acc: 0.853 train_loss_sup: 0.580
[GPU0] epochs: [28/100] train_acc: 0.855 train_loss_sup: 0.571
[GPU0] epochs: [29/100] train_acc: 0.855 train_loss_sup: 0.566
[GPU0] epochs: [30/100] train_acc: 0.857 train_loss_sup: 0.557
[GPU0] Test Accuracy at epoch: 30: 0.884
[GPU0] epochs: [31/100] train_acc: 0.856 train_loss_sup: 0.552
[GPU0] epochs: [32/100] train_acc: 0.856 train_loss_sup: 0.547
[GPU0] epochs: [33/100] train_acc: 0.856 train_loss_sup: 0.543
[GPU0] epochs: [34/100] train_acc: 0.857 train_loss_sup: 0.537
[GPU0] epochs: [35/100] train_acc: 0.857 train_loss_sup: 0.529
[GPU0] epochs: [36/100] train_acc: 0.858 train_loss_sup: 0.529
[GPU0] epochs: [37/100] train_acc: 0.856 train_loss_sup: 0.525
[GPU0] epochs: [38/100] train_acc: 0.859 train_loss_sup: 0.518
[GPU0] epochs: [39/100] train_acc: 0.858 train_loss_sup: 0.515
[GPU0] epochs: [40/100] train_acc: 0.859 train_loss_sup: 0.511
[GPU0] Test Accuracy at epoch: 40: 0.887
[GPU0] epochs: [41/100] train_acc: 0.859 train_loss_sup: 0.509
[GPU0] epochs: [42/100] train_acc: 0.859 train_loss_sup: 0.505
[GPU0] epochs: [43/100] train_acc: 0.861 train_loss_sup: 0.502
[GPU0] epochs: [44/100] train_acc: 0.861 train_loss_sup: 0.498
[GPU0] epochs: [45/100] train_acc: 0.860 train_loss_sup: 0.498
[GPU0] epochs: [46/100] train_acc: 0.860 train_loss_sup: 0.493
[GPU0] epochs: [47/100] train_acc: 0.861 train_loss_sup: 0.492
[GPU0] epochs: [48/100] train_acc: 0.860 train_loss_sup: 0.487
[GPU0] epochs: [49/100] train_acc: 0.862 train_loss_sup: 0.484
[GPU0] epochs: [50/100] train_acc: 0.863 train_loss_sup: 0.482
[GPU0] Test Accuracy at epoch: 50: 0.89
[GPU0] epochs: [51/100] train_acc: 0.862 train_loss_sup: 0.482
[GPU0] epochs: [52/100] train_acc: 0.863 train_loss_sup: 0.477
[GPU0] epochs: [53/100] train_acc: 0.864 train_loss_sup: 0.475
[GPU0] epochs: [54/100] train_acc: 0.862 train_loss_sup: 0.476
[GPU0] epochs: [55/100] train_acc: 0.863 train_loss_sup: 0.472
[GPU0] epochs: [56/100] train_acc: 0.864 train_loss_sup: 0.469
[GPU0] epochs: [57/100] train_acc: 0.862 train_loss_sup: 0.469
[GPU0] epochs: [58/100] train_acc: 0.864 train_loss_sup: 0.464
[GPU0] epochs: [59/100] train_acc: 0.864 train_loss_sup: 0.465
[GPU0] epochs: [60/100] train_acc: 0.864 train_loss_sup: 0.461
[GPU0] Test Accuracy at epoch: 60: 0.893
[GPU0] epochs: [61/100] train_acc: 0.864 train_loss_sup: 0.464
[GPU0] epochs: [62/100] train_acc: 0.864 train_loss_sup: 0.462
[GPU0] epochs: [63/100] train_acc: 0.864 train_loss_sup: 0.458
[GPU0] epochs: [64/100] train_acc: 0.865 train_loss_sup: 0.456
[GPU0] epochs: [65/100] train_acc: 0.863 train_loss_sup: 0.456
[GPU0] epochs: [66/100] train_acc: 0.865 train_loss_sup: 0.453
[GPU0] epochs: [67/100] train_acc: 0.863 train_loss_sup: 0.453
[GPU0] epochs: [68/100] train_acc: 0.864 train_loss_sup: 0.454
[GPU0] epochs: [69/100] train_acc: 0.866 train_loss_sup: 0.450
[GPU0] epochs: [70/100] train_acc: 0.865 train_loss_sup: 0.449
[GPU0] Test Accuracy at epoch: 70: 0.895
[GPU0] epochs: [71/100] train_acc: 0.865 train_loss_sup: 0.448
[GPU0] epochs: [72/100] train_acc: 0.864 train_loss_sup: 0.447
[GPU0] epochs: [73/100] train_acc: 0.866 train_loss_sup: 0.444
[GPU0] epochs: [74/100] train_acc: 0.870 train_loss_sup: 0.439
[GPU0] epochs: [75/100] train_acc: 0.867 train_loss_sup: 0.441
[GPU0] epochs: [76/100] train_acc: 0.865 train_loss_sup: 0.442
[GPU0] epochs: [77/100] train_acc: 0.867 train_loss_sup: 0.438
[GPU0] epochs: [78/100] train_acc: 0.867 train_loss_sup: 0.437
[GPU0] epochs: [79/100] train_acc: 0.867 train_loss_sup: 0.438
[GPU0] epochs: [80/100] train_acc: 0.867 train_loss_sup: 0.436
[GPU0] Test Accuracy at epoch: 80: 0.896
[GPU0] epochs: [81/100] train_acc: 0.868 train_loss_sup: 0.436
[GPU0] epochs: [82/100] train_acc: 0.867 train_loss_sup: 0.433
[GPU0] epochs: [83/100] train_acc: 0.868 train_loss_sup: 0.432
[GPU0] epochs: [84/100] train_acc: 0.867 train_loss_sup: 0.435
[GPU0] epochs: [85/100] train_acc: 0.867 train_loss_sup: 0.431
[GPU0] epochs: [86/100] train_acc: 0.866 train_loss_sup: 0.435
[GPU0] epochs: [87/100] train_acc: 0.868 train_loss_sup: 0.432
[GPU0] epochs: [88/100] train_acc: 0.868 train_loss_sup: 0.428
[GPU0] epochs: [89/100] train_acc: 0.867 train_loss_sup: 0.428
[GPU0] epochs: [90/100] train_acc: 0.868 train_loss_sup: 0.428
[GPU0] Test Accuracy at epoch: 90: 0.896
[GPU0] epochs: [91/100] train_acc: 0.868 train_loss_sup: 0.425
[GPU0] epochs: [92/100] train_acc: 0.869 train_loss_sup: 0.425
[GPU0] epochs: [93/100] train_acc: 0.868 train_loss_sup: 0.425
[GPU0] epochs: [94/100] train_acc: 0.869 train_loss_sup: 0.422
[GPU0] epochs: [95/100] train_acc: 0.868 train_loss_sup: 0.425
[GPU0] epochs: [96/100] train_acc: 0.867 train_loss_sup: 0.424
[GPU0] epochs: [97/100] train_acc: 0.867 train_loss_sup: 0.423
[GPU0] epochs: [98/100] train_acc: 0.868 train_loss_sup: 0.421
[GPU0] epochs: [99/100] train_acc: 0.870 train_loss_sup: 0.420
[GPU0] epochs: [100/100] train_acc: 0.869 train_loss_sup: 0.421
[GPU0] Final Test Accuracy: 0.898
Model weights saved
<All keys matched successfully>
OpenBLAS warning: precompiled NUM_THREADS exceeded, adding auxiliary array for thread metadata.
To avoid this warning, please rebuild your copy of OpenBLAS with a larger NUM_THREADS setting
or set the environment variable OPENBLAS_NUM_THREADS to 64 or lower
knn evalution
logistic regression evalution
knn_acc: 0.886, log_reg_acc: 0.915
BLAS : Bad memory unallocation! :  640  0x7f0c8db0d000
BLAS : Bad memory unallocation! :  640  0x7f0c8bb0d000
BLAS : Bad memory unallocation! :  640  0x7f0bf1b0d000
BLAS : Bad memory unallocation! :  640  0x7f0bdbb0d000
