environment: 
YAML: configs/scalre.c100.yaml
==> SEED: 42
==> num_classes: 100
==> data_name: cifar100
==> data_params: {'algo': 'scalre', 'data_dir': 'datasets/cifar100', 'batch_size': 512, 'num_workers': 3, 'image_size': 32}
==> return_logs: False
==> eval_every: 10
==> n_epochs: 350
==> n_epochs_mlp: 100
==> gpu_id: 2
==> opt: SGD
==> opt_params: {'lr': 0.5, 'momentum': 0.9, 'nesterov': True, 'weight_decay': 0.0001}
==> schedular_params: {'T_max': 350, 'eta_min': 0.001}
==> mlp_opt: SGD
==> mlp_opt_params: {'lr': 0.1, 'momentum': 0.9, 'nesterov': True}
==> model_params: {'model_name': 'resnet50', 'pretrained': False, 'proj_dim': 128, 'algo_type': 'scalre'}
==> energy_model_params: {'eta': 0.01, 'steps': 5, 'sigma': 0.2, 'delta': 0.1, 'net_type': 'energy'}
==> energy_opt: AdamW
==> energy_model_opt_params: {'lr': 0.001}
==> mlp_type: linear
==> loss: scalre
==> loss_params: {'sim': 'cosine', 'tau': 0.5}
==> distributed: False
==> train_algo: scalre
==> model_save_path: saved_models/scalre.c100.r50.e350.lin0.1.pth
==> warmup_epochs: 0
==> config: configs/scalre.c100.yaml
--------------------------------------------------
===> using linear mlp
using optimizer: SGD
using optimizer: SGD
loss function: scalre
Files already downloaded and verified
Files already downloaded and verified
Files already downloaded and verified
# of Training Images: 50000
# of Testing Images: 10000
using optimizer: AdamW
### ScAlRe Training begins
[GPU2] epochs: [1/350] train_loss_con: 6.720 energy_loss: 1024.204
[GPU2] epochs: [2/350] train_loss_con: 6.351 energy_loss: 1024.142
[GPU2] epochs: [3/350] train_loss_con: 6.221 energy_loss: 1023.825
[GPU2] epochs: [4/350] train_loss_con: 6.131 energy_loss: 1023.856
[GPU2] epochs: [5/350] train_loss_con: 6.044 energy_loss: 1023.818
[GPU2] epochs: [6/350] train_loss_con: 6.000 energy_loss: 1023.911
[GPU2] epochs: [7/350] train_loss_con: 5.960 energy_loss: 1023.680
[GPU2] epochs: [8/350] train_loss_con: 5.926 energy_loss: 1024.058
[GPU2] epochs: [9/350] train_loss_con: 5.891 energy_loss: 1023.986
[GPU2] epochs: [10/350] train_loss_con: 5.860 energy_loss: 1023.977
[GPU2] epochs: [11/350] train_loss_con: 5.843 energy_loss: 1024.032
[GPU2] epochs: [12/350] train_loss_con: 5.825 energy_loss: 1024.096
[GPU2] epochs: [13/350] train_loss_con: 5.810 energy_loss: 1023.880
[GPU2] epochs: [14/350] train_loss_con: 5.797 energy_loss: 1023.950
[GPU2] epochs: [15/350] train_loss_con: 5.791 energy_loss: 1023.845
[GPU2] epochs: [16/350] train_loss_con: 5.777 energy_loss: 1023.985
[GPU2] epochs: [17/350] train_loss_con: 5.773 energy_loss: 1023.987
[GPU2] epochs: [18/350] train_loss_con: 5.762 energy_loss: 1023.920
[GPU2] epochs: [19/350] train_loss_con: 5.760 energy_loss: 1024.054
[GPU2] epochs: [20/350] train_loss_con: 5.750 energy_loss: 1023.472
[GPU2] epochs: [21/350] train_loss_con: 5.746 energy_loss: 1023.805
[GPU2] epochs: [22/350] train_loss_con: 5.748 energy_loss: 1023.714
[GPU2] epochs: [23/350] train_loss_con: 5.738 energy_loss: 1023.642
[GPU2] epochs: [24/350] train_loss_con: 5.737 energy_loss: 1023.825
[GPU2] epochs: [25/350] train_loss_con: 5.737 energy_loss: 1023.922
[GPU2] epochs: [26/350] train_loss_con: 5.736 energy_loss: 1023.142
[GPU2] epochs: [27/350] train_loss_con: 5.733 energy_loss: 1023.325
[GPU2] epochs: [28/350] train_loss_con: 5.727 energy_loss: 1023.028
[GPU2] epochs: [29/350] train_loss_con: 5.721 energy_loss: 1022.881
[GPU2] epochs: [30/350] train_loss_con: 5.715 energy_loss: 1022.413
[GPU2] epochs: [31/350] train_loss_con: 5.714 energy_loss: 1023.094
[GPU2] epochs: [32/350] train_loss_con: 5.712 energy_loss: 1023.949
[GPU2] epochs: [33/350] train_loss_con: 5.705 energy_loss: 1019.572
[GPU2] epochs: [34/350] train_loss_con: 5.703 energy_loss: 1011.539
[GPU2] epochs: [35/350] train_loss_con: 5.700 energy_loss: 1011.921
[GPU2] epochs: [36/350] train_loss_con: 5.700 energy_loss: 948.987
[GPU2] epochs: [37/350] train_loss_con: 5.698 energy_loss: 878.319
[GPU2] epochs: [38/350] train_loss_con: 5.692 energy_loss: 842.501
[GPU2] epochs: [39/350] train_loss_con: 5.694 energy_loss: 712.890
[GPU2] epochs: [40/350] train_loss_con: 5.693 energy_loss: 643.416
[GPU2] epochs: [41/350] train_loss_con: 5.690 energy_loss: 554.686
[GPU2] epochs: [42/350] train_loss_con: 5.689 energy_loss: 470.088
[GPU2] epochs: [43/350] train_loss_con: 5.687 energy_loss: 398.010
[GPU2] epochs: [44/350] train_loss_con: 5.683 energy_loss: 338.935
[GPU2] epochs: [45/350] train_loss_con: 5.680 energy_loss: 243.721
[GPU2] epochs: [46/350] train_loss_con: 5.681 energy_loss: 182.799
[GPU2] epochs: [47/350] train_loss_con: 5.677 energy_loss: 145.859
[GPU2] epochs: [48/350] train_loss_con: 5.678 energy_loss: 123.749
[GPU2] epochs: [49/350] train_loss_con: 5.676 energy_loss: 108.338
[GPU2] epochs: [50/350] train_loss_con: 5.672 energy_loss: 90.792
[GPU2] epochs: [51/350] train_loss_con: 5.672 energy_loss: 75.286
[GPU2] epochs: [52/350] train_loss_con: 5.671 energy_loss: 70.652
[GPU2] epochs: [53/350] train_loss_con: 5.673 energy_loss: 62.052
[GPU2] epochs: [54/350] train_loss_con: 5.666 energy_loss: 58.098
[GPU2] epochs: [55/350] train_loss_con: 5.665 energy_loss: 52.365
[GPU2] epochs: [56/350] train_loss_con: 5.663 energy_loss: 47.574
[GPU2] epochs: [57/350] train_loss_con: 5.665 energy_loss: 43.402
[GPU2] epochs: [58/350] train_loss_con: 5.664 energy_loss: 40.490
[GPU2] epochs: [59/350] train_loss_con: 5.660 energy_loss: 37.515
[GPU2] epochs: [60/350] train_loss_con: 5.659 energy_loss: 36.048
[GPU2] epochs: [61/350] train_loss_con: 5.656 energy_loss: 34.009
[GPU2] epochs: [62/350] train_loss_con: 5.657 energy_loss: 32.212
[GPU2] epochs: [63/350] train_loss_con: 5.653 energy_loss: 29.895
[GPU2] epochs: [64/350] train_loss_con: 5.651 energy_loss: 27.414
[GPU2] epochs: [65/350] train_loss_con: 5.655 energy_loss: 25.726
[GPU2] epochs: [66/350] train_loss_con: 5.651 energy_loss: 24.416
[GPU2] epochs: [67/350] train_loss_con: 5.652 energy_loss: 23.592
[GPU2] epochs: [68/350] train_loss_con: 5.648 energy_loss: 22.718
[GPU2] epochs: [69/350] train_loss_con: 5.646 energy_loss: 21.849
[GPU2] epochs: [70/350] train_loss_con: 5.648 energy_loss: 21.209
[GPU2] epochs: [71/350] train_loss_con: 5.645 energy_loss: 20.933
[GPU2] epochs: [72/350] train_loss_con: 5.646 energy_loss: 20.207
[GPU2] epochs: [73/350] train_loss_con: 5.646 energy_loss: 19.780
[GPU2] epochs: [74/350] train_loss_con: 5.646 energy_loss: 18.938
[GPU2] epochs: [75/350] train_loss_con: 5.641 energy_loss: 18.492
[GPU2] epochs: [76/350] train_loss_con: 5.637 energy_loss: 17.939
[GPU2] epochs: [77/350] train_loss_con: 5.640 energy_loss: 17.890
[GPU2] epochs: [78/350] train_loss_con: 5.639 energy_loss: 17.685
[GPU2] epochs: [79/350] train_loss_con: 5.636 energy_loss: 17.227
[GPU2] epochs: [80/350] train_loss_con: 5.634 energy_loss: 17.145
[GPU2] epochs: [81/350] train_loss_con: 5.637 energy_loss: 16.642
[GPU2] epochs: [82/350] train_loss_con: 5.634 energy_loss: 16.590
[GPU2] epochs: [83/350] train_loss_con: 5.634 energy_loss: 16.317
[GPU2] epochs: [84/350] train_loss_con: 5.632 energy_loss: 16.073
[GPU2] epochs: [85/350] train_loss_con: 5.630 energy_loss: 15.920
[GPU2] epochs: [86/350] train_loss_con: 5.631 energy_loss: 15.767
[GPU2] epochs: [87/350] train_loss_con: 5.631 energy_loss: 15.585
[GPU2] epochs: [88/350] train_loss_con: 5.629 energy_loss: 15.495
[GPU2] epochs: [89/350] train_loss_con: 5.632 energy_loss: 15.470
[GPU2] epochs: [90/350] train_loss_con: 5.632 energy_loss: 15.460
[GPU2] epochs: [91/350] train_loss_con: 5.629 energy_loss: 15.051
[GPU2] epochs: [92/350] train_loss_con: 5.628 energy_loss: 15.053
[GPU2] epochs: [93/350] train_loss_con: 5.624 energy_loss: 15.029
[GPU2] epochs: [94/350] train_loss_con: 5.624 energy_loss: 14.847
[GPU2] epochs: [95/350] train_loss_con: 5.625 energy_loss: 14.884
[GPU2] epochs: [96/350] train_loss_con: 5.623 energy_loss: 14.727
[GPU2] epochs: [97/350] train_loss_con: 5.623 energy_loss: 14.512
[GPU2] epochs: [98/350] train_loss_con: 5.622 energy_loss: 14.632
[GPU2] epochs: [99/350] train_loss_con: 5.620 energy_loss: 14.502
[GPU2] epochs: [100/350] train_loss_con: 5.619 energy_loss: 14.435
[GPU2] epochs: [101/350] train_loss_con: 5.620 energy_loss: 14.362
[GPU2] epochs: [102/350] train_loss_con: 5.615 energy_loss: 14.208
[GPU2] epochs: [103/350] train_loss_con: 5.617 energy_loss: 14.102
[GPU2] epochs: [104/350] train_loss_con: 5.620 energy_loss: 14.000
[GPU2] epochs: [105/350] train_loss_con: 5.619 energy_loss: 13.963
[GPU2] epochs: [106/350] train_loss_con: 5.614 energy_loss: 13.951
[GPU2] epochs: [107/350] train_loss_con: 5.616 energy_loss: 14.095
[GPU2] epochs: [108/350] train_loss_con: 5.615 energy_loss: 13.899
[GPU2] epochs: [109/350] train_loss_con: 5.615 energy_loss: 14.096
[GPU2] epochs: [110/350] train_loss_con: 5.617 energy_loss: 14.041
[GPU2] epochs: [111/350] train_loss_con: 5.611 energy_loss: 13.867
[GPU2] epochs: [112/350] train_loss_con: 5.613 energy_loss: 13.650
[GPU2] epochs: [113/350] train_loss_con: 5.611 energy_loss: 13.699
[GPU2] epochs: [114/350] train_loss_con: 5.608 energy_loss: 693.622
[GPU2] epochs: [115/350] train_loss_con: 5.610 energy_loss: 988.807
[GPU2] epochs: [116/350] train_loss_con: 5.609 energy_loss: 670.312
[GPU2] epochs: [117/350] train_loss_con: 5.608 energy_loss: 256.355
[GPU2] epochs: [118/350] train_loss_con: 5.605 energy_loss: 115.331
[GPU2] epochs: [119/350] train_loss_con: 5.606 energy_loss: 40.749
[GPU2] epochs: [120/350] train_loss_con: 5.606 energy_loss: 41.549
[GPU2] epochs: [121/350] train_loss_con: 5.604 energy_loss: 25.226
[GPU2] epochs: [122/350] train_loss_con: 5.604 energy_loss: 28.083
[GPU2] epochs: [123/350] train_loss_con: 5.605 energy_loss: 24.173
[GPU2] epochs: [124/350] train_loss_con: 5.603 energy_loss: 25.677
[GPU2] epochs: [125/350] train_loss_con: 5.602 energy_loss: 24.865
[GPU2] epochs: [126/350] train_loss_con: 5.602 energy_loss: 21.967
[GPU2] epochs: [127/350] train_loss_con: 5.598 energy_loss: 20.950
[GPU2] epochs: [128/350] train_loss_con: 5.600 energy_loss: 21.670
[GPU2] epochs: [129/350] train_loss_con: 5.601 energy_loss: 19.951
[GPU2] epochs: [130/350] train_loss_con: 5.603 energy_loss: 17.250
[GPU2] epochs: [131/350] train_loss_con: 5.597 energy_loss: 17.843
[GPU2] epochs: [132/350] train_loss_con: 5.604 energy_loss: 18.368
[GPU2] epochs: [133/350] train_loss_con: 5.598 energy_loss: 18.275
[GPU2] epochs: [134/350] train_loss_con: 5.596 energy_loss: 16.465
[GPU2] epochs: [135/350] train_loss_con: 5.597 energy_loss: 18.894
[GPU2] epochs: [136/350] train_loss_con: 5.594 energy_loss: 17.150
[GPU2] epochs: [137/350] train_loss_con: 5.597 energy_loss: 16.957
[GPU2] epochs: [138/350] train_loss_con: 5.595 energy_loss: 17.111
[GPU2] epochs: [139/350] train_loss_con: 5.596 energy_loss: 16.408
[GPU2] epochs: [140/350] train_loss_con: 5.592 energy_loss: 17.985
[GPU2] epochs: [141/350] train_loss_con: 5.590 energy_loss: 17.393
[GPU2] epochs: [142/350] train_loss_con: 5.591 energy_loss: 16.354
[GPU2] epochs: [143/350] train_loss_con: 5.589 energy_loss: 16.096
[GPU2] epochs: [144/350] train_loss_con: 5.589 energy_loss: 14.735
[GPU2] epochs: [145/350] train_loss_con: 5.590 energy_loss: 14.582
[GPU2] epochs: [146/350] train_loss_con: 5.589 energy_loss: 14.670
[GPU2] epochs: [147/350] train_loss_con: 5.589 energy_loss: 14.801
[GPU2] epochs: [148/350] train_loss_con: 5.588 energy_loss: 13.786
[GPU2] epochs: [149/350] train_loss_con: 5.590 energy_loss: 13.686
[GPU2] epochs: [150/350] train_loss_con: 5.586 energy_loss: 13.791
[GPU2] epochs: [151/350] train_loss_con: 5.584 energy_loss: 13.283
[GPU2] epochs: [152/350] train_loss_con: 5.585 energy_loss: 13.973
[GPU2] epochs: [153/350] train_loss_con: 5.583 energy_loss: 12.518
[GPU2] epochs: [154/350] train_loss_con: 5.582 energy_loss: 13.009
[GPU2] epochs: [155/350] train_loss_con: 5.584 energy_loss: 12.563
[GPU2] epochs: [156/350] train_loss_con: 5.582 energy_loss: 12.448
[GPU2] epochs: [157/350] train_loss_con: 5.584 energy_loss: 12.743
[GPU2] epochs: [158/350] train_loss_con: 5.580 energy_loss: 12.086
[GPU2] epochs: [159/350] train_loss_con: 5.582 energy_loss: 12.436
[GPU2] epochs: [160/350] train_loss_con: 5.581 energy_loss: 12.531
[GPU2] epochs: [161/350] train_loss_con: 5.578 energy_loss: 12.375
[GPU2] epochs: [162/350] train_loss_con: 5.581 energy_loss: 11.823
[GPU2] epochs: [163/350] train_loss_con: 5.580 energy_loss: 12.217
[GPU2] epochs: [164/350] train_loss_con: 5.581 energy_loss: 11.738
[GPU2] epochs: [165/350] train_loss_con: 5.578 energy_loss: 11.896
[GPU2] epochs: [166/350] train_loss_con: 5.578 energy_loss: 11.634
[GPU2] epochs: [167/350] train_loss_con: 5.576 energy_loss: 11.365
[GPU2] epochs: [168/350] train_loss_con: 5.576 energy_loss: 11.519
[GPU2] epochs: [169/350] train_loss_con: 5.573 energy_loss: 11.846
[GPU2] epochs: [170/350] train_loss_con: 5.577 energy_loss: 11.755
[GPU2] epochs: [171/350] train_loss_con: 5.573 energy_loss: 11.558
[GPU2] epochs: [172/350] train_loss_con: 5.575 energy_loss: 11.716
[GPU2] epochs: [173/350] train_loss_con: 5.574 energy_loss: 11.519
[GPU2] epochs: [174/350] train_loss_con: 5.572 energy_loss: 11.322
[GPU2] epochs: [175/350] train_loss_con: 5.571 energy_loss: 11.300
[GPU2] epochs: [176/350] train_loss_con: 5.570 energy_loss: 11.193
[GPU2] epochs: [177/350] train_loss_con: 5.568 energy_loss: 11.053
[GPU2] epochs: [178/350] train_loss_con: 5.566 energy_loss: 10.989
[GPU2] epochs: [179/350] train_loss_con: 5.570 energy_loss: 11.082
[GPU2] epochs: [180/350] train_loss_con: 5.567 energy_loss: 11.145
[GPU2] epochs: [181/350] train_loss_con: 5.568 energy_loss: 10.806
[GPU2] epochs: [182/350] train_loss_con: 5.567 energy_loss: 10.714
[GPU2] epochs: [183/350] train_loss_con: 5.564 energy_loss: 10.748
[GPU2] epochs: [184/350] train_loss_con: 5.561 energy_loss: 10.875
[GPU2] epochs: [185/350] train_loss_con: 5.564 energy_loss: 10.827
[GPU2] epochs: [186/350] train_loss_con: 5.561 energy_loss: 10.770
[GPU2] epochs: [187/350] train_loss_con: 5.564 energy_loss: 280.644
[GPU2] epochs: [188/350] train_loss_con: 5.564 energy_loss: 47.492
[GPU2] epochs: [189/350] train_loss_con: 5.560 energy_loss: 14.635
[GPU2] epochs: [190/350] train_loss_con: 5.557 energy_loss: 65.647
[GPU2] epochs: [191/350] train_loss_con: 5.554 energy_loss: 45.078
[GPU2] epochs: [192/350] train_loss_con: 5.558 energy_loss: 57.434
[GPU2] epochs: [193/350] train_loss_con: 5.552 energy_loss: 43.103
[GPU2] epochs: [194/350] train_loss_con: 5.555 energy_loss: 29.372
[GPU2] epochs: [195/350] train_loss_con: 5.554 energy_loss: 35.011
[GPU2] epochs: [196/350] train_loss_con: 5.551 energy_loss: 17.920
[GPU2] epochs: [197/350] train_loss_con: 5.555 energy_loss: 21.619
[GPU2] epochs: [198/350] train_loss_con: 5.552 energy_loss: 21.238
[GPU2] epochs: [199/350] train_loss_con: 5.551 energy_loss: 12.830
[GPU2] epochs: [200/350] train_loss_con: 5.552 energy_loss: 22.531
[GPU2] epochs: [201/350] train_loss_con: 5.553 energy_loss: 11.766
[GPU2] epochs: [202/350] train_loss_con: 5.549 energy_loss: 12.808
[GPU2] epochs: [203/350] train_loss_con: 5.548 energy_loss: 18.560
[GPU2] epochs: [204/350] train_loss_con: 5.550 energy_loss: 22.927
[GPU2] epochs: [205/350] train_loss_con: 5.549 energy_loss: 14.441
[GPU2] epochs: [206/350] train_loss_con: 5.548 energy_loss: 10.209
[GPU2] epochs: [207/350] train_loss_con: 5.548 energy_loss: 19.583
[GPU2] epochs: [208/350] train_loss_con: 5.547 energy_loss: 14.974
[GPU2] epochs: [209/350] train_loss_con: 5.545 energy_loss: 17.591
[GPU2] epochs: [210/350] train_loss_con: 5.545 energy_loss: 13.759
[GPU2] epochs: [211/350] train_loss_con: 5.543 energy_loss: 9.626
[GPU2] epochs: [212/350] train_loss_con: 5.541 energy_loss: 9.212
[GPU2] epochs: [213/350] train_loss_con: 5.541 energy_loss: 9.034
[GPU2] epochs: [214/350] train_loss_con: 5.542 energy_loss: 13.893
[GPU2] epochs: [215/350] train_loss_con: 5.540 energy_loss: 9.515
[GPU2] epochs: [216/350] train_loss_con: 5.539 energy_loss: 9.429
[GPU2] epochs: [217/350] train_loss_con: 5.539 energy_loss: 9.213
[GPU2] epochs: [218/350] train_loss_con: 5.538 energy_loss: 9.038
[GPU2] epochs: [219/350] train_loss_con: 5.538 energy_loss: 15.594
[GPU2] epochs: [220/350] train_loss_con: 5.534 energy_loss: 9.761
[GPU2] epochs: [221/350] train_loss_con: 5.535 energy_loss: 9.350
[GPU2] epochs: [222/350] train_loss_con: 5.534 energy_loss: 9.351
[GPU2] epochs: [223/350] train_loss_con: 5.535 energy_loss: 9.220
[GPU2] epochs: [224/350] train_loss_con: 5.534 energy_loss: 9.218
[GPU2] epochs: [225/350] train_loss_con: 5.533 energy_loss: 9.063
[GPU2] epochs: [226/350] train_loss_con: 5.535 energy_loss: 9.081
[GPU2] epochs: [227/350] train_loss_con: 5.530 energy_loss: 9.032
[GPU2] epochs: [228/350] train_loss_con: 5.529 energy_loss: 8.926
[GPU2] epochs: [229/350] train_loss_con: 5.529 energy_loss: 8.988
[GPU2] epochs: [230/350] train_loss_con: 5.524 energy_loss: 8.861
[GPU2] epochs: [231/350] train_loss_con: 5.524 energy_loss: 8.833
[GPU2] epochs: [232/350] train_loss_con: 5.526 energy_loss: 8.858
[GPU2] epochs: [233/350] train_loss_con: 5.527 energy_loss: 8.643
[GPU2] epochs: [234/350] train_loss_con: 5.524 energy_loss: 8.601
[GPU2] epochs: [235/350] train_loss_con: 5.523 energy_loss: 8.471
[GPU2] epochs: [236/350] train_loss_con: 5.523 energy_loss: 8.388
[GPU2] epochs: [237/350] train_loss_con: 5.519 energy_loss: 8.393
[GPU2] epochs: [238/350] train_loss_con: 5.519 energy_loss: 8.286
[GPU2] epochs: [239/350] train_loss_con: 5.520 energy_loss: 8.322
[GPU2] epochs: [240/350] train_loss_con: 5.517 energy_loss: 8.287
[GPU2] epochs: [241/350] train_loss_con: 5.520 energy_loss: 8.047
[GPU2] epochs: [242/350] train_loss_con: 5.518 energy_loss: 8.030
[GPU2] epochs: [243/350] train_loss_con: 5.515 energy_loss: 7.957
[GPU2] epochs: [244/350] train_loss_con: 5.515 energy_loss: 8.031
[GPU2] epochs: [245/350] train_loss_con: 5.514 energy_loss: 7.867
[GPU2] epochs: [246/350] train_loss_con: 5.514 energy_loss: 7.872
[GPU2] epochs: [247/350] train_loss_con: 5.511 energy_loss: 7.833
[GPU2] epochs: [248/350] train_loss_con: 5.511 energy_loss: 7.785
[GPU2] epochs: [249/350] train_loss_con: 5.508 energy_loss: 7.693
[GPU2] epochs: [250/350] train_loss_con: 5.510 energy_loss: 7.487
[GPU2] epochs: [251/350] train_loss_con: 5.509 energy_loss: 7.539
[GPU2] epochs: [252/350] train_loss_con: 5.507 energy_loss: 7.551
[GPU2] epochs: [253/350] train_loss_con: 5.507 energy_loss: 7.414
[GPU2] epochs: [254/350] train_loss_con: 5.503 energy_loss: 7.326
[GPU2] epochs: [255/350] train_loss_con: 5.505 energy_loss: 7.231
[GPU2] epochs: [256/350] train_loss_con: 5.503 energy_loss: 7.212
[GPU2] epochs: [257/350] train_loss_con: 5.502 energy_loss: 6.995
[GPU2] epochs: [258/350] train_loss_con: 5.501 energy_loss: 7.041
[GPU2] epochs: [259/350] train_loss_con: 5.497 energy_loss: 7.074
[GPU2] epochs: [260/350] train_loss_con: 5.497 energy_loss: 6.808
[GPU2] epochs: [261/350] train_loss_con: 5.497 energy_loss: 6.812
[GPU2] epochs: [262/350] train_loss_con: 5.496 energy_loss: 6.756
[GPU2] epochs: [263/350] train_loss_con: 5.497 energy_loss: 6.775
[GPU2] epochs: [264/350] train_loss_con: 5.495 energy_loss: 6.677
[GPU2] epochs: [265/350] train_loss_con: 5.493 energy_loss: 6.566
[GPU2] epochs: [266/350] train_loss_con: 5.496 energy_loss: 6.446
[GPU2] epochs: [267/350] train_loss_con: 5.492 energy_loss: 6.330
[GPU2] epochs: [268/350] train_loss_con: 5.491 energy_loss: 6.373
[GPU2] epochs: [269/350] train_loss_con: 5.493 energy_loss: 6.285
[GPU2] epochs: [270/350] train_loss_con: 5.489 energy_loss: 6.173
[GPU2] epochs: [271/350] train_loss_con: 5.486 energy_loss: 6.283
[GPU2] epochs: [272/350] train_loss_con: 5.485 energy_loss: 6.071
[GPU2] epochs: [273/350] train_loss_con: 5.485 energy_loss: 7.828
[GPU2] epochs: [274/350] train_loss_con: 5.486 energy_loss: 349.411
[GPU2] epochs: [275/350] train_loss_con: 5.480 energy_loss: 145.163
[GPU2] epochs: [276/350] train_loss_con: 5.480 energy_loss: 39.620
[GPU2] epochs: [277/350] train_loss_con: 5.481 energy_loss: 31.924
[GPU2] epochs: [278/350] train_loss_con: 5.478 energy_loss: 37.867
[GPU2] epochs: [279/350] train_loss_con: 5.478 energy_loss: 45.578
[GPU2] epochs: [280/350] train_loss_con: 5.476 energy_loss: 21.999
[GPU2] epochs: [281/350] train_loss_con: 5.475 energy_loss: 24.796
[GPU2] epochs: [282/350] train_loss_con: 5.477 energy_loss: 28.623
[GPU2] epochs: [283/350] train_loss_con: 5.474 energy_loss: 25.329
[GPU2] epochs: [284/350] train_loss_con: 5.475 energy_loss: 39.048
[GPU2] epochs: [285/350] train_loss_con: 5.471 energy_loss: 28.884
[GPU2] epochs: [286/350] train_loss_con: 5.471 energy_loss: 27.579
[GPU2] epochs: [287/350] train_loss_con: 5.472 energy_loss: 21.494
[GPU2] epochs: [288/350] train_loss_con: 5.470 energy_loss: 28.050
[GPU2] epochs: [289/350] train_loss_con: 5.468 energy_loss: 28.929
[GPU2] epochs: [290/350] train_loss_con: 5.468 energy_loss: 29.570
[GPU2] epochs: [291/350] train_loss_con: 5.465 energy_loss: 18.232
[GPU2] epochs: [292/350] train_loss_con: 5.464 energy_loss: 15.269
[GPU2] epochs: [293/350] train_loss_con: 5.463 energy_loss: 20.705
[GPU2] epochs: [294/350] train_loss_con: 5.462 energy_loss: 11.605
[GPU2] epochs: [295/350] train_loss_con: 5.461 energy_loss: 14.705
[GPU2] epochs: [296/350] train_loss_con: 5.460 energy_loss: 13.701
[GPU2] epochs: [297/350] train_loss_con: 5.458 energy_loss: 9.257
[GPU2] epochs: [298/350] train_loss_con: 5.458 energy_loss: 14.107
[GPU2] epochs: [299/350] train_loss_con: 5.457 energy_loss: 13.332
[GPU2] epochs: [300/350] train_loss_con: 5.455 energy_loss: 13.420
[GPU2] epochs: [301/350] train_loss_con: 5.454 energy_loss: 8.587
[GPU2] epochs: [302/350] train_loss_con: 5.453 energy_loss: 12.154
[GPU2] epochs: [303/350] train_loss_con: 5.453 energy_loss: 5.865
[GPU2] epochs: [304/350] train_loss_con: 5.452 energy_loss: 5.575
[GPU2] epochs: [305/350] train_loss_con: 5.451 energy_loss: 5.211
[GPU2] epochs: [306/350] train_loss_con: 5.450 energy_loss: 10.702
[GPU2] epochs: [307/350] train_loss_con: 5.446 energy_loss: 5.358
[GPU2] epochs: [308/350] train_loss_con: 5.446 energy_loss: 5.041
[GPU2] epochs: [309/350] train_loss_con: 5.446 energy_loss: 5.073
[GPU2] epochs: [310/350] train_loss_con: 5.442 energy_loss: 10.169
[GPU2] epochs: [311/350] train_loss_con: 5.441 energy_loss: 5.052
[GPU2] epochs: [312/350] train_loss_con: 5.442 energy_loss: 4.941
[GPU2] epochs: [313/350] train_loss_con: 5.444 energy_loss: 4.689
[GPU2] epochs: [314/350] train_loss_con: 5.441 energy_loss: 8.681
[GPU2] epochs: [315/350] train_loss_con: 5.439 energy_loss: 5.205
[GPU2] epochs: [316/350] train_loss_con: 5.439 energy_loss: 5.060
[GPU2] epochs: [317/350] train_loss_con: 5.437 energy_loss: 5.096
[GPU2] epochs: [318/350] train_loss_con: 5.433 energy_loss: 4.975
[GPU2] epochs: [319/350] train_loss_con: 5.433 energy_loss: 4.862
[GPU2] epochs: [320/350] train_loss_con: 5.435 energy_loss: 4.698
[GPU2] epochs: [321/350] train_loss_con: 5.432 energy_loss: 4.421
[GPU2] epochs: [322/350] train_loss_con: 5.432 energy_loss: 3.989
[GPU2] epochs: [323/350] train_loss_con: 5.431 energy_loss: 7.239
[GPU2] epochs: [324/350] train_loss_con: 5.431 energy_loss: 5.378
[GPU2] epochs: [325/350] train_loss_con: 5.429 energy_loss: 5.159
[GPU2] epochs: [326/350] train_loss_con: 5.429 energy_loss: 5.104
[GPU2] epochs: [327/350] train_loss_con: 5.428 energy_loss: 5.055
[GPU2] epochs: [328/350] train_loss_con: 5.425 energy_loss: 4.989
[GPU2] epochs: [329/350] train_loss_con: 5.425 energy_loss: 4.881
[GPU2] epochs: [330/350] train_loss_con: 5.427 energy_loss: 4.797
[GPU2] epochs: [331/350] train_loss_con: 5.426 energy_loss: 4.766
[GPU2] epochs: [332/350] train_loss_con: 5.424 energy_loss: 4.790
[GPU2] epochs: [333/350] train_loss_con: 5.423 energy_loss: 4.730
[GPU2] epochs: [334/350] train_loss_con: 5.424 energy_loss: 4.699
[GPU2] epochs: [335/350] train_loss_con: 5.423 energy_loss: 4.692
[GPU2] epochs: [336/350] train_loss_con: 5.424 energy_loss: 4.660
[GPU2] epochs: [337/350] train_loss_con: 5.423 energy_loss: 4.622
[GPU2] epochs: [338/350] train_loss_con: 5.422 energy_loss: 4.513
[GPU2] epochs: [339/350] train_loss_con: 5.422 energy_loss: 4.489
[GPU2] epochs: [340/350] train_loss_con: 5.420 energy_loss: 4.439
[GPU2] epochs: [341/350] train_loss_con: 5.421 energy_loss: 4.371
[GPU2] epochs: [342/350] train_loss_con: 5.421 energy_loss: 4.430
[GPU2] epochs: [343/350] train_loss_con: 5.422 energy_loss: 4.412
[GPU2] epochs: [344/350] train_loss_con: 5.420 energy_loss: 4.334
[GPU2] epochs: [345/350] train_loss_con: 5.419 energy_loss: 4.296
[GPU2] epochs: [346/350] train_loss_con: 5.420 energy_loss: 4.305
[GPU2] epochs: [347/350] train_loss_con: 5.418 energy_loss: 4.305
[GPU2] epochs: [348/350] train_loss_con: 5.421 energy_loss: 4.233
[GPU2] epochs: [349/350] train_loss_con: 5.417 energy_loss: 4.235
[GPU2] epochs: [350/350] train_loss_con: 5.419 energy_loss: 4.227
### TSNE starts
### MLP training begins
[GPU2] Test Accuracy at epoch: 0: 0.44
[GPU2] epochs: [1/100] train_acc: 0.176 train_loss_sup: 4.582
[GPU2] epochs: [2/100] train_acc: 0.408 train_loss_sup: 4.524
[GPU2] epochs: [3/100] train_acc: 0.448 train_loss_sup: 4.466
[GPU2] epochs: [4/100] train_acc: 0.458 train_loss_sup: 4.408
[GPU2] epochs: [5/100] train_acc: 0.474 train_loss_sup: 4.350
[GPU2] epochs: [6/100] train_acc: 0.467 train_loss_sup: 4.294
[GPU2] epochs: [7/100] train_acc: 0.478 train_loss_sup: 4.238
[GPU2] epochs: [8/100] train_acc: 0.476 train_loss_sup: 4.182
[GPU2] epochs: [9/100] train_acc: 0.478 train_loss_sup: 4.128
[GPU2] epochs: [10/100] train_acc: 0.482 train_loss_sup: 4.072
[GPU2] Test Accuracy at epoch: 10: 0.513
[GPU2] epochs: [11/100] train_acc: 0.483 train_loss_sup: 4.019
[GPU2] epochs: [12/100] train_acc: 0.486 train_loss_sup: 3.967
[GPU2] epochs: [13/100] train_acc: 0.483 train_loss_sup: 3.917
[GPU2] epochs: [14/100] train_acc: 0.489 train_loss_sup: 3.863
[GPU2] epochs: [15/100] train_acc: 0.488 train_loss_sup: 3.815
[GPU2] epochs: [16/100] train_acc: 0.490 train_loss_sup: 3.767
[GPU2] epochs: [17/100] train_acc: 0.491 train_loss_sup: 3.720
[GPU2] epochs: [18/100] train_acc: 0.491 train_loss_sup: 3.672
[GPU2] epochs: [19/100] train_acc: 0.493 train_loss_sup: 3.629
[GPU2] epochs: [20/100] train_acc: 0.497 train_loss_sup: 3.583
[GPU2] Test Accuracy at epoch: 20: 0.531
[GPU2] epochs: [21/100] train_acc: 0.499 train_loss_sup: 3.541
[GPU2] epochs: [22/100] train_acc: 0.500 train_loss_sup: 3.501
[GPU2] epochs: [23/100] train_acc: 0.500 train_loss_sup: 3.459
[GPU2] epochs: [24/100] train_acc: 0.503 train_loss_sup: 3.420
[GPU2] epochs: [25/100] train_acc: 0.503 train_loss_sup: 3.382
[GPU2] epochs: [26/100] train_acc: 0.503 train_loss_sup: 3.345
[GPU2] epochs: [27/100] train_acc: 0.505 train_loss_sup: 3.310
[GPU2] epochs: [28/100] train_acc: 0.506 train_loss_sup: 3.272
[GPU2] epochs: [29/100] train_acc: 0.509 train_loss_sup: 3.242
[GPU2] epochs: [30/100] train_acc: 0.509 train_loss_sup: 3.204
[GPU2] Test Accuracy at epoch: 30: 0.544
[GPU2] epochs: [31/100] train_acc: 0.510 train_loss_sup: 3.181
[GPU2] epochs: [32/100] train_acc: 0.511 train_loss_sup: 3.143
[GPU2] epochs: [33/100] train_acc: 0.513 train_loss_sup: 3.118
[GPU2] epochs: [34/100] train_acc: 0.513 train_loss_sup: 3.087
[GPU2] epochs: [35/100] train_acc: 0.514 train_loss_sup: 3.060
[GPU2] epochs: [36/100] train_acc: 0.517 train_loss_sup: 3.033
[GPU2] epochs: [37/100] train_acc: 0.515 train_loss_sup: 3.005
[GPU2] epochs: [38/100] train_acc: 0.518 train_loss_sup: 2.980
[GPU2] epochs: [39/100] train_acc: 0.521 train_loss_sup: 2.955
[GPU2] epochs: [40/100] train_acc: 0.517 train_loss_sup: 2.931
[GPU2] Test Accuracy at epoch: 40: 0.552
[GPU2] epochs: [41/100] train_acc: 0.521 train_loss_sup: 2.908
[GPU2] epochs: [42/100] train_acc: 0.522 train_loss_sup: 2.887
[GPU2] epochs: [43/100] train_acc: 0.523 train_loss_sup: 2.866
[GPU2] epochs: [44/100] train_acc: 0.522 train_loss_sup: 2.842
[GPU2] epochs: [45/100] train_acc: 0.524 train_loss_sup: 2.823
[GPU2] epochs: [46/100] train_acc: 0.523 train_loss_sup: 2.802
[GPU2] epochs: [47/100] train_acc: 0.526 train_loss_sup: 2.779
[GPU2] epochs: [48/100] train_acc: 0.527 train_loss_sup: 2.761
[GPU2] epochs: [49/100] train_acc: 0.529 train_loss_sup: 2.745
[GPU2] epochs: [50/100] train_acc: 0.529 train_loss_sup: 2.727
[GPU2] Test Accuracy at epoch: 50: 0.563
[GPU2] epochs: [51/100] train_acc: 0.527 train_loss_sup: 2.711
[GPU2] epochs: [52/100] train_acc: 0.531 train_loss_sup: 2.692
[GPU2] epochs: [53/100] train_acc: 0.528 train_loss_sup: 2.676
[GPU2] epochs: [54/100] train_acc: 0.528 train_loss_sup: 2.662
[GPU2] epochs: [55/100] train_acc: 0.529 train_loss_sup: 2.646
[GPU2] epochs: [56/100] train_acc: 0.531 train_loss_sup: 2.626
[GPU2] epochs: [57/100] train_acc: 0.532 train_loss_sup: 2.614
[GPU2] epochs: [58/100] train_acc: 0.532 train_loss_sup: 2.599
[GPU2] epochs: [59/100] train_acc: 0.535 train_loss_sup: 2.584
[GPU2] epochs: [60/100] train_acc: 0.534 train_loss_sup: 2.570
[GPU2] Test Accuracy at epoch: 60: 0.567
[GPU2] epochs: [61/100] train_acc: 0.533 train_loss_sup: 2.557
[GPU2] epochs: [62/100] train_acc: 0.535 train_loss_sup: 2.545
[GPU2] epochs: [63/100] train_acc: 0.536 train_loss_sup: 2.531
[GPU2] epochs: [64/100] train_acc: 0.534 train_loss_sup: 2.519
[GPU2] epochs: [65/100] train_acc: 0.538 train_loss_sup: 2.503
[GPU2] epochs: [66/100] train_acc: 0.539 train_loss_sup: 2.493
[GPU2] epochs: [67/100] train_acc: 0.537 train_loss_sup: 2.478
[GPU2] epochs: [68/100] train_acc: 0.536 train_loss_sup: 2.469
[GPU2] epochs: [69/100] train_acc: 0.539 train_loss_sup: 2.457
[GPU2] epochs: [70/100] train_acc: 0.539 train_loss_sup: 2.450
[GPU2] Test Accuracy at epoch: 70: 0.57
[GPU2] epochs: [71/100] train_acc: 0.540 train_loss_sup: 2.438
[GPU2] epochs: [72/100] train_acc: 0.541 train_loss_sup: 2.427
[GPU2] epochs: [73/100] train_acc: 0.542 train_loss_sup: 2.416
[GPU2] epochs: [74/100] train_acc: 0.543 train_loss_sup: 2.401
[GPU2] epochs: [75/100] train_acc: 0.542 train_loss_sup: 2.392
[GPU2] epochs: [76/100] train_acc: 0.543 train_loss_sup: 2.384
[GPU2] epochs: [77/100] train_acc: 0.543 train_loss_sup: 2.377
[GPU2] epochs: [78/100] train_acc: 0.542 train_loss_sup: 2.367
[GPU2] epochs: [79/100] train_acc: 0.542 train_loss_sup: 2.361
[GPU2] epochs: [80/100] train_acc: 0.543 train_loss_sup: 2.347
[GPU2] Test Accuracy at epoch: 80: 0.572
[GPU2] epochs: [81/100] train_acc: 0.546 train_loss_sup: 2.335
[GPU2] epochs: [82/100] train_acc: 0.543 train_loss_sup: 2.330
[GPU2] epochs: [83/100] train_acc: 0.544 train_loss_sup: 2.317
[GPU2] epochs: [84/100] train_acc: 0.545 train_loss_sup: 2.312
[GPU2] epochs: [85/100] train_acc: 0.545 train_loss_sup: 2.303
[GPU2] epochs: [86/100] train_acc: 0.546 train_loss_sup: 2.293
[GPU2] epochs: [87/100] train_acc: 0.548 train_loss_sup: 2.286
[GPU2] epochs: [88/100] train_acc: 0.545 train_loss_sup: 2.283
[GPU2] epochs: [89/100] train_acc: 0.548 train_loss_sup: 2.270
[GPU2] epochs: [90/100] train_acc: 0.547 train_loss_sup: 2.263
[GPU2] Test Accuracy at epoch: 90: 0.575
[GPU2] epochs: [91/100] train_acc: 0.548 train_loss_sup: 2.261
[GPU2] epochs: [92/100] train_acc: 0.550 train_loss_sup: 2.248
[GPU2] epochs: [93/100] train_acc: 0.548 train_loss_sup: 2.243
[GPU2] epochs: [94/100] train_acc: 0.548 train_loss_sup: 2.236
[GPU2] epochs: [95/100] train_acc: 0.549 train_loss_sup: 2.228
[GPU2] epochs: [96/100] train_acc: 0.549 train_loss_sup: 2.222
[GPU2] epochs: [97/100] train_acc: 0.550 train_loss_sup: 2.215
[GPU2] epochs: [98/100] train_acc: 0.551 train_loss_sup: 2.208
[GPU2] epochs: [99/100] train_acc: 0.548 train_loss_sup: 2.205
[GPU2] epochs: [100/100] train_acc: 0.551 train_loss_sup: 2.198
[GPU2] Final Test Accuracy: 0.576
Model weights saved
<All keys matched successfully>
OpenBLAS warning: precompiled NUM_THREADS exceeded, adding auxiliary array for thread metadata.
To avoid this warning, please rebuild your copy of OpenBLAS with a larger NUM_THREADS setting
or set the environment variable OPENBLAS_NUM_THREADS to 64 or lower
knn evalution
logistic regression evalution
knn_acc: 0.580, log_reg_acc: 0.659
BLAS : Bad memory unallocation! :  640  0x7f3221d1d000
BLAS : Bad memory unallocation! :  640  0x7f3225d1d000
BLAS : Bad memory unallocation! :  640  0x7f3227d1d000
BLAS : Bad memory unallocation! :  640  0x7f3229d1d000
BLAS : Bad memory unallocation! :  640  0x7f31cdd1d000
BLAS : Bad memory unallocation! :  640  0x7f31abd1d000
BLAS : Bad memory unallocation! :  640  0x7f31a3d1d000
BLAS : Bad memory unallocation! :  640  0x7f3143d1d000
BLAS : Bad memory unallocation! :  640  0x7f3139d1d000
BLAS : Bad memory unallocation! :  640  0x7f313fd1d000
BLAS : Bad memory unallocation! :  640  0x7f313bd1d000
