environment: 
YAML: configs/scalre.c10.yaml
==> SEED: 42
==> num_classes: 10
==> data_name: cifar10
==> data_params: {'algo': 'scalre', 'data_dir': 'datasets/cifar10', 'batch_size': 512, 'num_workers': 3, 'image_size': 32}
==> return_logs: False
==> eval_every: 10
==> n_epochs: 350
==> n_epochs_mlp: 100
==> gpu_id: 4
==> opt: SGD
==> opt_params: {'lr': 0.5, 'momentum': 0.9, 'nesterov': True}
==> schedular_params: {'T_max': 600, 'eta_min': 0.001}
==> mlp_opt: SGD
==> mlp_opt_params: {'lr': 0.01, 'momentum': 0.9, 'nesterov': True}
==> energy_model_params: {'eta': 0.01, 'steps': 5, 'sigma': 0.2, 'delta': 0.1, 'net_type': 'score'}
==> energy_opt: AdamW
==> energy_model_opt_params: {'lr': 0.001}
==> model_params: {'model_name': 'resnet50', 'pretrained': False, 'proj_dim': 128, 'algo_type': 'scalre'}
==> mlp_type: hidden
==> loss: scalre
==> loss_params: {'sim': 'cosine', 'tau': 0.5}
==> distributed: False
==> train_algo: scalre
==> model_save_path: saved_models/scalre.c10.r50.sc.pth
==> config: configs/scalre.c10.yaml
--------------------------------------------------
===> using hiddin mlp
using optimizer: SGD
using optimizer: SGD
loss function: scalre
Files already downloaded and verified
Files already downloaded and verified
Files already downloaded and verified
# of Training Images: 50000
# of Testing Images: 10000
using optimizer: AdamW
### ScAlRe Training begins
[GPU4] epochs: [1/350] train_loss_con: 6.727 energy_loss: 1024.549
[GPU4] epochs: [2/350] train_loss_con: 6.393 energy_loss: 1024.272
[GPU4] epochs: [3/350] train_loss_con: 6.212 energy_loss: 1024.111
[GPU4] epochs: [4/350] train_loss_con: 6.123 energy_loss: 1024.022
[GPU4] epochs: [5/350] train_loss_con: 6.070 energy_loss: 1023.860
[GPU4] epochs: [6/350] train_loss_con: 6.012 energy_loss: 1023.977
[GPU4] epochs: [7/350] train_loss_con: 5.973 energy_loss: 1023.994
[GPU4] epochs: [8/350] train_loss_con: 5.935 energy_loss: 1024.063
[GPU4] epochs: [9/350] train_loss_con: 5.902 energy_loss: 1023.981
[GPU4] epochs: [10/350] train_loss_con: 5.880 energy_loss: 1023.939
[GPU4] epochs: [11/350] train_loss_con: 5.858 energy_loss: 1023.943
[GPU4] epochs: [12/350] train_loss_con: 5.837 energy_loss: 1024.034
[GPU4] epochs: [13/350] train_loss_con: 5.819 energy_loss: 1023.797
[GPU4] epochs: [14/350] train_loss_con: 5.807 energy_loss: 1023.800
[GPU4] epochs: [15/350] train_loss_con: 5.792 energy_loss: 1023.713
[GPU4] epochs: [16/350] train_loss_con: 5.781 energy_loss: 1023.710
[GPU4] epochs: [17/350] train_loss_con: 5.769 energy_loss: 1023.605
[GPU4] epochs: [18/350] train_loss_con: 5.762 energy_loss: 1023.542
[GPU4] epochs: [19/350] train_loss_con: 5.753 energy_loss: 1023.680
[GPU4] epochs: [20/350] train_loss_con: 5.749 energy_loss: 1023.557
[GPU4] epochs: [21/350] train_loss_con: 5.744 energy_loss: 1023.300
[GPU4] epochs: [22/350] train_loss_con: 5.734 energy_loss: 1023.403
[GPU4] epochs: [23/350] train_loss_con: 5.727 energy_loss: 1023.553
[GPU4] epochs: [24/350] train_loss_con: 5.724 energy_loss: 1023.204
[GPU4] epochs: [25/350] train_loss_con: 5.713 energy_loss: 1023.381
[GPU4] epochs: [26/350] train_loss_con: 5.712 energy_loss: 1023.308
[GPU4] epochs: [27/350] train_loss_con: 5.708 energy_loss: 1023.189
[GPU4] epochs: [28/350] train_loss_con: 5.702 energy_loss: 1023.109
[GPU4] epochs: [29/350] train_loss_con: 5.703 energy_loss: 1023.175
[GPU4] epochs: [30/350] train_loss_con: 5.700 energy_loss: 1022.871
[GPU4] epochs: [31/350] train_loss_con: 5.692 energy_loss: 1022.724
[GPU4] epochs: [32/350] train_loss_con: 5.691 energy_loss: 1022.677
[GPU4] epochs: [33/350] train_loss_con: 5.683 energy_loss: 1022.288
[GPU4] epochs: [34/350] train_loss_con: 5.683 energy_loss: 1021.937
[GPU4] epochs: [35/350] train_loss_con: 5.680 energy_loss: 1021.111
[GPU4] epochs: [36/350] train_loss_con: 5.675 energy_loss: 1020.436
[GPU4] epochs: [37/350] train_loss_con: 5.672 energy_loss: 1019.746
[GPU4] epochs: [38/350] train_loss_con: 5.673 energy_loss: 1018.488
[GPU4] epochs: [39/350] train_loss_con: 5.668 energy_loss: 1017.130
[GPU4] epochs: [40/350] train_loss_con: 5.667 energy_loss: 1015.156
[GPU4] epochs: [41/350] train_loss_con: 5.664 energy_loss: 1013.274
[GPU4] epochs: [42/350] train_loss_con: 5.662 energy_loss: 1011.213
[GPU4] epochs: [43/350] train_loss_con: 5.658 energy_loss: 1008.604
[GPU4] epochs: [44/350] train_loss_con: 5.658 energy_loss: 1005.890
[GPU4] epochs: [45/350] train_loss_con: 5.653 energy_loss: 1003.174
[GPU4] epochs: [46/350] train_loss_con: 5.654 energy_loss: 1000.141
[GPU4] epochs: [47/350] train_loss_con: 5.654 energy_loss: 996.897
[GPU4] epochs: [48/350] train_loss_con: 5.647 energy_loss: 993.229
[GPU4] epochs: [49/350] train_loss_con: 5.644 energy_loss: 989.391
[GPU4] epochs: [50/350] train_loss_con: 5.647 energy_loss: 985.341
[GPU4] epochs: [51/350] train_loss_con: 5.642 energy_loss: 980.281
[GPU4] epochs: [52/350] train_loss_con: 5.641 energy_loss: 975.818
[GPU4] epochs: [53/350] train_loss_con: 5.637 energy_loss: 970.144
[GPU4] epochs: [54/350] train_loss_con: 5.636 energy_loss: 964.847
[GPU4] epochs: [55/350] train_loss_con: 5.636 energy_loss: 959.662
[GPU4] epochs: [56/350] train_loss_con: 5.632 energy_loss: 953.530
[GPU4] epochs: [57/350] train_loss_con: 5.634 energy_loss: 947.576
[GPU4] epochs: [58/350] train_loss_con: 5.630 energy_loss: 941.513
[GPU4] epochs: [59/350] train_loss_con: 5.631 energy_loss: 934.752
[GPU4] epochs: [60/350] train_loss_con: 5.626 energy_loss: 928.903
[GPU4] epochs: [61/350] train_loss_con: 5.627 energy_loss: 921.862
[GPU4] epochs: [62/350] train_loss_con: 5.627 energy_loss: 915.843
[GPU4] epochs: [63/350] train_loss_con: 5.621 energy_loss: 908.836
[GPU4] epochs: [64/350] train_loss_con: 5.620 energy_loss: 902.048
[GPU4] epochs: [65/350] train_loss_con: 5.619 energy_loss: 895.426
[GPU4] epochs: [66/350] train_loss_con: 5.622 energy_loss: 887.817
[GPU4] epochs: [67/350] train_loss_con: 5.621 energy_loss: 881.538
[GPU4] epochs: [68/350] train_loss_con: 5.617 energy_loss: 874.375
[GPU4] epochs: [69/350] train_loss_con: 5.615 energy_loss: 868.116
[GPU4] epochs: [70/350] train_loss_con: 5.613 energy_loss: 860.434
[GPU4] epochs: [71/350] train_loss_con: 5.614 energy_loss: 853.411
[GPU4] epochs: [72/350] train_loss_con: 5.610 energy_loss: 847.065
[GPU4] epochs: [73/350] train_loss_con: 5.612 energy_loss: 840.495
[GPU4] epochs: [74/350] train_loss_con: 5.605 energy_loss: 833.970
[GPU4] epochs: [75/350] train_loss_con: 5.606 energy_loss: 827.117
[GPU4] epochs: [76/350] train_loss_con: 5.607 energy_loss: 821.507
[GPU4] epochs: [77/350] train_loss_con: 5.607 energy_loss: 814.863
[GPU4] epochs: [78/350] train_loss_con: 5.607 energy_loss: 808.521
[GPU4] epochs: [79/350] train_loss_con: 5.601 energy_loss: 802.848
[GPU4] epochs: [80/350] train_loss_con: 5.604 energy_loss: 795.783
[GPU4] epochs: [81/350] train_loss_con: 5.604 energy_loss: 790.481
[GPU4] epochs: [82/350] train_loss_con: 5.601 energy_loss: 784.521
[GPU4] epochs: [83/350] train_loss_con: 5.600 energy_loss: 778.432
[GPU4] epochs: [84/350] train_loss_con: 5.596 energy_loss: 772.613
[GPU4] epochs: [85/350] train_loss_con: 5.599 energy_loss: 766.365
[GPU4] epochs: [86/350] train_loss_con: 5.600 energy_loss: 760.340
[GPU4] epochs: [87/350] train_loss_con: 5.595 energy_loss: 755.187
[GPU4] epochs: [88/350] train_loss_con: 5.595 energy_loss: 749.669
[GPU4] epochs: [89/350] train_loss_con: 5.591 energy_loss: 743.884
[GPU4] epochs: [90/350] train_loss_con: 5.593 energy_loss: 738.739
[GPU4] epochs: [91/350] train_loss_con: 5.589 energy_loss: 732.702
[GPU4] epochs: [92/350] train_loss_con: 5.594 energy_loss: 728.035
[GPU4] epochs: [93/350] train_loss_con: 5.593 energy_loss: 722.982
[GPU4] epochs: [94/350] train_loss_con: 5.588 energy_loss: 718.076
[GPU4] epochs: [95/350] train_loss_con: 5.588 energy_loss: 713.015
[GPU4] epochs: [96/350] train_loss_con: 5.587 energy_loss: 707.760
[GPU4] epochs: [97/350] train_loss_con: 5.587 energy_loss: 702.746
[GPU4] epochs: [98/350] train_loss_con: 5.585 energy_loss: 698.064
[GPU4] epochs: [99/350] train_loss_con: 5.585 energy_loss: 694.096
[GPU4] epochs: [100/350] train_loss_con: 5.584 energy_loss: 688.860
[GPU4] epochs: [101/350] train_loss_con: 5.582 energy_loss: 684.180
[GPU4] epochs: [102/350] train_loss_con: 5.583 energy_loss: 679.763
[GPU4] epochs: [103/350] train_loss_con: 5.578 energy_loss: 674.887
[GPU4] epochs: [104/350] train_loss_con: 5.580 energy_loss: 670.832
[GPU4] epochs: [105/350] train_loss_con: 5.580 energy_loss: 666.125
[GPU4] epochs: [106/350] train_loss_con: 5.582 energy_loss: 662.632
[GPU4] epochs: [107/350] train_loss_con: 5.580 energy_loss: 658.533
[GPU4] epochs: [108/350] train_loss_con: 5.577 energy_loss: 654.232
[GPU4] epochs: [109/350] train_loss_con: 5.580 energy_loss: 649.817
[GPU4] epochs: [110/350] train_loss_con: 5.579 energy_loss: 645.403
[GPU4] epochs: [111/350] train_loss_con: 5.574 energy_loss: 642.312
[GPU4] epochs: [112/350] train_loss_con: 5.575 energy_loss: 638.412
[GPU4] epochs: [113/350] train_loss_con: 5.577 energy_loss: 634.701
[GPU4] epochs: [114/350] train_loss_con: 5.572 energy_loss: 631.526
[GPU4] epochs: [115/350] train_loss_con: 5.571 energy_loss: 627.345
[GPU4] epochs: [116/350] train_loss_con: 5.570 energy_loss: 623.203
[GPU4] epochs: [117/350] train_loss_con: 5.572 energy_loss: 619.796
[GPU4] epochs: [118/350] train_loss_con: 5.573 energy_loss: 616.441
[GPU4] epochs: [119/350] train_loss_con: 5.570 energy_loss: 612.988
[GPU4] epochs: [120/350] train_loss_con: 5.568 energy_loss: 609.843
[GPU4] epochs: [121/350] train_loss_con: 5.567 energy_loss: 606.683
[GPU4] epochs: [122/350] train_loss_con: 5.570 energy_loss: 604.231
[GPU4] epochs: [123/350] train_loss_con: 5.568 energy_loss: 600.103
[GPU4] epochs: [124/350] train_loss_con: 5.567 energy_loss: 596.887
[GPU4] epochs: [125/350] train_loss_con: 5.565 energy_loss: 594.126
[GPU4] epochs: [126/350] train_loss_con: 5.566 energy_loss: 591.406
[GPU4] epochs: [127/350] train_loss_con: 5.565 energy_loss: 587.531
[GPU4] epochs: [128/350] train_loss_con: 5.563 energy_loss: 585.089
[GPU4] epochs: [129/350] train_loss_con: 5.563 energy_loss: 582.325
[GPU4] epochs: [130/350] train_loss_con: 5.563 energy_loss: 578.305
[GPU4] epochs: [131/350] train_loss_con: 5.565 energy_loss: 575.599
[GPU4] epochs: [132/350] train_loss_con: 5.561 energy_loss: 573.402
[GPU4] epochs: [133/350] train_loss_con: 5.563 energy_loss: 570.995
[GPU4] epochs: [134/350] train_loss_con: 5.557 energy_loss: 568.277
[GPU4] epochs: [135/350] train_loss_con: 5.562 energy_loss: 566.095
[GPU4] epochs: [136/350] train_loss_con: 5.560 energy_loss: 563.398
[GPU4] epochs: [137/350] train_loss_con: 5.558 energy_loss: 559.913
[GPU4] epochs: [138/350] train_loss_con: 5.559 energy_loss: 557.780
[GPU4] epochs: [139/350] train_loss_con: 5.558 energy_loss: 555.061
[GPU4] epochs: [140/350] train_loss_con: 5.557 energy_loss: 553.508
[GPU4] epochs: [141/350] train_loss_con: 5.559 energy_loss: 551.384
[GPU4] epochs: [142/350] train_loss_con: 5.555 energy_loss: 548.567
[GPU4] epochs: [143/350] train_loss_con: 5.552 energy_loss: 546.096
[GPU4] epochs: [144/350] train_loss_con: 5.554 energy_loss: 543.194
[GPU4] epochs: [145/350] train_loss_con: 5.552 energy_loss: 541.470
[GPU4] epochs: [146/350] train_loss_con: 5.554 energy_loss: 538.900
[GPU4] epochs: [147/350] train_loss_con: 5.555 energy_loss: 536.376
[GPU4] epochs: [148/350] train_loss_con: 5.554 energy_loss: 535.819
[GPU4] epochs: [149/350] train_loss_con: 5.552 energy_loss: 533.622
[GPU4] epochs: [150/350] train_loss_con: 5.553 energy_loss: 530.356
[GPU4] epochs: [151/350] train_loss_con: 5.551 energy_loss: 529.349
[GPU4] epochs: [152/350] train_loss_con: 5.550 energy_loss: 526.384
[GPU4] epochs: [153/350] train_loss_con: 5.551 energy_loss: 523.949
[GPU4] epochs: [154/350] train_loss_con: 5.551 energy_loss: 523.290
[GPU4] epochs: [155/350] train_loss_con: 5.548 energy_loss: 520.842
[GPU4] epochs: [156/350] train_loss_con: 5.548 energy_loss: 519.205
[GPU4] epochs: [157/350] train_loss_con: 5.545 energy_loss: 516.673
[GPU4] epochs: [158/350] train_loss_con: 5.550 energy_loss: 514.583
[GPU4] epochs: [159/350] train_loss_con: 5.548 energy_loss: 513.875
[GPU4] epochs: [160/350] train_loss_con: 5.548 energy_loss: 512.737
[GPU4] epochs: [161/350] train_loss_con: 5.548 energy_loss: 510.618
[GPU4] epochs: [162/350] train_loss_con: 5.545 energy_loss: 508.872
[GPU4] epochs: [163/350] train_loss_con: 5.545 energy_loss: 506.656
[GPU4] epochs: [164/350] train_loss_con: 5.543 energy_loss: 505.286
