environment: 
YAML: configs/scalre.c100.yaml
==> SEED: 42
==> num_classes: 100
==> data_name: cifar100
==> data_params: {'algo': 'scalre', 'data_dir': 'datasets/cifar100', 'batch_size': 512, 'num_workers': 3, 'image_size': 32}
==> return_logs: False
==> eval_every: 10
==> n_epochs: 350
==> n_epochs_mlp: 100
==> gpu_id: 6
==> opt: SGD
==> opt_params: {'lr': 0.5, 'momentum': 0.9, 'nesterov': True}
==> schedular_params: {'T_max': 600, 'eta_min': 0.001}
==> mlp_opt: SGD
==> mlp_opt_params: {'lr': 0.01, 'momentum': 0.9, 'nesterov': True}
==> model_params: {'model_name': 'resnet18', 'pretrained': False, 'proj_dim': 128, 'algo_type': 'scalre'}
==> energy_model_params: {'eta': 0.01, 'steps': 10, 'sigma': 0.2, 'delta': 0.1, 'net_type': 'score'}
==> energy_opt: AdamW
==> energy_model_opt_params: {'lr': 0.001}
==> mlp_type: hidden
==> loss: scalre
==> loss_params: {'sim': 'cosine', 'tau': 0.5}
==> distributed: False
==> train_algo: scalre
==> model_save_path: saved_models/scalre.c100.r18.sc.ls.pth
==> config: configs/scalre.c100.yaml
--------------------------------------------------
===> using hiddin mlp
using optimizer: SGD
using optimizer: SGD
loss function: scalre
Files already downloaded and verified
Files already downloaded and verified
Files already downloaded and verified
# of Training Images: 50000
# of Testing Images: 10000
using optimizer: AdamW
### ScAlRe Training begins
[GPU6] epochs: [1/350] train_loss_con: 6.556 energy_loss: 256.041
[GPU6] epochs: [2/350] train_loss_con: 6.330 energy_loss: 253.472
[GPU6] epochs: [3/350] train_loss_con: 6.249 energy_loss: 233.346
[GPU6] epochs: [4/350] train_loss_con: 6.201 energy_loss: 219.352
[GPU6] epochs: [5/350] train_loss_con: 6.154 energy_loss: 211.205
[GPU6] epochs: [6/350] train_loss_con: 6.108 energy_loss: 204.248
[GPU6] epochs: [7/350] train_loss_con: 6.076 energy_loss: 198.401
[GPU6] epochs: [8/350] train_loss_con: 6.046 energy_loss: 192.888
[GPU6] epochs: [9/350] train_loss_con: 6.034 energy_loss: 187.337
[GPU6] epochs: [10/350] train_loss_con: 6.017 energy_loss: 182.174
[GPU6] epochs: [11/350] train_loss_con: 6.009 energy_loss: 177.252
[GPU6] epochs: [12/350] train_loss_con: 5.996 energy_loss: 172.712
[GPU6] epochs: [13/350] train_loss_con: 5.983 energy_loss: 168.149
[GPU6] epochs: [14/350] train_loss_con: 5.973 energy_loss: 163.921
[GPU6] epochs: [15/350] train_loss_con: 5.962 energy_loss: 159.513
[GPU6] epochs: [16/350] train_loss_con: 5.957 energy_loss: 155.409
[GPU6] epochs: [17/350] train_loss_con: 5.951 energy_loss: 151.355
[GPU6] epochs: [18/350] train_loss_con: 5.943 energy_loss: 147.446
[GPU6] epochs: [19/350] train_loss_con: 5.941 energy_loss: 143.640
[GPU6] epochs: [20/350] train_loss_con: 5.933 energy_loss: 140.280
[GPU6] epochs: [21/350] train_loss_con: 5.933 energy_loss: 137.072
[GPU6] epochs: [22/350] train_loss_con: 5.926 energy_loss: 134.340
[GPU6] epochs: [23/350] train_loss_con: 5.920 energy_loss: 131.505
[GPU6] epochs: [24/350] train_loss_con: 5.919 energy_loss: 129.254
[GPU6] epochs: [25/350] train_loss_con: 5.918 energy_loss: 127.161
[GPU6] epochs: [26/350] train_loss_con: 5.911 energy_loss: 125.248
[GPU6] epochs: [27/350] train_loss_con: 5.910 energy_loss: 123.125
[GPU6] epochs: [28/350] train_loss_con: 5.905 energy_loss: 121.940
[GPU6] epochs: [29/350] train_loss_con: 5.904 energy_loss: 120.172
[GPU6] epochs: [30/350] train_loss_con: 5.901 energy_loss: 119.052
[GPU6] epochs: [31/350] train_loss_con: 5.892 energy_loss: 117.824
[GPU6] epochs: [32/350] train_loss_con: 5.895 energy_loss: 116.752
[GPU6] epochs: [33/350] train_loss_con: 5.892 energy_loss: 115.973
[GPU6] epochs: [34/350] train_loss_con: 5.890 energy_loss: 114.809
[GPU6] epochs: [35/350] train_loss_con: 5.887 energy_loss: 114.238
[GPU6] epochs: [36/350] train_loss_con: 5.888 energy_loss: 113.699
[GPU6] epochs: [37/350] train_loss_con: 5.882 energy_loss: 113.186
[GPU6] epochs: [38/350] train_loss_con: 5.879 energy_loss: 112.665
[GPU6] epochs: [39/350] train_loss_con: 5.883 energy_loss: 111.896
[GPU6] epochs: [40/350] train_loss_con: 5.881 energy_loss: 111.595
[GPU6] epochs: [41/350] train_loss_con: 5.873 energy_loss: 111.309
[GPU6] epochs: [42/350] train_loss_con: 5.870 energy_loss: 110.763
[GPU6] epochs: [43/350] train_loss_con: 5.873 energy_loss: 110.287
[GPU6] epochs: [44/350] train_loss_con: 5.869 energy_loss: 109.995
[GPU6] epochs: [45/350] train_loss_con: 5.867 energy_loss: 109.341
[GPU6] epochs: [46/350] train_loss_con: 5.863 energy_loss: 109.232
[GPU6] epochs: [47/350] train_loss_con: 5.865 energy_loss: 108.984
[GPU6] epochs: [48/350] train_loss_con: 5.859 energy_loss: 108.641
[GPU6] epochs: [49/350] train_loss_con: 5.860 energy_loss: 108.302
[GPU6] epochs: [50/350] train_loss_con: 5.860 energy_loss: 108.007
[GPU6] epochs: [51/350] train_loss_con: 5.859 energy_loss: 107.504
[GPU6] epochs: [52/350] train_loss_con: 5.855 energy_loss: 107.147
[GPU6] epochs: [53/350] train_loss_con: 5.854 energy_loss: 106.867
[GPU6] epochs: [54/350] train_loss_con: 5.853 energy_loss: 106.455
[GPU6] epochs: [55/350] train_loss_con: 5.850 energy_loss: 106.022
[GPU6] epochs: [56/350] train_loss_con: 5.853 energy_loss: 105.863
[GPU6] epochs: [57/350] train_loss_con: 5.850 energy_loss: 105.601
[GPU6] epochs: [58/350] train_loss_con: 5.850 energy_loss: 105.386
[GPU6] epochs: [59/350] train_loss_con: 5.846 energy_loss: 104.828
[GPU6] epochs: [60/350] train_loss_con: 5.847 energy_loss: 104.652
[GPU6] epochs: [61/350] train_loss_con: 5.848 energy_loss: 104.586
[GPU6] epochs: [62/350] train_loss_con: 5.841 energy_loss: 103.990
[GPU6] epochs: [63/350] train_loss_con: 5.841 energy_loss: 103.630
[GPU6] epochs: [64/350] train_loss_con: 5.841 energy_loss: 103.358
[GPU6] epochs: [65/350] train_loss_con: 5.840 energy_loss: 103.501
[GPU6] epochs: [66/350] train_loss_con: 5.837 energy_loss: 103.221
[GPU6] epochs: [67/350] train_loss_con: 5.835 energy_loss: 102.707
[GPU6] epochs: [68/350] train_loss_con: 5.837 energy_loss: 102.319
[GPU6] epochs: [69/350] train_loss_con: 5.835 energy_loss: 102.226
[GPU6] epochs: [70/350] train_loss_con: 5.837 energy_loss: 102.207
[GPU6] epochs: [71/350] train_loss_con: 5.832 energy_loss: 101.784
[GPU6] epochs: [72/350] train_loss_con: 5.831 energy_loss: 101.462
[GPU6] epochs: [73/350] train_loss_con: 5.827 energy_loss: 101.289
[GPU6] epochs: [74/350] train_loss_con: 5.830 energy_loss: 100.952
[GPU6] epochs: [75/350] train_loss_con: 5.831 energy_loss: 100.826
[GPU6] epochs: [76/350] train_loss_con: 5.828 energy_loss: 100.730
[GPU6] epochs: [77/350] train_loss_con: 5.824 energy_loss: 100.061
[GPU6] epochs: [78/350] train_loss_con: 5.826 energy_loss: 99.915
[GPU6] epochs: [79/350] train_loss_con: 5.822 energy_loss: 99.768
[GPU6] epochs: [80/350] train_loss_con: 5.824 energy_loss: 99.678
[GPU6] epochs: [81/350] train_loss_con: 5.822 energy_loss: 99.510
[GPU6] epochs: [82/350] train_loss_con: 5.823 energy_loss: 99.122
[GPU6] epochs: [83/350] train_loss_con: 5.820 energy_loss: 98.949
[GPU6] epochs: [84/350] train_loss_con: 5.820 energy_loss: 98.785
[GPU6] epochs: [85/350] train_loss_con: 5.816 energy_loss: 98.550
[GPU6] epochs: [86/350] train_loss_con: 5.819 energy_loss: 98.533
[GPU6] epochs: [87/350] train_loss_con: 5.816 energy_loss: 98.111
[GPU6] epochs: [88/350] train_loss_con: 5.813 energy_loss: 97.872
[GPU6] epochs: [89/350] train_loss_con: 5.817 energy_loss: 97.764
[GPU6] epochs: [90/350] train_loss_con: 5.816 energy_loss: 97.517
[GPU6] epochs: [91/350] train_loss_con: 5.813 energy_loss: 97.220
[GPU6] epochs: [92/350] train_loss_con: 5.813 energy_loss: 96.922
[GPU6] epochs: [93/350] train_loss_con: 5.812 energy_loss: 96.532
[GPU6] epochs: [94/350] train_loss_con: 5.810 energy_loss: 96.264
[GPU6] epochs: [95/350] train_loss_con: 5.807 energy_loss: 95.944
[GPU6] epochs: [96/350] train_loss_con: 5.809 energy_loss: 96.167
[GPU6] epochs: [97/350] train_loss_con: 5.811 energy_loss: 95.617
[GPU6] epochs: [98/350] train_loss_con: 5.805 energy_loss: 95.415
[GPU6] epochs: [99/350] train_loss_con: 5.805 energy_loss: 95.051
[GPU6] epochs: [100/350] train_loss_con: 5.806 energy_loss: 95.175
[GPU6] epochs: [101/350] train_loss_con: 5.807 energy_loss: 94.696
[GPU6] epochs: [102/350] train_loss_con: 5.806 energy_loss: 94.227
[GPU6] epochs: [103/350] train_loss_con: 5.801 energy_loss: 94.319
[GPU6] epochs: [104/350] train_loss_con: 5.802 energy_loss: 94.063
[GPU6] epochs: [105/350] train_loss_con: 5.803 energy_loss: 93.865
[GPU6] epochs: [106/350] train_loss_con: 5.799 energy_loss: 93.543
[GPU6] epochs: [107/350] train_loss_con: 5.797 energy_loss: 93.170
[GPU6] epochs: [108/350] train_loss_con: 5.802 energy_loss: 93.099
[GPU6] epochs: [109/350] train_loss_con: 5.802 energy_loss: 93.046
[GPU6] epochs: [110/350] train_loss_con: 5.797 energy_loss: 92.797
[GPU6] epochs: [111/350] train_loss_con: 5.794 energy_loss: 92.428
[GPU6] epochs: [112/350] train_loss_con: 5.797 energy_loss: 92.490
[GPU6] epochs: [113/350] train_loss_con: 5.797 energy_loss: 92.174
[GPU6] epochs: [114/350] train_loss_con: 5.796 energy_loss: 92.098
[GPU6] epochs: [115/350] train_loss_con: 5.792 energy_loss: 91.614
[GPU6] epochs: [116/350] train_loss_con: 5.792 energy_loss: 91.065
[GPU6] epochs: [117/350] train_loss_con: 5.794 energy_loss: 91.419
[GPU6] epochs: [118/350] train_loss_con: 5.791 energy_loss: 91.028
[GPU6] epochs: [119/350] train_loss_con: 5.789 energy_loss: 90.762
[GPU6] epochs: [120/350] train_loss_con: 5.793 energy_loss: 90.351
[GPU6] epochs: [121/350] train_loss_con: 5.789 energy_loss: 90.106
[GPU6] epochs: [122/350] train_loss_con: 5.791 energy_loss: 90.309
[GPU6] epochs: [123/350] train_loss_con: 5.790 energy_loss: 89.928
[GPU6] epochs: [124/350] train_loss_con: 5.787 energy_loss: 89.698
[GPU6] epochs: [125/350] train_loss_con: 5.787 energy_loss: 89.547
[GPU6] epochs: [126/350] train_loss_con: 5.788 energy_loss: 89.426
[GPU6] epochs: [127/350] train_loss_con: 5.786 energy_loss: 89.552
[GPU6] epochs: [128/350] train_loss_con: 5.786 energy_loss: 89.186
[GPU6] epochs: [129/350] train_loss_con: 5.782 energy_loss: 88.431
[GPU6] epochs: [130/350] train_loss_con: 5.786 energy_loss: 88.752
[GPU6] epochs: [131/350] train_loss_con: 5.784 energy_loss: 88.218
[GPU6] epochs: [132/350] train_loss_con: 5.784 energy_loss: 88.183
[GPU6] epochs: [133/350] train_loss_con: 5.783 energy_loss: 87.929
[GPU6] epochs: [134/350] train_loss_con: 5.780 energy_loss: 87.787
[GPU6] epochs: [135/350] train_loss_con: 5.781 energy_loss: 87.414
[GPU6] epochs: [136/350] train_loss_con: 5.779 energy_loss: 87.245
[GPU6] epochs: [137/350] train_loss_con: 5.776 energy_loss: 86.994
[GPU6] epochs: [138/350] train_loss_con: 5.780 energy_loss: 87.132
[GPU6] epochs: [139/350] train_loss_con: 5.778 energy_loss: 86.637
[GPU6] epochs: [140/350] train_loss_con: 5.776 energy_loss: 86.251
[GPU6] epochs: [141/350] train_loss_con: 5.781 energy_loss: 86.219
[GPU6] epochs: [142/350] train_loss_con: 5.777 energy_loss: 85.795
[GPU6] epochs: [143/350] train_loss_con: 5.777 energy_loss: 85.904
[GPU6] epochs: [144/350] train_loss_con: 5.776 energy_loss: 85.707
[GPU6] epochs: [145/350] train_loss_con: 5.775 energy_loss: 85.579
[GPU6] epochs: [146/350] train_loss_con: 5.774 energy_loss: 85.118
[GPU6] epochs: [147/350] train_loss_con: 5.774 energy_loss: 85.118
[GPU6] epochs: [148/350] train_loss_con: 5.775 energy_loss: 84.949
[GPU6] epochs: [149/350] train_loss_con: 5.772 energy_loss: 84.739
[GPU6] epochs: [150/350] train_loss_con: 5.774 energy_loss: 84.646
[GPU6] epochs: [151/350] train_loss_con: 5.772 energy_loss: 84.386
[GPU6] epochs: [152/350] train_loss_con: 5.771 energy_loss: 84.147
[GPU6] epochs: [153/350] train_loss_con: 5.772 energy_loss: 84.077
[GPU6] epochs: [154/350] train_loss_con: 5.769 energy_loss: 83.898
[GPU6] epochs: [155/350] train_loss_con: 5.768 energy_loss: 83.889
[GPU6] epochs: [156/350] train_loss_con: 5.768 energy_loss: 83.296
[GPU6] epochs: [157/350] train_loss_con: 5.770 energy_loss: 83.171
[GPU6] epochs: [158/350] train_loss_con: 5.770 energy_loss: 82.962
[GPU6] epochs: [159/350] train_loss_con: 5.768 energy_loss: 82.791
[GPU6] epochs: [160/350] train_loss_con: 5.767 energy_loss: 82.302
[GPU6] epochs: [161/350] train_loss_con: 5.770 energy_loss: 82.398
[GPU6] epochs: [162/350] train_loss_con: 5.768 energy_loss: 82.462
[GPU6] epochs: [163/350] train_loss_con: 5.766 energy_loss: 82.175
[GPU6] epochs: [164/350] train_loss_con: 5.766 energy_loss: 81.999
[GPU6] epochs: [165/350] train_loss_con: 5.765 energy_loss: 81.670
[GPU6] epochs: [166/350] train_loss_con: 5.763 energy_loss: 81.496
[GPU6] epochs: [167/350] train_loss_con: 5.765 energy_loss: 81.217
[GPU6] epochs: [168/350] train_loss_con: 5.765 energy_loss: 81.202
[GPU6] epochs: [169/350] train_loss_con: 5.763 energy_loss: 81.113
[GPU6] epochs: [170/350] train_loss_con: 5.764 energy_loss: 80.982
[GPU6] epochs: [171/350] train_loss_con: 5.763 energy_loss: 80.591
[GPU6] epochs: [172/350] train_loss_con: 5.764 energy_loss: 80.806
[GPU6] epochs: [173/350] train_loss_con: 5.764 energy_loss: 80.558
[GPU6] epochs: [174/350] train_loss_con: 5.764 energy_loss: 80.232
[GPU6] epochs: [175/350] train_loss_con: 5.762 energy_loss: 80.160
[GPU6] epochs: [176/350] train_loss_con: 5.762 energy_loss: 79.727
[GPU6] epochs: [177/350] train_loss_con: 5.759 energy_loss: 79.731
[GPU6] epochs: [178/350] train_loss_con: 5.759 energy_loss: 79.650
[GPU6] epochs: [179/350] train_loss_con: 5.760 energy_loss: 79.011
[GPU6] epochs: [180/350] train_loss_con: 5.760 energy_loss: 79.046
[GPU6] epochs: [181/350] train_loss_con: 5.757 energy_loss: 78.969
[GPU6] epochs: [182/350] train_loss_con: 5.757 energy_loss: 78.448
[GPU6] epochs: [183/350] train_loss_con: 5.758 energy_loss: 78.384
[GPU6] epochs: [184/350] train_loss_con: 5.761 energy_loss: 78.511
[GPU6] epochs: [185/350] train_loss_con: 5.759 energy_loss: 78.525
[GPU6] epochs: [186/350] train_loss_con: 5.759 energy_loss: 78.494
[GPU6] epochs: [187/350] train_loss_con: 5.758 energy_loss: 77.971
[GPU6] epochs: [188/350] train_loss_con: 5.759 energy_loss: 77.632
[GPU6] epochs: [189/350] train_loss_con: 5.754 energy_loss: 77.293
[GPU6] epochs: [190/350] train_loss_con: 5.754 energy_loss: 77.158
[GPU6] epochs: [191/350] train_loss_con: 5.755 energy_loss: 77.303
[GPU6] epochs: [192/350] train_loss_con: 5.755 energy_loss: 77.048
[GPU6] epochs: [193/350] train_loss_con: 5.756 energy_loss: 76.604
[GPU6] epochs: [194/350] train_loss_con: 5.751 energy_loss: 76.583
[GPU6] epochs: [195/350] train_loss_con: 5.756 energy_loss: 76.411
[GPU6] epochs: [196/350] train_loss_con: 5.753 energy_loss: 76.211
[GPU6] epochs: [197/350] train_loss_con: 5.751 energy_loss: 76.019
[GPU6] epochs: [198/350] train_loss_con: 5.753 energy_loss: 75.418
[GPU6] epochs: [199/350] train_loss_con: 5.751 energy_loss: 75.485
[GPU6] epochs: [200/350] train_loss_con: 5.750 energy_loss: 75.407
[GPU6] epochs: [201/350] train_loss_con: 5.753 energy_loss: 75.247
[GPU6] epochs: [202/350] train_loss_con: 5.750 energy_loss: 75.364
[GPU6] epochs: [203/350] train_loss_con: 5.747 energy_loss: 75.018
[GPU6] epochs: [204/350] train_loss_con: 5.749 energy_loss: 74.872
[GPU6] epochs: [205/350] train_loss_con: 5.749 energy_loss: 74.703
[GPU6] epochs: [206/350] train_loss_con: 5.747 energy_loss: 74.339
[GPU6] epochs: [207/350] train_loss_con: 5.749 energy_loss: 74.473
[GPU6] epochs: [208/350] train_loss_con: 5.747 energy_loss: 74.237
[GPU6] epochs: [209/350] train_loss_con: 5.749 energy_loss: 73.763
[GPU6] epochs: [210/350] train_loss_con: 5.746 energy_loss: 73.728
[GPU6] epochs: [211/350] train_loss_con: 5.748 energy_loss: 73.485
[GPU6] epochs: [212/350] train_loss_con: 5.746 energy_loss: 73.224
[GPU6] epochs: [213/350] train_loss_con: 5.746 energy_loss: 73.126
[GPU6] epochs: [214/350] train_loss_con: 5.746 energy_loss: 72.888
[GPU6] epochs: [215/350] train_loss_con: 5.743 energy_loss: 72.689
[GPU6] epochs: [216/350] train_loss_con: 5.746 energy_loss: 72.801
[GPU6] epochs: [217/350] train_loss_con: 5.744 energy_loss: 72.422
[GPU6] epochs: [218/350] train_loss_con: 5.746 energy_loss: 72.551
[GPU6] epochs: [219/350] train_loss_con: 5.745 energy_loss: 72.303
[GPU6] epochs: [220/350] train_loss_con: 5.744 energy_loss: 72.253
[GPU6] epochs: [221/350] train_loss_con: 5.743 energy_loss: 71.964
[GPU6] epochs: [222/350] train_loss_con: 5.741 energy_loss: 72.064
[GPU6] epochs: [223/350] train_loss_con: 5.741 energy_loss: 71.664
[GPU6] epochs: [224/350] train_loss_con: 5.744 energy_loss: 71.464
[GPU6] epochs: [225/350] train_loss_con: 5.742 energy_loss: 71.277
[GPU6] epochs: [226/350] train_loss_con: 5.742 energy_loss: 71.089
[GPU6] epochs: [227/350] train_loss_con: 5.740 energy_loss: 71.113
[GPU6] epochs: [228/350] train_loss_con: 5.740 energy_loss: 70.886
[GPU6] epochs: [229/350] train_loss_con: 5.740 energy_loss: 70.720
[GPU6] epochs: [230/350] train_loss_con: 5.742 energy_loss: 70.694
[GPU6] epochs: [231/350] train_loss_con: 5.736 energy_loss: 70.265
[GPU6] epochs: [232/350] train_loss_con: 5.741 energy_loss: 70.347
[GPU6] epochs: [233/350] train_loss_con: 5.741 energy_loss: 70.418
[GPU6] epochs: [234/350] train_loss_con: 5.739 energy_loss: 70.143
[GPU6] epochs: [235/350] train_loss_con: 5.739 energy_loss: 70.052
[GPU6] epochs: [236/350] train_loss_con: 5.740 energy_loss: 69.589
[GPU6] epochs: [237/350] train_loss_con: 5.737 energy_loss: 69.491
[GPU6] epochs: [238/350] train_loss_con: 5.737 energy_loss: 69.490
[GPU6] epochs: [239/350] train_loss_con: 5.736 energy_loss: 69.206
[GPU6] epochs: [240/350] train_loss_con: 5.736 energy_loss: 68.946
[GPU6] epochs: [241/350] train_loss_con: 5.734 energy_loss: 68.825
[GPU6] epochs: [242/350] train_loss_con: 5.734 energy_loss: 68.745
[GPU6] epochs: [243/350] train_loss_con: 5.738 energy_loss: 68.839
[GPU6] epochs: [244/350] train_loss_con: 5.734 energy_loss: 68.719
[GPU6] epochs: [245/350] train_loss_con: 5.734 energy_loss: 68.641
[GPU6] epochs: [246/350] train_loss_con: 5.733 energy_loss: 68.447
[GPU6] epochs: [247/350] train_loss_con: 5.732 energy_loss: 68.275
[GPU6] epochs: [248/350] train_loss_con: 5.735 energy_loss: 68.053
[GPU6] epochs: [249/350] train_loss_con: 5.734 energy_loss: 67.826
[GPU6] epochs: [250/350] train_loss_con: 5.735 energy_loss: 67.932
[GPU6] epochs: [251/350] train_loss_con: 5.733 energy_loss: 67.736
[GPU6] epochs: [252/350] train_loss_con: 5.732 energy_loss: 67.624
[GPU6] epochs: [253/350] train_loss_con: 5.733 energy_loss: 67.626
[GPU6] epochs: [254/350] train_loss_con: 5.733 energy_loss: 67.624
[GPU6] epochs: [255/350] train_loss_con: 5.733 energy_loss: 67.271
[GPU6] epochs: [256/350] train_loss_con: 5.734 energy_loss: 67.236
[GPU6] epochs: [257/350] train_loss_con: 5.732 energy_loss: 67.092
[GPU6] epochs: [258/350] train_loss_con: 5.733 energy_loss: 66.964
[GPU6] epochs: [259/350] train_loss_con: 5.730 energy_loss: 66.795
[GPU6] epochs: [260/350] train_loss_con: 5.730 energy_loss: 66.443
[GPU6] epochs: [261/350] train_loss_con: 5.732 energy_loss: 66.510
[GPU6] epochs: [262/350] train_loss_con: 5.733 energy_loss: 66.152
[GPU6] epochs: [263/350] train_loss_con: 5.728 energy_loss: 66.055
[GPU6] epochs: [264/350] train_loss_con: 5.729 energy_loss: 65.778
[GPU6] epochs: [265/350] train_loss_con: 5.728 energy_loss: 65.986
[GPU6] epochs: [266/350] train_loss_con: 5.731 energy_loss: 65.849
[GPU6] epochs: [267/350] train_loss_con: 5.729 energy_loss: 65.685
[GPU6] epochs: [268/350] train_loss_con: 5.727 energy_loss: 65.397
[GPU6] epochs: [269/350] train_loss_con: 5.726 energy_loss: 65.595
[GPU6] epochs: [270/350] train_loss_con: 5.728 energy_loss: 65.072
[GPU6] epochs: [271/350] train_loss_con: 5.726 energy_loss: 64.945
[GPU6] epochs: [272/350] train_loss_con: 5.726 energy_loss: 64.883
[GPU6] epochs: [273/350] train_loss_con: 5.728 energy_loss: 64.728
[GPU6] epochs: [274/350] train_loss_con: 5.722 energy_loss: 64.502
[GPU6] epochs: [275/350] train_loss_con: 5.725 energy_loss: 64.422
[GPU6] epochs: [276/350] train_loss_con: 5.724 energy_loss: 64.463
[GPU6] epochs: [277/350] train_loss_con: 5.725 energy_loss: 64.438
[GPU6] epochs: [278/350] train_loss_con: 5.726 energy_loss: 64.479
[GPU6] epochs: [279/350] train_loss_con: 5.722 energy_loss: 64.353
[GPU6] epochs: [280/350] train_loss_con: 5.722 energy_loss: 64.051
[GPU6] epochs: [281/350] train_loss_con: 5.725 energy_loss: 63.937
[GPU6] epochs: [282/350] train_loss_con: 5.725 energy_loss: 63.748
[GPU6] epochs: [283/350] train_loss_con: 5.722 energy_loss: 63.683
[GPU6] epochs: [284/350] train_loss_con: 5.723 energy_loss: 63.689
[GPU6] epochs: [285/350] train_loss_con: 5.725 energy_loss: 63.637
[GPU6] epochs: [286/350] train_loss_con: 5.723 energy_loss: 63.412
[GPU6] epochs: [287/350] train_loss_con: 5.721 energy_loss: 63.391
[GPU6] epochs: [288/350] train_loss_con: 5.719 energy_loss: 63.082
[GPU6] epochs: [289/350] train_loss_con: 5.720 energy_loss: 62.987
[GPU6] epochs: [290/350] train_loss_con: 5.723 energy_loss: 62.949
[GPU6] epochs: [291/350] train_loss_con: 5.720 energy_loss: 62.821
[GPU6] epochs: [292/350] train_loss_con: 5.718 energy_loss: 62.834
[GPU6] epochs: [293/350] train_loss_con: 5.723 energy_loss: 62.554
[GPU6] epochs: [294/350] train_loss_con: 5.721 energy_loss: 62.669
[GPU6] epochs: [295/350] train_loss_con: 5.721 energy_loss: 62.503
[GPU6] epochs: [296/350] train_loss_con: 5.722 energy_loss: 62.434
[GPU6] epochs: [297/350] train_loss_con: 5.719 energy_loss: 62.324
[GPU6] epochs: [298/350] train_loss_con: 5.719 energy_loss: 62.375
[GPU6] epochs: [299/350] train_loss_con: 5.717 energy_loss: 62.015
[GPU6] epochs: [300/350] train_loss_con: 5.720 energy_loss: 62.093
[GPU6] epochs: [301/350] train_loss_con: 5.721 energy_loss: 61.891
[GPU6] epochs: [302/350] train_loss_con: 5.718 energy_loss: 61.752
[GPU6] epochs: [303/350] train_loss_con: 5.718 energy_loss: 61.961
[GPU6] epochs: [304/350] train_loss_con: 5.718 energy_loss: 61.681
[GPU6] epochs: [305/350] train_loss_con: 5.717 energy_loss: 61.672
[GPU6] epochs: [306/350] train_loss_con: 5.715 energy_loss: 61.681
[GPU6] epochs: [307/350] train_loss_con: 5.717 energy_loss: 61.402
[GPU6] epochs: [308/350] train_loss_con: 5.716 energy_loss: 61.288
[GPU6] epochs: [309/350] train_loss_con: 5.717 energy_loss: 61.245
[GPU6] epochs: [310/350] train_loss_con: 5.719 energy_loss: 61.146
[GPU6] epochs: [311/350] train_loss_con: 5.718 energy_loss: 61.070
[GPU6] epochs: [312/350] train_loss_con: 5.714 energy_loss: 60.805
[GPU6] epochs: [313/350] train_loss_con: 5.714 energy_loss: 60.688
[GPU6] epochs: [314/350] train_loss_con: 5.715 energy_loss: 60.661
[GPU6] epochs: [315/350] train_loss_con: 5.716 energy_loss: 60.589
[GPU6] epochs: [316/350] train_loss_con: 5.711 energy_loss: 60.435
[GPU6] epochs: [317/350] train_loss_con: 5.715 energy_loss: 60.471
[GPU6] epochs: [318/350] train_loss_con: 5.714 energy_loss: 60.484
[GPU6] epochs: [319/350] train_loss_con: 5.714 energy_loss: 60.213
[GPU6] epochs: [320/350] train_loss_con: 5.715 energy_loss: 60.282
[GPU6] epochs: [321/350] train_loss_con: 5.715 energy_loss: 60.289
[GPU6] epochs: [322/350] train_loss_con: 5.714 energy_loss: 59.990
[GPU6] epochs: [323/350] train_loss_con: 5.710 energy_loss: 59.776
[GPU6] epochs: [324/350] train_loss_con: 5.713 energy_loss: 59.856
[GPU6] epochs: [325/350] train_loss_con: 5.713 energy_loss: 59.732
[GPU6] epochs: [326/350] train_loss_con: 5.714 energy_loss: 59.698
[GPU6] epochs: [327/350] train_loss_con: 5.713 energy_loss: 59.633
[GPU6] epochs: [328/350] train_loss_con: 5.710 energy_loss: 59.500
[GPU6] epochs: [329/350] train_loss_con: 5.711 energy_loss: 59.478
[GPU6] epochs: [330/350] train_loss_con: 5.711 energy_loss: 59.306
[GPU6] epochs: [331/350] train_loss_con: 5.711 energy_loss: 59.115
[GPU6] epochs: [332/350] train_loss_con: 5.709 energy_loss: 58.987
[GPU6] epochs: [333/350] train_loss_con: 5.714 energy_loss: 58.912
[GPU6] epochs: [334/350] train_loss_con: 5.712 energy_loss: 58.798
[GPU6] epochs: [335/350] train_loss_con: 5.709 energy_loss: 58.900
[GPU6] epochs: [336/350] train_loss_con: 5.708 energy_loss: 58.596
[GPU6] epochs: [337/350] train_loss_con: 5.708 energy_loss: 58.642
[GPU6] epochs: [338/350] train_loss_con: 5.708 energy_loss: 58.478
[GPU6] epochs: [339/350] train_loss_con: 5.708 energy_loss: 58.250
[GPU6] epochs: [340/350] train_loss_con: 5.704 energy_loss: 58.282
[GPU6] epochs: [341/350] train_loss_con: 5.710 energy_loss: 58.194
[GPU6] epochs: [342/350] train_loss_con: 5.709 energy_loss: 58.286
[GPU6] epochs: [343/350] train_loss_con: 5.710 energy_loss: 58.142
[GPU6] epochs: [344/350] train_loss_con: 5.705 energy_loss: 57.952
[GPU6] epochs: [345/350] train_loss_con: 5.706 energy_loss: 58.015
[GPU6] epochs: [346/350] train_loss_con: 5.708 energy_loss: 57.870
[GPU6] epochs: [347/350] train_loss_con: 5.705 energy_loss: 57.947
[GPU6] epochs: [348/350] train_loss_con: 5.707 energy_loss: 57.947
[GPU6] epochs: [349/350] train_loss_con: 5.705 energy_loss: 57.683
[GPU6] epochs: [350/350] train_loss_con: 5.706 energy_loss: 57.605
### TSNE starts
### MLP training begins
[GPU6] Test Accuracy at epoch: 0: 0.268
[GPU6] epochs: [1/100] train_acc: 0.153 train_loss_sup: 4.383
[GPU6] epochs: [2/100] train_acc: 0.301 train_loss_sup: 3.489
[GPU6] epochs: [3/100] train_acc: 0.379 train_loss_sup: 2.718
[GPU6] epochs: [4/100] train_acc: 0.409 train_loss_sup: 2.386
[GPU6] epochs: [5/100] train_acc: 0.424 train_loss_sup: 2.230
[GPU6] epochs: [6/100] train_acc: 0.437 train_loss_sup: 2.136
[GPU6] epochs: [7/100] train_acc: 0.447 train_loss_sup: 2.072
[GPU6] epochs: [8/100] train_acc: 0.452 train_loss_sup: 2.037
[GPU6] epochs: [9/100] train_acc: 0.456 train_loss_sup: 1.999
[GPU6] epochs: [10/100] train_acc: 0.463 train_loss_sup: 1.972
[GPU6] Test Accuracy at epoch: 10: 0.489
[GPU6] epochs: [11/100] train_acc: 0.471 train_loss_sup: 1.951
[GPU6] epochs: [12/100] train_acc: 0.470 train_loss_sup: 1.937
[GPU6] epochs: [13/100] train_acc: 0.474 train_loss_sup: 1.926
[GPU6] epochs: [14/100] train_acc: 0.476 train_loss_sup: 1.912
[GPU6] epochs: [15/100] train_acc: 0.479 train_loss_sup: 1.900
[GPU6] epochs: [16/100] train_acc: 0.482 train_loss_sup: 1.883
[GPU6] epochs: [17/100] train_acc: 0.486 train_loss_sup: 1.874
[GPU6] epochs: [18/100] train_acc: 0.487 train_loss_sup: 1.863
[GPU6] epochs: [19/100] train_acc: 0.487 train_loss_sup: 1.860
[GPU6] epochs: [20/100] train_acc: 0.493 train_loss_sup: 1.851
[GPU6] Test Accuracy at epoch: 20: 0.516
[GPU6] epochs: [21/100] train_acc: 0.494 train_loss_sup: 1.837
[GPU6] epochs: [22/100] train_acc: 0.497 train_loss_sup: 1.828
[GPU6] epochs: [23/100] train_acc: 0.498 train_loss_sup: 1.826
[GPU6] epochs: [24/100] train_acc: 0.497 train_loss_sup: 1.822
[GPU6] epochs: [25/100] train_acc: 0.502 train_loss_sup: 1.811
[GPU6] epochs: [26/100] train_acc: 0.501 train_loss_sup: 1.802
[GPU6] epochs: [27/100] train_acc: 0.502 train_loss_sup: 1.808
[GPU6] epochs: [28/100] train_acc: 0.504 train_loss_sup: 1.797
[GPU6] epochs: [29/100] train_acc: 0.508 train_loss_sup: 1.789
[GPU6] epochs: [30/100] train_acc: 0.507 train_loss_sup: 1.795
[GPU6] Test Accuracy at epoch: 30: 0.526
[GPU6] epochs: [31/100] train_acc: 0.506 train_loss_sup: 1.791
[GPU6] epochs: [32/100] train_acc: 0.510 train_loss_sup: 1.774
[GPU6] epochs: [33/100] train_acc: 0.513 train_loss_sup: 1.771
[GPU6] epochs: [34/100] train_acc: 0.513 train_loss_sup: 1.767
[GPU6] epochs: [35/100] train_acc: 0.516 train_loss_sup: 1.761
[GPU6] epochs: [36/100] train_acc: 0.515 train_loss_sup: 1.766
[GPU6] epochs: [37/100] train_acc: 0.515 train_loss_sup: 1.757
[GPU6] epochs: [38/100] train_acc: 0.516 train_loss_sup: 1.756
[GPU6] epochs: [39/100] train_acc: 0.518 train_loss_sup: 1.747
[GPU6] epochs: [40/100] train_acc: 0.520 train_loss_sup: 1.739
[GPU6] Test Accuracy at epoch: 40: 0.534
[GPU6] epochs: [41/100] train_acc: 0.520 train_loss_sup: 1.739
[GPU6] epochs: [42/100] train_acc: 0.520 train_loss_sup: 1.733
[GPU6] epochs: [43/100] train_acc: 0.524 train_loss_sup: 1.729
[GPU6] epochs: [44/100] train_acc: 0.523 train_loss_sup: 1.729
[GPU6] epochs: [45/100] train_acc: 0.522 train_loss_sup: 1.732
[GPU6] epochs: [46/100] train_acc: 0.525 train_loss_sup: 1.723
[GPU6] epochs: [47/100] train_acc: 0.527 train_loss_sup: 1.715
[GPU6] epochs: [48/100] train_acc: 0.527 train_loss_sup: 1.703
[GPU6] epochs: [49/100] train_acc: 0.527 train_loss_sup: 1.714
[GPU6] epochs: [50/100] train_acc: 0.529 train_loss_sup: 1.707
[GPU6] Test Accuracy at epoch: 50: 0.544
[GPU6] epochs: [51/100] train_acc: 0.529 train_loss_sup: 1.711
[GPU6] epochs: [52/100] train_acc: 0.529 train_loss_sup: 1.706
[GPU6] epochs: [53/100] train_acc: 0.534 train_loss_sup: 1.695
[GPU6] epochs: [54/100] train_acc: 0.534 train_loss_sup: 1.696
[GPU6] epochs: [55/100] train_acc: 0.534 train_loss_sup: 1.690
[GPU6] epochs: [56/100] train_acc: 0.531 train_loss_sup: 1.695
[GPU6] epochs: [57/100] train_acc: 0.532 train_loss_sup: 1.691
[GPU6] epochs: [58/100] train_acc: 0.533 train_loss_sup: 1.686
[GPU6] epochs: [59/100] train_acc: 0.535 train_loss_sup: 1.680
[GPU6] epochs: [60/100] train_acc: 0.538 train_loss_sup: 1.676
[GPU6] Test Accuracy at epoch: 60: 0.547
[GPU6] epochs: [61/100] train_acc: 0.537 train_loss_sup: 1.677
[GPU6] epochs: [62/100] train_acc: 0.536 train_loss_sup: 1.677
[GPU6] epochs: [63/100] train_acc: 0.538 train_loss_sup: 1.669
[GPU6] epochs: [64/100] train_acc: 0.538 train_loss_sup: 1.675
[GPU6] epochs: [65/100] train_acc: 0.541 train_loss_sup: 1.666
[GPU6] epochs: [66/100] train_acc: 0.542 train_loss_sup: 1.657
[GPU6] epochs: [67/100] train_acc: 0.542 train_loss_sup: 1.663
[GPU6] epochs: [68/100] train_acc: 0.544 train_loss_sup: 1.651
[GPU6] epochs: [69/100] train_acc: 0.540 train_loss_sup: 1.657
[GPU6] epochs: [70/100] train_acc: 0.544 train_loss_sup: 1.654
[GPU6] Test Accuracy at epoch: 70: 0.553
[GPU6] epochs: [71/100] train_acc: 0.545 train_loss_sup: 1.652
[GPU6] epochs: [72/100] train_acc: 0.542 train_loss_sup: 1.657
[GPU6] epochs: [73/100] train_acc: 0.544 train_loss_sup: 1.645
[GPU6] epochs: [74/100] train_acc: 0.544 train_loss_sup: 1.647
[GPU6] epochs: [75/100] train_acc: 0.545 train_loss_sup: 1.639
[GPU6] epochs: [76/100] train_acc: 0.549 train_loss_sup: 1.637
[GPU6] epochs: [77/100] train_acc: 0.549 train_loss_sup: 1.633
[GPU6] epochs: [78/100] train_acc: 0.547 train_loss_sup: 1.635
[GPU6] epochs: [79/100] train_acc: 0.550 train_loss_sup: 1.632
[GPU6] epochs: [80/100] train_acc: 0.548 train_loss_sup: 1.636
[GPU6] Test Accuracy at epoch: 80: 0.555
[GPU6] epochs: [81/100] train_acc: 0.551 train_loss_sup: 1.626
[GPU6] epochs: [82/100] train_acc: 0.549 train_loss_sup: 1.634
[GPU6] epochs: [83/100] train_acc: 0.551 train_loss_sup: 1.623
[GPU6] epochs: [84/100] train_acc: 0.550 train_loss_sup: 1.625
[GPU6] epochs: [85/100] train_acc: 0.553 train_loss_sup: 1.615
[GPU6] epochs: [86/100] train_acc: 0.552 train_loss_sup: 1.618
[GPU6] epochs: [87/100] train_acc: 0.556 train_loss_sup: 1.611
[GPU6] epochs: [88/100] train_acc: 0.553 train_loss_sup: 1.607
[GPU6] epochs: [89/100] train_acc: 0.552 train_loss_sup: 1.616
[GPU6] epochs: [90/100] train_acc: 0.552 train_loss_sup: 1.611
[GPU6] Test Accuracy at epoch: 90: 0.56
[GPU6] epochs: [91/100] train_acc: 0.552 train_loss_sup: 1.614
[GPU6] epochs: [92/100] train_acc: 0.555 train_loss_sup: 1.609
[GPU6] epochs: [93/100] train_acc: 0.555 train_loss_sup: 1.605
[GPU6] epochs: [94/100] train_acc: 0.556 train_loss_sup: 1.604
[GPU6] epochs: [95/100] train_acc: 0.556 train_loss_sup: 1.604
[GPU6] epochs: [96/100] train_acc: 0.557 train_loss_sup: 1.599
[GPU6] epochs: [97/100] train_acc: 0.557 train_loss_sup: 1.598
[GPU6] epochs: [98/100] train_acc: 0.558 train_loss_sup: 1.592
[GPU6] epochs: [99/100] train_acc: 0.559 train_loss_sup: 1.591
[GPU6] epochs: [100/100] train_acc: 0.559 train_loss_sup: 1.590
[GPU6] Final Test Accuracy: 0.567
Model weights saved
