environment: 
YAML: configs/scalre.c100.yaml
==> SEED: 42
==> num_classes: 100
==> data_name: cifar100
==> data_params: {'algo': 'scalre', 'data_dir': 'datasets/cifar100', 'batch_size': 512, 'num_workers': 3, 'image_size': 32}
==> return_logs: False
==> eval_every: 10
==> n_epochs: 350
==> n_epochs_mlp: 100
==> gpu_id: 3
==> opt: SGD
==> opt_params: {'lr': 0.5, 'momentum': 0.9, 'nesterov': True}
==> schedular_params: {'T_max': 600, 'eta_min': 0.001}
==> mlp_opt: SGD
==> mlp_opt_params: {'lr': 0.01, 'momentum': 0.9, 'nesterov': True}
==> model_params: {'model_name': 'resnet50', 'pretrained': False, 'proj_dim': 128, 'algo_type': 'scalre'}
==> energy_model_params: {'eta': 0.01, 'steps': 10, 'sigma': 0.2, 'delta': 0.1, 'net_type': 'energy'}
==> energy_opt: AdamW
==> energy_model_opt_params: {'lr': 0.001}
==> mlp_type: hidden
==> loss: scalre
==> loss_params: {'sim': 'cosine', 'tau': 0.5}
==> distributed: False
==> train_algo: scalre
==> model_save_path: saved_models/scalre.c100.r50.ls.pth
==> config: configs/scalre.c100.yaml
--------------------------------------------------
===> using hiddin mlp
using optimizer: SGD
using optimizer: SGD
loss function: scalre
Files already downloaded and verified
Files already downloaded and verified
Files already downloaded and verified
# of Training Images: 50000
# of Testing Images: 10000
using optimizer: AdamW
### ScAlRe Training begins
[GPU3] epochs: [1/350] train_loss_con: 7.048 energy_loss: 1023.945
[GPU3] epochs: [2/350] train_loss_con: 6.647 energy_loss: 1023.969
[GPU3] epochs: [3/350] train_loss_con: 6.507 energy_loss: 1023.652
[GPU3] epochs: [4/350] train_loss_con: 6.360 energy_loss: 1023.811
[GPU3] epochs: [5/350] train_loss_con: 6.260 energy_loss: 1023.844
[GPU3] epochs: [6/350] train_loss_con: 6.200 energy_loss: 1024.073
[GPU3] epochs: [7/350] train_loss_con: 6.160 energy_loss: 1023.958
[GPU3] epochs: [8/350] train_loss_con: 6.129 energy_loss: 1023.916
[GPU3] epochs: [9/350] train_loss_con: 6.108 energy_loss: 1023.929
[GPU3] epochs: [10/350] train_loss_con: 6.086 energy_loss: 1024.061
[GPU3] epochs: [11/350] train_loss_con: 6.062 energy_loss: 1024.084
[GPU3] epochs: [12/350] train_loss_con: 6.040 energy_loss: 1024.027
[GPU3] epochs: [13/350] train_loss_con: 6.029 energy_loss: 1024.044
[GPU3] epochs: [14/350] train_loss_con: 6.017 energy_loss: 1023.730
[GPU3] epochs: [15/350] train_loss_con: 6.002 energy_loss: 1023.829
[GPU3] epochs: [16/350] train_loss_con: 5.990 energy_loss: 1024.057
[GPU3] epochs: [17/350] train_loss_con: 5.982 energy_loss: 1023.986
[GPU3] epochs: [18/350] train_loss_con: 5.974 energy_loss: 1023.817
[GPU3] epochs: [19/350] train_loss_con: 5.968 energy_loss: 1023.805
[GPU3] epochs: [20/350] train_loss_con: 5.960 energy_loss: 1023.736
[GPU3] epochs: [21/350] train_loss_con: 5.956 energy_loss: 1023.414
[GPU3] epochs: [22/350] train_loss_con: 5.950 energy_loss: 1023.755
[GPU3] epochs: [23/350] train_loss_con: 5.943 energy_loss: 1023.537
[GPU3] epochs: [24/350] train_loss_con: 5.940 energy_loss: 1023.512
[GPU3] epochs: [25/350] train_loss_con: 5.935 energy_loss: 1023.744
[GPU3] epochs: [26/350] train_loss_con: 5.932 energy_loss: 1023.398
[GPU3] epochs: [27/350] train_loss_con: 5.927 energy_loss: 1023.195
[GPU3] epochs: [28/350] train_loss_con: 5.922 energy_loss: 1023.141
[GPU3] epochs: [29/350] train_loss_con: 5.921 energy_loss: 1023.208
[GPU3] epochs: [30/350] train_loss_con: 5.918 energy_loss: 1023.490
[GPU3] epochs: [31/350] train_loss_con: 5.915 energy_loss: 1023.130
[GPU3] epochs: [32/350] train_loss_con: 5.912 energy_loss: 1022.347
[GPU3] epochs: [33/350] train_loss_con: 5.908 energy_loss: 1023.571
[GPU3] epochs: [34/350] train_loss_con: 5.903 energy_loss: 1022.290
[GPU3] epochs: [35/350] train_loss_con: 5.905 energy_loss: 1022.915
[GPU3] epochs: [36/350] train_loss_con: 5.895 energy_loss: 1020.942
[GPU3] epochs: [37/350] train_loss_con: 5.897 energy_loss: 1019.929
[GPU3] epochs: [38/350] train_loss_con: 5.895 energy_loss: 1022.646
[GPU3] epochs: [39/350] train_loss_con: 5.891 energy_loss: 1023.627
[GPU3] epochs: [40/350] train_loss_con: 5.891 energy_loss: 1023.911
[GPU3] epochs: [41/350] train_loss_con: 5.889 energy_loss: 1023.936
[GPU3] epochs: [42/350] train_loss_con: 5.887 energy_loss: 1023.526
[GPU3] epochs: [43/350] train_loss_con: 5.881 energy_loss: 1020.242
[GPU3] epochs: [44/350] train_loss_con: 5.882 energy_loss: 1020.784
[GPU3] epochs: [45/350] train_loss_con: 5.876 energy_loss: 1019.413
[GPU3] epochs: [46/350] train_loss_con: 5.879 energy_loss: 1020.481
[GPU3] epochs: [47/350] train_loss_con: 5.876 energy_loss: 1023.748
[GPU3] epochs: [48/350] train_loss_con: 5.873 energy_loss: 1022.256
[GPU3] epochs: [49/350] train_loss_con: 5.874 energy_loss: 1022.945
[GPU3] epochs: [50/350] train_loss_con: 5.873 energy_loss: 1018.104
[GPU3] epochs: [51/350] train_loss_con: 5.871 energy_loss: 1021.348
[GPU3] epochs: [52/350] train_loss_con: 5.866 energy_loss: 1023.667
[GPU3] epochs: [53/350] train_loss_con: 5.865 energy_loss: 1023.399
[GPU3] epochs: [54/350] train_loss_con: 5.863 energy_loss: 1019.797
[GPU3] epochs: [55/350] train_loss_con: 5.860 energy_loss: 1019.974
[GPU3] epochs: [56/350] train_loss_con: 5.857 energy_loss: 1018.004
[GPU3] epochs: [57/350] train_loss_con: 5.860 energy_loss: 1018.553
[GPU3] epochs: [58/350] train_loss_con: 5.858 energy_loss: 1016.499
[GPU3] epochs: [59/350] train_loss_con: 5.854 energy_loss: 1010.999
[GPU3] epochs: [60/350] train_loss_con: 5.855 energy_loss: 1005.757
[GPU3] epochs: [61/350] train_loss_con: 5.852 energy_loss: 1005.290
[GPU3] epochs: [62/350] train_loss_con: 5.851 energy_loss: 1020.163
[GPU3] epochs: [63/350] train_loss_con: 5.847 energy_loss: 1004.022
[GPU3] epochs: [64/350] train_loss_con: 5.849 energy_loss: 992.751
[GPU3] epochs: [65/350] train_loss_con: 5.844 energy_loss: 990.386
[GPU3] epochs: [66/350] train_loss_con: 5.845 energy_loss: 985.745
[GPU3] epochs: [67/350] train_loss_con: 5.847 energy_loss: 1024.106
[GPU3] epochs: [68/350] train_loss_con: 5.842 energy_loss: 1023.896
[GPU3] epochs: [69/350] train_loss_con: 5.845 energy_loss: 1023.685
[GPU3] epochs: [70/350] train_loss_con: 5.841 energy_loss: 1023.641
[GPU3] epochs: [71/350] train_loss_con: 5.838 energy_loss: 1021.562
[GPU3] epochs: [72/350] train_loss_con: 5.838 energy_loss: 993.131
[GPU3] epochs: [73/350] train_loss_con: 5.838 energy_loss: 990.522
[GPU3] epochs: [74/350] train_loss_con: 5.830 energy_loss: 971.983
[GPU3] epochs: [75/350] train_loss_con: 5.833 energy_loss: 997.160
[GPU3] epochs: [76/350] train_loss_con: 5.834 energy_loss: 1024.015
[GPU3] epochs: [77/350] train_loss_con: 5.833 energy_loss: 1024.100
[GPU3] epochs: [78/350] train_loss_con: 5.837 energy_loss: 1023.880
[GPU3] epochs: [79/350] train_loss_con: 5.833 energy_loss: 1023.871
[GPU3] epochs: [80/350] train_loss_con: 5.829 energy_loss: 1023.998
[GPU3] epochs: [81/350] train_loss_con: 5.830 energy_loss: 1024.022
[GPU3] epochs: [82/350] train_loss_con: 5.827 energy_loss: 1023.859
[GPU3] epochs: [83/350] train_loss_con: 5.827 energy_loss: 1023.833
[GPU3] epochs: [84/350] train_loss_con: 5.824 energy_loss: 1023.865
[GPU3] epochs: [85/350] train_loss_con: 5.824 energy_loss: 1023.697
[GPU3] epochs: [86/350] train_loss_con: 5.825 energy_loss: 1023.647
[GPU3] epochs: [87/350] train_loss_con: 5.823 energy_loss: 1023.261
[GPU3] epochs: [88/350] train_loss_con: 5.824 energy_loss: 1023.019
[GPU3] epochs: [89/350] train_loss_con: 5.821 energy_loss: 1022.506
[GPU3] epochs: [90/350] train_loss_con: 5.823 energy_loss: 1004.565
[GPU3] epochs: [91/350] train_loss_con: 5.819 energy_loss: 1000.007
[GPU3] epochs: [92/350] train_loss_con: 5.819 energy_loss: 1022.829
[GPU3] epochs: [93/350] train_loss_con: 5.817 energy_loss: 1007.803
[GPU3] epochs: [94/350] train_loss_con: 5.813 energy_loss: 991.083
[GPU3] epochs: [95/350] train_loss_con: 5.812 energy_loss: 997.555
[GPU3] epochs: [96/350] train_loss_con: 5.816 energy_loss: 1023.809
[GPU3] epochs: [97/350] train_loss_con: 5.817 energy_loss: 1023.935
[GPU3] epochs: [98/350] train_loss_con: 5.813 energy_loss: 1023.900
[GPU3] epochs: [99/350] train_loss_con: 5.813 energy_loss: 1023.728
[GPU3] epochs: [100/350] train_loss_con: 5.814 energy_loss: 1023.250
[GPU3] epochs: [101/350] train_loss_con: 5.806 energy_loss: 1022.542
[GPU3] epochs: [102/350] train_loss_con: 5.807 energy_loss: 1014.946
[GPU3] epochs: [103/350] train_loss_con: 5.810 energy_loss: 1020.231
[GPU3] epochs: [104/350] train_loss_con: 5.808 energy_loss: 1023.862
[GPU3] epochs: [105/350] train_loss_con: 5.810 energy_loss: 1023.466
[GPU3] epochs: [106/350] train_loss_con: 5.806 energy_loss: 1022.856
[GPU3] epochs: [107/350] train_loss_con: 5.805 energy_loss: 1022.133
[GPU3] epochs: [108/350] train_loss_con: 5.801 energy_loss: 997.400
[GPU3] epochs: [109/350] train_loss_con: 5.802 energy_loss: 986.179
[GPU3] epochs: [110/350] train_loss_con: 5.801 energy_loss: 983.104
[GPU3] epochs: [111/350] train_loss_con: 5.804 energy_loss: 1014.685
[GPU3] epochs: [112/350] train_loss_con: 5.804 energy_loss: 1024.092
[GPU3] epochs: [113/350] train_loss_con: 5.804 energy_loss: 1024.054
[GPU3] epochs: [114/350] train_loss_con: 5.800 energy_loss: 1023.656
[GPU3] epochs: [115/350] train_loss_con: 5.800 energy_loss: 1023.866
[GPU3] epochs: [116/350] train_loss_con: 5.800 energy_loss: 1023.607
[GPU3] epochs: [117/350] train_loss_con: 5.799 energy_loss: 1022.963
[GPU3] epochs: [118/350] train_loss_con: 5.796 energy_loss: 1010.641
[GPU3] epochs: [119/350] train_loss_con: 5.794 energy_loss: 976.644
[GPU3] epochs: [120/350] train_loss_con: 5.796 energy_loss: 1023.987
[GPU3] epochs: [121/350] train_loss_con: 5.794 energy_loss: 1023.952
[GPU3] epochs: [122/350] train_loss_con: 5.794 energy_loss: 1023.960
[GPU3] epochs: [123/350] train_loss_con: 5.792 energy_loss: 1023.625
[GPU3] epochs: [124/350] train_loss_con: 5.793 energy_loss: 1023.928
[GPU3] epochs: [125/350] train_loss_con: 5.792 energy_loss: 1024.074
[GPU3] epochs: [126/350] train_loss_con: 5.792 energy_loss: 1023.978
[GPU3] epochs: [127/350] train_loss_con: 5.794 energy_loss: 1023.931
[GPU3] epochs: [128/350] train_loss_con: 5.790 energy_loss: 1023.781
[GPU3] epochs: [129/350] train_loss_con: 5.788 energy_loss: 1024.059
[GPU3] epochs: [130/350] train_loss_con: 5.790 energy_loss: 1024.049
[GPU3] epochs: [131/350] train_loss_con: 5.790 energy_loss: 1024.030
[GPU3] epochs: [132/350] train_loss_con: 5.791 energy_loss: 1023.817
[GPU3] epochs: [133/350] train_loss_con: 5.790 energy_loss: 1023.882
[GPU3] epochs: [134/350] train_loss_con: 5.788 energy_loss: 1023.795
[GPU3] epochs: [135/350] train_loss_con: 5.787 energy_loss: 1023.624
[GPU3] epochs: [136/350] train_loss_con: 5.785 energy_loss: 1023.517
[GPU3] epochs: [137/350] train_loss_con: 5.786 energy_loss: 1023.047
[GPU3] epochs: [138/350] train_loss_con: 5.783 energy_loss: 1022.366
[GPU3] epochs: [139/350] train_loss_con: 5.783 energy_loss: 1016.197
[GPU3] epochs: [140/350] train_loss_con: 5.786 energy_loss: 1023.985
[GPU3] epochs: [141/350] train_loss_con: 5.785 energy_loss: 1023.909
[GPU3] epochs: [142/350] train_loss_con: 5.783 energy_loss: 1023.469
[GPU3] epochs: [143/350] train_loss_con: 5.783 energy_loss: 1023.204
[GPU3] epochs: [144/350] train_loss_con: 5.783 energy_loss: 1019.726
[GPU3] epochs: [145/350] train_loss_con: 5.784 energy_loss: 1024.182
[GPU3] epochs: [146/350] train_loss_con: 5.780 energy_loss: 1023.964
[GPU3] epochs: [147/350] train_loss_con: 5.779 energy_loss: 1024.117
[GPU3] epochs: [148/350] train_loss_con: 5.779 energy_loss: 1023.969
[GPU3] epochs: [149/350] train_loss_con: 5.777 energy_loss: 1024.022
[GPU3] epochs: [150/350] train_loss_con: 5.778 energy_loss: 1024.041
[GPU3] epochs: [151/350] train_loss_con: 5.777 energy_loss: 1023.975
[GPU3] epochs: [152/350] train_loss_con: 5.778 energy_loss: 1024.106
[GPU3] epochs: [153/350] train_loss_con: 5.773 energy_loss: 1023.956
[GPU3] epochs: [154/350] train_loss_con: 5.774 energy_loss: 1024.014
[GPU3] epochs: [155/350] train_loss_con: 5.775 energy_loss: 1023.781
[GPU3] epochs: [156/350] train_loss_con: 5.776 energy_loss: 1023.450
[GPU3] epochs: [157/350] train_loss_con: 5.773 energy_loss: 1023.012
[GPU3] epochs: [158/350] train_loss_con: 5.775 energy_loss: 1020.144
[GPU3] epochs: [159/350] train_loss_con: 5.772 energy_loss: 1023.971
[GPU3] epochs: [160/350] train_loss_con: 5.775 energy_loss: 1024.177
[GPU3] epochs: [161/350] train_loss_con: 5.772 energy_loss: 1024.063
[GPU3] epochs: [162/350] train_loss_con: 5.772 energy_loss: 1023.812
[GPU3] epochs: [163/350] train_loss_con: 5.769 energy_loss: 1024.068
[GPU3] epochs: [164/350] train_loss_con: 5.771 energy_loss: 1024.020
[GPU3] epochs: [165/350] train_loss_con: 5.771 energy_loss: 1024.154
[GPU3] epochs: [166/350] train_loss_con: 5.770 energy_loss: 1024.029
[GPU3] epochs: [167/350] train_loss_con: 5.769 energy_loss: 1024.062
[GPU3] epochs: [168/350] train_loss_con: 5.770 energy_loss: 1023.807
[GPU3] epochs: [169/350] train_loss_con: 5.767 energy_loss: 1023.913
[GPU3] epochs: [170/350] train_loss_con: 5.768 energy_loss: 1023.788
[GPU3] epochs: [171/350] train_loss_con: 5.768 energy_loss: 1024.113
[GPU3] epochs: [172/350] train_loss_con: 5.766 energy_loss: 1023.971
[GPU3] epochs: [173/350] train_loss_con: 5.765 energy_loss: 1023.805
[GPU3] epochs: [174/350] train_loss_con: 5.766 energy_loss: 1024.014
[GPU3] epochs: [175/350] train_loss_con: 5.766 energy_loss: 1024.082
[GPU3] epochs: [176/350] train_loss_con: 5.764 energy_loss: 1024.001
[GPU3] epochs: [177/350] train_loss_con: 5.764 energy_loss: 1023.939
[GPU3] epochs: [178/350] train_loss_con: 5.764 energy_loss: 1023.950
[GPU3] epochs: [179/350] train_loss_con: 5.763 energy_loss: 1023.678
[GPU3] epochs: [180/350] train_loss_con: 5.761 energy_loss: 1023.930
[GPU3] epochs: [181/350] train_loss_con: 5.764 energy_loss: 1023.893
[GPU3] epochs: [182/350] train_loss_con: 5.764 energy_loss: 1023.747
[GPU3] epochs: [183/350] train_loss_con: 5.760 energy_loss: 1023.559
[GPU3] epochs: [184/350] train_loss_con: 5.760 energy_loss: 1023.884
[GPU3] epochs: [185/350] train_loss_con: 5.758 energy_loss: 1023.787
[GPU3] epochs: [186/350] train_loss_con: 5.762 energy_loss: 1023.540
[GPU3] epochs: [187/350] train_loss_con: 5.759 energy_loss: 1023.722
[GPU3] epochs: [188/350] train_loss_con: 5.760 energy_loss: 1022.962
[GPU3] epochs: [189/350] train_loss_con: 5.758 energy_loss: 1018.717
[GPU3] epochs: [190/350] train_loss_con: 5.756 energy_loss: 1022.727
[GPU3] epochs: [191/350] train_loss_con: 5.756 energy_loss: 1020.990
[GPU3] epochs: [192/350] train_loss_con: 5.755 energy_loss: 1019.242
[GPU3] epochs: [193/350] train_loss_con: 5.755 energy_loss: 1013.772
[GPU3] epochs: [194/350] train_loss_con: 5.753 energy_loss: 1008.115
[GPU3] epochs: [195/350] train_loss_con: 5.754 energy_loss: 1008.855
[GPU3] epochs: [196/350] train_loss_con: 5.752 energy_loss: 1003.141
[GPU3] epochs: [197/350] train_loss_con: 5.752 energy_loss: 998.673
[GPU3] epochs: [198/350] train_loss_con: 5.753 energy_loss: 974.718
[GPU3] epochs: [199/350] train_loss_con: 5.748 energy_loss: 966.113
[GPU3] epochs: [200/350] train_loss_con: 5.752 energy_loss: 974.634
[GPU3] epochs: [201/350] train_loss_con: 5.754 energy_loss: 1023.980
[GPU3] epochs: [202/350] train_loss_con: 5.751 energy_loss: 1023.934
[GPU3] epochs: [203/350] train_loss_con: 5.753 energy_loss: 1023.985
[GPU3] epochs: [204/350] train_loss_con: 5.752 energy_loss: 1023.976
[GPU3] epochs: [205/350] train_loss_con: 5.752 energy_loss: 1024.055
[GPU3] epochs: [206/350] train_loss_con: 5.752 energy_loss: 1023.935
[GPU3] epochs: [207/350] train_loss_con: 5.750 energy_loss: 1024.120
[GPU3] epochs: [208/350] train_loss_con: 5.749 energy_loss: 1023.960
[GPU3] epochs: [209/350] train_loss_con: 5.751 energy_loss: 1023.967
[GPU3] epochs: [210/350] train_loss_con: 5.749 energy_loss: 1023.986
[GPU3] epochs: [211/350] train_loss_con: 5.749 energy_loss: 1024.083
[GPU3] epochs: [212/350] train_loss_con: 5.750 energy_loss: 1024.003
[GPU3] epochs: [213/350] train_loss_con: 5.749 energy_loss: 1023.995
[GPU3] epochs: [214/350] train_loss_con: 5.748 energy_loss: 1023.899
[GPU3] epochs: [215/350] train_loss_con: 5.748 energy_loss: 1023.840
[GPU3] epochs: [216/350] train_loss_con: 5.746 energy_loss: 1023.830
[GPU3] epochs: [217/350] train_loss_con: 5.747 energy_loss: 1023.867
[GPU3] epochs: [218/350] train_loss_con: 5.748 energy_loss: 1023.605
[GPU3] epochs: [219/350] train_loss_con: 5.744 energy_loss: 1023.869
[GPU3] epochs: [220/350] train_loss_con: 5.747 energy_loss: 1023.677
[GPU3] epochs: [221/350] train_loss_con: 5.745 energy_loss: 1023.707
[GPU3] epochs: [222/350] train_loss_con: 5.745 energy_loss: 1023.395
[GPU3] epochs: [223/350] train_loss_con: 5.745 energy_loss: 1023.355
[GPU3] epochs: [224/350] train_loss_con: 5.742 energy_loss: 1023.446
[GPU3] epochs: [225/350] train_loss_con: 5.744 energy_loss: 1023.389
[GPU3] epochs: [226/350] train_loss_con: 5.746 energy_loss: 1022.831
[GPU3] epochs: [227/350] train_loss_con: 5.740 energy_loss: 1013.680
[GPU3] epochs: [228/350] train_loss_con: 5.741 energy_loss: 996.856
[GPU3] epochs: [229/350] train_loss_con: 5.743 energy_loss: 1007.931
[GPU3] epochs: [230/350] train_loss_con: 5.739 energy_loss: 1001.916
[GPU3] epochs: [231/350] train_loss_con: 5.743 energy_loss: 1023.926
[GPU3] epochs: [232/350] train_loss_con: 5.742 energy_loss: 1023.513
[GPU3] epochs: [233/350] train_loss_con: 5.740 energy_loss: 1023.090
[GPU3] epochs: [234/350] train_loss_con: 5.739 energy_loss: 1001.981
[GPU3] epochs: [235/350] train_loss_con: 5.740 energy_loss: 1018.153
[GPU3] epochs: [236/350] train_loss_con: 5.740 energy_loss: 1023.952
[GPU3] epochs: [237/350] train_loss_con: 5.741 energy_loss: 1024.066
[GPU3] epochs: [238/350] train_loss_con: 5.738 energy_loss: 1023.951
[GPU3] epochs: [239/350] train_loss_con: 5.740 energy_loss: 1023.754
[GPU3] epochs: [240/350] train_loss_con: 5.738 energy_loss: 1023.532
[GPU3] epochs: [241/350] train_loss_con: 5.739 energy_loss: 1023.306
[GPU3] epochs: [242/350] train_loss_con: 5.738 energy_loss: 1023.309
[GPU3] epochs: [243/350] train_loss_con: 5.738 energy_loss: 1023.049
[GPU3] epochs: [244/350] train_loss_con: 5.738 energy_loss: 1022.529
[GPU3] epochs: [245/350] train_loss_con: 5.733 energy_loss: 1002.385
[GPU3] epochs: [246/350] train_loss_con: 5.730 energy_loss: 959.421
[GPU3] epochs: [247/350] train_loss_con: 5.731 energy_loss: 975.868
[GPU3] epochs: [248/350] train_loss_con: 5.731 energy_loss: 965.420
[GPU3] epochs: [249/350] train_loss_con: 5.735 energy_loss: 1023.911
[GPU3] epochs: [250/350] train_loss_con: 5.734 energy_loss: 1023.775
[GPU3] epochs: [251/350] train_loss_con: 5.735 energy_loss: 1023.557
[GPU3] epochs: [252/350] train_loss_con: 5.735 energy_loss: 1023.015
[GPU3] epochs: [253/350] train_loss_con: 5.735 energy_loss: 1021.357
[GPU3] epochs: [254/350] train_loss_con: 5.729 energy_loss: 942.785
[GPU3] epochs: [255/350] train_loss_con: 5.727 energy_loss: 976.946
[GPU3] epochs: [256/350] train_loss_con: 5.732 energy_loss: 1023.002
[GPU3] epochs: [257/350] train_loss_con: 5.729 energy_loss: 1022.116
[GPU3] epochs: [258/350] train_loss_con: 5.731 energy_loss: 1001.023
[GPU3] epochs: [259/350] train_loss_con: 5.727 energy_loss: 905.487
[GPU3] epochs: [260/350] train_loss_con: 5.728 energy_loss: 909.447
[GPU3] epochs: [261/350] train_loss_con: 5.726 energy_loss: 826.653
[GPU3] epochs: [262/350] train_loss_con: 5.725 energy_loss: 845.235
[GPU3] epochs: [263/350] train_loss_con: 5.725 energy_loss: 954.582
[GPU3] epochs: [264/350] train_loss_con: 5.723 energy_loss: 880.402
[GPU3] epochs: [265/350] train_loss_con: 5.727 energy_loss: 760.522
[GPU3] epochs: [266/350] train_loss_con: 5.724 energy_loss: 859.678
[GPU3] epochs: [267/350] train_loss_con: 5.726 energy_loss: 1023.856
[GPU3] epochs: [268/350] train_loss_con: 5.728 energy_loss: 1023.789
[GPU3] epochs: [269/350] train_loss_con: 5.727 energy_loss: 1023.142
[GPU3] epochs: [270/350] train_loss_con: 5.725 energy_loss: 1022.432
[GPU3] epochs: [271/350] train_loss_con: 5.726 energy_loss: 1020.415
[GPU3] epochs: [272/350] train_loss_con: 5.723 energy_loss: 995.360
[GPU3] epochs: [273/350] train_loss_con: 5.724 energy_loss: 966.500
[GPU3] epochs: [274/350] train_loss_con: 5.721 energy_loss: 733.812
[GPU3] epochs: [275/350] train_loss_con: 5.724 energy_loss: 701.440
[GPU3] epochs: [276/350] train_loss_con: 5.723 energy_loss: 819.053
[GPU3] epochs: [277/350] train_loss_con: 5.721 energy_loss: 682.898
[GPU3] epochs: [278/350] train_loss_con: 5.725 energy_loss: 647.888
[GPU3] epochs: [279/350] train_loss_con: 5.722 energy_loss: 629.599
[GPU3] epochs: [280/350] train_loss_con: 5.722 energy_loss: 614.631
[GPU3] epochs: [281/350] train_loss_con: 5.722 energy_loss: 712.091
[GPU3] epochs: [282/350] train_loss_con: 5.724 energy_loss: 1019.773
[GPU3] epochs: [283/350] train_loss_con: 5.722 energy_loss: 1023.345
[GPU3] epochs: [284/350] train_loss_con: 5.720 energy_loss: 1023.117
[GPU3] epochs: [285/350] train_loss_con: 5.721 energy_loss: 1022.650
[GPU3] epochs: [286/350] train_loss_con: 5.720 energy_loss: 1021.886
[GPU3] epochs: [287/350] train_loss_con: 5.721 energy_loss: 1020.172
[GPU3] epochs: [288/350] train_loss_con: 5.719 energy_loss: 1002.328
[GPU3] epochs: [289/350] train_loss_con: 5.719 energy_loss: 1023.648
[GPU3] epochs: [290/350] train_loss_con: 5.719 energy_loss: 1023.247
[GPU3] epochs: [291/350] train_loss_con: 5.720 energy_loss: 1022.979
[GPU3] epochs: [292/350] train_loss_con: 5.720 energy_loss: 1022.680
[GPU3] epochs: [293/350] train_loss_con: 5.719 energy_loss: 1021.864
[GPU3] epochs: [294/350] train_loss_con: 5.716 energy_loss: 1011.996
[GPU3] epochs: [295/350] train_loss_con: 5.715 energy_loss: 986.629
[GPU3] epochs: [296/350] train_loss_con: 5.716 energy_loss: 1017.975
[GPU3] epochs: [297/350] train_loss_con: 5.715 energy_loss: 942.374
[GPU3] epochs: [298/350] train_loss_con: 5.719 energy_loss: 1023.296
[GPU3] epochs: [299/350] train_loss_con: 5.717 energy_loss: 1023.141
[GPU3] epochs: [300/350] train_loss_con: 5.718 energy_loss: 1023.112
[GPU3] epochs: [301/350] train_loss_con: 5.719 energy_loss: 1022.964
[GPU3] epochs: [302/350] train_loss_con: 5.715 energy_loss: 1022.321
[GPU3] epochs: [303/350] train_loss_con: 5.715 energy_loss: 1018.404
[GPU3] epochs: [304/350] train_loss_con: 5.715 energy_loss: 1011.888
[GPU3] epochs: [305/350] train_loss_con: 5.713 energy_loss: 1022.894
[GPU3] epochs: [306/350] train_loss_con: 5.714 energy_loss: 1012.298
[GPU3] epochs: [307/350] train_loss_con: 5.714 energy_loss: 1023.708
[GPU3] epochs: [308/350] train_loss_con: 5.714 energy_loss: 1023.757
[GPU3] epochs: [309/350] train_loss_con: 5.717 energy_loss: 1023.628
[GPU3] epochs: [310/350] train_loss_con: 5.714 energy_loss: 1023.654
[GPU3] epochs: [311/350] train_loss_con: 5.716 energy_loss: 1023.606
[GPU3] epochs: [312/350] train_loss_con: 5.716 energy_loss: 1023.803
[GPU3] epochs: [313/350] train_loss_con: 5.714 energy_loss: 1023.505
[GPU3] epochs: [314/350] train_loss_con: 5.710 energy_loss: 1023.495
[GPU3] epochs: [315/350] train_loss_con: 5.711 energy_loss: 1023.382
[GPU3] epochs: [316/350] train_loss_con: 5.716 energy_loss: 1023.261
[GPU3] epochs: [317/350] train_loss_con: 5.710 energy_loss: 1023.486
[GPU3] epochs: [318/350] train_loss_con: 5.712 energy_loss: 1022.654
[GPU3] epochs: [319/350] train_loss_con: 5.710 energy_loss: 1019.908
[GPU3] epochs: [320/350] train_loss_con: 5.709 energy_loss: 994.465
[GPU3] epochs: [321/350] train_loss_con: 5.708 energy_loss: 1008.739
[GPU3] epochs: [322/350] train_loss_con: 5.708 energy_loss: 1011.255
[GPU3] epochs: [323/350] train_loss_con: 5.713 energy_loss: 1015.459
[GPU3] epochs: [324/350] train_loss_con: 5.712 energy_loss: 1023.692
[GPU3] epochs: [325/350] train_loss_con: 5.711 energy_loss: 1023.496
[GPU3] epochs: [326/350] train_loss_con: 5.711 energy_loss: 1023.204
[GPU3] epochs: [327/350] train_loss_con: 5.709 energy_loss: 1021.442
[GPU3] epochs: [328/350] train_loss_con: 5.704 energy_loss: 997.570
[GPU3] epochs: [329/350] train_loss_con: 5.709 energy_loss: 1012.283
[GPU3] epochs: [330/350] train_loss_con: 5.707 energy_loss: 1023.690
[GPU3] epochs: [331/350] train_loss_con: 5.709 energy_loss: 1023.561
[GPU3] epochs: [332/350] train_loss_con: 5.707 energy_loss: 1023.585
[GPU3] epochs: [333/350] train_loss_con: 5.708 energy_loss: 1021.663
[GPU3] epochs: [334/350] train_loss_con: 5.705 energy_loss: 1015.026
[GPU3] epochs: [335/350] train_loss_con: 5.709 energy_loss: 1023.911
[GPU3] epochs: [336/350] train_loss_con: 5.707 energy_loss: 1023.873
[GPU3] epochs: [337/350] train_loss_con: 5.706 energy_loss: 1023.994
[GPU3] epochs: [338/350] train_loss_con: 5.705 energy_loss: 1023.804
[GPU3] epochs: [339/350] train_loss_con: 5.706 energy_loss: 1024.026
[GPU3] epochs: [340/350] train_loss_con: 5.707 energy_loss: 1023.849
[GPU3] epochs: [341/350] train_loss_con: 5.705 energy_loss: 1023.635
[GPU3] epochs: [342/350] train_loss_con: 5.703 energy_loss: 1023.515
[GPU3] epochs: [343/350] train_loss_con: 5.704 energy_loss: 1022.361
[GPU3] epochs: [344/350] train_loss_con: 5.701 energy_loss: 1017.573
[GPU3] epochs: [345/350] train_loss_con: 5.704 energy_loss: 1023.513
[GPU3] epochs: [346/350] train_loss_con: 5.704 energy_loss: 1016.143
[GPU3] epochs: [347/350] train_loss_con: 5.703 energy_loss: 1023.828
[GPU3] epochs: [348/350] train_loss_con: 5.701 energy_loss: 1023.759
[GPU3] epochs: [349/350] train_loss_con: 5.703 energy_loss: 1023.757
[GPU3] epochs: [350/350] train_loss_con: 5.701 energy_loss: 1023.532
### TSNE starts
### MLP training begins
[GPU3] Test Accuracy at epoch: 0: 0.477
[GPU3] epochs: [1/100] train_acc: 0.362 train_loss_sup: 2.713
[GPU3] epochs: [2/100] train_acc: 0.475 train_loss_sup: 1.911
[GPU3] epochs: [3/100] train_acc: 0.499 train_loss_sup: 1.820
[GPU3] epochs: [4/100] train_acc: 0.514 train_loss_sup: 1.763
[GPU3] epochs: [5/100] train_acc: 0.521 train_loss_sup: 1.726
[GPU3] epochs: [6/100] train_acc: 0.530 train_loss_sup: 1.697
[GPU3] epochs: [7/100] train_acc: 0.535 train_loss_sup: 1.681
[GPU3] epochs: [8/100] train_acc: 0.544 train_loss_sup: 1.653
[GPU3] epochs: [9/100] train_acc: 0.550 train_loss_sup: 1.628
[GPU3] epochs: [10/100] train_acc: 0.551 train_loss_sup: 1.622
[GPU3] Test Accuracy at epoch: 10: 0.573
[GPU3] epochs: [11/100] train_acc: 0.556 train_loss_sup: 1.594
[GPU3] epochs: [12/100] train_acc: 0.564 train_loss_sup: 1.580
[GPU3] epochs: [13/100] train_acc: 0.567 train_loss_sup: 1.560
[GPU3] epochs: [14/100] train_acc: 0.568 train_loss_sup: 1.556
[GPU3] epochs: [15/100] train_acc: 0.570 train_loss_sup: 1.547
[GPU3] epochs: [16/100] train_acc: 0.576 train_loss_sup: 1.526
[GPU3] epochs: [17/100] train_acc: 0.578 train_loss_sup: 1.516
[GPU3] epochs: [18/100] train_acc: 0.584 train_loss_sup: 1.498
[GPU3] epochs: [19/100] train_acc: 0.582 train_loss_sup: 1.501
[GPU3] epochs: [20/100] train_acc: 0.585 train_loss_sup: 1.488
[GPU3] Test Accuracy at epoch: 20: 0.595
[GPU3] epochs: [21/100] train_acc: 0.588 train_loss_sup: 1.474
[GPU3] epochs: [22/100] train_acc: 0.593 train_loss_sup: 1.460
[GPU3] epochs: [23/100] train_acc: 0.595 train_loss_sup: 1.451
[GPU3] epochs: [24/100] train_acc: 0.598 train_loss_sup: 1.444
[GPU3] epochs: [25/100] train_acc: 0.597 train_loss_sup: 1.443
[GPU3] epochs: [26/100] train_acc: 0.603 train_loss_sup: 1.421
[GPU3] epochs: [27/100] train_acc: 0.605 train_loss_sup: 1.419
[GPU3] epochs: [28/100] train_acc: 0.608 train_loss_sup: 1.405
[GPU3] epochs: [29/100] train_acc: 0.610 train_loss_sup: 1.397
[GPU3] epochs: [30/100] train_acc: 0.611 train_loss_sup: 1.395
[GPU3] Test Accuracy at epoch: 30: 0.601
[GPU3] epochs: [31/100] train_acc: 0.613 train_loss_sup: 1.383
[GPU3] epochs: [32/100] train_acc: 0.613 train_loss_sup: 1.381
[GPU3] epochs: [33/100] train_acc: 0.615 train_loss_sup: 1.371
[GPU3] epochs: [34/100] train_acc: 0.618 train_loss_sup: 1.358
[GPU3] epochs: [35/100] train_acc: 0.620 train_loss_sup: 1.355
[GPU3] epochs: [36/100] train_acc: 0.620 train_loss_sup: 1.349
[GPU3] epochs: [37/100] train_acc: 0.624 train_loss_sup: 1.342
[GPU3] epochs: [38/100] train_acc: 0.627 train_loss_sup: 1.331
[GPU3] epochs: [39/100] train_acc: 0.626 train_loss_sup: 1.331
[GPU3] epochs: [40/100] train_acc: 0.631 train_loss_sup: 1.314
[GPU3] Test Accuracy at epoch: 40: 0.611
[GPU3] epochs: [41/100] train_acc: 0.634 train_loss_sup: 1.298
[GPU3] epochs: [42/100] train_acc: 0.633 train_loss_sup: 1.304
[GPU3] epochs: [43/100] train_acc: 0.636 train_loss_sup: 1.295
[GPU3] epochs: [44/100] train_acc: 0.637 train_loss_sup: 1.291
[GPU3] epochs: [45/100] train_acc: 0.641 train_loss_sup: 1.276
[GPU3] epochs: [46/100] train_acc: 0.639 train_loss_sup: 1.278
[GPU3] epochs: [47/100] train_acc: 0.644 train_loss_sup: 1.265
[GPU3] epochs: [48/100] train_acc: 0.646 train_loss_sup: 1.256
[GPU3] epochs: [49/100] train_acc: 0.645 train_loss_sup: 1.260
[GPU3] epochs: [50/100] train_acc: 0.645 train_loss_sup: 1.255
[GPU3] Test Accuracy at epoch: 50: 0.62
[GPU3] epochs: [51/100] train_acc: 0.647 train_loss_sup: 1.248
[GPU3] epochs: [52/100] train_acc: 0.651 train_loss_sup: 1.231
[GPU3] epochs: [53/100] train_acc: 0.652 train_loss_sup: 1.235
[GPU3] epochs: [54/100] train_acc: 0.653 train_loss_sup: 1.226
[GPU3] epochs: [55/100] train_acc: 0.655 train_loss_sup: 1.221
[GPU3] epochs: [56/100] train_acc: 0.658 train_loss_sup: 1.209
[GPU3] epochs: [57/100] train_acc: 0.661 train_loss_sup: 1.206
[GPU3] epochs: [58/100] train_acc: 0.660 train_loss_sup: 1.205
[GPU3] epochs: [59/100] train_acc: 0.656 train_loss_sup: 1.211
[GPU3] epochs: [60/100] train_acc: 0.665 train_loss_sup: 1.192
[GPU3] Test Accuracy at epoch: 60: 0.623
[GPU3] epochs: [61/100] train_acc: 0.667 train_loss_sup: 1.187
[GPU3] epochs: [62/100] train_acc: 0.667 train_loss_sup: 1.177
[GPU3] epochs: [63/100] train_acc: 0.668 train_loss_sup: 1.169
[GPU3] epochs: [64/100] train_acc: 0.668 train_loss_sup: 1.169
[GPU3] epochs: [65/100] train_acc: 0.671 train_loss_sup: 1.162
[GPU3] epochs: [66/100] train_acc: 0.669 train_loss_sup: 1.162
[GPU3] epochs: [67/100] train_acc: 0.672 train_loss_sup: 1.151
[GPU3] epochs: [68/100] train_acc: 0.674 train_loss_sup: 1.156
[GPU3] epochs: [69/100] train_acc: 0.677 train_loss_sup: 1.147
[GPU3] epochs: [70/100] train_acc: 0.677 train_loss_sup: 1.137
[GPU3] Test Accuracy at epoch: 70: 0.63
[GPU3] epochs: [71/100] train_acc: 0.682 train_loss_sup: 1.130
[GPU3] epochs: [72/100] train_acc: 0.681 train_loss_sup: 1.122
[GPU3] epochs: [73/100] train_acc: 0.683 train_loss_sup: 1.124
[GPU3] epochs: [74/100] train_acc: 0.683 train_loss_sup: 1.121
[GPU3] epochs: [75/100] train_acc: 0.685 train_loss_sup: 1.114
[GPU3] epochs: [76/100] train_acc: 0.687 train_loss_sup: 1.100
[GPU3] epochs: [77/100] train_acc: 0.685 train_loss_sup: 1.108
[GPU3] epochs: [78/100] train_acc: 0.690 train_loss_sup: 1.093
[GPU3] epochs: [79/100] train_acc: 0.691 train_loss_sup: 1.092
[GPU3] epochs: [80/100] train_acc: 0.691 train_loss_sup: 1.093
[GPU3] Test Accuracy at epoch: 80: 0.629
[GPU3] epochs: [81/100] train_acc: 0.691 train_loss_sup: 1.091
[GPU3] epochs: [82/100] train_acc: 0.695 train_loss_sup: 1.077
[GPU3] epochs: [83/100] train_acc: 0.694 train_loss_sup: 1.079
[GPU3] epochs: [84/100] train_acc: 0.698 train_loss_sup: 1.069
[GPU3] epochs: [85/100] train_acc: 0.697 train_loss_sup: 1.069
[GPU3] epochs: [86/100] train_acc: 0.700 train_loss_sup: 1.055
[GPU3] epochs: [87/100] train_acc: 0.700 train_loss_sup: 1.062
[GPU3] epochs: [88/100] train_acc: 0.700 train_loss_sup: 1.059
[GPU3] epochs: [89/100] train_acc: 0.700 train_loss_sup: 1.055
[GPU3] epochs: [90/100] train_acc: 0.703 train_loss_sup: 1.045
[GPU3] Test Accuracy at epoch: 90: 0.631
[GPU3] epochs: [91/100] train_acc: 0.705 train_loss_sup: 1.033
[GPU3] epochs: [92/100] train_acc: 0.706 train_loss_sup: 1.039
[GPU3] epochs: [93/100] train_acc: 0.708 train_loss_sup: 1.034
[GPU3] epochs: [94/100] train_acc: 0.709 train_loss_sup: 1.024
[GPU3] epochs: [95/100] train_acc: 0.710 train_loss_sup: 1.019
[GPU3] epochs: [96/100] train_acc: 0.712 train_loss_sup: 1.017
[GPU3] epochs: [97/100] train_acc: 0.711 train_loss_sup: 1.014
[GPU3] epochs: [98/100] train_acc: 0.714 train_loss_sup: 1.016
[GPU3] epochs: [99/100] train_acc: 0.713 train_loss_sup: 1.013
[GPU3] epochs: [100/100] train_acc: 0.715 train_loss_sup: 1.005
[GPU3] Final Test Accuracy: 0.63
Model weights saved
