environment: 
YAML: configs/scalre.c10.yaml
==> SEED: 42
==> num_classes: 10
==> data_name: cifar10
==> data_params: {'algo': 'scalre', 'data_dir': 'datasets/cifar10', 'batch_size': 512, 'num_workers': 3, 'image_size': 32}
==> return_logs: False
==> eval_every: 10
==> n_epochs: 800
==> n_epochs_mlp: 100
==> gpu_id: 4
==> opt: SGD
==> opt_params: {'lr': 0.5, 'momentum': 0.9, 'nesterov': True}
==> schedular_params: {'T_max': 800, 'eta_min': 0.001}
==> mlp_opt: SGD
==> mlp_opt_params: {'lr': 0.01, 'momentum': 0.9, 'nesterov': True}
==> energy_model_params: {'eta': 0.01, 'steps': 5, 'sigma': 0.2, 'delta': 0.1, 'net_type': 'score'}
==> energy_opt: AdamW
==> energy_model_opt_params: {'lr': 0.001}
==> model_params: {'model_name': 'resnet18', 'pretrained': False, 'proj_dim': 128, 'algo_type': 'scalre'}
==> mlp_type: linear
==> loss: scalre
==> loss_params: {'sim': 'cosine', 'tau': 0.5}
==> distributed: False
==> train_algo: scalre
==> model_save_path: saved_models/scalre.c10.r18.sc.e800.lin.pth
==> warmup_epochs: 0
==> config: configs/scalre.c10.yaml
--------------------------------------------------
Files already downloaded and verified
Files already downloaded and verified
Files already downloaded and verified
# of Training Images: 50000
# of Testing Images: 10000
===> using linear mlp
using optimizer: SGD
using optimizer: SGD
loss function: scalre
using optimizer: AdamW
### ScAlRe Training begins
[GPU4] epochs: [1/800] train_loss_con: 6.376 energy_loss: 255.749
[GPU4] epochs: [2/800] train_loss_con: 6.142 energy_loss: 241.830
[GPU4] epochs: [3/800] train_loss_con: 6.044 energy_loss: 222.937
[GPU4] epochs: [4/800] train_loss_con: 5.967 energy_loss: 214.357
[GPU4] epochs: [5/800] train_loss_con: 5.916 energy_loss: 207.624
[GPU4] epochs: [6/800] train_loss_con: 5.881 energy_loss: 201.709
[GPU4] epochs: [7/800] train_loss_con: 5.851 energy_loss: 196.333
[GPU4] epochs: [8/800] train_loss_con: 5.825 energy_loss: 191.075
[GPU4] epochs: [9/800] train_loss_con: 5.811 energy_loss: 186.314
[GPU4] epochs: [10/800] train_loss_con: 5.797 energy_loss: 181.523
[GPU4] epochs: [11/800] train_loss_con: 5.785 energy_loss: 177.333
[GPU4] epochs: [12/800] train_loss_con: 5.772 energy_loss: 172.649
[GPU4] epochs: [13/800] train_loss_con: 5.761 energy_loss: 168.421
[GPU4] epochs: [14/800] train_loss_con: 5.752 energy_loss: 164.481
[GPU4] epochs: [15/800] train_loss_con: 5.742 energy_loss: 160.507
[GPU4] epochs: [16/800] train_loss_con: 5.737 energy_loss: 156.700
[GPU4] epochs: [17/800] train_loss_con: 5.725 energy_loss: 152.885
[GPU4] epochs: [18/800] train_loss_con: 5.721 energy_loss: 149.075
[GPU4] epochs: [19/800] train_loss_con: 5.715 energy_loss: 145.896
[GPU4] epochs: [20/800] train_loss_con: 5.710 energy_loss: 142.324
[GPU4] epochs: [21/800] train_loss_con: 5.702 energy_loss: 139.534
[GPU4] epochs: [22/800] train_loss_con: 5.703 energy_loss: 136.875
[GPU4] epochs: [23/800] train_loss_con: 5.698 energy_loss: 134.530
[GPU4] epochs: [24/800] train_loss_con: 5.691 energy_loss: 132.187
[GPU4] epochs: [25/800] train_loss_con: 5.688 energy_loss: 130.148
[GPU4] epochs: [26/800] train_loss_con: 5.689 energy_loss: 128.077
[GPU4] epochs: [27/800] train_loss_con: 5.680 energy_loss: 126.414
[GPU4] epochs: [28/800] train_loss_con: 5.679 energy_loss: 124.919
[GPU4] epochs: [29/800] train_loss_con: 5.678 energy_loss: 123.863
[GPU4] epochs: [30/800] train_loss_con: 5.672 energy_loss: 122.574
[GPU4] epochs: [31/800] train_loss_con: 5.671 energy_loss: 121.402
[GPU4] epochs: [32/800] train_loss_con: 5.670 energy_loss: 120.412
[GPU4] epochs: [33/800] train_loss_con: 5.667 energy_loss: 119.368
[GPU4] epochs: [34/800] train_loss_con: 5.667 energy_loss: 118.747
[GPU4] epochs: [35/800] train_loss_con: 5.659 energy_loss: 117.853
[GPU4] epochs: [36/800] train_loss_con: 5.662 energy_loss: 117.479
[GPU4] epochs: [37/800] train_loss_con: 5.660 energy_loss: 116.783
[GPU4] epochs: [38/800] train_loss_con: 5.654 energy_loss: 116.360
[GPU4] epochs: [39/800] train_loss_con: 5.652 energy_loss: 115.804
[GPU4] epochs: [40/800] train_loss_con: 5.648 energy_loss: 115.279
[GPU4] epochs: [41/800] train_loss_con: 5.650 energy_loss: 114.797
[GPU4] epochs: [42/800] train_loss_con: 5.647 energy_loss: 114.160
[GPU4] epochs: [43/800] train_loss_con: 5.648 energy_loss: 113.726
[GPU4] epochs: [44/800] train_loss_con: 5.645 energy_loss: 113.317
[GPU4] epochs: [45/800] train_loss_con: 5.644 energy_loss: 112.775
[GPU4] epochs: [46/800] train_loss_con: 5.640 energy_loss: 112.600
[GPU4] epochs: [47/800] train_loss_con: 5.641 energy_loss: 112.321
[GPU4] epochs: [48/800] train_loss_con: 5.642 energy_loss: 111.924
[GPU4] epochs: [49/800] train_loss_con: 5.635 energy_loss: 111.712
[GPU4] epochs: [50/800] train_loss_con: 5.635 energy_loss: 111.140
[GPU4] epochs: [51/800] train_loss_con: 5.630 energy_loss: 110.820
[GPU4] epochs: [52/800] train_loss_con: 5.633 energy_loss: 110.510
[GPU4] epochs: [53/800] train_loss_con: 5.631 energy_loss: 109.959
[GPU4] epochs: [54/800] train_loss_con: 5.627 energy_loss: 109.676
[GPU4] epochs: [55/800] train_loss_con: 5.631 energy_loss: 109.486
[GPU4] epochs: [56/800] train_loss_con: 5.627 energy_loss: 108.951
[GPU4] epochs: [57/800] train_loss_con: 5.622 energy_loss: 108.718
[GPU4] epochs: [58/800] train_loss_con: 5.622 energy_loss: 108.477
[GPU4] epochs: [59/800] train_loss_con: 5.622 energy_loss: 108.008
[GPU4] epochs: [60/800] train_loss_con: 5.621 energy_loss: 107.751
[GPU4] epochs: [61/800] train_loss_con: 5.620 energy_loss: 107.469
[GPU4] epochs: [62/800] train_loss_con: 5.618 energy_loss: 107.051
[GPU4] epochs: [63/800] train_loss_con: 5.619 energy_loss: 106.618
[GPU4] epochs: [64/800] train_loss_con: 5.618 energy_loss: 106.328
[GPU4] epochs: [65/800] train_loss_con: 5.619 energy_loss: 106.131
[GPU4] epochs: [66/800] train_loss_con: 5.611 energy_loss: 105.934
[GPU4] epochs: [67/800] train_loss_con: 5.613 energy_loss: 105.598
[GPU4] epochs: [68/800] train_loss_con: 5.612 energy_loss: 105.035
[GPU4] epochs: [69/800] train_loss_con: 5.610 energy_loss: 104.549
[GPU4] epochs: [70/800] train_loss_con: 5.611 energy_loss: 104.348
[GPU4] epochs: [71/800] train_loss_con: 5.609 energy_loss: 104.144
[GPU4] epochs: [72/800] train_loss_con: 5.606 energy_loss: 103.778
[GPU4] epochs: [73/800] train_loss_con: 5.606 energy_loss: 103.428
[GPU4] epochs: [74/800] train_loss_con: 5.604 energy_loss: 103.037
[GPU4] epochs: [75/800] train_loss_con: 5.606 energy_loss: 102.864
[GPU4] epochs: [76/800] train_loss_con: 5.602 energy_loss: 102.772
[GPU4] epochs: [77/800] train_loss_con: 5.603 energy_loss: 102.474
[GPU4] epochs: [78/800] train_loss_con: 5.598 energy_loss: 101.900
[GPU4] epochs: [79/800] train_loss_con: 5.599 energy_loss: 101.736
[GPU4] epochs: [80/800] train_loss_con: 5.603 energy_loss: 101.472
[GPU4] epochs: [81/800] train_loss_con: 5.601 energy_loss: 101.117
[GPU4] epochs: [82/800] train_loss_con: 5.599 energy_loss: 100.977
[GPU4] epochs: [83/800] train_loss_con: 5.600 energy_loss: 100.379
[GPU4] epochs: [84/800] train_loss_con: 5.595 energy_loss: 100.577
[GPU4] epochs: [85/800] train_loss_con: 5.594 energy_loss: 100.105
