environment: 
YAML: configs/scalre.c100.yaml
==> SEED: 42
==> num_classes: 100
==> data_name: cifar100
==> data_params: {'algo': 'scalre', 'data_dir': 'datasets/cifar100', 'batch_size': 512, 'num_workers': 3, 'image_size': 32}
==> return_logs: False
==> eval_every: 10
==> n_epochs: 350
==> n_epochs_mlp: 100
==> gpu_id: 1
==> opt: SGD
==> opt_params: {'lr': 0.5, 'momentum': 0.9, 'nesterov': True}
==> schedular_params: {'T_max': 350, 'eta_min': 0.001}
==> mlp_opt: SGD
==> mlp_opt_params: {'lr': 0.01, 'momentum': 0.9, 'nesterov': True}
==> model_params: {'model_name': 'resnet18', 'pretrained': False, 'proj_dim': 128, 'algo_type': 'scalre'}
==> energy_model_params: {'eta': 0.01, 'steps': 5, 'sigma': 0.2, 'delta': 0.1, 'net_type': 'score'}
==> energy_opt: AdamW
==> energy_model_opt_params: {'lr': 0.001}
==> mlp_type: hidden
==> loss: scalre
==> loss_params: {'sim': 'cosine', 'tau': 0.5}
==> distributed: False
==> train_algo: scalre
==> model_save_path: saved_models/scalre.c100.r18.sc.we50.pth
==> warmup_epochs: 50
==> config: configs/scalre.c100.yaml
--------------------------------------------------
===> using hiddin mlp
using optimizer: SGD
using optimizer: SGD
loss function: scalre
Files already downloaded and verified
Files already downloaded and verified
Files already downloaded and verified
# of Training Images: 50000
# of Testing Images: 10000
using optimizer: AdamW
### ScAlRe Training begins
[GPU1] epochs: [1/350] train_loss_con: 6.202 energy_loss: 0.000
[GPU1] epochs: [2/350] train_loss_con: 5.964 energy_loss: 0.000
[GPU1] epochs: [3/350] train_loss_con: 5.859 energy_loss: 0.000
[GPU1] epochs: [4/350] train_loss_con: 5.800 energy_loss: 0.000
[GPU1] epochs: [5/350] train_loss_con: 5.755 energy_loss: 0.000
[GPU1] epochs: [6/350] train_loss_con: 5.712 energy_loss: 0.000
[GPU1] epochs: [7/350] train_loss_con: 5.678 energy_loss: 0.000
[GPU1] epochs: [8/350] train_loss_con: 5.650 energy_loss: 0.000
[GPU1] epochs: [9/350] train_loss_con: 5.636 energy_loss: 0.000
[GPU1] epochs: [10/350] train_loss_con: 5.621 energy_loss: 0.000
[GPU1] epochs: [11/350] train_loss_con: 5.614 energy_loss: 0.000
[GPU1] epochs: [12/350] train_loss_con: 5.599 energy_loss: 0.000
[GPU1] epochs: [13/350] train_loss_con: 5.588 energy_loss: 0.000
[GPU1] epochs: [14/350] train_loss_con: 5.578 energy_loss: 0.000
[GPU1] epochs: [15/350] train_loss_con: 5.568 energy_loss: 0.000
[GPU1] epochs: [16/350] train_loss_con: 5.564 energy_loss: 0.000
[GPU1] epochs: [17/350] train_loss_con: 5.558 energy_loss: 0.000
[GPU1] epochs: [18/350] train_loss_con: 5.551 energy_loss: 0.000
[GPU1] epochs: [19/350] train_loss_con: 5.548 energy_loss: 0.000
[GPU1] epochs: [20/350] train_loss_con: 5.540 energy_loss: 0.000
[GPU1] epochs: [21/350] train_loss_con: 5.541 energy_loss: 0.000
[GPU1] epochs: [22/350] train_loss_con: 5.532 energy_loss: 0.000
[GPU1] epochs: [23/350] train_loss_con: 5.527 energy_loss: 0.000
[GPU1] epochs: [24/350] train_loss_con: 5.526 energy_loss: 0.000
[GPU1] epochs: [25/350] train_loss_con: 5.523 energy_loss: 0.000
[GPU1] epochs: [26/350] train_loss_con: 5.516 energy_loss: 0.000
[GPU1] epochs: [27/350] train_loss_con: 5.516 energy_loss: 0.000
[GPU1] epochs: [28/350] train_loss_con: 5.512 energy_loss: 0.000
[GPU1] epochs: [29/350] train_loss_con: 5.509 energy_loss: 0.000
[GPU1] epochs: [30/350] train_loss_con: 5.508 energy_loss: 0.000
[GPU1] epochs: [31/350] train_loss_con: 5.498 energy_loss: 0.000
[GPU1] epochs: [32/350] train_loss_con: 5.500 energy_loss: 0.000
[GPU1] epochs: [33/350] train_loss_con: 5.497 energy_loss: 0.000
[GPU1] epochs: [34/350] train_loss_con: 5.496 energy_loss: 0.000
[GPU1] epochs: [35/350] train_loss_con: 5.493 energy_loss: 0.000
[GPU1] epochs: [36/350] train_loss_con: 5.492 energy_loss: 0.000
[GPU1] epochs: [37/350] train_loss_con: 5.488 energy_loss: 0.000
[GPU1] epochs: [38/350] train_loss_con: 5.484 energy_loss: 0.000
[GPU1] epochs: [39/350] train_loss_con: 5.487 energy_loss: 0.000
[GPU1] epochs: [40/350] train_loss_con: 5.486 energy_loss: 0.000
[GPU1] epochs: [41/350] train_loss_con: 5.478 energy_loss: 0.000
[GPU1] epochs: [42/350] train_loss_con: 5.475 energy_loss: 0.000
[GPU1] epochs: [43/350] train_loss_con: 5.477 energy_loss: 0.000
[GPU1] epochs: [44/350] train_loss_con: 5.474 energy_loss: 0.000
[GPU1] epochs: [45/350] train_loss_con: 5.470 energy_loss: 0.000
[GPU1] epochs: [46/350] train_loss_con: 5.467 energy_loss: 0.000
[GPU1] epochs: [47/350] train_loss_con: 5.469 energy_loss: 0.000
[GPU1] epochs: [48/350] train_loss_con: 5.465 energy_loss: 0.000
[GPU1] epochs: [49/350] train_loss_con: 5.464 energy_loss: 0.000
[GPU1] epochs: [50/350] train_loss_con: 5.463 energy_loss: 0.000
[GPU1] epochs: [51/350] train_loss_con: 5.662 energy_loss: 255.338
[GPU1] epochs: [52/350] train_loss_con: 5.659 energy_loss: 234.915
[GPU1] epochs: [53/350] train_loss_con: 5.656 energy_loss: 220.301
[GPU1] epochs: [54/350] train_loss_con: 5.654 energy_loss: 212.660
[GPU1] epochs: [55/350] train_loss_con: 5.651 energy_loss: 206.387
[GPU1] epochs: [56/350] train_loss_con: 5.655 energy_loss: 200.979
[GPU1] epochs: [57/350] train_loss_con: 5.650 energy_loss: 195.958
[GPU1] epochs: [58/350] train_loss_con: 5.652 energy_loss: 191.607
[GPU1] epochs: [59/350] train_loss_con: 5.647 energy_loss: 187.499
[GPU1] epochs: [60/350] train_loss_con: 5.648 energy_loss: 183.397
[GPU1] epochs: [61/350] train_loss_con: 5.649 energy_loss: 179.692
[GPU1] epochs: [62/350] train_loss_con: 5.643 energy_loss: 175.842
[GPU1] epochs: [63/350] train_loss_con: 5.641 energy_loss: 172.273
[GPU1] epochs: [64/350] train_loss_con: 5.641 energy_loss: 168.809
[GPU1] epochs: [65/350] train_loss_con: 5.641 energy_loss: 165.064
[GPU1] epochs: [66/350] train_loss_con: 5.637 energy_loss: 161.483
[GPU1] epochs: [67/350] train_loss_con: 5.636 energy_loss: 157.986
[GPU1] epochs: [68/350] train_loss_con: 5.637 energy_loss: 154.438
[GPU1] epochs: [69/350] train_loss_con: 5.636 energy_loss: 151.822
[GPU1] epochs: [70/350] train_loss_con: 5.637 energy_loss: 148.725
[GPU1] epochs: [71/350] train_loss_con: 5.632 energy_loss: 145.887
[GPU1] epochs: [72/350] train_loss_con: 5.632 energy_loss: 143.330
[GPU1] epochs: [73/350] train_loss_con: 5.629 energy_loss: 141.250
[GPU1] epochs: [74/350] train_loss_con: 5.630 energy_loss: 139.079
[GPU1] epochs: [75/350] train_loss_con: 5.631 energy_loss: 137.264
[GPU1] epochs: [76/350] train_loss_con: 5.628 energy_loss: 135.555
[GPU1] epochs: [77/350] train_loss_con: 5.626 energy_loss: 133.659
[GPU1] epochs: [78/350] train_loss_con: 5.627 energy_loss: 132.350
[GPU1] epochs: [79/350] train_loss_con: 5.623 energy_loss: 131.193
[GPU1] epochs: [80/350] train_loss_con: 5.625 energy_loss: 130.093
[GPU1] epochs: [81/350] train_loss_con: 5.623 energy_loss: 129.022
[GPU1] epochs: [82/350] train_loss_con: 5.624 energy_loss: 127.894
[GPU1] epochs: [83/350] train_loss_con: 5.622 energy_loss: 127.168
[GPU1] epochs: [84/350] train_loss_con: 5.621 energy_loss: 126.219
[GPU1] epochs: [85/350] train_loss_con: 5.618 energy_loss: 125.509
[GPU1] epochs: [86/350] train_loss_con: 5.620 energy_loss: 124.904
[GPU1] epochs: [87/350] train_loss_con: 5.616 energy_loss: 123.979
[GPU1] epochs: [88/350] train_loss_con: 5.614 energy_loss: 123.549
[GPU1] epochs: [89/350] train_loss_con: 5.618 energy_loss: 122.983
[GPU1] epochs: [90/350] train_loss_con: 5.616 energy_loss: 122.381
[GPU1] epochs: [91/350] train_loss_con: 5.614 energy_loss: 121.822
[GPU1] epochs: [92/350] train_loss_con: 5.614 energy_loss: 121.505
[GPU1] epochs: [93/350] train_loss_con: 5.613 energy_loss: 120.587
[GPU1] epochs: [94/350] train_loss_con: 5.611 energy_loss: 120.255
[GPU1] epochs: [95/350] train_loss_con: 5.608 energy_loss: 119.762
[GPU1] epochs: [96/350] train_loss_con: 5.610 energy_loss: 119.712
[GPU1] epochs: [97/350] train_loss_con: 5.612 energy_loss: 118.981
[GPU1] epochs: [98/350] train_loss_con: 5.606 energy_loss: 118.378
[GPU1] epochs: [99/350] train_loss_con: 5.606 energy_loss: 118.226
[GPU1] epochs: [100/350] train_loss_con: 5.607 energy_loss: 118.020
[GPU1] epochs: [101/350] train_loss_con: 5.608 energy_loss: 117.453
[GPU1] epochs: [102/350] train_loss_con: 5.607 energy_loss: 116.707
[GPU1] epochs: [103/350] train_loss_con: 5.602 energy_loss: 116.743
[GPU1] epochs: [104/350] train_loss_con: 5.603 energy_loss: 116.431
[GPU1] epochs: [105/350] train_loss_con: 5.604 energy_loss: 115.864
[GPU1] epochs: [106/350] train_loss_con: 5.601 energy_loss: 115.273
[GPU1] epochs: [107/350] train_loss_con: 5.598 energy_loss: 115.068
[GPU1] epochs: [108/350] train_loss_con: 5.604 energy_loss: 114.946
[GPU1] epochs: [109/350] train_loss_con: 5.603 energy_loss: 114.415
[GPU1] epochs: [110/350] train_loss_con: 5.599 energy_loss: 114.123
[GPU1] epochs: [111/350] train_loss_con: 5.596 energy_loss: 113.772
[GPU1] epochs: [112/350] train_loss_con: 5.599 energy_loss: 113.669
[GPU1] epochs: [113/350] train_loss_con: 5.599 energy_loss: 113.166
[GPU1] epochs: [114/350] train_loss_con: 5.598 energy_loss: 112.944
[GPU1] epochs: [115/350] train_loss_con: 5.594 energy_loss: 112.547
[GPU1] epochs: [116/350] train_loss_con: 5.593 energy_loss: 111.858
[GPU1] epochs: [117/350] train_loss_con: 5.596 energy_loss: 111.865
[GPU1] epochs: [118/350] train_loss_con: 5.593 energy_loss: 111.409
[GPU1] epochs: [119/350] train_loss_con: 5.590 energy_loss: 111.229
[GPU1] epochs: [120/350] train_loss_con: 5.595 energy_loss: 110.927
[GPU1] epochs: [121/350] train_loss_con: 5.591 energy_loss: 110.437
[GPU1] epochs: [122/350] train_loss_con: 5.593 energy_loss: 110.574
[GPU1] epochs: [123/350] train_loss_con: 5.591 energy_loss: 109.867
[GPU1] epochs: [124/350] train_loss_con: 5.588 energy_loss: 109.803
[GPU1] epochs: [125/350] train_loss_con: 5.587 energy_loss: 109.185
[GPU1] epochs: [126/350] train_loss_con: 5.590 energy_loss: 109.144
[GPU1] epochs: [127/350] train_loss_con: 5.588 energy_loss: 108.873
[GPU1] epochs: [128/350] train_loss_con: 5.588 energy_loss: 108.496
[GPU1] epochs: [129/350] train_loss_con: 5.584 energy_loss: 107.896
[GPU1] epochs: [130/350] train_loss_con: 5.587 energy_loss: 107.931
[GPU1] epochs: [131/350] train_loss_con: 5.585 energy_loss: 107.514
[GPU1] epochs: [132/350] train_loss_con: 5.585 energy_loss: 107.243
[GPU1] epochs: [133/350] train_loss_con: 5.585 energy_loss: 107.138
[GPU1] epochs: [134/350] train_loss_con: 5.582 energy_loss: 106.720
[GPU1] epochs: [135/350] train_loss_con: 5.583 energy_loss: 106.524
[GPU1] epochs: [136/350] train_loss_con: 5.580 energy_loss: 106.418
[GPU1] epochs: [137/350] train_loss_con: 5.578 energy_loss: 106.016
[GPU1] epochs: [138/350] train_loss_con: 5.583 energy_loss: 106.061
[GPU1] epochs: [139/350] train_loss_con: 5.581 energy_loss: 105.383
[GPU1] epochs: [140/350] train_loss_con: 5.578 energy_loss: 104.870
[GPU1] epochs: [141/350] train_loss_con: 5.582 energy_loss: 104.891
[GPU1] epochs: [142/350] train_loss_con: 5.579 energy_loss: 104.631
[GPU1] epochs: [143/350] train_loss_con: 5.578 energy_loss: 104.303
[GPU1] epochs: [144/350] train_loss_con: 5.578 energy_loss: 104.239
[GPU1] epochs: [145/350] train_loss_con: 5.578 energy_loss: 103.945
[GPU1] epochs: [146/350] train_loss_con: 5.576 energy_loss: 103.534
[GPU1] epochs: [147/350] train_loss_con: 5.577 energy_loss: 103.243
[GPU1] epochs: [148/350] train_loss_con: 5.577 energy_loss: 102.834
[GPU1] epochs: [149/350] train_loss_con: 5.573 energy_loss: 102.681
[GPU1] epochs: [150/350] train_loss_con: 5.576 energy_loss: 102.302
[GPU1] epochs: [151/350] train_loss_con: 5.574 energy_loss: 102.276
[GPU1] epochs: [152/350] train_loss_con: 5.574 energy_loss: 102.168
[GPU1] epochs: [153/350] train_loss_con: 5.573 energy_loss: 102.063
[GPU1] epochs: [154/350] train_loss_con: 5.572 energy_loss: 101.779
[GPU1] epochs: [155/350] train_loss_con: 5.570 energy_loss: 101.561
[GPU1] epochs: [156/350] train_loss_con: 5.570 energy_loss: 101.368
[GPU1] epochs: [157/350] train_loss_con: 5.572 energy_loss: 101.078
[GPU1] epochs: [158/350] train_loss_con: 5.573 energy_loss: 100.534
[GPU1] epochs: [159/350] train_loss_con: 5.570 energy_loss: 100.346
[GPU1] epochs: [160/350] train_loss_con: 5.567 energy_loss: 100.154
[GPU1] epochs: [161/350] train_loss_con: 5.571 energy_loss: 100.174
[GPU1] epochs: [162/350] train_loss_con: 5.570 energy_loss: 100.060
[GPU1] epochs: [163/350] train_loss_con: 5.568 energy_loss: 99.811
[GPU1] epochs: [164/350] train_loss_con: 5.569 energy_loss: 99.514
[GPU1] epochs: [165/350] train_loss_con: 5.567 energy_loss: 99.149
[GPU1] epochs: [166/350] train_loss_con: 5.566 energy_loss: 98.960
[GPU1] epochs: [167/350] train_loss_con: 5.567 energy_loss: 98.683
[GPU1] epochs: [168/350] train_loss_con: 5.567 energy_loss: 98.859
[GPU1] epochs: [169/350] train_loss_con: 5.564 energy_loss: 98.675
[GPU1] epochs: [170/350] train_loss_con: 5.565 energy_loss: 98.558
[GPU1] epochs: [171/350] train_loss_con: 5.565 energy_loss: 98.242
[GPU1] epochs: [172/350] train_loss_con: 5.566 energy_loss: 98.216
[GPU1] epochs: [173/350] train_loss_con: 5.565 energy_loss: 98.242
[GPU1] epochs: [174/350] train_loss_con: 5.565 energy_loss: 97.673
[GPU1] epochs: [175/350] train_loss_con: 5.564 energy_loss: 97.533
[GPU1] epochs: [176/350] train_loss_con: 5.563 energy_loss: 97.159
[GPU1] epochs: [177/350] train_loss_con: 5.561 energy_loss: 97.042
[GPU1] epochs: [178/350] train_loss_con: 5.561 energy_loss: 97.090
[GPU1] epochs: [179/350] train_loss_con: 5.562 energy_loss: 96.562
[GPU1] epochs: [180/350] train_loss_con: 5.562 energy_loss: 96.554
[GPU1] epochs: [181/350] train_loss_con: 5.557 energy_loss: 96.383
[GPU1] epochs: [182/350] train_loss_con: 5.559 energy_loss: 96.079
[GPU1] epochs: [183/350] train_loss_con: 5.560 energy_loss: 95.905
[GPU1] epochs: [184/350] train_loss_con: 5.562 energy_loss: 95.985
[GPU1] epochs: [185/350] train_loss_con: 5.560 energy_loss: 95.775
[GPU1] epochs: [186/350] train_loss_con: 5.559 energy_loss: 95.590
[GPU1] epochs: [187/350] train_loss_con: 5.559 energy_loss: 95.395
[GPU1] epochs: [188/350] train_loss_con: 5.560 energy_loss: 95.070
[GPU1] epochs: [189/350] train_loss_con: 5.555 energy_loss: 94.889
[GPU1] epochs: [190/350] train_loss_con: 5.557 energy_loss: 94.790
[GPU1] epochs: [191/350] train_loss_con: 5.556 energy_loss: 94.446
[GPU1] epochs: [192/350] train_loss_con: 5.556 energy_loss: 94.340
[GPU1] epochs: [193/350] train_loss_con: 5.557 energy_loss: 94.150
[GPU1] epochs: [194/350] train_loss_con: 5.552 energy_loss: 93.959
[GPU1] epochs: [195/350] train_loss_con: 5.557 energy_loss: 93.732
[GPU1] epochs: [196/350] train_loss_con: 5.554 energy_loss: 93.763
[GPU1] epochs: [197/350] train_loss_con: 5.553 energy_loss: 93.415
[GPU1] epochs: [198/350] train_loss_con: 5.554 energy_loss: 93.012
[GPU1] epochs: [199/350] train_loss_con: 5.553 energy_loss: 93.054
[GPU1] epochs: [200/350] train_loss_con: 5.552 energy_loss: 92.788
[GPU1] epochs: [201/350] train_loss_con: 5.554 energy_loss: 92.846
[GPU1] epochs: [202/350] train_loss_con: 5.551 energy_loss: 92.866
[GPU1] epochs: [203/350] train_loss_con: 5.550 energy_loss: 92.735
[GPU1] epochs: [204/350] train_loss_con: 5.550 energy_loss: 92.754
[GPU1] epochs: [205/350] train_loss_con: 5.550 energy_loss: 92.465
[GPU1] epochs: [206/350] train_loss_con: 5.549 energy_loss: 92.142
[GPU1] epochs: [207/350] train_loss_con: 5.550 energy_loss: 92.111
[GPU1] epochs: [208/350] train_loss_con: 5.548 energy_loss: 92.116
[GPU1] epochs: [209/350] train_loss_con: 5.551 energy_loss: 91.628
[GPU1] epochs: [210/350] train_loss_con: 5.549 energy_loss: 91.386
[GPU1] epochs: [211/350] train_loss_con: 5.549 energy_loss: 91.349
[GPU1] epochs: [212/350] train_loss_con: 5.547 energy_loss: 91.125
[GPU1] epochs: [213/350] train_loss_con: 5.547 energy_loss: 90.938
[GPU1] epochs: [214/350] train_loss_con: 5.548 energy_loss: 90.942
[GPU1] epochs: [215/350] train_loss_con: 5.543 energy_loss: 90.680
[GPU1] epochs: [216/350] train_loss_con: 5.548 energy_loss: 90.754
[GPU1] epochs: [217/350] train_loss_con: 5.545 energy_loss: 90.505
[GPU1] epochs: [218/350] train_loss_con: 5.547 energy_loss: 90.477
[GPU1] epochs: [219/350] train_loss_con: 5.545 energy_loss: 90.420
[GPU1] epochs: [220/350] train_loss_con: 5.543 energy_loss: 90.221
[GPU1] epochs: [221/350] train_loss_con: 5.545 energy_loss: 90.042
[GPU1] epochs: [222/350] train_loss_con: 5.544 energy_loss: 90.064
[GPU1] epochs: [223/350] train_loss_con: 5.542 energy_loss: 89.833
[GPU1] epochs: [224/350] train_loss_con: 5.545 energy_loss: 89.686
[GPU1] epochs: [225/350] train_loss_con: 5.544 energy_loss: 89.654
[GPU1] epochs: [226/350] train_loss_con: 5.544 energy_loss: 89.493
[GPU1] epochs: [227/350] train_loss_con: 5.542 energy_loss: 89.498
[GPU1] epochs: [228/350] train_loss_con: 5.541 energy_loss: 89.359
[GPU1] epochs: [229/350] train_loss_con: 5.542 energy_loss: 89.333
[GPU1] epochs: [230/350] train_loss_con: 5.544 energy_loss: 89.297
[GPU1] epochs: [231/350] train_loss_con: 5.538 energy_loss: 88.907
[GPU1] epochs: [232/350] train_loss_con: 5.543 energy_loss: 88.926
[GPU1] epochs: [233/350] train_loss_con: 5.541 energy_loss: 88.881
[GPU1] epochs: [234/350] train_loss_con: 5.541 energy_loss: 88.753
[GPU1] epochs: [235/350] train_loss_con: 5.540 energy_loss: 88.571
[GPU1] epochs: [236/350] train_loss_con: 5.542 energy_loss: 88.216
[GPU1] epochs: [237/350] train_loss_con: 5.538 energy_loss: 88.296
[GPU1] epochs: [238/350] train_loss_con: 5.538 energy_loss: 88.242
[GPU1] epochs: [239/350] train_loss_con: 5.538 energy_loss: 87.950
[GPU1] epochs: [240/350] train_loss_con: 5.538 energy_loss: 87.773
[GPU1] epochs: [241/350] train_loss_con: 5.536 energy_loss: 87.845
[GPU1] epochs: [242/350] train_loss_con: 5.535 energy_loss: 87.587
[GPU1] epochs: [243/350] train_loss_con: 5.539 energy_loss: 87.705
[GPU1] epochs: [244/350] train_loss_con: 5.536 energy_loss: 87.491
[GPU1] epochs: [245/350] train_loss_con: 5.535 energy_loss: 87.291
[GPU1] epochs: [246/350] train_loss_con: 5.536 energy_loss: 87.336
[GPU1] epochs: [247/350] train_loss_con: 5.534 energy_loss: 87.294
[GPU1] epochs: [248/350] train_loss_con: 5.537 energy_loss: 87.186
[GPU1] epochs: [249/350] train_loss_con: 5.535 energy_loss: 86.992
[GPU1] epochs: [250/350] train_loss_con: 5.537 energy_loss: 86.772
[GPU1] epochs: [251/350] train_loss_con: 5.535 energy_loss: 86.650
[GPU1] epochs: [252/350] train_loss_con: 5.534 energy_loss: 86.818
[GPU1] epochs: [253/350] train_loss_con: 5.535 energy_loss: 86.579
[GPU1] epochs: [254/350] train_loss_con: 5.535 energy_loss: 86.569
[GPU1] epochs: [255/350] train_loss_con: 5.535 energy_loss: 86.458
[GPU1] epochs: [256/350] train_loss_con: 5.536 energy_loss: 86.501
[GPU1] epochs: [257/350] train_loss_con: 5.534 energy_loss: 86.379
[GPU1] epochs: [258/350] train_loss_con: 5.533 energy_loss: 86.205
[GPU1] epochs: [259/350] train_loss_con: 5.533 energy_loss: 86.371
[GPU1] epochs: [260/350] train_loss_con: 5.532 energy_loss: 86.026
[GPU1] epochs: [261/350] train_loss_con: 5.535 energy_loss: 85.868
[GPU1] epochs: [262/350] train_loss_con: 5.535 energy_loss: 85.890
[GPU1] epochs: [263/350] train_loss_con: 5.530 energy_loss: 85.791
[GPU1] epochs: [264/350] train_loss_con: 5.532 energy_loss: 85.464
[GPU1] epochs: [265/350] train_loss_con: 5.532 energy_loss: 85.600
[GPU1] epochs: [266/350] train_loss_con: 5.534 energy_loss: 85.608
[GPU1] epochs: [267/350] train_loss_con: 5.531 energy_loss: 85.487
[GPU1] epochs: [268/350] train_loss_con: 5.531 energy_loss: 85.342
[GPU1] epochs: [269/350] train_loss_con: 5.529 energy_loss: 85.451
[GPU1] epochs: [270/350] train_loss_con: 5.530 energy_loss: 85.058
[GPU1] epochs: [271/350] train_loss_con: 5.527 energy_loss: 84.959
[GPU1] epochs: [272/350] train_loss_con: 5.528 energy_loss: 84.777
[GPU1] epochs: [273/350] train_loss_con: 5.532 energy_loss: 84.730
[GPU1] epochs: [274/350] train_loss_con: 5.526 energy_loss: 84.770
[GPU1] epochs: [275/350] train_loss_con: 5.528 energy_loss: 84.542
[GPU1] epochs: [276/350] train_loss_con: 5.527 energy_loss: 84.450
[GPU1] epochs: [277/350] train_loss_con: 5.528 energy_loss: 84.472
[GPU1] epochs: [278/350] train_loss_con: 5.529 energy_loss: 84.640
[GPU1] epochs: [279/350] train_loss_con: 5.527 energy_loss: 84.457
[GPU1] epochs: [280/350] train_loss_con: 5.526 energy_loss: 84.250
[GPU1] epochs: [281/350] train_loss_con: 5.528 energy_loss: 84.348
[GPU1] epochs: [282/350] train_loss_con: 5.528 energy_loss: 84.345
[GPU1] epochs: [283/350] train_loss_con: 5.526 energy_loss: 84.228
[GPU1] epochs: [284/350] train_loss_con: 5.528 energy_loss: 84.093
[GPU1] epochs: [285/350] train_loss_con: 5.528 energy_loss: 84.125
[GPU1] epochs: [286/350] train_loss_con: 5.527 energy_loss: 83.919
[GPU1] epochs: [287/350] train_loss_con: 5.525 energy_loss: 83.894
[GPU1] epochs: [288/350] train_loss_con: 5.523 energy_loss: 83.921
[GPU1] epochs: [289/350] train_loss_con: 5.524 energy_loss: 83.771
[GPU1] epochs: [290/350] train_loss_con: 5.527 energy_loss: 83.797
[GPU1] epochs: [291/350] train_loss_con: 5.524 energy_loss: 83.632
[GPU1] epochs: [292/350] train_loss_con: 5.523 energy_loss: 83.616
[GPU1] epochs: [293/350] train_loss_con: 5.527 energy_loss: 83.549
[GPU1] epochs: [294/350] train_loss_con: 5.525 energy_loss: 83.412
[GPU1] epochs: [295/350] train_loss_con: 5.525 energy_loss: 83.445
[GPU1] epochs: [296/350] train_loss_con: 5.526 energy_loss: 83.427
[GPU1] epochs: [297/350] train_loss_con: 5.525 energy_loss: 83.414
[GPU1] epochs: [298/350] train_loss_con: 5.524 energy_loss: 83.414
[GPU1] epochs: [299/350] train_loss_con: 5.523 energy_loss: 83.275
[GPU1] epochs: [300/350] train_loss_con: 5.525 energy_loss: 83.107
[GPU1] epochs: [301/350] train_loss_con: 5.526 energy_loss: 83.019
[GPU1] epochs: [302/350] train_loss_con: 5.524 energy_loss: 82.889
[GPU1] epochs: [303/350] train_loss_con: 5.524 energy_loss: 82.976
[GPU1] epochs: [304/350] train_loss_con: 5.524 energy_loss: 82.927
[GPU1] epochs: [305/350] train_loss_con: 5.525 energy_loss: 82.897
[GPU1] epochs: [306/350] train_loss_con: 5.521 energy_loss: 82.828
[GPU1] epochs: [307/350] train_loss_con: 5.523 energy_loss: 82.820
[GPU1] epochs: [308/350] train_loss_con: 5.523 energy_loss: 82.638
[GPU1] epochs: [309/350] train_loss_con: 5.524 energy_loss: 82.621
[GPU1] epochs: [310/350] train_loss_con: 5.525 energy_loss: 82.693
[GPU1] epochs: [311/350] train_loss_con: 5.525 energy_loss: 82.622
[GPU1] epochs: [312/350] train_loss_con: 5.521 energy_loss: 82.518
[GPU1] epochs: [313/350] train_loss_con: 5.522 energy_loss: 82.449
[GPU1] epochs: [314/350] train_loss_con: 5.524 energy_loss: 82.386
[GPU1] epochs: [315/350] train_loss_con: 5.524 energy_loss: 82.233
[GPU1] epochs: [316/350] train_loss_con: 5.519 energy_loss: 82.176
[GPU1] epochs: [317/350] train_loss_con: 5.523 energy_loss: 82.289
[GPU1] epochs: [318/350] train_loss_con: 5.523 energy_loss: 82.265
[GPU1] epochs: [319/350] train_loss_con: 5.523 energy_loss: 82.212
[GPU1] epochs: [320/350] train_loss_con: 5.523 energy_loss: 82.063
[GPU1] epochs: [321/350] train_loss_con: 5.525 energy_loss: 82.255
[GPU1] epochs: [322/350] train_loss_con: 5.522 energy_loss: 82.076
[GPU1] epochs: [323/350] train_loss_con: 5.521 energy_loss: 81.950
[GPU1] epochs: [324/350] train_loss_con: 5.523 energy_loss: 81.866
[GPU1] epochs: [325/350] train_loss_con: 5.522 energy_loss: 81.858
[GPU1] epochs: [326/350] train_loss_con: 5.524 energy_loss: 81.803
[GPU1] epochs: [327/350] train_loss_con: 5.523 energy_loss: 81.752
[GPU1] epochs: [328/350] train_loss_con: 5.520 energy_loss: 81.714
[GPU1] epochs: [329/350] train_loss_con: 5.521 energy_loss: 81.755
[GPU1] epochs: [330/350] train_loss_con: 5.521 energy_loss: 81.585
[GPU1] epochs: [331/350] train_loss_con: 5.521 energy_loss: 81.547
[GPU1] epochs: [332/350] train_loss_con: 5.521 energy_loss: 81.596
[GPU1] epochs: [333/350] train_loss_con: 5.524 energy_loss: 81.486
[GPU1] epochs: [334/350] train_loss_con: 5.523 energy_loss: 81.441
[GPU1] epochs: [335/350] train_loss_con: 5.521 energy_loss: 81.505
[GPU1] epochs: [336/350] train_loss_con: 5.520 energy_loss: 81.417
[GPU1] epochs: [337/350] train_loss_con: 5.520 energy_loss: 81.330
[GPU1] epochs: [338/350] train_loss_con: 5.520 energy_loss: 81.325
[GPU1] epochs: [339/350] train_loss_con: 5.521 energy_loss: 81.248
[GPU1] epochs: [340/350] train_loss_con: 5.516 energy_loss: 81.223
[GPU1] epochs: [341/350] train_loss_con: 5.523 energy_loss: 81.178
[GPU1] epochs: [342/350] train_loss_con: 5.522 energy_loss: 81.159
[GPU1] epochs: [343/350] train_loss_con: 5.522 energy_loss: 81.091
[GPU1] epochs: [344/350] train_loss_con: 5.518 energy_loss: 81.080
[GPU1] epochs: [345/350] train_loss_con: 5.520 energy_loss: 80.957
[GPU1] epochs: [346/350] train_loss_con: 5.521 energy_loss: 80.922
[GPU1] epochs: [347/350] train_loss_con: 5.519 energy_loss: 80.895
[GPU1] epochs: [348/350] train_loss_con: 5.521 energy_loss: 80.930
[GPU1] epochs: [349/350] train_loss_con: 5.520 energy_loss: 80.733
[GPU1] epochs: [350/350] train_loss_con: 5.521 energy_loss: 80.809
### TSNE starts
### MLP training begins
[GPU1] Test Accuracy at epoch: 0: 0.336
[GPU1] epochs: [1/100] train_acc: 0.182 train_loss_sup: 4.009
[GPU1] epochs: [2/100] train_acc: 0.358 train_loss_sup: 2.694
[GPU1] epochs: [3/100] train_acc: 0.403 train_loss_sup: 2.305
[GPU1] epochs: [4/100] train_acc: 0.421 train_loss_sup: 2.164
[GPU1] epochs: [5/100] train_acc: 0.431 train_loss_sup: 2.098
[GPU1] epochs: [6/100] train_acc: 0.440 train_loss_sup: 2.057
[GPU1] epochs: [7/100] train_acc: 0.448 train_loss_sup: 2.018
[GPU1] epochs: [8/100] train_acc: 0.453 train_loss_sup: 1.998
[GPU1] epochs: [9/100] train_acc: 0.459 train_loss_sup: 1.972
[GPU1] epochs: [10/100] train_acc: 0.463 train_loss_sup: 1.956
[GPU1] Test Accuracy at epoch: 10: 0.491
[GPU1] epochs: [11/100] train_acc: 0.469 train_loss_sup: 1.942
[GPU1] epochs: [12/100] train_acc: 0.472 train_loss_sup: 1.930
[GPU1] epochs: [13/100] train_acc: 0.473 train_loss_sup: 1.924
[GPU1] epochs: [14/100] train_acc: 0.475 train_loss_sup: 1.912
[GPU1] epochs: [15/100] train_acc: 0.476 train_loss_sup: 1.902
[GPU1] epochs: [16/100] train_acc: 0.481 train_loss_sup: 1.889
[GPU1] epochs: [17/100] train_acc: 0.486 train_loss_sup: 1.876
[GPU1] epochs: [18/100] train_acc: 0.486 train_loss_sup: 1.868
[GPU1] epochs: [19/100] train_acc: 0.488 train_loss_sup: 1.860
[GPU1] epochs: [20/100] train_acc: 0.491 train_loss_sup: 1.853
[GPU1] Test Accuracy at epoch: 20: 0.514
[GPU1] epochs: [21/100] train_acc: 0.492 train_loss_sup: 1.847
[GPU1] epochs: [22/100] train_acc: 0.493 train_loss_sup: 1.832
[GPU1] epochs: [23/100] train_acc: 0.498 train_loss_sup: 1.828
[GPU1] epochs: [24/100] train_acc: 0.497 train_loss_sup: 1.825
[GPU1] epochs: [25/100] train_acc: 0.500 train_loss_sup: 1.814
[GPU1] epochs: [26/100] train_acc: 0.499 train_loss_sup: 1.806
[GPU1] epochs: [27/100] train_acc: 0.501 train_loss_sup: 1.807
[GPU1] epochs: [28/100] train_acc: 0.504 train_loss_sup: 1.797
[GPU1] epochs: [29/100] train_acc: 0.509 train_loss_sup: 1.787
[GPU1] epochs: [30/100] train_acc: 0.508 train_loss_sup: 1.795
[GPU1] Test Accuracy at epoch: 30: 0.527
[GPU1] epochs: [31/100] train_acc: 0.506 train_loss_sup: 1.790
[GPU1] epochs: [32/100] train_acc: 0.509 train_loss_sup: 1.775
[GPU1] epochs: [33/100] train_acc: 0.512 train_loss_sup: 1.770
[GPU1] epochs: [34/100] train_acc: 0.513 train_loss_sup: 1.769
[GPU1] epochs: [35/100] train_acc: 0.516 train_loss_sup: 1.760
[GPU1] epochs: [36/100] train_acc: 0.515 train_loss_sup: 1.767
[GPU1] epochs: [37/100] train_acc: 0.516 train_loss_sup: 1.756
[GPU1] epochs: [38/100] train_acc: 0.519 train_loss_sup: 1.748
[GPU1] epochs: [39/100] train_acc: 0.516 train_loss_sup: 1.746
[GPU1] epochs: [40/100] train_acc: 0.521 train_loss_sup: 1.741
[GPU1] Test Accuracy at epoch: 40: 0.538
[GPU1] epochs: [41/100] train_acc: 0.520 train_loss_sup: 1.738
[GPU1] epochs: [42/100] train_acc: 0.522 train_loss_sup: 1.725
[GPU1] epochs: [43/100] train_acc: 0.522 train_loss_sup: 1.727
[GPU1] epochs: [44/100] train_acc: 0.526 train_loss_sup: 1.721
[GPU1] epochs: [45/100] train_acc: 0.526 train_loss_sup: 1.722
[GPU1] epochs: [46/100] train_acc: 0.525 train_loss_sup: 1.719
[GPU1] epochs: [47/100] train_acc: 0.528 train_loss_sup: 1.707
[GPU1] epochs: [48/100] train_acc: 0.528 train_loss_sup: 1.696
[GPU1] epochs: [49/100] train_acc: 0.530 train_loss_sup: 1.703
[GPU1] epochs: [50/100] train_acc: 0.530 train_loss_sup: 1.704
[GPU1] Test Accuracy at epoch: 50: 0.545
[GPU1] epochs: [51/100] train_acc: 0.531 train_loss_sup: 1.698
[GPU1] epochs: [52/100] train_acc: 0.532 train_loss_sup: 1.698
[GPU1] epochs: [53/100] train_acc: 0.534 train_loss_sup: 1.685
[GPU1] epochs: [54/100] train_acc: 0.533 train_loss_sup: 1.685
[GPU1] epochs: [55/100] train_acc: 0.536 train_loss_sup: 1.682
[GPU1] epochs: [56/100] train_acc: 0.534 train_loss_sup: 1.681
[GPU1] epochs: [57/100] train_acc: 0.537 train_loss_sup: 1.677
[GPU1] epochs: [58/100] train_acc: 0.535 train_loss_sup: 1.676
[GPU1] epochs: [59/100] train_acc: 0.536 train_loss_sup: 1.669
[GPU1] epochs: [60/100] train_acc: 0.540 train_loss_sup: 1.664
[GPU1] Test Accuracy at epoch: 60: 0.554
[GPU1] epochs: [61/100] train_acc: 0.540 train_loss_sup: 1.665
[GPU1] epochs: [62/100] train_acc: 0.540 train_loss_sup: 1.664
[GPU1] epochs: [63/100] train_acc: 0.541 train_loss_sup: 1.656
[GPU1] epochs: [64/100] train_acc: 0.541 train_loss_sup: 1.660
[GPU1] epochs: [65/100] train_acc: 0.546 train_loss_sup: 1.648
[GPU1] epochs: [66/100] train_acc: 0.543 train_loss_sup: 1.647
[GPU1] epochs: [67/100] train_acc: 0.545 train_loss_sup: 1.647
[GPU1] epochs: [68/100] train_acc: 0.546 train_loss_sup: 1.637
[GPU1] epochs: [69/100] train_acc: 0.545 train_loss_sup: 1.642
[GPU1] epochs: [70/100] train_acc: 0.548 train_loss_sup: 1.639
[GPU1] Test Accuracy at epoch: 70: 0.556
[GPU1] epochs: [71/100] train_acc: 0.547 train_loss_sup: 1.634
[GPU1] epochs: [72/100] train_acc: 0.546 train_loss_sup: 1.638
[GPU1] epochs: [73/100] train_acc: 0.548 train_loss_sup: 1.626
[GPU1] epochs: [74/100] train_acc: 0.550 train_loss_sup: 1.626
[GPU1] epochs: [75/100] train_acc: 0.551 train_loss_sup: 1.621
[GPU1] epochs: [76/100] train_acc: 0.552 train_loss_sup: 1.618
[GPU1] epochs: [77/100] train_acc: 0.551 train_loss_sup: 1.616
[GPU1] epochs: [78/100] train_acc: 0.551 train_loss_sup: 1.611
[GPU1] epochs: [79/100] train_acc: 0.552 train_loss_sup: 1.612
[GPU1] epochs: [80/100] train_acc: 0.552 train_loss_sup: 1.609
[GPU1] Test Accuracy at epoch: 80: 0.555
[GPU1] epochs: [81/100] train_acc: 0.556 train_loss_sup: 1.605
[GPU1] epochs: [82/100] train_acc: 0.551 train_loss_sup: 1.613
[GPU1] epochs: [83/100] train_acc: 0.553 train_loss_sup: 1.600
[GPU1] epochs: [84/100] train_acc: 0.555 train_loss_sup: 1.603
[GPU1] epochs: [85/100] train_acc: 0.560 train_loss_sup: 1.596
[GPU1] epochs: [86/100] train_acc: 0.556 train_loss_sup: 1.598
[GPU1] epochs: [87/100] train_acc: 0.562 train_loss_sup: 1.587
[GPU1] epochs: [88/100] train_acc: 0.561 train_loss_sup: 1.582
[GPU1] epochs: [89/100] train_acc: 0.558 train_loss_sup: 1.593
[GPU1] epochs: [90/100] train_acc: 0.560 train_loss_sup: 1.583
[GPU1] Test Accuracy at epoch: 90: 0.562
[GPU1] epochs: [91/100] train_acc: 0.559 train_loss_sup: 1.586
[GPU1] epochs: [92/100] train_acc: 0.559 train_loss_sup: 1.581
[GPU1] epochs: [93/100] train_acc: 0.560 train_loss_sup: 1.577
[GPU1] epochs: [94/100] train_acc: 0.562 train_loss_sup: 1.573
[GPU1] epochs: [95/100] train_acc: 0.562 train_loss_sup: 1.575
[GPU1] epochs: [96/100] train_acc: 0.563 train_loss_sup: 1.573
[GPU1] epochs: [97/100] train_acc: 0.566 train_loss_sup: 1.564
[GPU1] epochs: [98/100] train_acc: 0.562 train_loss_sup: 1.564
[GPU1] epochs: [99/100] train_acc: 0.564 train_loss_sup: 1.565
[GPU1] epochs: [100/100] train_acc: 0.567 train_loss_sup: 1.564
[GPU1] Final Test Accuracy: 0.57
Model weights saved
