environment: 
YAML: configs/scalre.c100.yaml
==> SEED: 42
==> num_classes: 100
==> data_name: cifar100
==> data_params: {'algo': 'scalre', 'data_dir': 'datasets/cifar100', 'batch_size': 512, 'num_workers': 3, 'image_size': 32}
==> return_logs: False
==> eval_every: 10
==> n_epochs: 350
==> n_epochs_mlp: 100
==> gpu_id: 6
==> opt: SGD
==> opt_params: {'lr': 0.5, 'momentum': 0.9, 'nesterov': True}
==> schedular_params: {'T_max': 600, 'eta_min': 0.001}
==> mlp_opt: SGD
==> mlp_opt_params: {'lr': 0.01, 'momentum': 0.9, 'nesterov': True}
==> model_params: {'model_name': 'resnet18', 'pretrained': False, 'proj_dim': 128, 'algo_type': 'scalre'}
==> energy_model_params: {'eta': 0.01, 'steps': 5, 'sigma': 0.2, 'delta': 0.1, 'net_type': 'score'}
==> energy_opt: AdamW
==> energy_model_opt_params: {'lr': 0.001}
==> mlp_type: hidden
==> loss: scalre
==> loss_params: {'sim': 'cosine', 'tau': 0.5}
==> distributed: False
==> train_algo: scalre
==> model_save_path: saved_models/scalre.c100.r18.sc.pth
==> config: configs/scalre.c100.yaml
--------------------------------------------------
===> using hiddin mlp
using optimizer: SGD
using optimizer: SGD
loss function: scalre
Files already downloaded and verified
Files already downloaded and verified
Files already downloaded and verified
# of Training Images: 50000
# of Testing Images: 10000
using optimizer: AdamW
### ScAlRe Training begins
[GPU6] epochs: [1/350] train_loss_con: 6.408 energy_loss: 256.006
[GPU6] epochs: [2/350] train_loss_con: 6.179 energy_loss: 255.536
[GPU6] epochs: [3/350] train_loss_con: 6.081 energy_loss: 243.924
[GPU6] epochs: [4/350] train_loss_con: 6.024 energy_loss: 225.572
[GPU6] epochs: [5/350] train_loss_con: 5.977 energy_loss: 215.311
[GPU6] epochs: [6/350] train_loss_con: 5.926 energy_loss: 207.803
[GPU6] epochs: [7/350] train_loss_con: 5.890 energy_loss: 201.526
[GPU6] epochs: [8/350] train_loss_con: 5.861 energy_loss: 195.575
[GPU6] epochs: [9/350] train_loss_con: 5.845 energy_loss: 189.819
[GPU6] epochs: [10/350] train_loss_con: 5.827 energy_loss: 184.426
[GPU6] epochs: [11/350] train_loss_con: 5.816 energy_loss: 179.356
[GPU6] epochs: [12/350] train_loss_con: 5.802 energy_loss: 174.683
[GPU6] epochs: [13/350] train_loss_con: 5.789 energy_loss: 170.050
[GPU6] epochs: [14/350] train_loss_con: 5.777 energy_loss: 165.552
[GPU6] epochs: [15/350] train_loss_con: 5.766 energy_loss: 161.237
[GPU6] epochs: [16/350] train_loss_con: 5.762 energy_loss: 156.808
[GPU6] epochs: [17/350] train_loss_con: 5.756 energy_loss: 152.658
[GPU6] epochs: [18/350] train_loss_con: 5.748 energy_loss: 148.815
[GPU6] epochs: [19/350] train_loss_con: 5.746 energy_loss: 145.070
[GPU6] epochs: [20/350] train_loss_con: 5.738 energy_loss: 141.678
[GPU6] epochs: [21/350] train_loss_con: 5.738 energy_loss: 138.565
[GPU6] epochs: [22/350] train_loss_con: 5.730 energy_loss: 135.820
[GPU6] epochs: [23/350] train_loss_con: 5.724 energy_loss: 133.178
[GPU6] epochs: [24/350] train_loss_con: 5.725 energy_loss: 130.623
[GPU6] epochs: [25/350] train_loss_con: 5.721 energy_loss: 128.633
[GPU6] epochs: [26/350] train_loss_con: 5.715 energy_loss: 126.822
[GPU6] epochs: [27/350] train_loss_con: 5.715 energy_loss: 124.655
[GPU6] epochs: [28/350] train_loss_con: 5.710 energy_loss: 123.477
[GPU6] epochs: [29/350] train_loss_con: 5.708 energy_loss: 122.139
[GPU6] epochs: [30/350] train_loss_con: 5.706 energy_loss: 120.963
[GPU6] epochs: [31/350] train_loss_con: 5.696 energy_loss: 119.791
[GPU6] epochs: [32/350] train_loss_con: 5.700 energy_loss: 119.040
[GPU6] epochs: [33/350] train_loss_con: 5.696 energy_loss: 118.310
[GPU6] epochs: [34/350] train_loss_con: 5.695 energy_loss: 117.320
[GPU6] epochs: [35/350] train_loss_con: 5.691 energy_loss: 116.835
[GPU6] epochs: [36/350] train_loss_con: 5.692 energy_loss: 116.655
[GPU6] epochs: [37/350] train_loss_con: 5.686 energy_loss: 116.230
[GPU6] epochs: [38/350] train_loss_con: 5.683 energy_loss: 115.808
[GPU6] epochs: [39/350] train_loss_con: 5.687 energy_loss: 115.250
[GPU6] epochs: [40/350] train_loss_con: 5.685 energy_loss: 115.013
[GPU6] epochs: [41/350] train_loss_con: 5.677 energy_loss: 114.867
[GPU6] epochs: [42/350] train_loss_con: 5.674 energy_loss: 114.570
[GPU6] epochs: [43/350] train_loss_con: 5.676 energy_loss: 114.130
[GPU6] epochs: [44/350] train_loss_con: 5.674 energy_loss: 113.889
[GPU6] epochs: [45/350] train_loss_con: 5.670 energy_loss: 113.469
[GPU6] epochs: [46/350] train_loss_con: 5.667 energy_loss: 113.257
[GPU6] epochs: [47/350] train_loss_con: 5.669 energy_loss: 113.065
[GPU6] epochs: [48/350] train_loss_con: 5.664 energy_loss: 112.590
[GPU6] epochs: [49/350] train_loss_con: 5.664 energy_loss: 112.062
[GPU6] epochs: [50/350] train_loss_con: 5.663 energy_loss: 112.194
[GPU6] epochs: [51/350] train_loss_con: 5.662 energy_loss: 111.936
[GPU6] epochs: [52/350] train_loss_con: 5.661 energy_loss: 111.798
[GPU6] epochs: [53/350] train_loss_con: 5.658 energy_loss: 111.254
[GPU6] epochs: [54/350] train_loss_con: 5.656 energy_loss: 111.251
[GPU6] epochs: [55/350] train_loss_con: 5.653 energy_loss: 110.765
[GPU6] epochs: [56/350] train_loss_con: 5.656 energy_loss: 110.560
[GPU6] epochs: [57/350] train_loss_con: 5.653 energy_loss: 110.306
[GPU6] epochs: [58/350] train_loss_con: 5.654 energy_loss: 110.013
[GPU6] epochs: [59/350] train_loss_con: 5.650 energy_loss: 109.788
[GPU6] epochs: [60/350] train_loss_con: 5.651 energy_loss: 109.527
[GPU6] epochs: [61/350] train_loss_con: 5.651 energy_loss: 109.462
[GPU6] epochs: [62/350] train_loss_con: 5.644 energy_loss: 109.041
[GPU6] epochs: [63/350] train_loss_con: 5.645 energy_loss: 108.822
[GPU6] epochs: [64/350] train_loss_con: 5.644 energy_loss: 108.482
[GPU6] epochs: [65/350] train_loss_con: 5.644 energy_loss: 108.787
[GPU6] epochs: [66/350] train_loss_con: 5.640 energy_loss: 108.450
[GPU6] epochs: [67/350] train_loss_con: 5.639 energy_loss: 107.940
[GPU6] epochs: [68/350] train_loss_con: 5.640 energy_loss: 107.947
[GPU6] epochs: [69/350] train_loss_con: 5.638 energy_loss: 108.211
[GPU6] epochs: [70/350] train_loss_con: 5.640 energy_loss: 107.662
[GPU6] epochs: [71/350] train_loss_con: 5.634 energy_loss: 107.316
[GPU6] epochs: [72/350] train_loss_con: 5.634 energy_loss: 106.950
[GPU6] epochs: [73/350] train_loss_con: 5.632 energy_loss: 107.044
[GPU6] epochs: [74/350] train_loss_con: 5.633 energy_loss: 106.572
[GPU6] epochs: [75/350] train_loss_con: 5.634 energy_loss: 106.503
[GPU6] epochs: [76/350] train_loss_con: 5.632 energy_loss: 106.378
[GPU6] epochs: [77/350] train_loss_con: 5.628 energy_loss: 105.790
[GPU6] epochs: [78/350] train_loss_con: 5.629 energy_loss: 105.611
[GPU6] epochs: [79/350] train_loss_con: 5.625 energy_loss: 105.562
[GPU6] epochs: [80/350] train_loss_con: 5.628 energy_loss: 105.425
[GPU6] epochs: [81/350] train_loss_con: 5.625 energy_loss: 105.329
[GPU6] epochs: [82/350] train_loss_con: 5.626 energy_loss: 105.066
[GPU6] epochs: [83/350] train_loss_con: 5.624 energy_loss: 104.896
[GPU6] epochs: [84/350] train_loss_con: 5.624 energy_loss: 104.861
[GPU6] epochs: [85/350] train_loss_con: 5.619 energy_loss: 104.760
[GPU6] epochs: [86/350] train_loss_con: 5.622 energy_loss: 104.652
[GPU6] epochs: [87/350] train_loss_con: 5.620 energy_loss: 104.066
[GPU6] epochs: [88/350] train_loss_con: 5.616 energy_loss: 104.052
[GPU6] epochs: [89/350] train_loss_con: 5.620 energy_loss: 103.779
[GPU6] epochs: [90/350] train_loss_con: 5.619 energy_loss: 103.786
[GPU6] epochs: [91/350] train_loss_con: 5.616 energy_loss: 103.723
[GPU6] epochs: [92/350] train_loss_con: 5.616 energy_loss: 103.406
[GPU6] epochs: [93/350] train_loss_con: 5.616 energy_loss: 102.994
[GPU6] epochs: [94/350] train_loss_con: 5.613 energy_loss: 102.965
[GPU6] epochs: [95/350] train_loss_con: 5.610 energy_loss: 102.841
[GPU6] epochs: [96/350] train_loss_con: 5.612 energy_loss: 103.052
[GPU6] epochs: [97/350] train_loss_con: 5.614 energy_loss: 102.530
[GPU6] epochs: [98/350] train_loss_con: 5.609 energy_loss: 102.544
[GPU6] epochs: [99/350] train_loss_con: 5.608 energy_loss: 102.142
[GPU6] epochs: [100/350] train_loss_con: 5.609 energy_loss: 102.372
[GPU6] epochs: [101/350] train_loss_con: 5.610 energy_loss: 101.887
[GPU6] epochs: [102/350] train_loss_con: 5.610 energy_loss: 101.651
[GPU6] epochs: [103/350] train_loss_con: 5.605 energy_loss: 101.466
[GPU6] epochs: [104/350] train_loss_con: 5.606 energy_loss: 101.353
[GPU6] epochs: [105/350] train_loss_con: 5.606 energy_loss: 100.965
[GPU6] epochs: [106/350] train_loss_con: 5.603 energy_loss: 100.743
[GPU6] epochs: [107/350] train_loss_con: 5.600 energy_loss: 100.652
[GPU6] epochs: [108/350] train_loss_con: 5.606 energy_loss: 100.591
[GPU6] epochs: [109/350] train_loss_con: 5.605 energy_loss: 100.437
[GPU6] epochs: [110/350] train_loss_con: 5.602 energy_loss: 100.369
[GPU6] epochs: [111/350] train_loss_con: 5.600 energy_loss: 99.989
[GPU6] epochs: [112/350] train_loss_con: 5.601 energy_loss: 99.732
[GPU6] epochs: [113/350] train_loss_con: 5.601 energy_loss: 99.826
[GPU6] epochs: [114/350] train_loss_con: 5.599 energy_loss: 99.778
[GPU6] epochs: [115/350] train_loss_con: 5.596 energy_loss: 99.505
[GPU6] epochs: [116/350] train_loss_con: 5.595 energy_loss: 98.877
[GPU6] epochs: [117/350] train_loss_con: 5.598 energy_loss: 99.020
[GPU6] epochs: [118/350] train_loss_con: 5.596 energy_loss: 98.700
[GPU6] epochs: [119/350] train_loss_con: 5.592 energy_loss: 98.643
[GPU6] epochs: [120/350] train_loss_con: 5.597 energy_loss: 98.154
[GPU6] epochs: [121/350] train_loss_con: 5.594 energy_loss: 97.986
[GPU6] epochs: [122/350] train_loss_con: 5.596 energy_loss: 98.093
[GPU6] epochs: [123/350] train_loss_con: 5.594 energy_loss: 97.537
[GPU6] epochs: [124/350] train_loss_con: 5.591 energy_loss: 97.613
[GPU6] epochs: [125/350] train_loss_con: 5.590 energy_loss: 97.611
[GPU6] epochs: [126/350] train_loss_con: 5.592 energy_loss: 97.241
[GPU6] epochs: [127/350] train_loss_con: 5.590 energy_loss: 97.232
[GPU6] epochs: [128/350] train_loss_con: 5.590 energy_loss: 96.940
[GPU6] epochs: [129/350] train_loss_con: 5.587 energy_loss: 96.451
[GPU6] epochs: [130/350] train_loss_con: 5.590 energy_loss: 96.757
[GPU6] epochs: [131/350] train_loss_con: 5.588 energy_loss: 96.540
[GPU6] epochs: [132/350] train_loss_con: 5.588 energy_loss: 96.385
[GPU6] epochs: [133/350] train_loss_con: 5.587 energy_loss: 96.327
[GPU6] epochs: [134/350] train_loss_con: 5.584 energy_loss: 96.290
[GPU6] epochs: [135/350] train_loss_con: 5.585 energy_loss: 95.980
[GPU6] epochs: [136/350] train_loss_con: 5.582 energy_loss: 95.726
[GPU6] epochs: [137/350] train_loss_con: 5.581 energy_loss: 95.556
[GPU6] epochs: [138/350] train_loss_con: 5.585 energy_loss: 95.160
[GPU6] epochs: [139/350] train_loss_con: 5.582 energy_loss: 94.980
[GPU6] epochs: [140/350] train_loss_con: 5.580 energy_loss: 94.832
[GPU6] epochs: [141/350] train_loss_con: 5.584 energy_loss: 95.164
[GPU6] epochs: [142/350] train_loss_con: 5.580 energy_loss: 94.603
[GPU6] epochs: [143/350] train_loss_con: 5.581 energy_loss: 94.264
[GPU6] epochs: [144/350] train_loss_con: 5.581 energy_loss: 94.300
[GPU6] epochs: [145/350] train_loss_con: 5.580 energy_loss: 94.071
[GPU6] epochs: [146/350] train_loss_con: 5.579 energy_loss: 93.882
[GPU6] epochs: [147/350] train_loss_con: 5.578 energy_loss: 93.675
[GPU6] epochs: [148/350] train_loss_con: 5.579 energy_loss: 93.275
[GPU6] epochs: [149/350] train_loss_con: 5.575 energy_loss: 93.342
[GPU6] epochs: [150/350] train_loss_con: 5.578 energy_loss: 93.139
[GPU6] epochs: [151/350] train_loss_con: 5.576 energy_loss: 92.949
[GPU6] epochs: [152/350] train_loss_con: 5.575 energy_loss: 93.052
[GPU6] epochs: [153/350] train_loss_con: 5.576 energy_loss: 92.779
[GPU6] epochs: [154/350] train_loss_con: 5.574 energy_loss: 92.711
[GPU6] epochs: [155/350] train_loss_con: 5.573 energy_loss: 92.547
[GPU6] epochs: [156/350] train_loss_con: 5.573 energy_loss: 92.241
[GPU6] epochs: [157/350] train_loss_con: 5.574 energy_loss: 92.007
[GPU6] epochs: [158/350] train_loss_con: 5.574 energy_loss: 91.542
[GPU6] epochs: [159/350] train_loss_con: 5.572 energy_loss: 91.632
[GPU6] epochs: [160/350] train_loss_con: 5.571 energy_loss: 91.332
[GPU6] epochs: [161/350] train_loss_con: 5.575 energy_loss: 91.205
[GPU6] epochs: [162/350] train_loss_con: 5.573 energy_loss: 91.400
[GPU6] epochs: [163/350] train_loss_con: 5.570 energy_loss: 91.258
[GPU6] epochs: [164/350] train_loss_con: 5.570 energy_loss: 90.834
[GPU6] epochs: [165/350] train_loss_con: 5.570 energy_loss: 90.633
[GPU6] epochs: [166/350] train_loss_con: 5.568 energy_loss: 90.410
