environment: 
YAML: configs/scalre.c10.yaml
==> SEED: 42
==> num_classes: 10
==> data_name: cifar10
==> data_params: {'algo': 'scalre', 'data_dir': 'datasets/cifar10', 'batch_size': 512, 'num_workers': 3, 'image_size': 32}
==> return_logs: False
==> eval_every: 10
==> n_epochs: 800
==> n_epochs_mlp: 100
==> gpu_id: 0
==> opt: SGD
==> opt_params: {'lr': 0.5, 'momentum': 0.9, 'nesterov': True, 'weight_decay': 0.0001}
==> schedular_params: {'T_max': 800, 'eta_min': 0.001}
==> mlp_opt: SGD
==> mlp_opt_params: {'lr': 0.1, 'momentum': 0.9, 'nesterov': True}
==> energy_model_params: {'eta': 0.01, 'steps': 5, 'sigma': 0.2, 'delta': 0.1, 'net_type': 'score'}
==> energy_opt: AdamW
==> energy_model_opt_params: {'lr': 0.001}
==> model_params: {'model_name': 'resnet18', 'pretrained': False, 'proj_dim': 128, 'algo_type': 'scalre'}
==> mlp_type: linear
==> loss: scalre
==> loss_params: {'sim': 'cosine', 'tau': 0.5}
==> distributed: False
==> train_algo: scalre
==> model_save_path: saved_models/scalre.c10.r18.sc.e800.lin0.1.pth
==> warmup_epochs: 0
==> config: configs/scalre.c10.yaml
--------------------------------------------------
===> using linear mlp
using optimizer: SGD
using optimizer: SGD
loss function: scalre
Files already downloaded and verified
Files already downloaded and verified
Files already downloaded and verified
# of Training Images: 50000
# of Testing Images: 10000
using optimizer: AdamW
### ScAlRe Training begins
[GPU0] epochs: [1/800] train_loss_con: 6.382 energy_loss: 255.976
[GPU0] epochs: [2/800] train_loss_con: 6.142 energy_loss: 255.015
[GPU0] epochs: [3/800] train_loss_con: 6.050 energy_loss: 235.582
[GPU0] epochs: [4/800] train_loss_con: 5.970 energy_loss: 218.287
[GPU0] epochs: [5/800] train_loss_con: 5.913 energy_loss: 207.561
[GPU0] epochs: [6/800] train_loss_con: 5.879 energy_loss: 198.041
[GPU0] epochs: [7/800] train_loss_con: 5.850 energy_loss: 189.381
[GPU0] epochs: [8/800] train_loss_con: 5.825 energy_loss: 181.038
[GPU0] epochs: [9/800] train_loss_con: 5.809 energy_loss: 173.356
[GPU0] epochs: [10/800] train_loss_con: 5.799 energy_loss: 165.971
[GPU0] epochs: [11/800] train_loss_con: 5.788 energy_loss: 159.068
[GPU0] epochs: [12/800] train_loss_con: 5.776 energy_loss: 152.475
[GPU0] epochs: [13/800] train_loss_con: 5.765 energy_loss: 145.971
[GPU0] epochs: [14/800] train_loss_con: 5.757 energy_loss: 139.821
[GPU0] epochs: [15/800] train_loss_con: 5.748 energy_loss: 133.831
[GPU0] epochs: [16/800] train_loss_con: 5.745 energy_loss: 128.152
[GPU0] epochs: [17/800] train_loss_con: 5.732 energy_loss: 122.452
[GPU0] epochs: [18/800] train_loss_con: 5.731 energy_loss: 116.827
[GPU0] epochs: [19/800] train_loss_con: 5.724 energy_loss: 111.357
[GPU0] epochs: [20/800] train_loss_con: 5.719 energy_loss: 105.706
[GPU0] epochs: [21/800] train_loss_con: 5.715 energy_loss: 100.387
[GPU0] epochs: [22/800] train_loss_con: 5.713 energy_loss: 94.807
[GPU0] epochs: [23/800] train_loss_con: 5.709 energy_loss: 89.567
[GPU0] epochs: [24/800] train_loss_con: 5.704 energy_loss: 84.357
[GPU0] epochs: [25/800] train_loss_con: 5.701 energy_loss: 79.390
[GPU0] epochs: [26/800] train_loss_con: 5.704 energy_loss: 74.773
[GPU0] epochs: [27/800] train_loss_con: 5.696 energy_loss: 70.262
[GPU0] epochs: [28/800] train_loss_con: 5.697 energy_loss: 65.933
[GPU0] epochs: [29/800] train_loss_con: 5.696 energy_loss: 61.961
[GPU0] epochs: [30/800] train_loss_con: 5.688 energy_loss: 58.086
[GPU0] epochs: [31/800] train_loss_con: 5.691 energy_loss: 54.252
[GPU0] epochs: [32/800] train_loss_con: 5.691 energy_loss: 50.964
[GPU0] epochs: [33/800] train_loss_con: 5.689 energy_loss: 47.818
[GPU0] epochs: [34/800] train_loss_con: 5.688 energy_loss: 44.871
[GPU0] epochs: [35/800] train_loss_con: 5.680 energy_loss: 41.998
[GPU0] epochs: [36/800] train_loss_con: 5.685 energy_loss: 39.614
[GPU0] epochs: [37/800] train_loss_con: 5.684 energy_loss: 37.304
[GPU0] epochs: [38/800] train_loss_con: 5.680 energy_loss: 35.261
[GPU0] epochs: [39/800] train_loss_con: 5.679 energy_loss: 33.541
[GPU0] epochs: [40/800] train_loss_con: 5.673 energy_loss: 31.706
[GPU0] epochs: [41/800] train_loss_con: 5.674 energy_loss: 30.176
[GPU0] epochs: [42/800] train_loss_con: 5.672 energy_loss: 28.830
[GPU0] epochs: [43/800] train_loss_con: 5.674 energy_loss: 27.765
[GPU0] epochs: [44/800] train_loss_con: 5.671 energy_loss: 26.733
[GPU0] epochs: [45/800] train_loss_con: 5.670 energy_loss: 25.726
[GPU0] epochs: [46/800] train_loss_con: 5.667 energy_loss: 24.936
[GPU0] epochs: [47/800] train_loss_con: 5.670 energy_loss: 24.239
[GPU0] epochs: [48/800] train_loss_con: 5.671 energy_loss: 23.512
[GPU0] epochs: [49/800] train_loss_con: 5.664 energy_loss: 23.032
[GPU0] epochs: [50/800] train_loss_con: 5.663 energy_loss: 22.370
[GPU0] epochs: [51/800] train_loss_con: 5.659 energy_loss: 21.980
[GPU0] epochs: [52/800] train_loss_con: 5.665 energy_loss: 21.597
[GPU0] epochs: [53/800] train_loss_con: 5.661 energy_loss: 21.292
[GPU0] epochs: [54/800] train_loss_con: 5.659 energy_loss: 20.827
[GPU0] epochs: [55/800] train_loss_con: 5.663 energy_loss: 20.598
[GPU0] epochs: [56/800] train_loss_con: 5.660 energy_loss: 20.124
[GPU0] epochs: [57/800] train_loss_con: 5.652 energy_loss: 19.952
[GPU0] epochs: [58/800] train_loss_con: 5.655 energy_loss: 19.548
[GPU0] epochs: [59/800] train_loss_con: 5.657 energy_loss: 19.441
[GPU0] epochs: [60/800] train_loss_con: 5.656 energy_loss: 19.200
[GPU0] epochs: [61/800] train_loss_con: 5.656 energy_loss: 18.978
[GPU0] epochs: [62/800] train_loss_con: 5.652 energy_loss: 18.734
[GPU0] epochs: [63/800] train_loss_con: 5.653 energy_loss: 18.634
[GPU0] epochs: [64/800] train_loss_con: 5.655 energy_loss: 18.496
[GPU0] epochs: [65/800] train_loss_con: 5.655 energy_loss: 18.278
[GPU0] epochs: [66/800] train_loss_con: 5.647 energy_loss: 18.131
[GPU0] epochs: [67/800] train_loss_con: 5.649 energy_loss: 17.770
[GPU0] epochs: [68/800] train_loss_con: 5.649 energy_loss: 17.773
[GPU0] epochs: [69/800] train_loss_con: 5.648 energy_loss: 17.475
[GPU0] epochs: [70/800] train_loss_con: 5.647 energy_loss: 17.297
[GPU0] epochs: [71/800] train_loss_con: 5.647 energy_loss: 17.293
[GPU0] epochs: [72/800] train_loss_con: 5.645 energy_loss: 17.134
[GPU0] epochs: [73/800] train_loss_con: 5.645 energy_loss: 17.017
[GPU0] epochs: [74/800] train_loss_con: 5.645 energy_loss: 16.912
[GPU0] epochs: [75/800] train_loss_con: 5.645 energy_loss: 16.755
[GPU0] epochs: [76/800] train_loss_con: 5.642 energy_loss: 16.680
[GPU0] epochs: [77/800] train_loss_con: 5.644 energy_loss: 16.521
[GPU0] epochs: [78/800] train_loss_con: 5.638 energy_loss: 16.576
[GPU0] epochs: [79/800] train_loss_con: 5.642 energy_loss: 16.287
[GPU0] epochs: [80/800] train_loss_con: 5.646 energy_loss: 16.151
[GPU0] epochs: [81/800] train_loss_con: 5.644 energy_loss: 15.933
[GPU0] epochs: [82/800] train_loss_con: 5.640 energy_loss: 16.107
[GPU0] epochs: [83/800] train_loss_con: 5.644 energy_loss: 15.941
[GPU0] epochs: [84/800] train_loss_con: 5.640 energy_loss: 15.993
[GPU0] epochs: [85/800] train_loss_con: 5.638 energy_loss: 15.876
[GPU0] epochs: [86/800] train_loss_con: 5.643 energy_loss: 15.739
[GPU0] epochs: [87/800] train_loss_con: 5.639 energy_loss: 15.581
[GPU0] epochs: [88/800] train_loss_con: 5.637 energy_loss: 15.516
[GPU0] epochs: [89/800] train_loss_con: 5.643 energy_loss: 15.373
[GPU0] epochs: [90/800] train_loss_con: 5.635 energy_loss: 15.239
[GPU0] epochs: [91/800] train_loss_con: 5.639 energy_loss: 15.275
[GPU0] epochs: [92/800] train_loss_con: 5.636 energy_loss: 15.021
[GPU0] epochs: [93/800] train_loss_con: 5.633 energy_loss: 14.990
[GPU0] epochs: [94/800] train_loss_con: 5.639 energy_loss: 14.860
[GPU0] epochs: [95/800] train_loss_con: 5.635 energy_loss: 14.860
[GPU0] epochs: [96/800] train_loss_con: 5.635 energy_loss: 14.803
[GPU0] epochs: [97/800] train_loss_con: 5.637 energy_loss: 14.743
[GPU0] epochs: [98/800] train_loss_con: 5.635 energy_loss: 14.783
[GPU0] epochs: [99/800] train_loss_con: 5.637 energy_loss: 14.571
[GPU0] epochs: [100/800] train_loss_con: 5.633 energy_loss: 14.463
[GPU0] epochs: [101/800] train_loss_con: 5.635 energy_loss: 14.442
[GPU0] epochs: [102/800] train_loss_con: 5.633 energy_loss: 14.645
[GPU0] epochs: [103/800] train_loss_con: 5.632 energy_loss: 14.388
[GPU0] epochs: [104/800] train_loss_con: 5.635 energy_loss: 14.345
[GPU0] epochs: [105/800] train_loss_con: 5.637 energy_loss: 14.383
[GPU0] epochs: [106/800] train_loss_con: 5.631 energy_loss: 14.127
[GPU0] epochs: [107/800] train_loss_con: 5.629 energy_loss: 14.196
[GPU0] epochs: [108/800] train_loss_con: 5.635 energy_loss: 14.127
[GPU0] epochs: [109/800] train_loss_con: 5.630 energy_loss: 13.929
[GPU0] epochs: [110/800] train_loss_con: 5.629 energy_loss: 13.951
[GPU0] epochs: [111/800] train_loss_con: 5.628 energy_loss: 13.885
[GPU0] epochs: [112/800] train_loss_con: 5.630 energy_loss: 13.816
[GPU0] epochs: [113/800] train_loss_con: 5.631 energy_loss: 13.762
[GPU0] epochs: [114/800] train_loss_con: 5.629 energy_loss: 13.500
[GPU0] epochs: [115/800] train_loss_con: 5.629 energy_loss: 13.646
[GPU0] epochs: [116/800] train_loss_con: 5.629 energy_loss: 13.639
[GPU0] epochs: [117/800] train_loss_con: 5.626 energy_loss: 13.706
[GPU0] epochs: [118/800] train_loss_con: 5.625 energy_loss: 13.354
[GPU0] epochs: [119/800] train_loss_con: 5.625 energy_loss: 13.331
[GPU0] epochs: [120/800] train_loss_con: 5.628 energy_loss: 13.478
[GPU0] epochs: [121/800] train_loss_con: 5.626 energy_loss: 13.254
[GPU0] epochs: [122/800] train_loss_con: 5.629 energy_loss: 13.465
[GPU0] epochs: [123/800] train_loss_con: 5.632 energy_loss: 13.306
[GPU0] epochs: [124/800] train_loss_con: 5.624 energy_loss: 13.311
[GPU0] epochs: [125/800] train_loss_con: 5.627 energy_loss: 13.172
[GPU0] epochs: [126/800] train_loss_con: 5.627 energy_loss: 13.279
[GPU0] epochs: [127/800] train_loss_con: 5.625 energy_loss: 13.331
[GPU0] epochs: [128/800] train_loss_con: 5.626 energy_loss: 13.258
[GPU0] epochs: [129/800] train_loss_con: 5.625 energy_loss: 13.101
[GPU0] epochs: [130/800] train_loss_con: 5.627 energy_loss: 13.001
[GPU0] epochs: [131/800] train_loss_con: 5.630 energy_loss: 13.110
[GPU0] epochs: [132/800] train_loss_con: 5.627 energy_loss: 13.023
[GPU0] epochs: [133/800] train_loss_con: 5.624 energy_loss: 13.052
[GPU0] epochs: [134/800] train_loss_con: 5.624 energy_loss: 12.993
[GPU0] epochs: [135/800] train_loss_con: 5.622 energy_loss: 12.966
[GPU0] epochs: [136/800] train_loss_con: 5.625 energy_loss: 12.838
[GPU0] epochs: [137/800] train_loss_con: 5.626 energy_loss: 12.958
[GPU0] epochs: [138/800] train_loss_con: 5.623 energy_loss: 12.900
[GPU0] epochs: [139/800] train_loss_con: 5.625 energy_loss: 12.808
[GPU0] epochs: [140/800] train_loss_con: 5.622 energy_loss: 12.699
[GPU0] epochs: [141/800] train_loss_con: 5.624 energy_loss: 12.641
[GPU0] epochs: [142/800] train_loss_con: 5.623 energy_loss: 12.651
[GPU0] epochs: [143/800] train_loss_con: 5.622 energy_loss: 12.589
[GPU0] epochs: [144/800] train_loss_con: 5.618 energy_loss: 12.628
[GPU0] epochs: [145/800] train_loss_con: 5.621 energy_loss: 12.637
[GPU0] epochs: [146/800] train_loss_con: 5.621 energy_loss: 12.609
[GPU0] epochs: [147/800] train_loss_con: 5.621 energy_loss: 12.450
[GPU0] epochs: [148/800] train_loss_con: 5.620 energy_loss: 12.473
[GPU0] epochs: [149/800] train_loss_con: 5.621 energy_loss: 12.552
[GPU0] epochs: [150/800] train_loss_con: 5.620 energy_loss: 12.546
[GPU0] epochs: [151/800] train_loss_con: 5.619 energy_loss: 12.458
[GPU0] epochs: [152/800] train_loss_con: 5.620 energy_loss: 12.366
[GPU0] epochs: [153/800] train_loss_con: 5.624 energy_loss: 12.252
[GPU0] epochs: [154/800] train_loss_con: 5.619 energy_loss: 12.344
[GPU0] epochs: [155/800] train_loss_con: 5.620 energy_loss: 12.284
[GPU0] epochs: [156/800] train_loss_con: 5.617 energy_loss: 12.248
[GPU0] epochs: [157/800] train_loss_con: 5.623 energy_loss: 12.427
[GPU0] epochs: [158/800] train_loss_con: 5.619 energy_loss: 12.314
[GPU0] epochs: [159/800] train_loss_con: 5.618 energy_loss: 12.122
[GPU0] epochs: [160/800] train_loss_con: 5.618 energy_loss: 12.220
[GPU0] epochs: [161/800] train_loss_con: 5.618 energy_loss: 12.239
[GPU0] epochs: [162/800] train_loss_con: 5.617 energy_loss: 12.298
[GPU0] epochs: [163/800] train_loss_con: 5.614 energy_loss: 12.211
[GPU0] epochs: [164/800] train_loss_con: 5.616 energy_loss: 12.158
[GPU0] epochs: [165/800] train_loss_con: 5.619 energy_loss: 12.113
[GPU0] epochs: [166/800] train_loss_con: 5.614 energy_loss: 11.964
[GPU0] epochs: [167/800] train_loss_con: 5.616 energy_loss: 12.174
[GPU0] epochs: [168/800] train_loss_con: 5.618 energy_loss: 12.060
[GPU0] epochs: [169/800] train_loss_con: 5.617 energy_loss: 11.922
[GPU0] epochs: [170/800] train_loss_con: 5.617 energy_loss: 11.974
[GPU0] epochs: [171/800] train_loss_con: 5.615 energy_loss: 11.945
[GPU0] epochs: [172/800] train_loss_con: 5.614 energy_loss: 11.944
[GPU0] epochs: [173/800] train_loss_con: 5.615 energy_loss: 11.968
[GPU0] epochs: [174/800] train_loss_con: 5.612 energy_loss: 11.712
[GPU0] epochs: [175/800] train_loss_con: 5.614 energy_loss: 11.933
[GPU0] epochs: [176/800] train_loss_con: 5.614 energy_loss: 11.776
[GPU0] epochs: [177/800] train_loss_con: 5.615 energy_loss: 11.637
[GPU0] epochs: [178/800] train_loss_con: 5.616 energy_loss: 11.748
[GPU0] epochs: [179/800] train_loss_con: 5.614 energy_loss: 11.822
[GPU0] epochs: [180/800] train_loss_con: 5.614 energy_loss: 11.586
[GPU0] epochs: [181/800] train_loss_con: 5.615 energy_loss: 11.591
[GPU0] epochs: [182/800] train_loss_con: 5.609 energy_loss: 11.666
[GPU0] epochs: [183/800] train_loss_con: 5.615 energy_loss: 11.855
[GPU0] epochs: [184/800] train_loss_con: 5.612 energy_loss: 11.705
[GPU0] epochs: [185/800] train_loss_con: 5.612 energy_loss: 11.640
[GPU0] epochs: [186/800] train_loss_con: 5.613 energy_loss: 11.659
[GPU0] epochs: [187/800] train_loss_con: 5.612 energy_loss: 11.786
[GPU0] epochs: [188/800] train_loss_con: 5.610 energy_loss: 11.770
[GPU0] epochs: [189/800] train_loss_con: 5.606 energy_loss: 11.536
[GPU0] epochs: [190/800] train_loss_con: 5.612 energy_loss: 11.566
[GPU0] epochs: [191/800] train_loss_con: 5.612 energy_loss: 11.541
[GPU0] epochs: [192/800] train_loss_con: 5.613 energy_loss: 11.685
[GPU0] epochs: [193/800] train_loss_con: 5.606 energy_loss: 11.573
[GPU0] epochs: [194/800] train_loss_con: 5.607 energy_loss: 11.469
[GPU0] epochs: [195/800] train_loss_con: 5.612 energy_loss: 11.423
[GPU0] epochs: [196/800] train_loss_con: 5.609 energy_loss: 11.342
[GPU0] epochs: [197/800] train_loss_con: 5.605 energy_loss: 11.357
[GPU0] epochs: [198/800] train_loss_con: 5.606 energy_loss: 11.392
[GPU0] epochs: [199/800] train_loss_con: 5.610 energy_loss: 11.449
[GPU0] epochs: [200/800] train_loss_con: 5.609 energy_loss: 11.439
[GPU0] epochs: [201/800] train_loss_con: 5.610 energy_loss: 11.308
[GPU0] epochs: [202/800] train_loss_con: 5.607 energy_loss: 11.244
[GPU0] epochs: [203/800] train_loss_con: 5.608 energy_loss: 11.306
[GPU0] epochs: [204/800] train_loss_con: 5.609 energy_loss: 11.361
[GPU0] epochs: [205/800] train_loss_con: 5.607 energy_loss: 11.400
[GPU0] epochs: [206/800] train_loss_con: 5.609 energy_loss: 11.286
[GPU0] epochs: [207/800] train_loss_con: 5.605 energy_loss: 11.244
[GPU0] epochs: [208/800] train_loss_con: 5.610 energy_loss: 11.202
[GPU0] epochs: [209/800] train_loss_con: 5.610 energy_loss: 11.168
[GPU0] epochs: [210/800] train_loss_con: 5.608 energy_loss: 11.088
[GPU0] epochs: [211/800] train_loss_con: 5.604 energy_loss: 11.037
[GPU0] epochs: [212/800] train_loss_con: 5.609 energy_loss: 11.175
[GPU0] epochs: [213/800] train_loss_con: 5.605 energy_loss: 11.174
[GPU0] epochs: [214/800] train_loss_con: 5.608 energy_loss: 11.243
[GPU0] epochs: [215/800] train_loss_con: 5.606 energy_loss: 11.220
[GPU0] epochs: [216/800] train_loss_con: 5.609 energy_loss: 11.310
[GPU0] epochs: [217/800] train_loss_con: 5.603 energy_loss: 11.227
[GPU0] epochs: [218/800] train_loss_con: 5.605 energy_loss: 11.162
[GPU0] epochs: [219/800] train_loss_con: 5.606 energy_loss: 11.049
[GPU0] epochs: [220/800] train_loss_con: 5.605 energy_loss: 11.246
[GPU0] epochs: [221/800] train_loss_con: 5.605 energy_loss: 11.017
[GPU0] epochs: [222/800] train_loss_con: 5.604 energy_loss: 11.258
[GPU0] epochs: [223/800] train_loss_con: 5.603 energy_loss: 10.987
[GPU0] epochs: [224/800] train_loss_con: 5.608 energy_loss: 10.987
[GPU0] epochs: [225/800] train_loss_con: 5.605 energy_loss: 11.002
[GPU0] epochs: [226/800] train_loss_con: 5.603 energy_loss: 10.998
[GPU0] epochs: [227/800] train_loss_con: 5.601 energy_loss: 10.867
[GPU0] epochs: [228/800] train_loss_con: 5.606 energy_loss: 10.898
[GPU0] epochs: [229/800] train_loss_con: 5.604 energy_loss: 10.867
[GPU0] epochs: [230/800] train_loss_con: 5.605 energy_loss: 10.826
[GPU0] epochs: [231/800] train_loss_con: 5.604 energy_loss: 10.982
[GPU0] epochs: [232/800] train_loss_con: 5.604 energy_loss: 10.950
[GPU0] epochs: [233/800] train_loss_con: 5.603 energy_loss: 11.036
[GPU0] epochs: [234/800] train_loss_con: 5.602 energy_loss: 10.975
[GPU0] epochs: [235/800] train_loss_con: 5.602 energy_loss: 10.827
[GPU0] epochs: [236/800] train_loss_con: 5.598 energy_loss: 10.887
[GPU0] epochs: [237/800] train_loss_con: 5.605 energy_loss: 10.921
[GPU0] epochs: [238/800] train_loss_con: 5.603 energy_loss: 10.848
[GPU0] epochs: [239/800] train_loss_con: 5.600 energy_loss: 10.910
[GPU0] epochs: [240/800] train_loss_con: 5.600 energy_loss: 10.781
[GPU0] epochs: [241/800] train_loss_con: 5.600 energy_loss: 10.764
[GPU0] epochs: [242/800] train_loss_con: 5.600 energy_loss: 10.866
[GPU0] epochs: [243/800] train_loss_con: 5.600 energy_loss: 10.733
[GPU0] epochs: [244/800] train_loss_con: 5.601 energy_loss: 10.692
[GPU0] epochs: [245/800] train_loss_con: 5.600 energy_loss: 10.639
[GPU0] epochs: [246/800] train_loss_con: 5.598 energy_loss: 10.729
[GPU0] epochs: [247/800] train_loss_con: 5.600 energy_loss: 10.764
[GPU0] epochs: [248/800] train_loss_con: 5.598 energy_loss: 10.785
[GPU0] epochs: [249/800] train_loss_con: 5.598 energy_loss: 10.643
[GPU0] epochs: [250/800] train_loss_con: 5.598 energy_loss: 10.562
[GPU0] epochs: [251/800] train_loss_con: 5.602 energy_loss: 10.591
[GPU0] epochs: [252/800] train_loss_con: 5.598 energy_loss: 10.560
[GPU0] epochs: [253/800] train_loss_con: 5.596 energy_loss: 10.681
[GPU0] epochs: [254/800] train_loss_con: 5.596 energy_loss: 10.627
[GPU0] epochs: [255/800] train_loss_con: 5.599 energy_loss: 10.654
[GPU0] epochs: [256/800] train_loss_con: 5.597 energy_loss: 10.563
[GPU0] epochs: [257/800] train_loss_con: 5.597 energy_loss: 10.652
[GPU0] epochs: [258/800] train_loss_con: 5.599 energy_loss: 10.537
[GPU0] epochs: [259/800] train_loss_con: 5.596 energy_loss: 10.612
[GPU0] epochs: [260/800] train_loss_con: 5.600 energy_loss: 10.546
[GPU0] epochs: [261/800] train_loss_con: 5.595 energy_loss: 10.592
[GPU0] epochs: [262/800] train_loss_con: 5.595 energy_loss: 10.573
[GPU0] epochs: [263/800] train_loss_con: 5.598 energy_loss: 10.628
[GPU0] epochs: [264/800] train_loss_con: 5.597 energy_loss: 10.642
[GPU0] epochs: [265/800] train_loss_con: 5.593 energy_loss: 10.492
[GPU0] epochs: [266/800] train_loss_con: 5.591 energy_loss: 10.451
[GPU0] epochs: [267/800] train_loss_con: 5.593 energy_loss: 10.372
[GPU0] epochs: [268/800] train_loss_con: 5.597 energy_loss: 10.445
[GPU0] epochs: [269/800] train_loss_con: 5.596 energy_loss: 10.456
[GPU0] epochs: [270/800] train_loss_con: 5.592 energy_loss: 10.440
[GPU0] epochs: [271/800] train_loss_con: 5.596 energy_loss: 10.516
[GPU0] epochs: [272/800] train_loss_con: 5.595 energy_loss: 10.463
[GPU0] epochs: [273/800] train_loss_con: 5.593 energy_loss: 10.491
[GPU0] epochs: [274/800] train_loss_con: 5.589 energy_loss: 10.435
[GPU0] epochs: [275/800] train_loss_con: 5.595 energy_loss: 10.460
[GPU0] epochs: [276/800] train_loss_con: 5.592 energy_loss: 10.435
[GPU0] epochs: [277/800] train_loss_con: 5.591 energy_loss: 10.379
[GPU0] epochs: [278/800] train_loss_con: 5.592 energy_loss: 10.350
[GPU0] epochs: [279/800] train_loss_con: 5.595 energy_loss: 10.376
[GPU0] epochs: [280/800] train_loss_con: 5.592 energy_loss: 10.330
[GPU0] epochs: [281/800] train_loss_con: 5.592 energy_loss: 10.315
[GPU0] epochs: [282/800] train_loss_con: 5.590 energy_loss: 10.324
[GPU0] epochs: [283/800] train_loss_con: 5.596 energy_loss: 10.311
[GPU0] epochs: [284/800] train_loss_con: 5.592 energy_loss: 10.299
[GPU0] epochs: [285/800] train_loss_con: 5.588 energy_loss: 10.346
[GPU0] epochs: [286/800] train_loss_con: 5.590 energy_loss: 10.144
[GPU0] epochs: [287/800] train_loss_con: 5.591 energy_loss: 10.267
[GPU0] epochs: [288/800] train_loss_con: 5.592 energy_loss: 10.163
[GPU0] epochs: [289/800] train_loss_con: 5.592 energy_loss: 10.118
[GPU0] epochs: [290/800] train_loss_con: 5.591 energy_loss: 10.215
[GPU0] epochs: [291/800] train_loss_con: 5.589 energy_loss: 10.092
[GPU0] epochs: [292/800] train_loss_con: 5.592 energy_loss: 10.200
[GPU0] epochs: [293/800] train_loss_con: 5.593 energy_loss: 10.024
[GPU0] epochs: [294/800] train_loss_con: 5.588 energy_loss: 10.133
[GPU0] epochs: [295/800] train_loss_con: 5.590 energy_loss: 9.985
[GPU0] epochs: [296/800] train_loss_con: 5.587 energy_loss: 10.084
[GPU0] epochs: [297/800] train_loss_con: 5.590 energy_loss: 10.049
[GPU0] epochs: [298/800] train_loss_con: 5.591 energy_loss: 10.058
[GPU0] epochs: [299/800] train_loss_con: 5.589 energy_loss: 9.960
[GPU0] epochs: [300/800] train_loss_con: 5.589 energy_loss: 9.886
[GPU0] epochs: [301/800] train_loss_con: 5.589 energy_loss: 9.916
[GPU0] epochs: [302/800] train_loss_con: 5.586 energy_loss: 9.893
[GPU0] epochs: [303/800] train_loss_con: 5.591 energy_loss: 10.026
[GPU0] epochs: [304/800] train_loss_con: 5.586 energy_loss: 9.963
[GPU0] epochs: [305/800] train_loss_con: 5.585 energy_loss: 9.771
[GPU0] epochs: [306/800] train_loss_con: 5.586 energy_loss: 9.831
[GPU0] epochs: [307/800] train_loss_con: 5.588 energy_loss: 9.879
[GPU0] epochs: [308/800] train_loss_con: 5.584 energy_loss: 9.981
[GPU0] epochs: [309/800] train_loss_con: 5.586 energy_loss: 9.998
[GPU0] epochs: [310/800] train_loss_con: 5.586 energy_loss: 9.877
[GPU0] epochs: [311/800] train_loss_con: 5.584 energy_loss: 10.005
[GPU0] epochs: [312/800] train_loss_con: 5.590 energy_loss: 9.779
[GPU0] epochs: [313/800] train_loss_con: 5.587 energy_loss: 9.763
[GPU0] epochs: [314/800] train_loss_con: 5.589 energy_loss: 9.737
[GPU0] epochs: [315/800] train_loss_con: 5.584 energy_loss: 9.821
[GPU0] epochs: [316/800] train_loss_con: 5.586 energy_loss: 9.803
[GPU0] epochs: [317/800] train_loss_con: 5.582 energy_loss: 9.734
[GPU0] epochs: [318/800] train_loss_con: 5.588 energy_loss: 9.795
[GPU0] epochs: [319/800] train_loss_con: 5.583 energy_loss: 9.856
[GPU0] epochs: [320/800] train_loss_con: 5.586 energy_loss: 9.827
[GPU0] epochs: [321/800] train_loss_con: 5.582 energy_loss: 9.653
[GPU0] epochs: [322/800] train_loss_con: 5.587 energy_loss: 9.631
[GPU0] epochs: [323/800] train_loss_con: 5.586 energy_loss: 9.662
[GPU0] epochs: [324/800] train_loss_con: 5.585 energy_loss: 9.607
[GPU0] epochs: [325/800] train_loss_con: 5.585 energy_loss: 9.689
[GPU0] epochs: [326/800] train_loss_con: 5.583 energy_loss: 9.635
[GPU0] epochs: [327/800] train_loss_con: 5.579 energy_loss: 9.741
[GPU0] epochs: [328/800] train_loss_con: 5.581 energy_loss: 9.638
[GPU0] epochs: [329/800] train_loss_con: 5.581 energy_loss: 9.728
[GPU0] epochs: [330/800] train_loss_con: 5.584 energy_loss: 9.663
[GPU0] epochs: [331/800] train_loss_con: 5.583 energy_loss: 9.551
[GPU0] epochs: [332/800] train_loss_con: 5.581 energy_loss: 9.595
[GPU0] epochs: [333/800] train_loss_con: 5.581 energy_loss: 9.541
[GPU0] epochs: [334/800] train_loss_con: 5.583 energy_loss: 9.552
[GPU0] epochs: [335/800] train_loss_con: 5.580 energy_loss: 9.695
[GPU0] epochs: [336/800] train_loss_con: 5.584 energy_loss: 9.677
[GPU0] epochs: [337/800] train_loss_con: 5.580 energy_loss: 9.714
[GPU0] epochs: [338/800] train_loss_con: 5.579 energy_loss: 9.600
[GPU0] epochs: [339/800] train_loss_con: 5.579 energy_loss: 9.548
[GPU0] epochs: [340/800] train_loss_con: 5.580 energy_loss: 9.466
[GPU0] epochs: [341/800] train_loss_con: 5.579 energy_loss: 9.276
[GPU0] epochs: [342/800] train_loss_con: 5.578 energy_loss: 9.501
[GPU0] epochs: [343/800] train_loss_con: 5.580 energy_loss: 9.496
[GPU0] epochs: [344/800] train_loss_con: 5.577 energy_loss: 9.518
[GPU0] epochs: [345/800] train_loss_con: 5.577 energy_loss: 9.390
[GPU0] epochs: [346/800] train_loss_con: 5.581 energy_loss: 9.448
[GPU0] epochs: [347/800] train_loss_con: 5.577 energy_loss: 9.390
[GPU0] epochs: [348/800] train_loss_con: 5.579 energy_loss: 9.431
[GPU0] epochs: [349/800] train_loss_con: 5.575 energy_loss: 9.433
[GPU0] epochs: [350/800] train_loss_con: 5.578 energy_loss: 9.349
[GPU0] epochs: [351/800] train_loss_con: 5.573 energy_loss: 9.481
[GPU0] epochs: [352/800] train_loss_con: 5.578 energy_loss: 9.409
[GPU0] epochs: [353/800] train_loss_con: 5.576 energy_loss: 9.316
[GPU0] epochs: [354/800] train_loss_con: 5.574 energy_loss: 9.331
[GPU0] epochs: [355/800] train_loss_con: 5.576 energy_loss: 9.271
[GPU0] epochs: [356/800] train_loss_con: 5.579 energy_loss: 9.248
[GPU0] epochs: [357/800] train_loss_con: 5.576 energy_loss: 9.240
[GPU0] epochs: [358/800] train_loss_con: 5.573 energy_loss: 9.198
[GPU0] epochs: [359/800] train_loss_con: 5.573 energy_loss: 9.196
[GPU0] epochs: [360/800] train_loss_con: 5.576 energy_loss: 9.264
[GPU0] epochs: [361/800] train_loss_con: 5.578 energy_loss: 9.314
[GPU0] epochs: [362/800] train_loss_con: 5.572 energy_loss: 9.240
[GPU0] epochs: [363/800] train_loss_con: 5.571 energy_loss: 9.187
[GPU0] epochs: [364/800] train_loss_con: 5.572 energy_loss: 8.994
[GPU0] epochs: [365/800] train_loss_con: 5.574 energy_loss: 9.118
[GPU0] epochs: [366/800] train_loss_con: 5.577 energy_loss: 9.091
[GPU0] epochs: [367/800] train_loss_con: 5.572 energy_loss: 9.160
[GPU0] epochs: [368/800] train_loss_con: 5.569 energy_loss: 9.046
[GPU0] epochs: [369/800] train_loss_con: 5.575 energy_loss: 9.135
[GPU0] epochs: [370/800] train_loss_con: 5.572 energy_loss: 9.163
[GPU0] epochs: [371/800] train_loss_con: 5.572 energy_loss: 9.011
[GPU0] epochs: [372/800] train_loss_con: 5.569 energy_loss: 9.087
[GPU0] epochs: [373/800] train_loss_con: 5.570 energy_loss: 9.062
[GPU0] epochs: [374/800] train_loss_con: 5.571 energy_loss: 9.046
[GPU0] epochs: [375/800] train_loss_con: 5.571 energy_loss: 9.074
[GPU0] epochs: [376/800] train_loss_con: 5.574 energy_loss: 9.043
[GPU0] epochs: [377/800] train_loss_con: 5.572 energy_loss: 9.040
[GPU0] epochs: [378/800] train_loss_con: 5.569 energy_loss: 8.984
[GPU0] epochs: [379/800] train_loss_con: 5.571 energy_loss: 8.995
[GPU0] epochs: [380/800] train_loss_con: 5.572 energy_loss: 9.156
[GPU0] epochs: [381/800] train_loss_con: 5.569 energy_loss: 9.030
[GPU0] epochs: [382/800] train_loss_con: 5.570 energy_loss: 9.027
[GPU0] epochs: [383/800] train_loss_con: 5.568 energy_loss: 8.946
[GPU0] epochs: [384/800] train_loss_con: 5.569 energy_loss: 8.987
[GPU0] epochs: [385/800] train_loss_con: 5.569 energy_loss: 8.881
[GPU0] epochs: [386/800] train_loss_con: 5.569 energy_loss: 8.968
[GPU0] epochs: [387/800] train_loss_con: 5.569 energy_loss: 8.918
[GPU0] epochs: [388/800] train_loss_con: 5.568 energy_loss: 8.883
[GPU0] epochs: [389/800] train_loss_con: 5.565 energy_loss: 8.890
[GPU0] epochs: [390/800] train_loss_con: 5.566 energy_loss: 8.846
[GPU0] epochs: [391/800] train_loss_con: 5.568 energy_loss: 8.898
[GPU0] epochs: [392/800] train_loss_con: 5.565 energy_loss: 8.872
[GPU0] epochs: [393/800] train_loss_con: 5.568 energy_loss: 8.757
[GPU0] epochs: [394/800] train_loss_con: 5.571 energy_loss: 8.842
[GPU0] epochs: [395/800] train_loss_con: 5.564 energy_loss: 8.738
[GPU0] epochs: [396/800] train_loss_con: 5.565 energy_loss: 8.860
[GPU0] epochs: [397/800] train_loss_con: 5.566 energy_loss: 8.826
[GPU0] epochs: [398/800] train_loss_con: 5.570 energy_loss: 8.835
[GPU0] epochs: [399/800] train_loss_con: 5.565 energy_loss: 8.736
[GPU0] epochs: [400/800] train_loss_con: 5.566 energy_loss: 8.691
[GPU0] epochs: [401/800] train_loss_con: 5.566 energy_loss: 8.765
[GPU0] epochs: [402/800] train_loss_con: 5.565 energy_loss: 8.753
[GPU0] epochs: [403/800] train_loss_con: 5.562 energy_loss: 8.777
[GPU0] epochs: [404/800] train_loss_con: 5.565 energy_loss: 8.712
[GPU0] epochs: [405/800] train_loss_con: 5.562 energy_loss: 8.765
[GPU0] epochs: [406/800] train_loss_con: 5.565 energy_loss: 8.790
[GPU0] epochs: [407/800] train_loss_con: 5.565 energy_loss: 8.754
[GPU0] epochs: [408/800] train_loss_con: 5.564 energy_loss: 8.757
[GPU0] epochs: [409/800] train_loss_con: 5.560 energy_loss: 8.693
[GPU0] epochs: [410/800] train_loss_con: 5.565 energy_loss: 8.724
[GPU0] epochs: [411/800] train_loss_con: 5.563 energy_loss: 8.825
[GPU0] epochs: [412/800] train_loss_con: 5.559 energy_loss: 8.731
[GPU0] epochs: [413/800] train_loss_con: 5.561 energy_loss: 8.607
[GPU0] epochs: [414/800] train_loss_con: 5.561 energy_loss: 8.561
[GPU0] epochs: [415/800] train_loss_con: 5.561 energy_loss: 8.571
[GPU0] epochs: [416/800] train_loss_con: 5.560 energy_loss: 8.542
[GPU0] epochs: [417/800] train_loss_con: 5.562 energy_loss: 8.543
[GPU0] epochs: [418/800] train_loss_con: 5.566 energy_loss: 8.457
[GPU0] epochs: [419/800] train_loss_con: 5.556 energy_loss: 8.559
[GPU0] epochs: [420/800] train_loss_con: 5.561 energy_loss: 8.554
[GPU0] epochs: [421/800] train_loss_con: 5.560 energy_loss: 8.421
[GPU0] epochs: [422/800] train_loss_con: 5.560 energy_loss: 8.435
[GPU0] epochs: [423/800] train_loss_con: 5.556 energy_loss: 8.497
[GPU0] epochs: [424/800] train_loss_con: 5.562 energy_loss: 8.468
[GPU0] epochs: [425/800] train_loss_con: 5.557 energy_loss: 8.433
[GPU0] epochs: [426/800] train_loss_con: 5.560 energy_loss: 8.469
[GPU0] epochs: [427/800] train_loss_con: 5.558 energy_loss: 8.461
[GPU0] epochs: [428/800] train_loss_con: 5.555 energy_loss: 8.401
[GPU0] epochs: [429/800] train_loss_con: 5.559 energy_loss: 8.484
[GPU0] epochs: [430/800] train_loss_con: 5.561 energy_loss: 8.517
[GPU0] epochs: [431/800] train_loss_con: 5.557 energy_loss: 8.442
[GPU0] epochs: [432/800] train_loss_con: 5.556 energy_loss: 8.350
[GPU0] epochs: [433/800] train_loss_con: 5.558 energy_loss: 8.339
[GPU0] epochs: [434/800] train_loss_con: 5.557 energy_loss: 8.329
[GPU0] epochs: [435/800] train_loss_con: 5.554 energy_loss: 8.375
[GPU0] epochs: [436/800] train_loss_con: 5.557 energy_loss: 8.240
[GPU0] epochs: [437/800] train_loss_con: 5.553 energy_loss: 8.311
[GPU0] epochs: [438/800] train_loss_con: 5.554 energy_loss: 8.235
[GPU0] epochs: [439/800] train_loss_con: 5.554 energy_loss: 8.307
[GPU0] epochs: [440/800] train_loss_con: 5.555 energy_loss: 8.195
[GPU0] epochs: [441/800] train_loss_con: 5.552 energy_loss: 8.307
[GPU0] epochs: [442/800] train_loss_con: 5.554 energy_loss: 8.328
[GPU0] epochs: [443/800] train_loss_con: 5.553 energy_loss: 8.180
[GPU0] epochs: [444/800] train_loss_con: 5.554 energy_loss: 8.247
[GPU0] epochs: [445/800] train_loss_con: 5.555 energy_loss: 8.322
[GPU0] epochs: [446/800] train_loss_con: 5.551 energy_loss: 8.199
[GPU0] epochs: [447/800] train_loss_con: 5.556 energy_loss: 8.237
[GPU0] epochs: [448/800] train_loss_con: 5.552 energy_loss: 8.344
[GPU0] epochs: [449/800] train_loss_con: 5.549 energy_loss: 8.168
[GPU0] epochs: [450/800] train_loss_con: 5.551 energy_loss: 8.079
[GPU0] epochs: [451/800] train_loss_con: 5.555 energy_loss: 8.165
[GPU0] epochs: [452/800] train_loss_con: 5.553 energy_loss: 8.152
[GPU0] epochs: [453/800] train_loss_con: 5.552 energy_loss: 8.121
[GPU0] epochs: [454/800] train_loss_con: 5.552 energy_loss: 8.218
[GPU0] epochs: [455/800] train_loss_con: 5.548 energy_loss: 8.183
[GPU0] epochs: [456/800] train_loss_con: 5.550 energy_loss: 8.149
[GPU0] epochs: [457/800] train_loss_con: 5.549 energy_loss: 8.184
[GPU0] epochs: [458/800] train_loss_con: 5.551 energy_loss: 8.125
[GPU0] epochs: [459/800] train_loss_con: 5.549 energy_loss: 8.167
[GPU0] epochs: [460/800] train_loss_con: 5.550 energy_loss: 8.162
[GPU0] epochs: [461/800] train_loss_con: 5.547 energy_loss: 8.040
[GPU0] epochs: [462/800] train_loss_con: 5.549 energy_loss: 7.985
[GPU0] epochs: [463/800] train_loss_con: 5.550 energy_loss: 8.067
[GPU0] epochs: [464/800] train_loss_con: 5.548 energy_loss: 8.083
[GPU0] epochs: [465/800] train_loss_con: 5.545 energy_loss: 8.013
[GPU0] epochs: [466/800] train_loss_con: 5.548 energy_loss: 7.994
[GPU0] epochs: [467/800] train_loss_con: 5.546 energy_loss: 7.981
[GPU0] epochs: [468/800] train_loss_con: 5.548 energy_loss: 8.028
[GPU0] epochs: [469/800] train_loss_con: 5.548 energy_loss: 8.001
[GPU0] epochs: [470/800] train_loss_con: 5.547 energy_loss: 7.939
[GPU0] epochs: [471/800] train_loss_con: 5.545 energy_loss: 7.962
[GPU0] epochs: [472/800] train_loss_con: 5.541 energy_loss: 7.914
[GPU0] epochs: [473/800] train_loss_con: 5.545 energy_loss: 7.907
[GPU0] epochs: [474/800] train_loss_con: 5.544 energy_loss: 7.886
[GPU0] epochs: [475/800] train_loss_con: 5.540 energy_loss: 7.849
[GPU0] epochs: [476/800] train_loss_con: 5.545 energy_loss: 7.905
[GPU0] epochs: [477/800] train_loss_con: 5.543 energy_loss: 7.962
[GPU0] epochs: [478/800] train_loss_con: 5.538 energy_loss: 7.808
[GPU0] epochs: [479/800] train_loss_con: 5.543 energy_loss: 7.853
[GPU0] epochs: [480/800] train_loss_con: 5.538 energy_loss: 7.742
[GPU0] epochs: [481/800] train_loss_con: 5.542 energy_loss: 7.781
[GPU0] epochs: [482/800] train_loss_con: 5.540 energy_loss: 7.827
[GPU0] epochs: [483/800] train_loss_con: 5.540 energy_loss: 7.735
[GPU0] epochs: [484/800] train_loss_con: 5.541 energy_loss: 7.832
[GPU0] epochs: [485/800] train_loss_con: 5.543 energy_loss: 7.769
[GPU0] epochs: [486/800] train_loss_con: 5.540 energy_loss: 7.785
[GPU0] epochs: [487/800] train_loss_con: 5.539 energy_loss: 7.785
[GPU0] epochs: [488/800] train_loss_con: 5.540 energy_loss: 7.652
[GPU0] epochs: [489/800] train_loss_con: 5.542 energy_loss: 7.732
[GPU0] epochs: [490/800] train_loss_con: 5.542 energy_loss: 7.715
[GPU0] epochs: [491/800] train_loss_con: 5.539 energy_loss: 7.764
[GPU0] epochs: [492/800] train_loss_con: 5.536 energy_loss: 7.627
[GPU0] epochs: [493/800] train_loss_con: 5.540 energy_loss: 7.573
[GPU0] epochs: [494/800] train_loss_con: 5.540 energy_loss: 7.660
[GPU0] epochs: [495/800] train_loss_con: 5.536 energy_loss: 7.732
[GPU0] epochs: [496/800] train_loss_con: 5.536 energy_loss: 7.585
[GPU0] epochs: [497/800] train_loss_con: 5.537 energy_loss: 7.606
[GPU0] epochs: [498/800] train_loss_con: 5.535 energy_loss: 7.636
[GPU0] epochs: [499/800] train_loss_con: 5.536 energy_loss: 7.554
[GPU0] epochs: [500/800] train_loss_con: 5.538 energy_loss: 7.538
[GPU0] epochs: [501/800] train_loss_con: 5.536 energy_loss: 7.562
[GPU0] epochs: [502/800] train_loss_con: 5.534 energy_loss: 7.516
[GPU0] epochs: [503/800] train_loss_con: 5.533 energy_loss: 7.507
[GPU0] epochs: [504/800] train_loss_con: 5.539 energy_loss: 7.490
[GPU0] epochs: [505/800] train_loss_con: 5.537 energy_loss: 7.418
[GPU0] epochs: [506/800] train_loss_con: 5.533 energy_loss: 7.522
[GPU0] epochs: [507/800] train_loss_con: 5.535 energy_loss: 7.446
[GPU0] epochs: [508/800] train_loss_con: 5.534 energy_loss: 7.383
[GPU0] epochs: [509/800] train_loss_con: 5.533 energy_loss: 7.442
[GPU0] epochs: [510/800] train_loss_con: 5.537 energy_loss: 7.406
[GPU0] epochs: [511/800] train_loss_con: 5.532 energy_loss: 7.496
[GPU0] epochs: [512/800] train_loss_con: 5.531 energy_loss: 7.473
[GPU0] epochs: [513/800] train_loss_con: 5.529 energy_loss: 7.360
[GPU0] epochs: [514/800] train_loss_con: 5.535 energy_loss: 7.274
[GPU0] epochs: [515/800] train_loss_con: 5.531 energy_loss: 7.382
[GPU0] epochs: [516/800] train_loss_con: 5.527 energy_loss: 7.348
[GPU0] epochs: [517/800] train_loss_con: 5.530 energy_loss: 7.359
[GPU0] epochs: [518/800] train_loss_con: 5.531 energy_loss: 7.384
[GPU0] epochs: [519/800] train_loss_con: 5.528 energy_loss: 7.396
[GPU0] epochs: [520/800] train_loss_con: 5.529 energy_loss: 7.337
[GPU0] epochs: [521/800] train_loss_con: 5.531 energy_loss: 7.216
[GPU0] epochs: [522/800] train_loss_con: 5.530 energy_loss: 7.241
[GPU0] epochs: [523/800] train_loss_con: 5.529 energy_loss: 7.238
[GPU0] epochs: [524/800] train_loss_con: 5.528 energy_loss: 7.231
[GPU0] epochs: [525/800] train_loss_con: 5.526 energy_loss: 7.151
[GPU0] epochs: [526/800] train_loss_con: 5.531 energy_loss: 7.200
[GPU0] epochs: [527/800] train_loss_con: 5.527 energy_loss: 7.199
[GPU0] epochs: [528/800] train_loss_con: 5.527 energy_loss: 7.240
[GPU0] epochs: [529/800] train_loss_con: 5.524 energy_loss: 7.179
[GPU0] epochs: [530/800] train_loss_con: 5.525 energy_loss: 7.163
[GPU0] epochs: [531/800] train_loss_con: 5.526 energy_loss: 7.110
[GPU0] epochs: [532/800] train_loss_con: 5.522 energy_loss: 7.114
[GPU0] epochs: [533/800] train_loss_con: 5.522 energy_loss: 7.170
[GPU0] epochs: [534/800] train_loss_con: 5.525 energy_loss: 7.098
[GPU0] epochs: [535/800] train_loss_con: 5.527 energy_loss: 7.182
[GPU0] epochs: [536/800] train_loss_con: 5.527 energy_loss: 7.085
[GPU0] epochs: [537/800] train_loss_con: 5.522 energy_loss: 7.128
[GPU0] epochs: [538/800] train_loss_con: 5.522 energy_loss: 7.101
[GPU0] epochs: [539/800] train_loss_con: 5.521 energy_loss: 7.034
[GPU0] epochs: [540/800] train_loss_con: 5.523 energy_loss: 7.004
[GPU0] epochs: [541/800] train_loss_con: 5.521 energy_loss: 6.990
[GPU0] epochs: [542/800] train_loss_con: 5.519 energy_loss: 6.957
[GPU0] epochs: [543/800] train_loss_con: 5.521 energy_loss: 7.009
[GPU0] epochs: [544/800] train_loss_con: 5.520 energy_loss: 6.935
[GPU0] epochs: [545/800] train_loss_con: 5.520 energy_loss: 6.983
[GPU0] epochs: [546/800] train_loss_con: 5.522 energy_loss: 6.991
[GPU0] epochs: [547/800] train_loss_con: 5.520 energy_loss: 6.990
[GPU0] epochs: [548/800] train_loss_con: 5.519 energy_loss: 6.963
[GPU0] epochs: [549/800] train_loss_con: 5.518 energy_loss: 7.041
[GPU0] epochs: [550/800] train_loss_con: 5.520 energy_loss: 7.052
[GPU0] epochs: [551/800] train_loss_con: 5.518 energy_loss: 6.919
[GPU0] epochs: [552/800] train_loss_con: 5.518 energy_loss: 6.934
[GPU0] epochs: [553/800] train_loss_con: 5.517 energy_loss: 6.883
[GPU0] epochs: [554/800] train_loss_con: 5.519 energy_loss: 6.883
[GPU0] epochs: [555/800] train_loss_con: 5.518 energy_loss: 6.803
[GPU0] epochs: [556/800] train_loss_con: 5.515 energy_loss: 6.795
[GPU0] epochs: [557/800] train_loss_con: 5.515 energy_loss: 6.857
[GPU0] epochs: [558/800] train_loss_con: 5.517 energy_loss: 6.881
[GPU0] epochs: [559/800] train_loss_con: 5.512 energy_loss: 6.856
[GPU0] epochs: [560/800] train_loss_con: 5.516 energy_loss: 6.847
[GPU0] epochs: [561/800] train_loss_con: 5.517 energy_loss: 6.754
[GPU0] epochs: [562/800] train_loss_con: 5.513 energy_loss: 6.795
[GPU0] epochs: [563/800] train_loss_con: 5.511 energy_loss: 6.750
[GPU0] epochs: [564/800] train_loss_con: 5.517 energy_loss: 6.729
[GPU0] epochs: [565/800] train_loss_con: 5.511 energy_loss: 6.799
[GPU0] epochs: [566/800] train_loss_con: 5.512 energy_loss: 6.757
[GPU0] epochs: [567/800] train_loss_con: 5.514 energy_loss: 6.641
[GPU0] epochs: [568/800] train_loss_con: 5.511 energy_loss: 6.658
[GPU0] epochs: [569/800] train_loss_con: 5.508 energy_loss: 6.720
[GPU0] epochs: [570/800] train_loss_con: 5.515 energy_loss: 6.691
[GPU0] epochs: [571/800] train_loss_con: 5.510 energy_loss: 6.637
[GPU0] epochs: [572/800] train_loss_con: 5.508 energy_loss: 6.577
[GPU0] epochs: [573/800] train_loss_con: 5.507 energy_loss: 6.588
[GPU0] epochs: [574/800] train_loss_con: 5.512 energy_loss: 6.459
[GPU0] epochs: [575/800] train_loss_con: 5.510 energy_loss: 6.599
[GPU0] epochs: [576/800] train_loss_con: 5.507 energy_loss: 6.559
[GPU0] epochs: [577/800] train_loss_con: 5.512 energy_loss: 6.507
[GPU0] epochs: [578/800] train_loss_con: 5.508 energy_loss: 6.504
[GPU0] epochs: [579/800] train_loss_con: 5.508 energy_loss: 6.505
[GPU0] epochs: [580/800] train_loss_con: 5.507 energy_loss: 6.519
[GPU0] epochs: [581/800] train_loss_con: 5.509 energy_loss: 6.485
[GPU0] epochs: [582/800] train_loss_con: 5.502 energy_loss: 6.429
[GPU0] epochs: [583/800] train_loss_con: 5.509 energy_loss: 6.443
[GPU0] epochs: [584/800] train_loss_con: 5.507 energy_loss: 6.517
[GPU0] epochs: [585/800] train_loss_con: 5.503 energy_loss: 6.476
[GPU0] epochs: [586/800] train_loss_con: 5.505 energy_loss: 6.509
[GPU0] epochs: [587/800] train_loss_con: 5.503 energy_loss: 6.480
[GPU0] epochs: [588/800] train_loss_con: 5.507 energy_loss: 6.432
[GPU0] epochs: [589/800] train_loss_con: 5.506 energy_loss: 6.403
[GPU0] epochs: [590/800] train_loss_con: 5.502 energy_loss: 6.390
[GPU0] epochs: [591/800] train_loss_con: 5.503 energy_loss: 6.300
[GPU0] epochs: [592/800] train_loss_con: 5.499 energy_loss: 6.322
[GPU0] epochs: [593/800] train_loss_con: 5.501 energy_loss: 6.341
[GPU0] epochs: [594/800] train_loss_con: 5.501 energy_loss: 6.319
[GPU0] epochs: [595/800] train_loss_con: 5.501 energy_loss: 6.286
[GPU0] epochs: [596/800] train_loss_con: 5.498 energy_loss: 6.328
[GPU0] epochs: [597/800] train_loss_con: 5.502 energy_loss: 6.260
[GPU0] epochs: [598/800] train_loss_con: 5.497 energy_loss: 6.222
[GPU0] epochs: [599/800] train_loss_con: 5.499 energy_loss: 6.225
[GPU0] epochs: [600/800] train_loss_con: 5.500 energy_loss: 6.250
[GPU0] epochs: [601/800] train_loss_con: 5.497 energy_loss: 6.212
[GPU0] epochs: [602/800] train_loss_con: 5.497 energy_loss: 6.181
[GPU0] epochs: [603/800] train_loss_con: 5.499 energy_loss: 6.104
[GPU0] epochs: [604/800] train_loss_con: 5.498 energy_loss: 6.094
[GPU0] epochs: [605/800] train_loss_con: 5.496 energy_loss: 6.216
[GPU0] epochs: [606/800] train_loss_con: 5.498 energy_loss: 6.169
[GPU0] epochs: [607/800] train_loss_con: 5.493 energy_loss: 6.161
[GPU0] epochs: [608/800] train_loss_con: 5.495 energy_loss: 6.094
[GPU0] epochs: [609/800] train_loss_con: 5.494 energy_loss: 6.038
[GPU0] epochs: [610/800] train_loss_con: 5.497 energy_loss: 6.088
[GPU0] epochs: [611/800] train_loss_con: 5.492 energy_loss: 6.086
[GPU0] epochs: [612/800] train_loss_con: 5.494 energy_loss: 6.023
[GPU0] epochs: [613/800] train_loss_con: 5.494 energy_loss: 6.079
[GPU0] epochs: [614/800] train_loss_con: 5.492 energy_loss: 6.060
[GPU0] epochs: [615/800] train_loss_con: 5.494 energy_loss: 6.027
[GPU0] epochs: [616/800] train_loss_con: 5.493 energy_loss: 6.065
[GPU0] epochs: [617/800] train_loss_con: 5.493 energy_loss: 6.024
[GPU0] epochs: [618/800] train_loss_con: 5.491 energy_loss: 6.064
[GPU0] epochs: [619/800] train_loss_con: 5.492 energy_loss: 6.096
[GPU0] epochs: [620/800] train_loss_con: 5.491 energy_loss: 6.003
[GPU0] epochs: [621/800] train_loss_con: 5.490 energy_loss: 5.969
[GPU0] epochs: [622/800] train_loss_con: 5.490 energy_loss: 6.006
[GPU0] epochs: [623/800] train_loss_con: 5.488 energy_loss: 5.941
[GPU0] epochs: [624/800] train_loss_con: 5.486 energy_loss: 5.860
[GPU0] epochs: [625/800] train_loss_con: 5.488 energy_loss: 5.931
[GPU0] epochs: [626/800] train_loss_con: 5.485 energy_loss: 5.907
[GPU0] epochs: [627/800] train_loss_con: 5.487 energy_loss: 5.890
[GPU0] epochs: [628/800] train_loss_con: 5.486 energy_loss: 5.900
[GPU0] epochs: [629/800] train_loss_con: 5.487 energy_loss: 5.851
[GPU0] epochs: [630/800] train_loss_con: 5.485 energy_loss: 5.826
[GPU0] epochs: [631/800] train_loss_con: 5.483 energy_loss: 5.817
[GPU0] epochs: [632/800] train_loss_con: 5.486 energy_loss: 5.776
[GPU0] epochs: [633/800] train_loss_con: 5.481 energy_loss: 5.833
[GPU0] epochs: [634/800] train_loss_con: 5.484 energy_loss: 5.792
[GPU0] epochs: [635/800] train_loss_con: 5.483 energy_loss: 5.734
[GPU0] epochs: [636/800] train_loss_con: 5.484 energy_loss: 5.717
[GPU0] epochs: [637/800] train_loss_con: 5.484 energy_loss: 5.771
[GPU0] epochs: [638/800] train_loss_con: 5.481 energy_loss: 5.730
[GPU0] epochs: [639/800] train_loss_con: 5.479 energy_loss: 5.694
[GPU0] epochs: [640/800] train_loss_con: 5.481 energy_loss: 5.659
[GPU0] epochs: [641/800] train_loss_con: 5.481 energy_loss: 5.730
[GPU0] epochs: [642/800] train_loss_con: 5.478 energy_loss: 5.677
[GPU0] epochs: [643/800] train_loss_con: 5.477 energy_loss: 5.628
[GPU0] epochs: [644/800] train_loss_con: 5.478 energy_loss: 5.580
[GPU0] epochs: [645/800] train_loss_con: 5.477 energy_loss: 5.641
[GPU0] epochs: [646/800] train_loss_con: 5.479 energy_loss: 5.616
[GPU0] epochs: [647/800] train_loss_con: 5.479 energy_loss: 5.566
[GPU0] epochs: [648/800] train_loss_con: 5.476 energy_loss: 5.550
[GPU0] epochs: [649/800] train_loss_con: 5.475 energy_loss: 5.518
[GPU0] epochs: [650/800] train_loss_con: 5.475 energy_loss: 5.543
[GPU0] epochs: [651/800] train_loss_con: 5.472 energy_loss: 5.488
[GPU0] epochs: [652/800] train_loss_con: 5.475 energy_loss: 5.502
[GPU0] epochs: [653/800] train_loss_con: 5.473 energy_loss: 5.545
[GPU0] epochs: [654/800] train_loss_con: 5.475 energy_loss: 5.502
[GPU0] epochs: [655/800] train_loss_con: 5.475 energy_loss: 5.539
[GPU0] epochs: [656/800] train_loss_con: 5.474 energy_loss: 5.463
[GPU0] epochs: [657/800] train_loss_con: 5.470 energy_loss: 5.452
[GPU0] epochs: [658/800] train_loss_con: 5.473 energy_loss: 5.445
[GPU0] epochs: [659/800] train_loss_con: 5.472 energy_loss: 5.430
[GPU0] epochs: [660/800] train_loss_con: 5.471 energy_loss: 5.380
[GPU0] epochs: [661/800] train_loss_con: 5.468 energy_loss: 5.391
[GPU0] epochs: [662/800] train_loss_con: 5.472 energy_loss: 5.378
[GPU0] epochs: [663/800] train_loss_con: 5.471 energy_loss: 5.350
[GPU0] epochs: [664/800] train_loss_con: 5.468 energy_loss: 5.299
[GPU0] epochs: [665/800] train_loss_con: 5.468 energy_loss: 5.333
[GPU0] epochs: [666/800] train_loss_con: 5.467 energy_loss: 5.332
[GPU0] epochs: [667/800] train_loss_con: 5.466 energy_loss: 5.337
[GPU0] epochs: [668/800] train_loss_con: 5.466 energy_loss: 5.355
[GPU0] epochs: [669/800] train_loss_con: 5.466 energy_loss: 5.321
[GPU0] epochs: [670/800] train_loss_con: 5.466 energy_loss: 5.265
[GPU0] epochs: [671/800] train_loss_con: 5.466 energy_loss: 5.214
[GPU0] epochs: [672/800] train_loss_con: 5.462 energy_loss: 5.222
[GPU0] epochs: [673/800] train_loss_con: 5.461 energy_loss: 5.312
[GPU0] epochs: [674/800] train_loss_con: 5.462 energy_loss: 5.168
[GPU0] epochs: [675/800] train_loss_con: 5.463 energy_loss: 5.179
[GPU0] epochs: [676/800] train_loss_con: 5.461 energy_loss: 5.154
[GPU0] epochs: [677/800] train_loss_con: 5.462 energy_loss: 5.240
[GPU0] epochs: [678/800] train_loss_con: 5.463 energy_loss: 5.238
[GPU0] epochs: [679/800] train_loss_con: 5.460 energy_loss: 5.217
[GPU0] epochs: [680/800] train_loss_con: 5.459 energy_loss: 5.143
[GPU0] epochs: [681/800] train_loss_con: 5.460 energy_loss: 5.112
[GPU0] epochs: [682/800] train_loss_con: 5.459 energy_loss: 5.188
[GPU0] epochs: [683/800] train_loss_con: 5.460 energy_loss: 5.135
[GPU0] epochs: [684/800] train_loss_con: 5.458 energy_loss: 5.076
[GPU0] epochs: [685/800] train_loss_con: 5.457 energy_loss: 5.138
[GPU0] epochs: [686/800] train_loss_con: 5.456 energy_loss: 5.151
[GPU0] epochs: [687/800] train_loss_con: 5.456 energy_loss: 5.139
[GPU0] epochs: [688/800] train_loss_con: 5.455 energy_loss: 5.069
[GPU0] epochs: [689/800] train_loss_con: 5.453 energy_loss: 5.095
[GPU0] epochs: [690/800] train_loss_con: 5.455 energy_loss: 5.024
[GPU0] epochs: [691/800] train_loss_con: 5.454 energy_loss: 5.062
[GPU0] epochs: [692/800] train_loss_con: 5.454 energy_loss: 5.081
[GPU0] epochs: [693/800] train_loss_con: 5.453 energy_loss: 4.990
[GPU0] epochs: [694/800] train_loss_con: 5.452 energy_loss: 4.981
[GPU0] epochs: [695/800] train_loss_con: 5.453 energy_loss: 4.952
[GPU0] epochs: [696/800] train_loss_con: 5.449 energy_loss: 4.988
[GPU0] epochs: [697/800] train_loss_con: 5.453 energy_loss: 4.949
[GPU0] epochs: [698/800] train_loss_con: 5.451 energy_loss: 4.984
[GPU0] epochs: [699/800] train_loss_con: 5.451 energy_loss: 4.944
[GPU0] epochs: [700/800] train_loss_con: 5.448 energy_loss: 4.959
[GPU0] epochs: [701/800] train_loss_con: 5.450 energy_loss: 4.947
[GPU0] epochs: [702/800] train_loss_con: 5.450 energy_loss: 4.895
[GPU0] epochs: [703/800] train_loss_con: 5.448 energy_loss: 4.900
[GPU0] epochs: [704/800] train_loss_con: 5.451 energy_loss: 4.881
[GPU0] epochs: [705/800] train_loss_con: 5.447 energy_loss: 4.832
[GPU0] epochs: [706/800] train_loss_con: 5.448 energy_loss: 4.863
[GPU0] epochs: [707/800] train_loss_con: 5.449 energy_loss: 4.863
[GPU0] epochs: [708/800] train_loss_con: 5.446 energy_loss: 4.852
[GPU0] epochs: [709/800] train_loss_con: 5.445 energy_loss: 4.818
[GPU0] epochs: [710/800] train_loss_con: 5.446 energy_loss: 4.812
[GPU0] epochs: [711/800] train_loss_con: 5.442 energy_loss: 4.820
[GPU0] epochs: [712/800] train_loss_con: 5.444 energy_loss: 4.785
[GPU0] epochs: [713/800] train_loss_con: 5.444 energy_loss: 4.794
[GPU0] epochs: [714/800] train_loss_con: 5.441 energy_loss: 4.803
[GPU0] epochs: [715/800] train_loss_con: 5.445 energy_loss: 4.738
[GPU0] epochs: [716/800] train_loss_con: 5.440 energy_loss: 4.718
[GPU0] epochs: [717/800] train_loss_con: 5.445 energy_loss: 4.739
[GPU0] epochs: [718/800] train_loss_con: 5.440 energy_loss: 4.769
[GPU0] epochs: [719/800] train_loss_con: 5.442 energy_loss: 4.730
[GPU0] epochs: [720/800] train_loss_con: 5.440 energy_loss: 4.702
[GPU0] epochs: [721/800] train_loss_con: 5.438 energy_loss: 4.721
[GPU0] epochs: [722/800] train_loss_con: 5.437 energy_loss: 4.685
[GPU0] epochs: [723/800] train_loss_con: 5.438 energy_loss: 4.710
[GPU0] epochs: [724/800] train_loss_con: 5.438 energy_loss: 4.682
[GPU0] epochs: [725/800] train_loss_con: 5.438 energy_loss: 4.705
[GPU0] epochs: [726/800] train_loss_con: 5.435 energy_loss: 4.713
[GPU0] epochs: [727/800] train_loss_con: 5.438 energy_loss: 4.716
[GPU0] epochs: [728/800] train_loss_con: 5.435 energy_loss: 4.667
[GPU0] epochs: [729/800] train_loss_con: 5.435 energy_loss: 4.643
[GPU0] epochs: [730/800] train_loss_con: 5.434 energy_loss: 4.651
[GPU0] epochs: [731/800] train_loss_con: 5.434 energy_loss: 4.635
[GPU0] epochs: [732/800] train_loss_con: 5.436 energy_loss: 4.626
[GPU0] epochs: [733/800] train_loss_con: 5.434 energy_loss: 4.574
[GPU0] epochs: [734/800] train_loss_con: 5.434 energy_loss: 4.606
[GPU0] epochs: [735/800] train_loss_con: 5.433 energy_loss: 4.578
[GPU0] epochs: [736/800] train_loss_con: 5.432 energy_loss: 4.565
[GPU0] epochs: [737/800] train_loss_con: 5.433 energy_loss: 4.548
[GPU0] epochs: [738/800] train_loss_con: 5.432 energy_loss: 4.589
[GPU0] epochs: [739/800] train_loss_con: 5.435 energy_loss: 4.567
[GPU0] epochs: [740/800] train_loss_con: 5.428 energy_loss: 4.579
[GPU0] epochs: [741/800] train_loss_con: 5.432 energy_loss: 4.524
[GPU0] epochs: [742/800] train_loss_con: 5.431 energy_loss: 4.523
[GPU0] epochs: [743/800] train_loss_con: 5.430 energy_loss: 4.507
[GPU0] epochs: [744/800] train_loss_con: 5.428 energy_loss: 4.514
[GPU0] epochs: [745/800] train_loss_con: 5.427 energy_loss: 4.506
[GPU0] epochs: [746/800] train_loss_con: 5.428 energy_loss: 4.511
[GPU0] epochs: [747/800] train_loss_con: 5.432 energy_loss: 4.457
[GPU0] epochs: [748/800] train_loss_con: 5.429 energy_loss: 4.529
[GPU0] epochs: [749/800] train_loss_con: 5.428 energy_loss: 4.462
[GPU0] epochs: [750/800] train_loss_con: 5.427 energy_loss: 4.459
[GPU0] epochs: [751/800] train_loss_con: 5.426 energy_loss: 4.501
[GPU0] epochs: [752/800] train_loss_con: 5.424 energy_loss: 4.488
[GPU0] epochs: [753/800] train_loss_con: 5.426 energy_loss: 4.474
[GPU0] epochs: [754/800] train_loss_con: 5.427 energy_loss: 4.452
[GPU0] epochs: [755/800] train_loss_con: 5.425 energy_loss: 4.502
[GPU0] epochs: [756/800] train_loss_con: 5.423 energy_loss: 4.453
[GPU0] epochs: [757/800] train_loss_con: 5.425 energy_loss: 4.474
[GPU0] epochs: [758/800] train_loss_con: 5.425 energy_loss: 4.467
[GPU0] epochs: [759/800] train_loss_con: 5.422 energy_loss: 4.428
[GPU0] epochs: [760/800] train_loss_con: 5.424 energy_loss: 4.432
[GPU0] epochs: [761/800] train_loss_con: 5.423 energy_loss: 4.435
[GPU0] epochs: [762/800] train_loss_con: 5.423 energy_loss: 4.473
[GPU0] epochs: [763/800] train_loss_con: 5.422 energy_loss: 4.465
[GPU0] epochs: [764/800] train_loss_con: 5.422 energy_loss: 4.421
[GPU0] epochs: [765/800] train_loss_con: 5.424 energy_loss: 4.467
[GPU0] epochs: [766/800] train_loss_con: 5.422 energy_loss: 4.427
[GPU0] epochs: [767/800] train_loss_con: 5.421 energy_loss: 4.453
[GPU0] epochs: [768/800] train_loss_con: 5.423 energy_loss: 4.401
[GPU0] epochs: [769/800] train_loss_con: 5.422 energy_loss: 4.407
[GPU0] epochs: [770/800] train_loss_con: 5.422 energy_loss: 4.388
[GPU0] epochs: [771/800] train_loss_con: 5.423 energy_loss: 4.380
[GPU0] epochs: [772/800] train_loss_con: 5.421 energy_loss: 4.420
[GPU0] epochs: [773/800] train_loss_con: 5.420 energy_loss: 4.392
[GPU0] epochs: [774/800] train_loss_con: 5.420 energy_loss: 4.391
[GPU0] epochs: [775/800] train_loss_con: 5.418 energy_loss: 4.349
[GPU0] epochs: [776/800] train_loss_con: 5.420 energy_loss: 4.363
[GPU0] epochs: [777/800] train_loss_con: 5.420 energy_loss: 4.378
[GPU0] epochs: [778/800] train_loss_con: 5.424 energy_loss: 4.354
[GPU0] epochs: [779/800] train_loss_con: 5.420 energy_loss: 4.376
[GPU0] epochs: [780/800] train_loss_con: 5.422 energy_loss: 4.370
[GPU0] epochs: [781/800] train_loss_con: 5.421 energy_loss: 4.347
[GPU0] epochs: [782/800] train_loss_con: 5.421 energy_loss: 4.368
[GPU0] epochs: [783/800] train_loss_con: 5.420 energy_loss: 4.372
[GPU0] epochs: [784/800] train_loss_con: 5.420 energy_loss: 4.365
[GPU0] epochs: [785/800] train_loss_con: 5.422 energy_loss: 4.350
[GPU0] epochs: [786/800] train_loss_con: 5.418 energy_loss: 4.345
[GPU0] epochs: [787/800] train_loss_con: 5.420 energy_loss: 4.324
[GPU0] epochs: [788/800] train_loss_con: 5.419 energy_loss: 4.356
[GPU0] epochs: [789/800] train_loss_con: 5.417 energy_loss: 4.350
[GPU0] epochs: [790/800] train_loss_con: 5.418 energy_loss: 4.380
[GPU0] epochs: [791/800] train_loss_con: 5.418 energy_loss: 4.351
[GPU0] epochs: [792/800] train_loss_con: 5.418 energy_loss: 4.336
[GPU0] epochs: [793/800] train_loss_con: 5.417 energy_loss: 4.337
[GPU0] epochs: [794/800] train_loss_con: 5.415 energy_loss: 4.340
[GPU0] epochs: [795/800] train_loss_con: 5.417 energy_loss: 4.353
[GPU0] epochs: [796/800] train_loss_con: 5.415 energy_loss: 4.371
[GPU0] epochs: [797/800] train_loss_con: 5.416 energy_loss: 4.318
[GPU0] epochs: [798/800] train_loss_con: 5.416 energy_loss: 4.325
[GPU0] epochs: [799/800] train_loss_con: 5.416 energy_loss: 4.318
[GPU0] epochs: [800/800] train_loss_con: 5.417 energy_loss: 4.315
### TSNE starts
### MLP training begins
[GPU0] Test Accuracy at epoch: 0: 0.865
[GPU0] epochs: [1/100] train_acc: 0.730 train_loss_sup: 2.105
[GPU0] epochs: [2/100] train_acc: 0.853 train_loss_sup: 1.702
[GPU0] epochs: [3/100] train_acc: 0.857 train_loss_sup: 1.400
[GPU0] epochs: [4/100] train_acc: 0.860 train_loss_sup: 1.186
[GPU0] epochs: [5/100] train_acc: 0.862 train_loss_sup: 1.037
[GPU0] epochs: [6/100] train_acc: 0.862 train_loss_sup: 0.931
[GPU0] epochs: [7/100] train_acc: 0.864 train_loss_sup: 0.852
[GPU0] epochs: [8/100] train_acc: 0.865 train_loss_sup: 0.788
[GPU0] epochs: [9/100] train_acc: 0.864 train_loss_sup: 0.742
[GPU0] epochs: [10/100] train_acc: 0.866 train_loss_sup: 0.703
[GPU0] Test Accuracy at epoch: 10: 0.888
[GPU0] epochs: [11/100] train_acc: 0.867 train_loss_sup: 0.671
[GPU0] epochs: [12/100] train_acc: 0.870 train_loss_sup: 0.643
[GPU0] epochs: [13/100] train_acc: 0.869 train_loss_sup: 0.620
[GPU0] epochs: [14/100] train_acc: 0.870 train_loss_sup: 0.600
[GPU0] epochs: [15/100] train_acc: 0.870 train_loss_sup: 0.583
[GPU0] epochs: [16/100] train_acc: 0.872 train_loss_sup: 0.568
[GPU0] epochs: [17/100] train_acc: 0.870 train_loss_sup: 0.559
[GPU0] epochs: [18/100] train_acc: 0.873 train_loss_sup: 0.543
[GPU0] epochs: [19/100] train_acc: 0.873 train_loss_sup: 0.534
[GPU0] epochs: [20/100] train_acc: 0.874 train_loss_sup: 0.524
[GPU0] Test Accuracy at epoch: 20: 0.893
[GPU0] epochs: [21/100] train_acc: 0.875 train_loss_sup: 0.511
[GPU0] epochs: [22/100] train_acc: 0.874 train_loss_sup: 0.505
[GPU0] epochs: [23/100] train_acc: 0.875 train_loss_sup: 0.498
[GPU0] epochs: [24/100] train_acc: 0.876 train_loss_sup: 0.490
[GPU0] epochs: [25/100] train_acc: 0.877 train_loss_sup: 0.483
[GPU0] epochs: [26/100] train_acc: 0.875 train_loss_sup: 0.482
[GPU0] epochs: [27/100] train_acc: 0.877 train_loss_sup: 0.474
[GPU0] epochs: [28/100] train_acc: 0.877 train_loss_sup: 0.469
[GPU0] epochs: [29/100] train_acc: 0.877 train_loss_sup: 0.464
[GPU0] epochs: [30/100] train_acc: 0.875 train_loss_sup: 0.462
[GPU0] Test Accuracy at epoch: 30: 0.896
[GPU0] epochs: [31/100] train_acc: 0.879 train_loss_sup: 0.455
[GPU0] epochs: [32/100] train_acc: 0.878 train_loss_sup: 0.452
[GPU0] epochs: [33/100] train_acc: 0.876 train_loss_sup: 0.452
[GPU0] epochs: [34/100] train_acc: 0.877 train_loss_sup: 0.444
[GPU0] epochs: [35/100] train_acc: 0.876 train_loss_sup: 0.444
[GPU0] epochs: [36/100] train_acc: 0.877 train_loss_sup: 0.441
[GPU0] epochs: [37/100] train_acc: 0.877 train_loss_sup: 0.436
[GPU0] epochs: [38/100] train_acc: 0.878 train_loss_sup: 0.431
[GPU0] epochs: [39/100] train_acc: 0.878 train_loss_sup: 0.431
[GPU0] epochs: [40/100] train_acc: 0.879 train_loss_sup: 0.428
[GPU0] Test Accuracy at epoch: 40: 0.899
[GPU0] epochs: [41/100] train_acc: 0.880 train_loss_sup: 0.424
[GPU0] epochs: [42/100] train_acc: 0.880 train_loss_sup: 0.421
[GPU0] epochs: [43/100] train_acc: 0.879 train_loss_sup: 0.422
[GPU0] epochs: [44/100] train_acc: 0.882 train_loss_sup: 0.417
[GPU0] epochs: [45/100] train_acc: 0.881 train_loss_sup: 0.416
[GPU0] epochs: [46/100] train_acc: 0.880 train_loss_sup: 0.415
[GPU0] epochs: [47/100] train_acc: 0.881 train_loss_sup: 0.412
[GPU0] epochs: [48/100] train_acc: 0.881 train_loss_sup: 0.410
[GPU0] epochs: [49/100] train_acc: 0.881 train_loss_sup: 0.409
[GPU0] epochs: [50/100] train_acc: 0.882 train_loss_sup: 0.403
[GPU0] Test Accuracy at epoch: 50: 0.9
[GPU0] epochs: [51/100] train_acc: 0.880 train_loss_sup: 0.407
[GPU0] epochs: [52/100] train_acc: 0.881 train_loss_sup: 0.404
[GPU0] epochs: [53/100] train_acc: 0.881 train_loss_sup: 0.401
[GPU0] epochs: [54/100] train_acc: 0.881 train_loss_sup: 0.401
[GPU0] epochs: [55/100] train_acc: 0.881 train_loss_sup: 0.398
[GPU0] epochs: [56/100] train_acc: 0.882 train_loss_sup: 0.396
[GPU0] epochs: [57/100] train_acc: 0.882 train_loss_sup: 0.396
[GPU0] epochs: [58/100] train_acc: 0.881 train_loss_sup: 0.396
[GPU0] epochs: [59/100] train_acc: 0.882 train_loss_sup: 0.392
[GPU0] epochs: [60/100] train_acc: 0.883 train_loss_sup: 0.393
[GPU0] Test Accuracy at epoch: 60: 0.901
[GPU0] epochs: [61/100] train_acc: 0.883 train_loss_sup: 0.389
[GPU0] epochs: [62/100] train_acc: 0.882 train_loss_sup: 0.391
[GPU0] epochs: [63/100] train_acc: 0.881 train_loss_sup: 0.389
[GPU0] epochs: [64/100] train_acc: 0.883 train_loss_sup: 0.387
[GPU0] epochs: [65/100] train_acc: 0.883 train_loss_sup: 0.385
[GPU0] epochs: [66/100] train_acc: 0.882 train_loss_sup: 0.386
[GPU0] epochs: [67/100] train_acc: 0.882 train_loss_sup: 0.386
[GPU0] epochs: [68/100] train_acc: 0.881 train_loss_sup: 0.388
[GPU0] epochs: [69/100] train_acc: 0.882 train_loss_sup: 0.388
[GPU0] epochs: [70/100] train_acc: 0.883 train_loss_sup: 0.383
[GPU0] Test Accuracy at epoch: 70: 0.902
[GPU0] epochs: [71/100] train_acc: 0.883 train_loss_sup: 0.383
[GPU0] epochs: [72/100] train_acc: 0.884 train_loss_sup: 0.378
[GPU0] epochs: [73/100] train_acc: 0.883 train_loss_sup: 0.379
[GPU0] epochs: [74/100] train_acc: 0.884 train_loss_sup: 0.377
[GPU0] epochs: [75/100] train_acc: 0.883 train_loss_sup: 0.378
[GPU0] epochs: [76/100] train_acc: 0.884 train_loss_sup: 0.378
[GPU0] epochs: [77/100] train_acc: 0.884 train_loss_sup: 0.377
[GPU0] epochs: [78/100] train_acc: 0.882 train_loss_sup: 0.383
[GPU0] epochs: [79/100] train_acc: 0.885 train_loss_sup: 0.371
[GPU0] epochs: [80/100] train_acc: 0.884 train_loss_sup: 0.375
[GPU0] Test Accuracy at epoch: 80: 0.902
[GPU0] epochs: [81/100] train_acc: 0.883 train_loss_sup: 0.375
[GPU0] epochs: [82/100] train_acc: 0.884 train_loss_sup: 0.373
[GPU0] epochs: [83/100] train_acc: 0.885 train_loss_sup: 0.373
[GPU0] epochs: [84/100] train_acc: 0.883 train_loss_sup: 0.372
[GPU0] epochs: [85/100] train_acc: 0.884 train_loss_sup: 0.370
[GPU0] epochs: [86/100] train_acc: 0.885 train_loss_sup: 0.371
[GPU0] epochs: [87/100] train_acc: 0.885 train_loss_sup: 0.368
[GPU0] epochs: [88/100] train_acc: 0.885 train_loss_sup: 0.370
[GPU0] epochs: [89/100] train_acc: 0.885 train_loss_sup: 0.368
[GPU0] epochs: [90/100] train_acc: 0.884 train_loss_sup: 0.368
[GPU0] Test Accuracy at epoch: 90: 0.903
[GPU0] epochs: [91/100] train_acc: 0.885 train_loss_sup: 0.366
[GPU0] epochs: [92/100] train_acc: 0.884 train_loss_sup: 0.367
[GPU0] epochs: [93/100] train_acc: 0.886 train_loss_sup: 0.365
[GPU0] epochs: [94/100] train_acc: 0.884 train_loss_sup: 0.368
[GPU0] epochs: [95/100] train_acc: 0.884 train_loss_sup: 0.366
[GPU0] epochs: [96/100] train_acc: 0.884 train_loss_sup: 0.366
[GPU0] epochs: [97/100] train_acc: 0.885 train_loss_sup: 0.365
[GPU0] epochs: [98/100] train_acc: 0.886 train_loss_sup: 0.361
[GPU0] epochs: [99/100] train_acc: 0.882 train_loss_sup: 0.369
[GPU0] epochs: [100/100] train_acc: 0.885 train_loss_sup: 0.364
[GPU0] Final Test Accuracy: 0.904
Model weights saved
<All keys matched successfully>
OpenBLAS warning: precompiled NUM_THREADS exceeded, adding auxiliary array for thread metadata.
To avoid this warning, please rebuild your copy of OpenBLAS with a larger NUM_THREADS setting
or set the environment variable OPENBLAS_NUM_THREADS to 64 or lower
knn evalution
logistic regression evalution
knn_acc: 0.895, log_reg_acc: 0.912
BLAS : Bad memory unallocation! :  640  0x7f5957e57000
BLAS : Bad memory unallocation! :  640  0x7f5955e57000
BLAS : Bad memory unallocation! :  640  0x7f594fe57000
BLAS : Bad memory unallocation! :  640  0x7f595be57000
BLAS : Bad memory unallocation! :  640  0x7f594be57000
BLAS : Bad memory unallocation! :  640  0x7f58fde57000
BLAS : Bad memory unallocation! :  640  0x7f58f1e57000
BLAS : Bad memory unallocation! :  640  0x7f58f7e57000
BLAS : Bad memory unallocation! :  640  0x7f5907e57000
BLAS : Bad memory unallocation! :  640  0x7f58efe57000
BLAS : Bad memory unallocation! :  640  0x7f587fe57000
