environment: 
YAML: configs/scalre.c10.yaml
==> SEED: 42
==> num_classes: 10
==> data_name: cifar10
==> data_params: {'algo': 'scalre', 'data_dir': 'datasets/cifar10', 'batch_size': 512, 'num_workers': 3, 'image_size': 32}
==> return_logs: False
==> eval_every: 10
==> n_epochs: 800
==> n_epochs_mlp: 100
==> gpu_id: 2
==> opt: SGD
==> opt_params: {'lr': 0.5, 'momentum': 0.9, 'nesterov': True, 'weight_decay': 0.0001}
==> schedular_params: {'T_max': 800, 'eta_min': 0.001}
==> mlp_opt: SGD
==> mlp_opt_params: {'lr': 0.1, 'momentum': 0.9, 'nesterov': True}
==> energy_model_params: {'eta': 0.01, 'steps': 5, 'sigma': 0.2, 'delta': 0.1, 'net_type': 'energy'}
==> energy_opt: AdamW
==> energy_model_opt_params: {'lr': 0.001}
==> model_params: {'model_name': 'resnet50', 'pretrained': False, 'proj_dim': 128, 'algo_type': 'scalre'}
==> mlp_type: linear
==> loss: scalre
==> loss_params: {'sim': 'cosine', 'tau': 0.5}
==> distributed: False
==> train_algo: scalre
==> model_save_path: saved_models/scalre.c10.r50.e800.lin0.1.pth
==> warmup_epochs: 0
==> config: configs/scalre.c10.yaml
--------------------------------------------------
===> using linear mlp
using optimizer: SGD
using optimizer: SGD
loss function: scalre
Files already downloaded and verified
Files already downloaded and verified
Files already downloaded and verified
# of Training Images: 50000
# of Testing Images: 10000
using optimizer: AdamW
### ScAlRe Training begins
[GPU2] epochs: [1/800] train_loss_con: 6.787 energy_loss: 1024.269
[GPU2] epochs: [2/800] train_loss_con: 6.416 energy_loss: 1024.204
[GPU2] epochs: [3/800] train_loss_con: 6.221 energy_loss: 1024.084
[GPU2] epochs: [4/800] train_loss_con: 6.122 energy_loss: 1024.008
[GPU2] epochs: [5/800] train_loss_con: 6.035 energy_loss: 1023.850
[GPU2] epochs: [6/800] train_loss_con: 5.960 energy_loss: 1023.968
[GPU2] epochs: [7/800] train_loss_con: 5.914 energy_loss: 1023.988
[GPU2] epochs: [8/800] train_loss_con: 5.877 energy_loss: 1024.058
[GPU2] epochs: [9/800] train_loss_con: 5.847 energy_loss: 1023.971
[GPU2] epochs: [10/800] train_loss_con: 5.825 energy_loss: 1023.885
[GPU2] epochs: [11/800] train_loss_con: 5.808 energy_loss: 1023.980
[GPU2] epochs: [12/800] train_loss_con: 5.791 energy_loss: 1023.848
[GPU2] epochs: [13/800] train_loss_con: 5.783 energy_loss: 1023.221
[GPU2] epochs: [14/800] train_loss_con: 5.772 energy_loss: 1023.517
[GPU2] epochs: [15/800] train_loss_con: 5.759 energy_loss: 1023.496
[GPU2] epochs: [16/800] train_loss_con: 5.753 energy_loss: 1023.660
[GPU2] epochs: [17/800] train_loss_con: 5.748 energy_loss: 1022.963
[GPU2] epochs: [18/800] train_loss_con: 5.739 energy_loss: 1023.152
[GPU2] epochs: [19/800] train_loss_con: 5.730 energy_loss: 1022.815
[GPU2] epochs: [20/800] train_loss_con: 5.726 energy_loss: 1022.427
[GPU2] epochs: [21/800] train_loss_con: 5.725 energy_loss: 1021.552
[GPU2] epochs: [22/800] train_loss_con: 5.717 energy_loss: 1021.176
[GPU2] epochs: [23/800] train_loss_con: 5.718 energy_loss: 1019.923
[GPU2] epochs: [24/800] train_loss_con: 5.712 energy_loss: 1017.268
[GPU2] epochs: [25/800] train_loss_con: 5.708 energy_loss: 1008.393
[GPU2] epochs: [26/800] train_loss_con: 5.707 energy_loss: 1005.041
[GPU2] epochs: [27/800] train_loss_con: 5.707 energy_loss: 980.018
[GPU2] epochs: [28/800] train_loss_con: 5.703 energy_loss: 952.547
[GPU2] epochs: [29/800] train_loss_con: 5.699 energy_loss: 940.147
[GPU2] epochs: [30/800] train_loss_con: 5.696 energy_loss: 888.452
[GPU2] epochs: [31/800] train_loss_con: 5.698 energy_loss: 1022.103
[GPU2] epochs: [32/800] train_loss_con: 5.689 energy_loss: 983.576
[GPU2] epochs: [33/800] train_loss_con: 5.691 energy_loss: 826.824
[GPU2] epochs: [34/800] train_loss_con: 5.684 energy_loss: 765.171
[GPU2] epochs: [35/800] train_loss_con: 5.695 energy_loss: 693.066
[GPU2] epochs: [36/800] train_loss_con: 5.680 energy_loss: 618.679
[GPU2] epochs: [37/800] train_loss_con: 5.682 energy_loss: 925.947
[GPU2] epochs: [38/800] train_loss_con: 5.683 energy_loss: 1017.032
[GPU2] epochs: [39/800] train_loss_con: 5.682 energy_loss: 887.609
[GPU2] epochs: [40/800] train_loss_con: 5.676 energy_loss: 484.679
[GPU2] epochs: [41/800] train_loss_con: 5.675 energy_loss: 385.256
[GPU2] epochs: [42/800] train_loss_con: 5.677 energy_loss: 298.094
[GPU2] epochs: [43/800] train_loss_con: 5.675 energy_loss: 187.503
[GPU2] epochs: [44/800] train_loss_con: 5.675 energy_loss: 134.489
[GPU2] epochs: [45/800] train_loss_con: 5.672 energy_loss: 97.143
[GPU2] epochs: [46/800] train_loss_con: 5.670 energy_loss: 75.421
[GPU2] epochs: [47/800] train_loss_con: 5.671 energy_loss: 63.270
[GPU2] epochs: [48/800] train_loss_con: 5.664 energy_loss: 57.454
[GPU2] epochs: [49/800] train_loss_con: 5.668 energy_loss: 73.894
[GPU2] epochs: [50/800] train_loss_con: 5.665 energy_loss: 95.657
[GPU2] epochs: [51/800] train_loss_con: 5.667 energy_loss: 74.716
[GPU2] epochs: [52/800] train_loss_con: 5.662 energy_loss: 59.143
[GPU2] epochs: [53/800] train_loss_con: 5.662 energy_loss: 44.926
[GPU2] epochs: [54/800] train_loss_con: 5.666 energy_loss: 44.199
[GPU2] epochs: [55/800] train_loss_con: 5.663 energy_loss: 46.751
[GPU2] epochs: [56/800] train_loss_con: 5.659 energy_loss: 31.211
[GPU2] epochs: [57/800] train_loss_con: 5.660 energy_loss: 28.170
[GPU2] epochs: [58/800] train_loss_con: 5.661 energy_loss: 27.357
[GPU2] epochs: [59/800] train_loss_con: 5.659 energy_loss: 26.158
[GPU2] epochs: [60/800] train_loss_con: 5.654 energy_loss: 25.283
[GPU2] epochs: [61/800] train_loss_con: 5.658 energy_loss: 26.330
[GPU2] epochs: [62/800] train_loss_con: 5.655 energy_loss: 25.026
[GPU2] epochs: [63/800] train_loss_con: 5.653 energy_loss: 47.837
[GPU2] epochs: [64/800] train_loss_con: 5.653 energy_loss: 364.171
[GPU2] epochs: [65/800] train_loss_con: 5.654 energy_loss: 91.977
[GPU2] epochs: [66/800] train_loss_con: 5.649 energy_loss: 96.586
[GPU2] epochs: [67/800] train_loss_con: 5.648 energy_loss: 82.043
[GPU2] epochs: [68/800] train_loss_con: 5.656 energy_loss: 58.894
[GPU2] epochs: [69/800] train_loss_con: 5.648 energy_loss: 337.215
[GPU2] epochs: [70/800] train_loss_con: 5.648 energy_loss: 53.139
[GPU2] epochs: [71/800] train_loss_con: 5.652 energy_loss: 423.570
[GPU2] epochs: [72/800] train_loss_con: 5.647 energy_loss: 53.864
[GPU2] epochs: [73/800] train_loss_con: 5.645 energy_loss: 62.088
[GPU2] epochs: [74/800] train_loss_con: 5.644 energy_loss: 54.820
[GPU2] epochs: [75/800] train_loss_con: 5.645 energy_loss: 135.141
[GPU2] epochs: [76/800] train_loss_con: 5.648 energy_loss: 39.360
[GPU2] epochs: [77/800] train_loss_con: 5.643 energy_loss: 30.935
[GPU2] epochs: [78/800] train_loss_con: 5.645 energy_loss: 48.434
[GPU2] epochs: [79/800] train_loss_con: 5.642 energy_loss: 53.949
[GPU2] epochs: [80/800] train_loss_con: 5.643 energy_loss: 72.434
[GPU2] epochs: [81/800] train_loss_con: 5.641 energy_loss: 24.787
[GPU2] epochs: [82/800] train_loss_con: 5.639 energy_loss: 22.849
[GPU2] epochs: [83/800] train_loss_con: 5.639 energy_loss: 26.470
[GPU2] epochs: [84/800] train_loss_con: 5.640 energy_loss: 32.431
[GPU2] epochs: [85/800] train_loss_con: 5.638 energy_loss: 38.250
[GPU2] epochs: [86/800] train_loss_con: 5.636 energy_loss: 44.644
[GPU2] epochs: [87/800] train_loss_con: 5.635 energy_loss: 27.925
[GPU2] epochs: [88/800] train_loss_con: 5.636 energy_loss: 38.682
[GPU2] epochs: [89/800] train_loss_con: 5.635 energy_loss: 46.720
[GPU2] epochs: [90/800] train_loss_con: 5.638 energy_loss: 31.291
[GPU2] epochs: [91/800] train_loss_con: 5.634 energy_loss: 39.538
[GPU2] epochs: [92/800] train_loss_con: 5.636 energy_loss: 38.241
[GPU2] epochs: [93/800] train_loss_con: 5.635 energy_loss: 41.178
[GPU2] epochs: [94/800] train_loss_con: 5.634 energy_loss: 40.676
[GPU2] epochs: [95/800] train_loss_con: 5.637 energy_loss: 36.504
[GPU2] epochs: [96/800] train_loss_con: 5.632 energy_loss: 26.930
[GPU2] epochs: [97/800] train_loss_con: 5.634 energy_loss: 30.559
[GPU2] epochs: [98/800] train_loss_con: 5.628 energy_loss: 26.265
[GPU2] epochs: [99/800] train_loss_con: 5.632 energy_loss: 21.240
[GPU2] epochs: [100/800] train_loss_con: 5.629 energy_loss: 20.076
[GPU2] epochs: [101/800] train_loss_con: 5.632 energy_loss: 20.114
[GPU2] epochs: [102/800] train_loss_con: 5.629 energy_loss: 21.807
[GPU2] epochs: [103/800] train_loss_con: 5.631 energy_loss: 20.972
[GPU2] epochs: [104/800] train_loss_con: 5.630 energy_loss: 21.024
[GPU2] epochs: [105/800] train_loss_con: 5.629 energy_loss: 20.622
[GPU2] epochs: [106/800] train_loss_con: 5.630 energy_loss: 20.359
[GPU2] epochs: [107/800] train_loss_con: 5.630 energy_loss: 19.999
[GPU2] epochs: [108/800] train_loss_con: 5.630 energy_loss: 19.732
[GPU2] epochs: [109/800] train_loss_con: 5.631 energy_loss: 19.843
[GPU2] epochs: [110/800] train_loss_con: 5.628 energy_loss: 20.010
[GPU2] epochs: [111/800] train_loss_con: 5.628 energy_loss: 20.123
[GPU2] epochs: [112/800] train_loss_con: 5.625 energy_loss: 19.518
[GPU2] epochs: [113/800] train_loss_con: 5.622 energy_loss: 19.271
[GPU2] epochs: [114/800] train_loss_con: 5.623 energy_loss: 19.509
[GPU2] epochs: [115/800] train_loss_con: 5.628 energy_loss: 19.177
[GPU2] epochs: [116/800] train_loss_con: 5.626 energy_loss: 18.537
[GPU2] epochs: [117/800] train_loss_con: 5.623 energy_loss: 19.698
[GPU2] epochs: [118/800] train_loss_con: 5.628 energy_loss: 19.735
[GPU2] epochs: [119/800] train_loss_con: 5.626 energy_loss: 19.825
[GPU2] epochs: [120/800] train_loss_con: 5.624 energy_loss: 20.015
[GPU2] epochs: [121/800] train_loss_con: 5.626 energy_loss: 19.267
[GPU2] epochs: [122/800] train_loss_con: 5.621 energy_loss: 18.819
[GPU2] epochs: [123/800] train_loss_con: 5.623 energy_loss: 18.614
[GPU2] epochs: [124/800] train_loss_con: 5.620 energy_loss: 18.404
[GPU2] epochs: [125/800] train_loss_con: 5.620 energy_loss: 16.960
[GPU2] epochs: [126/800] train_loss_con: 5.624 energy_loss: 14.415
[GPU2] epochs: [127/800] train_loss_con: 5.617 energy_loss: 14.454
[GPU2] epochs: [128/800] train_loss_con: 5.623 energy_loss: 14.563
[GPU2] epochs: [129/800] train_loss_con: 5.620 energy_loss: 17.407
[GPU2] epochs: [130/800] train_loss_con: 5.617 energy_loss: 18.878
[GPU2] epochs: [131/800] train_loss_con: 5.616 energy_loss: 18.799
[GPU2] epochs: [132/800] train_loss_con: 5.616 energy_loss: 18.520
[GPU2] epochs: [133/800] train_loss_con: 5.618 energy_loss: 17.720
[GPU2] epochs: [134/800] train_loss_con: 5.618 energy_loss: 16.659
[GPU2] epochs: [135/800] train_loss_con: 5.615 energy_loss: 14.762
[GPU2] epochs: [136/800] train_loss_con: 5.619 energy_loss: 14.093
[GPU2] epochs: [137/800] train_loss_con: 5.615 energy_loss: 14.228
[GPU2] epochs: [138/800] train_loss_con: 5.616 energy_loss: 14.227
[GPU2] epochs: [139/800] train_loss_con: 5.618 energy_loss: 14.438
[GPU2] epochs: [140/800] train_loss_con: 5.616 energy_loss: 17.515
[GPU2] epochs: [141/800] train_loss_con: 5.616 energy_loss: 14.332
[GPU2] epochs: [142/800] train_loss_con: 5.611 energy_loss: 14.183
[GPU2] epochs: [143/800] train_loss_con: 5.617 energy_loss: 14.176
[GPU2] epochs: [144/800] train_loss_con: 5.617 energy_loss: 14.228
[GPU2] epochs: [145/800] train_loss_con: 5.612 energy_loss: 14.167
[GPU2] epochs: [146/800] train_loss_con: 5.614 energy_loss: 16.393
[GPU2] epochs: [147/800] train_loss_con: 5.612 energy_loss: 17.695
[GPU2] epochs: [148/800] train_loss_con: 5.611 energy_loss: 17.356
[GPU2] epochs: [149/800] train_loss_con: 5.611 energy_loss: 14.396
[GPU2] epochs: [150/800] train_loss_con: 5.613 energy_loss: 14.162
[GPU2] epochs: [151/800] train_loss_con: 5.611 energy_loss: 14.104
[GPU2] epochs: [152/800] train_loss_con: 5.613 energy_loss: 14.028
[GPU2] epochs: [153/800] train_loss_con: 5.611 energy_loss: 16.435
[GPU2] epochs: [154/800] train_loss_con: 5.610 energy_loss: 16.505
[GPU2] epochs: [155/800] train_loss_con: 5.610 energy_loss: 17.339
[GPU2] epochs: [156/800] train_loss_con: 5.609 energy_loss: 16.346
[GPU2] epochs: [157/800] train_loss_con: 5.609 energy_loss: 14.079
[GPU2] epochs: [158/800] train_loss_con: 5.609 energy_loss: 13.908
[GPU2] epochs: [159/800] train_loss_con: 5.608 energy_loss: 13.950
[GPU2] epochs: [160/800] train_loss_con: 5.610 energy_loss: 15.928
[GPU2] epochs: [161/800] train_loss_con: 5.607 energy_loss: 15.561
[GPU2] epochs: [162/800] train_loss_con: 5.612 energy_loss: 16.243
[GPU2] epochs: [163/800] train_loss_con: 5.610 energy_loss: 14.519
[GPU2] epochs: [164/800] train_loss_con: 5.610 energy_loss: 13.983
[GPU2] epochs: [165/800] train_loss_con: 5.604 energy_loss: 16.041
[GPU2] epochs: [166/800] train_loss_con: 5.605 energy_loss: 14.937
[GPU2] epochs: [167/800] train_loss_con: 5.606 energy_loss: 13.765
[GPU2] epochs: [168/800] train_loss_con: 5.607 energy_loss: 15.705
[GPU2] epochs: [169/800] train_loss_con: 5.607 energy_loss: 16.689
[GPU2] epochs: [170/800] train_loss_con: 5.607 energy_loss: 15.940
[GPU2] epochs: [171/800] train_loss_con: 5.610 energy_loss: 15.680
[GPU2] epochs: [172/800] train_loss_con: 5.606 energy_loss: 15.629
[GPU2] epochs: [173/800] train_loss_con: 5.608 energy_loss: 13.668
[GPU2] epochs: [174/800] train_loss_con: 5.601 energy_loss: 15.150
[GPU2] epochs: [175/800] train_loss_con: 5.604 energy_loss: 15.257
[GPU2] epochs: [176/800] train_loss_con: 5.606 energy_loss: 16.731
[GPU2] epochs: [177/800] train_loss_con: 5.603 energy_loss: 17.940
[GPU2] epochs: [178/800] train_loss_con: 5.598 energy_loss: 79.228
[GPU2] epochs: [179/800] train_loss_con: 5.601 energy_loss: 82.185
[GPU2] epochs: [180/800] train_loss_con: 5.605 energy_loss: 36.969
[GPU2] epochs: [181/800] train_loss_con: 5.605 energy_loss: 20.697
[GPU2] epochs: [182/800] train_loss_con: 5.606 energy_loss: 16.073
[GPU2] epochs: [183/800] train_loss_con: 5.603 energy_loss: 14.497
[GPU2] epochs: [184/800] train_loss_con: 5.602 energy_loss: 14.934
[GPU2] epochs: [185/800] train_loss_con: 5.603 energy_loss: 31.550
[GPU2] epochs: [186/800] train_loss_con: 5.600 energy_loss: 39.686
[GPU2] epochs: [187/800] train_loss_con: 5.599 energy_loss: 32.764
[GPU2] epochs: [188/800] train_loss_con: 5.601 energy_loss: 26.745
[GPU2] epochs: [189/800] train_loss_con: 5.601 energy_loss: 25.317
[GPU2] epochs: [190/800] train_loss_con: 5.602 energy_loss: 23.833
[GPU2] epochs: [191/800] train_loss_con: 5.597 energy_loss: 28.357
[GPU2] epochs: [192/800] train_loss_con: 5.599 energy_loss: 34.070
[GPU2] epochs: [193/800] train_loss_con: 5.600 energy_loss: 24.417
[GPU2] epochs: [194/800] train_loss_con: 5.603 energy_loss: 22.311
[GPU2] epochs: [195/800] train_loss_con: 5.600 energy_loss: 23.732
[GPU2] epochs: [196/800] train_loss_con: 5.602 energy_loss: 21.096
[GPU2] epochs: [197/800] train_loss_con: 5.600 energy_loss: 21.650
[GPU2] epochs: [198/800] train_loss_con: 5.597 energy_loss: 22.407
[GPU2] epochs: [199/800] train_loss_con: 5.598 energy_loss: 21.488
[GPU2] epochs: [200/800] train_loss_con: 5.600 energy_loss: 20.276
[GPU2] epochs: [201/800] train_loss_con: 5.597 energy_loss: 19.695
[GPU2] epochs: [202/800] train_loss_con: 5.599 energy_loss: 20.263
[GPU2] epochs: [203/800] train_loss_con: 5.599 energy_loss: 19.540
[GPU2] epochs: [204/800] train_loss_con: 5.599 energy_loss: 18.847
[GPU2] epochs: [205/800] train_loss_con: 5.597 energy_loss: 18.232
[GPU2] epochs: [206/800] train_loss_con: 5.599 energy_loss: 16.181
[GPU2] epochs: [207/800] train_loss_con: 5.600 energy_loss: 18.144
[GPU2] epochs: [208/800] train_loss_con: 5.598 energy_loss: 18.417
[GPU2] epochs: [209/800] train_loss_con: 5.597 energy_loss: 17.261
[GPU2] epochs: [210/800] train_loss_con: 5.596 energy_loss: 16.172
[GPU2] epochs: [211/800] train_loss_con: 5.599 energy_loss: 15.638
[GPU2] epochs: [212/800] train_loss_con: 5.596 energy_loss: 16.206
[GPU2] epochs: [213/800] train_loss_con: 5.596 energy_loss: 16.263
[GPU2] epochs: [214/800] train_loss_con: 5.596 energy_loss: 16.108
[GPU2] epochs: [215/800] train_loss_con: 5.591 energy_loss: 16.063
[GPU2] epochs: [216/800] train_loss_con: 5.590 energy_loss: 16.123
[GPU2] epochs: [217/800] train_loss_con: 5.594 energy_loss: 16.607
[GPU2] epochs: [218/800] train_loss_con: 5.592 energy_loss: 16.622
[GPU2] epochs: [219/800] train_loss_con: 5.597 energy_loss: 15.814
[GPU2] epochs: [220/800] train_loss_con: 5.593 energy_loss: 15.256
[GPU2] epochs: [221/800] train_loss_con: 5.595 energy_loss: 15.778
[GPU2] epochs: [222/800] train_loss_con: 5.595 energy_loss: 16.504
[GPU2] epochs: [223/800] train_loss_con: 5.594 energy_loss: 15.249
[GPU2] epochs: [224/800] train_loss_con: 5.590 energy_loss: 15.827
[GPU2] epochs: [225/800] train_loss_con: 5.597 energy_loss: 15.587
[GPU2] epochs: [226/800] train_loss_con: 5.593 energy_loss: 15.217
[GPU2] epochs: [227/800] train_loss_con: 5.594 energy_loss: 15.014
[GPU2] epochs: [228/800] train_loss_con: 5.595 energy_loss: 16.012
[GPU2] epochs: [229/800] train_loss_con: 5.591 energy_loss: 13.610
[GPU2] epochs: [230/800] train_loss_con: 5.594 energy_loss: 13.027
[GPU2] epochs: [231/800] train_loss_con: 5.589 energy_loss: 12.969
[GPU2] epochs: [232/800] train_loss_con: 5.595 energy_loss: 13.132
[GPU2] epochs: [233/800] train_loss_con: 5.589 energy_loss: 14.957
[GPU2] epochs: [234/800] train_loss_con: 5.588 energy_loss: 14.847
[GPU2] epochs: [235/800] train_loss_con: 5.591 energy_loss: 15.106
[GPU2] epochs: [236/800] train_loss_con: 5.591 energy_loss: 13.944
[GPU2] epochs: [237/800] train_loss_con: 5.591 energy_loss: 15.125
[GPU2] epochs: [238/800] train_loss_con: 5.593 energy_loss: 15.131
[GPU2] epochs: [239/800] train_loss_con: 5.591 energy_loss: 15.226
[GPU2] epochs: [240/800] train_loss_con: 5.590 energy_loss: 14.559
[GPU2] epochs: [241/800] train_loss_con: 5.593 energy_loss: 13.277
[GPU2] epochs: [242/800] train_loss_con: 5.588 energy_loss: 14.281
[GPU2] epochs: [243/800] train_loss_con: 5.590 energy_loss: 14.167
[GPU2] epochs: [244/800] train_loss_con: 5.587 energy_loss: 14.862
[GPU2] epochs: [245/800] train_loss_con: 5.589 energy_loss: 12.759
[GPU2] epochs: [246/800] train_loss_con: 5.587 energy_loss: 12.498
[GPU2] epochs: [247/800] train_loss_con: 5.586 energy_loss: 12.597
[GPU2] epochs: [248/800] train_loss_con: 5.589 energy_loss: 12.806
[GPU2] epochs: [249/800] train_loss_con: 5.586 energy_loss: 13.657
[GPU2] epochs: [250/800] train_loss_con: 5.586 energy_loss: 12.664
[GPU2] epochs: [251/800] train_loss_con: 5.589 energy_loss: 12.824
[GPU2] epochs: [252/800] train_loss_con: 5.586 energy_loss: 14.250
[GPU2] epochs: [253/800] train_loss_con: 5.589 energy_loss: 14.346
[GPU2] epochs: [254/800] train_loss_con: 5.584 energy_loss: 14.720
[GPU2] epochs: [255/800] train_loss_con: 5.586 energy_loss: 12.995
[GPU2] epochs: [256/800] train_loss_con: 5.587 energy_loss: 14.942
[GPU2] epochs: [257/800] train_loss_con: 5.584 energy_loss: 14.232
[GPU2] epochs: [258/800] train_loss_con: 5.583 energy_loss: 14.739
[GPU2] epochs: [259/800] train_loss_con: 5.582 energy_loss: 13.372
[GPU2] epochs: [260/800] train_loss_con: 5.589 energy_loss: 13.216
[GPU2] epochs: [261/800] train_loss_con: 5.586 energy_loss: 12.327
[GPU2] epochs: [262/800] train_loss_con: 5.582 energy_loss: 13.077
[GPU2] epochs: [263/800] train_loss_con: 5.584 energy_loss: 14.673
[GPU2] epochs: [264/800] train_loss_con: 5.582 energy_loss: 13.949
[GPU2] epochs: [265/800] train_loss_con: 5.583 energy_loss: 13.750
[GPU2] epochs: [266/800] train_loss_con: 5.582 energy_loss: 14.617
[GPU2] epochs: [267/800] train_loss_con: 5.583 energy_loss: 15.225
[GPU2] epochs: [268/800] train_loss_con: 5.581 energy_loss: 12.842
[GPU2] epochs: [269/800] train_loss_con: 5.582 energy_loss: 13.266
[GPU2] epochs: [270/800] train_loss_con: 5.584 energy_loss: 14.575
[GPU2] epochs: [271/800] train_loss_con: 5.585 energy_loss: 12.251
[GPU2] epochs: [272/800] train_loss_con: 5.580 energy_loss: 12.567
[GPU2] epochs: [273/800] train_loss_con: 5.581 energy_loss: 13.913
[GPU2] epochs: [274/800] train_loss_con: 5.581 energy_loss: 13.871
[GPU2] epochs: [275/800] train_loss_con: 5.582 energy_loss: 13.807
[GPU2] epochs: [276/800] train_loss_con: 5.582 energy_loss: 13.864
[GPU2] epochs: [277/800] train_loss_con: 5.580 energy_loss: 13.461
[GPU2] epochs: [278/800] train_loss_con: 5.581 energy_loss: 13.360
[GPU2] epochs: [279/800] train_loss_con: 5.579 energy_loss: 13.117
[GPU2] epochs: [280/800] train_loss_con: 5.578 energy_loss: 13.483
[GPU2] epochs: [281/800] train_loss_con: 5.582 energy_loss: 12.796
[GPU2] epochs: [282/800] train_loss_con: 5.577 energy_loss: 13.409
[GPU2] epochs: [283/800] train_loss_con: 5.581 energy_loss: 12.965
[GPU2] epochs: [284/800] train_loss_con: 5.578 energy_loss: 13.195
[GPU2] epochs: [285/800] train_loss_con: 5.580 energy_loss: 13.350
[GPU2] epochs: [286/800] train_loss_con: 5.580 energy_loss: 13.148
[GPU2] epochs: [287/800] train_loss_con: 5.577 energy_loss: 13.055
[GPU2] epochs: [288/800] train_loss_con: 5.576 energy_loss: 11.893
[GPU2] epochs: [289/800] train_loss_con: 5.577 energy_loss: 11.891
[GPU2] epochs: [290/800] train_loss_con: 5.579 energy_loss: 13.008
[GPU2] epochs: [291/800] train_loss_con: 5.576 energy_loss: 13.118
[GPU2] epochs: [292/800] train_loss_con: 5.576 energy_loss: 12.784
[GPU2] epochs: [293/800] train_loss_con: 5.573 energy_loss: 12.314
[GPU2] epochs: [294/800] train_loss_con: 5.576 energy_loss: 13.161
[GPU2] epochs: [295/800] train_loss_con: 5.577 energy_loss: 12.819
[GPU2] epochs: [296/800] train_loss_con: 5.576 energy_loss: 12.805
[GPU2] epochs: [297/800] train_loss_con: 5.572 energy_loss: 13.006
[GPU2] epochs: [298/800] train_loss_con: 5.574 energy_loss: 12.751
[GPU2] epochs: [299/800] train_loss_con: 5.571 energy_loss: 12.534
[GPU2] epochs: [300/800] train_loss_con: 5.577 energy_loss: 12.574
[GPU2] epochs: [301/800] train_loss_con: 5.573 energy_loss: 12.861
[GPU2] epochs: [302/800] train_loss_con: 5.572 energy_loss: 12.754
[GPU2] epochs: [303/800] train_loss_con: 5.570 energy_loss: 12.872
[GPU2] epochs: [304/800] train_loss_con: 5.573 energy_loss: 12.989
[GPU2] epochs: [305/800] train_loss_con: 5.573 energy_loss: 12.804
[GPU2] epochs: [306/800] train_loss_con: 5.570 energy_loss: 12.794
[GPU2] epochs: [307/800] train_loss_con: 5.571 energy_loss: 13.791
[GPU2] epochs: [308/800] train_loss_con: 5.571 energy_loss: 12.575
[GPU2] epochs: [309/800] train_loss_con: 5.570 energy_loss: 13.058
[GPU2] epochs: [310/800] train_loss_con: 5.573 energy_loss: 11.516
[GPU2] epochs: [311/800] train_loss_con: 5.574 energy_loss: 13.520
[GPU2] epochs: [312/800] train_loss_con: 5.572 energy_loss: 12.933
[GPU2] epochs: [313/800] train_loss_con: 5.569 energy_loss: 11.596
[GPU2] epochs: [314/800] train_loss_con: 5.569 energy_loss: 14.069
[GPU2] epochs: [315/800] train_loss_con: 5.572 energy_loss: 12.572
[GPU2] epochs: [316/800] train_loss_con: 5.573 energy_loss: 13.609
[GPU2] epochs: [317/800] train_loss_con: 5.569 energy_loss: 12.975
[GPU2] epochs: [318/800] train_loss_con: 5.568 energy_loss: 14.477
[GPU2] epochs: [319/800] train_loss_con: 5.570 energy_loss: 13.381
[GPU2] epochs: [320/800] train_loss_con: 5.567 energy_loss: 13.166
[GPU2] epochs: [321/800] train_loss_con: 5.571 energy_loss: 11.155
[GPU2] epochs: [322/800] train_loss_con: 5.569 energy_loss: 11.198
[GPU2] epochs: [323/800] train_loss_con: 5.566 energy_loss: 12.430
[GPU2] epochs: [324/800] train_loss_con: 5.568 energy_loss: 12.305
[GPU2] epochs: [325/800] train_loss_con: 5.570 energy_loss: 12.606
[GPU2] epochs: [326/800] train_loss_con: 5.571 energy_loss: 13.447
[GPU2] epochs: [327/800] train_loss_con: 5.570 energy_loss: 12.251
[GPU2] epochs: [328/800] train_loss_con: 5.564 energy_loss: 11.170
[GPU2] epochs: [329/800] train_loss_con: 5.569 energy_loss: 11.083
[GPU2] epochs: [330/800] train_loss_con: 5.568 energy_loss: 10.984
[GPU2] epochs: [331/800] train_loss_con: 5.565 energy_loss: 12.065
[GPU2] epochs: [332/800] train_loss_con: 5.564 energy_loss: 11.987
[GPU2] epochs: [333/800] train_loss_con: 5.570 energy_loss: 13.265
[GPU2] epochs: [334/800] train_loss_con: 5.564 energy_loss: 11.126
[GPU2] epochs: [335/800] train_loss_con: 5.566 energy_loss: 10.807
[GPU2] epochs: [336/800] train_loss_con: 5.566 energy_loss: 12.064
[GPU2] epochs: [337/800] train_loss_con: 5.565 energy_loss: 11.983
[GPU2] epochs: [338/800] train_loss_con: 5.566 energy_loss: 12.425
[GPU2] epochs: [339/800] train_loss_con: 5.564 energy_loss: 12.299
[GPU2] epochs: [340/800] train_loss_con: 5.564 energy_loss: 12.552
[GPU2] epochs: [341/800] train_loss_con: 5.563 energy_loss: 12.101
[GPU2] epochs: [342/800] train_loss_con: 5.566 energy_loss: 12.072
[GPU2] epochs: [343/800] train_loss_con: 5.564 energy_loss: 12.376
[GPU2] epochs: [344/800] train_loss_con: 5.565 energy_loss: 12.241
[GPU2] epochs: [345/800] train_loss_con: 5.563 energy_loss: 11.765
[GPU2] epochs: [346/800] train_loss_con: 5.561 energy_loss: 11.813
[GPU2] epochs: [347/800] train_loss_con: 5.564 energy_loss: 12.535
[GPU2] epochs: [348/800] train_loss_con: 5.560 energy_loss: 11.587
[GPU2] epochs: [349/800] train_loss_con: 5.561 energy_loss: 11.936
[GPU2] epochs: [350/800] train_loss_con: 5.562 energy_loss: 11.751
[GPU2] epochs: [351/800] train_loss_con: 5.562 energy_loss: 11.477
[GPU2] epochs: [352/800] train_loss_con: 5.561 energy_loss: 12.079
[GPU2] epochs: [353/800] train_loss_con: 5.558 energy_loss: 11.830
[GPU2] epochs: [354/800] train_loss_con: 5.559 energy_loss: 11.736
[GPU2] epochs: [355/800] train_loss_con: 5.562 energy_loss: 11.099
[GPU2] epochs: [356/800] train_loss_con: 5.561 energy_loss: 10.767
[GPU2] epochs: [357/800] train_loss_con: 5.561 energy_loss: 12.435
[GPU2] epochs: [358/800] train_loss_con: 5.560 energy_loss: 11.996
[GPU2] epochs: [359/800] train_loss_con: 5.558 energy_loss: 12.059
[GPU2] epochs: [360/800] train_loss_con: 5.559 energy_loss: 12.023
[GPU2] epochs: [361/800] train_loss_con: 5.559 energy_loss: 11.611
[GPU2] epochs: [362/800] train_loss_con: 5.556 energy_loss: 11.386
[GPU2] epochs: [363/800] train_loss_con: 5.560 energy_loss: 11.734
[GPU2] epochs: [364/800] train_loss_con: 5.561 energy_loss: 11.833
[GPU2] epochs: [365/800] train_loss_con: 5.560 energy_loss: 12.100
[GPU2] epochs: [366/800] train_loss_con: 5.556 energy_loss: 11.898
[GPU2] epochs: [367/800] train_loss_con: 5.556 energy_loss: 11.538
[GPU2] epochs: [368/800] train_loss_con: 5.554 energy_loss: 11.995
[GPU2] epochs: [369/800] train_loss_con: 5.558 energy_loss: 12.112
[GPU2] epochs: [370/800] train_loss_con: 5.558 energy_loss: 12.132
[GPU2] epochs: [371/800] train_loss_con: 5.556 energy_loss: 12.190
[GPU2] epochs: [372/800] train_loss_con: 5.555 energy_loss: 11.741
[GPU2] epochs: [373/800] train_loss_con: 5.553 energy_loss: 11.641
[GPU2] epochs: [374/800] train_loss_con: 5.556 energy_loss: 11.980
[GPU2] epochs: [375/800] train_loss_con: 5.552 energy_loss: 11.484
[GPU2] epochs: [376/800] train_loss_con: 5.557 energy_loss: 11.507
[GPU2] epochs: [377/800] train_loss_con: 5.555 energy_loss: 10.923
[GPU2] epochs: [378/800] train_loss_con: 5.554 energy_loss: 15.210
[GPU2] epochs: [379/800] train_loss_con: 5.556 energy_loss: 9.806
[GPU2] epochs: [380/800] train_loss_con: 5.553 energy_loss: 10.627
[GPU2] epochs: [381/800] train_loss_con: 5.553 energy_loss: 20.859
[GPU2] epochs: [382/800] train_loss_con: 5.553 energy_loss: 10.157
[GPU2] epochs: [383/800] train_loss_con: 5.557 energy_loss: 9.869
[GPU2] epochs: [384/800] train_loss_con: 5.552 energy_loss: 9.620
[GPU2] epochs: [385/800] train_loss_con: 5.556 energy_loss: 9.669
[GPU2] epochs: [386/800] train_loss_con: 5.552 energy_loss: 9.634
[GPU2] epochs: [387/800] train_loss_con: 5.554 energy_loss: 9.620
[GPU2] epochs: [388/800] train_loss_con: 5.554 energy_loss: 9.610
[GPU2] epochs: [389/800] train_loss_con: 5.551 energy_loss: 9.579
[GPU2] epochs: [390/800] train_loss_con: 5.550 energy_loss: 9.649
[GPU2] epochs: [391/800] train_loss_con: 5.548 energy_loss: 9.629
[GPU2] epochs: [392/800] train_loss_con: 5.550 energy_loss: 9.498
[GPU2] epochs: [393/800] train_loss_con: 5.550 energy_loss: 9.828
[GPU2] epochs: [394/800] train_loss_con: 5.552 energy_loss: 9.849
[GPU2] epochs: [395/800] train_loss_con: 5.549 energy_loss: 10.371
[GPU2] epochs: [396/800] train_loss_con: 5.550 energy_loss: 36.339
[GPU2] epochs: [397/800] train_loss_con: 5.547 energy_loss: 11.354
[GPU2] epochs: [398/800] train_loss_con: 5.549 energy_loss: 10.783
[GPU2] epochs: [399/800] train_loss_con: 5.546 energy_loss: 10.123
[GPU2] epochs: [400/800] train_loss_con: 5.550 energy_loss: 9.653
[GPU2] epochs: [401/800] train_loss_con: 5.551 energy_loss: 9.430
[GPU2] epochs: [402/800] train_loss_con: 5.549 energy_loss: 9.464
[GPU2] epochs: [403/800] train_loss_con: 5.545 energy_loss: 9.771
[GPU2] epochs: [404/800] train_loss_con: 5.548 energy_loss: 9.247
[GPU2] epochs: [405/800] train_loss_con: 5.546 energy_loss: 9.649
[GPU2] epochs: [406/800] train_loss_con: 5.545 energy_loss: 9.783
[GPU2] epochs: [407/800] train_loss_con: 5.544 energy_loss: 9.664
[GPU2] epochs: [408/800] train_loss_con: 5.545 energy_loss: 9.737
[GPU2] epochs: [409/800] train_loss_con: 5.545 energy_loss: 9.870
[GPU2] epochs: [410/800] train_loss_con: 5.545 energy_loss: 9.825
[GPU2] epochs: [411/800] train_loss_con: 5.545 energy_loss: 9.658
[GPU2] epochs: [412/800] train_loss_con: 5.545 energy_loss: 9.448
[GPU2] epochs: [413/800] train_loss_con: 5.542 energy_loss: 9.219
[GPU2] epochs: [414/800] train_loss_con: 5.541 energy_loss: 9.097
[GPU2] epochs: [415/800] train_loss_con: 5.544 energy_loss: 9.104
[GPU2] epochs: [416/800] train_loss_con: 5.539 energy_loss: 9.129
[GPU2] epochs: [417/800] train_loss_con: 5.543 energy_loss: 9.177
[GPU2] epochs: [418/800] train_loss_con: 5.545 energy_loss: 9.128
[GPU2] epochs: [419/800] train_loss_con: 5.544 energy_loss: 9.083
[GPU2] epochs: [420/800] train_loss_con: 5.542 energy_loss: 8.934
[GPU2] epochs: [421/800] train_loss_con: 5.544 energy_loss: 8.843
[GPU2] epochs: [422/800] train_loss_con: 5.539 energy_loss: 8.847
[GPU2] epochs: [423/800] train_loss_con: 5.541 energy_loss: 8.805
[GPU2] epochs: [424/800] train_loss_con: 5.543 energy_loss: 8.792
[GPU2] epochs: [425/800] train_loss_con: 5.542 energy_loss: 8.697
[GPU2] epochs: [426/800] train_loss_con: 5.542 energy_loss: 8.713
[GPU2] epochs: [427/800] train_loss_con: 5.541 energy_loss: 8.719
[GPU2] epochs: [428/800] train_loss_con: 5.537 energy_loss: 8.906
[GPU2] epochs: [429/800] train_loss_con: 5.541 energy_loss: 8.933
[GPU2] epochs: [430/800] train_loss_con: 5.540 energy_loss: 8.953
[GPU2] epochs: [431/800] train_loss_con: 5.536 energy_loss: 8.771
[GPU2] epochs: [432/800] train_loss_con: 5.539 energy_loss: 8.768
[GPU2] epochs: [433/800] train_loss_con: 5.536 energy_loss: 8.722
[GPU2] epochs: [434/800] train_loss_con: 5.536 energy_loss: 8.639
[GPU2] epochs: [435/800] train_loss_con: 5.541 energy_loss: 8.528
[GPU2] epochs: [436/800] train_loss_con: 5.537 energy_loss: 8.674
[GPU2] epochs: [437/800] train_loss_con: 5.535 energy_loss: 8.689
[GPU2] epochs: [438/800] train_loss_con: 5.536 energy_loss: 155.501
[GPU2] epochs: [439/800] train_loss_con: 5.538 energy_loss: 11.936
[GPU2] epochs: [440/800] train_loss_con: 5.536 energy_loss: 15.077
[GPU2] epochs: [441/800] train_loss_con: 5.534 energy_loss: 23.396
[GPU2] epochs: [442/800] train_loss_con: 5.538 energy_loss: 29.000
[GPU2] epochs: [443/800] train_loss_con: 5.537 energy_loss: 22.824
[GPU2] epochs: [444/800] train_loss_con: 5.535 energy_loss: 16.492
[GPU2] epochs: [445/800] train_loss_con: 5.531 energy_loss: 10.358
[GPU2] epochs: [446/800] train_loss_con: 5.536 energy_loss: 8.843
[GPU2] epochs: [447/800] train_loss_con: 5.533 energy_loss: 8.646
[GPU2] epochs: [448/800] train_loss_con: 5.532 energy_loss: 8.517
[GPU2] epochs: [449/800] train_loss_con: 5.532 energy_loss: 8.419
[GPU2] epochs: [450/800] train_loss_con: 5.530 energy_loss: 8.296
[GPU2] epochs: [451/800] train_loss_con: 5.532 energy_loss: 8.219
[GPU2] epochs: [452/800] train_loss_con: 5.532 energy_loss: 12.641
[GPU2] epochs: [453/800] train_loss_con: 5.531 energy_loss: 14.026
[GPU2] epochs: [454/800] train_loss_con: 5.531 energy_loss: 8.609
[GPU2] epochs: [455/800] train_loss_con: 5.530 energy_loss: 8.513
[GPU2] epochs: [456/800] train_loss_con: 5.531 energy_loss: 8.604
[GPU2] epochs: [457/800] train_loss_con: 5.527 energy_loss: 8.382
[GPU2] epochs: [458/800] train_loss_con: 5.532 energy_loss: 8.333
[GPU2] epochs: [459/800] train_loss_con: 5.529 energy_loss: 8.207
[GPU2] epochs: [460/800] train_loss_con: 5.530 energy_loss: 8.365
[GPU2] epochs: [461/800] train_loss_con: 5.528 energy_loss: 8.209
[GPU2] epochs: [462/800] train_loss_con: 5.526 energy_loss: 8.046
[GPU2] epochs: [463/800] train_loss_con: 5.526 energy_loss: 8.094
[GPU2] epochs: [464/800] train_loss_con: 5.528 energy_loss: 8.006
[GPU2] epochs: [465/800] train_loss_con: 5.527 energy_loss: 8.197
[GPU2] epochs: [466/800] train_loss_con: 5.527 energy_loss: 7.998
[GPU2] epochs: [467/800] train_loss_con: 5.528 energy_loss: 8.032
[GPU2] epochs: [468/800] train_loss_con: 5.527 energy_loss: 7.984
[GPU2] epochs: [469/800] train_loss_con: 5.528 energy_loss: 7.962
[GPU2] epochs: [470/800] train_loss_con: 5.524 energy_loss: 7.974
[GPU2] epochs: [471/800] train_loss_con: 5.527 energy_loss: 7.882
[GPU2] epochs: [472/800] train_loss_con: 5.525 energy_loss: 7.837
[GPU2] epochs: [473/800] train_loss_con: 5.526 energy_loss: 7.774
[GPU2] epochs: [474/800] train_loss_con: 5.525 energy_loss: 7.746
[GPU2] epochs: [475/800] train_loss_con: 5.523 energy_loss: 7.750
[GPU2] epochs: [476/800] train_loss_con: 5.520 energy_loss: 7.702
[GPU2] epochs: [477/800] train_loss_con: 5.523 energy_loss: 7.581
[GPU2] epochs: [478/800] train_loss_con: 5.522 energy_loss: 7.652
[GPU2] epochs: [479/800] train_loss_con: 5.520 energy_loss: 7.724
[GPU2] epochs: [480/800] train_loss_con: 5.524 energy_loss: 8.034
[GPU2] epochs: [481/800] train_loss_con: 5.521 energy_loss: 7.879
[GPU2] epochs: [482/800] train_loss_con: 5.520 energy_loss: 7.767
[GPU2] epochs: [483/800] train_loss_con: 5.518 energy_loss: 7.830
[GPU2] epochs: [484/800] train_loss_con: 5.524 energy_loss: 7.939
[GPU2] epochs: [485/800] train_loss_con: 5.519 energy_loss: 7.877
[GPU2] epochs: [486/800] train_loss_con: 5.518 energy_loss: 7.793
[GPU2] epochs: [487/800] train_loss_con: 5.517 energy_loss: 7.733
[GPU2] epochs: [488/800] train_loss_con: 5.518 energy_loss: 7.702
[GPU2] epochs: [489/800] train_loss_con: 5.519 energy_loss: 7.578
[GPU2] epochs: [490/800] train_loss_con: 5.517 energy_loss: 7.608
[GPU2] epochs: [491/800] train_loss_con: 5.518 energy_loss: 7.581
[GPU2] epochs: [492/800] train_loss_con: 5.520 energy_loss: 7.600
[GPU2] epochs: [493/800] train_loss_con: 5.517 energy_loss: 7.514
[GPU2] epochs: [494/800] train_loss_con: 5.516 energy_loss: 7.471
[GPU2] epochs: [495/800] train_loss_con: 5.518 energy_loss: 7.463
[GPU2] epochs: [496/800] train_loss_con: 5.516 energy_loss: 7.458
[GPU2] epochs: [497/800] train_loss_con: 5.518 energy_loss: 7.497
[GPU2] epochs: [498/800] train_loss_con: 5.517 energy_loss: 7.557
[GPU2] epochs: [499/800] train_loss_con: 5.514 energy_loss: 7.552
[GPU2] epochs: [500/800] train_loss_con: 5.517 energy_loss: 7.713
[GPU2] epochs: [501/800] train_loss_con: 5.516 energy_loss: 7.641
[GPU2] epochs: [502/800] train_loss_con: 5.513 energy_loss: 7.273
[GPU2] epochs: [503/800] train_loss_con: 5.513 energy_loss: 7.267
[GPU2] epochs: [504/800] train_loss_con: 5.513 energy_loss: 7.337
[GPU2] epochs: [505/800] train_loss_con: 5.515 energy_loss: 7.263
[GPU2] epochs: [506/800] train_loss_con: 5.514 energy_loss: 7.151
[GPU2] epochs: [507/800] train_loss_con: 5.509 energy_loss: 39.017
[GPU2] epochs: [508/800] train_loss_con: 5.513 energy_loss: 63.639
[GPU2] epochs: [509/800] train_loss_con: 5.512 energy_loss: 19.241
[GPU2] epochs: [510/800] train_loss_con: 5.508 energy_loss: 16.173
[GPU2] epochs: [511/800] train_loss_con: 5.508 energy_loss: 12.823
[GPU2] epochs: [512/800] train_loss_con: 5.507 energy_loss: 9.539
[GPU2] epochs: [513/800] train_loss_con: 5.511 energy_loss: 7.494
[GPU2] epochs: [514/800] train_loss_con: 5.509 energy_loss: 7.360
[GPU2] epochs: [515/800] train_loss_con: 5.509 energy_loss: 7.283
[GPU2] epochs: [516/800] train_loss_con: 5.510 energy_loss: 7.130
[GPU2] epochs: [517/800] train_loss_con: 5.507 energy_loss: 6.929
[GPU2] epochs: [518/800] train_loss_con: 5.507 energy_loss: 6.738
[GPU2] epochs: [519/800] train_loss_con: 5.507 energy_loss: 6.693
[GPU2] epochs: [520/800] train_loss_con: 5.502 energy_loss: 12.722
[GPU2] epochs: [521/800] train_loss_con: 5.505 energy_loss: 8.350
[GPU2] epochs: [522/800] train_loss_con: 5.506 energy_loss: 7.672
[GPU2] epochs: [523/800] train_loss_con: 5.503 energy_loss: 7.582
[GPU2] epochs: [524/800] train_loss_con: 5.503 energy_loss: 7.569
[GPU2] epochs: [525/800] train_loss_con: 5.503 energy_loss: 7.324
[GPU2] epochs: [526/800] train_loss_con: 5.502 energy_loss: 7.075
[GPU2] epochs: [527/800] train_loss_con: 5.503 energy_loss: 7.096
[GPU2] epochs: [528/800] train_loss_con: 5.501 energy_loss: 7.064
[GPU2] epochs: [529/800] train_loss_con: 5.500 energy_loss: 6.865
[GPU2] epochs: [530/800] train_loss_con: 5.503 energy_loss: 6.878
[GPU2] epochs: [531/800] train_loss_con: 5.502 energy_loss: 6.770
[GPU2] epochs: [532/800] train_loss_con: 5.501 energy_loss: 6.684
[GPU2] epochs: [533/800] train_loss_con: 5.503 energy_loss: 6.602
[GPU2] epochs: [534/800] train_loss_con: 5.501 energy_loss: 6.492
[GPU2] epochs: [535/800] train_loss_con: 5.499 energy_loss: 6.450
[GPU2] epochs: [536/800] train_loss_con: 5.497 energy_loss: 6.242
[GPU2] epochs: [537/800] train_loss_con: 5.501 energy_loss: 6.291
[GPU2] epochs: [538/800] train_loss_con: 5.501 energy_loss: 6.257
[GPU2] epochs: [539/800] train_loss_con: 5.499 energy_loss: 6.270
[GPU2] epochs: [540/800] train_loss_con: 5.498 energy_loss: 6.254
[GPU2] epochs: [541/800] train_loss_con: 5.497 energy_loss: 6.256
[GPU2] epochs: [542/800] train_loss_con: 5.495 energy_loss: 6.151
[GPU2] epochs: [543/800] train_loss_con: 5.498 energy_loss: 6.322
[GPU2] epochs: [544/800] train_loss_con: 5.498 energy_loss: 6.213
[GPU2] epochs: [545/800] train_loss_con: 5.497 energy_loss: 6.178
[GPU2] epochs: [546/800] train_loss_con: 5.499 energy_loss: 6.277
[GPU2] epochs: [547/800] train_loss_con: 5.492 energy_loss: 6.303
[GPU2] epochs: [548/800] train_loss_con: 5.495 energy_loss: 7.326
[GPU2] epochs: [549/800] train_loss_con: 5.496 energy_loss: 10.538
[GPU2] epochs: [550/800] train_loss_con: 5.495 energy_loss: 6.992
[GPU2] epochs: [551/800] train_loss_con: 5.491 energy_loss: 6.804
[GPU2] epochs: [552/800] train_loss_con: 5.492 energy_loss: 6.557
[GPU2] epochs: [553/800] train_loss_con: 5.493 energy_loss: 6.386
[GPU2] epochs: [554/800] train_loss_con: 5.490 energy_loss: 6.438
[GPU2] epochs: [555/800] train_loss_con: 5.493 energy_loss: 6.385
[GPU2] epochs: [556/800] train_loss_con: 5.492 energy_loss: 6.332
[GPU2] epochs: [557/800] train_loss_con: 5.489 energy_loss: 6.232
[GPU2] epochs: [558/800] train_loss_con: 5.491 energy_loss: 6.248
[GPU2] epochs: [559/800] train_loss_con: 5.490 energy_loss: 6.210
[GPU2] epochs: [560/800] train_loss_con: 5.487 energy_loss: 6.194
[GPU2] epochs: [561/800] train_loss_con: 5.487 energy_loss: 6.267
[GPU2] epochs: [562/800] train_loss_con: 5.484 energy_loss: 6.345
[GPU2] epochs: [563/800] train_loss_con: 5.486 energy_loss: 6.207
[GPU2] epochs: [564/800] train_loss_con: 5.487 energy_loss: 6.104
[GPU2] epochs: [565/800] train_loss_con: 5.489 energy_loss: 6.076
[GPU2] epochs: [566/800] train_loss_con: 5.486 energy_loss: 6.098
[GPU2] epochs: [567/800] train_loss_con: 5.487 energy_loss: 6.082
[GPU2] epochs: [568/800] train_loss_con: 5.486 energy_loss: 5.931
[GPU2] epochs: [569/800] train_loss_con: 5.486 energy_loss: 5.903
[GPU2] epochs: [570/800] train_loss_con: 5.485 energy_loss: 5.858
[GPU2] epochs: [571/800] train_loss_con: 5.484 energy_loss: 5.911
[GPU2] epochs: [572/800] train_loss_con: 5.485 energy_loss: 5.903
[GPU2] epochs: [573/800] train_loss_con: 5.482 energy_loss: 5.715
[GPU2] epochs: [574/800] train_loss_con: 5.483 energy_loss: 5.623
[GPU2] epochs: [575/800] train_loss_con: 5.487 energy_loss: 5.603
[GPU2] epochs: [576/800] train_loss_con: 5.480 energy_loss: 5.726
[GPU2] epochs: [577/800] train_loss_con: 5.485 energy_loss: 10.129
[GPU2] epochs: [578/800] train_loss_con: 5.480 energy_loss: 28.009
[GPU2] epochs: [579/800] train_loss_con: 5.481 energy_loss: 5.412
[GPU2] epochs: [580/800] train_loss_con: 5.479 energy_loss: 5.420
[GPU2] epochs: [581/800] train_loss_con: 5.480 energy_loss: 5.373
[GPU2] epochs: [582/800] train_loss_con: 5.479 energy_loss: 5.424
[GPU2] epochs: [583/800] train_loss_con: 5.480 energy_loss: 5.243
[GPU2] epochs: [584/800] train_loss_con: 5.480 energy_loss: 5.206
[GPU2] epochs: [585/800] train_loss_con: 5.475 energy_loss: 5.184
[GPU2] epochs: [586/800] train_loss_con: 5.476 energy_loss: 5.229
[GPU2] epochs: [587/800] train_loss_con: 5.477 energy_loss: 5.184
[GPU2] epochs: [588/800] train_loss_con: 5.479 energy_loss: 5.177
[GPU2] epochs: [589/800] train_loss_con: 5.474 energy_loss: 5.272
[GPU2] epochs: [590/800] train_loss_con: 5.474 energy_loss: 5.381
[GPU2] epochs: [591/800] train_loss_con: 5.471 energy_loss: 5.071
[GPU2] epochs: [592/800] train_loss_con: 5.476 energy_loss: 5.027
[GPU2] epochs: [593/800] train_loss_con: 5.474 energy_loss: 5.138
[GPU2] epochs: [594/800] train_loss_con: 5.471 energy_loss: 5.052
[GPU2] epochs: [595/800] train_loss_con: 5.475 energy_loss: 4.987
[GPU2] epochs: [596/800] train_loss_con: 5.473 energy_loss: 4.952
[GPU2] epochs: [597/800] train_loss_con: 5.470 energy_loss: 4.883
[GPU2] epochs: [598/800] train_loss_con: 5.472 energy_loss: 4.922
[GPU2] epochs: [599/800] train_loss_con: 5.470 energy_loss: 4.890
[GPU2] epochs: [600/800] train_loss_con: 5.469 energy_loss: 4.797
[GPU2] epochs: [601/800] train_loss_con: 5.468 energy_loss: 4.810
[GPU2] epochs: [602/800] train_loss_con: 5.469 energy_loss: 4.741
[GPU2] epochs: [603/800] train_loss_con: 5.469 energy_loss: 4.831
[GPU2] epochs: [604/800] train_loss_con: 5.469 energy_loss: 4.793
[GPU2] epochs: [605/800] train_loss_con: 5.467 energy_loss: 4.944
[GPU2] epochs: [606/800] train_loss_con: 5.466 energy_loss: 4.882
[GPU2] epochs: [607/800] train_loss_con: 5.469 energy_loss: 4.864
[GPU2] epochs: [608/800] train_loss_con: 5.468 energy_loss: 4.782
[GPU2] epochs: [609/800] train_loss_con: 5.463 energy_loss: 4.794
[GPU2] epochs: [610/800] train_loss_con: 5.462 energy_loss: 4.744
[GPU2] epochs: [611/800] train_loss_con: 5.466 energy_loss: 4.806
[GPU2] epochs: [612/800] train_loss_con: 5.464 energy_loss: 4.768
[GPU2] epochs: [613/800] train_loss_con: 5.460 energy_loss: 4.697
[GPU2] epochs: [614/800] train_loss_con: 5.464 energy_loss: 4.724
[GPU2] epochs: [615/800] train_loss_con: 5.464 energy_loss: 4.667
[GPU2] epochs: [616/800] train_loss_con: 5.464 energy_loss: 4.623
[GPU2] epochs: [617/800] train_loss_con: 5.463 energy_loss: 4.632
[GPU2] epochs: [618/800] train_loss_con: 5.460 energy_loss: 4.580
[GPU2] epochs: [619/800] train_loss_con: 5.463 energy_loss: 4.693
[GPU2] epochs: [620/800] train_loss_con: 5.461 energy_loss: 4.523
[GPU2] epochs: [621/800] train_loss_con: 5.459 energy_loss: 4.531
[GPU2] epochs: [622/800] train_loss_con: 5.457 energy_loss: 4.505
[GPU2] epochs: [623/800] train_loss_con: 5.459 energy_loss: 4.451
[GPU2] epochs: [624/800] train_loss_con: 5.460 energy_loss: 4.507
[GPU2] epochs: [625/800] train_loss_con: 5.458 energy_loss: 4.463
[GPU2] epochs: [626/800] train_loss_con: 5.460 energy_loss: 9.739
[GPU2] epochs: [627/800] train_loss_con: 5.455 energy_loss: 14.644
[GPU2] epochs: [628/800] train_loss_con: 5.457 energy_loss: 4.508
[GPU2] epochs: [629/800] train_loss_con: 5.455 energy_loss: 4.464
[GPU2] epochs: [630/800] train_loss_con: 5.455 energy_loss: 4.445
[GPU2] epochs: [631/800] train_loss_con: 5.450 energy_loss: 4.363
[GPU2] epochs: [632/800] train_loss_con: 5.454 energy_loss: 4.357
[GPU2] epochs: [633/800] train_loss_con: 5.451 energy_loss: 4.352
[GPU2] epochs: [634/800] train_loss_con: 5.451 energy_loss: 4.317
[GPU2] epochs: [635/800] train_loss_con: 5.451 energy_loss: 4.307
[GPU2] epochs: [636/800] train_loss_con: 5.453 energy_loss: 4.246
[GPU2] epochs: [637/800] train_loss_con: 5.449 energy_loss: 4.246
[GPU2] epochs: [638/800] train_loss_con: 5.450 energy_loss: 4.242
[GPU2] epochs: [639/800] train_loss_con: 5.451 energy_loss: 4.188
[GPU2] epochs: [640/800] train_loss_con: 5.446 energy_loss: 4.169
[GPU2] epochs: [641/800] train_loss_con: 5.448 energy_loss: 4.142
[GPU2] epochs: [642/800] train_loss_con: 5.445 energy_loss: 4.135
[GPU2] epochs: [643/800] train_loss_con: 5.446 energy_loss: 4.162
[GPU2] epochs: [644/800] train_loss_con: 5.446 energy_loss: 4.179
[GPU2] epochs: [645/800] train_loss_con: 5.442 energy_loss: 4.227
[GPU2] epochs: [646/800] train_loss_con: 5.446 energy_loss: 4.145
[GPU2] epochs: [647/800] train_loss_con: 5.446 energy_loss: 4.121
[GPU2] epochs: [648/800] train_loss_con: 5.444 energy_loss: 4.064
[GPU2] epochs: [649/800] train_loss_con: 5.443 energy_loss: 4.099
[GPU2] epochs: [650/800] train_loss_con: 5.444 energy_loss: 3.972
[GPU2] epochs: [651/800] train_loss_con: 5.438 energy_loss: 3.981
[GPU2] epochs: [652/800] train_loss_con: 5.442 energy_loss: 3.952
[GPU2] epochs: [653/800] train_loss_con: 5.441 energy_loss: 4.003
[GPU2] epochs: [654/800] train_loss_con: 5.442 energy_loss: 4.314
[GPU2] epochs: [655/800] train_loss_con: 5.438 energy_loss: 4.505
[GPU2] epochs: [656/800] train_loss_con: 5.437 energy_loss: 3.955
[GPU2] epochs: [657/800] train_loss_con: 5.438 energy_loss: 4.249
[GPU2] epochs: [658/800] train_loss_con: 5.438 energy_loss: 3.824
[GPU2] epochs: [659/800] train_loss_con: 5.435 energy_loss: 16.179
[GPU2] epochs: [660/800] train_loss_con: 5.435 energy_loss: 6.666
[GPU2] epochs: [661/800] train_loss_con: 5.433 energy_loss: 3.740
[GPU2] epochs: [662/800] train_loss_con: 5.433 energy_loss: 3.668
[GPU2] epochs: [663/800] train_loss_con: 5.433 energy_loss: 3.733
[GPU2] epochs: [664/800] train_loss_con: 5.437 energy_loss: 3.724
[GPU2] epochs: [665/800] train_loss_con: 5.434 energy_loss: 3.814
[GPU2] epochs: [666/800] train_loss_con: 5.432 energy_loss: 3.712
[GPU2] epochs: [667/800] train_loss_con: 5.433 energy_loss: 3.721
[GPU2] epochs: [668/800] train_loss_con: 5.428 energy_loss: 3.649
[GPU2] epochs: [669/800] train_loss_con: 5.431 energy_loss: 3.679
[GPU2] epochs: [670/800] train_loss_con: 5.432 energy_loss: 3.685
[GPU2] epochs: [671/800] train_loss_con: 5.427 energy_loss: 3.536
[GPU2] epochs: [672/800] train_loss_con: 5.431 energy_loss: 3.645
[GPU2] epochs: [673/800] train_loss_con: 5.427 energy_loss: 3.701
[GPU2] epochs: [674/800] train_loss_con: 5.428 energy_loss: 3.555
[GPU2] epochs: [675/800] train_loss_con: 5.428 energy_loss: 3.587
[GPU2] epochs: [676/800] train_loss_con: 5.427 energy_loss: 3.534
[GPU2] epochs: [677/800] train_loss_con: 5.426 energy_loss: 3.578
[GPU2] epochs: [678/800] train_loss_con: 5.426 energy_loss: 3.574
[GPU2] epochs: [679/800] train_loss_con: 5.425 energy_loss: 3.544
[GPU2] epochs: [680/800] train_loss_con: 5.424 energy_loss: 3.526
[GPU2] epochs: [681/800] train_loss_con: 5.425 energy_loss: 3.518
[GPU2] epochs: [682/800] train_loss_con: 5.422 energy_loss: 3.378
[GPU2] epochs: [683/800] train_loss_con: 5.420 energy_loss: 3.393
[GPU2] epochs: [684/800] train_loss_con: 5.420 energy_loss: 3.424
[GPU2] epochs: [685/800] train_loss_con: 5.423 energy_loss: 3.468
[GPU2] epochs: [686/800] train_loss_con: 5.421 energy_loss: 3.443
[GPU2] epochs: [687/800] train_loss_con: 5.419 energy_loss: 3.480
[GPU2] epochs: [688/800] train_loss_con: 5.418 energy_loss: 3.436
[GPU2] epochs: [689/800] train_loss_con: 5.420 energy_loss: 3.402
[GPU2] epochs: [690/800] train_loss_con: 5.417 energy_loss: 3.412
[GPU2] epochs: [691/800] train_loss_con: 5.418 energy_loss: 3.422
[GPU2] epochs: [692/800] train_loss_con: 5.415 energy_loss: 3.313
[GPU2] epochs: [693/800] train_loss_con: 5.416 energy_loss: 3.387
[GPU2] epochs: [694/800] train_loss_con: 5.416 energy_loss: 3.370
[GPU2] epochs: [695/800] train_loss_con: 5.416 energy_loss: 3.933
[GPU2] epochs: [696/800] train_loss_con: 5.414 energy_loss: 3.621
[GPU2] epochs: [697/800] train_loss_con: 5.415 energy_loss: 3.417
[GPU2] epochs: [698/800] train_loss_con: 5.413 energy_loss: 3.342
[GPU2] epochs: [699/800] train_loss_con: 5.412 energy_loss: 3.237
[GPU2] epochs: [700/800] train_loss_con: 5.411 energy_loss: 3.432
[GPU2] epochs: [701/800] train_loss_con: 5.410 energy_loss: 3.174
[GPU2] epochs: [702/800] train_loss_con: 5.409 energy_loss: 3.261
[GPU2] epochs: [703/800] train_loss_con: 5.410 energy_loss: 17.418
[GPU2] epochs: [704/800] train_loss_con: 5.412 energy_loss: 11.080
[GPU2] epochs: [705/800] train_loss_con: 5.409 energy_loss: 3.002
[GPU2] epochs: [706/800] train_loss_con: 5.408 energy_loss: 3.074
[GPU2] epochs: [707/800] train_loss_con: 5.407 energy_loss: 3.174
[GPU2] epochs: [708/800] train_loss_con: 5.405 energy_loss: 3.085
[GPU2] epochs: [709/800] train_loss_con: 5.406 energy_loss: 3.080
[GPU2] epochs: [710/800] train_loss_con: 5.407 energy_loss: 3.168
[GPU2] epochs: [711/800] train_loss_con: 5.404 energy_loss: 3.146
[GPU2] epochs: [712/800] train_loss_con: 5.403 energy_loss: 3.138
[GPU2] epochs: [713/800] train_loss_con: 5.405 energy_loss: 3.064
[GPU2] epochs: [714/800] train_loss_con: 5.403 energy_loss: 3.091
[GPU2] epochs: [715/800] train_loss_con: 5.405 energy_loss: 3.063
[GPU2] epochs: [716/800] train_loss_con: 5.405 energy_loss: 3.076
[GPU2] epochs: [717/800] train_loss_con: 5.401 energy_loss: 3.057
[GPU2] epochs: [718/800] train_loss_con: 5.399 energy_loss: 2.968
[GPU2] epochs: [719/800] train_loss_con: 5.398 energy_loss: 3.028
[GPU2] epochs: [720/800] train_loss_con: 5.400 energy_loss: 3.004
[GPU2] epochs: [721/800] train_loss_con: 5.398 energy_loss: 3.021
[GPU2] epochs: [722/800] train_loss_con: 5.399 energy_loss: 2.968
[GPU2] epochs: [723/800] train_loss_con: 5.398 energy_loss: 2.913
[GPU2] epochs: [724/800] train_loss_con: 5.399 energy_loss: 2.962
[GPU2] epochs: [725/800] train_loss_con: 5.397 energy_loss: 2.950
[GPU2] epochs: [726/800] train_loss_con: 5.395 energy_loss: 2.923
[GPU2] epochs: [727/800] train_loss_con: 5.396 energy_loss: 2.908
[GPU2] epochs: [728/800] train_loss_con: 5.393 energy_loss: 2.937
[GPU2] epochs: [729/800] train_loss_con: 5.393 energy_loss: 2.874
[GPU2] epochs: [730/800] train_loss_con: 5.393 energy_loss: 2.910
[GPU2] epochs: [731/800] train_loss_con: 5.393 energy_loss: 2.898
[GPU2] epochs: [732/800] train_loss_con: 5.394 energy_loss: 2.911
[GPU2] epochs: [733/800] train_loss_con: 5.390 energy_loss: 2.937
[GPU2] epochs: [734/800] train_loss_con: 5.391 energy_loss: 2.856
[GPU2] epochs: [735/800] train_loss_con: 5.392 energy_loss: 2.835
[GPU2] epochs: [736/800] train_loss_con: 5.391 energy_loss: 2.873
[GPU2] epochs: [737/800] train_loss_con: 5.390 energy_loss: 2.814
[GPU2] epochs: [738/800] train_loss_con: 5.389 energy_loss: 2.796
[GPU2] epochs: [739/800] train_loss_con: 5.391 energy_loss: 2.757
[GPU2] epochs: [740/800] train_loss_con: 5.388 energy_loss: 2.791
[GPU2] epochs: [741/800] train_loss_con: 5.390 energy_loss: 2.835
[GPU2] epochs: [742/800] train_loss_con: 5.387 energy_loss: 2.782
[GPU2] epochs: [743/800] train_loss_con: 5.386 energy_loss: 2.834
[GPU2] epochs: [744/800] train_loss_con: 5.386 energy_loss: 2.812
[GPU2] epochs: [745/800] train_loss_con: 5.387 energy_loss: 2.784
[GPU2] epochs: [746/800] train_loss_con: 5.387 energy_loss: 2.776
[GPU2] epochs: [747/800] train_loss_con: 5.385 energy_loss: 2.743
[GPU2] epochs: [748/800] train_loss_con: 5.384 energy_loss: 2.752
[GPU2] epochs: [749/800] train_loss_con: 5.384 energy_loss: 44.511
[GPU2] epochs: [750/800] train_loss_con: 5.383 energy_loss: 2.789
[GPU2] epochs: [751/800] train_loss_con: 5.384 energy_loss: 2.784
[GPU2] epochs: [752/800] train_loss_con: 5.380 energy_loss: 2.783
[GPU2] epochs: [753/800] train_loss_con: 5.381 energy_loss: 2.797
[GPU2] epochs: [754/800] train_loss_con: 5.381 energy_loss: 2.687
[GPU2] epochs: [755/800] train_loss_con: 5.379 energy_loss: 2.728
[GPU2] epochs: [756/800] train_loss_con: 5.376 energy_loss: 2.741
[GPU2] epochs: [757/800] train_loss_con: 5.379 energy_loss: 2.733
[GPU2] epochs: [758/800] train_loss_con: 5.380 energy_loss: 2.723
[GPU2] epochs: [759/800] train_loss_con: 5.378 energy_loss: 2.698
[GPU2] epochs: [760/800] train_loss_con: 5.379 energy_loss: 2.703
[GPU2] epochs: [761/800] train_loss_con: 5.381 energy_loss: 2.708
[GPU2] epochs: [762/800] train_loss_con: 5.376 energy_loss: 2.694
[GPU2] epochs: [763/800] train_loss_con: 5.380 energy_loss: 2.720
[GPU2] epochs: [764/800] train_loss_con: 5.376 energy_loss: 2.724
[GPU2] epochs: [765/800] train_loss_con: 5.379 energy_loss: 2.720
[GPU2] epochs: [766/800] train_loss_con: 5.377 energy_loss: 2.715
[GPU2] epochs: [767/800] train_loss_con: 5.377 energy_loss: 2.708
[GPU2] epochs: [768/800] train_loss_con: 5.375 energy_loss: 2.717
[GPU2] epochs: [769/800] train_loss_con: 5.374 energy_loss: 2.722
[GPU2] epochs: [770/800] train_loss_con: 5.376 energy_loss: 2.705
[GPU2] epochs: [771/800] train_loss_con: 5.378 energy_loss: 2.712
[GPU2] epochs: [772/800] train_loss_con: 5.376 energy_loss: 2.746
[GPU2] epochs: [773/800] train_loss_con: 5.376 energy_loss: 2.698
[GPU2] epochs: [774/800] train_loss_con: 5.374 energy_loss: 2.787
[GPU2] epochs: [775/800] train_loss_con: 5.372 energy_loss: 2.988
[GPU2] epochs: [776/800] train_loss_con: 5.375 energy_loss: 2.776
[GPU2] epochs: [777/800] train_loss_con: 5.373 energy_loss: 2.670
[GPU2] epochs: [778/800] train_loss_con: 5.371 energy_loss: 3.040
[GPU2] epochs: [779/800] train_loss_con: 5.376 energy_loss: 2.677
[GPU2] epochs: [780/800] train_loss_con: 5.373 energy_loss: 2.712
[GPU2] epochs: [781/800] train_loss_con: 5.372 energy_loss: 2.544
[GPU2] epochs: [782/800] train_loss_con: 5.372 energy_loss: 2.545
[GPU2] epochs: [783/800] train_loss_con: 5.374 energy_loss: 2.530
[GPU2] epochs: [784/800] train_loss_con: 5.375 energy_loss: 2.536
[GPU2] epochs: [785/800] train_loss_con: 5.371 energy_loss: 2.570
[GPU2] epochs: [786/800] train_loss_con: 5.375 energy_loss: 2.527
[GPU2] epochs: [787/800] train_loss_con: 5.373 energy_loss: 2.561
[GPU2] epochs: [788/800] train_loss_con: 5.373 energy_loss: 2.701
[GPU2] epochs: [789/800] train_loss_con: 5.372 energy_loss: 2.537
[GPU2] epochs: [790/800] train_loss_con: 5.371 energy_loss: 2.554
[GPU2] epochs: [791/800] train_loss_con: 5.371 energy_loss: 2.544
[GPU2] epochs: [792/800] train_loss_con: 5.373 energy_loss: 2.582
[GPU2] epochs: [793/800] train_loss_con: 5.372 energy_loss: 2.576
[GPU2] epochs: [794/800] train_loss_con: 5.372 energy_loss: 2.583
[GPU2] epochs: [795/800] train_loss_con: 5.371 energy_loss: 2.555
[GPU2] epochs: [796/800] train_loss_con: 5.369 energy_loss: 14.027
[GPU2] epochs: [797/800] train_loss_con: 5.369 energy_loss: 34.053
[GPU2] epochs: [798/800] train_loss_con: 5.370 energy_loss: 2.510
[GPU2] epochs: [799/800] train_loss_con: 5.371 energy_loss: 2.382
[GPU2] epochs: [800/800] train_loss_con: 5.369 energy_loss: 2.360
### TSNE starts
### MLP training begins
[GPU2] Test Accuracy at epoch: 0: 0.857
[GPU2] epochs: [1/100] train_acc: 0.642 train_loss_sup: 2.230
[GPU2] epochs: [2/100] train_acc: 0.845 train_loss_sup: 2.064
[GPU2] epochs: [3/100] train_acc: 0.856 train_loss_sup: 1.909
[GPU2] epochs: [4/100] train_acc: 0.863 train_loss_sup: 1.768
[GPU2] epochs: [5/100] train_acc: 0.863 train_loss_sup: 1.640
[GPU2] epochs: [6/100] train_acc: 0.866 train_loss_sup: 1.525
[GPU2] epochs: [7/100] train_acc: 0.864 train_loss_sup: 1.424
[GPU2] epochs: [8/100] train_acc: 0.865 train_loss_sup: 1.335
[GPU2] epochs: [9/100] train_acc: 0.867 train_loss_sup: 1.253
[GPU2] epochs: [10/100] train_acc: 0.868 train_loss_sup: 1.184
[GPU2] Test Accuracy at epoch: 10: 0.886
[GPU2] epochs: [11/100] train_acc: 0.869 train_loss_sup: 1.121
[GPU2] epochs: [12/100] train_acc: 0.867 train_loss_sup: 1.067
[GPU2] epochs: [13/100] train_acc: 0.870 train_loss_sup: 1.018
[GPU2] epochs: [14/100] train_acc: 0.869 train_loss_sup: 0.974
[GPU2] epochs: [15/100] train_acc: 0.871 train_loss_sup: 0.934
[GPU2] epochs: [16/100] train_acc: 0.871 train_loss_sup: 0.901
[GPU2] epochs: [17/100] train_acc: 0.871 train_loss_sup: 0.868
[GPU2] epochs: [18/100] train_acc: 0.873 train_loss_sup: 0.840
[GPU2] epochs: [19/100] train_acc: 0.872 train_loss_sup: 0.817
[GPU2] epochs: [20/100] train_acc: 0.873 train_loss_sup: 0.790
[GPU2] Test Accuracy at epoch: 20: 0.892
[GPU2] epochs: [21/100] train_acc: 0.873 train_loss_sup: 0.770
[GPU2] epochs: [22/100] train_acc: 0.873 train_loss_sup: 0.750
[GPU2] epochs: [23/100] train_acc: 0.877 train_loss_sup: 0.730
[GPU2] epochs: [24/100] train_acc: 0.874 train_loss_sup: 0.716
[GPU2] epochs: [25/100] train_acc: 0.874 train_loss_sup: 0.703
[GPU2] epochs: [26/100] train_acc: 0.876 train_loss_sup: 0.687
[GPU2] epochs: [27/100] train_acc: 0.876 train_loss_sup: 0.673
[GPU2] epochs: [28/100] train_acc: 0.876 train_loss_sup: 0.661
[GPU2] epochs: [29/100] train_acc: 0.875 train_loss_sup: 0.650
[GPU2] epochs: [30/100] train_acc: 0.876 train_loss_sup: 0.638
[GPU2] Test Accuracy at epoch: 30: 0.894
[GPU2] epochs: [31/100] train_acc: 0.879 train_loss_sup: 0.627
[GPU2] epochs: [32/100] train_acc: 0.877 train_loss_sup: 0.618
[GPU2] epochs: [33/100] train_acc: 0.879 train_loss_sup: 0.608
[GPU2] epochs: [34/100] train_acc: 0.878 train_loss_sup: 0.600
[GPU2] epochs: [35/100] train_acc: 0.880 train_loss_sup: 0.594
[GPU2] epochs: [36/100] train_acc: 0.879 train_loss_sup: 0.585
[GPU2] epochs: [37/100] train_acc: 0.878 train_loss_sup: 0.580
[GPU2] epochs: [38/100] train_acc: 0.879 train_loss_sup: 0.570
[GPU2] epochs: [39/100] train_acc: 0.881 train_loss_sup: 0.563
[GPU2] epochs: [40/100] train_acc: 0.880 train_loss_sup: 0.556
[GPU2] Test Accuracy at epoch: 40: 0.898
[GPU2] epochs: [41/100] train_acc: 0.881 train_loss_sup: 0.551
[GPU2] epochs: [42/100] train_acc: 0.882 train_loss_sup: 0.544
[GPU2] epochs: [43/100] train_acc: 0.880 train_loss_sup: 0.541
[GPU2] epochs: [44/100] train_acc: 0.881 train_loss_sup: 0.538
[GPU2] epochs: [45/100] train_acc: 0.881 train_loss_sup: 0.531
[GPU2] epochs: [46/100] train_acc: 0.881 train_loss_sup: 0.527
[GPU2] epochs: [47/100] train_acc: 0.883 train_loss_sup: 0.523
[GPU2] epochs: [48/100] train_acc: 0.883 train_loss_sup: 0.517
[GPU2] epochs: [49/100] train_acc: 0.883 train_loss_sup: 0.511
[GPU2] epochs: [50/100] train_acc: 0.883 train_loss_sup: 0.504
[GPU2] Test Accuracy at epoch: 50: 0.901
[GPU2] epochs: [51/100] train_acc: 0.880 train_loss_sup: 0.509
[GPU2] epochs: [52/100] train_acc: 0.882 train_loss_sup: 0.503
[GPU2] epochs: [53/100] train_acc: 0.884 train_loss_sup: 0.497
[GPU2] epochs: [54/100] train_acc: 0.882 train_loss_sup: 0.498
[GPU2] epochs: [55/100] train_acc: 0.884 train_loss_sup: 0.492
[GPU2] epochs: [56/100] train_acc: 0.883 train_loss_sup: 0.488
[GPU2] epochs: [57/100] train_acc: 0.881 train_loss_sup: 0.488
[GPU2] epochs: [58/100] train_acc: 0.884 train_loss_sup: 0.482
[GPU2] epochs: [59/100] train_acc: 0.883 train_loss_sup: 0.477
[GPU2] epochs: [60/100] train_acc: 0.882 train_loss_sup: 0.478
[GPU2] Test Accuracy at epoch: 60: 0.903
[GPU2] epochs: [61/100] train_acc: 0.884 train_loss_sup: 0.474
[GPU2] epochs: [62/100] train_acc: 0.885 train_loss_sup: 0.470
[GPU2] epochs: [63/100] train_acc: 0.885 train_loss_sup: 0.467
[GPU2] epochs: [64/100] train_acc: 0.885 train_loss_sup: 0.466
[GPU2] epochs: [65/100] train_acc: 0.887 train_loss_sup: 0.460
[GPU2] epochs: [66/100] train_acc: 0.885 train_loss_sup: 0.459
[GPU2] epochs: [67/100] train_acc: 0.884 train_loss_sup: 0.460
[GPU2] epochs: [68/100] train_acc: 0.885 train_loss_sup: 0.456
[GPU2] epochs: [69/100] train_acc: 0.885 train_loss_sup: 0.454
[GPU2] epochs: [70/100] train_acc: 0.886 train_loss_sup: 0.452
[GPU2] Test Accuracy at epoch: 70: 0.904
[GPU2] epochs: [71/100] train_acc: 0.885 train_loss_sup: 0.449
[GPU2] epochs: [72/100] train_acc: 0.887 train_loss_sup: 0.446
[GPU2] epochs: [73/100] train_acc: 0.886 train_loss_sup: 0.446
[GPU2] epochs: [74/100] train_acc: 0.888 train_loss_sup: 0.443
[GPU2] epochs: [75/100] train_acc: 0.886 train_loss_sup: 0.440
[GPU2] epochs: [76/100] train_acc: 0.887 train_loss_sup: 0.440
[GPU2] epochs: [77/100] train_acc: 0.887 train_loss_sup: 0.438
[GPU2] epochs: [78/100] train_acc: 0.888 train_loss_sup: 0.436
[GPU2] epochs: [79/100] train_acc: 0.887 train_loss_sup: 0.434
[GPU2] epochs: [80/100] train_acc: 0.887 train_loss_sup: 0.434
[GPU2] Test Accuracy at epoch: 80: 0.905
[GPU2] epochs: [81/100] train_acc: 0.885 train_loss_sup: 0.432
[GPU2] epochs: [82/100] train_acc: 0.888 train_loss_sup: 0.428
[GPU2] epochs: [83/100] train_acc: 0.886 train_loss_sup: 0.428
[GPU2] epochs: [84/100] train_acc: 0.887 train_loss_sup: 0.427
[GPU2] epochs: [85/100] train_acc: 0.887 train_loss_sup: 0.425
[GPU2] epochs: [86/100] train_acc: 0.887 train_loss_sup: 0.424
[GPU2] epochs: [87/100] train_acc: 0.888 train_loss_sup: 0.421
[GPU2] epochs: [88/100] train_acc: 0.888 train_loss_sup: 0.420
[GPU2] epochs: [89/100] train_acc: 0.888 train_loss_sup: 0.418
[GPU2] epochs: [90/100] train_acc: 0.887 train_loss_sup: 0.421
[GPU2] Test Accuracy at epoch: 90: 0.907
[GPU2] epochs: [91/100] train_acc: 0.887 train_loss_sup: 0.417
[GPU2] epochs: [92/100] train_acc: 0.888 train_loss_sup: 0.418
[GPU2] epochs: [93/100] train_acc: 0.889 train_loss_sup: 0.414
[GPU2] epochs: [94/100] train_acc: 0.889 train_loss_sup: 0.414
[GPU2] epochs: [95/100] train_acc: 0.888 train_loss_sup: 0.411
[GPU2] epochs: [96/100] train_acc: 0.890 train_loss_sup: 0.408
[GPU2] epochs: [97/100] train_acc: 0.888 train_loss_sup: 0.411
[GPU2] epochs: [98/100] train_acc: 0.888 train_loss_sup: 0.411
[GPU2] epochs: [99/100] train_acc: 0.889 train_loss_sup: 0.409
[GPU2] epochs: [100/100] train_acc: 0.888 train_loss_sup: 0.407
[GPU2] Final Test Accuracy: 0.908
Model weights saved
<All keys matched successfully>
OpenBLAS warning: precompiled NUM_THREADS exceeded, adding auxiliary array for thread metadata.
To avoid this warning, please rebuild your copy of OpenBLAS with a larger NUM_THREADS setting
or set the environment variable OPENBLAS_NUM_THREADS to 64 or lower
knn evalution
logistic regression evalution
knn_acc: 0.904, log_reg_acc: 0.928
BLAS : Bad memory unallocation! :  640  0x7f9c2595f000
BLAS : Bad memory unallocation! :  640  0x7f9bb395f000
BLAS : Bad memory unallocation! :  640  0x7f9bb595f000
BLAS : Bad memory unallocation! :  640  0x7f9bb795f000
BLAS : Bad memory unallocation! :  640  0x7f9b9f95f000
BLAS : Bad memory unallocation! :  640  0x7f9baf95f000
BLAS : Bad memory unallocation! :  640  0x7f9b5d95f000
BLAS : Bad memory unallocation! :  640  0x7f9b4995f000
BLAS : Bad memory unallocation! :  640  0x7f9b5995f000
BLAS : Bad memory unallocation! :  640  0x7f9b4795f000
BLAS : Bad memory unallocation! :  640  0x7f9b5395f000
BLAS : Bad memory unallocation! :  640  0x7f9b1b95f000
BLAS : Bad memory unallocation! :  640  0x7f9ae995f000
BLAS : Bad memory unallocation! :  640  0x7f9b1f95f000
BLAS : Bad memory unallocation! :  640  0x7f9a4995f000
BLAS : Bad memory unallocation! :  640  0x7f9a4f95f000
BLAS : Bad memory unallocation! :  640  0x7f9a4b95f000
