environment: 
YAML: configs/scalre.c10.yaml
==> SEED: 42
==> num_classes: 10
==> data_name: cifar10
==> data_params: {'algo': 'scalre', 'data_dir': 'datasets/cifar10', 'batch_size': 512, 'num_workers': 3, 'image_size': 32}
==> return_logs: False
==> eval_every: 10
==> n_epochs: 350
==> n_epochs_mlp: 100
==> gpu_id: 0
==> opt: SGD
==> opt_params: {'lr': 0.5, 'momentum': 0.9, 'nesterov': True}
==> schedular_params: {'T_max': 350, 'eta_min': 0.001}
==> mlp_opt: SGD
==> mlp_opt_params: {'lr': 0.01, 'momentum': 0.9, 'nesterov': True}
==> energy_model_params: {'eta': 0.01, 'steps': 5, 'sigma': 0.2, 'delta': 0.1, 'net_type': 'score'}
==> energy_opt: AdamW
==> energy_model_opt_params: {'lr': 0.001}
==> model_params: {'model_name': 'resnet50', 'pretrained': False, 'proj_dim': 128, 'algo_type': 'scalre'}
==> mlp_type: hidden
==> loss: scalre
==> loss_params: {'sim': 'cosine', 'tau': 0.5}
==> distributed: False
==> train_algo: scalre
==> model_save_path: saved_models/scalre.c10.r50.sc.we50.pth
==> warmup_epochs: 50
==> config: configs/scalre.c10.yaml
--------------------------------------------------
===> using hiddin mlp
using optimizer: SGD
using optimizer: SGD
loss function: scalre
Files already downloaded and verified
Files already downloaded and verified
Files already downloaded and verified
# of Training Images: 50000
# of Testing Images: 10000
using optimizer: AdamW
### ScAlRe Training begins
[GPU0] epochs: [1/350] train_loss_con: 6.554 energy_loss: 0.000
[GPU0] epochs: [2/350] train_loss_con: 6.187 energy_loss: 0.000
[GPU0] epochs: [3/350] train_loss_con: 6.020 energy_loss: 0.000
[GPU0] epochs: [4/350] train_loss_con: 5.929 energy_loss: 0.000
[GPU0] epochs: [5/350] train_loss_con: 5.877 energy_loss: 0.000
[GPU0] epochs: [6/350] train_loss_con: 5.816 energy_loss: 0.000
[GPU0] epochs: [7/350] train_loss_con: 5.772 energy_loss: 0.000
[GPU0] epochs: [8/350] train_loss_con: 5.732 energy_loss: 0.000
[GPU0] epochs: [9/350] train_loss_con: 5.700 energy_loss: 0.000
[GPU0] epochs: [10/350] train_loss_con: 5.678 energy_loss: 0.000
[GPU0] epochs: [11/350] train_loss_con: 5.659 energy_loss: 0.000
[GPU0] epochs: [12/350] train_loss_con: 5.637 energy_loss: 0.000
[GPU0] epochs: [13/350] train_loss_con: 5.619 energy_loss: 0.000
[GPU0] epochs: [14/350] train_loss_con: 5.608 energy_loss: 0.000
[GPU0] epochs: [15/350] train_loss_con: 5.592 energy_loss: 0.000
[GPU0] epochs: [16/350] train_loss_con: 5.581 energy_loss: 0.000
[GPU0] epochs: [17/350] train_loss_con: 5.569 energy_loss: 0.000
[GPU0] epochs: [18/350] train_loss_con: 5.558 energy_loss: 0.000
[GPU0] epochs: [19/350] train_loss_con: 5.550 energy_loss: 0.000
[GPU0] epochs: [20/350] train_loss_con: 5.547 energy_loss: 0.000
[GPU0] epochs: [21/350] train_loss_con: 5.541 energy_loss: 0.000
[GPU0] epochs: [22/350] train_loss_con: 5.530 energy_loss: 0.000
[GPU0] epochs: [23/350] train_loss_con: 5.522 energy_loss: 0.000
[GPU0] epochs: [24/350] train_loss_con: 5.518 energy_loss: 0.000
[GPU0] epochs: [25/350] train_loss_con: 5.509 energy_loss: 0.000
[GPU0] epochs: [26/350] train_loss_con: 5.506 energy_loss: 0.000
[GPU0] epochs: [27/350] train_loss_con: 5.502 energy_loss: 0.000
[GPU0] epochs: [28/350] train_loss_con: 5.497 energy_loss: 0.000
[GPU0] epochs: [29/350] train_loss_con: 5.497 energy_loss: 0.000
[GPU0] epochs: [30/350] train_loss_con: 5.493 energy_loss: 0.000
[GPU0] epochs: [31/350] train_loss_con: 5.486 energy_loss: 0.000
[GPU0] epochs: [32/350] train_loss_con: 5.484 energy_loss: 0.000
[GPU0] epochs: [33/350] train_loss_con: 5.477 energy_loss: 0.000
[GPU0] epochs: [34/350] train_loss_con: 5.479 energy_loss: 0.000
[GPU0] epochs: [35/350] train_loss_con: 5.474 energy_loss: 0.000
[GPU0] epochs: [36/350] train_loss_con: 5.470 energy_loss: 0.000
[GPU0] epochs: [37/350] train_loss_con: 5.467 energy_loss: 0.000
[GPU0] epochs: [38/350] train_loss_con: 5.468 energy_loss: 0.000
[GPU0] epochs: [39/350] train_loss_con: 5.463 energy_loss: 0.000
[GPU0] epochs: [40/350] train_loss_con: 5.463 energy_loss: 0.000
[GPU0] epochs: [41/350] train_loss_con: 5.459 energy_loss: 0.000
[GPU0] epochs: [42/350] train_loss_con: 5.457 energy_loss: 0.000
[GPU0] epochs: [43/350] train_loss_con: 5.453 energy_loss: 0.000
[GPU0] epochs: [44/350] train_loss_con: 5.453 energy_loss: 0.000
[GPU0] epochs: [45/350] train_loss_con: 5.449 energy_loss: 0.000
[GPU0] epochs: [46/350] train_loss_con: 5.450 energy_loss: 0.000
[GPU0] epochs: [47/350] train_loss_con: 5.449 energy_loss: 0.000
[GPU0] epochs: [48/350] train_loss_con: 5.442 energy_loss: 0.000
[GPU0] epochs: [49/350] train_loss_con: 5.438 energy_loss: 0.000
[GPU0] epochs: [50/350] train_loss_con: 5.442 energy_loss: 0.000
[GPU0] epochs: [51/350] train_loss_con: 5.637 energy_loss: 1024.561
[GPU0] epochs: [52/350] train_loss_con: 5.636 energy_loss: 1024.281
[GPU0] epochs: [53/350] train_loss_con: 5.633 energy_loss: 1024.124
[GPU0] epochs: [54/350] train_loss_con: 5.632 energy_loss: 1024.027
[GPU0] epochs: [55/350] train_loss_con: 5.632 energy_loss: 1023.861
[GPU0] epochs: [56/350] train_loss_con: 5.628 energy_loss: 1023.978
[GPU0] epochs: [57/350] train_loss_con: 5.630 energy_loss: 1023.995
[GPU0] epochs: [58/350] train_loss_con: 5.627 energy_loss: 1024.064
[GPU0] epochs: [59/350] train_loss_con: 5.627 energy_loss: 1023.985
[GPU0] epochs: [60/350] train_loss_con: 5.622 energy_loss: 1023.953
[GPU0] epochs: [61/350] train_loss_con: 5.623 energy_loss: 1024.020
[GPU0] epochs: [62/350] train_loss_con: 5.623 energy_loss: 1024.047
[GPU0] epochs: [63/350] train_loss_con: 5.618 energy_loss: 1023.791
[GPU0] epochs: [64/350] train_loss_con: 5.617 energy_loss: 1023.697
[GPU0] epochs: [65/350] train_loss_con: 5.616 energy_loss: 1023.581
[GPU0] epochs: [66/350] train_loss_con: 5.619 energy_loss: 1023.613
[GPU0] epochs: [67/350] train_loss_con: 5.618 energy_loss: 1023.528
[GPU0] epochs: [68/350] train_loss_con: 5.614 energy_loss: 1023.467
[GPU0] epochs: [69/350] train_loss_con: 5.611 energy_loss: 1023.618
[GPU0] epochs: [70/350] train_loss_con: 5.609 energy_loss: 1023.450
[GPU0] epochs: [71/350] train_loss_con: 5.612 energy_loss: 1023.258
[GPU0] epochs: [72/350] train_loss_con: 5.607 energy_loss: 1023.381
[GPU0] epochs: [73/350] train_loss_con: 5.608 energy_loss: 1023.453
[GPU0] epochs: [74/350] train_loss_con: 5.602 energy_loss: 1023.135
[GPU0] epochs: [75/350] train_loss_con: 5.604 energy_loss: 1023.266
[GPU0] epochs: [76/350] train_loss_con: 5.604 energy_loss: 1023.220
[GPU0] epochs: [77/350] train_loss_con: 5.604 energy_loss: 1023.013
[GPU0] epochs: [78/350] train_loss_con: 5.604 energy_loss: 1023.091
[GPU0] epochs: [79/350] train_loss_con: 5.599 energy_loss: 1022.831
[GPU0] epochs: [80/350] train_loss_con: 5.601 energy_loss: 1023.021
[GPU0] epochs: [81/350] train_loss_con: 5.601 energy_loss: 1021.954
[GPU0] epochs: [82/350] train_loss_con: 5.598 energy_loss: 1021.606
[GPU0] epochs: [83/350] train_loss_con: 5.597 energy_loss: 1021.449
[GPU0] epochs: [84/350] train_loss_con: 5.593 energy_loss: 1020.599
[GPU0] epochs: [85/350] train_loss_con: 5.596 energy_loss: 1019.067
[GPU0] epochs: [86/350] train_loss_con: 5.597 energy_loss: 1017.509
[GPU0] epochs: [87/350] train_loss_con: 5.593 energy_loss: 1015.646
[GPU0] epochs: [88/350] train_loss_con: 5.592 energy_loss: 1013.092
[GPU0] epochs: [89/350] train_loss_con: 5.588 energy_loss: 1010.134
[GPU0] epochs: [90/350] train_loss_con: 5.590 energy_loss: 1006.870
[GPU0] epochs: [91/350] train_loss_con: 5.586 energy_loss: 1003.489
[GPU0] epochs: [92/350] train_loss_con: 5.590 energy_loss: 1000.156
[GPU0] epochs: [93/350] train_loss_con: 5.590 energy_loss: 996.023
[GPU0] epochs: [94/350] train_loss_con: 5.586 energy_loss: 991.942
[GPU0] epochs: [95/350] train_loss_con: 5.586 energy_loss: 987.025
[GPU0] epochs: [96/350] train_loss_con: 5.584 energy_loss: 981.797
[GPU0] epochs: [97/350] train_loss_con: 5.583 energy_loss: 976.295
[GPU0] epochs: [98/350] train_loss_con: 5.582 energy_loss: 970.631
[GPU0] epochs: [99/350] train_loss_con: 5.583 energy_loss: 964.277
[GPU0] epochs: [100/350] train_loss_con: 5.581 energy_loss: 957.972
[GPU0] epochs: [101/350] train_loss_con: 5.578 energy_loss: 951.609
[GPU0] epochs: [102/350] train_loss_con: 5.579 energy_loss: 944.070
[GPU0] epochs: [103/350] train_loss_con: 5.575 energy_loss: 937.592
[GPU0] epochs: [104/350] train_loss_con: 5.576 energy_loss: 930.057
[GPU0] epochs: [105/350] train_loss_con: 5.576 energy_loss: 923.282
[GPU0] epochs: [106/350] train_loss_con: 5.579 energy_loss: 915.501
[GPU0] epochs: [107/350] train_loss_con: 5.576 energy_loss: 907.987
[GPU0] epochs: [108/350] train_loss_con: 5.574 energy_loss: 900.964
[GPU0] epochs: [109/350] train_loss_con: 5.575 energy_loss: 893.226
[GPU0] epochs: [110/350] train_loss_con: 5.574 energy_loss: 885.304
[GPU0] epochs: [111/350] train_loss_con: 5.570 energy_loss: 878.265
[GPU0] epochs: [112/350] train_loss_con: 5.571 energy_loss: 871.553
[GPU0] epochs: [113/350] train_loss_con: 5.572 energy_loss: 864.053
[GPU0] epochs: [114/350] train_loss_con: 5.567 energy_loss: 856.790
[GPU0] epochs: [115/350] train_loss_con: 5.566 energy_loss: 849.730
[GPU0] epochs: [116/350] train_loss_con: 5.566 energy_loss: 840.988
[GPU0] epochs: [117/350] train_loss_con: 5.568 energy_loss: 833.403
[GPU0] epochs: [118/350] train_loss_con: 5.570 energy_loss: 827.269
[GPU0] epochs: [119/350] train_loss_con: 5.565 energy_loss: 819.591
[GPU0] epochs: [120/350] train_loss_con: 5.563 energy_loss: 813.146
[GPU0] epochs: [121/350] train_loss_con: 5.563 energy_loss: 807.102
[GPU0] epochs: [122/350] train_loss_con: 5.566 energy_loss: 799.552
[GPU0] epochs: [123/350] train_loss_con: 5.563 energy_loss: 793.527
[GPU0] epochs: [124/350] train_loss_con: 5.564 energy_loss: 787.218
[GPU0] epochs: [125/350] train_loss_con: 5.559 energy_loss: 780.618
[GPU0] epochs: [126/350] train_loss_con: 5.562 energy_loss: 773.743
[GPU0] epochs: [127/350] train_loss_con: 5.562 energy_loss: 767.636
[GPU0] epochs: [128/350] train_loss_con: 5.559 energy_loss: 762.088
[GPU0] epochs: [129/350] train_loss_con: 5.558 energy_loss: 755.694
[GPU0] epochs: [130/350] train_loss_con: 5.558 energy_loss: 750.014
[GPU0] epochs: [131/350] train_loss_con: 5.560 energy_loss: 743.945
[GPU0] epochs: [132/350] train_loss_con: 5.556 energy_loss: 738.660
[GPU0] epochs: [133/350] train_loss_con: 5.559 energy_loss: 731.798
[GPU0] epochs: [134/350] train_loss_con: 5.554 energy_loss: 727.522
[GPU0] epochs: [135/350] train_loss_con: 5.557 energy_loss: 722.438
[GPU0] epochs: [136/350] train_loss_con: 5.555 energy_loss: 716.032
[GPU0] epochs: [137/350] train_loss_con: 5.554 energy_loss: 710.882
[GPU0] epochs: [138/350] train_loss_con: 5.554 energy_loss: 705.149
[GPU0] epochs: [139/350] train_loss_con: 5.553 energy_loss: 700.539
[GPU0] epochs: [140/350] train_loss_con: 5.553 energy_loss: 695.608
[GPU0] epochs: [141/350] train_loss_con: 5.553 energy_loss: 690.867
[GPU0] epochs: [142/350] train_loss_con: 5.550 energy_loss: 685.363
[GPU0] epochs: [143/350] train_loss_con: 5.548 energy_loss: 680.264
[GPU0] epochs: [144/350] train_loss_con: 5.549 energy_loss: 676.305
[GPU0] epochs: [145/350] train_loss_con: 5.547 energy_loss: 671.450
[GPU0] epochs: [146/350] train_loss_con: 5.549 energy_loss: 667.439
[GPU0] epochs: [147/350] train_loss_con: 5.549 energy_loss: 662.459
[GPU0] epochs: [148/350] train_loss_con: 5.549 energy_loss: 658.996
[GPU0] epochs: [149/350] train_loss_con: 5.546 energy_loss: 654.350
[GPU0] epochs: [150/350] train_loss_con: 5.548 energy_loss: 649.938
[GPU0] epochs: [151/350] train_loss_con: 5.546 energy_loss: 646.843
[GPU0] epochs: [152/350] train_loss_con: 5.544 energy_loss: 641.628
[GPU0] epochs: [153/350] train_loss_con: 5.546 energy_loss: 637.492
[GPU0] epochs: [154/350] train_loss_con: 5.545 energy_loss: 633.721
[GPU0] epochs: [155/350] train_loss_con: 5.543 energy_loss: 630.051
[GPU0] epochs: [156/350] train_loss_con: 5.542 energy_loss: 626.796
[GPU0] epochs: [157/350] train_loss_con: 5.540 energy_loss: 622.512
[GPU0] epochs: [158/350] train_loss_con: 5.544 energy_loss: 619.242
[GPU0] epochs: [159/350] train_loss_con: 5.542 energy_loss: 615.526
[GPU0] epochs: [160/350] train_loss_con: 5.543 energy_loss: 612.700
[GPU0] epochs: [161/350] train_loss_con: 5.542 energy_loss: 608.629
[GPU0] epochs: [162/350] train_loss_con: 5.538 energy_loss: 605.572
[GPU0] epochs: [163/350] train_loss_con: 5.539 energy_loss: 602.464
[GPU0] epochs: [164/350] train_loss_con: 5.538 energy_loss: 599.175
[GPU0] epochs: [165/350] train_loss_con: 5.541 energy_loss: 596.827
[GPU0] epochs: [166/350] train_loss_con: 5.539 energy_loss: 592.684
[GPU0] epochs: [167/350] train_loss_con: 5.541 energy_loss: 589.666
[GPU0] epochs: [168/350] train_loss_con: 5.537 energy_loss: 586.006
[GPU0] epochs: [169/350] train_loss_con: 5.537 energy_loss: 583.292
[GPU0] epochs: [170/350] train_loss_con: 5.536 energy_loss: 581.573
[GPU0] epochs: [171/350] train_loss_con: 5.537 energy_loss: 577.852
[GPU0] epochs: [172/350] train_loss_con: 5.535 energy_loss: 575.402
[GPU0] epochs: [173/350] train_loss_con: 5.535 energy_loss: 572.109
[GPU0] epochs: [174/350] train_loss_con: 5.533 energy_loss: 569.980
[GPU0] epochs: [175/350] train_loss_con: 5.534 energy_loss: 567.215
[GPU0] epochs: [176/350] train_loss_con: 5.534 energy_loss: 563.916
[GPU0] epochs: [177/350] train_loss_con: 5.531 energy_loss: 561.379
[GPU0] epochs: [178/350] train_loss_con: 5.535 energy_loss: 558.767
[GPU0] epochs: [179/350] train_loss_con: 5.530 energy_loss: 555.779
[GPU0] epochs: [180/350] train_loss_con: 5.530 energy_loss: 553.360
[GPU0] epochs: [181/350] train_loss_con: 5.530 energy_loss: 551.186
[GPU0] epochs: [182/350] train_loss_con: 5.531 energy_loss: 548.845
[GPU0] epochs: [183/350] train_loss_con: 5.531 energy_loss: 546.561
[GPU0] epochs: [184/350] train_loss_con: 5.528 energy_loss: 544.814
[GPU0] epochs: [185/350] train_loss_con: 5.529 energy_loss: 543.246
[GPU0] epochs: [186/350] train_loss_con: 5.530 energy_loss: 541.020
[GPU0] epochs: [187/350] train_loss_con: 5.527 energy_loss: 538.056
[GPU0] epochs: [188/350] train_loss_con: 5.531 energy_loss: 536.251
[GPU0] epochs: [189/350] train_loss_con: 5.528 energy_loss: 534.058
[GPU0] epochs: [190/350] train_loss_con: 5.526 energy_loss: 532.148
[GPU0] epochs: [191/350] train_loss_con: 5.525 energy_loss: 529.064
[GPU0] epochs: [192/350] train_loss_con: 5.525 energy_loss: 527.872
[GPU0] epochs: [193/350] train_loss_con: 5.526 energy_loss: 526.038
[GPU0] epochs: [194/350] train_loss_con: 5.526 energy_loss: 523.188
[GPU0] epochs: [195/350] train_loss_con: 5.523 energy_loss: 522.159
[GPU0] epochs: [196/350] train_loss_con: 5.526 energy_loss: 520.067
[GPU0] epochs: [197/350] train_loss_con: 5.524 energy_loss: 518.902
[GPU0] epochs: [198/350] train_loss_con: 5.523 energy_loss: 516.754
[GPU0] epochs: [199/350] train_loss_con: 5.522 energy_loss: 515.174
[GPU0] epochs: [200/350] train_loss_con: 5.523 energy_loss: 512.963
[GPU0] epochs: [201/350] train_loss_con: 5.522 energy_loss: 511.521
[GPU0] epochs: [202/350] train_loss_con: 5.523 energy_loss: 509.339
[GPU0] epochs: [203/350] train_loss_con: 5.520 energy_loss: 508.174
[GPU0] epochs: [204/350] train_loss_con: 5.522 energy_loss: 505.879
[GPU0] epochs: [205/350] train_loss_con: 5.525 energy_loss: 504.814
[GPU0] epochs: [206/350] train_loss_con: 5.519 energy_loss: 503.330
[GPU0] epochs: [207/350] train_loss_con: 5.520 energy_loss: 501.207
[GPU0] epochs: [208/350] train_loss_con: 5.518 energy_loss: 499.255
[GPU0] epochs: [209/350] train_loss_con: 5.518 energy_loss: 498.941
[GPU0] epochs: [210/350] train_loss_con: 5.517 energy_loss: 496.857
[GPU0] epochs: [211/350] train_loss_con: 5.517 energy_loss: 495.511
[GPU0] epochs: [212/350] train_loss_con: 5.518 energy_loss: 494.045
[GPU0] epochs: [213/350] train_loss_con: 5.516 energy_loss: 491.391
[GPU0] epochs: [214/350] train_loss_con: 5.516 energy_loss: 490.713
[GPU0] epochs: [215/350] train_loss_con: 5.516 energy_loss: 489.213
[GPU0] epochs: [216/350] train_loss_con: 5.517 energy_loss: 487.900
[GPU0] epochs: [217/350] train_loss_con: 5.514 energy_loss: 486.622
[GPU0] epochs: [218/350] train_loss_con: 5.515 energy_loss: 485.757
[GPU0] epochs: [219/350] train_loss_con: 5.515 energy_loss: 484.540
[GPU0] epochs: [220/350] train_loss_con: 5.515 energy_loss: 483.641
[GPU0] epochs: [221/350] train_loss_con: 5.515 energy_loss: 482.051
[GPU0] epochs: [222/350] train_loss_con: 5.508 energy_loss: 481.025
[GPU0] epochs: [223/350] train_loss_con: 5.512 energy_loss: 479.693
[GPU0] epochs: [224/350] train_loss_con: 5.512 energy_loss: 478.968
[GPU0] epochs: [225/350] train_loss_con: 5.511 energy_loss: 478.060
[GPU0] epochs: [226/350] train_loss_con: 5.510 energy_loss: 476.748
[GPU0] epochs: [227/350] train_loss_con: 5.508 energy_loss: 475.315
[GPU0] epochs: [228/350] train_loss_con: 5.511 energy_loss: 474.892
[GPU0] epochs: [229/350] train_loss_con: 5.510 energy_loss: 473.323
[GPU0] epochs: [230/350] train_loss_con: 5.510 energy_loss: 472.303
[GPU0] epochs: [231/350] train_loss_con: 5.513 energy_loss: 470.922
[GPU0] epochs: [232/350] train_loss_con: 5.508 energy_loss: 470.223
[GPU0] epochs: [233/350] train_loss_con: 5.507 energy_loss: 469.394
[GPU0] epochs: [234/350] train_loss_con: 5.508 energy_loss: 468.138
[GPU0] epochs: [235/350] train_loss_con: 5.506 energy_loss: 467.749
[GPU0] epochs: [236/350] train_loss_con: 5.508 energy_loss: 467.310
[GPU0] epochs: [237/350] train_loss_con: 5.506 energy_loss: 466.158
[GPU0] epochs: [238/350] train_loss_con: 5.509 energy_loss: 465.039
[GPU0] epochs: [239/350] train_loss_con: 5.506 energy_loss: 463.909
[GPU0] epochs: [240/350] train_loss_con: 5.509 energy_loss: 463.065
[GPU0] epochs: [241/350] train_loss_con: 5.504 energy_loss: 461.465
[GPU0] epochs: [242/350] train_loss_con: 5.505 energy_loss: 461.511
[GPU0] epochs: [243/350] train_loss_con: 5.505 energy_loss: 459.875
[GPU0] epochs: [244/350] train_loss_con: 5.509 energy_loss: 459.811
[GPU0] epochs: [245/350] train_loss_con: 5.503 energy_loss: 458.737
[GPU0] epochs: [246/350] train_loss_con: 5.507 energy_loss: 458.297
[GPU0] epochs: [247/350] train_loss_con: 5.503 energy_loss: 457.904
[GPU0] epochs: [248/350] train_loss_con: 5.505 energy_loss: 456.843
[GPU0] epochs: [249/350] train_loss_con: 5.505 energy_loss: 456.155
[GPU0] epochs: [250/350] train_loss_con: 5.504 energy_loss: 455.643
[GPU0] epochs: [251/350] train_loss_con: 5.505 energy_loss: 454.114
[GPU0] epochs: [252/350] train_loss_con: 5.505 energy_loss: 453.825
[GPU0] epochs: [253/350] train_loss_con: 5.502 energy_loss: 453.310
[GPU0] epochs: [254/350] train_loss_con: 5.501 energy_loss: 452.929
[GPU0] epochs: [255/350] train_loss_con: 5.501 energy_loss: 451.381
[GPU0] epochs: [256/350] train_loss_con: 5.501 energy_loss: 451.339
[GPU0] epochs: [257/350] train_loss_con: 5.500 energy_loss: 450.606
[GPU0] epochs: [258/350] train_loss_con: 5.499 energy_loss: 449.941
[GPU0] epochs: [259/350] train_loss_con: 5.500 energy_loss: 449.424
[GPU0] epochs: [260/350] train_loss_con: 5.501 energy_loss: 449.048
[GPU0] epochs: [261/350] train_loss_con: 5.500 energy_loss: 447.812
[GPU0] epochs: [262/350] train_loss_con: 5.500 energy_loss: 447.716
[GPU0] epochs: [263/350] train_loss_con: 5.502 energy_loss: 446.895
[GPU0] epochs: [264/350] train_loss_con: 5.499 energy_loss: 445.993
[GPU0] epochs: [265/350] train_loss_con: 5.497 energy_loss: 446.306
[GPU0] epochs: [266/350] train_loss_con: 5.500 energy_loss: 445.100
[GPU0] epochs: [267/350] train_loss_con: 5.498 energy_loss: 444.841
[GPU0] epochs: [268/350] train_loss_con: 5.498 energy_loss: 444.028
[GPU0] epochs: [269/350] train_loss_con: 5.498 energy_loss: 444.008
[GPU0] epochs: [270/350] train_loss_con: 5.495 energy_loss: 443.770
[GPU0] epochs: [271/350] train_loss_con: 5.494 energy_loss: 442.250
[GPU0] epochs: [272/350] train_loss_con: 5.499 energy_loss: 442.322
[GPU0] epochs: [273/350] train_loss_con: 5.495 energy_loss: 441.705
[GPU0] epochs: [274/350] train_loss_con: 5.497 energy_loss: 441.530
[GPU0] epochs: [275/350] train_loss_con: 5.497 energy_loss: 441.287
[GPU0] epochs: [276/350] train_loss_con: 5.492 energy_loss: 440.680
[GPU0] epochs: [277/350] train_loss_con: 5.493 energy_loss: 440.563
[GPU0] epochs: [278/350] train_loss_con: 5.496 energy_loss: 440.036
[GPU0] epochs: [279/350] train_loss_con: 5.497 energy_loss: 439.501
[GPU0] epochs: [280/350] train_loss_con: 5.496 energy_loss: 439.670
[GPU0] epochs: [281/350] train_loss_con: 5.494 energy_loss: 439.695
[GPU0] epochs: [282/350] train_loss_con: 5.493 energy_loss: 439.148
[GPU0] epochs: [283/350] train_loss_con: 5.492 energy_loss: 438.453
[GPU0] epochs: [284/350] train_loss_con: 5.496 energy_loss: 437.731
[GPU0] epochs: [285/350] train_loss_con: 5.493 energy_loss: 437.349
[GPU0] epochs: [286/350] train_loss_con: 5.494 energy_loss: 437.186
[GPU0] epochs: [287/350] train_loss_con: 5.490 energy_loss: 436.709
[GPU0] epochs: [288/350] train_loss_con: 5.491 energy_loss: 436.099
[GPU0] epochs: [289/350] train_loss_con: 5.492 energy_loss: 435.611
[GPU0] epochs: [290/350] train_loss_con: 5.491 energy_loss: 436.175
[GPU0] epochs: [291/350] train_loss_con: 5.494 energy_loss: 435.975
[GPU0] epochs: [292/350] train_loss_con: 5.493 energy_loss: 435.238
[GPU0] epochs: [293/350] train_loss_con: 5.492 energy_loss: 434.611
[GPU0] epochs: [294/350] train_loss_con: 5.491 energy_loss: 434.353
[GPU0] epochs: [295/350] train_loss_con: 5.489 energy_loss: 434.107
[GPU0] epochs: [296/350] train_loss_con: 5.489 energy_loss: 433.501
[GPU0] epochs: [297/350] train_loss_con: 5.490 energy_loss: 433.414
[GPU0] epochs: [298/350] train_loss_con: 5.491 energy_loss: 433.117
[GPU0] epochs: [299/350] train_loss_con: 5.492 energy_loss: 432.983
[GPU0] epochs: [300/350] train_loss_con: 5.489 energy_loss: 432.889
[GPU0] epochs: [301/350] train_loss_con: 5.491 energy_loss: 432.226
[GPU0] epochs: [302/350] train_loss_con: 5.489 energy_loss: 432.221
[GPU0] epochs: [303/350] train_loss_con: 5.492 energy_loss: 432.166
[GPU0] epochs: [304/350] train_loss_con: 5.489 energy_loss: 431.878
[GPU0] epochs: [305/350] train_loss_con: 5.489 energy_loss: 431.886
[GPU0] epochs: [306/350] train_loss_con: 5.490 energy_loss: 431.486
[GPU0] epochs: [307/350] train_loss_con: 5.490 energy_loss: 431.480
[GPU0] epochs: [308/350] train_loss_con: 5.490 energy_loss: 430.997
[GPU0] epochs: [309/350] train_loss_con: 5.489 energy_loss: 430.168
[GPU0] epochs: [310/350] train_loss_con: 5.488 energy_loss: 430.971
[GPU0] epochs: [311/350] train_loss_con: 5.489 energy_loss: 430.085
[GPU0] epochs: [312/350] train_loss_con: 5.488 energy_loss: 430.627
[GPU0] epochs: [313/350] train_loss_con: 5.487 energy_loss: 430.509
[GPU0] epochs: [314/350] train_loss_con: 5.487 energy_loss: 429.990
[GPU0] epochs: [315/350] train_loss_con: 5.488 energy_loss: 429.765
[GPU0] epochs: [316/350] train_loss_con: 5.485 energy_loss: 429.127
[GPU0] epochs: [317/350] train_loss_con: 5.489 energy_loss: 429.306
[GPU0] epochs: [318/350] train_loss_con: 5.488 energy_loss: 429.498
[GPU0] epochs: [319/350] train_loss_con: 5.488 energy_loss: 428.780
[GPU0] epochs: [320/350] train_loss_con: 5.485 energy_loss: 428.089
[GPU0] epochs: [321/350] train_loss_con: 5.487 energy_loss: 428.245
[GPU0] epochs: [322/350] train_loss_con: 5.487 energy_loss: 428.334
[GPU0] epochs: [323/350] train_loss_con: 5.487 energy_loss: 428.123
[GPU0] epochs: [324/350] train_loss_con: 5.488 energy_loss: 427.634
[GPU0] epochs: [325/350] train_loss_con: 5.487 energy_loss: 427.532
[GPU0] epochs: [326/350] train_loss_con: 5.488 energy_loss: 427.685
[GPU0] epochs: [327/350] train_loss_con: 5.486 energy_loss: 427.622
[GPU0] epochs: [328/350] train_loss_con: 5.485 energy_loss: 427.756
[GPU0] epochs: [329/350] train_loss_con: 5.490 energy_loss: 427.616
[GPU0] epochs: [330/350] train_loss_con: 5.487 energy_loss: 426.858
[GPU0] epochs: [331/350] train_loss_con: 5.487 energy_loss: 426.771
[GPU0] epochs: [332/350] train_loss_con: 5.488 energy_loss: 426.798
[GPU0] epochs: [333/350] train_loss_con: 5.485 energy_loss: 426.002
[GPU0] epochs: [334/350] train_loss_con: 5.486 energy_loss: 426.248
[GPU0] epochs: [335/350] train_loss_con: 5.486 energy_loss: 426.408
[GPU0] epochs: [336/350] train_loss_con: 5.489 energy_loss: 426.047
[GPU0] epochs: [337/350] train_loss_con: 5.485 energy_loss: 426.221
[GPU0] epochs: [338/350] train_loss_con: 5.482 energy_loss: 425.992
[GPU0] epochs: [339/350] train_loss_con: 5.487 energy_loss: 425.547
[GPU0] epochs: [340/350] train_loss_con: 5.489 energy_loss: 425.324
[GPU0] epochs: [341/350] train_loss_con: 5.484 energy_loss: 425.328
[GPU0] epochs: [342/350] train_loss_con: 5.486 energy_loss: 424.804
[GPU0] epochs: [343/350] train_loss_con: 5.487 energy_loss: 424.778
[GPU0] epochs: [344/350] train_loss_con: 5.485 energy_loss: 425.001
[GPU0] epochs: [345/350] train_loss_con: 5.488 energy_loss: 424.781
[GPU0] epochs: [346/350] train_loss_con: 5.485 energy_loss: 424.844
[GPU0] epochs: [347/350] train_loss_con: 5.487 energy_loss: 424.517
[GPU0] epochs: [348/350] train_loss_con: 5.488 energy_loss: 424.432
[GPU0] epochs: [349/350] train_loss_con: 5.486 energy_loss: 424.312
[GPU0] epochs: [350/350] train_loss_con: 5.485 energy_loss: 424.035
### TSNE starts
### MLP training begins
[GPU0] Test Accuracy at epoch: 0: 0.843
[GPU0] epochs: [1/100] train_acc: 0.784 train_loss_sup: 0.653
[GPU0] epochs: [2/100] train_acc: 0.824 train_loss_sup: 0.500
[GPU0] epochs: [3/100] train_acc: 0.828 train_loss_sup: 0.493
[GPU0] epochs: [4/100] train_acc: 0.832 train_loss_sup: 0.482
[GPU0] epochs: [5/100] train_acc: 0.834 train_loss_sup: 0.477
[GPU0] epochs: [6/100] train_acc: 0.837 train_loss_sup: 0.469
[GPU0] epochs: [7/100] train_acc: 0.837 train_loss_sup: 0.465
[GPU0] epochs: [8/100] train_acc: 0.836 train_loss_sup: 0.467
[GPU0] epochs: [9/100] train_acc: 0.842 train_loss_sup: 0.455
[GPU0] epochs: [10/100] train_acc: 0.841 train_loss_sup: 0.451
[GPU0] Test Accuracy at epoch: 10: 0.861
[GPU0] epochs: [11/100] train_acc: 0.841 train_loss_sup: 0.450
[GPU0] epochs: [12/100] train_acc: 0.843 train_loss_sup: 0.451
[GPU0] epochs: [13/100] train_acc: 0.844 train_loss_sup: 0.445
[GPU0] epochs: [14/100] train_acc: 0.846 train_loss_sup: 0.442
[GPU0] epochs: [15/100] train_acc: 0.846 train_loss_sup: 0.442
[GPU0] epochs: [16/100] train_acc: 0.846 train_loss_sup: 0.441
[GPU0] epochs: [17/100] train_acc: 0.847 train_loss_sup: 0.436
[GPU0] epochs: [18/100] train_acc: 0.848 train_loss_sup: 0.437
[GPU0] epochs: [19/100] train_acc: 0.848 train_loss_sup: 0.434
[GPU0] epochs: [20/100] train_acc: 0.850 train_loss_sup: 0.428
[GPU0] Test Accuracy at epoch: 20: 0.873
[GPU0] epochs: [21/100] train_acc: 0.850 train_loss_sup: 0.430
[GPU0] epochs: [22/100] train_acc: 0.849 train_loss_sup: 0.427
[GPU0] epochs: [23/100] train_acc: 0.852 train_loss_sup: 0.424
[GPU0] epochs: [24/100] train_acc: 0.850 train_loss_sup: 0.425
[GPU0] epochs: [25/100] train_acc: 0.853 train_loss_sup: 0.420
[GPU0] epochs: [26/100] train_acc: 0.851 train_loss_sup: 0.422
[GPU0] epochs: [27/100] train_acc: 0.852 train_loss_sup: 0.417
[GPU0] epochs: [28/100] train_acc: 0.853 train_loss_sup: 0.413
[GPU0] epochs: [29/100] train_acc: 0.852 train_loss_sup: 0.420
[GPU0] epochs: [30/100] train_acc: 0.856 train_loss_sup: 0.411
[GPU0] Test Accuracy at epoch: 30: 0.873
[GPU0] epochs: [31/100] train_acc: 0.856 train_loss_sup: 0.409
[GPU0] epochs: [32/100] train_acc: 0.855 train_loss_sup: 0.410
[GPU0] epochs: [33/100] train_acc: 0.856 train_loss_sup: 0.410
[GPU0] epochs: [34/100] train_acc: 0.855 train_loss_sup: 0.410
[GPU0] epochs: [35/100] train_acc: 0.856 train_loss_sup: 0.413
[GPU0] epochs: [36/100] train_acc: 0.857 train_loss_sup: 0.407
[GPU0] epochs: [37/100] train_acc: 0.857 train_loss_sup: 0.402
[GPU0] epochs: [38/100] train_acc: 0.858 train_loss_sup: 0.405
[GPU0] epochs: [39/100] train_acc: 0.859 train_loss_sup: 0.401
[GPU0] epochs: [40/100] train_acc: 0.860 train_loss_sup: 0.399
[GPU0] Test Accuracy at epoch: 40: 0.878
[GPU0] epochs: [41/100] train_acc: 0.858 train_loss_sup: 0.400
[GPU0] epochs: [42/100] train_acc: 0.859 train_loss_sup: 0.402
[GPU0] epochs: [43/100] train_acc: 0.860 train_loss_sup: 0.396
[GPU0] epochs: [44/100] train_acc: 0.861 train_loss_sup: 0.392
[GPU0] epochs: [45/100] train_acc: 0.861 train_loss_sup: 0.391
[GPU0] epochs: [46/100] train_acc: 0.861 train_loss_sup: 0.392
[GPU0] epochs: [47/100] train_acc: 0.863 train_loss_sup: 0.391
[GPU0] epochs: [48/100] train_acc: 0.860 train_loss_sup: 0.391
[GPU0] epochs: [49/100] train_acc: 0.861 train_loss_sup: 0.391
[GPU0] epochs: [50/100] train_acc: 0.865 train_loss_sup: 0.385
[GPU0] Test Accuracy at epoch: 50: 0.873
[GPU0] epochs: [51/100] train_acc: 0.864 train_loss_sup: 0.385
[GPU0] epochs: [52/100] train_acc: 0.863 train_loss_sup: 0.385
[GPU0] epochs: [53/100] train_acc: 0.862 train_loss_sup: 0.387
[GPU0] epochs: [54/100] train_acc: 0.865 train_loss_sup: 0.385
[GPU0] epochs: [55/100] train_acc: 0.865 train_loss_sup: 0.381
[GPU0] epochs: [56/100] train_acc: 0.865 train_loss_sup: 0.381
[GPU0] epochs: [57/100] train_acc: 0.868 train_loss_sup: 0.373
[GPU0] epochs: [58/100] train_acc: 0.865 train_loss_sup: 0.381
[GPU0] epochs: [59/100] train_acc: 0.867 train_loss_sup: 0.379
[GPU0] epochs: [60/100] train_acc: 0.864 train_loss_sup: 0.380
[GPU0] Test Accuracy at epoch: 60: 0.875
[GPU0] epochs: [61/100] train_acc: 0.868 train_loss_sup: 0.375
[GPU0] epochs: [62/100] train_acc: 0.864 train_loss_sup: 0.382
[GPU0] epochs: [63/100] train_acc: 0.868 train_loss_sup: 0.376
[GPU0] epochs: [64/100] train_acc: 0.865 train_loss_sup: 0.376
[GPU0] epochs: [65/100] train_acc: 0.869 train_loss_sup: 0.370
[GPU0] epochs: [66/100] train_acc: 0.867 train_loss_sup: 0.372
[GPU0] epochs: [67/100] train_acc: 0.871 train_loss_sup: 0.365
[GPU0] epochs: [68/100] train_acc: 0.871 train_loss_sup: 0.368
[GPU0] epochs: [69/100] train_acc: 0.868 train_loss_sup: 0.371
[GPU0] epochs: [70/100] train_acc: 0.868 train_loss_sup: 0.373
[GPU0] Test Accuracy at epoch: 70: 0.883
[GPU0] epochs: [71/100] train_acc: 0.872 train_loss_sup: 0.366
[GPU0] epochs: [72/100] train_acc: 0.870 train_loss_sup: 0.366
[GPU0] epochs: [73/100] train_acc: 0.870 train_loss_sup: 0.369
[GPU0] epochs: [74/100] train_acc: 0.872 train_loss_sup: 0.362
[GPU0] epochs: [75/100] train_acc: 0.872 train_loss_sup: 0.364
[GPU0] epochs: [76/100] train_acc: 0.872 train_loss_sup: 0.362
[GPU0] epochs: [77/100] train_acc: 0.871 train_loss_sup: 0.363
[GPU0] epochs: [78/100] train_acc: 0.873 train_loss_sup: 0.358
[GPU0] epochs: [79/100] train_acc: 0.874 train_loss_sup: 0.354
[GPU0] epochs: [80/100] train_acc: 0.874 train_loss_sup: 0.359
[GPU0] Test Accuracy at epoch: 80: 0.867
[GPU0] epochs: [81/100] train_acc: 0.874 train_loss_sup: 0.354
[GPU0] epochs: [82/100] train_acc: 0.873 train_loss_sup: 0.360
[GPU0] epochs: [83/100] train_acc: 0.873 train_loss_sup: 0.361
[GPU0] epochs: [84/100] train_acc: 0.872 train_loss_sup: 0.358
[GPU0] epochs: [85/100] train_acc: 0.874 train_loss_sup: 0.354
[GPU0] epochs: [86/100] train_acc: 0.873 train_loss_sup: 0.358
[GPU0] epochs: [87/100] train_acc: 0.876 train_loss_sup: 0.350
[GPU0] epochs: [88/100] train_acc: 0.876 train_loss_sup: 0.350
[GPU0] epochs: [89/100] train_acc: 0.874 train_loss_sup: 0.356
[GPU0] epochs: [90/100] train_acc: 0.874 train_loss_sup: 0.349
[GPU0] Test Accuracy at epoch: 90: 0.887
[GPU0] epochs: [91/100] train_acc: 0.876 train_loss_sup: 0.351
[GPU0] epochs: [92/100] train_acc: 0.874 train_loss_sup: 0.353
[GPU0] epochs: [93/100] train_acc: 0.874 train_loss_sup: 0.352
[GPU0] epochs: [94/100] train_acc: 0.876 train_loss_sup: 0.351
[GPU0] epochs: [95/100] train_acc: 0.878 train_loss_sup: 0.346
[GPU0] epochs: [96/100] train_acc: 0.878 train_loss_sup: 0.344
[GPU0] epochs: [97/100] train_acc: 0.877 train_loss_sup: 0.347
[GPU0] epochs: [98/100] train_acc: 0.875 train_loss_sup: 0.353
[GPU0] epochs: [99/100] train_acc: 0.878 train_loss_sup: 0.343
[GPU0] epochs: [100/100] train_acc: 0.878 train_loss_sup: 0.341
[GPU0] Final Test Accuracy: 0.887
Model weights saved
