environment: 
YAML: configs/scalre.c10.yaml
==> SEED: 42
==> num_classes: 10
==> data_name: cifar10
==> data_params: {'algo': 'scalre', 'data_dir': 'datasets/cifar10', 'batch_size': 512, 'num_workers': 3, 'image_size': 32}
==> return_logs: False
==> eval_every: 10
==> n_epochs: 800
==> n_epochs_mlp: 100
==> gpu_id: 1
==> opt: SGD
==> opt_params: {'lr': 0.5, 'momentum': 0.9, 'nesterov': True, 'weight_decay': 0.0001}
==> schedular_params: {'T_max': 800, 'eta_min': 0.001}
==> mlp_opt: SGD
==> mlp_opt_params: {'lr': 0.1, 'momentum': 0.9, 'nesterov': True}
==> energy_model_params: {'eta': 0.01, 'steps': 5, 'sigma': 0.2, 'delta': 0.1, 'net_type': 'score'}
==> energy_opt: AdamW
==> energy_model_opt_params: {'lr': 0.001}
==> model_params: {'model_name': 'resnet50', 'pretrained': False, 'proj_dim': 128, 'algo_type': 'scalre'}
==> mlp_type: linear
==> loss: scalre
==> loss_params: {'sim': 'cosine', 'tau': 0.5}
==> distributed: False
==> train_algo: scalre
==> model_save_path: saved_models/scalre.c10.r50.sc.e800.lin0.1.pth
==> warmup_epochs: 0
==> config: configs/scalre.c10.yaml
--------------------------------------------------
===> using linear mlp
using optimizer: SGD
using optimizer: SGD
loss function: scalre
Files already downloaded and verified
Files already downloaded and verified
Files already downloaded and verified
# of Training Images: 50000
# of Testing Images: 10000
using optimizer: AdamW
### ScAlRe Training begins
[GPU1] epochs: [1/800] train_loss_con: 6.760 energy_loss: 1024.542
[GPU1] epochs: [2/800] train_loss_con: 6.388 energy_loss: 1024.271
[GPU1] epochs: [3/800] train_loss_con: 6.219 energy_loss: 1024.110
[GPU1] epochs: [4/800] train_loss_con: 6.124 energy_loss: 1024.022
[GPU1] epochs: [5/800] train_loss_con: 6.047 energy_loss: 1023.859
[GPU1] epochs: [6/800] train_loss_con: 5.984 energy_loss: 1023.976
[GPU1] epochs: [7/800] train_loss_con: 5.937 energy_loss: 1023.991
[GPU1] epochs: [8/800] train_loss_con: 5.901 energy_loss: 1024.037
[GPU1] epochs: [9/800] train_loss_con: 5.862 energy_loss: 1023.910
[GPU1] epochs: [10/800] train_loss_con: 5.845 energy_loss: 1023.892
[GPU1] epochs: [11/800] train_loss_con: 5.822 energy_loss: 1023.836
[GPU1] epochs: [12/800] train_loss_con: 5.804 energy_loss: 1023.735
[GPU1] epochs: [13/800] train_loss_con: 5.793 energy_loss: 1023.240
[GPU1] epochs: [14/800] train_loss_con: 5.776 energy_loss: 1023.193
[GPU1] epochs: [15/800] train_loss_con: 5.767 energy_loss: 1022.892
[GPU1] epochs: [16/800] train_loss_con: 5.753 energy_loss: 1022.909
[GPU1] epochs: [17/800] train_loss_con: 5.748 energy_loss: 1022.749
[GPU1] epochs: [18/800] train_loss_con: 5.743 energy_loss: 1022.299
[GPU1] epochs: [19/800] train_loss_con: 5.739 energy_loss: 1021.912
[GPU1] epochs: [20/800] train_loss_con: 5.732 energy_loss: 1020.647
[GPU1] epochs: [21/800] train_loss_con: 5.726 energy_loss: 1018.380
[GPU1] epochs: [22/800] train_loss_con: 5.720 energy_loss: 1014.270
[GPU1] epochs: [23/800] train_loss_con: 5.718 energy_loss: 1006.258
[GPU1] epochs: [24/800] train_loss_con: 5.712 energy_loss: 993.772
[GPU1] epochs: [25/800] train_loss_con: 5.711 energy_loss: 976.934
[GPU1] epochs: [26/800] train_loss_con: 5.704 energy_loss: 951.767
[GPU1] epochs: [27/800] train_loss_con: 5.702 energy_loss: 917.830
[GPU1] epochs: [28/800] train_loss_con: 5.702 energy_loss: 878.492
[GPU1] epochs: [29/800] train_loss_con: 5.696 energy_loss: 839.296
[GPU1] epochs: [30/800] train_loss_con: 5.698 energy_loss: 800.931
[GPU1] epochs: [31/800] train_loss_con: 5.691 energy_loss: 764.670
[GPU1] epochs: [32/800] train_loss_con: 5.691 energy_loss: 730.471
[GPU1] epochs: [33/800] train_loss_con: 5.691 energy_loss: 698.212
[GPU1] epochs: [34/800] train_loss_con: 5.691 energy_loss: 668.114
[GPU1] epochs: [35/800] train_loss_con: 5.685 energy_loss: 640.958
[GPU1] epochs: [36/800] train_loss_con: 5.684 energy_loss: 614.971
[GPU1] epochs: [37/800] train_loss_con: 5.680 energy_loss: 587.029
[GPU1] epochs: [38/800] train_loss_con: 5.680 energy_loss: 565.347
[GPU1] epochs: [39/800] train_loss_con: 5.675 energy_loss: 540.163
[GPU1] epochs: [40/800] train_loss_con: 5.680 energy_loss: 519.240
[GPU1] epochs: [41/800] train_loss_con: 5.675 energy_loss: 496.059
[GPU1] epochs: [42/800] train_loss_con: 5.671 energy_loss: 473.386
[GPU1] epochs: [43/800] train_loss_con: 5.675 energy_loss: 454.860
[GPU1] epochs: [44/800] train_loss_con: 5.672 energy_loss: 435.555
[GPU1] epochs: [45/800] train_loss_con: 5.673 energy_loss: 414.924
[GPU1] epochs: [46/800] train_loss_con: 5.670 energy_loss: 395.764
[GPU1] epochs: [47/800] train_loss_con: 5.665 energy_loss: 377.606
[GPU1] epochs: [48/800] train_loss_con: 5.670 energy_loss: 360.665
[GPU1] epochs: [49/800] train_loss_con: 5.668 energy_loss: 343.118
[GPU1] epochs: [50/800] train_loss_con: 5.661 energy_loss: 325.370
[GPU1] epochs: [51/800] train_loss_con: 5.665 energy_loss: 310.413
[GPU1] epochs: [52/800] train_loss_con: 5.665 energy_loss: 293.071
[GPU1] epochs: [53/800] train_loss_con: 5.661 energy_loss: 275.833
[GPU1] epochs: [54/800] train_loss_con: 5.662 energy_loss: 260.248
[GPU1] epochs: [55/800] train_loss_con: 5.659 energy_loss: 245.503
[GPU1] epochs: [56/800] train_loss_con: 5.656 energy_loss: 230.268
[GPU1] epochs: [57/800] train_loss_con: 5.657 energy_loss: 217.196
[GPU1] epochs: [58/800] train_loss_con: 5.655 energy_loss: 203.586
[GPU1] epochs: [59/800] train_loss_con: 5.654 energy_loss: 189.345
[GPU1] epochs: [60/800] train_loss_con: 5.657 energy_loss: 177.010
[GPU1] epochs: [61/800] train_loss_con: 5.651 energy_loss: 164.566
[GPU1] epochs: [62/800] train_loss_con: 5.653 energy_loss: 152.339
[GPU1] epochs: [63/800] train_loss_con: 5.647 energy_loss: 140.746
[GPU1] epochs: [64/800] train_loss_con: 5.648 energy_loss: 129.117
[GPU1] epochs: [65/800] train_loss_con: 5.648 energy_loss: 119.568
[GPU1] epochs: [66/800] train_loss_con: 5.650 energy_loss: 112.663
[GPU1] epochs: [67/800] train_loss_con: 5.650 energy_loss: 104.669
[GPU1] epochs: [68/800] train_loss_con: 5.645 energy_loss: 97.325
[GPU1] epochs: [69/800] train_loss_con: 5.648 energy_loss: 91.464
[GPU1] epochs: [70/800] train_loss_con: 5.647 energy_loss: 85.435
[GPU1] epochs: [71/800] train_loss_con: 5.646 energy_loss: 80.582
[GPU1] epochs: [72/800] train_loss_con: 5.647 energy_loss: 78.214
[GPU1] epochs: [73/800] train_loss_con: 5.641 energy_loss: 75.138
[GPU1] epochs: [74/800] train_loss_con: 5.642 energy_loss: 71.729
[GPU1] epochs: [75/800] train_loss_con: 5.643 energy_loss: 68.816
[GPU1] epochs: [76/800] train_loss_con: 5.640 energy_loss: 66.993
[GPU1] epochs: [77/800] train_loss_con: 5.638 energy_loss: 66.040
[GPU1] epochs: [78/800] train_loss_con: 5.640 energy_loss: 63.914
[GPU1] epochs: [79/800] train_loss_con: 5.642 energy_loss: 61.699
[GPU1] epochs: [80/800] train_loss_con: 5.638 energy_loss: 60.088
[GPU1] epochs: [81/800] train_loss_con: 5.635 energy_loss: 58.995
[GPU1] epochs: [82/800] train_loss_con: 5.637 energy_loss: 58.526
[GPU1] epochs: [83/800] train_loss_con: 5.638 energy_loss: 56.533
[GPU1] epochs: [84/800] train_loss_con: 5.635 energy_loss: 55.088
[GPU1] epochs: [85/800] train_loss_con: 5.635 energy_loss: 54.089
[GPU1] epochs: [86/800] train_loss_con: 5.634 energy_loss: 53.434
[GPU1] epochs: [87/800] train_loss_con: 5.637 energy_loss: 53.316
[GPU1] epochs: [88/800] train_loss_con: 5.636 energy_loss: 51.653
[GPU1] epochs: [89/800] train_loss_con: 5.633 energy_loss: 51.247
[GPU1] epochs: [90/800] train_loss_con: 5.633 energy_loss: 54.618
[GPU1] epochs: [91/800] train_loss_con: 5.629 energy_loss: 49.604
[GPU1] epochs: [92/800] train_loss_con: 5.631 energy_loss: 48.001
[GPU1] epochs: [93/800] train_loss_con: 5.634 energy_loss: 47.155
[GPU1] epochs: [94/800] train_loss_con: 5.629 energy_loss: 47.196
[GPU1] epochs: [95/800] train_loss_con: 5.630 energy_loss: 46.471
[GPU1] epochs: [96/800] train_loss_con: 5.626 energy_loss: 44.940
[GPU1] epochs: [97/800] train_loss_con: 5.631 energy_loss: 44.641
[GPU1] epochs: [98/800] train_loss_con: 5.627 energy_loss: 45.319
[GPU1] epochs: [99/800] train_loss_con: 5.630 energy_loss: 44.803
[GPU1] epochs: [100/800] train_loss_con: 5.624 energy_loss: 43.810
[GPU1] epochs: [101/800] train_loss_con: 5.625 energy_loss: 46.824
[GPU1] epochs: [102/800] train_loss_con: 5.626 energy_loss: 51.301
[GPU1] epochs: [103/800] train_loss_con: 5.627 energy_loss: 47.813
[GPU1] epochs: [104/800] train_loss_con: 5.625 energy_loss: 42.044
[GPU1] epochs: [105/800] train_loss_con: 5.625 energy_loss: 39.809
[GPU1] epochs: [106/800] train_loss_con: 5.628 energy_loss: 39.371
[GPU1] epochs: [107/800] train_loss_con: 5.625 energy_loss: 39.085
[GPU1] epochs: [108/800] train_loss_con: 5.619 energy_loss: 39.765
[GPU1] epochs: [109/800] train_loss_con: 5.623 energy_loss: 39.137
[GPU1] epochs: [110/800] train_loss_con: 5.624 energy_loss: 38.155
[GPU1] epochs: [111/800] train_loss_con: 5.622 energy_loss: 37.886
[GPU1] epochs: [112/800] train_loss_con: 5.625 energy_loss: 38.654
[GPU1] epochs: [113/800] train_loss_con: 5.622 energy_loss: 38.666
[GPU1] epochs: [114/800] train_loss_con: 5.620 energy_loss: 37.875
[GPU1] epochs: [115/800] train_loss_con: 5.622 energy_loss: 37.279
[GPU1] epochs: [116/800] train_loss_con: 5.623 energy_loss: 36.887
[GPU1] epochs: [117/800] train_loss_con: 5.620 energy_loss: 38.167
[GPU1] epochs: [118/800] train_loss_con: 5.621 energy_loss: 37.090
[GPU1] epochs: [119/800] train_loss_con: 5.622 energy_loss: 36.695
[GPU1] epochs: [120/800] train_loss_con: 5.618 energy_loss: 41.895
[GPU1] epochs: [121/800] train_loss_con: 5.621 energy_loss: 45.865
[GPU1] epochs: [122/800] train_loss_con: 5.622 energy_loss: 39.808
[GPU1] epochs: [123/800] train_loss_con: 5.617 energy_loss: 34.819
[GPU1] epochs: [124/800] train_loss_con: 5.617 energy_loss: 33.814
[GPU1] epochs: [125/800] train_loss_con: 5.622 energy_loss: 33.637
[GPU1] epochs: [126/800] train_loss_con: 5.617 energy_loss: 33.261
[GPU1] epochs: [127/800] train_loss_con: 5.618 energy_loss: 33.155
[GPU1] epochs: [128/800] train_loss_con: 5.616 energy_loss: 34.524
[GPU1] epochs: [129/800] train_loss_con: 5.615 energy_loss: 33.429
[GPU1] epochs: [130/800] train_loss_con: 5.615 energy_loss: 33.224
[GPU1] epochs: [131/800] train_loss_con: 5.614 energy_loss: 33.304
[GPU1] epochs: [132/800] train_loss_con: 5.614 energy_loss: 33.180
[GPU1] epochs: [133/800] train_loss_con: 5.614 energy_loss: 34.388
[GPU1] epochs: [134/800] train_loss_con: 5.611 energy_loss: 33.893
[GPU1] epochs: [135/800] train_loss_con: 5.613 energy_loss: 33.226
[GPU1] epochs: [136/800] train_loss_con: 5.616 energy_loss: 32.423
[GPU1] epochs: [137/800] train_loss_con: 5.611 energy_loss: 32.226
[GPU1] epochs: [138/800] train_loss_con: 5.612 energy_loss: 34.474
[GPU1] epochs: [139/800] train_loss_con: 5.612 energy_loss: 35.195
[GPU1] epochs: [140/800] train_loss_con: 5.608 energy_loss: 41.704
[GPU1] epochs: [141/800] train_loss_con: 5.612 energy_loss: 35.956
[GPU1] epochs: [142/800] train_loss_con: 5.609 energy_loss: 31.181
[GPU1] epochs: [143/800] train_loss_con: 5.608 energy_loss: 29.785
[GPU1] epochs: [144/800] train_loss_con: 5.613 energy_loss: 30.154
[GPU1] epochs: [145/800] train_loss_con: 5.611 energy_loss: 30.641
[GPU1] epochs: [146/800] train_loss_con: 5.607 energy_loss: 31.269
[GPU1] epochs: [147/800] train_loss_con: 5.609 energy_loss: 30.353
[GPU1] epochs: [148/800] train_loss_con: 5.605 energy_loss: 30.464
[GPU1] epochs: [149/800] train_loss_con: 5.606 energy_loss: 30.293
[GPU1] epochs: [150/800] train_loss_con: 5.607 energy_loss: 30.367
[GPU1] epochs: [151/800] train_loss_con: 5.608 energy_loss: 30.751
[GPU1] epochs: [152/800] train_loss_con: 5.608 energy_loss: 31.136
[GPU1] epochs: [153/800] train_loss_con: 5.608 energy_loss: 30.874
[GPU1] epochs: [154/800] train_loss_con: 5.608 energy_loss: 30.254
[GPU1] epochs: [155/800] train_loss_con: 5.609 energy_loss: 29.771
[GPU1] epochs: [156/800] train_loss_con: 5.608 energy_loss: 29.877
[GPU1] epochs: [157/800] train_loss_con: 5.603 energy_loss: 30.025
[GPU1] epochs: [158/800] train_loss_con: 5.605 energy_loss: 32.172
[GPU1] epochs: [159/800] train_loss_con: 5.606 energy_loss: 33.684
[GPU1] epochs: [160/800] train_loss_con: 5.604 energy_loss: 40.937
[GPU1] epochs: [161/800] train_loss_con: 5.602 energy_loss: 34.620
[GPU1] epochs: [162/800] train_loss_con: 5.606 energy_loss: 28.905
[GPU1] epochs: [163/800] train_loss_con: 5.603 energy_loss: 27.903
[GPU1] epochs: [164/800] train_loss_con: 5.605 energy_loss: 27.994
[GPU1] epochs: [165/800] train_loss_con: 5.602 energy_loss: 27.922
[GPU1] epochs: [166/800] train_loss_con: 5.606 energy_loss: 27.777
[GPU1] epochs: [167/800] train_loss_con: 5.601 energy_loss: 28.137
[GPU1] epochs: [168/800] train_loss_con: 5.602 energy_loss: 27.859
[GPU1] epochs: [169/800] train_loss_con: 5.602 energy_loss: 28.055
[GPU1] epochs: [170/800] train_loss_con: 5.602 energy_loss: 28.282
[GPU1] epochs: [171/800] train_loss_con: 5.600 energy_loss: 28.195
[GPU1] epochs: [172/800] train_loss_con: 5.599 energy_loss: 28.296
[GPU1] epochs: [173/800] train_loss_con: 5.601 energy_loss: 28.601
[GPU1] epochs: [174/800] train_loss_con: 5.601 energy_loss: 28.991
[GPU1] epochs: [175/800] train_loss_con: 5.598 energy_loss: 28.606
[GPU1] epochs: [176/800] train_loss_con: 5.601 energy_loss: 27.899
[GPU1] epochs: [177/800] train_loss_con: 5.601 energy_loss: 28.317
[GPU1] epochs: [178/800] train_loss_con: 5.599 energy_loss: 27.859
[GPU1] epochs: [179/800] train_loss_con: 5.599 energy_loss: 27.888
[GPU1] epochs: [180/800] train_loss_con: 5.599 energy_loss: 27.308
[GPU1] epochs: [181/800] train_loss_con: 5.598 energy_loss: 27.763
[GPU1] epochs: [182/800] train_loss_con: 5.595 energy_loss: 27.989
[GPU1] epochs: [183/800] train_loss_con: 5.596 energy_loss: 30.058
[GPU1] epochs: [184/800] train_loss_con: 5.602 energy_loss: 30.495
[GPU1] epochs: [185/800] train_loss_con: 5.597 energy_loss: 33.083
[GPU1] epochs: [186/800] train_loss_con: 5.599 energy_loss: 29.867
[GPU1] epochs: [187/800] train_loss_con: 5.599 energy_loss: 26.385
[GPU1] epochs: [188/800] train_loss_con: 5.600 energy_loss: 25.768
[GPU1] epochs: [189/800] train_loss_con: 5.602 energy_loss: 25.629
[GPU1] epochs: [190/800] train_loss_con: 5.601 energy_loss: 25.751
[GPU1] epochs: [191/800] train_loss_con: 5.595 energy_loss: 25.882
[GPU1] epochs: [192/800] train_loss_con: 5.597 energy_loss: 26.970
[GPU1] epochs: [193/800] train_loss_con: 5.593 energy_loss: 26.650
[GPU1] epochs: [194/800] train_loss_con: 5.595 energy_loss: 26.461
[GPU1] epochs: [195/800] train_loss_con: 5.597 energy_loss: 26.300
[GPU1] epochs: [196/800] train_loss_con: 5.594 energy_loss: 26.018
[GPU1] epochs: [197/800] train_loss_con: 5.597 energy_loss: 25.727
[GPU1] epochs: [198/800] train_loss_con: 5.594 energy_loss: 25.761
[GPU1] epochs: [199/800] train_loss_con: 5.596 energy_loss: 26.045
[GPU1] epochs: [200/800] train_loss_con: 5.594 energy_loss: 26.060
[GPU1] epochs: [201/800] train_loss_con: 5.594 energy_loss: 26.767
[GPU1] epochs: [202/800] train_loss_con: 5.596 energy_loss: 26.127
[GPU1] epochs: [203/800] train_loss_con: 5.589 energy_loss: 25.810
[GPU1] epochs: [204/800] train_loss_con: 5.594 energy_loss: 25.812
[GPU1] epochs: [205/800] train_loss_con: 5.595 energy_loss: 25.455
[GPU1] epochs: [206/800] train_loss_con: 5.594 energy_loss: 25.742
[GPU1] epochs: [207/800] train_loss_con: 5.594 energy_loss: 26.305
[GPU1] epochs: [208/800] train_loss_con: 5.595 energy_loss: 31.473
[GPU1] epochs: [209/800] train_loss_con: 5.590 energy_loss: 29.289
[GPU1] epochs: [210/800] train_loss_con: 5.589 energy_loss: 26.553
[GPU1] epochs: [211/800] train_loss_con: 5.592 energy_loss: 24.691
[GPU1] epochs: [212/800] train_loss_con: 5.590 energy_loss: 24.496
[GPU1] epochs: [213/800] train_loss_con: 5.593 energy_loss: 24.462
[GPU1] epochs: [214/800] train_loss_con: 5.590 energy_loss: 24.128
[GPU1] epochs: [215/800] train_loss_con: 5.590 energy_loss: 24.241
[GPU1] epochs: [216/800] train_loss_con: 5.592 energy_loss: 24.386
[GPU1] epochs: [217/800] train_loss_con: 5.591 energy_loss: 24.810
[GPU1] epochs: [218/800] train_loss_con: 5.591 energy_loss: 24.221
[GPU1] epochs: [219/800] train_loss_con: 5.589 energy_loss: 24.534
[GPU1] epochs: [220/800] train_loss_con: 5.591 energy_loss: 25.670
[GPU1] epochs: [221/800] train_loss_con: 5.593 energy_loss: 25.085
[GPU1] epochs: [222/800] train_loss_con: 5.590 energy_loss: 24.974
[GPU1] epochs: [223/800] train_loss_con: 5.587 energy_loss: 24.472
[GPU1] epochs: [224/800] train_loss_con: 5.590 energy_loss: 24.485
[GPU1] epochs: [225/800] train_loss_con: 5.585 energy_loss: 24.510
[GPU1] epochs: [226/800] train_loss_con: 5.589 energy_loss: 24.068
[GPU1] epochs: [227/800] train_loss_con: 5.591 energy_loss: 24.078
[GPU1] epochs: [228/800] train_loss_con: 5.587 energy_loss: 25.058
[GPU1] epochs: [229/800] train_loss_con: 5.592 energy_loss: 26.769
[GPU1] epochs: [230/800] train_loss_con: 5.587 energy_loss: 28.774
[GPU1] epochs: [231/800] train_loss_con: 5.587 energy_loss: 28.358
[GPU1] epochs: [232/800] train_loss_con: 5.589 energy_loss: 24.458
[GPU1] epochs: [233/800] train_loss_con: 5.586 energy_loss: 23.111
[GPU1] epochs: [234/800] train_loss_con: 5.584 energy_loss: 23.226
[GPU1] epochs: [235/800] train_loss_con: 5.585 energy_loss: 22.955
[GPU1] epochs: [236/800] train_loss_con: 5.587 energy_loss: 23.432
[GPU1] epochs: [237/800] train_loss_con: 5.584 energy_loss: 23.456
[GPU1] epochs: [238/800] train_loss_con: 5.584 energy_loss: 23.720
[GPU1] epochs: [239/800] train_loss_con: 5.589 energy_loss: 24.599
[GPU1] epochs: [240/800] train_loss_con: 5.582 energy_loss: 24.038
[GPU1] epochs: [241/800] train_loss_con: 5.584 energy_loss: 23.326
[GPU1] epochs: [242/800] train_loss_con: 5.583 energy_loss: 23.493
[GPU1] epochs: [243/800] train_loss_con: 5.584 energy_loss: 23.424
[GPU1] epochs: [244/800] train_loss_con: 5.580 energy_loss: 23.453
[GPU1] epochs: [245/800] train_loss_con: 5.585 energy_loss: 23.252
[GPU1] epochs: [246/800] train_loss_con: 5.584 energy_loss: 24.628
[GPU1] epochs: [247/800] train_loss_con: 5.582 energy_loss: 23.955
[GPU1] epochs: [248/800] train_loss_con: 5.583 energy_loss: 23.805
[GPU1] epochs: [249/800] train_loss_con: 5.582 energy_loss: 23.813
[GPU1] epochs: [250/800] train_loss_con: 5.584 energy_loss: 23.512
[GPU1] epochs: [251/800] train_loss_con: 5.581 energy_loss: 23.072
[GPU1] epochs: [252/800] train_loss_con: 5.582 energy_loss: 22.758
[GPU1] epochs: [253/800] train_loss_con: 5.579 energy_loss: 24.048
[GPU1] epochs: [254/800] train_loss_con: 5.582 energy_loss: 23.744
[GPU1] epochs: [255/800] train_loss_con: 5.582 energy_loss: 22.919
[GPU1] epochs: [256/800] train_loss_con: 5.580 energy_loss: 22.937
[GPU1] epochs: [257/800] train_loss_con: 5.580 energy_loss: 24.235
[GPU1] epochs: [258/800] train_loss_con: 5.583 energy_loss: 31.893
[GPU1] epochs: [259/800] train_loss_con: 5.577 energy_loss: 27.341
[GPU1] epochs: [260/800] train_loss_con: 5.581 energy_loss: 22.771
[GPU1] epochs: [261/800] train_loss_con: 5.585 energy_loss: 22.446
[GPU1] epochs: [262/800] train_loss_con: 5.581 energy_loss: 22.187
[GPU1] epochs: [263/800] train_loss_con: 5.578 energy_loss: 22.350
[GPU1] epochs: [264/800] train_loss_con: 5.578 energy_loss: 22.358
[GPU1] epochs: [265/800] train_loss_con: 5.577 energy_loss: 22.174
[GPU1] epochs: [266/800] train_loss_con: 5.581 energy_loss: 22.234
[GPU1] epochs: [267/800] train_loss_con: 5.578 energy_loss: 22.297
[GPU1] epochs: [268/800] train_loss_con: 5.576 energy_loss: 22.523
[GPU1] epochs: [269/800] train_loss_con: 5.574 energy_loss: 23.445
[GPU1] epochs: [270/800] train_loss_con: 5.579 energy_loss: 23.488
[GPU1] epochs: [271/800] train_loss_con: 5.577 energy_loss: 22.469
[GPU1] epochs: [272/800] train_loss_con: 5.578 energy_loss: 21.701
[GPU1] epochs: [273/800] train_loss_con: 5.579 energy_loss: 21.908
[GPU1] epochs: [274/800] train_loss_con: 5.575 energy_loss: 23.521
[GPU1] epochs: [275/800] train_loss_con: 5.579 energy_loss: 22.516
[GPU1] epochs: [276/800] train_loss_con: 5.575 energy_loss: 22.544
[GPU1] epochs: [277/800] train_loss_con: 5.576 energy_loss: 22.546
[GPU1] epochs: [278/800] train_loss_con: 5.577 energy_loss: 22.263
[GPU1] epochs: [279/800] train_loss_con: 5.575 energy_loss: 23.735
[GPU1] epochs: [280/800] train_loss_con: 5.575 energy_loss: 23.316
[GPU1] epochs: [281/800] train_loss_con: 5.575 energy_loss: 22.946
[GPU1] epochs: [282/800] train_loss_con: 5.576 energy_loss: 23.063
[GPU1] epochs: [283/800] train_loss_con: 5.576 energy_loss: 23.112
[GPU1] epochs: [284/800] train_loss_con: 5.574 energy_loss: 23.122
[GPU1] epochs: [285/800] train_loss_con: 5.573 energy_loss: 22.574
[GPU1] epochs: [286/800] train_loss_con: 5.574 energy_loss: 22.037
[GPU1] epochs: [287/800] train_loss_con: 5.571 energy_loss: 23.237
[GPU1] epochs: [288/800] train_loss_con: 5.575 energy_loss: 22.154
[GPU1] epochs: [289/800] train_loss_con: 5.574 energy_loss: 21.877
[GPU1] epochs: [290/800] train_loss_con: 5.572 energy_loss: 21.667
[GPU1] epochs: [291/800] train_loss_con: 5.574 energy_loss: 22.216
[GPU1] epochs: [292/800] train_loss_con: 5.572 energy_loss: 23.040
[GPU1] epochs: [293/800] train_loss_con: 5.572 energy_loss: 22.898
[GPU1] epochs: [294/800] train_loss_con: 5.572 energy_loss: 22.128
[GPU1] epochs: [295/800] train_loss_con: 5.570 energy_loss: 22.420
[GPU1] epochs: [296/800] train_loss_con: 5.575 energy_loss: 22.035
[GPU1] epochs: [297/800] train_loss_con: 5.573 energy_loss: 21.923
[GPU1] epochs: [298/800] train_loss_con: 5.572 energy_loss: 22.358
[GPU1] epochs: [299/800] train_loss_con: 5.572 energy_loss: 24.432
[GPU1] epochs: [300/800] train_loss_con: 5.570 energy_loss: 25.251
[GPU1] epochs: [301/800] train_loss_con: 5.570 energy_loss: 26.620
[GPU1] epochs: [302/800] train_loss_con: 5.570 energy_loss: 22.395
[GPU1] epochs: [303/800] train_loss_con: 5.570 energy_loss: 21.005
[GPU1] epochs: [304/800] train_loss_con: 5.570 energy_loss: 20.904
[GPU1] epochs: [305/800] train_loss_con: 5.567 energy_loss: 21.427
[GPU1] epochs: [306/800] train_loss_con: 5.570 energy_loss: 22.346
[GPU1] epochs: [307/800] train_loss_con: 5.569 energy_loss: 21.515
[GPU1] epochs: [308/800] train_loss_con: 5.566 energy_loss: 21.179
[GPU1] epochs: [309/800] train_loss_con: 5.566 energy_loss: 21.549
[GPU1] epochs: [310/800] train_loss_con: 5.572 energy_loss: 21.358
[GPU1] epochs: [311/800] train_loss_con: 5.569 energy_loss: 22.019
[GPU1] epochs: [312/800] train_loss_con: 5.570 energy_loss: 22.368
[GPU1] epochs: [313/800] train_loss_con: 5.565 energy_loss: 22.007
[GPU1] epochs: [314/800] train_loss_con: 5.567 energy_loss: 21.771
[GPU1] epochs: [315/800] train_loss_con: 5.571 energy_loss: 21.894
[GPU1] epochs: [316/800] train_loss_con: 5.566 energy_loss: 21.334
[GPU1] epochs: [317/800] train_loss_con: 5.566 energy_loss: 22.223
[GPU1] epochs: [318/800] train_loss_con: 5.565 energy_loss: 21.312
[GPU1] epochs: [319/800] train_loss_con: 5.563 energy_loss: 21.065
[GPU1] epochs: [320/800] train_loss_con: 5.568 energy_loss: 21.381
[GPU1] epochs: [321/800] train_loss_con: 5.566 energy_loss: 22.895
[GPU1] epochs: [322/800] train_loss_con: 5.565 energy_loss: 22.033
[GPU1] epochs: [323/800] train_loss_con: 5.563 energy_loss: 21.825
[GPU1] epochs: [324/800] train_loss_con: 5.571 energy_loss: 21.520
[GPU1] epochs: [325/800] train_loss_con: 5.564 energy_loss: 20.815
[GPU1] epochs: [326/800] train_loss_con: 5.564 energy_loss: 22.287
[GPU1] epochs: [327/800] train_loss_con: 5.567 energy_loss: 22.001
[GPU1] epochs: [328/800] train_loss_con: 5.560 energy_loss: 21.456
[GPU1] epochs: [329/800] train_loss_con: 5.561 energy_loss: 21.683
[GPU1] epochs: [330/800] train_loss_con: 5.564 energy_loss: 24.209
[GPU1] epochs: [331/800] train_loss_con: 5.561 energy_loss: 24.398
[GPU1] epochs: [332/800] train_loss_con: 5.563 energy_loss: 21.426
[GPU1] epochs: [333/800] train_loss_con: 5.563 energy_loss: 20.853
[GPU1] epochs: [334/800] train_loss_con: 5.563 energy_loss: 20.738
[GPU1] epochs: [335/800] train_loss_con: 5.559 energy_loss: 20.831
[GPU1] epochs: [336/800] train_loss_con: 5.558 energy_loss: 20.805
[GPU1] epochs: [337/800] train_loss_con: 5.561 energy_loss: 20.941
[GPU1] epochs: [338/800] train_loss_con: 5.566 energy_loss: 21.769
[GPU1] epochs: [339/800] train_loss_con: 5.557 energy_loss: 21.272
[GPU1] epochs: [340/800] train_loss_con: 5.562 energy_loss: 20.922
[GPU1] epochs: [341/800] train_loss_con: 5.563 energy_loss: 21.421
[GPU1] epochs: [342/800] train_loss_con: 5.561 energy_loss: 20.761
[GPU1] epochs: [343/800] train_loss_con: 5.558 energy_loss: 21.072
[GPU1] epochs: [344/800] train_loss_con: 5.561 energy_loss: 22.015
[GPU1] epochs: [345/800] train_loss_con: 5.560 energy_loss: 21.452
[GPU1] epochs: [346/800] train_loss_con: 5.561 energy_loss: 20.837
[GPU1] epochs: [347/800] train_loss_con: 5.560 energy_loss: 21.007
[GPU1] epochs: [348/800] train_loss_con: 5.558 energy_loss: 20.573
[GPU1] epochs: [349/800] train_loss_con: 5.561 energy_loss: 22.014
[GPU1] epochs: [350/800] train_loss_con: 5.559 energy_loss: 21.053
[GPU1] epochs: [351/800] train_loss_con: 5.561 energy_loss: 20.511
[GPU1] epochs: [352/800] train_loss_con: 5.558 energy_loss: 20.753
[GPU1] epochs: [353/800] train_loss_con: 5.558 energy_loss: 20.787
[GPU1] epochs: [354/800] train_loss_con: 5.557 energy_loss: 22.690
[GPU1] epochs: [355/800] train_loss_con: 5.554 energy_loss: 21.355
[GPU1] epochs: [356/800] train_loss_con: 5.555 energy_loss: 21.239
[GPU1] epochs: [357/800] train_loss_con: 5.553 energy_loss: 21.518
[GPU1] epochs: [358/800] train_loss_con: 5.561 energy_loss: 22.895
[GPU1] epochs: [359/800] train_loss_con: 5.557 energy_loss: 24.520
[GPU1] epochs: [360/800] train_loss_con: 5.552 energy_loss: 20.480
[GPU1] epochs: [361/800] train_loss_con: 5.556 energy_loss: 20.862
[GPU1] epochs: [362/800] train_loss_con: 5.558 energy_loss: 20.263
[GPU1] epochs: [363/800] train_loss_con: 5.556 energy_loss: 20.302
[GPU1] epochs: [364/800] train_loss_con: 5.555 energy_loss: 20.083
[GPU1] epochs: [365/800] train_loss_con: 5.556 energy_loss: 20.068
[GPU1] epochs: [366/800] train_loss_con: 5.551 energy_loss: 21.322
[GPU1] epochs: [367/800] train_loss_con: 5.553 energy_loss: 20.632
[GPU1] epochs: [368/800] train_loss_con: 5.554 energy_loss: 20.621
[GPU1] epochs: [369/800] train_loss_con: 5.552 energy_loss: 20.384
[GPU1] epochs: [370/800] train_loss_con: 5.552 energy_loss: 20.445
[GPU1] epochs: [371/800] train_loss_con: 5.554 energy_loss: 21.751
[GPU1] epochs: [372/800] train_loss_con: 5.554 energy_loss: 20.843
[GPU1] epochs: [373/800] train_loss_con: 5.552 energy_loss: 20.549
[GPU1] epochs: [374/800] train_loss_con: 5.555 energy_loss: 20.126
[GPU1] epochs: [375/800] train_loss_con: 5.555 energy_loss: 20.267
[GPU1] epochs: [376/800] train_loss_con: 5.552 energy_loss: 21.376
[GPU1] epochs: [377/800] train_loss_con: 5.549 energy_loss: 20.588
[GPU1] epochs: [378/800] train_loss_con: 5.552 energy_loss: 20.702
[GPU1] epochs: [379/800] train_loss_con: 5.547 energy_loss: 20.077
[GPU1] epochs: [380/800] train_loss_con: 5.548 energy_loss: 20.891
[GPU1] epochs: [381/800] train_loss_con: 5.547 energy_loss: 21.274
[GPU1] epochs: [382/800] train_loss_con: 5.550 energy_loss: 20.373
[GPU1] epochs: [383/800] train_loss_con: 5.552 energy_loss: 20.010
[GPU1] epochs: [384/800] train_loss_con: 5.549 energy_loss: 19.890
[GPU1] epochs: [385/800] train_loss_con: 5.546 energy_loss: 21.147
[GPU1] epochs: [386/800] train_loss_con: 5.549 energy_loss: 20.584
[GPU1] epochs: [387/800] train_loss_con: 5.547 energy_loss: 19.887
[GPU1] epochs: [388/800] train_loss_con: 5.551 energy_loss: 19.536
[GPU1] epochs: [389/800] train_loss_con: 5.549 energy_loss: 21.304
[GPU1] epochs: [390/800] train_loss_con: 5.548 energy_loss: 21.398
[GPU1] epochs: [391/800] train_loss_con: 5.548 energy_loss: 20.484
[GPU1] epochs: [392/800] train_loss_con: 5.548 energy_loss: 20.386
[GPU1] epochs: [393/800] train_loss_con: 5.550 energy_loss: 20.693
[GPU1] epochs: [394/800] train_loss_con: 5.545 energy_loss: 22.368
[GPU1] epochs: [395/800] train_loss_con: 5.549 energy_loss: 21.101
[GPU1] epochs: [396/800] train_loss_con: 5.547 energy_loss: 20.111
[GPU1] epochs: [397/800] train_loss_con: 5.544 energy_loss: 19.971
[GPU1] epochs: [398/800] train_loss_con: 5.543 energy_loss: 19.581
[GPU1] epochs: [399/800] train_loss_con: 5.546 energy_loss: 19.767
[GPU1] epochs: [400/800] train_loss_con: 5.545 energy_loss: 19.519
[GPU1] epochs: [401/800] train_loss_con: 5.542 energy_loss: 20.950
[GPU1] epochs: [402/800] train_loss_con: 5.547 energy_loss: 19.908
[GPU1] epochs: [403/800] train_loss_con: 5.542 energy_loss: 19.823
[GPU1] epochs: [404/800] train_loss_con: 5.543 energy_loss: 19.812
[GPU1] epochs: [405/800] train_loss_con: 5.542 energy_loss: 19.977
[GPU1] epochs: [406/800] train_loss_con: 5.543 energy_loss: 20.875
[GPU1] epochs: [407/800] train_loss_con: 5.541 energy_loss: 19.931
[GPU1] epochs: [408/800] train_loss_con: 5.544 energy_loss: 19.916
[GPU1] epochs: [409/800] train_loss_con: 5.544 energy_loss: 19.788
[GPU1] epochs: [410/800] train_loss_con: 5.542 energy_loss: 19.819
[GPU1] epochs: [411/800] train_loss_con: 5.538 energy_loss: 21.047
[GPU1] epochs: [412/800] train_loss_con: 5.544 energy_loss: 19.975
[GPU1] epochs: [413/800] train_loss_con: 5.541 energy_loss: 19.575
[GPU1] epochs: [414/800] train_loss_con: 5.542 energy_loss: 19.467
[GPU1] epochs: [415/800] train_loss_con: 5.539 energy_loss: 20.487
[GPU1] epochs: [416/800] train_loss_con: 5.536 energy_loss: 20.819
[GPU1] epochs: [417/800] train_loss_con: 5.540 energy_loss: 20.289
[GPU1] epochs: [418/800] train_loss_con: 5.536 energy_loss: 20.713
[GPU1] epochs: [419/800] train_loss_con: 5.538 energy_loss: 20.761
[GPU1] epochs: [420/800] train_loss_con: 5.540 energy_loss: 19.675
[GPU1] epochs: [421/800] train_loss_con: 5.539 energy_loss: 20.603
[GPU1] epochs: [422/800] train_loss_con: 5.535 energy_loss: 20.385
[GPU1] epochs: [423/800] train_loss_con: 5.539 energy_loss: 19.921
[GPU1] epochs: [424/800] train_loss_con: 5.538 energy_loss: 19.514
[GPU1] epochs: [425/800] train_loss_con: 5.536 energy_loss: 19.293
[GPU1] epochs: [426/800] train_loss_con: 5.536 energy_loss: 19.620
[GPU1] epochs: [427/800] train_loss_con: 5.535 energy_loss: 19.719
[GPU1] epochs: [428/800] train_loss_con: 5.536 energy_loss: 19.475
[GPU1] epochs: [429/800] train_loss_con: 5.537 energy_loss: 20.253
[GPU1] epochs: [430/800] train_loss_con: 5.537 energy_loss: 20.013
[GPU1] epochs: [431/800] train_loss_con: 5.539 energy_loss: 19.492
[GPU1] epochs: [432/800] train_loss_con: 5.532 energy_loss: 19.459
[GPU1] epochs: [433/800] train_loss_con: 5.534 energy_loss: 19.294
[GPU1] epochs: [434/800] train_loss_con: 5.532 energy_loss: 19.705
[GPU1] epochs: [435/800] train_loss_con: 5.534 energy_loss: 20.966
[GPU1] epochs: [436/800] train_loss_con: 5.532 energy_loss: 19.669
[GPU1] epochs: [437/800] train_loss_con: 5.530 energy_loss: 19.642
[GPU1] epochs: [438/800] train_loss_con: 5.534 energy_loss: 19.653
[GPU1] epochs: [439/800] train_loss_con: 5.533 energy_loss: 19.353
[GPU1] epochs: [440/800] train_loss_con: 5.531 energy_loss: 20.455
[GPU1] epochs: [441/800] train_loss_con: 5.530 energy_loss: 20.519
[GPU1] epochs: [442/800] train_loss_con: 5.532 energy_loss: 19.511
[GPU1] epochs: [443/800] train_loss_con: 5.530 energy_loss: 19.274
[GPU1] epochs: [444/800] train_loss_con: 5.529 energy_loss: 18.192
[GPU1] epochs: [445/800] train_loss_con: 5.534 energy_loss: 19.891
[GPU1] epochs: [446/800] train_loss_con: 5.528 energy_loss: 20.173
[GPU1] epochs: [447/800] train_loss_con: 5.530 energy_loss: 19.516
[GPU1] epochs: [448/800] train_loss_con: 5.532 energy_loss: 19.340
[GPU1] epochs: [449/800] train_loss_con: 5.532 energy_loss: 18.906
[GPU1] epochs: [450/800] train_loss_con: 5.530 energy_loss: 19.118
[GPU1] epochs: [451/800] train_loss_con: 5.528 energy_loss: 20.165
[GPU1] epochs: [452/800] train_loss_con: 5.527 energy_loss: 19.794
[GPU1] epochs: [453/800] train_loss_con: 5.530 energy_loss: 19.472
[GPU1] epochs: [454/800] train_loss_con: 5.530 energy_loss: 19.323
[GPU1] epochs: [455/800] train_loss_con: 5.528 energy_loss: 19.886
[GPU1] epochs: [456/800] train_loss_con: 5.526 energy_loss: 19.679
[GPU1] epochs: [457/800] train_loss_con: 5.526 energy_loss: 20.328
[GPU1] epochs: [458/800] train_loss_con: 5.525 energy_loss: 19.781
[GPU1] epochs: [459/800] train_loss_con: 5.524 energy_loss: 18.833
[GPU1] epochs: [460/800] train_loss_con: 5.525 energy_loss: 19.143
[GPU1] epochs: [461/800] train_loss_con: 5.522 energy_loss: 18.816
[GPU1] epochs: [462/800] train_loss_con: 5.524 energy_loss: 18.688
[GPU1] epochs: [463/800] train_loss_con: 5.524 energy_loss: 18.530
[GPU1] epochs: [464/800] train_loss_con: 5.522 energy_loss: 19.748
[GPU1] epochs: [465/800] train_loss_con: 5.522 energy_loss: 18.606
[GPU1] epochs: [466/800] train_loss_con: 5.522 energy_loss: 18.597
[GPU1] epochs: [467/800] train_loss_con: 5.523 energy_loss: 18.878
[GPU1] epochs: [468/800] train_loss_con: 5.525 energy_loss: 20.205
[GPU1] epochs: [469/800] train_loss_con: 5.524 energy_loss: 19.564
[GPU1] epochs: [470/800] train_loss_con: 5.521 energy_loss: 19.479
[GPU1] epochs: [471/800] train_loss_con: 5.523 energy_loss: 18.679
[GPU1] epochs: [472/800] train_loss_con: 5.520 energy_loss: 19.006
[GPU1] epochs: [473/800] train_loss_con: 5.519 energy_loss: 19.244
[GPU1] epochs: [474/800] train_loss_con: 5.518 energy_loss: 18.801
[GPU1] epochs: [475/800] train_loss_con: 5.520 energy_loss: 20.118
[GPU1] epochs: [476/800] train_loss_con: 5.520 energy_loss: 19.511
[GPU1] epochs: [477/800] train_loss_con: 5.518 energy_loss: 19.318
[GPU1] epochs: [478/800] train_loss_con: 5.520 energy_loss: 19.333
[GPU1] epochs: [479/800] train_loss_con: 5.518 energy_loss: 18.671
[GPU1] epochs: [480/800] train_loss_con: 5.517 energy_loss: 18.534
[GPU1] epochs: [481/800] train_loss_con: 5.517 energy_loss: 18.647
[GPU1] epochs: [482/800] train_loss_con: 5.521 energy_loss: 19.201
[GPU1] epochs: [483/800] train_loss_con: 5.516 energy_loss: 18.746
[GPU1] epochs: [484/800] train_loss_con: 5.516 energy_loss: 19.077
[GPU1] epochs: [485/800] train_loss_con: 5.519 energy_loss: 18.789
[GPU1] epochs: [486/800] train_loss_con: 5.513 energy_loss: 18.004
[GPU1] epochs: [487/800] train_loss_con: 5.519 energy_loss: 18.841
[GPU1] epochs: [488/800] train_loss_con: 5.515 energy_loss: 19.862
[GPU1] epochs: [489/800] train_loss_con: 5.516 energy_loss: 18.662
[GPU1] epochs: [490/800] train_loss_con: 5.514 energy_loss: 18.129
[GPU1] epochs: [491/800] train_loss_con: 5.516 energy_loss: 18.836
[GPU1] epochs: [492/800] train_loss_con: 5.518 energy_loss: 18.504
[GPU1] epochs: [493/800] train_loss_con: 5.510 energy_loss: 18.530
[GPU1] epochs: [494/800] train_loss_con: 5.514 energy_loss: 19.903
[GPU1] epochs: [495/800] train_loss_con: 5.512 energy_loss: 18.353
[GPU1] epochs: [496/800] train_loss_con: 5.511 energy_loss: 18.437
[GPU1] epochs: [497/800] train_loss_con: 5.513 energy_loss: 18.268
[GPU1] epochs: [498/800] train_loss_con: 5.513 energy_loss: 18.331
[GPU1] epochs: [499/800] train_loss_con: 5.510 energy_loss: 19.606
[GPU1] epochs: [500/800] train_loss_con: 5.509 energy_loss: 18.802
[GPU1] epochs: [501/800] train_loss_con: 5.511 energy_loss: 18.878
[GPU1] epochs: [502/800] train_loss_con: 5.511 energy_loss: 19.286
[GPU1] epochs: [503/800] train_loss_con: 5.509 energy_loss: 18.420
[GPU1] epochs: [504/800] train_loss_con: 5.511 energy_loss: 18.247
[GPU1] epochs: [505/800] train_loss_con: 5.508 energy_loss: 18.020
[GPU1] epochs: [506/800] train_loss_con: 5.506 energy_loss: 19.352
[GPU1] epochs: [507/800] train_loss_con: 5.510 energy_loss: 18.600
[GPU1] epochs: [508/800] train_loss_con: 5.508 energy_loss: 17.849
[GPU1] epochs: [509/800] train_loss_con: 5.510 energy_loss: 17.747
[GPU1] epochs: [510/800] train_loss_con: 5.508 energy_loss: 18.102
[GPU1] epochs: [511/800] train_loss_con: 5.509 energy_loss: 18.483
[GPU1] epochs: [512/800] train_loss_con: 5.504 energy_loss: 18.737
[GPU1] epochs: [513/800] train_loss_con: 5.509 energy_loss: 19.354
[GPU1] epochs: [514/800] train_loss_con: 5.505 energy_loss: 18.903
[GPU1] epochs: [515/800] train_loss_con: 5.502 energy_loss: 18.701
[GPU1] epochs: [516/800] train_loss_con: 5.504 energy_loss: 18.349
[GPU1] epochs: [517/800] train_loss_con: 5.504 energy_loss: 18.206
[GPU1] epochs: [518/800] train_loss_con: 5.505 energy_loss: 18.456
[GPU1] epochs: [519/800] train_loss_con: 5.503 energy_loss: 17.960
