environment: 
YAML: configs/scalre.c100.yaml
==> SEED: 42
==> num_classes: 100
==> data_name: cifar100
==> data_params: {'algo': 'scalre', 'data_dir': 'datasets/cifar100', 'batch_size': 512, 'num_workers': 3, 'image_size': 32}
==> return_logs: False
==> eval_every: 10
==> n_epochs: 350
==> n_epochs_mlp: 100
==> gpu_id: 5
==> opt: SGD
==> opt_params: {'lr': 0.5, 'momentum': 0.9, 'nesterov': True}
==> schedular_params: {'T_max': 600, 'eta_min': 0.001}
==> mlp_opt: SGD
==> mlp_opt_params: {'lr': 0.01, 'momentum': 0.9, 'nesterov': True}
==> model_params: {'model_name': 'resnet50', 'pretrained': False, 'proj_dim': 128, 'algo_type': 'scalre'}
==> energy_model_params: {'eta': 0.01, 'steps': 5, 'sigma': 0.2, 'delta': 0.1, 'net_type': 'score'}
==> energy_opt: AdamW
==> energy_model_opt_params: {'lr': 0.001}
==> mlp_type: hidden
==> loss: scalre
==> loss_params: {'sim': 'cosine', 'tau': 0.5}
==> distributed: False
==> train_algo: scalre
==> model_save_path: saved_models/scalre.c100.r50.sc.pth
==> config: configs/scalre.c100.yaml
--------------------------------------------------
===> using hiddin mlp
using optimizer: SGD
using optimizer: SGD
loss function: scalre
Files already downloaded and verified
Files already downloaded and verified
Files already downloaded and verified
# of Training Images: 50000
# of Testing Images: 10000
using optimizer: AdamW
### ScAlRe Training begins
[GPU5] epochs: [1/350] train_loss_con: 6.692 energy_loss: 1024.544
[GPU5] epochs: [2/350] train_loss_con: 6.331 energy_loss: 1024.275
[GPU5] epochs: [3/350] train_loss_con: 6.177 energy_loss: 1024.114
[GPU5] epochs: [4/350] train_loss_con: 6.094 energy_loss: 1024.022
[GPU5] epochs: [5/350] train_loss_con: 6.026 energy_loss: 1023.859
[GPU5] epochs: [6/350] train_loss_con: 5.986 energy_loss: 1023.977
[GPU5] epochs: [7/350] train_loss_con: 5.950 energy_loss: 1023.995
[GPU5] epochs: [8/350] train_loss_con: 5.921 energy_loss: 1024.063
[GPU5] epochs: [9/350] train_loss_con: 5.900 energy_loss: 1023.985
[GPU5] epochs: [10/350] train_loss_con: 5.881 energy_loss: 1023.947
[GPU5] epochs: [11/350] train_loss_con: 5.861 energy_loss: 1023.988
[GPU5] epochs: [12/350] train_loss_con: 5.837 energy_loss: 1024.041
[GPU5] epochs: [13/350] train_loss_con: 5.819 energy_loss: 1023.808
[GPU5] epochs: [14/350] train_loss_con: 5.804 energy_loss: 1023.752
[GPU5] epochs: [15/350] train_loss_con: 5.794 energy_loss: 1023.592
[GPU5] epochs: [16/350] train_loss_con: 5.781 energy_loss: 1023.632
[GPU5] epochs: [17/350] train_loss_con: 5.775 energy_loss: 1023.577
[GPU5] epochs: [18/350] train_loss_con: 5.765 energy_loss: 1023.397
[GPU5] epochs: [19/350] train_loss_con: 5.761 energy_loss: 1023.573
[GPU5] epochs: [20/350] train_loss_con: 5.755 energy_loss: 1023.381
[GPU5] epochs: [21/350] train_loss_con: 5.752 energy_loss: 1023.231
[GPU5] epochs: [22/350] train_loss_con: 5.746 energy_loss: 1023.348
[GPU5] epochs: [23/350] train_loss_con: 5.740 energy_loss: 1023.583
[GPU5] epochs: [24/350] train_loss_con: 5.735 energy_loss: 1023.205
[GPU5] epochs: [25/350] train_loss_con: 5.731 energy_loss: 1023.319
[GPU5] epochs: [26/350] train_loss_con: 5.729 energy_loss: 1023.176
[GPU5] epochs: [27/350] train_loss_con: 5.723 energy_loss: 1023.104
[GPU5] epochs: [28/350] train_loss_con: 5.716 energy_loss: 1022.995
[GPU5] epochs: [29/350] train_loss_con: 5.715 energy_loss: 1022.916
[GPU5] epochs: [30/350] train_loss_con: 5.712 energy_loss: 1022.894
[GPU5] epochs: [31/350] train_loss_con: 5.711 energy_loss: 1022.541
[GPU5] epochs: [32/350] train_loss_con: 5.706 energy_loss: 1022.470
[GPU5] epochs: [33/350] train_loss_con: 5.705 energy_loss: 1021.808
[GPU5] epochs: [34/350] train_loss_con: 5.699 energy_loss: 1021.440
[GPU5] epochs: [35/350] train_loss_con: 5.697 energy_loss: 1020.377
[GPU5] epochs: [36/350] train_loss_con: 5.695 energy_loss: 1019.755
[GPU5] epochs: [37/350] train_loss_con: 5.692 energy_loss: 1018.889
[GPU5] epochs: [38/350] train_loss_con: 5.689 energy_loss: 1017.240
[GPU5] epochs: [39/350] train_loss_con: 5.689 energy_loss: 1015.224
[GPU5] epochs: [40/350] train_loss_con: 5.683 energy_loss: 1012.821
[GPU5] epochs: [41/350] train_loss_con: 5.682 energy_loss: 1010.404
[GPU5] epochs: [42/350] train_loss_con: 5.682 energy_loss: 1007.861
[GPU5] epochs: [43/350] train_loss_con: 5.682 energy_loss: 1004.992
[GPU5] epochs: [44/350] train_loss_con: 5.676 energy_loss: 1002.309
[GPU5] epochs: [45/350] train_loss_con: 5.679 energy_loss: 999.074
[GPU5] epochs: [46/350] train_loss_con: 5.673 energy_loss: 996.130
[GPU5] epochs: [47/350] train_loss_con: 5.673 energy_loss: 992.562
[GPU5] epochs: [48/350] train_loss_con: 5.669 energy_loss: 988.864
[GPU5] epochs: [49/350] train_loss_con: 5.669 energy_loss: 985.018
[GPU5] epochs: [50/350] train_loss_con: 5.668 energy_loss: 981.073
[GPU5] epochs: [51/350] train_loss_con: 5.664 energy_loss: 976.342
[GPU5] epochs: [52/350] train_loss_con: 5.664 energy_loss: 971.156
[GPU5] epochs: [53/350] train_loss_con: 5.662 energy_loss: 966.086
[GPU5] epochs: [54/350] train_loss_con: 5.658 energy_loss: 961.095
[GPU5] epochs: [55/350] train_loss_con: 5.655 energy_loss: 956.218
[GPU5] epochs: [56/350] train_loss_con: 5.656 energy_loss: 950.172
[GPU5] epochs: [57/350] train_loss_con: 5.655 energy_loss: 944.883
[GPU5] epochs: [58/350] train_loss_con: 5.655 energy_loss: 938.820
[GPU5] epochs: [59/350] train_loss_con: 5.652 energy_loss: 932.853
[GPU5] epochs: [60/350] train_loss_con: 5.648 energy_loss: 926.370
[GPU5] epochs: [61/350] train_loss_con: 5.648 energy_loss: 920.525
[GPU5] epochs: [62/350] train_loss_con: 5.648 energy_loss: 914.234
[GPU5] epochs: [63/350] train_loss_con: 5.647 energy_loss: 907.699
[GPU5] epochs: [64/350] train_loss_con: 5.647 energy_loss: 901.166
[GPU5] epochs: [65/350] train_loss_con: 5.645 energy_loss: 894.592
[GPU5] epochs: [66/350] train_loss_con: 5.645 energy_loss: 888.078
[GPU5] epochs: [67/350] train_loss_con: 5.640 energy_loss: 881.063
[GPU5] epochs: [68/350] train_loss_con: 5.642 energy_loss: 875.282
[GPU5] epochs: [69/350] train_loss_con: 5.640 energy_loss: 869.145
[GPU5] epochs: [70/350] train_loss_con: 5.641 energy_loss: 861.837
[GPU5] epochs: [71/350] train_loss_con: 5.636 energy_loss: 855.729
[GPU5] epochs: [72/350] train_loss_con: 5.636 energy_loss: 849.431
[GPU5] epochs: [73/350] train_loss_con: 5.631 energy_loss: 843.363
[GPU5] epochs: [74/350] train_loss_con: 5.634 energy_loss: 836.986
[GPU5] epochs: [75/350] train_loss_con: 5.631 energy_loss: 830.650
[GPU5] epochs: [76/350] train_loss_con: 5.634 energy_loss: 824.803
[GPU5] epochs: [77/350] train_loss_con: 5.630 energy_loss: 817.943
[GPU5] epochs: [78/350] train_loss_con: 5.631 energy_loss: 812.282
[GPU5] epochs: [79/350] train_loss_con: 5.628 energy_loss: 807.168
[GPU5] epochs: [80/350] train_loss_con: 5.627 energy_loss: 801.170
[GPU5] epochs: [81/350] train_loss_con: 5.627 energy_loss: 795.157
[GPU5] epochs: [82/350] train_loss_con: 5.624 energy_loss: 789.390
[GPU5] epochs: [83/350] train_loss_con: 5.624 energy_loss: 785.242
[GPU5] epochs: [84/350] train_loss_con: 5.626 energy_loss: 778.706
[GPU5] epochs: [85/350] train_loss_con: 5.618 energy_loss: 773.492
[GPU5] epochs: [86/350] train_loss_con: 5.621 energy_loss: 768.703
[GPU5] epochs: [87/350] train_loss_con: 5.618 energy_loss: 762.867
[GPU5] epochs: [88/350] train_loss_con: 5.618 energy_loss: 757.640
[GPU5] epochs: [89/350] train_loss_con: 5.614 energy_loss: 752.063
[GPU5] epochs: [90/350] train_loss_con: 5.617 energy_loss: 747.176
[GPU5] epochs: [91/350] train_loss_con: 5.617 energy_loss: 742.619
[GPU5] epochs: [92/350] train_loss_con: 5.614 energy_loss: 737.950
[GPU5] epochs: [93/350] train_loss_con: 5.613 energy_loss: 732.685
[GPU5] epochs: [94/350] train_loss_con: 5.614 energy_loss: 727.686
[GPU5] epochs: [95/350] train_loss_con: 5.614 energy_loss: 723.568
[GPU5] epochs: [96/350] train_loss_con: 5.614 energy_loss: 718.994
[GPU5] epochs: [97/350] train_loss_con: 5.608 energy_loss: 714.364
[GPU5] epochs: [98/350] train_loss_con: 5.612 energy_loss: 709.428
[GPU5] epochs: [99/350] train_loss_con: 5.607 energy_loss: 704.798
[GPU5] epochs: [100/350] train_loss_con: 5.608 energy_loss: 700.692
[GPU5] epochs: [101/350] train_loss_con: 5.605 energy_loss: 696.065
[GPU5] epochs: [102/350] train_loss_con: 5.606 energy_loss: 691.993
[GPU5] epochs: [103/350] train_loss_con: 5.606 energy_loss: 687.986
[GPU5] epochs: [104/350] train_loss_con: 5.605 energy_loss: 684.346
[GPU5] epochs: [105/350] train_loss_con: 5.606 energy_loss: 680.231
[GPU5] epochs: [106/350] train_loss_con: 5.604 energy_loss: 675.605
[GPU5] epochs: [107/350] train_loss_con: 5.603 energy_loss: 672.187
[GPU5] epochs: [108/350] train_loss_con: 5.601 energy_loss: 668.348
[GPU5] epochs: [109/350] train_loss_con: 5.602 energy_loss: 664.371
[GPU5] epochs: [110/350] train_loss_con: 5.599 energy_loss: 660.962
[GPU5] epochs: [111/350] train_loss_con: 5.599 energy_loss: 657.242
[GPU5] epochs: [112/350] train_loss_con: 5.599 energy_loss: 653.529
[GPU5] epochs: [113/350] train_loss_con: 5.597 energy_loss: 650.039
[GPU5] epochs: [114/350] train_loss_con: 5.595 energy_loss: 647.610
[GPU5] epochs: [115/350] train_loss_con: 5.599 energy_loss: 643.793
[GPU5] epochs: [116/350] train_loss_con: 5.598 energy_loss: 640.749
[GPU5] epochs: [117/350] train_loss_con: 5.594 energy_loss: 636.743
[GPU5] epochs: [118/350] train_loss_con: 5.593 energy_loss: 634.519
[GPU5] epochs: [119/350] train_loss_con: 5.597 energy_loss: 631.082
[GPU5] epochs: [120/350] train_loss_con: 5.595 energy_loss: 627.734
[GPU5] epochs: [121/350] train_loss_con: 5.594 energy_loss: 624.118
[GPU5] epochs: [122/350] train_loss_con: 5.594 energy_loss: 620.660
[GPU5] epochs: [123/350] train_loss_con: 5.590 energy_loss: 618.392
[GPU5] epochs: [124/350] train_loss_con: 5.590 energy_loss: 615.884
[GPU5] epochs: [125/350] train_loss_con: 5.590 energy_loss: 612.615
[GPU5] epochs: [126/350] train_loss_con: 5.588 energy_loss: 609.691
[GPU5] epochs: [127/350] train_loss_con: 5.587 energy_loss: 606.758
[GPU5] epochs: [128/350] train_loss_con: 5.587 energy_loss: 604.443
[GPU5] epochs: [129/350] train_loss_con: 5.583 energy_loss: 601.023
[GPU5] epochs: [130/350] train_loss_con: 5.586 energy_loss: 597.939
[GPU5] epochs: [131/350] train_loss_con: 5.587 energy_loss: 595.887
[GPU5] epochs: [132/350] train_loss_con: 5.583 energy_loss: 592.899
[GPU5] epochs: [133/350] train_loss_con: 5.587 energy_loss: 590.459
[GPU5] epochs: [134/350] train_loss_con: 5.584 energy_loss: 587.925
[GPU5] epochs: [135/350] train_loss_con: 5.583 energy_loss: 585.546
[GPU5] epochs: [136/350] train_loss_con: 5.582 energy_loss: 582.954
[GPU5] epochs: [137/350] train_loss_con: 5.586 energy_loss: 580.614
[GPU5] epochs: [138/350] train_loss_con: 5.580 energy_loss: 578.526
[GPU5] epochs: [139/350] train_loss_con: 5.579 energy_loss: 575.930
[GPU5] epochs: [140/350] train_loss_con: 5.579 energy_loss: 573.797
[GPU5] epochs: [141/350] train_loss_con: 5.576 energy_loss: 571.943
[GPU5] epochs: [142/350] train_loss_con: 5.581 energy_loss: 569.210
[GPU5] epochs: [143/350] train_loss_con: 5.578 energy_loss: 566.995
[GPU5] epochs: [144/350] train_loss_con: 5.577 energy_loss: 565.093
[GPU5] epochs: [145/350] train_loss_con: 5.577 energy_loss: 563.065
[GPU5] epochs: [146/350] train_loss_con: 5.576 energy_loss: 562.005
[GPU5] epochs: [147/350] train_loss_con: 5.575 energy_loss: 558.893
[GPU5] epochs: [148/350] train_loss_con: 5.575 energy_loss: 556.344
[GPU5] epochs: [149/350] train_loss_con: 5.577 energy_loss: 554.866
[GPU5] epochs: [150/350] train_loss_con: 5.576 energy_loss: 553.507
[GPU5] epochs: [151/350] train_loss_con: 5.573 energy_loss: 551.489
[GPU5] epochs: [152/350] train_loss_con: 5.573 energy_loss: 548.767
[GPU5] epochs: [153/350] train_loss_con: 5.575 energy_loss: 547.946
[GPU5] epochs: [154/350] train_loss_con: 5.571 energy_loss: 545.854
[GPU5] epochs: [155/350] train_loss_con: 5.573 energy_loss: 543.801
[GPU5] epochs: [156/350] train_loss_con: 5.568 energy_loss: 542.196
[GPU5] epochs: [157/350] train_loss_con: 5.572 energy_loss: 540.155
[GPU5] epochs: [158/350] train_loss_con: 5.572 energy_loss: 538.025
[GPU5] epochs: [159/350] train_loss_con: 5.573 energy_loss: 537.065
[GPU5] epochs: [160/350] train_loss_con: 5.566 energy_loss: 535.680
[GPU5] epochs: [161/350] train_loss_con: 5.572 energy_loss: 534.173
[GPU5] epochs: [162/350] train_loss_con: 5.567 energy_loss: 532.711
[GPU5] epochs: [163/350] train_loss_con: 5.569 energy_loss: 530.821
[GPU5] epochs: [164/350] train_loss_con: 5.566 energy_loss: 528.970
[GPU5] epochs: [165/350] train_loss_con: 5.566 energy_loss: 527.334
[GPU5] epochs: [166/350] train_loss_con: 5.562 energy_loss: 525.422
[GPU5] epochs: [167/350] train_loss_con: 5.566 energy_loss: 524.121
[GPU5] epochs: [168/350] train_loss_con: 5.565 energy_loss: 522.868
[GPU5] epochs: [169/350] train_loss_con: 5.564 energy_loss: 521.587
[GPU5] epochs: [170/350] train_loss_con: 5.562 energy_loss: 519.870
[GPU5] epochs: [171/350] train_loss_con: 5.563 energy_loss: 518.550
[GPU5] epochs: [172/350] train_loss_con: 5.564 energy_loss: 516.833
[GPU5] epochs: [173/350] train_loss_con: 5.561 energy_loss: 515.681
[GPU5] epochs: [174/350] train_loss_con: 5.563 energy_loss: 515.337
[GPU5] epochs: [175/350] train_loss_con: 5.560 energy_loss: 513.392
[GPU5] epochs: [176/350] train_loss_con: 5.562 energy_loss: 512.809
[GPU5] epochs: [177/350] train_loss_con: 5.558 energy_loss: 510.887
[GPU5] epochs: [178/350] train_loss_con: 5.557 energy_loss: 509.456
[GPU5] epochs: [179/350] train_loss_con: 5.557 energy_loss: 508.451
[GPU5] epochs: [180/350] train_loss_con: 5.559 energy_loss: 506.495
[GPU5] epochs: [181/350] train_loss_con: 5.557 energy_loss: 506.558
[GPU5] epochs: [182/350] train_loss_con: 5.557 energy_loss: 504.806
[GPU5] epochs: [183/350] train_loss_con: 5.558 energy_loss: 503.770
[GPU5] epochs: [184/350] train_loss_con: 5.558 energy_loss: 502.482
[GPU5] epochs: [185/350] train_loss_con: 5.557 energy_loss: 501.595
[GPU5] epochs: [186/350] train_loss_con: 5.559 energy_loss: 501.568
[GPU5] epochs: [187/350] train_loss_con: 5.556 energy_loss: 499.866
[GPU5] epochs: [188/350] train_loss_con: 5.557 energy_loss: 499.204
[GPU5] epochs: [189/350] train_loss_con: 5.555 energy_loss: 498.343
[GPU5] epochs: [190/350] train_loss_con: 5.557 energy_loss: 496.841
[GPU5] epochs: [191/350] train_loss_con: 5.554 energy_loss: 495.839
[GPU5] epochs: [192/350] train_loss_con: 5.554 energy_loss: 494.954
[GPU5] epochs: [193/350] train_loss_con: 5.552 energy_loss: 493.869
[GPU5] epochs: [194/350] train_loss_con: 5.553 energy_loss: 492.968
[GPU5] epochs: [195/350] train_loss_con: 5.557 energy_loss: 491.900
[GPU5] epochs: [196/350] train_loss_con: 5.555 energy_loss: 490.947
[GPU5] epochs: [197/350] train_loss_con: 5.551 energy_loss: 489.577
[GPU5] epochs: [198/350] train_loss_con: 5.551 energy_loss: 489.144
[GPU5] epochs: [199/350] train_loss_con: 5.553 energy_loss: 488.842
[GPU5] epochs: [200/350] train_loss_con: 5.553 energy_loss: 488.143
[GPU5] epochs: [201/350] train_loss_con: 5.549 energy_loss: 486.616
[GPU5] epochs: [202/350] train_loss_con: 5.552 energy_loss: 486.253
[GPU5] epochs: [203/350] train_loss_con: 5.550 energy_loss: 485.606
[GPU5] epochs: [204/350] train_loss_con: 5.548 energy_loss: 485.396
[GPU5] epochs: [205/350] train_loss_con: 5.548 energy_loss: 484.257
[GPU5] epochs: [206/350] train_loss_con: 5.549 energy_loss: 482.875
[GPU5] epochs: [207/350] train_loss_con: 5.544 energy_loss: 482.289
[GPU5] epochs: [208/350] train_loss_con: 5.547 energy_loss: 481.133
[GPU5] epochs: [209/350] train_loss_con: 5.545 energy_loss: 480.295
[GPU5] epochs: [210/350] train_loss_con: 5.547 energy_loss: 480.239
[GPU5] epochs: [211/350] train_loss_con: 5.545 energy_loss: 479.463
[GPU5] epochs: [212/350] train_loss_con: 5.548 energy_loss: 479.147
[GPU5] epochs: [213/350] train_loss_con: 5.545 energy_loss: 478.417
[GPU5] epochs: [214/350] train_loss_con: 5.547 energy_loss: 478.660
[GPU5] epochs: [215/350] train_loss_con: 5.542 energy_loss: 477.038
[GPU5] epochs: [216/350] train_loss_con: 5.544 energy_loss: 477.582
[GPU5] epochs: [217/350] train_loss_con: 5.543 energy_loss: 476.308
[GPU5] epochs: [218/350] train_loss_con: 5.542 energy_loss: 475.372
[GPU5] epochs: [219/350] train_loss_con: 5.542 energy_loss: 475.228
[GPU5] epochs: [220/350] train_loss_con: 5.542 energy_loss: 475.496
[GPU5] epochs: [221/350] train_loss_con: 5.542 energy_loss: 474.947
[GPU5] epochs: [222/350] train_loss_con: 5.539 energy_loss: 473.555
[GPU5] epochs: [223/350] train_loss_con: 5.539 energy_loss: 472.785
[GPU5] epochs: [224/350] train_loss_con: 5.540 energy_loss: 472.829
[GPU5] epochs: [225/350] train_loss_con: 5.542 energy_loss: 472.068
[GPU5] epochs: [226/350] train_loss_con: 5.537 energy_loss: 472.115
[GPU5] epochs: [227/350] train_loss_con: 5.540 energy_loss: 471.541
[GPU5] epochs: [228/350] train_loss_con: 5.540 energy_loss: 471.125
[GPU5] epochs: [229/350] train_loss_con: 5.537 energy_loss: 470.019
[GPU5] epochs: [230/350] train_loss_con: 5.537 energy_loss: 470.068
[GPU5] epochs: [231/350] train_loss_con: 5.538 energy_loss: 469.169
[GPU5] epochs: [232/350] train_loss_con: 5.535 energy_loss: 469.404
[GPU5] epochs: [233/350] train_loss_con: 5.535 energy_loss: 468.580
[GPU5] epochs: [234/350] train_loss_con: 5.537 energy_loss: 468.544
[GPU5] epochs: [235/350] train_loss_con: 5.535 energy_loss: 467.897
[GPU5] epochs: [236/350] train_loss_con: 5.535 energy_loss: 467.658
[GPU5] epochs: [237/350] train_loss_con: 5.535 energy_loss: 468.180
[GPU5] epochs: [238/350] train_loss_con: 5.537 energy_loss: 467.555
[GPU5] epochs: [239/350] train_loss_con: 5.537 energy_loss: 467.849
[GPU5] epochs: [240/350] train_loss_con: 5.530 energy_loss: 467.757
[GPU5] epochs: [241/350] train_loss_con: 5.534 energy_loss: 467.010
[GPU5] epochs: [242/350] train_loss_con: 5.533 energy_loss: 466.936
[GPU5] epochs: [243/350] train_loss_con: 5.533 energy_loss: 466.207
[GPU5] epochs: [244/350] train_loss_con: 5.531 energy_loss: 465.589
[GPU5] epochs: [245/350] train_loss_con: 5.532 energy_loss: 464.191
[GPU5] epochs: [246/350] train_loss_con: 5.530 energy_loss: 464.692
[GPU5] epochs: [247/350] train_loss_con: 5.532 energy_loss: 464.371
[GPU5] epochs: [248/350] train_loss_con: 5.533 energy_loss: 464.420
[GPU5] epochs: [249/350] train_loss_con: 5.530 energy_loss: 464.140
[GPU5] epochs: [250/350] train_loss_con: 5.529 energy_loss: 463.080
[GPU5] epochs: [251/350] train_loss_con: 5.530 energy_loss: 463.601
[GPU5] epochs: [252/350] train_loss_con: 5.528 energy_loss: 463.208
[GPU5] epochs: [253/350] train_loss_con: 5.529 energy_loss: 463.287
[GPU5] epochs: [254/350] train_loss_con: 5.531 energy_loss: 462.353
[GPU5] epochs: [255/350] train_loss_con: 5.527 energy_loss: 461.850
[GPU5] epochs: [256/350] train_loss_con: 5.526 energy_loss: 462.221
[GPU5] epochs: [257/350] train_loss_con: 5.525 energy_loss: 462.530
[GPU5] epochs: [258/350] train_loss_con: 5.528 energy_loss: 462.488
[GPU5] epochs: [259/350] train_loss_con: 5.526 energy_loss: 462.053
[GPU5] epochs: [260/350] train_loss_con: 5.526 energy_loss: 461.478
[GPU5] epochs: [261/350] train_loss_con: 5.528 energy_loss: 461.938
[GPU5] epochs: [262/350] train_loss_con: 5.526 energy_loss: 462.206
[GPU5] epochs: [263/350] train_loss_con: 5.523 energy_loss: 461.188
[GPU5] epochs: [264/350] train_loss_con: 5.527 energy_loss: 460.962
[GPU5] epochs: [265/350] train_loss_con: 5.526 energy_loss: 461.418
[GPU5] epochs: [266/350] train_loss_con: 5.527 energy_loss: 461.175
[GPU5] epochs: [267/350] train_loss_con: 5.525 energy_loss: 460.791
[GPU5] epochs: [268/350] train_loss_con: 5.524 energy_loss: 460.928
[GPU5] epochs: [269/350] train_loss_con: 5.523 energy_loss: 459.352
[GPU5] epochs: [270/350] train_loss_con: 5.520 energy_loss: 460.526
[GPU5] epochs: [271/350] train_loss_con: 5.523 energy_loss: 460.637
[GPU5] epochs: [272/350] train_loss_con: 5.523 energy_loss: 460.192
[GPU5] epochs: [273/350] train_loss_con: 5.522 energy_loss: 459.816
[GPU5] epochs: [274/350] train_loss_con: 5.522 energy_loss: 459.552
[GPU5] epochs: [275/350] train_loss_con: 5.521 energy_loss: 459.113
[GPU5] epochs: [276/350] train_loss_con: 5.523 energy_loss: 460.250
[GPU5] epochs: [277/350] train_loss_con: 5.522 energy_loss: 458.934
[GPU5] epochs: [278/350] train_loss_con: 5.518 energy_loss: 459.316
[GPU5] epochs: [279/350] train_loss_con: 5.521 energy_loss: 459.521
[GPU5] epochs: [280/350] train_loss_con: 5.520 energy_loss: 459.719
[GPU5] epochs: [281/350] train_loss_con: 5.517 energy_loss: 457.981
[GPU5] epochs: [282/350] train_loss_con: 5.519 energy_loss: 458.607
[GPU5] epochs: [283/350] train_loss_con: 5.521 energy_loss: 458.366
[GPU5] epochs: [284/350] train_loss_con: 5.519 energy_loss: 458.781
[GPU5] epochs: [285/350] train_loss_con: 5.516 energy_loss: 458.623
[GPU5] epochs: [286/350] train_loss_con: 5.517 energy_loss: 457.720
[GPU5] epochs: [287/350] train_loss_con: 5.517 energy_loss: 457.350
[GPU5] epochs: [288/350] train_loss_con: 5.518 energy_loss: 457.374
[GPU5] epochs: [289/350] train_loss_con: 5.516 energy_loss: 458.405
[GPU5] epochs: [290/350] train_loss_con: 5.514 energy_loss: 456.939
[GPU5] epochs: [291/350] train_loss_con: 5.513 energy_loss: 457.518
[GPU5] epochs: [292/350] train_loss_con: 5.517 energy_loss: 457.012
[GPU5] epochs: [293/350] train_loss_con: 5.515 energy_loss: 457.752
[GPU5] epochs: [294/350] train_loss_con: 5.516 energy_loss: 457.595
[GPU5] epochs: [295/350] train_loss_con: 5.515 energy_loss: 457.550
[GPU5] epochs: [296/350] train_loss_con: 5.516 energy_loss: 458.073
[GPU5] epochs: [297/350] train_loss_con: 5.512 energy_loss: 457.061
[GPU5] epochs: [298/350] train_loss_con: 5.513 energy_loss: 457.218
[GPU5] epochs: [299/350] train_loss_con: 5.514 energy_loss: 456.546
[GPU5] epochs: [300/350] train_loss_con: 5.513 energy_loss: 456.933
[GPU5] epochs: [301/350] train_loss_con: 5.513 energy_loss: 456.746
[GPU5] epochs: [302/350] train_loss_con: 5.513 energy_loss: 456.963
[GPU5] epochs: [303/350] train_loss_con: 5.512 energy_loss: 457.096
[GPU5] epochs: [304/350] train_loss_con: 5.511 energy_loss: 456.731
[GPU5] epochs: [305/350] train_loss_con: 5.511 energy_loss: 456.872
[GPU5] epochs: [306/350] train_loss_con: 5.512 energy_loss: 457.035
[GPU5] epochs: [307/350] train_loss_con: 5.511 energy_loss: 457.028
[GPU5] epochs: [308/350] train_loss_con: 5.509 energy_loss: 457.719
[GPU5] epochs: [309/350] train_loss_con: 5.510 energy_loss: 457.563
[GPU5] epochs: [310/350] train_loss_con: 5.511 energy_loss: 457.841
[GPU5] epochs: [311/350] train_loss_con: 5.509 energy_loss: 457.137
[GPU5] epochs: [312/350] train_loss_con: 5.510 energy_loss: 456.852
[GPU5] epochs: [313/350] train_loss_con: 5.510 energy_loss: 457.010
[GPU5] epochs: [314/350] train_loss_con: 5.508 energy_loss: 456.690
[GPU5] epochs: [315/350] train_loss_con: 5.509 energy_loss: 457.176
[GPU5] epochs: [316/350] train_loss_con: 5.507 energy_loss: 456.317
[GPU5] epochs: [317/350] train_loss_con: 5.507 energy_loss: 456.581
[GPU5] epochs: [318/350] train_loss_con: 5.507 energy_loss: 456.096
[GPU5] epochs: [319/350] train_loss_con: 5.508 energy_loss: 456.075
[GPU5] epochs: [320/350] train_loss_con: 5.509 energy_loss: 456.962
[GPU5] epochs: [321/350] train_loss_con: 5.504 energy_loss: 456.719
[GPU5] epochs: [322/350] train_loss_con: 5.504 energy_loss: 456.179
[GPU5] epochs: [323/350] train_loss_con: 5.505 energy_loss: 456.216
[GPU5] epochs: [324/350] train_loss_con: 5.506 energy_loss: 455.681
[GPU5] epochs: [325/350] train_loss_con: 5.507 energy_loss: 456.845
[GPU5] epochs: [326/350] train_loss_con: 5.505 energy_loss: 456.738
[GPU5] epochs: [327/350] train_loss_con: 5.507 energy_loss: 455.809
[GPU5] epochs: [328/350] train_loss_con: 5.506 energy_loss: 456.101
[GPU5] epochs: [329/350] train_loss_con: 5.506 energy_loss: 456.959
[GPU5] epochs: [330/350] train_loss_con: 5.504 energy_loss: 456.757
[GPU5] epochs: [331/350] train_loss_con: 5.505 energy_loss: 456.446
[GPU5] epochs: [332/350] train_loss_con: 5.503 energy_loss: 456.483
[GPU5] epochs: [333/350] train_loss_con: 5.499 energy_loss: 456.097
[GPU5] epochs: [334/350] train_loss_con: 5.502 energy_loss: 456.753
[GPU5] epochs: [335/350] train_loss_con: 5.505 energy_loss: 456.863
[GPU5] epochs: [336/350] train_loss_con: 5.506 energy_loss: 456.354
[GPU5] epochs: [337/350] train_loss_con: 5.502 energy_loss: 456.565
[GPU5] epochs: [338/350] train_loss_con: 5.501 energy_loss: 456.423
[GPU5] epochs: [339/350] train_loss_con: 5.501 energy_loss: 456.505
[GPU5] epochs: [340/350] train_loss_con: 5.498 energy_loss: 456.235
[GPU5] epochs: [341/350] train_loss_con: 5.499 energy_loss: 455.756
[GPU5] epochs: [342/350] train_loss_con: 5.500 energy_loss: 455.639
[GPU5] epochs: [343/350] train_loss_con: 5.503 energy_loss: 456.388
[GPU5] epochs: [344/350] train_loss_con: 5.501 energy_loss: 456.490
[GPU5] epochs: [345/350] train_loss_con: 5.502 energy_loss: 455.536
[GPU5] epochs: [346/350] train_loss_con: 5.500 energy_loss: 455.279
[GPU5] epochs: [347/350] train_loss_con: 5.501 energy_loss: 456.356
[GPU5] epochs: [348/350] train_loss_con: 5.500 energy_loss: 455.848
[GPU5] epochs: [349/350] train_loss_con: 5.502 energy_loss: 455.815
[GPU5] epochs: [350/350] train_loss_con: 5.499 energy_loss: 456.500
### TSNE starts
### MLP training begins
[GPU5] Test Accuracy at epoch: 0: 0.477
[GPU5] epochs: [1/100] train_acc: 0.354 train_loss_sup: 2.767
[GPU5] epochs: [2/100] train_acc: 0.474 train_loss_sup: 1.932
[GPU5] epochs: [3/100] train_acc: 0.494 train_loss_sup: 1.839
[GPU5] epochs: [4/100] train_acc: 0.508 train_loss_sup: 1.782
[GPU5] epochs: [5/100] train_acc: 0.519 train_loss_sup: 1.746
[GPU5] epochs: [6/100] train_acc: 0.528 train_loss_sup: 1.716
[GPU5] epochs: [7/100] train_acc: 0.532 train_loss_sup: 1.685
[GPU5] epochs: [8/100] train_acc: 0.540 train_loss_sup: 1.668
[GPU5] epochs: [9/100] train_acc: 0.546 train_loss_sup: 1.644
[GPU5] epochs: [10/100] train_acc: 0.550 train_loss_sup: 1.631
[GPU5] Test Accuracy at epoch: 10: 0.577
[GPU5] epochs: [11/100] train_acc: 0.553 train_loss_sup: 1.607
[GPU5] epochs: [12/100] train_acc: 0.559 train_loss_sup: 1.597
[GPU5] epochs: [13/100] train_acc: 0.561 train_loss_sup: 1.585
[GPU5] epochs: [14/100] train_acc: 0.567 train_loss_sup: 1.567
[GPU5] epochs: [15/100] train_acc: 0.570 train_loss_sup: 1.554
[GPU5] epochs: [16/100] train_acc: 0.573 train_loss_sup: 1.543
[GPU5] epochs: [17/100] train_acc: 0.576 train_loss_sup: 1.533
[GPU5] epochs: [18/100] train_acc: 0.577 train_loss_sup: 1.520
[GPU5] epochs: [19/100] train_acc: 0.581 train_loss_sup: 1.508
[GPU5] epochs: [20/100] train_acc: 0.584 train_loss_sup: 1.496
[GPU5] Test Accuracy at epoch: 20: 0.591
[GPU5] epochs: [21/100] train_acc: 0.587 train_loss_sup: 1.495
[GPU5] epochs: [22/100] train_acc: 0.589 train_loss_sup: 1.478
[GPU5] epochs: [23/100] train_acc: 0.590 train_loss_sup: 1.467
[GPU5] epochs: [24/100] train_acc: 0.595 train_loss_sup: 1.458
[GPU5] epochs: [25/100] train_acc: 0.595 train_loss_sup: 1.453
[GPU5] epochs: [26/100] train_acc: 0.599 train_loss_sup: 1.443
[GPU5] epochs: [27/100] train_acc: 0.600 train_loss_sup: 1.436
[GPU5] epochs: [28/100] train_acc: 0.601 train_loss_sup: 1.429
[GPU5] epochs: [29/100] train_acc: 0.602 train_loss_sup: 1.419
[GPU5] epochs: [30/100] train_acc: 0.604 train_loss_sup: 1.422
[GPU5] Test Accuracy at epoch: 30: 0.604
[GPU5] epochs: [31/100] train_acc: 0.610 train_loss_sup: 1.402
[GPU5] epochs: [32/100] train_acc: 0.609 train_loss_sup: 1.397
[GPU5] epochs: [33/100] train_acc: 0.614 train_loss_sup: 1.388
[GPU5] epochs: [34/100] train_acc: 0.614 train_loss_sup: 1.385
[GPU5] epochs: [35/100] train_acc: 0.615 train_loss_sup: 1.378
[GPU5] epochs: [36/100] train_acc: 0.618 train_loss_sup: 1.363
[GPU5] epochs: [37/100] train_acc: 0.621 train_loss_sup: 1.352
[GPU5] epochs: [38/100] train_acc: 0.623 train_loss_sup: 1.351
[GPU5] epochs: [39/100] train_acc: 0.622 train_loss_sup: 1.341
[GPU5] epochs: [40/100] train_acc: 0.627 train_loss_sup: 1.331
[GPU5] Test Accuracy at epoch: 40: 0.609
[GPU5] epochs: [41/100] train_acc: 0.627 train_loss_sup: 1.331
[GPU5] epochs: [42/100] train_acc: 0.628 train_loss_sup: 1.330
[GPU5] epochs: [43/100] train_acc: 0.630 train_loss_sup: 1.313
[GPU5] epochs: [44/100] train_acc: 0.633 train_loss_sup: 1.308
[GPU5] epochs: [45/100] train_acc: 0.633 train_loss_sup: 1.311
[GPU5] epochs: [46/100] train_acc: 0.635 train_loss_sup: 1.298
[GPU5] epochs: [47/100] train_acc: 0.639 train_loss_sup: 1.287
[GPU5] epochs: [48/100] train_acc: 0.642 train_loss_sup: 1.279
[GPU5] epochs: [49/100] train_acc: 0.644 train_loss_sup: 1.272
[GPU5] epochs: [50/100] train_acc: 0.641 train_loss_sup: 1.272
[GPU5] Test Accuracy at epoch: 50: 0.619
[GPU5] epochs: [51/100] train_acc: 0.644 train_loss_sup: 1.268
[GPU5] epochs: [52/100] train_acc: 0.647 train_loss_sup: 1.258
[GPU5] epochs: [53/100] train_acc: 0.646 train_loss_sup: 1.251
[GPU5] epochs: [54/100] train_acc: 0.649 train_loss_sup: 1.247
[GPU5] epochs: [55/100] train_acc: 0.652 train_loss_sup: 1.237
[GPU5] epochs: [56/100] train_acc: 0.651 train_loss_sup: 1.240
[GPU5] epochs: [57/100] train_acc: 0.653 train_loss_sup: 1.232
[GPU5] epochs: [58/100] train_acc: 0.656 train_loss_sup: 1.223
[GPU5] epochs: [59/100] train_acc: 0.655 train_loss_sup: 1.223
[GPU5] epochs: [60/100] train_acc: 0.654 train_loss_sup: 1.220
[GPU5] Test Accuracy at epoch: 60: 0.621
[GPU5] epochs: [61/100] train_acc: 0.657 train_loss_sup: 1.214
[GPU5] epochs: [62/100] train_acc: 0.663 train_loss_sup: 1.198
[GPU5] epochs: [63/100] train_acc: 0.661 train_loss_sup: 1.198
[GPU5] epochs: [64/100] train_acc: 0.663 train_loss_sup: 1.197
[GPU5] epochs: [65/100] train_acc: 0.666 train_loss_sup: 1.183
[GPU5] epochs: [66/100] train_acc: 0.666 train_loss_sup: 1.177
[GPU5] epochs: [67/100] train_acc: 0.667 train_loss_sup: 1.182
[GPU5] epochs: [68/100] train_acc: 0.669 train_loss_sup: 1.171
[GPU5] epochs: [69/100] train_acc: 0.671 train_loss_sup: 1.169
[GPU5] epochs: [70/100] train_acc: 0.672 train_loss_sup: 1.162
[GPU5] Test Accuracy at epoch: 70: 0.626
[GPU5] epochs: [71/100] train_acc: 0.674 train_loss_sup: 1.158
[GPU5] epochs: [72/100] train_acc: 0.674 train_loss_sup: 1.153
[GPU5] epochs: [73/100] train_acc: 0.674 train_loss_sup: 1.156
[GPU5] epochs: [74/100] train_acc: 0.674 train_loss_sup: 1.140
[GPU5] epochs: [75/100] train_acc: 0.677 train_loss_sup: 1.137
[GPU5] epochs: [76/100] train_acc: 0.681 train_loss_sup: 1.128
[GPU5] epochs: [77/100] train_acc: 0.682 train_loss_sup: 1.128
[GPU5] epochs: [78/100] train_acc: 0.682 train_loss_sup: 1.120
[GPU5] epochs: [79/100] train_acc: 0.679 train_loss_sup: 1.128
[GPU5] epochs: [80/100] train_acc: 0.683 train_loss_sup: 1.116
[GPU5] Test Accuracy at epoch: 80: 0.628
[GPU5] epochs: [81/100] train_acc: 0.685 train_loss_sup: 1.107
[GPU5] epochs: [82/100] train_acc: 0.686 train_loss_sup: 1.107
[GPU5] epochs: [83/100] train_acc: 0.688 train_loss_sup: 1.096
[GPU5] epochs: [84/100] train_acc: 0.690 train_loss_sup: 1.093
[GPU5] epochs: [85/100] train_acc: 0.691 train_loss_sup: 1.088
[GPU5] epochs: [86/100] train_acc: 0.692 train_loss_sup: 1.089
[GPU5] epochs: [87/100] train_acc: 0.695 train_loss_sup: 1.076
[GPU5] epochs: [88/100] train_acc: 0.691 train_loss_sup: 1.081
[GPU5] epochs: [89/100] train_acc: 0.696 train_loss_sup: 1.072
[GPU5] epochs: [90/100] train_acc: 0.695 train_loss_sup: 1.070
[GPU5] Test Accuracy at epoch: 90: 0.628
[GPU5] epochs: [91/100] train_acc: 0.697 train_loss_sup: 1.063
[GPU5] epochs: [92/100] train_acc: 0.700 train_loss_sup: 1.061
[GPU5] epochs: [93/100] train_acc: 0.700 train_loss_sup: 1.060
[GPU5] epochs: [94/100] train_acc: 0.698 train_loss_sup: 1.063
[GPU5] epochs: [95/100] train_acc: 0.704 train_loss_sup: 1.042
[GPU5] epochs: [96/100] train_acc: 0.707 train_loss_sup: 1.041
[GPU5] epochs: [97/100] train_acc: 0.707 train_loss_sup: 1.038
[GPU5] epochs: [98/100] train_acc: 0.707 train_loss_sup: 1.037
[GPU5] epochs: [99/100] train_acc: 0.710 train_loss_sup: 1.024
[GPU5] epochs: [100/100] train_acc: 0.706 train_loss_sup: 1.035
[GPU5] Final Test Accuracy: 0.63
Model weights saved
