environment: 
YAML: configs/simclr.yaml
==> SEED: 42
==> train_algo: simclr
==> dataset: {'cifar10': {'num_classes': 10, 'params': {'data_dir': 'datasets/cifar10', 'batch_size': 512, 'num_workers': 1, 'prefetch_factor': 4, 'image_size': 32, 'algo': 'simclr'}}, 'cifar100': {'num_classes': 100, 'params': {'data_dir': 'datasets/cifar100', 'batch_size': 512, 'num_workers': 1, 'prefetch_factor': 4, 'image_size': 32, 'algo': 'simclr'}}, 'timg': {'num_classes': 200, 'params': {'data_dir': 'datasets/tinyimagenet/tiny-imagenet-200', 'batch_size': 256, 'num_workers': 1, 'prefetch_factor': 4, 'image_size': 64, 'algo': 'simclr'}}, 'img100': {'num_classes': 100, 'params': {'data_dir': '../maessl/datasets/imagenet100/', 'labels_json': 'Labels.json', 'batch_size': 512, 'num_workers': 6, 'prefetch_factor': 2, 'image_size': 224, 'algo': 'simclr'}}}
==> return_logs: False
==> eval_every: 10
==> n_epochs: 400
==> n_epochs_mlp: 100
==> gpu_id: 0
==> opt: SGD
==> opt_params: {'lr': 0.5, 'momentum': 0.9, 'nesterov': True, 'weight_decay': 0.0001}
==> schedular_params: {'T_max': 400, 'eta_min': 0.001}
==> mlp_opt: SGD
==> mlp_opt_params: {'lr': 0.01, 'momentum': 0.9, 'nesterov': True}
==> model_params: {'model_name': 'resnet18', 'pretrained': False, 'proj_dim': 128, 'large': True, 'algo_type': 'simclr'}
==> mlp_type: hidden
==> loss: simclr
==> loss_params: {'sim': 'cosine', 'tau': 0.5}
==> distributed: False
==> model_save_path: saved_models/simclr.i100.r18.pth
==> config: configs/simclr.yaml
--------------------------------------------------
Network(
  (base_encoder): BaseEncoder(
    (feat_extractor): Sequential(
      (conv1): Conv2d(3, 64, kernel_size=(7, 7), stride=(2, 2), padding=(3, 3), bias=False)
      (bn1): BatchNorm2d(64, eps=1e-05, momentum=0.1, affine=True, track_running_stats=True)
      (relu): ReLU(inplace=True)
      (maxpool): MaxPool2d(kernel_size=3, stride=2, padding=1, dilation=1, ceil_mode=False)
      (layer1): Sequential(
        (0): BasicBlock(
          (conv1): Conv2d(64, 64, kernel_size=(3, 3), stride=(1, 1), padding=(1, 1), bias=False)
          (bn1): BatchNorm2d(64, eps=1e-05, momentum=0.1, affine=True, track_running_stats=True)
          (relu): ReLU(inplace=True)
          (conv2): Conv2d(64, 64, kernel_size=(3, 3), stride=(1, 1), padding=(1, 1), bias=False)
          (bn2): BatchNorm2d(64, eps=1e-05, momentum=0.1, affine=True, track_running_stats=True)
        )
        (1): BasicBlock(
          (conv1): Conv2d(64, 64, kernel_size=(3, 3), stride=(1, 1), padding=(1, 1), bias=False)
          (bn1): BatchNorm2d(64, eps=1e-05, momentum=0.1, affine=True, track_running_stats=True)
          (relu): ReLU(inplace=True)
          (conv2): Conv2d(64, 64, kernel_size=(3, 3), stride=(1, 1), padding=(1, 1), bias=False)
          (bn2): BatchNorm2d(64, eps=1e-05, momentum=0.1, affine=True, track_running_stats=True)
        )
      )
      (layer2): Sequential(
        (0): BasicBlock(
          (conv1): Conv2d(64, 128, kernel_size=(3, 3), stride=(2, 2), padding=(1, 1), bias=False)
          (bn1): BatchNorm2d(128, eps=1e-05, momentum=0.1, affine=True, track_running_stats=True)
          (relu): ReLU(inplace=True)
          (conv2): Conv2d(128, 128, kernel_size=(3, 3), stride=(1, 1), padding=(1, 1), bias=False)
          (bn2): BatchNorm2d(128, eps=1e-05, momentum=0.1, affine=True, track_running_stats=True)
          (downsample): Sequential(
            (0): Conv2d(64, 128, kernel_size=(1, 1), stride=(2, 2), bias=False)
            (1): BatchNorm2d(128, eps=1e-05, momentum=0.1, affine=True, track_running_stats=True)
          )
        )
        (1): BasicBlock(
          (conv1): Conv2d(128, 128, kernel_size=(3, 3), stride=(1, 1), padding=(1, 1), bias=False)
          (bn1): BatchNorm2d(128, eps=1e-05, momentum=0.1, affine=True, track_running_stats=True)
          (relu): ReLU(inplace=True)
          (conv2): Conv2d(128, 128, kernel_size=(3, 3), stride=(1, 1), padding=(1, 1), bias=False)
          (bn2): BatchNorm2d(128, eps=1e-05, momentum=0.1, affine=True, track_running_stats=True)
        )
      )
      (layer3): Sequential(
        (0): BasicBlock(
          (conv1): Conv2d(128, 256, kernel_size=(3, 3), stride=(2, 2), padding=(1, 1), bias=False)
          (bn1): BatchNorm2d(256, eps=1e-05, momentum=0.1, affine=True, track_running_stats=True)
          (relu): ReLU(inplace=True)
          (conv2): Conv2d(256, 256, kernel_size=(3, 3), stride=(1, 1), padding=(1, 1), bias=False)
          (bn2): BatchNorm2d(256, eps=1e-05, momentum=0.1, affine=True, track_running_stats=True)
          (downsample): Sequential(
            (0): Conv2d(128, 256, kernel_size=(1, 1), stride=(2, 2), bias=False)
            (1): BatchNorm2d(256, eps=1e-05, momentum=0.1, affine=True, track_running_stats=True)
          )
        )
        (1): BasicBlock(
          (conv1): Conv2d(256, 256, kernel_size=(3, 3), stride=(1, 1), padding=(1, 1), bias=False)
          (bn1): BatchNorm2d(256, eps=1e-05, momentum=0.1, affine=True, track_running_stats=True)
          (relu): ReLU(inplace=True)
          (conv2): Conv2d(256, 256, kernel_size=(3, 3), stride=(1, 1), padding=(1, 1), bias=False)
          (bn2): BatchNorm2d(256, eps=1e-05, momentum=0.1, affine=True, track_running_stats=True)
        )
      )
      (layer4): Sequential(
        (0): BasicBlock(
          (conv1): Conv2d(256, 512, kernel_size=(3, 3), stride=(2, 2), padding=(1, 1), bias=False)
          (bn1): BatchNorm2d(512, eps=1e-05, momentum=0.1, affine=True, track_running_stats=True)
          (relu): ReLU(inplace=True)
          (conv2): Conv2d(512, 512, kernel_size=(3, 3), stride=(1, 1), padding=(1, 1), bias=False)
          (bn2): BatchNorm2d(512, eps=1e-05, momentum=0.1, affine=True, track_running_stats=True)
          (downsample): Sequential(
            (0): Conv2d(256, 512, kernel_size=(1, 1), stride=(2, 2), bias=False)
            (1): BatchNorm2d(512, eps=1e-05, momentum=0.1, affine=True, track_running_stats=True)
          )
        )
        (1): BasicBlock(
          (conv1): Conv2d(512, 512, kernel_size=(3, 3), stride=(1, 1), padding=(1, 1), bias=False)
          (bn1): BatchNorm2d(512, eps=1e-05, momentum=0.1, affine=True, track_running_stats=True)
          (relu): ReLU(inplace=True)
          (conv2): Conv2d(512, 512, kernel_size=(3, 3), stride=(1, 1), padding=(1, 1), bias=False)
          (bn2): BatchNorm2d(512, eps=1e-05, momentum=0.1, affine=True, track_running_stats=True)
        )
      )
      (avgpool): AdaptiveAvgPool2d(output_size=(1, 1))
    )
  )
  (proj): BYOL_mlp(
    (mlp): Sequential(
      (0): Linear(in_features=512, out_features=512, bias=False)
      (1): BatchNorm1d(512, eps=1e-05, momentum=0.1, affine=True, track_running_stats=True)
      (2): ReLU()
      (3): Linear(in_features=512, out_features=128, bias=True)
    )
  )
)
NOC: 100
using optimizer: SGD
loss function: simclr
loss: SimCLR(
  (supcon): SupConLoss()
)
augmentation for simclr: 
Compose(
    RandomResizedCrop(size=(224, 224), scale=(0.08, 1.0), ratio=(0.75, 1.3333), interpolation=bilinear, antialias=True)
    RandomHorizontalFlip(p=0.5)
    RandomApply(
    p=0.8
    ColorJitter(brightness=(0.6, 1.4), contrast=(0.6, 1.4), saturation=(0.6, 1.4), hue=(-0.1, 0.1))
)
    RandomGrayscale(p=0.2)
    GaussianBlur(p = 0.0)
    Solarization(p = 0.0)
    ToTensor()
    Normalize(mean=[0.485, 0.456, 0.406], std=[0.229, 0.224, 0.225])
)
Compose(
    RandomResizedCrop(size=(224, 224), scale=(0.08, 1.0), ratio=(0.75, 1.3333), interpolation=bilinear, antialias=True)
    RandomHorizontalFlip(p=0.5)
    RandomApply(
    p=0.8
    ColorJitter(brightness=(0.6, 1.4), contrast=(0.6, 1.4), saturation=(0.6, 1.4), hue=(-0.1, 0.1))
)
    RandomGrayscale(p=0.2)
    GaussianBlur(p = 0.0)
    Solarization(p = 0.0)
    ToTensor()
    Normalize(mean=[0.485, 0.456, 0.406], std=[0.229, 0.224, 0.225])
)
# of Training Images: 130000
# of Testing Images: 5000
### SimCLR Training begins
[GPU0] epochs: [1/400] train_loss_con: 5.878
[GPU0] epochs: [2/400] train_loss_con: 5.595
[GPU0] epochs: [3/400] train_loss_con: 5.507
[GPU0] epochs: [4/400] train_loss_con: 5.464
[GPU0] epochs: [5/400] train_loss_con: 5.440
[GPU0] epochs: [6/400] train_loss_con: 5.418
[GPU0] epochs: [7/400] train_loss_con: 5.401
[GPU0] epochs: [8/400] train_loss_con: 5.386
[GPU0] epochs: [9/400] train_loss_con: 5.376
[GPU0] epochs: [10/400] train_loss_con: 5.367
[GPU0] epochs: [11/400] train_loss_con: 5.361
[GPU0] epochs: [12/400] train_loss_con: 5.354
[GPU0] epochs: [13/400] train_loss_con: 5.348
[GPU0] epochs: [14/400] train_loss_con: 5.343
[GPU0] epochs: [15/400] train_loss_con: 5.341
[GPU0] epochs: [16/400] train_loss_con: 5.336
[GPU0] epochs: [17/400] train_loss_con: 5.332
[GPU0] epochs: [18/400] train_loss_con: 5.327
[GPU0] epochs: [19/400] train_loss_con: 5.324
[GPU0] epochs: [20/400] train_loss_con: 5.320
[GPU0] epochs: [21/400] train_loss_con: 5.319
[GPU0] epochs: [22/400] train_loss_con: 5.313
[GPU0] epochs: [23/400] train_loss_con: 5.312
[GPU0] epochs: [24/400] train_loss_con: 5.309
[GPU0] epochs: [25/400] train_loss_con: 5.308
[GPU0] epochs: [26/400] train_loss_con: 5.305
[GPU0] epochs: [27/400] train_loss_con: 5.304
[GPU0] epochs: [28/400] train_loss_con: 5.300
[GPU0] epochs: [29/400] train_loss_con: 5.300
[GPU0] epochs: [30/400] train_loss_con: 5.297
[GPU0] epochs: [31/400] train_loss_con: 5.297
[GPU0] epochs: [32/400] train_loss_con: 5.295
[GPU0] epochs: [33/400] train_loss_con: 5.293
[GPU0] epochs: [34/400] train_loss_con: 5.294
[GPU0] epochs: [35/400] train_loss_con: 5.291
[GPU0] epochs: [36/400] train_loss_con: 5.289
[GPU0] epochs: [37/400] train_loss_con: 5.288
[GPU0] epochs: [38/400] train_loss_con: 5.285
[GPU0] epochs: [39/400] train_loss_con: 5.287
[GPU0] epochs: [40/400] train_loss_con: 5.285
[GPU0] epochs: [41/400] train_loss_con: 5.285
[GPU0] epochs: [42/400] train_loss_con: 5.283
[GPU0] epochs: [43/400] train_loss_con: 5.283
[GPU0] epochs: [44/400] train_loss_con: 5.280
[GPU0] epochs: [45/400] train_loss_con: 5.281
[GPU0] epochs: [46/400] train_loss_con: 5.279
[GPU0] epochs: [47/400] train_loss_con: 5.280
[GPU0] epochs: [48/400] train_loss_con: 5.277
[GPU0] epochs: [49/400] train_loss_con: 5.276
[GPU0] epochs: [50/400] train_loss_con: 5.277
[GPU0] epochs: [51/400] train_loss_con: 5.276
[GPU0] epochs: [52/400] train_loss_con: 5.274
[GPU0] epochs: [53/400] train_loss_con: 5.273
[GPU0] epochs: [54/400] train_loss_con: 5.273
[GPU0] epochs: [55/400] train_loss_con: 5.273
[GPU0] epochs: [56/400] train_loss_con: 5.270
[GPU0] epochs: [57/400] train_loss_con: 5.272
[GPU0] epochs: [58/400] train_loss_con: 5.271
[GPU0] epochs: [59/400] train_loss_con: 5.271
[GPU0] epochs: [60/400] train_loss_con: 5.268
[GPU0] epochs: [61/400] train_loss_con: 5.269
[GPU0] epochs: [62/400] train_loss_con: 5.268
[GPU0] epochs: [63/400] train_loss_con: 5.266
[GPU0] epochs: [64/400] train_loss_con: 5.268
[GPU0] epochs: [65/400] train_loss_con: 5.268
[GPU0] epochs: [66/400] train_loss_con: 5.266
[GPU0] epochs: [67/400] train_loss_con: 5.264
[GPU0] epochs: [68/400] train_loss_con: 5.265
[GPU0] epochs: [69/400] train_loss_con: 5.265
[GPU0] epochs: [70/400] train_loss_con: 5.266
[GPU0] epochs: [71/400] train_loss_con: 5.264
[GPU0] epochs: [72/400] train_loss_con: 5.262
[GPU0] epochs: [73/400] train_loss_con: 5.264
[GPU0] epochs: [74/400] train_loss_con: 5.261
[GPU0] epochs: [75/400] train_loss_con: 5.263
[GPU0] epochs: [76/400] train_loss_con: 5.262
[GPU0] epochs: [77/400] train_loss_con: 5.261
[GPU0] epochs: [78/400] train_loss_con: 5.262
[GPU0] epochs: [79/400] train_loss_con: 5.260
[GPU0] epochs: [80/400] train_loss_con: 5.262
[GPU0] epochs: [81/400] train_loss_con: 5.260
[GPU0] epochs: [82/400] train_loss_con: 5.261
[GPU0] epochs: [83/400] train_loss_con: 5.261
[GPU0] epochs: [84/400] train_loss_con: 5.260
[GPU0] epochs: [85/400] train_loss_con: 5.259
[GPU0] epochs: [86/400] train_loss_con: 5.260
[GPU0] epochs: [87/400] train_loss_con: 5.258
[GPU0] epochs: [88/400] train_loss_con: 5.259
[GPU0] epochs: [89/400] train_loss_con: 5.257
[GPU0] epochs: [90/400] train_loss_con: 5.256
[GPU0] epochs: [91/400] train_loss_con: 5.257
[GPU0] epochs: [92/400] train_loss_con: 5.257
[GPU0] epochs: [93/400] train_loss_con: 5.257
[GPU0] epochs: [94/400] train_loss_con: 5.254
[GPU0] epochs: [95/400] train_loss_con: 5.254
[GPU0] epochs: [96/400] train_loss_con: 5.253
[GPU0] epochs: [97/400] train_loss_con: 5.252
[GPU0] epochs: [98/400] train_loss_con: 5.257
[GPU0] epochs: [99/400] train_loss_con: 5.253
[GPU0] epochs: [100/400] train_loss_con: 5.253
[GPU0] epochs: [101/400] train_loss_con: 5.258
[GPU0] epochs: [102/400] train_loss_con: 5.254
[GPU0] epochs: [103/400] train_loss_con: 5.255
[GPU0] epochs: [104/400] train_loss_con: 5.252
[GPU0] epochs: [105/400] train_loss_con: 5.251
[GPU0] epochs: [106/400] train_loss_con: 5.252
[GPU0] epochs: [107/400] train_loss_con: 5.253
[GPU0] epochs: [108/400] train_loss_con: 5.251
[GPU0] epochs: [109/400] train_loss_con: 5.248
[GPU0] epochs: [110/400] train_loss_con: 5.249
[GPU0] epochs: [111/400] train_loss_con: 5.249
[GPU0] epochs: [112/400] train_loss_con: 5.251
[GPU0] epochs: [113/400] train_loss_con: 5.248
[GPU0] epochs: [114/400] train_loss_con: 5.247
[GPU0] epochs: [115/400] train_loss_con: 5.248
[GPU0] epochs: [116/400] train_loss_con: 5.245
[GPU0] epochs: [117/400] train_loss_con: 5.248
[GPU0] epochs: [118/400] train_loss_con: 5.247
[GPU0] epochs: [119/400] train_loss_con: 5.246
[GPU0] epochs: [120/400] train_loss_con: 5.246
[GPU0] epochs: [121/400] train_loss_con: 5.245
[GPU0] epochs: [122/400] train_loss_con: 5.244
[GPU0] epochs: [123/400] train_loss_con: 5.245
[GPU0] epochs: [124/400] train_loss_con: 5.245
[GPU0] epochs: [125/400] train_loss_con: 5.246
[GPU0] epochs: [126/400] train_loss_con: 5.243
[GPU0] epochs: [127/400] train_loss_con: 5.244
[GPU0] epochs: [128/400] train_loss_con: 5.243
[GPU0] epochs: [129/400] train_loss_con: 5.243
[GPU0] epochs: [130/400] train_loss_con: 5.242
[GPU0] epochs: [131/400] train_loss_con: 5.240
[GPU0] epochs: [132/400] train_loss_con: 5.241
[GPU0] epochs: [133/400] train_loss_con: 5.241
[GPU0] epochs: [134/400] train_loss_con: 5.240
[GPU0] epochs: [135/400] train_loss_con: 5.242
[GPU0] epochs: [136/400] train_loss_con: 5.240
[GPU0] epochs: [137/400] train_loss_con: 5.241
[GPU0] epochs: [138/400] train_loss_con: 5.239
[GPU0] epochs: [139/400] train_loss_con: 5.237
[GPU0] epochs: [140/400] train_loss_con: 5.240
[GPU0] epochs: [141/400] train_loss_con: 5.239
[GPU0] epochs: [142/400] train_loss_con: 5.240
[GPU0] epochs: [143/400] train_loss_con: 5.237
[GPU0] epochs: [144/400] train_loss_con: 5.238
[GPU0] epochs: [145/400] train_loss_con: 5.236
[GPU0] epochs: [146/400] train_loss_con: 5.238
[GPU0] epochs: [147/400] train_loss_con: 5.237
[GPU0] epochs: [148/400] train_loss_con: 5.236
[GPU0] epochs: [149/400] train_loss_con: 5.236
[GPU0] epochs: [150/400] train_loss_con: 5.235
[GPU0] epochs: [151/400] train_loss_con: 5.236
[GPU0] epochs: [152/400] train_loss_con: 5.235
[GPU0] epochs: [153/400] train_loss_con: 5.235
[GPU0] epochs: [154/400] train_loss_con: 5.234
[GPU0] epochs: [155/400] train_loss_con: 5.235
[GPU0] epochs: [156/400] train_loss_con: 5.233
[GPU0] epochs: [157/400] train_loss_con: 5.233
[GPU0] epochs: [158/400] train_loss_con: 5.233
[GPU0] epochs: [159/400] train_loss_con: 5.233
[GPU0] epochs: [160/400] train_loss_con: 5.232
[GPU0] epochs: [161/400] train_loss_con: 5.232
[GPU0] epochs: [162/400] train_loss_con: 5.231
[GPU0] epochs: [163/400] train_loss_con: 5.229
[GPU0] epochs: [164/400] train_loss_con: 5.230
[GPU0] epochs: [165/400] train_loss_con: 5.229
[GPU0] epochs: [166/400] train_loss_con: 5.231
[GPU0] epochs: [167/400] train_loss_con: 5.232
[GPU0] epochs: [168/400] train_loss_con: 5.230
[GPU0] epochs: [169/400] train_loss_con: 5.233
[GPU0] epochs: [170/400] train_loss_con: 5.229
[GPU0] epochs: [171/400] train_loss_con: 5.226
[GPU0] epochs: [172/400] train_loss_con: 5.228
[GPU0] epochs: [173/400] train_loss_con: 5.226
[GPU0] epochs: [174/400] train_loss_con: 5.228
[GPU0] epochs: [175/400] train_loss_con: 5.226
[GPU0] epochs: [176/400] train_loss_con: 5.226
[GPU0] epochs: [177/400] train_loss_con: 5.226
[GPU0] epochs: [178/400] train_loss_con: 5.226
[GPU0] epochs: [179/400] train_loss_con: 5.225
[GPU0] epochs: [180/400] train_loss_con: 5.225
[GPU0] epochs: [181/400] train_loss_con: 5.222
[GPU0] epochs: [182/400] train_loss_con: 5.224
[GPU0] epochs: [183/400] train_loss_con: 5.223
[GPU0] epochs: [184/400] train_loss_con: 5.222
[GPU0] epochs: [185/400] train_loss_con: 5.222
[GPU0] epochs: [186/400] train_loss_con: 5.222
[GPU0] epochs: [187/400] train_loss_con: 5.221
[GPU0] epochs: [188/400] train_loss_con: 5.221
[GPU0] epochs: [189/400] train_loss_con: 5.220
[GPU0] epochs: [190/400] train_loss_con: 5.219
[GPU0] epochs: [191/400] train_loss_con: 5.221
[GPU0] epochs: [192/400] train_loss_con: 5.220
[GPU0] epochs: [193/400] train_loss_con: 5.218
[GPU0] epochs: [194/400] train_loss_con: 5.219
[GPU0] epochs: [195/400] train_loss_con: 5.217
[GPU0] epochs: [196/400] train_loss_con: 5.217
[GPU0] epochs: [197/400] train_loss_con: 5.217
[GPU0] epochs: [198/400] train_loss_con: 5.217
[GPU0] epochs: [199/400] train_loss_con: 5.216
[GPU0] epochs: [200/400] train_loss_con: 5.217
[GPU0] epochs: [201/400] train_loss_con: 5.215
[GPU0] epochs: [202/400] train_loss_con: 5.214
[GPU0] epochs: [203/400] train_loss_con: 5.216
[GPU0] epochs: [204/400] train_loss_con: 5.214
[GPU0] epochs: [205/400] train_loss_con: 5.215
[GPU0] epochs: [206/400] train_loss_con: 5.214
[GPU0] epochs: [207/400] train_loss_con: 5.212
[GPU0] epochs: [208/400] train_loss_con: 5.212
[GPU0] epochs: [209/400] train_loss_con: 5.213
[GPU0] epochs: [210/400] train_loss_con: 5.212
[GPU0] epochs: [211/400] train_loss_con: 5.211
[GPU0] epochs: [212/400] train_loss_con: 5.211
[GPU0] epochs: [213/400] train_loss_con: 5.210
[GPU0] epochs: [214/400] train_loss_con: 5.210
[GPU0] epochs: [215/400] train_loss_con: 5.209
[GPU0] epochs: [216/400] train_loss_con: 5.209
[GPU0] epochs: [217/400] train_loss_con: 5.209
[GPU0] epochs: [218/400] train_loss_con: 5.208
[GPU0] epochs: [219/400] train_loss_con: 5.208
[GPU0] epochs: [220/400] train_loss_con: 5.207
[GPU0] epochs: [221/400] train_loss_con: 5.205
[GPU0] epochs: [222/400] train_loss_con: 5.206
[GPU0] epochs: [223/400] train_loss_con: 5.206
[GPU0] epochs: [224/400] train_loss_con: 5.206
[GPU0] epochs: [225/400] train_loss_con: 5.205
[GPU0] epochs: [226/400] train_loss_con: 5.204
[GPU0] epochs: [227/400] train_loss_con: 5.205
[GPU0] epochs: [228/400] train_loss_con: 5.203
[GPU0] epochs: [229/400] train_loss_con: 5.202
[GPU0] epochs: [230/400] train_loss_con: 5.204
[GPU0] epochs: [231/400] train_loss_con: 5.203
[GPU0] epochs: [232/400] train_loss_con: 5.201
[GPU0] epochs: [233/400] train_loss_con: 5.201
[GPU0] epochs: [234/400] train_loss_con: 5.201
[GPU0] epochs: [235/400] train_loss_con: 5.200
[GPU0] epochs: [236/400] train_loss_con: 5.199
[GPU0] epochs: [237/400] train_loss_con: 5.200
[GPU0] epochs: [238/400] train_loss_con: 5.198
[GPU0] epochs: [239/400] train_loss_con: 5.198
[GPU0] epochs: [240/400] train_loss_con: 5.197
[GPU0] epochs: [241/400] train_loss_con: 5.196
[GPU0] epochs: [242/400] train_loss_con: 5.196
[GPU0] epochs: [243/400] train_loss_con: 5.196
[GPU0] epochs: [244/400] train_loss_con: 5.195
[GPU0] epochs: [245/400] train_loss_con: 5.195
[GPU0] epochs: [246/400] train_loss_con: 5.195
[GPU0] epochs: [247/400] train_loss_con: 5.192
[GPU0] epochs: [248/400] train_loss_con: 5.194
[GPU0] epochs: [249/400] train_loss_con: 5.193
[GPU0] epochs: [250/400] train_loss_con: 5.192
[GPU0] epochs: [251/400] train_loss_con: 5.192
[GPU0] epochs: [252/400] train_loss_con: 5.191
[GPU0] epochs: [253/400] train_loss_con: 5.189
[GPU0] epochs: [254/400] train_loss_con: 5.189
[GPU0] epochs: [255/400] train_loss_con: 5.189
[GPU0] epochs: [256/400] train_loss_con: 5.189
[GPU0] epochs: [257/400] train_loss_con: 5.189
[GPU0] epochs: [258/400] train_loss_con: 5.188
[GPU0] epochs: [259/400] train_loss_con: 5.188
[GPU0] epochs: [260/400] train_loss_con: 5.186
[GPU0] epochs: [261/400] train_loss_con: 5.187
[GPU0] epochs: [262/400] train_loss_con: 5.187
[GPU0] epochs: [263/400] train_loss_con: 5.186
[GPU0] epochs: [264/400] train_loss_con: 5.185
[GPU0] epochs: [265/400] train_loss_con: 5.183
[GPU0] epochs: [266/400] train_loss_con: 5.183
[GPU0] epochs: [267/400] train_loss_con: 5.183
[GPU0] epochs: [268/400] train_loss_con: 5.184
[GPU0] epochs: [269/400] train_loss_con: 5.182
[GPU0] epochs: [270/400] train_loss_con: 5.181
[GPU0] epochs: [271/400] train_loss_con: 5.180
[GPU0] epochs: [272/400] train_loss_con: 5.179
[GPU0] epochs: [273/400] train_loss_con: 5.179
[GPU0] epochs: [274/400] train_loss_con: 5.179
[GPU0] epochs: [275/400] train_loss_con: 5.178
[GPU0] epochs: [276/400] train_loss_con: 5.177
[GPU0] epochs: [277/400] train_loss_con: 5.177
[GPU0] epochs: [278/400] train_loss_con: 5.177
[GPU0] epochs: [279/400] train_loss_con: 5.176
[GPU0] epochs: [280/400] train_loss_con: 5.176
[GPU0] epochs: [281/400] train_loss_con: 5.175
[GPU0] epochs: [282/400] train_loss_con: 5.173
[GPU0] epochs: [283/400] train_loss_con: 5.172
[GPU0] epochs: [284/400] train_loss_con: 5.174
[GPU0] epochs: [285/400] train_loss_con: 5.172
[GPU0] epochs: [286/400] train_loss_con: 5.172
[GPU0] epochs: [287/400] train_loss_con: 5.170
[GPU0] epochs: [288/400] train_loss_con: 5.171
[GPU0] epochs: [289/400] train_loss_con: 5.169
[GPU0] epochs: [290/400] train_loss_con: 5.169
[GPU0] epochs: [291/400] train_loss_con: 5.169
[GPU0] epochs: [292/400] train_loss_con: 5.167
[GPU0] epochs: [293/400] train_loss_con: 5.167
[GPU0] epochs: [294/400] train_loss_con: 5.165
[GPU0] epochs: [295/400] train_loss_con: 5.166
[GPU0] epochs: [296/400] train_loss_con: 5.167
[GPU0] epochs: [297/400] train_loss_con: 5.164
[GPU0] epochs: [298/400] train_loss_con: 5.164
[GPU0] epochs: [299/400] train_loss_con: 5.163
[GPU0] epochs: [300/400] train_loss_con: 5.163
[GPU0] epochs: [301/400] train_loss_con: 5.162
[GPU0] epochs: [302/400] train_loss_con: 5.161
[GPU0] epochs: [303/400] train_loss_con: 5.160
[GPU0] epochs: [304/400] train_loss_con: 5.160
[GPU0] epochs: [305/400] train_loss_con: 5.159
[GPU0] epochs: [306/400] train_loss_con: 5.157
[GPU0] epochs: [307/400] train_loss_con: 5.157
[GPU0] epochs: [308/400] train_loss_con: 5.156
[GPU0] epochs: [309/400] train_loss_con: 5.158
[GPU0] epochs: [310/400] train_loss_con: 5.155
[GPU0] epochs: [311/400] train_loss_con: 5.155
[GPU0] epochs: [312/400] train_loss_con: 5.155
[GPU0] epochs: [313/400] train_loss_con: 5.153
[GPU0] epochs: [314/400] train_loss_con: 5.152
[GPU0] epochs: [315/400] train_loss_con: 5.152
[GPU0] epochs: [316/400] train_loss_con: 5.152
[GPU0] epochs: [317/400] train_loss_con: 5.150
[GPU0] epochs: [318/400] train_loss_con: 5.150
[GPU0] epochs: [319/400] train_loss_con: 5.150
[GPU0] epochs: [320/400] train_loss_con: 5.148
[GPU0] epochs: [321/400] train_loss_con: 5.147
[GPU0] epochs: [322/400] train_loss_con: 5.147
[GPU0] epochs: [323/400] train_loss_con: 5.146
[GPU0] epochs: [324/400] train_loss_con: 5.145
[GPU0] epochs: [325/400] train_loss_con: 5.145
[GPU0] epochs: [326/400] train_loss_con: 5.145
[GPU0] epochs: [327/400] train_loss_con: 5.144
[GPU0] epochs: [328/400] train_loss_con: 5.142
[GPU0] epochs: [329/400] train_loss_con: 5.142
[GPU0] epochs: [330/400] train_loss_con: 5.141
[GPU0] epochs: [331/400] train_loss_con: 5.140
[GPU0] epochs: [332/400] train_loss_con: 5.140
[GPU0] epochs: [333/400] train_loss_con: 5.138
[GPU0] epochs: [334/400] train_loss_con: 5.136
[GPU0] epochs: [335/400] train_loss_con: 5.138
[GPU0] epochs: [336/400] train_loss_con: 5.136
[GPU0] epochs: [337/400] train_loss_con: 5.136
[GPU0] epochs: [338/400] train_loss_con: 5.133
[GPU0] epochs: [339/400] train_loss_con: 5.134
[GPU0] epochs: [340/400] train_loss_con: 5.133
[GPU0] epochs: [341/400] train_loss_con: 5.133
[GPU0] epochs: [342/400] train_loss_con: 5.131
[GPU0] epochs: [343/400] train_loss_con: 5.130
[GPU0] epochs: [344/400] train_loss_con: 5.130
[GPU0] epochs: [345/400] train_loss_con: 5.129
[GPU0] epochs: [346/400] train_loss_con: 5.129
[GPU0] epochs: [347/400] train_loss_con: 5.127
[GPU0] epochs: [348/400] train_loss_con: 5.128
[GPU0] epochs: [349/400] train_loss_con: 5.125
[GPU0] epochs: [350/400] train_loss_con: 5.124
[GPU0] epochs: [351/400] train_loss_con: 5.124
[GPU0] epochs: [352/400] train_loss_con: 5.123
[GPU0] epochs: [353/400] train_loss_con: 5.122
[GPU0] epochs: [354/400] train_loss_con: 5.121
[GPU0] epochs: [355/400] train_loss_con: 5.120
[GPU0] epochs: [356/400] train_loss_con: 5.119
[GPU0] epochs: [357/400] train_loss_con: 5.119
[GPU0] epochs: [358/400] train_loss_con: 5.119
[GPU0] epochs: [359/400] train_loss_con: 5.118
[GPU0] epochs: [360/400] train_loss_con: 5.117
[GPU0] epochs: [361/400] train_loss_con: 5.116
[GPU0] epochs: [362/400] train_loss_con: 5.114
[GPU0] epochs: [363/400] train_loss_con: 5.114
[GPU0] epochs: [364/400] train_loss_con: 5.114
[GPU0] epochs: [365/400] train_loss_con: 5.113
[GPU0] epochs: [366/400] train_loss_con: 5.113
[GPU0] epochs: [367/400] train_loss_con: 5.112
[GPU0] epochs: [368/400] train_loss_con: 5.111
[GPU0] epochs: [369/400] train_loss_con: 5.110
[GPU0] epochs: [370/400] train_loss_con: 5.109
[GPU0] epochs: [371/400] train_loss_con: 5.110
[GPU0] epochs: [372/400] train_loss_con: 5.109
[GPU0] epochs: [373/400] train_loss_con: 5.107
[GPU0] epochs: [374/400] train_loss_con: 5.107
[GPU0] epochs: [375/400] train_loss_con: 5.107
[GPU0] epochs: [376/400] train_loss_con: 5.106
[GPU0] epochs: [377/400] train_loss_con: 5.106
[GPU0] epochs: [378/400] train_loss_con: 5.105
[GPU0] epochs: [379/400] train_loss_con: 5.104
[GPU0] epochs: [380/400] train_loss_con: 5.104
[GPU0] epochs: [381/400] train_loss_con: 5.103
[GPU0] epochs: [382/400] train_loss_con: 5.102
[GPU0] epochs: [383/400] train_loss_con: 5.102
[GPU0] epochs: [384/400] train_loss_con: 5.102
[GPU0] epochs: [385/400] train_loss_con: 5.100
[GPU0] epochs: [386/400] train_loss_con: 5.102
[GPU0] epochs: [387/400] train_loss_con: 5.101
[GPU0] epochs: [388/400] train_loss_con: 5.100
[GPU0] epochs: [389/400] train_loss_con: 5.101
[GPU0] epochs: [390/400] train_loss_con: 5.100
[GPU0] epochs: [391/400] train_loss_con: 5.100
[GPU0] epochs: [392/400] train_loss_con: 5.100
[GPU0] epochs: [393/400] train_loss_con: 5.099
[GPU0] epochs: [394/400] train_loss_con: 5.099
[GPU0] epochs: [395/400] train_loss_con: 5.098
[GPU0] epochs: [396/400] train_loss_con: 5.099
[GPU0] epochs: [397/400] train_loss_con: 5.098
[GPU0] epochs: [398/400] train_loss_con: 5.098
[GPU0] epochs: [399/400] train_loss_con: 5.099
[GPU0] epochs: [400/400] train_loss_con: 5.098
Model weights saved
<All keys matched successfully>
pretraining time: 38h 34m 57s
sweeping through lr: [0.1, 1.0, 2.0, 3.0, 5.0]
sweeping through wd: [1e-06, 0.0001, 0.0]
Starting Hyperparameter Sweep on 0...
===> using linear mlp
linear probe with LR: 0.1, WD: 1e-06, Cosine: False
===> using linear mlp
linear probe with LR: 0.1, WD: 0.0001, Cosine: False
===> using linear mlp
linear probe with LR: 0.1, WD: 0.0, Cosine: False
===> using linear mlp
linear probe with LR: 1.0, WD: 1e-06, Cosine: False
===> using linear mlp
linear probe with LR: 1.0, WD: 0.0001, Cosine: False
===> using linear mlp
linear probe with LR: 1.0, WD: 0.0, Cosine: False
===> using linear mlp
linear probe with LR: 2.0, WD: 1e-06, Cosine: False
===> using linear mlp
linear probe with LR: 2.0, WD: 0.0001, Cosine: False
===> using linear mlp
linear probe with LR: 2.0, WD: 0.0, Cosine: False
===> using linear mlp
linear probe with LR: 3.0, WD: 1e-06, Cosine: False
===> using linear mlp
linear probe with LR: 3.0, WD: 0.0001, Cosine: False
===> using linear mlp
linear probe with LR: 3.0, WD: 0.0, Cosine: False
===> using linear mlp
linear probe with LR: 5.0, WD: 1e-06, Cosine: False
===> using linear mlp
linear probe with LR: 5.0, WD: 0.0001, Cosine: False
===> using linear mlp
linear probe with LR: 5.0, WD: 0.0, Cosine: False
===> using linear mlp
linear probe with LR: 0.1, WD: 1e-06, Cosine: True
===> using linear mlp
linear probe with LR: 0.1, WD: 0.0001, Cosine: True
===> using linear mlp
linear probe with LR: 0.1, WD: 0.0, Cosine: True
===> using linear mlp
linear probe with LR: 1.0, WD: 1e-06, Cosine: True
===> using linear mlp
linear probe with LR: 1.0, WD: 0.0001, Cosine: True
===> using linear mlp
linear probe with LR: 1.0, WD: 0.0, Cosine: True
===> using linear mlp
linear probe with LR: 2.0, WD: 1e-06, Cosine: True
===> using linear mlp
linear probe with LR: 2.0, WD: 0.0001, Cosine: True
===> using linear mlp
linear probe with LR: 2.0, WD: 0.0, Cosine: True
===> using linear mlp
linear probe with LR: 3.0, WD: 1e-06, Cosine: True
===> using linear mlp
linear probe with LR: 3.0, WD: 0.0001, Cosine: True
===> using linear mlp
linear probe with LR: 3.0, WD: 0.0, Cosine: True
===> using linear mlp
linear probe with LR: 5.0, WD: 1e-06, Cosine: True
===> using linear mlp
linear probe with LR: 5.0, WD: 0.0001, Cosine: True
===> using linear mlp
linear probe with LR: 5.0, WD: 0.0, Cosine: True
