2026-02-27 00:32:49.371977: I tensorflow/core/platform/cpu_feature_guard.cc:193] This TensorFlow binary is optimized with oneAPI Deep Neural Network Library (oneDNN) to use the following CPU instructions in performance-critical operations:  AVX2 FMA
To enable them in other operations, rebuild TensorFlow with the appropriate compiler flags.
2026-02-27 00:32:51.070506: W tensorflow/compiler/xla/stream_executor/platform/default/dso_loader.cc:64] Could not load dynamic library 'libnvinfer.so.7'; dlerror: libnvinfer.so.7: cannot open shared object file: No such file or directory; LD_LIBRARY_PATH: /usr/local/cuda-12.8/lib64:/usr/local/cuda-12.8/lib64:
2026-02-27 00:32:51.070608: W tensorflow/compiler/xla/stream_executor/platform/default/dso_loader.cc:64] Could not load dynamic library 'libnvinfer_plugin.so.7'; dlerror: libnvinfer_plugin.so.7: cannot open shared object file: No such file or directory; LD_LIBRARY_PATH: /usr/local/cuda-12.8/lib64:/usr/local/cuda-12.8/lib64:
2026-02-27 00:32:51.070616: W tensorflow/compiler/tf2tensorrt/utils/py_utils.cc:38] TF-TRT Warning: Cannot dlopen some TensorRT libraries. If you would like to use Nvidia GPU with TensorRT, please make sure the missing libraries mentioned above are installed properly.
environment: 
YAML: configs/simclr.yaml
==> SEED: 42
==> train_algo: simclr
==> dataset: {'cifar10': {'num_classes': 10, 'params': {'data_dir': 'datasets/cifar10', 'batch_size': 512, 'num_workers': 1, 'image_size': 32, 'algo': 'simclr'}}, 'cifar100': {'num_classes': 100, 'params': {'data_dir': 'datasets/cifar100', 'batch_size': 512, 'num_workers': 1, 'image_size': 32, 'algo': 'simclr'}}}
==> return_logs: False
==> eval_every: 10
==> n_epochs: 800
==> n_epochs_mlp: 100
==> gpu_id: 6
==> opt: SGD
==> opt_params: {'lr': 0.5, 'momentum': 0.9, 'nesterov': True, 'weight_decay': 0.0001}
==> schedular_params: {'T_max': 800, 'eta_min': 0.001}
==> mlp_opt: SGD
==> mlp_opt_params: {'lr': 0.01, 'momentum': 0.9, 'nesterov': True}
==> model_params: {'model_name': 'resnet50', 'pretrained': False, 'proj_dim': 128, 'algo_type': 'simclr'}
==> mlp_type: hidden
==> loss: simclr
==> loss_params: {'sim': 'cosine', 'tau': 0.5}
==> distributed: False
==> model_save_path: saved_models/simclr.c10.r50.pth
==> config: configs/simclr.yaml
--------------------------------------------------
Network(
  (base_encoder): BaseEncoder(
    (feat_extractor): Sequential(
      (conv1): Conv2d(3, 64, kernel_size=(3, 3), stride=(1, 1), padding=(1, 1), bias=False)
      (bn1): BatchNorm2d(64, eps=1e-05, momentum=0.1, affine=True, track_running_stats=True)
      (relu): ReLU(inplace=True)
      (layer1): Sequential(
        (0): Bottleneck(
          (conv1): Conv2d(64, 64, kernel_size=(1, 1), stride=(1, 1), bias=False)
          (bn1): BatchNorm2d(64, eps=1e-05, momentum=0.1, affine=True, track_running_stats=True)
          (conv2): Conv2d(64, 64, kernel_size=(3, 3), stride=(1, 1), padding=(1, 1), bias=False)
          (bn2): BatchNorm2d(64, eps=1e-05, momentum=0.1, affine=True, track_running_stats=True)
          (conv3): Conv2d(64, 256, kernel_size=(1, 1), stride=(1, 1), bias=False)
          (bn3): BatchNorm2d(256, eps=1e-05, momentum=0.1, affine=True, track_running_stats=True)
          (relu): ReLU(inplace=True)
          (downsample): Sequential(
            (0): Conv2d(64, 256, kernel_size=(1, 1), stride=(1, 1), bias=False)
            (1): BatchNorm2d(256, eps=1e-05, momentum=0.1, affine=True, track_running_stats=True)
          )
        )
        (1): Bottleneck(
          (conv1): Conv2d(256, 64, kernel_size=(1, 1), stride=(1, 1), bias=False)
          (bn1): BatchNorm2d(64, eps=1e-05, momentum=0.1, affine=True, track_running_stats=True)
          (conv2): Conv2d(64, 64, kernel_size=(3, 3), stride=(1, 1), padding=(1, 1), bias=False)
          (bn2): BatchNorm2d(64, eps=1e-05, momentum=0.1, affine=True, track_running_stats=True)
          (conv3): Conv2d(64, 256, kernel_size=(1, 1), stride=(1, 1), bias=False)
          (bn3): BatchNorm2d(256, eps=1e-05, momentum=0.1, affine=True, track_running_stats=True)
          (relu): ReLU(inplace=True)
        )
        (2): Bottleneck(
          (conv1): Conv2d(256, 64, kernel_size=(1, 1), stride=(1, 1), bias=False)
          (bn1): BatchNorm2d(64, eps=1e-05, momentum=0.1, affine=True, track_running_stats=True)
          (conv2): Conv2d(64, 64, kernel_size=(3, 3), stride=(1, 1), padding=(1, 1), bias=False)
          (bn2): BatchNorm2d(64, eps=1e-05, momentum=0.1, affine=True, track_running_stats=True)
          (conv3): Conv2d(64, 256, kernel_size=(1, 1), stride=(1, 1), bias=False)
          (bn3): BatchNorm2d(256, eps=1e-05, momentum=0.1, affine=True, track_running_stats=True)
          (relu): ReLU(inplace=True)
        )
      )
      (layer2): Sequential(
        (0): Bottleneck(
          (conv1): Conv2d(256, 128, kernel_size=(1, 1), stride=(1, 1), bias=False)
          (bn1): BatchNorm2d(128, eps=1e-05, momentum=0.1, affine=True, track_running_stats=True)
          (conv2): Conv2d(128, 128, kernel_size=(3, 3), stride=(2, 2), padding=(1, 1), bias=False)
          (bn2): BatchNorm2d(128, eps=1e-05, momentum=0.1, affine=True, track_running_stats=True)
          (conv3): Conv2d(128, 512, kernel_size=(1, 1), stride=(1, 1), bias=False)
          (bn3): BatchNorm2d(512, eps=1e-05, momentum=0.1, affine=True, track_running_stats=True)
          (relu): ReLU(inplace=True)
          (downsample): Sequential(
            (0): Conv2d(256, 512, kernel_size=(1, 1), stride=(2, 2), bias=False)
            (1): BatchNorm2d(512, eps=1e-05, momentum=0.1, affine=True, track_running_stats=True)
          )
        )
        (1): Bottleneck(
          (conv1): Conv2d(512, 128, kernel_size=(1, 1), stride=(1, 1), bias=False)
          (bn1): BatchNorm2d(128, eps=1e-05, momentum=0.1, affine=True, track_running_stats=True)
          (conv2): Conv2d(128, 128, kernel_size=(3, 3), stride=(1, 1), padding=(1, 1), bias=False)
          (bn2): BatchNorm2d(128, eps=1e-05, momentum=0.1, affine=True, track_running_stats=True)
          (conv3): Conv2d(128, 512, kernel_size=(1, 1), stride=(1, 1), bias=False)
          (bn3): BatchNorm2d(512, eps=1e-05, momentum=0.1, affine=True, track_running_stats=True)
          (relu): ReLU(inplace=True)
        )
        (2): Bottleneck(
          (conv1): Conv2d(512, 128, kernel_size=(1, 1), stride=(1, 1), bias=False)
          (bn1): BatchNorm2d(128, eps=1e-05, momentum=0.1, affine=True, track_running_stats=True)
          (conv2): Conv2d(128, 128, kernel_size=(3, 3), stride=(1, 1), padding=(1, 1), bias=False)
          (bn2): BatchNorm2d(128, eps=1e-05, momentum=0.1, affine=True, track_running_stats=True)
          (conv3): Conv2d(128, 512, kernel_size=(1, 1), stride=(1, 1), bias=False)
          (bn3): BatchNorm2d(512, eps=1e-05, momentum=0.1, affine=True, track_running_stats=True)
          (relu): ReLU(inplace=True)
        )
        (3): Bottleneck(
          (conv1): Conv2d(512, 128, kernel_size=(1, 1), stride=(1, 1), bias=False)
          (bn1): BatchNorm2d(128, eps=1e-05, momentum=0.1, affine=True, track_running_stats=True)
          (conv2): Conv2d(128, 128, kernel_size=(3, 3), stride=(1, 1), padding=(1, 1), bias=False)
          (bn2): BatchNorm2d(128, eps=1e-05, momentum=0.1, affine=True, track_running_stats=True)
          (conv3): Conv2d(128, 512, kernel_size=(1, 1), stride=(1, 1), bias=False)
          (bn3): BatchNorm2d(512, eps=1e-05, momentum=0.1, affine=True, track_running_stats=True)
          (relu): ReLU(inplace=True)
        )
      )
      (layer3): Sequential(
        (0): Bottleneck(
          (conv1): Conv2d(512, 256, kernel_size=(1, 1), stride=(1, 1), bias=False)
          (bn1): BatchNorm2d(256, eps=1e-05, momentum=0.1, affine=True, track_running_stats=True)
          (conv2): Conv2d(256, 256, kernel_size=(3, 3), stride=(2, 2), padding=(1, 1), bias=False)
          (bn2): BatchNorm2d(256, eps=1e-05, momentum=0.1, affine=True, track_running_stats=True)
          (conv3): Conv2d(256, 1024, kernel_size=(1, 1), stride=(1, 1), bias=False)
          (bn3): BatchNorm2d(1024, eps=1e-05, momentum=0.1, affine=True, track_running_stats=True)
          (relu): ReLU(inplace=True)
          (downsample): Sequential(
            (0): Conv2d(512, 1024, kernel_size=(1, 1), stride=(2, 2), bias=False)
            (1): BatchNorm2d(1024, eps=1e-05, momentum=0.1, affine=True, track_running_stats=True)
          )
        )
        (1): Bottleneck(
          (conv1): Conv2d(1024, 256, kernel_size=(1, 1), stride=(1, 1), bias=False)
          (bn1): BatchNorm2d(256, eps=1e-05, momentum=0.1, affine=True, track_running_stats=True)
          (conv2): Conv2d(256, 256, kernel_size=(3, 3), stride=(1, 1), padding=(1, 1), bias=False)
          (bn2): BatchNorm2d(256, eps=1e-05, momentum=0.1, affine=True, track_running_stats=True)
          (conv3): Conv2d(256, 1024, kernel_size=(1, 1), stride=(1, 1), bias=False)
          (bn3): BatchNorm2d(1024, eps=1e-05, momentum=0.1, affine=True, track_running_stats=True)
          (relu): ReLU(inplace=True)
        )
        (2): Bottleneck(
          (conv1): Conv2d(1024, 256, kernel_size=(1, 1), stride=(1, 1), bias=False)
          (bn1): BatchNorm2d(256, eps=1e-05, momentum=0.1, affine=True, track_running_stats=True)
          (conv2): Conv2d(256, 256, kernel_size=(3, 3), stride=(1, 1), padding=(1, 1), bias=False)
          (bn2): BatchNorm2d(256, eps=1e-05, momentum=0.1, affine=True, track_running_stats=True)
          (conv3): Conv2d(256, 1024, kernel_size=(1, 1), stride=(1, 1), bias=False)
          (bn3): BatchNorm2d(1024, eps=1e-05, momentum=0.1, affine=True, track_running_stats=True)
          (relu): ReLU(inplace=True)
        )
        (3): Bottleneck(
          (conv1): Conv2d(1024, 256, kernel_size=(1, 1), stride=(1, 1), bias=False)
          (bn1): BatchNorm2d(256, eps=1e-05, momentum=0.1, affine=True, track_running_stats=True)
          (conv2): Conv2d(256, 256, kernel_size=(3, 3), stride=(1, 1), padding=(1, 1), bias=False)
          (bn2): BatchNorm2d(256, eps=1e-05, momentum=0.1, affine=True, track_running_stats=True)
          (conv3): Conv2d(256, 1024, kernel_size=(1, 1), stride=(1, 1), bias=False)
          (bn3): BatchNorm2d(1024, eps=1e-05, momentum=0.1, affine=True, track_running_stats=True)
          (relu): ReLU(inplace=True)
        )
        (4): Bottleneck(
          (conv1): Conv2d(1024, 256, kernel_size=(1, 1), stride=(1, 1), bias=False)
          (bn1): BatchNorm2d(256, eps=1e-05, momentum=0.1, affine=True, track_running_stats=True)
          (conv2): Conv2d(256, 256, kernel_size=(3, 3), stride=(1, 1), padding=(1, 1), bias=False)
          (bn2): BatchNorm2d(256, eps=1e-05, momentum=0.1, affine=True, track_running_stats=True)
          (conv3): Conv2d(256, 1024, kernel_size=(1, 1), stride=(1, 1), bias=False)
          (bn3): BatchNorm2d(1024, eps=1e-05, momentum=0.1, affine=True, track_running_stats=True)
          (relu): ReLU(inplace=True)
        )
        (5): Bottleneck(
          (conv1): Conv2d(1024, 256, kernel_size=(1, 1), stride=(1, 1), bias=False)
          (bn1): BatchNorm2d(256, eps=1e-05, momentum=0.1, affine=True, track_running_stats=True)
          (conv2): Conv2d(256, 256, kernel_size=(3, 3), stride=(1, 1), padding=(1, 1), bias=False)
          (bn2): BatchNorm2d(256, eps=1e-05, momentum=0.1, affine=True, track_running_stats=True)
          (conv3): Conv2d(256, 1024, kernel_size=(1, 1), stride=(1, 1), bias=False)
          (bn3): BatchNorm2d(1024, eps=1e-05, momentum=0.1, affine=True, track_running_stats=True)
          (relu): ReLU(inplace=True)
        )
      )
      (layer4): Sequential(
        (0): Bottleneck(
          (conv1): Conv2d(1024, 512, kernel_size=(1, 1), stride=(1, 1), bias=False)
          (bn1): BatchNorm2d(512, eps=1e-05, momentum=0.1, affine=True, track_running_stats=True)
          (conv2): Conv2d(512, 512, kernel_size=(3, 3), stride=(2, 2), padding=(1, 1), bias=False)
          (bn2): BatchNorm2d(512, eps=1e-05, momentum=0.1, affine=True, track_running_stats=True)
          (conv3): Conv2d(512, 2048, kernel_size=(1, 1), stride=(1, 1), bias=False)
          (bn3): BatchNorm2d(2048, eps=1e-05, momentum=0.1, affine=True, track_running_stats=True)
          (relu): ReLU(inplace=True)
          (downsample): Sequential(
            (0): Conv2d(1024, 2048, kernel_size=(1, 1), stride=(2, 2), bias=False)
            (1): BatchNorm2d(2048, eps=1e-05, momentum=0.1, affine=True, track_running_stats=True)
          )
        )
        (1): Bottleneck(
          (conv1): Conv2d(2048, 512, kernel_size=(1, 1), stride=(1, 1), bias=False)
          (bn1): BatchNorm2d(512, eps=1e-05, momentum=0.1, affine=True, track_running_stats=True)
          (conv2): Conv2d(512, 512, kernel_size=(3, 3), stride=(1, 1), padding=(1, 1), bias=False)
          (bn2): BatchNorm2d(512, eps=1e-05, momentum=0.1, affine=True, track_running_stats=True)
          (conv3): Conv2d(512, 2048, kernel_size=(1, 1), stride=(1, 1), bias=False)
          (bn3): BatchNorm2d(2048, eps=1e-05, momentum=0.1, affine=True, track_running_stats=True)
          (relu): ReLU(inplace=True)
        )
        (2): Bottleneck(
          (conv1): Conv2d(2048, 512, kernel_size=(1, 1), stride=(1, 1), bias=False)
          (bn1): BatchNorm2d(512, eps=1e-05, momentum=0.1, affine=True, track_running_stats=True)
          (conv2): Conv2d(512, 512, kernel_size=(3, 3), stride=(1, 1), padding=(1, 1), bias=False)
          (bn2): BatchNorm2d(512, eps=1e-05, momentum=0.1, affine=True, track_running_stats=True)
          (conv3): Conv2d(512, 2048, kernel_size=(1, 1), stride=(1, 1), bias=False)
          (bn3): BatchNorm2d(2048, eps=1e-05, momentum=0.1, affine=True, track_running_stats=True)
          (relu): ReLU(inplace=True)
        )
      )
      (avgpool): AdaptiveAvgPool2d(output_size=(1, 1))
    )
  )
  (proj): BYOL_mlp(
    (mlp): Sequential(
      (0): Linear(in_features=2048, out_features=2048, bias=False)
      (1): BatchNorm1d(2048, eps=1e-05, momentum=0.1, affine=True, track_running_stats=True)
      (2): ReLU()
      (3): Linear(in_features=2048, out_features=128, bias=True)
    )
  )
)
NOC: 10
using optimizer: SGD
loss function: simclr
loss: SimCLR(
  (supcon): SupConLoss()
)
augmentation for simclr: 
Compose(
    RandomResizedCrop(size=(32, 32), scale=(0.08, 1.0), ratio=(0.75, 1.3333), interpolation=bilinear, antialias=True)
    RandomHorizontalFlip(p=0.5)
    RandomApply(
    p=0.8
    ColorJitter(brightness=(0.6, 1.4), contrast=(0.6, 1.4), saturation=(0.6, 1.4), hue=(-0.1, 0.1))
)
    RandomGrayscale(p=0.2)
    <src.data.Solarization object at 0x7f8bfffd98a0>
    ToTensor()
    Normalize(mean=(0.4914, 0.4822, 0.4465), std=(0.2023, 0.1994, 0.201))
)
Compose(
    RandomResizedCrop(size=(32, 32), scale=(0.08, 1.0), ratio=(0.75, 1.3333), interpolation=bilinear, antialias=True)
    RandomHorizontalFlip(p=0.5)
    RandomApply(
    p=0.8
    ColorJitter(brightness=(0.6, 1.4), contrast=(0.6, 1.4), saturation=(0.6, 1.4), hue=(-0.1, 0.1))
)
    RandomGrayscale(p=0.2)
    <src.data.Solarization object at 0x7f8bfffd9ab0>
    ToTensor()
    Normalize(mean=(0.4914, 0.4822, 0.4465), std=(0.2023, 0.1994, 0.201))
)
Files already downloaded and verified
Files already downloaded and verified
Files already downloaded and verified
# of Training Images: 50000
# of Testing Images: 10000
### SimCLR Training begins
[GPU6] epochs: [1/800] train_loss_con: 6.485
[GPU6] epochs: [2/800] train_loss_con: 6.110
[GPU6] epochs: [3/800] train_loss_con: 5.978
[GPU6] epochs: [4/800] train_loss_con: 5.913
[GPU6] epochs: [5/800] train_loss_con: 5.853
[GPU6] epochs: [6/800] train_loss_con: 5.784
[GPU6] epochs: [7/800] train_loss_con: 5.737
[GPU6] epochs: [8/800] train_loss_con: 5.710
[GPU6] epochs: [9/800] train_loss_con: 5.674
[GPU6] epochs: [10/800] train_loss_con: 5.656
[GPU6] epochs: [11/800] train_loss_con: 5.630
[GPU6] epochs: [12/800] train_loss_con: 5.618
[GPU6] epochs: [13/800] train_loss_con: 5.603
[GPU6] epochs: [14/800] train_loss_con: 5.587
[GPU6] epochs: [15/800] train_loss_con: 5.573
[GPU6] epochs: [16/800] train_loss_con: 5.560
[GPU6] epochs: [17/800] train_loss_con: 5.556
[GPU6] epochs: [18/800] train_loss_con: 5.544
[GPU6] epochs: [19/800] train_loss_con: 5.540
[GPU6] epochs: [20/800] train_loss_con: 5.535
[GPU6] epochs: [21/800] train_loss_con: 5.526
[GPU6] epochs: [22/800] train_loss_con: 5.525
[GPU6] epochs: [23/800] train_loss_con: 5.516
[GPU6] epochs: [24/800] train_loss_con: 5.514
[GPU6] epochs: [25/800] train_loss_con: 5.518
[GPU6] epochs: [26/800] train_loss_con: 5.510
[GPU6] epochs: [27/800] train_loss_con: 5.505
[GPU6] epochs: [28/800] train_loss_con: 5.502
[GPU6] epochs: [29/800] train_loss_con: 5.496
[GPU6] epochs: [30/800] train_loss_con: 5.498
[GPU6] epochs: [31/800] train_loss_con: 5.493
[GPU6] epochs: [32/800] train_loss_con: 5.491
[GPU6] epochs: [33/800] train_loss_con: 5.487
[GPU6] epochs: [34/800] train_loss_con: 5.489
[GPU6] epochs: [35/800] train_loss_con: 5.489
[GPU6] epochs: [36/800] train_loss_con: 5.487
[GPU6] epochs: [37/800] train_loss_con: 5.483
[GPU6] epochs: [38/800] train_loss_con: 5.478
[GPU6] epochs: [39/800] train_loss_con: 5.478
[GPU6] epochs: [40/800] train_loss_con: 5.482
[GPU6] epochs: [41/800] train_loss_con: 5.475
[GPU6] epochs: [42/800] train_loss_con: 5.475
[GPU6] epochs: [43/800] train_loss_con: 5.472
[GPU6] epochs: [44/800] train_loss_con: 5.473
[GPU6] epochs: [45/800] train_loss_con: 5.470
[GPU6] epochs: [46/800] train_loss_con: 5.468
[GPU6] epochs: [47/800] train_loss_con: 5.466
[GPU6] epochs: [48/800] train_loss_con: 5.465
[GPU6] epochs: [49/800] train_loss_con: 5.465
[GPU6] epochs: [50/800] train_loss_con: 5.464
[GPU6] epochs: [51/800] train_loss_con: 5.462
[GPU6] epochs: [52/800] train_loss_con: 5.461
[GPU6] epochs: [53/800] train_loss_con: 5.462
[GPU6] epochs: [54/800] train_loss_con: 5.459
[GPU6] epochs: [55/800] train_loss_con: 5.459
[GPU6] epochs: [56/800] train_loss_con: 5.458
[GPU6] epochs: [57/800] train_loss_con: 5.454
[GPU6] epochs: [58/800] train_loss_con: 5.456
[GPU6] epochs: [59/800] train_loss_con: 5.452
[GPU6] epochs: [60/800] train_loss_con: 5.453
[GPU6] epochs: [61/800] train_loss_con: 5.451
[GPU6] epochs: [62/800] train_loss_con: 5.452
[GPU6] epochs: [63/800] train_loss_con: 5.449
[GPU6] epochs: [64/800] train_loss_con: 5.449
[GPU6] epochs: [65/800] train_loss_con: 5.452
[GPU6] epochs: [66/800] train_loss_con: 5.446
[GPU6] epochs: [67/800] train_loss_con: 5.448
[GPU6] epochs: [68/800] train_loss_con: 5.451
[GPU6] epochs: [69/800] train_loss_con: 5.445
[GPU6] epochs: [70/800] train_loss_con: 5.447
[GPU6] epochs: [71/800] train_loss_con: 5.445
[GPU6] epochs: [72/800] train_loss_con: 5.443
[GPU6] epochs: [73/800] train_loss_con: 5.439
[GPU6] epochs: [74/800] train_loss_con: 5.443
[GPU6] epochs: [75/800] train_loss_con: 5.441
[GPU6] epochs: [76/800] train_loss_con: 5.441
[GPU6] epochs: [77/800] train_loss_con: 5.440
[GPU6] epochs: [78/800] train_loss_con: 5.439
[GPU6] epochs: [79/800] train_loss_con: 5.436
[GPU6] epochs: [80/800] train_loss_con: 5.440
[GPU6] epochs: [81/800] train_loss_con: 5.438
[GPU6] epochs: [82/800] train_loss_con: 5.438
[GPU6] epochs: [83/800] train_loss_con: 5.438
[GPU6] epochs: [84/800] train_loss_con: 5.437
[GPU6] epochs: [85/800] train_loss_con: 5.433
[GPU6] epochs: [86/800] train_loss_con: 5.434
[GPU6] epochs: [87/800] train_loss_con: 5.435
[GPU6] epochs: [88/800] train_loss_con: 5.437
[GPU6] epochs: [89/800] train_loss_con: 5.431
[GPU6] epochs: [90/800] train_loss_con: 5.434
[GPU6] epochs: [91/800] train_loss_con: 5.432
[GPU6] epochs: [92/800] train_loss_con: 5.430
[GPU6] epochs: [93/800] train_loss_con: 5.430
[GPU6] epochs: [94/800] train_loss_con: 5.433
[GPU6] epochs: [95/800] train_loss_con: 5.426
[GPU6] epochs: [96/800] train_loss_con: 5.431
[GPU6] epochs: [97/800] train_loss_con: 5.429
[GPU6] epochs: [98/800] train_loss_con: 5.429
[GPU6] epochs: [99/800] train_loss_con: 5.432
[GPU6] epochs: [100/800] train_loss_con: 5.425
[GPU6] epochs: [101/800] train_loss_con: 5.429
[GPU6] epochs: [102/800] train_loss_con: 5.429
[GPU6] epochs: [103/800] train_loss_con: 5.426
[GPU6] epochs: [104/800] train_loss_con: 5.426
[GPU6] epochs: [105/800] train_loss_con: 5.425
[GPU6] epochs: [106/800] train_loss_con: 5.427
[GPU6] epochs: [107/800] train_loss_con: 5.423
[GPU6] epochs: [108/800] train_loss_con: 5.424
[GPU6] epochs: [109/800] train_loss_con: 5.421
[GPU6] epochs: [110/800] train_loss_con: 5.425
[GPU6] epochs: [111/800] train_loss_con: 5.421
[GPU6] epochs: [112/800] train_loss_con: 5.422
[GPU6] epochs: [113/800] train_loss_con: 5.420
[GPU6] epochs: [114/800] train_loss_con: 5.419
[GPU6] epochs: [115/800] train_loss_con: 5.419
[GPU6] epochs: [116/800] train_loss_con: 5.423
[GPU6] epochs: [117/800] train_loss_con: 5.419
[GPU6] epochs: [118/800] train_loss_con: 5.416
[GPU6] epochs: [119/800] train_loss_con: 5.419
[GPU6] epochs: [120/800] train_loss_con: 5.414
[GPU6] epochs: [121/800] train_loss_con: 5.420
[GPU6] epochs: [122/800] train_loss_con: 5.419
[GPU6] epochs: [123/800] train_loss_con: 5.417
[GPU6] epochs: [124/800] train_loss_con: 5.416
[GPU6] epochs: [125/800] train_loss_con: 5.417
[GPU6] epochs: [126/800] train_loss_con: 5.416
[GPU6] epochs: [127/800] train_loss_con: 5.419
[GPU6] epochs: [128/800] train_loss_con: 5.415
[GPU6] epochs: [129/800] train_loss_con: 5.418
[GPU6] epochs: [130/800] train_loss_con: 5.415
[GPU6] epochs: [131/800] train_loss_con: 5.414
[GPU6] epochs: [132/800] train_loss_con: 5.413
[GPU6] epochs: [133/800] train_loss_con: 5.415
[GPU6] epochs: [134/800] train_loss_con: 5.415
[GPU6] epochs: [135/800] train_loss_con: 5.415
[GPU6] epochs: [136/800] train_loss_con: 5.414
[GPU6] epochs: [137/800] train_loss_con: 5.412
[GPU6] epochs: [138/800] train_loss_con: 5.414
[GPU6] epochs: [139/800] train_loss_con: 5.413
[GPU6] epochs: [140/800] train_loss_con: 5.412
[GPU6] epochs: [141/800] train_loss_con: 5.411
[GPU6] epochs: [142/800] train_loss_con: 5.410
[GPU6] epochs: [143/800] train_loss_con: 5.409
[GPU6] epochs: [144/800] train_loss_con: 5.411
[GPU6] epochs: [145/800] train_loss_con: 5.413
[GPU6] epochs: [146/800] train_loss_con: 5.408
[GPU6] epochs: [147/800] train_loss_con: 5.412
[GPU6] epochs: [148/800] train_loss_con: 5.410
[GPU6] epochs: [149/800] train_loss_con: 5.408
[GPU6] epochs: [150/800] train_loss_con: 5.411
[GPU6] epochs: [151/800] train_loss_con: 5.410
[GPU6] epochs: [152/800] train_loss_con: 5.407
[GPU6] epochs: [153/800] train_loss_con: 5.408
[GPU6] epochs: [154/800] train_loss_con: 5.405
[GPU6] epochs: [155/800] train_loss_con: 5.410
[GPU6] epochs: [156/800] train_loss_con: 5.406
[GPU6] epochs: [157/800] train_loss_con: 5.404
[GPU6] epochs: [158/800] train_loss_con: 5.408
[GPU6] epochs: [159/800] train_loss_con: 5.406
[GPU6] epochs: [160/800] train_loss_con: 5.407
[GPU6] epochs: [161/800] train_loss_con: 5.404
[GPU6] epochs: [162/800] train_loss_con: 5.405
[GPU6] epochs: [163/800] train_loss_con: 5.406
[GPU6] epochs: [164/800] train_loss_con: 5.403
[GPU6] epochs: [165/800] train_loss_con: 5.406
[GPU6] epochs: [166/800] train_loss_con: 5.404
[GPU6] epochs: [167/800] train_loss_con: 5.401
[GPU6] epochs: [168/800] train_loss_con: 5.405
[GPU6] epochs: [169/800] train_loss_con: 5.405
[GPU6] epochs: [170/800] train_loss_con: 5.404
[GPU6] epochs: [171/800] train_loss_con: 5.402
[GPU6] epochs: [172/800] train_loss_con: 5.399
[GPU6] epochs: [173/800] train_loss_con: 5.406
[GPU6] epochs: [174/800] train_loss_con: 5.400
[GPU6] epochs: [175/800] train_loss_con: 5.400
[GPU6] epochs: [176/800] train_loss_con: 5.401
[GPU6] epochs: [177/800] train_loss_con: 5.399
[GPU6] epochs: [178/800] train_loss_con: 5.403
[GPU6] epochs: [179/800] train_loss_con: 5.400
[GPU6] epochs: [180/800] train_loss_con: 5.400
[GPU6] epochs: [181/800] train_loss_con: 5.399
[GPU6] epochs: [182/800] train_loss_con: 5.397
[GPU6] epochs: [183/800] train_loss_con: 5.402
[GPU6] epochs: [184/800] train_loss_con: 5.400
[GPU6] epochs: [185/800] train_loss_con: 5.401
[GPU6] epochs: [186/800] train_loss_con: 5.401
[GPU6] epochs: [187/800] train_loss_con: 5.399
[GPU6] epochs: [188/800] train_loss_con: 5.400
[GPU6] epochs: [189/800] train_loss_con: 5.396
[GPU6] epochs: [190/800] train_loss_con: 5.397
[GPU6] epochs: [191/800] train_loss_con: 5.396
[GPU6] epochs: [192/800] train_loss_con: 5.396
[GPU6] epochs: [193/800] train_loss_con: 5.399
[GPU6] epochs: [194/800] train_loss_con: 5.394
[GPU6] epochs: [195/800] train_loss_con: 5.394
[GPU6] epochs: [196/800] train_loss_con: 5.395
[GPU6] epochs: [197/800] train_loss_con: 5.397
[GPU6] epochs: [198/800] train_loss_con: 5.397
[GPU6] epochs: [199/800] train_loss_con: 5.394
[GPU6] epochs: [200/800] train_loss_con: 5.394
[GPU6] epochs: [201/800] train_loss_con: 5.394
[GPU6] epochs: [202/800] train_loss_con: 5.394
[GPU6] epochs: [203/800] train_loss_con: 5.394
[GPU6] epochs: [204/800] train_loss_con: 5.398
[GPU6] epochs: [205/800] train_loss_con: 5.393
[GPU6] epochs: [206/800] train_loss_con: 5.391
[GPU6] epochs: [207/800] train_loss_con: 5.394
[GPU6] epochs: [208/800] train_loss_con: 5.394
[GPU6] epochs: [209/800] train_loss_con: 5.395
[GPU6] epochs: [210/800] train_loss_con: 5.392
[GPU6] epochs: [211/800] train_loss_con: 5.393
[GPU6] epochs: [212/800] train_loss_con: 5.395
[GPU6] epochs: [213/800] train_loss_con: 5.393
[GPU6] epochs: [214/800] train_loss_con: 5.389
[GPU6] epochs: [215/800] train_loss_con: 5.392
[GPU6] epochs: [216/800] train_loss_con: 5.391
[GPU6] epochs: [217/800] train_loss_con: 5.391
[GPU6] epochs: [218/800] train_loss_con: 5.395
[GPU6] epochs: [219/800] train_loss_con: 5.392
[GPU6] epochs: [220/800] train_loss_con: 5.390
[GPU6] epochs: [221/800] train_loss_con: 5.388
[GPU6] epochs: [222/800] train_loss_con: 5.391
[GPU6] epochs: [223/800] train_loss_con: 5.394
[GPU6] epochs: [224/800] train_loss_con: 5.389
[GPU6] epochs: [225/800] train_loss_con: 5.391
[GPU6] epochs: [226/800] train_loss_con: 5.389
[GPU6] epochs: [227/800] train_loss_con: 5.390
[GPU6] epochs: [228/800] train_loss_con: 5.389
[GPU6] epochs: [229/800] train_loss_con: 5.389
[GPU6] epochs: [230/800] train_loss_con: 5.388
[GPU6] epochs: [231/800] train_loss_con: 5.389
[GPU6] epochs: [232/800] train_loss_con: 5.391
[GPU6] epochs: [233/800] train_loss_con: 5.388
[GPU6] epochs: [234/800] train_loss_con: 5.387
[GPU6] epochs: [235/800] train_loss_con: 5.387
[GPU6] epochs: [236/800] train_loss_con: 5.387
[GPU6] epochs: [237/800] train_loss_con: 5.387
[GPU6] epochs: [238/800] train_loss_con: 5.386
[GPU6] epochs: [239/800] train_loss_con: 5.383
[GPU6] epochs: [240/800] train_loss_con: 5.383
[GPU6] epochs: [241/800] train_loss_con: 5.387
[GPU6] epochs: [242/800] train_loss_con: 5.383
[GPU6] epochs: [243/800] train_loss_con: 5.384
[GPU6] epochs: [244/800] train_loss_con: 5.386
[GPU6] epochs: [245/800] train_loss_con: 5.382
