environment: 
YAML: configs/simclr.yaml
==> SEED: 42
==> train_algo: simclr
==> dataset: {'cifar10': {'num_classes': 10, 'params': {'data_dir': 'datasets/cifar10', 'batch_size': 512, 'num_workers': 1, 'image_size': 32, 'algo': 'simclr'}}, 'cifar100': {'num_classes': 100, 'params': {'data_dir': 'datasets/cifar100', 'batch_size': 512, 'num_workers': 1, 'image_size': 32, 'algo': 'simclr'}}}
==> return_logs: False
==> eval_every: 10
==> n_epochs: 800
==> n_epochs_mlp: 100
==> gpu_id: 1
==> opt: SGD
==> opt_params: {'lr': 0.5, 'momentum': 0.9, 'nesterov': True, 'weight_decay': 0.0001}
==> schedular_params: {'T_max': 800, 'eta_min': 0.001}
==> mlp_opt: SGD
==> mlp_opt_params: {'lr': 0.01, 'momentum': 0.9, 'nesterov': True}
==> model_params: {'model_name': 'resnet18', 'pretrained': False, 'proj_dim': 128, 'algo_type': 'simclr'}
==> mlp_type: hidden
==> loss: simclr
==> loss_params: {'sim': 'cosine', 'tau': 0.5}
==> distributed: False
==> model_save_path: saved_models/simclr.c10.r18.pth
==> config: configs/simclr.yaml
--------------------------------------------------
Network(
  (base_encoder): BaseEncoder(
    (feat_extractor): Sequential(
      (conv1): Conv2d(3, 64, kernel_size=(3, 3), stride=(1, 1), padding=(1, 1), bias=False)
      (bn1): BatchNorm2d(64, eps=1e-05, momentum=0.1, affine=True, track_running_stats=True)
      (relu): ReLU(inplace=True)
      (layer1): Sequential(
        (0): BasicBlock(
          (conv1): Conv2d(64, 64, kernel_size=(3, 3), stride=(1, 1), padding=(1, 1), bias=False)
          (bn1): BatchNorm2d(64, eps=1e-05, momentum=0.1, affine=True, track_running_stats=True)
          (relu): ReLU(inplace=True)
          (conv2): Conv2d(64, 64, kernel_size=(3, 3), stride=(1, 1), padding=(1, 1), bias=False)
          (bn2): BatchNorm2d(64, eps=1e-05, momentum=0.1, affine=True, track_running_stats=True)
        )
        (1): BasicBlock(
          (conv1): Conv2d(64, 64, kernel_size=(3, 3), stride=(1, 1), padding=(1, 1), bias=False)
          (bn1): BatchNorm2d(64, eps=1e-05, momentum=0.1, affine=True, track_running_stats=True)
          (relu): ReLU(inplace=True)
          (conv2): Conv2d(64, 64, kernel_size=(3, 3), stride=(1, 1), padding=(1, 1), bias=False)
          (bn2): BatchNorm2d(64, eps=1e-05, momentum=0.1, affine=True, track_running_stats=True)
        )
      )
      (layer2): Sequential(
        (0): BasicBlock(
          (conv1): Conv2d(64, 128, kernel_size=(3, 3), stride=(2, 2), padding=(1, 1), bias=False)
          (bn1): BatchNorm2d(128, eps=1e-05, momentum=0.1, affine=True, track_running_stats=True)
          (relu): ReLU(inplace=True)
          (conv2): Conv2d(128, 128, kernel_size=(3, 3), stride=(1, 1), padding=(1, 1), bias=False)
          (bn2): BatchNorm2d(128, eps=1e-05, momentum=0.1, affine=True, track_running_stats=True)
          (downsample): Sequential(
            (0): Conv2d(64, 128, kernel_size=(1, 1), stride=(2, 2), bias=False)
            (1): BatchNorm2d(128, eps=1e-05, momentum=0.1, affine=True, track_running_stats=True)
          )
        )
        (1): BasicBlock(
          (conv1): Conv2d(128, 128, kernel_size=(3, 3), stride=(1, 1), padding=(1, 1), bias=False)
          (bn1): BatchNorm2d(128, eps=1e-05, momentum=0.1, affine=True, track_running_stats=True)
          (relu): ReLU(inplace=True)
          (conv2): Conv2d(128, 128, kernel_size=(3, 3), stride=(1, 1), padding=(1, 1), bias=False)
          (bn2): BatchNorm2d(128, eps=1e-05, momentum=0.1, affine=True, track_running_stats=True)
        )
      )
      (layer3): Sequential(
        (0): BasicBlock(
          (conv1): Conv2d(128, 256, kernel_size=(3, 3), stride=(2, 2), padding=(1, 1), bias=False)
          (bn1): BatchNorm2d(256, eps=1e-05, momentum=0.1, affine=True, track_running_stats=True)
          (relu): ReLU(inplace=True)
          (conv2): Conv2d(256, 256, kernel_size=(3, 3), stride=(1, 1), padding=(1, 1), bias=False)
          (bn2): BatchNorm2d(256, eps=1e-05, momentum=0.1, affine=True, track_running_stats=True)
          (downsample): Sequential(
            (0): Conv2d(128, 256, kernel_size=(1, 1), stride=(2, 2), bias=False)
            (1): BatchNorm2d(256, eps=1e-05, momentum=0.1, affine=True, track_running_stats=True)
          )
        )
        (1): BasicBlock(
          (conv1): Conv2d(256, 256, kernel_size=(3, 3), stride=(1, 1), padding=(1, 1), bias=False)
          (bn1): BatchNorm2d(256, eps=1e-05, momentum=0.1, affine=True, track_running_stats=True)
          (relu): ReLU(inplace=True)
          (conv2): Conv2d(256, 256, kernel_size=(3, 3), stride=(1, 1), padding=(1, 1), bias=False)
          (bn2): BatchNorm2d(256, eps=1e-05, momentum=0.1, affine=True, track_running_stats=True)
        )
      )
      (layer4): Sequential(
        (0): BasicBlock(
          (conv1): Conv2d(256, 512, kernel_size=(3, 3), stride=(2, 2), padding=(1, 1), bias=False)
          (bn1): BatchNorm2d(512, eps=1e-05, momentum=0.1, affine=True, track_running_stats=True)
          (relu): ReLU(inplace=True)
          (conv2): Conv2d(512, 512, kernel_size=(3, 3), stride=(1, 1), padding=(1, 1), bias=False)
          (bn2): BatchNorm2d(512, eps=1e-05, momentum=0.1, affine=True, track_running_stats=True)
          (downsample): Sequential(
            (0): Conv2d(256, 512, kernel_size=(1, 1), stride=(2, 2), bias=False)
            (1): BatchNorm2d(512, eps=1e-05, momentum=0.1, affine=True, track_running_stats=True)
          )
        )
        (1): BasicBlock(
          (conv1): Conv2d(512, 512, kernel_size=(3, 3), stride=(1, 1), padding=(1, 1), bias=False)
          (bn1): BatchNorm2d(512, eps=1e-05, momentum=0.1, affine=True, track_running_stats=True)
          (relu): ReLU(inplace=True)
          (conv2): Conv2d(512, 512, kernel_size=(3, 3), stride=(1, 1), padding=(1, 1), bias=False)
          (bn2): BatchNorm2d(512, eps=1e-05, momentum=0.1, affine=True, track_running_stats=True)
        )
      )
      (avgpool): AdaptiveAvgPool2d(output_size=(1, 1))
    )
  )
  (proj): BYOL_mlp(
    (mlp): Sequential(
      (0): Linear(in_features=512, out_features=512, bias=True)
      (1): BatchNorm1d(512, eps=1e-05, momentum=0.1, affine=True, track_running_stats=True)
      (2): ReLU()
      (3): Linear(in_features=512, out_features=128, bias=True)
    )
  )
)
NOC: 10
using optimizer: SGD
loss function: simclr
loss: SimCLR(
  (supcon): SupConLoss()
)
augmentation for simclr: 
Compose(
    RandomResizedCrop(size=(32, 32), scale=(0.08, 1.0), ratio=(0.75, 1.3333), interpolation=bilinear, antialias=True)
    RandomHorizontalFlip(p=0.5)
    RandomApply(
    p=0.8
    ColorJitter(brightness=(0.6, 1.4), contrast=(0.6, 1.4), saturation=(0.6, 1.4), hue=(-0.1, 0.1))
)
    RandomGrayscale(p=0.2)
    <src.data.Solarization object at 0x7fc352996bf0>
    ToTensor()
    Normalize(mean=(0.4914, 0.4822, 0.4465), std=(0.2023, 0.1994, 0.201))
)
Compose(
    RandomResizedCrop(size=(32, 32), scale=(0.08, 1.0), ratio=(0.75, 1.3333), interpolation=bilinear, antialias=True)
    RandomHorizontalFlip(p=0.5)
    RandomApply(
    p=0.8
    ColorJitter(brightness=(0.6, 1.4), contrast=(0.6, 1.4), saturation=(0.6, 1.4), hue=(-0.1, 0.1))
)
    RandomGrayscale(p=0.2)
    <src.data.Solarization object at 0x7fc3529956f0>
    ToTensor()
    Normalize(mean=(0.4914, 0.4822, 0.4465), std=(0.2023, 0.1994, 0.201))
)
Files already downloaded and verified
Files already downloaded and verified
Files already downloaded and verified
# of Training Images: 50000
# of Testing Images: 10000
### SimCLR Training begins
[GPU1] epochs: [1/800] train_loss_con: 6.182
[GPU1] epochs: [2/800] train_loss_con: 5.950
[GPU1] epochs: [3/800] train_loss_con: 5.865
[GPU1] epochs: [4/800] train_loss_con: 5.785
[GPU1] epochs: [5/800] train_loss_con: 5.723
[GPU1] epochs: [6/800] train_loss_con: 5.685
[GPU1] epochs: [7/800] train_loss_con: 5.653
[GPU1] epochs: [8/800] train_loss_con: 5.633
[GPU1] epochs: [9/800] train_loss_con: 5.612
[GPU1] epochs: [10/800] train_loss_con: 5.591
[GPU1] epochs: [11/800] train_loss_con: 5.580
[GPU1] epochs: [12/800] train_loss_con: 5.566
[GPU1] epochs: [13/800] train_loss_con: 5.560
[GPU1] epochs: [14/800] train_loss_con: 5.554
[GPU1] epochs: [15/800] train_loss_con: 5.539
[GPU1] epochs: [16/800] train_loss_con: 5.540
[GPU1] epochs: [17/800] train_loss_con: 5.533
[GPU1] epochs: [18/800] train_loss_con: 5.528
[GPU1] epochs: [19/800] train_loss_con: 5.518
[GPU1] epochs: [20/800] train_loss_con: 5.519
[GPU1] epochs: [21/800] train_loss_con: 5.516
[GPU1] epochs: [22/800] train_loss_con: 5.508
[GPU1] epochs: [23/800] train_loss_con: 5.509
[GPU1] epochs: [24/800] train_loss_con: 5.502
[GPU1] epochs: [25/800] train_loss_con: 5.504
[GPU1] epochs: [26/800] train_loss_con: 5.498
[GPU1] epochs: [27/800] train_loss_con: 5.500
[GPU1] epochs: [28/800] train_loss_con: 5.495
[GPU1] epochs: [29/800] train_loss_con: 5.493
[GPU1] epochs: [30/800] train_loss_con: 5.493
[GPU1] epochs: [31/800] train_loss_con: 5.487
[GPU1] epochs: [32/800] train_loss_con: 5.487
[GPU1] epochs: [33/800] train_loss_con: 5.483
[GPU1] epochs: [34/800] train_loss_con: 5.482
[GPU1] epochs: [35/800] train_loss_con: 5.483
[GPU1] epochs: [36/800] train_loss_con: 5.478
[GPU1] epochs: [37/800] train_loss_con: 5.472
[GPU1] epochs: [38/800] train_loss_con: 5.475
[GPU1] epochs: [39/800] train_loss_con: 5.473
[GPU1] epochs: [40/800] train_loss_con: 5.476
[GPU1] epochs: [41/800] train_loss_con: 5.472
[GPU1] epochs: [42/800] train_loss_con: 5.468
[GPU1] epochs: [43/800] train_loss_con: 5.470
[GPU1] epochs: [44/800] train_loss_con: 5.469
[GPU1] epochs: [45/800] train_loss_con: 5.466
[GPU1] epochs: [46/800] train_loss_con: 5.465
[GPU1] epochs: [47/800] train_loss_con: 5.464
[GPU1] epochs: [48/800] train_loss_con: 5.465
[GPU1] epochs: [49/800] train_loss_con: 5.463
[GPU1] epochs: [50/800] train_loss_con: 5.459
[GPU1] epochs: [51/800] train_loss_con: 5.459
[GPU1] epochs: [52/800] train_loss_con: 5.460
[GPU1] epochs: [53/800] train_loss_con: 5.461
[GPU1] epochs: [54/800] train_loss_con: 5.457
[GPU1] epochs: [55/800] train_loss_con: 5.453
[GPU1] epochs: [56/800] train_loss_con: 5.456
[GPU1] epochs: [57/800] train_loss_con: 5.457
[GPU1] epochs: [58/800] train_loss_con: 5.452
[GPU1] epochs: [59/800] train_loss_con: 5.455
[GPU1] epochs: [60/800] train_loss_con: 5.454
[GPU1] epochs: [61/800] train_loss_con: 5.452
[GPU1] epochs: [62/800] train_loss_con: 5.453
[GPU1] epochs: [63/800] train_loss_con: 5.451
[GPU1] epochs: [64/800] train_loss_con: 5.451
[GPU1] epochs: [65/800] train_loss_con: 5.448
[GPU1] epochs: [66/800] train_loss_con: 5.449
[GPU1] epochs: [67/800] train_loss_con: 5.447
[GPU1] epochs: [68/800] train_loss_con: 5.445
[GPU1] epochs: [69/800] train_loss_con: 5.445
[GPU1] epochs: [70/800] train_loss_con: 5.448
[GPU1] epochs: [71/800] train_loss_con: 5.445
[GPU1] epochs: [72/800] train_loss_con: 5.446
[GPU1] epochs: [73/800] train_loss_con: 5.443
[GPU1] epochs: [74/800] train_loss_con: 5.442
[GPU1] epochs: [75/800] train_loss_con: 5.441
[GPU1] epochs: [76/800] train_loss_con: 5.442
[GPU1] epochs: [77/800] train_loss_con: 5.441
[GPU1] epochs: [78/800] train_loss_con: 5.443
[GPU1] epochs: [79/800] train_loss_con: 5.442
[GPU1] epochs: [80/800] train_loss_con: 5.439
[GPU1] epochs: [81/800] train_loss_con: 5.439
[GPU1] epochs: [82/800] train_loss_con: 5.438
[GPU1] epochs: [83/800] train_loss_con: 5.440
[GPU1] epochs: [84/800] train_loss_con: 5.438
[GPU1] epochs: [85/800] train_loss_con: 5.438
[GPU1] epochs: [86/800] train_loss_con: 5.433
[GPU1] epochs: [87/800] train_loss_con: 5.434
[GPU1] epochs: [88/800] train_loss_con: 5.440
[GPU1] epochs: [89/800] train_loss_con: 5.436
[GPU1] epochs: [90/800] train_loss_con: 5.436
[GPU1] epochs: [91/800] train_loss_con: 5.436
[GPU1] epochs: [92/800] train_loss_con: 5.435
[GPU1] epochs: [93/800] train_loss_con: 5.432
[GPU1] epochs: [94/800] train_loss_con: 5.434
[GPU1] epochs: [95/800] train_loss_con: 5.436
[GPU1] epochs: [96/800] train_loss_con: 5.433
[GPU1] epochs: [97/800] train_loss_con: 5.435
[GPU1] epochs: [98/800] train_loss_con: 5.430
[GPU1] epochs: [99/800] train_loss_con: 5.428
[GPU1] epochs: [100/800] train_loss_con: 5.430
[GPU1] epochs: [101/800] train_loss_con: 5.430
[GPU1] epochs: [102/800] train_loss_con: 5.430
[GPU1] epochs: [103/800] train_loss_con: 5.429
[GPU1] epochs: [104/800] train_loss_con: 5.428
[GPU1] epochs: [105/800] train_loss_con: 5.432
[GPU1] epochs: [106/800] train_loss_con: 5.428
[GPU1] epochs: [107/800] train_loss_con: 5.432
[GPU1] epochs: [108/800] train_loss_con: 5.428
[GPU1] epochs: [109/800] train_loss_con: 5.426
[GPU1] epochs: [110/800] train_loss_con: 5.428
[GPU1] epochs: [111/800] train_loss_con: 5.425
[GPU1] epochs: [112/800] train_loss_con: 5.428
[GPU1] epochs: [113/800] train_loss_con: 5.427
[GPU1] epochs: [114/800] train_loss_con: 5.426
[GPU1] epochs: [115/800] train_loss_con: 5.425
[GPU1] epochs: [116/800] train_loss_con: 5.426
[GPU1] epochs: [117/800] train_loss_con: 5.422
[GPU1] epochs: [118/800] train_loss_con: 5.426
[GPU1] epochs: [119/800] train_loss_con: 5.424
[GPU1] epochs: [120/800] train_loss_con: 5.425
[GPU1] epochs: [121/800] train_loss_con: 5.430
[GPU1] epochs: [122/800] train_loss_con: 5.425
[GPU1] epochs: [123/800] train_loss_con: 5.424
[GPU1] epochs: [124/800] train_loss_con: 5.426
[GPU1] epochs: [125/800] train_loss_con: 5.423
[GPU1] epochs: [126/800] train_loss_con: 5.422
[GPU1] epochs: [127/800] train_loss_con: 5.422
[GPU1] epochs: [128/800] train_loss_con: 5.425
[GPU1] epochs: [129/800] train_loss_con: 5.423
[GPU1] epochs: [130/800] train_loss_con: 5.425
[GPU1] epochs: [131/800] train_loss_con: 5.421
[GPU1] epochs: [132/800] train_loss_con: 5.417
[GPU1] epochs: [133/800] train_loss_con: 5.421
[GPU1] epochs: [134/800] train_loss_con: 5.422
[GPU1] epochs: [135/800] train_loss_con: 5.423
[GPU1] epochs: [136/800] train_loss_con: 5.422
[GPU1] epochs: [137/800] train_loss_con: 5.418
[GPU1] epochs: [138/800] train_loss_con: 5.422
[GPU1] epochs: [139/800] train_loss_con: 5.419
[GPU1] epochs: [140/800] train_loss_con: 5.420
[GPU1] epochs: [141/800] train_loss_con: 5.420
[GPU1] epochs: [142/800] train_loss_con: 5.416
[GPU1] epochs: [143/800] train_loss_con: 5.420
[GPU1] epochs: [144/800] train_loss_con: 5.417
[GPU1] epochs: [145/800] train_loss_con: 5.416
[GPU1] epochs: [146/800] train_loss_con: 5.418
[GPU1] epochs: [147/800] train_loss_con: 5.419
[GPU1] epochs: [148/800] train_loss_con: 5.418
[GPU1] epochs: [149/800] train_loss_con: 5.418
[GPU1] epochs: [150/800] train_loss_con: 5.418
[GPU1] epochs: [151/800] train_loss_con: 5.416
[GPU1] epochs: [152/800] train_loss_con: 5.415
[GPU1] epochs: [153/800] train_loss_con: 5.418
[GPU1] epochs: [154/800] train_loss_con: 5.415
[GPU1] epochs: [155/800] train_loss_con: 5.414
[GPU1] epochs: [156/800] train_loss_con: 5.416
[GPU1] epochs: [157/800] train_loss_con: 5.414
[GPU1] epochs: [158/800] train_loss_con: 5.414
[GPU1] epochs: [159/800] train_loss_con: 5.414
[GPU1] epochs: [160/800] train_loss_con: 5.416
[GPU1] epochs: [161/800] train_loss_con: 5.417
[GPU1] epochs: [162/800] train_loss_con: 5.415
[GPU1] epochs: [163/800] train_loss_con: 5.413
[GPU1] epochs: [164/800] train_loss_con: 5.416
[GPU1] epochs: [165/800] train_loss_con: 5.414
[GPU1] epochs: [166/800] train_loss_con: 5.414
[GPU1] epochs: [167/800] train_loss_con: 5.414
[GPU1] epochs: [168/800] train_loss_con: 5.413
[GPU1] epochs: [169/800] train_loss_con: 5.413
[GPU1] epochs: [170/800] train_loss_con: 5.413
[GPU1] epochs: [171/800] train_loss_con: 5.411
[GPU1] epochs: [172/800] train_loss_con: 5.412
[GPU1] epochs: [173/800] train_loss_con: 5.412
[GPU1] epochs: [174/800] train_loss_con: 5.412
[GPU1] epochs: [175/800] train_loss_con: 5.413
[GPU1] epochs: [176/800] train_loss_con: 5.412
[GPU1] epochs: [177/800] train_loss_con: 5.412
[GPU1] epochs: [178/800] train_loss_con: 5.412
[GPU1] epochs: [179/800] train_loss_con: 5.411
[GPU1] epochs: [180/800] train_loss_con: 5.411
[GPU1] epochs: [181/800] train_loss_con: 5.408
[GPU1] epochs: [182/800] train_loss_con: 5.411
[GPU1] epochs: [183/800] train_loss_con: 5.413
[GPU1] epochs: [184/800] train_loss_con: 5.410
[GPU1] epochs: [185/800] train_loss_con: 5.411
[GPU1] epochs: [186/800] train_loss_con: 5.409
[GPU1] epochs: [187/800] train_loss_con: 5.407
[GPU1] epochs: [188/800] train_loss_con: 5.412
[GPU1] epochs: [189/800] train_loss_con: 5.408
[GPU1] epochs: [190/800] train_loss_con: 5.409
[GPU1] epochs: [191/800] train_loss_con: 5.408
[GPU1] epochs: [192/800] train_loss_con: 5.410
[GPU1] epochs: [193/800] train_loss_con: 5.408
[GPU1] epochs: [194/800] train_loss_con: 5.408
[GPU1] epochs: [195/800] train_loss_con: 5.407
[GPU1] epochs: [196/800] train_loss_con: 5.404
[GPU1] epochs: [197/800] train_loss_con: 5.409
[GPU1] epochs: [198/800] train_loss_con: 5.406
[GPU1] epochs: [199/800] train_loss_con: 5.405
[GPU1] epochs: [200/800] train_loss_con: 5.407
[GPU1] epochs: [201/800] train_loss_con: 5.404
[GPU1] epochs: [202/800] train_loss_con: 5.406
[GPU1] epochs: [203/800] train_loss_con: 5.404
[GPU1] epochs: [204/800] train_loss_con: 5.408
[GPU1] epochs: [205/800] train_loss_con: 5.404
[GPU1] epochs: [206/800] train_loss_con: 5.405
[GPU1] epochs: [207/800] train_loss_con: 5.405
[GPU1] epochs: [208/800] train_loss_con: 5.404
[GPU1] epochs: [209/800] train_loss_con: 5.403
[GPU1] epochs: [210/800] train_loss_con: 5.405
[GPU1] epochs: [211/800] train_loss_con: 5.401
[GPU1] epochs: [212/800] train_loss_con: 5.403
[GPU1] epochs: [213/800] train_loss_con: 5.402
[GPU1] epochs: [214/800] train_loss_con: 5.404
[GPU1] epochs: [215/800] train_loss_con: 5.403
[GPU1] epochs: [216/800] train_loss_con: 5.405
[GPU1] epochs: [217/800] train_loss_con: 5.401
[GPU1] epochs: [218/800] train_loss_con: 5.402
[GPU1] epochs: [219/800] train_loss_con: 5.401
[GPU1] epochs: [220/800] train_loss_con: 5.404
[GPU1] epochs: [221/800] train_loss_con: 5.403
[GPU1] epochs: [222/800] train_loss_con: 5.401
[GPU1] epochs: [223/800] train_loss_con: 5.401
[GPU1] epochs: [224/800] train_loss_con: 5.403
[GPU1] epochs: [225/800] train_loss_con: 5.403
[GPU1] epochs: [226/800] train_loss_con: 5.402
[GPU1] epochs: [227/800] train_loss_con: 5.403
[GPU1] epochs: [228/800] train_loss_con: 5.405
[GPU1] epochs: [229/800] train_loss_con: 5.399
[GPU1] epochs: [230/800] train_loss_con: 5.401
[GPU1] epochs: [231/800] train_loss_con: 5.398
[GPU1] epochs: [232/800] train_loss_con: 5.397
[GPU1] epochs: [233/800] train_loss_con: 5.399
[GPU1] epochs: [234/800] train_loss_con: 5.400
[GPU1] epochs: [235/800] train_loss_con: 5.403
[GPU1] epochs: [236/800] train_loss_con: 5.402
[GPU1] epochs: [237/800] train_loss_con: 5.397
[GPU1] epochs: [238/800] train_loss_con: 5.398
[GPU1] epochs: [239/800] train_loss_con: 5.399
[GPU1] epochs: [240/800] train_loss_con: 5.402
[GPU1] epochs: [241/800] train_loss_con: 5.400
[GPU1] epochs: [242/800] train_loss_con: 5.400
[GPU1] epochs: [243/800] train_loss_con: 5.400
[GPU1] epochs: [244/800] train_loss_con: 5.399
[GPU1] epochs: [245/800] train_loss_con: 5.397
[GPU1] epochs: [246/800] train_loss_con: 5.398
[GPU1] epochs: [247/800] train_loss_con: 5.395
[GPU1] epochs: [248/800] train_loss_con: 5.397
[GPU1] epochs: [249/800] train_loss_con: 5.395
[GPU1] epochs: [250/800] train_loss_con: 5.396
