environment: 
YAML: configs/simsiam.sc.c100.yaml
==> SEED: 42
==> num_classes: 100
==> data_name: cifar100
==> data_params: {'algo': 'simsiam-sc', 'data_dir': 'datasets/cifar100', 'batch_size': 512, 'num_workers': 3, 'image_size': 32}
==> return_logs: False
==> eval_every: 10
==> n_epochs: 800
==> n_epochs_mlp: 100
==> gpu_id: 1
==> opt: SGD
==> opt_params: {'lr': 0.08, 'momentum': 0.9, 'weight_decay': 0.0001}
==> schedular_params: {'T_max': 800, 'eta_min': 0.001}
==> mlp_opt: SGD
==> mlp_opt_params: {'lr': 0.1, 'momentum': 0.9}
==> model_params: {'model_name': 'resnet18', 'pretrained': False, 'proj_dim': 128, 'algo_type': 'simsiam-sc', 'pred_dim': 512}
==> mlp_type: linear
==> loss: simsiam-sc
==> distributed: False
==> train_algo: simsiam-sc
==> model_save_path: saved_models/simsiam.en.c100.r18.e800.pth
==> energy_model_params: {'eta': 0.01, 'steps': 5, 'sigma': 0.2, 'delta': 0.1, 'net_type': 'energy'}
==> energy_opt: AdamW
==> energy_model_opt_params: {'lr': 0.001}
==> warmup_epochs: 0
==> config: configs/simsiam.sc.c100.yaml
--------------------------------------------------
===> using linear mlp
using optimizer: SGD
using optimizer: SGD
loss function: simsiam-sc
Files already downloaded and verified
Files already downloaded and verified
Files already downloaded and verified
# of Training Images: 50000
# of Testing Images: 10000
using optimizer: AdamW
### simsiam with SC-net Training begins
[GPU1] epochs: [1/800] train_loss_con: -0.347 energy_loss: 239.648
[GPU1] epochs: [2/800] train_loss_con: -0.425 energy_loss: 228.065
[GPU1] epochs: [3/800] train_loss_con: -0.423 energy_loss: 229.667
[GPU1] epochs: [4/800] train_loss_con: -0.426 energy_loss: 228.560
[GPU1] epochs: [5/800] train_loss_con: -0.429 energy_loss: 224.923
[GPU1] epochs: [6/800] train_loss_con: -0.452 energy_loss: 228.763
[GPU1] epochs: [7/800] train_loss_con: -0.467 energy_loss: 231.395
[GPU1] epochs: [8/800] train_loss_con: -0.472 energy_loss: 225.612
[GPU1] epochs: [9/800] train_loss_con: -0.469 energy_loss: 226.280
[GPU1] epochs: [10/800] train_loss_con: -0.493 energy_loss: 225.048
[GPU1] epochs: [11/800] train_loss_con: -0.496 energy_loss: 218.513
[GPU1] epochs: [12/800] train_loss_con: -0.494 energy_loss: 216.687
[GPU1] epochs: [13/800] train_loss_con: -0.501 energy_loss: 212.029
[GPU1] epochs: [14/800] train_loss_con: -0.508 energy_loss: 218.930
[GPU1] epochs: [15/800] train_loss_con: -0.506 energy_loss: 213.143
[GPU1] epochs: [16/800] train_loss_con: -0.507 energy_loss: 208.345
[GPU1] epochs: [17/800] train_loss_con: -0.516 energy_loss: 207.745
[GPU1] epochs: [18/800] train_loss_con: -0.519 energy_loss: 215.076
[GPU1] epochs: [19/800] train_loss_con: -0.523 energy_loss: 205.432
[GPU1] epochs: [20/800] train_loss_con: -0.526 energy_loss: 226.324
[GPU1] epochs: [21/800] train_loss_con: -0.529 energy_loss: 255.956
[GPU1] epochs: [22/800] train_loss_con: -0.525 energy_loss: 255.903
[GPU1] epochs: [23/800] train_loss_con: -0.531 energy_loss: 256.004
[GPU1] epochs: [24/800] train_loss_con: -0.532 energy_loss: 255.844
[GPU1] epochs: [25/800] train_loss_con: -0.535 energy_loss: 255.744
[GPU1] epochs: [26/800] train_loss_con: -0.536 energy_loss: 255.695
[GPU1] epochs: [27/800] train_loss_con: -0.533 energy_loss: 255.181
[GPU1] epochs: [28/800] train_loss_con: -0.537 energy_loss: 234.998
[GPU1] epochs: [29/800] train_loss_con: -0.536 energy_loss: 208.995
[GPU1] epochs: [30/800] train_loss_con: -0.535 energy_loss: 244.232
[GPU1] epochs: [31/800] train_loss_con: -0.535 energy_loss: 256.033
[GPU1] epochs: [32/800] train_loss_con: -0.547 energy_loss: 255.931
[GPU1] epochs: [33/800] train_loss_con: -0.551 energy_loss: 255.939
[GPU1] epochs: [34/800] train_loss_con: -0.545 energy_loss: 255.867
[GPU1] epochs: [35/800] train_loss_con: -0.545 energy_loss: 255.774
[GPU1] epochs: [36/800] train_loss_con: -0.543 energy_loss: 255.801
[GPU1] epochs: [37/800] train_loss_con: -0.544 energy_loss: 255.547
[GPU1] epochs: [38/800] train_loss_con: -0.549 energy_loss: 255.064
[GPU1] epochs: [39/800] train_loss_con: -0.546 energy_loss: 246.152
[GPU1] epochs: [40/800] train_loss_con: -0.548 energy_loss: 219.150
[GPU1] epochs: [41/800] train_loss_con: -0.551 energy_loss: 200.608
[GPU1] epochs: [42/800] train_loss_con: -0.553 energy_loss: 193.749
[GPU1] epochs: [43/800] train_loss_con: -0.547 energy_loss: 188.868
[GPU1] epochs: [44/800] train_loss_con: -0.553 energy_loss: 188.895
[GPU1] epochs: [45/800] train_loss_con: -0.549 energy_loss: 177.674
[GPU1] epochs: [46/800] train_loss_con: -0.550 energy_loss: 175.124
[GPU1] epochs: [47/800] train_loss_con: -0.547 energy_loss: 222.860
[GPU1] epochs: [48/800] train_loss_con: -0.553 energy_loss: 255.925
[GPU1] epochs: [49/800] train_loss_con: -0.547 energy_loss: 255.922
[GPU1] epochs: [50/800] train_loss_con: -0.551 energy_loss: 255.886
[GPU1] epochs: [51/800] train_loss_con: -0.551 energy_loss: 255.878
[GPU1] epochs: [52/800] train_loss_con: -0.549 energy_loss: 255.725
[GPU1] epochs: [53/800] train_loss_con: -0.548 energy_loss: 255.662
[GPU1] epochs: [54/800] train_loss_con: -0.550 energy_loss: 255.241
[GPU1] epochs: [55/800] train_loss_con: -0.548 energy_loss: 253.710
[GPU1] epochs: [56/800] train_loss_con: -0.551 energy_loss: 188.575
[GPU1] epochs: [57/800] train_loss_con: -0.553 energy_loss: 166.459
[GPU1] epochs: [58/800] train_loss_con: -0.549 energy_loss: 137.015
[GPU1] epochs: [59/800] train_loss_con: -0.551 energy_loss: 133.415
[GPU1] epochs: [60/800] train_loss_con: -0.552 energy_loss: 147.390
[GPU1] epochs: [61/800] train_loss_con: -0.551 energy_loss: 111.439
[GPU1] epochs: [62/800] train_loss_con: -0.550 energy_loss: 160.941
[GPU1] epochs: [63/800] train_loss_con: -0.545 energy_loss: 255.465
[GPU1] epochs: [64/800] train_loss_con: -0.545 energy_loss: 254.837
[GPU1] epochs: [65/800] train_loss_con: -0.547 energy_loss: 176.506
[GPU1] epochs: [66/800] train_loss_con: -0.551 energy_loss: 129.606
[GPU1] epochs: [67/800] train_loss_con: -0.545 energy_loss: 93.674
[GPU1] epochs: [68/800] train_loss_con: -0.548 energy_loss: 102.535
[GPU1] epochs: [69/800] train_loss_con: -0.549 energy_loss: 103.663
[GPU1] epochs: [70/800] train_loss_con: -0.549 energy_loss: 84.054
[GPU1] epochs: [71/800] train_loss_con: -0.544 energy_loss: 83.330
[GPU1] epochs: [72/800] train_loss_con: -0.547 energy_loss: 84.355
[GPU1] epochs: [73/800] train_loss_con: -0.545 energy_loss: 77.041
[GPU1] epochs: [74/800] train_loss_con: -0.545 energy_loss: 71.980
[GPU1] epochs: [75/800] train_loss_con: -0.543 energy_loss: 79.276
[GPU1] epochs: [76/800] train_loss_con: -0.549 energy_loss: 109.542
[GPU1] epochs: [77/800] train_loss_con: -0.544 energy_loss: 69.916
[GPU1] epochs: [78/800] train_loss_con: -0.547 energy_loss: 68.367
[GPU1] epochs: [79/800] train_loss_con: -0.546 energy_loss: 66.451
[GPU1] epochs: [80/800] train_loss_con: -0.548 energy_loss: 64.744
[GPU1] epochs: [81/800] train_loss_con: -0.545 energy_loss: 63.576
[GPU1] epochs: [82/800] train_loss_con: -0.547 energy_loss: 65.115
[GPU1] epochs: [83/800] train_loss_con: -0.549 energy_loss: 67.531
[GPU1] epochs: [84/800] train_loss_con: -0.544 energy_loss: 66.356
[GPU1] epochs: [85/800] train_loss_con: -0.549 energy_loss: 65.294
[GPU1] epochs: [86/800] train_loss_con: -0.548 energy_loss: 63.356
[GPU1] epochs: [87/800] train_loss_con: -0.549 energy_loss: 62.204
[GPU1] epochs: [88/800] train_loss_con: -0.547 energy_loss: 60.674
[GPU1] epochs: [89/800] train_loss_con: -0.548 energy_loss: 60.033
[GPU1] epochs: [90/800] train_loss_con: -0.549 energy_loss: 59.531
[GPU1] epochs: [91/800] train_loss_con: -0.550 energy_loss: 59.169
[GPU1] epochs: [92/800] train_loss_con: -0.548 energy_loss: 58.557
[GPU1] epochs: [93/800] train_loss_con: -0.549 energy_loss: 57.424
[GPU1] epochs: [94/800] train_loss_con: -0.548 energy_loss: 56.056
[GPU1] epochs: [95/800] train_loss_con: -0.546 energy_loss: 55.526
[GPU1] epochs: [96/800] train_loss_con: -0.548 energy_loss: 53.895
[GPU1] epochs: [97/800] train_loss_con: -0.547 energy_loss: 53.967
[GPU1] epochs: [98/800] train_loss_con: -0.549 energy_loss: 53.431
[GPU1] epochs: [99/800] train_loss_con: -0.548 energy_loss: 52.629
[GPU1] epochs: [100/800] train_loss_con: -0.547 energy_loss: 52.678
[GPU1] epochs: [101/800] train_loss_con: -0.548 energy_loss: 51.947
[GPU1] epochs: [102/800] train_loss_con: -0.547 energy_loss: 51.744
[GPU1] epochs: [103/800] train_loss_con: -0.549 energy_loss: 51.262
[GPU1] epochs: [104/800] train_loss_con: -0.549 energy_loss: 51.840
[GPU1] epochs: [105/800] train_loss_con: -0.548 energy_loss: 50.751
[GPU1] epochs: [106/800] train_loss_con: -0.549 energy_loss: 50.163
[GPU1] epochs: [107/800] train_loss_con: -0.549 energy_loss: 49.666
[GPU1] epochs: [108/800] train_loss_con: -0.549 energy_loss: 49.669
[GPU1] epochs: [109/800] train_loss_con: -0.548 energy_loss: 49.162
[GPU1] epochs: [110/800] train_loss_con: -0.551 energy_loss: 48.719
[GPU1] epochs: [111/800] train_loss_con: -0.552 energy_loss: 48.407
[GPU1] epochs: [112/800] train_loss_con: -0.550 energy_loss: 48.063
[GPU1] epochs: [113/800] train_loss_con: -0.550 energy_loss: 47.669
[GPU1] epochs: [114/800] train_loss_con: -0.549 energy_loss: 47.226
[GPU1] epochs: [115/800] train_loss_con: -0.550 energy_loss: 47.230
[GPU1] epochs: [116/800] train_loss_con: -0.550 energy_loss: 47.116
[GPU1] epochs: [117/800] train_loss_con: -0.552 energy_loss: 46.614
[GPU1] epochs: [118/800] train_loss_con: -0.551 energy_loss: 46.506
[GPU1] epochs: [119/800] train_loss_con: -0.552 energy_loss: 46.164
[GPU1] epochs: [120/800] train_loss_con: -0.552 energy_loss: 45.709
[GPU1] epochs: [121/800] train_loss_con: -0.550 energy_loss: 45.475
[GPU1] epochs: [122/800] train_loss_con: -0.552 energy_loss: 45.297
[GPU1] epochs: [123/800] train_loss_con: -0.550 energy_loss: 44.944
[GPU1] epochs: [124/800] train_loss_con: -0.552 energy_loss: 44.588
[GPU1] epochs: [125/800] train_loss_con: -0.552 energy_loss: 44.490
[GPU1] epochs: [126/800] train_loss_con: -0.554 energy_loss: 44.160
[GPU1] epochs: [127/800] train_loss_con: -0.554 energy_loss: 43.906
[GPU1] epochs: [128/800] train_loss_con: -0.552 energy_loss: 43.615
[GPU1] epochs: [129/800] train_loss_con: -0.552 energy_loss: 43.261
[GPU1] epochs: [130/800] train_loss_con: -0.554 energy_loss: 43.182
[GPU1] epochs: [131/800] train_loss_con: -0.553 energy_loss: 42.799
[GPU1] epochs: [132/800] train_loss_con: -0.552 energy_loss: 42.529
[GPU1] epochs: [133/800] train_loss_con: -0.552 energy_loss: 42.275
[GPU1] epochs: [134/800] train_loss_con: -0.554 energy_loss: 42.051
[GPU1] epochs: [135/800] train_loss_con: -0.554 energy_loss: 41.780
[GPU1] epochs: [136/800] train_loss_con: -0.559 energy_loss: 41.481
[GPU1] epochs: [137/800] train_loss_con: -0.556 energy_loss: 41.098
[GPU1] epochs: [138/800] train_loss_con: -0.556 energy_loss: 40.962
[GPU1] epochs: [139/800] train_loss_con: -0.556 energy_loss: 40.677
[GPU1] epochs: [140/800] train_loss_con: -0.556 energy_loss: 40.484
[GPU1] epochs: [141/800] train_loss_con: -0.558 energy_loss: 40.203
[GPU1] epochs: [142/800] train_loss_con: -0.556 energy_loss: 39.871
[GPU1] epochs: [143/800] train_loss_con: -0.557 energy_loss: 39.454
[GPU1] epochs: [144/800] train_loss_con: -0.558 energy_loss: 39.273
[GPU1] epochs: [145/800] train_loss_con: -0.559 energy_loss: 38.867
[GPU1] epochs: [146/800] train_loss_con: -0.559 energy_loss: 38.801
[GPU1] epochs: [147/800] train_loss_con: -0.557 energy_loss: 38.510
[GPU1] epochs: [148/800] train_loss_con: -0.561 energy_loss: 38.248
[GPU1] epochs: [149/800] train_loss_con: -0.560 energy_loss: 38.013
[GPU1] epochs: [150/800] train_loss_con: -0.560 energy_loss: 37.836
[GPU1] epochs: [151/800] train_loss_con: -0.560 energy_loss: 37.448
[GPU1] epochs: [152/800] train_loss_con: -0.561 energy_loss: 37.231
[GPU1] epochs: [153/800] train_loss_con: -0.562 energy_loss: 36.931
[GPU1] epochs: [154/800] train_loss_con: -0.564 energy_loss: 36.928
[GPU1] epochs: [155/800] train_loss_con: -0.562 energy_loss: 36.585
[GPU1] epochs: [156/800] train_loss_con: -0.561 energy_loss: 36.422
[GPU1] epochs: [157/800] train_loss_con: -0.562 energy_loss: 36.173
[GPU1] epochs: [158/800] train_loss_con: -0.562 energy_loss: 35.878
[GPU1] epochs: [159/800] train_loss_con: -0.562 energy_loss: 35.664
[GPU1] epochs: [160/800] train_loss_con: -0.562 energy_loss: 35.571
[GPU1] epochs: [161/800] train_loss_con: -0.564 energy_loss: 35.220
[GPU1] epochs: [162/800] train_loss_con: -0.564 energy_loss: 34.963
[GPU1] epochs: [163/800] train_loss_con: -0.566 energy_loss: 34.689
[GPU1] epochs: [164/800] train_loss_con: -0.564 energy_loss: 34.462
[GPU1] epochs: [165/800] train_loss_con: -0.565 energy_loss: 34.125
[GPU1] epochs: [166/800] train_loss_con: -0.566 energy_loss: 33.866
[GPU1] epochs: [167/800] train_loss_con: -0.565 energy_loss: 33.563
[GPU1] epochs: [168/800] train_loss_con: -0.564 energy_loss: 33.344
[GPU1] epochs: [169/800] train_loss_con: -0.566 energy_loss: 33.228
[GPU1] epochs: [170/800] train_loss_con: -0.565 energy_loss: 32.817
[GPU1] epochs: [171/800] train_loss_con: -0.566 energy_loss: 32.664
[GPU1] epochs: [172/800] train_loss_con: -0.565 energy_loss: 32.236
[GPU1] epochs: [173/800] train_loss_con: -0.567 energy_loss: 32.111
[GPU1] epochs: [174/800] train_loss_con: -0.565 energy_loss: 31.731
[GPU1] epochs: [175/800] train_loss_con: -0.565 energy_loss: 31.523
[GPU1] epochs: [176/800] train_loss_con: -0.567 energy_loss: 31.252
[GPU1] epochs: [177/800] train_loss_con: -0.567 energy_loss: 30.944
[GPU1] epochs: [178/800] train_loss_con: -0.565 energy_loss: 30.690
[GPU1] epochs: [179/800] train_loss_con: -0.567 energy_loss: 30.409
[GPU1] epochs: [180/800] train_loss_con: -0.566 energy_loss: 30.176
[GPU1] epochs: [181/800] train_loss_con: -0.567 energy_loss: 29.838
[GPU1] epochs: [182/800] train_loss_con: -0.567 energy_loss: 29.519
[GPU1] epochs: [183/800] train_loss_con: -0.567 energy_loss: 29.203
[GPU1] epochs: [184/800] train_loss_con: -0.566 energy_loss: 28.872
[GPU1] epochs: [185/800] train_loss_con: -0.566 energy_loss: 28.692
[GPU1] epochs: [186/800] train_loss_con: -0.566 energy_loss: 28.371
[GPU1] epochs: [187/800] train_loss_con: -0.565 energy_loss: 28.129
[GPU1] epochs: [188/800] train_loss_con: -0.567 energy_loss: 27.748
[GPU1] epochs: [189/800] train_loss_con: -0.565 energy_loss: 27.597
[GPU1] epochs: [190/800] train_loss_con: -0.567 energy_loss: 27.462
[GPU1] epochs: [191/800] train_loss_con: -0.567 energy_loss: 27.127
[GPU1] epochs: [192/800] train_loss_con: -0.567 energy_loss: 26.858
[GPU1] epochs: [193/800] train_loss_con: -0.566 energy_loss: 26.704
[GPU1] epochs: [194/800] train_loss_con: -0.568 energy_loss: 26.521
[GPU1] epochs: [195/800] train_loss_con: -0.568 energy_loss: 26.442
[GPU1] epochs: [196/800] train_loss_con: -0.567 energy_loss: 26.110
[GPU1] epochs: [197/800] train_loss_con: -0.567 energy_loss: 25.936
[GPU1] epochs: [198/800] train_loss_con: -0.566 energy_loss: 25.734
[GPU1] epochs: [199/800] train_loss_con: -0.566 energy_loss: 25.544
[GPU1] epochs: [200/800] train_loss_con: -0.566 energy_loss: 25.269
[GPU1] epochs: [201/800] train_loss_con: -0.566 energy_loss: 25.124
[GPU1] epochs: [202/800] train_loss_con: -0.568 energy_loss: 24.785
[GPU1] epochs: [203/800] train_loss_con: -0.566 energy_loss: 24.705
[GPU1] epochs: [204/800] train_loss_con: -0.567 energy_loss: 24.453
[GPU1] epochs: [205/800] train_loss_con: -0.566 energy_loss: 24.418
[GPU1] epochs: [206/800] train_loss_con: -0.565 energy_loss: 24.186
[GPU1] epochs: [207/800] train_loss_con: -0.567 energy_loss: 24.034
[GPU1] epochs: [208/800] train_loss_con: -0.564 energy_loss: 23.992
[GPU1] epochs: [209/800] train_loss_con: -0.565 energy_loss: 23.745
[GPU1] epochs: [210/800] train_loss_con: -0.565 energy_loss: 94.979
[GPU1] epochs: [211/800] train_loss_con: -0.566 energy_loss: 57.536
[GPU1] epochs: [212/800] train_loss_con: -0.564 energy_loss: 34.097
[GPU1] epochs: [213/800] train_loss_con: -0.567 energy_loss: 28.865
[GPU1] epochs: [214/800] train_loss_con: -0.566 energy_loss: 26.812
[GPU1] epochs: [215/800] train_loss_con: -0.566 energy_loss: 26.184
[GPU1] epochs: [216/800] train_loss_con: -0.568 energy_loss: 25.774
[GPU1] epochs: [217/800] train_loss_con: -0.566 energy_loss: 25.806
[GPU1] epochs: [218/800] train_loss_con: -0.565 energy_loss: 25.587
[GPU1] epochs: [219/800] train_loss_con: -0.565 energy_loss: 25.136
[GPU1] epochs: [220/800] train_loss_con: -0.566 energy_loss: 24.994
[GPU1] epochs: [221/800] train_loss_con: -0.566 energy_loss: 24.798
[GPU1] epochs: [222/800] train_loss_con: -0.565 energy_loss: 24.791
[GPU1] epochs: [223/800] train_loss_con: -0.565 energy_loss: 24.804
[GPU1] epochs: [224/800] train_loss_con: -0.566 energy_loss: 25.844
[GPU1] epochs: [225/800] train_loss_con: -0.566 energy_loss: 24.125
[GPU1] epochs: [226/800] train_loss_con: -0.565 energy_loss: 23.468
[GPU1] epochs: [227/800] train_loss_con: -0.563 energy_loss: 23.187
[GPU1] epochs: [228/800] train_loss_con: -0.565 energy_loss: 22.862
[GPU1] epochs: [229/800] train_loss_con: -0.565 energy_loss: 22.878
[GPU1] epochs: [230/800] train_loss_con: -0.566 energy_loss: 22.434
[GPU1] epochs: [231/800] train_loss_con: -0.565 energy_loss: 22.113
[GPU1] epochs: [232/800] train_loss_con: -0.564 energy_loss: 21.881
[GPU1] epochs: [233/800] train_loss_con: -0.567 energy_loss: 21.628
[GPU1] epochs: [234/800] train_loss_con: -0.567 energy_loss: 21.348
[GPU1] epochs: [235/800] train_loss_con: -0.565 energy_loss: 21.194
[GPU1] epochs: [236/800] train_loss_con: -0.565 energy_loss: 20.771
[GPU1] epochs: [237/800] train_loss_con: -0.564 energy_loss: 20.342
[GPU1] epochs: [238/800] train_loss_con: -0.563 energy_loss: 20.113
[GPU1] epochs: [239/800] train_loss_con: -0.566 energy_loss: 19.774
[GPU1] epochs: [240/800] train_loss_con: -0.564 energy_loss: 19.494
[GPU1] epochs: [241/800] train_loss_con: -0.564 energy_loss: 19.146
[GPU1] epochs: [242/800] train_loss_con: -0.565 energy_loss: 18.889
[GPU1] epochs: [243/800] train_loss_con: -0.565 energy_loss: 18.542
[GPU1] epochs: [244/800] train_loss_con: -0.565 energy_loss: 18.237
[GPU1] epochs: [245/800] train_loss_con: -0.567 energy_loss: 17.984
[GPU1] epochs: [246/800] train_loss_con: -0.566 energy_loss: 17.849
[GPU1] epochs: [247/800] train_loss_con: -0.566 energy_loss: 17.687
[GPU1] epochs: [248/800] train_loss_con: -0.562 energy_loss: 17.553
[GPU1] epochs: [249/800] train_loss_con: -0.565 energy_loss: 17.339
[GPU1] epochs: [250/800] train_loss_con: -0.566 energy_loss: 17.102
[GPU1] epochs: [251/800] train_loss_con: -0.566 energy_loss: 17.028
[GPU1] epochs: [252/800] train_loss_con: -0.565 energy_loss: 16.973
[GPU1] epochs: [253/800] train_loss_con: -0.565 energy_loss: 16.628
[GPU1] epochs: [254/800] train_loss_con: -0.567 energy_loss: 16.457
[GPU1] epochs: [255/800] train_loss_con: -0.564 energy_loss: 16.222
[GPU1] epochs: [256/800] train_loss_con: -0.565 energy_loss: 15.983
[GPU1] epochs: [257/800] train_loss_con: -0.566 energy_loss: 15.824
[GPU1] epochs: [258/800] train_loss_con: -0.565 energy_loss: 15.701
[GPU1] epochs: [259/800] train_loss_con: -0.566 energy_loss: 15.622
[GPU1] epochs: [260/800] train_loss_con: -0.564 energy_loss: 15.441
[GPU1] epochs: [261/800] train_loss_con: -0.564 energy_loss: 15.476
[GPU1] epochs: [262/800] train_loss_con: -0.567 energy_loss: 15.340
[GPU1] epochs: [263/800] train_loss_con: -0.567 energy_loss: 14.995
[GPU1] epochs: [264/800] train_loss_con: -0.565 energy_loss: 14.825
[GPU1] epochs: [265/800] train_loss_con: -0.565 energy_loss: 24.330
[GPU1] epochs: [266/800] train_loss_con: -0.564 energy_loss: 36.537
[GPU1] epochs: [267/800] train_loss_con: -0.566 energy_loss: 16.082
[GPU1] epochs: [268/800] train_loss_con: -0.566 energy_loss: 15.577
[GPU1] epochs: [269/800] train_loss_con: -0.565 energy_loss: 14.937
[GPU1] epochs: [270/800] train_loss_con: -0.566 energy_loss: 15.039
[GPU1] epochs: [271/800] train_loss_con: -0.565 energy_loss: 14.896
[GPU1] epochs: [272/800] train_loss_con: -0.564 energy_loss: 14.566
[GPU1] epochs: [273/800] train_loss_con: -0.565 energy_loss: 13.996
[GPU1] epochs: [274/800] train_loss_con: -0.567 energy_loss: 13.871
[GPU1] epochs: [275/800] train_loss_con: -0.564 energy_loss: 13.465
[GPU1] epochs: [276/800] train_loss_con: -0.566 energy_loss: 13.544
[GPU1] epochs: [277/800] train_loss_con: -0.566 energy_loss: 13.564
[GPU1] epochs: [278/800] train_loss_con: -0.566 energy_loss: 12.966
[GPU1] epochs: [279/800] train_loss_con: -0.568 energy_loss: 12.895
[GPU1] epochs: [280/800] train_loss_con: -0.565 energy_loss: 12.629
[GPU1] epochs: [281/800] train_loss_con: -0.565 energy_loss: 12.261
[GPU1] epochs: [282/800] train_loss_con: -0.566 energy_loss: 12.093
[GPU1] epochs: [283/800] train_loss_con: -0.565 energy_loss: 11.905
[GPU1] epochs: [284/800] train_loss_con: -0.566 energy_loss: 11.682
[GPU1] epochs: [285/800] train_loss_con: -0.565 energy_loss: 11.542
[GPU1] epochs: [286/800] train_loss_con: -0.567 energy_loss: 11.393
[GPU1] epochs: [287/800] train_loss_con: -0.566 energy_loss: 11.226
[GPU1] epochs: [288/800] train_loss_con: -0.568 energy_loss: 11.017
[GPU1] epochs: [289/800] train_loss_con: -0.565 energy_loss: 10.884
[GPU1] epochs: [290/800] train_loss_con: -0.568 energy_loss: 10.658
[GPU1] epochs: [291/800] train_loss_con: -0.565 energy_loss: 10.438
[GPU1] epochs: [292/800] train_loss_con: -0.567 energy_loss: 10.371
[GPU1] epochs: [293/800] train_loss_con: -0.566 energy_loss: 10.205
[GPU1] epochs: [294/800] train_loss_con: -0.566 energy_loss: 10.038
[GPU1] epochs: [295/800] train_loss_con: -0.569 energy_loss: 9.876
[GPU1] epochs: [296/800] train_loss_con: -0.567 energy_loss: 9.736
[GPU1] epochs: [297/800] train_loss_con: -0.565 energy_loss: 9.610
[GPU1] epochs: [298/800] train_loss_con: -0.569 energy_loss: 9.442
[GPU1] epochs: [299/800] train_loss_con: -0.568 energy_loss: 9.376
[GPU1] epochs: [300/800] train_loss_con: -0.566 energy_loss: 9.182
[GPU1] epochs: [301/800] train_loss_con: -0.567 energy_loss: 9.107
[GPU1] epochs: [302/800] train_loss_con: -0.567 energy_loss: 8.944
[GPU1] epochs: [303/800] train_loss_con: -0.568 energy_loss: 8.879
[GPU1] epochs: [304/800] train_loss_con: -0.569 energy_loss: 8.790
[GPU1] epochs: [305/800] train_loss_con: -0.568 energy_loss: 8.615
[GPU1] epochs: [306/800] train_loss_con: -0.567 energy_loss: 8.465
[GPU1] epochs: [307/800] train_loss_con: -0.569 energy_loss: 8.334
[GPU1] epochs: [308/800] train_loss_con: -0.568 energy_loss: 8.263
[GPU1] epochs: [309/800] train_loss_con: -0.567 energy_loss: 8.166
[GPU1] epochs: [310/800] train_loss_con: -0.569 energy_loss: 8.061
[GPU1] epochs: [311/800] train_loss_con: -0.569 energy_loss: 7.954
[GPU1] epochs: [312/800] train_loss_con: -0.568 energy_loss: 7.872
[GPU1] epochs: [313/800] train_loss_con: -0.570 energy_loss: 7.733
[GPU1] epochs: [314/800] train_loss_con: -0.569 energy_loss: 7.591
[GPU1] epochs: [315/800] train_loss_con: -0.569 energy_loss: 7.490
[GPU1] epochs: [316/800] train_loss_con: -0.568 energy_loss: 7.383
[GPU1] epochs: [317/800] train_loss_con: -0.571 energy_loss: 7.282
[GPU1] epochs: [318/800] train_loss_con: -0.568 energy_loss: 7.213
[GPU1] epochs: [319/800] train_loss_con: -0.570 energy_loss: 7.049
[GPU1] epochs: [320/800] train_loss_con: -0.570 energy_loss: 7.012
[GPU1] epochs: [321/800] train_loss_con: -0.569 energy_loss: 6.898
[GPU1] epochs: [322/800] train_loss_con: -0.568 energy_loss: 6.802
[GPU1] epochs: [323/800] train_loss_con: -0.569 energy_loss: 6.708
[GPU1] epochs: [324/800] train_loss_con: -0.568 energy_loss: 6.586
[GPU1] epochs: [325/800] train_loss_con: -0.568 energy_loss: 6.522
[GPU1] epochs: [326/800] train_loss_con: -0.569 energy_loss: 6.400
[GPU1] epochs: [327/800] train_loss_con: -0.568 energy_loss: 6.305
[GPU1] epochs: [328/800] train_loss_con: -0.570 energy_loss: 6.275
[GPU1] epochs: [329/800] train_loss_con: -0.572 energy_loss: 6.168
[GPU1] epochs: [330/800] train_loss_con: -0.571 energy_loss: 6.096
[GPU1] epochs: [331/800] train_loss_con: -0.570 energy_loss: 5.995
[GPU1] epochs: [332/800] train_loss_con: -0.571 energy_loss: 5.930
[GPU1] epochs: [333/800] train_loss_con: -0.568 energy_loss: 5.831
[GPU1] epochs: [334/800] train_loss_con: -0.571 energy_loss: 5.751
[GPU1] epochs: [335/800] train_loss_con: -0.571 energy_loss: 5.714
[GPU1] epochs: [336/800] train_loss_con: -0.570 energy_loss: 5.622
[GPU1] epochs: [337/800] train_loss_con: -0.569 energy_loss: 5.608
[GPU1] epochs: [338/800] train_loss_con: -0.571 energy_loss: 5.500
[GPU1] epochs: [339/800] train_loss_con: -0.572 energy_loss: 5.421
[GPU1] epochs: [340/800] train_loss_con: -0.570 energy_loss: 5.324
[GPU1] epochs: [341/800] train_loss_con: -0.570 energy_loss: 5.266
[GPU1] epochs: [342/800] train_loss_con: -0.570 energy_loss: 5.179
[GPU1] epochs: [343/800] train_loss_con: -0.570 energy_loss: 5.138
[GPU1] epochs: [344/800] train_loss_con: -0.570 energy_loss: 5.081
[GPU1] epochs: [345/800] train_loss_con: -0.573 energy_loss: 5.026
[GPU1] epochs: [346/800] train_loss_con: -0.572 energy_loss: 4.988
[GPU1] epochs: [347/800] train_loss_con: -0.570 energy_loss: 4.900
[GPU1] epochs: [348/800] train_loss_con: -0.573 energy_loss: 4.897
[GPU1] epochs: [349/800] train_loss_con: -0.573 energy_loss: 4.848
[GPU1] epochs: [350/800] train_loss_con: -0.571 energy_loss: 4.755
[GPU1] epochs: [351/800] train_loss_con: -0.569 energy_loss: 4.716
[GPU1] epochs: [352/800] train_loss_con: -0.572 energy_loss: 4.670
[GPU1] epochs: [353/800] train_loss_con: -0.570 energy_loss: 4.615
[GPU1] epochs: [354/800] train_loss_con: -0.573 energy_loss: 4.547
[GPU1] epochs: [355/800] train_loss_con: -0.574 energy_loss: 4.548
[GPU1] epochs: [356/800] train_loss_con: -0.574 energy_loss: 4.486
[GPU1] epochs: [357/800] train_loss_con: -0.572 energy_loss: 4.452
[GPU1] epochs: [358/800] train_loss_con: -0.573 energy_loss: 4.425
[GPU1] epochs: [359/800] train_loss_con: -0.574 energy_loss: 4.339
[GPU1] epochs: [360/800] train_loss_con: -0.575 energy_loss: 4.290
[GPU1] epochs: [361/800] train_loss_con: -0.574 energy_loss: 4.278
[GPU1] epochs: [362/800] train_loss_con: -0.575 energy_loss: 4.230
[GPU1] epochs: [363/800] train_loss_con: -0.575 energy_loss: 4.189
[GPU1] epochs: [364/800] train_loss_con: -0.576 energy_loss: 4.151
[GPU1] epochs: [365/800] train_loss_con: -0.574 energy_loss: 4.142
[GPU1] epochs: [366/800] train_loss_con: -0.574 energy_loss: 4.101
[GPU1] epochs: [367/800] train_loss_con: -0.575 energy_loss: 4.048
[GPU1] epochs: [368/800] train_loss_con: -0.573 energy_loss: 4.011
[GPU1] epochs: [369/800] train_loss_con: -0.576 energy_loss: 3.982
[GPU1] epochs: [370/800] train_loss_con: -0.575 energy_loss: 3.944
[GPU1] epochs: [371/800] train_loss_con: -0.575 energy_loss: 3.873
[GPU1] epochs: [372/800] train_loss_con: -0.576 energy_loss: 3.873
[GPU1] epochs: [373/800] train_loss_con: -0.576 energy_loss: 3.840
[GPU1] epochs: [374/800] train_loss_con: -0.577 energy_loss: 3.800
[GPU1] epochs: [375/800] train_loss_con: -0.575 energy_loss: 3.744
[GPU1] epochs: [376/800] train_loss_con: -0.577 energy_loss: 3.708
[GPU1] epochs: [377/800] train_loss_con: -0.576 energy_loss: 3.691
[GPU1] epochs: [378/800] train_loss_con: -0.576 energy_loss: 3.645
[GPU1] epochs: [379/800] train_loss_con: -0.577 energy_loss: 3.625
[GPU1] epochs: [380/800] train_loss_con: -0.578 energy_loss: 3.623
[GPU1] epochs: [381/800] train_loss_con: -0.578 energy_loss: 3.600
[GPU1] epochs: [382/800] train_loss_con: -0.578 energy_loss: 3.585
[GPU1] epochs: [383/800] train_loss_con: -0.576 energy_loss: 3.544
[GPU1] epochs: [384/800] train_loss_con: -0.577 energy_loss: 3.500
[GPU1] epochs: [385/800] train_loss_con: -0.577 energy_loss: 3.473
[GPU1] epochs: [386/800] train_loss_con: -0.576 energy_loss: 3.454
[GPU1] epochs: [387/800] train_loss_con: -0.577 energy_loss: 3.452
[GPU1] epochs: [388/800] train_loss_con: -0.579 energy_loss: 3.404
[GPU1] epochs: [389/800] train_loss_con: -0.578 energy_loss: 3.356
[GPU1] epochs: [390/800] train_loss_con: -0.579 energy_loss: 3.348
[GPU1] epochs: [391/800] train_loss_con: -0.578 energy_loss: 3.336
[GPU1] epochs: [392/800] train_loss_con: -0.578 energy_loss: 3.287
[GPU1] epochs: [393/800] train_loss_con: -0.579 energy_loss: 3.281
[GPU1] epochs: [394/800] train_loss_con: -0.579 energy_loss: 3.269
[GPU1] epochs: [395/800] train_loss_con: -0.579 energy_loss: 3.256
[GPU1] epochs: [396/800] train_loss_con: -0.580 energy_loss: 3.235
[GPU1] epochs: [397/800] train_loss_con: -0.581 energy_loss: 3.225
[GPU1] epochs: [398/800] train_loss_con: -0.581 energy_loss: 3.205
[GPU1] epochs: [399/800] train_loss_con: -0.579 energy_loss: 3.199
[GPU1] epochs: [400/800] train_loss_con: -0.580 energy_loss: 3.192
[GPU1] epochs: [401/800] train_loss_con: -0.581 energy_loss: 3.151
[GPU1] epochs: [402/800] train_loss_con: -0.582 energy_loss: 3.160
[GPU1] epochs: [403/800] train_loss_con: -0.579 energy_loss: 3.140
[GPU1] epochs: [404/800] train_loss_con: -0.580 energy_loss: 3.129
[GPU1] epochs: [405/800] train_loss_con: -0.580 energy_loss: 3.098
[GPU1] epochs: [406/800] train_loss_con: -0.581 energy_loss: 3.079
[GPU1] epochs: [407/800] train_loss_con: -0.582 energy_loss: 3.050
[GPU1] epochs: [408/800] train_loss_con: -0.582 energy_loss: 3.063
[GPU1] epochs: [409/800] train_loss_con: -0.583 energy_loss: 3.065
[GPU1] epochs: [410/800] train_loss_con: -0.581 energy_loss: 3.014
[GPU1] epochs: [411/800] train_loss_con: -0.582 energy_loss: 2.969
[GPU1] epochs: [412/800] train_loss_con: -0.581 energy_loss: 2.955
[GPU1] epochs: [413/800] train_loss_con: -0.582 energy_loss: 2.953
[GPU1] epochs: [414/800] train_loss_con: -0.583 energy_loss: 2.910
[GPU1] epochs: [415/800] train_loss_con: -0.583 energy_loss: 2.915
[GPU1] epochs: [416/800] train_loss_con: -0.583 energy_loss: 2.898
[GPU1] epochs: [417/800] train_loss_con: -0.585 energy_loss: 2.886
[GPU1] epochs: [418/800] train_loss_con: -0.584 energy_loss: 2.845
[GPU1] epochs: [419/800] train_loss_con: -0.583 energy_loss: 2.843
[GPU1] epochs: [420/800] train_loss_con: -0.583 energy_loss: 2.811
[GPU1] epochs: [421/800] train_loss_con: -0.582 energy_loss: 2.827
[GPU1] epochs: [422/800] train_loss_con: -0.584 energy_loss: 2.800
[GPU1] epochs: [423/800] train_loss_con: -0.585 energy_loss: 2.777
[GPU1] epochs: [424/800] train_loss_con: -0.584 energy_loss: 2.745
[GPU1] epochs: [425/800] train_loss_con: -0.583 energy_loss: 2.776
[GPU1] epochs: [426/800] train_loss_con: -0.584 energy_loss: 2.752
[GPU1] epochs: [427/800] train_loss_con: -0.584 energy_loss: 2.750
[GPU1] epochs: [428/800] train_loss_con: -0.584 energy_loss: 2.745
[GPU1] epochs: [429/800] train_loss_con: -0.586 energy_loss: 2.722
[GPU1] epochs: [430/800] train_loss_con: -0.586 energy_loss: 2.726
[GPU1] epochs: [431/800] train_loss_con: -0.586 energy_loss: 2.697
[GPU1] epochs: [432/800] train_loss_con: -0.587 energy_loss: 2.634
[GPU1] epochs: [433/800] train_loss_con: -0.587 energy_loss: 2.609
[GPU1] epochs: [434/800] train_loss_con: -0.585 energy_loss: 2.601
[GPU1] epochs: [435/800] train_loss_con: -0.587 energy_loss: 2.620
[GPU1] epochs: [436/800] train_loss_con: -0.588 energy_loss: 2.609
[GPU1] epochs: [437/800] train_loss_con: -0.585 energy_loss: 2.594
[GPU1] epochs: [438/800] train_loss_con: -0.586 energy_loss: 2.592
[GPU1] epochs: [439/800] train_loss_con: -0.588 energy_loss: 2.597
[GPU1] epochs: [440/800] train_loss_con: -0.587 energy_loss: 2.579
[GPU1] epochs: [441/800] train_loss_con: -0.587 energy_loss: 2.579
[GPU1] epochs: [442/800] train_loss_con: -0.588 energy_loss: 2.592
[GPU1] epochs: [443/800] train_loss_con: -0.588 energy_loss: 2.554
[GPU1] epochs: [444/800] train_loss_con: -0.586 energy_loss: 2.542
[GPU1] epochs: [445/800] train_loss_con: -0.587 energy_loss: 2.543
[GPU1] epochs: [446/800] train_loss_con: -0.588 energy_loss: 2.539
[GPU1] epochs: [447/800] train_loss_con: -0.589 energy_loss: 2.498
[GPU1] epochs: [448/800] train_loss_con: -0.589 energy_loss: 2.482
[GPU1] epochs: [449/800] train_loss_con: -0.588 energy_loss: 2.444
[GPU1] epochs: [450/800] train_loss_con: -0.588 energy_loss: 2.468
[GPU1] epochs: [451/800] train_loss_con: -0.592 energy_loss: 2.446
[GPU1] epochs: [452/800] train_loss_con: -0.589 energy_loss: 2.421
[GPU1] epochs: [453/800] train_loss_con: -0.590 energy_loss: 2.410
[GPU1] epochs: [454/800] train_loss_con: -0.589 energy_loss: 2.405
[GPU1] epochs: [455/800] train_loss_con: -0.589 energy_loss: 2.383
[GPU1] epochs: [456/800] train_loss_con: -0.589 energy_loss: 2.423
[GPU1] epochs: [457/800] train_loss_con: -0.590 energy_loss: 2.392
[GPU1] epochs: [458/800] train_loss_con: -0.589 energy_loss: 2.399
[GPU1] epochs: [459/800] train_loss_con: -0.592 energy_loss: 2.645
[GPU1] epochs: [460/800] train_loss_con: -0.589 energy_loss: 2.365
[GPU1] epochs: [461/800] train_loss_con: -0.592 energy_loss: 2.339
[GPU1] epochs: [462/800] train_loss_con: -0.591 energy_loss: 2.341
[GPU1] epochs: [463/800] train_loss_con: -0.589 energy_loss: 2.310
[GPU1] epochs: [464/800] train_loss_con: -0.591 energy_loss: 2.321
[GPU1] epochs: [465/800] train_loss_con: -0.591 energy_loss: 2.299
[GPU1] epochs: [466/800] train_loss_con: -0.593 energy_loss: 2.302
[GPU1] epochs: [467/800] train_loss_con: -0.592 energy_loss: 2.296
[GPU1] epochs: [468/800] train_loss_con: -0.591 energy_loss: 2.293
[GPU1] epochs: [469/800] train_loss_con: -0.594 energy_loss: 2.298
[GPU1] epochs: [470/800] train_loss_con: -0.594 energy_loss: 2.262
[GPU1] epochs: [471/800] train_loss_con: -0.593 energy_loss: 2.250
[GPU1] epochs: [472/800] train_loss_con: -0.592 energy_loss: 2.255
[GPU1] epochs: [473/800] train_loss_con: -0.592 energy_loss: 2.273
[GPU1] epochs: [474/800] train_loss_con: -0.593 energy_loss: 2.237
[GPU1] epochs: [475/800] train_loss_con: -0.593 energy_loss: 2.233
[GPU1] epochs: [476/800] train_loss_con: -0.594 energy_loss: 2.237
[GPU1] epochs: [477/800] train_loss_con: -0.592 energy_loss: 2.208
[GPU1] epochs: [478/800] train_loss_con: -0.594 energy_loss: 2.192
[GPU1] epochs: [479/800] train_loss_con: -0.595 energy_loss: 2.199
[GPU1] epochs: [480/800] train_loss_con: -0.594 energy_loss: 2.189
[GPU1] epochs: [481/800] train_loss_con: -0.595 energy_loss: 2.198
[GPU1] epochs: [482/800] train_loss_con: -0.594 energy_loss: 2.197
[GPU1] epochs: [483/800] train_loss_con: -0.595 energy_loss: 2.187
[GPU1] epochs: [484/800] train_loss_con: -0.594 energy_loss: 2.174
[GPU1] epochs: [485/800] train_loss_con: -0.594 energy_loss: 2.164
[GPU1] epochs: [486/800] train_loss_con: -0.596 energy_loss: 2.114
[GPU1] epochs: [487/800] train_loss_con: -0.598 energy_loss: 2.150
[GPU1] epochs: [488/800] train_loss_con: -0.596 energy_loss: 2.121
[GPU1] epochs: [489/800] train_loss_con: -0.596 energy_loss: 2.108
[GPU1] epochs: [490/800] train_loss_con: -0.596 energy_loss: 2.146
[GPU1] epochs: [491/800] train_loss_con: -0.596 energy_loss: 2.106
[GPU1] epochs: [492/800] train_loss_con: -0.596 energy_loss: 2.080
[GPU1] epochs: [493/800] train_loss_con: -0.596 energy_loss: 2.297
[GPU1] epochs: [494/800] train_loss_con: -0.597 energy_loss: 2.169
[GPU1] epochs: [495/800] train_loss_con: -0.596 energy_loss: 2.074
[GPU1] epochs: [496/800] train_loss_con: -0.597 energy_loss: 2.078
[GPU1] epochs: [497/800] train_loss_con: -0.596 energy_loss: 2.076
[GPU1] epochs: [498/800] train_loss_con: -0.596 energy_loss: 2.037
[GPU1] epochs: [499/800] train_loss_con: -0.598 energy_loss: 2.050
[GPU1] epochs: [500/800] train_loss_con: -0.597 energy_loss: 2.063
[GPU1] epochs: [501/800] train_loss_con: -0.598 energy_loss: 2.059
[GPU1] epochs: [502/800] train_loss_con: -0.597 energy_loss: 2.076
[GPU1] epochs: [503/800] train_loss_con: -0.598 energy_loss: 2.058
[GPU1] epochs: [504/800] train_loss_con: -0.597 energy_loss: 2.040
[GPU1] epochs: [505/800] train_loss_con: -0.600 energy_loss: 2.033
[GPU1] epochs: [506/800] train_loss_con: -0.599 energy_loss: 2.044
[GPU1] epochs: [507/800] train_loss_con: -0.599 energy_loss: 2.025
[GPU1] epochs: [508/800] train_loss_con: -0.598 energy_loss: 2.012
[GPU1] epochs: [509/800] train_loss_con: -0.599 energy_loss: 2.833
[GPU1] epochs: [510/800] train_loss_con: -0.598 energy_loss: 2.020
[GPU1] epochs: [511/800] train_loss_con: -0.598 energy_loss: 1.964
[GPU1] epochs: [512/800] train_loss_con: -0.600 energy_loss: 1.965
[GPU1] epochs: [513/800] train_loss_con: -0.599 energy_loss: 1.953
[GPU1] epochs: [514/800] train_loss_con: -0.597 energy_loss: 1.946
[GPU1] epochs: [515/800] train_loss_con: -0.599 energy_loss: 1.929
[GPU1] epochs: [516/800] train_loss_con: -0.602 energy_loss: 1.933
[GPU1] epochs: [517/800] train_loss_con: -0.601 energy_loss: 1.919
[GPU1] epochs: [518/800] train_loss_con: -0.600 energy_loss: 1.917
[GPU1] epochs: [519/800] train_loss_con: -0.599 energy_loss: 1.911
[GPU1] epochs: [520/800] train_loss_con: -0.601 energy_loss: 1.908
[GPU1] epochs: [521/800] train_loss_con: -0.600 energy_loss: 1.908
[GPU1] epochs: [522/800] train_loss_con: -0.601 energy_loss: 1.884
[GPU1] epochs: [523/800] train_loss_con: -0.601 energy_loss: 1.907
[GPU1] epochs: [524/800] train_loss_con: -0.600 energy_loss: 1.884
[GPU1] epochs: [525/800] train_loss_con: -0.600 energy_loss: 1.881
[GPU1] epochs: [526/800] train_loss_con: -0.602 energy_loss: 1.893
[GPU1] epochs: [527/800] train_loss_con: -0.603 energy_loss: 1.872
[GPU1] epochs: [528/800] train_loss_con: -0.602 energy_loss: 1.887
[GPU1] epochs: [529/800] train_loss_con: -0.603 energy_loss: 1.869
[GPU1] epochs: [530/800] train_loss_con: -0.603 energy_loss: 1.865
[GPU1] epochs: [531/800] train_loss_con: -0.602 energy_loss: 1.867
[GPU1] epochs: [532/800] train_loss_con: -0.604 energy_loss: 1.848
[GPU1] epochs: [533/800] train_loss_con: -0.604 energy_loss: 1.860
[GPU1] epochs: [534/800] train_loss_con: -0.604 energy_loss: 1.840
[GPU1] epochs: [535/800] train_loss_con: -0.601 energy_loss: 1.849
[GPU1] epochs: [536/800] train_loss_con: -0.602 energy_loss: 1.830
[GPU1] epochs: [537/800] train_loss_con: -0.604 energy_loss: 1.832
[GPU1] epochs: [538/800] train_loss_con: -0.603 energy_loss: 1.820
[GPU1] epochs: [539/800] train_loss_con: -0.605 energy_loss: 1.826
[GPU1] epochs: [540/800] train_loss_con: -0.604 energy_loss: 1.797
[GPU1] epochs: [541/800] train_loss_con: -0.605 energy_loss: 1.818
[GPU1] epochs: [542/800] train_loss_con: -0.603 energy_loss: 1.805
[GPU1] epochs: [543/800] train_loss_con: -0.604 energy_loss: 1.791
[GPU1] epochs: [544/800] train_loss_con: -0.603 energy_loss: 1.784
[GPU1] epochs: [545/800] train_loss_con: -0.605 energy_loss: 1.774
[GPU1] epochs: [546/800] train_loss_con: -0.606 energy_loss: 1.775
[GPU1] epochs: [547/800] train_loss_con: -0.605 energy_loss: 1.759
[GPU1] epochs: [548/800] train_loss_con: -0.605 energy_loss: 1.771
[GPU1] epochs: [549/800] train_loss_con: -0.606 energy_loss: 1.765
[GPU1] epochs: [550/800] train_loss_con: -0.607 energy_loss: 1.743
[GPU1] epochs: [551/800] train_loss_con: -0.606 energy_loss: 1.754
[GPU1] epochs: [552/800] train_loss_con: -0.607 energy_loss: 1.764
[GPU1] epochs: [553/800] train_loss_con: -0.606 energy_loss: 1.745
[GPU1] epochs: [554/800] train_loss_con: -0.605 energy_loss: 1.741
[GPU1] epochs: [555/800] train_loss_con: -0.606 energy_loss: 1.721
[GPU1] epochs: [556/800] train_loss_con: -0.606 energy_loss: 1.715
[GPU1] epochs: [557/800] train_loss_con: -0.605 energy_loss: 1.715
[GPU1] epochs: [558/800] train_loss_con: -0.609 energy_loss: 1.707
[GPU1] epochs: [559/800] train_loss_con: -0.607 energy_loss: 1.705
[GPU1] epochs: [560/800] train_loss_con: -0.608 energy_loss: 1.705
[GPU1] epochs: [561/800] train_loss_con: -0.608 energy_loss: 1.695
[GPU1] epochs: [562/800] train_loss_con: -0.609 energy_loss: 1.703
[GPU1] epochs: [563/800] train_loss_con: -0.609 energy_loss: 1.708
[GPU1] epochs: [564/800] train_loss_con: -0.609 energy_loss: 1.678
[GPU1] epochs: [565/800] train_loss_con: -0.610 energy_loss: 1.675
[GPU1] epochs: [566/800] train_loss_con: -0.609 energy_loss: 1.682
[GPU1] epochs: [567/800] train_loss_con: -0.609 energy_loss: 1.692
[GPU1] epochs: [568/800] train_loss_con: -0.611 energy_loss: 1.668
[GPU1] epochs: [569/800] train_loss_con: -0.609 energy_loss: 1.683
[GPU1] epochs: [570/800] train_loss_con: -0.609 energy_loss: 1.668
[GPU1] epochs: [571/800] train_loss_con: -0.610 energy_loss: 1.669
[GPU1] epochs: [572/800] train_loss_con: -0.610 energy_loss: 1.650
[GPU1] epochs: [573/800] train_loss_con: -0.611 energy_loss: 1.651
[GPU1] epochs: [574/800] train_loss_con: -0.612 energy_loss: 1.690
[GPU1] epochs: [575/800] train_loss_con: -0.609 energy_loss: 1.638
[GPU1] epochs: [576/800] train_loss_con: -0.610 energy_loss: 1.622
[GPU1] epochs: [577/800] train_loss_con: -0.611 energy_loss: 1.611
[GPU1] epochs: [578/800] train_loss_con: -0.611 energy_loss: 1.625
[GPU1] epochs: [579/800] train_loss_con: -0.610 energy_loss: 1.604
[GPU1] epochs: [580/800] train_loss_con: -0.612 energy_loss: 1.594
[GPU1] epochs: [581/800] train_loss_con: -0.611 energy_loss: 1.600
[GPU1] epochs: [582/800] train_loss_con: -0.612 energy_loss: 1.596
[GPU1] epochs: [583/800] train_loss_con: -0.611 energy_loss: 1.593
[GPU1] epochs: [584/800] train_loss_con: -0.610 energy_loss: 1.587
[GPU1] epochs: [585/800] train_loss_con: -0.611 energy_loss: 1.582
[GPU1] epochs: [586/800] train_loss_con: -0.612 energy_loss: 1.571
[GPU1] epochs: [587/800] train_loss_con: -0.613 energy_loss: 1.580
[GPU1] epochs: [588/800] train_loss_con: -0.612 energy_loss: 1.572
[GPU1] epochs: [589/800] train_loss_con: -0.613 energy_loss: 1.546
[GPU1] epochs: [590/800] train_loss_con: -0.610 energy_loss: 1.550
[GPU1] epochs: [591/800] train_loss_con: -0.613 energy_loss: 1.539
[GPU1] epochs: [592/800] train_loss_con: -0.615 energy_loss: 1.573
[GPU1] epochs: [593/800] train_loss_con: -0.614 energy_loss: 1.528
[GPU1] epochs: [594/800] train_loss_con: -0.614 energy_loss: 1.516
[GPU1] epochs: [595/800] train_loss_con: -0.614 energy_loss: 1.525
[GPU1] epochs: [596/800] train_loss_con: -0.615 energy_loss: 1.529
[GPU1] epochs: [597/800] train_loss_con: -0.614 energy_loss: 1.514
[GPU1] epochs: [598/800] train_loss_con: -0.615 energy_loss: 1.513
[GPU1] epochs: [599/800] train_loss_con: -0.615 energy_loss: 1.519
[GPU1] epochs: [600/800] train_loss_con: -0.615 energy_loss: 1.527
[GPU1] epochs: [601/800] train_loss_con: -0.614 energy_loss: 1.510
[GPU1] epochs: [602/800] train_loss_con: -0.615 energy_loss: 1.505
[GPU1] epochs: [603/800] train_loss_con: -0.615 energy_loss: 1.506
[GPU1] epochs: [604/800] train_loss_con: -0.614 energy_loss: 1.514
[GPU1] epochs: [605/800] train_loss_con: -0.616 energy_loss: 1.511
[GPU1] epochs: [606/800] train_loss_con: -0.614 energy_loss: 1.476
[GPU1] epochs: [607/800] train_loss_con: -0.616 energy_loss: 1.484
[GPU1] epochs: [608/800] train_loss_con: -0.618 energy_loss: 1.476
[GPU1] epochs: [609/800] train_loss_con: -0.616 energy_loss: 1.482
[GPU1] epochs: [610/800] train_loss_con: -0.615 energy_loss: 1.466
[GPU1] epochs: [611/800] train_loss_con: -0.616 energy_loss: 1.467
[GPU1] epochs: [612/800] train_loss_con: -0.617 energy_loss: 1.448
[GPU1] epochs: [613/800] train_loss_con: -0.619 energy_loss: 1.453
[GPU1] epochs: [614/800] train_loss_con: -0.621 energy_loss: 1.468
[GPU1] epochs: [615/800] train_loss_con: -0.619 energy_loss: 1.466
[GPU1] epochs: [616/800] train_loss_con: -0.618 energy_loss: 1.460
[GPU1] epochs: [617/800] train_loss_con: -0.616 energy_loss: 1.435
[GPU1] epochs: [618/800] train_loss_con: -0.617 energy_loss: 1.430
[GPU1] epochs: [619/800] train_loss_con: -0.618 energy_loss: 1.456
[GPU1] epochs: [620/800] train_loss_con: -0.617 energy_loss: 1.440
[GPU1] epochs: [621/800] train_loss_con: -0.620 energy_loss: 1.404
[GPU1] epochs: [622/800] train_loss_con: -0.617 energy_loss: 1.403
[GPU1] epochs: [623/800] train_loss_con: -0.619 energy_loss: 1.398
[GPU1] epochs: [624/800] train_loss_con: -0.618 energy_loss: 1.397
[GPU1] epochs: [625/800] train_loss_con: -0.618 energy_loss: 1.397
[GPU1] epochs: [626/800] train_loss_con: -0.619 energy_loss: 1.411
[GPU1] epochs: [627/800] train_loss_con: -0.620 energy_loss: 1.390
[GPU1] epochs: [628/800] train_loss_con: -0.619 energy_loss: 1.381
[GPU1] epochs: [629/800] train_loss_con: -0.619 energy_loss: 1.367
[GPU1] epochs: [630/800] train_loss_con: -0.620 energy_loss: 1.377
[GPU1] epochs: [631/800] train_loss_con: -0.620 energy_loss: 1.368
[GPU1] epochs: [632/800] train_loss_con: -0.622 energy_loss: 1.378
[GPU1] epochs: [633/800] train_loss_con: -0.622 energy_loss: 1.391
[GPU1] epochs: [634/800] train_loss_con: -0.622 energy_loss: 1.339
[GPU1] epochs: [635/800] train_loss_con: -0.620 energy_loss: 1.345
[GPU1] epochs: [636/800] train_loss_con: -0.621 energy_loss: 1.350
[GPU1] epochs: [637/800] train_loss_con: -0.620 energy_loss: 2.255
[GPU1] epochs: [638/800] train_loss_con: -0.621 energy_loss: 1.447
[GPU1] epochs: [639/800] train_loss_con: -0.621 energy_loss: 1.339
[GPU1] epochs: [640/800] train_loss_con: -0.622 energy_loss: 1.343
[GPU1] epochs: [641/800] train_loss_con: -0.622 energy_loss: 1.334
[GPU1] epochs: [642/800] train_loss_con: -0.621 energy_loss: 1.318
[GPU1] epochs: [643/800] train_loss_con: -0.621 energy_loss: 1.324
[GPU1] epochs: [644/800] train_loss_con: -0.621 energy_loss: 1.306
[GPU1] epochs: [645/800] train_loss_con: -0.621 energy_loss: 1.304
[GPU1] epochs: [646/800] train_loss_con: -0.624 energy_loss: 1.295
[GPU1] epochs: [647/800] train_loss_con: -0.620 energy_loss: 1.289
[GPU1] epochs: [648/800] train_loss_con: -0.622 energy_loss: 1.284
[GPU1] epochs: [649/800] train_loss_con: -0.623 energy_loss: 1.291
[GPU1] epochs: [650/800] train_loss_con: -0.625 energy_loss: 1.285
[GPU1] epochs: [651/800] train_loss_con: -0.626 energy_loss: 1.274
[GPU1] epochs: [652/800] train_loss_con: -0.623 energy_loss: 1.279
[GPU1] epochs: [653/800] train_loss_con: -0.625 energy_loss: 1.286
[GPU1] epochs: [654/800] train_loss_con: -0.625 energy_loss: 1.285
[GPU1] epochs: [655/800] train_loss_con: -0.624 energy_loss: 1.272
[GPU1] epochs: [656/800] train_loss_con: -0.624 energy_loss: 1.282
[GPU1] epochs: [657/800] train_loss_con: -0.624 energy_loss: 1.267
[GPU1] epochs: [658/800] train_loss_con: -0.621 energy_loss: 1.258
[GPU1] epochs: [659/800] train_loss_con: -0.623 energy_loss: 1.255
[GPU1] epochs: [660/800] train_loss_con: -0.626 energy_loss: 1.261
[GPU1] epochs: [661/800] train_loss_con: -0.626 energy_loss: 1.252
[GPU1] epochs: [662/800] train_loss_con: -0.626 energy_loss: 1.264
[GPU1] epochs: [663/800] train_loss_con: -0.625 energy_loss: 1.262
[GPU1] epochs: [664/800] train_loss_con: -0.625 energy_loss: 1.248
[GPU1] epochs: [665/800] train_loss_con: -0.625 energy_loss: 1.245
[GPU1] epochs: [666/800] train_loss_con: -0.625 energy_loss: 1.239
[GPU1] epochs: [667/800] train_loss_con: -0.625 energy_loss: 1.242
[GPU1] epochs: [668/800] train_loss_con: -0.627 energy_loss: 1.272
[GPU1] epochs: [669/800] train_loss_con: -0.627 energy_loss: 1.245
[GPU1] epochs: [670/800] train_loss_con: -0.626 energy_loss: 1.239
[GPU1] epochs: [671/800] train_loss_con: -0.626 energy_loss: 1.239
[GPU1] epochs: [672/800] train_loss_con: -0.627 energy_loss: 1.238
[GPU1] epochs: [673/800] train_loss_con: -0.625 energy_loss: 1.225
[GPU1] epochs: [674/800] train_loss_con: -0.628 energy_loss: 1.221
[GPU1] epochs: [675/800] train_loss_con: -0.626 energy_loss: 1.227
[GPU1] epochs: [676/800] train_loss_con: -0.627 energy_loss: 1.219
[GPU1] epochs: [677/800] train_loss_con: -0.625 energy_loss: 1.207
[GPU1] epochs: [678/800] train_loss_con: -0.627 energy_loss: 1.200
[GPU1] epochs: [679/800] train_loss_con: -0.629 energy_loss: 1.203
[GPU1] epochs: [680/800] train_loss_con: -0.627 energy_loss: 1.203
[GPU1] epochs: [681/800] train_loss_con: -0.627 energy_loss: 1.204
[GPU1] epochs: [682/800] train_loss_con: -0.629 energy_loss: 1.206
[GPU1] epochs: [683/800] train_loss_con: -0.629 energy_loss: 1.236
[GPU1] epochs: [684/800] train_loss_con: -0.631 energy_loss: 1.205
[GPU1] epochs: [685/800] train_loss_con: -0.628 energy_loss: 1.203
[GPU1] epochs: [686/800] train_loss_con: -0.629 energy_loss: 1.202
[GPU1] epochs: [687/800] train_loss_con: -0.630 energy_loss: 1.184
[GPU1] epochs: [688/800] train_loss_con: -0.630 energy_loss: 1.181
[GPU1] epochs: [689/800] train_loss_con: -0.630 energy_loss: 2.197
[GPU1] epochs: [690/800] train_loss_con: -0.629 energy_loss: 1.218
[GPU1] epochs: [691/800] train_loss_con: -0.633 energy_loss: 1.207
[GPU1] epochs: [692/800] train_loss_con: -0.631 energy_loss: 1.214
[GPU1] epochs: [693/800] train_loss_con: -0.632 energy_loss: 1.205
[GPU1] epochs: [694/800] train_loss_con: -0.630 energy_loss: 1.189
[GPU1] epochs: [695/800] train_loss_con: -0.632 energy_loss: 1.191
[GPU1] epochs: [696/800] train_loss_con: -0.631 energy_loss: 1.201
[GPU1] epochs: [697/800] train_loss_con: -0.632 energy_loss: 1.194
[GPU1] epochs: [698/800] train_loss_con: -0.631 energy_loss: 1.192
[GPU1] epochs: [699/800] train_loss_con: -0.632 energy_loss: 1.186
[GPU1] epochs: [700/800] train_loss_con: -0.633 energy_loss: 1.182
[GPU1] epochs: [701/800] train_loss_con: -0.631 energy_loss: 1.167
[GPU1] epochs: [702/800] train_loss_con: -0.632 energy_loss: 1.164
[GPU1] epochs: [703/800] train_loss_con: -0.632 energy_loss: 1.145
[GPU1] epochs: [704/800] train_loss_con: -0.633 energy_loss: 1.144
[GPU1] epochs: [705/800] train_loss_con: -0.631 energy_loss: 1.147
[GPU1] epochs: [706/800] train_loss_con: -0.634 energy_loss: 1.158
[GPU1] epochs: [707/800] train_loss_con: -0.632 energy_loss: 1.159
[GPU1] epochs: [708/800] train_loss_con: -0.634 energy_loss: 1.134
[GPU1] epochs: [709/800] train_loss_con: -0.633 energy_loss: 1.127
[GPU1] epochs: [710/800] train_loss_con: -0.634 energy_loss: 1.135
[GPU1] epochs: [711/800] train_loss_con: -0.633 energy_loss: 1.131
[GPU1] epochs: [712/800] train_loss_con: -0.633 energy_loss: 1.117
[GPU1] epochs: [713/800] train_loss_con: -0.632 energy_loss: 1.135
[GPU1] epochs: [714/800] train_loss_con: -0.631 energy_loss: 1.125
[GPU1] epochs: [715/800] train_loss_con: -0.634 energy_loss: 1.112
[GPU1] epochs: [716/800] train_loss_con: -0.634 energy_loss: 1.120
[GPU1] epochs: [717/800] train_loss_con: -0.633 energy_loss: 1.122
[GPU1] epochs: [718/800] train_loss_con: -0.634 energy_loss: 1.116
[GPU1] epochs: [719/800] train_loss_con: -0.632 energy_loss: 1.108
[GPU1] epochs: [720/800] train_loss_con: -0.634 energy_loss: 1.103
[GPU1] epochs: [721/800] train_loss_con: -0.632 energy_loss: 1.109
[GPU1] epochs: [722/800] train_loss_con: -0.633 energy_loss: 1.108
[GPU1] epochs: [723/800] train_loss_con: -0.635 energy_loss: 1.105
[GPU1] epochs: [724/800] train_loss_con: -0.634 energy_loss: 1.102
[GPU1] epochs: [725/800] train_loss_con: -0.634 energy_loss: 1.100
[GPU1] epochs: [726/800] train_loss_con: -0.635 energy_loss: 1.100
[GPU1] epochs: [727/800] train_loss_con: -0.635 energy_loss: 1.102
[GPU1] epochs: [728/800] train_loss_con: -0.636 energy_loss: 1.103
[GPU1] epochs: [729/800] train_loss_con: -0.635 energy_loss: 1.099
[GPU1] epochs: [730/800] train_loss_con: -0.636 energy_loss: 1.107
[GPU1] epochs: [731/800] train_loss_con: -0.635 energy_loss: 1.097
[GPU1] epochs: [732/800] train_loss_con: -0.637 energy_loss: 1.095
[GPU1] epochs: [733/800] train_loss_con: -0.636 energy_loss: 1.094
[GPU1] epochs: [734/800] train_loss_con: -0.637 energy_loss: 1.096
[GPU1] epochs: [735/800] train_loss_con: -0.637 energy_loss: 1.089
[GPU1] epochs: [736/800] train_loss_con: -0.636 energy_loss: 1.084
[GPU1] epochs: [737/800] train_loss_con: -0.639 energy_loss: 1.080
[GPU1] epochs: [738/800] train_loss_con: -0.636 energy_loss: 1.078
[GPU1] epochs: [739/800] train_loss_con: -0.639 energy_loss: 1.087
[GPU1] epochs: [740/800] train_loss_con: -0.636 energy_loss: 1.085
[GPU1] epochs: [741/800] train_loss_con: -0.636 energy_loss: 1.077
[GPU1] epochs: [742/800] train_loss_con: -0.636 energy_loss: 1.077
[GPU1] epochs: [743/800] train_loss_con: -0.635 energy_loss: 1.076
[GPU1] epochs: [744/800] train_loss_con: -0.638 energy_loss: 1.077
[GPU1] epochs: [745/800] train_loss_con: -0.638 energy_loss: 1.077
[GPU1] epochs: [746/800] train_loss_con: -0.637 energy_loss: 1.071
[GPU1] epochs: [747/800] train_loss_con: -0.637 energy_loss: 1.068
[GPU1] epochs: [748/800] train_loss_con: -0.638 energy_loss: 1.070
[GPU1] epochs: [749/800] train_loss_con: -0.637 energy_loss: 1.064
[GPU1] epochs: [750/800] train_loss_con: -0.638 energy_loss: 1.065
[GPU1] epochs: [751/800] train_loss_con: -0.639 energy_loss: 1.054
[GPU1] epochs: [752/800] train_loss_con: -0.638 energy_loss: 1.055
[GPU1] epochs: [753/800] train_loss_con: -0.638 energy_loss: 1.059
[GPU1] epochs: [754/800] train_loss_con: -0.639 energy_loss: 1.056
[GPU1] epochs: [755/800] train_loss_con: -0.640 energy_loss: 1.061
[GPU1] epochs: [756/800] train_loss_con: -0.639 energy_loss: 1.059
[GPU1] epochs: [757/800] train_loss_con: -0.640 energy_loss: 1.057
[GPU1] epochs: [758/800] train_loss_con: -0.640 energy_loss: 1.058
[GPU1] epochs: [759/800] train_loss_con: -0.640 energy_loss: 1.057
[GPU1] epochs: [760/800] train_loss_con: -0.639 energy_loss: 1.064
[GPU1] epochs: [761/800] train_loss_con: -0.640 energy_loss: 1.055
[GPU1] epochs: [762/800] train_loss_con: -0.639 energy_loss: 1.055
[GPU1] epochs: [763/800] train_loss_con: -0.638 energy_loss: 1.050
[GPU1] epochs: [764/800] train_loss_con: -0.639 energy_loss: 1.051
[GPU1] epochs: [765/800] train_loss_con: -0.639 energy_loss: 1.054
[GPU1] epochs: [766/800] train_loss_con: -0.638 energy_loss: 2.681
[GPU1] epochs: [767/800] train_loss_con: -0.638 energy_loss: 1.125
[GPU1] epochs: [768/800] train_loss_con: -0.640 energy_loss: 1.094
[GPU1] epochs: [769/800] train_loss_con: -0.640 energy_loss: 1.064
[GPU1] epochs: [770/800] train_loss_con: -0.639 energy_loss: 1.044
[GPU1] epochs: [771/800] train_loss_con: -0.639 energy_loss: 1.050
[GPU1] epochs: [772/800] train_loss_con: -0.639 energy_loss: 1.052
[GPU1] epochs: [773/800] train_loss_con: -0.639 energy_loss: 1.050
[GPU1] epochs: [774/800] train_loss_con: -0.643 energy_loss: 1.051
[GPU1] epochs: [775/800] train_loss_con: -0.641 energy_loss: 1.049
[GPU1] epochs: [776/800] train_loss_con: -0.642 energy_loss: 1.050
[GPU1] epochs: [777/800] train_loss_con: -0.640 energy_loss: 1.051
[GPU1] epochs: [778/800] train_loss_con: -0.639 energy_loss: 1.047
[GPU1] epochs: [779/800] train_loss_con: -0.640 energy_loss: 1.052
[GPU1] epochs: [780/800] train_loss_con: -0.640 energy_loss: 1.052
[GPU1] epochs: [781/800] train_loss_con: -0.642 energy_loss: 1.045
[GPU1] epochs: [782/800] train_loss_con: -0.639 energy_loss: 1.051
[GPU1] epochs: [783/800] train_loss_con: -0.641 energy_loss: 1.054
[GPU1] epochs: [784/800] train_loss_con: -0.641 energy_loss: 1.049
[GPU1] epochs: [785/800] train_loss_con: -0.642 energy_loss: 1.049
[GPU1] epochs: [786/800] train_loss_con: -0.641 energy_loss: 1.044
[GPU1] epochs: [787/800] train_loss_con: -0.640 energy_loss: 1.045
[GPU1] epochs: [788/800] train_loss_con: -0.642 energy_loss: 1.049
[GPU1] epochs: [789/800] train_loss_con: -0.643 energy_loss: 1.040
[GPU1] epochs: [790/800] train_loss_con: -0.640 energy_loss: 1.046
[GPU1] epochs: [791/800] train_loss_con: -0.641 energy_loss: 1.048
[GPU1] epochs: [792/800] train_loss_con: -0.640 energy_loss: 1.046
[GPU1] epochs: [793/800] train_loss_con: -0.642 energy_loss: 1.045
[GPU1] epochs: [794/800] train_loss_con: -0.642 energy_loss: 1.045
[GPU1] epochs: [795/800] train_loss_con: -0.641 energy_loss: 1.036
[GPU1] epochs: [796/800] train_loss_con: -0.642 energy_loss: 1.024
[GPU1] epochs: [797/800] train_loss_con: -0.641 energy_loss: 1.029
[GPU1] epochs: [798/800] train_loss_con: -0.642 energy_loss: 1.030
[GPU1] epochs: [799/800] train_loss_con: -0.641 energy_loss: 1.026
[GPU1] epochs: [800/800] train_loss_con: -0.641 energy_loss: 1.029
### TSNE starts
### MLP training begins
[GPU1] Test Accuracy at epoch: 0: 0.162
[GPU1] epochs: [1/100] train_acc: 0.047 train_loss_sup: 4.597
[GPU1] epochs: [2/100] train_acc: 0.233 train_loss_sup: 4.577
[GPU1] epochs: [3/100] train_acc: 0.331 train_loss_sup: 4.556
[GPU1] epochs: [4/100] train_acc: 0.389 train_loss_sup: 4.535
[GPU1] epochs: [5/100] train_acc: 0.431 train_loss_sup: 4.514
[GPU1] epochs: [6/100] train_acc: 0.447 train_loss_sup: 4.493
[GPU1] epochs: [7/100] train_acc: 0.453 train_loss_sup: 4.473
[GPU1] epochs: [8/100] train_acc: 0.470 train_loss_sup: 4.452
[GPU1] epochs: [9/100] train_acc: 0.459 train_loss_sup: 4.431
[GPU1] epochs: [10/100] train_acc: 0.476 train_loss_sup: 4.411
[GPU1] Test Accuracy at epoch: 10: 0.497
[GPU1] epochs: [11/100] train_acc: 0.472 train_loss_sup: 4.390
[GPU1] epochs: [12/100] train_acc: 0.477 train_loss_sup: 4.370
[GPU1] epochs: [13/100] train_acc: 0.481 train_loss_sup: 4.350
[GPU1] epochs: [14/100] train_acc: 0.482 train_loss_sup: 4.330
[GPU1] epochs: [15/100] train_acc: 0.482 train_loss_sup: 4.309
[GPU1] epochs: [16/100] train_acc: 0.483 train_loss_sup: 4.290
[GPU1] epochs: [17/100] train_acc: 0.490 train_loss_sup: 4.269
[GPU1] epochs: [18/100] train_acc: 0.485 train_loss_sup: 4.249
[GPU1] epochs: [19/100] train_acc: 0.485 train_loss_sup: 4.229
[GPU1] epochs: [20/100] train_acc: 0.490 train_loss_sup: 4.209
[GPU1] Test Accuracy at epoch: 20: 0.511
[GPU1] epochs: [21/100] train_acc: 0.492 train_loss_sup: 4.191
[GPU1] epochs: [22/100] train_acc: 0.493 train_loss_sup: 4.170
[GPU1] epochs: [23/100] train_acc: 0.490 train_loss_sup: 4.152
[GPU1] epochs: [24/100] train_acc: 0.491 train_loss_sup: 4.131
[GPU1] epochs: [25/100] train_acc: 0.495 train_loss_sup: 4.112
[GPU1] epochs: [26/100] train_acc: 0.494 train_loss_sup: 4.093
[GPU1] epochs: [27/100] train_acc: 0.492 train_loss_sup: 4.074
[GPU1] epochs: [28/100] train_acc: 0.498 train_loss_sup: 4.055
[GPU1] epochs: [29/100] train_acc: 0.497 train_loss_sup: 4.037
[GPU1] epochs: [30/100] train_acc: 0.498 train_loss_sup: 4.018
[GPU1] Test Accuracy at epoch: 30: 0.513
[GPU1] epochs: [31/100] train_acc: 0.495 train_loss_sup: 3.999
[GPU1] epochs: [32/100] train_acc: 0.499 train_loss_sup: 3.982
[GPU1] epochs: [33/100] train_acc: 0.501 train_loss_sup: 3.961
[GPU1] epochs: [34/100] train_acc: 0.501 train_loss_sup: 3.944
[GPU1] epochs: [35/100] train_acc: 0.500 train_loss_sup: 3.925
[GPU1] epochs: [36/100] train_acc: 0.503 train_loss_sup: 3.908
[GPU1] epochs: [37/100] train_acc: 0.501 train_loss_sup: 3.892
[GPU1] epochs: [38/100] train_acc: 0.502 train_loss_sup: 3.874
[GPU1] epochs: [39/100] train_acc: 0.503 train_loss_sup: 3.856
[GPU1] epochs: [40/100] train_acc: 0.501 train_loss_sup: 3.838
[GPU1] Test Accuracy at epoch: 40: 0.519
[GPU1] epochs: [41/100] train_acc: 0.503 train_loss_sup: 3.821
[GPU1] epochs: [42/100] train_acc: 0.506 train_loss_sup: 3.805
[GPU1] epochs: [43/100] train_acc: 0.505 train_loss_sup: 3.788
[GPU1] epochs: [44/100] train_acc: 0.506 train_loss_sup: 3.770
[GPU1] epochs: [45/100] train_acc: 0.506 train_loss_sup: 3.756
[GPU1] epochs: [46/100] train_acc: 0.507 train_loss_sup: 3.737
[GPU1] epochs: [47/100] train_acc: 0.509 train_loss_sup: 3.722
[GPU1] epochs: [48/100] train_acc: 0.508 train_loss_sup: 3.703
[GPU1] epochs: [49/100] train_acc: 0.508 train_loss_sup: 3.687
[GPU1] epochs: [50/100] train_acc: 0.509 train_loss_sup: 3.675
[GPU1] Test Accuracy at epoch: 50: 0.525
[GPU1] epochs: [51/100] train_acc: 0.511 train_loss_sup: 3.660
[GPU1] epochs: [52/100] train_acc: 0.509 train_loss_sup: 3.644
[GPU1] epochs: [53/100] train_acc: 0.510 train_loss_sup: 3.624
[GPU1] epochs: [54/100] train_acc: 0.514 train_loss_sup: 3.613
[GPU1] epochs: [55/100] train_acc: 0.512 train_loss_sup: 3.595
[GPU1] epochs: [56/100] train_acc: 0.512 train_loss_sup: 3.581
[GPU1] epochs: [57/100] train_acc: 0.510 train_loss_sup: 3.568
[GPU1] epochs: [58/100] train_acc: 0.512 train_loss_sup: 3.551
[GPU1] epochs: [59/100] train_acc: 0.511 train_loss_sup: 3.538
[GPU1] epochs: [60/100] train_acc: 0.516 train_loss_sup: 3.522
[GPU1] Test Accuracy at epoch: 60: 0.531
[GPU1] epochs: [61/100] train_acc: 0.513 train_loss_sup: 3.508
[GPU1] epochs: [62/100] train_acc: 0.514 train_loss_sup: 3.497
[GPU1] epochs: [63/100] train_acc: 0.516 train_loss_sup: 3.483
[GPU1] epochs: [64/100] train_acc: 0.516 train_loss_sup: 3.465
[GPU1] epochs: [65/100] train_acc: 0.516 train_loss_sup: 3.452
[GPU1] epochs: [66/100] train_acc: 0.515 train_loss_sup: 3.442
[GPU1] epochs: [67/100] train_acc: 0.518 train_loss_sup: 3.427
[GPU1] epochs: [68/100] train_acc: 0.520 train_loss_sup: 3.412
[GPU1] epochs: [69/100] train_acc: 0.519 train_loss_sup: 3.400
[GPU1] epochs: [70/100] train_acc: 0.519 train_loss_sup: 3.385
[GPU1] Test Accuracy at epoch: 70: 0.535
[GPU1] epochs: [71/100] train_acc: 0.519 train_loss_sup: 3.373
[GPU1] epochs: [72/100] train_acc: 0.519 train_loss_sup: 3.361
[GPU1] epochs: [73/100] train_acc: 0.520 train_loss_sup: 3.347
[GPU1] epochs: [74/100] train_acc: 0.521 train_loss_sup: 3.337
[GPU1] epochs: [75/100] train_acc: 0.520 train_loss_sup: 3.326
[GPU1] epochs: [76/100] train_acc: 0.520 train_loss_sup: 3.312
[GPU1] epochs: [77/100] train_acc: 0.523 train_loss_sup: 3.301
[GPU1] epochs: [78/100] train_acc: 0.524 train_loss_sup: 3.287
[GPU1] epochs: [79/100] train_acc: 0.523 train_loss_sup: 3.276
[GPU1] epochs: [80/100] train_acc: 0.523 train_loss_sup: 3.267
[GPU1] Test Accuracy at epoch: 80: 0.538
[GPU1] epochs: [81/100] train_acc: 0.523 train_loss_sup: 3.255
[GPU1] epochs: [82/100] train_acc: 0.523 train_loss_sup: 3.241
[GPU1] epochs: [83/100] train_acc: 0.524 train_loss_sup: 3.230
[GPU1] epochs: [84/100] train_acc: 0.524 train_loss_sup: 3.221
[GPU1] epochs: [85/100] train_acc: 0.526 train_loss_sup: 3.207
[GPU1] epochs: [86/100] train_acc: 0.526 train_loss_sup: 3.196
[GPU1] epochs: [87/100] train_acc: 0.525 train_loss_sup: 3.188
[GPU1] epochs: [88/100] train_acc: 0.524 train_loss_sup: 3.175
[GPU1] epochs: [89/100] train_acc: 0.527 train_loss_sup: 3.165
[GPU1] epochs: [90/100] train_acc: 0.528 train_loss_sup: 3.153
[GPU1] Test Accuracy at epoch: 90: 0.541
[GPU1] epochs: [91/100] train_acc: 0.528 train_loss_sup: 3.142
[GPU1] epochs: [92/100] train_acc: 0.528 train_loss_sup: 3.131
[GPU1] epochs: [93/100] train_acc: 0.528 train_loss_sup: 3.122
[GPU1] epochs: [94/100] train_acc: 0.527 train_loss_sup: 3.115
[GPU1] epochs: [95/100] train_acc: 0.529 train_loss_sup: 3.099
[GPU1] epochs: [96/100] train_acc: 0.530 train_loss_sup: 3.091
[GPU1] epochs: [97/100] train_acc: 0.529 train_loss_sup: 3.085
[GPU1] epochs: [98/100] train_acc: 0.530 train_loss_sup: 3.074
[GPU1] epochs: [99/100] train_acc: 0.531 train_loss_sup: 3.061
[GPU1] epochs: [100/100] train_acc: 0.531 train_loss_sup: 3.056
[GPU1] Final Test Accuracy: 0.542
Model weights saved
<All keys matched successfully>
knn evalution
logistic regression evalution
knn_acc: 0.578, log_reg_acc: 0.627
