environment: 
YAML: configs/simsiam.sc.c100.yaml
==> SEED: 42
==> num_classes: 100
==> data_name: cifar100
==> data_params: {'algo': 'simsiam-sc', 'data_dir': 'datasets/cifar100', 'batch_size': 512, 'num_workers': 3, 'image_size': 32}
==> return_logs: False
==> eval_every: 10
==> n_epochs: 800
==> n_epochs_mlp: 100
==> gpu_id: 0
==> opt: SGD
==> opt_params: {'lr': 0.08, 'momentum': 0.9, 'weight_decay': 0.0001}
==> schedular_params: {'T_max': 800, 'eta_min': 0.001}
==> mlp_opt: SGD
==> mlp_opt_params: {'lr': 0.1, 'momentum': 0.9}
==> model_params: {'model_name': 'resnet18', 'pretrained': False, 'proj_dim': 128, 'algo_type': 'simsiam-sc', 'pred_dim': 512}
==> mlp_type: linear
==> loss: simsiam-sc
==> distributed: False
==> train_algo: simsiam-sc
==> model_save_path: saved_models/simsiam.sc.c100.r18.e800.pth
==> energy_model_params: {'eta': 0.01, 'steps': 5, 'sigma': 0.2, 'delta': 0.1, 'net_type': 'score'}
==> energy_opt: AdamW
==> energy_model_opt_params: {'lr': 0.001}
==> warmup_epochs: 0
==> config: configs/simsiam.sc.c100.yaml
--------------------------------------------------
===> using linear mlp
using optimizer: SGD
using optimizer: SGD
loss function: simsiam-sc
Files already downloaded and verified
Files already downloaded and verified
Files already downloaded and verified
# of Training Images: 50000
# of Testing Images: 10000
using optimizer: AdamW
### simsiam with SC-net Training begins
[GPU0] epochs: [1/800] train_loss_con: -0.345 energy_loss: 242.516
[GPU0] epochs: [2/800] train_loss_con: -0.561 energy_loss: 213.472
[GPU0] epochs: [3/800] train_loss_con: -0.579 energy_loss: 201.906
[GPU0] epochs: [4/800] train_loss_con: -0.650 energy_loss: 191.782
[GPU0] epochs: [5/800] train_loss_con: -0.573 energy_loss: 184.821
[GPU0] epochs: [6/800] train_loss_con: -0.599 energy_loss: 176.769
[GPU0] epochs: [7/800] train_loss_con: -0.673 energy_loss: 169.234
[GPU0] epochs: [8/800] train_loss_con: -0.598 energy_loss: 163.621
[GPU0] epochs: [9/800] train_loss_con: -0.572 energy_loss: 158.227
[GPU0] epochs: [10/800] train_loss_con: -0.547 energy_loss: 153.442
[GPU0] epochs: [11/800] train_loss_con: -0.622 energy_loss: 146.061
[GPU0] epochs: [12/800] train_loss_con: -0.600 energy_loss: 143.013
[GPU0] epochs: [13/800] train_loss_con: -0.577 energy_loss: 138.962
[GPU0] epochs: [14/800] train_loss_con: -0.521 energy_loss: 137.860
[GPU0] epochs: [15/800] train_loss_con: -0.527 energy_loss: 136.504
[GPU0] epochs: [16/800] train_loss_con: -0.508 energy_loss: 134.530
[GPU0] epochs: [17/800] train_loss_con: -0.519 energy_loss: 133.071
[GPU0] epochs: [18/800] train_loss_con: -0.511 energy_loss: 130.702
[GPU0] epochs: [19/800] train_loss_con: -0.523 energy_loss: 129.205
[GPU0] epochs: [20/800] train_loss_con: -0.524 energy_loss: 126.310
[GPU0] epochs: [21/800] train_loss_con: -0.508 energy_loss: 123.709
[GPU0] epochs: [22/800] train_loss_con: -0.516 energy_loss: 116.578
[GPU0] epochs: [23/800] train_loss_con: -0.536 energy_loss: 116.194
[GPU0] epochs: [24/800] train_loss_con: -0.540 energy_loss: 112.872
[GPU0] epochs: [25/800] train_loss_con: -0.509 energy_loss: 111.238
[GPU0] epochs: [26/800] train_loss_con: -0.541 energy_loss: 104.692
[GPU0] epochs: [27/800] train_loss_con: -0.546 energy_loss: 102.994
[GPU0] epochs: [28/800] train_loss_con: -0.541 energy_loss: 100.461
[GPU0] epochs: [29/800] train_loss_con: -0.531 energy_loss: 97.094
[GPU0] epochs: [30/800] train_loss_con: -0.545 energy_loss: 93.746
[GPU0] epochs: [31/800] train_loss_con: -0.540 energy_loss: 92.078
[GPU0] epochs: [32/800] train_loss_con: -0.542 energy_loss: 89.454
[GPU0] epochs: [33/800] train_loss_con: -0.547 energy_loss: 87.944
[GPU0] epochs: [34/800] train_loss_con: -0.556 energy_loss: 86.761
[GPU0] epochs: [35/800] train_loss_con: -0.557 energy_loss: 85.041
[GPU0] epochs: [36/800] train_loss_con: -0.553 energy_loss: 85.909
[GPU0] epochs: [37/800] train_loss_con: -0.555 energy_loss: 83.045
[GPU0] epochs: [38/800] train_loss_con: -0.554 energy_loss: 82.824
[GPU0] epochs: [39/800] train_loss_con: -0.567 energy_loss: 80.997
[GPU0] epochs: [40/800] train_loss_con: -0.568 energy_loss: 78.587
[GPU0] epochs: [41/800] train_loss_con: -0.560 energy_loss: 80.612
[GPU0] epochs: [42/800] train_loss_con: -0.563 energy_loss: 75.255
[GPU0] epochs: [43/800] train_loss_con: -0.558 energy_loss: 77.797
[GPU0] epochs: [44/800] train_loss_con: -0.561 energy_loss: 74.083
[GPU0] epochs: [45/800] train_loss_con: -0.559 energy_loss: 75.063
[GPU0] epochs: [46/800] train_loss_con: -0.562 energy_loss: 74.148
[GPU0] epochs: [47/800] train_loss_con: -0.553 energy_loss: 74.533
[GPU0] epochs: [48/800] train_loss_con: -0.560 energy_loss: 72.734
[GPU0] epochs: [49/800] train_loss_con: -0.567 energy_loss: 72.137
[GPU0] epochs: [50/800] train_loss_con: -0.558 energy_loss: 72.389
[GPU0] epochs: [51/800] train_loss_con: -0.561 energy_loss: 70.801
[GPU0] epochs: [52/800] train_loss_con: -0.560 energy_loss: 70.278
[GPU0] epochs: [53/800] train_loss_con: -0.559 energy_loss: 69.910
[GPU0] epochs: [54/800] train_loss_con: -0.556 energy_loss: 68.904
[GPU0] epochs: [55/800] train_loss_con: -0.558 energy_loss: 68.415
[GPU0] epochs: [56/800] train_loss_con: -0.561 energy_loss: 68.282
[GPU0] epochs: [57/800] train_loss_con: -0.567 energy_loss: 67.302
[GPU0] epochs: [58/800] train_loss_con: -0.561 energy_loss: 66.747
[GPU0] epochs: [59/800] train_loss_con: -0.560 energy_loss: 66.018
[GPU0] epochs: [60/800] train_loss_con: -0.560 energy_loss: 65.480
[GPU0] epochs: [61/800] train_loss_con: -0.563 energy_loss: 64.717
[GPU0] epochs: [62/800] train_loss_con: -0.562 energy_loss: 64.264
[GPU0] epochs: [63/800] train_loss_con: -0.569 energy_loss: 63.640
[GPU0] epochs: [64/800] train_loss_con: -0.563 energy_loss: 63.621
[GPU0] epochs: [65/800] train_loss_con: -0.563 energy_loss: 63.018
[GPU0] epochs: [66/800] train_loss_con: -0.561 energy_loss: 62.259
[GPU0] epochs: [67/800] train_loss_con: -0.565 energy_loss: 61.616
[GPU0] epochs: [68/800] train_loss_con: -0.565 energy_loss: 61.135
[GPU0] epochs: [69/800] train_loss_con: -0.559 energy_loss: 60.489
[GPU0] epochs: [70/800] train_loss_con: -0.559 energy_loss: 59.705
[GPU0] epochs: [71/800] train_loss_con: -0.564 energy_loss: 58.902
[GPU0] epochs: [72/800] train_loss_con: -0.561 energy_loss: 58.538
[GPU0] epochs: [73/800] train_loss_con: -0.561 energy_loss: 57.856
[GPU0] epochs: [74/800] train_loss_con: -0.565 energy_loss: 57.145
[GPU0] epochs: [75/800] train_loss_con: -0.559 energy_loss: 56.345
[GPU0] epochs: [76/800] train_loss_con: -0.562 energy_loss: 55.545
[GPU0] epochs: [77/800] train_loss_con: -0.561 energy_loss: 55.175
[GPU0] epochs: [78/800] train_loss_con: -0.560 energy_loss: 54.499
[GPU0] epochs: [79/800] train_loss_con: -0.561 energy_loss: 53.865
[GPU0] epochs: [80/800] train_loss_con: -0.562 energy_loss: 53.593
[GPU0] epochs: [81/800] train_loss_con: -0.558 energy_loss: 52.882
[GPU0] epochs: [82/800] train_loss_con: -0.562 energy_loss: 52.013
[GPU0] epochs: [83/800] train_loss_con: -0.557 energy_loss: 51.701
[GPU0] epochs: [84/800] train_loss_con: -0.559 energy_loss: 51.138
[GPU0] epochs: [85/800] train_loss_con: -0.560 energy_loss: 50.533
[GPU0] epochs: [86/800] train_loss_con: -0.564 energy_loss: 50.084
[GPU0] epochs: [87/800] train_loss_con: -0.561 energy_loss: 49.342
[GPU0] epochs: [88/800] train_loss_con: -0.557 energy_loss: 48.931
[GPU0] epochs: [89/800] train_loss_con: -0.560 energy_loss: 48.631
[GPU0] epochs: [90/800] train_loss_con: -0.561 energy_loss: 47.839
[GPU0] epochs: [91/800] train_loss_con: -0.560 energy_loss: 47.124
[GPU0] epochs: [92/800] train_loss_con: -0.561 energy_loss: 46.944
[GPU0] epochs: [93/800] train_loss_con: -0.562 energy_loss: 46.233
[GPU0] epochs: [94/800] train_loss_con: -0.560 energy_loss: 45.831
[GPU0] epochs: [95/800] train_loss_con: -0.563 energy_loss: 45.568
[GPU0] epochs: [96/800] train_loss_con: -0.558 energy_loss: 45.127
[GPU0] epochs: [97/800] train_loss_con: -0.562 energy_loss: 44.747
[GPU0] epochs: [98/800] train_loss_con: -0.558 energy_loss: 44.474
[GPU0] epochs: [99/800] train_loss_con: -0.558 energy_loss: 43.870
[GPU0] epochs: [100/800] train_loss_con: -0.555 energy_loss: 43.507
[GPU0] epochs: [101/800] train_loss_con: -0.558 energy_loss: 42.941
[GPU0] epochs: [102/800] train_loss_con: -0.562 energy_loss: 42.548
[GPU0] epochs: [103/800] train_loss_con: -0.561 energy_loss: 42.234
[GPU0] epochs: [104/800] train_loss_con: -0.559 energy_loss: 42.021
[GPU0] epochs: [105/800] train_loss_con: -0.560 energy_loss: 41.551
[GPU0] epochs: [106/800] train_loss_con: -0.558 energy_loss: 41.447
[GPU0] epochs: [107/800] train_loss_con: -0.560 energy_loss: 40.986
[GPU0] epochs: [108/800] train_loss_con: -0.560 energy_loss: 40.719
[GPU0] epochs: [109/800] train_loss_con: -0.558 energy_loss: 40.271
[GPU0] epochs: [110/800] train_loss_con: -0.560 energy_loss: 40.110
[GPU0] epochs: [111/800] train_loss_con: -0.562 energy_loss: 39.702
[GPU0] epochs: [112/800] train_loss_con: -0.561 energy_loss: 39.584
[GPU0] epochs: [113/800] train_loss_con: -0.563 energy_loss: 39.242
[GPU0] epochs: [114/800] train_loss_con: -0.561 energy_loss: 38.905
[GPU0] epochs: [115/800] train_loss_con: -0.562 energy_loss: 38.359
[GPU0] epochs: [116/800] train_loss_con: -0.559 energy_loss: 38.327
[GPU0] epochs: [117/800] train_loss_con: -0.559 energy_loss: 37.972
[GPU0] epochs: [118/800] train_loss_con: -0.560 energy_loss: 37.832
[GPU0] epochs: [119/800] train_loss_con: -0.560 energy_loss: 37.581
[GPU0] epochs: [120/800] train_loss_con: -0.560 energy_loss: 37.208
[GPU0] epochs: [121/800] train_loss_con: -0.559 energy_loss: 36.969
[GPU0] epochs: [122/800] train_loss_con: -0.560 energy_loss: 36.784
[GPU0] epochs: [123/800] train_loss_con: -0.562 energy_loss: 36.384
[GPU0] epochs: [124/800] train_loss_con: -0.562 energy_loss: 36.025
[GPU0] epochs: [125/800] train_loss_con: -0.562 energy_loss: 35.984
[GPU0] epochs: [126/800] train_loss_con: -0.560 energy_loss: 35.374
[GPU0] epochs: [127/800] train_loss_con: -0.563 energy_loss: 35.149
[GPU0] epochs: [128/800] train_loss_con: -0.563 energy_loss: 34.958
[GPU0] epochs: [129/800] train_loss_con: -0.562 energy_loss: 34.724
[GPU0] epochs: [130/800] train_loss_con: -0.566 energy_loss: 34.336
[GPU0] epochs: [131/800] train_loss_con: -0.563 energy_loss: 33.979
[GPU0] epochs: [132/800] train_loss_con: -0.563 energy_loss: 33.847
[GPU0] epochs: [133/800] train_loss_con: -0.562 energy_loss: 33.537
[GPU0] epochs: [134/800] train_loss_con: -0.565 energy_loss: 33.368
[GPU0] epochs: [135/800] train_loss_con: -0.562 energy_loss: 33.112
[GPU0] epochs: [136/800] train_loss_con: -0.564 energy_loss: 32.821
[GPU0] epochs: [137/800] train_loss_con: -0.562 energy_loss: 32.606
[GPU0] epochs: [138/800] train_loss_con: -0.563 energy_loss: 32.297
[GPU0] epochs: [139/800] train_loss_con: -0.563 energy_loss: 32.120
[GPU0] epochs: [140/800] train_loss_con: -0.563 energy_loss: 31.924
[GPU0] epochs: [141/800] train_loss_con: -0.564 energy_loss: 31.677
[GPU0] epochs: [142/800] train_loss_con: -0.563 energy_loss: 31.548
[GPU0] epochs: [143/800] train_loss_con: -0.563 energy_loss: 31.159
[GPU0] epochs: [144/800] train_loss_con: -0.567 energy_loss: 30.888
[GPU0] epochs: [145/800] train_loss_con: -0.564 energy_loss: 30.701
[GPU0] epochs: [146/800] train_loss_con: -0.565 energy_loss: 30.532
[GPU0] epochs: [147/800] train_loss_con: -0.569 energy_loss: 30.378
[GPU0] epochs: [148/800] train_loss_con: -0.565 energy_loss: 30.187
[GPU0] epochs: [149/800] train_loss_con: -0.566 energy_loss: 29.857
[GPU0] epochs: [150/800] train_loss_con: -0.566 energy_loss: 29.543
[GPU0] epochs: [151/800] train_loss_con: -0.568 energy_loss: 29.341
[GPU0] epochs: [152/800] train_loss_con: -0.566 energy_loss: 29.137
[GPU0] epochs: [153/800] train_loss_con: -0.567 energy_loss: 28.950
[GPU0] epochs: [154/800] train_loss_con: -0.569 energy_loss: 28.765
[GPU0] epochs: [155/800] train_loss_con: -0.571 energy_loss: 28.390
[GPU0] epochs: [156/800] train_loss_con: -0.566 energy_loss: 28.158
[GPU0] epochs: [157/800] train_loss_con: -0.571 energy_loss: 27.977
[GPU0] epochs: [158/800] train_loss_con: -0.569 energy_loss: 27.877
[GPU0] epochs: [159/800] train_loss_con: -0.571 energy_loss: 27.663
[GPU0] epochs: [160/800] train_loss_con: -0.569 energy_loss: 27.445
[GPU0] epochs: [161/800] train_loss_con: -0.571 energy_loss: 27.113
[GPU0] epochs: [162/800] train_loss_con: -0.571 energy_loss: 26.920
[GPU0] epochs: [163/800] train_loss_con: -0.573 energy_loss: 26.850
[GPU0] epochs: [164/800] train_loss_con: -0.572 energy_loss: 26.542
[GPU0] epochs: [165/800] train_loss_con: -0.571 energy_loss: 26.303
[GPU0] epochs: [166/800] train_loss_con: -0.573 energy_loss: 26.149
[GPU0] epochs: [167/800] train_loss_con: -0.573 energy_loss: 25.912
[GPU0] epochs: [168/800] train_loss_con: -0.577 energy_loss: 25.833
[GPU0] epochs: [169/800] train_loss_con: -0.573 energy_loss: 25.593
[GPU0] epochs: [170/800] train_loss_con: -0.575 energy_loss: 25.463
[GPU0] epochs: [171/800] train_loss_con: -0.577 energy_loss: 25.337
[GPU0] epochs: [172/800] train_loss_con: -0.576 energy_loss: 25.201
[GPU0] epochs: [173/800] train_loss_con: -0.574 energy_loss: 24.954
[GPU0] epochs: [174/800] train_loss_con: -0.576 energy_loss: 24.752
[GPU0] epochs: [175/800] train_loss_con: -0.577 energy_loss: 24.713
[GPU0] epochs: [176/800] train_loss_con: -0.579 energy_loss: 24.516
[GPU0] epochs: [177/800] train_loss_con: -0.576 energy_loss: 24.195
[GPU0] epochs: [178/800] train_loss_con: -0.575 energy_loss: 24.194
[GPU0] epochs: [179/800] train_loss_con: -0.577 energy_loss: 23.904
[GPU0] epochs: [180/800] train_loss_con: -0.575 energy_loss: 23.749
[GPU0] epochs: [181/800] train_loss_con: -0.577 energy_loss: 23.562
[GPU0] epochs: [182/800] train_loss_con: -0.576 energy_loss: 23.446
[GPU0] epochs: [183/800] train_loss_con: -0.575 energy_loss: 23.249
[GPU0] epochs: [184/800] train_loss_con: -0.576 energy_loss: 23.126
[GPU0] epochs: [185/800] train_loss_con: -0.575 energy_loss: 22.951
[GPU0] epochs: [186/800] train_loss_con: -0.574 energy_loss: 22.619
[GPU0] epochs: [187/800] train_loss_con: -0.574 energy_loss: 22.503
[GPU0] epochs: [188/800] train_loss_con: -0.573 energy_loss: 22.399
[GPU0] epochs: [189/800] train_loss_con: -0.574 energy_loss: 22.367
[GPU0] epochs: [190/800] train_loss_con: -0.576 energy_loss: 22.224
[GPU0] epochs: [191/800] train_loss_con: -0.575 energy_loss: 22.067
[GPU0] epochs: [192/800] train_loss_con: -0.574 energy_loss: 21.774
[GPU0] epochs: [193/800] train_loss_con: -0.575 energy_loss: 21.680
[GPU0] epochs: [194/800] train_loss_con: -0.574 energy_loss: 21.411
[GPU0] epochs: [195/800] train_loss_con: -0.574 energy_loss: 21.350
[GPU0] epochs: [196/800] train_loss_con: -0.574 energy_loss: 21.146
[GPU0] epochs: [197/800] train_loss_con: -0.575 energy_loss: 21.010
[GPU0] epochs: [198/800] train_loss_con: -0.572 energy_loss: 20.822
[GPU0] epochs: [199/800] train_loss_con: -0.577 energy_loss: 20.608
[GPU0] epochs: [200/800] train_loss_con: -0.575 energy_loss: 20.646
[GPU0] epochs: [201/800] train_loss_con: -0.574 energy_loss: 20.395
[GPU0] epochs: [202/800] train_loss_con: -0.575 energy_loss: 20.246
[GPU0] epochs: [203/800] train_loss_con: -0.576 energy_loss: 20.102
[GPU0] epochs: [204/800] train_loss_con: -0.573 energy_loss: 20.002
[GPU0] epochs: [205/800] train_loss_con: -0.575 energy_loss: 19.861
[GPU0] epochs: [206/800] train_loss_con: -0.577 energy_loss: 19.712
[GPU0] epochs: [207/800] train_loss_con: -0.573 energy_loss: 19.600
[GPU0] epochs: [208/800] train_loss_con: -0.576 energy_loss: 19.484
[GPU0] epochs: [209/800] train_loss_con: -0.575 energy_loss: 19.274
[GPU0] epochs: [210/800] train_loss_con: -0.573 energy_loss: 19.184
[GPU0] epochs: [211/800] train_loss_con: -0.573 energy_loss: 19.048
[GPU0] epochs: [212/800] train_loss_con: -0.574 energy_loss: 18.852
[GPU0] epochs: [213/800] train_loss_con: -0.575 energy_loss: 18.692
[GPU0] epochs: [214/800] train_loss_con: -0.575 energy_loss: 18.642
[GPU0] epochs: [215/800] train_loss_con: -0.573 energy_loss: 18.443
[GPU0] epochs: [216/800] train_loss_con: -0.573 energy_loss: 18.251
[GPU0] epochs: [217/800] train_loss_con: -0.575 energy_loss: 18.154
[GPU0] epochs: [218/800] train_loss_con: -0.574 energy_loss: 18.045
[GPU0] epochs: [219/800] train_loss_con: -0.575 energy_loss: 17.865
[GPU0] epochs: [220/800] train_loss_con: -0.575 energy_loss: 17.733
[GPU0] epochs: [221/800] train_loss_con: -0.573 energy_loss: 17.656
[GPU0] epochs: [222/800] train_loss_con: -0.572 energy_loss: 17.449
[GPU0] epochs: [223/800] train_loss_con: -0.575 energy_loss: 17.428
[GPU0] epochs: [224/800] train_loss_con: -0.573 energy_loss: 17.253
[GPU0] epochs: [225/800] train_loss_con: -0.573 energy_loss: 17.219
[GPU0] epochs: [226/800] train_loss_con: -0.573 energy_loss: 17.115
[GPU0] epochs: [227/800] train_loss_con: -0.573 energy_loss: 17.020
[GPU0] epochs: [228/800] train_loss_con: -0.573 energy_loss: 16.832
[GPU0] epochs: [229/800] train_loss_con: -0.573 energy_loss: 16.625
[GPU0] epochs: [230/800] train_loss_con: -0.572 energy_loss: 16.510
[GPU0] epochs: [231/800] train_loss_con: -0.570 energy_loss: 16.433
[GPU0] epochs: [232/800] train_loss_con: -0.573 energy_loss: 16.243
[GPU0] epochs: [233/800] train_loss_con: -0.572 energy_loss: 16.113
[GPU0] epochs: [234/800] train_loss_con: -0.571 energy_loss: 16.010
[GPU0] epochs: [235/800] train_loss_con: -0.570 energy_loss: 15.915
[GPU0] epochs: [236/800] train_loss_con: -0.572 energy_loss: 15.784
[GPU0] epochs: [237/800] train_loss_con: -0.571 energy_loss: 15.646
[GPU0] epochs: [238/800] train_loss_con: -0.570 energy_loss: 15.532
[GPU0] epochs: [239/800] train_loss_con: -0.571 energy_loss: 15.510
[GPU0] epochs: [240/800] train_loss_con: -0.571 energy_loss: 15.295
[GPU0] epochs: [241/800] train_loss_con: -0.571 energy_loss: 15.145
[GPU0] epochs: [242/800] train_loss_con: -0.573 energy_loss: 14.989
[GPU0] epochs: [243/800] train_loss_con: -0.571 energy_loss: 14.839
[GPU0] epochs: [244/800] train_loss_con: -0.570 energy_loss: 14.784
[GPU0] epochs: [245/800] train_loss_con: -0.570 energy_loss: 14.720
[GPU0] epochs: [246/800] train_loss_con: -0.569 energy_loss: 14.607
[GPU0] epochs: [247/800] train_loss_con: -0.571 energy_loss: 14.473
[GPU0] epochs: [248/800] train_loss_con: -0.569 energy_loss: 14.326
[GPU0] epochs: [249/800] train_loss_con: -0.570 energy_loss: 14.204
[GPU0] epochs: [250/800] train_loss_con: -0.570 energy_loss: 14.102
[GPU0] epochs: [251/800] train_loss_con: -0.571 energy_loss: 14.007
[GPU0] epochs: [252/800] train_loss_con: -0.569 energy_loss: 13.868
[GPU0] epochs: [253/800] train_loss_con: -0.571 energy_loss: 13.763
[GPU0] epochs: [254/800] train_loss_con: -0.568 energy_loss: 13.636
[GPU0] epochs: [255/800] train_loss_con: -0.573 energy_loss: 13.451
[GPU0] epochs: [256/800] train_loss_con: -0.570 energy_loss: 13.413
[GPU0] epochs: [257/800] train_loss_con: -0.571 energy_loss: 13.332
[GPU0] epochs: [258/800] train_loss_con: -0.571 energy_loss: 13.179
[GPU0] epochs: [259/800] train_loss_con: -0.568 energy_loss: 13.021
[GPU0] epochs: [260/800] train_loss_con: -0.570 energy_loss: 12.948
[GPU0] epochs: [261/800] train_loss_con: -0.567 energy_loss: 12.886
[GPU0] epochs: [262/800] train_loss_con: -0.568 energy_loss: 12.781
[GPU0] epochs: [263/800] train_loss_con: -0.570 energy_loss: 12.687
[GPU0] epochs: [264/800] train_loss_con: -0.569 energy_loss: 12.554
[GPU0] epochs: [265/800] train_loss_con: -0.569 energy_loss: 12.417
[GPU0] epochs: [266/800] train_loss_con: -0.569 energy_loss: 12.325
[GPU0] epochs: [267/800] train_loss_con: -0.569 energy_loss: 12.230
[GPU0] epochs: [268/800] train_loss_con: -0.570 energy_loss: 12.135
[GPU0] epochs: [269/800] train_loss_con: -0.570 energy_loss: 12.043
[GPU0] epochs: [270/800] train_loss_con: -0.568 energy_loss: 11.970
[GPU0] epochs: [271/800] train_loss_con: -0.568 energy_loss: 11.856
[GPU0] epochs: [272/800] train_loss_con: -0.569 energy_loss: 11.754
[GPU0] epochs: [273/800] train_loss_con: -0.566 energy_loss: 11.642
[GPU0] epochs: [274/800] train_loss_con: -0.568 energy_loss: 11.523
[GPU0] epochs: [275/800] train_loss_con: -0.567 energy_loss: 11.402
[GPU0] epochs: [276/800] train_loss_con: -0.569 energy_loss: 11.296
[GPU0] epochs: [277/800] train_loss_con: -0.568 energy_loss: 11.217
[GPU0] epochs: [278/800] train_loss_con: -0.569 energy_loss: 11.128
[GPU0] epochs: [279/800] train_loss_con: -0.568 energy_loss: 11.027
[GPU0] epochs: [280/800] train_loss_con: -0.570 energy_loss: 10.912
[GPU0] epochs: [281/800] train_loss_con: -0.567 energy_loss: 10.804
[GPU0] epochs: [282/800] train_loss_con: -0.568 energy_loss: 10.727
[GPU0] epochs: [283/800] train_loss_con: -0.568 energy_loss: 10.616
[GPU0] epochs: [284/800] train_loss_con: -0.568 energy_loss: 10.517
[GPU0] epochs: [285/800] train_loss_con: -0.568 energy_loss: 10.460
[GPU0] epochs: [286/800] train_loss_con: -0.569 energy_loss: 10.375
[GPU0] epochs: [287/800] train_loss_con: -0.568 energy_loss: 10.254
[GPU0] epochs: [288/800] train_loss_con: -0.568 energy_loss: 10.198
[GPU0] epochs: [289/800] train_loss_con: -0.568 energy_loss: 10.104
[GPU0] epochs: [290/800] train_loss_con: -0.570 energy_loss: 9.996
[GPU0] epochs: [291/800] train_loss_con: -0.566 energy_loss: 9.954
[GPU0] epochs: [292/800] train_loss_con: -0.568 energy_loss: 9.825
[GPU0] epochs: [293/800] train_loss_con: -0.569 energy_loss: 9.755
[GPU0] epochs: [294/800] train_loss_con: -0.570 energy_loss: 9.627
[GPU0] epochs: [295/800] train_loss_con: -0.569 energy_loss: 9.522
[GPU0] epochs: [296/800] train_loss_con: -0.569 energy_loss: 9.480
[GPU0] epochs: [297/800] train_loss_con: -0.567 energy_loss: 9.386
[GPU0] epochs: [298/800] train_loss_con: -0.567 energy_loss: 9.297
[GPU0] epochs: [299/800] train_loss_con: -0.567 energy_loss: 9.200
[GPU0] epochs: [300/800] train_loss_con: -0.568 energy_loss: 9.152
[GPU0] epochs: [301/800] train_loss_con: -0.568 energy_loss: 9.011
[GPU0] epochs: [302/800] train_loss_con: -0.569 energy_loss: 8.957
[GPU0] epochs: [303/800] train_loss_con: -0.569 energy_loss: 8.882
[GPU0] epochs: [304/800] train_loss_con: -0.571 energy_loss: 8.787
[GPU0] epochs: [305/800] train_loss_con: -0.569 energy_loss: 8.701
[GPU0] epochs: [306/800] train_loss_con: -0.567 energy_loss: 8.605
[GPU0] epochs: [307/800] train_loss_con: -0.570 energy_loss: 8.530
[GPU0] epochs: [308/800] train_loss_con: -0.570 energy_loss: 8.424
[GPU0] epochs: [309/800] train_loss_con: -0.570 energy_loss: 8.398
[GPU0] epochs: [310/800] train_loss_con: -0.569 energy_loss: 8.299
[GPU0] epochs: [311/800] train_loss_con: -0.570 energy_loss: 8.235
[GPU0] epochs: [312/800] train_loss_con: -0.570 energy_loss: 8.128
[GPU0] epochs: [313/800] train_loss_con: -0.569 energy_loss: 8.065
[GPU0] epochs: [314/800] train_loss_con: -0.569 energy_loss: 8.002
[GPU0] epochs: [315/800] train_loss_con: -0.569 energy_loss: 7.892
[GPU0] epochs: [316/800] train_loss_con: -0.569 energy_loss: 7.830
[GPU0] epochs: [317/800] train_loss_con: -0.570 energy_loss: 7.779
[GPU0] epochs: [318/800] train_loss_con: -0.570 energy_loss: 7.708
[GPU0] epochs: [319/800] train_loss_con: -0.570 energy_loss: 7.611
[GPU0] epochs: [320/800] train_loss_con: -0.569 energy_loss: 7.529
[GPU0] epochs: [321/800] train_loss_con: -0.571 energy_loss: 7.484
[GPU0] epochs: [322/800] train_loss_con: -0.570 energy_loss: 7.380
[GPU0] epochs: [323/800] train_loss_con: -0.569 energy_loss: 7.310
[GPU0] epochs: [324/800] train_loss_con: -0.569 energy_loss: 7.276
[GPU0] epochs: [325/800] train_loss_con: -0.570 energy_loss: 7.194
[GPU0] epochs: [326/800] train_loss_con: -0.570 energy_loss: 7.122
[GPU0] epochs: [327/800] train_loss_con: -0.569 energy_loss: 7.074
[GPU0] epochs: [328/800] train_loss_con: -0.569 energy_loss: 7.020
[GPU0] epochs: [329/800] train_loss_con: -0.569 energy_loss: 6.965
[GPU0] epochs: [330/800] train_loss_con: -0.571 energy_loss: 6.922
[GPU0] epochs: [331/800] train_loss_con: -0.570 energy_loss: 6.838
[GPU0] epochs: [332/800] train_loss_con: -0.570 energy_loss: 6.803
[GPU0] epochs: [333/800] train_loss_con: -0.570 energy_loss: 6.753
[GPU0] epochs: [334/800] train_loss_con: -0.570 energy_loss: 6.714
[GPU0] epochs: [335/800] train_loss_con: -0.570 energy_loss: 6.662
[GPU0] epochs: [336/800] train_loss_con: -0.570 energy_loss: 6.606
[GPU0] epochs: [337/800] train_loss_con: -0.571 energy_loss: 6.534
[GPU0] epochs: [338/800] train_loss_con: -0.570 energy_loss: 6.501
[GPU0] epochs: [339/800] train_loss_con: -0.572 energy_loss: 6.452
[GPU0] epochs: [340/800] train_loss_con: -0.573 energy_loss: 6.375
[GPU0] epochs: [341/800] train_loss_con: -0.572 energy_loss: 6.310
[GPU0] epochs: [342/800] train_loss_con: -0.573 energy_loss: 6.306
[GPU0] epochs: [343/800] train_loss_con: -0.572 energy_loss: 6.218
[GPU0] epochs: [344/800] train_loss_con: -0.571 energy_loss: 6.157
[GPU0] epochs: [345/800] train_loss_con: -0.572 energy_loss: 6.113
[GPU0] epochs: [346/800] train_loss_con: -0.572 energy_loss: 6.125
[GPU0] epochs: [347/800] train_loss_con: -0.572 energy_loss: 6.048
[GPU0] epochs: [348/800] train_loss_con: -0.572 energy_loss: 5.975
[GPU0] epochs: [349/800] train_loss_con: -0.572 energy_loss: 5.919
[GPU0] epochs: [350/800] train_loss_con: -0.571 energy_loss: 5.925
[GPU0] epochs: [351/800] train_loss_con: -0.572 energy_loss: 5.843
[GPU0] epochs: [352/800] train_loss_con: -0.573 energy_loss: 5.792
[GPU0] epochs: [353/800] train_loss_con: -0.573 energy_loss: 5.756
[GPU0] epochs: [354/800] train_loss_con: -0.574 energy_loss: 5.745
[GPU0] epochs: [355/800] train_loss_con: -0.574 energy_loss: 5.666
[GPU0] epochs: [356/800] train_loss_con: -0.575 energy_loss: 5.661
[GPU0] epochs: [357/800] train_loss_con: -0.573 energy_loss: 5.579
[GPU0] epochs: [358/800] train_loss_con: -0.574 energy_loss: 5.565
[GPU0] epochs: [359/800] train_loss_con: -0.573 energy_loss: 5.505
[GPU0] epochs: [360/800] train_loss_con: -0.572 energy_loss: 5.477
[GPU0] epochs: [361/800] train_loss_con: -0.574 energy_loss: 5.491
[GPU0] epochs: [362/800] train_loss_con: -0.575 energy_loss: 5.416
[GPU0] epochs: [363/800] train_loss_con: -0.575 energy_loss: 5.349
[GPU0] epochs: [364/800] train_loss_con: -0.575 energy_loss: 5.344
[GPU0] epochs: [365/800] train_loss_con: -0.574 energy_loss: 5.315
[GPU0] epochs: [366/800] train_loss_con: -0.575 energy_loss: 5.207
[GPU0] epochs: [367/800] train_loss_con: -0.574 energy_loss: 5.231
[GPU0] epochs: [368/800] train_loss_con: -0.575 energy_loss: 5.209
[GPU0] epochs: [369/800] train_loss_con: -0.576 energy_loss: 5.209
[GPU0] epochs: [370/800] train_loss_con: -0.573 energy_loss: 5.106
[GPU0] epochs: [371/800] train_loss_con: -0.577 energy_loss: 5.109
[GPU0] epochs: [372/800] train_loss_con: -0.575 energy_loss: 5.040
[GPU0] epochs: [373/800] train_loss_con: -0.576 energy_loss: 5.063
[GPU0] epochs: [374/800] train_loss_con: -0.575 energy_loss: 4.988
[GPU0] epochs: [375/800] train_loss_con: -0.575 energy_loss: 5.005
[GPU0] epochs: [376/800] train_loss_con: -0.579 energy_loss: 4.919
[GPU0] epochs: [377/800] train_loss_con: -0.578 energy_loss: 4.944
[GPU0] epochs: [378/800] train_loss_con: -0.576 energy_loss: 4.909
[GPU0] epochs: [379/800] train_loss_con: -0.577 energy_loss: 4.830
[GPU0] epochs: [380/800] train_loss_con: -0.578 energy_loss: 4.848
[GPU0] epochs: [381/800] train_loss_con: -0.578 energy_loss: 4.877
[GPU0] epochs: [382/800] train_loss_con: -0.575 energy_loss: 4.804
[GPU0] epochs: [383/800] train_loss_con: -0.576 energy_loss: 4.764
[GPU0] epochs: [384/800] train_loss_con: -0.578 energy_loss: 4.734
[GPU0] epochs: [385/800] train_loss_con: -0.577 energy_loss: 4.692
[GPU0] epochs: [386/800] train_loss_con: -0.576 energy_loss: 4.687
[GPU0] epochs: [387/800] train_loss_con: -0.577 energy_loss: 4.698
[GPU0] epochs: [388/800] train_loss_con: -0.577 energy_loss: 4.604
[GPU0] epochs: [389/800] train_loss_con: -0.578 energy_loss: 4.636
[GPU0] epochs: [390/800] train_loss_con: -0.577 energy_loss: 4.554
[GPU0] epochs: [391/800] train_loss_con: -0.578 energy_loss: 4.646
[GPU0] epochs: [392/800] train_loss_con: -0.579 energy_loss: 4.543
[GPU0] epochs: [393/800] train_loss_con: -0.578 energy_loss: 4.514
[GPU0] epochs: [394/800] train_loss_con: -0.579 energy_loss: 4.484
[GPU0] epochs: [395/800] train_loss_con: -0.579 energy_loss: 4.484
[GPU0] epochs: [396/800] train_loss_con: -0.580 energy_loss: 4.443
[GPU0] epochs: [397/800] train_loss_con: -0.580 energy_loss: 4.383
[GPU0] epochs: [398/800] train_loss_con: -0.580 energy_loss: 4.459
[GPU0] epochs: [399/800] train_loss_con: -0.580 energy_loss: 4.464
[GPU0] epochs: [400/800] train_loss_con: -0.581 energy_loss: 4.375
[GPU0] epochs: [401/800] train_loss_con: -0.581 energy_loss: 4.344
[GPU0] epochs: [402/800] train_loss_con: -0.580 energy_loss: 4.377
[GPU0] epochs: [403/800] train_loss_con: -0.581 energy_loss: 4.409
[GPU0] epochs: [404/800] train_loss_con: -0.582 energy_loss: 4.317
[GPU0] epochs: [405/800] train_loss_con: -0.581 energy_loss: 4.334
[GPU0] epochs: [406/800] train_loss_con: -0.581 energy_loss: 4.358
[GPU0] epochs: [407/800] train_loss_con: -0.581 energy_loss: 4.295
[GPU0] epochs: [408/800] train_loss_con: -0.584 energy_loss: 4.262
[GPU0] epochs: [409/800] train_loss_con: -0.581 energy_loss: 4.195
[GPU0] epochs: [410/800] train_loss_con: -0.582 energy_loss: 4.243
[GPU0] epochs: [411/800] train_loss_con: -0.582 energy_loss: 4.179
[GPU0] epochs: [412/800] train_loss_con: -0.581 energy_loss: 4.184
[GPU0] epochs: [413/800] train_loss_con: -0.583 energy_loss: 4.243
[GPU0] epochs: [414/800] train_loss_con: -0.583 energy_loss: 4.173
[GPU0] epochs: [415/800] train_loss_con: -0.583 energy_loss: 4.182
[GPU0] epochs: [416/800] train_loss_con: -0.584 energy_loss: 4.128
[GPU0] epochs: [417/800] train_loss_con: -0.584 energy_loss: 4.094
[GPU0] epochs: [418/800] train_loss_con: -0.585 energy_loss: 4.055
[GPU0] epochs: [419/800] train_loss_con: -0.583 energy_loss: 4.120
[GPU0] epochs: [420/800] train_loss_con: -0.584 energy_loss: 4.116
[GPU0] epochs: [421/800] train_loss_con: -0.584 energy_loss: 4.087
[GPU0] epochs: [422/800] train_loss_con: -0.585 energy_loss: 4.030
[GPU0] epochs: [423/800] train_loss_con: -0.585 energy_loss: 4.035
[GPU0] epochs: [424/800] train_loss_con: -0.583 energy_loss: 3.981
[GPU0] epochs: [425/800] train_loss_con: -0.584 energy_loss: 4.034
[GPU0] epochs: [426/800] train_loss_con: -0.584 energy_loss: 4.019
[GPU0] epochs: [427/800] train_loss_con: -0.582 energy_loss: 3.958
[GPU0] epochs: [428/800] train_loss_con: -0.584 energy_loss: 3.931
[GPU0] epochs: [429/800] train_loss_con: -0.587 energy_loss: 3.947
[GPU0] epochs: [430/800] train_loss_con: -0.586 energy_loss: 3.996
[GPU0] epochs: [431/800] train_loss_con: -0.585 energy_loss: 3.917
[GPU0] epochs: [432/800] train_loss_con: -0.585 energy_loss: 3.940
[GPU0] epochs: [433/800] train_loss_con: -0.585 energy_loss: 3.935
[GPU0] epochs: [434/800] train_loss_con: -0.586 energy_loss: 3.886
[GPU0] epochs: [435/800] train_loss_con: -0.585 energy_loss: 3.851
[GPU0] epochs: [436/800] train_loss_con: -0.587 energy_loss: 3.898
[GPU0] epochs: [437/800] train_loss_con: -0.588 energy_loss: 3.909
[GPU0] epochs: [438/800] train_loss_con: -0.588 energy_loss: 3.866
[GPU0] epochs: [439/800] train_loss_con: -0.587 energy_loss: 3.789
[GPU0] epochs: [440/800] train_loss_con: -0.588 energy_loss: 3.772
[GPU0] epochs: [441/800] train_loss_con: -0.587 energy_loss: 3.762
[GPU0] epochs: [442/800] train_loss_con: -0.588 energy_loss: 3.764
[GPU0] epochs: [443/800] train_loss_con: -0.587 energy_loss: 3.840
[GPU0] epochs: [444/800] train_loss_con: -0.588 energy_loss: 3.815
[GPU0] epochs: [445/800] train_loss_con: -0.588 energy_loss: 3.729
[GPU0] epochs: [446/800] train_loss_con: -0.587 energy_loss: 3.712
[GPU0] epochs: [447/800] train_loss_con: -0.588 energy_loss: 3.737
[GPU0] epochs: [448/800] train_loss_con: -0.588 energy_loss: 3.789
[GPU0] epochs: [449/800] train_loss_con: -0.589 energy_loss: 3.738
[GPU0] epochs: [450/800] train_loss_con: -0.588 energy_loss: 3.657
[GPU0] epochs: [451/800] train_loss_con: -0.588 energy_loss: 3.688
[GPU0] epochs: [452/800] train_loss_con: -0.586 energy_loss: 3.749
[GPU0] epochs: [453/800] train_loss_con: -0.589 energy_loss: 3.665
[GPU0] epochs: [454/800] train_loss_con: -0.588 energy_loss: 3.697
[GPU0] epochs: [455/800] train_loss_con: -0.589 energy_loss: 3.742
[GPU0] epochs: [456/800] train_loss_con: -0.589 energy_loss: 3.675
[GPU0] epochs: [457/800] train_loss_con: -0.589 energy_loss: 3.634
[GPU0] epochs: [458/800] train_loss_con: -0.589 energy_loss: 3.663
[GPU0] epochs: [459/800] train_loss_con: -0.591 energy_loss: 3.654
[GPU0] epochs: [460/800] train_loss_con: -0.589 energy_loss: 3.702
[GPU0] epochs: [461/800] train_loss_con: -0.590 energy_loss: 3.632
[GPU0] epochs: [462/800] train_loss_con: -0.591 energy_loss: 3.555
[GPU0] epochs: [463/800] train_loss_con: -0.591 energy_loss: 3.578
[GPU0] epochs: [464/800] train_loss_con: -0.592 energy_loss: 3.602
[GPU0] epochs: [465/800] train_loss_con: -0.590 energy_loss: 3.611
[GPU0] epochs: [466/800] train_loss_con: -0.592 energy_loss: 3.523
[GPU0] epochs: [467/800] train_loss_con: -0.592 energy_loss: 3.520
[GPU0] epochs: [468/800] train_loss_con: -0.590 energy_loss: 3.554
[GPU0] epochs: [469/800] train_loss_con: -0.592 energy_loss: 3.623
[GPU0] epochs: [470/800] train_loss_con: -0.591 energy_loss: 3.519
[GPU0] epochs: [471/800] train_loss_con: -0.591 energy_loss: 3.489
[GPU0] epochs: [472/800] train_loss_con: -0.593 energy_loss: 3.485
[GPU0] epochs: [473/800] train_loss_con: -0.593 energy_loss: 3.565
[GPU0] epochs: [474/800] train_loss_con: -0.593 energy_loss: 3.510
[GPU0] epochs: [475/800] train_loss_con: -0.593 energy_loss: 3.501
[GPU0] epochs: [476/800] train_loss_con: -0.594 energy_loss: 3.490
[GPU0] epochs: [477/800] train_loss_con: -0.594 energy_loss: 3.435
[GPU0] epochs: [478/800] train_loss_con: -0.592 energy_loss: 3.458
[GPU0] epochs: [479/800] train_loss_con: -0.594 energy_loss: 3.436
[GPU0] epochs: [480/800] train_loss_con: -0.594 energy_loss: 3.437
[GPU0] epochs: [481/800] train_loss_con: -0.594 energy_loss: 3.419
[GPU0] epochs: [482/800] train_loss_con: -0.593 energy_loss: 3.414
[GPU0] epochs: [483/800] train_loss_con: -0.594 energy_loss: 3.457
[GPU0] epochs: [484/800] train_loss_con: -0.594 energy_loss: 3.438
[GPU0] epochs: [485/800] train_loss_con: -0.594 energy_loss: 3.446
[GPU0] epochs: [486/800] train_loss_con: -0.595 energy_loss: 3.441
[GPU0] epochs: [487/800] train_loss_con: -0.594 energy_loss: 3.403
[GPU0] epochs: [488/800] train_loss_con: -0.594 energy_loss: 3.396
[GPU0] epochs: [489/800] train_loss_con: -0.596 energy_loss: 3.352
[GPU0] epochs: [490/800] train_loss_con: -0.596 energy_loss: 3.322
[GPU0] epochs: [491/800] train_loss_con: -0.598 energy_loss: 3.431
[GPU0] epochs: [492/800] train_loss_con: -0.598 energy_loss: 3.337
[GPU0] epochs: [493/800] train_loss_con: -0.595 energy_loss: 3.309
[GPU0] epochs: [494/800] train_loss_con: -0.595 energy_loss: 3.307
[GPU0] epochs: [495/800] train_loss_con: -0.596 energy_loss: 3.331
[GPU0] epochs: [496/800] train_loss_con: -0.596 energy_loss: 3.365
[GPU0] epochs: [497/800] train_loss_con: -0.596 energy_loss: 3.370
[GPU0] epochs: [498/800] train_loss_con: -0.598 energy_loss: 3.338
[GPU0] epochs: [499/800] train_loss_con: -0.596 energy_loss: 3.305
[GPU0] epochs: [500/800] train_loss_con: -0.595 energy_loss: 3.254
[GPU0] epochs: [501/800] train_loss_con: -0.599 energy_loss: 3.297
[GPU0] epochs: [502/800] train_loss_con: -0.599 energy_loss: 3.325
[GPU0] epochs: [503/800] train_loss_con: -0.598 energy_loss: 3.283
[GPU0] epochs: [504/800] train_loss_con: -0.598 energy_loss: 3.231
[GPU0] epochs: [505/800] train_loss_con: -0.598 energy_loss: 3.193
[GPU0] epochs: [506/800] train_loss_con: -0.598 energy_loss: 3.256
[GPU0] epochs: [507/800] train_loss_con: -0.599 energy_loss: 3.349
[GPU0] epochs: [508/800] train_loss_con: -0.599 energy_loss: 3.273
[GPU0] epochs: [509/800] train_loss_con: -0.599 energy_loss: 3.270
[GPU0] epochs: [510/800] train_loss_con: -0.596 energy_loss: 3.217
[GPU0] epochs: [511/800] train_loss_con: -0.598 energy_loss: 3.164
[GPU0] epochs: [512/800] train_loss_con: -0.597 energy_loss: 3.200
[GPU0] epochs: [513/800] train_loss_con: -0.598 energy_loss: 3.178
[GPU0] epochs: [514/800] train_loss_con: -0.598 energy_loss: 3.198
[GPU0] epochs: [515/800] train_loss_con: -0.601 energy_loss: 3.213
[GPU0] epochs: [516/800] train_loss_con: -0.601 energy_loss: 3.151
[GPU0] epochs: [517/800] train_loss_con: -0.599 energy_loss: 3.175
[GPU0] epochs: [518/800] train_loss_con: -0.600 energy_loss: 3.217
[GPU0] epochs: [519/800] train_loss_con: -0.601 energy_loss: 3.115
[GPU0] epochs: [520/800] train_loss_con: -0.601 energy_loss: 3.134
[GPU0] epochs: [521/800] train_loss_con: -0.601 energy_loss: 3.154
[GPU0] epochs: [522/800] train_loss_con: -0.600 energy_loss: 3.206
[GPU0] epochs: [523/800] train_loss_con: -0.601 energy_loss: 3.082
[GPU0] epochs: [524/800] train_loss_con: -0.601 energy_loss: 3.133
[GPU0] epochs: [525/800] train_loss_con: -0.602 energy_loss: 3.150
[GPU0] epochs: [526/800] train_loss_con: -0.601 energy_loss: 3.141
[GPU0] epochs: [527/800] train_loss_con: -0.602 energy_loss: 3.174
[GPU0] epochs: [528/800] train_loss_con: -0.602 energy_loss: 3.230
[GPU0] epochs: [529/800] train_loss_con: -0.602 energy_loss: 3.144
[GPU0] epochs: [530/800] train_loss_con: -0.601 energy_loss: 3.108
[GPU0] epochs: [531/800] train_loss_con: -0.601 energy_loss: 3.089
[GPU0] epochs: [532/800] train_loss_con: -0.601 energy_loss: 3.089
[GPU0] epochs: [533/800] train_loss_con: -0.602 energy_loss: 3.158
[GPU0] epochs: [534/800] train_loss_con: -0.603 energy_loss: 3.097
[GPU0] epochs: [535/800] train_loss_con: -0.600 energy_loss: 3.051
[GPU0] epochs: [536/800] train_loss_con: -0.604 energy_loss: 3.167
[GPU0] epochs: [537/800] train_loss_con: -0.601 energy_loss: 3.095
[GPU0] epochs: [538/800] train_loss_con: -0.602 energy_loss: 3.092
[GPU0] epochs: [539/800] train_loss_con: -0.603 energy_loss: 3.083
[GPU0] epochs: [540/800] train_loss_con: -0.601 energy_loss: 3.018
[GPU0] epochs: [541/800] train_loss_con: -0.605 energy_loss: 3.098
[GPU0] epochs: [542/800] train_loss_con: -0.604 energy_loss: 2.998
[GPU0] epochs: [543/800] train_loss_con: -0.603 energy_loss: 3.037
[GPU0] epochs: [544/800] train_loss_con: -0.605 energy_loss: 2.990
[GPU0] epochs: [545/800] train_loss_con: -0.604 energy_loss: 3.009
[GPU0] epochs: [546/800] train_loss_con: -0.604 energy_loss: 3.063
[GPU0] epochs: [547/800] train_loss_con: -0.605 energy_loss: 3.086
[GPU0] epochs: [548/800] train_loss_con: -0.606 energy_loss: 2.975
[GPU0] epochs: [549/800] train_loss_con: -0.605 energy_loss: 3.012
[GPU0] epochs: [550/800] train_loss_con: -0.603 energy_loss: 3.034
[GPU0] epochs: [551/800] train_loss_con: -0.607 energy_loss: 3.024
[GPU0] epochs: [552/800] train_loss_con: -0.604 energy_loss: 3.004
[GPU0] epochs: [553/800] train_loss_con: -0.605 energy_loss: 3.009
[GPU0] epochs: [554/800] train_loss_con: -0.605 energy_loss: 2.951
[GPU0] epochs: [555/800] train_loss_con: -0.608 energy_loss: 2.967
[GPU0] epochs: [556/800] train_loss_con: -0.605 energy_loss: 2.971
[GPU0] epochs: [557/800] train_loss_con: -0.607 energy_loss: 3.004
[GPU0] epochs: [558/800] train_loss_con: -0.604 energy_loss: 2.952
[GPU0] epochs: [559/800] train_loss_con: -0.606 energy_loss: 2.906
[GPU0] epochs: [560/800] train_loss_con: -0.609 energy_loss: 2.935
[GPU0] epochs: [561/800] train_loss_con: -0.606 energy_loss: 2.979
[GPU0] epochs: [562/800] train_loss_con: -0.607 energy_loss: 2.973
[GPU0] epochs: [563/800] train_loss_con: -0.607 energy_loss: 2.939
[GPU0] epochs: [564/800] train_loss_con: -0.608 energy_loss: 2.902
[GPU0] epochs: [565/800] train_loss_con: -0.608 energy_loss: 2.916
[GPU0] epochs: [566/800] train_loss_con: -0.607 energy_loss: 2.877
[GPU0] epochs: [567/800] train_loss_con: -0.609 energy_loss: 2.980
[GPU0] epochs: [568/800] train_loss_con: -0.608 energy_loss: 2.902
[GPU0] epochs: [569/800] train_loss_con: -0.609 energy_loss: 2.897
[GPU0] epochs: [570/800] train_loss_con: -0.610 energy_loss: 2.858
[GPU0] epochs: [571/800] train_loss_con: -0.610 energy_loss: 2.902
[GPU0] epochs: [572/800] train_loss_con: -0.609 energy_loss: 2.925
[GPU0] epochs: [573/800] train_loss_con: -0.608 energy_loss: 2.854
[GPU0] epochs: [574/800] train_loss_con: -0.610 energy_loss: 2.904
[GPU0] epochs: [575/800] train_loss_con: -0.609 energy_loss: 2.865
[GPU0] epochs: [576/800] train_loss_con: -0.608 energy_loss: 2.844
[GPU0] epochs: [577/800] train_loss_con: -0.611 energy_loss: 2.869
[GPU0] epochs: [578/800] train_loss_con: -0.611 energy_loss: 2.873
[GPU0] epochs: [579/800] train_loss_con: -0.612 energy_loss: 2.907
[GPU0] epochs: [580/800] train_loss_con: -0.609 energy_loss: 2.895
[GPU0] epochs: [581/800] train_loss_con: -0.611 energy_loss: 2.854
[GPU0] epochs: [582/800] train_loss_con: -0.611 energy_loss: 2.886
[GPU0] epochs: [583/800] train_loss_con: -0.612 energy_loss: 2.860
[GPU0] epochs: [584/800] train_loss_con: -0.613 energy_loss: 2.828
[GPU0] epochs: [585/800] train_loss_con: -0.610 energy_loss: 2.836
[GPU0] epochs: [586/800] train_loss_con: -0.611 energy_loss: 2.843
[GPU0] epochs: [587/800] train_loss_con: -0.610 energy_loss: 2.789
[GPU0] epochs: [588/800] train_loss_con: -0.611 energy_loss: 2.761
[GPU0] epochs: [589/800] train_loss_con: -0.613 energy_loss: 2.779
[GPU0] epochs: [590/800] train_loss_con: -0.611 energy_loss: 2.759
[GPU0] epochs: [591/800] train_loss_con: -0.612 energy_loss: 2.801
[GPU0] epochs: [592/800] train_loss_con: -0.615 energy_loss: 2.835
[GPU0] epochs: [593/800] train_loss_con: -0.613 energy_loss: 2.797
[GPU0] epochs: [594/800] train_loss_con: -0.613 energy_loss: 2.787
[GPU0] epochs: [595/800] train_loss_con: -0.613 energy_loss: 2.742
[GPU0] epochs: [596/800] train_loss_con: -0.614 energy_loss: 2.735
[GPU0] epochs: [597/800] train_loss_con: -0.615 energy_loss: 2.805
[GPU0] epochs: [598/800] train_loss_con: -0.613 energy_loss: 2.769
[GPU0] epochs: [599/800] train_loss_con: -0.612 energy_loss: 2.766
[GPU0] epochs: [600/800] train_loss_con: -0.614 energy_loss: 2.794
[GPU0] epochs: [601/800] train_loss_con: -0.613 energy_loss: 2.708
[GPU0] epochs: [602/800] train_loss_con: -0.615 energy_loss: 2.745
[GPU0] epochs: [603/800] train_loss_con: -0.615 energy_loss: 2.712
[GPU0] epochs: [604/800] train_loss_con: -0.615 energy_loss: 2.733
[GPU0] epochs: [605/800] train_loss_con: -0.615 energy_loss: 2.758
[GPU0] epochs: [606/800] train_loss_con: -0.614 energy_loss: 2.801
[GPU0] epochs: [607/800] train_loss_con: -0.614 energy_loss: 2.724
[GPU0] epochs: [608/800] train_loss_con: -0.613 energy_loss: 2.713
[GPU0] epochs: [609/800] train_loss_con: -0.617 energy_loss: 2.693
[GPU0] epochs: [610/800] train_loss_con: -0.616 energy_loss: 2.684
[GPU0] epochs: [611/800] train_loss_con: -0.615 energy_loss: 2.726
[GPU0] epochs: [612/800] train_loss_con: -0.616 energy_loss: 2.710
[GPU0] epochs: [613/800] train_loss_con: -0.616 energy_loss: 2.715
[GPU0] epochs: [614/800] train_loss_con: -0.618 energy_loss: 2.716
[GPU0] epochs: [615/800] train_loss_con: -0.617 energy_loss: 2.682
[GPU0] epochs: [616/800] train_loss_con: -0.618 energy_loss: 2.695
[GPU0] epochs: [617/800] train_loss_con: -0.615 energy_loss: 2.654
[GPU0] epochs: [618/800] train_loss_con: -0.617 energy_loss: 2.622
[GPU0] epochs: [619/800] train_loss_con: -0.617 energy_loss: 2.665
[GPU0] epochs: [620/800] train_loss_con: -0.617 energy_loss: 2.682
[GPU0] epochs: [621/800] train_loss_con: -0.617 energy_loss: 2.697
[GPU0] epochs: [622/800] train_loss_con: -0.617 energy_loss: 2.657
[GPU0] epochs: [623/800] train_loss_con: -0.618 energy_loss: 2.668
[GPU0] epochs: [624/800] train_loss_con: -0.619 energy_loss: 2.613
[GPU0] epochs: [625/800] train_loss_con: -0.617 energy_loss: 2.654
[GPU0] epochs: [626/800] train_loss_con: -0.619 energy_loss: 2.672
[GPU0] epochs: [627/800] train_loss_con: -0.619 energy_loss: 2.656
[GPU0] epochs: [628/800] train_loss_con: -0.620 energy_loss: 2.645
[GPU0] epochs: [629/800] train_loss_con: -0.618 energy_loss: 2.570
[GPU0] epochs: [630/800] train_loss_con: -0.619 energy_loss: 2.589
[GPU0] epochs: [631/800] train_loss_con: -0.618 energy_loss: 2.582
[GPU0] epochs: [632/800] train_loss_con: -0.620 energy_loss: 2.673
[GPU0] epochs: [633/800] train_loss_con: -0.620 energy_loss: 2.684
[GPU0] epochs: [634/800] train_loss_con: -0.619 energy_loss: 2.584
[GPU0] epochs: [635/800] train_loss_con: -0.617 energy_loss: 2.631
[GPU0] epochs: [636/800] train_loss_con: -0.621 energy_loss: 2.599
[GPU0] epochs: [637/800] train_loss_con: -0.619 energy_loss: 2.561
[GPU0] epochs: [638/800] train_loss_con: -0.620 energy_loss: 2.634
[GPU0] epochs: [639/800] train_loss_con: -0.620 energy_loss: 2.593
[GPU0] epochs: [640/800] train_loss_con: -0.622 energy_loss: 2.638
[GPU0] epochs: [641/800] train_loss_con: -0.620 energy_loss: 2.638
[GPU0] epochs: [642/800] train_loss_con: -0.621 energy_loss: 2.626
[GPU0] epochs: [643/800] train_loss_con: -0.619 energy_loss: 2.533
[GPU0] epochs: [644/800] train_loss_con: -0.620 energy_loss: 2.572
[GPU0] epochs: [645/800] train_loss_con: -0.621 energy_loss: 2.573
[GPU0] epochs: [646/800] train_loss_con: -0.623 energy_loss: 2.562
[GPU0] epochs: [647/800] train_loss_con: -0.622 energy_loss: 2.551
[GPU0] epochs: [648/800] train_loss_con: -0.621 energy_loss: 2.567
[GPU0] epochs: [649/800] train_loss_con: -0.621 energy_loss: 2.564
[GPU0] epochs: [650/800] train_loss_con: -0.621 energy_loss: 2.532
[GPU0] epochs: [651/800] train_loss_con: -0.624 energy_loss: 2.567
[GPU0] epochs: [652/800] train_loss_con: -0.623 energy_loss: 2.513
[GPU0] epochs: [653/800] train_loss_con: -0.624 energy_loss: 2.546
[GPU0] epochs: [654/800] train_loss_con: -0.622 energy_loss: 2.531
[GPU0] epochs: [655/800] train_loss_con: -0.623 energy_loss: 2.481
[GPU0] epochs: [656/800] train_loss_con: -0.622 energy_loss: 2.515
[GPU0] epochs: [657/800] train_loss_con: -0.624 energy_loss: 2.533
[GPU0] epochs: [658/800] train_loss_con: -0.623 energy_loss: 2.604
[GPU0] epochs: [659/800] train_loss_con: -0.623 energy_loss: 2.456
[GPU0] epochs: [660/800] train_loss_con: -0.624 energy_loss: 2.537
[GPU0] epochs: [661/800] train_loss_con: -0.624 energy_loss: 2.582
[GPU0] epochs: [662/800] train_loss_con: -0.626 energy_loss: 2.478
[GPU0] epochs: [663/800] train_loss_con: -0.625 energy_loss: 2.549
[GPU0] epochs: [664/800] train_loss_con: -0.625 energy_loss: 2.516
[GPU0] epochs: [665/800] train_loss_con: -0.624 energy_loss: 2.479
[GPU0] epochs: [666/800] train_loss_con: -0.624 energy_loss: 2.508
[GPU0] epochs: [667/800] train_loss_con: -0.624 energy_loss: 2.503
[GPU0] epochs: [668/800] train_loss_con: -0.624 energy_loss: 2.509
[GPU0] epochs: [669/800] train_loss_con: -0.627 energy_loss: 2.489
[GPU0] epochs: [670/800] train_loss_con: -0.626 energy_loss: 2.521
[GPU0] epochs: [671/800] train_loss_con: -0.625 energy_loss: 2.509
[GPU0] epochs: [672/800] train_loss_con: -0.626 energy_loss: 2.465
[GPU0] epochs: [673/800] train_loss_con: -0.626 energy_loss: 2.450
[GPU0] epochs: [674/800] train_loss_con: -0.626 energy_loss: 2.434
[GPU0] epochs: [675/800] train_loss_con: -0.627 energy_loss: 2.509
[GPU0] epochs: [676/800] train_loss_con: -0.627 energy_loss: 2.521
[GPU0] epochs: [677/800] train_loss_con: -0.626 energy_loss: 2.525
[GPU0] epochs: [678/800] train_loss_con: -0.627 energy_loss: 2.478
[GPU0] epochs: [679/800] train_loss_con: -0.626 energy_loss: 2.557
[GPU0] epochs: [680/800] train_loss_con: -0.628 energy_loss: 2.478
[GPU0] epochs: [681/800] train_loss_con: -0.627 energy_loss: 2.474
[GPU0] epochs: [682/800] train_loss_con: -0.627 energy_loss: 2.441
[GPU0] epochs: [683/800] train_loss_con: -0.627 energy_loss: 2.454
[GPU0] epochs: [684/800] train_loss_con: -0.628 energy_loss: 2.424
[GPU0] epochs: [685/800] train_loss_con: -0.628 energy_loss: 2.444
[GPU0] epochs: [686/800] train_loss_con: -0.629 energy_loss: 2.449
[GPU0] epochs: [687/800] train_loss_con: -0.628 energy_loss: 2.468
[GPU0] epochs: [688/800] train_loss_con: -0.628 energy_loss: 2.439
[GPU0] epochs: [689/800] train_loss_con: -0.628 energy_loss: 2.425
[GPU0] epochs: [690/800] train_loss_con: -0.629 energy_loss: 2.470
[GPU0] epochs: [691/800] train_loss_con: -0.627 energy_loss: 2.496
[GPU0] epochs: [692/800] train_loss_con: -0.629 energy_loss: 2.339
[GPU0] epochs: [693/800] train_loss_con: -0.630 energy_loss: 2.432
[GPU0] epochs: [694/800] train_loss_con: -0.628 energy_loss: 2.410
[GPU0] epochs: [695/800] train_loss_con: -0.627 energy_loss: 2.540
[GPU0] epochs: [696/800] train_loss_con: -0.630 energy_loss: 2.446
[GPU0] epochs: [697/800] train_loss_con: -0.630 energy_loss: 2.397
[GPU0] epochs: [698/800] train_loss_con: -0.630 energy_loss: 2.401
[GPU0] epochs: [699/800] train_loss_con: -0.629 energy_loss: 2.423
[GPU0] epochs: [700/800] train_loss_con: -0.630 energy_loss: 2.437
[GPU0] epochs: [701/800] train_loss_con: -0.630 energy_loss: 2.356
[GPU0] epochs: [702/800] train_loss_con: -0.632 energy_loss: 2.366
[GPU0] epochs: [703/800] train_loss_con: -0.632 energy_loss: 2.412
[GPU0] epochs: [704/800] train_loss_con: -0.630 energy_loss: 2.429
[GPU0] epochs: [705/800] train_loss_con: -0.631 energy_loss: 2.389
[GPU0] epochs: [706/800] train_loss_con: -0.630 energy_loss: 2.506
[GPU0] epochs: [707/800] train_loss_con: -0.631 energy_loss: 2.405
[GPU0] epochs: [708/800] train_loss_con: -0.634 energy_loss: 2.330
[GPU0] epochs: [709/800] train_loss_con: -0.631 energy_loss: 2.441
[GPU0] epochs: [710/800] train_loss_con: -0.633 energy_loss: 2.507
[GPU0] epochs: [711/800] train_loss_con: -0.632 energy_loss: 2.431
[GPU0] epochs: [712/800] train_loss_con: -0.631 energy_loss: 2.377
[GPU0] epochs: [713/800] train_loss_con: -0.631 energy_loss: 2.348
[GPU0] epochs: [714/800] train_loss_con: -0.633 energy_loss: 2.415
[GPU0] epochs: [715/800] train_loss_con: -0.633 energy_loss: 2.390
[GPU0] epochs: [716/800] train_loss_con: -0.632 energy_loss: 2.344
[GPU0] epochs: [717/800] train_loss_con: -0.634 energy_loss: 2.333
[GPU0] epochs: [718/800] train_loss_con: -0.633 energy_loss: 2.368
[GPU0] epochs: [719/800] train_loss_con: -0.634 energy_loss: 2.415
[GPU0] epochs: [720/800] train_loss_con: -0.634 energy_loss: 2.429
[GPU0] epochs: [721/800] train_loss_con: -0.635 energy_loss: 2.359
[GPU0] epochs: [722/800] train_loss_con: -0.636 energy_loss: 2.312
[GPU0] epochs: [723/800] train_loss_con: -0.633 energy_loss: 2.396
[GPU0] epochs: [724/800] train_loss_con: -0.633 energy_loss: 2.356
[GPU0] epochs: [725/800] train_loss_con: -0.634 energy_loss: 2.413
[GPU0] epochs: [726/800] train_loss_con: -0.635 energy_loss: 2.344
[GPU0] epochs: [727/800] train_loss_con: -0.634 energy_loss: 2.331
[GPU0] epochs: [728/800] train_loss_con: -0.634 energy_loss: 2.382
[GPU0] epochs: [729/800] train_loss_con: -0.636 energy_loss: 2.357
[GPU0] epochs: [730/800] train_loss_con: -0.635 energy_loss: 2.346
[GPU0] epochs: [731/800] train_loss_con: -0.637 energy_loss: 2.359
[GPU0] epochs: [732/800] train_loss_con: -0.636 energy_loss: 2.291
[GPU0] epochs: [733/800] train_loss_con: -0.635 energy_loss: 2.320
[GPU0] epochs: [734/800] train_loss_con: -0.635 energy_loss: 2.351
[GPU0] epochs: [735/800] train_loss_con: -0.635 energy_loss: 2.359
[GPU0] epochs: [736/800] train_loss_con: -0.634 energy_loss: 2.394
[GPU0] epochs: [737/800] train_loss_con: -0.633 energy_loss: 2.416
[GPU0] epochs: [738/800] train_loss_con: -0.636 energy_loss: 2.256
[GPU0] epochs: [739/800] train_loss_con: -0.636 energy_loss: 2.311
[GPU0] epochs: [740/800] train_loss_con: -0.635 energy_loss: 2.314
[GPU0] epochs: [741/800] train_loss_con: -0.634 energy_loss: 2.317
[GPU0] epochs: [742/800] train_loss_con: -0.636 energy_loss: 2.296
[GPU0] epochs: [743/800] train_loss_con: -0.637 energy_loss: 2.276
[GPU0] epochs: [744/800] train_loss_con: -0.636 energy_loss: 2.262
[GPU0] epochs: [745/800] train_loss_con: -0.635 energy_loss: 2.338
[GPU0] epochs: [746/800] train_loss_con: -0.636 energy_loss: 2.292
[GPU0] epochs: [747/800] train_loss_con: -0.636 energy_loss: 2.276
[GPU0] epochs: [748/800] train_loss_con: -0.636 energy_loss: 2.286
[GPU0] epochs: [749/800] train_loss_con: -0.637 energy_loss: 2.291
[GPU0] epochs: [750/800] train_loss_con: -0.635 energy_loss: 2.312
[GPU0] epochs: [751/800] train_loss_con: -0.636 energy_loss: 2.327
[GPU0] epochs: [752/800] train_loss_con: -0.637 energy_loss: 2.277
[GPU0] epochs: [753/800] train_loss_con: -0.636 energy_loss: 2.314
[GPU0] epochs: [754/800] train_loss_con: -0.637 energy_loss: 2.352
[GPU0] epochs: [755/800] train_loss_con: -0.636 energy_loss: 2.291
[GPU0] epochs: [756/800] train_loss_con: -0.637 energy_loss: 2.322
[GPU0] epochs: [757/800] train_loss_con: -0.636 energy_loss: 2.312
[GPU0] epochs: [758/800] train_loss_con: -0.636 energy_loss: 2.325
[GPU0] epochs: [759/800] train_loss_con: -0.636 energy_loss: 2.324
[GPU0] epochs: [760/800] train_loss_con: -0.636 energy_loss: 2.279
[GPU0] epochs: [761/800] train_loss_con: -0.638 energy_loss: 2.312
[GPU0] epochs: [762/800] train_loss_con: -0.639 energy_loss: 2.302
[GPU0] epochs: [763/800] train_loss_con: -0.638 energy_loss: 2.284
[GPU0] epochs: [764/800] train_loss_con: -0.639 energy_loss: 2.314
[GPU0] epochs: [765/800] train_loss_con: -0.638 energy_loss: 2.260
[GPU0] epochs: [766/800] train_loss_con: -0.637 energy_loss: 2.312
[GPU0] epochs: [767/800] train_loss_con: -0.641 energy_loss: 2.364
[GPU0] epochs: [768/800] train_loss_con: -0.638 energy_loss: 2.249
[GPU0] epochs: [769/800] train_loss_con: -0.638 energy_loss: 2.292
[GPU0] epochs: [770/800] train_loss_con: -0.638 energy_loss: 2.339
[GPU0] epochs: [771/800] train_loss_con: -0.639 energy_loss: 2.357
[GPU0] epochs: [772/800] train_loss_con: -0.641 energy_loss: 2.299
[GPU0] epochs: [773/800] train_loss_con: -0.640 energy_loss: 2.220
[GPU0] epochs: [774/800] train_loss_con: -0.642 energy_loss: 2.324
[GPU0] epochs: [775/800] train_loss_con: -0.641 energy_loss: 2.301
[GPU0] epochs: [776/800] train_loss_con: -0.641 energy_loss: 2.294
[GPU0] epochs: [777/800] train_loss_con: -0.640 energy_loss: 2.268
[GPU0] epochs: [778/800] train_loss_con: -0.639 energy_loss: 2.270
[GPU0] epochs: [779/800] train_loss_con: -0.640 energy_loss: 2.278
[GPU0] epochs: [780/800] train_loss_con: -0.638 energy_loss: 2.271
[GPU0] epochs: [781/800] train_loss_con: -0.638 energy_loss: 2.275
[GPU0] epochs: [782/800] train_loss_con: -0.638 energy_loss: 2.198
[GPU0] epochs: [783/800] train_loss_con: -0.640 energy_loss: 2.259
[GPU0] epochs: [784/800] train_loss_con: -0.637 energy_loss: 2.218
[GPU0] epochs: [785/800] train_loss_con: -0.638 energy_loss: 2.249
[GPU0] epochs: [786/800] train_loss_con: -0.638 energy_loss: 2.323
[GPU0] epochs: [787/800] train_loss_con: -0.639 energy_loss: 2.360
[GPU0] epochs: [788/800] train_loss_con: -0.636 energy_loss: 2.254
[GPU0] epochs: [789/800] train_loss_con: -0.640 energy_loss: 2.318
[GPU0] epochs: [790/800] train_loss_con: -0.639 energy_loss: 2.298
[GPU0] epochs: [791/800] train_loss_con: -0.640 energy_loss: 2.214
[GPU0] epochs: [792/800] train_loss_con: -0.638 energy_loss: 2.230
[GPU0] epochs: [793/800] train_loss_con: -0.638 energy_loss: 2.285
[GPU0] epochs: [794/800] train_loss_con: -0.638 energy_loss: 2.225
[GPU0] epochs: [795/800] train_loss_con: -0.638 energy_loss: 2.232
[GPU0] epochs: [796/800] train_loss_con: -0.638 energy_loss: 2.292
[GPU0] epochs: [797/800] train_loss_con: -0.639 energy_loss: 2.260
[GPU0] epochs: [798/800] train_loss_con: -0.641 energy_loss: 2.291
[GPU0] epochs: [799/800] train_loss_con: -0.640 energy_loss: 2.273
[GPU0] epochs: [800/800] train_loss_con: -0.641 energy_loss: 2.287
### TSNE starts
### MLP training begins
[GPU0] Test Accuracy at epoch: 0: 0.167
[GPU0] epochs: [1/100] train_acc: 0.053 train_loss_sup: 4.598
[GPU0] epochs: [2/100] train_acc: 0.214 train_loss_sup: 4.578
[GPU0] epochs: [3/100] train_acc: 0.286 train_loss_sup: 4.557
[GPU0] epochs: [4/100] train_acc: 0.398 train_loss_sup: 4.537
[GPU0] epochs: [5/100] train_acc: 0.411 train_loss_sup: 4.516
[GPU0] epochs: [6/100] train_acc: 0.437 train_loss_sup: 4.496
[GPU0] epochs: [7/100] train_acc: 0.450 train_loss_sup: 4.476
[GPU0] epochs: [8/100] train_acc: 0.456 train_loss_sup: 4.456
[GPU0] epochs: [9/100] train_acc: 0.457 train_loss_sup: 4.436
[GPU0] epochs: [10/100] train_acc: 0.461 train_loss_sup: 4.415
[GPU0] Test Accuracy at epoch: 10: 0.492
[GPU0] epochs: [11/100] train_acc: 0.472 train_loss_sup: 4.395
[GPU0] epochs: [12/100] train_acc: 0.475 train_loss_sup: 4.375
[GPU0] epochs: [13/100] train_acc: 0.480 train_loss_sup: 4.355
[GPU0] epochs: [14/100] train_acc: 0.474 train_loss_sup: 4.336
[GPU0] epochs: [15/100] train_acc: 0.479 train_loss_sup: 4.315
[GPU0] epochs: [16/100] train_acc: 0.483 train_loss_sup: 4.297
[GPU0] epochs: [17/100] train_acc: 0.481 train_loss_sup: 4.277
[GPU0] epochs: [18/100] train_acc: 0.482 train_loss_sup: 4.258
[GPU0] epochs: [19/100] train_acc: 0.486 train_loss_sup: 4.238
[GPU0] epochs: [20/100] train_acc: 0.486 train_loss_sup: 4.219
[GPU0] Test Accuracy at epoch: 20: 0.503
[GPU0] epochs: [21/100] train_acc: 0.490 train_loss_sup: 4.199
[GPU0] epochs: [22/100] train_acc: 0.486 train_loss_sup: 4.182
[GPU0] epochs: [23/100] train_acc: 0.489 train_loss_sup: 4.161
[GPU0] epochs: [24/100] train_acc: 0.489 train_loss_sup: 4.142
[GPU0] epochs: [25/100] train_acc: 0.491 train_loss_sup: 4.123
[GPU0] epochs: [26/100] train_acc: 0.493 train_loss_sup: 4.104
[GPU0] epochs: [27/100] train_acc: 0.493 train_loss_sup: 4.086
[GPU0] epochs: [28/100] train_acc: 0.493 train_loss_sup: 4.068
[GPU0] epochs: [29/100] train_acc: 0.493 train_loss_sup: 4.048
[GPU0] epochs: [30/100] train_acc: 0.499 train_loss_sup: 4.029
[GPU0] Test Accuracy at epoch: 30: 0.507
[GPU0] epochs: [31/100] train_acc: 0.493 train_loss_sup: 4.011
[GPU0] epochs: [32/100] train_acc: 0.495 train_loss_sup: 3.995
[GPU0] epochs: [33/100] train_acc: 0.496 train_loss_sup: 3.975
[GPU0] epochs: [34/100] train_acc: 0.496 train_loss_sup: 3.958
[GPU0] epochs: [35/100] train_acc: 0.496 train_loss_sup: 3.942
[GPU0] epochs: [36/100] train_acc: 0.496 train_loss_sup: 3.923
[GPU0] epochs: [37/100] train_acc: 0.499 train_loss_sup: 3.905
[GPU0] epochs: [38/100] train_acc: 0.502 train_loss_sup: 3.888
[GPU0] epochs: [39/100] train_acc: 0.499 train_loss_sup: 3.872
[GPU0] epochs: [40/100] train_acc: 0.502 train_loss_sup: 3.853
[GPU0] Test Accuracy at epoch: 40: 0.515
[GPU0] epochs: [41/100] train_acc: 0.502 train_loss_sup: 3.836
[GPU0] epochs: [42/100] train_acc: 0.501 train_loss_sup: 3.821
[GPU0] epochs: [43/100] train_acc: 0.503 train_loss_sup: 3.805
[GPU0] epochs: [44/100] train_acc: 0.499 train_loss_sup: 3.787
[GPU0] epochs: [45/100] train_acc: 0.502 train_loss_sup: 3.769
[GPU0] epochs: [46/100] train_acc: 0.503 train_loss_sup: 3.755
[GPU0] epochs: [47/100] train_acc: 0.504 train_loss_sup: 3.739
[GPU0] epochs: [48/100] train_acc: 0.504 train_loss_sup: 3.723
[GPU0] epochs: [49/100] train_acc: 0.504 train_loss_sup: 3.708
[GPU0] epochs: [50/100] train_acc: 0.506 train_loss_sup: 3.695
[GPU0] Test Accuracy at epoch: 50: 0.523
[GPU0] epochs: [51/100] train_acc: 0.504 train_loss_sup: 3.678
[GPU0] epochs: [52/100] train_acc: 0.507 train_loss_sup: 3.658
[GPU0] epochs: [53/100] train_acc: 0.507 train_loss_sup: 3.645
[GPU0] epochs: [54/100] train_acc: 0.508 train_loss_sup: 3.632
[GPU0] epochs: [55/100] train_acc: 0.510 train_loss_sup: 3.619
[GPU0] epochs: [56/100] train_acc: 0.511 train_loss_sup: 3.599
[GPU0] epochs: [57/100] train_acc: 0.510 train_loss_sup: 3.585
[GPU0] epochs: [58/100] train_acc: 0.510 train_loss_sup: 3.570
[GPU0] epochs: [59/100] train_acc: 0.511 train_loss_sup: 3.556
[GPU0] epochs: [60/100] train_acc: 0.510 train_loss_sup: 3.544
[GPU0] Test Accuracy at epoch: 60: 0.527
[GPU0] epochs: [61/100] train_acc: 0.511 train_loss_sup: 3.528
[GPU0] epochs: [62/100] train_acc: 0.513 train_loss_sup: 3.513
[GPU0] epochs: [63/100] train_acc: 0.514 train_loss_sup: 3.498
[GPU0] epochs: [64/100] train_acc: 0.513 train_loss_sup: 3.486
[GPU0] epochs: [65/100] train_acc: 0.513 train_loss_sup: 3.477
[GPU0] epochs: [66/100] train_acc: 0.512 train_loss_sup: 3.463
[GPU0] epochs: [67/100] train_acc: 0.514 train_loss_sup: 3.446
[GPU0] epochs: [68/100] train_acc: 0.516 train_loss_sup: 3.436
[GPU0] epochs: [69/100] train_acc: 0.516 train_loss_sup: 3.422
[GPU0] epochs: [70/100] train_acc: 0.516 train_loss_sup: 3.408
[GPU0] Test Accuracy at epoch: 70: 0.534
[GPU0] epochs: [71/100] train_acc: 0.514 train_loss_sup: 3.396
[GPU0] epochs: [72/100] train_acc: 0.515 train_loss_sup: 3.382
[GPU0] epochs: [73/100] train_acc: 0.518 train_loss_sup: 3.370
[GPU0] epochs: [74/100] train_acc: 0.518 train_loss_sup: 3.358
[GPU0] epochs: [75/100] train_acc: 0.518 train_loss_sup: 3.344
[GPU0] epochs: [76/100] train_acc: 0.520 train_loss_sup: 3.329
[GPU0] epochs: [77/100] train_acc: 0.518 train_loss_sup: 3.321
[GPU0] epochs: [78/100] train_acc: 0.521 train_loss_sup: 3.309
[GPU0] epochs: [79/100] train_acc: 0.523 train_loss_sup: 3.293
[GPU0] epochs: [80/100] train_acc: 0.521 train_loss_sup: 3.286
[GPU0] Test Accuracy at epoch: 80: 0.536
[GPU0] epochs: [81/100] train_acc: 0.522 train_loss_sup: 3.273
[GPU0] epochs: [82/100] train_acc: 0.522 train_loss_sup: 3.262
[GPU0] epochs: [83/100] train_acc: 0.522 train_loss_sup: 3.253
[GPU0] epochs: [84/100] train_acc: 0.524 train_loss_sup: 3.236
[GPU0] epochs: [85/100] train_acc: 0.521 train_loss_sup: 3.231
[GPU0] epochs: [86/100] train_acc: 0.525 train_loss_sup: 3.219
[GPU0] epochs: [87/100] train_acc: 0.525 train_loss_sup: 3.206
[GPU0] epochs: [88/100] train_acc: 0.524 train_loss_sup: 3.193
[GPU0] epochs: [89/100] train_acc: 0.527 train_loss_sup: 3.187
[GPU0] epochs: [90/100] train_acc: 0.525 train_loss_sup: 3.174
[GPU0] Test Accuracy at epoch: 90: 0.541
[GPU0] epochs: [91/100] train_acc: 0.527 train_loss_sup: 3.163
[GPU0] epochs: [92/100] train_acc: 0.525 train_loss_sup: 3.154
[GPU0] epochs: [93/100] train_acc: 0.524 train_loss_sup: 3.144
[GPU0] epochs: [94/100] train_acc: 0.527 train_loss_sup: 3.137
[GPU0] epochs: [95/100] train_acc: 0.527 train_loss_sup: 3.120
[GPU0] epochs: [96/100] train_acc: 0.528 train_loss_sup: 3.113
[GPU0] epochs: [97/100] train_acc: 0.528 train_loss_sup: 3.101
[GPU0] epochs: [98/100] train_acc: 0.530 train_loss_sup: 3.092
[GPU0] epochs: [99/100] train_acc: 0.528 train_loss_sup: 3.084
[GPU0] epochs: [100/100] train_acc: 0.530 train_loss_sup: 3.072
[GPU0] Final Test Accuracy: 0.544
Model weights saved
<All keys matched successfully>
OpenBLAS warning: precompiled NUM_THREADS exceeded, adding auxiliary array for thread metadata.
To avoid this warning, please rebuild your copy of OpenBLAS with a larger NUM_THREADS setting
or set the environment variable OPENBLAS_NUM_THREADS to 64 or lower
knn evalution
logistic regression evalution
knn_acc: 0.577, log_reg_acc: 0.629
BLAS : Bad memory unallocation! :  640  0x7f0725e57000
BLAS : Bad memory unallocation! :  640  0x7f0723e57000
BLAS : Bad memory unallocation! :  640  0x7f06bde57000
BLAS : Bad memory unallocation! :  640  0x7f06bfe57000
BLAS : Bad memory unallocation! :  640  0x7f06b3e57000
BLAS : Bad memory unallocation! :  640  0x7f0683e57000
BLAS : Bad memory unallocation! :  640  0x7f0689e57000
BLAS : Bad memory unallocation! :  640  0x7f068be57000
BLAS : Bad memory unallocation! :  640  0x7f068de57000
BLAS : Bad memory unallocation! :  640  0x7f0681e57000
BLAS : Bad memory unallocation! :  640  0x7f05ebe57000
BLAS : Bad memory unallocation! :  640  0x7f05cfe57000
BLAS : Bad memory unallocation! :  640  0x7f05c9e57000
BLAS : Bad memory unallocation! :  640  0x7f05a7e57000
BLAS : Bad memory unallocation! :  640  0x7f0517e57000
BLAS : Bad memory unallocation! :  640  0x7f0513e57000
