environment: 
YAML: configs/simsiam.sc.yaml
==> SEED: 42
==> train_algo: simsiam-sc
==> dataset: {'cifar10': {'num_classes': 10, 'params': {'data_dir': 'datasets/cifar10', 'batch_size': 512, 'num_workers': 1, 'image_size': 32, 'algo': 'simsiam-sc'}}, 'cifar100': {'num_classes': 100, 'params': {'data_dir': 'datasets/cifar100', 'batch_size': 512, 'num_workers': 1, 'image_size': 32, 'algo': 'simsiam-sc'}}, 'timg': {'num_classes': 200, 'params': {'data_dir': 'datasets/tinyimagenet/tiny-imagenet-200', 'batch_size': 256, 'num_workers': 1, 'image_size': 64, 'algo': 'simsiam-sc'}}}
==> return_logs: False
==> eval_every: 10
==> n_epochs: 800
==> n_epochs_mlp: 100
==> gpu_id: 2
==> opt: SGD
==> opt_params: {'lr': 0.05, 'momentum': 0.9, 'weight_decay': 0.0001}
==> schedular_params: {'T_max': 800, 'eta_min': 0.001}
==> mlp_opt: SGD
==> mlp_opt_params: {'lr': 0.01, 'momentum': 0.9}
==> model_params: {'model_name': 'resnet18', 'pretrained': False, 'proj_dim': 128, 'algo_type': 'simsiam-sc', 'pred_dim': 512}
==> mlp_type: hidden
==> loss: simsiam-sc
==> distributed: False
==> model_save_path: saved_models/simsiam.sc.timg.r18.pth
==> energy_model_params: {'eta': 0.01, 'steps': 5, 'sigma': 0.2, 'delta': 0.1, 'net_type': 'score'}
==> energy_opt: AdamW
==> energy_model_opt_params: {'lr': 0.001}
==> warmup_epochs: 0
==> config: configs/simsiam.sc.yaml
--------------------------------------------------
Network(
  (base_encoder): BaseEncoder(
    (feat_extractor): Sequential(
      (conv1): Conv2d(3, 64, kernel_size=(3, 3), stride=(1, 1), padding=(1, 1), bias=False)
      (bn1): BatchNorm2d(64, eps=1e-05, momentum=0.1, affine=True, track_running_stats=True)
      (relu): ReLU(inplace=True)
      (layer1): Sequential(
        (0): BasicBlock(
          (conv1): Conv2d(64, 64, kernel_size=(3, 3), stride=(1, 1), padding=(1, 1), bias=False)
          (bn1): BatchNorm2d(64, eps=1e-05, momentum=0.1, affine=True, track_running_stats=True)
          (relu): ReLU(inplace=True)
          (conv2): Conv2d(64, 64, kernel_size=(3, 3), stride=(1, 1), padding=(1, 1), bias=False)
          (bn2): BatchNorm2d(64, eps=1e-05, momentum=0.1, affine=True, track_running_stats=True)
        )
        (1): BasicBlock(
          (conv1): Conv2d(64, 64, kernel_size=(3, 3), stride=(1, 1), padding=(1, 1), bias=False)
          (bn1): BatchNorm2d(64, eps=1e-05, momentum=0.1, affine=True, track_running_stats=True)
          (relu): ReLU(inplace=True)
          (conv2): Conv2d(64, 64, kernel_size=(3, 3), stride=(1, 1), padding=(1, 1), bias=False)
          (bn2): BatchNorm2d(64, eps=1e-05, momentum=0.1, affine=True, track_running_stats=True)
        )
      )
      (layer2): Sequential(
        (0): BasicBlock(
          (conv1): Conv2d(64, 128, kernel_size=(3, 3), stride=(2, 2), padding=(1, 1), bias=False)
          (bn1): BatchNorm2d(128, eps=1e-05, momentum=0.1, affine=True, track_running_stats=True)
          (relu): ReLU(inplace=True)
          (conv2): Conv2d(128, 128, kernel_size=(3, 3), stride=(1, 1), padding=(1, 1), bias=False)
          (bn2): BatchNorm2d(128, eps=1e-05, momentum=0.1, affine=True, track_running_stats=True)
          (downsample): Sequential(
            (0): Conv2d(64, 128, kernel_size=(1, 1), stride=(2, 2), bias=False)
            (1): BatchNorm2d(128, eps=1e-05, momentum=0.1, affine=True, track_running_stats=True)
          )
        )
        (1): BasicBlock(
          (conv1): Conv2d(128, 128, kernel_size=(3, 3), stride=(1, 1), padding=(1, 1), bias=False)
          (bn1): BatchNorm2d(128, eps=1e-05, momentum=0.1, affine=True, track_running_stats=True)
          (relu): ReLU(inplace=True)
          (conv2): Conv2d(128, 128, kernel_size=(3, 3), stride=(1, 1), padding=(1, 1), bias=False)
          (bn2): BatchNorm2d(128, eps=1e-05, momentum=0.1, affine=True, track_running_stats=True)
        )
      )
      (layer3): Sequential(
        (0): BasicBlock(
          (conv1): Conv2d(128, 256, kernel_size=(3, 3), stride=(2, 2), padding=(1, 1), bias=False)
          (bn1): BatchNorm2d(256, eps=1e-05, momentum=0.1, affine=True, track_running_stats=True)
          (relu): ReLU(inplace=True)
          (conv2): Conv2d(256, 256, kernel_size=(3, 3), stride=(1, 1), padding=(1, 1), bias=False)
          (bn2): BatchNorm2d(256, eps=1e-05, momentum=0.1, affine=True, track_running_stats=True)
          (downsample): Sequential(
            (0): Conv2d(128, 256, kernel_size=(1, 1), stride=(2, 2), bias=False)
            (1): BatchNorm2d(256, eps=1e-05, momentum=0.1, affine=True, track_running_stats=True)
          )
        )
        (1): BasicBlock(
          (conv1): Conv2d(256, 256, kernel_size=(3, 3), stride=(1, 1), padding=(1, 1), bias=False)
          (bn1): BatchNorm2d(256, eps=1e-05, momentum=0.1, affine=True, track_running_stats=True)
          (relu): ReLU(inplace=True)
          (conv2): Conv2d(256, 256, kernel_size=(3, 3), stride=(1, 1), padding=(1, 1), bias=False)
          (bn2): BatchNorm2d(256, eps=1e-05, momentum=0.1, affine=True, track_running_stats=True)
        )
      )
      (layer4): Sequential(
        (0): BasicBlock(
          (conv1): Conv2d(256, 512, kernel_size=(3, 3), stride=(2, 2), padding=(1, 1), bias=False)
          (bn1): BatchNorm2d(512, eps=1e-05, momentum=0.1, affine=True, track_running_stats=True)
          (relu): ReLU(inplace=True)
          (conv2): Conv2d(512, 512, kernel_size=(3, 3), stride=(1, 1), padding=(1, 1), bias=False)
          (bn2): BatchNorm2d(512, eps=1e-05, momentum=0.1, affine=True, track_running_stats=True)
          (downsample): Sequential(
            (0): Conv2d(256, 512, kernel_size=(1, 1), stride=(2, 2), bias=False)
            (1): BatchNorm2d(512, eps=1e-05, momentum=0.1, affine=True, track_running_stats=True)
          )
        )
        (1): BasicBlock(
          (conv1): Conv2d(512, 512, kernel_size=(3, 3), stride=(1, 1), padding=(1, 1), bias=False)
          (bn1): BatchNorm2d(512, eps=1e-05, momentum=0.1, affine=True, track_running_stats=True)
          (relu): ReLU(inplace=True)
          (conv2): Conv2d(512, 512, kernel_size=(3, 3), stride=(1, 1), padding=(1, 1), bias=False)
          (bn2): BatchNorm2d(512, eps=1e-05, momentum=0.1, affine=True, track_running_stats=True)
        )
      )
      (avgpool): AdaptiveAvgPool2d(output_size=(1, 1))
    )
  )
  (proj): simsiam_proj(
    (proj): Sequential(
      (0): Linear(in_features=512, out_features=512, bias=False)
      (1): BatchNorm1d(512, eps=1e-05, momentum=0.1, affine=True, track_running_stats=True)
      (2): ReLU()
      (3): Linear(in_features=512, out_features=512, bias=False)
      (4): BatchNorm1d(512, eps=1e-05, momentum=0.1, affine=True, track_running_stats=True)
      (5): ReLU()
      (6): Linear(in_features=512, out_features=512, bias=False)
      (7): BatchNorm1d(512, eps=1e-05, momentum=0.1, affine=True, track_running_stats=True)
    )
  )
  (pred): simsiam_pred(
    (pred): Sequential(
      (0): Linear(in_features=512, out_features=512, bias=False)
      (1): BatchNorm1d(512, eps=1e-05, momentum=0.1, affine=True, track_running_stats=True)
      (2): ReLU()
      (3): Linear(in_features=512, out_features=512, bias=True)
    )
  )
)
NOC: 200
using optimizer: SGD
loss function: simsiam-sc
loss: SimSiamLoss()
augmentation for simsiam-sc: 
Compose(
    RandomResizedCrop(size=(64, 64), scale=(0.08, 1.0), ratio=(0.75, 1.3333), interpolation=bilinear, antialias=True)
    RandomHorizontalFlip(p=0.5)
    RandomApply(
    p=0.8
    ColorJitter(brightness=(0.6, 1.4), contrast=(0.6, 1.4), saturation=(0.6, 1.4), hue=(-0.1, 0.1))
)
    RandomGrayscale(p=0.2)
    <src.data.Solarization object at 0x6ffbe1a05240>
    ToTensor()
    Normalize(mean=(0.485, 0.456, 0.406), std=(0.229, 0.224, 0.225))
)
Compose(
    RandomResizedCrop(size=(64, 64), scale=(0.08, 1.0), ratio=(0.75, 1.3333), interpolation=bilinear, antialias=True)
    RandomHorizontalFlip(p=0.5)
    RandomApply(
    p=0.8
    ColorJitter(brightness=(0.6, 1.4), contrast=(0.6, 1.4), saturation=(0.6, 1.4), hue=(-0.1, 0.1))
)
    RandomGrayscale(p=0.2)
    <src.data.Solarization object at 0x6ffbe1a05450>
    ToTensor()
    Normalize(mean=(0.485, 0.456, 0.406), std=(0.229, 0.224, 0.225))
)
# of Training Images: 100000
# of Testing Images: 10000
using optimizer: AdamW
### simsiam with SC-net Training begins
[GPU2] epochs: [1/800] train_loss_con: -0.405 energy_loss: 219.080
[GPU2] epochs: [2/800] train_loss_con: -0.492 energy_loss: 184.988
[GPU2] epochs: [3/800] train_loss_con: -0.550 energy_loss: 164.425
[GPU2] epochs: [4/800] train_loss_con: -0.555 energy_loss: 146.837
[GPU2] epochs: [5/800] train_loss_con: -0.558 energy_loss: 131.378
[GPU2] epochs: [6/800] train_loss_con: -0.557 energy_loss: 116.032
[GPU2] epochs: [7/800] train_loss_con: -0.561 energy_loss: 101.875
[GPU2] epochs: [8/800] train_loss_con: -0.565 energy_loss: 90.981
[GPU2] epochs: [9/800] train_loss_con: -0.570 energy_loss: 82.504
[GPU2] epochs: [10/800] train_loss_con: -0.573 energy_loss: 76.097
[GPU2] epochs: [11/800] train_loss_con: -0.577 energy_loss: 71.673
[GPU2] epochs: [12/800] train_loss_con: -0.581 energy_loss: 68.243
[GPU2] epochs: [13/800] train_loss_con: -0.581 energy_loss: 65.783
[GPU2] epochs: [14/800] train_loss_con: -0.587 energy_loss: 63.508
[GPU2] epochs: [15/800] train_loss_con: -0.586 energy_loss: 61.482
[GPU2] epochs: [16/800] train_loss_con: -0.586 energy_loss: 59.332
[GPU2] epochs: [17/800] train_loss_con: -0.589 energy_loss: 57.353
[GPU2] epochs: [18/800] train_loss_con: -0.590 energy_loss: 55.311
[GPU2] epochs: [19/800] train_loss_con: -0.588 energy_loss: 53.344
[GPU2] epochs: [20/800] train_loss_con: -0.591 energy_loss: 51.322
[GPU2] epochs: [21/800] train_loss_con: -0.590 energy_loss: 49.517
[GPU2] epochs: [22/800] train_loss_con: -0.589 energy_loss: 48.086
[GPU2] epochs: [23/800] train_loss_con: -0.591 energy_loss: 46.573
[GPU2] epochs: [24/800] train_loss_con: -0.590 energy_loss: 45.313
[GPU2] epochs: [25/800] train_loss_con: -0.590 energy_loss: 43.968
[GPU2] epochs: [26/800] train_loss_con: -0.589 energy_loss: 43.058
[GPU2] epochs: [27/800] train_loss_con: -0.591 energy_loss: 41.942
[GPU2] epochs: [28/800] train_loss_con: -0.590 energy_loss: 40.942
[GPU2] epochs: [29/800] train_loss_con: -0.589 energy_loss: 39.890
[GPU2] epochs: [30/800] train_loss_con: -0.588 energy_loss: 38.899
[GPU2] epochs: [31/800] train_loss_con: -0.589 energy_loss: 37.987
[GPU2] epochs: [32/800] train_loss_con: -0.588 energy_loss: 37.170
[GPU2] epochs: [33/800] train_loss_con: -0.587 energy_loss: 36.352
[GPU2] epochs: [34/800] train_loss_con: -0.586 energy_loss: 35.612
[GPU2] epochs: [35/800] train_loss_con: -0.586 energy_loss: 34.754
[GPU2] epochs: [36/800] train_loss_con: -0.586 energy_loss: 33.967
[GPU2] epochs: [37/800] train_loss_con: -0.589 energy_loss: 33.198
[GPU2] epochs: [38/800] train_loss_con: -0.587 energy_loss: 32.485
[GPU2] epochs: [39/800] train_loss_con: -0.586 energy_loss: 31.709
[GPU2] epochs: [40/800] train_loss_con: -0.587 energy_loss: 31.104
[GPU2] epochs: [41/800] train_loss_con: -0.588 energy_loss: 30.335
[GPU2] epochs: [42/800] train_loss_con: -0.586 energy_loss: 29.609
[GPU2] epochs: [43/800] train_loss_con: -0.586 energy_loss: 28.950
[GPU2] epochs: [44/800] train_loss_con: -0.588 energy_loss: 28.368
[GPU2] epochs: [45/800] train_loss_con: -0.587 energy_loss: 27.741
[GPU2] epochs: [46/800] train_loss_con: -0.588 energy_loss: 27.101
[GPU2] epochs: [47/800] train_loss_con: -0.588 energy_loss: 26.631
[GPU2] epochs: [48/800] train_loss_con: -0.590 energy_loss: 26.044
[GPU2] epochs: [49/800] train_loss_con: -0.590 energy_loss: 25.367
[GPU2] epochs: [50/800] train_loss_con: -0.589 energy_loss: 25.079
[GPU2] epochs: [51/800] train_loss_con: -0.589 energy_loss: 24.607
[GPU2] epochs: [52/800] train_loss_con: -0.592 energy_loss: 23.971
[GPU2] epochs: [53/800] train_loss_con: -0.592 energy_loss: 23.491
[GPU2] epochs: [54/800] train_loss_con: -0.593 energy_loss: 23.065
[GPU2] epochs: [55/800] train_loss_con: -0.593 energy_loss: 22.564
[GPU2] epochs: [56/800] train_loss_con: -0.593 energy_loss: 22.125
[GPU2] epochs: [57/800] train_loss_con: -0.593 energy_loss: 21.817
[GPU2] epochs: [58/800] train_loss_con: -0.595 energy_loss: 21.382
[GPU2] epochs: [59/800] train_loss_con: -0.593 energy_loss: 21.131
[GPU2] epochs: [60/800] train_loss_con: -0.592 energy_loss: 20.681
[GPU2] epochs: [61/800] train_loss_con: -0.594 energy_loss: 20.255
[GPU2] epochs: [62/800] train_loss_con: -0.592 energy_loss: 19.897
[GPU2] epochs: [63/800] train_loss_con: -0.593 energy_loss: 19.568
[GPU2] epochs: [64/800] train_loss_con: -0.594 energy_loss: 19.123
[GPU2] epochs: [65/800] train_loss_con: -0.592 energy_loss: 18.809
[GPU2] epochs: [66/800] train_loss_con: -0.593 energy_loss: 18.570
[GPU2] epochs: [67/800] train_loss_con: -0.592 energy_loss: 18.276
[GPU2] epochs: [68/800] train_loss_con: -0.591 energy_loss: 17.924
[GPU2] epochs: [69/800] train_loss_con: -0.592 energy_loss: 17.628
[GPU2] epochs: [70/800] train_loss_con: -0.592 energy_loss: 17.363
[GPU2] epochs: [71/800] train_loss_con: -0.593 energy_loss: 17.002
[GPU2] epochs: [72/800] train_loss_con: -0.590 energy_loss: 16.744
[GPU2] epochs: [73/800] train_loss_con: -0.591 energy_loss: 16.397
[GPU2] epochs: [74/800] train_loss_con: -0.591 energy_loss: 16.162
[GPU2] epochs: [75/800] train_loss_con: -0.591 energy_loss: 15.851
[GPU2] epochs: [76/800] train_loss_con: -0.593 energy_loss: 15.533
[GPU2] epochs: [77/800] train_loss_con: -0.590 energy_loss: 15.290
[GPU2] epochs: [78/800] train_loss_con: -0.592 energy_loss: 15.004
[GPU2] epochs: [79/800] train_loss_con: -0.591 energy_loss: 14.682
[GPU2] epochs: [80/800] train_loss_con: -0.592 energy_loss: 14.471
[GPU2] epochs: [81/800] train_loss_con: -0.592 energy_loss: 14.187
[GPU2] epochs: [82/800] train_loss_con: -0.592 energy_loss: 13.941
[GPU2] epochs: [83/800] train_loss_con: -0.594 energy_loss: 13.640
[GPU2] epochs: [84/800] train_loss_con: -0.594 energy_loss: 13.413
[GPU2] epochs: [85/800] train_loss_con: -0.593 energy_loss: 13.156
[GPU2] epochs: [86/800] train_loss_con: -0.595 energy_loss: 12.977
[GPU2] epochs: [87/800] train_loss_con: -0.595 energy_loss: 12.726
[GPU2] epochs: [88/800] train_loss_con: -0.594 energy_loss: 12.452
[GPU2] epochs: [89/800] train_loss_con: -0.594 energy_loss: 12.268
[GPU2] epochs: [90/800] train_loss_con: -0.595 energy_loss: 11.935
[GPU2] epochs: [91/800] train_loss_con: -0.594 energy_loss: 11.766
[GPU2] epochs: [92/800] train_loss_con: -0.592 energy_loss: 11.491
[GPU2] epochs: [93/800] train_loss_con: -0.593 energy_loss: 11.272
[GPU2] epochs: [94/800] train_loss_con: -0.593 energy_loss: 11.061
[GPU2] epochs: [95/800] train_loss_con: -0.590 energy_loss: 10.814
[GPU2] epochs: [96/800] train_loss_con: -0.593 energy_loss: 10.537
[GPU2] epochs: [97/800] train_loss_con: -0.592 energy_loss: 10.349
[GPU2] epochs: [98/800] train_loss_con: -0.591 energy_loss: 10.107
[GPU2] epochs: [99/800] train_loss_con: -0.592 energy_loss: 9.894
[GPU2] epochs: [100/800] train_loss_con: -0.590 energy_loss: 9.699
[GPU2] epochs: [101/800] train_loss_con: -0.591 energy_loss: 9.480
[GPU2] epochs: [102/800] train_loss_con: -0.591 energy_loss: 9.209
[GPU2] epochs: [103/800] train_loss_con: -0.590 energy_loss: 9.024
[GPU2] epochs: [104/800] train_loss_con: -0.589 energy_loss: 8.792
[GPU2] epochs: [105/800] train_loss_con: -0.590 energy_loss: 8.573
[GPU2] epochs: [106/800] train_loss_con: -0.589 energy_loss: 8.361
[GPU2] epochs: [107/800] train_loss_con: -0.591 energy_loss: 8.160
[GPU2] epochs: [108/800] train_loss_con: -0.589 energy_loss: 7.986
[GPU2] epochs: [109/800] train_loss_con: -0.589 energy_loss: 7.772
[GPU2] epochs: [110/800] train_loss_con: -0.590 energy_loss: 7.558
[GPU2] epochs: [111/800] train_loss_con: -0.590 energy_loss: 7.354
[GPU2] epochs: [112/800] train_loss_con: -0.590 energy_loss: 7.177
[GPU2] epochs: [113/800] train_loss_con: -0.589 energy_loss: 6.936
[GPU2] epochs: [114/800] train_loss_con: -0.589 energy_loss: 6.748
[GPU2] epochs: [115/800] train_loss_con: -0.589 energy_loss: 6.528
[GPU2] epochs: [116/800] train_loss_con: -0.589 energy_loss: 6.348
[GPU2] epochs: [117/800] train_loss_con: -0.589 energy_loss: 6.160
[GPU2] epochs: [118/800] train_loss_con: -0.590 energy_loss: 5.983
[GPU2] epochs: [119/800] train_loss_con: -0.588 energy_loss: 5.823
[GPU2] epochs: [120/800] train_loss_con: -0.588 energy_loss: 5.650
[GPU2] epochs: [121/800] train_loss_con: -0.589 energy_loss: 5.479
[GPU2] epochs: [122/800] train_loss_con: -0.589 energy_loss: 5.335
[GPU2] epochs: [123/800] train_loss_con: -0.589 energy_loss: 5.217
[GPU2] epochs: [124/800] train_loss_con: -0.589 energy_loss: 5.055
[GPU2] epochs: [125/800] train_loss_con: -0.588 energy_loss: 4.937
[GPU2] epochs: [126/800] train_loss_con: -0.590 energy_loss: 4.794
[GPU2] epochs: [127/800] train_loss_con: -0.590 energy_loss: 4.700
[GPU2] epochs: [128/800] train_loss_con: -0.591 energy_loss: 4.577
[GPU2] epochs: [129/800] train_loss_con: -0.589 energy_loss: 4.497
[GPU2] epochs: [130/800] train_loss_con: -0.592 energy_loss: 4.382
[GPU2] epochs: [131/800] train_loss_con: -0.591 energy_loss: 4.278
[GPU2] epochs: [132/800] train_loss_con: -0.591 energy_loss: 4.195
[GPU2] epochs: [133/800] train_loss_con: -0.591 energy_loss: 4.100
[GPU2] epochs: [134/800] train_loss_con: -0.591 energy_loss: 4.034
[GPU2] epochs: [135/800] train_loss_con: -0.592 energy_loss: 3.955
[GPU2] epochs: [136/800] train_loss_con: -0.591 energy_loss: 3.895
[GPU2] epochs: [137/800] train_loss_con: -0.592 energy_loss: 3.845
[GPU2] epochs: [138/800] train_loss_con: -0.592 energy_loss: 3.762
[GPU2] epochs: [139/800] train_loss_con: -0.592 energy_loss: 3.711
[GPU2] epochs: [140/800] train_loss_con: -0.592 energy_loss: 3.637
[GPU2] epochs: [141/800] train_loss_con: -0.593 energy_loss: 3.597
[GPU2] epochs: [142/800] train_loss_con: -0.592 energy_loss: 3.558
[GPU2] epochs: [143/800] train_loss_con: -0.592 energy_loss: 3.510
[GPU2] epochs: [144/800] train_loss_con: -0.593 energy_loss: 3.497
[GPU2] epochs: [145/800] train_loss_con: -0.593 energy_loss: 3.431
[GPU2] epochs: [146/800] train_loss_con: -0.594 energy_loss: 3.409
[GPU2] epochs: [147/800] train_loss_con: -0.594 energy_loss: 3.366
[GPU2] epochs: [148/800] train_loss_con: -0.595 energy_loss: 3.367
[GPU2] epochs: [149/800] train_loss_con: -0.596 energy_loss: 3.357
[GPU2] epochs: [150/800] train_loss_con: -0.595 energy_loss: 3.320
[GPU2] epochs: [151/800] train_loss_con: -0.595 energy_loss: 3.283
[GPU2] epochs: [152/800] train_loss_con: -0.597 energy_loss: 3.256
[GPU2] epochs: [153/800] train_loss_con: -0.597 energy_loss: 3.236
[GPU2] epochs: [154/800] train_loss_con: -0.596 energy_loss: 3.186
[GPU2] epochs: [155/800] train_loss_con: -0.598 energy_loss: 3.197
[GPU2] epochs: [156/800] train_loss_con: -0.598 energy_loss: 3.167
[GPU2] epochs: [157/800] train_loss_con: -0.598 energy_loss: 3.136
[GPU2] epochs: [158/800] train_loss_con: -0.598 energy_loss: 3.132
[GPU2] epochs: [159/800] train_loss_con: -0.599 energy_loss: 3.105
[GPU2] epochs: [160/800] train_loss_con: -0.598 energy_loss: 3.123
[GPU2] epochs: [161/800] train_loss_con: -0.599 energy_loss: 3.099
[GPU2] epochs: [162/800] train_loss_con: -0.599 energy_loss: 3.061
[GPU2] epochs: [163/800] train_loss_con: -0.599 energy_loss: 3.073
[GPU2] epochs: [164/800] train_loss_con: -0.599 energy_loss: 3.057
[GPU2] epochs: [165/800] train_loss_con: -0.600 energy_loss: 3.043
[GPU2] epochs: [166/800] train_loss_con: -0.600 energy_loss: 3.050
[GPU2] epochs: [167/800] train_loss_con: -0.600 energy_loss: 3.035
[GPU2] epochs: [168/800] train_loss_con: -0.600 energy_loss: 3.023
[GPU2] epochs: [169/800] train_loss_con: -0.601 energy_loss: 2.991
[GPU2] epochs: [170/800] train_loss_con: -0.602 energy_loss: 2.990
[GPU2] epochs: [171/800] train_loss_con: -0.602 energy_loss: 3.003
[GPU2] epochs: [172/800] train_loss_con: -0.601 energy_loss: 2.969
[GPU2] epochs: [173/800] train_loss_con: -0.602 energy_loss: 2.982
[GPU2] epochs: [174/800] train_loss_con: -0.602 energy_loss: 2.949
[GPU2] epochs: [175/800] train_loss_con: -0.602 energy_loss: 2.946
[GPU2] epochs: [176/800] train_loss_con: -0.604 energy_loss: 2.951
[GPU2] epochs: [177/800] train_loss_con: -0.602 energy_loss: 2.966
[GPU2] epochs: [178/800] train_loss_con: -0.604 energy_loss: 2.939
[GPU2] epochs: [179/800] train_loss_con: -0.603 energy_loss: 2.945
[GPU2] epochs: [180/800] train_loss_con: -0.603 energy_loss: 2.926
[GPU2] epochs: [181/800] train_loss_con: -0.605 energy_loss: 2.898
[GPU2] epochs: [182/800] train_loss_con: -0.604 energy_loss: 2.908
[GPU2] epochs: [183/800] train_loss_con: -0.605 energy_loss: 2.910
[GPU2] epochs: [184/800] train_loss_con: -0.605 energy_loss: 2.916
[GPU2] epochs: [185/800] train_loss_con: -0.605 energy_loss: 2.882
[GPU2] epochs: [186/800] train_loss_con: -0.605 energy_loss: 2.883
[GPU2] epochs: [187/800] train_loss_con: -0.604 energy_loss: 2.880
[GPU2] epochs: [188/800] train_loss_con: -0.606 energy_loss: 2.885
[GPU2] epochs: [189/800] train_loss_con: -0.606 energy_loss: 2.869
[GPU2] epochs: [190/800] train_loss_con: -0.607 energy_loss: 2.869
[GPU2] epochs: [191/800] train_loss_con: -0.606 energy_loss: 2.909
[GPU2] epochs: [192/800] train_loss_con: -0.608 energy_loss: 2.850
[GPU2] epochs: [193/800] train_loss_con: -0.608 energy_loss: 2.845
[GPU2] epochs: [194/800] train_loss_con: -0.607 energy_loss: 2.841
[GPU2] epochs: [195/800] train_loss_con: -0.608 energy_loss: 2.838
[GPU2] epochs: [196/800] train_loss_con: -0.609 energy_loss: 2.857
[GPU2] epochs: [197/800] train_loss_con: -0.608 energy_loss: 2.826
[GPU2] epochs: [198/800] train_loss_con: -0.610 energy_loss: 2.829
[GPU2] epochs: [199/800] train_loss_con: -0.609 energy_loss: 2.835
[GPU2] epochs: [200/800] train_loss_con: -0.609 energy_loss: 2.841
[GPU2] epochs: [201/800] train_loss_con: -0.610 energy_loss: 2.826
[GPU2] epochs: [202/800] train_loss_con: -0.610 energy_loss: 2.816
[GPU2] epochs: [203/800] train_loss_con: -0.610 energy_loss: 2.824
[GPU2] epochs: [204/800] train_loss_con: -0.612 energy_loss: 2.817
[GPU2] epochs: [205/800] train_loss_con: -0.611 energy_loss: 2.814
[GPU2] epochs: [206/800] train_loss_con: -0.611 energy_loss: 2.837
[GPU2] epochs: [207/800] train_loss_con: -0.613 energy_loss: 2.830
[GPU2] epochs: [208/800] train_loss_con: -0.613 energy_loss: 2.819
[GPU2] epochs: [209/800] train_loss_con: -0.613 energy_loss: 2.828
[GPU2] epochs: [210/800] train_loss_con: -0.614 energy_loss: 2.821
[GPU2] epochs: [211/800] train_loss_con: -0.615 energy_loss: 2.840
[GPU2] epochs: [212/800] train_loss_con: -0.617 energy_loss: 2.830
[GPU2] epochs: [213/800] train_loss_con: -0.617 energy_loss: 2.822
[GPU2] epochs: [214/800] train_loss_con: -0.620 energy_loss: 2.815
[GPU2] epochs: [215/800] train_loss_con: -0.619 energy_loss: 2.800
[GPU2] epochs: [216/800] train_loss_con: -0.621 energy_loss: 2.824
[GPU2] epochs: [217/800] train_loss_con: -0.622 energy_loss: 2.826
[GPU2] epochs: [218/800] train_loss_con: -0.625 energy_loss: 2.846
[GPU2] epochs: [219/800] train_loss_con: -0.624 energy_loss: 2.839
[GPU2] epochs: [220/800] train_loss_con: -0.625 energy_loss: 2.877
[GPU2] epochs: [221/800] train_loss_con: -0.625 energy_loss: 2.824
[GPU2] epochs: [222/800] train_loss_con: -0.626 energy_loss: 2.814
[GPU2] epochs: [223/800] train_loss_con: -0.626 energy_loss: 2.819
[GPU2] epochs: [224/800] train_loss_con: -0.626 energy_loss: 2.830
[GPU2] epochs: [225/800] train_loss_con: -0.627 energy_loss: 2.823
[GPU2] epochs: [226/800] train_loss_con: -0.629 energy_loss: 2.800
[GPU2] epochs: [227/800] train_loss_con: -0.627 energy_loss: 2.813
[GPU2] epochs: [228/800] train_loss_con: -0.630 energy_loss: 2.769
[GPU2] epochs: [229/800] train_loss_con: -0.629 energy_loss: 2.831
[GPU2] epochs: [230/800] train_loss_con: -0.629 energy_loss: 2.799
[GPU2] epochs: [231/800] train_loss_con: -0.629 energy_loss: 2.782
[GPU2] epochs: [232/800] train_loss_con: -0.628 energy_loss: 2.810
[GPU2] epochs: [233/800] train_loss_con: -0.631 energy_loss: 2.769
[GPU2] epochs: [234/800] train_loss_con: -0.630 energy_loss: 2.770
[GPU2] epochs: [235/800] train_loss_con: -0.625 energy_loss: 2.776
[GPU2] epochs: [236/800] train_loss_con: -0.628 energy_loss: 2.749
[GPU2] epochs: [237/800] train_loss_con: -0.630 energy_loss: 2.746
[GPU2] epochs: [238/800] train_loss_con: -0.631 energy_loss: 2.729
[GPU2] epochs: [239/800] train_loss_con: -0.628 energy_loss: 2.765
[GPU2] epochs: [240/800] train_loss_con: -0.634 energy_loss: 2.710
[GPU2] epochs: [241/800] train_loss_con: -0.632 energy_loss: 2.757
[GPU2] epochs: [242/800] train_loss_con: -0.635 energy_loss: 2.752
[GPU2] epochs: [243/800] train_loss_con: -0.633 energy_loss: 2.717
[GPU2] epochs: [244/800] train_loss_con: -0.632 energy_loss: 2.723
[GPU2] epochs: [245/800] train_loss_con: -0.633 energy_loss: 2.687
[GPU2] epochs: [246/800] train_loss_con: -0.634 energy_loss: 2.712
[GPU2] epochs: [247/800] train_loss_con: -0.631 energy_loss: 2.738
[GPU2] epochs: [248/800] train_loss_con: -0.629 energy_loss: 2.749
[GPU2] epochs: [249/800] train_loss_con: -0.634 energy_loss: 2.699
[GPU2] epochs: [250/800] train_loss_con: -0.629 energy_loss: 2.701
[GPU2] epochs: [251/800] train_loss_con: -0.628 energy_loss: 2.673
[GPU2] epochs: [252/800] train_loss_con: -0.632 energy_loss: 2.692
[GPU2] epochs: [253/800] train_loss_con: -0.635 energy_loss: 2.691
[GPU2] epochs: [254/800] train_loss_con: -0.633 energy_loss: 2.713
[GPU2] epochs: [255/800] train_loss_con: -0.632 energy_loss: 2.647
[GPU2] epochs: [256/800] train_loss_con: -0.632 energy_loss: 2.671
[GPU2] epochs: [257/800] train_loss_con: -0.629 energy_loss: 2.672
[GPU2] epochs: [258/800] train_loss_con: -0.632 energy_loss: 2.716
[GPU2] epochs: [259/800] train_loss_con: -0.632 energy_loss: 2.653
[GPU2] epochs: [260/800] train_loss_con: -0.635 energy_loss: 2.632
[GPU2] epochs: [261/800] train_loss_con: -0.628 energy_loss: 2.626
[GPU2] epochs: [262/800] train_loss_con: -0.629 energy_loss: 2.611
[GPU2] epochs: [263/800] train_loss_con: -0.630 energy_loss: 2.619
[GPU2] epochs: [264/800] train_loss_con: -0.625 energy_loss: 2.589
[GPU2] epochs: [265/800] train_loss_con: -0.631 energy_loss: 2.621
[GPU2] epochs: [266/800] train_loss_con: -0.629 energy_loss: 2.595
[GPU2] epochs: [267/800] train_loss_con: -0.633 energy_loss: 2.602
[GPU2] epochs: [268/800] train_loss_con: -0.627 energy_loss: 2.596
[GPU2] epochs: [269/800] train_loss_con: -0.630 energy_loss: 2.605
[GPU2] epochs: [270/800] train_loss_con: -0.630 energy_loss: 2.587
[GPU2] epochs: [271/800] train_loss_con: -0.632 energy_loss: 2.587
[GPU2] epochs: [272/800] train_loss_con: -0.626 energy_loss: 2.594
[GPU2] epochs: [273/800] train_loss_con: -0.629 energy_loss: 2.625
[GPU2] epochs: [274/800] train_loss_con: -0.633 energy_loss: 2.588
[GPU2] epochs: [275/800] train_loss_con: -0.631 energy_loss: 2.588
[GPU2] epochs: [276/800] train_loss_con: -0.623 energy_loss: 2.576
[GPU2] epochs: [277/800] train_loss_con: -0.630 energy_loss: 2.594
[GPU2] epochs: [278/800] train_loss_con: -0.624 energy_loss: 2.551
[GPU2] epochs: [279/800] train_loss_con: -0.629 energy_loss: 2.571
[GPU2] epochs: [280/800] train_loss_con: -0.627 energy_loss: 2.547
[GPU2] epochs: [281/800] train_loss_con: -0.623 energy_loss: 2.555
[GPU2] epochs: [282/800] train_loss_con: -0.633 energy_loss: 2.577
[GPU2] epochs: [283/800] train_loss_con: -0.622 energy_loss: 2.551
[GPU2] epochs: [284/800] train_loss_con: -0.620 energy_loss: 2.517
[GPU2] epochs: [285/800] train_loss_con: -0.618 energy_loss: 2.553
[GPU2] epochs: [286/800] train_loss_con: -0.617 energy_loss: 2.533
[GPU2] epochs: [287/800] train_loss_con: -0.628 energy_loss: 2.523
[GPU2] epochs: [288/800] train_loss_con: -0.617 energy_loss: 2.504
[GPU2] epochs: [289/800] train_loss_con: -0.629 energy_loss: 2.515
[GPU2] epochs: [290/800] train_loss_con: -0.621 energy_loss: 2.517
[GPU2] epochs: [291/800] train_loss_con: -0.618 energy_loss: 2.510
[GPU2] epochs: [292/800] train_loss_con: -0.622 energy_loss: 2.519
[GPU2] epochs: [293/800] train_loss_con: -0.617 energy_loss: 2.495
[GPU2] epochs: [294/800] train_loss_con: -0.618 energy_loss: 2.488
[GPU2] epochs: [295/800] train_loss_con: -0.612 energy_loss: 2.500
[GPU2] epochs: [296/800] train_loss_con: -0.613 energy_loss: 2.501
[GPU2] epochs: [297/800] train_loss_con: -0.610 energy_loss: 2.487
[GPU2] epochs: [298/800] train_loss_con: -0.611 energy_loss: 2.490
[GPU2] epochs: [299/800] train_loss_con: -0.611 energy_loss: 2.462
[GPU2] epochs: [300/800] train_loss_con: -0.609 energy_loss: 2.477
[GPU2] epochs: [301/800] train_loss_con: -0.608 energy_loss: 2.468
[GPU2] epochs: [302/800] train_loss_con: -0.608 energy_loss: 2.476
[GPU2] epochs: [303/800] train_loss_con: -0.608 energy_loss: 2.475
[GPU2] epochs: [304/800] train_loss_con: -0.611 energy_loss: 2.450
[GPU2] epochs: [305/800] train_loss_con: -0.608 energy_loss: 2.470
[GPU2] epochs: [306/800] train_loss_con: -0.610 energy_loss: 2.460
[GPU2] epochs: [307/800] train_loss_con: -0.609 energy_loss: 2.461
[GPU2] epochs: [308/800] train_loss_con: -0.608 energy_loss: 2.451
[GPU2] epochs: [309/800] train_loss_con: -0.609 energy_loss: 2.448
[GPU2] epochs: [310/800] train_loss_con: -0.609 energy_loss: 2.474
[GPU2] epochs: [311/800] train_loss_con: -0.609 energy_loss: 2.461
[GPU2] epochs: [312/800] train_loss_con: -0.606 energy_loss: 2.456
[GPU2] epochs: [313/800] train_loss_con: -0.606 energy_loss: 2.425
[GPU2] epochs: [314/800] train_loss_con: -0.609 energy_loss: 2.478
[GPU2] epochs: [315/800] train_loss_con: -0.607 energy_loss: 2.451
[GPU2] epochs: [316/800] train_loss_con: -0.608 energy_loss: 2.445
[GPU2] epochs: [317/800] train_loss_con: -0.608 energy_loss: 2.431
[GPU2] epochs: [318/800] train_loss_con: -0.607 energy_loss: 2.457
[GPU2] epochs: [319/800] train_loss_con: -0.607 energy_loss: 2.439
[GPU2] epochs: [320/800] train_loss_con: -0.608 energy_loss: 2.431
[GPU2] epochs: [321/800] train_loss_con: -0.607 energy_loss: 2.419
[GPU2] epochs: [322/800] train_loss_con: -0.609 energy_loss: 2.421
[GPU2] epochs: [323/800] train_loss_con: -0.610 energy_loss: 2.431
[GPU2] epochs: [324/800] train_loss_con: -0.609 energy_loss: 2.433
[GPU2] epochs: [325/800] train_loss_con: -0.609 energy_loss: 2.412
[GPU2] epochs: [326/800] train_loss_con: -0.609 energy_loss: 2.436
[GPU2] epochs: [327/800] train_loss_con: -0.608 energy_loss: 2.414
[GPU2] epochs: [328/800] train_loss_con: -0.610 energy_loss: 2.420
[GPU2] epochs: [329/800] train_loss_con: -0.610 energy_loss: 2.416
[GPU2] epochs: [330/800] train_loss_con: -0.609 energy_loss: 2.402
[GPU2] epochs: [331/800] train_loss_con: -0.607 energy_loss: 2.461
[GPU2] epochs: [332/800] train_loss_con: -0.609 energy_loss: 2.395
[GPU2] epochs: [333/800] train_loss_con: -0.608 energy_loss: 2.413
[GPU2] epochs: [334/800] train_loss_con: -0.607 energy_loss: 2.407
[GPU2] epochs: [335/800] train_loss_con: -0.609 energy_loss: 2.423
[GPU2] epochs: [336/800] train_loss_con: -0.610 energy_loss: 2.396
[GPU2] epochs: [337/800] train_loss_con: -0.609 energy_loss: 2.369
[GPU2] epochs: [338/800] train_loss_con: -0.609 energy_loss: 2.389
[GPU2] epochs: [339/800] train_loss_con: -0.608 energy_loss: 2.403
[GPU2] epochs: [340/800] train_loss_con: -0.609 energy_loss: 2.382
[GPU2] epochs: [341/800] train_loss_con: -0.609 energy_loss: 2.389
[GPU2] epochs: [342/800] train_loss_con: -0.610 energy_loss: 2.395
[GPU2] epochs: [343/800] train_loss_con: -0.610 energy_loss: 2.369
[GPU2] epochs: [344/800] train_loss_con: -0.608 energy_loss: 2.392
[GPU2] epochs: [345/800] train_loss_con: -0.609 energy_loss: 2.376
[GPU2] epochs: [346/800] train_loss_con: -0.609 energy_loss: 2.382
[GPU2] epochs: [347/800] train_loss_con: -0.610 energy_loss: 2.393
[GPU2] epochs: [348/800] train_loss_con: -0.611 energy_loss: 2.374
[GPU2] epochs: [349/800] train_loss_con: -0.608 energy_loss: 2.386
[GPU2] epochs: [350/800] train_loss_con: -0.609 energy_loss: 2.375
[GPU2] epochs: [351/800] train_loss_con: -0.611 energy_loss: 2.362
[GPU2] epochs: [352/800] train_loss_con: -0.611 energy_loss: 2.389
[GPU2] epochs: [353/800] train_loss_con: -0.610 energy_loss: 2.381
[GPU2] epochs: [354/800] train_loss_con: -0.610 energy_loss: 2.360
[GPU2] epochs: [355/800] train_loss_con: -0.608 energy_loss: 2.359
[GPU2] epochs: [356/800] train_loss_con: -0.609 energy_loss: 2.368
[GPU2] epochs: [357/800] train_loss_con: -0.610 energy_loss: 2.347
[GPU2] epochs: [358/800] train_loss_con: -0.610 energy_loss: 2.369
[GPU2] epochs: [359/800] train_loss_con: -0.611 energy_loss: 2.337
[GPU2] epochs: [360/800] train_loss_con: -0.611 energy_loss: 2.351
[GPU2] epochs: [361/800] train_loss_con: -0.610 energy_loss: 2.323
[GPU2] epochs: [362/800] train_loss_con: -0.609 energy_loss: 2.332
[GPU2] epochs: [363/800] train_loss_con: -0.611 energy_loss: 2.316
[GPU2] epochs: [364/800] train_loss_con: -0.611 energy_loss: 2.340
[GPU2] epochs: [365/800] train_loss_con: -0.611 energy_loss: 2.320
[GPU2] epochs: [366/800] train_loss_con: -0.611 energy_loss: 2.335
[GPU2] epochs: [367/800] train_loss_con: -0.610 energy_loss: 2.342
[GPU2] epochs: [368/800] train_loss_con: -0.611 energy_loss: 2.353
[GPU2] epochs: [369/800] train_loss_con: -0.613 energy_loss: 2.333
[GPU2] epochs: [370/800] train_loss_con: -0.612 energy_loss: 2.349
[GPU2] epochs: [371/800] train_loss_con: -0.611 energy_loss: 2.339
[GPU2] epochs: [372/800] train_loss_con: -0.610 energy_loss: 2.320
[GPU2] epochs: [373/800] train_loss_con: -0.611 energy_loss: 2.325
[GPU2] epochs: [374/800] train_loss_con: -0.612 energy_loss: 2.296
[GPU2] epochs: [375/800] train_loss_con: -0.610 energy_loss: 2.303
[GPU2] epochs: [376/800] train_loss_con: -0.611 energy_loss: 2.325
[GPU2] epochs: [377/800] train_loss_con: -0.612 energy_loss: 2.333
[GPU2] epochs: [378/800] train_loss_con: -0.612 energy_loss: 2.315
[GPU2] epochs: [379/800] train_loss_con: -0.611 energy_loss: 2.319
[GPU2] epochs: [380/800] train_loss_con: -0.612 energy_loss: 2.312
[GPU2] epochs: [381/800] train_loss_con: -0.612 energy_loss: 2.320
[GPU2] epochs: [382/800] train_loss_con: -0.614 energy_loss: 2.364
[GPU2] epochs: [383/800] train_loss_con: -0.613 energy_loss: 2.325
[GPU2] epochs: [384/800] train_loss_con: -0.613 energy_loss: 2.324
[GPU2] epochs: [385/800] train_loss_con: -0.613 energy_loss: 2.327
[GPU2] epochs: [386/800] train_loss_con: -0.612 energy_loss: 2.299
[GPU2] epochs: [387/800] train_loss_con: -0.613 energy_loss: 2.305
[GPU2] epochs: [388/800] train_loss_con: -0.612 energy_loss: 2.286
[GPU2] epochs: [389/800] train_loss_con: -0.613 energy_loss: 2.308
[GPU2] epochs: [390/800] train_loss_con: -0.613 energy_loss: 2.303
[GPU2] epochs: [391/800] train_loss_con: -0.612 energy_loss: 2.286
[GPU2] epochs: [392/800] train_loss_con: -0.611 energy_loss: 2.297
[GPU2] epochs: [393/800] train_loss_con: -0.612 energy_loss: 2.303
[GPU2] epochs: [394/800] train_loss_con: -0.613 energy_loss: 2.290
[GPU2] epochs: [395/800] train_loss_con: -0.612 energy_loss: 2.299
[GPU2] epochs: [396/800] train_loss_con: -0.612 energy_loss: 2.295
[GPU2] epochs: [397/800] train_loss_con: -0.612 energy_loss: 2.284
[GPU2] epochs: [398/800] train_loss_con: -0.612 energy_loss: 2.308
[GPU2] epochs: [399/800] train_loss_con: -0.613 energy_loss: 2.286
[GPU2] epochs: [400/800] train_loss_con: -0.613 energy_loss: 2.273
[GPU2] epochs: [401/800] train_loss_con: -0.613 energy_loss: 2.251
[GPU2] epochs: [402/800] train_loss_con: -0.613 energy_loss: 2.273
[GPU2] epochs: [403/800] train_loss_con: -0.614 energy_loss: 2.276
[GPU2] epochs: [404/800] train_loss_con: -0.614 energy_loss: 2.251
[GPU2] epochs: [405/800] train_loss_con: -0.614 energy_loss: 2.265
[GPU2] epochs: [406/800] train_loss_con: -0.613 energy_loss: 2.254
[GPU2] epochs: [407/800] train_loss_con: -0.612 energy_loss: 2.266
[GPU2] epochs: [408/800] train_loss_con: -0.613 energy_loss: 2.257
[GPU2] epochs: [409/800] train_loss_con: -0.612 energy_loss: 2.258
[GPU2] epochs: [410/800] train_loss_con: -0.614 energy_loss: 2.266
[GPU2] epochs: [411/800] train_loss_con: -0.612 energy_loss: 2.218
[GPU2] epochs: [412/800] train_loss_con: -0.614 energy_loss: 2.252
[GPU2] epochs: [413/800] train_loss_con: -0.616 energy_loss: 2.238
[GPU2] epochs: [414/800] train_loss_con: -0.615 energy_loss: 2.223
[GPU2] epochs: [415/800] train_loss_con: -0.614 energy_loss: 2.251
[GPU2] epochs: [416/800] train_loss_con: -0.613 energy_loss: 2.227
[GPU2] epochs: [417/800] train_loss_con: -0.614 energy_loss: 2.230
[GPU2] epochs: [418/800] train_loss_con: -0.614 energy_loss: 2.235
[GPU2] epochs: [419/800] train_loss_con: -0.615 energy_loss: 2.230
[GPU2] epochs: [420/800] train_loss_con: -0.615 energy_loss: 2.225
[GPU2] epochs: [421/800] train_loss_con: -0.615 energy_loss: 2.226
[GPU2] epochs: [422/800] train_loss_con: -0.613 energy_loss: 2.220
[GPU2] epochs: [423/800] train_loss_con: -0.615 energy_loss: 2.203
[GPU2] epochs: [424/800] train_loss_con: -0.615 energy_loss: 2.212
[GPU2] epochs: [425/800] train_loss_con: -0.616 energy_loss: 2.221
[GPU2] epochs: [426/800] train_loss_con: -0.615 energy_loss: 2.217
[GPU2] epochs: [427/800] train_loss_con: -0.616 energy_loss: 2.217
[GPU2] epochs: [428/800] train_loss_con: -0.614 energy_loss: 2.206
[GPU2] epochs: [429/800] train_loss_con: -0.615 energy_loss: 2.194
[GPU2] epochs: [430/800] train_loss_con: -0.615 energy_loss: 2.185
[GPU2] epochs: [431/800] train_loss_con: -0.616 energy_loss: 2.201
[GPU2] epochs: [432/800] train_loss_con: -0.614 energy_loss: 2.214
[GPU2] epochs: [433/800] train_loss_con: -0.618 energy_loss: 2.171
[GPU2] epochs: [434/800] train_loss_con: -0.618 energy_loss: 2.204
[GPU2] epochs: [435/800] train_loss_con: -0.616 energy_loss: 2.189
[GPU2] epochs: [436/800] train_loss_con: -0.617 energy_loss: 2.188
[GPU2] epochs: [437/800] train_loss_con: -0.617 energy_loss: 2.196
[GPU2] epochs: [438/800] train_loss_con: -0.616 energy_loss: 2.187
[GPU2] epochs: [439/800] train_loss_con: -0.616 energy_loss: 2.179
[GPU2] epochs: [440/800] train_loss_con: -0.617 energy_loss: 2.186
[GPU2] epochs: [441/800] train_loss_con: -0.616 energy_loss: 2.157
[GPU2] epochs: [442/800] train_loss_con: -0.617 energy_loss: 2.183
[GPU2] epochs: [443/800] train_loss_con: -0.616 energy_loss: 2.175
[GPU2] epochs: [444/800] train_loss_con: -0.617 energy_loss: 2.172
[GPU2] epochs: [445/800] train_loss_con: -0.617 energy_loss: 2.164
[GPU2] epochs: [446/800] train_loss_con: -0.615 energy_loss: 2.166
[GPU2] epochs: [447/800] train_loss_con: -0.616 energy_loss: 2.177
[GPU2] epochs: [448/800] train_loss_con: -0.619 energy_loss: 2.151
[GPU2] epochs: [449/800] train_loss_con: -0.617 energy_loss: 2.151
[GPU2] epochs: [450/800] train_loss_con: -0.618 energy_loss: 2.164
[GPU2] epochs: [451/800] train_loss_con: -0.619 energy_loss: 2.150
[GPU2] epochs: [452/800] train_loss_con: -0.617 energy_loss: 2.162
[GPU2] epochs: [453/800] train_loss_con: -0.618 energy_loss: 2.127
[GPU2] epochs: [454/800] train_loss_con: -0.617 energy_loss: 2.127
[GPU2] epochs: [455/800] train_loss_con: -0.616 energy_loss: 2.133
[GPU2] epochs: [456/800] train_loss_con: -0.616 energy_loss: 2.132
[GPU2] epochs: [457/800] train_loss_con: -0.618 energy_loss: 2.116
[GPU2] epochs: [458/800] train_loss_con: -0.618 energy_loss: 2.140
[GPU2] epochs: [459/800] train_loss_con: -0.618 energy_loss: 2.141
[GPU2] epochs: [460/800] train_loss_con: -0.618 energy_loss: 2.115
[GPU2] epochs: [461/800] train_loss_con: -0.618 energy_loss: 2.132
[GPU2] epochs: [462/800] train_loss_con: -0.620 energy_loss: 2.116
[GPU2] epochs: [463/800] train_loss_con: -0.619 energy_loss: 2.115
[GPU2] epochs: [464/800] train_loss_con: -0.618 energy_loss: 2.135
[GPU2] epochs: [465/800] train_loss_con: -0.619 energy_loss: 2.100
[GPU2] epochs: [466/800] train_loss_con: -0.619 energy_loss: 2.122
[GPU2] epochs: [467/800] train_loss_con: -0.618 energy_loss: 2.116
[GPU2] epochs: [468/800] train_loss_con: -0.620 energy_loss: 2.120
[GPU2] epochs: [469/800] train_loss_con: -0.620 energy_loss: 2.091
[GPU2] epochs: [470/800] train_loss_con: -0.618 energy_loss: 2.107
[GPU2] epochs: [471/800] train_loss_con: -0.620 energy_loss: 2.112
[GPU2] epochs: [472/800] train_loss_con: -0.618 energy_loss: 2.083
[GPU2] epochs: [473/800] train_loss_con: -0.621 energy_loss: 2.103
[GPU2] epochs: [474/800] train_loss_con: -0.619 energy_loss: 2.101
[GPU2] epochs: [475/800] train_loss_con: -0.625 energy_loss: 2.091
[GPU2] epochs: [476/800] train_loss_con: -0.622 energy_loss: 2.080
[GPU2] epochs: [477/800] train_loss_con: -0.620 energy_loss: 2.073
[GPU2] epochs: [478/800] train_loss_con: -0.621 energy_loss: 2.085
[GPU2] epochs: [479/800] train_loss_con: -0.620 energy_loss: 2.090
[GPU2] epochs: [480/800] train_loss_con: -0.620 energy_loss: 2.077
[GPU2] epochs: [481/800] train_loss_con: -0.622 energy_loss: 2.085
[GPU2] epochs: [482/800] train_loss_con: -0.621 energy_loss: 2.074
[GPU2] epochs: [483/800] train_loss_con: -0.619 energy_loss: 2.068
[GPU2] epochs: [484/800] train_loss_con: -0.619 energy_loss: 2.063
[GPU2] epochs: [485/800] train_loss_con: -0.621 energy_loss: 2.057
[GPU2] epochs: [486/800] train_loss_con: -0.620 energy_loss: 2.057
[GPU2] epochs: [487/800] train_loss_con: -0.619 energy_loss: 2.085
[GPU2] epochs: [488/800] train_loss_con: -0.620 energy_loss: 2.069
[GPU2] epochs: [489/800] train_loss_con: -0.621 energy_loss: 2.057
[GPU2] epochs: [490/800] train_loss_con: -0.618 energy_loss: 2.075
[GPU2] epochs: [491/800] train_loss_con: -0.620 energy_loss: 2.061
[GPU2] epochs: [492/800] train_loss_con: -0.620 energy_loss: 2.033
[GPU2] epochs: [493/800] train_loss_con: -0.620 energy_loss: 2.060
[GPU2] epochs: [494/800] train_loss_con: -0.620 energy_loss: 2.061
[GPU2] epochs: [495/800] train_loss_con: -0.620 energy_loss: 2.044
[GPU2] epochs: [496/800] train_loss_con: -0.622 energy_loss: 2.057
[GPU2] epochs: [497/800] train_loss_con: -0.621 energy_loss: 2.023
[GPU2] epochs: [498/800] train_loss_con: -0.621 energy_loss: 2.051
[GPU2] epochs: [499/800] train_loss_con: -0.621 energy_loss: 2.056
[GPU2] epochs: [500/800] train_loss_con: -0.620 energy_loss: 2.018
[GPU2] epochs: [501/800] train_loss_con: -0.621 energy_loss: 2.058
[GPU2] epochs: [502/800] train_loss_con: -0.621 energy_loss: 2.036
[GPU2] epochs: [503/800] train_loss_con: -0.622 energy_loss: 2.027
[GPU2] epochs: [504/800] train_loss_con: -0.622 energy_loss: 2.015
[GPU2] epochs: [505/800] train_loss_con: -0.622 energy_loss: 2.016
[GPU2] epochs: [506/800] train_loss_con: -0.622 energy_loss: 2.009
[GPU2] epochs: [507/800] train_loss_con: -0.623 energy_loss: 2.027
[GPU2] epochs: [508/800] train_loss_con: -0.622 energy_loss: 2.021
[GPU2] epochs: [509/800] train_loss_con: -0.623 energy_loss: 2.001
[GPU2] epochs: [510/800] train_loss_con: -0.624 energy_loss: 2.033
[GPU2] epochs: [511/800] train_loss_con: -0.623 energy_loss: 1.991
[GPU2] epochs: [512/800] train_loss_con: -0.622 energy_loss: 1.999
[GPU2] epochs: [513/800] train_loss_con: -0.622 energy_loss: 2.006
[GPU2] epochs: [514/800] train_loss_con: -0.625 energy_loss: 2.004
[GPU2] epochs: [515/800] train_loss_con: -0.622 energy_loss: 2.002
[GPU2] epochs: [516/800] train_loss_con: -0.623 energy_loss: 1.981
[GPU2] epochs: [517/800] train_loss_con: -0.622 energy_loss: 1.987
[GPU2] epochs: [518/800] train_loss_con: -0.624 energy_loss: 2.001
[GPU2] epochs: [519/800] train_loss_con: -0.623 energy_loss: 1.970
[GPU2] epochs: [520/800] train_loss_con: -0.623 energy_loss: 1.979
[GPU2] epochs: [521/800] train_loss_con: -0.623 energy_loss: 2.003
[GPU2] epochs: [522/800] train_loss_con: -0.622 energy_loss: 2.008
[GPU2] epochs: [523/800] train_loss_con: -0.623 energy_loss: 1.975
[GPU2] epochs: [524/800] train_loss_con: -0.624 energy_loss: 1.988
[GPU2] epochs: [525/800] train_loss_con: -0.624 energy_loss: 1.975
[GPU2] epochs: [526/800] train_loss_con: -0.625 energy_loss: 1.981
[GPU2] epochs: [527/800] train_loss_con: -0.624 energy_loss: 1.974
[GPU2] epochs: [528/800] train_loss_con: -0.624 energy_loss: 1.982
[GPU2] epochs: [529/800] train_loss_con: -0.623 energy_loss: 1.956
[GPU2] epochs: [530/800] train_loss_con: -0.623 energy_loss: 1.987
[GPU2] epochs: [531/800] train_loss_con: -0.624 energy_loss: 1.974
[GPU2] epochs: [532/800] train_loss_con: -0.624 energy_loss: 1.958
[GPU2] epochs: [533/800] train_loss_con: -0.625 energy_loss: 1.964
[GPU2] epochs: [534/800] train_loss_con: -0.624 energy_loss: 1.971
[GPU2] epochs: [535/800] train_loss_con: -0.625 energy_loss: 1.940
[GPU2] epochs: [536/800] train_loss_con: -0.625 energy_loss: 1.966
[GPU2] epochs: [537/800] train_loss_con: -0.624 energy_loss: 1.935
[GPU2] epochs: [538/800] train_loss_con: -0.624 energy_loss: 1.963
[GPU2] epochs: [539/800] train_loss_con: -0.625 energy_loss: 1.958
[GPU2] epochs: [540/800] train_loss_con: -0.625 energy_loss: 1.961
[GPU2] epochs: [541/800] train_loss_con: -0.625 energy_loss: 1.934
[GPU2] epochs: [542/800] train_loss_con: -0.631 energy_loss: 1.932
[GPU2] epochs: [543/800] train_loss_con: -0.629 energy_loss: 1.939
[GPU2] epochs: [544/800] train_loss_con: -0.629 energy_loss: 1.954
[GPU2] epochs: [545/800] train_loss_con: -0.628 energy_loss: 1.929
[GPU2] epochs: [546/800] train_loss_con: -0.627 energy_loss: 1.946
[GPU2] epochs: [547/800] train_loss_con: -0.625 energy_loss: 1.945
[GPU2] epochs: [548/800] train_loss_con: -0.626 energy_loss: 1.959
[GPU2] epochs: [549/800] train_loss_con: -0.626 energy_loss: 1.935
[GPU2] epochs: [550/800] train_loss_con: -0.626 energy_loss: 1.914
[GPU2] epochs: [551/800] train_loss_con: -0.626 energy_loss: 1.922
[GPU2] epochs: [552/800] train_loss_con: -0.624 energy_loss: 1.925
[GPU2] epochs: [553/800] train_loss_con: -0.626 energy_loss: 1.919
[GPU2] epochs: [554/800] train_loss_con: -0.628 energy_loss: 1.931
[GPU2] epochs: [555/800] train_loss_con: -0.626 energy_loss: 1.905
[GPU2] epochs: [556/800] train_loss_con: -0.625 energy_loss: 1.915
[GPU2] epochs: [557/800] train_loss_con: -0.627 energy_loss: 1.933
[GPU2] epochs: [558/800] train_loss_con: -0.626 energy_loss: 1.913
[GPU2] epochs: [559/800] train_loss_con: -0.626 energy_loss: 1.918
[GPU2] epochs: [560/800] train_loss_con: -0.626 energy_loss: 1.931
[GPU2] epochs: [561/800] train_loss_con: -0.625 energy_loss: 1.905
[GPU2] epochs: [562/800] train_loss_con: -0.627 energy_loss: 1.927
[GPU2] epochs: [563/800] train_loss_con: -0.627 energy_loss: 1.898
[GPU2] epochs: [564/800] train_loss_con: -0.627 energy_loss: 1.916
[GPU2] epochs: [565/800] train_loss_con: -0.627 energy_loss: 1.895
[GPU2] epochs: [566/800] train_loss_con: -0.626 energy_loss: 1.902
[GPU2] epochs: [567/800] train_loss_con: -0.626 energy_loss: 1.895
[GPU2] epochs: [568/800] train_loss_con: -0.627 energy_loss: 1.882
[GPU2] epochs: [569/800] train_loss_con: -0.628 energy_loss: 1.893
[GPU2] epochs: [570/800] train_loss_con: -0.628 energy_loss: 1.901
[GPU2] epochs: [571/800] train_loss_con: -0.628 energy_loss: 1.865
[GPU2] epochs: [572/800] train_loss_con: -0.629 energy_loss: 1.895
[GPU2] epochs: [573/800] train_loss_con: -0.628 energy_loss: 1.871
[GPU2] epochs: [574/800] train_loss_con: -0.627 energy_loss: 1.879
[GPU2] epochs: [575/800] train_loss_con: -0.628 energy_loss: 1.896
[GPU2] epochs: [576/800] train_loss_con: -0.629 energy_loss: 1.890
[GPU2] epochs: [577/800] train_loss_con: -0.626 energy_loss: 1.868
[GPU2] epochs: [578/800] train_loss_con: -0.627 energy_loss: 1.881
[GPU2] epochs: [579/800] train_loss_con: -0.627 energy_loss: 1.864
[GPU2] epochs: [580/800] train_loss_con: -0.628 energy_loss: 1.870
[GPU2] epochs: [581/800] train_loss_con: -0.628 energy_loss: 1.878
[GPU2] epochs: [582/800] train_loss_con: -0.627 energy_loss: 1.844
[GPU2] epochs: [583/800] train_loss_con: -0.629 energy_loss: 1.862
[GPU2] epochs: [584/800] train_loss_con: -0.628 energy_loss: 1.859
[GPU2] epochs: [585/800] train_loss_con: -0.629 energy_loss: 1.857
[GPU2] epochs: [586/800] train_loss_con: -0.627 energy_loss: 1.869
[GPU2] epochs: [587/800] train_loss_con: -0.627 energy_loss: 1.856
[GPU2] epochs: [588/800] train_loss_con: -0.629 energy_loss: 1.848
[GPU2] epochs: [589/800] train_loss_con: -0.629 energy_loss: 1.872
[GPU2] epochs: [590/800] train_loss_con: -0.629 energy_loss: 1.855
[GPU2] epochs: [591/800] train_loss_con: -0.629 energy_loss: 1.848
[GPU2] epochs: [592/800] train_loss_con: -0.629 energy_loss: 1.840
[GPU2] epochs: [593/800] train_loss_con: -0.629 energy_loss: 1.829
[GPU2] epochs: [594/800] train_loss_con: -0.628 energy_loss: 1.836
[GPU2] epochs: [595/800] train_loss_con: -0.629 energy_loss: 1.839
[GPU2] epochs: [596/800] train_loss_con: -0.629 energy_loss: 1.859
[GPU2] epochs: [597/800] train_loss_con: -0.628 energy_loss: 1.838
[GPU2] epochs: [598/800] train_loss_con: -0.629 energy_loss: 1.822
[GPU2] epochs: [599/800] train_loss_con: -0.630 energy_loss: 1.838
[GPU2] epochs: [600/800] train_loss_con: -0.631 energy_loss: 1.836
[GPU2] epochs: [601/800] train_loss_con: -0.629 energy_loss: 1.818
[GPU2] epochs: [602/800] train_loss_con: -0.630 energy_loss: 1.840
[GPU2] epochs: [603/800] train_loss_con: -0.629 energy_loss: 1.828
[GPU2] epochs: [604/800] train_loss_con: -0.630 energy_loss: 1.827
[GPU2] epochs: [605/800] train_loss_con: -0.632 energy_loss: 1.801
[GPU2] epochs: [606/800] train_loss_con: -0.630 energy_loss: 1.806
[GPU2] epochs: [607/800] train_loss_con: -0.630 energy_loss: 1.815
[GPU2] epochs: [608/800] train_loss_con: -0.631 energy_loss: 1.816
[GPU2] epochs: [609/800] train_loss_con: -0.631 energy_loss: 1.823
[GPU2] epochs: [610/800] train_loss_con: -0.632 energy_loss: 1.811
[GPU2] epochs: [611/800] train_loss_con: -0.631 energy_loss: 1.791
[GPU2] epochs: [612/800] train_loss_con: -0.632 energy_loss: 1.800
[GPU2] epochs: [613/800] train_loss_con: -0.632 energy_loss: 1.806
[GPU2] epochs: [614/800] train_loss_con: -0.630 energy_loss: 1.808
[GPU2] epochs: [615/800] train_loss_con: -0.631 energy_loss: 1.812
[GPU2] epochs: [616/800] train_loss_con: -0.631 energy_loss: 1.802
[GPU2] epochs: [617/800] train_loss_con: -0.631 energy_loss: 1.812
[GPU2] epochs: [618/800] train_loss_con: -0.631 energy_loss: 1.789
[GPU2] epochs: [619/800] train_loss_con: -0.633 energy_loss: 1.800
[GPU2] epochs: [620/800] train_loss_con: -0.631 energy_loss: 1.823
[GPU2] epochs: [621/800] train_loss_con: -0.633 energy_loss: 1.787
[GPU2] epochs: [622/800] train_loss_con: -0.633 energy_loss: 1.799
[GPU2] epochs: [623/800] train_loss_con: -0.632 energy_loss: 1.784
[GPU2] epochs: [624/800] train_loss_con: -0.633 energy_loss: 1.823
[GPU2] epochs: [625/800] train_loss_con: -0.633 energy_loss: 1.755
[GPU2] epochs: [626/800] train_loss_con: -0.632 energy_loss: 1.787
[GPU2] epochs: [627/800] train_loss_con: -0.632 energy_loss: 1.767
[GPU2] epochs: [628/800] train_loss_con: -0.632 energy_loss: 1.793
[GPU2] epochs: [629/800] train_loss_con: -0.632 energy_loss: 1.780
[GPU2] epochs: [630/800] train_loss_con: -0.633 energy_loss: 1.791
[GPU2] epochs: [631/800] train_loss_con: -0.633 energy_loss: 1.772
[GPU2] epochs: [632/800] train_loss_con: -0.633 energy_loss: 1.763
[GPU2] epochs: [633/800] train_loss_con: -0.634 energy_loss: 1.782
[GPU2] epochs: [634/800] train_loss_con: -0.634 energy_loss: 1.774
[GPU2] epochs: [635/800] train_loss_con: -0.633 energy_loss: 1.762
[GPU2] epochs: [636/800] train_loss_con: -0.633 energy_loss: 1.760
[GPU2] epochs: [637/800] train_loss_con: -0.633 energy_loss: 1.779
[GPU2] epochs: [638/800] train_loss_con: -0.633 energy_loss: 1.746
[GPU2] epochs: [639/800] train_loss_con: -0.635 energy_loss: 1.750
[GPU2] epochs: [640/800] train_loss_con: -0.635 energy_loss: 1.757
[GPU2] epochs: [641/800] train_loss_con: -0.635 energy_loss: 1.732
[GPU2] epochs: [642/800] train_loss_con: -0.634 energy_loss: 1.751
[GPU2] epochs: [643/800] train_loss_con: -0.634 energy_loss: 1.765
[GPU2] epochs: [644/800] train_loss_con: -0.633 energy_loss: 1.742
[GPU2] epochs: [645/800] train_loss_con: -0.634 energy_loss: 1.756
[GPU2] epochs: [646/800] train_loss_con: -0.634 energy_loss: 1.755
[GPU2] epochs: [647/800] train_loss_con: -0.634 energy_loss: 1.760
[GPU2] epochs: [648/800] train_loss_con: -0.635 energy_loss: 1.740
[GPU2] epochs: [649/800] train_loss_con: -0.636 energy_loss: 1.749
[GPU2] epochs: [650/800] train_loss_con: -0.635 energy_loss: 1.745
[GPU2] epochs: [651/800] train_loss_con: -0.635 energy_loss: 1.732
[GPU2] epochs: [652/800] train_loss_con: -0.635 energy_loss: 1.755
[GPU2] epochs: [653/800] train_loss_con: -0.635 energy_loss: 1.722
[GPU2] epochs: [654/800] train_loss_con: -0.635 energy_loss: 1.725
[GPU2] epochs: [655/800] train_loss_con: -0.636 energy_loss: 1.756
[GPU2] epochs: [656/800] train_loss_con: -0.635 energy_loss: 1.736
[GPU2] epochs: [657/800] train_loss_con: -0.636 energy_loss: 1.741
[GPU2] epochs: [658/800] train_loss_con: -0.637 energy_loss: 1.722
[GPU2] epochs: [659/800] train_loss_con: -0.637 energy_loss: 1.738
[GPU2] epochs: [660/800] train_loss_con: -0.637 energy_loss: 1.713
[GPU2] epochs: [661/800] train_loss_con: -0.635 energy_loss: 1.727
[GPU2] epochs: [662/800] train_loss_con: -0.636 energy_loss: 1.738
[GPU2] epochs: [663/800] train_loss_con: -0.636 energy_loss: 1.710
[GPU2] epochs: [664/800] train_loss_con: -0.636 energy_loss: 1.719
[GPU2] epochs: [665/800] train_loss_con: -0.636 energy_loss: 1.717
[GPU2] epochs: [666/800] train_loss_con: -0.637 energy_loss: 1.741
[GPU2] epochs: [667/800] train_loss_con: -0.636 energy_loss: 1.718
[GPU2] epochs: [668/800] train_loss_con: -0.637 energy_loss: 1.756
[GPU2] epochs: [669/800] train_loss_con: -0.636 energy_loss: 1.700
[GPU2] epochs: [670/800] train_loss_con: -0.636 energy_loss: 1.702
[GPU2] epochs: [671/800] train_loss_con: -0.638 energy_loss: 1.713
[GPU2] epochs: [672/800] train_loss_con: -0.638 energy_loss: 1.707
[GPU2] epochs: [673/800] train_loss_con: -0.638 energy_loss: 1.713
[GPU2] epochs: [674/800] train_loss_con: -0.637 energy_loss: 1.701
[GPU2] epochs: [675/800] train_loss_con: -0.638 energy_loss: 1.703
[GPU2] epochs: [676/800] train_loss_con: -0.638 energy_loss: 1.721
[GPU2] epochs: [677/800] train_loss_con: -0.638 energy_loss: 1.687
[GPU2] epochs: [678/800] train_loss_con: -0.638 energy_loss: 1.702
[GPU2] epochs: [679/800] train_loss_con: -0.638 energy_loss: 1.690
[GPU2] epochs: [680/800] train_loss_con: -0.638 energy_loss: 1.705
[GPU2] epochs: [681/800] train_loss_con: -0.638 energy_loss: 1.687
[GPU2] epochs: [682/800] train_loss_con: -0.639 energy_loss: 1.710
[GPU2] epochs: [683/800] train_loss_con: -0.638 energy_loss: 1.708
[GPU2] epochs: [684/800] train_loss_con: -0.639 energy_loss: 1.691
[GPU2] epochs: [685/800] train_loss_con: -0.639 energy_loss: 1.688
[GPU2] epochs: [686/800] train_loss_con: -0.639 energy_loss: 1.693
[GPU2] epochs: [687/800] train_loss_con: -0.639 energy_loss: 1.697
[GPU2] epochs: [688/800] train_loss_con: -0.640 energy_loss: 1.686
[GPU2] epochs: [689/800] train_loss_con: -0.639 energy_loss: 1.683
[GPU2] epochs: [690/800] train_loss_con: -0.639 energy_loss: 1.685
[GPU2] epochs: [691/800] train_loss_con: -0.640 energy_loss: 1.690
[GPU2] epochs: [692/800] train_loss_con: -0.640 energy_loss: 1.672
[GPU2] epochs: [693/800] train_loss_con: -0.639 energy_loss: 1.695
[GPU2] epochs: [694/800] train_loss_con: -0.640 energy_loss: 1.683
[GPU2] epochs: [695/800] train_loss_con: -0.641 energy_loss: 1.673
