environment: 
YAML: configs/simsiam.sc.c10.yaml
==> SEED: 42
==> num_classes: 10
==> data_name: cifar10
==> data_params: {'algo': 'simsiam-sc', 'data_dir': 'datasets/cifar10', 'batch_size': 512, 'num_workers': 3, 'image_size': 32}
==> return_logs: False
==> eval_every: 10
==> n_epochs: 800
==> n_epochs_mlp: 100
==> gpu_id: 0
==> opt: SGD
==> opt_params: {'lr': 0.1, 'momentum': 0.9, 'weight_decay': 0.0001}
==> schedular_params: {'T_max': 800, 'eta_min': 0.001}
==> mlp_opt: SGD
==> mlp_opt_params: {'lr': 0.1, 'momentum': 0.9}
==> model_params: {'model_name': 'resnet18', 'pretrained': False, 'proj_dim': 128, 'algo_type': 'simsiam-sc', 'pred_dim': 512}
==> mlp_type: linear
==> loss: simsiam-sc
==> distributed: False
==> train_algo: simsiam-sc
==> model_save_path: saved_models/simsiam.en.c10.r18.e800.pth
==> energy_model_params: {'eta': 0.01, 'steps': 5, 'sigma': 0.2, 'delta': 0.1, 'net_type': 'energy'}
==> energy_opt: AdamW
==> energy_model_opt_params: {'lr': 0.001}
==> warmup_epochs: 0
==> config: configs/simsiam.sc.c10.yaml
--------------------------------------------------
===> using linear mlp
using optimizer: SGD
using optimizer: SGD
loss function: simsiam-sc
Files already downloaded and verified
Files already downloaded and verified
Files already downloaded and verified
# of Training Images: 50000
# of Testing Images: 10000
using optimizer: AdamW
### simsiam with SC-net Training begins
[GPU0] epochs: [1/800] train_loss_con: -0.312 energy_loss: 239.307
[GPU0] epochs: [2/800] train_loss_con: -0.419 energy_loss: 229.802
[GPU0] epochs: [3/800] train_loss_con: -0.462 energy_loss: 227.579
[GPU0] epochs: [4/800] train_loss_con: -0.455 energy_loss: 234.521
[GPU0] epochs: [5/800] train_loss_con: -0.453 energy_loss: 236.695
[GPU0] epochs: [6/800] train_loss_con: -0.508 energy_loss: 227.020
[GPU0] epochs: [7/800] train_loss_con: -0.484 energy_loss: 227.832
[GPU0] epochs: [8/800] train_loss_con: -0.482 energy_loss: 228.100
[GPU0] epochs: [9/800] train_loss_con: -0.503 energy_loss: 222.367
[GPU0] epochs: [10/800] train_loss_con: -0.512 energy_loss: 231.070
[GPU0] epochs: [11/800] train_loss_con: -0.514 energy_loss: 223.657
[GPU0] epochs: [12/800] train_loss_con: -0.520 energy_loss: 220.162
[GPU0] epochs: [13/800] train_loss_con: -0.523 energy_loss: 217.387
[GPU0] epochs: [14/800] train_loss_con: -0.527 energy_loss: 208.179
[GPU0] epochs: [15/800] train_loss_con: -0.531 energy_loss: 253.679
[GPU0] epochs: [16/800] train_loss_con: -0.530 energy_loss: 256.021
[GPU0] epochs: [17/800] train_loss_con: -0.532 energy_loss: 255.975
[GPU0] epochs: [18/800] train_loss_con: -0.544 energy_loss: 255.795
[GPU0] epochs: [19/800] train_loss_con: -0.547 energy_loss: 255.770
[GPU0] epochs: [20/800] train_loss_con: -0.548 energy_loss: 254.997
[GPU0] epochs: [21/800] train_loss_con: -0.549 energy_loss: 244.521
[GPU0] epochs: [22/800] train_loss_con: -0.544 energy_loss: 224.977
[GPU0] epochs: [23/800] train_loss_con: -0.551 energy_loss: 217.582
[GPU0] epochs: [24/800] train_loss_con: -0.550 energy_loss: 215.849
[GPU0] epochs: [25/800] train_loss_con: -0.551 energy_loss: 217.797
[GPU0] epochs: [26/800] train_loss_con: -0.547 energy_loss: 210.207
[GPU0] epochs: [27/800] train_loss_con: -0.548 energy_loss: 204.624
[GPU0] epochs: [28/800] train_loss_con: -0.552 energy_loss: 255.943
[GPU0] epochs: [29/800] train_loss_con: -0.556 energy_loss: 255.998
[GPU0] epochs: [30/800] train_loss_con: -0.556 energy_loss: 256.089
[GPU0] epochs: [31/800] train_loss_con: -0.552 energy_loss: 256.028
[GPU0] epochs: [32/800] train_loss_con: -0.555 energy_loss: 255.928
[GPU0] epochs: [33/800] train_loss_con: -0.551 energy_loss: 255.940
[GPU0] epochs: [34/800] train_loss_con: -0.556 energy_loss: 255.873
[GPU0] epochs: [35/800] train_loss_con: -0.556 energy_loss: 255.796
[GPU0] epochs: [36/800] train_loss_con: -0.553 energy_loss: 255.870
[GPU0] epochs: [37/800] train_loss_con: -0.552 energy_loss: 255.724
[GPU0] epochs: [38/800] train_loss_con: -0.553 energy_loss: 255.466
[GPU0] epochs: [39/800] train_loss_con: -0.548 energy_loss: 254.389
[GPU0] epochs: [40/800] train_loss_con: -0.553 energy_loss: 241.831
[GPU0] epochs: [41/800] train_loss_con: -0.554 energy_loss: 242.143
[GPU0] epochs: [42/800] train_loss_con: -0.553 energy_loss: 229.484
[GPU0] epochs: [43/800] train_loss_con: -0.553 energy_loss: 197.226
[GPU0] epochs: [44/800] train_loss_con: -0.554 energy_loss: 215.403
[GPU0] epochs: [45/800] train_loss_con: -0.556 energy_loss: 180.033
[GPU0] epochs: [46/800] train_loss_con: -0.553 energy_loss: 186.339
[GPU0] epochs: [47/800] train_loss_con: -0.556 energy_loss: 195.877
[GPU0] epochs: [48/800] train_loss_con: -0.557 energy_loss: 159.138
[GPU0] epochs: [49/800] train_loss_con: -0.556 energy_loss: 147.045
[GPU0] epochs: [50/800] train_loss_con: -0.558 energy_loss: 181.881
[GPU0] epochs: [51/800] train_loss_con: -0.554 energy_loss: 128.677
[GPU0] epochs: [52/800] train_loss_con: -0.557 energy_loss: 126.121
[GPU0] epochs: [53/800] train_loss_con: -0.558 energy_loss: 122.962
[GPU0] epochs: [54/800] train_loss_con: -0.560 energy_loss: 113.056
[GPU0] epochs: [55/800] train_loss_con: -0.561 energy_loss: 109.306
[GPU0] epochs: [56/800] train_loss_con: -0.561 energy_loss: 99.451
[GPU0] epochs: [57/800] train_loss_con: -0.558 energy_loss: 97.195
[GPU0] epochs: [58/800] train_loss_con: -0.559 energy_loss: 91.988
[GPU0] epochs: [59/800] train_loss_con: -0.562 energy_loss: 85.094
[GPU0] epochs: [60/800] train_loss_con: -0.559 energy_loss: 81.266
[GPU0] epochs: [61/800] train_loss_con: -0.561 energy_loss: 82.362
[GPU0] epochs: [62/800] train_loss_con: -0.560 energy_loss: 78.796
[GPU0] epochs: [63/800] train_loss_con: -0.563 energy_loss: 72.991
[GPU0] epochs: [64/800] train_loss_con: -0.561 energy_loss: 72.839
[GPU0] epochs: [65/800] train_loss_con: -0.567 energy_loss: 69.457
[GPU0] epochs: [66/800] train_loss_con: -0.564 energy_loss: 72.272
[GPU0] epochs: [67/800] train_loss_con: -0.565 energy_loss: 66.672
[GPU0] epochs: [68/800] train_loss_con: -0.563 energy_loss: 64.776
[GPU0] epochs: [69/800] train_loss_con: -0.566 energy_loss: 64.217
[GPU0] epochs: [70/800] train_loss_con: -0.567 energy_loss: 63.593
[GPU0] epochs: [71/800] train_loss_con: -0.564 energy_loss: 61.555
[GPU0] epochs: [72/800] train_loss_con: -0.567 energy_loss: 60.878
[GPU0] epochs: [73/800] train_loss_con: -0.570 energy_loss: 60.822
[GPU0] epochs: [74/800] train_loss_con: -0.569 energy_loss: 56.855
[GPU0] epochs: [75/800] train_loss_con: -0.567 energy_loss: 57.388
[GPU0] epochs: [76/800] train_loss_con: -0.570 energy_loss: 56.071
[GPU0] epochs: [77/800] train_loss_con: -0.569 energy_loss: 56.271
[GPU0] epochs: [78/800] train_loss_con: -0.569 energy_loss: 55.632
[GPU0] epochs: [79/800] train_loss_con: -0.571 energy_loss: 53.805
[GPU0] epochs: [80/800] train_loss_con: -0.572 energy_loss: 53.132
[GPU0] epochs: [81/800] train_loss_con: -0.572 energy_loss: 53.783
[GPU0] epochs: [82/800] train_loss_con: -0.574 energy_loss: 52.617
[GPU0] epochs: [83/800] train_loss_con: -0.570 energy_loss: 50.939
[GPU0] epochs: [84/800] train_loss_con: -0.573 energy_loss: 51.024
[GPU0] epochs: [85/800] train_loss_con: -0.572 energy_loss: 50.500
[GPU0] epochs: [86/800] train_loss_con: -0.572 energy_loss: 49.713
[GPU0] epochs: [87/800] train_loss_con: -0.573 energy_loss: 48.714
[GPU0] epochs: [88/800] train_loss_con: -0.571 energy_loss: 48.720
[GPU0] epochs: [89/800] train_loss_con: -0.574 energy_loss: 48.009
[GPU0] epochs: [90/800] train_loss_con: -0.575 energy_loss: 47.232
[GPU0] epochs: [91/800] train_loss_con: -0.577 energy_loss: 46.839
[GPU0] epochs: [92/800] train_loss_con: -0.573 energy_loss: 46.193
[GPU0] epochs: [93/800] train_loss_con: -0.578 energy_loss: 45.511
[GPU0] epochs: [94/800] train_loss_con: -0.572 energy_loss: 44.514
[GPU0] epochs: [95/800] train_loss_con: -0.575 energy_loss: 44.031
[GPU0] epochs: [96/800] train_loss_con: -0.576 energy_loss: 43.388
[GPU0] epochs: [97/800] train_loss_con: -0.575 energy_loss: 42.900
[GPU0] epochs: [98/800] train_loss_con: -0.572 energy_loss: 42.685
[GPU0] epochs: [99/800] train_loss_con: -0.575 energy_loss: 42.003
[GPU0] epochs: [100/800] train_loss_con: -0.577 energy_loss: 41.704
[GPU0] epochs: [101/800] train_loss_con: -0.578 energy_loss: 41.413
[GPU0] epochs: [102/800] train_loss_con: -0.579 energy_loss: 40.757
[GPU0] epochs: [103/800] train_loss_con: -0.576 energy_loss: 40.203
[GPU0] epochs: [104/800] train_loss_con: -0.579 energy_loss: 39.869
[GPU0] epochs: [105/800] train_loss_con: -0.578 energy_loss: 39.524
[GPU0] epochs: [106/800] train_loss_con: -0.579 energy_loss: 39.000
[GPU0] epochs: [107/800] train_loss_con: -0.578 energy_loss: 38.536
[GPU0] epochs: [108/800] train_loss_con: -0.575 energy_loss: 38.202
[GPU0] epochs: [109/800] train_loss_con: -0.578 energy_loss: 37.592
[GPU0] epochs: [110/800] train_loss_con: -0.579 energy_loss: 37.294
[GPU0] epochs: [111/800] train_loss_con: -0.579 energy_loss: 37.047
[GPU0] epochs: [112/800] train_loss_con: -0.578 energy_loss: 36.596
[GPU0] epochs: [113/800] train_loss_con: -0.579 energy_loss: 36.107
[GPU0] epochs: [114/800] train_loss_con: -0.581 energy_loss: 35.924
[GPU0] epochs: [115/800] train_loss_con: -0.581 energy_loss: 35.604
[GPU0] epochs: [116/800] train_loss_con: -0.579 energy_loss: 35.198
[GPU0] epochs: [117/800] train_loss_con: -0.580 energy_loss: 34.742
[GPU0] epochs: [118/800] train_loss_con: -0.583 energy_loss: 34.321
[GPU0] epochs: [119/800] train_loss_con: -0.582 energy_loss: 34.296
[GPU0] epochs: [120/800] train_loss_con: -0.581 energy_loss: 33.797
[GPU0] epochs: [121/800] train_loss_con: -0.584 energy_loss: 33.516
[GPU0] epochs: [122/800] train_loss_con: -0.585 energy_loss: 33.176
[GPU0] epochs: [123/800] train_loss_con: -0.584 energy_loss: 32.997
[GPU0] epochs: [124/800] train_loss_con: -0.583 energy_loss: 32.623
[GPU0] epochs: [125/800] train_loss_con: -0.581 energy_loss: 32.434
[GPU0] epochs: [126/800] train_loss_con: -0.585 energy_loss: 110.940
[GPU0] epochs: [127/800] train_loss_con: -0.582 energy_loss: 205.328
[GPU0] epochs: [128/800] train_loss_con: -0.583 energy_loss: 227.437
[GPU0] epochs: [129/800] train_loss_con: -0.585 energy_loss: 254.187
[GPU0] epochs: [130/800] train_loss_con: -0.585 energy_loss: 252.492
[GPU0] epochs: [131/800] train_loss_con: -0.583 energy_loss: 243.860
[GPU0] epochs: [132/800] train_loss_con: -0.583 energy_loss: 90.205
[GPU0] epochs: [133/800] train_loss_con: -0.583 energy_loss: 57.799
[GPU0] epochs: [134/800] train_loss_con: -0.583 energy_loss: 36.766
[GPU0] epochs: [135/800] train_loss_con: -0.586 energy_loss: 43.545
[GPU0] epochs: [136/800] train_loss_con: -0.585 energy_loss: 40.550
[GPU0] epochs: [137/800] train_loss_con: -0.585 energy_loss: 48.152
[GPU0] epochs: [138/800] train_loss_con: -0.585 energy_loss: 39.560
[GPU0] epochs: [139/800] train_loss_con: -0.587 energy_loss: 44.337
[GPU0] epochs: [140/800] train_loss_con: -0.587 energy_loss: 43.386
[GPU0] epochs: [141/800] train_loss_con: -0.584 energy_loss: 37.237
[GPU0] epochs: [142/800] train_loss_con: -0.588 energy_loss: 37.673
[GPU0] epochs: [143/800] train_loss_con: -0.588 energy_loss: 35.508
[GPU0] epochs: [144/800] train_loss_con: -0.586 energy_loss: 33.801
[GPU0] epochs: [145/800] train_loss_con: -0.585 energy_loss: 31.103
[GPU0] epochs: [146/800] train_loss_con: -0.584 energy_loss: 29.374
[GPU0] epochs: [147/800] train_loss_con: -0.583 energy_loss: 35.822
[GPU0] epochs: [148/800] train_loss_con: -0.584 energy_loss: 32.258
[GPU0] epochs: [149/800] train_loss_con: -0.583 energy_loss: 28.002
[GPU0] epochs: [150/800] train_loss_con: -0.584 energy_loss: 26.201
[GPU0] epochs: [151/800] train_loss_con: -0.586 energy_loss: 25.738
[GPU0] epochs: [152/800] train_loss_con: -0.585 energy_loss: 26.034
[GPU0] epochs: [153/800] train_loss_con: -0.584 energy_loss: 25.327
[GPU0] epochs: [154/800] train_loss_con: -0.585 energy_loss: 25.044
[GPU0] epochs: [155/800] train_loss_con: -0.582 energy_loss: 24.776
[GPU0] epochs: [156/800] train_loss_con: -0.584 energy_loss: 24.805
[GPU0] epochs: [157/800] train_loss_con: -0.582 energy_loss: 24.091
[GPU0] epochs: [158/800] train_loss_con: -0.582 energy_loss: 23.855
[GPU0] epochs: [159/800] train_loss_con: -0.584 energy_loss: 23.628
[GPU0] epochs: [160/800] train_loss_con: -0.581 energy_loss: 23.503
[GPU0] epochs: [161/800] train_loss_con: -0.580 energy_loss: 22.985
[GPU0] epochs: [162/800] train_loss_con: -0.583 energy_loss: 22.657
[GPU0] epochs: [163/800] train_loss_con: -0.583 energy_loss: 22.447
[GPU0] epochs: [164/800] train_loss_con: -0.584 energy_loss: 22.061
[GPU0] epochs: [165/800] train_loss_con: -0.583 energy_loss: 21.937
[GPU0] epochs: [166/800] train_loss_con: -0.582 energy_loss: 21.447
[GPU0] epochs: [167/800] train_loss_con: -0.581 energy_loss: 21.120
[GPU0] epochs: [168/800] train_loss_con: -0.579 energy_loss: 20.993
[GPU0] epochs: [169/800] train_loss_con: -0.581 energy_loss: 20.708
[GPU0] epochs: [170/800] train_loss_con: -0.580 energy_loss: 20.458
[GPU0] epochs: [171/800] train_loss_con: -0.581 energy_loss: 20.235
[GPU0] epochs: [172/800] train_loss_con: -0.579 energy_loss: 20.003
[GPU0] epochs: [173/800] train_loss_con: -0.581 energy_loss: 19.605
[GPU0] epochs: [174/800] train_loss_con: -0.579 energy_loss: 19.476
[GPU0] epochs: [175/800] train_loss_con: -0.578 energy_loss: 19.217
[GPU0] epochs: [176/800] train_loss_con: -0.580 energy_loss: 18.897
[GPU0] epochs: [177/800] train_loss_con: -0.580 energy_loss: 18.709
[GPU0] epochs: [178/800] train_loss_con: -0.576 energy_loss: 18.462
[GPU0] epochs: [179/800] train_loss_con: -0.576 energy_loss: 18.237
[GPU0] epochs: [180/800] train_loss_con: -0.578 energy_loss: 17.947
[GPU0] epochs: [181/800] train_loss_con: -0.576 energy_loss: 17.726
[GPU0] epochs: [182/800] train_loss_con: -0.577 energy_loss: 17.519
[GPU0] epochs: [183/800] train_loss_con: -0.578 energy_loss: 17.201
[GPU0] epochs: [184/800] train_loss_con: -0.578 energy_loss: 17.010
[GPU0] epochs: [185/800] train_loss_con: -0.576 energy_loss: 16.745
[GPU0] epochs: [186/800] train_loss_con: -0.576 energy_loss: 16.449
[GPU0] epochs: [187/800] train_loss_con: -0.576 energy_loss: 16.153
[GPU0] epochs: [188/800] train_loss_con: -0.577 energy_loss: 15.900
[GPU0] epochs: [189/800] train_loss_con: -0.575 energy_loss: 15.532
[GPU0] epochs: [190/800] train_loss_con: -0.576 energy_loss: 15.351
[GPU0] epochs: [191/800] train_loss_con: -0.577 energy_loss: 15.104
[GPU0] epochs: [192/800] train_loss_con: -0.577 energy_loss: 14.839
[GPU0] epochs: [193/800] train_loss_con: -0.577 energy_loss: 14.574
[GPU0] epochs: [194/800] train_loss_con: -0.577 energy_loss: 14.325
[GPU0] epochs: [195/800] train_loss_con: -0.576 energy_loss: 14.031
[GPU0] epochs: [196/800] train_loss_con: -0.576 energy_loss: 13.789
[GPU0] epochs: [197/800] train_loss_con: -0.575 energy_loss: 13.565
[GPU0] epochs: [198/800] train_loss_con: -0.576 energy_loss: 13.310
[GPU0] epochs: [199/800] train_loss_con: -0.575 energy_loss: 13.039
[GPU0] epochs: [200/800] train_loss_con: -0.576 energy_loss: 12.789
[GPU0] epochs: [201/800] train_loss_con: -0.576 energy_loss: 12.604
[GPU0] epochs: [202/800] train_loss_con: -0.576 energy_loss: 12.388
[GPU0] epochs: [203/800] train_loss_con: -0.572 energy_loss: 12.236
[GPU0] epochs: [204/800] train_loss_con: -0.574 energy_loss: 12.090
[GPU0] epochs: [205/800] train_loss_con: -0.573 energy_loss: 11.829
[GPU0] epochs: [206/800] train_loss_con: -0.573 energy_loss: 11.556
[GPU0] epochs: [207/800] train_loss_con: -0.574 energy_loss: 11.350
[GPU0] epochs: [208/800] train_loss_con: -0.574 energy_loss: 11.092
[GPU0] epochs: [209/800] train_loss_con: -0.574 energy_loss: 10.872
[GPU0] epochs: [210/800] train_loss_con: -0.575 energy_loss: 10.685
[GPU0] epochs: [211/800] train_loss_con: -0.576 energy_loss: 10.407
[GPU0] epochs: [212/800] train_loss_con: -0.575 energy_loss: 10.279
[GPU0] epochs: [213/800] train_loss_con: -0.576 energy_loss: 10.113
[GPU0] epochs: [214/800] train_loss_con: -0.574 energy_loss: 9.936
[GPU0] epochs: [215/800] train_loss_con: -0.575 energy_loss: 9.716
[GPU0] epochs: [216/800] train_loss_con: -0.572 energy_loss: 9.580
[GPU0] epochs: [217/800] train_loss_con: -0.574 energy_loss: 9.416
[GPU0] epochs: [218/800] train_loss_con: -0.573 energy_loss: 9.229
[GPU0] epochs: [219/800] train_loss_con: -0.577 energy_loss: 9.081
[GPU0] epochs: [220/800] train_loss_con: -0.574 energy_loss: 8.887
[GPU0] epochs: [221/800] train_loss_con: -0.574 energy_loss: 8.687
[GPU0] epochs: [222/800] train_loss_con: -0.573 energy_loss: 8.512
[GPU0] epochs: [223/800] train_loss_con: -0.574 energy_loss: 8.370
[GPU0] epochs: [224/800] train_loss_con: -0.576 energy_loss: 8.196
[GPU0] epochs: [225/800] train_loss_con: -0.573 energy_loss: 8.138
[GPU0] epochs: [226/800] train_loss_con: -0.576 energy_loss: 7.960
[GPU0] epochs: [227/800] train_loss_con: -0.573 energy_loss: 7.775
[GPU0] epochs: [228/800] train_loss_con: -0.573 energy_loss: 7.661
[GPU0] epochs: [229/800] train_loss_con: -0.575 energy_loss: 7.468
[GPU0] epochs: [230/800] train_loss_con: -0.576 energy_loss: 7.396
[GPU0] epochs: [231/800] train_loss_con: -0.575 energy_loss: 7.273
[GPU0] epochs: [232/800] train_loss_con: -0.575 energy_loss: 7.127
[GPU0] epochs: [233/800] train_loss_con: -0.576 energy_loss: 7.022
[GPU0] epochs: [234/800] train_loss_con: -0.575 energy_loss: 6.913
[GPU0] epochs: [235/800] train_loss_con: -0.575 energy_loss: 6.804
[GPU0] epochs: [236/800] train_loss_con: -0.575 energy_loss: 6.711
[GPU0] epochs: [237/800] train_loss_con: -0.575 energy_loss: 6.564
[GPU0] epochs: [238/800] train_loss_con: -0.576 energy_loss: 6.423
[GPU0] epochs: [239/800] train_loss_con: -0.576 energy_loss: 6.345
[GPU0] epochs: [240/800] train_loss_con: -0.577 energy_loss: 6.281
[GPU0] epochs: [241/800] train_loss_con: -0.575 energy_loss: 6.175
[GPU0] epochs: [242/800] train_loss_con: -0.577 energy_loss: 6.049
[GPU0] epochs: [243/800] train_loss_con: -0.576 energy_loss: 5.949
[GPU0] epochs: [244/800] train_loss_con: -0.577 energy_loss: 5.828
[GPU0] epochs: [245/800] train_loss_con: -0.578 energy_loss: 5.749
[GPU0] epochs: [246/800] train_loss_con: -0.575 energy_loss: 5.627
[GPU0] epochs: [247/800] train_loss_con: -0.577 energy_loss: 5.586
[GPU0] epochs: [248/800] train_loss_con: -0.575 energy_loss: 5.507
[GPU0] epochs: [249/800] train_loss_con: -0.577 energy_loss: 5.389
[GPU0] epochs: [250/800] train_loss_con: -0.577 energy_loss: 5.318
[GPU0] epochs: [251/800] train_loss_con: -0.579 energy_loss: 5.263
[GPU0] epochs: [252/800] train_loss_con: -0.578 energy_loss: 5.201
[GPU0] epochs: [253/800] train_loss_con: -0.579 energy_loss: 5.113
[GPU0] epochs: [254/800] train_loss_con: -0.578 energy_loss: 5.020
[GPU0] epochs: [255/800] train_loss_con: -0.580 energy_loss: 4.941
[GPU0] epochs: [256/800] train_loss_con: -0.577 energy_loss: 4.895
[GPU0] epochs: [257/800] train_loss_con: -0.579 energy_loss: 4.768
[GPU0] epochs: [258/800] train_loss_con: -0.581 energy_loss: 4.734
[GPU0] epochs: [259/800] train_loss_con: -0.577 energy_loss: 4.651
[GPU0] epochs: [260/800] train_loss_con: -0.580 energy_loss: 4.578
[GPU0] epochs: [261/800] train_loss_con: -0.578 energy_loss: 4.536
[GPU0] epochs: [262/800] train_loss_con: -0.576 energy_loss: 4.480
[GPU0] epochs: [263/800] train_loss_con: -0.580 energy_loss: 4.444
[GPU0] epochs: [264/800] train_loss_con: -0.578 energy_loss: 4.390
[GPU0] epochs: [265/800] train_loss_con: -0.579 energy_loss: 4.295
[GPU0] epochs: [266/800] train_loss_con: -0.578 energy_loss: 4.245
[GPU0] epochs: [267/800] train_loss_con: -0.579 energy_loss: 4.223
[GPU0] epochs: [268/800] train_loss_con: -0.578 energy_loss: 4.187
[GPU0] epochs: [269/800] train_loss_con: -0.579 energy_loss: 4.123
[GPU0] epochs: [270/800] train_loss_con: -0.578 energy_loss: 4.034
[GPU0] epochs: [271/800] train_loss_con: -0.580 energy_loss: 4.025
[GPU0] epochs: [272/800] train_loss_con: -0.581 energy_loss: 3.969
[GPU0] epochs: [273/800] train_loss_con: -0.581 energy_loss: 3.930
[GPU0] epochs: [274/800] train_loss_con: -0.580 energy_loss: 3.899
[GPU0] epochs: [275/800] train_loss_con: -0.578 energy_loss: 3.842
[GPU0] epochs: [276/800] train_loss_con: -0.578 energy_loss: 3.831
[GPU0] epochs: [277/800] train_loss_con: -0.578 energy_loss: 3.804
[GPU0] epochs: [278/800] train_loss_con: -0.579 energy_loss: 3.754
[GPU0] epochs: [279/800] train_loss_con: -0.581 energy_loss: 3.736
[GPU0] epochs: [280/800] train_loss_con: -0.581 energy_loss: 3.639
[GPU0] epochs: [281/800] train_loss_con: -0.579 energy_loss: 3.627
[GPU0] epochs: [282/800] train_loss_con: -0.582 energy_loss: 3.603
[GPU0] epochs: [283/800] train_loss_con: -0.581 energy_loss: 3.663
[GPU0] epochs: [284/800] train_loss_con: -0.581 energy_loss: 3.552
[GPU0] epochs: [285/800] train_loss_con: -0.582 energy_loss: 3.556
[GPU0] epochs: [286/800] train_loss_con: -0.581 energy_loss: 3.469
[GPU0] epochs: [287/800] train_loss_con: -0.583 energy_loss: 3.451
[GPU0] epochs: [288/800] train_loss_con: -0.582 energy_loss: 3.423
[GPU0] epochs: [289/800] train_loss_con: -0.581 energy_loss: 3.372
[GPU0] epochs: [290/800] train_loss_con: -0.582 energy_loss: 3.365
[GPU0] epochs: [291/800] train_loss_con: -0.583 energy_loss: 3.317
[GPU0] epochs: [292/800] train_loss_con: -0.581 energy_loss: 3.291
[GPU0] epochs: [293/800] train_loss_con: -0.582 energy_loss: 3.281
[GPU0] epochs: [294/800] train_loss_con: -0.583 energy_loss: 3.268
[GPU0] epochs: [295/800] train_loss_con: -0.582 energy_loss: 3.226
[GPU0] epochs: [296/800] train_loss_con: -0.584 energy_loss: 3.185
[GPU0] epochs: [297/800] train_loss_con: -0.583 energy_loss: 3.168
[GPU0] epochs: [298/800] train_loss_con: -0.584 energy_loss: 3.140
[GPU0] epochs: [299/800] train_loss_con: -0.584 energy_loss: 3.130
[GPU0] epochs: [300/800] train_loss_con: -0.582 energy_loss: 3.113
[GPU0] epochs: [301/800] train_loss_con: -0.583 energy_loss: 3.103
[GPU0] epochs: [302/800] train_loss_con: -0.585 energy_loss: 3.098
[GPU0] epochs: [303/800] train_loss_con: -0.584 energy_loss: 3.075
[GPU0] epochs: [304/800] train_loss_con: -0.585 energy_loss: 3.034
[GPU0] epochs: [305/800] train_loss_con: -0.586 energy_loss: 3.012
[GPU0] epochs: [306/800] train_loss_con: -0.583 energy_loss: 3.028
[GPU0] epochs: [307/800] train_loss_con: -0.584 energy_loss: 3.027
[GPU0] epochs: [308/800] train_loss_con: -0.586 energy_loss: 2.986
[GPU0] epochs: [309/800] train_loss_con: -0.584 energy_loss: 2.967
[GPU0] epochs: [310/800] train_loss_con: -0.584 energy_loss: 2.954
[GPU0] epochs: [311/800] train_loss_con: -0.583 energy_loss: 2.938
[GPU0] epochs: [312/800] train_loss_con: -0.585 energy_loss: 2.930
[GPU0] epochs: [313/800] train_loss_con: -0.585 energy_loss: 2.910
[GPU0] epochs: [314/800] train_loss_con: -0.583 energy_loss: 2.903
[GPU0] epochs: [315/800] train_loss_con: -0.585 energy_loss: 2.884
[GPU0] epochs: [316/800] train_loss_con: -0.586 energy_loss: 2.868
[GPU0] epochs: [317/800] train_loss_con: -0.586 energy_loss: 2.827
[GPU0] epochs: [318/800] train_loss_con: -0.585 energy_loss: 2.808
[GPU0] epochs: [319/800] train_loss_con: -0.587 energy_loss: 2.820
[GPU0] epochs: [320/800] train_loss_con: -0.588 energy_loss: 2.809
[GPU0] epochs: [321/800] train_loss_con: -0.586 energy_loss: 2.804
[GPU0] epochs: [322/800] train_loss_con: -0.587 energy_loss: 2.809
[GPU0] epochs: [323/800] train_loss_con: -0.586 energy_loss: 2.803
[GPU0] epochs: [324/800] train_loss_con: -0.588 energy_loss: 2.783
[GPU0] epochs: [325/800] train_loss_con: -0.587 energy_loss: 2.731
[GPU0] epochs: [326/800] train_loss_con: -0.586 energy_loss: 2.694
[GPU0] epochs: [327/800] train_loss_con: -0.588 energy_loss: 2.664
[GPU0] epochs: [328/800] train_loss_con: -0.587 energy_loss: 2.710
[GPU0] epochs: [329/800] train_loss_con: -0.587 energy_loss: 2.693
[GPU0] epochs: [330/800] train_loss_con: -0.588 energy_loss: 2.693
[GPU0] epochs: [331/800] train_loss_con: -0.588 energy_loss: 2.675
[GPU0] epochs: [332/800] train_loss_con: -0.589 energy_loss: 2.687
[GPU0] epochs: [333/800] train_loss_con: -0.585 energy_loss: 2.655
[GPU0] epochs: [334/800] train_loss_con: -0.590 energy_loss: 2.648
[GPU0] epochs: [335/800] train_loss_con: -0.588 energy_loss: 2.606
[GPU0] epochs: [336/800] train_loss_con: -0.587 energy_loss: 2.600
[GPU0] epochs: [337/800] train_loss_con: -0.587 energy_loss: 2.584
[GPU0] epochs: [338/800] train_loss_con: -0.589 energy_loss: 2.633
[GPU0] epochs: [339/800] train_loss_con: -0.588 energy_loss: 2.626
[GPU0] epochs: [340/800] train_loss_con: -0.589 energy_loss: 2.611
[GPU0] epochs: [341/800] train_loss_con: -0.588 energy_loss: 2.644
[GPU0] epochs: [342/800] train_loss_con: -0.588 energy_loss: 2.597
[GPU0] epochs: [343/800] train_loss_con: -0.588 energy_loss: 2.619
[GPU0] epochs: [344/800] train_loss_con: -0.590 energy_loss: 2.617
[GPU0] epochs: [345/800] train_loss_con: -0.589 energy_loss: 2.565
[GPU0] epochs: [346/800] train_loss_con: -0.589 energy_loss: 2.558
[GPU0] epochs: [347/800] train_loss_con: -0.590 energy_loss: 2.518
[GPU0] epochs: [348/800] train_loss_con: -0.591 energy_loss: 2.496
[GPU0] epochs: [349/800] train_loss_con: -0.590 energy_loss: 2.561
[GPU0] epochs: [350/800] train_loss_con: -0.590 energy_loss: 2.545
[GPU0] epochs: [351/800] train_loss_con: -0.589 energy_loss: 2.546
[GPU0] epochs: [352/800] train_loss_con: -0.590 energy_loss: 2.514
[GPU0] epochs: [353/800] train_loss_con: -0.589 energy_loss: 2.509
[GPU0] epochs: [354/800] train_loss_con: -0.591 energy_loss: 2.501
[GPU0] epochs: [355/800] train_loss_con: -0.593 energy_loss: 2.492
[GPU0] epochs: [356/800] train_loss_con: -0.592 energy_loss: 2.481
[GPU0] epochs: [357/800] train_loss_con: -0.592 energy_loss: 2.466
[GPU0] epochs: [358/800] train_loss_con: -0.591 energy_loss: 2.471
[GPU0] epochs: [359/800] train_loss_con: -0.591 energy_loss: 2.482
[GPU0] epochs: [360/800] train_loss_con: -0.590 energy_loss: 2.458
[GPU0] epochs: [361/800] train_loss_con: -0.593 energy_loss: 2.448
[GPU0] epochs: [362/800] train_loss_con: -0.594 energy_loss: 2.433
[GPU0] epochs: [363/800] train_loss_con: -0.593 energy_loss: 2.453
[GPU0] epochs: [364/800] train_loss_con: -0.592 energy_loss: 2.447
[GPU0] epochs: [365/800] train_loss_con: -0.591 energy_loss: 2.473
[GPU0] epochs: [366/800] train_loss_con: -0.595 energy_loss: 2.451
[GPU0] epochs: [367/800] train_loss_con: -0.593 energy_loss: 2.438
[GPU0] epochs: [368/800] train_loss_con: -0.593 energy_loss: 2.410
[GPU0] epochs: [369/800] train_loss_con: -0.592 energy_loss: 2.395
[GPU0] epochs: [370/800] train_loss_con: -0.592 energy_loss: 2.393
[GPU0] epochs: [371/800] train_loss_con: -0.594 energy_loss: 2.353
[GPU0] epochs: [372/800] train_loss_con: -0.593 energy_loss: 2.852
[GPU0] epochs: [373/800] train_loss_con: -0.595 energy_loss: 2.410
[GPU0] epochs: [374/800] train_loss_con: -0.594 energy_loss: 2.332
[GPU0] epochs: [375/800] train_loss_con: -0.593 energy_loss: 2.340
[GPU0] epochs: [376/800] train_loss_con: -0.594 energy_loss: 2.320
[GPU0] epochs: [377/800] train_loss_con: -0.596 energy_loss: 2.333
[GPU0] epochs: [378/800] train_loss_con: -0.596 energy_loss: 2.323
[GPU0] epochs: [379/800] train_loss_con: -0.597 energy_loss: 2.313
[GPU0] epochs: [380/800] train_loss_con: -0.597 energy_loss: 2.325
[GPU0] epochs: [381/800] train_loss_con: -0.594 energy_loss: 2.292
[GPU0] epochs: [382/800] train_loss_con: -0.594 energy_loss: 2.302
[GPU0] epochs: [383/800] train_loss_con: -0.596 energy_loss: 2.306
[GPU0] epochs: [384/800] train_loss_con: -0.595 energy_loss: 2.311
[GPU0] epochs: [385/800] train_loss_con: -0.595 energy_loss: 2.286
[GPU0] epochs: [386/800] train_loss_con: -0.595 energy_loss: 2.281
[GPU0] epochs: [387/800] train_loss_con: -0.593 energy_loss: 2.243
[GPU0] epochs: [388/800] train_loss_con: -0.596 energy_loss: 2.250
[GPU0] epochs: [389/800] train_loss_con: -0.595 energy_loss: 2.246
[GPU0] epochs: [390/800] train_loss_con: -0.595 energy_loss: 2.234
[GPU0] epochs: [391/800] train_loss_con: -0.595 energy_loss: 2.247
[GPU0] epochs: [392/800] train_loss_con: -0.594 energy_loss: 2.246
[GPU0] epochs: [393/800] train_loss_con: -0.596 energy_loss: 2.247
[GPU0] epochs: [394/800] train_loss_con: -0.594 energy_loss: 2.271
[GPU0] epochs: [395/800] train_loss_con: -0.595 energy_loss: 2.234
[GPU0] epochs: [396/800] train_loss_con: -0.595 energy_loss: 2.246
[GPU0] epochs: [397/800] train_loss_con: -0.595 energy_loss: 2.259
[GPU0] epochs: [398/800] train_loss_con: -0.596 energy_loss: 2.234
[GPU0] epochs: [399/800] train_loss_con: -0.596 energy_loss: 2.212
[GPU0] epochs: [400/800] train_loss_con: -0.597 energy_loss: 2.233
[GPU0] epochs: [401/800] train_loss_con: -0.597 energy_loss: 2.221
[GPU0] epochs: [402/800] train_loss_con: -0.595 energy_loss: 2.212
[GPU0] epochs: [403/800] train_loss_con: -0.598 energy_loss: 2.226
[GPU0] epochs: [404/800] train_loss_con: -0.595 energy_loss: 2.216
[GPU0] epochs: [405/800] train_loss_con: -0.597 energy_loss: 2.198
[GPU0] epochs: [406/800] train_loss_con: -0.599 energy_loss: 2.204
[GPU0] epochs: [407/800] train_loss_con: -0.598 energy_loss: 2.180
[GPU0] epochs: [408/800] train_loss_con: -0.597 energy_loss: 2.206
[GPU0] epochs: [409/800] train_loss_con: -0.597 energy_loss: 2.191
[GPU0] epochs: [410/800] train_loss_con: -0.598 energy_loss: 2.480
[GPU0] epochs: [411/800] train_loss_con: -0.595 energy_loss: 2.139
[GPU0] epochs: [412/800] train_loss_con: -0.596 energy_loss: 2.118
[GPU0] epochs: [413/800] train_loss_con: -0.597 energy_loss: 2.151
[GPU0] epochs: [414/800] train_loss_con: -0.597 energy_loss: 2.141
[GPU0] epochs: [415/800] train_loss_con: -0.599 energy_loss: 2.117
[GPU0] epochs: [416/800] train_loss_con: -0.597 energy_loss: 2.118
[GPU0] epochs: [417/800] train_loss_con: -0.598 energy_loss: 2.116
[GPU0] epochs: [418/800] train_loss_con: -0.598 energy_loss: 2.112
[GPU0] epochs: [419/800] train_loss_con: -0.597 energy_loss: 2.094
[GPU0] epochs: [420/800] train_loss_con: -0.599 energy_loss: 2.094
[GPU0] epochs: [421/800] train_loss_con: -0.599 energy_loss: 2.092
[GPU0] epochs: [422/800] train_loss_con: -0.599 energy_loss: 2.099
[GPU0] epochs: [423/800] train_loss_con: -0.600 energy_loss: 2.080
[GPU0] epochs: [424/800] train_loss_con: -0.599 energy_loss: 2.077
[GPU0] epochs: [425/800] train_loss_con: -0.599 energy_loss: 2.057
[GPU0] epochs: [426/800] train_loss_con: -0.598 energy_loss: 2.083
[GPU0] epochs: [427/800] train_loss_con: -0.599 energy_loss: 2.035
[GPU0] epochs: [428/800] train_loss_con: -0.601 energy_loss: 2.033
[GPU0] epochs: [429/800] train_loss_con: -0.601 energy_loss: 2.054
[GPU0] epochs: [430/800] train_loss_con: -0.600 energy_loss: 2.064
[GPU0] epochs: [431/800] train_loss_con: -0.605 energy_loss: 2.104
[GPU0] epochs: [432/800] train_loss_con: -0.604 energy_loss: 2.077
[GPU0] epochs: [433/800] train_loss_con: -0.603 energy_loss: 2.043
[GPU0] epochs: [434/800] train_loss_con: -0.600 energy_loss: 2.061
[GPU0] epochs: [435/800] train_loss_con: -0.600 energy_loss: 2.040
[GPU0] epochs: [436/800] train_loss_con: -0.601 energy_loss: 2.012
[GPU0] epochs: [437/800] train_loss_con: -0.600 energy_loss: 2.000
[GPU0] epochs: [438/800] train_loss_con: -0.601 energy_loss: 2.014
[GPU0] epochs: [439/800] train_loss_con: -0.602 energy_loss: 1.995
[GPU0] epochs: [440/800] train_loss_con: -0.598 energy_loss: 2.001
[GPU0] epochs: [441/800] train_loss_con: -0.601 energy_loss: 2.003
[GPU0] epochs: [442/800] train_loss_con: -0.608 energy_loss: 2.034
[GPU0] epochs: [443/800] train_loss_con: -0.607 energy_loss: 1.996
[GPU0] epochs: [444/800] train_loss_con: -0.605 energy_loss: 1.975
[GPU0] epochs: [445/800] train_loss_con: -0.605 energy_loss: 1.987
[GPU0] epochs: [446/800] train_loss_con: -0.604 energy_loss: 1.974
[GPU0] epochs: [447/800] train_loss_con: -0.603 energy_loss: 1.952
[GPU0] epochs: [448/800] train_loss_con: -0.604 energy_loss: 1.991
[GPU0] epochs: [449/800] train_loss_con: -0.603 energy_loss: 1.969
[GPU0] epochs: [450/800] train_loss_con: -0.603 energy_loss: 1.955
[GPU0] epochs: [451/800] train_loss_con: -0.603 energy_loss: 1.959
[GPU0] epochs: [452/800] train_loss_con: -0.602 energy_loss: 2.056
[GPU0] epochs: [453/800] train_loss_con: -0.603 energy_loss: 1.963
[GPU0] epochs: [454/800] train_loss_con: -0.603 energy_loss: 1.933
[GPU0] epochs: [455/800] train_loss_con: -0.604 energy_loss: 1.922
[GPU0] epochs: [456/800] train_loss_con: -0.605 energy_loss: 1.923
[GPU0] epochs: [457/800] train_loss_con: -0.607 energy_loss: 1.910
[GPU0] epochs: [458/800] train_loss_con: -0.610 energy_loss: 1.921
[GPU0] epochs: [459/800] train_loss_con: -0.610 energy_loss: 1.897
[GPU0] epochs: [460/800] train_loss_con: -0.603 energy_loss: 1.901
[GPU0] epochs: [461/800] train_loss_con: -0.605 energy_loss: 1.925
[GPU0] epochs: [462/800] train_loss_con: -0.606 energy_loss: 1.875
[GPU0] epochs: [463/800] train_loss_con: -0.605 energy_loss: 1.880
[GPU0] epochs: [464/800] train_loss_con: -0.605 energy_loss: 1.852
[GPU0] epochs: [465/800] train_loss_con: -0.612 energy_loss: 1.883
[GPU0] epochs: [466/800] train_loss_con: -0.610 energy_loss: 1.897
[GPU0] epochs: [467/800] train_loss_con: -0.609 energy_loss: 1.871
[GPU0] epochs: [468/800] train_loss_con: -0.607 energy_loss: 1.863
[GPU0] epochs: [469/800] train_loss_con: -0.606 energy_loss: 1.843
[GPU0] epochs: [470/800] train_loss_con: -0.607 energy_loss: 1.841
[GPU0] epochs: [471/800] train_loss_con: -0.607 energy_loss: 1.851
[GPU0] epochs: [472/800] train_loss_con: -0.609 energy_loss: 1.864
[GPU0] epochs: [473/800] train_loss_con: -0.608 energy_loss: 1.835
[GPU0] epochs: [474/800] train_loss_con: -0.609 energy_loss: 1.844
[GPU0] epochs: [475/800] train_loss_con: -0.613 energy_loss: 1.865
[GPU0] epochs: [476/800] train_loss_con: -0.608 energy_loss: 1.855
[GPU0] epochs: [477/800] train_loss_con: -0.607 energy_loss: 1.832
[GPU0] epochs: [478/800] train_loss_con: -0.608 energy_loss: 1.851
[GPU0] epochs: [479/800] train_loss_con: -0.612 energy_loss: 1.830
[GPU0] epochs: [480/800] train_loss_con: -0.611 energy_loss: 1.798
[GPU0] epochs: [481/800] train_loss_con: -0.606 energy_loss: 1.819
[GPU0] epochs: [482/800] train_loss_con: -0.606 energy_loss: 1.803
[GPU0] epochs: [483/800] train_loss_con: -0.604 energy_loss: 1.811
[GPU0] epochs: [484/800] train_loss_con: -0.603 energy_loss: 1.818
[GPU0] epochs: [485/800] train_loss_con: -0.610 energy_loss: 1.821
[GPU0] epochs: [486/800] train_loss_con: -0.616 energy_loss: 1.807
[GPU0] epochs: [487/800] train_loss_con: -0.614 energy_loss: 1.787
[GPU0] epochs: [488/800] train_loss_con: -0.613 energy_loss: 1.807
[GPU0] epochs: [489/800] train_loss_con: -0.610 energy_loss: 1.805
[GPU0] epochs: [490/800] train_loss_con: -0.613 energy_loss: 1.826
[GPU0] epochs: [491/800] train_loss_con: -0.613 energy_loss: 4.672
[GPU0] epochs: [492/800] train_loss_con: -0.612 energy_loss: 1.891
[GPU0] epochs: [493/800] train_loss_con: -0.613 energy_loss: 1.765
[GPU0] epochs: [494/800] train_loss_con: -0.611 energy_loss: 1.809
[GPU0] epochs: [495/800] train_loss_con: -0.611 energy_loss: 1.752
[GPU0] epochs: [496/800] train_loss_con: -0.612 energy_loss: 1.726
[GPU0] epochs: [497/800] train_loss_con: -0.611 energy_loss: 1.733
[GPU0] epochs: [498/800] train_loss_con: -0.613 energy_loss: 1.729
[GPU0] epochs: [499/800] train_loss_con: -0.612 energy_loss: 1.726
[GPU0] epochs: [500/800] train_loss_con: -0.612 energy_loss: 1.738
[GPU0] epochs: [501/800] train_loss_con: -0.610 energy_loss: 1.718
[GPU0] epochs: [502/800] train_loss_con: -0.611 energy_loss: 1.717
[GPU0] epochs: [503/800] train_loss_con: -0.608 energy_loss: 1.686
[GPU0] epochs: [504/800] train_loss_con: -0.613 energy_loss: 1.747
[GPU0] epochs: [505/800] train_loss_con: -0.609 energy_loss: 1.687
[GPU0] epochs: [506/800] train_loss_con: -0.614 energy_loss: 1.704
[GPU0] epochs: [507/800] train_loss_con: -0.616 energy_loss: 1.708
[GPU0] epochs: [508/800] train_loss_con: -0.614 energy_loss: 1.734
[GPU0] epochs: [509/800] train_loss_con: -0.612 energy_loss: 1.677
[GPU0] epochs: [510/800] train_loss_con: -0.615 energy_loss: 1.689
[GPU0] epochs: [511/800] train_loss_con: -0.619 energy_loss: 1.714
[GPU0] epochs: [512/800] train_loss_con: -0.616 energy_loss: 1.711
[GPU0] epochs: [513/800] train_loss_con: -0.609 energy_loss: 1.673
[GPU0] epochs: [514/800] train_loss_con: -0.613 energy_loss: 1.670
[GPU0] epochs: [515/800] train_loss_con: -0.613 energy_loss: 1.708
[GPU0] epochs: [516/800] train_loss_con: -0.610 energy_loss: 1.680
[GPU0] epochs: [517/800] train_loss_con: -0.615 energy_loss: 1.712
[GPU0] epochs: [518/800] train_loss_con: -0.614 energy_loss: 1.673
[GPU0] epochs: [519/800] train_loss_con: -0.615 energy_loss: 1.666
[GPU0] epochs: [520/800] train_loss_con: -0.612 energy_loss: 1.654
[GPU0] epochs: [521/800] train_loss_con: -0.612 energy_loss: 1.645
[GPU0] epochs: [522/800] train_loss_con: -0.611 energy_loss: 1.655
[GPU0] epochs: [523/800] train_loss_con: -0.613 energy_loss: 1.684
[GPU0] epochs: [524/800] train_loss_con: -0.613 energy_loss: 1.636
[GPU0] epochs: [525/800] train_loss_con: -0.623 energy_loss: 1.648
[GPU0] epochs: [526/800] train_loss_con: -0.621 energy_loss: 1.640
[GPU0] epochs: [527/800] train_loss_con: -0.624 energy_loss: 1.654
[GPU0] epochs: [528/800] train_loss_con: -0.620 energy_loss: 1.635
[GPU0] epochs: [529/800] train_loss_con: -0.622 energy_loss: 1.643
[GPU0] epochs: [530/800] train_loss_con: -0.622 energy_loss: 1.635
[GPU0] epochs: [531/800] train_loss_con: -0.623 energy_loss: 1.641
[GPU0] epochs: [532/800] train_loss_con: -0.618 energy_loss: 1.620
[GPU0] epochs: [533/800] train_loss_con: -0.612 energy_loss: 1.609
[GPU0] epochs: [534/800] train_loss_con: -0.614 energy_loss: 1.633
[GPU0] epochs: [535/800] train_loss_con: -0.615 energy_loss: 1.611
[GPU0] epochs: [536/800] train_loss_con: -0.615 energy_loss: 1.611
[GPU0] epochs: [537/800] train_loss_con: -0.625 energy_loss: 1.617
[GPU0] epochs: [538/800] train_loss_con: -0.622 energy_loss: 1.583
[GPU0] epochs: [539/800] train_loss_con: -0.622 energy_loss: 1.601
[GPU0] epochs: [540/800] train_loss_con: -0.618 energy_loss: 1.565
[GPU0] epochs: [541/800] train_loss_con: -0.617 energy_loss: 1.556
[GPU0] epochs: [542/800] train_loss_con: -0.614 energy_loss: 1.567
[GPU0] epochs: [543/800] train_loss_con: -0.623 energy_loss: 1.634
[GPU0] epochs: [544/800] train_loss_con: -0.623 energy_loss: 1.602
[GPU0] epochs: [545/800] train_loss_con: -0.622 energy_loss: 1.583
[GPU0] epochs: [546/800] train_loss_con: -0.622 energy_loss: 1.569
[GPU0] epochs: [547/800] train_loss_con: -0.620 energy_loss: 1.568
[GPU0] epochs: [548/800] train_loss_con: -0.621 energy_loss: 1.579
[GPU0] epochs: [549/800] train_loss_con: -0.619 energy_loss: 1.568
[GPU0] epochs: [550/800] train_loss_con: -0.621 energy_loss: 1.549
[GPU0] epochs: [551/800] train_loss_con: -0.621 energy_loss: 1.529
[GPU0] epochs: [552/800] train_loss_con: -0.622 energy_loss: 1.519
[GPU0] epochs: [553/800] train_loss_con: -0.620 energy_loss: 1.515
[GPU0] epochs: [554/800] train_loss_con: -0.621 energy_loss: 1.484
[GPU0] epochs: [555/800] train_loss_con: -0.620 energy_loss: 1.483
[GPU0] epochs: [556/800] train_loss_con: -0.622 energy_loss: 1.490
[GPU0] epochs: [557/800] train_loss_con: -0.618 energy_loss: 1.488
[GPU0] epochs: [558/800] train_loss_con: -0.616 energy_loss: 1.500
[GPU0] epochs: [559/800] train_loss_con: -0.620 energy_loss: 1.501
[GPU0] epochs: [560/800] train_loss_con: -0.622 energy_loss: 1.511
[GPU0] epochs: [561/800] train_loss_con: -0.625 energy_loss: 1.503
[GPU0] epochs: [562/800] train_loss_con: -0.626 energy_loss: 1.501
[GPU0] epochs: [563/800] train_loss_con: -0.623 energy_loss: 1.489
[GPU0] epochs: [564/800] train_loss_con: -0.625 energy_loss: 1.486
[GPU0] epochs: [565/800] train_loss_con: -0.624 energy_loss: 1.485
[GPU0] epochs: [566/800] train_loss_con: -0.620 energy_loss: 1.464
[GPU0] epochs: [567/800] train_loss_con: -0.622 energy_loss: 1.429
[GPU0] epochs: [568/800] train_loss_con: -0.617 energy_loss: 1.447
[GPU0] epochs: [569/800] train_loss_con: -0.619 energy_loss: 1.452
[GPU0] epochs: [570/800] train_loss_con: -0.619 energy_loss: 1.435
[GPU0] epochs: [571/800] train_loss_con: -0.612 energy_loss: 1.484
[GPU0] epochs: [572/800] train_loss_con: -0.622 energy_loss: 1.465
[GPU0] epochs: [573/800] train_loss_con: -0.620 energy_loss: 1.439
[GPU0] epochs: [574/800] train_loss_con: -0.622 energy_loss: 1.452
[GPU0] epochs: [575/800] train_loss_con: -0.617 energy_loss: 1.433
[GPU0] epochs: [576/800] train_loss_con: -0.619 energy_loss: 1.519
[GPU0] epochs: [577/800] train_loss_con: -0.620 energy_loss: 1.467
[GPU0] epochs: [578/800] train_loss_con: -0.629 energy_loss: 1.454
[GPU0] epochs: [579/800] train_loss_con: -0.628 energy_loss: 1.433
[GPU0] epochs: [580/800] train_loss_con: -0.626 energy_loss: 1.430
[GPU0] epochs: [581/800] train_loss_con: -0.620 energy_loss: 1.422
[GPU0] epochs: [582/800] train_loss_con: -0.619 energy_loss: 1.448
[GPU0] epochs: [583/800] train_loss_con: -0.628 energy_loss: 1.435
[GPU0] epochs: [584/800] train_loss_con: -0.628 energy_loss: 1.413
[GPU0] epochs: [585/800] train_loss_con: -0.628 energy_loss: 1.385
[GPU0] epochs: [586/800] train_loss_con: -0.628 energy_loss: 1.411
[GPU0] epochs: [587/800] train_loss_con: -0.628 energy_loss: 1.401
[GPU0] epochs: [588/800] train_loss_con: -0.625 energy_loss: 1.389
[GPU0] epochs: [589/800] train_loss_con: -0.625 energy_loss: 1.363
[GPU0] epochs: [590/800] train_loss_con: -0.622 energy_loss: 1.361
[GPU0] epochs: [591/800] train_loss_con: -0.624 energy_loss: 1.369
[GPU0] epochs: [592/800] train_loss_con: -0.625 energy_loss: 1.354
[GPU0] epochs: [593/800] train_loss_con: -0.624 energy_loss: 1.331
[GPU0] epochs: [594/800] train_loss_con: -0.625 energy_loss: 1.346
[GPU0] epochs: [595/800] train_loss_con: -0.623 energy_loss: 1.361
[GPU0] epochs: [596/800] train_loss_con: -0.623 energy_loss: 1.326
[GPU0] epochs: [597/800] train_loss_con: -0.626 energy_loss: 1.308
[GPU0] epochs: [598/800] train_loss_con: -0.621 energy_loss: 1.307
[GPU0] epochs: [599/800] train_loss_con: -0.628 energy_loss: 1.331
[GPU0] epochs: [600/800] train_loss_con: -0.629 energy_loss: 1.284
[GPU0] epochs: [601/800] train_loss_con: -0.628 energy_loss: 1.385
[GPU0] epochs: [602/800] train_loss_con: -0.618 energy_loss: 1.312
[GPU0] epochs: [603/800] train_loss_con: -0.621 energy_loss: 1.349
[GPU0] epochs: [604/800] train_loss_con: -0.618 energy_loss: 1.352
[GPU0] epochs: [605/800] train_loss_con: -0.623 energy_loss: 1.337
[GPU0] epochs: [606/800] train_loss_con: -0.620 energy_loss: 1.305
[GPU0] epochs: [607/800] train_loss_con: -0.627 energy_loss: 1.308
[GPU0] epochs: [608/800] train_loss_con: -0.625 energy_loss: 1.323
[GPU0] epochs: [609/800] train_loss_con: -0.624 energy_loss: 1.346
[GPU0] epochs: [610/800] train_loss_con: -0.627 energy_loss: 1.303
[GPU0] epochs: [611/800] train_loss_con: -0.628 energy_loss: 1.297
[GPU0] epochs: [612/800] train_loss_con: -0.625 energy_loss: 1.305
[GPU0] epochs: [613/800] train_loss_con: -0.624 energy_loss: 1.284
[GPU0] epochs: [614/800] train_loss_con: -0.625 energy_loss: 1.299
[GPU0] epochs: [615/800] train_loss_con: -0.625 energy_loss: 1.343
[GPU0] epochs: [616/800] train_loss_con: -0.641 energy_loss: 1.343
[GPU0] epochs: [617/800] train_loss_con: -0.638 energy_loss: 1.302
[GPU0] epochs: [618/800] train_loss_con: -0.629 energy_loss: 1.253
[GPU0] epochs: [619/800] train_loss_con: -0.626 energy_loss: 1.288
[GPU0] epochs: [620/800] train_loss_con: -0.627 energy_loss: 1.318
[GPU0] epochs: [621/800] train_loss_con: -0.630 energy_loss: 1.279
[GPU0] epochs: [622/800] train_loss_con: -0.628 energy_loss: 1.279
[GPU0] epochs: [623/800] train_loss_con: -0.630 energy_loss: 1.247
[GPU0] epochs: [624/800] train_loss_con: -0.624 energy_loss: 1.308
[GPU0] epochs: [625/800] train_loss_con: -0.639 energy_loss: 1.309
[GPU0] epochs: [626/800] train_loss_con: -0.639 energy_loss: 1.270
[GPU0] epochs: [627/800] train_loss_con: -0.641 energy_loss: 1.253
[GPU0] epochs: [628/800] train_loss_con: -0.638 energy_loss: 1.250
[GPU0] epochs: [629/800] train_loss_con: -0.637 energy_loss: 1.235
[GPU0] epochs: [630/800] train_loss_con: -0.638 energy_loss: 1.253
[GPU0] epochs: [631/800] train_loss_con: -0.638 energy_loss: 1.251
[GPU0] epochs: [632/800] train_loss_con: -0.638 energy_loss: 1.245
[GPU0] epochs: [633/800] train_loss_con: -0.635 energy_loss: 1.233
[GPU0] epochs: [634/800] train_loss_con: -0.636 energy_loss: 1.239
[GPU0] epochs: [635/800] train_loss_con: -0.632 energy_loss: 1.210
[GPU0] epochs: [636/800] train_loss_con: -0.634 energy_loss: 1.203
[GPU0] epochs: [637/800] train_loss_con: -0.631 energy_loss: 1.208
[GPU0] epochs: [638/800] train_loss_con: -0.633 energy_loss: 1.189
[GPU0] epochs: [639/800] train_loss_con: -0.636 energy_loss: 1.221
[GPU0] epochs: [640/800] train_loss_con: -0.627 energy_loss: 1.223
[GPU0] epochs: [641/800] train_loss_con: -0.633 energy_loss: 1.206
[GPU0] epochs: [642/800] train_loss_con: -0.633 energy_loss: 1.207
[GPU0] epochs: [643/800] train_loss_con: -0.639 energy_loss: 1.254
[GPU0] epochs: [644/800] train_loss_con: -0.641 energy_loss: 1.744
[GPU0] epochs: [645/800] train_loss_con: -0.642 energy_loss: 1.191
[GPU0] epochs: [646/800] train_loss_con: -0.639 energy_loss: 1.171
[GPU0] epochs: [647/800] train_loss_con: -0.639 energy_loss: 1.160
[GPU0] epochs: [648/800] train_loss_con: -0.636 energy_loss: 1.140
[GPU0] epochs: [649/800] train_loss_con: -0.635 energy_loss: 1.137
[GPU0] epochs: [650/800] train_loss_con: -0.633 energy_loss: 1.133
[GPU0] epochs: [651/800] train_loss_con: -0.636 energy_loss: 1.151
[GPU0] epochs: [652/800] train_loss_con: -0.647 energy_loss: 1.173
[GPU0] epochs: [653/800] train_loss_con: -0.647 energy_loss: 1.150
[GPU0] epochs: [654/800] train_loss_con: -0.647 energy_loss: 1.159
[GPU0] epochs: [655/800] train_loss_con: -0.647 energy_loss: 1.141
[GPU0] epochs: [656/800] train_loss_con: -0.648 energy_loss: 1.134
[GPU0] epochs: [657/800] train_loss_con: -0.647 energy_loss: 1.146
[GPU0] epochs: [658/800] train_loss_con: -0.646 energy_loss: 1.131
[GPU0] epochs: [659/800] train_loss_con: -0.647 energy_loss: 1.140
[GPU0] epochs: [660/800] train_loss_con: -0.645 energy_loss: 1.130
[GPU0] epochs: [661/800] train_loss_con: -0.645 energy_loss: 1.135
[GPU0] epochs: [662/800] train_loss_con: -0.644 energy_loss: 1.130
[GPU0] epochs: [663/800] train_loss_con: -0.645 energy_loss: 1.149
[GPU0] epochs: [664/800] train_loss_con: -0.648 energy_loss: 1.127
[GPU0] epochs: [665/800] train_loss_con: -0.644 energy_loss: 1.120
[GPU0] epochs: [666/800] train_loss_con: -0.646 energy_loss: 1.123
[GPU0] epochs: [667/800] train_loss_con: -0.643 energy_loss: 1.129
[GPU0] epochs: [668/800] train_loss_con: -0.641 energy_loss: 1.117
[GPU0] epochs: [669/800] train_loss_con: -0.638 energy_loss: 1.114
[GPU0] epochs: [670/800] train_loss_con: -0.638 energy_loss: 1.128
[GPU0] epochs: [671/800] train_loss_con: -0.641 energy_loss: 1.134
[GPU0] epochs: [672/800] train_loss_con: -0.641 energy_loss: 1.119
[GPU0] epochs: [673/800] train_loss_con: -0.641 energy_loss: 1.089
[GPU0] epochs: [674/800] train_loss_con: -0.641 energy_loss: 1.094
[GPU0] epochs: [675/800] train_loss_con: -0.638 energy_loss: 1.112
[GPU0] epochs: [676/800] train_loss_con: -0.643 energy_loss: 1.110
[GPU0] epochs: [677/800] train_loss_con: -0.644 energy_loss: 1.086
[GPU0] epochs: [678/800] train_loss_con: -0.641 energy_loss: 1.072
[GPU0] epochs: [679/800] train_loss_con: -0.639 energy_loss: 1.088
[GPU0] epochs: [680/800] train_loss_con: -0.638 energy_loss: 1.125
[GPU0] epochs: [681/800] train_loss_con: -0.652 energy_loss: 1.141
[GPU0] epochs: [682/800] train_loss_con: -0.654 energy_loss: 1.105
[GPU0] epochs: [683/800] train_loss_con: -0.652 energy_loss: 1.094
[GPU0] epochs: [684/800] train_loss_con: -0.652 energy_loss: 1.091
[GPU0] epochs: [685/800] train_loss_con: -0.652 energy_loss: 1.088
[GPU0] epochs: [686/800] train_loss_con: -0.654 energy_loss: 1.099
[GPU0] epochs: [687/800] train_loss_con: -0.654 energy_loss: 1.163
[GPU0] epochs: [688/800] train_loss_con: -0.654 energy_loss: 1.072
[GPU0] epochs: [689/800] train_loss_con: -0.653 energy_loss: 1.065
[GPU0] epochs: [690/800] train_loss_con: -0.654 energy_loss: 1.058
[GPU0] epochs: [691/800] train_loss_con: -0.655 energy_loss: 1.068
[GPU0] epochs: [692/800] train_loss_con: -0.654 energy_loss: 1.070
[GPU0] epochs: [693/800] train_loss_con: -0.653 energy_loss: 1.066
[GPU0] epochs: [694/800] train_loss_con: -0.656 energy_loss: 1.076
[GPU0] epochs: [695/800] train_loss_con: -0.652 energy_loss: 1.067
[GPU0] epochs: [696/800] train_loss_con: -0.653 energy_loss: 1.057
[GPU0] epochs: [697/800] train_loss_con: -0.653 energy_loss: 1.059
[GPU0] epochs: [698/800] train_loss_con: -0.655 energy_loss: 1.044
[GPU0] epochs: [699/800] train_loss_con: -0.653 energy_loss: 1.040
[GPU0] epochs: [700/800] train_loss_con: -0.653 energy_loss: 1.040
[GPU0] epochs: [701/800] train_loss_con: -0.653 energy_loss: 1.033
[GPU0] epochs: [702/800] train_loss_con: -0.653 energy_loss: 1.043
[GPU0] epochs: [703/800] train_loss_con: -0.653 energy_loss: 1.084
[GPU0] epochs: [704/800] train_loss_con: -0.652 energy_loss: 1.047
[GPU0] epochs: [705/800] train_loss_con: -0.654 energy_loss: 1.041
[GPU0] epochs: [706/800] train_loss_con: -0.651 energy_loss: 1.029
[GPU0] epochs: [707/800] train_loss_con: -0.654 energy_loss: 1.034
[GPU0] epochs: [708/800] train_loss_con: -0.654 energy_loss: 1.040
[GPU0] epochs: [709/800] train_loss_con: -0.654 energy_loss: 1.032
[GPU0] epochs: [710/800] train_loss_con: -0.655 energy_loss: 1.040
[GPU0] epochs: [711/800] train_loss_con: -0.655 energy_loss: 1.028
[GPU0] epochs: [712/800] train_loss_con: -0.653 energy_loss: 1.036
[GPU0] epochs: [713/800] train_loss_con: -0.652 energy_loss: 1.040
[GPU0] epochs: [714/800] train_loss_con: -0.654 energy_loss: 1.025
[GPU0] epochs: [715/800] train_loss_con: -0.653 energy_loss: 1.033
[GPU0] epochs: [716/800] train_loss_con: -0.654 energy_loss: 2.392
[GPU0] epochs: [717/800] train_loss_con: -0.656 energy_loss: 1.415
[GPU0] epochs: [718/800] train_loss_con: -0.655 energy_loss: 1.043
[GPU0] epochs: [719/800] train_loss_con: -0.655 energy_loss: 1.045
[GPU0] epochs: [720/800] train_loss_con: -0.655 energy_loss: 1.049
[GPU0] epochs: [721/800] train_loss_con: -0.655 energy_loss: 1.039
[GPU0] epochs: [722/800] train_loss_con: -0.655 energy_loss: 1.033
[GPU0] epochs: [723/800] train_loss_con: -0.653 energy_loss: 1.034
[GPU0] epochs: [724/800] train_loss_con: -0.654 energy_loss: 1.036
[GPU0] epochs: [725/800] train_loss_con: -0.654 energy_loss: 1.038
[GPU0] epochs: [726/800] train_loss_con: -0.657 energy_loss: 1.031
[GPU0] epochs: [727/800] train_loss_con: -0.656 energy_loss: 1.030
[GPU0] epochs: [728/800] train_loss_con: -0.654 energy_loss: 1.032
[GPU0] epochs: [729/800] train_loss_con: -0.655 energy_loss: 1.032
[GPU0] epochs: [730/800] train_loss_con: -0.655 energy_loss: 1.034
[GPU0] epochs: [731/800] train_loss_con: -0.656 energy_loss: 1.033
[GPU0] epochs: [732/800] train_loss_con: -0.656 energy_loss: 1.024
[GPU0] epochs: [733/800] train_loss_con: -0.657 energy_loss: 1.026
[GPU0] epochs: [734/800] train_loss_con: -0.656 energy_loss: 1.018
[GPU0] epochs: [735/800] train_loss_con: -0.656 energy_loss: 1.014
[GPU0] epochs: [736/800] train_loss_con: -0.657 energy_loss: 1.018
[GPU0] epochs: [737/800] train_loss_con: -0.657 energy_loss: 1.013
[GPU0] epochs: [738/800] train_loss_con: -0.657 energy_loss: 1.008
[GPU0] epochs: [739/800] train_loss_con: -0.655 energy_loss: 0.999
[GPU0] epochs: [740/800] train_loss_con: -0.656 energy_loss: 1.008
[GPU0] epochs: [741/800] train_loss_con: -0.658 energy_loss: 1.021
[GPU0] epochs: [742/800] train_loss_con: -0.656 energy_loss: 1.004
[GPU0] epochs: [743/800] train_loss_con: -0.657 energy_loss: 0.994
[GPU0] epochs: [744/800] train_loss_con: -0.657 energy_loss: 0.988
[GPU0] epochs: [745/800] train_loss_con: -0.655 energy_loss: 1.009
[GPU0] epochs: [746/800] train_loss_con: -0.657 energy_loss: 1.001
[GPU0] epochs: [747/800] train_loss_con: -0.658 energy_loss: 0.987
[GPU0] epochs: [748/800] train_loss_con: -0.656 energy_loss: 0.984
[GPU0] epochs: [749/800] train_loss_con: -0.657 energy_loss: 0.987
[GPU0] epochs: [750/800] train_loss_con: -0.658 energy_loss: 0.995
[GPU0] epochs: [751/800] train_loss_con: -0.657 energy_loss: 0.989
[GPU0] epochs: [752/800] train_loss_con: -0.658 energy_loss: 0.990
[GPU0] epochs: [753/800] train_loss_con: -0.659 energy_loss: 0.986
[GPU0] epochs: [754/800] train_loss_con: -0.658 energy_loss: 0.983
[GPU0] epochs: [755/800] train_loss_con: -0.657 energy_loss: 0.970
[GPU0] epochs: [756/800] train_loss_con: -0.658 energy_loss: 0.963
[GPU0] epochs: [757/800] train_loss_con: -0.658 energy_loss: 0.965
[GPU0] epochs: [758/800] train_loss_con: -0.658 energy_loss: 0.967
[GPU0] epochs: [759/800] train_loss_con: -0.659 energy_loss: 0.977
[GPU0] epochs: [760/800] train_loss_con: -0.659 energy_loss: 0.988
[GPU0] epochs: [761/800] train_loss_con: -0.659 energy_loss: 0.970
[GPU0] epochs: [762/800] train_loss_con: -0.657 energy_loss: 0.968
[GPU0] epochs: [763/800] train_loss_con: -0.657 energy_loss: 0.957
[GPU0] epochs: [764/800] train_loss_con: -0.658 energy_loss: 0.973
[GPU0] epochs: [765/800] train_loss_con: -0.659 energy_loss: 0.968
[GPU0] epochs: [766/800] train_loss_con: -0.659 energy_loss: 0.963
[GPU0] epochs: [767/800] train_loss_con: -0.660 energy_loss: 0.975
[GPU0] epochs: [768/800] train_loss_con: -0.657 energy_loss: 0.956
[GPU0] epochs: [769/800] train_loss_con: -0.659 energy_loss: 0.956
[GPU0] epochs: [770/800] train_loss_con: -0.659 energy_loss: 0.953
[GPU0] epochs: [771/800] train_loss_con: -0.658 energy_loss: 0.955
[GPU0] epochs: [772/800] train_loss_con: -0.657 energy_loss: 0.954
[GPU0] epochs: [773/800] train_loss_con: -0.659 energy_loss: 0.968
[GPU0] epochs: [774/800] train_loss_con: -0.660 energy_loss: 0.953
[GPU0] epochs: [775/800] train_loss_con: -0.659 energy_loss: 0.948
[GPU0] epochs: [776/800] train_loss_con: -0.656 energy_loss: 0.955
[GPU0] epochs: [777/800] train_loss_con: -0.658 energy_loss: 0.945
[GPU0] epochs: [778/800] train_loss_con: -0.659 energy_loss: 0.935
[GPU0] epochs: [779/800] train_loss_con: -0.658 energy_loss: 0.958
[GPU0] epochs: [780/800] train_loss_con: -0.659 energy_loss: 0.964
[GPU0] epochs: [781/800] train_loss_con: -0.659 energy_loss: 2.525
[GPU0] epochs: [782/800] train_loss_con: -0.660 energy_loss: 1.072
[GPU0] epochs: [783/800] train_loss_con: -0.657 energy_loss: 1.045
[GPU0] epochs: [784/800] train_loss_con: -0.659 energy_loss: 1.018
[GPU0] epochs: [785/800] train_loss_con: -0.657 energy_loss: 1.002
[GPU0] epochs: [786/800] train_loss_con: -0.657 energy_loss: 0.999
[GPU0] epochs: [787/800] train_loss_con: -0.657 energy_loss: 0.991
[GPU0] epochs: [788/800] train_loss_con: -0.658 energy_loss: 0.983
[GPU0] epochs: [789/800] train_loss_con: -0.658 energy_loss: 0.976
[GPU0] epochs: [790/800] train_loss_con: -0.659 energy_loss: 0.979
[GPU0] epochs: [791/800] train_loss_con: -0.658 energy_loss: 0.969
[GPU0] epochs: [792/800] train_loss_con: -0.658 energy_loss: 0.965
[GPU0] epochs: [793/800] train_loss_con: -0.661 energy_loss: 0.967
[GPU0] epochs: [794/800] train_loss_con: -0.658 energy_loss: 0.968
[GPU0] epochs: [795/800] train_loss_con: -0.658 energy_loss: 0.957
[GPU0] epochs: [796/800] train_loss_con: -0.657 energy_loss: 0.960
[GPU0] epochs: [797/800] train_loss_con: -0.658 energy_loss: 0.954
[GPU0] epochs: [798/800] train_loss_con: -0.660 energy_loss: 0.954
[GPU0] epochs: [799/800] train_loss_con: -0.657 energy_loss: 0.946
[GPU0] epochs: [800/800] train_loss_con: -0.661 energy_loss: 0.954
### TSNE starts
### MLP training begins
[GPU0] Test Accuracy at epoch: 0: 0.721
[GPU0] epochs: [1/100] train_acc: 0.428 train_loss_sup: 2.265
[GPU0] epochs: [2/100] train_acc: 0.776 train_loss_sup: 2.175
[GPU0] epochs: [3/100] train_acc: 0.833 train_loss_sup: 2.088
[GPU0] epochs: [4/100] train_acc: 0.839 train_loss_sup: 2.005
[GPU0] epochs: [5/100] train_acc: 0.844 train_loss_sup: 1.926
[GPU0] epochs: [6/100] train_acc: 0.846 train_loss_sup: 1.851
[GPU0] epochs: [7/100] train_acc: 0.850 train_loss_sup: 1.779
[GPU0] epochs: [8/100] train_acc: 0.851 train_loss_sup: 1.712
[GPU0] epochs: [9/100] train_acc: 0.851 train_loss_sup: 1.650
[GPU0] epochs: [10/100] train_acc: 0.851 train_loss_sup: 1.592
[GPU0] Test Accuracy at epoch: 10: 0.855
[GPU0] epochs: [11/100] train_acc: 0.851 train_loss_sup: 1.537
[GPU0] epochs: [12/100] train_acc: 0.851 train_loss_sup: 1.485
[GPU0] epochs: [13/100] train_acc: 0.854 train_loss_sup: 1.435
[GPU0] epochs: [14/100] train_acc: 0.854 train_loss_sup: 1.390
[GPU0] epochs: [15/100] train_acc: 0.854 train_loss_sup: 1.347
[GPU0] epochs: [16/100] train_acc: 0.853 train_loss_sup: 1.308
[GPU0] epochs: [17/100] train_acc: 0.853 train_loss_sup: 1.270
[GPU0] epochs: [18/100] train_acc: 0.856 train_loss_sup: 1.236
[GPU0] epochs: [19/100] train_acc: 0.855 train_loss_sup: 1.204
[GPU0] epochs: [20/100] train_acc: 0.856 train_loss_sup: 1.172
[GPU0] Test Accuracy at epoch: 20: 0.863
[GPU0] epochs: [21/100] train_acc: 0.858 train_loss_sup: 1.144
[GPU0] epochs: [22/100] train_acc: 0.855 train_loss_sup: 1.117
[GPU0] epochs: [23/100] train_acc: 0.856 train_loss_sup: 1.092
[GPU0] epochs: [24/100] train_acc: 0.856 train_loss_sup: 1.071
[GPU0] epochs: [25/100] train_acc: 0.858 train_loss_sup: 1.045
[GPU0] epochs: [26/100] train_acc: 0.859 train_loss_sup: 1.023
[GPU0] epochs: [27/100] train_acc: 0.856 train_loss_sup: 1.005
[GPU0] epochs: [28/100] train_acc: 0.857 train_loss_sup: 0.986
[GPU0] epochs: [29/100] train_acc: 0.860 train_loss_sup: 0.966
[GPU0] epochs: [30/100] train_acc: 0.858 train_loss_sup: 0.951
[GPU0] Test Accuracy at epoch: 30: 0.867
[GPU0] epochs: [31/100] train_acc: 0.859 train_loss_sup: 0.936
[GPU0] epochs: [32/100] train_acc: 0.861 train_loss_sup: 0.920
[GPU0] epochs: [33/100] train_acc: 0.859 train_loss_sup: 0.903
[GPU0] epochs: [34/100] train_acc: 0.859 train_loss_sup: 0.892
[GPU0] epochs: [35/100] train_acc: 0.861 train_loss_sup: 0.877
[GPU0] epochs: [36/100] train_acc: 0.859 train_loss_sup: 0.865
[GPU0] epochs: [37/100] train_acc: 0.861 train_loss_sup: 0.852
[GPU0] epochs: [38/100] train_acc: 0.860 train_loss_sup: 0.843
[GPU0] epochs: [39/100] train_acc: 0.862 train_loss_sup: 0.828
[GPU0] epochs: [40/100] train_acc: 0.861 train_loss_sup: 0.818
[GPU0] Test Accuracy at epoch: 40: 0.87
[GPU0] epochs: [41/100] train_acc: 0.860 train_loss_sup: 0.808
[GPU0] epochs: [42/100] train_acc: 0.863 train_loss_sup: 0.797
[GPU0] epochs: [43/100] train_acc: 0.863 train_loss_sup: 0.788
[GPU0] epochs: [44/100] train_acc: 0.862 train_loss_sup: 0.781
[GPU0] epochs: [45/100] train_acc: 0.863 train_loss_sup: 0.773
[GPU0] epochs: [46/100] train_acc: 0.862 train_loss_sup: 0.764
[GPU0] epochs: [47/100] train_acc: 0.864 train_loss_sup: 0.757
[GPU0] epochs: [48/100] train_acc: 0.863 train_loss_sup: 0.747
[GPU0] epochs: [49/100] train_acc: 0.863 train_loss_sup: 0.741
[GPU0] epochs: [50/100] train_acc: 0.863 train_loss_sup: 0.732
[GPU0] Test Accuracy at epoch: 50: 0.873
[GPU0] epochs: [51/100] train_acc: 0.864 train_loss_sup: 0.727
[GPU0] epochs: [52/100] train_acc: 0.863 train_loss_sup: 0.721
[GPU0] epochs: [53/100] train_acc: 0.864 train_loss_sup: 0.713
[GPU0] epochs: [54/100] train_acc: 0.864 train_loss_sup: 0.707
[GPU0] epochs: [55/100] train_acc: 0.864 train_loss_sup: 0.701
[GPU0] epochs: [56/100] train_acc: 0.863 train_loss_sup: 0.697
[GPU0] epochs: [57/100] train_acc: 0.863 train_loss_sup: 0.692
[GPU0] epochs: [58/100] train_acc: 0.865 train_loss_sup: 0.683
[GPU0] epochs: [59/100] train_acc: 0.865 train_loss_sup: 0.680
[GPU0] epochs: [60/100] train_acc: 0.865 train_loss_sup: 0.675
[GPU0] Test Accuracy at epoch: 60: 0.876
[GPU0] epochs: [61/100] train_acc: 0.864 train_loss_sup: 0.670
[GPU0] epochs: [62/100] train_acc: 0.863 train_loss_sup: 0.668
[GPU0] epochs: [63/100] train_acc: 0.866 train_loss_sup: 0.660
[GPU0] epochs: [64/100] train_acc: 0.864 train_loss_sup: 0.658
[GPU0] epochs: [65/100] train_acc: 0.865 train_loss_sup: 0.651
[GPU0] epochs: [66/100] train_acc: 0.866 train_loss_sup: 0.645
[GPU0] epochs: [67/100] train_acc: 0.865 train_loss_sup: 0.643
[GPU0] epochs: [68/100] train_acc: 0.867 train_loss_sup: 0.638
[GPU0] epochs: [69/100] train_acc: 0.868 train_loss_sup: 0.636
[GPU0] epochs: [70/100] train_acc: 0.866 train_loss_sup: 0.629
[GPU0] Test Accuracy at epoch: 70: 0.877
[GPU0] epochs: [71/100] train_acc: 0.869 train_loss_sup: 0.627
[GPU0] epochs: [72/100] train_acc: 0.866 train_loss_sup: 0.624
[GPU0] epochs: [73/100] train_acc: 0.866 train_loss_sup: 0.621
[GPU0] epochs: [74/100] train_acc: 0.866 train_loss_sup: 0.615
[GPU0] epochs: [75/100] train_acc: 0.868 train_loss_sup: 0.610
[GPU0] epochs: [76/100] train_acc: 0.866 train_loss_sup: 0.611
[GPU0] epochs: [77/100] train_acc: 0.869 train_loss_sup: 0.606
[GPU0] epochs: [78/100] train_acc: 0.870 train_loss_sup: 0.603
[GPU0] epochs: [79/100] train_acc: 0.867 train_loss_sup: 0.599
[GPU0] epochs: [80/100] train_acc: 0.868 train_loss_sup: 0.600
[GPU0] Test Accuracy at epoch: 80: 0.879
[GPU0] epochs: [81/100] train_acc: 0.868 train_loss_sup: 0.593
[GPU0] epochs: [82/100] train_acc: 0.869 train_loss_sup: 0.589
[GPU0] epochs: [83/100] train_acc: 0.869 train_loss_sup: 0.588
[GPU0] epochs: [84/100] train_acc: 0.867 train_loss_sup: 0.587
[GPU0] epochs: [85/100] train_acc: 0.869 train_loss_sup: 0.581
[GPU0] epochs: [86/100] train_acc: 0.868 train_loss_sup: 0.580
[GPU0] epochs: [87/100] train_acc: 0.868 train_loss_sup: 0.578
[GPU0] epochs: [88/100] train_acc: 0.871 train_loss_sup: 0.574
[GPU0] epochs: [89/100] train_acc: 0.869 train_loss_sup: 0.574
[GPU0] epochs: [90/100] train_acc: 0.869 train_loss_sup: 0.570
[GPU0] Test Accuracy at epoch: 90: 0.881
[GPU0] epochs: [91/100] train_acc: 0.868 train_loss_sup: 0.568
[GPU0] epochs: [92/100] train_acc: 0.868 train_loss_sup: 0.567
[GPU0] epochs: [93/100] train_acc: 0.869 train_loss_sup: 0.565
[GPU0] epochs: [94/100] train_acc: 0.870 train_loss_sup: 0.562
[GPU0] epochs: [95/100] train_acc: 0.869 train_loss_sup: 0.559
[GPU0] epochs: [96/100] train_acc: 0.870 train_loss_sup: 0.554
[GPU0] epochs: [97/100] train_acc: 0.870 train_loss_sup: 0.554
[GPU0] epochs: [98/100] train_acc: 0.870 train_loss_sup: 0.554
[GPU0] epochs: [99/100] train_acc: 0.870 train_loss_sup: 0.551
[GPU0] epochs: [100/100] train_acc: 0.871 train_loss_sup: 0.550
[GPU0] Final Test Accuracy: 0.881
Model weights saved
<All keys matched successfully>
knn evalution
logistic regression evalution
knn_acc: 0.888, log_reg_acc: 0.903
