2026-02-27 00:32:49.316800: I tensorflow/core/platform/cpu_feature_guard.cc:193] This TensorFlow binary is optimized with oneAPI Deep Neural Network Library (oneDNN) to use the following CPU instructions in performance-critical operations:  AVX2 FMA
To enable them in other operations, rebuild TensorFlow with the appropriate compiler flags.
2026-02-27 00:32:51.074785: W tensorflow/compiler/xla/stream_executor/platform/default/dso_loader.cc:64] Could not load dynamic library 'libnvinfer.so.7'; dlerror: libnvinfer.so.7: cannot open shared object file: No such file or directory; LD_LIBRARY_PATH: /usr/local/cuda-12.8/lib64:/usr/local/cuda-12.8/lib64:
2026-02-27 00:32:51.074870: W tensorflow/compiler/xla/stream_executor/platform/default/dso_loader.cc:64] Could not load dynamic library 'libnvinfer_plugin.so.7'; dlerror: libnvinfer_plugin.so.7: cannot open shared object file: No such file or directory; LD_LIBRARY_PATH: /usr/local/cuda-12.8/lib64:/usr/local/cuda-12.8/lib64:
2026-02-27 00:32:51.074877: W tensorflow/compiler/tf2tensorrt/utils/py_utils.cc:38] TF-TRT Warning: Cannot dlopen some TensorRT libraries. If you would like to use Nvidia GPU with TensorRT, please make sure the missing libraries mentioned above are installed properly.
environment: 
YAML: configs/vicreg.yaml
==> SEED: 42
==> train_algo: vicreg
==> dataset: {'cifar10': {'num_classes': 10, 'params': {'data_dir': 'datasets/cifar10', 'batch_size': 512, 'num_workers': 1, 'image_size': 32, 'algo': 'vicreg'}}, 'cifar100': {'num_classes': 100, 'params': {'data_dir': 'datasets/cifar100', 'batch_size': 512, 'num_workers': 1, 'image_size': 32, 'algo': 'vicreg'}}}
==> return_logs: False
==> eval_every: 10
==> n_epochs: 800
==> n_epochs_mlp: 100
==> gpu_id: 2
==> opt: LARS
==> opt_params: {'lr': 0.4, 'momentum': 0.9, 'weight_decay': 1e-06}
==> schedular_params: {'T_max': 800, 'eta_min': 0.001}
==> mlp_opt: SGD
==> mlp_opt_params: {'lr': 0.01, 'momentum': 0.9}
==> model_params: {'model_name': 'resnet50', 'pretrained': False, 'proj_dim': 4096, 'barlow_hidden': 4096, 'algo_type': 'vicreg'}
==> mlp_type: hidden
==> loss: vicreg
==> loss_params: {'_lambda': 25.0, 'mu': 25.0, 'nu': 1.0}
==> distributed: False
==> model_save_path: saved_models/vicreg.c10.r50.pth
==> config: configs/vicreg.yaml
--------------------------------------------------
Network(
  (base_encoder): BaseEncoder(
    (feat_extractor): Sequential(
      (conv1): Conv2d(3, 64, kernel_size=(3, 3), stride=(1, 1), padding=(1, 1), bias=False)
      (bn1): BatchNorm2d(64, eps=1e-05, momentum=0.1, affine=True, track_running_stats=True)
      (relu): ReLU(inplace=True)
      (layer1): Sequential(
        (0): Bottleneck(
          (conv1): Conv2d(64, 64, kernel_size=(1, 1), stride=(1, 1), bias=False)
          (bn1): BatchNorm2d(64, eps=1e-05, momentum=0.1, affine=True, track_running_stats=True)
          (conv2): Conv2d(64, 64, kernel_size=(3, 3), stride=(1, 1), padding=(1, 1), bias=False)
          (bn2): BatchNorm2d(64, eps=1e-05, momentum=0.1, affine=True, track_running_stats=True)
          (conv3): Conv2d(64, 256, kernel_size=(1, 1), stride=(1, 1), bias=False)
          (bn3): BatchNorm2d(256, eps=1e-05, momentum=0.1, affine=True, track_running_stats=True)
          (relu): ReLU(inplace=True)
          (downsample): Sequential(
            (0): Conv2d(64, 256, kernel_size=(1, 1), stride=(1, 1), bias=False)
            (1): BatchNorm2d(256, eps=1e-05, momentum=0.1, affine=True, track_running_stats=True)
          )
        )
        (1): Bottleneck(
          (conv1): Conv2d(256, 64, kernel_size=(1, 1), stride=(1, 1), bias=False)
          (bn1): BatchNorm2d(64, eps=1e-05, momentum=0.1, affine=True, track_running_stats=True)
          (conv2): Conv2d(64, 64, kernel_size=(3, 3), stride=(1, 1), padding=(1, 1), bias=False)
          (bn2): BatchNorm2d(64, eps=1e-05, momentum=0.1, affine=True, track_running_stats=True)
          (conv3): Conv2d(64, 256, kernel_size=(1, 1), stride=(1, 1), bias=False)
          (bn3): BatchNorm2d(256, eps=1e-05, momentum=0.1, affine=True, track_running_stats=True)
          (relu): ReLU(inplace=True)
        )
        (2): Bottleneck(
          (conv1): Conv2d(256, 64, kernel_size=(1, 1), stride=(1, 1), bias=False)
          (bn1): BatchNorm2d(64, eps=1e-05, momentum=0.1, affine=True, track_running_stats=True)
          (conv2): Conv2d(64, 64, kernel_size=(3, 3), stride=(1, 1), padding=(1, 1), bias=False)
          (bn2): BatchNorm2d(64, eps=1e-05, momentum=0.1, affine=True, track_running_stats=True)
          (conv3): Conv2d(64, 256, kernel_size=(1, 1), stride=(1, 1), bias=False)
          (bn3): BatchNorm2d(256, eps=1e-05, momentum=0.1, affine=True, track_running_stats=True)
          (relu): ReLU(inplace=True)
        )
      )
      (layer2): Sequential(
        (0): Bottleneck(
          (conv1): Conv2d(256, 128, kernel_size=(1, 1), stride=(1, 1), bias=False)
          (bn1): BatchNorm2d(128, eps=1e-05, momentum=0.1, affine=True, track_running_stats=True)
          (conv2): Conv2d(128, 128, kernel_size=(3, 3), stride=(2, 2), padding=(1, 1), bias=False)
          (bn2): BatchNorm2d(128, eps=1e-05, momentum=0.1, affine=True, track_running_stats=True)
          (conv3): Conv2d(128, 512, kernel_size=(1, 1), stride=(1, 1), bias=False)
          (bn3): BatchNorm2d(512, eps=1e-05, momentum=0.1, affine=True, track_running_stats=True)
          (relu): ReLU(inplace=True)
          (downsample): Sequential(
            (0): Conv2d(256, 512, kernel_size=(1, 1), stride=(2, 2), bias=False)
            (1): BatchNorm2d(512, eps=1e-05, momentum=0.1, affine=True, track_running_stats=True)
          )
        )
        (1): Bottleneck(
          (conv1): Conv2d(512, 128, kernel_size=(1, 1), stride=(1, 1), bias=False)
          (bn1): BatchNorm2d(128, eps=1e-05, momentum=0.1, affine=True, track_running_stats=True)
          (conv2): Conv2d(128, 128, kernel_size=(3, 3), stride=(1, 1), padding=(1, 1), bias=False)
          (bn2): BatchNorm2d(128, eps=1e-05, momentum=0.1, affine=True, track_running_stats=True)
          (conv3): Conv2d(128, 512, kernel_size=(1, 1), stride=(1, 1), bias=False)
          (bn3): BatchNorm2d(512, eps=1e-05, momentum=0.1, affine=True, track_running_stats=True)
          (relu): ReLU(inplace=True)
        )
        (2): Bottleneck(
          (conv1): Conv2d(512, 128, kernel_size=(1, 1), stride=(1, 1), bias=False)
          (bn1): BatchNorm2d(128, eps=1e-05, momentum=0.1, affine=True, track_running_stats=True)
          (conv2): Conv2d(128, 128, kernel_size=(3, 3), stride=(1, 1), padding=(1, 1), bias=False)
          (bn2): BatchNorm2d(128, eps=1e-05, momentum=0.1, affine=True, track_running_stats=True)
          (conv3): Conv2d(128, 512, kernel_size=(1, 1), stride=(1, 1), bias=False)
          (bn3): BatchNorm2d(512, eps=1e-05, momentum=0.1, affine=True, track_running_stats=True)
          (relu): ReLU(inplace=True)
        )
        (3): Bottleneck(
          (conv1): Conv2d(512, 128, kernel_size=(1, 1), stride=(1, 1), bias=False)
          (bn1): BatchNorm2d(128, eps=1e-05, momentum=0.1, affine=True, track_running_stats=True)
          (conv2): Conv2d(128, 128, kernel_size=(3, 3), stride=(1, 1), padding=(1, 1), bias=False)
          (bn2): BatchNorm2d(128, eps=1e-05, momentum=0.1, affine=True, track_running_stats=True)
          (conv3): Conv2d(128, 512, kernel_size=(1, 1), stride=(1, 1), bias=False)
          (bn3): BatchNorm2d(512, eps=1e-05, momentum=0.1, affine=True, track_running_stats=True)
          (relu): ReLU(inplace=True)
        )
      )
      (layer3): Sequential(
        (0): Bottleneck(
          (conv1): Conv2d(512, 256, kernel_size=(1, 1), stride=(1, 1), bias=False)
          (bn1): BatchNorm2d(256, eps=1e-05, momentum=0.1, affine=True, track_running_stats=True)
          (conv2): Conv2d(256, 256, kernel_size=(3, 3), stride=(2, 2), padding=(1, 1), bias=False)
          (bn2): BatchNorm2d(256, eps=1e-05, momentum=0.1, affine=True, track_running_stats=True)
          (conv3): Conv2d(256, 1024, kernel_size=(1, 1), stride=(1, 1), bias=False)
          (bn3): BatchNorm2d(1024, eps=1e-05, momentum=0.1, affine=True, track_running_stats=True)
          (relu): ReLU(inplace=True)
          (downsample): Sequential(
            (0): Conv2d(512, 1024, kernel_size=(1, 1), stride=(2, 2), bias=False)
            (1): BatchNorm2d(1024, eps=1e-05, momentum=0.1, affine=True, track_running_stats=True)
          )
        )
        (1): Bottleneck(
          (conv1): Conv2d(1024, 256, kernel_size=(1, 1), stride=(1, 1), bias=False)
          (bn1): BatchNorm2d(256, eps=1e-05, momentum=0.1, affine=True, track_running_stats=True)
          (conv2): Conv2d(256, 256, kernel_size=(3, 3), stride=(1, 1), padding=(1, 1), bias=False)
          (bn2): BatchNorm2d(256, eps=1e-05, momentum=0.1, affine=True, track_running_stats=True)
          (conv3): Conv2d(256, 1024, kernel_size=(1, 1), stride=(1, 1), bias=False)
          (bn3): BatchNorm2d(1024, eps=1e-05, momentum=0.1, affine=True, track_running_stats=True)
          (relu): ReLU(inplace=True)
        )
        (2): Bottleneck(
          (conv1): Conv2d(1024, 256, kernel_size=(1, 1), stride=(1, 1), bias=False)
          (bn1): BatchNorm2d(256, eps=1e-05, momentum=0.1, affine=True, track_running_stats=True)
          (conv2): Conv2d(256, 256, kernel_size=(3, 3), stride=(1, 1), padding=(1, 1), bias=False)
          (bn2): BatchNorm2d(256, eps=1e-05, momentum=0.1, affine=True, track_running_stats=True)
          (conv3): Conv2d(256, 1024, kernel_size=(1, 1), stride=(1, 1), bias=False)
          (bn3): BatchNorm2d(1024, eps=1e-05, momentum=0.1, affine=True, track_running_stats=True)
          (relu): ReLU(inplace=True)
        )
        (3): Bottleneck(
          (conv1): Conv2d(1024, 256, kernel_size=(1, 1), stride=(1, 1), bias=False)
          (bn1): BatchNorm2d(256, eps=1e-05, momentum=0.1, affine=True, track_running_stats=True)
          (conv2): Conv2d(256, 256, kernel_size=(3, 3), stride=(1, 1), padding=(1, 1), bias=False)
          (bn2): BatchNorm2d(256, eps=1e-05, momentum=0.1, affine=True, track_running_stats=True)
          (conv3): Conv2d(256, 1024, kernel_size=(1, 1), stride=(1, 1), bias=False)
          (bn3): BatchNorm2d(1024, eps=1e-05, momentum=0.1, affine=True, track_running_stats=True)
          (relu): ReLU(inplace=True)
        )
        (4): Bottleneck(
          (conv1): Conv2d(1024, 256, kernel_size=(1, 1), stride=(1, 1), bias=False)
          (bn1): BatchNorm2d(256, eps=1e-05, momentum=0.1, affine=True, track_running_stats=True)
          (conv2): Conv2d(256, 256, kernel_size=(3, 3), stride=(1, 1), padding=(1, 1), bias=False)
          (bn2): BatchNorm2d(256, eps=1e-05, momentum=0.1, affine=True, track_running_stats=True)
          (conv3): Conv2d(256, 1024, kernel_size=(1, 1), stride=(1, 1), bias=False)
          (bn3): BatchNorm2d(1024, eps=1e-05, momentum=0.1, affine=True, track_running_stats=True)
          (relu): ReLU(inplace=True)
        )
        (5): Bottleneck(
          (conv1): Conv2d(1024, 256, kernel_size=(1, 1), stride=(1, 1), bias=False)
          (bn1): BatchNorm2d(256, eps=1e-05, momentum=0.1, affine=True, track_running_stats=True)
          (conv2): Conv2d(256, 256, kernel_size=(3, 3), stride=(1, 1), padding=(1, 1), bias=False)
          (bn2): BatchNorm2d(256, eps=1e-05, momentum=0.1, affine=True, track_running_stats=True)
          (conv3): Conv2d(256, 1024, kernel_size=(1, 1), stride=(1, 1), bias=False)
          (bn3): BatchNorm2d(1024, eps=1e-05, momentum=0.1, affine=True, track_running_stats=True)
          (relu): ReLU(inplace=True)
        )
      )
      (layer4): Sequential(
        (0): Bottleneck(
          (conv1): Conv2d(1024, 512, kernel_size=(1, 1), stride=(1, 1), bias=False)
          (bn1): BatchNorm2d(512, eps=1e-05, momentum=0.1, affine=True, track_running_stats=True)
          (conv2): Conv2d(512, 512, kernel_size=(3, 3), stride=(2, 2), padding=(1, 1), bias=False)
          (bn2): BatchNorm2d(512, eps=1e-05, momentum=0.1, affine=True, track_running_stats=True)
          (conv3): Conv2d(512, 2048, kernel_size=(1, 1), stride=(1, 1), bias=False)
          (bn3): BatchNorm2d(2048, eps=1e-05, momentum=0.1, affine=True, track_running_stats=True)
          (relu): ReLU(inplace=True)
          (downsample): Sequential(
            (0): Conv2d(1024, 2048, kernel_size=(1, 1), stride=(2, 2), bias=False)
            (1): BatchNorm2d(2048, eps=1e-05, momentum=0.1, affine=True, track_running_stats=True)
          )
        )
        (1): Bottleneck(
          (conv1): Conv2d(2048, 512, kernel_size=(1, 1), stride=(1, 1), bias=False)
          (bn1): BatchNorm2d(512, eps=1e-05, momentum=0.1, affine=True, track_running_stats=True)
          (conv2): Conv2d(512, 512, kernel_size=(3, 3), stride=(1, 1), padding=(1, 1), bias=False)
          (bn2): BatchNorm2d(512, eps=1e-05, momentum=0.1, affine=True, track_running_stats=True)
          (conv3): Conv2d(512, 2048, kernel_size=(1, 1), stride=(1, 1), bias=False)
          (bn3): BatchNorm2d(2048, eps=1e-05, momentum=0.1, affine=True, track_running_stats=True)
          (relu): ReLU(inplace=True)
        )
        (2): Bottleneck(
          (conv1): Conv2d(2048, 512, kernel_size=(1, 1), stride=(1, 1), bias=False)
          (bn1): BatchNorm2d(512, eps=1e-05, momentum=0.1, affine=True, track_running_stats=True)
          (conv2): Conv2d(512, 512, kernel_size=(3, 3), stride=(1, 1), padding=(1, 1), bias=False)
          (bn2): BatchNorm2d(512, eps=1e-05, momentum=0.1, affine=True, track_running_stats=True)
          (conv3): Conv2d(512, 2048, kernel_size=(1, 1), stride=(1, 1), bias=False)
          (bn3): BatchNorm2d(2048, eps=1e-05, momentum=0.1, affine=True, track_running_stats=True)
          (relu): ReLU(inplace=True)
        )
      )
      (avgpool): AdaptiveAvgPool2d(output_size=(1, 1))
    )
  )
  (proj): vicreg_proj(
    (proj): Sequential(
      (0): Linear(in_features=2048, out_features=4096, bias=False)
      (1): BatchNorm1d(4096, eps=1e-05, momentum=0.1, affine=True, track_running_stats=True)
      (2): ReLU()
      (3): Linear(in_features=4096, out_features=4096, bias=False)
      (4): BatchNorm1d(4096, eps=1e-05, momentum=0.1, affine=True, track_running_stats=True)
      (5): ReLU()
      (6): Linear(in_features=4096, out_features=4096, bias=True)
    )
  )
)
NOC: 10
using optimizer: LARS
loss function: vicreg
loss: VICRegLoss()
augmentation for vicreg: 
Compose(
    RandomResizedCrop(size=(32, 32), scale=(0.08, 1.0), ratio=(0.75, 1.3333), interpolation=bilinear, antialias=True)
    RandomHorizontalFlip(p=0.5)
    RandomApply(
    p=0.8
    ColorJitter(brightness=(0.6, 1.4), contrast=(0.6, 1.4), saturation=(0.6, 1.4), hue=(-0.1, 0.1))
)
    RandomGrayscale(p=0.2)
    <src.data.Solarization object at 0x7f01f4715900>
    ToTensor()
    Normalize(mean=(0.4914, 0.4822, 0.4465), std=(0.2023, 0.1994, 0.201))
)
Compose(
    RandomResizedCrop(size=(32, 32), scale=(0.08, 1.0), ratio=(0.75, 1.3333), interpolation=bilinear, antialias=True)
    RandomHorizontalFlip(p=0.5)
    RandomApply(
    p=0.8
    ColorJitter(brightness=(0.6, 1.4), contrast=(0.6, 1.4), saturation=(0.6, 1.4), hue=(-0.1, 0.1))
)
    RandomGrayscale(p=0.2)
    <src.data.Solarization object at 0x7f01f4715d20>
    ToTensor()
    Normalize(mean=(0.4914, 0.4822, 0.4465), std=(0.2023, 0.1994, 0.201))
)
Files already downloaded and verified
Files already downloaded and verified
Files already downloaded and verified
# of Training Images: 50000
# of Testing Images: 10000
### VICReg Training begins
[GPU2] epochs: [1/800] train_loss_con: 22.518
[GPU2] epochs: [2/800] train_loss_con: 21.391
[GPU2] epochs: [3/800] train_loss_con: 21.041
[GPU2] epochs: [4/800] train_loss_con: 20.818
[GPU2] epochs: [5/800] train_loss_con: 20.629
[GPU2] epochs: [6/800] train_loss_con: 20.496
[GPU2] epochs: [7/800] train_loss_con: 20.373
[GPU2] epochs: [8/800] train_loss_con: 20.243
[GPU2] epochs: [9/800] train_loss_con: 20.150
[GPU2] epochs: [10/800] train_loss_con: 20.049
[GPU2] epochs: [11/800] train_loss_con: 19.950
[GPU2] epochs: [12/800] train_loss_con: 19.873
[GPU2] epochs: [13/800] train_loss_con: 19.794
[GPU2] epochs: [14/800] train_loss_con: 19.713
[GPU2] epochs: [15/800] train_loss_con: 19.655
[GPU2] epochs: [16/800] train_loss_con: 19.615
[GPU2] epochs: [17/800] train_loss_con: 19.539
[GPU2] epochs: [18/800] train_loss_con: 19.498
[GPU2] epochs: [19/800] train_loss_con: 19.442
[GPU2] epochs: [20/800] train_loss_con: 19.392
[GPU2] epochs: [21/800] train_loss_con: 19.360
[GPU2] epochs: [22/800] train_loss_con: 19.335
[GPU2] epochs: [23/800] train_loss_con: 19.274
[GPU2] epochs: [24/800] train_loss_con: 19.239
[GPU2] epochs: [25/800] train_loss_con: 19.210
[GPU2] epochs: [26/800] train_loss_con: 19.175
[GPU2] epochs: [27/800] train_loss_con: 19.141
[GPU2] epochs: [28/800] train_loss_con: 19.112
[GPU2] epochs: [29/800] train_loss_con: 19.095
[GPU2] epochs: [30/800] train_loss_con: 19.044
[GPU2] epochs: [31/800] train_loss_con: 19.033
[GPU2] epochs: [32/800] train_loss_con: 18.993
[GPU2] epochs: [33/800] train_loss_con: 18.973
[GPU2] epochs: [34/800] train_loss_con: 18.952
[GPU2] epochs: [35/800] train_loss_con: 18.915
[GPU2] epochs: [36/800] train_loss_con: 18.905
[GPU2] epochs: [37/800] train_loss_con: 18.897
[GPU2] epochs: [38/800] train_loss_con: 18.870
[GPU2] epochs: [39/800] train_loss_con: 18.836
[GPU2] epochs: [40/800] train_loss_con: 18.809
[GPU2] epochs: [41/800] train_loss_con: 18.798
[GPU2] epochs: [42/800] train_loss_con: 18.769
[GPU2] epochs: [43/800] train_loss_con: 18.749
[GPU2] epochs: [44/800] train_loss_con: 18.729
[GPU2] epochs: [45/800] train_loss_con: 18.704
[GPU2] epochs: [46/800] train_loss_con: 18.688
[GPU2] epochs: [47/800] train_loss_con: 18.677
[GPU2] epochs: [48/800] train_loss_con: 18.670
[GPU2] epochs: [49/800] train_loss_con: 18.656
[GPU2] epochs: [50/800] train_loss_con: 18.643
[GPU2] epochs: [51/800] train_loss_con: 18.594
[GPU2] epochs: [52/800] train_loss_con: 18.601
[GPU2] epochs: [53/800] train_loss_con: 18.570
[GPU2] epochs: [54/800] train_loss_con: 18.559
[GPU2] epochs: [55/800] train_loss_con: 18.542
[GPU2] epochs: [56/800] train_loss_con: 18.516
[GPU2] epochs: [57/800] train_loss_con: 18.501
[GPU2] epochs: [58/800] train_loss_con: 18.496
[GPU2] epochs: [59/800] train_loss_con: 18.494
[GPU2] epochs: [60/800] train_loss_con: 18.477
[GPU2] epochs: [61/800] train_loss_con: 18.457
[GPU2] epochs: [62/800] train_loss_con: 18.445
[GPU2] epochs: [63/800] train_loss_con: 18.430
[GPU2] epochs: [64/800] train_loss_con: 18.432
[GPU2] epochs: [65/800] train_loss_con: 18.416
[GPU2] epochs: [66/800] train_loss_con: 18.386
[GPU2] epochs: [67/800] train_loss_con: 18.382
[GPU2] epochs: [68/800] train_loss_con: 18.351
[GPU2] epochs: [69/800] train_loss_con: 18.364
[GPU2] epochs: [70/800] train_loss_con: 18.317
[GPU2] epochs: [71/800] train_loss_con: 18.332
[GPU2] epochs: [72/800] train_loss_con: 18.340
[GPU2] epochs: [73/800] train_loss_con: 18.317
[GPU2] epochs: [74/800] train_loss_con: 18.296
[GPU2] epochs: [75/800] train_loss_con: 18.284
[GPU2] epochs: [76/800] train_loss_con: 18.291
[GPU2] epochs: [77/800] train_loss_con: 18.254
[GPU2] epochs: [78/800] train_loss_con: 18.245
[GPU2] epochs: [79/800] train_loss_con: 18.226
[GPU2] epochs: [80/800] train_loss_con: 18.235
[GPU2] epochs: [81/800] train_loss_con: 18.199
[GPU2] epochs: [82/800] train_loss_con: 18.200
[GPU2] epochs: [83/800] train_loss_con: 18.166
[GPU2] epochs: [84/800] train_loss_con: 18.183
[GPU2] epochs: [85/800] train_loss_con: 18.163
[GPU2] epochs: [86/800] train_loss_con: 18.133
[GPU2] epochs: [87/800] train_loss_con: 18.165
[GPU2] epochs: [88/800] train_loss_con: 18.144
[GPU2] epochs: [89/800] train_loss_con: 18.142
[GPU2] epochs: [90/800] train_loss_con: 18.130
[GPU2] epochs: [91/800] train_loss_con: 18.116
[GPU2] epochs: [92/800] train_loss_con: 18.113
[GPU2] epochs: [93/800] train_loss_con: 18.076
[GPU2] epochs: [94/800] train_loss_con: 18.073
[GPU2] epochs: [95/800] train_loss_con: 18.076
[GPU2] epochs: [96/800] train_loss_con: 18.064
[GPU2] epochs: [97/800] train_loss_con: 18.043
[GPU2] epochs: [98/800] train_loss_con: 18.030
[GPU2] epochs: [99/800] train_loss_con: 18.009
[GPU2] epochs: [100/800] train_loss_con: 18.039
[GPU2] epochs: [101/800] train_loss_con: 18.013
[GPU2] epochs: [102/800] train_loss_con: 18.027
[GPU2] epochs: [103/800] train_loss_con: 18.004
[GPU2] epochs: [104/800] train_loss_con: 18.002
[GPU2] epochs: [105/800] train_loss_con: 17.981
[GPU2] epochs: [106/800] train_loss_con: 17.950
[GPU2] epochs: [107/800] train_loss_con: 17.955
[GPU2] epochs: [108/800] train_loss_con: 17.958
[GPU2] epochs: [109/800] train_loss_con: 17.955
[GPU2] epochs: [110/800] train_loss_con: 17.954
[GPU2] epochs: [111/800] train_loss_con: 17.941
[GPU2] epochs: [112/800] train_loss_con: 17.915
[GPU2] epochs: [113/800] train_loss_con: 17.954
[GPU2] epochs: [114/800] train_loss_con: 17.922
[GPU2] epochs: [115/800] train_loss_con: 17.880
[GPU2] epochs: [116/800] train_loss_con: 17.897
[GPU2] epochs: [117/800] train_loss_con: 17.874
[GPU2] epochs: [118/800] train_loss_con: 17.861
[GPU2] epochs: [119/800] train_loss_con: 17.871
[GPU2] epochs: [120/800] train_loss_con: 17.843
[GPU2] epochs: [121/800] train_loss_con: 17.838
[GPU2] epochs: [122/800] train_loss_con: 17.839
[GPU2] epochs: [123/800] train_loss_con: 17.831
[GPU2] epochs: [124/800] train_loss_con: 17.840
[GPU2] epochs: [125/800] train_loss_con: 17.819
[GPU2] epochs: [126/800] train_loss_con: 17.809
[GPU2] epochs: [127/800] train_loss_con: 17.819
[GPU2] epochs: [128/800] train_loss_con: 17.821
[GPU2] epochs: [129/800] train_loss_con: 17.810
[GPU2] epochs: [130/800] train_loss_con: 17.779
[GPU2] epochs: [131/800] train_loss_con: 17.769
[GPU2] epochs: [132/800] train_loss_con: 17.764
[GPU2] epochs: [133/800] train_loss_con: 17.760
[GPU2] epochs: [134/800] train_loss_con: 17.761
[GPU2] epochs: [135/800] train_loss_con: 17.763
[GPU2] epochs: [136/800] train_loss_con: 17.729
[GPU2] epochs: [137/800] train_loss_con: 17.744
[GPU2] epochs: [138/800] train_loss_con: 17.717
[GPU2] epochs: [139/800] train_loss_con: 17.705
[GPU2] epochs: [140/800] train_loss_con: 17.724
[GPU2] epochs: [141/800] train_loss_con: 17.705
[GPU2] epochs: [142/800] train_loss_con: 17.707
[GPU2] epochs: [143/800] train_loss_con: 17.665
[GPU2] epochs: [144/800] train_loss_con: 17.693
[GPU2] epochs: [145/800] train_loss_con: 17.661
[GPU2] epochs: [146/800] train_loss_con: 17.663
[GPU2] epochs: [147/800] train_loss_con: 17.636
[GPU2] epochs: [148/800] train_loss_con: 17.688
[GPU2] epochs: [149/800] train_loss_con: 17.643
[GPU2] epochs: [150/800] train_loss_con: 17.646
[GPU2] epochs: [151/800] train_loss_con: 17.634
[GPU2] epochs: [152/800] train_loss_con: 17.620
[GPU2] epochs: [153/800] train_loss_con: 17.613
[GPU2] epochs: [154/800] train_loss_con: 17.596
[GPU2] epochs: [155/800] train_loss_con: 17.604
[GPU2] epochs: [156/800] train_loss_con: 17.596
[GPU2] epochs: [157/800] train_loss_con: 17.608
[GPU2] epochs: [158/800] train_loss_con: 17.572
[GPU2] epochs: [159/800] train_loss_con: 17.580
[GPU2] epochs: [160/800] train_loss_con: 17.568
[GPU2] epochs: [161/800] train_loss_con: 17.566
[GPU2] epochs: [162/800] train_loss_con: 17.565
[GPU2] epochs: [163/800] train_loss_con: 17.551
[GPU2] epochs: [164/800] train_loss_con: 17.564
[GPU2] epochs: [165/800] train_loss_con: 17.562
[GPU2] epochs: [166/800] train_loss_con: 17.551
[GPU2] epochs: [167/800] train_loss_con: 17.536
[GPU2] epochs: [168/800] train_loss_con: 17.519
[GPU2] epochs: [169/800] train_loss_con: 17.529
[GPU2] epochs: [170/800] train_loss_con: 17.532
[GPU2] epochs: [171/800] train_loss_con: 17.479
[GPU2] epochs: [172/800] train_loss_con: 17.475
[GPU2] epochs: [173/800] train_loss_con: 17.487
[GPU2] epochs: [174/800] train_loss_con: 17.489
[GPU2] epochs: [175/800] train_loss_con: 17.475
[GPU2] epochs: [176/800] train_loss_con: 17.483
[GPU2] epochs: [177/800] train_loss_con: 17.473
[GPU2] epochs: [178/800] train_loss_con: 17.459
[GPU2] epochs: [179/800] train_loss_con: 17.476
[GPU2] epochs: [180/800] train_loss_con: 17.430
[GPU2] epochs: [181/800] train_loss_con: 17.428
[GPU2] epochs: [182/800] train_loss_con: 17.444
[GPU2] epochs: [183/800] train_loss_con: 17.434
[GPU2] epochs: [184/800] train_loss_con: 17.450
[GPU2] epochs: [185/800] train_loss_con: 17.432
[GPU2] epochs: [186/800] train_loss_con: 17.416
[GPU2] epochs: [187/800] train_loss_con: 17.403
[GPU2] epochs: [188/800] train_loss_con: 17.404
[GPU2] epochs: [189/800] train_loss_con: 17.381
[GPU2] epochs: [190/800] train_loss_con: 17.376
[GPU2] epochs: [191/800] train_loss_con: 17.394
[GPU2] epochs: [192/800] train_loss_con: 17.376
[GPU2] epochs: [193/800] train_loss_con: 17.410
[GPU2] epochs: [194/800] train_loss_con: 17.377
[GPU2] epochs: [195/800] train_loss_con: 17.360
[GPU2] epochs: [196/800] train_loss_con: 17.350
[GPU2] epochs: [197/800] train_loss_con: 17.367
[GPU2] epochs: [198/800] train_loss_con: 17.349
[GPU2] epochs: [199/800] train_loss_con: 17.340
[GPU2] epochs: [200/800] train_loss_con: 17.336
[GPU2] epochs: [201/800] train_loss_con: 17.319
[GPU2] epochs: [202/800] train_loss_con: 17.327
[GPU2] epochs: [203/800] train_loss_con: 17.349
[GPU2] epochs: [204/800] train_loss_con: 17.323
[GPU2] epochs: [205/800] train_loss_con: 17.324
[GPU2] epochs: [206/800] train_loss_con: 17.288
[GPU2] epochs: [207/800] train_loss_con: 17.313
[GPU2] epochs: [208/800] train_loss_con: 17.298
[GPU2] epochs: [209/800] train_loss_con: 17.293
[GPU2] epochs: [210/800] train_loss_con: 17.285
[GPU2] epochs: [211/800] train_loss_con: 17.271
[GPU2] epochs: [212/800] train_loss_con: 17.296
[GPU2] epochs: [213/800] train_loss_con: 17.269
[GPU2] epochs: [214/800] train_loss_con: 17.265
[GPU2] epochs: [215/800] train_loss_con: 17.249
[GPU2] epochs: [216/800] train_loss_con: 17.255
[GPU2] epochs: [217/800] train_loss_con: 17.252
[GPU2] epochs: [218/800] train_loss_con: 17.243
[GPU2] epochs: [219/800] train_loss_con: 17.238
[GPU2] epochs: [220/800] train_loss_con: 17.218
[GPU2] epochs: [221/800] train_loss_con: 17.244
[GPU2] epochs: [222/800] train_loss_con: 17.251
[GPU2] epochs: [223/800] train_loss_con: 17.228
[GPU2] epochs: [224/800] train_loss_con: 17.202
[GPU2] epochs: [225/800] train_loss_con: 17.240
[GPU2] epochs: [226/800] train_loss_con: 17.217
[GPU2] epochs: [227/800] train_loss_con: 17.194
[GPU2] epochs: [228/800] train_loss_con: 17.177
[GPU2] epochs: [229/800] train_loss_con: 17.167
[GPU2] epochs: [230/800] train_loss_con: 17.169
[GPU2] epochs: [231/800] train_loss_con: 17.200
[GPU2] epochs: [232/800] train_loss_con: 17.170
[GPU2] epochs: [233/800] train_loss_con: 17.174
[GPU2] epochs: [234/800] train_loss_con: 17.188
[GPU2] epochs: [235/800] train_loss_con: 17.153
[GPU2] epochs: [236/800] train_loss_con: 17.176
[GPU2] epochs: [237/800] train_loss_con: 17.137
[GPU2] epochs: [238/800] train_loss_con: 17.119
[GPU2] epochs: [239/800] train_loss_con: 17.138
[GPU2] epochs: [240/800] train_loss_con: 17.134
[GPU2] epochs: [241/800] train_loss_con: 17.148
