environment: 
YAML: configs/vicreg.sc.c100.yaml
==> SEED: 42
==> num_classes: 100
==> data_name: cifar100
==> data_params: {'algo': 'vicreg-sc', 'data_dir': 'datasets/cifar100', 'batch_size': 512, 'num_workers': 3, 'image_size': 32}
==> return_logs: False
==> eval_every: 10
==> n_epochs: 800
==> n_epochs_mlp: 100
==> gpu_id: 7
==> opt: LARS
==> opt_params: {'lr': 0.4, 'momentum': 0.9, 'weight_decay': 1e-06}
==> schedular_params: {'T_max': 800, 'eta_min': 0.001}
==> mlp_opt: SGD
==> mlp_opt_params: {'lr': 0.1, 'momentum': 0.9}
==> model_params: {'model_name': 'resnet50', 'pretrained': False, 'proj_dim': 4096, 'barlow_hidden': 4096}
==> mlp_type: linear
==> loss: vicreg-sc
==> loss_params: {'_lambda': 25.0, 'mu': 25.0, 'nu': 1.0}
==> distributed: False
==> train_algo: vicreg-sc
==> model_save_path: saved_models/vicreg.c100.r50.sc.e800.pth
==> energy_model_params: {'eta': 0.01, 'steps': 5, 'sigma': 0.2, 'delta': 0.1, 'net_type': 'score'}
==> energy_opt: AdamW
==> energy_model_opt_params: {'lr': 0.001}
==> warmup_epochs: 0
==> config: configs/vicreg.sc.c100.yaml
--------------------------------------------------
===> using linear mlp
using optimizer: LARS
using optimizer: SGD
loss function: vicreg-sc
Files already downloaded and verified
Files already downloaded and verified
Files already downloaded and verified
# of Training Images: 50000
# of Testing Images: 10000
using optimizer: AdamW
### VICReg-SC Training begins
[GPU7] epochs: [1/800] train_loss_con: 23.185 energy_loss: 1024.545
[GPU7] epochs: [2/800] train_loss_con: 21.374 energy_loss: 1024.277
[GPU7] epochs: [3/800] train_loss_con: 21.017 energy_loss: 1024.117
[GPU7] epochs: [4/800] train_loss_con: 20.782 energy_loss: 1024.025
[GPU7] epochs: [5/800] train_loss_con: 20.626 energy_loss: 1023.861
[GPU7] epochs: [6/800] train_loss_con: 20.507 energy_loss: 1023.977
[GPU7] epochs: [7/800] train_loss_con: 20.395 energy_loss: 1023.995
[GPU7] epochs: [8/800] train_loss_con: 20.267 energy_loss: 1024.064
[GPU7] epochs: [9/800] train_loss_con: 20.164 energy_loss: 1023.985
[GPU7] epochs: [10/800] train_loss_con: 20.070 energy_loss: 1023.943
[GPU7] epochs: [11/800] train_loss_con: 19.979 energy_loss: 1024.075
[GPU7] epochs: [12/800] train_loss_con: 19.911 energy_loss: 1024.095
[GPU7] epochs: [13/800] train_loss_con: 19.812 energy_loss: 1023.879
[GPU7] epochs: [14/800] train_loss_con: 19.762 energy_loss: 1023.896
[GPU7] epochs: [15/800] train_loss_con: 19.697 energy_loss: 1023.729
[GPU7] epochs: [16/800] train_loss_con: 19.622 energy_loss: 1023.819
[GPU7] epochs: [17/800] train_loss_con: 19.596 energy_loss: 1023.681
[GPU7] epochs: [18/800] train_loss_con: 19.550 energy_loss: 1023.534
[GPU7] epochs: [19/800] train_loss_con: 19.502 energy_loss: 1023.680
[GPU7] epochs: [20/800] train_loss_con: 19.455 energy_loss: 1023.449
[GPU7] epochs: [21/800] train_loss_con: 19.415 energy_loss: 1023.320
[GPU7] epochs: [22/800] train_loss_con: 19.363 energy_loss: 1023.448
[GPU7] epochs: [23/800] train_loss_con: 19.325 energy_loss: 1023.529
[GPU7] epochs: [24/800] train_loss_con: 19.304 energy_loss: 1023.231
[GPU7] epochs: [25/800] train_loss_con: 19.265 energy_loss: 1023.461
[GPU7] epochs: [26/800] train_loss_con: 19.225 energy_loss: 1023.234
[GPU7] epochs: [27/800] train_loss_con: 19.184 energy_loss: 1023.164
[GPU7] epochs: [28/800] train_loss_con: 19.165 energy_loss: 1023.009
[GPU7] epochs: [29/800] train_loss_con: 19.137 energy_loss: 1023.019
[GPU7] epochs: [30/800] train_loss_con: 19.102 energy_loss: 1022.682
[GPU7] epochs: [31/800] train_loss_con: 19.085 energy_loss: 1022.434
[GPU7] epochs: [32/800] train_loss_con: 19.072 energy_loss: 1022.139
[GPU7] epochs: [33/800] train_loss_con: 19.046 energy_loss: 1021.437
[GPU7] epochs: [34/800] train_loss_con: 19.018 energy_loss: 1020.697
[GPU7] epochs: [35/800] train_loss_con: 18.989 energy_loss: 1019.503
[GPU7] epochs: [36/800] train_loss_con: 18.972 energy_loss: 1018.056
[GPU7] epochs: [37/800] train_loss_con: 18.926 energy_loss: 1016.096
[GPU7] epochs: [38/800] train_loss_con: 18.923 energy_loss: 1013.961
[GPU7] epochs: [39/800] train_loss_con: 18.892 energy_loss: 1011.229
[GPU7] epochs: [40/800] train_loss_con: 18.887 energy_loss: 1007.848
[GPU7] epochs: [41/800] train_loss_con: 18.868 energy_loss: 1004.979
[GPU7] epochs: [42/800] train_loss_con: 18.846 energy_loss: 1001.179
[GPU7] epochs: [43/800] train_loss_con: 18.845 energy_loss: 996.587
[GPU7] epochs: [44/800] train_loss_con: 18.809 energy_loss: 992.358
[GPU7] epochs: [45/800] train_loss_con: 18.805 energy_loss: 987.059
[GPU7] epochs: [46/800] train_loss_con: 18.765 energy_loss: 981.435
[GPU7] epochs: [47/800] train_loss_con: 18.757 energy_loss: 974.553
[GPU7] epochs: [48/800] train_loss_con: 18.768 energy_loss: 967.656
[GPU7] epochs: [49/800] train_loss_con: 18.740 energy_loss: 959.888
[GPU7] epochs: [50/800] train_loss_con: 18.707 energy_loss: 952.164
[GPU7] epochs: [51/800] train_loss_con: 18.691 energy_loss: 943.592
[GPU7] epochs: [52/800] train_loss_con: 18.693 energy_loss: 934.842
[GPU7] epochs: [53/800] train_loss_con: 18.688 energy_loss: 925.331
[GPU7] epochs: [54/800] train_loss_con: 18.648 energy_loss: 917.153
[GPU7] epochs: [55/800] train_loss_con: 18.643 energy_loss: 907.601
[GPU7] epochs: [56/800] train_loss_con: 18.620 energy_loss: 897.437
[GPU7] epochs: [57/800] train_loss_con: 18.593 energy_loss: 888.271
[GPU7] epochs: [58/800] train_loss_con: 18.602 energy_loss: 878.727
[GPU7] epochs: [59/800] train_loss_con: 18.576 energy_loss: 869.232
[GPU7] epochs: [60/800] train_loss_con: 18.584 energy_loss: 859.788
[GPU7] epochs: [61/800] train_loss_con: 18.561 energy_loss: 849.864
[GPU7] epochs: [62/800] train_loss_con: 18.534 energy_loss: 840.351
[GPU7] epochs: [63/800] train_loss_con: 18.547 energy_loss: 831.367
[GPU7] epochs: [64/800] train_loss_con: 18.523 energy_loss: 822.142
[GPU7] epochs: [65/800] train_loss_con: 18.510 energy_loss: 813.306
[GPU7] epochs: [66/800] train_loss_con: 18.488 energy_loss: 804.235
[GPU7] epochs: [67/800] train_loss_con: 18.467 energy_loss: 794.289
[GPU7] epochs: [68/800] train_loss_con: 18.469 energy_loss: 786.536
[GPU7] epochs: [69/800] train_loss_con: 18.458 energy_loss: 777.385
[GPU7] epochs: [70/800] train_loss_con: 18.436 energy_loss: 768.889
[GPU7] epochs: [71/800] train_loss_con: 18.435 energy_loss: 760.371
[GPU7] epochs: [72/800] train_loss_con: 18.403 energy_loss: 752.320
[GPU7] epochs: [73/800] train_loss_con: 18.421 energy_loss: 744.163
[GPU7] epochs: [74/800] train_loss_con: 18.386 energy_loss: 735.540
[GPU7] epochs: [75/800] train_loss_con: 18.375 energy_loss: 727.798
[GPU7] epochs: [76/800] train_loss_con: 18.368 energy_loss: 719.183
[GPU7] epochs: [77/800] train_loss_con: 18.365 energy_loss: 711.790
[GPU7] epochs: [78/800] train_loss_con: 18.359 energy_loss: 703.993
[GPU7] epochs: [79/800] train_loss_con: 18.347 energy_loss: 697.321
[GPU7] epochs: [80/800] train_loss_con: 18.317 energy_loss: 689.767
[GPU7] epochs: [81/800] train_loss_con: 18.316 energy_loss: 682.184
[GPU7] epochs: [82/800] train_loss_con: 18.305 energy_loss: 675.125
[GPU7] epochs: [83/800] train_loss_con: 18.308 energy_loss: 667.825
[GPU7] epochs: [84/800] train_loss_con: 18.301 energy_loss: 661.623
[GPU7] epochs: [85/800] train_loss_con: 18.270 energy_loss: 654.186
[GPU7] epochs: [86/800] train_loss_con: 18.281 energy_loss: 648.569
[GPU7] epochs: [87/800] train_loss_con: 18.261 energy_loss: 641.113
[GPU7] epochs: [88/800] train_loss_con: 18.254 energy_loss: 634.814
[GPU7] epochs: [89/800] train_loss_con: 18.257 energy_loss: 628.474
[GPU7] epochs: [90/800] train_loss_con: 18.223 energy_loss: 622.419
[GPU7] epochs: [91/800] train_loss_con: 18.210 energy_loss: 615.780
[GPU7] epochs: [92/800] train_loss_con: 18.198 energy_loss: 609.079
[GPU7] epochs: [93/800] train_loss_con: 18.196 energy_loss: 604.002
[GPU7] epochs: [94/800] train_loss_con: 18.186 energy_loss: 597.631
[GPU7] epochs: [95/800] train_loss_con: 18.184 energy_loss: 592.490
[GPU7] epochs: [96/800] train_loss_con: 18.150 energy_loss: 587.472
[GPU7] epochs: [97/800] train_loss_con: 18.158 energy_loss: 582.051
[GPU7] epochs: [98/800] train_loss_con: 18.160 energy_loss: 576.006
[GPU7] epochs: [99/800] train_loss_con: 18.126 energy_loss: 570.532
[GPU7] epochs: [100/800] train_loss_con: 18.151 energy_loss: 566.442
[GPU7] epochs: [101/800] train_loss_con: 18.120 energy_loss: 560.821
[GPU7] epochs: [102/800] train_loss_con: 18.118 energy_loss: 555.317
[GPU7] epochs: [103/800] train_loss_con: 18.119 energy_loss: 551.276
[GPU7] epochs: [104/800] train_loss_con: 18.090 energy_loss: 545.534
[GPU7] epochs: [105/800] train_loss_con: 18.090 energy_loss: 540.424
[GPU7] epochs: [106/800] train_loss_con: 18.085 energy_loss: 536.850
[GPU7] epochs: [107/800] train_loss_con: 18.057 energy_loss: 532.590
[GPU7] epochs: [108/800] train_loss_con: 18.061 energy_loss: 526.618
[GPU7] epochs: [109/800] train_loss_con: 18.062 energy_loss: 522.286
[GPU7] epochs: [110/800] train_loss_con: 18.032 energy_loss: 517.640
[GPU7] epochs: [111/800] train_loss_con: 18.065 energy_loss: 513.622
[GPU7] epochs: [112/800] train_loss_con: 18.025 energy_loss: 509.790
[GPU7] epochs: [113/800] train_loss_con: 18.033 energy_loss: 505.035
[GPU7] epochs: [114/800] train_loss_con: 18.016 energy_loss: 502.179
[GPU7] epochs: [115/800] train_loss_con: 18.005 energy_loss: 497.507
[GPU7] epochs: [116/800] train_loss_con: 18.018 energy_loss: 493.307
[GPU7] epochs: [117/800] train_loss_con: 17.986 energy_loss: 489.111
[GPU7] epochs: [118/800] train_loss_con: 17.975 energy_loss: 485.702
[GPU7] epochs: [119/800] train_loss_con: 17.970 energy_loss: 482.110
[GPU7] epochs: [120/800] train_loss_con: 17.973 energy_loss: 478.337
[GPU7] epochs: [121/800] train_loss_con: 17.980 energy_loss: 475.147
[GPU7] epochs: [122/800] train_loss_con: 17.935 energy_loss: 471.227
[GPU7] epochs: [123/800] train_loss_con: 17.924 energy_loss: 466.465
[GPU7] epochs: [124/800] train_loss_con: 17.931 energy_loss: 464.808
[GPU7] epochs: [125/800] train_loss_con: 17.935 energy_loss: 459.893
[GPU7] epochs: [126/800] train_loss_con: 17.907 energy_loss: 456.781
[GPU7] epochs: [127/800] train_loss_con: 17.920 energy_loss: 452.783
[GPU7] epochs: [128/800] train_loss_con: 17.895 energy_loss: 449.675
[GPU7] epochs: [129/800] train_loss_con: 17.878 energy_loss: 446.431
[GPU7] epochs: [130/800] train_loss_con: 17.876 energy_loss: 443.670
[GPU7] epochs: [131/800] train_loss_con: 17.872 energy_loss: 440.006
[GPU7] epochs: [132/800] train_loss_con: 17.873 energy_loss: 436.895
[GPU7] epochs: [133/800] train_loss_con: 17.834 energy_loss: 432.975
[GPU7] epochs: [134/800] train_loss_con: 17.865 energy_loss: 430.297
[GPU7] epochs: [135/800] train_loss_con: 17.862 energy_loss: 427.884
[GPU7] epochs: [136/800] train_loss_con: 17.858 energy_loss: 425.524
[GPU7] epochs: [137/800] train_loss_con: 17.848 energy_loss: 423.507
[GPU7] epochs: [138/800] train_loss_con: 17.821 energy_loss: 419.209
[GPU7] epochs: [139/800] train_loss_con: 17.810 energy_loss: 417.176
[GPU7] epochs: [140/800] train_loss_con: 17.815 energy_loss: 414.287
[GPU7] epochs: [141/800] train_loss_con: 17.796 energy_loss: 411.597
[GPU7] epochs: [142/800] train_loss_con: 17.810 energy_loss: 408.624
[GPU7] epochs: [143/800] train_loss_con: 17.792 energy_loss: 406.444
[GPU7] epochs: [144/800] train_loss_con: 17.793 energy_loss: 402.983
[GPU7] epochs: [145/800] train_loss_con: 17.771 energy_loss: 400.829
[GPU7] epochs: [146/800] train_loss_con: 17.784 energy_loss: 397.234
[GPU7] epochs: [147/800] train_loss_con: 17.752 energy_loss: 395.361
[GPU7] epochs: [148/800] train_loss_con: 17.727 energy_loss: 392.655
[GPU7] epochs: [149/800] train_loss_con: 17.746 energy_loss: 390.212
[GPU7] epochs: [150/800] train_loss_con: 17.753 energy_loss: 388.352
[GPU7] epochs: [151/800] train_loss_con: 17.728 energy_loss: 386.081
[GPU7] epochs: [152/800] train_loss_con: 17.718 energy_loss: 384.130
[GPU7] epochs: [153/800] train_loss_con: 17.706 energy_loss: 382.371
[GPU7] epochs: [154/800] train_loss_con: 17.725 energy_loss: 379.768
[GPU7] epochs: [155/800] train_loss_con: 17.690 energy_loss: 377.272
[GPU7] epochs: [156/800] train_loss_con: 17.721 energy_loss: 375.378
[GPU7] epochs: [157/800] train_loss_con: 17.709 energy_loss: 373.551
[GPU7] epochs: [158/800] train_loss_con: 17.689 energy_loss: 370.496
[GPU7] epochs: [159/800] train_loss_con: 17.688 energy_loss: 368.196
[GPU7] epochs: [160/800] train_loss_con: 17.681 energy_loss: 367.258
[GPU7] epochs: [161/800] train_loss_con: 17.680 energy_loss: 364.511
[GPU7] epochs: [162/800] train_loss_con: 17.661 energy_loss: 363.689
[GPU7] epochs: [163/800] train_loss_con: 17.651 energy_loss: 361.257
[GPU7] epochs: [164/800] train_loss_con: 17.631 energy_loss: 359.248
[GPU7] epochs: [165/800] train_loss_con: 17.657 energy_loss: 358.632
[GPU7] epochs: [166/800] train_loss_con: 17.638 energy_loss: 357.261
[GPU7] epochs: [167/800] train_loss_con: 17.617 energy_loss: 354.408
[GPU7] epochs: [168/800] train_loss_con: 17.598 energy_loss: 351.956
[GPU7] epochs: [169/800] train_loss_con: 17.621 energy_loss: 350.345
[GPU7] epochs: [170/800] train_loss_con: 17.609 energy_loss: 349.498
[GPU7] epochs: [171/800] train_loss_con: 17.582 energy_loss: 347.542
[GPU7] epochs: [172/800] train_loss_con: 17.626 energy_loss: 346.263
[GPU7] epochs: [173/800] train_loss_con: 17.594 energy_loss: 343.504
[GPU7] epochs: [174/800] train_loss_con: 17.583 energy_loss: 341.994
[GPU7] epochs: [175/800] train_loss_con: 17.575 energy_loss: 340.957
[GPU7] epochs: [176/800] train_loss_con: 17.534 energy_loss: 340.260
[GPU7] epochs: [177/800] train_loss_con: 17.555 energy_loss: 338.809
[GPU7] epochs: [178/800] train_loss_con: 17.545 energy_loss: 337.244
[GPU7] epochs: [179/800] train_loss_con: 17.545 energy_loss: 335.843
[GPU7] epochs: [180/800] train_loss_con: 17.574 energy_loss: 334.080
[GPU7] epochs: [181/800] train_loss_con: 17.521 energy_loss: 332.152
[GPU7] epochs: [182/800] train_loss_con: 17.533 energy_loss: 331.640
[GPU7] epochs: [183/800] train_loss_con: 17.504 energy_loss: 330.445
[GPU7] epochs: [184/800] train_loss_con: 17.491 energy_loss: 327.889
[GPU7] epochs: [185/800] train_loss_con: 17.485 energy_loss: 326.482
[GPU7] epochs: [186/800] train_loss_con: 17.490 energy_loss: 325.330
[GPU7] epochs: [187/800] train_loss_con: 17.489 energy_loss: 324.373
[GPU7] epochs: [188/800] train_loss_con: 17.480 energy_loss: 323.127
[GPU7] epochs: [189/800] train_loss_con: 17.500 energy_loss: 322.174
[GPU7] epochs: [190/800] train_loss_con: 17.460 energy_loss: 320.781
[GPU7] epochs: [191/800] train_loss_con: 17.478 energy_loss: 320.357
[GPU7] epochs: [192/800] train_loss_con: 17.436 energy_loss: 318.816
[GPU7] epochs: [193/800] train_loss_con: 17.455 energy_loss: 317.960
[GPU7] epochs: [194/800] train_loss_con: 17.465 energy_loss: 316.282
[GPU7] epochs: [195/800] train_loss_con: 17.436 energy_loss: 314.850
[GPU7] epochs: [196/800] train_loss_con: 17.434 energy_loss: 313.537
[GPU7] epochs: [197/800] train_loss_con: 17.408 energy_loss: 312.112
[GPU7] epochs: [198/800] train_loss_con: 17.419 energy_loss: 310.722
[GPU7] epochs: [199/800] train_loss_con: 17.400 energy_loss: 310.424
[GPU7] epochs: [200/800] train_loss_con: 17.401 energy_loss: 308.492
[GPU7] epochs: [201/800] train_loss_con: 17.404 energy_loss: 307.875
[GPU7] epochs: [202/800] train_loss_con: 17.416 energy_loss: 306.640
[GPU7] epochs: [203/800] train_loss_con: 17.377 energy_loss: 305.797
[GPU7] epochs: [204/800] train_loss_con: 17.384 energy_loss: 305.092
[GPU7] epochs: [205/800] train_loss_con: 17.373 energy_loss: 304.936
[GPU7] epochs: [206/800] train_loss_con: 17.363 energy_loss: 303.798
[GPU7] epochs: [207/800] train_loss_con: 17.366 energy_loss: 301.684
[GPU7] epochs: [208/800] train_loss_con: 17.343 energy_loss: 300.405
[GPU7] epochs: [209/800] train_loss_con: 17.362 energy_loss: 298.894
[GPU7] epochs: [210/800] train_loss_con: 17.353 energy_loss: 298.938
[GPU7] epochs: [211/800] train_loss_con: 17.342 energy_loss: 297.917
[GPU7] epochs: [212/800] train_loss_con: 17.331 energy_loss: 297.156
[GPU7] epochs: [213/800] train_loss_con: 17.342 energy_loss: 297.213
[GPU7] epochs: [214/800] train_loss_con: 17.333 energy_loss: 295.449
[GPU7] epochs: [215/800] train_loss_con: 17.318 energy_loss: 293.989
[GPU7] epochs: [216/800] train_loss_con: 17.306 energy_loss: 293.260
[GPU7] epochs: [217/800] train_loss_con: 17.288 energy_loss: 292.734
[GPU7] epochs: [218/800] train_loss_con: 17.313 energy_loss: 291.875
[GPU7] epochs: [219/800] train_loss_con: 17.263 energy_loss: 289.805
[GPU7] epochs: [220/800] train_loss_con: 17.287 energy_loss: 288.926
[GPU7] epochs: [221/800] train_loss_con: 17.267 energy_loss: 289.708
[GPU7] epochs: [222/800] train_loss_con: 17.268 energy_loss: 287.209
[GPU7] epochs: [223/800] train_loss_con: 17.262 energy_loss: 286.569
[GPU7] epochs: [224/800] train_loss_con: 17.288 energy_loss: 285.623
[GPU7] epochs: [225/800] train_loss_con: 17.262 energy_loss: 285.476
[GPU7] epochs: [226/800] train_loss_con: 17.224 energy_loss: 284.612
[GPU7] epochs: [227/800] train_loss_con: 17.273 energy_loss: 282.636
[GPU7] epochs: [228/800] train_loss_con: 17.230 energy_loss: 282.333
[GPU7] epochs: [229/800] train_loss_con: 17.239 energy_loss: 281.622
[GPU7] epochs: [230/800] train_loss_con: 17.236 energy_loss: 280.460
[GPU7] epochs: [231/800] train_loss_con: 17.209 energy_loss: 280.039
[GPU7] epochs: [232/800] train_loss_con: 17.203 energy_loss: 278.915
[GPU7] epochs: [233/800] train_loss_con: 17.193 energy_loss: 277.475
[GPU7] epochs: [234/800] train_loss_con: 17.196 energy_loss: 277.327
[GPU7] epochs: [235/800] train_loss_con: 17.199 energy_loss: 276.103
[GPU7] epochs: [236/800] train_loss_con: 17.200 energy_loss: 275.228
[GPU7] epochs: [237/800] train_loss_con: 17.185 energy_loss: 274.552
[GPU7] epochs: [238/800] train_loss_con: 17.179 energy_loss: 273.879
[GPU7] epochs: [239/800] train_loss_con: 17.203 energy_loss: 273.038
[GPU7] epochs: [240/800] train_loss_con: 17.166 energy_loss: 272.237
[GPU7] epochs: [241/800] train_loss_con: 17.153 energy_loss: 270.978
[GPU7] epochs: [242/800] train_loss_con: 17.161 energy_loss: 271.135
[GPU7] epochs: [243/800] train_loss_con: 17.143 energy_loss: 271.135
[GPU7] epochs: [244/800] train_loss_con: 17.167 energy_loss: 270.060
[GPU7] epochs: [245/800] train_loss_con: 17.165 energy_loss: 268.281
[GPU7] epochs: [246/800] train_loss_con: 17.136 energy_loss: 267.370
[GPU7] epochs: [247/800] train_loss_con: 17.150 energy_loss: 267.647
[GPU7] epochs: [248/800] train_loss_con: 17.114 energy_loss: 266.549
[GPU7] epochs: [249/800] train_loss_con: 17.106 energy_loss: 264.857
[GPU7] epochs: [250/800] train_loss_con: 17.122 energy_loss: 264.337
[GPU7] epochs: [251/800] train_loss_con: 17.090 energy_loss: 263.369
[GPU7] epochs: [252/800] train_loss_con: 17.092 energy_loss: 263.051
[GPU7] epochs: [253/800] train_loss_con: 17.083 energy_loss: 262.073
[GPU7] epochs: [254/800] train_loss_con: 17.103 energy_loss: 261.454
[GPU7] epochs: [255/800] train_loss_con: 17.081 energy_loss: 260.386
[GPU7] epochs: [256/800] train_loss_con: 17.074 energy_loss: 259.782
[GPU7] epochs: [257/800] train_loss_con: 17.067 energy_loss: 258.670
[GPU7] epochs: [258/800] train_loss_con: 17.051 energy_loss: 258.118
[GPU7] epochs: [259/800] train_loss_con: 17.091 energy_loss: 257.660
[GPU7] epochs: [260/800] train_loss_con: 17.056 energy_loss: 257.734
[GPU7] epochs: [261/800] train_loss_con: 17.064 energy_loss: 256.326
[GPU7] epochs: [262/800] train_loss_con: 17.063 energy_loss: 255.922
[GPU7] epochs: [263/800] train_loss_con: 17.041 energy_loss: 254.366
[GPU7] epochs: [264/800] train_loss_con: 17.055 energy_loss: 253.723
[GPU7] epochs: [265/800] train_loss_con: 17.037 energy_loss: 254.018
[GPU7] epochs: [266/800] train_loss_con: 17.021 energy_loss: 252.415
[GPU7] epochs: [267/800] train_loss_con: 17.015 energy_loss: 252.249
[GPU7] epochs: [268/800] train_loss_con: 16.991 energy_loss: 251.984
[GPU7] epochs: [269/800] train_loss_con: 17.034 energy_loss: 250.484
[GPU7] epochs: [270/800] train_loss_con: 17.006 energy_loss: 249.574
[GPU7] epochs: [271/800] train_loss_con: 16.995 energy_loss: 249.247
[GPU7] epochs: [272/800] train_loss_con: 16.972 energy_loss: 249.047
[GPU7] epochs: [273/800] train_loss_con: 16.974 energy_loss: 247.715
[GPU7] epochs: [274/800] train_loss_con: 16.993 energy_loss: 246.780
[GPU7] epochs: [275/800] train_loss_con: 16.972 energy_loss: 246.519
[GPU7] epochs: [276/800] train_loss_con: 16.942 energy_loss: 246.359
[GPU7] epochs: [277/800] train_loss_con: 16.961 energy_loss: 244.467
[GPU7] epochs: [278/800] train_loss_con: 16.922 energy_loss: 244.768
[GPU7] epochs: [279/800] train_loss_con: 16.937 energy_loss: 243.699
[GPU7] epochs: [280/800] train_loss_con: 16.969 energy_loss: 243.943
[GPU7] epochs: [281/800] train_loss_con: 16.965 energy_loss: 243.451
[GPU7] epochs: [282/800] train_loss_con: 16.951 energy_loss: 241.361
[GPU7] epochs: [283/800] train_loss_con: 16.933 energy_loss: 241.771
[GPU7] epochs: [284/800] train_loss_con: 16.925 energy_loss: 241.763
[GPU7] epochs: [285/800] train_loss_con: 16.928 energy_loss: 240.662
[GPU7] epochs: [286/800] train_loss_con: 16.935 energy_loss: 239.127
[GPU7] epochs: [287/800] train_loss_con: 16.945 energy_loss: 238.526
[GPU7] epochs: [288/800] train_loss_con: 16.904 energy_loss: 237.749
[GPU7] epochs: [289/800] train_loss_con: 16.921 energy_loss: 237.777
[GPU7] epochs: [290/800] train_loss_con: 16.900 energy_loss: 237.516
[GPU7] epochs: [291/800] train_loss_con: 16.869 energy_loss: 236.121
[GPU7] epochs: [292/800] train_loss_con: 16.880 energy_loss: 236.181
[GPU7] epochs: [293/800] train_loss_con: 16.892 energy_loss: 235.697
[GPU7] epochs: [294/800] train_loss_con: 16.873 energy_loss: 234.596
[GPU7] epochs: [295/800] train_loss_con: 16.867 energy_loss: 234.058
[GPU7] epochs: [296/800] train_loss_con: 16.853 energy_loss: 233.541
[GPU7] epochs: [297/800] train_loss_con: 16.884 energy_loss: 233.229
[GPU7] epochs: [298/800] train_loss_con: 16.882 energy_loss: 232.973
[GPU7] epochs: [299/800] train_loss_con: 16.863 energy_loss: 233.127
[GPU7] epochs: [300/800] train_loss_con: 16.866 energy_loss: 232.087
[GPU7] epochs: [301/800] train_loss_con: 16.846 energy_loss: 231.108
[GPU7] epochs: [302/800] train_loss_con: 16.821 energy_loss: 229.538
[GPU7] epochs: [303/800] train_loss_con: 16.848 energy_loss: 229.592
[GPU7] epochs: [304/800] train_loss_con: 16.837 energy_loss: 228.918
[GPU7] epochs: [305/800] train_loss_con: 16.803 energy_loss: 228.884
[GPU7] epochs: [306/800] train_loss_con: 16.845 energy_loss: 228.853
[GPU7] epochs: [307/800] train_loss_con: 16.811 energy_loss: 227.594
[GPU7] epochs: [308/800] train_loss_con: 16.838 energy_loss: 226.736
[GPU7] epochs: [309/800] train_loss_con: 16.783 energy_loss: 226.443
[GPU7] epochs: [310/800] train_loss_con: 16.780 energy_loss: 225.489
[GPU7] epochs: [311/800] train_loss_con: 16.799 energy_loss: 225.342
[GPU7] epochs: [312/800] train_loss_con: 16.777 energy_loss: 223.879
[GPU7] epochs: [313/800] train_loss_con: 16.804 energy_loss: 224.060
[GPU7] epochs: [314/800] train_loss_con: 16.761 energy_loss: 224.227
[GPU7] epochs: [315/800] train_loss_con: 16.783 energy_loss: 223.704
[GPU7] epochs: [316/800] train_loss_con: 16.748 energy_loss: 222.705
[GPU7] epochs: [317/800] train_loss_con: 16.768 energy_loss: 222.407
[GPU7] epochs: [318/800] train_loss_con: 16.766 energy_loss: 221.372
[GPU7] epochs: [319/800] train_loss_con: 16.747 energy_loss: 220.908
[GPU7] epochs: [320/800] train_loss_con: 16.728 energy_loss: 221.313
[GPU7] epochs: [321/800] train_loss_con: 16.764 energy_loss: 219.986
[GPU7] epochs: [322/800] train_loss_con: 16.718 energy_loss: 219.273
[GPU7] epochs: [323/800] train_loss_con: 16.719 energy_loss: 218.861
[GPU7] epochs: [324/800] train_loss_con: 16.703 energy_loss: 218.893
[GPU7] epochs: [325/800] train_loss_con: 16.714 energy_loss: 218.864
[GPU7] epochs: [326/800] train_loss_con: 16.725 energy_loss: 217.544
[GPU7] epochs: [327/800] train_loss_con: 16.725 energy_loss: 217.875
[GPU7] epochs: [328/800] train_loss_con: 16.724 energy_loss: 216.728
[GPU7] epochs: [329/800] train_loss_con: 16.711 energy_loss: 217.133
[GPU7] epochs: [330/800] train_loss_con: 16.702 energy_loss: 215.837
[GPU7] epochs: [331/800] train_loss_con: 16.687 energy_loss: 215.093
[GPU7] epochs: [332/800] train_loss_con: 16.667 energy_loss: 214.226
[GPU7] epochs: [333/800] train_loss_con: 16.706 energy_loss: 214.774
[GPU7] epochs: [334/800] train_loss_con: 16.694 energy_loss: 214.432
[GPU7] epochs: [335/800] train_loss_con: 16.661 energy_loss: 212.954
[GPU7] epochs: [336/800] train_loss_con: 16.649 energy_loss: 213.466
[GPU7] epochs: [337/800] train_loss_con: 16.648 energy_loss: 213.405
[GPU7] epochs: [338/800] train_loss_con: 16.658 energy_loss: 212.565
[GPU7] epochs: [339/800] train_loss_con: 16.660 energy_loss: 211.646
[GPU7] epochs: [340/800] train_loss_con: 16.662 energy_loss: 212.111
[GPU7] epochs: [341/800] train_loss_con: 16.637 energy_loss: 210.934
[GPU7] epochs: [342/800] train_loss_con: 16.653 energy_loss: 210.129
[GPU7] epochs: [343/800] train_loss_con: 16.630 energy_loss: 209.879
[GPU7] epochs: [344/800] train_loss_con: 16.627 energy_loss: 209.827
[GPU7] epochs: [345/800] train_loss_con: 16.601 energy_loss: 208.612
[GPU7] epochs: [346/800] train_loss_con: 16.597 energy_loss: 209.335
[GPU7] epochs: [347/800] train_loss_con: 16.588 energy_loss: 208.072
[GPU7] epochs: [348/800] train_loss_con: 16.598 energy_loss: 207.427
[GPU7] epochs: [349/800] train_loss_con: 16.612 energy_loss: 207.743
[GPU7] epochs: [350/800] train_loss_con: 16.573 energy_loss: 207.015
[GPU7] epochs: [351/800] train_loss_con: 16.574 energy_loss: 206.719
[GPU7] epochs: [352/800] train_loss_con: 16.585 energy_loss: 206.271
[GPU7] epochs: [353/800] train_loss_con: 16.575 energy_loss: 205.500
[GPU7] epochs: [354/800] train_loss_con: 16.576 energy_loss: 204.442
[GPU7] epochs: [355/800] train_loss_con: 16.545 energy_loss: 204.007
[GPU7] epochs: [356/800] train_loss_con: 16.565 energy_loss: 203.592
[GPU7] epochs: [357/800] train_loss_con: 16.569 energy_loss: 202.916
[GPU7] epochs: [358/800] train_loss_con: 16.535 energy_loss: 203.133
[GPU7] epochs: [359/800] train_loss_con: 16.559 energy_loss: 203.199
[GPU7] epochs: [360/800] train_loss_con: 16.567 energy_loss: 201.894
[GPU7] epochs: [361/800] train_loss_con: 16.545 energy_loss: 201.724
[GPU7] epochs: [362/800] train_loss_con: 16.566 energy_loss: 201.052
[GPU7] epochs: [363/800] train_loss_con: 16.539 energy_loss: 200.596
[GPU7] epochs: [364/800] train_loss_con: 16.486 energy_loss: 200.003
[GPU7] epochs: [365/800] train_loss_con: 16.497 energy_loss: 199.880
[GPU7] epochs: [366/800] train_loss_con: 16.515 energy_loss: 199.201
[GPU7] epochs: [367/800] train_loss_con: 16.530 energy_loss: 200.120
[GPU7] epochs: [368/800] train_loss_con: 16.504 energy_loss: 198.762
[GPU7] epochs: [369/800] train_loss_con: 16.467 energy_loss: 198.596
[GPU7] epochs: [370/800] train_loss_con: 16.490 energy_loss: 198.514
[GPU7] epochs: [371/800] train_loss_con: 16.502 energy_loss: 198.513
[GPU7] epochs: [372/800] train_loss_con: 16.515 energy_loss: 197.423
[GPU7] epochs: [373/800] train_loss_con: 16.490 energy_loss: 197.208
[GPU7] epochs: [374/800] train_loss_con: 16.496 energy_loss: 197.479
[GPU7] epochs: [375/800] train_loss_con: 16.477 energy_loss: 196.128
[GPU7] epochs: [376/800] train_loss_con: 16.453 energy_loss: 195.922
[GPU7] epochs: [377/800] train_loss_con: 16.516 energy_loss: 195.602
[GPU7] epochs: [378/800] train_loss_con: 16.461 energy_loss: 194.890
[GPU7] epochs: [379/800] train_loss_con: 16.458 energy_loss: 195.093
[GPU7] epochs: [380/800] train_loss_con: 16.462 energy_loss: 194.684
[GPU7] epochs: [381/800] train_loss_con: 16.414 energy_loss: 194.471
[GPU7] epochs: [382/800] train_loss_con: 16.421 energy_loss: 193.873
[GPU7] epochs: [383/800] train_loss_con: 16.436 energy_loss: 193.864
[GPU7] epochs: [384/800] train_loss_con: 16.452 energy_loss: 193.305
[GPU7] epochs: [385/800] train_loss_con: 16.460 energy_loss: 192.982
[GPU7] epochs: [386/800] train_loss_con: 16.429 energy_loss: 192.669
[GPU7] epochs: [387/800] train_loss_con: 16.440 energy_loss: 192.022
[GPU7] epochs: [388/800] train_loss_con: 16.441 energy_loss: 191.716
[GPU7] epochs: [389/800] train_loss_con: 16.416 energy_loss: 191.489
[GPU7] epochs: [390/800] train_loss_con: 16.450 energy_loss: 191.388
[GPU7] epochs: [391/800] train_loss_con: 16.427 energy_loss: 190.825
[GPU7] epochs: [392/800] train_loss_con: 16.400 energy_loss: 190.312
[GPU7] epochs: [393/800] train_loss_con: 16.398 energy_loss: 189.310
[GPU7] epochs: [394/800] train_loss_con: 16.402 energy_loss: 189.620
[GPU7] epochs: [395/800] train_loss_con: 16.368 energy_loss: 188.634
[GPU7] epochs: [396/800] train_loss_con: 16.370 energy_loss: 188.090
[GPU7] epochs: [397/800] train_loss_con: 16.384 energy_loss: 188.347
[GPU7] epochs: [398/800] train_loss_con: 16.375 energy_loss: 188.460
[GPU7] epochs: [399/800] train_loss_con: 16.347 energy_loss: 188.160
[GPU7] epochs: [400/800] train_loss_con: 16.342 energy_loss: 187.261
[GPU7] epochs: [401/800] train_loss_con: 16.372 energy_loss: 187.380
[GPU7] epochs: [402/800] train_loss_con: 16.383 energy_loss: 187.410
[GPU7] epochs: [403/800] train_loss_con: 16.333 energy_loss: 186.986
[GPU7] epochs: [404/800] train_loss_con: 16.340 energy_loss: 186.334
[GPU7] epochs: [405/800] train_loss_con: 16.358 energy_loss: 185.493
[GPU7] epochs: [406/800] train_loss_con: 16.299 energy_loss: 185.293
[GPU7] epochs: [407/800] train_loss_con: 16.306 energy_loss: 184.955
[GPU7] epochs: [408/800] train_loss_con: 16.329 energy_loss: 184.611
[GPU7] epochs: [409/800] train_loss_con: 16.355 energy_loss: 184.701
[GPU7] epochs: [410/800] train_loss_con: 16.336 energy_loss: 184.856
[GPU7] epochs: [411/800] train_loss_con: 16.325 energy_loss: 184.051
[GPU7] epochs: [412/800] train_loss_con: 16.318 energy_loss: 183.935
[GPU7] epochs: [413/800] train_loss_con: 16.310 energy_loss: 183.365
[GPU7] epochs: [414/800] train_loss_con: 16.286 energy_loss: 183.419
[GPU7] epochs: [415/800] train_loss_con: 16.312 energy_loss: 182.232
[GPU7] epochs: [416/800] train_loss_con: 16.316 energy_loss: 182.214
[GPU7] epochs: [417/800] train_loss_con: 16.303 energy_loss: 182.106
[GPU7] epochs: [418/800] train_loss_con: 16.290 energy_loss: 181.796
[GPU7] epochs: [419/800] train_loss_con: 16.301 energy_loss: 181.581
[GPU7] epochs: [420/800] train_loss_con: 16.267 energy_loss: 181.076
[GPU7] epochs: [421/800] train_loss_con: 16.309 energy_loss: 180.910
[GPU7] epochs: [422/800] train_loss_con: 16.300 energy_loss: 180.686
[GPU7] epochs: [423/800] train_loss_con: 16.257 energy_loss: 180.715
[GPU7] epochs: [424/800] train_loss_con: 16.298 energy_loss: 179.937
[GPU7] epochs: [425/800] train_loss_con: 16.268 energy_loss: 180.217
[GPU7] epochs: [426/800] train_loss_con: 16.249 energy_loss: 179.872
[GPU7] epochs: [427/800] train_loss_con: 16.247 energy_loss: 179.555
[GPU7] epochs: [428/800] train_loss_con: 16.268 energy_loss: 179.257
[GPU7] epochs: [429/800] train_loss_con: 16.252 energy_loss: 178.788
[GPU7] epochs: [430/800] train_loss_con: 16.256 energy_loss: 178.769
[GPU7] epochs: [431/800] train_loss_con: 16.230 energy_loss: 178.934
[GPU7] epochs: [432/800] train_loss_con: 16.213 energy_loss: 178.012
[GPU7] epochs: [433/800] train_loss_con: 16.233 energy_loss: 178.005
[GPU7] epochs: [434/800] train_loss_con: 16.239 energy_loss: 177.472
[GPU7] epochs: [435/800] train_loss_con: 16.217 energy_loss: 177.395
[GPU7] epochs: [436/800] train_loss_con: 16.231 energy_loss: 176.842
[GPU7] epochs: [437/800] train_loss_con: 16.205 energy_loss: 176.930
[GPU7] epochs: [438/800] train_loss_con: 16.177 energy_loss: 176.672
[GPU7] epochs: [439/800] train_loss_con: 16.202 energy_loss: 175.880
[GPU7] epochs: [440/800] train_loss_con: 16.207 energy_loss: 175.926
[GPU7] epochs: [441/800] train_loss_con: 16.198 energy_loss: 175.526
[GPU7] epochs: [442/800] train_loss_con: 16.195 energy_loss: 175.370
[GPU7] epochs: [443/800] train_loss_con: 16.201 energy_loss: 174.914
[GPU7] epochs: [444/800] train_loss_con: 16.165 energy_loss: 175.148
[GPU7] epochs: [445/800] train_loss_con: 16.231 energy_loss: 175.127
[GPU7] epochs: [446/800] train_loss_con: 16.184 energy_loss: 174.674
[GPU7] epochs: [447/800] train_loss_con: 16.190 energy_loss: 174.348
[GPU7] epochs: [448/800] train_loss_con: 16.140 energy_loss: 173.717
[GPU7] epochs: [449/800] train_loss_con: 16.127 energy_loss: 173.654
[GPU7] epochs: [450/800] train_loss_con: 16.163 energy_loss: 172.857
[GPU7] epochs: [451/800] train_loss_con: 16.169 energy_loss: 173.147
[GPU7] epochs: [452/800] train_loss_con: 16.156 energy_loss: 172.877
[GPU7] epochs: [453/800] train_loss_con: 16.146 energy_loss: 172.625
[GPU7] epochs: [454/800] train_loss_con: 16.123 energy_loss: 172.415
[GPU7] epochs: [455/800] train_loss_con: 16.116 energy_loss: 172.521
[GPU7] epochs: [456/800] train_loss_con: 16.142 energy_loss: 171.646
[GPU7] epochs: [457/800] train_loss_con: 16.113 energy_loss: 171.552
[GPU7] epochs: [458/800] train_loss_con: 16.127 energy_loss: 171.283
[GPU7] epochs: [459/800] train_loss_con: 16.107 energy_loss: 171.206
[GPU7] epochs: [460/800] train_loss_con: 16.121 energy_loss: 171.035
[GPU7] epochs: [461/800] train_loss_con: 16.113 energy_loss: 171.410
[GPU7] epochs: [462/800] train_loss_con: 16.102 energy_loss: 171.048
[GPU7] epochs: [463/800] train_loss_con: 16.093 energy_loss: 170.232
[GPU7] epochs: [464/800] train_loss_con: 16.097 energy_loss: 170.110
[GPU7] epochs: [465/800] train_loss_con: 16.102 energy_loss: 169.661
[GPU7] epochs: [466/800] train_loss_con: 16.104 energy_loss: 169.415
[GPU7] epochs: [467/800] train_loss_con: 16.109 energy_loss: 169.794
[GPU7] epochs: [468/800] train_loss_con: 16.026 energy_loss: 169.391
[GPU7] epochs: [469/800] train_loss_con: 16.056 energy_loss: 169.082
[GPU7] epochs: [470/800] train_loss_con: 16.111 energy_loss: 168.775
[GPU7] epochs: [471/800] train_loss_con: 16.069 energy_loss: 168.251
[GPU7] epochs: [472/800] train_loss_con: 16.088 energy_loss: 168.318
[GPU7] epochs: [473/800] train_loss_con: 16.063 energy_loss: 167.708
[GPU7] epochs: [474/800] train_loss_con: 16.015 energy_loss: 167.668
[GPU7] epochs: [475/800] train_loss_con: 16.034 energy_loss: 167.577
[GPU7] epochs: [476/800] train_loss_con: 16.082 energy_loss: 167.346
[GPU7] epochs: [477/800] train_loss_con: 16.031 energy_loss: 167.192
[GPU7] epochs: [478/800] train_loss_con: 16.043 energy_loss: 166.752
[GPU7] epochs: [479/800] train_loss_con: 16.039 energy_loss: 166.523
[GPU7] epochs: [480/800] train_loss_con: 16.032 energy_loss: 166.080
[GPU7] epochs: [481/800] train_loss_con: 16.038 energy_loss: 166.212
[GPU7] epochs: [482/800] train_loss_con: 16.051 energy_loss: 166.041
[GPU7] epochs: [483/800] train_loss_con: 16.030 energy_loss: 166.157
[GPU7] epochs: [484/800] train_loss_con: 16.047 energy_loss: 165.926
[GPU7] epochs: [485/800] train_loss_con: 16.018 energy_loss: 165.840
[GPU7] epochs: [486/800] train_loss_con: 16.000 energy_loss: 165.472
[GPU7] epochs: [487/800] train_loss_con: 16.045 energy_loss: 164.830
[GPU7] epochs: [488/800] train_loss_con: 15.965 energy_loss: 164.869
[GPU7] epochs: [489/800] train_loss_con: 15.999 energy_loss: 164.657
[GPU7] epochs: [490/800] train_loss_con: 16.018 energy_loss: 164.448
[GPU7] epochs: [491/800] train_loss_con: 15.982 energy_loss: 164.829
[GPU7] epochs: [492/800] train_loss_con: 15.967 energy_loss: 164.580
[GPU7] epochs: [493/800] train_loss_con: 16.033 energy_loss: 163.960
[GPU7] epochs: [494/800] train_loss_con: 15.990 energy_loss: 163.927
[GPU7] epochs: [495/800] train_loss_con: 15.990 energy_loss: 163.394
[GPU7] epochs: [496/800] train_loss_con: 15.948 energy_loss: 163.169
[GPU7] epochs: [497/800] train_loss_con: 15.987 energy_loss: 163.461
[GPU7] epochs: [498/800] train_loss_con: 15.966 energy_loss: 162.773
[GPU7] epochs: [499/800] train_loss_con: 15.999 energy_loss: 162.538
[GPU7] epochs: [500/800] train_loss_con: 15.952 energy_loss: 162.231
[GPU7] epochs: [501/800] train_loss_con: 16.005 energy_loss: 162.315
[GPU7] epochs: [502/800] train_loss_con: 15.938 energy_loss: 162.259
[GPU7] epochs: [503/800] train_loss_con: 15.908 energy_loss: 161.673
[GPU7] epochs: [504/800] train_loss_con: 15.941 energy_loss: 161.167
[GPU7] epochs: [505/800] train_loss_con: 15.958 energy_loss: 160.626
[GPU7] epochs: [506/800] train_loss_con: 15.941 energy_loss: 160.925
[GPU7] epochs: [507/800] train_loss_con: 15.933 energy_loss: 161.075
[GPU7] epochs: [508/800] train_loss_con: 15.911 energy_loss: 160.795
[GPU7] epochs: [509/800] train_loss_con: 15.918 energy_loss: 160.815
[GPU7] epochs: [510/800] train_loss_con: 15.923 energy_loss: 160.106
[GPU7] epochs: [511/800] train_loss_con: 15.924 energy_loss: 160.227
[GPU7] epochs: [512/800] train_loss_con: 15.926 energy_loss: 160.770
[GPU7] epochs: [513/800] train_loss_con: 15.931 energy_loss: 160.718
[GPU7] epochs: [514/800] train_loss_con: 15.913 energy_loss: 160.462
[GPU7] epochs: [515/800] train_loss_con: 15.901 energy_loss: 159.958
[GPU7] epochs: [516/800] train_loss_con: 15.861 energy_loss: 159.912
[GPU7] epochs: [517/800] train_loss_con: 15.893 energy_loss: 159.083
[GPU7] epochs: [518/800] train_loss_con: 15.860 energy_loss: 159.197
[GPU7] epochs: [519/800] train_loss_con: 15.901 energy_loss: 159.035
[GPU7] epochs: [520/800] train_loss_con: 15.896 energy_loss: 158.666
[GPU7] epochs: [521/800] train_loss_con: 15.888 energy_loss: 159.131
[GPU7] epochs: [522/800] train_loss_con: 15.893 energy_loss: 158.634
[GPU7] epochs: [523/800] train_loss_con: 15.827 energy_loss: 158.208
[GPU7] epochs: [524/800] train_loss_con: 15.866 energy_loss: 158.020
[GPU7] epochs: [525/800] train_loss_con: 15.890 energy_loss: 157.989
[GPU7] epochs: [526/800] train_loss_con: 15.856 energy_loss: 157.599
[GPU7] epochs: [527/800] train_loss_con: 15.861 energy_loss: 157.598
[GPU7] epochs: [528/800] train_loss_con: 15.867 energy_loss: 157.852
[GPU7] epochs: [529/800] train_loss_con: 15.841 energy_loss: 157.550
[GPU7] epochs: [530/800] train_loss_con: 15.845 energy_loss: 157.293
[GPU7] epochs: [531/800] train_loss_con: 15.860 energy_loss: 157.246
[GPU7] epochs: [532/800] train_loss_con: 15.823 energy_loss: 157.093
[GPU7] epochs: [533/800] train_loss_con: 15.807 energy_loss: 156.819
[GPU7] epochs: [534/800] train_loss_con: 15.839 energy_loss: 156.784
[GPU7] epochs: [535/800] train_loss_con: 15.818 energy_loss: 156.144
[GPU7] epochs: [536/800] train_loss_con: 15.849 energy_loss: 156.035
[GPU7] epochs: [537/800] train_loss_con: 15.806 energy_loss: 156.253
[GPU7] epochs: [538/800] train_loss_con: 15.845 energy_loss: 155.836
[GPU7] epochs: [539/800] train_loss_con: 15.817 energy_loss: 156.040
[GPU7] epochs: [540/800] train_loss_con: 15.806 energy_loss: 155.428
[GPU7] epochs: [541/800] train_loss_con: 15.814 energy_loss: 155.253
[GPU7] epochs: [542/800] train_loss_con: 15.821 energy_loss: 155.704
[GPU7] epochs: [543/800] train_loss_con: 15.813 energy_loss: 155.514
[GPU7] epochs: [544/800] train_loss_con: 15.789 energy_loss: 155.097
[GPU7] epochs: [545/800] train_loss_con: 15.792 energy_loss: 155.029
[GPU7] epochs: [546/800] train_loss_con: 15.831 energy_loss: 154.940
[GPU7] epochs: [547/800] train_loss_con: 15.802 energy_loss: 154.756
[GPU7] epochs: [548/800] train_loss_con: 15.795 energy_loss: 154.438
[GPU7] epochs: [549/800] train_loss_con: 15.823 energy_loss: 154.471
[GPU7] epochs: [550/800] train_loss_con: 15.805 energy_loss: 154.460
[GPU7] epochs: [551/800] train_loss_con: 15.828 energy_loss: 154.289
[GPU7] epochs: [552/800] train_loss_con: 15.767 energy_loss: 153.783
[GPU7] epochs: [553/800] train_loss_con: 15.789 energy_loss: 153.902
[GPU7] epochs: [554/800] train_loss_con: 15.762 energy_loss: 153.693
[GPU7] epochs: [555/800] train_loss_con: 15.772 energy_loss: 153.604
[GPU7] epochs: [556/800] train_loss_con: 15.783 energy_loss: 153.475
[GPU7] epochs: [557/800] train_loss_con: 15.756 energy_loss: 153.320
[GPU7] epochs: [558/800] train_loss_con: 15.786 energy_loss: 153.059
[GPU7] epochs: [559/800] train_loss_con: 15.731 energy_loss: 153.322
[GPU7] epochs: [560/800] train_loss_con: 15.727 energy_loss: 152.913
[GPU7] epochs: [561/800] train_loss_con: 15.754 energy_loss: 153.016
[GPU7] epochs: [562/800] train_loss_con: 15.747 energy_loss: 152.770
[GPU7] epochs: [563/800] train_loss_con: 15.762 energy_loss: 152.240
[GPU7] epochs: [564/800] train_loss_con: 15.731 energy_loss: 152.108
[GPU7] epochs: [565/800] train_loss_con: 15.734 energy_loss: 151.802
[GPU7] epochs: [566/800] train_loss_con: 15.719 energy_loss: 152.022
[GPU7] epochs: [567/800] train_loss_con: 15.749 energy_loss: 151.952
[GPU7] epochs: [568/800] train_loss_con: 15.724 energy_loss: 151.817
[GPU7] epochs: [569/800] train_loss_con: 15.714 energy_loss: 151.909
[GPU7] epochs: [570/800] train_loss_con: 15.721 energy_loss: 151.529
[GPU7] epochs: [571/800] train_loss_con: 15.714 energy_loss: 151.244
[GPU7] epochs: [572/800] train_loss_con: 15.721 energy_loss: 151.939
[GPU7] epochs: [573/800] train_loss_con: 15.711 energy_loss: 151.687
[GPU7] epochs: [574/800] train_loss_con: 15.710 energy_loss: 151.675
[GPU7] epochs: [575/800] train_loss_con: 15.736 energy_loss: 151.349
[GPU7] epochs: [576/800] train_loss_con: 15.711 energy_loss: 151.131
[GPU7] epochs: [577/800] train_loss_con: 15.667 energy_loss: 151.266
[GPU7] epochs: [578/800] train_loss_con: 15.720 energy_loss: 150.933
[GPU7] epochs: [579/800] train_loss_con: 15.729 energy_loss: 150.884
[GPU7] epochs: [580/800] train_loss_con: 15.697 energy_loss: 150.682
[GPU7] epochs: [581/800] train_loss_con: 15.690 energy_loss: 150.330
[GPU7] epochs: [582/800] train_loss_con: 15.716 energy_loss: 150.218
[GPU7] epochs: [583/800] train_loss_con: 15.696 energy_loss: 150.551
[GPU7] epochs: [584/800] train_loss_con: 15.681 energy_loss: 150.054
[GPU7] epochs: [585/800] train_loss_con: 15.698 energy_loss: 149.642
[GPU7] epochs: [586/800] train_loss_con: 15.657 energy_loss: 149.561
[GPU7] epochs: [587/800] train_loss_con: 15.677 energy_loss: 149.669
[GPU7] epochs: [588/800] train_loss_con: 15.687 energy_loss: 149.863
[GPU7] epochs: [589/800] train_loss_con: 15.673 energy_loss: 149.744
[GPU7] epochs: [590/800] train_loss_con: 15.659 energy_loss: 149.658
[GPU7] epochs: [591/800] train_loss_con: 15.647 energy_loss: 149.359
[GPU7] epochs: [592/800] train_loss_con: 15.670 energy_loss: 149.195
[GPU7] epochs: [593/800] train_loss_con: 15.650 energy_loss: 149.100
[GPU7] epochs: [594/800] train_loss_con: 15.647 energy_loss: 149.131
[GPU7] epochs: [595/800] train_loss_con: 15.618 energy_loss: 148.997
[GPU7] epochs: [596/800] train_loss_con: 15.630 energy_loss: 148.766
[GPU7] epochs: [597/800] train_loss_con: 15.651 energy_loss: 148.505
[GPU7] epochs: [598/800] train_loss_con: 15.677 energy_loss: 148.455
[GPU7] epochs: [599/800] train_loss_con: 15.684 energy_loss: 148.548
[GPU7] epochs: [600/800] train_loss_con: 15.635 energy_loss: 148.613
[GPU7] epochs: [601/800] train_loss_con: 15.668 energy_loss: 148.069
[GPU7] epochs: [602/800] train_loss_con: 15.636 energy_loss: 148.033
[GPU7] epochs: [603/800] train_loss_con: 15.603 energy_loss: 147.912
[GPU7] epochs: [604/800] train_loss_con: 15.641 energy_loss: 147.693
[GPU7] epochs: [605/800] train_loss_con: 15.622 energy_loss: 147.901
[GPU7] epochs: [606/800] train_loss_con: 15.611 energy_loss: 147.671
[GPU7] epochs: [607/800] train_loss_con: 15.610 energy_loss: 147.644
[GPU7] epochs: [608/800] train_loss_con: 15.627 energy_loss: 147.627
[GPU7] epochs: [609/800] train_loss_con: 15.629 energy_loss: 147.757
[GPU7] epochs: [610/800] train_loss_con: 15.590 energy_loss: 147.636
[GPU7] epochs: [611/800] train_loss_con: 15.604 energy_loss: 147.262
[GPU7] epochs: [612/800] train_loss_con: 15.620 energy_loss: 147.660
[GPU7] epochs: [613/800] train_loss_con: 15.657 energy_loss: 147.371
[GPU7] epochs: [614/800] train_loss_con: 15.612 energy_loss: 147.031
[GPU7] epochs: [615/800] train_loss_con: 15.609 energy_loss: 146.996
[GPU7] epochs: [616/800] train_loss_con: 15.608 energy_loss: 146.907
[GPU7] epochs: [617/800] train_loss_con: 15.608 energy_loss: 147.005
[GPU7] epochs: [618/800] train_loss_con: 15.597 energy_loss: 146.602
[GPU7] epochs: [619/800] train_loss_con: 15.575 energy_loss: 146.412
[GPU7] epochs: [620/800] train_loss_con: 15.602 energy_loss: 146.649
[GPU7] epochs: [621/800] train_loss_con: 15.593 energy_loss: 146.418
[GPU7] epochs: [622/800] train_loss_con: 15.573 energy_loss: 146.415
[GPU7] epochs: [623/800] train_loss_con: 15.584 energy_loss: 146.358
[GPU7] epochs: [624/800] train_loss_con: 15.587 energy_loss: 146.479
[GPU7] epochs: [625/800] train_loss_con: 15.586 energy_loss: 146.164
[GPU7] epochs: [626/800] train_loss_con: 15.581 energy_loss: 146.081
[GPU7] epochs: [627/800] train_loss_con: 15.533 energy_loss: 145.638
[GPU7] epochs: [628/800] train_loss_con: 15.576 energy_loss: 145.396
[GPU7] epochs: [629/800] train_loss_con: 15.527 energy_loss: 145.759
[GPU7] epochs: [630/800] train_loss_con: 15.570 energy_loss: 145.546
[GPU7] epochs: [631/800] train_loss_con: 15.576 energy_loss: 145.548
[GPU7] epochs: [632/800] train_loss_con: 15.529 energy_loss: 145.384
[GPU7] epochs: [633/800] train_loss_con: 15.572 energy_loss: 145.477
[GPU7] epochs: [634/800] train_loss_con: 15.559 energy_loss: 145.048
[GPU7] epochs: [635/800] train_loss_con: 15.554 energy_loss: 145.272
[GPU7] epochs: [636/800] train_loss_con: 15.571 energy_loss: 145.355
[GPU7] epochs: [637/800] train_loss_con: 15.563 energy_loss: 145.029
[GPU7] epochs: [638/800] train_loss_con: 15.568 energy_loss: 145.048
[GPU7] epochs: [639/800] train_loss_con: 15.526 energy_loss: 144.910
[GPU7] epochs: [640/800] train_loss_con: 15.545 energy_loss: 144.964
[GPU7] epochs: [641/800] train_loss_con: 15.543 energy_loss: 144.811
[GPU7] epochs: [642/800] train_loss_con: 15.538 energy_loss: 144.720
[GPU7] epochs: [643/800] train_loss_con: 15.561 energy_loss: 144.612
[GPU7] epochs: [644/800] train_loss_con: 15.510 energy_loss: 144.604
[GPU7] epochs: [645/800] train_loss_con: 15.556 energy_loss: 144.553
[GPU7] epochs: [646/800] train_loss_con: 15.524 energy_loss: 144.788
[GPU7] epochs: [647/800] train_loss_con: 15.542 energy_loss: 144.403
[GPU7] epochs: [648/800] train_loss_con: 15.527 energy_loss: 144.160
[GPU7] epochs: [649/800] train_loss_con: 15.525 energy_loss: 144.280
[GPU7] epochs: [650/800] train_loss_con: 15.509 energy_loss: 144.235
[GPU7] epochs: [651/800] train_loss_con: 15.499 energy_loss: 144.175
[GPU7] epochs: [652/800] train_loss_con: 15.561 energy_loss: 144.044
[GPU7] epochs: [653/800] train_loss_con: 15.525 energy_loss: 144.251
[GPU7] epochs: [654/800] train_loss_con: 15.535 energy_loss: 144.196
[GPU7] epochs: [655/800] train_loss_con: 15.529 energy_loss: 143.924
[GPU7] epochs: [656/800] train_loss_con: 15.537 energy_loss: 144.051
[GPU7] epochs: [657/800] train_loss_con: 15.511 energy_loss: 144.013
[GPU7] epochs: [658/800] train_loss_con: 15.525 energy_loss: 143.987
[GPU7] epochs: [659/800] train_loss_con: 15.519 energy_loss: 143.953
[GPU7] epochs: [660/800] train_loss_con: 15.503 energy_loss: 143.661
[GPU7] epochs: [661/800] train_loss_con: 15.495 energy_loss: 143.613
[GPU7] epochs: [662/800] train_loss_con: 15.493 energy_loss: 143.717
[GPU7] epochs: [663/800] train_loss_con: 15.474 energy_loss: 143.603
[GPU7] epochs: [664/800] train_loss_con: 15.482 energy_loss: 143.742
[GPU7] epochs: [665/800] train_loss_con: 15.500 energy_loss: 143.850
[GPU7] epochs: [666/800] train_loss_con: 15.518 energy_loss: 143.648
[GPU7] epochs: [667/800] train_loss_con: 15.525 energy_loss: 143.671
[GPU7] epochs: [668/800] train_loss_con: 15.492 energy_loss: 143.500
[GPU7] epochs: [669/800] train_loss_con: 15.479 energy_loss: 143.501
[GPU7] epochs: [670/800] train_loss_con: 15.465 energy_loss: 143.660
[GPU7] epochs: [671/800] train_loss_con: 15.477 energy_loss: 143.401
[GPU7] epochs: [672/800] train_loss_con: 15.509 energy_loss: 143.039
[GPU7] epochs: [673/800] train_loss_con: 15.483 energy_loss: 142.890
[GPU7] epochs: [674/800] train_loss_con: 15.476 energy_loss: 143.113
[GPU7] epochs: [675/800] train_loss_con: 15.516 energy_loss: 143.000
[GPU7] epochs: [676/800] train_loss_con: 15.521 energy_loss: 143.045
[GPU7] epochs: [677/800] train_loss_con: 15.488 energy_loss: 143.046
[GPU7] epochs: [678/800] train_loss_con: 15.463 energy_loss: 142.734
[GPU7] epochs: [679/800] train_loss_con: 15.472 energy_loss: 142.701
[GPU7] epochs: [680/800] train_loss_con: 15.500 energy_loss: 142.697
[GPU7] epochs: [681/800] train_loss_con: 15.503 energy_loss: 142.735
[GPU7] epochs: [682/800] train_loss_con: 15.496 energy_loss: 142.524
[GPU7] epochs: [683/800] train_loss_con: 15.482 energy_loss: 142.344
[GPU7] epochs: [684/800] train_loss_con: 15.488 energy_loss: 142.418
[GPU7] epochs: [685/800] train_loss_con: 15.488 energy_loss: 142.554
[GPU7] epochs: [686/800] train_loss_con: 15.460 energy_loss: 142.248
[GPU7] epochs: [687/800] train_loss_con: 15.474 energy_loss: 142.312
[GPU7] epochs: [688/800] train_loss_con: 15.468 energy_loss: 142.438
[GPU7] epochs: [689/800] train_loss_con: 15.468 energy_loss: 142.282
[GPU7] epochs: [690/800] train_loss_con: 15.468 energy_loss: 142.114
[GPU7] epochs: [691/800] train_loss_con: 15.455 energy_loss: 142.034
[GPU7] epochs: [692/800] train_loss_con: 15.447 energy_loss: 142.000
[GPU7] epochs: [693/800] train_loss_con: 15.457 energy_loss: 142.114
[GPU7] epochs: [694/800] train_loss_con: 15.467 energy_loss: 142.063
[GPU7] epochs: [695/800] train_loss_con: 15.445 energy_loss: 142.038
[GPU7] epochs: [696/800] train_loss_con: 15.429 energy_loss: 141.693
[GPU7] epochs: [697/800] train_loss_con: 15.473 energy_loss: 141.815
[GPU7] epochs: [698/800] train_loss_con: 15.466 energy_loss: 141.855
[GPU7] epochs: [699/800] train_loss_con: 15.444 energy_loss: 141.838
[GPU7] epochs: [700/800] train_loss_con: 15.438 energy_loss: 141.765
[GPU7] epochs: [701/800] train_loss_con: 15.459 energy_loss: 141.703
[GPU7] epochs: [702/800] train_loss_con: 15.475 energy_loss: 141.546
[GPU7] epochs: [703/800] train_loss_con: 15.464 energy_loss: 141.535
[GPU7] epochs: [704/800] train_loss_con: 15.462 energy_loss: 141.606
[GPU7] epochs: [705/800] train_loss_con: 15.403 energy_loss: 141.595
[GPU7] epochs: [706/800] train_loss_con: 15.421 energy_loss: 141.457
[GPU7] epochs: [707/800] train_loss_con: 15.478 energy_loss: 141.507
[GPU7] epochs: [708/800] train_loss_con: 15.420 energy_loss: 141.390
[GPU7] epochs: [709/800] train_loss_con: 15.486 energy_loss: 141.394
[GPU7] epochs: [710/800] train_loss_con: 15.410 energy_loss: 141.528
[GPU7] epochs: [711/800] train_loss_con: 15.443 energy_loss: 141.622
[GPU7] epochs: [712/800] train_loss_con: 15.471 energy_loss: 141.380
[GPU7] epochs: [713/800] train_loss_con: 15.457 energy_loss: 141.418
[GPU7] epochs: [714/800] train_loss_con: 15.421 energy_loss: 141.362
[GPU7] epochs: [715/800] train_loss_con: 15.436 energy_loss: 141.342
[GPU7] epochs: [716/800] train_loss_con: 15.420 energy_loss: 141.203
[GPU7] epochs: [717/800] train_loss_con: 15.444 energy_loss: 141.090
[GPU7] epochs: [718/800] train_loss_con: 15.442 energy_loss: 141.147
[GPU7] epochs: [719/800] train_loss_con: 15.451 energy_loss: 141.304
[GPU7] epochs: [720/800] train_loss_con: 15.441 energy_loss: 141.010
[GPU7] epochs: [721/800] train_loss_con: 15.419 energy_loss: 140.980
[GPU7] epochs: [722/800] train_loss_con: 15.434 energy_loss: 140.930
[GPU7] epochs: [723/800] train_loss_con: 15.423 energy_loss: 140.993
[GPU7] epochs: [724/800] train_loss_con: 15.429 energy_loss: 140.977
[GPU7] epochs: [725/800] train_loss_con: 15.440 energy_loss: 140.894
[GPU7] epochs: [726/800] train_loss_con: 15.416 energy_loss: 140.924
[GPU7] epochs: [727/800] train_loss_con: 15.394 energy_loss: 140.826
[GPU7] epochs: [728/800] train_loss_con: 15.432 energy_loss: 140.828
[GPU7] epochs: [729/800] train_loss_con: 15.462 energy_loss: 140.798
[GPU7] epochs: [730/800] train_loss_con: 15.425 energy_loss: 140.703
[GPU7] epochs: [731/800] train_loss_con: 15.409 energy_loss: 140.758
[GPU7] epochs: [732/800] train_loss_con: 15.438 energy_loss: 140.571
[GPU7] epochs: [733/800] train_loss_con: 15.439 energy_loss: 140.641
[GPU7] epochs: [734/800] train_loss_con: 15.422 energy_loss: 140.614
[GPU7] epochs: [735/800] train_loss_con: 15.394 energy_loss: 140.509
[GPU7] epochs: [736/800] train_loss_con: 15.405 energy_loss: 140.612
[GPU7] epochs: [737/800] train_loss_con: 15.406 energy_loss: 140.682
[GPU7] epochs: [738/800] train_loss_con: 15.435 energy_loss: 140.555
[GPU7] epochs: [739/800] train_loss_con: 15.422 energy_loss: 140.431
[GPU7] epochs: [740/800] train_loss_con: 15.390 energy_loss: 140.449
[GPU7] epochs: [741/800] train_loss_con: 15.432 energy_loss: 140.494
[GPU7] epochs: [742/800] train_loss_con: 15.410 energy_loss: 140.389
[GPU7] epochs: [743/800] train_loss_con: 15.412 energy_loss: 140.499
[GPU7] epochs: [744/800] train_loss_con: 15.452 energy_loss: 140.298
[GPU7] epochs: [745/800] train_loss_con: 15.406 energy_loss: 140.322
[GPU7] epochs: [746/800] train_loss_con: 15.417 energy_loss: 140.321
[GPU7] epochs: [747/800] train_loss_con: 15.375 energy_loss: 140.427
[GPU7] epochs: [748/800] train_loss_con: 15.418 energy_loss: 140.351
[GPU7] epochs: [749/800] train_loss_con: 15.413 energy_loss: 140.475
[GPU7] epochs: [750/800] train_loss_con: 15.419 energy_loss: 140.317
[GPU7] epochs: [751/800] train_loss_con: 15.414 energy_loss: 140.220
[GPU7] epochs: [752/800] train_loss_con: 15.398 energy_loss: 140.300
[GPU7] epochs: [753/800] train_loss_con: 15.405 energy_loss: 140.150
[GPU7] epochs: [754/800] train_loss_con: 15.409 energy_loss: 140.378
[GPU7] epochs: [755/800] train_loss_con: 15.423 energy_loss: 140.190
[GPU7] epochs: [756/800] train_loss_con: 15.423 energy_loss: 140.167
[GPU7] epochs: [757/800] train_loss_con: 15.367 energy_loss: 140.194
[GPU7] epochs: [758/800] train_loss_con: 15.422 energy_loss: 140.124
[GPU7] epochs: [759/800] train_loss_con: 15.431 energy_loss: 140.063
[GPU7] epochs: [760/800] train_loss_con: 15.431 energy_loss: 140.297
[GPU7] epochs: [761/800] train_loss_con: 15.395 energy_loss: 140.214
[GPU7] epochs: [762/800] train_loss_con: 15.404 energy_loss: 140.362
[GPU7] epochs: [763/800] train_loss_con: 15.391 energy_loss: 140.082
[GPU7] epochs: [764/800] train_loss_con: 15.414 energy_loss: 139.976
[GPU7] epochs: [765/800] train_loss_con: 15.398 energy_loss: 140.087
[GPU7] epochs: [766/800] train_loss_con: 15.382 energy_loss: 140.119
[GPU7] epochs: [767/800] train_loss_con: 15.398 energy_loss: 140.133
[GPU7] epochs: [768/800] train_loss_con: 15.397 energy_loss: 140.091
[GPU7] epochs: [769/800] train_loss_con: 15.390 energy_loss: 140.074
[GPU7] epochs: [770/800] train_loss_con: 15.377 energy_loss: 139.850
[GPU7] epochs: [771/800] train_loss_con: 15.397 energy_loss: 140.017
[GPU7] epochs: [772/800] train_loss_con: 15.401 energy_loss: 139.943
[GPU7] epochs: [773/800] train_loss_con: 15.415 energy_loss: 139.869
[GPU7] epochs: [774/800] train_loss_con: 15.446 energy_loss: 140.056
[GPU7] epochs: [775/800] train_loss_con: 15.393 energy_loss: 139.895
[GPU7] epochs: [776/800] train_loss_con: 15.378 energy_loss: 139.999
[GPU7] epochs: [777/800] train_loss_con: 15.424 energy_loss: 139.702
[GPU7] epochs: [778/800] train_loss_con: 15.422 energy_loss: 139.829
[GPU7] epochs: [779/800] train_loss_con: 15.386 energy_loss: 139.765
[GPU7] epochs: [780/800] train_loss_con: 15.391 energy_loss: 139.772
[GPU7] epochs: [781/800] train_loss_con: 15.417 energy_loss: 139.770
[GPU7] epochs: [782/800] train_loss_con: 15.407 energy_loss: 139.884
[GPU7] epochs: [783/800] train_loss_con: 15.400 energy_loss: 139.821
[GPU7] epochs: [784/800] train_loss_con: 15.408 energy_loss: 139.856
[GPU7] epochs: [785/800] train_loss_con: 15.391 energy_loss: 139.938
[GPU7] epochs: [786/800] train_loss_con: 15.395 energy_loss: 139.753
[GPU7] epochs: [787/800] train_loss_con: 15.430 energy_loss: 139.747
[GPU7] epochs: [788/800] train_loss_con: 15.393 energy_loss: 139.808
[GPU7] epochs: [789/800] train_loss_con: 15.381 energy_loss: 139.618
[GPU7] epochs: [790/800] train_loss_con: 15.430 energy_loss: 139.770
[GPU7] epochs: [791/800] train_loss_con: 15.386 energy_loss: 139.528
[GPU7] epochs: [792/800] train_loss_con: 15.400 energy_loss: 139.670
[GPU7] epochs: [793/800] train_loss_con: 15.396 energy_loss: 139.760
[GPU7] epochs: [794/800] train_loss_con: 15.369 energy_loss: 139.590
[GPU7] epochs: [795/800] train_loss_con: 15.412 energy_loss: 139.690
[GPU7] epochs: [796/800] train_loss_con: 15.411 energy_loss: 139.473
[GPU7] epochs: [797/800] train_loss_con: 15.406 energy_loss: 139.628
[GPU7] epochs: [798/800] train_loss_con: 15.422 energy_loss: 139.538
[GPU7] epochs: [799/800] train_loss_con: 15.386 energy_loss: 139.629
[GPU7] epochs: [800/800] train_loss_con: 15.414 energy_loss: 139.620
### TSNE starts
### MLP training begins
[GPU7] Test Accuracy at epoch: 0: 0.499
[GPU7] epochs: [1/100] train_acc: 0.344 train_loss_sup: 3.284
[GPU7] epochs: [2/100] train_acc: 0.492 train_loss_sup: 2.184
[GPU7] epochs: [3/100] train_acc: 0.518 train_loss_sup: 1.954
[GPU7] epochs: [4/100] train_acc: 0.540 train_loss_sup: 1.832
[GPU7] epochs: [5/100] train_acc: 0.552 train_loss_sup: 1.766
[GPU7] epochs: [6/100] train_acc: 0.564 train_loss_sup: 1.709
[GPU7] epochs: [7/100] train_acc: 0.572 train_loss_sup: 1.663
[GPU7] epochs: [8/100] train_acc: 0.575 train_loss_sup: 1.639
[GPU7] epochs: [9/100] train_acc: 0.582 train_loss_sup: 1.604
[GPU7] epochs: [10/100] train_acc: 0.587 train_loss_sup: 1.582
[GPU7] Test Accuracy at epoch: 10: 0.604
[GPU7] epochs: [11/100] train_acc: 0.596 train_loss_sup: 1.550
[GPU7] epochs: [12/100] train_acc: 0.599 train_loss_sup: 1.531
[GPU7] epochs: [13/100] train_acc: 0.599 train_loss_sup: 1.527
[GPU7] epochs: [14/100] train_acc: 0.605 train_loss_sup: 1.504
[GPU7] epochs: [15/100] train_acc: 0.609 train_loss_sup: 1.494
[GPU7] epochs: [16/100] train_acc: 0.610 train_loss_sup: 1.475
[GPU7] epochs: [17/100] train_acc: 0.615 train_loss_sup: 1.458
[GPU7] epochs: [18/100] train_acc: 0.617 train_loss_sup: 1.450
[GPU7] epochs: [19/100] train_acc: 0.620 train_loss_sup: 1.441
[GPU7] epochs: [20/100] train_acc: 0.622 train_loss_sup: 1.434
[GPU7] Test Accuracy at epoch: 20: 0.626
[GPU7] epochs: [21/100] train_acc: 0.625 train_loss_sup: 1.421
[GPU7] epochs: [22/100] train_acc: 0.625 train_loss_sup: 1.410
[GPU7] epochs: [23/100] train_acc: 0.631 train_loss_sup: 1.393
[GPU7] epochs: [24/100] train_acc: 0.632 train_loss_sup: 1.385
[GPU7] epochs: [25/100] train_acc: 0.632 train_loss_sup: 1.382
[GPU7] epochs: [26/100] train_acc: 0.635 train_loss_sup: 1.375
[GPU7] epochs: [27/100] train_acc: 0.637 train_loss_sup: 1.360
[GPU7] epochs: [28/100] train_acc: 0.643 train_loss_sup: 1.348
[GPU7] epochs: [29/100] train_acc: 0.640 train_loss_sup: 1.354
[GPU7] epochs: [30/100] train_acc: 0.645 train_loss_sup: 1.341
[GPU7] Test Accuracy at epoch: 30: 0.637
[GPU7] epochs: [31/100] train_acc: 0.643 train_loss_sup: 1.343
[GPU7] epochs: [32/100] train_acc: 0.646 train_loss_sup: 1.330
[GPU7] epochs: [33/100] train_acc: 0.648 train_loss_sup: 1.322
[GPU7] epochs: [34/100] train_acc: 0.651 train_loss_sup: 1.314
[GPU7] epochs: [35/100] train_acc: 0.651 train_loss_sup: 1.312
[GPU7] epochs: [36/100] train_acc: 0.650 train_loss_sup: 1.314
[GPU7] epochs: [37/100] train_acc: 0.652 train_loss_sup: 1.310
[GPU7] epochs: [38/100] train_acc: 0.655 train_loss_sup: 1.295
[GPU7] epochs: [39/100] train_acc: 0.656 train_loss_sup: 1.292
[GPU7] epochs: [40/100] train_acc: 0.653 train_loss_sup: 1.294
[GPU7] Test Accuracy at epoch: 40: 0.64
[GPU7] epochs: [41/100] train_acc: 0.658 train_loss_sup: 1.281
[GPU7] epochs: [42/100] train_acc: 0.656 train_loss_sup: 1.287
[GPU7] epochs: [43/100] train_acc: 0.658 train_loss_sup: 1.272
[GPU7] epochs: [44/100] train_acc: 0.664 train_loss_sup: 1.267
[GPU7] epochs: [45/100] train_acc: 0.663 train_loss_sup: 1.262
[GPU7] epochs: [46/100] train_acc: 0.663 train_loss_sup: 1.260
[GPU7] epochs: [47/100] train_acc: 0.666 train_loss_sup: 1.247
[GPU7] epochs: [48/100] train_acc: 0.667 train_loss_sup: 1.246
[GPU7] epochs: [49/100] train_acc: 0.667 train_loss_sup: 1.246
[GPU7] epochs: [50/100] train_acc: 0.667 train_loss_sup: 1.241
[GPU7] Test Accuracy at epoch: 50: 0.648
[GPU7] epochs: [51/100] train_acc: 0.668 train_loss_sup: 1.238
[GPU7] epochs: [52/100] train_acc: 0.669 train_loss_sup: 1.236
