environment: 
YAML: configs/vicreg.sc.c100.yaml
==> SEED: 42
==> num_classes: 100
==> data_name: cifar100
==> data_params: {'algo': 'vicreg-sc', 'data_dir': 'datasets/cifar100', 'batch_size': 512, 'num_workers': 3, 'image_size': 32}
==> return_logs: False
==> eval_every: 10
==> n_epochs: 800
==> n_epochs_mlp: 100
==> gpu_id: 5
==> opt: LARS
==> opt_params: {'lr': 0.4, 'momentum': 0.9, 'weight_decay': 1e-06}
==> schedular_params: {'T_max': 800, 'eta_min': 0.001}
==> mlp_opt: SGD
==> mlp_opt_params: {'lr': 0.1, 'momentum': 0.9}
==> model_params: {'model_name': 'resnet18', 'pretrained': False, 'proj_dim': 4096, 'barlow_hidden': 4096}
==> mlp_type: linear
==> loss: vicreg-sc
==> loss_params: {'_lambda': 25.0, 'mu': 25.0, 'nu': 1.0}
==> distributed: False
==> train_algo: vicreg-sc
==> model_save_path: saved_models/vicreg.c100.r18.sc.e800.pth
==> energy_model_params: {'eta': 0.01, 'steps': 5, 'sigma': 0.2, 'delta': 0.1, 'net_type': 'score'}
==> energy_opt: AdamW
==> energy_model_opt_params: {'lr': 0.001}
==> warmup_epochs: 0
==> config: configs/vicreg.sc.c100.yaml
--------------------------------------------------
===> using linear mlp
using optimizer: LARS
using optimizer: SGD
loss function: vicreg-sc
Files already downloaded and verified
Files already downloaded and verified
Files already downloaded and verified
# of Training Images: 50000
# of Testing Images: 10000
using optimizer: AdamW
### VICReg-SC Training begins
[GPU5] epochs: [1/800] train_loss_con: 22.006 energy_loss: 255.779
[GPU5] epochs: [2/800] train_loss_con: 21.187 energy_loss: 238.449
[GPU5] epochs: [3/800] train_loss_con: 20.974 energy_loss: 223.563
[GPU5] epochs: [4/800] train_loss_con: 20.819 energy_loss: 215.822
[GPU5] epochs: [5/800] train_loss_con: 20.683 energy_loss: 209.635
[GPU5] epochs: [6/800] train_loss_con: 20.595 energy_loss: 204.277
[GPU5] epochs: [7/800] train_loss_con: 20.491 energy_loss: 199.263
[GPU5] epochs: [8/800] train_loss_con: 20.399 energy_loss: 194.578
[GPU5] epochs: [9/800] train_loss_con: 20.310 energy_loss: 190.109
[GPU5] epochs: [10/800] train_loss_con: 20.231 energy_loss: 185.638
[GPU5] epochs: [11/800] train_loss_con: 20.153 energy_loss: 181.278
[GPU5] epochs: [12/800] train_loss_con: 20.098 energy_loss: 177.117
[GPU5] epochs: [13/800] train_loss_con: 20.042 energy_loss: 172.665
[GPU5] epochs: [14/800] train_loss_con: 19.991 energy_loss: 168.695
[GPU5] epochs: [15/800] train_loss_con: 19.922 energy_loss: 164.334
[GPU5] epochs: [16/800] train_loss_con: 19.876 energy_loss: 160.649
[GPU5] epochs: [17/800] train_loss_con: 19.818 energy_loss: 156.621
[GPU5] epochs: [18/800] train_loss_con: 19.803 energy_loss: 152.989
[GPU5] epochs: [19/800] train_loss_con: 19.761 energy_loss: 149.580
[GPU5] epochs: [20/800] train_loss_con: 19.737 energy_loss: 146.369
[GPU5] epochs: [21/800] train_loss_con: 19.705 energy_loss: 143.363
[GPU5] epochs: [22/800] train_loss_con: 19.653 energy_loss: 140.464
[GPU5] epochs: [23/800] train_loss_con: 19.645 energy_loss: 138.185
[GPU5] epochs: [24/800] train_loss_con: 19.609 energy_loss: 135.808
[GPU5] epochs: [25/800] train_loss_con: 19.594 energy_loss: 133.625
[GPU5] epochs: [26/800] train_loss_con: 19.551 energy_loss: 131.716
[GPU5] epochs: [27/800] train_loss_con: 19.541 energy_loss: 129.972
[GPU5] epochs: [28/800] train_loss_con: 19.497 energy_loss: 128.371
[GPU5] epochs: [29/800] train_loss_con: 19.467 energy_loss: 127.014
[GPU5] epochs: [30/800] train_loss_con: 19.440 energy_loss: 125.608
[GPU5] epochs: [31/800] train_loss_con: 19.440 energy_loss: 124.203
[GPU5] epochs: [32/800] train_loss_con: 19.404 energy_loss: 123.179
[GPU5] epochs: [33/800] train_loss_con: 19.403 energy_loss: 122.023
[GPU5] epochs: [34/800] train_loss_con: 19.385 energy_loss: 121.138
[GPU5] epochs: [35/800] train_loss_con: 19.365 energy_loss: 120.104
[GPU5] epochs: [36/800] train_loss_con: 19.342 energy_loss: 119.192
[GPU5] epochs: [37/800] train_loss_con: 19.315 energy_loss: 118.524
[GPU5] epochs: [38/800] train_loss_con: 19.311 energy_loss: 117.989
[GPU5] epochs: [39/800] train_loss_con: 19.281 energy_loss: 117.095
[GPU5] epochs: [40/800] train_loss_con: 19.268 energy_loss: 116.775
[GPU5] epochs: [41/800] train_loss_con: 19.252 energy_loss: 115.826
[GPU5] epochs: [42/800] train_loss_con: 19.199 energy_loss: 115.147
[GPU5] epochs: [43/800] train_loss_con: 19.204 energy_loss: 114.750
[GPU5] epochs: [44/800] train_loss_con: 19.189 energy_loss: 114.109
[GPU5] epochs: [45/800] train_loss_con: 19.178 energy_loss: 113.764
[GPU5] epochs: [46/800] train_loss_con: 19.169 energy_loss: 113.504
[GPU5] epochs: [47/800] train_loss_con: 19.167 energy_loss: 113.106
[GPU5] epochs: [48/800] train_loss_con: 19.163 energy_loss: 112.672
[GPU5] epochs: [49/800] train_loss_con: 19.129 energy_loss: 112.112
[GPU5] epochs: [50/800] train_loss_con: 19.118 energy_loss: 111.891
[GPU5] epochs: [51/800] train_loss_con: 19.101 energy_loss: 111.711
[GPU5] epochs: [52/800] train_loss_con: 19.092 energy_loss: 110.955
[GPU5] epochs: [53/800] train_loss_con: 19.094 energy_loss: 110.841
[GPU5] epochs: [54/800] train_loss_con: 19.079 energy_loss: 110.364
[GPU5] epochs: [55/800] train_loss_con: 19.072 energy_loss: 110.213
[GPU5] epochs: [56/800] train_loss_con: 19.055 energy_loss: 109.739
[GPU5] epochs: [57/800] train_loss_con: 19.049 energy_loss: 109.408
[GPU5] epochs: [58/800] train_loss_con: 19.045 energy_loss: 109.183
[GPU5] epochs: [59/800] train_loss_con: 19.009 energy_loss: 109.447
[GPU5] epochs: [60/800] train_loss_con: 19.023 energy_loss: 108.980
[GPU5] epochs: [61/800] train_loss_con: 19.000 energy_loss: 108.849
[GPU5] epochs: [62/800] train_loss_con: 18.993 energy_loss: 108.457
[GPU5] epochs: [63/800] train_loss_con: 18.971 energy_loss: 108.232
[GPU5] epochs: [64/800] train_loss_con: 18.985 energy_loss: 107.842
[GPU5] epochs: [65/800] train_loss_con: 18.946 energy_loss: 107.645
[GPU5] epochs: [66/800] train_loss_con: 18.945 energy_loss: 107.697
[GPU5] epochs: [67/800] train_loss_con: 18.941 energy_loss: 107.176
[GPU5] epochs: [68/800] train_loss_con: 18.916 energy_loss: 107.158
[GPU5] epochs: [69/800] train_loss_con: 18.913 energy_loss: 106.616
[GPU5] epochs: [70/800] train_loss_con: 18.898 energy_loss: 106.542
[GPU5] epochs: [71/800] train_loss_con: 18.903 energy_loss: 106.313
[GPU5] epochs: [72/800] train_loss_con: 18.881 energy_loss: 105.796
[GPU5] epochs: [73/800] train_loss_con: 18.859 energy_loss: 105.915
[GPU5] epochs: [74/800] train_loss_con: 18.879 energy_loss: 105.367
[GPU5] epochs: [75/800] train_loss_con: 18.842 energy_loss: 105.313
[GPU5] epochs: [76/800] train_loss_con: 18.868 energy_loss: 105.234
[GPU5] epochs: [77/800] train_loss_con: 18.823 energy_loss: 105.000
[GPU5] epochs: [78/800] train_loss_con: 18.836 energy_loss: 104.478
[GPU5] epochs: [79/800] train_loss_con: 18.831 energy_loss: 104.489
[GPU5] epochs: [80/800] train_loss_con: 18.810 energy_loss: 104.683
[GPU5] epochs: [81/800] train_loss_con: 18.823 energy_loss: 104.370
[GPU5] epochs: [82/800] train_loss_con: 18.797 energy_loss: 103.981
[GPU5] epochs: [83/800] train_loss_con: 18.809 energy_loss: 103.897
[GPU5] epochs: [84/800] train_loss_con: 18.792 energy_loss: 103.963
[GPU5] epochs: [85/800] train_loss_con: 18.790 energy_loss: 103.835
[GPU5] epochs: [86/800] train_loss_con: 18.775 energy_loss: 103.561
[GPU5] epochs: [87/800] train_loss_con: 18.748 energy_loss: 103.501
[GPU5] epochs: [88/800] train_loss_con: 18.773 energy_loss: 103.349
[GPU5] epochs: [89/800] train_loss_con: 18.763 energy_loss: 102.945
[GPU5] epochs: [90/800] train_loss_con: 18.747 energy_loss: 103.073
[GPU5] epochs: [91/800] train_loss_con: 18.731 energy_loss: 102.613
[GPU5] epochs: [92/800] train_loss_con: 18.730 energy_loss: 102.523
[GPU5] epochs: [93/800] train_loss_con: 18.713 energy_loss: 102.290
[GPU5] epochs: [94/800] train_loss_con: 18.720 energy_loss: 102.167
[GPU5] epochs: [95/800] train_loss_con: 18.709 energy_loss: 101.799
[GPU5] epochs: [96/800] train_loss_con: 18.681 energy_loss: 101.790
[GPU5] epochs: [97/800] train_loss_con: 18.693 energy_loss: 101.674
[GPU5] epochs: [98/800] train_loss_con: 18.677 energy_loss: 101.567
[GPU5] epochs: [99/800] train_loss_con: 18.662 energy_loss: 101.379
[GPU5] epochs: [100/800] train_loss_con: 18.681 energy_loss: 101.316
[GPU5] epochs: [101/800] train_loss_con: 18.694 energy_loss: 101.456
[GPU5] epochs: [102/800] train_loss_con: 18.660 energy_loss: 101.514
[GPU5] epochs: [103/800] train_loss_con: 18.647 energy_loss: 100.853
[GPU5] epochs: [104/800] train_loss_con: 18.624 energy_loss: 100.349
[GPU5] epochs: [105/800] train_loss_con: 18.659 energy_loss: 100.442
[GPU5] epochs: [106/800] train_loss_con: 18.626 energy_loss: 100.110
[GPU5] epochs: [107/800] train_loss_con: 18.615 energy_loss: 100.056
[GPU5] epochs: [108/800] train_loss_con: 18.611 energy_loss: 99.892
[GPU5] epochs: [109/800] train_loss_con: 18.632 energy_loss: 99.999
[GPU5] epochs: [110/800] train_loss_con: 18.596 energy_loss: 99.696
[GPU5] epochs: [111/800] train_loss_con: 18.606 energy_loss: 99.657
[GPU5] epochs: [112/800] train_loss_con: 18.588 energy_loss: 99.453
[GPU5] epochs: [113/800] train_loss_con: 18.579 energy_loss: 99.535
[GPU5] epochs: [114/800] train_loss_con: 18.563 energy_loss: 99.169
[GPU5] epochs: [115/800] train_loss_con: 18.574 energy_loss: 99.251
[GPU5] epochs: [116/800] train_loss_con: 18.548 energy_loss: 98.957
[GPU5] epochs: [117/800] train_loss_con: 18.570 energy_loss: 98.962
[GPU5] epochs: [118/800] train_loss_con: 18.555 energy_loss: 99.038
[GPU5] epochs: [119/800] train_loss_con: 18.544 energy_loss: 98.555
[GPU5] epochs: [120/800] train_loss_con: 18.528 energy_loss: 98.990
[GPU5] epochs: [121/800] train_loss_con: 18.546 energy_loss: 98.455
[GPU5] epochs: [122/800] train_loss_con: 18.534 energy_loss: 98.213
[GPU5] epochs: [123/800] train_loss_con: 18.529 energy_loss: 98.115
[GPU5] epochs: [124/800] train_loss_con: 18.520 energy_loss: 97.985
[GPU5] epochs: [125/800] train_loss_con: 18.523 energy_loss: 97.869
[GPU5] epochs: [126/800] train_loss_con: 18.489 energy_loss: 97.541
[GPU5] epochs: [127/800] train_loss_con: 18.485 energy_loss: 97.375
[GPU5] epochs: [128/800] train_loss_con: 18.472 energy_loss: 97.145
[GPU5] epochs: [129/800] train_loss_con: 18.502 energy_loss: 97.495
[GPU5] epochs: [130/800] train_loss_con: 18.480 energy_loss: 97.106
[GPU5] epochs: [131/800] train_loss_con: 18.493 energy_loss: 97.090
[GPU5] epochs: [132/800] train_loss_con: 18.477 energy_loss: 97.127
[GPU5] epochs: [133/800] train_loss_con: 18.480 energy_loss: 97.090
[GPU5] epochs: [134/800] train_loss_con: 18.467 energy_loss: 96.539
[GPU5] epochs: [135/800] train_loss_con: 18.462 energy_loss: 96.695
[GPU5] epochs: [136/800] train_loss_con: 18.441 energy_loss: 96.687
[GPU5] epochs: [137/800] train_loss_con: 18.452 energy_loss: 96.377
[GPU5] epochs: [138/800] train_loss_con: 18.446 energy_loss: 96.148
[GPU5] epochs: [139/800] train_loss_con: 18.419 energy_loss: 96.571
[GPU5] epochs: [140/800] train_loss_con: 18.428 energy_loss: 96.488
[GPU5] epochs: [141/800] train_loss_con: 18.448 energy_loss: 96.284
[GPU5] epochs: [142/800] train_loss_con: 18.421 energy_loss: 95.931
[GPU5] epochs: [143/800] train_loss_con: 18.410 energy_loss: 95.921
[GPU5] epochs: [144/800] train_loss_con: 18.395 energy_loss: 95.712
[GPU5] epochs: [145/800] train_loss_con: 18.390 energy_loss: 95.837
[GPU5] epochs: [146/800] train_loss_con: 18.382 energy_loss: 95.782
[GPU5] epochs: [147/800] train_loss_con: 18.366 energy_loss: 95.653
[GPU5] epochs: [148/800] train_loss_con: 18.387 energy_loss: 95.760
[GPU5] epochs: [149/800] train_loss_con: 18.377 energy_loss: 95.095
[GPU5] epochs: [150/800] train_loss_con: 18.355 energy_loss: 95.298
[GPU5] epochs: [151/800] train_loss_con: 18.369 energy_loss: 95.020
[GPU5] epochs: [152/800] train_loss_con: 18.358 energy_loss: 94.927
[GPU5] epochs: [153/800] train_loss_con: 18.346 energy_loss: 94.894
[GPU5] epochs: [154/800] train_loss_con: 18.333 energy_loss: 94.825
[GPU5] epochs: [155/800] train_loss_con: 18.330 energy_loss: 94.774
[GPU5] epochs: [156/800] train_loss_con: 18.329 energy_loss: 94.226
[GPU5] epochs: [157/800] train_loss_con: 18.317 energy_loss: 94.288
[GPU5] epochs: [158/800] train_loss_con: 18.322 energy_loss: 94.262
[GPU5] epochs: [159/800] train_loss_con: 18.308 energy_loss: 94.164
[GPU5] epochs: [160/800] train_loss_con: 18.298 energy_loss: 94.051
[GPU5] epochs: [161/800] train_loss_con: 18.312 energy_loss: 93.945
[GPU5] epochs: [162/800] train_loss_con: 18.296 energy_loss: 93.759
[GPU5] epochs: [163/800] train_loss_con: 18.300 energy_loss: 93.643
[GPU5] epochs: [164/800] train_loss_con: 18.298 energy_loss: 93.632
[GPU5] epochs: [165/800] train_loss_con: 18.274 energy_loss: 93.375
[GPU5] epochs: [166/800] train_loss_con: 18.289 energy_loss: 93.332
[GPU5] epochs: [167/800] train_loss_con: 18.284 energy_loss: 93.146
[GPU5] epochs: [168/800] train_loss_con: 18.264 energy_loss: 92.999
[GPU5] epochs: [169/800] train_loss_con: 18.285 energy_loss: 93.031
[GPU5] epochs: [170/800] train_loss_con: 18.265 energy_loss: 93.179
[GPU5] epochs: [171/800] train_loss_con: 18.245 energy_loss: 93.318
[GPU5] epochs: [172/800] train_loss_con: 18.263 energy_loss: 93.241
[GPU5] epochs: [173/800] train_loss_con: 18.251 energy_loss: 92.983
[GPU5] epochs: [174/800] train_loss_con: 18.236 energy_loss: 92.724
[GPU5] epochs: [175/800] train_loss_con: 18.230 energy_loss: 92.415
[GPU5] epochs: [176/800] train_loss_con: 18.261 energy_loss: 92.591
[GPU5] epochs: [177/800] train_loss_con: 18.213 energy_loss: 92.612
[GPU5] epochs: [178/800] train_loss_con: 18.230 energy_loss: 92.627
[GPU5] epochs: [179/800] train_loss_con: 18.202 energy_loss: 92.360
[GPU5] epochs: [180/800] train_loss_con: 18.235 energy_loss: 92.015
[GPU5] epochs: [181/800] train_loss_con: 18.213 energy_loss: 91.837
[GPU5] epochs: [182/800] train_loss_con: 18.200 energy_loss: 91.847
[GPU5] epochs: [183/800] train_loss_con: 18.210 energy_loss: 91.955
[GPU5] epochs: [184/800] train_loss_con: 18.186 energy_loss: 91.850
[GPU5] epochs: [185/800] train_loss_con: 18.187 energy_loss: 91.740
[GPU5] epochs: [186/800] train_loss_con: 18.194 energy_loss: 91.446
[GPU5] epochs: [187/800] train_loss_con: 18.187 energy_loss: 91.367
[GPU5] epochs: [188/800] train_loss_con: 18.185 energy_loss: 91.460
[GPU5] epochs: [189/800] train_loss_con: 18.180 energy_loss: 91.400
[GPU5] epochs: [190/800] train_loss_con: 18.183 energy_loss: 90.994
[GPU5] epochs: [191/800] train_loss_con: 18.166 energy_loss: 91.061
[GPU5] epochs: [192/800] train_loss_con: 18.138 energy_loss: 90.991
[GPU5] epochs: [193/800] train_loss_con: 18.148 energy_loss: 90.979
[GPU5] epochs: [194/800] train_loss_con: 18.153 energy_loss: 91.094
[GPU5] epochs: [195/800] train_loss_con: 18.147 energy_loss: 90.553
[GPU5] epochs: [196/800] train_loss_con: 18.151 energy_loss: 91.120
[GPU5] epochs: [197/800] train_loss_con: 18.150 energy_loss: 91.015
[GPU5] epochs: [198/800] train_loss_con: 18.133 energy_loss: 91.084
[GPU5] epochs: [199/800] train_loss_con: 18.140 energy_loss: 90.883
[GPU5] epochs: [200/800] train_loss_con: 18.111 energy_loss: 90.377
[GPU5] epochs: [201/800] train_loss_con: 18.146 energy_loss: 90.233
[GPU5] epochs: [202/800] train_loss_con: 18.127 energy_loss: 90.635
[GPU5] epochs: [203/800] train_loss_con: 18.119 energy_loss: 90.329
[GPU5] epochs: [204/800] train_loss_con: 18.124 energy_loss: 90.049
[GPU5] epochs: [205/800] train_loss_con: 18.097 energy_loss: 89.815
[GPU5] epochs: [206/800] train_loss_con: 18.102 energy_loss: 89.756
[GPU5] epochs: [207/800] train_loss_con: 18.107 energy_loss: 89.743
[GPU5] epochs: [208/800] train_loss_con: 18.103 energy_loss: 89.896
[GPU5] epochs: [209/800] train_loss_con: 18.095 energy_loss: 89.908
[GPU5] epochs: [210/800] train_loss_con: 18.105 energy_loss: 89.878
[GPU5] epochs: [211/800] train_loss_con: 18.098 energy_loss: 89.613
[GPU5] epochs: [212/800] train_loss_con: 18.084 energy_loss: 89.693
[GPU5] epochs: [213/800] train_loss_con: 18.082 energy_loss: 89.760
[GPU5] epochs: [214/800] train_loss_con: 18.067 energy_loss: 89.486
[GPU5] epochs: [215/800] train_loss_con: 18.065 energy_loss: 89.296
[GPU5] epochs: [216/800] train_loss_con: 18.049 energy_loss: 89.489
[GPU5] epochs: [217/800] train_loss_con: 18.067 energy_loss: 89.237
[GPU5] epochs: [218/800] train_loss_con: 18.039 energy_loss: 89.185
[GPU5] epochs: [219/800] train_loss_con: 18.056 energy_loss: 89.097
[GPU5] epochs: [220/800] train_loss_con: 18.048 energy_loss: 88.896
[GPU5] epochs: [221/800] train_loss_con: 18.037 energy_loss: 88.894
[GPU5] epochs: [222/800] train_loss_con: 18.034 energy_loss: 88.765
[GPU5] epochs: [223/800] train_loss_con: 18.044 energy_loss: 88.669
[GPU5] epochs: [224/800] train_loss_con: 18.010 energy_loss: 88.703
[GPU5] epochs: [225/800] train_loss_con: 18.027 energy_loss: 88.456
[GPU5] epochs: [226/800] train_loss_con: 18.036 energy_loss: 88.465
[GPU5] epochs: [227/800] train_loss_con: 18.032 energy_loss: 88.033
[GPU5] epochs: [228/800] train_loss_con: 18.035 energy_loss: 87.961
[GPU5] epochs: [229/800] train_loss_con: 18.016 energy_loss: 88.059
[GPU5] epochs: [230/800] train_loss_con: 18.016 energy_loss: 87.989
[GPU5] epochs: [231/800] train_loss_con: 17.996 energy_loss: 88.176
[GPU5] epochs: [232/800] train_loss_con: 18.019 energy_loss: 88.148
[GPU5] epochs: [233/800] train_loss_con: 17.999 energy_loss: 87.924
[GPU5] epochs: [234/800] train_loss_con: 17.984 energy_loss: 87.874
[GPU5] epochs: [235/800] train_loss_con: 17.991 energy_loss: 87.601
[GPU5] epochs: [236/800] train_loss_con: 17.991 energy_loss: 87.365
[GPU5] epochs: [237/800] train_loss_con: 17.957 energy_loss: 87.375
[GPU5] epochs: [238/800] train_loss_con: 17.961 energy_loss: 87.682
[GPU5] epochs: [239/800] train_loss_con: 17.950 energy_loss: 87.459
[GPU5] epochs: [240/800] train_loss_con: 17.997 energy_loss: 87.253
[GPU5] epochs: [241/800] train_loss_con: 17.975 energy_loss: 87.038
[GPU5] epochs: [242/800] train_loss_con: 17.951 energy_loss: 87.166
[GPU5] epochs: [243/800] train_loss_con: 17.972 energy_loss: 86.971
[GPU5] epochs: [244/800] train_loss_con: 17.949 energy_loss: 86.903
[GPU5] epochs: [245/800] train_loss_con: 17.959 energy_loss: 86.902
[GPU5] epochs: [246/800] train_loss_con: 17.951 energy_loss: 86.881
[GPU5] epochs: [247/800] train_loss_con: 17.943 energy_loss: 86.617
[GPU5] epochs: [248/800] train_loss_con: 17.925 energy_loss: 86.668
[GPU5] epochs: [249/800] train_loss_con: 17.956 energy_loss: 86.403
[GPU5] epochs: [250/800] train_loss_con: 17.946 energy_loss: 86.287
[GPU5] epochs: [251/800] train_loss_con: 17.902 energy_loss: 86.510
[GPU5] epochs: [252/800] train_loss_con: 17.922 energy_loss: 86.247
[GPU5] epochs: [253/800] train_loss_con: 17.919 energy_loss: 86.286
[GPU5] epochs: [254/800] train_loss_con: 17.924 energy_loss: 85.845
[GPU5] epochs: [255/800] train_loss_con: 17.924 energy_loss: 85.993
[GPU5] epochs: [256/800] train_loss_con: 17.894 energy_loss: 85.934
[GPU5] epochs: [257/800] train_loss_con: 17.886 energy_loss: 85.845
[GPU5] epochs: [258/800] train_loss_con: 17.895 energy_loss: 85.774
[GPU5] epochs: [259/800] train_loss_con: 17.903 energy_loss: 85.776
[GPU5] epochs: [260/800] train_loss_con: 17.897 energy_loss: 85.949
[GPU5] epochs: [261/800] train_loss_con: 17.885 energy_loss: 85.737
[GPU5] epochs: [262/800] train_loss_con: 17.886 energy_loss: 85.704
[GPU5] epochs: [263/800] train_loss_con: 17.884 energy_loss: 85.780
[GPU5] epochs: [264/800] train_loss_con: 17.875 energy_loss: 85.600
[GPU5] epochs: [265/800] train_loss_con: 17.902 energy_loss: 85.574
[GPU5] epochs: [266/800] train_loss_con: 17.873 energy_loss: 85.594
[GPU5] epochs: [267/800] train_loss_con: 17.869 energy_loss: 85.590
[GPU5] epochs: [268/800] train_loss_con: 17.871 energy_loss: 85.634
[GPU5] epochs: [269/800] train_loss_con: 17.851 energy_loss: 85.556
[GPU5] epochs: [270/800] train_loss_con: 17.866 energy_loss: 85.223
[GPU5] epochs: [271/800] train_loss_con: 17.840 energy_loss: 85.296
[GPU5] epochs: [272/800] train_loss_con: 17.863 energy_loss: 85.003
[GPU5] epochs: [273/800] train_loss_con: 17.852 energy_loss: 85.099
[GPU5] epochs: [274/800] train_loss_con: 17.848 energy_loss: 84.737
[GPU5] epochs: [275/800] train_loss_con: 17.851 energy_loss: 85.090
[GPU5] epochs: [276/800] train_loss_con: 17.853 energy_loss: 85.027
[GPU5] epochs: [277/800] train_loss_con: 17.852 energy_loss: 84.423
[GPU5] epochs: [278/800] train_loss_con: 17.848 energy_loss: 84.703
[GPU5] epochs: [279/800] train_loss_con: 17.841 energy_loss: 84.626
[GPU5] epochs: [280/800] train_loss_con: 17.820 energy_loss: 84.688
[GPU5] epochs: [281/800] train_loss_con: 17.851 energy_loss: 84.651
[GPU5] epochs: [282/800] train_loss_con: 17.825 energy_loss: 84.311
[GPU5] epochs: [283/800] train_loss_con: 17.816 energy_loss: 84.113
[GPU5] epochs: [284/800] train_loss_con: 17.814 energy_loss: 84.046
[GPU5] epochs: [285/800] train_loss_con: 17.827 energy_loss: 84.504
[GPU5] epochs: [286/800] train_loss_con: 17.813 energy_loss: 84.393
[GPU5] epochs: [287/800] train_loss_con: 17.814 energy_loss: 84.319
[GPU5] epochs: [288/800] train_loss_con: 17.790 energy_loss: 84.181
[GPU5] epochs: [289/800] train_loss_con: 17.796 energy_loss: 84.018
[GPU5] epochs: [290/800] train_loss_con: 17.807 energy_loss: 83.784
[GPU5] epochs: [291/800] train_loss_con: 17.785 energy_loss: 83.684
[GPU5] epochs: [292/800] train_loss_con: 17.787 energy_loss: 83.662
[GPU5] epochs: [293/800] train_loss_con: 17.770 energy_loss: 83.691
[GPU5] epochs: [294/800] train_loss_con: 17.757 energy_loss: 83.462
[GPU5] epochs: [295/800] train_loss_con: 17.781 energy_loss: 83.332
[GPU5] epochs: [296/800] train_loss_con: 17.776 energy_loss: 83.279
[GPU5] epochs: [297/800] train_loss_con: 17.748 energy_loss: 83.310
[GPU5] epochs: [298/800] train_loss_con: 17.762 energy_loss: 83.318
[GPU5] epochs: [299/800] train_loss_con: 17.767 energy_loss: 83.044
[GPU5] epochs: [300/800] train_loss_con: 17.756 energy_loss: 83.151
[GPU5] epochs: [301/800] train_loss_con: 17.761 energy_loss: 83.001
[GPU5] epochs: [302/800] train_loss_con: 17.756 energy_loss: 82.977
[GPU5] epochs: [303/800] train_loss_con: 17.778 energy_loss: 82.797
[GPU5] epochs: [304/800] train_loss_con: 17.758 energy_loss: 82.772
[GPU5] epochs: [305/800] train_loss_con: 17.721 energy_loss: 82.634
[GPU5] epochs: [306/800] train_loss_con: 17.743 energy_loss: 82.462
[GPU5] epochs: [307/800] train_loss_con: 17.747 energy_loss: 82.493
[GPU5] epochs: [308/800] train_loss_con: 17.739 energy_loss: 82.487
[GPU5] epochs: [309/800] train_loss_con: 17.755 energy_loss: 82.494
[GPU5] epochs: [310/800] train_loss_con: 17.735 energy_loss: 82.378
[GPU5] epochs: [311/800] train_loss_con: 17.733 energy_loss: 82.284
[GPU5] epochs: [312/800] train_loss_con: 17.706 energy_loss: 82.332
[GPU5] epochs: [313/800] train_loss_con: 17.743 energy_loss: 82.406
[GPU5] epochs: [314/800] train_loss_con: 17.732 energy_loss: 82.434
[GPU5] epochs: [315/800] train_loss_con: 17.740 energy_loss: 82.277
[GPU5] epochs: [316/800] train_loss_con: 17.727 energy_loss: 81.905
[GPU5] epochs: [317/800] train_loss_con: 17.693 energy_loss: 82.031
[GPU5] epochs: [318/800] train_loss_con: 17.718 energy_loss: 81.832
[GPU5] epochs: [319/800] train_loss_con: 17.683 energy_loss: 81.496
[GPU5] epochs: [320/800] train_loss_con: 17.694 energy_loss: 81.773
[GPU5] epochs: [321/800] train_loss_con: 17.704 energy_loss: 81.760
[GPU5] epochs: [322/800] train_loss_con: 17.699 energy_loss: 81.464
[GPU5] epochs: [323/800] train_loss_con: 17.699 energy_loss: 81.634
[GPU5] epochs: [324/800] train_loss_con: 17.710 energy_loss: 81.420
[GPU5] epochs: [325/800] train_loss_con: 17.683 energy_loss: 81.321
[GPU5] epochs: [326/800] train_loss_con: 17.690 energy_loss: 81.633
[GPU5] epochs: [327/800] train_loss_con: 17.657 energy_loss: 81.503
[GPU5] epochs: [328/800] train_loss_con: 17.670 energy_loss: 81.266
[GPU5] epochs: [329/800] train_loss_con: 17.683 energy_loss: 81.301
[GPU5] epochs: [330/800] train_loss_con: 17.683 energy_loss: 81.231
[GPU5] epochs: [331/800] train_loss_con: 17.679 energy_loss: 80.976
[GPU5] epochs: [332/800] train_loss_con: 17.671 energy_loss: 80.969
[GPU5] epochs: [333/800] train_loss_con: 17.696 energy_loss: 80.864
[GPU5] epochs: [334/800] train_loss_con: 17.683 energy_loss: 80.997
[GPU5] epochs: [335/800] train_loss_con: 17.657 energy_loss: 81.029
[GPU5] epochs: [336/800] train_loss_con: 17.632 energy_loss: 80.700
[GPU5] epochs: [337/800] train_loss_con: 17.643 energy_loss: 80.616
[GPU5] epochs: [338/800] train_loss_con: 17.638 energy_loss: 80.531
[GPU5] epochs: [339/800] train_loss_con: 17.643 energy_loss: 80.864
[GPU5] epochs: [340/800] train_loss_con: 17.616 energy_loss: 80.614
[GPU5] epochs: [341/800] train_loss_con: 17.627 energy_loss: 80.586
[GPU5] epochs: [342/800] train_loss_con: 17.633 energy_loss: 80.494
[GPU5] epochs: [343/800] train_loss_con: 17.659 energy_loss: 80.499
[GPU5] epochs: [344/800] train_loss_con: 17.647 energy_loss: 80.690
[GPU5] epochs: [345/800] train_loss_con: 17.594 energy_loss: 80.446
[GPU5] epochs: [346/800] train_loss_con: 17.596 energy_loss: 80.253
[GPU5] epochs: [347/800] train_loss_con: 17.629 energy_loss: 80.318
[GPU5] epochs: [348/800] train_loss_con: 17.621 energy_loss: 80.004
[GPU5] epochs: [349/800] train_loss_con: 17.620 energy_loss: 80.116
[GPU5] epochs: [350/800] train_loss_con: 17.583 energy_loss: 80.105
[GPU5] epochs: [351/800] train_loss_con: 17.610 energy_loss: 79.948
[GPU5] epochs: [352/800] train_loss_con: 17.590 energy_loss: 79.705
[GPU5] epochs: [353/800] train_loss_con: 17.593 energy_loss: 79.590
[GPU5] epochs: [354/800] train_loss_con: 17.604 energy_loss: 79.737
[GPU5] epochs: [355/800] train_loss_con: 17.606 energy_loss: 79.956
[GPU5] epochs: [356/800] train_loss_con: 17.607 energy_loss: 79.593
[GPU5] epochs: [357/800] train_loss_con: 17.598 energy_loss: 79.533
[GPU5] epochs: [358/800] train_loss_con: 17.592 energy_loss: 79.354
[GPU5] epochs: [359/800] train_loss_con: 17.580 energy_loss: 79.430
[GPU5] epochs: [360/800] train_loss_con: 17.567 energy_loss: 79.547
[GPU5] epochs: [361/800] train_loss_con: 17.566 energy_loss: 79.154
[GPU5] epochs: [362/800] train_loss_con: 17.601 energy_loss: 79.133
[GPU5] epochs: [363/800] train_loss_con: 17.585 energy_loss: 79.072
[GPU5] epochs: [364/800] train_loss_con: 17.555 energy_loss: 79.108
[GPU5] epochs: [365/800] train_loss_con: 17.572 energy_loss: 79.371
[GPU5] epochs: [366/800] train_loss_con: 17.583 energy_loss: 79.331
[GPU5] epochs: [367/800] train_loss_con: 17.527 energy_loss: 79.193
[GPU5] epochs: [368/800] train_loss_con: 17.558 energy_loss: 78.916
[GPU5] epochs: [369/800] train_loss_con: 17.576 energy_loss: 78.984
[GPU5] epochs: [370/800] train_loss_con: 17.524 energy_loss: 78.624
[GPU5] epochs: [371/800] train_loss_con: 17.545 energy_loss: 78.748
[GPU5] epochs: [372/800] train_loss_con: 17.531 energy_loss: 78.644
[GPU5] epochs: [373/800] train_loss_con: 17.553 energy_loss: 78.665
[GPU5] epochs: [374/800] train_loss_con: 17.526 energy_loss: 78.588
[GPU5] epochs: [375/800] train_loss_con: 17.528 energy_loss: 78.419
[GPU5] epochs: [376/800] train_loss_con: 17.542 energy_loss: 78.219
[GPU5] epochs: [377/800] train_loss_con: 17.535 energy_loss: 78.270
[GPU5] epochs: [378/800] train_loss_con: 17.520 energy_loss: 78.270
[GPU5] epochs: [379/800] train_loss_con: 17.519 energy_loss: 78.107
[GPU5] epochs: [380/800] train_loss_con: 17.509 energy_loss: 78.098
[GPU5] epochs: [381/800] train_loss_con: 17.534 energy_loss: 78.266
[GPU5] epochs: [382/800] train_loss_con: 17.510 energy_loss: 78.166
[GPU5] epochs: [383/800] train_loss_con: 17.545 energy_loss: 77.973
[GPU5] epochs: [384/800] train_loss_con: 17.515 energy_loss: 78.013
[GPU5] epochs: [385/800] train_loss_con: 17.529 energy_loss: 78.119
[GPU5] epochs: [386/800] train_loss_con: 17.487 energy_loss: 77.986
[GPU5] epochs: [387/800] train_loss_con: 17.513 energy_loss: 78.123
[GPU5] epochs: [388/800] train_loss_con: 17.495 energy_loss: 77.913
[GPU5] epochs: [389/800] train_loss_con: 17.515 energy_loss: 77.692
[GPU5] epochs: [390/800] train_loss_con: 17.501 energy_loss: 77.951
[GPU5] epochs: [391/800] train_loss_con: 17.499 energy_loss: 77.809
[GPU5] epochs: [392/800] train_loss_con: 17.477 energy_loss: 77.841
[GPU5] epochs: [393/800] train_loss_con: 17.487 energy_loss: 77.397
[GPU5] epochs: [394/800] train_loss_con: 17.469 energy_loss: 77.354
[GPU5] epochs: [395/800] train_loss_con: 17.478 energy_loss: 77.301
[GPU5] epochs: [396/800] train_loss_con: 17.492 energy_loss: 77.463
[GPU5] epochs: [397/800] train_loss_con: 17.469 energy_loss: 77.460
[GPU5] epochs: [398/800] train_loss_con: 17.485 energy_loss: 77.617
[GPU5] epochs: [399/800] train_loss_con: 17.452 energy_loss: 77.177
[GPU5] epochs: [400/800] train_loss_con: 17.467 energy_loss: 77.046
[GPU5] epochs: [401/800] train_loss_con: 17.491 energy_loss: 77.181
[GPU5] epochs: [402/800] train_loss_con: 17.467 energy_loss: 77.272
[GPU5] epochs: [403/800] train_loss_con: 17.433 energy_loss: 77.004
[GPU5] epochs: [404/800] train_loss_con: 17.445 energy_loss: 77.034
[GPU5] epochs: [405/800] train_loss_con: 17.485 energy_loss: 76.916
[GPU5] epochs: [406/800] train_loss_con: 17.466 energy_loss: 76.843
[GPU5] epochs: [407/800] train_loss_con: 17.464 energy_loss: 76.910
[GPU5] epochs: [408/800] train_loss_con: 17.439 energy_loss: 76.591
[GPU5] epochs: [409/800] train_loss_con: 17.437 energy_loss: 76.627
[GPU5] epochs: [410/800] train_loss_con: 17.460 energy_loss: 76.729
[GPU5] epochs: [411/800] train_loss_con: 17.403 energy_loss: 76.689
[GPU5] epochs: [412/800] train_loss_con: 17.437 energy_loss: 76.786
[GPU5] epochs: [413/800] train_loss_con: 17.438 energy_loss: 76.603
[GPU5] epochs: [414/800] train_loss_con: 17.414 energy_loss: 76.673
[GPU5] epochs: [415/800] train_loss_con: 17.430 energy_loss: 76.579
[GPU5] epochs: [416/800] train_loss_con: 17.442 energy_loss: 76.519
[GPU5] epochs: [417/800] train_loss_con: 17.437 energy_loss: 76.459
[GPU5] epochs: [418/800] train_loss_con: 17.420 energy_loss: 76.287
[GPU5] epochs: [419/800] train_loss_con: 17.420 energy_loss: 76.231
[GPU5] epochs: [420/800] train_loss_con: 17.415 energy_loss: 76.315
[GPU5] epochs: [421/800] train_loss_con: 17.402 energy_loss: 76.114
[GPU5] epochs: [422/800] train_loss_con: 17.417 energy_loss: 76.057
[GPU5] epochs: [423/800] train_loss_con: 17.435 energy_loss: 76.312
[GPU5] epochs: [424/800] train_loss_con: 17.396 energy_loss: 76.112
[GPU5] epochs: [425/800] train_loss_con: 17.407 energy_loss: 75.967
[GPU5] epochs: [426/800] train_loss_con: 17.419 energy_loss: 75.907
[GPU5] epochs: [427/800] train_loss_con: 17.405 energy_loss: 75.902
[GPU5] epochs: [428/800] train_loss_con: 17.396 energy_loss: 75.828
[GPU5] epochs: [429/800] train_loss_con: 17.407 energy_loss: 75.712
[GPU5] epochs: [430/800] train_loss_con: 17.413 energy_loss: 75.639
[GPU5] epochs: [431/800] train_loss_con: 17.401 energy_loss: 75.679
[GPU5] epochs: [432/800] train_loss_con: 17.401 energy_loss: 75.361
[GPU5] epochs: [433/800] train_loss_con: 17.389 energy_loss: 75.314
[GPU5] epochs: [434/800] train_loss_con: 17.370 energy_loss: 75.258
[GPU5] epochs: [435/800] train_loss_con: 17.383 energy_loss: 75.411
[GPU5] epochs: [436/800] train_loss_con: 17.363 energy_loss: 75.366
[GPU5] epochs: [437/800] train_loss_con: 17.378 energy_loss: 75.443
[GPU5] epochs: [438/800] train_loss_con: 17.362 energy_loss: 75.321
[GPU5] epochs: [439/800] train_loss_con: 17.390 energy_loss: 75.067
[GPU5] epochs: [440/800] train_loss_con: 17.396 energy_loss: 75.071
[GPU5] epochs: [441/800] train_loss_con: 17.352 energy_loss: 75.220
[GPU5] epochs: [442/800] train_loss_con: 17.361 energy_loss: 75.020
[GPU5] epochs: [443/800] train_loss_con: 17.369 energy_loss: 74.891
[GPU5] epochs: [444/800] train_loss_con: 17.342 energy_loss: 74.868
[GPU5] epochs: [445/800] train_loss_con: 17.355 energy_loss: 74.919
[GPU5] epochs: [446/800] train_loss_con: 17.339 energy_loss: 74.837
[GPU5] epochs: [447/800] train_loss_con: 17.346 energy_loss: 74.804
[GPU5] epochs: [448/800] train_loss_con: 17.362 energy_loss: 74.660
[GPU5] epochs: [449/800] train_loss_con: 17.343 energy_loss: 74.757
[GPU5] epochs: [450/800] train_loss_con: 17.345 energy_loss: 74.515
[GPU5] epochs: [451/800] train_loss_con: 17.338 energy_loss: 74.542
[GPU5] epochs: [452/800] train_loss_con: 17.341 energy_loss: 74.508
[GPU5] epochs: [453/800] train_loss_con: 17.376 energy_loss: 74.476
[GPU5] epochs: [454/800] train_loss_con: 17.331 energy_loss: 74.436
[GPU5] epochs: [455/800] train_loss_con: 17.325 energy_loss: 74.438
[GPU5] epochs: [456/800] train_loss_con: 17.333 energy_loss: 74.657
[GPU5] epochs: [457/800] train_loss_con: 17.351 energy_loss: 74.578
[GPU5] epochs: [458/800] train_loss_con: 17.310 energy_loss: 74.371
[GPU5] epochs: [459/800] train_loss_con: 17.318 energy_loss: 74.354
[GPU5] epochs: [460/800] train_loss_con: 17.336 energy_loss: 74.172
[GPU5] epochs: [461/800] train_loss_con: 17.324 energy_loss: 74.131
[GPU5] epochs: [462/800] train_loss_con: 17.319 energy_loss: 74.213
[GPU5] epochs: [463/800] train_loss_con: 17.314 energy_loss: 73.920
[GPU5] epochs: [464/800] train_loss_con: 17.314 energy_loss: 74.029
[GPU5] epochs: [465/800] train_loss_con: 17.321 energy_loss: 74.052
[GPU5] epochs: [466/800] train_loss_con: 17.324 energy_loss: 74.030
[GPU5] epochs: [467/800] train_loss_con: 17.293 energy_loss: 74.045
[GPU5] epochs: [468/800] train_loss_con: 17.319 energy_loss: 74.020
[GPU5] epochs: [469/800] train_loss_con: 17.309 energy_loss: 73.774
[GPU5] epochs: [470/800] train_loss_con: 17.271 energy_loss: 73.783
[GPU5] epochs: [471/800] train_loss_con: 17.318 energy_loss: 73.702
[GPU5] epochs: [472/800] train_loss_con: 17.312 energy_loss: 73.874
[GPU5] epochs: [473/800] train_loss_con: 17.316 energy_loss: 73.761
[GPU5] epochs: [474/800] train_loss_con: 17.281 energy_loss: 73.758
[GPU5] epochs: [475/800] train_loss_con: 17.248 energy_loss: 73.837
[GPU5] epochs: [476/800] train_loss_con: 17.270 energy_loss: 73.752
[GPU5] epochs: [477/800] train_loss_con: 17.291 energy_loss: 73.634
[GPU5] epochs: [478/800] train_loss_con: 17.285 energy_loss: 73.427
[GPU5] epochs: [479/800] train_loss_con: 17.285 energy_loss: 73.440
[GPU5] epochs: [480/800] train_loss_con: 17.263 energy_loss: 73.255
[GPU5] epochs: [481/800] train_loss_con: 17.257 energy_loss: 73.264
[GPU5] epochs: [482/800] train_loss_con: 17.277 energy_loss: 73.153
[GPU5] epochs: [483/800] train_loss_con: 17.260 energy_loss: 73.161
[GPU5] epochs: [484/800] train_loss_con: 17.239 energy_loss: 73.055
[GPU5] epochs: [485/800] train_loss_con: 17.253 energy_loss: 72.917
[GPU5] epochs: [486/800] train_loss_con: 17.271 energy_loss: 73.017
[GPU5] epochs: [487/800] train_loss_con: 17.276 energy_loss: 72.930
[GPU5] epochs: [488/800] train_loss_con: 17.244 energy_loss: 72.885
[GPU5] epochs: [489/800] train_loss_con: 17.278 energy_loss: 72.749
[GPU5] epochs: [490/800] train_loss_con: 17.264 energy_loss: 72.799
[GPU5] epochs: [491/800] train_loss_con: 17.274 energy_loss: 72.718
[GPU5] epochs: [492/800] train_loss_con: 17.251 energy_loss: 72.501
[GPU5] epochs: [493/800] train_loss_con: 17.250 energy_loss: 72.619
[GPU5] epochs: [494/800] train_loss_con: 17.267 energy_loss: 72.605
[GPU5] epochs: [495/800] train_loss_con: 17.261 energy_loss: 72.516
[GPU5] epochs: [496/800] train_loss_con: 17.232 energy_loss: 72.550
[GPU5] epochs: [497/800] train_loss_con: 17.221 energy_loss: 72.502
[GPU5] epochs: [498/800] train_loss_con: 17.255 energy_loss: 72.374
[GPU5] epochs: [499/800] train_loss_con: 17.217 energy_loss: 72.288
[GPU5] epochs: [500/800] train_loss_con: 17.233 energy_loss: 72.195
[GPU5] epochs: [501/800] train_loss_con: 17.235 energy_loss: 72.079
[GPU5] epochs: [502/800] train_loss_con: 17.209 energy_loss: 72.107
[GPU5] epochs: [503/800] train_loss_con: 17.235 energy_loss: 72.137
[GPU5] epochs: [504/800] train_loss_con: 17.222 energy_loss: 71.953
[GPU5] epochs: [505/800] train_loss_con: 17.258 energy_loss: 72.060
[GPU5] epochs: [506/800] train_loss_con: 17.229 energy_loss: 71.985
[GPU5] epochs: [507/800] train_loss_con: 17.211 energy_loss: 71.879
[GPU5] epochs: [508/800] train_loss_con: 17.218 energy_loss: 71.871
[GPU5] epochs: [509/800] train_loss_con: 17.203 energy_loss: 71.726
[GPU5] epochs: [510/800] train_loss_con: 17.212 energy_loss: 71.799
[GPU5] epochs: [511/800] train_loss_con: 17.212 energy_loss: 72.028
[GPU5] epochs: [512/800] train_loss_con: 17.216 energy_loss: 71.930
[GPU5] epochs: [513/800] train_loss_con: 17.215 energy_loss: 71.879
[GPU5] epochs: [514/800] train_loss_con: 17.196 energy_loss: 71.771
[GPU5] epochs: [515/800] train_loss_con: 17.195 energy_loss: 71.760
[GPU5] epochs: [516/800] train_loss_con: 17.212 energy_loss: 71.690
[GPU5] epochs: [517/800] train_loss_con: 17.211 energy_loss: 71.573
[GPU5] epochs: [518/800] train_loss_con: 17.173 energy_loss: 71.589
[GPU5] epochs: [519/800] train_loss_con: 17.186 energy_loss: 71.582
[GPU5] epochs: [520/800] train_loss_con: 17.164 energy_loss: 71.442
[GPU5] epochs: [521/800] train_loss_con: 17.184 energy_loss: 71.327
[GPU5] epochs: [522/800] train_loss_con: 17.180 energy_loss: 71.316
[GPU5] epochs: [523/800] train_loss_con: 17.206 energy_loss: 71.234
[GPU5] epochs: [524/800] train_loss_con: 17.203 energy_loss: 71.254
[GPU5] epochs: [525/800] train_loss_con: 17.185 energy_loss: 71.278
[GPU5] epochs: [526/800] train_loss_con: 17.188 energy_loss: 71.358
[GPU5] epochs: [527/800] train_loss_con: 17.181 energy_loss: 71.162
[GPU5] epochs: [528/800] train_loss_con: 17.184 energy_loss: 71.063
[GPU5] epochs: [529/800] train_loss_con: 17.202 energy_loss: 71.150
[GPU5] epochs: [530/800] train_loss_con: 17.183 energy_loss: 71.082
[GPU5] epochs: [531/800] train_loss_con: 17.188 energy_loss: 71.102
[GPU5] epochs: [532/800] train_loss_con: 17.163 energy_loss: 71.097
[GPU5] epochs: [533/800] train_loss_con: 17.184 energy_loss: 70.924
[GPU5] epochs: [534/800] train_loss_con: 17.160 energy_loss: 71.018
[GPU5] epochs: [535/800] train_loss_con: 17.143 energy_loss: 70.878
[GPU5] epochs: [536/800] train_loss_con: 17.176 energy_loss: 70.808
[GPU5] epochs: [537/800] train_loss_con: 17.174 energy_loss: 70.833
[GPU5] epochs: [538/800] train_loss_con: 17.136 energy_loss: 70.876
[GPU5] epochs: [539/800] train_loss_con: 17.171 energy_loss: 70.777
[GPU5] epochs: [540/800] train_loss_con: 17.147 energy_loss: 70.702
[GPU5] epochs: [541/800] train_loss_con: 17.152 energy_loss: 70.834
[GPU5] epochs: [542/800] train_loss_con: 17.162 energy_loss: 70.739
[GPU5] epochs: [543/800] train_loss_con: 17.125 energy_loss: 70.720
[GPU5] epochs: [544/800] train_loss_con: 17.133 energy_loss: 70.721
[GPU5] epochs: [545/800] train_loss_con: 17.134 energy_loss: 70.507
[GPU5] epochs: [546/800] train_loss_con: 17.132 energy_loss: 70.498
[GPU5] epochs: [547/800] train_loss_con: 17.138 energy_loss: 70.478
[GPU5] epochs: [548/800] train_loss_con: 17.165 energy_loss: 70.489
[GPU5] epochs: [549/800] train_loss_con: 17.158 energy_loss: 70.438
[GPU5] epochs: [550/800] train_loss_con: 17.131 energy_loss: 70.349
[GPU5] epochs: [551/800] train_loss_con: 17.109 energy_loss: 70.321
[GPU5] epochs: [552/800] train_loss_con: 17.160 energy_loss: 70.335
[GPU5] epochs: [553/800] train_loss_con: 17.139 energy_loss: 70.298
[GPU5] epochs: [554/800] train_loss_con: 17.118 energy_loss: 70.224
[GPU5] epochs: [555/800] train_loss_con: 17.135 energy_loss: 70.152
[GPU5] epochs: [556/800] train_loss_con: 17.121 energy_loss: 70.016
[GPU5] epochs: [557/800] train_loss_con: 17.110 energy_loss: 70.046
[GPU5] epochs: [558/800] train_loss_con: 17.138 energy_loss: 70.039
[GPU5] epochs: [559/800] train_loss_con: 17.140 energy_loss: 70.238
[GPU5] epochs: [560/800] train_loss_con: 17.149 energy_loss: 70.113
[GPU5] epochs: [561/800] train_loss_con: 17.123 energy_loss: 69.944
[GPU5] epochs: [562/800] train_loss_con: 17.126 energy_loss: 69.832
[GPU5] epochs: [563/800] train_loss_con: 17.134 energy_loss: 69.860
[GPU5] epochs: [564/800] train_loss_con: 17.126 energy_loss: 69.872
[GPU5] epochs: [565/800] train_loss_con: 17.093 energy_loss: 69.790
[GPU5] epochs: [566/800] train_loss_con: 17.092 energy_loss: 69.865
[GPU5] epochs: [567/800] train_loss_con: 17.115 energy_loss: 69.821
[GPU5] epochs: [568/800] train_loss_con: 17.105 energy_loss: 69.721
[GPU5] epochs: [569/800] train_loss_con: 17.086 energy_loss: 69.786
[GPU5] epochs: [570/800] train_loss_con: 17.064 energy_loss: 69.760
[GPU5] epochs: [571/800] train_loss_con: 17.100 energy_loss: 69.634
[GPU5] epochs: [572/800] train_loss_con: 17.103 energy_loss: 69.537
[GPU5] epochs: [573/800] train_loss_con: 17.089 energy_loss: 69.577
[GPU5] epochs: [574/800] train_loss_con: 17.097 energy_loss: 69.661
[GPU5] epochs: [575/800] train_loss_con: 17.089 energy_loss: 69.507
[GPU5] epochs: [576/800] train_loss_con: 17.065 energy_loss: 69.435
[GPU5] epochs: [577/800] train_loss_con: 17.067 energy_loss: 69.375
[GPU5] epochs: [578/800] train_loss_con: 17.083 energy_loss: 69.319
[GPU5] epochs: [579/800] train_loss_con: 17.093 energy_loss: 69.250
[GPU5] epochs: [580/800] train_loss_con: 17.081 energy_loss: 69.267
[GPU5] epochs: [581/800] train_loss_con: 17.092 energy_loss: 69.278
[GPU5] epochs: [582/800] train_loss_con: 17.099 energy_loss: 69.159
[GPU5] epochs: [583/800] train_loss_con: 17.105 energy_loss: 69.213
[GPU5] epochs: [584/800] train_loss_con: 17.078 energy_loss: 69.353
[GPU5] epochs: [585/800] train_loss_con: 17.080 energy_loss: 69.265
[GPU5] epochs: [586/800] train_loss_con: 17.078 energy_loss: 69.052
[GPU5] epochs: [587/800] train_loss_con: 17.087 energy_loss: 69.153
[GPU5] epochs: [588/800] train_loss_con: 17.069 energy_loss: 69.244
[GPU5] epochs: [589/800] train_loss_con: 17.072 energy_loss: 69.142
[GPU5] epochs: [590/800] train_loss_con: 17.081 energy_loss: 69.060
[GPU5] epochs: [591/800] train_loss_con: 17.070 energy_loss: 69.067
[GPU5] epochs: [592/800] train_loss_con: 17.095 energy_loss: 69.099
[GPU5] epochs: [593/800] train_loss_con: 17.077 energy_loss: 68.897
[GPU5] epochs: [594/800] train_loss_con: 17.077 energy_loss: 68.936
[GPU5] epochs: [595/800] train_loss_con: 17.070 energy_loss: 68.886
[GPU5] epochs: [596/800] train_loss_con: 17.069 energy_loss: 68.831
[GPU5] epochs: [597/800] train_loss_con: 17.061 energy_loss: 68.847
[GPU5] epochs: [598/800] train_loss_con: 17.057 energy_loss: 68.697
[GPU5] epochs: [599/800] train_loss_con: 17.069 energy_loss: 68.775
[GPU5] epochs: [600/800] train_loss_con: 17.095 energy_loss: 68.621
[GPU5] epochs: [601/800] train_loss_con: 17.057 energy_loss: 68.673
[GPU5] epochs: [602/800] train_loss_con: 17.077 energy_loss: 68.729
[GPU5] epochs: [603/800] train_loss_con: 17.059 energy_loss: 68.609
[GPU5] epochs: [604/800] train_loss_con: 17.061 energy_loss: 68.665
[GPU5] epochs: [605/800] train_loss_con: 17.055 energy_loss: 68.678
[GPU5] epochs: [606/800] train_loss_con: 17.056 energy_loss: 68.617
[GPU5] epochs: [607/800] train_loss_con: 17.044 energy_loss: 68.627
[GPU5] epochs: [608/800] train_loss_con: 17.020 energy_loss: 68.595
[GPU5] epochs: [609/800] train_loss_con: 17.084 energy_loss: 68.562
[GPU5] epochs: [610/800] train_loss_con: 17.056 energy_loss: 68.506
[GPU5] epochs: [611/800] train_loss_con: 17.043 energy_loss: 68.546
[GPU5] epochs: [612/800] train_loss_con: 17.025 energy_loss: 68.418
[GPU5] epochs: [613/800] train_loss_con: 17.053 energy_loss: 68.454
[GPU5] epochs: [614/800] train_loss_con: 17.033 energy_loss: 68.459
[GPU5] epochs: [615/800] train_loss_con: 17.050 energy_loss: 68.281
[GPU5] epochs: [616/800] train_loss_con: 17.031 energy_loss: 68.260
[GPU5] epochs: [617/800] train_loss_con: 17.037 energy_loss: 68.242
[GPU5] epochs: [618/800] train_loss_con: 17.045 energy_loss: 68.239
[GPU5] epochs: [619/800] train_loss_con: 17.025 energy_loss: 68.229
[GPU5] epochs: [620/800] train_loss_con: 17.026 energy_loss: 68.157
[GPU5] epochs: [621/800] train_loss_con: 17.020 energy_loss: 68.359
[GPU5] epochs: [622/800] train_loss_con: 17.034 energy_loss: 68.249
[GPU5] epochs: [623/800] train_loss_con: 17.029 energy_loss: 68.153
[GPU5] epochs: [624/800] train_loss_con: 17.010 energy_loss: 68.055
[GPU5] epochs: [625/800] train_loss_con: 17.027 energy_loss: 68.033
[GPU5] epochs: [626/800] train_loss_con: 17.024 energy_loss: 67.993
[GPU5] epochs: [627/800] train_loss_con: 16.988 energy_loss: 68.157
[GPU5] epochs: [628/800] train_loss_con: 17.028 energy_loss: 68.029
[GPU5] epochs: [629/800] train_loss_con: 17.035 energy_loss: 68.004
[GPU5] epochs: [630/800] train_loss_con: 17.003 energy_loss: 67.991
[GPU5] epochs: [631/800] train_loss_con: 17.027 energy_loss: 68.044
[GPU5] epochs: [632/800] train_loss_con: 17.008 energy_loss: 67.995
[GPU5] epochs: [633/800] train_loss_con: 17.020 energy_loss: 67.818
[GPU5] epochs: [634/800] train_loss_con: 17.019 energy_loss: 67.831
[GPU5] epochs: [635/800] train_loss_con: 17.016 energy_loss: 67.701
[GPU5] epochs: [636/800] train_loss_con: 17.002 energy_loss: 67.765
[GPU5] epochs: [637/800] train_loss_con: 17.020 energy_loss: 67.788
[GPU5] epochs: [638/800] train_loss_con: 17.012 energy_loss: 67.784
[GPU5] epochs: [639/800] train_loss_con: 16.987 energy_loss: 67.747
[GPU5] epochs: [640/800] train_loss_con: 17.017 energy_loss: 67.672
[GPU5] epochs: [641/800] train_loss_con: 16.959 energy_loss: 67.615
[GPU5] epochs: [642/800] train_loss_con: 16.989 energy_loss: 67.608
[GPU5] epochs: [643/800] train_loss_con: 17.000 energy_loss: 67.599
[GPU5] epochs: [644/800] train_loss_con: 16.988 energy_loss: 67.672
[GPU5] epochs: [645/800] train_loss_con: 16.985 energy_loss: 67.585
[GPU5] epochs: [646/800] train_loss_con: 17.021 energy_loss: 67.581
[GPU5] epochs: [647/800] train_loss_con: 16.992 energy_loss: 67.561
[GPU5] epochs: [648/800] train_loss_con: 17.002 energy_loss: 67.492
[GPU5] epochs: [649/800] train_loss_con: 16.998 energy_loss: 67.421
[GPU5] epochs: [650/800] train_loss_con: 16.987 energy_loss: 67.481
[GPU5] epochs: [651/800] train_loss_con: 17.006 energy_loss: 67.441
[GPU5] epochs: [652/800] train_loss_con: 16.953 energy_loss: 67.381
[GPU5] epochs: [653/800] train_loss_con: 16.975 energy_loss: 67.347
[GPU5] epochs: [654/800] train_loss_con: 16.971 energy_loss: 67.224
[GPU5] epochs: [655/800] train_loss_con: 16.993 energy_loss: 67.187
[GPU5] epochs: [656/800] train_loss_con: 16.963 energy_loss: 67.144
[GPU5] epochs: [657/800] train_loss_con: 16.963 energy_loss: 67.198
[GPU5] epochs: [658/800] train_loss_con: 16.966 energy_loss: 67.185
[GPU5] epochs: [659/800] train_loss_con: 16.991 energy_loss: 67.147
[GPU5] epochs: [660/800] train_loss_con: 16.970 energy_loss: 67.131
[GPU5] epochs: [661/800] train_loss_con: 16.994 energy_loss: 67.164
[GPU5] epochs: [662/800] train_loss_con: 16.971 energy_loss: 67.125
[GPU5] epochs: [663/800] train_loss_con: 17.005 energy_loss: 67.182
[GPU5] epochs: [664/800] train_loss_con: 16.967 energy_loss: 67.220
[GPU5] epochs: [665/800] train_loss_con: 16.994 energy_loss: 67.195
[GPU5] epochs: [666/800] train_loss_con: 16.984 energy_loss: 67.176
[GPU5] epochs: [667/800] train_loss_con: 16.985 energy_loss: 67.181
[GPU5] epochs: [668/800] train_loss_con: 16.964 energy_loss: 67.172
[GPU5] epochs: [669/800] train_loss_con: 16.988 energy_loss: 67.078
[GPU5] epochs: [670/800] train_loss_con: 17.000 energy_loss: 67.068
[GPU5] epochs: [671/800] train_loss_con: 16.977 energy_loss: 67.155
[GPU5] epochs: [672/800] train_loss_con: 16.984 energy_loss: 67.054
[GPU5] epochs: [673/800] train_loss_con: 16.980 energy_loss: 67.008
[GPU5] epochs: [674/800] train_loss_con: 16.956 energy_loss: 67.023
[GPU5] epochs: [675/800] train_loss_con: 16.943 energy_loss: 66.976
[GPU5] epochs: [676/800] train_loss_con: 16.989 energy_loss: 66.993
[GPU5] epochs: [677/800] train_loss_con: 16.960 energy_loss: 66.986
[GPU5] epochs: [678/800] train_loss_con: 16.937 energy_loss: 66.958
[GPU5] epochs: [679/800] train_loss_con: 16.958 energy_loss: 67.011
[GPU5] epochs: [680/800] train_loss_con: 16.956 energy_loss: 67.030
[GPU5] epochs: [681/800] train_loss_con: 16.962 energy_loss: 67.080
[GPU5] epochs: [682/800] train_loss_con: 16.950 energy_loss: 66.978
[GPU5] epochs: [683/800] train_loss_con: 16.951 energy_loss: 66.959
[GPU5] epochs: [684/800] train_loss_con: 16.970 energy_loss: 66.989
[GPU5] epochs: [685/800] train_loss_con: 16.950 energy_loss: 66.943
[GPU5] epochs: [686/800] train_loss_con: 16.944 energy_loss: 66.804
[GPU5] epochs: [687/800] train_loss_con: 16.950 energy_loss: 66.738
[GPU5] epochs: [688/800] train_loss_con: 16.960 energy_loss: 66.649
[GPU5] epochs: [689/800] train_loss_con: 16.955 energy_loss: 66.847
[GPU5] epochs: [690/800] train_loss_con: 16.963 energy_loss: 66.740
[GPU5] epochs: [691/800] train_loss_con: 16.959 energy_loss: 66.760
[GPU5] epochs: [692/800] train_loss_con: 16.961 energy_loss: 66.853
[GPU5] epochs: [693/800] train_loss_con: 16.949 energy_loss: 66.784
[GPU5] epochs: [694/800] train_loss_con: 16.928 energy_loss: 66.705
[GPU5] epochs: [695/800] train_loss_con: 16.954 energy_loss: 66.680
[GPU5] epochs: [696/800] train_loss_con: 16.944 energy_loss: 66.649
[GPU5] epochs: [697/800] train_loss_con: 16.973 energy_loss: 66.617
[GPU5] epochs: [698/800] train_loss_con: 16.964 energy_loss: 66.664
[GPU5] epochs: [699/800] train_loss_con: 16.941 energy_loss: 66.669
[GPU5] epochs: [700/800] train_loss_con: 16.941 energy_loss: 66.663
[GPU5] epochs: [701/800] train_loss_con: 16.937 energy_loss: 66.628
[GPU5] epochs: [702/800] train_loss_con: 16.938 energy_loss: 66.578
[GPU5] epochs: [703/800] train_loss_con: 16.957 energy_loss: 66.573
[GPU5] epochs: [704/800] train_loss_con: 16.929 energy_loss: 66.526
[GPU5] epochs: [705/800] train_loss_con: 16.950 energy_loss: 66.509
[GPU5] epochs: [706/800] train_loss_con: 16.952 energy_loss: 66.531
[GPU5] epochs: [707/800] train_loss_con: 16.950 energy_loss: 66.563
[GPU5] epochs: [708/800] train_loss_con: 16.942 energy_loss: 66.561
[GPU5] epochs: [709/800] train_loss_con: 16.950 energy_loss: 66.479
[GPU5] epochs: [710/800] train_loss_con: 16.929 energy_loss: 66.531
[GPU5] epochs: [711/800] train_loss_con: 16.955 energy_loss: 66.494
[GPU5] epochs: [712/800] train_loss_con: 16.962 energy_loss: 66.501
[GPU5] epochs: [713/800] train_loss_con: 16.970 energy_loss: 66.438
[GPU5] epochs: [714/800] train_loss_con: 16.935 energy_loss: 66.497
[GPU5] epochs: [715/800] train_loss_con: 16.948 energy_loss: 66.513
[GPU5] epochs: [716/800] train_loss_con: 16.949 energy_loss: 66.504
[GPU5] epochs: [717/800] train_loss_con: 16.928 energy_loss: 66.474
[GPU5] epochs: [718/800] train_loss_con: 16.972 energy_loss: 66.454
[GPU5] epochs: [719/800] train_loss_con: 16.932 energy_loss: 66.457
[GPU5] epochs: [720/800] train_loss_con: 16.933 energy_loss: 66.532
[GPU5] epochs: [721/800] train_loss_con: 16.933 energy_loss: 66.447
[GPU5] epochs: [722/800] train_loss_con: 16.956 energy_loss: 66.428
[GPU5] epochs: [723/800] train_loss_con: 16.948 energy_loss: 66.411
[GPU5] epochs: [724/800] train_loss_con: 16.940 energy_loss: 66.444
[GPU5] epochs: [725/800] train_loss_con: 16.945 energy_loss: 66.412
[GPU5] epochs: [726/800] train_loss_con: 16.916 energy_loss: 66.334
[GPU5] epochs: [727/800] train_loss_con: 16.920 energy_loss: 66.406
[GPU5] epochs: [728/800] train_loss_con: 16.953 energy_loss: 66.379
[GPU5] epochs: [729/800] train_loss_con: 16.924 energy_loss: 66.327
[GPU5] epochs: [730/800] train_loss_con: 16.952 energy_loss: 66.281
[GPU5] epochs: [731/800] train_loss_con: 16.944 energy_loss: 66.301
[GPU5] epochs: [732/800] train_loss_con: 16.931 energy_loss: 66.307
[GPU5] epochs: [733/800] train_loss_con: 16.909 energy_loss: 66.307
[GPU5] epochs: [734/800] train_loss_con: 16.924 energy_loss: 66.329
[GPU5] epochs: [735/800] train_loss_con: 16.935 energy_loss: 66.341
[GPU5] epochs: [736/800] train_loss_con: 16.932 energy_loss: 66.343
[GPU5] epochs: [737/800] train_loss_con: 16.934 energy_loss: 66.302
[GPU5] epochs: [738/800] train_loss_con: 16.924 energy_loss: 66.242
[GPU5] epochs: [739/800] train_loss_con: 16.926 energy_loss: 66.331
[GPU5] epochs: [740/800] train_loss_con: 16.948 energy_loss: 66.220
[GPU5] epochs: [741/800] train_loss_con: 16.904 energy_loss: 66.259
[GPU5] epochs: [742/800] train_loss_con: 16.888 energy_loss: 66.168
[GPU5] epochs: [743/800] train_loss_con: 16.906 energy_loss: 66.202
[GPU5] epochs: [744/800] train_loss_con: 16.941 energy_loss: 66.184
[GPU5] epochs: [745/800] train_loss_con: 16.952 energy_loss: 66.132
[GPU5] epochs: [746/800] train_loss_con: 16.933 energy_loss: 66.200
[GPU5] epochs: [747/800] train_loss_con: 16.955 energy_loss: 66.150
[GPU5] epochs: [748/800] train_loss_con: 16.921 energy_loss: 66.080
[GPU5] epochs: [749/800] train_loss_con: 16.924 energy_loss: 66.163
[GPU5] epochs: [750/800] train_loss_con: 16.945 energy_loss: 66.133
[GPU5] epochs: [751/800] train_loss_con: 16.906 energy_loss: 66.136
[GPU5] epochs: [752/800] train_loss_con: 16.918 energy_loss: 66.122
[GPU5] epochs: [753/800] train_loss_con: 16.937 energy_loss: 66.152
[GPU5] epochs: [754/800] train_loss_con: 16.927 energy_loss: 66.077
[GPU5] epochs: [755/800] train_loss_con: 16.913 energy_loss: 66.061
[GPU5] epochs: [756/800] train_loss_con: 16.918 energy_loss: 66.111
[GPU5] epochs: [757/800] train_loss_con: 16.912 energy_loss: 66.111
[GPU5] epochs: [758/800] train_loss_con: 16.938 energy_loss: 66.077
[GPU5] epochs: [759/800] train_loss_con: 16.921 energy_loss: 66.090
[GPU5] epochs: [760/800] train_loss_con: 16.927 energy_loss: 66.063
[GPU5] epochs: [761/800] train_loss_con: 16.950 energy_loss: 66.081
[GPU5] epochs: [762/800] train_loss_con: 16.927 energy_loss: 66.119
[GPU5] epochs: [763/800] train_loss_con: 16.916 energy_loss: 66.056
[GPU5] epochs: [764/800] train_loss_con: 16.915 energy_loss: 65.977
[GPU5] epochs: [765/800] train_loss_con: 16.918 energy_loss: 65.991
[GPU5] epochs: [766/800] train_loss_con: 16.926 energy_loss: 66.037
[GPU5] epochs: [767/800] train_loss_con: 16.920 energy_loss: 65.992
[GPU5] epochs: [768/800] train_loss_con: 16.928 energy_loss: 66.038
[GPU5] epochs: [769/800] train_loss_con: 16.960 energy_loss: 66.092
[GPU5] epochs: [770/800] train_loss_con: 16.931 energy_loss: 66.004
[GPU5] epochs: [771/800] train_loss_con: 16.938 energy_loss: 66.012
[GPU5] epochs: [772/800] train_loss_con: 16.931 energy_loss: 65.949
[GPU5] epochs: [773/800] train_loss_con: 16.943 energy_loss: 65.968
[GPU5] epochs: [774/800] train_loss_con: 16.891 energy_loss: 65.963
[GPU5] epochs: [775/800] train_loss_con: 16.943 energy_loss: 65.942
[GPU5] epochs: [776/800] train_loss_con: 16.928 energy_loss: 65.931
[GPU5] epochs: [777/800] train_loss_con: 16.929 energy_loss: 65.956
[GPU5] epochs: [778/800] train_loss_con: 16.927 energy_loss: 65.976
[GPU5] epochs: [779/800] train_loss_con: 16.925 energy_loss: 66.010
[GPU5] epochs: [780/800] train_loss_con: 16.908 energy_loss: 65.942
[GPU5] epochs: [781/800] train_loss_con: 16.942 energy_loss: 65.980
[GPU5] epochs: [782/800] train_loss_con: 16.941 energy_loss: 65.906
[GPU5] epochs: [783/800] train_loss_con: 16.922 energy_loss: 65.941
[GPU5] epochs: [784/800] train_loss_con: 16.910 energy_loss: 65.904
[GPU5] epochs: [785/800] train_loss_con: 16.927 energy_loss: 65.865
[GPU5] epochs: [786/800] train_loss_con: 16.918 energy_loss: 65.949
[GPU5] epochs: [787/800] train_loss_con: 16.931 energy_loss: 65.841
[GPU5] epochs: [788/800] train_loss_con: 16.928 energy_loss: 65.918
[GPU5] epochs: [789/800] train_loss_con: 16.918 energy_loss: 65.909
[GPU5] epochs: [790/800] train_loss_con: 16.934 energy_loss: 65.890
[GPU5] epochs: [791/800] train_loss_con: 16.910 energy_loss: 65.828
[GPU5] epochs: [792/800] train_loss_con: 16.920 energy_loss: 65.852
[GPU5] epochs: [793/800] train_loss_con: 16.912 energy_loss: 65.882
[GPU5] epochs: [794/800] train_loss_con: 16.946 energy_loss: 65.804
[GPU5] epochs: [795/800] train_loss_con: 16.896 energy_loss: 65.742
[GPU5] epochs: [796/800] train_loss_con: 16.902 energy_loss: 65.798
[GPU5] epochs: [797/800] train_loss_con: 16.925 energy_loss: 65.790
[GPU5] epochs: [798/800] train_loss_con: 16.931 energy_loss: 65.841
[GPU5] epochs: [799/800] train_loss_con: 16.924 energy_loss: 65.797
[GPU5] epochs: [800/800] train_loss_con: 16.901 energy_loss: 65.844
### TSNE starts
### MLP training begins
[GPU5] Test Accuracy at epoch: 0: 0.46
[GPU5] epochs: [1/100] train_acc: 0.323 train_loss_sup: 3.213
[GPU5] epochs: [2/100] train_acc: 0.450 train_loss_sup: 2.269
[GPU5] epochs: [3/100] train_acc: 0.483 train_loss_sup: 2.080
[GPU5] epochs: [4/100] train_acc: 0.500 train_loss_sup: 1.979
[GPU5] epochs: [5/100] train_acc: 0.507 train_loss_sup: 1.925
[GPU5] epochs: [6/100] train_acc: 0.517 train_loss_sup: 1.877
[GPU5] epochs: [7/100] train_acc: 0.525 train_loss_sup: 1.838
[GPU5] epochs: [8/100] train_acc: 0.530 train_loss_sup: 1.812
[GPU5] epochs: [9/100] train_acc: 0.535 train_loss_sup: 1.790
[GPU5] epochs: [10/100] train_acc: 0.537 train_loss_sup: 1.768
[GPU5] Test Accuracy at epoch: 10: 0.561
[GPU5] epochs: [11/100] train_acc: 0.540 train_loss_sup: 1.748
[GPU5] epochs: [12/100] train_acc: 0.544 train_loss_sup: 1.737
[GPU5] epochs: [13/100] train_acc: 0.547 train_loss_sup: 1.720
[GPU5] epochs: [14/100] train_acc: 0.548 train_loss_sup: 1.708
[GPU5] epochs: [15/100] train_acc: 0.550 train_loss_sup: 1.700
[GPU5] epochs: [16/100] train_acc: 0.554 train_loss_sup: 1.687
[GPU5] epochs: [17/100] train_acc: 0.555 train_loss_sup: 1.671
[GPU5] epochs: [18/100] train_acc: 0.556 train_loss_sup: 1.670
[GPU5] epochs: [19/100] train_acc: 0.559 train_loss_sup: 1.654
[GPU5] epochs: [20/100] train_acc: 0.560 train_loss_sup: 1.657
[GPU5] Test Accuracy at epoch: 20: 0.577
[GPU5] epochs: [21/100] train_acc: 0.563 train_loss_sup: 1.641
[GPU5] epochs: [22/100] train_acc: 0.564 train_loss_sup: 1.638
[GPU5] epochs: [23/100] train_acc: 0.565 train_loss_sup: 1.635
[GPU5] epochs: [24/100] train_acc: 0.567 train_loss_sup: 1.634
[GPU5] epochs: [25/100] train_acc: 0.566 train_loss_sup: 1.629
[GPU5] epochs: [26/100] train_acc: 0.567 train_loss_sup: 1.620
[GPU5] epochs: [27/100] train_acc: 0.568 train_loss_sup: 1.613
[GPU5] epochs: [28/100] train_acc: 0.573 train_loss_sup: 1.610
[GPU5] epochs: [29/100] train_acc: 0.570 train_loss_sup: 1.601
[GPU5] epochs: [30/100] train_acc: 0.576 train_loss_sup: 1.592
[GPU5] Test Accuracy at epoch: 30: 0.586
[GPU5] epochs: [31/100] train_acc: 0.569 train_loss_sup: 1.602
[GPU5] epochs: [32/100] train_acc: 0.574 train_loss_sup: 1.593
[GPU5] epochs: [33/100] train_acc: 0.575 train_loss_sup: 1.589
[GPU5] epochs: [34/100] train_acc: 0.574 train_loss_sup: 1.586
[GPU5] epochs: [35/100] train_acc: 0.577 train_loss_sup: 1.579
[GPU5] epochs: [36/100] train_acc: 0.578 train_loss_sup: 1.571
[GPU5] epochs: [37/100] train_acc: 0.579 train_loss_sup: 1.576
[GPU5] epochs: [38/100] train_acc: 0.579 train_loss_sup: 1.570
[GPU5] epochs: [39/100] train_acc: 0.581 train_loss_sup: 1.559
[GPU5] epochs: [40/100] train_acc: 0.582 train_loss_sup: 1.557
[GPU5] Test Accuracy at epoch: 40: 0.591
[GPU5] epochs: [41/100] train_acc: 0.583 train_loss_sup: 1.558
[GPU5] epochs: [42/100] train_acc: 0.583 train_loss_sup: 1.563
[GPU5] epochs: [43/100] train_acc: 0.584 train_loss_sup: 1.556
[GPU5] epochs: [44/100] train_acc: 0.584 train_loss_sup: 1.553
[GPU5] epochs: [45/100] train_acc: 0.584 train_loss_sup: 1.547
[GPU5] epochs: [46/100] train_acc: 0.585 train_loss_sup: 1.545
[GPU5] epochs: [47/100] train_acc: 0.585 train_loss_sup: 1.541
[GPU5] epochs: [48/100] train_acc: 0.585 train_loss_sup: 1.543
[GPU5] epochs: [49/100] train_acc: 0.586 train_loss_sup: 1.543
[GPU5] epochs: [50/100] train_acc: 0.588 train_loss_sup: 1.538
[GPU5] Test Accuracy at epoch: 50: 0.592
[GPU5] epochs: [51/100] train_acc: 0.586 train_loss_sup: 1.533
[GPU5] epochs: [52/100] train_acc: 0.589 train_loss_sup: 1.532
[GPU5] epochs: [53/100] train_acc: 0.588 train_loss_sup: 1.532
[GPU5] epochs: [54/100] train_acc: 0.587 train_loss_sup: 1.537
[GPU5] epochs: [55/100] train_acc: 0.590 train_loss_sup: 1.529
[GPU5] epochs: [56/100] train_acc: 0.589 train_loss_sup: 1.526
[GPU5] epochs: [57/100] train_acc: 0.591 train_loss_sup: 1.524
[GPU5] epochs: [58/100] train_acc: 0.589 train_loss_sup: 1.518
[GPU5] epochs: [59/100] train_acc: 0.592 train_loss_sup: 1.522
[GPU5] epochs: [60/100] train_acc: 0.592 train_loss_sup: 1.521
[GPU5] Test Accuracy at epoch: 60: 0.596
[GPU5] epochs: [61/100] train_acc: 0.586 train_loss_sup: 1.520
[GPU5] epochs: [62/100] train_acc: 0.591 train_loss_sup: 1.513
[GPU5] epochs: [63/100] train_acc: 0.594 train_loss_sup: 1.513
[GPU5] epochs: [64/100] train_acc: 0.591 train_loss_sup: 1.517
[GPU5] epochs: [65/100] train_acc: 0.591 train_loss_sup: 1.517
[GPU5] epochs: [66/100] train_acc: 0.592 train_loss_sup: 1.509
[GPU5] epochs: [67/100] train_acc: 0.594 train_loss_sup: 1.505
[GPU5] epochs: [68/100] train_acc: 0.593 train_loss_sup: 1.509
[GPU5] epochs: [69/100] train_acc: 0.593 train_loss_sup: 1.513
[GPU5] epochs: [70/100] train_acc: 0.597 train_loss_sup: 1.503
[GPU5] Test Accuracy at epoch: 70: 0.593
[GPU5] epochs: [71/100] train_acc: 0.595 train_loss_sup: 1.504
[GPU5] epochs: [72/100] train_acc: 0.592 train_loss_sup: 1.507
[GPU5] epochs: [73/100] train_acc: 0.597 train_loss_sup: 1.501
[GPU5] epochs: [74/100] train_acc: 0.598 train_loss_sup: 1.495
[GPU5] epochs: [75/100] train_acc: 0.596 train_loss_sup: 1.494
[GPU5] epochs: [76/100] train_acc: 0.596 train_loss_sup: 1.498
[GPU5] epochs: [77/100] train_acc: 0.595 train_loss_sup: 1.501
[GPU5] epochs: [78/100] train_acc: 0.597 train_loss_sup: 1.490
[GPU5] epochs: [79/100] train_acc: 0.596 train_loss_sup: 1.494
[GPU5] epochs: [80/100] train_acc: 0.599 train_loss_sup: 1.487
[GPU5] Test Accuracy at epoch: 80: 0.596
[GPU5] epochs: [81/100] train_acc: 0.597 train_loss_sup: 1.488
[GPU5] epochs: [82/100] train_acc: 0.598 train_loss_sup: 1.484
[GPU5] epochs: [83/100] train_acc: 0.594 train_loss_sup: 1.496
[GPU5] epochs: [84/100] train_acc: 0.599 train_loss_sup: 1.487
[GPU5] epochs: [85/100] train_acc: 0.596 train_loss_sup: 1.490
[GPU5] epochs: [86/100] train_acc: 0.599 train_loss_sup: 1.484
[GPU5] epochs: [87/100] train_acc: 0.599 train_loss_sup: 1.486
[GPU5] epochs: [88/100] train_acc: 0.601 train_loss_sup: 1.482
[GPU5] epochs: [89/100] train_acc: 0.598 train_loss_sup: 1.485
[GPU5] epochs: [90/100] train_acc: 0.598 train_loss_sup: 1.487
[GPU5] Test Accuracy at epoch: 90: 0.593
[GPU5] epochs: [91/100] train_acc: 0.599 train_loss_sup: 1.483
[GPU5] epochs: [92/100] train_acc: 0.598 train_loss_sup: 1.486
[GPU5] epochs: [93/100] train_acc: 0.599 train_loss_sup: 1.477
[GPU5] epochs: [94/100] train_acc: 0.599 train_loss_sup: 1.478
[GPU5] epochs: [95/100] train_acc: 0.597 train_loss_sup: 1.485
[GPU5] epochs: [96/100] train_acc: 0.602 train_loss_sup: 1.476
[GPU5] epochs: [97/100] train_acc: 0.598 train_loss_sup: 1.478
[GPU5] epochs: [98/100] train_acc: 0.601 train_loss_sup: 1.479
[GPU5] epochs: [99/100] train_acc: 0.598 train_loss_sup: 1.474
[GPU5] epochs: [100/100] train_acc: 0.601 train_loss_sup: 1.473
[GPU5] Final Test Accuracy: 0.596
Model weights saved
<All keys matched successfully>
OpenBLAS warning: precompiled NUM_THREADS exceeded, adding auxiliary array for thread metadata.
To avoid this warning, please rebuild your copy of OpenBLAS with a larger NUM_THREADS setting
or set the environment variable OPENBLAS_NUM_THREADS to 64 or lower
knn evalution
KNN with K=200
logistic regression evalution
knn_acc: 0.465, log_reg_acc: 0.547
BLAS : Bad memory unallocation! :  640  0x7f8c7be57000
BLAS : Bad memory unallocation! :  640  0x7f8bf9e57000
BLAS : Bad memory unallocation! :  640  0x7f8bdbe57000
BLAS : Bad memory unallocation! :  640  0x7f8bd3e57000
BLAS : Bad memory unallocation! :  640  0x7f8bd9e57000
BLAS : Bad memory unallocation! :  640  0x7f8b35e57000
BLAS : Bad memory unallocation! :  640  0x7f8b33e57000
BLAS : Bad memory unallocation! :  640  0x7f8b2fe57000
