environment: 
YAML: configs/vicreg.sc.c100.yaml
==> SEED: 42
==> num_classes: 100
==> data_name: cifar100
==> data_params: {'algo': 'vicreg-sc', 'data_dir': 'datasets/cifar100', 'batch_size': 512, 'num_workers': 3, 'image_size': 32}
==> return_logs: False
==> eval_every: 10
==> n_epochs: 800
==> n_epochs_mlp: 100
==> gpu_id: 7
==> opt: LARS
==> opt_params: {'lr': 0.4, 'momentum': 0.9, 'weight_decay': 1e-06}
==> schedular_params: {'T_max': 800, 'eta_min': 0.001}
==> mlp_opt: SGD
==> mlp_opt_params: {'lr': 0.1, 'momentum': 0.9}
==> model_params: {'model_name': 'resnet18', 'pretrained': False, 'proj_dim': 4096, 'barlow_hidden': 4096}
==> mlp_type: linear
==> loss: vicreg-sc
==> loss_params: {'_lambda': 25.0, 'mu': 25.0, 'nu': 1.0}
==> distributed: False
==> train_algo: vicreg-sc
==> model_save_path: saved_models/vicreg.c100.r18.en.e800.pth
==> energy_model_params: {'eta': 0.01, 'steps': 5, 'sigma': 0.2, 'delta': 0.1, 'net_type': 'energy'}
==> energy_opt: AdamW
==> energy_model_opt_params: {'lr': 0.001}
==> warmup_epochs: 0
==> config: configs/vicreg.sc.c100.yaml
--------------------------------------------------
===> using linear mlp
using optimizer: LARS
using optimizer: SGD
loss function: vicreg-sc
Files already downloaded and verified
Files already downloaded and verified
Files already downloaded and verified
# of Training Images: 50000
# of Testing Images: 10000
using optimizer: AdamW
### VICReg-SC Training begins
[GPU7] epochs: [1/800] train_loss_con: 21.855 energy_loss: 255.260
[GPU7] epochs: [2/800] train_loss_con: 21.037 energy_loss: 255.836
[GPU7] epochs: [3/800] train_loss_con: 20.816 energy_loss: 256.000
[GPU7] epochs: [4/800] train_loss_con: 20.660 energy_loss: 255.666
[GPU7] epochs: [5/800] train_loss_con: 20.551 energy_loss: 255.844
[GPU7] epochs: [6/800] train_loss_con: 20.436 energy_loss: 255.824
[GPU7] epochs: [7/800] train_loss_con: 20.342 energy_loss: 255.975
[GPU7] epochs: [8/800] train_loss_con: 20.274 energy_loss: 255.959
[GPU7] epochs: [9/800] train_loss_con: 20.194 energy_loss: 255.998
[GPU7] epochs: [10/800] train_loss_con: 20.112 energy_loss: 255.955
[GPU7] epochs: [11/800] train_loss_con: 20.026 energy_loss: 256.096
[GPU7] epochs: [12/800] train_loss_con: 19.973 energy_loss: 256.010
[GPU7] epochs: [13/800] train_loss_con: 19.910 energy_loss: 255.946
[GPU7] epochs: [14/800] train_loss_con: 19.843 energy_loss: 255.743
[GPU7] epochs: [15/800] train_loss_con: 19.796 energy_loss: 255.596
[GPU7] epochs: [16/800] train_loss_con: 19.744 energy_loss: 255.829
[GPU7] epochs: [17/800] train_loss_con: 19.702 energy_loss: 255.765
[GPU7] epochs: [18/800] train_loss_con: 19.657 energy_loss: 255.319
[GPU7] epochs: [19/800] train_loss_con: 19.612 energy_loss: 255.744
[GPU7] epochs: [20/800] train_loss_con: 19.579 energy_loss: 255.729
[GPU7] epochs: [21/800] train_loss_con: 19.545 energy_loss: 255.919
[GPU7] epochs: [22/800] train_loss_con: 19.506 energy_loss: 255.843
[GPU7] epochs: [23/800] train_loss_con: 19.477 energy_loss: 254.620
[GPU7] epochs: [24/800] train_loss_con: 19.447 energy_loss: 252.773
[GPU7] epochs: [25/800] train_loss_con: 19.425 energy_loss: 253.767
[GPU7] epochs: [26/800] train_loss_con: 19.384 energy_loss: 255.993
[GPU7] epochs: [27/800] train_loss_con: 19.371 energy_loss: 255.907
[GPU7] epochs: [28/800] train_loss_con: 19.337 energy_loss: 255.859
[GPU7] epochs: [29/800] train_loss_con: 19.318 energy_loss: 255.731
[GPU7] epochs: [30/800] train_loss_con: 19.300 energy_loss: 253.687
[GPU7] epochs: [31/800] train_loss_con: 19.284 energy_loss: 245.943
[GPU7] epochs: [32/800] train_loss_con: 19.255 energy_loss: 235.985
[GPU7] epochs: [33/800] train_loss_con: 19.241 energy_loss: 228.912
[GPU7] epochs: [34/800] train_loss_con: 19.208 energy_loss: 219.933
[GPU7] epochs: [35/800] train_loss_con: 19.194 energy_loss: 215.552
[GPU7] epochs: [36/800] train_loss_con: 19.175 energy_loss: 205.867
[GPU7] epochs: [37/800] train_loss_con: 19.161 energy_loss: 193.176
[GPU7] epochs: [38/800] train_loss_con: 19.153 energy_loss: 200.997
[GPU7] epochs: [39/800] train_loss_con: 19.130 energy_loss: 172.813
[GPU7] epochs: [40/800] train_loss_con: 19.104 energy_loss: 179.894
[GPU7] epochs: [41/800] train_loss_con: 19.094 energy_loss: 170.760
[GPU7] epochs: [42/800] train_loss_con: 19.064 energy_loss: 174.465
[GPU7] epochs: [43/800] train_loss_con: 19.039 energy_loss: 156.364
[GPU7] epochs: [44/800] train_loss_con: 19.051 energy_loss: 148.542
[GPU7] epochs: [45/800] train_loss_con: 19.015 energy_loss: 143.402
[GPU7] epochs: [46/800] train_loss_con: 19.010 energy_loss: 140.082
[GPU7] epochs: [47/800] train_loss_con: 18.992 energy_loss: 143.295
[GPU7] epochs: [48/800] train_loss_con: 18.989 energy_loss: 132.821
[GPU7] epochs: [49/800] train_loss_con: 18.982 energy_loss: 133.839
[GPU7] epochs: [50/800] train_loss_con: 18.965 energy_loss: 131.642
[GPU7] epochs: [51/800] train_loss_con: 18.947 energy_loss: 131.236
[GPU7] epochs: [52/800] train_loss_con: 18.923 energy_loss: 128.306
[GPU7] epochs: [53/800] train_loss_con: 18.921 energy_loss: 126.469
[GPU7] epochs: [54/800] train_loss_con: 18.911 energy_loss: 127.574
[GPU7] epochs: [55/800] train_loss_con: 18.907 energy_loss: 124.615
[GPU7] epochs: [56/800] train_loss_con: 18.885 energy_loss: 124.086
[GPU7] epochs: [57/800] train_loss_con: 18.870 energy_loss: 123.634
[GPU7] epochs: [58/800] train_loss_con: 18.854 energy_loss: 123.121
[GPU7] epochs: [59/800] train_loss_con: 18.854 energy_loss: 122.431
[GPU7] epochs: [60/800] train_loss_con: 18.836 energy_loss: 121.928
[GPU7] epochs: [61/800] train_loss_con: 18.833 energy_loss: 122.933
[GPU7] epochs: [62/800] train_loss_con: 18.809 energy_loss: 122.477
[GPU7] epochs: [63/800] train_loss_con: 18.809 energy_loss: 122.584
[GPU7] epochs: [64/800] train_loss_con: 18.782 energy_loss: 122.646
[GPU7] epochs: [65/800] train_loss_con: 18.790 energy_loss: 123.298
[GPU7] epochs: [66/800] train_loss_con: 18.751 energy_loss: 122.675
[GPU7] epochs: [67/800] train_loss_con: 18.761 energy_loss: 124.544
[GPU7] epochs: [68/800] train_loss_con: 18.734 energy_loss: 125.121
[GPU7] epochs: [69/800] train_loss_con: 18.737 energy_loss: 125.790
[GPU7] epochs: [70/800] train_loss_con: 18.745 energy_loss: 125.146
[GPU7] epochs: [71/800] train_loss_con: 18.719 energy_loss: 122.972
[GPU7] epochs: [72/800] train_loss_con: 18.716 energy_loss: 124.906
[GPU7] epochs: [73/800] train_loss_con: 18.702 energy_loss: 122.977
[GPU7] epochs: [74/800] train_loss_con: 18.703 energy_loss: 124.074
[GPU7] epochs: [75/800] train_loss_con: 18.716 energy_loss: 122.150
[GPU7] epochs: [76/800] train_loss_con: 18.651 energy_loss: 122.011
[GPU7] epochs: [77/800] train_loss_con: 18.651 energy_loss: 121.690
[GPU7] epochs: [78/800] train_loss_con: 18.656 energy_loss: 122.156
[GPU7] epochs: [79/800] train_loss_con: 18.644 energy_loss: 120.704
[GPU7] epochs: [80/800] train_loss_con: 18.653 energy_loss: 120.794
[GPU7] epochs: [81/800] train_loss_con: 18.613 energy_loss: 120.088
[GPU7] epochs: [82/800] train_loss_con: 18.614 energy_loss: 120.102
[GPU7] epochs: [83/800] train_loss_con: 18.615 energy_loss: 120.067
[GPU7] epochs: [84/800] train_loss_con: 18.607 energy_loss: 120.192
[GPU7] epochs: [85/800] train_loss_con: 18.604 energy_loss: 119.951
[GPU7] epochs: [86/800] train_loss_con: 18.595 energy_loss: 120.111
[GPU7] epochs: [87/800] train_loss_con: 18.589 energy_loss: 120.044
[GPU7] epochs: [88/800] train_loss_con: 18.595 energy_loss: 119.766
[GPU7] epochs: [89/800] train_loss_con: 18.603 energy_loss: 119.520
[GPU7] epochs: [90/800] train_loss_con: 18.564 energy_loss: 120.002
[GPU7] epochs: [91/800] train_loss_con: 18.568 energy_loss: 121.503
[GPU7] epochs: [92/800] train_loss_con: 18.556 energy_loss: 121.290
[GPU7] epochs: [93/800] train_loss_con: 18.547 energy_loss: 123.738
[GPU7] epochs: [94/800] train_loss_con: 18.539 energy_loss: 121.826
[GPU7] epochs: [95/800] train_loss_con: 18.507 energy_loss: 119.718
[GPU7] epochs: [96/800] train_loss_con: 18.535 energy_loss: 119.493
[GPU7] epochs: [97/800] train_loss_con: 18.506 energy_loss: 119.142
[GPU7] epochs: [98/800] train_loss_con: 18.510 energy_loss: 118.764
[GPU7] epochs: [99/800] train_loss_con: 18.486 energy_loss: 118.527
[GPU7] epochs: [100/800] train_loss_con: 18.498 energy_loss: 118.321
[GPU7] epochs: [101/800] train_loss_con: 18.500 energy_loss: 118.448
[GPU7] epochs: [102/800] train_loss_con: 18.487 energy_loss: 118.105
[GPU7] epochs: [103/800] train_loss_con: 18.477 energy_loss: 117.983
[GPU7] epochs: [104/800] train_loss_con: 18.456 energy_loss: 118.297
[GPU7] epochs: [105/800] train_loss_con: 18.478 energy_loss: 118.170
[GPU7] epochs: [106/800] train_loss_con: 18.457 energy_loss: 118.090
[GPU7] epochs: [107/800] train_loss_con: 18.450 energy_loss: 119.026
[GPU7] epochs: [108/800] train_loss_con: 18.427 energy_loss: 119.369
[GPU7] epochs: [109/800] train_loss_con: 18.433 energy_loss: 119.316
[GPU7] epochs: [110/800] train_loss_con: 18.448 energy_loss: 120.356
[GPU7] epochs: [111/800] train_loss_con: 18.429 energy_loss: 121.975
[GPU7] epochs: [112/800] train_loss_con: 18.429 energy_loss: 119.608
[GPU7] epochs: [113/800] train_loss_con: 18.382 energy_loss: 118.662
[GPU7] epochs: [114/800] train_loss_con: 18.381 energy_loss: 118.228
[GPU7] epochs: [115/800] train_loss_con: 18.391 energy_loss: 117.972
[GPU7] epochs: [116/800] train_loss_con: 18.374 energy_loss: 117.489
[GPU7] epochs: [117/800] train_loss_con: 18.382 energy_loss: 117.740
[GPU7] epochs: [118/800] train_loss_con: 18.360 energy_loss: 117.512
[GPU7] epochs: [119/800] train_loss_con: 18.383 energy_loss: 117.046
[GPU7] epochs: [120/800] train_loss_con: 18.385 energy_loss: 116.868
[GPU7] epochs: [121/800] train_loss_con: 18.363 energy_loss: 117.044
[GPU7] epochs: [122/800] train_loss_con: 18.348 energy_loss: 116.780
[GPU7] epochs: [123/800] train_loss_con: 18.343 energy_loss: 116.788
[GPU7] epochs: [124/800] train_loss_con: 18.349 energy_loss: 116.645
[GPU7] epochs: [125/800] train_loss_con: 18.338 energy_loss: 116.343
[GPU7] epochs: [126/800] train_loss_con: 18.337 energy_loss: 116.097
[GPU7] epochs: [127/800] train_loss_con: 18.335 energy_loss: 116.600
[GPU7] epochs: [128/800] train_loss_con: 18.298 energy_loss: 116.382
[GPU7] epochs: [129/800] train_loss_con: 18.333 energy_loss: 116.275
[GPU7] epochs: [130/800] train_loss_con: 18.315 energy_loss: 116.264
[GPU7] epochs: [131/800] train_loss_con: 18.303 energy_loss: 116.555
[GPU7] epochs: [132/800] train_loss_con: 18.303 energy_loss: 115.857
[GPU7] epochs: [133/800] train_loss_con: 18.296 energy_loss: 116.058
[GPU7] epochs: [134/800] train_loss_con: 18.255 energy_loss: 116.037
[GPU7] epochs: [135/800] train_loss_con: 18.288 energy_loss: 116.159
[GPU7] epochs: [136/800] train_loss_con: 18.266 energy_loss: 116.611
[GPU7] epochs: [137/800] train_loss_con: 18.280 energy_loss: 116.207
[GPU7] epochs: [138/800] train_loss_con: 18.253 energy_loss: 115.980
[GPU7] epochs: [139/800] train_loss_con: 18.252 energy_loss: 116.672
[GPU7] epochs: [140/800] train_loss_con: 18.232 energy_loss: 125.603
[GPU7] epochs: [141/800] train_loss_con: 18.232 energy_loss: 117.646
[GPU7] epochs: [142/800] train_loss_con: 18.229 energy_loss: 117.637
[GPU7] epochs: [143/800] train_loss_con: 18.212 energy_loss: 117.178
[GPU7] epochs: [144/800] train_loss_con: 18.218 energy_loss: 117.163
[GPU7] epochs: [145/800] train_loss_con: 18.201 energy_loss: 116.596
[GPU7] epochs: [146/800] train_loss_con: 18.213 energy_loss: 116.413
[GPU7] epochs: [147/800] train_loss_con: 18.211 energy_loss: 115.612
[GPU7] epochs: [148/800] train_loss_con: 18.205 energy_loss: 115.511
[GPU7] epochs: [149/800] train_loss_con: 18.203 energy_loss: 115.378
[GPU7] epochs: [150/800] train_loss_con: 18.195 energy_loss: 115.613
[GPU7] epochs: [151/800] train_loss_con: 18.170 energy_loss: 114.828
[GPU7] epochs: [152/800] train_loss_con: 18.152 energy_loss: 114.736
[GPU7] epochs: [153/800] train_loss_con: 18.153 energy_loss: 114.644
[GPU7] epochs: [154/800] train_loss_con: 18.174 energy_loss: 114.893
[GPU7] epochs: [155/800] train_loss_con: 18.174 energy_loss: 114.712
[GPU7] epochs: [156/800] train_loss_con: 18.168 energy_loss: 114.879
[GPU7] epochs: [157/800] train_loss_con: 18.161 energy_loss: 114.827
[GPU7] epochs: [158/800] train_loss_con: 18.160 energy_loss: 114.436
[GPU7] epochs: [159/800] train_loss_con: 18.158 energy_loss: 114.455
[GPU7] epochs: [160/800] train_loss_con: 18.141 energy_loss: 114.219
[GPU7] epochs: [161/800] train_loss_con: 18.113 energy_loss: 114.131
[GPU7] epochs: [162/800] train_loss_con: 18.136 energy_loss: 113.538
[GPU7] epochs: [163/800] train_loss_con: 18.131 energy_loss: 114.406
[GPU7] epochs: [164/800] train_loss_con: 18.136 energy_loss: 113.725
[GPU7] epochs: [165/800] train_loss_con: 18.105 energy_loss: 114.793
[GPU7] epochs: [166/800] train_loss_con: 18.112 energy_loss: 114.940
[GPU7] epochs: [167/800] train_loss_con: 18.088 energy_loss: 115.497
[GPU7] epochs: [168/800] train_loss_con: 18.090 energy_loss: 115.899
[GPU7] epochs: [169/800] train_loss_con: 18.104 energy_loss: 115.710
[GPU7] epochs: [170/800] train_loss_con: 18.100 energy_loss: 115.883
[GPU7] epochs: [171/800] train_loss_con: 18.093 energy_loss: 116.189
[GPU7] epochs: [172/800] train_loss_con: 18.080 energy_loss: 116.013
[GPU7] epochs: [173/800] train_loss_con: 18.083 energy_loss: 115.566
[GPU7] epochs: [174/800] train_loss_con: 18.075 energy_loss: 115.136
[GPU7] epochs: [175/800] train_loss_con: 18.054 energy_loss: 114.371
[GPU7] epochs: [176/800] train_loss_con: 18.041 energy_loss: 113.927
[GPU7] epochs: [177/800] train_loss_con: 18.059 energy_loss: 113.909
[GPU7] epochs: [178/800] train_loss_con: 18.045 energy_loss: 114.498
[GPU7] epochs: [179/800] train_loss_con: 18.044 energy_loss: 114.284
[GPU7] epochs: [180/800] train_loss_con: 18.056 energy_loss: 113.740
[GPU7] epochs: [181/800] train_loss_con: 18.039 energy_loss: 113.997
[GPU7] epochs: [182/800] train_loss_con: 18.032 energy_loss: 113.580
[GPU7] epochs: [183/800] train_loss_con: 18.030 energy_loss: 113.500
[GPU7] epochs: [184/800] train_loss_con: 18.017 energy_loss: 113.259
[GPU7] epochs: [185/800] train_loss_con: 18.015 energy_loss: 113.302
[GPU7] epochs: [186/800] train_loss_con: 18.023 energy_loss: 113.887
[GPU7] epochs: [187/800] train_loss_con: 18.011 energy_loss: 114.378
[GPU7] epochs: [188/800] train_loss_con: 18.011 energy_loss: 114.271
[GPU7] epochs: [189/800] train_loss_con: 18.001 energy_loss: 114.861
[GPU7] epochs: [190/800] train_loss_con: 17.993 energy_loss: 114.792
[GPU7] epochs: [191/800] train_loss_con: 18.001 energy_loss: 114.712
[GPU7] epochs: [192/800] train_loss_con: 18.021 energy_loss: 113.814
[GPU7] epochs: [193/800] train_loss_con: 18.014 energy_loss: 114.262
[GPU7] epochs: [194/800] train_loss_con: 17.982 energy_loss: 113.982
[GPU7] epochs: [195/800] train_loss_con: 17.979 energy_loss: 114.030
[GPU7] epochs: [196/800] train_loss_con: 17.991 energy_loss: 114.011
[GPU7] epochs: [197/800] train_loss_con: 17.957 energy_loss: 113.865
[GPU7] epochs: [198/800] train_loss_con: 17.964 energy_loss: 113.549
[GPU7] epochs: [199/800] train_loss_con: 17.965 energy_loss: 113.602
[GPU7] epochs: [200/800] train_loss_con: 17.968 energy_loss: 113.413
[GPU7] epochs: [201/800] train_loss_con: 17.935 energy_loss: 113.079
[GPU7] epochs: [202/800] train_loss_con: 17.936 energy_loss: 113.322
[GPU7] epochs: [203/800] train_loss_con: 17.912 energy_loss: 112.903
[GPU7] epochs: [204/800] train_loss_con: 17.953 energy_loss: 112.788
[GPU7] epochs: [205/800] train_loss_con: 17.936 energy_loss: 112.616
[GPU7] epochs: [206/800] train_loss_con: 17.923 energy_loss: 112.592
[GPU7] epochs: [207/800] train_loss_con: 17.922 energy_loss: 112.293
[GPU7] epochs: [208/800] train_loss_con: 17.909 energy_loss: 112.494
[GPU7] epochs: [209/800] train_loss_con: 17.930 energy_loss: 112.194
[GPU7] epochs: [210/800] train_loss_con: 17.910 energy_loss: 112.138
[GPU7] epochs: [211/800] train_loss_con: 17.892 energy_loss: 112.079
[GPU7] epochs: [212/800] train_loss_con: 17.883 energy_loss: 111.749
[GPU7] epochs: [213/800] train_loss_con: 17.889 energy_loss: 111.844
[GPU7] epochs: [214/800] train_loss_con: 17.880 energy_loss: 112.035
[GPU7] epochs: [215/800] train_loss_con: 17.879 energy_loss: 111.511
[GPU7] epochs: [216/800] train_loss_con: 17.869 energy_loss: 111.359
[GPU7] epochs: [217/800] train_loss_con: 17.872 energy_loss: 111.513
[GPU7] epochs: [218/800] train_loss_con: 17.883 energy_loss: 111.490
[GPU7] epochs: [219/800] train_loss_con: 17.868 energy_loss: 111.234
[GPU7] epochs: [220/800] train_loss_con: 17.895 energy_loss: 110.998
[GPU7] epochs: [221/800] train_loss_con: 17.856 energy_loss: 111.062
[GPU7] epochs: [222/800] train_loss_con: 17.844 energy_loss: 111.018
[GPU7] epochs: [223/800] train_loss_con: 17.892 energy_loss: 110.950
[GPU7] epochs: [224/800] train_loss_con: 17.861 energy_loss: 110.704
[GPU7] epochs: [225/800] train_loss_con: 17.810 energy_loss: 110.443
[GPU7] epochs: [226/800] train_loss_con: 17.831 energy_loss: 110.368
[GPU7] epochs: [227/800] train_loss_con: 17.835 energy_loss: 110.236
[GPU7] epochs: [228/800] train_loss_con: 17.851 energy_loss: 110.446
[GPU7] epochs: [229/800] train_loss_con: 17.820 energy_loss: 110.045
[GPU7] epochs: [230/800] train_loss_con: 17.854 energy_loss: 110.288
[GPU7] epochs: [231/800] train_loss_con: 17.831 energy_loss: 110.083
[GPU7] epochs: [232/800] train_loss_con: 17.822 energy_loss: 110.359
[GPU7] epochs: [233/800] train_loss_con: 17.825 energy_loss: 110.277
[GPU7] epochs: [234/800] train_loss_con: 17.820 energy_loss: 110.292
[GPU7] epochs: [235/800] train_loss_con: 17.822 energy_loss: 109.770
[GPU7] epochs: [236/800] train_loss_con: 17.803 energy_loss: 110.097
[GPU7] epochs: [237/800] train_loss_con: 17.799 energy_loss: 109.807
[GPU7] epochs: [238/800] train_loss_con: 17.797 energy_loss: 109.751
[GPU7] epochs: [239/800] train_loss_con: 17.816 energy_loss: 109.817
[GPU7] epochs: [240/800] train_loss_con: 17.795 energy_loss: 109.617
[GPU7] epochs: [241/800] train_loss_con: 17.792 energy_loss: 109.467
[GPU7] epochs: [242/800] train_loss_con: 17.773 energy_loss: 109.498
[GPU7] epochs: [243/800] train_loss_con: 17.798 energy_loss: 109.523
[GPU7] epochs: [244/800] train_loss_con: 17.776 energy_loss: 109.210
[GPU7] epochs: [245/800] train_loss_con: 17.775 energy_loss: 109.512
[GPU7] epochs: [246/800] train_loss_con: 17.785 energy_loss: 109.408
[GPU7] epochs: [247/800] train_loss_con: 17.780 energy_loss: 109.210
[GPU7] epochs: [248/800] train_loss_con: 17.765 energy_loss: 108.820
[GPU7] epochs: [249/800] train_loss_con: 17.764 energy_loss: 109.121
[GPU7] epochs: [250/800] train_loss_con: 17.743 energy_loss: 109.044
[GPU7] epochs: [251/800] train_loss_con: 17.739 energy_loss: 108.701
[GPU7] epochs: [252/800] train_loss_con: 17.759 energy_loss: 108.792
[GPU7] epochs: [253/800] train_loss_con: 17.752 energy_loss: 108.847
[GPU7] epochs: [254/800] train_loss_con: 17.746 energy_loss: 108.706
[GPU7] epochs: [255/800] train_loss_con: 17.744 energy_loss: 108.701
[GPU7] epochs: [256/800] train_loss_con: 17.732 energy_loss: 108.496
[GPU7] epochs: [257/800] train_loss_con: 17.735 energy_loss: 108.594
[GPU7] epochs: [258/800] train_loss_con: 17.717 energy_loss: 108.325
[GPU7] epochs: [259/800] train_loss_con: 17.696 energy_loss: 108.339
[GPU7] epochs: [260/800] train_loss_con: 17.730 energy_loss: 108.385
[GPU7] epochs: [261/800] train_loss_con: 17.718 energy_loss: 108.403
[GPU7] epochs: [262/800] train_loss_con: 17.716 energy_loss: 108.177
[GPU7] epochs: [263/800] train_loss_con: 17.726 energy_loss: 108.211
[GPU7] epochs: [264/800] train_loss_con: 17.687 energy_loss: 108.144
[GPU7] epochs: [265/800] train_loss_con: 17.691 energy_loss: 108.042
[GPU7] epochs: [266/800] train_loss_con: 17.716 energy_loss: 108.010
[GPU7] epochs: [267/800] train_loss_con: 17.687 energy_loss: 107.672
[GPU7] epochs: [268/800] train_loss_con: 17.689 energy_loss: 107.715
[GPU7] epochs: [269/800] train_loss_con: 17.683 energy_loss: 107.847
[GPU7] epochs: [270/800] train_loss_con: 17.676 energy_loss: 107.976
[GPU7] epochs: [271/800] train_loss_con: 17.692 energy_loss: 107.638
[GPU7] epochs: [272/800] train_loss_con: 17.683 energy_loss: 107.885
[GPU7] epochs: [273/800] train_loss_con: 17.684 energy_loss: 107.878
[GPU7] epochs: [274/800] train_loss_con: 17.665 energy_loss: 107.812
[GPU7] epochs: [275/800] train_loss_con: 17.687 energy_loss: 107.802
[GPU7] epochs: [276/800] train_loss_con: 17.671 energy_loss: 107.928
[GPU7] epochs: [277/800] train_loss_con: 17.663 energy_loss: 107.547
[GPU7] epochs: [278/800] train_loss_con: 17.656 energy_loss: 107.360
[GPU7] epochs: [279/800] train_loss_con: 17.657 energy_loss: 107.781
[GPU7] epochs: [280/800] train_loss_con: 17.660 energy_loss: 107.287
[GPU7] epochs: [281/800] train_loss_con: 17.652 energy_loss: 107.228
[GPU7] epochs: [282/800] train_loss_con: 17.633 energy_loss: 107.219
[GPU7] epochs: [283/800] train_loss_con: 17.614 energy_loss: 107.080
[GPU7] epochs: [284/800] train_loss_con: 17.660 energy_loss: 107.210
[GPU7] epochs: [285/800] train_loss_con: 17.660 energy_loss: 106.989
[GPU7] epochs: [286/800] train_loss_con: 17.640 energy_loss: 107.175
[GPU7] epochs: [287/800] train_loss_con: 17.606 energy_loss: 106.934
[GPU7] epochs: [288/800] train_loss_con: 17.638 energy_loss: 106.983
[GPU7] epochs: [289/800] train_loss_con: 17.618 energy_loss: 106.625
[GPU7] epochs: [290/800] train_loss_con: 17.641 energy_loss: 106.790
[GPU7] epochs: [291/800] train_loss_con: 17.631 energy_loss: 106.802
[GPU7] epochs: [292/800] train_loss_con: 17.633 energy_loss: 106.920
[GPU7] epochs: [293/800] train_loss_con: 17.600 energy_loss: 106.850
[GPU7] epochs: [294/800] train_loss_con: 17.603 energy_loss: 106.404
[GPU7] epochs: [295/800] train_loss_con: 17.653 energy_loss: 106.484
[GPU7] epochs: [296/800] train_loss_con: 17.615 energy_loss: 106.301
[GPU7] epochs: [297/800] train_loss_con: 17.601 energy_loss: 106.405
[GPU7] epochs: [298/800] train_loss_con: 17.606 energy_loss: 106.227
[GPU7] epochs: [299/800] train_loss_con: 17.581 energy_loss: 106.061
[GPU7] epochs: [300/800] train_loss_con: 17.561 energy_loss: 106.054
[GPU7] epochs: [301/800] train_loss_con: 17.573 energy_loss: 105.899
[GPU7] epochs: [302/800] train_loss_con: 17.586 energy_loss: 105.934
[GPU7] epochs: [303/800] train_loss_con: 17.562 energy_loss: 105.983
[GPU7] epochs: [304/800] train_loss_con: 17.568 energy_loss: 105.417
[GPU7] epochs: [305/800] train_loss_con: 17.577 energy_loss: 105.550
[GPU7] epochs: [306/800] train_loss_con: 17.564 energy_loss: 105.450
[GPU7] epochs: [307/800] train_loss_con: 17.550 energy_loss: 105.718
[GPU7] epochs: [308/800] train_loss_con: 17.572 energy_loss: 105.671
[GPU7] epochs: [309/800] train_loss_con: 17.561 energy_loss: 106.057
[GPU7] epochs: [310/800] train_loss_con: 17.561 energy_loss: 105.907
[GPU7] epochs: [311/800] train_loss_con: 17.537 energy_loss: 105.474
[GPU7] epochs: [312/800] train_loss_con: 17.510 energy_loss: 105.306
[GPU7] epochs: [313/800] train_loss_con: 17.557 energy_loss: 105.225
[GPU7] epochs: [314/800] train_loss_con: 17.540 energy_loss: 105.253
[GPU7] epochs: [315/800] train_loss_con: 17.539 energy_loss: 105.575
[GPU7] epochs: [316/800] train_loss_con: 17.555 energy_loss: 105.412
[GPU7] epochs: [317/800] train_loss_con: 17.515 energy_loss: 105.183
[GPU7] epochs: [318/800] train_loss_con: 17.514 energy_loss: 105.158
[GPU7] epochs: [319/800] train_loss_con: 17.500 energy_loss: 104.953
[GPU7] epochs: [320/800] train_loss_con: 17.538 energy_loss: 105.094
[GPU7] epochs: [321/800] train_loss_con: 17.528 energy_loss: 105.033
[GPU7] epochs: [322/800] train_loss_con: 17.519 energy_loss: 105.204
[GPU7] epochs: [323/800] train_loss_con: 17.519 energy_loss: 105.082
[GPU7] epochs: [324/800] train_loss_con: 17.521 energy_loss: 105.217
[GPU7] epochs: [325/800] train_loss_con: 17.480 energy_loss: 104.831
[GPU7] epochs: [326/800] train_loss_con: 17.510 energy_loss: 104.676
[GPU7] epochs: [327/800] train_loss_con: 17.505 energy_loss: 104.775
[GPU7] epochs: [328/800] train_loss_con: 17.494 energy_loss: 104.493
[GPU7] epochs: [329/800] train_loss_con: 17.506 energy_loss: 104.483
[GPU7] epochs: [330/800] train_loss_con: 17.494 energy_loss: 104.578
[GPU7] epochs: [331/800] train_loss_con: 17.495 energy_loss: 104.422
[GPU7] epochs: [332/800] train_loss_con: 17.501 energy_loss: 104.530
[GPU7] epochs: [333/800] train_loss_con: 17.499 energy_loss: 104.597
[GPU7] epochs: [334/800] train_loss_con: 17.479 energy_loss: 104.581
[GPU7] epochs: [335/800] train_loss_con: 17.458 energy_loss: 104.039
[GPU7] epochs: [336/800] train_loss_con: 17.468 energy_loss: 104.094
[GPU7] epochs: [337/800] train_loss_con: 17.468 energy_loss: 103.855
[GPU7] epochs: [338/800] train_loss_con: 17.458 energy_loss: 103.668
[GPU7] epochs: [339/800] train_loss_con: 17.464 energy_loss: 103.858
[GPU7] epochs: [340/800] train_loss_con: 17.451 energy_loss: 104.232
[GPU7] epochs: [341/800] train_loss_con: 17.451 energy_loss: 104.074
[GPU7] epochs: [342/800] train_loss_con: 17.457 energy_loss: 104.232
[GPU7] epochs: [343/800] train_loss_con: 17.459 energy_loss: 104.362
[GPU7] epochs: [344/800] train_loss_con: 17.427 energy_loss: 103.803
[GPU7] epochs: [345/800] train_loss_con: 17.451 energy_loss: 103.819
[GPU7] epochs: [346/800] train_loss_con: 17.441 energy_loss: 103.965
[GPU7] epochs: [347/800] train_loss_con: 17.416 energy_loss: 103.911
[GPU7] epochs: [348/800] train_loss_con: 17.412 energy_loss: 103.814
[GPU7] epochs: [349/800] train_loss_con: 17.428 energy_loss: 103.630
[GPU7] epochs: [350/800] train_loss_con: 17.409 energy_loss: 103.874
[GPU7] epochs: [351/800] train_loss_con: 17.445 energy_loss: 103.746
[GPU7] epochs: [352/800] train_loss_con: 17.430 energy_loss: 103.876
[GPU7] epochs: [353/800] train_loss_con: 17.448 energy_loss: 103.697
[GPU7] epochs: [354/800] train_loss_con: 17.410 energy_loss: 103.411
[GPU7] epochs: [355/800] train_loss_con: 17.390 energy_loss: 103.555
[GPU7] epochs: [356/800] train_loss_con: 17.398 energy_loss: 103.377
[GPU7] epochs: [357/800] train_loss_con: 17.418 energy_loss: 103.585
[GPU7] epochs: [358/800] train_loss_con: 17.403 energy_loss: 103.006
[GPU7] epochs: [359/800] train_loss_con: 17.386 energy_loss: 103.184
[GPU7] epochs: [360/800] train_loss_con: 17.391 energy_loss: 103.026
[GPU7] epochs: [361/800] train_loss_con: 17.404 energy_loss: 102.919
[GPU7] epochs: [362/800] train_loss_con: 17.419 energy_loss: 102.825
[GPU7] epochs: [363/800] train_loss_con: 17.402 energy_loss: 102.864
[GPU7] epochs: [364/800] train_loss_con: 17.384 energy_loss: 103.179
[GPU7] epochs: [365/800] train_loss_con: 17.383 energy_loss: 103.126
[GPU7] epochs: [366/800] train_loss_con: 17.377 energy_loss: 102.775
[GPU7] epochs: [367/800] train_loss_con: 17.381 energy_loss: 102.780
[GPU7] epochs: [368/800] train_loss_con: 17.359 energy_loss: 102.430
[GPU7] epochs: [369/800] train_loss_con: 17.404 energy_loss: 102.593
[GPU7] epochs: [370/800] train_loss_con: 17.372 energy_loss: 102.521
[GPU7] epochs: [371/800] train_loss_con: 17.348 energy_loss: 102.460
[GPU7] epochs: [372/800] train_loss_con: 17.366 energy_loss: 102.151
[GPU7] epochs: [373/800] train_loss_con: 17.356 energy_loss: 102.375
[GPU7] epochs: [374/800] train_loss_con: 17.368 energy_loss: 102.268
[GPU7] epochs: [375/800] train_loss_con: 17.343 energy_loss: 102.209
[GPU7] epochs: [376/800] train_loss_con: 17.340 energy_loss: 102.323
[GPU7] epochs: [377/800] train_loss_con: 17.351 energy_loss: 102.060
[GPU7] epochs: [378/800] train_loss_con: 17.359 energy_loss: 101.935
[GPU7] epochs: [379/800] train_loss_con: 17.328 energy_loss: 102.132
[GPU7] epochs: [380/800] train_loss_con: 17.363 energy_loss: 101.795
[GPU7] epochs: [381/800] train_loss_con: 17.328 energy_loss: 101.834
[GPU7] epochs: [382/800] train_loss_con: 17.330 energy_loss: 101.668
[GPU7] epochs: [383/800] train_loss_con: 17.335 energy_loss: 101.515
[GPU7] epochs: [384/800] train_loss_con: 17.365 energy_loss: 101.817
[GPU7] epochs: [385/800] train_loss_con: 17.321 energy_loss: 101.705
[GPU7] epochs: [386/800] train_loss_con: 17.353 energy_loss: 101.637
[GPU7] epochs: [387/800] train_loss_con: 17.323 energy_loss: 101.699
[GPU7] epochs: [388/800] train_loss_con: 17.348 energy_loss: 101.538
[GPU7] epochs: [389/800] train_loss_con: 17.306 energy_loss: 101.578
[GPU7] epochs: [390/800] train_loss_con: 17.332 energy_loss: 101.517
[GPU7] epochs: [391/800] train_loss_con: 17.345 energy_loss: 101.434
[GPU7] epochs: [392/800] train_loss_con: 17.318 energy_loss: 101.241
[GPU7] epochs: [393/800] train_loss_con: 17.288 energy_loss: 101.185
[GPU7] epochs: [394/800] train_loss_con: 17.346 energy_loss: 101.265
[GPU7] epochs: [395/800] train_loss_con: 17.311 energy_loss: 101.193
[GPU7] epochs: [396/800] train_loss_con: 17.283 energy_loss: 101.252
[GPU7] epochs: [397/800] train_loss_con: 17.286 energy_loss: 101.051
[GPU7] epochs: [398/800] train_loss_con: 17.284 energy_loss: 101.021
[GPU7] epochs: [399/800] train_loss_con: 17.302 energy_loss: 100.790
[GPU7] epochs: [400/800] train_loss_con: 17.280 energy_loss: 100.751
[GPU7] epochs: [401/800] train_loss_con: 17.293 energy_loss: 100.841
[GPU7] epochs: [402/800] train_loss_con: 17.294 energy_loss: 100.773
[GPU7] epochs: [403/800] train_loss_con: 17.284 energy_loss: 100.822
[GPU7] epochs: [404/800] train_loss_con: 17.264 energy_loss: 100.519
[GPU7] epochs: [405/800] train_loss_con: 17.278 energy_loss: 100.378
[GPU7] epochs: [406/800] train_loss_con: 17.244 energy_loss: 100.145
[GPU7] epochs: [407/800] train_loss_con: 17.277 energy_loss: 100.105
[GPU7] epochs: [408/800] train_loss_con: 17.289 energy_loss: 100.315
[GPU7] epochs: [409/800] train_loss_con: 17.296 energy_loss: 100.450
[GPU7] epochs: [410/800] train_loss_con: 17.259 energy_loss: 100.180
[GPU7] epochs: [411/800] train_loss_con: 17.271 energy_loss: 100.221
[GPU7] epochs: [412/800] train_loss_con: 17.253 energy_loss: 100.259
[GPU7] epochs: [413/800] train_loss_con: 17.265 energy_loss: 99.967
[GPU7] epochs: [414/800] train_loss_con: 17.224 energy_loss: 100.095
[GPU7] epochs: [415/800] train_loss_con: 17.268 energy_loss: 100.158
[GPU7] epochs: [416/800] train_loss_con: 17.237 energy_loss: 99.968
[GPU7] epochs: [417/800] train_loss_con: 17.250 energy_loss: 99.954
[GPU7] epochs: [418/800] train_loss_con: 17.273 energy_loss: 100.074
[GPU7] epochs: [419/800] train_loss_con: 17.259 energy_loss: 99.746
[GPU7] epochs: [420/800] train_loss_con: 17.254 energy_loss: 99.888
[GPU7] epochs: [421/800] train_loss_con: 17.246 energy_loss: 99.665
[GPU7] epochs: [422/800] train_loss_con: 17.233 energy_loss: 99.612
[GPU7] epochs: [423/800] train_loss_con: 17.234 energy_loss: 99.638
[GPU7] epochs: [424/800] train_loss_con: 17.244 energy_loss: 99.510
[GPU7] epochs: [425/800] train_loss_con: 17.233 energy_loss: 99.678
[GPU7] epochs: [426/800] train_loss_con: 17.212 energy_loss: 99.492
[GPU7] epochs: [427/800] train_loss_con: 17.211 energy_loss: 99.457
[GPU7] epochs: [428/800] train_loss_con: 17.241 energy_loss: 99.404
[GPU7] epochs: [429/800] train_loss_con: 17.214 energy_loss: 99.490
[GPU7] epochs: [430/800] train_loss_con: 17.210 energy_loss: 99.628
[GPU7] epochs: [431/800] train_loss_con: 17.209 energy_loss: 99.324
[GPU7] epochs: [432/800] train_loss_con: 17.188 energy_loss: 99.084
[GPU7] epochs: [433/800] train_loss_con: 17.218 energy_loss: 99.117
[GPU7] epochs: [434/800] train_loss_con: 17.227 energy_loss: 98.822
[GPU7] epochs: [435/800] train_loss_con: 17.189 energy_loss: 98.853
[GPU7] epochs: [436/800] train_loss_con: 17.209 energy_loss: 98.935
[GPU7] epochs: [437/800] train_loss_con: 17.196 energy_loss: 98.679
[GPU7] epochs: [438/800] train_loss_con: 17.181 energy_loss: 98.814
[GPU7] epochs: [439/800] train_loss_con: 17.199 energy_loss: 98.620
[GPU7] epochs: [440/800] train_loss_con: 17.202 energy_loss: 98.610
[GPU7] epochs: [441/800] train_loss_con: 17.210 energy_loss: 98.435
[GPU7] epochs: [442/800] train_loss_con: 17.210 energy_loss: 98.462
[GPU7] epochs: [443/800] train_loss_con: 17.180 energy_loss: 98.601
[GPU7] epochs: [444/800] train_loss_con: 17.170 energy_loss: 98.533
[GPU7] epochs: [445/800] train_loss_con: 17.193 energy_loss: 98.295
[GPU7] epochs: [446/800] train_loss_con: 17.206 energy_loss: 98.162
[GPU7] epochs: [447/800] train_loss_con: 17.191 energy_loss: 98.026
[GPU7] epochs: [448/800] train_loss_con: 17.169 energy_loss: 98.147
[GPU7] epochs: [449/800] train_loss_con: 17.198 energy_loss: 98.155
[GPU7] epochs: [450/800] train_loss_con: 17.169 energy_loss: 98.192
[GPU7] epochs: [451/800] train_loss_con: 17.156 energy_loss: 97.934
[GPU7] epochs: [452/800] train_loss_con: 17.140 energy_loss: 98.027
[GPU7] epochs: [453/800] train_loss_con: 17.156 energy_loss: 97.907
[GPU7] epochs: [454/800] train_loss_con: 17.165 energy_loss: 98.022
[GPU7] epochs: [455/800] train_loss_con: 17.162 energy_loss: 97.882
[GPU7] epochs: [456/800] train_loss_con: 17.150 energy_loss: 97.679
[GPU7] epochs: [457/800] train_loss_con: 17.169 energy_loss: 97.825
[GPU7] epochs: [458/800] train_loss_con: 17.152 energy_loss: 97.784
[GPU7] epochs: [459/800] train_loss_con: 17.159 energy_loss: 97.685
[GPU7] epochs: [460/800] train_loss_con: 17.157 energy_loss: 97.483
[GPU7] epochs: [461/800] train_loss_con: 17.129 energy_loss: 97.427
[GPU7] epochs: [462/800] train_loss_con: 17.133 energy_loss: 97.531
[GPU7] epochs: [463/800] train_loss_con: 17.128 energy_loss: 97.413
[GPU7] epochs: [464/800] train_loss_con: 17.154 energy_loss: 97.381
[GPU7] epochs: [465/800] train_loss_con: 17.121 energy_loss: 97.311
[GPU7] epochs: [466/800] train_loss_con: 17.106 energy_loss: 97.182
[GPU7] epochs: [467/800] train_loss_con: 17.115 energy_loss: 97.297
[GPU7] epochs: [468/800] train_loss_con: 17.123 energy_loss: 97.116
[GPU7] epochs: [469/800] train_loss_con: 17.141 energy_loss: 97.108
[GPU7] epochs: [470/800] train_loss_con: 17.132 energy_loss: 96.897
[GPU7] epochs: [471/800] train_loss_con: 17.119 energy_loss: 97.208
[GPU7] epochs: [472/800] train_loss_con: 17.099 energy_loss: 97.142
[GPU7] epochs: [473/800] train_loss_con: 17.108 energy_loss: 97.003
[GPU7] epochs: [474/800] train_loss_con: 17.124 energy_loss: 96.776
[GPU7] epochs: [475/800] train_loss_con: 17.122 energy_loss: 96.740
[GPU7] epochs: [476/800] train_loss_con: 17.100 energy_loss: 96.950
[GPU7] epochs: [477/800] train_loss_con: 17.102 energy_loss: 96.881
[GPU7] epochs: [478/800] train_loss_con: 17.065 energy_loss: 96.692
[GPU7] epochs: [479/800] train_loss_con: 17.088 energy_loss: 96.808
[GPU7] epochs: [480/800] train_loss_con: 17.113 energy_loss: 96.586
[GPU7] epochs: [481/800] train_loss_con: 17.091 energy_loss: 96.576
[GPU7] epochs: [482/800] train_loss_con: 17.099 energy_loss: 96.756
[GPU7] epochs: [483/800] train_loss_con: 17.072 energy_loss: 96.468
[GPU7] epochs: [484/800] train_loss_con: 17.102 energy_loss: 96.370
[GPU7] epochs: [485/800] train_loss_con: 17.079 energy_loss: 96.334
[GPU7] epochs: [486/800] train_loss_con: 17.103 energy_loss: 96.243
[GPU7] epochs: [487/800] train_loss_con: 17.076 energy_loss: 96.103
[GPU7] epochs: [488/800] train_loss_con: 17.098 energy_loss: 96.227
[GPU7] epochs: [489/800] train_loss_con: 17.094 energy_loss: 96.186
[GPU7] epochs: [490/800] train_loss_con: 17.089 energy_loss: 96.237
[GPU7] epochs: [491/800] train_loss_con: 17.064 energy_loss: 96.378
[GPU7] epochs: [492/800] train_loss_con: 17.060 energy_loss: 96.151
[GPU7] epochs: [493/800] train_loss_con: 17.085 energy_loss: 96.009
[GPU7] epochs: [494/800] train_loss_con: 17.064 energy_loss: 96.253
[GPU7] epochs: [495/800] train_loss_con: 17.068 energy_loss: 96.250
[GPU7] epochs: [496/800] train_loss_con: 17.072 energy_loss: 96.062
[GPU7] epochs: [497/800] train_loss_con: 17.043 energy_loss: 95.997
[GPU7] epochs: [498/800] train_loss_con: 17.078 energy_loss: 95.839
[GPU7] epochs: [499/800] train_loss_con: 17.056 energy_loss: 95.889
[GPU7] epochs: [500/800] train_loss_con: 17.047 energy_loss: 95.908
[GPU7] epochs: [501/800] train_loss_con: 17.068 energy_loss: 95.648
[GPU7] epochs: [502/800] train_loss_con: 17.047 energy_loss: 95.702
[GPU7] epochs: [503/800] train_loss_con: 17.046 energy_loss: 95.956
[GPU7] epochs: [504/800] train_loss_con: 17.051 energy_loss: 95.696
[GPU7] epochs: [505/800] train_loss_con: 17.038 energy_loss: 95.730
[GPU7] epochs: [506/800] train_loss_con: 17.024 energy_loss: 95.637
[GPU7] epochs: [507/800] train_loss_con: 17.042 energy_loss: 95.682
[GPU7] epochs: [508/800] train_loss_con: 17.033 energy_loss: 95.625
[GPU7] epochs: [509/800] train_loss_con: 17.035 energy_loss: 95.359
[GPU7] epochs: [510/800] train_loss_con: 17.015 energy_loss: 95.503
[GPU7] epochs: [511/800] train_loss_con: 17.016 energy_loss: 95.233
[GPU7] epochs: [512/800] train_loss_con: 17.043 energy_loss: 95.163
[GPU7] epochs: [513/800] train_loss_con: 16.997 energy_loss: 95.073
[GPU7] epochs: [514/800] train_loss_con: 17.066 energy_loss: 94.830
[GPU7] epochs: [515/800] train_loss_con: 17.028 energy_loss: 95.018
[GPU7] epochs: [516/800] train_loss_con: 17.023 energy_loss: 94.765
[GPU7] epochs: [517/800] train_loss_con: 17.020 energy_loss: 95.036
[GPU7] epochs: [518/800] train_loss_con: 17.006 energy_loss: 95.098
[GPU7] epochs: [519/800] train_loss_con: 16.998 energy_loss: 94.924
[GPU7] epochs: [520/800] train_loss_con: 17.031 energy_loss: 94.876
[GPU7] epochs: [521/800] train_loss_con: 17.006 energy_loss: 95.007
[GPU7] epochs: [522/800] train_loss_con: 17.011 energy_loss: 94.981
[GPU7] epochs: [523/800] train_loss_con: 17.002 energy_loss: 95.001
[GPU7] epochs: [524/800] train_loss_con: 17.010 energy_loss: 94.774
[GPU7] epochs: [525/800] train_loss_con: 17.013 energy_loss: 94.609
[GPU7] epochs: [526/800] train_loss_con: 16.998 energy_loss: 94.644
[GPU7] epochs: [527/800] train_loss_con: 17.000 energy_loss: 94.464
[GPU7] epochs: [528/800] train_loss_con: 16.977 energy_loss: 94.480
[GPU7] epochs: [529/800] train_loss_con: 16.981 energy_loss: 94.427
[GPU7] epochs: [530/800] train_loss_con: 16.977 energy_loss: 94.401
[GPU7] epochs: [531/800] train_loss_con: 16.989 energy_loss: 94.339
[GPU7] epochs: [532/800] train_loss_con: 16.982 energy_loss: 94.136
[GPU7] epochs: [533/800] train_loss_con: 16.978 energy_loss: 94.045
[GPU7] epochs: [534/800] train_loss_con: 16.950 energy_loss: 93.919
[GPU7] epochs: [535/800] train_loss_con: 16.994 energy_loss: 94.018
[GPU7] epochs: [536/800] train_loss_con: 16.985 energy_loss: 94.043
[GPU7] epochs: [537/800] train_loss_con: 16.989 energy_loss: 93.951
[GPU7] epochs: [538/800] train_loss_con: 16.978 energy_loss: 93.951
[GPU7] epochs: [539/800] train_loss_con: 16.947 energy_loss: 93.986
[GPU7] epochs: [540/800] train_loss_con: 16.975 energy_loss: 93.851
[GPU7] epochs: [541/800] train_loss_con: 16.955 energy_loss: 93.904
[GPU7] epochs: [542/800] train_loss_con: 16.958 energy_loss: 93.900
[GPU7] epochs: [543/800] train_loss_con: 16.947 energy_loss: 93.853
[GPU7] epochs: [544/800] train_loss_con: 16.971 energy_loss: 93.832
[GPU7] epochs: [545/800] train_loss_con: 16.984 energy_loss: 93.984
[GPU7] epochs: [546/800] train_loss_con: 16.932 energy_loss: 93.917
[GPU7] epochs: [547/800] train_loss_con: 16.955 energy_loss: 93.752
[GPU7] epochs: [548/800] train_loss_con: 16.940 energy_loss: 93.760
[GPU7] epochs: [549/800] train_loss_con: 16.945 energy_loss: 93.607
[GPU7] epochs: [550/800] train_loss_con: 16.992 energy_loss: 93.701
[GPU7] epochs: [551/800] train_loss_con: 16.938 energy_loss: 93.613
[GPU7] epochs: [552/800] train_loss_con: 16.972 energy_loss: 93.484
[GPU7] epochs: [553/800] train_loss_con: 16.931 energy_loss: 93.533
[GPU7] epochs: [554/800] train_loss_con: 16.947 energy_loss: 93.534
[GPU7] epochs: [555/800] train_loss_con: 16.965 energy_loss: 93.225
[GPU7] epochs: [556/800] train_loss_con: 16.936 energy_loss: 93.238
[GPU7] epochs: [557/800] train_loss_con: 16.947 energy_loss: 93.224
[GPU7] epochs: [558/800] train_loss_con: 16.946 energy_loss: 93.182
[GPU7] epochs: [559/800] train_loss_con: 16.912 energy_loss: 93.145
[GPU7] epochs: [560/800] train_loss_con: 16.945 energy_loss: 93.225
[GPU7] epochs: [561/800] train_loss_con: 16.917 energy_loss: 93.230
[GPU7] epochs: [562/800] train_loss_con: 16.938 energy_loss: 93.152
[GPU7] epochs: [563/800] train_loss_con: 16.908 energy_loss: 93.232
[GPU7] epochs: [564/800] train_loss_con: 16.927 energy_loss: 93.141
[GPU7] epochs: [565/800] train_loss_con: 16.934 energy_loss: 93.033
[GPU7] epochs: [566/800] train_loss_con: 16.900 energy_loss: 93.010
[GPU7] epochs: [567/800] train_loss_con: 16.917 energy_loss: 92.879
[GPU7] epochs: [568/800] train_loss_con: 16.897 energy_loss: 92.994
[GPU7] epochs: [569/800] train_loss_con: 16.927 energy_loss: 92.842
[GPU7] epochs: [570/800] train_loss_con: 16.934 energy_loss: 92.827
[GPU7] epochs: [571/800] train_loss_con: 16.939 energy_loss: 92.741
[GPU7] epochs: [572/800] train_loss_con: 16.901 energy_loss: 92.706
[GPU7] epochs: [573/800] train_loss_con: 16.920 energy_loss: 92.648
[GPU7] epochs: [574/800] train_loss_con: 16.914 energy_loss: 92.499
[GPU7] epochs: [575/800] train_loss_con: 16.908 energy_loss: 92.605
[GPU7] epochs: [576/800] train_loss_con: 16.922 energy_loss: 92.597
[GPU7] epochs: [577/800] train_loss_con: 16.935 energy_loss: 92.306
[GPU7] epochs: [578/800] train_loss_con: 16.870 energy_loss: 92.414
[GPU7] epochs: [579/800] train_loss_con: 16.917 energy_loss: 92.284
[GPU7] epochs: [580/800] train_loss_con: 16.884 energy_loss: 92.343
[GPU7] epochs: [581/800] train_loss_con: 16.910 energy_loss: 92.365
[GPU7] epochs: [582/800] train_loss_con: 16.911 energy_loss: 92.516
[GPU7] epochs: [583/800] train_loss_con: 16.885 energy_loss: 92.179
[GPU7] epochs: [584/800] train_loss_con: 16.898 energy_loss: 92.298
[GPU7] epochs: [585/800] train_loss_con: 16.883 energy_loss: 92.224
[GPU7] epochs: [586/800] train_loss_con: 16.879 energy_loss: 92.190
[GPU7] epochs: [587/800] train_loss_con: 16.886 energy_loss: 92.096
[GPU7] epochs: [588/800] train_loss_con: 16.893 energy_loss: 92.198
[GPU7] epochs: [589/800] train_loss_con: 16.914 energy_loss: 92.157
[GPU7] epochs: [590/800] train_loss_con: 16.893 energy_loss: 92.072
[GPU7] epochs: [591/800] train_loss_con: 16.878 energy_loss: 92.038
[GPU7] epochs: [592/800] train_loss_con: 16.878 energy_loss: 91.956
[GPU7] epochs: [593/800] train_loss_con: 16.891 energy_loss: 91.930
[GPU7] epochs: [594/800] train_loss_con: 16.889 energy_loss: 91.804
[GPU7] epochs: [595/800] train_loss_con: 16.864 energy_loss: 91.680
[GPU7] epochs: [596/800] train_loss_con: 16.867 energy_loss: 91.727
[GPU7] epochs: [597/800] train_loss_con: 16.857 energy_loss: 91.729
[GPU7] epochs: [598/800] train_loss_con: 16.848 energy_loss: 91.875
[GPU7] epochs: [599/800] train_loss_con: 16.874 energy_loss: 91.722
[GPU7] epochs: [600/800] train_loss_con: 16.848 energy_loss: 91.717
[GPU7] epochs: [601/800] train_loss_con: 16.887 energy_loss: 91.761
[GPU7] epochs: [602/800] train_loss_con: 16.864 energy_loss: 91.778
[GPU7] epochs: [603/800] train_loss_con: 16.878 energy_loss: 91.686
[GPU7] epochs: [604/800] train_loss_con: 16.886 energy_loss: 91.692
[GPU7] epochs: [605/800] train_loss_con: 16.869 energy_loss: 91.775
[GPU7] epochs: [606/800] train_loss_con: 16.862 energy_loss: 91.798
[GPU7] epochs: [607/800] train_loss_con: 16.862 energy_loss: 91.724
[GPU7] epochs: [608/800] train_loss_con: 16.859 energy_loss: 91.694
[GPU7] epochs: [609/800] train_loss_con: 16.864 energy_loss: 91.690
[GPU7] epochs: [610/800] train_loss_con: 16.840 energy_loss: 91.474
[GPU7] epochs: [611/800] train_loss_con: 16.858 energy_loss: 91.555
[GPU7] epochs: [612/800] train_loss_con: 16.837 energy_loss: 91.571
[GPU7] epochs: [613/800] train_loss_con: 16.834 energy_loss: 91.521
[GPU7] epochs: [614/800] train_loss_con: 16.853 energy_loss: 91.404
[GPU7] epochs: [615/800] train_loss_con: 16.838 energy_loss: 91.481
[GPU7] epochs: [616/800] train_loss_con: 16.853 energy_loss: 91.468
[GPU7] epochs: [617/800] train_loss_con: 16.843 energy_loss: 91.417
[GPU7] epochs: [618/800] train_loss_con: 16.830 energy_loss: 91.454
[GPU7] epochs: [619/800] train_loss_con: 16.841 energy_loss: 91.437
[GPU7] epochs: [620/800] train_loss_con: 16.841 energy_loss: 91.501
[GPU7] epochs: [621/800] train_loss_con: 16.841 energy_loss: 91.391
[GPU7] epochs: [622/800] train_loss_con: 16.846 energy_loss: 91.373
[GPU7] epochs: [623/800] train_loss_con: 16.819 energy_loss: 91.325
[GPU7] epochs: [624/800] train_loss_con: 16.839 energy_loss: 91.226
[GPU7] epochs: [625/800] train_loss_con: 16.820 energy_loss: 91.168
[GPU7] epochs: [626/800] train_loss_con: 16.829 energy_loss: 91.258
[GPU7] epochs: [627/800] train_loss_con: 16.821 energy_loss: 91.399
[GPU7] epochs: [628/800] train_loss_con: 16.842 energy_loss: 91.244
[GPU7] epochs: [629/800] train_loss_con: 16.832 energy_loss: 91.169
[GPU7] epochs: [630/800] train_loss_con: 16.846 energy_loss: 91.254
[GPU7] epochs: [631/800] train_loss_con: 16.835 energy_loss: 91.321
[GPU7] epochs: [632/800] train_loss_con: 16.820 energy_loss: 91.332
[GPU7] epochs: [633/800] train_loss_con: 16.837 energy_loss: 91.297
[GPU7] epochs: [634/800] train_loss_con: 16.823 energy_loss: 91.135
[GPU7] epochs: [635/800] train_loss_con: 16.840 energy_loss: 90.996
[GPU7] epochs: [636/800] train_loss_con: 16.818 energy_loss: 91.164
[GPU7] epochs: [637/800] train_loss_con: 16.817 energy_loss: 90.951
[GPU7] epochs: [638/800] train_loss_con: 16.809 energy_loss: 90.952
[GPU7] epochs: [639/800] train_loss_con: 16.826 energy_loss: 91.193
[GPU7] epochs: [640/800] train_loss_con: 16.824 energy_loss: 91.068
[GPU7] epochs: [641/800] train_loss_con: 16.812 energy_loss: 91.115
[GPU7] epochs: [642/800] train_loss_con: 16.827 energy_loss: 91.218
[GPU7] epochs: [643/800] train_loss_con: 16.810 energy_loss: 91.047
[GPU7] epochs: [644/800] train_loss_con: 16.826 energy_loss: 90.910
[GPU7] epochs: [645/800] train_loss_con: 16.818 energy_loss: 90.971
[GPU7] epochs: [646/800] train_loss_con: 16.801 energy_loss: 91.039
[GPU7] epochs: [647/800] train_loss_con: 16.830 energy_loss: 91.084
[GPU7] epochs: [648/800] train_loss_con: 16.815 energy_loss: 91.076
[GPU7] epochs: [649/800] train_loss_con: 16.795 energy_loss: 91.033
[GPU7] epochs: [650/800] train_loss_con: 16.828 energy_loss: 90.897
[GPU7] epochs: [651/800] train_loss_con: 16.799 energy_loss: 91.036
[GPU7] epochs: [652/800] train_loss_con: 16.811 energy_loss: 90.845
[GPU7] epochs: [653/800] train_loss_con: 16.806 energy_loss: 90.952
[GPU7] epochs: [654/800] train_loss_con: 16.793 energy_loss: 90.944
[GPU7] epochs: [655/800] train_loss_con: 16.789 energy_loss: 90.954
[GPU7] epochs: [656/800] train_loss_con: 16.805 energy_loss: 90.910
[GPU7] epochs: [657/800] train_loss_con: 16.773 energy_loss: 90.965
[GPU7] epochs: [658/800] train_loss_con: 16.749 energy_loss: 90.916
[GPU7] epochs: [659/800] train_loss_con: 16.775 energy_loss: 91.033
[GPU7] epochs: [660/800] train_loss_con: 16.770 energy_loss: 90.874
[GPU7] epochs: [661/800] train_loss_con: 16.783 energy_loss: 90.917
[GPU7] epochs: [662/800] train_loss_con: 16.785 energy_loss: 90.874
[GPU7] epochs: [663/800] train_loss_con: 16.791 energy_loss: 90.768
[GPU7] epochs: [664/800] train_loss_con: 16.791 energy_loss: 90.552
[GPU7] epochs: [665/800] train_loss_con: 16.799 energy_loss: 90.616
[GPU7] epochs: [666/800] train_loss_con: 16.806 energy_loss: 90.564
[GPU7] epochs: [667/800] train_loss_con: 16.799 energy_loss: 90.642
[GPU7] epochs: [668/800] train_loss_con: 16.791 energy_loss: 90.629
[GPU7] epochs: [669/800] train_loss_con: 16.784 energy_loss: 90.646
[GPU7] epochs: [670/800] train_loss_con: 16.780 energy_loss: 90.776
[GPU7] epochs: [671/800] train_loss_con: 16.793 energy_loss: 90.723
[GPU7] epochs: [672/800] train_loss_con: 16.786 energy_loss: 90.682
[GPU7] epochs: [673/800] train_loss_con: 16.778 energy_loss: 90.609
[GPU7] epochs: [674/800] train_loss_con: 16.802 energy_loss: 90.581
[GPU7] epochs: [675/800] train_loss_con: 16.781 energy_loss: 90.725
[GPU7] epochs: [676/800] train_loss_con: 16.794 energy_loss: 90.761
[GPU7] epochs: [677/800] train_loss_con: 16.768 energy_loss: 90.763
[GPU7] epochs: [678/800] train_loss_con: 16.784 energy_loss: 90.792
[GPU7] epochs: [679/800] train_loss_con: 16.791 energy_loss: 90.827
[GPU7] epochs: [680/800] train_loss_con: 16.775 energy_loss: 90.746
[GPU7] epochs: [681/800] train_loss_con: 16.778 energy_loss: 90.704
[GPU7] epochs: [682/800] train_loss_con: 16.792 energy_loss: 90.691
[GPU7] epochs: [683/800] train_loss_con: 16.811 energy_loss: 90.626
[GPU7] epochs: [684/800] train_loss_con: 16.765 energy_loss: 90.611
[GPU7] epochs: [685/800] train_loss_con: 16.790 energy_loss: 90.556
[GPU7] epochs: [686/800] train_loss_con: 16.783 energy_loss: 90.625
[GPU7] epochs: [687/800] train_loss_con: 16.784 energy_loss: 90.585
[GPU7] epochs: [688/800] train_loss_con: 16.776 energy_loss: 90.477
[GPU7] epochs: [689/800] train_loss_con: 16.774 energy_loss: 90.565
[GPU7] epochs: [690/800] train_loss_con: 16.778 energy_loss: 90.679
[GPU7] epochs: [691/800] train_loss_con: 16.761 energy_loss: 90.645
[GPU7] epochs: [692/800] train_loss_con: 16.771 energy_loss: 90.653
[GPU7] epochs: [693/800] train_loss_con: 16.787 energy_loss: 90.758
[GPU7] epochs: [694/800] train_loss_con: 16.744 energy_loss: 90.675
[GPU7] epochs: [695/800] train_loss_con: 16.773 energy_loss: 90.618
[GPU7] epochs: [696/800] train_loss_con: 16.749 energy_loss: 90.572
[GPU7] epochs: [697/800] train_loss_con: 16.765 energy_loss: 90.691
[GPU7] epochs: [698/800] train_loss_con: 16.734 energy_loss: 90.496
[GPU7] epochs: [699/800] train_loss_con: 16.787 energy_loss: 90.508
[GPU7] epochs: [700/800] train_loss_con: 16.756 energy_loss: 90.551
[GPU7] epochs: [701/800] train_loss_con: 16.763 energy_loss: 90.553
[GPU7] epochs: [702/800] train_loss_con: 16.757 energy_loss: 90.545
[GPU7] epochs: [703/800] train_loss_con: 16.756 energy_loss: 90.613
[GPU7] epochs: [704/800] train_loss_con: 16.782 energy_loss: 90.569
[GPU7] epochs: [705/800] train_loss_con: 16.744 energy_loss: 90.467
[GPU7] epochs: [706/800] train_loss_con: 16.770 energy_loss: 90.314
[GPU7] epochs: [707/800] train_loss_con: 16.777 energy_loss: 90.457
[GPU7] epochs: [708/800] train_loss_con: 16.749 energy_loss: 90.420
[GPU7] epochs: [709/800] train_loss_con: 16.759 energy_loss: 90.447
[GPU7] epochs: [710/800] train_loss_con: 16.740 energy_loss: 90.413
[GPU7] epochs: [711/800] train_loss_con: 16.719 energy_loss: 90.436
[GPU7] epochs: [712/800] train_loss_con: 16.759 energy_loss: 90.350
[GPU7] epochs: [713/800] train_loss_con: 16.780 energy_loss: 90.432
[GPU7] epochs: [714/800] train_loss_con: 16.749 energy_loss: 90.457
[GPU7] epochs: [715/800] train_loss_con: 16.743 energy_loss: 90.417
[GPU7] epochs: [716/800] train_loss_con: 16.757 energy_loss: 90.412
[GPU7] epochs: [717/800] train_loss_con: 16.754 energy_loss: 90.402
[GPU7] epochs: [718/800] train_loss_con: 16.777 energy_loss: 90.353
[GPU7] epochs: [719/800] train_loss_con: 16.718 energy_loss: 90.359
[GPU7] epochs: [720/800] train_loss_con: 16.741 energy_loss: 90.358
[GPU7] epochs: [721/800] train_loss_con: 16.722 energy_loss: 90.344
[GPU7] epochs: [722/800] train_loss_con: 16.724 energy_loss: 90.398
[GPU7] epochs: [723/800] train_loss_con: 16.745 energy_loss: 90.360
[GPU7] epochs: [724/800] train_loss_con: 16.742 energy_loss: 90.375
[GPU7] epochs: [725/800] train_loss_con: 16.756 energy_loss: 90.410
[GPU7] epochs: [726/800] train_loss_con: 16.737 energy_loss: 90.507
[GPU7] epochs: [727/800] train_loss_con: 16.755 energy_loss: 90.444
[GPU7] epochs: [728/800] train_loss_con: 16.771 energy_loss: 90.483
[GPU7] epochs: [729/800] train_loss_con: 16.742 energy_loss: 90.502
[GPU7] epochs: [730/800] train_loss_con: 16.760 energy_loss: 90.655
[GPU7] epochs: [731/800] train_loss_con: 16.750 energy_loss: 90.429
[GPU7] epochs: [732/800] train_loss_con: 16.758 energy_loss: 90.549
[GPU7] epochs: [733/800] train_loss_con: 16.740 energy_loss: 90.472
[GPU7] epochs: [734/800] train_loss_con: 16.756 energy_loss: 90.548
[GPU7] epochs: [735/800] train_loss_con: 16.746 energy_loss: 90.523
[GPU7] epochs: [736/800] train_loss_con: 16.759 energy_loss: 90.599
[GPU7] epochs: [737/800] train_loss_con: 16.768 energy_loss: 90.570
[GPU7] epochs: [738/800] train_loss_con: 16.742 energy_loss: 90.585
[GPU7] epochs: [739/800] train_loss_con: 16.769 energy_loss: 90.680
[GPU7] epochs: [740/800] train_loss_con: 16.744 energy_loss: 90.624
[GPU7] epochs: [741/800] train_loss_con: 16.735 energy_loss: 90.625
[GPU7] epochs: [742/800] train_loss_con: 16.749 energy_loss: 90.640
[GPU7] epochs: [743/800] train_loss_con: 16.724 energy_loss: 90.616
[GPU7] epochs: [744/800] train_loss_con: 16.742 energy_loss: 90.617
[GPU7] epochs: [745/800] train_loss_con: 16.728 energy_loss: 90.724
[GPU7] epochs: [746/800] train_loss_con: 16.729 energy_loss: 90.709
[GPU7] epochs: [747/800] train_loss_con: 16.730 energy_loss: 90.794
[GPU7] epochs: [748/800] train_loss_con: 16.731 energy_loss: 90.705
[GPU7] epochs: [749/800] train_loss_con: 16.737 energy_loss: 90.654
[GPU7] epochs: [750/800] train_loss_con: 16.766 energy_loss: 90.782
[GPU7] epochs: [751/800] train_loss_con: 16.749 energy_loss: 90.715
[GPU7] epochs: [752/800] train_loss_con: 16.726 energy_loss: 90.762
[GPU7] epochs: [753/800] train_loss_con: 16.749 energy_loss: 90.758
[GPU7] epochs: [754/800] train_loss_con: 16.716 energy_loss: 90.842
[GPU7] epochs: [755/800] train_loss_con: 16.748 energy_loss: 90.760
[GPU7] epochs: [756/800] train_loss_con: 16.723 energy_loss: 90.682
[GPU7] epochs: [757/800] train_loss_con: 16.711 energy_loss: 90.733
[GPU7] epochs: [758/800] train_loss_con: 16.734 energy_loss: 90.683
[GPU7] epochs: [759/800] train_loss_con: 16.735 energy_loss: 90.845
[GPU7] epochs: [760/800] train_loss_con: 16.732 energy_loss: 90.766
[GPU7] epochs: [761/800] train_loss_con: 16.734 energy_loss: 90.675
[GPU7] epochs: [762/800] train_loss_con: 16.744 energy_loss: 90.728
[GPU7] epochs: [763/800] train_loss_con: 16.773 energy_loss: 90.718
[GPU7] epochs: [764/800] train_loss_con: 16.719 energy_loss: 90.788
[GPU7] epochs: [765/800] train_loss_con: 16.745 energy_loss: 90.740
[GPU7] epochs: [766/800] train_loss_con: 16.744 energy_loss: 90.818
[GPU7] epochs: [767/800] train_loss_con: 16.742 energy_loss: 90.769
[GPU7] epochs: [768/800] train_loss_con: 16.752 energy_loss: 90.751
[GPU7] epochs: [769/800] train_loss_con: 16.782 energy_loss: 90.761
[GPU7] epochs: [770/800] train_loss_con: 16.753 energy_loss: 90.788
[GPU7] epochs: [771/800] train_loss_con: 16.726 energy_loss: 90.690
[GPU7] epochs: [772/800] train_loss_con: 16.726 energy_loss: 90.723
[GPU7] epochs: [773/800] train_loss_con: 16.717 energy_loss: 90.744
[GPU7] epochs: [774/800] train_loss_con: 16.716 energy_loss: 90.665
[GPU7] epochs: [775/800] train_loss_con: 16.771 energy_loss: 90.763
[GPU7] epochs: [776/800] train_loss_con: 16.725 energy_loss: 90.631
[GPU7] epochs: [777/800] train_loss_con: 16.742 energy_loss: 90.775
[GPU7] epochs: [778/800] train_loss_con: 16.739 energy_loss: 90.825
[GPU7] epochs: [779/800] train_loss_con: 16.751 energy_loss: 90.728
[GPU7] epochs: [780/800] train_loss_con: 16.751 energy_loss: 90.676
[GPU7] epochs: [781/800] train_loss_con: 16.743 energy_loss: 90.763
[GPU7] epochs: [782/800] train_loss_con: 16.732 energy_loss: 90.731
[GPU7] epochs: [783/800] train_loss_con: 16.738 energy_loss: 90.679
[GPU7] epochs: [784/800] train_loss_con: 16.754 energy_loss: 90.725
[GPU7] epochs: [785/800] train_loss_con: 16.753 energy_loss: 90.717
[GPU7] epochs: [786/800] train_loss_con: 16.718 energy_loss: 90.750
[GPU7] epochs: [787/800] train_loss_con: 16.710 energy_loss: 90.800
[GPU7] epochs: [788/800] train_loss_con: 16.774 energy_loss: 90.700
[GPU7] epochs: [789/800] train_loss_con: 16.753 energy_loss: 90.867
[GPU7] epochs: [790/800] train_loss_con: 16.732 energy_loss: 90.794
[GPU7] epochs: [791/800] train_loss_con: 16.727 energy_loss: 90.868
[GPU7] epochs: [792/800] train_loss_con: 16.734 energy_loss: 90.747
[GPU7] epochs: [793/800] train_loss_con: 16.737 energy_loss: 90.824
[GPU7] epochs: [794/800] train_loss_con: 16.733 energy_loss: 90.961
[GPU7] epochs: [795/800] train_loss_con: 16.758 energy_loss: 90.889
[GPU7] epochs: [796/800] train_loss_con: 16.705 energy_loss: 90.756
[GPU7] epochs: [797/800] train_loss_con: 16.747 energy_loss: 90.763
[GPU7] epochs: [798/800] train_loss_con: 16.703 energy_loss: 90.807
[GPU7] epochs: [799/800] train_loss_con: 16.748 energy_loss: 90.867
[GPU7] epochs: [800/800] train_loss_con: 16.729 energy_loss: 91.034
### TSNE starts
### MLP training begins
[GPU7] Test Accuracy at epoch: 0: 0.462
[GPU7] epochs: [1/100] train_acc: 0.325 train_loss_sup: 3.115
[GPU7] epochs: [2/100] train_acc: 0.459 train_loss_sup: 2.211
[GPU7] epochs: [3/100] train_acc: 0.485 train_loss_sup: 2.041
[GPU7] epochs: [4/100] train_acc: 0.503 train_loss_sup: 1.939
[GPU7] epochs: [5/100] train_acc: 0.515 train_loss_sup: 1.883
[GPU7] epochs: [6/100] train_acc: 0.523 train_loss_sup: 1.844
[GPU7] epochs: [7/100] train_acc: 0.526 train_loss_sup: 1.814
[GPU7] epochs: [8/100] train_acc: 0.532 train_loss_sup: 1.789
[GPU7] epochs: [9/100] train_acc: 0.538 train_loss_sup: 1.762
[GPU7] epochs: [10/100] train_acc: 0.543 train_loss_sup: 1.734
[GPU7] Test Accuracy at epoch: 10: 0.559
[GPU7] epochs: [11/100] train_acc: 0.545 train_loss_sup: 1.726
[GPU7] epochs: [12/100] train_acc: 0.548 train_loss_sup: 1.710
[GPU7] epochs: [13/100] train_acc: 0.552 train_loss_sup: 1.697
[GPU7] epochs: [14/100] train_acc: 0.557 train_loss_sup: 1.681
[GPU7] epochs: [15/100] train_acc: 0.555 train_loss_sup: 1.672
[GPU7] epochs: [16/100] train_acc: 0.560 train_loss_sup: 1.655
[GPU7] epochs: [17/100] train_acc: 0.557 train_loss_sup: 1.661
[GPU7] epochs: [18/100] train_acc: 0.558 train_loss_sup: 1.654
[GPU7] epochs: [19/100] train_acc: 0.563 train_loss_sup: 1.639
[GPU7] epochs: [20/100] train_acc: 0.564 train_loss_sup: 1.632
[GPU7] Test Accuracy at epoch: 20: 0.573
[GPU7] epochs: [21/100] train_acc: 0.566 train_loss_sup: 1.626
[GPU7] epochs: [22/100] train_acc: 0.569 train_loss_sup: 1.612
[GPU7] epochs: [23/100] train_acc: 0.569 train_loss_sup: 1.625
[GPU7] epochs: [24/100] train_acc: 0.572 train_loss_sup: 1.607
[GPU7] epochs: [25/100] train_acc: 0.569 train_loss_sup: 1.612
[GPU7] epochs: [26/100] train_acc: 0.573 train_loss_sup: 1.597
[GPU7] epochs: [27/100] train_acc: 0.570 train_loss_sup: 1.602
[GPU7] epochs: [28/100] train_acc: 0.577 train_loss_sup: 1.584
[GPU7] epochs: [29/100] train_acc: 0.573 train_loss_sup: 1.592
[GPU7] epochs: [30/100] train_acc: 0.574 train_loss_sup: 1.582
[GPU7] Test Accuracy at epoch: 30: 0.583
[GPU7] epochs: [31/100] train_acc: 0.576 train_loss_sup: 1.580
[GPU7] epochs: [32/100] train_acc: 0.580 train_loss_sup: 1.565
[GPU7] epochs: [33/100] train_acc: 0.580 train_loss_sup: 1.570
[GPU7] epochs: [34/100] train_acc: 0.579 train_loss_sup: 1.560
[GPU7] epochs: [35/100] train_acc: 0.582 train_loss_sup: 1.564
[GPU7] epochs: [36/100] train_acc: 0.581 train_loss_sup: 1.561
[GPU7] epochs: [37/100] train_acc: 0.579 train_loss_sup: 1.567
[GPU7] epochs: [38/100] train_acc: 0.583 train_loss_sup: 1.554
[GPU7] epochs: [39/100] train_acc: 0.584 train_loss_sup: 1.546
[GPU7] epochs: [40/100] train_acc: 0.583 train_loss_sup: 1.552
[GPU7] Test Accuracy at epoch: 40: 0.584
[GPU7] epochs: [41/100] train_acc: 0.585 train_loss_sup: 1.542
[GPU7] epochs: [42/100] train_acc: 0.587 train_loss_sup: 1.540
[GPU7] epochs: [43/100] train_acc: 0.589 train_loss_sup: 1.543
[GPU7] epochs: [44/100] train_acc: 0.583 train_loss_sup: 1.544
[GPU7] epochs: [45/100] train_acc: 0.585 train_loss_sup: 1.540
[GPU7] epochs: [46/100] train_acc: 0.587 train_loss_sup: 1.529
[GPU7] epochs: [47/100] train_acc: 0.588 train_loss_sup: 1.534
[GPU7] epochs: [48/100] train_acc: 0.587 train_loss_sup: 1.530
[GPU7] epochs: [49/100] train_acc: 0.587 train_loss_sup: 1.526
[GPU7] epochs: [50/100] train_acc: 0.592 train_loss_sup: 1.523
[GPU7] Test Accuracy at epoch: 50: 0.588
[GPU7] epochs: [51/100] train_acc: 0.589 train_loss_sup: 1.526
[GPU7] epochs: [52/100] train_acc: 0.589 train_loss_sup: 1.523
[GPU7] epochs: [53/100] train_acc: 0.591 train_loss_sup: 1.518
[GPU7] epochs: [54/100] train_acc: 0.593 train_loss_sup: 1.519
[GPU7] epochs: [55/100] train_acc: 0.589 train_loss_sup: 1.519
[GPU7] epochs: [56/100] train_acc: 0.591 train_loss_sup: 1.511
[GPU7] epochs: [57/100] train_acc: 0.591 train_loss_sup: 1.513
[GPU7] epochs: [58/100] train_acc: 0.593 train_loss_sup: 1.510
[GPU7] epochs: [59/100] train_acc: 0.593 train_loss_sup: 1.515
[GPU7] epochs: [60/100] train_acc: 0.593 train_loss_sup: 1.509
[GPU7] Test Accuracy at epoch: 60: 0.591
[GPU7] epochs: [61/100] train_acc: 0.590 train_loss_sup: 1.513
[GPU7] epochs: [62/100] train_acc: 0.596 train_loss_sup: 1.503
[GPU7] epochs: [63/100] train_acc: 0.593 train_loss_sup: 1.509
[GPU7] epochs: [64/100] train_acc: 0.595 train_loss_sup: 1.497
[GPU7] epochs: [65/100] train_acc: 0.595 train_loss_sup: 1.501
[GPU7] epochs: [66/100] train_acc: 0.596 train_loss_sup: 1.496
[GPU7] epochs: [67/100] train_acc: 0.596 train_loss_sup: 1.497
[GPU7] epochs: [68/100] train_acc: 0.595 train_loss_sup: 1.491
[GPU7] epochs: [69/100] train_acc: 0.595 train_loss_sup: 1.499
[GPU7] epochs: [70/100] train_acc: 0.597 train_loss_sup: 1.488
[GPU7] Test Accuracy at epoch: 70: 0.595
[GPU7] epochs: [71/100] train_acc: 0.599 train_loss_sup: 1.488
[GPU7] epochs: [72/100] train_acc: 0.597 train_loss_sup: 1.484
[GPU7] epochs: [73/100] train_acc: 0.601 train_loss_sup: 1.482
[GPU7] epochs: [74/100] train_acc: 0.600 train_loss_sup: 1.486
[GPU7] epochs: [75/100] train_acc: 0.600 train_loss_sup: 1.482
[GPU7] epochs: [76/100] train_acc: 0.602 train_loss_sup: 1.477
[GPU7] epochs: [77/100] train_acc: 0.595 train_loss_sup: 1.490
[GPU7] epochs: [78/100] train_acc: 0.600 train_loss_sup: 1.485
[GPU7] epochs: [79/100] train_acc: 0.600 train_loss_sup: 1.475
[GPU7] epochs: [80/100] train_acc: 0.601 train_loss_sup: 1.475
[GPU7] Test Accuracy at epoch: 80: 0.585
[GPU7] epochs: [81/100] train_acc: 0.604 train_loss_sup: 1.474
[GPU7] epochs: [82/100] train_acc: 0.600 train_loss_sup: 1.471
[GPU7] epochs: [83/100] train_acc: 0.599 train_loss_sup: 1.475
[GPU7] epochs: [84/100] train_acc: 0.599 train_loss_sup: 1.481
[GPU7] epochs: [85/100] train_acc: 0.601 train_loss_sup: 1.470
[GPU7] epochs: [86/100] train_acc: 0.600 train_loss_sup: 1.479
[GPU7] epochs: [87/100] train_acc: 0.598 train_loss_sup: 1.474
[GPU7] epochs: [88/100] train_acc: 0.601 train_loss_sup: 1.473
[GPU7] epochs: [89/100] train_acc: 0.602 train_loss_sup: 1.472
[GPU7] epochs: [90/100] train_acc: 0.601 train_loss_sup: 1.472
[GPU7] Test Accuracy at epoch: 90: 0.596
[GPU7] epochs: [91/100] train_acc: 0.602 train_loss_sup: 1.464
[GPU7] epochs: [92/100] train_acc: 0.603 train_loss_sup: 1.466
[GPU7] epochs: [93/100] train_acc: 0.603 train_loss_sup: 1.473
[GPU7] epochs: [94/100] train_acc: 0.602 train_loss_sup: 1.464
[GPU7] epochs: [95/100] train_acc: 0.604 train_loss_sup: 1.461
[GPU7] epochs: [96/100] train_acc: 0.603 train_loss_sup: 1.464
[GPU7] epochs: [97/100] train_acc: 0.605 train_loss_sup: 1.461
[GPU7] epochs: [98/100] train_acc: 0.603 train_loss_sup: 1.463
[GPU7] epochs: [99/100] train_acc: 0.605 train_loss_sup: 1.456
[GPU7] epochs: [100/100] train_acc: 0.604 train_loss_sup: 1.465
[GPU7] Final Test Accuracy: 0.592
Model weights saved
<All keys matched successfully>
OpenBLAS warning: precompiled NUM_THREADS exceeded, adding auxiliary array for thread metadata.
To avoid this warning, please rebuild your copy of OpenBLAS with a larger NUM_THREADS setting
or set the environment variable OPENBLAS_NUM_THREADS to 64 or lower
knn evalution
KNN with K=200
logistic regression evalution
knn_acc: 0.459, log_reg_acc: 0.539
BLAS : Bad memory unallocation! :  640  0x7f7ad3e57000
BLAS : Bad memory unallocation! :  640  0x7f7ab3e57000
BLAS : Bad memory unallocation! :  640  0x7f7aa1e57000
BLAS : Bad memory unallocation! :  640  0x7f7aa5e57000
BLAS : Bad memory unallocation! :  640  0x7f7ab5e57000
BLAS : Bad memory unallocation! :  640  0x7f7a9fe57000
BLAS : Bad memory unallocation! :  640  0x7f7aa9e57000
BLAS : Bad memory unallocation! :  640  0x7f7a3de57000
BLAS : Bad memory unallocation! :  640  0x7f7a41e57000
BLAS : Bad memory unallocation! :  640  0x7f7a39e57000
BLAS : Bad memory unallocation! :  640  0x7f7a3fe57000
BLAS : Bad memory unallocation! :  640  0x7f7a33e57000
BLAS : Bad memory unallocation! :  640  0x7f79b3e57000
