environment: 
YAML: configs/vicreg.sc.c10.yaml
==> SEED: 42
==> num_classes: 10
==> data_name: cifar10
==> data_params: {'algo': 'vicreg-sc', 'data_dir': 'datasets/cifar10', 'batch_size': 512, 'num_workers': 3, 'image_size': 32}
==> return_logs: False
==> eval_every: 10
==> n_epochs: 800
==> n_epochs_mlp: 100
==> gpu_id: 6
==> opt: LARS
==> opt_params: {'lr': 0.4, 'momentum': 0.9, 'weight_decay': 1e-06}
==> schedular_params: {'T_max': 800, 'eta_min': 0.001}
==> mlp_opt: SGD
==> mlp_opt_params: {'lr': 0.1, 'momentum': 0.9}
==> model_params: {'model_name': 'resnet18', 'pretrained': False, 'proj_dim': 4096, 'barlow_hidden': 4096}
==> mlp_type: linear
==> loss: vicreg-sc
==> loss_params: {'_lambda': 25.0, 'mu': 25.0, 'nu': 1.0}
==> distributed: False
==> train_algo: vicreg-sc
==> model_save_path: saved_models/vicreg.c10.r18.en.e800.pth
==> energy_model_params: {'eta': 0.01, 'steps': 5, 'sigma': 0.2, 'delta': 0.1, 'net_type': 'energy'}
==> energy_opt: AdamW
==> energy_model_opt_params: {'lr': 0.001}
==> warmup_epochs: 0
==> config: configs/vicreg.sc.c10.yaml
--------------------------------------------------
===> using linear mlp
using optimizer: LARS
using optimizer: SGD
loss function: vicreg-sc
Files already downloaded and verified
Files already downloaded and verified
Files already downloaded and verified
# of Training Images: 50000
# of Testing Images: 10000
using optimizer: AdamW
### VICReg-SC Training begins
[GPU6] epochs: [1/800] train_loss_con: 21.864 energy_loss: 255.729
[GPU6] epochs: [2/800] train_loss_con: 21.068 energy_loss: 255.937
[GPU6] epochs: [3/800] train_loss_con: 20.830 energy_loss: 256.071
[GPU6] epochs: [4/800] train_loss_con: 20.690 energy_loss: 255.920
[GPU6] epochs: [5/800] train_loss_con: 20.569 energy_loss: 255.553
[GPU6] epochs: [6/800] train_loss_con: 20.456 energy_loss: 255.712
[GPU6] epochs: [7/800] train_loss_con: 20.347 energy_loss: 255.846
[GPU6] epochs: [8/800] train_loss_con: 20.258 energy_loss: 255.680
[GPU6] epochs: [9/800] train_loss_con: 20.177 energy_loss: 255.876
[GPU6] epochs: [10/800] train_loss_con: 20.100 energy_loss: 255.734
[GPU6] epochs: [11/800] train_loss_con: 20.039 energy_loss: 255.711
[GPU6] epochs: [12/800] train_loss_con: 19.966 energy_loss: 255.238
[GPU6] epochs: [13/800] train_loss_con: 19.911 energy_loss: 255.970
[GPU6] epochs: [14/800] train_loss_con: 19.866 energy_loss: 256.013
[GPU6] epochs: [15/800] train_loss_con: 19.802 energy_loss: 255.985
[GPU6] epochs: [16/800] train_loss_con: 19.748 energy_loss: 256.047
[GPU6] epochs: [17/800] train_loss_con: 19.718 energy_loss: 256.025
[GPU6] epochs: [18/800] train_loss_con: 19.663 energy_loss: 255.897
[GPU6] epochs: [19/800] train_loss_con: 19.615 energy_loss: 256.027
[GPU6] epochs: [20/800] train_loss_con: 19.584 energy_loss: 256.034
[GPU6] epochs: [21/800] train_loss_con: 19.555 energy_loss: 255.976
[GPU6] epochs: [22/800] train_loss_con: 19.510 energy_loss: 255.942
[GPU6] epochs: [23/800] train_loss_con: 19.479 energy_loss: 256.071
[GPU6] epochs: [24/800] train_loss_con: 19.463 energy_loss: 255.948
[GPU6] epochs: [25/800] train_loss_con: 19.422 energy_loss: 255.911
[GPU6] epochs: [26/800] train_loss_con: 19.373 energy_loss: 255.971
[GPU6] epochs: [27/800] train_loss_con: 19.359 energy_loss: 255.783
[GPU6] epochs: [28/800] train_loss_con: 19.330 energy_loss: 255.340
[GPU6] epochs: [29/800] train_loss_con: 19.292 energy_loss: 254.910
[GPU6] epochs: [30/800] train_loss_con: 19.273 energy_loss: 254.514
[GPU6] epochs: [31/800] train_loss_con: 19.255 energy_loss: 253.474
[GPU6] epochs: [32/800] train_loss_con: 19.237 energy_loss: 242.954
[GPU6] epochs: [33/800] train_loss_con: 19.214 energy_loss: 232.520
[GPU6] epochs: [34/800] train_loss_con: 19.196 energy_loss: 223.734
[GPU6] epochs: [35/800] train_loss_con: 19.160 energy_loss: 213.494
[GPU6] epochs: [36/800] train_loss_con: 19.152 energy_loss: 197.791
[GPU6] epochs: [37/800] train_loss_con: 19.130 energy_loss: 189.251
[GPU6] epochs: [38/800] train_loss_con: 19.113 energy_loss: 177.615
[GPU6] epochs: [39/800] train_loss_con: 19.098 energy_loss: 175.213
[GPU6] epochs: [40/800] train_loss_con: 19.081 energy_loss: 169.513
[GPU6] epochs: [41/800] train_loss_con: 19.075 energy_loss: 153.077
[GPU6] epochs: [42/800] train_loss_con: 19.027 energy_loss: 148.660
[GPU6] epochs: [43/800] train_loss_con: 19.037 energy_loss: 147.376
[GPU6] epochs: [44/800] train_loss_con: 19.003 energy_loss: 142.113
[GPU6] epochs: [45/800] train_loss_con: 18.982 energy_loss: 137.410
[GPU6] epochs: [46/800] train_loss_con: 18.972 energy_loss: 133.083
[GPU6] epochs: [47/800] train_loss_con: 18.950 energy_loss: 132.102
[GPU6] epochs: [48/800] train_loss_con: 18.939 energy_loss: 124.233
[GPU6] epochs: [49/800] train_loss_con: 18.937 energy_loss: 124.942
[GPU6] epochs: [50/800] train_loss_con: 18.919 energy_loss: 123.819
[GPU6] epochs: [51/800] train_loss_con: 18.920 energy_loss: 122.348
[GPU6] epochs: [52/800] train_loss_con: 18.900 energy_loss: 123.884
[GPU6] epochs: [53/800] train_loss_con: 18.881 energy_loss: 119.246
[GPU6] epochs: [54/800] train_loss_con: 18.873 energy_loss: 118.659
[GPU6] epochs: [55/800] train_loss_con: 18.851 energy_loss: 118.719
[GPU6] epochs: [56/800] train_loss_con: 18.855 energy_loss: 118.322
[GPU6] epochs: [57/800] train_loss_con: 18.828 energy_loss: 119.592
[GPU6] epochs: [58/800] train_loss_con: 18.824 energy_loss: 117.963
[GPU6] epochs: [59/800] train_loss_con: 18.812 energy_loss: 119.466
[GPU6] epochs: [60/800] train_loss_con: 18.800 energy_loss: 115.089
[GPU6] epochs: [61/800] train_loss_con: 18.803 energy_loss: 114.515
[GPU6] epochs: [62/800] train_loss_con: 18.773 energy_loss: 115.053
[GPU6] epochs: [63/800] train_loss_con: 18.755 energy_loss: 113.782
[GPU6] epochs: [64/800] train_loss_con: 18.746 energy_loss: 114.444
[GPU6] epochs: [65/800] train_loss_con: 18.740 energy_loss: 112.603
[GPU6] epochs: [66/800] train_loss_con: 18.732 energy_loss: 114.685
[GPU6] epochs: [67/800] train_loss_con: 18.741 energy_loss: 114.113
[GPU6] epochs: [68/800] train_loss_con: 18.721 energy_loss: 113.301
[GPU6] epochs: [69/800] train_loss_con: 18.698 energy_loss: 113.876
[GPU6] epochs: [70/800] train_loss_con: 18.688 energy_loss: 113.889
[GPU6] epochs: [71/800] train_loss_con: 18.671 energy_loss: 114.138
[GPU6] epochs: [72/800] train_loss_con: 18.665 energy_loss: 114.246
[GPU6] epochs: [73/800] train_loss_con: 18.655 energy_loss: 111.539
[GPU6] epochs: [74/800] train_loss_con: 18.662 energy_loss: 111.872
[GPU6] epochs: [75/800] train_loss_con: 18.643 energy_loss: 110.703
[GPU6] epochs: [76/800] train_loss_con: 18.642 energy_loss: 110.517
[GPU6] epochs: [77/800] train_loss_con: 18.637 energy_loss: 110.052
[GPU6] epochs: [78/800] train_loss_con: 18.611 energy_loss: 110.586
[GPU6] epochs: [79/800] train_loss_con: 18.603 energy_loss: 111.189
[GPU6] epochs: [80/800] train_loss_con: 18.597 energy_loss: 111.537
[GPU6] epochs: [81/800] train_loss_con: 18.597 energy_loss: 120.397
[GPU6] epochs: [82/800] train_loss_con: 18.571 energy_loss: 112.974
[GPU6] epochs: [83/800] train_loss_con: 18.562 energy_loss: 114.707
[GPU6] epochs: [84/800] train_loss_con: 18.582 energy_loss: 111.759
[GPU6] epochs: [85/800] train_loss_con: 18.560 energy_loss: 112.119
[GPU6] epochs: [86/800] train_loss_con: 18.563 energy_loss: 111.635
[GPU6] epochs: [87/800] train_loss_con: 18.525 energy_loss: 110.518
[GPU6] epochs: [88/800] train_loss_con: 18.534 energy_loss: 110.775
[GPU6] epochs: [89/800] train_loss_con: 18.515 energy_loss: 109.841
[GPU6] epochs: [90/800] train_loss_con: 18.506 energy_loss: 109.483
[GPU6] epochs: [91/800] train_loss_con: 18.494 energy_loss: 108.960
[GPU6] epochs: [92/800] train_loss_con: 18.495 energy_loss: 109.080
[GPU6] epochs: [93/800] train_loss_con: 18.487 energy_loss: 108.810
[GPU6] epochs: [94/800] train_loss_con: 18.494 energy_loss: 109.162
[GPU6] epochs: [95/800] train_loss_con: 18.477 energy_loss: 108.896
[GPU6] epochs: [96/800] train_loss_con: 18.475 energy_loss: 108.877
[GPU6] epochs: [97/800] train_loss_con: 18.488 energy_loss: 109.297
[GPU6] epochs: [98/800] train_loss_con: 18.472 energy_loss: 109.813
[GPU6] epochs: [99/800] train_loss_con: 18.439 energy_loss: 109.293
[GPU6] epochs: [100/800] train_loss_con: 18.427 energy_loss: 108.429
[GPU6] epochs: [101/800] train_loss_con: 18.431 energy_loss: 108.342
[GPU6] epochs: [102/800] train_loss_con: 18.436 energy_loss: 111.278
[GPU6] epochs: [103/800] train_loss_con: 18.410 energy_loss: 113.282
[GPU6] epochs: [104/800] train_loss_con: 18.393 energy_loss: 110.275
[GPU6] epochs: [105/800] train_loss_con: 18.419 energy_loss: 109.611
[GPU6] epochs: [106/800] train_loss_con: 18.385 energy_loss: 108.419
[GPU6] epochs: [107/800] train_loss_con: 18.389 energy_loss: 107.964
[GPU6] epochs: [108/800] train_loss_con: 18.390 energy_loss: 107.600
[GPU6] epochs: [109/800] train_loss_con: 18.386 energy_loss: 107.090
[GPU6] epochs: [110/800] train_loss_con: 18.365 energy_loss: 107.040
[GPU6] epochs: [111/800] train_loss_con: 18.353 energy_loss: 107.158
[GPU6] epochs: [112/800] train_loss_con: 18.348 energy_loss: 106.760
[GPU6] epochs: [113/800] train_loss_con: 18.352 energy_loss: 107.077
[GPU6] epochs: [114/800] train_loss_con: 18.347 energy_loss: 106.678
[GPU6] epochs: [115/800] train_loss_con: 18.326 energy_loss: 106.985
[GPU6] epochs: [116/800] train_loss_con: 18.342 energy_loss: 107.067
[GPU6] epochs: [117/800] train_loss_con: 18.331 energy_loss: 106.900
[GPU6] epochs: [118/800] train_loss_con: 18.311 energy_loss: 106.260
[GPU6] epochs: [119/800] train_loss_con: 18.316 energy_loss: 106.282
[GPU6] epochs: [120/800] train_loss_con: 18.297 energy_loss: 105.879
[GPU6] epochs: [121/800] train_loss_con: 18.310 energy_loss: 105.957
[GPU6] epochs: [122/800] train_loss_con: 18.276 energy_loss: 105.523
[GPU6] epochs: [123/800] train_loss_con: 18.291 energy_loss: 105.744
[GPU6] epochs: [124/800] train_loss_con: 18.296 energy_loss: 105.680
[GPU6] epochs: [125/800] train_loss_con: 18.262 energy_loss: 105.775
[GPU6] epochs: [126/800] train_loss_con: 18.260 energy_loss: 105.290
[GPU6] epochs: [127/800] train_loss_con: 18.236 energy_loss: 105.461
[GPU6] epochs: [128/800] train_loss_con: 18.239 energy_loss: 105.511
[GPU6] epochs: [129/800] train_loss_con: 18.257 energy_loss: 106.008
[GPU6] epochs: [130/800] train_loss_con: 18.250 energy_loss: 105.400
[GPU6] epochs: [131/800] train_loss_con: 18.245 energy_loss: 105.824
[GPU6] epochs: [132/800] train_loss_con: 18.237 energy_loss: 105.862
[GPU6] epochs: [133/800] train_loss_con: 18.232 energy_loss: 106.424
[GPU6] epochs: [134/800] train_loss_con: 18.232 energy_loss: 105.754
[GPU6] epochs: [135/800] train_loss_con: 18.218 energy_loss: 105.718
[GPU6] epochs: [136/800] train_loss_con: 18.211 energy_loss: 105.380
[GPU6] epochs: [137/800] train_loss_con: 18.192 energy_loss: 105.722
[GPU6] epochs: [138/800] train_loss_con: 18.214 energy_loss: 105.200
[GPU6] epochs: [139/800] train_loss_con: 18.201 energy_loss: 105.105
[GPU6] epochs: [140/800] train_loss_con: 18.184 energy_loss: 106.694
[GPU6] epochs: [141/800] train_loss_con: 18.168 energy_loss: 106.076
[GPU6] epochs: [142/800] train_loss_con: 18.192 energy_loss: 106.002
[GPU6] epochs: [143/800] train_loss_con: 18.158 energy_loss: 105.073
[GPU6] epochs: [144/800] train_loss_con: 18.149 energy_loss: 104.748
[GPU6] epochs: [145/800] train_loss_con: 18.163 energy_loss: 104.662
[GPU6] epochs: [146/800] train_loss_con: 18.167 energy_loss: 104.415
[GPU6] epochs: [147/800] train_loss_con: 18.144 energy_loss: 104.151
[GPU6] epochs: [148/800] train_loss_con: 18.136 energy_loss: 104.064
[GPU6] epochs: [149/800] train_loss_con: 18.139 energy_loss: 104.382
[GPU6] epochs: [150/800] train_loss_con: 18.116 energy_loss: 103.917
[GPU6] epochs: [151/800] train_loss_con: 18.121 energy_loss: 104.381
[GPU6] epochs: [152/800] train_loss_con: 18.104 energy_loss: 104.132
[GPU6] epochs: [153/800] train_loss_con: 18.093 energy_loss: 104.149
[GPU6] epochs: [154/800] train_loss_con: 18.104 energy_loss: 103.607
[GPU6] epochs: [155/800] train_loss_con: 18.105 energy_loss: 103.767
[GPU6] epochs: [156/800] train_loss_con: 18.084 energy_loss: 104.103
[GPU6] epochs: [157/800] train_loss_con: 18.083 energy_loss: 104.075
[GPU6] epochs: [158/800] train_loss_con: 18.094 energy_loss: 104.886
[GPU6] epochs: [159/800] train_loss_con: 18.106 energy_loss: 104.673
[GPU6] epochs: [160/800] train_loss_con: 18.075 energy_loss: 105.343
[GPU6] epochs: [161/800] train_loss_con: 18.064 energy_loss: 104.735
[GPU6] epochs: [162/800] train_loss_con: 18.075 energy_loss: 104.738
[GPU6] epochs: [163/800] train_loss_con: 18.068 energy_loss: 104.866
[GPU6] epochs: [164/800] train_loss_con: 18.064 energy_loss: 104.882
[GPU6] epochs: [165/800] train_loss_con: 18.069 energy_loss: 104.507
[GPU6] epochs: [166/800] train_loss_con: 18.060 energy_loss: 104.234
[GPU6] epochs: [167/800] train_loss_con: 18.038 energy_loss: 104.785
[GPU6] epochs: [168/800] train_loss_con: 18.033 energy_loss: 104.817
[GPU6] epochs: [169/800] train_loss_con: 18.044 energy_loss: 104.026
[GPU6] epochs: [170/800] train_loss_con: 18.031 energy_loss: 103.835
[GPU6] epochs: [171/800] train_loss_con: 18.014 energy_loss: 103.305
[GPU6] epochs: [172/800] train_loss_con: 18.026 energy_loss: 103.462
[GPU6] epochs: [173/800] train_loss_con: 17.995 energy_loss: 103.105
[GPU6] epochs: [174/800] train_loss_con: 18.017 energy_loss: 102.905
[GPU6] epochs: [175/800] train_loss_con: 18.010 energy_loss: 103.070
[GPU6] epochs: [176/800] train_loss_con: 17.973 energy_loss: 103.126
[GPU6] epochs: [177/800] train_loss_con: 17.971 energy_loss: 102.816
[GPU6] epochs: [178/800] train_loss_con: 17.977 energy_loss: 102.498
[GPU6] epochs: [179/800] train_loss_con: 17.986 energy_loss: 102.731
[GPU6] epochs: [180/800] train_loss_con: 17.985 energy_loss: 102.890
[GPU6] epochs: [181/800] train_loss_con: 17.992 energy_loss: 102.820
[GPU6] epochs: [182/800] train_loss_con: 17.963 energy_loss: 102.873
[GPU6] epochs: [183/800] train_loss_con: 17.962 energy_loss: 102.497
[GPU6] epochs: [184/800] train_loss_con: 17.957 energy_loss: 102.788
[GPU6] epochs: [185/800] train_loss_con: 17.956 energy_loss: 102.826
[GPU6] epochs: [186/800] train_loss_con: 17.963 energy_loss: 102.691
[GPU6] epochs: [187/800] train_loss_con: 17.946 energy_loss: 102.813
[GPU6] epochs: [188/800] train_loss_con: 17.962 energy_loss: 102.791
[GPU6] epochs: [189/800] train_loss_con: 17.945 energy_loss: 102.920
[GPU6] epochs: [190/800] train_loss_con: 17.939 energy_loss: 102.496
[GPU6] epochs: [191/800] train_loss_con: 17.966 energy_loss: 102.409
[GPU6] epochs: [192/800] train_loss_con: 17.929 energy_loss: 101.944
[GPU6] epochs: [193/800] train_loss_con: 17.900 energy_loss: 102.050
[GPU6] epochs: [194/800] train_loss_con: 17.906 energy_loss: 102.107
[GPU6] epochs: [195/800] train_loss_con: 17.907 energy_loss: 102.028
[GPU6] epochs: [196/800] train_loss_con: 17.909 energy_loss: 101.939
[GPU6] epochs: [197/800] train_loss_con: 17.919 energy_loss: 101.781
[GPU6] epochs: [198/800] train_loss_con: 17.893 energy_loss: 101.905
[GPU6] epochs: [199/800] train_loss_con: 17.904 energy_loss: 101.729
[GPU6] epochs: [200/800] train_loss_con: 17.900 energy_loss: 101.465
[GPU6] epochs: [201/800] train_loss_con: 17.888 energy_loss: 101.571
[GPU6] epochs: [202/800] train_loss_con: 17.893 energy_loss: 101.565
[GPU6] epochs: [203/800] train_loss_con: 17.894 energy_loss: 101.005
[GPU6] epochs: [204/800] train_loss_con: 17.883 energy_loss: 100.975
[GPU6] epochs: [205/800] train_loss_con: 17.873 energy_loss: 101.060
[GPU6] epochs: [206/800] train_loss_con: 17.859 energy_loss: 101.046
[GPU6] epochs: [207/800] train_loss_con: 17.884 energy_loss: 101.263
[GPU6] epochs: [208/800] train_loss_con: 17.894 energy_loss: 100.998
[GPU6] epochs: [209/800] train_loss_con: 17.858 energy_loss: 101.044
[GPU6] epochs: [210/800] train_loss_con: 17.861 energy_loss: 100.999
[GPU6] epochs: [211/800] train_loss_con: 17.857 energy_loss: 100.695
[GPU6] epochs: [212/800] train_loss_con: 17.839 energy_loss: 101.023
[GPU6] epochs: [213/800] train_loss_con: 17.835 energy_loss: 100.735
[GPU6] epochs: [214/800] train_loss_con: 17.849 energy_loss: 101.381
[GPU6] epochs: [215/800] train_loss_con: 17.838 energy_loss: 101.172
[GPU6] epochs: [216/800] train_loss_con: 17.835 energy_loss: 100.950
[GPU6] epochs: [217/800] train_loss_con: 17.819 energy_loss: 100.653
[GPU6] epochs: [218/800] train_loss_con: 17.801 energy_loss: 100.342
[GPU6] epochs: [219/800] train_loss_con: 17.787 energy_loss: 100.268
[GPU6] epochs: [220/800] train_loss_con: 17.804 energy_loss: 100.172
[GPU6] epochs: [221/800] train_loss_con: 17.801 energy_loss: 99.941
[GPU6] epochs: [222/800] train_loss_con: 17.800 energy_loss: 99.854
[GPU6] epochs: [223/800] train_loss_con: 17.804 energy_loss: 99.692
[GPU6] epochs: [224/800] train_loss_con: 17.805 energy_loss: 99.958
[GPU6] epochs: [225/800] train_loss_con: 17.792 energy_loss: 99.567
[GPU6] epochs: [226/800] train_loss_con: 17.809 energy_loss: 99.532
[GPU6] epochs: [227/800] train_loss_con: 17.767 energy_loss: 99.719
[GPU6] epochs: [228/800] train_loss_con: 17.789 energy_loss: 99.601
[GPU6] epochs: [229/800] train_loss_con: 17.759 energy_loss: 99.143
[GPU6] epochs: [230/800] train_loss_con: 17.768 energy_loss: 98.877
[GPU6] epochs: [231/800] train_loss_con: 17.754 energy_loss: 99.026
[GPU6] epochs: [232/800] train_loss_con: 17.768 energy_loss: 98.846
[GPU6] epochs: [233/800] train_loss_con: 17.771 energy_loss: 99.062
[GPU6] epochs: [234/800] train_loss_con: 17.769 energy_loss: 99.225
[GPU6] epochs: [235/800] train_loss_con: 17.732 energy_loss: 98.905
[GPU6] epochs: [236/800] train_loss_con: 17.772 energy_loss: 98.753
[GPU6] epochs: [237/800] train_loss_con: 17.727 energy_loss: 98.784
[GPU6] epochs: [238/800] train_loss_con: 17.755 energy_loss: 98.831
[GPU6] epochs: [239/800] train_loss_con: 17.724 energy_loss: 98.627
[GPU6] epochs: [240/800] train_loss_con: 17.752 energy_loss: 98.752
[GPU6] epochs: [241/800] train_loss_con: 17.741 energy_loss: 98.663
[GPU6] epochs: [242/800] train_loss_con: 17.720 energy_loss: 98.959
[GPU6] epochs: [243/800] train_loss_con: 17.726 energy_loss: 98.984
[GPU6] epochs: [244/800] train_loss_con: 17.736 energy_loss: 98.571
[GPU6] epochs: [245/800] train_loss_con: 17.721 energy_loss: 98.296
[GPU6] epochs: [246/800] train_loss_con: 17.725 energy_loss: 98.396
[GPU6] epochs: [247/800] train_loss_con: 17.730 energy_loss: 98.032
[GPU6] epochs: [248/800] train_loss_con: 17.723 energy_loss: 98.124
[GPU6] epochs: [249/800] train_loss_con: 17.705 energy_loss: 97.879
[GPU6] epochs: [250/800] train_loss_con: 17.710 energy_loss: 97.667
[GPU6] epochs: [251/800] train_loss_con: 17.703 energy_loss: 97.902
[GPU6] epochs: [252/800] train_loss_con: 17.698 energy_loss: 97.731
[GPU6] epochs: [253/800] train_loss_con: 17.675 energy_loss: 97.480
[GPU6] epochs: [254/800] train_loss_con: 17.684 energy_loss: 97.341
[GPU6] epochs: [255/800] train_loss_con: 17.680 energy_loss: 97.392
[GPU6] epochs: [256/800] train_loss_con: 17.681 energy_loss: 97.418
[GPU6] epochs: [257/800] train_loss_con: 17.676 energy_loss: 97.460
[GPU6] epochs: [258/800] train_loss_con: 17.685 energy_loss: 97.341
[GPU6] epochs: [259/800] train_loss_con: 17.662 energy_loss: 97.110
[GPU6] epochs: [260/800] train_loss_con: 17.663 energy_loss: 97.352
[GPU6] epochs: [261/800] train_loss_con: 17.693 energy_loss: 96.941
[GPU6] epochs: [262/800] train_loss_con: 17.651 energy_loss: 97.006
[GPU6] epochs: [263/800] train_loss_con: 17.647 energy_loss: 97.090
[GPU6] epochs: [264/800] train_loss_con: 17.652 energy_loss: 97.089
[GPU6] epochs: [265/800] train_loss_con: 17.650 energy_loss: 96.977
[GPU6] epochs: [266/800] train_loss_con: 17.619 energy_loss: 96.879
[GPU6] epochs: [267/800] train_loss_con: 17.616 energy_loss: 96.946
[GPU6] epochs: [268/800] train_loss_con: 17.642 energy_loss: 96.956
[GPU6] epochs: [269/800] train_loss_con: 17.632 energy_loss: 97.232
[GPU6] epochs: [270/800] train_loss_con: 17.631 energy_loss: 97.240
[GPU6] epochs: [271/800] train_loss_con: 17.601 energy_loss: 97.046
[GPU6] epochs: [272/800] train_loss_con: 17.629 energy_loss: 96.925
[GPU6] epochs: [273/800] train_loss_con: 17.619 energy_loss: 96.539
[GPU6] epochs: [274/800] train_loss_con: 17.609 energy_loss: 96.847
[GPU6] epochs: [275/800] train_loss_con: 17.605 energy_loss: 96.669
[GPU6] epochs: [276/800] train_loss_con: 17.613 energy_loss: 96.700
[GPU6] epochs: [277/800] train_loss_con: 17.613 energy_loss: 96.329
[GPU6] epochs: [278/800] train_loss_con: 17.572 energy_loss: 96.223
[GPU6] epochs: [279/800] train_loss_con: 17.619 energy_loss: 96.235
[GPU6] epochs: [280/800] train_loss_con: 17.605 energy_loss: 96.439
[GPU6] epochs: [281/800] train_loss_con: 17.594 energy_loss: 96.172
[GPU6] epochs: [282/800] train_loss_con: 17.602 energy_loss: 96.258
[GPU6] epochs: [283/800] train_loss_con: 17.587 energy_loss: 96.259
[GPU6] epochs: [284/800] train_loss_con: 17.586 energy_loss: 95.973
[GPU6] epochs: [285/800] train_loss_con: 17.581 energy_loss: 96.038
[GPU6] epochs: [286/800] train_loss_con: 17.580 energy_loss: 95.886
[GPU6] epochs: [287/800] train_loss_con: 17.564 energy_loss: 95.627
[GPU6] epochs: [288/800] train_loss_con: 17.578 energy_loss: 95.520
[GPU6] epochs: [289/800] train_loss_con: 17.553 energy_loss: 95.528
[GPU6] epochs: [290/800] train_loss_con: 17.564 energy_loss: 95.651
[GPU6] epochs: [291/800] train_loss_con: 17.555 energy_loss: 95.610
[GPU6] epochs: [292/800] train_loss_con: 17.558 energy_loss: 95.441
[GPU6] epochs: [293/800] train_loss_con: 17.557 energy_loss: 95.478
[GPU6] epochs: [294/800] train_loss_con: 17.550 energy_loss: 95.334
[GPU6] epochs: [295/800] train_loss_con: 17.547 energy_loss: 95.486
[GPU6] epochs: [296/800] train_loss_con: 17.567 energy_loss: 95.028
[GPU6] epochs: [297/800] train_loss_con: 17.563 energy_loss: 95.289
[GPU6] epochs: [298/800] train_loss_con: 17.577 energy_loss: 95.144
[GPU6] epochs: [299/800] train_loss_con: 17.518 energy_loss: 95.164
[GPU6] epochs: [300/800] train_loss_con: 17.517 energy_loss: 95.176
[GPU6] epochs: [301/800] train_loss_con: 17.527 energy_loss: 94.868
[GPU6] epochs: [302/800] train_loss_con: 17.514 energy_loss: 94.837
[GPU6] epochs: [303/800] train_loss_con: 17.520 energy_loss: 94.632
[GPU6] epochs: [304/800] train_loss_con: 17.543 energy_loss: 94.280
[GPU6] epochs: [305/800] train_loss_con: 17.527 energy_loss: 94.473
[GPU6] epochs: [306/800] train_loss_con: 17.518 energy_loss: 94.234
[GPU6] epochs: [307/800] train_loss_con: 17.491 energy_loss: 94.389
[GPU6] epochs: [308/800] train_loss_con: 17.493 energy_loss: 94.342
[GPU6] epochs: [309/800] train_loss_con: 17.495 energy_loss: 94.429
[GPU6] epochs: [310/800] train_loss_con: 17.506 energy_loss: 94.283
[GPU6] epochs: [311/800] train_loss_con: 17.483 energy_loss: 94.485
[GPU6] epochs: [312/800] train_loss_con: 17.486 energy_loss: 94.259
[GPU6] epochs: [313/800] train_loss_con: 17.502 energy_loss: 94.392
[GPU6] epochs: [314/800] train_loss_con: 17.489 energy_loss: 94.589
[GPU6] epochs: [315/800] train_loss_con: 17.454 energy_loss: 94.057
[GPU6] epochs: [316/800] train_loss_con: 17.460 energy_loss: 94.051
[GPU6] epochs: [317/800] train_loss_con: 17.443 energy_loss: 94.244
[GPU6] epochs: [318/800] train_loss_con: 17.464 energy_loss: 93.992
[GPU6] epochs: [319/800] train_loss_con: 17.459 energy_loss: 93.969
[GPU6] epochs: [320/800] train_loss_con: 17.477 energy_loss: 94.016
[GPU6] epochs: [321/800] train_loss_con: 17.467 energy_loss: 93.803
[GPU6] epochs: [322/800] train_loss_con: 17.469 energy_loss: 93.883
[GPU6] epochs: [323/800] train_loss_con: 17.442 energy_loss: 93.872
[GPU6] epochs: [324/800] train_loss_con: 17.460 energy_loss: 93.715
[GPU6] epochs: [325/800] train_loss_con: 17.460 energy_loss: 93.505
[GPU6] epochs: [326/800] train_loss_con: 17.469 energy_loss: 93.487
[GPU6] epochs: [327/800] train_loss_con: 17.424 energy_loss: 93.365
[GPU6] epochs: [328/800] train_loss_con: 17.449 energy_loss: 93.732
[GPU6] epochs: [329/800] train_loss_con: 17.433 energy_loss: 93.694
[GPU6] epochs: [330/800] train_loss_con: 17.444 energy_loss: 93.779
[GPU6] epochs: [331/800] train_loss_con: 17.433 energy_loss: 93.378
[GPU6] epochs: [332/800] train_loss_con: 17.444 energy_loss: 93.691
[GPU6] epochs: [333/800] train_loss_con: 17.397 energy_loss: 93.628
[GPU6] epochs: [334/800] train_loss_con: 17.423 energy_loss: 93.437
[GPU6] epochs: [335/800] train_loss_con: 17.405 energy_loss: 93.172
[GPU6] epochs: [336/800] train_loss_con: 17.429 energy_loss: 93.419
[GPU6] epochs: [337/800] train_loss_con: 17.414 energy_loss: 93.132
[GPU6] epochs: [338/800] train_loss_con: 17.406 energy_loss: 92.827
[GPU6] epochs: [339/800] train_loss_con: 17.429 energy_loss: 92.947
[GPU6] epochs: [340/800] train_loss_con: 17.415 energy_loss: 92.958
[GPU6] epochs: [341/800] train_loss_con: 17.405 energy_loss: 92.919
[GPU6] epochs: [342/800] train_loss_con: 17.399 energy_loss: 93.067
[GPU6] epochs: [343/800] train_loss_con: 17.411 energy_loss: 93.020
[GPU6] epochs: [344/800] train_loss_con: 17.386 energy_loss: 92.888
[GPU6] epochs: [345/800] train_loss_con: 17.405 energy_loss: 92.598
[GPU6] epochs: [346/800] train_loss_con: 17.374 energy_loss: 92.766
[GPU6] epochs: [347/800] train_loss_con: 17.379 energy_loss: 92.559
[GPU6] epochs: [348/800] train_loss_con: 17.377 energy_loss: 92.451
[GPU6] epochs: [349/800] train_loss_con: 17.390 energy_loss: 92.346
[GPU6] epochs: [350/800] train_loss_con: 17.383 energy_loss: 92.541
[GPU6] epochs: [351/800] train_loss_con: 17.372 energy_loss: 92.281
[GPU6] epochs: [352/800] train_loss_con: 17.382 energy_loss: 92.031
[GPU6] epochs: [353/800] train_loss_con: 17.361 energy_loss: 92.156
[GPU6] epochs: [354/800] train_loss_con: 17.364 energy_loss: 92.315
[GPU6] epochs: [355/800] train_loss_con: 17.376 energy_loss: 92.125
[GPU6] epochs: [356/800] train_loss_con: 17.382 energy_loss: 92.254
[GPU6] epochs: [357/800] train_loss_con: 17.369 energy_loss: 92.322
[GPU6] epochs: [358/800] train_loss_con: 17.346 energy_loss: 92.218
[GPU6] epochs: [359/800] train_loss_con: 17.349 energy_loss: 92.222
[GPU6] epochs: [360/800] train_loss_con: 17.335 energy_loss: 91.995
[GPU6] epochs: [361/800] train_loss_con: 17.334 energy_loss: 92.163
[GPU6] epochs: [362/800] train_loss_con: 17.336 energy_loss: 92.374
[GPU6] epochs: [363/800] train_loss_con: 17.352 energy_loss: 92.060
[GPU6] epochs: [364/800] train_loss_con: 17.333 energy_loss: 91.805
[GPU6] epochs: [365/800] train_loss_con: 17.327 energy_loss: 91.849
[GPU6] epochs: [366/800] train_loss_con: 17.318 energy_loss: 91.702
[GPU6] epochs: [367/800] train_loss_con: 17.341 energy_loss: 91.501
[GPU6] epochs: [368/800] train_loss_con: 17.353 energy_loss: 91.778
[GPU6] epochs: [369/800] train_loss_con: 17.337 energy_loss: 91.569
[GPU6] epochs: [370/800] train_loss_con: 17.319 energy_loss: 91.523
[GPU6] epochs: [371/800] train_loss_con: 17.313 energy_loss: 91.612
[GPU6] epochs: [372/800] train_loss_con: 17.323 energy_loss: 91.323
[GPU6] epochs: [373/800] train_loss_con: 17.331 energy_loss: 91.542
[GPU6] epochs: [374/800] train_loss_con: 17.311 energy_loss: 91.280
[GPU6] epochs: [375/800] train_loss_con: 17.283 energy_loss: 91.651
[GPU6] epochs: [376/800] train_loss_con: 17.305 energy_loss: 91.059
[GPU6] epochs: [377/800] train_loss_con: 17.284 energy_loss: 90.959
[GPU6] epochs: [378/800] train_loss_con: 17.291 energy_loss: 91.018
[GPU6] epochs: [379/800] train_loss_con: 17.294 energy_loss: 90.901
[GPU6] epochs: [380/800] train_loss_con: 17.273 energy_loss: 91.210
[GPU6] epochs: [381/800] train_loss_con: 17.301 energy_loss: 90.808
[GPU6] epochs: [382/800] train_loss_con: 17.277 energy_loss: 90.576
[GPU6] epochs: [383/800] train_loss_con: 17.271 energy_loss: 90.672
[GPU6] epochs: [384/800] train_loss_con: 17.293 energy_loss: 90.785
[GPU6] epochs: [385/800] train_loss_con: 17.301 energy_loss: 90.667
[GPU6] epochs: [386/800] train_loss_con: 17.274 energy_loss: 90.976
[GPU6] epochs: [387/800] train_loss_con: 17.305 energy_loss: 90.964
[GPU6] epochs: [388/800] train_loss_con: 17.249 energy_loss: 90.698
[GPU6] epochs: [389/800] train_loss_con: 17.244 energy_loss: 90.677
[GPU6] epochs: [390/800] train_loss_con: 17.244 energy_loss: 90.677
[GPU6] epochs: [391/800] train_loss_con: 17.218 energy_loss: 90.657
[GPU6] epochs: [392/800] train_loss_con: 17.242 energy_loss: 90.502
[GPU6] epochs: [393/800] train_loss_con: 17.256 energy_loss: 90.152
[GPU6] epochs: [394/800] train_loss_con: 17.252 energy_loss: 90.378
[GPU6] epochs: [395/800] train_loss_con: 17.278 energy_loss: 90.477
[GPU6] epochs: [396/800] train_loss_con: 17.248 energy_loss: 90.640
[GPU6] epochs: [397/800] train_loss_con: 17.247 energy_loss: 90.351
[GPU6] epochs: [398/800] train_loss_con: 17.257 energy_loss: 90.214
[GPU6] epochs: [399/800] train_loss_con: 17.238 energy_loss: 90.043
[GPU6] epochs: [400/800] train_loss_con: 17.227 energy_loss: 90.260
[GPU6] epochs: [401/800] train_loss_con: 17.254 energy_loss: 90.407
[GPU6] epochs: [402/800] train_loss_con: 17.215 energy_loss: 90.284
[GPU6] epochs: [403/800] train_loss_con: 17.243 energy_loss: 90.204
[GPU6] epochs: [404/800] train_loss_con: 17.225 energy_loss: 89.946
[GPU6] epochs: [405/800] train_loss_con: 17.230 energy_loss: 89.757
[GPU6] epochs: [406/800] train_loss_con: 17.237 energy_loss: 89.868
[GPU6] epochs: [407/800] train_loss_con: 17.256 energy_loss: 89.877
[GPU6] epochs: [408/800] train_loss_con: 17.205 energy_loss: 89.758
[GPU6] epochs: [409/800] train_loss_con: 17.220 energy_loss: 89.733
[GPU6] epochs: [410/800] train_loss_con: 17.204 energy_loss: 89.398
[GPU6] epochs: [411/800] train_loss_con: 17.242 energy_loss: 89.466
[GPU6] epochs: [412/800] train_loss_con: 17.225 energy_loss: 89.477
[GPU6] epochs: [413/800] train_loss_con: 17.197 energy_loss: 89.120
[GPU6] epochs: [414/800] train_loss_con: 17.220 energy_loss: 89.205
[GPU6] epochs: [415/800] train_loss_con: 17.220 energy_loss: 89.563
[GPU6] epochs: [416/800] train_loss_con: 17.200 energy_loss: 89.326
[GPU6] epochs: [417/800] train_loss_con: 17.196 energy_loss: 89.265
[GPU6] epochs: [418/800] train_loss_con: 17.207 energy_loss: 89.276
[GPU6] epochs: [419/800] train_loss_con: 17.186 energy_loss: 89.456
[GPU6] epochs: [420/800] train_loss_con: 17.174 energy_loss: 89.280
[GPU6] epochs: [421/800] train_loss_con: 17.163 energy_loss: 89.017
[GPU6] epochs: [422/800] train_loss_con: 17.176 energy_loss: 88.795
[GPU6] epochs: [423/800] train_loss_con: 17.203 energy_loss: 88.885
[GPU6] epochs: [424/800] train_loss_con: 17.224 energy_loss: 89.217
[GPU6] epochs: [425/800] train_loss_con: 17.165 energy_loss: 88.795
[GPU6] epochs: [426/800] train_loss_con: 17.153 energy_loss: 88.763
[GPU6] epochs: [427/800] train_loss_con: 17.178 energy_loss: 88.754
[GPU6] epochs: [428/800] train_loss_con: 17.188 energy_loss: 88.471
[GPU6] epochs: [429/800] train_loss_con: 17.171 energy_loss: 88.711
[GPU6] epochs: [430/800] train_loss_con: 17.199 energy_loss: 88.886
[GPU6] epochs: [431/800] train_loss_con: 17.161 energy_loss: 88.741
[GPU6] epochs: [432/800] train_loss_con: 17.151 energy_loss: 88.302
[GPU6] epochs: [433/800] train_loss_con: 17.154 energy_loss: 88.635
[GPU6] epochs: [434/800] train_loss_con: 17.144 energy_loss: 88.346
[GPU6] epochs: [435/800] train_loss_con: 17.131 energy_loss: 88.437
[GPU6] epochs: [436/800] train_loss_con: 17.177 energy_loss: 88.538
[GPU6] epochs: [437/800] train_loss_con: 17.138 energy_loss: 88.215
[GPU6] epochs: [438/800] train_loss_con: 17.121 energy_loss: 87.860
[GPU6] epochs: [439/800] train_loss_con: 17.149 energy_loss: 87.990
[GPU6] epochs: [440/800] train_loss_con: 17.129 energy_loss: 88.168
[GPU6] epochs: [441/800] train_loss_con: 17.137 energy_loss: 88.505
[GPU6] epochs: [442/800] train_loss_con: 17.158 energy_loss: 88.303
[GPU6] epochs: [443/800] train_loss_con: 17.128 energy_loss: 88.318
[GPU6] epochs: [444/800] train_loss_con: 17.103 energy_loss: 88.095
[GPU6] epochs: [445/800] train_loss_con: 17.145 energy_loss: 88.240
[GPU6] epochs: [446/800] train_loss_con: 17.155 energy_loss: 88.287
[GPU6] epochs: [447/800] train_loss_con: 17.143 energy_loss: 88.243
[GPU6] epochs: [448/800] train_loss_con: 17.131 energy_loss: 88.193
[GPU6] epochs: [449/800] train_loss_con: 17.137 energy_loss: 87.893
[GPU6] epochs: [450/800] train_loss_con: 17.094 energy_loss: 87.784
[GPU6] epochs: [451/800] train_loss_con: 17.141 energy_loss: 87.771
[GPU6] epochs: [452/800] train_loss_con: 17.099 energy_loss: 87.867
[GPU6] epochs: [453/800] train_loss_con: 17.125 energy_loss: 87.721
[GPU6] epochs: [454/800] train_loss_con: 17.104 energy_loss: 87.612
[GPU6] epochs: [455/800] train_loss_con: 17.122 energy_loss: 87.757
[GPU6] epochs: [456/800] train_loss_con: 17.091 energy_loss: 87.532
[GPU6] epochs: [457/800] train_loss_con: 17.098 energy_loss: 87.447
[GPU6] epochs: [458/800] train_loss_con: 17.098 energy_loss: 87.197
[GPU6] epochs: [459/800] train_loss_con: 17.116 energy_loss: 87.279
[GPU6] epochs: [460/800] train_loss_con: 17.074 energy_loss: 87.279
[GPU6] epochs: [461/800] train_loss_con: 17.096 energy_loss: 87.132
[GPU6] epochs: [462/800] train_loss_con: 17.076 energy_loss: 86.929
[GPU6] epochs: [463/800] train_loss_con: 17.096 energy_loss: 86.934
[GPU6] epochs: [464/800] train_loss_con: 17.094 energy_loss: 86.943
[GPU6] epochs: [465/800] train_loss_con: 17.079 energy_loss: 86.841
[GPU6] epochs: [466/800] train_loss_con: 17.088 energy_loss: 86.999
[GPU6] epochs: [467/800] train_loss_con: 17.074 energy_loss: 86.993
[GPU6] epochs: [468/800] train_loss_con: 17.086 energy_loss: 86.920
[GPU6] epochs: [469/800] train_loss_con: 17.065 energy_loss: 86.853
[GPU6] epochs: [470/800] train_loss_con: 17.078 energy_loss: 86.695
[GPU6] epochs: [471/800] train_loss_con: 17.066 energy_loss: 86.679
[GPU6] epochs: [472/800] train_loss_con: 17.059 energy_loss: 86.687
[GPU6] epochs: [473/800] train_loss_con: 17.037 energy_loss: 86.553
[GPU6] epochs: [474/800] train_loss_con: 17.074 energy_loss: 86.616
[GPU6] epochs: [475/800] train_loss_con: 17.061 energy_loss: 86.580
[GPU6] epochs: [476/800] train_loss_con: 17.072 energy_loss: 86.500
[GPU6] epochs: [477/800] train_loss_con: 17.043 energy_loss: 86.602
[GPU6] epochs: [478/800] train_loss_con: 17.044 energy_loss: 86.397
[GPU6] epochs: [479/800] train_loss_con: 17.058 energy_loss: 86.321
[GPU6] epochs: [480/800] train_loss_con: 17.062 energy_loss: 86.375
[GPU6] epochs: [481/800] train_loss_con: 17.050 energy_loss: 86.291
[GPU6] epochs: [482/800] train_loss_con: 17.061 energy_loss: 86.249
[GPU6] epochs: [483/800] train_loss_con: 17.019 energy_loss: 86.107
[GPU6] epochs: [484/800] train_loss_con: 17.058 energy_loss: 86.094
[GPU6] epochs: [485/800] train_loss_con: 17.050 energy_loss: 86.067
[GPU6] epochs: [486/800] train_loss_con: 17.039 energy_loss: 86.324
[GPU6] epochs: [487/800] train_loss_con: 17.036 energy_loss: 85.969
[GPU6] epochs: [488/800] train_loss_con: 17.060 energy_loss: 86.115
[GPU6] epochs: [489/800] train_loss_con: 17.054 energy_loss: 85.901
[GPU6] epochs: [490/800] train_loss_con: 17.013 energy_loss: 85.700
[GPU6] epochs: [491/800] train_loss_con: 17.017 energy_loss: 85.967
[GPU6] epochs: [492/800] train_loss_con: 17.031 energy_loss: 85.853
[GPU6] epochs: [493/800] train_loss_con: 17.040 energy_loss: 85.912
[GPU6] epochs: [494/800] train_loss_con: 17.026 energy_loss: 85.928
[GPU6] epochs: [495/800] train_loss_con: 17.002 energy_loss: 86.161
[GPU6] epochs: [496/800] train_loss_con: 17.007 energy_loss: 85.835
[GPU6] epochs: [497/800] train_loss_con: 16.995 energy_loss: 85.883
[GPU6] epochs: [498/800] train_loss_con: 17.021 energy_loss: 85.734
[GPU6] epochs: [499/800] train_loss_con: 17.040 energy_loss: 85.613
[GPU6] epochs: [500/800] train_loss_con: 17.030 energy_loss: 85.423
[GPU6] epochs: [501/800] train_loss_con: 17.005 energy_loss: 85.560
[GPU6] epochs: [502/800] train_loss_con: 16.985 energy_loss: 85.404
[GPU6] epochs: [503/800] train_loss_con: 17.008 energy_loss: 85.262
[GPU6] epochs: [504/800] train_loss_con: 16.981 energy_loss: 85.455
[GPU6] epochs: [505/800] train_loss_con: 16.984 energy_loss: 85.618
[GPU6] epochs: [506/800] train_loss_con: 17.008 energy_loss: 85.589
[GPU6] epochs: [507/800] train_loss_con: 16.964 energy_loss: 85.245
[GPU6] epochs: [508/800] train_loss_con: 16.972 energy_loss: 85.198
[GPU6] epochs: [509/800] train_loss_con: 16.967 energy_loss: 85.141
[GPU6] epochs: [510/800] train_loss_con: 16.988 energy_loss: 85.191
[GPU6] epochs: [511/800] train_loss_con: 16.947 energy_loss: 85.269
[GPU6] epochs: [512/800] train_loss_con: 16.986 energy_loss: 85.239
[GPU6] epochs: [513/800] train_loss_con: 16.930 energy_loss: 84.994
[GPU6] epochs: [514/800] train_loss_con: 16.980 energy_loss: 84.937
[GPU6] epochs: [515/800] train_loss_con: 16.960 energy_loss: 84.699
[GPU6] epochs: [516/800] train_loss_con: 16.965 energy_loss: 84.726
[GPU6] epochs: [517/800] train_loss_con: 16.983 energy_loss: 84.809
[GPU6] epochs: [518/800] train_loss_con: 16.960 energy_loss: 84.634
[GPU6] epochs: [519/800] train_loss_con: 16.978 energy_loss: 84.650
[GPU6] epochs: [520/800] train_loss_con: 16.959 energy_loss: 84.475
[GPU6] epochs: [521/800] train_loss_con: 16.954 energy_loss: 84.499
[GPU6] epochs: [522/800] train_loss_con: 16.952 energy_loss: 84.420
[GPU6] epochs: [523/800] train_loss_con: 16.974 energy_loss: 84.570
[GPU6] epochs: [524/800] train_loss_con: 16.963 energy_loss: 84.563
[GPU6] epochs: [525/800] train_loss_con: 16.951 energy_loss: 84.474
[GPU6] epochs: [526/800] train_loss_con: 16.962 energy_loss: 84.466
[GPU6] epochs: [527/800] train_loss_con: 16.981 energy_loss: 84.345
[GPU6] epochs: [528/800] train_loss_con: 16.958 energy_loss: 84.416
[GPU6] epochs: [529/800] train_loss_con: 16.956 energy_loss: 84.371
[GPU6] epochs: [530/800] train_loss_con: 16.944 energy_loss: 84.397
[GPU6] epochs: [531/800] train_loss_con: 16.952 energy_loss: 84.153
[GPU6] epochs: [532/800] train_loss_con: 16.944 energy_loss: 84.311
[GPU6] epochs: [533/800] train_loss_con: 16.936 energy_loss: 84.156
[GPU6] epochs: [534/800] train_loss_con: 16.930 energy_loss: 84.040
[GPU6] epochs: [535/800] train_loss_con: 16.938 energy_loss: 83.931
[GPU6] epochs: [536/800] train_loss_con: 16.979 energy_loss: 84.004
[GPU6] epochs: [537/800] train_loss_con: 16.933 energy_loss: 83.835
[GPU6] epochs: [538/800] train_loss_con: 16.925 energy_loss: 83.913
[GPU6] epochs: [539/800] train_loss_con: 16.931 energy_loss: 83.873
[GPU6] epochs: [540/800] train_loss_con: 16.911 energy_loss: 83.872
[GPU6] epochs: [541/800] train_loss_con: 16.946 energy_loss: 83.799
[GPU6] epochs: [542/800] train_loss_con: 16.902 energy_loss: 83.558
[GPU6] epochs: [543/800] train_loss_con: 16.920 energy_loss: 83.654
[GPU6] epochs: [544/800] train_loss_con: 16.914 energy_loss: 83.709
[GPU6] epochs: [545/800] train_loss_con: 16.917 energy_loss: 83.619
[GPU6] epochs: [546/800] train_loss_con: 16.939 energy_loss: 83.380
[GPU6] epochs: [547/800] train_loss_con: 16.891 energy_loss: 83.590
[GPU6] epochs: [548/800] train_loss_con: 16.917 energy_loss: 83.396
[GPU6] epochs: [549/800] train_loss_con: 16.901 energy_loss: 83.458
[GPU6] epochs: [550/800] train_loss_con: 16.897 energy_loss: 83.309
[GPU6] epochs: [551/800] train_loss_con: 16.882 energy_loss: 83.346
[GPU6] epochs: [552/800] train_loss_con: 16.912 energy_loss: 83.182
[GPU6] epochs: [553/800] train_loss_con: 16.925 energy_loss: 83.196
[GPU6] epochs: [554/800] train_loss_con: 16.890 energy_loss: 83.228
[GPU6] epochs: [555/800] train_loss_con: 16.905 energy_loss: 83.065
[GPU6] epochs: [556/800] train_loss_con: 16.885 energy_loss: 83.179
[GPU6] epochs: [557/800] train_loss_con: 16.921 energy_loss: 83.110
[GPU6] epochs: [558/800] train_loss_con: 16.895 energy_loss: 83.138
[GPU6] epochs: [559/800] train_loss_con: 16.884 energy_loss: 83.191
[GPU6] epochs: [560/800] train_loss_con: 16.906 energy_loss: 83.259
[GPU6] epochs: [561/800] train_loss_con: 16.853 energy_loss: 82.923
[GPU6] epochs: [562/800] train_loss_con: 16.875 energy_loss: 82.845
[GPU6] epochs: [563/800] train_loss_con: 16.885 energy_loss: 82.707
[GPU6] epochs: [564/800] train_loss_con: 16.911 energy_loss: 82.798
[GPU6] epochs: [565/800] train_loss_con: 16.878 energy_loss: 82.760
[GPU6] epochs: [566/800] train_loss_con: 16.892 energy_loss: 82.826
[GPU6] epochs: [567/800] train_loss_con: 16.869 energy_loss: 82.919
[GPU6] epochs: [568/800] train_loss_con: 16.895 energy_loss: 83.052
[GPU6] epochs: [569/800] train_loss_con: 16.853 energy_loss: 82.869
[GPU6] epochs: [570/800] train_loss_con: 16.888 energy_loss: 82.875
[GPU6] epochs: [571/800] train_loss_con: 16.860 energy_loss: 82.650
[GPU6] epochs: [572/800] train_loss_con: 16.889 energy_loss: 82.645
[GPU6] epochs: [573/800] train_loss_con: 16.894 energy_loss: 82.449
[GPU6] epochs: [574/800] train_loss_con: 16.850 energy_loss: 82.401
[GPU6] epochs: [575/800] train_loss_con: 16.840 energy_loss: 82.661
[GPU6] epochs: [576/800] train_loss_con: 16.864 energy_loss: 82.471
[GPU6] epochs: [577/800] train_loss_con: 16.849 energy_loss: 82.573
[GPU6] epochs: [578/800] train_loss_con: 16.841 energy_loss: 82.305
[GPU6] epochs: [579/800] train_loss_con: 16.871 energy_loss: 82.146
[GPU6] epochs: [580/800] train_loss_con: 16.889 energy_loss: 82.161
[GPU6] epochs: [581/800] train_loss_con: 16.868 energy_loss: 82.342
[GPU6] epochs: [582/800] train_loss_con: 16.838 energy_loss: 82.128
[GPU6] epochs: [583/800] train_loss_con: 16.865 energy_loss: 82.101
[GPU6] epochs: [584/800] train_loss_con: 16.853 energy_loss: 82.206
[GPU6] epochs: [585/800] train_loss_con: 16.839 energy_loss: 82.189
[GPU6] epochs: [586/800] train_loss_con: 16.858 energy_loss: 82.188
[GPU6] epochs: [587/800] train_loss_con: 16.847 energy_loss: 81.995
[GPU6] epochs: [588/800] train_loss_con: 16.825 energy_loss: 81.844
[GPU6] epochs: [589/800] train_loss_con: 16.860 energy_loss: 81.935
[GPU6] epochs: [590/800] train_loss_con: 16.819 energy_loss: 81.809
[GPU6] epochs: [591/800] train_loss_con: 16.841 energy_loss: 81.872
[GPU6] epochs: [592/800] train_loss_con: 16.850 energy_loss: 81.695
[GPU6] epochs: [593/800] train_loss_con: 16.839 energy_loss: 81.714
[GPU6] epochs: [594/800] train_loss_con: 16.830 energy_loss: 81.694
[GPU6] epochs: [595/800] train_loss_con: 16.845 energy_loss: 81.753
[GPU6] epochs: [596/800] train_loss_con: 16.829 energy_loss: 81.760
[GPU6] epochs: [597/800] train_loss_con: 16.840 energy_loss: 81.644
[GPU6] epochs: [598/800] train_loss_con: 16.829 energy_loss: 81.670
[GPU6] epochs: [599/800] train_loss_con: 16.819 energy_loss: 81.562
[GPU6] epochs: [600/800] train_loss_con: 16.834 energy_loss: 81.424
[GPU6] epochs: [601/800] train_loss_con: 16.823 energy_loss: 81.469
[GPU6] epochs: [602/800] train_loss_con: 16.811 energy_loss: 81.621
[GPU6] epochs: [603/800] train_loss_con: 16.803 energy_loss: 81.335
[GPU6] epochs: [604/800] train_loss_con: 16.831 energy_loss: 81.198
[GPU6] epochs: [605/800] train_loss_con: 16.823 energy_loss: 81.253
[GPU6] epochs: [606/800] train_loss_con: 16.815 energy_loss: 81.206
[GPU6] epochs: [607/800] train_loss_con: 16.834 energy_loss: 81.336
[GPU6] epochs: [608/800] train_loss_con: 16.813 energy_loss: 81.138
[GPU6] epochs: [609/800] train_loss_con: 16.812 energy_loss: 81.214
[GPU6] epochs: [610/800] train_loss_con: 16.820 energy_loss: 81.106
[GPU6] epochs: [611/800] train_loss_con: 16.817 energy_loss: 81.169
[GPU6] epochs: [612/800] train_loss_con: 16.776 energy_loss: 80.960
[GPU6] epochs: [613/800] train_loss_con: 16.792 energy_loss: 80.883
[GPU6] epochs: [614/800] train_loss_con: 16.807 energy_loss: 80.884
[GPU6] epochs: [615/800] train_loss_con: 16.810 energy_loss: 80.999
[GPU6] epochs: [616/800] train_loss_con: 16.781 energy_loss: 80.963
[GPU6] epochs: [617/800] train_loss_con: 16.783 energy_loss: 81.060
[GPU6] epochs: [618/800] train_loss_con: 16.786 energy_loss: 81.076
[GPU6] epochs: [619/800] train_loss_con: 16.811 energy_loss: 80.927
[GPU6] epochs: [620/800] train_loss_con: 16.781 energy_loss: 80.751
[GPU6] epochs: [621/800] train_loss_con: 16.800 energy_loss: 80.825
[GPU6] epochs: [622/800] train_loss_con: 16.827 energy_loss: 80.784
[GPU6] epochs: [623/800] train_loss_con: 16.807 energy_loss: 80.788
[GPU6] epochs: [624/800] train_loss_con: 16.835 energy_loss: 80.727
[GPU6] epochs: [625/800] train_loss_con: 16.813 energy_loss: 80.712
[GPU6] epochs: [626/800] train_loss_con: 16.787 energy_loss: 80.780
[GPU6] epochs: [627/800] train_loss_con: 16.804 energy_loss: 80.856
[GPU6] epochs: [628/800] train_loss_con: 16.766 energy_loss: 80.781
[GPU6] epochs: [629/800] train_loss_con: 16.797 energy_loss: 80.700
[GPU6] epochs: [630/800] train_loss_con: 16.744 energy_loss: 80.606
[GPU6] epochs: [631/800] train_loss_con: 16.766 energy_loss: 80.706
[GPU6] epochs: [632/800] train_loss_con: 16.801 energy_loss: 80.722
[GPU6] epochs: [633/800] train_loss_con: 16.788 energy_loss: 80.672
[GPU6] epochs: [634/800] train_loss_con: 16.784 energy_loss: 80.672
[GPU6] epochs: [635/800] train_loss_con: 16.763 energy_loss: 80.553
[GPU6] epochs: [636/800] train_loss_con: 16.781 energy_loss: 80.595
[GPU6] epochs: [637/800] train_loss_con: 16.760 energy_loss: 80.575
[GPU6] epochs: [638/800] train_loss_con: 16.793 energy_loss: 80.596
[GPU6] epochs: [639/800] train_loss_con: 16.792 energy_loss: 80.545
[GPU6] epochs: [640/800] train_loss_con: 16.765 energy_loss: 80.404
[GPU6] epochs: [641/800] train_loss_con: 16.768 energy_loss: 80.540
[GPU6] epochs: [642/800] train_loss_con: 16.776 energy_loss: 80.565
[GPU6] epochs: [643/800] train_loss_con: 16.747 energy_loss: 80.460
[GPU6] epochs: [644/800] train_loss_con: 16.780 energy_loss: 80.278
[GPU6] epochs: [645/800] train_loss_con: 16.762 energy_loss: 80.418
[GPU6] epochs: [646/800] train_loss_con: 16.765 energy_loss: 80.191
[GPU6] epochs: [647/800] train_loss_con: 16.745 energy_loss: 80.175
[GPU6] epochs: [648/800] train_loss_con: 16.749 energy_loss: 80.255
[GPU6] epochs: [649/800] train_loss_con: 16.762 energy_loss: 80.081
[GPU6] epochs: [650/800] train_loss_con: 16.753 energy_loss: 80.134
[GPU6] epochs: [651/800] train_loss_con: 16.776 energy_loss: 80.275
[GPU6] epochs: [652/800] train_loss_con: 16.735 energy_loss: 80.049
[GPU6] epochs: [653/800] train_loss_con: 16.762 energy_loss: 79.819
[GPU6] epochs: [654/800] train_loss_con: 16.757 energy_loss: 80.031
[GPU6] epochs: [655/800] train_loss_con: 16.757 energy_loss: 80.143
[GPU6] epochs: [656/800] train_loss_con: 16.742 energy_loss: 80.142
[GPU6] epochs: [657/800] train_loss_con: 16.736 energy_loss: 80.131
[GPU6] epochs: [658/800] train_loss_con: 16.754 energy_loss: 80.086
[GPU6] epochs: [659/800] train_loss_con: 16.741 energy_loss: 80.033
[GPU6] epochs: [660/800] train_loss_con: 16.756 energy_loss: 80.142
[GPU6] epochs: [661/800] train_loss_con: 16.737 energy_loss: 80.224
[GPU6] epochs: [662/800] train_loss_con: 16.713 energy_loss: 80.089
[GPU6] epochs: [663/800] train_loss_con: 16.751 energy_loss: 79.927
[GPU6] epochs: [664/800] train_loss_con: 16.768 energy_loss: 80.048
[GPU6] epochs: [665/800] train_loss_con: 16.750 energy_loss: 79.982
[GPU6] epochs: [666/800] train_loss_con: 16.734 energy_loss: 79.930
[GPU6] epochs: [667/800] train_loss_con: 16.724 energy_loss: 80.002
[GPU6] epochs: [668/800] train_loss_con: 16.721 energy_loss: 79.716
[GPU6] epochs: [669/800] train_loss_con: 16.732 energy_loss: 79.923
[GPU6] epochs: [670/800] train_loss_con: 16.736 energy_loss: 79.711
[GPU6] epochs: [671/800] train_loss_con: 16.732 energy_loss: 79.751
[GPU6] epochs: [672/800] train_loss_con: 16.750 energy_loss: 79.725
[GPU6] epochs: [673/800] train_loss_con: 16.739 energy_loss: 79.722
[GPU6] epochs: [674/800] train_loss_con: 16.746 energy_loss: 79.829
[GPU6] epochs: [675/800] train_loss_con: 16.737 energy_loss: 79.799
[GPU6] epochs: [676/800] train_loss_con: 16.735 energy_loss: 79.771
[GPU6] epochs: [677/800] train_loss_con: 16.744 energy_loss: 79.713
[GPU6] epochs: [678/800] train_loss_con: 16.739 energy_loss: 79.650
[GPU6] epochs: [679/800] train_loss_con: 16.748 energy_loss: 79.717
[GPU6] epochs: [680/800] train_loss_con: 16.708 energy_loss: 79.693
[GPU6] epochs: [681/800] train_loss_con: 16.741 energy_loss: 79.637
[GPU6] epochs: [682/800] train_loss_con: 16.744 energy_loss: 79.703
[GPU6] epochs: [683/800] train_loss_con: 16.755 energy_loss: 79.799
[GPU6] epochs: [684/800] train_loss_con: 16.749 energy_loss: 79.666
[GPU6] epochs: [685/800] train_loss_con: 16.731 energy_loss: 79.614
[GPU6] epochs: [686/800] train_loss_con: 16.732 energy_loss: 79.797
[GPU6] epochs: [687/800] train_loss_con: 16.733 energy_loss: 79.672
[GPU6] epochs: [688/800] train_loss_con: 16.705 energy_loss: 79.755
[GPU6] epochs: [689/800] train_loss_con: 16.747 energy_loss: 79.803
[GPU6] epochs: [690/800] train_loss_con: 16.743 energy_loss: 79.749
[GPU6] epochs: [691/800] train_loss_con: 16.737 energy_loss: 79.745
[GPU6] epochs: [692/800] train_loss_con: 16.733 energy_loss: 79.855
[GPU6] epochs: [693/800] train_loss_con: 16.733 energy_loss: 79.778
[GPU6] epochs: [694/800] train_loss_con: 16.702 energy_loss: 79.889
[GPU6] epochs: [695/800] train_loss_con: 16.739 energy_loss: 79.877
[GPU6] epochs: [696/800] train_loss_con: 16.731 energy_loss: 79.793
[GPU6] epochs: [697/800] train_loss_con: 16.711 energy_loss: 79.780
[GPU6] epochs: [698/800] train_loss_con: 16.704 energy_loss: 79.773
[GPU6] epochs: [699/800] train_loss_con: 16.716 energy_loss: 79.679
[GPU6] epochs: [700/800] train_loss_con: 16.718 energy_loss: 79.724
[GPU6] epochs: [701/800] train_loss_con: 16.713 energy_loss: 79.672
[GPU6] epochs: [702/800] train_loss_con: 16.712 energy_loss: 79.690
[GPU6] epochs: [703/800] train_loss_con: 16.693 energy_loss: 79.622
[GPU6] epochs: [704/800] train_loss_con: 16.722 energy_loss: 79.708
[GPU6] epochs: [705/800] train_loss_con: 16.721 energy_loss: 79.679
[GPU6] epochs: [706/800] train_loss_con: 16.694 energy_loss: 79.648
[GPU6] epochs: [707/800] train_loss_con: 16.717 energy_loss: 79.786
[GPU6] epochs: [708/800] train_loss_con: 16.698 energy_loss: 79.741
[GPU6] epochs: [709/800] train_loss_con: 16.720 energy_loss: 79.672
[GPU6] epochs: [710/800] train_loss_con: 16.710 energy_loss: 79.709
[GPU6] epochs: [711/800] train_loss_con: 16.733 energy_loss: 79.518
[GPU6] epochs: [712/800] train_loss_con: 16.715 energy_loss: 79.662
[GPU6] epochs: [713/800] train_loss_con: 16.731 energy_loss: 79.585
[GPU6] epochs: [714/800] train_loss_con: 16.737 energy_loss: 79.645
[GPU6] epochs: [715/800] train_loss_con: 16.749 energy_loss: 79.583
[GPU6] epochs: [716/800] train_loss_con: 16.716 energy_loss: 79.551
[GPU6] epochs: [717/800] train_loss_con: 16.731 energy_loss: 79.607
[GPU6] epochs: [718/800] train_loss_con: 16.671 energy_loss: 79.506
[GPU6] epochs: [719/800] train_loss_con: 16.694 energy_loss: 79.549
[GPU6] epochs: [720/800] train_loss_con: 16.710 energy_loss: 79.450
[GPU6] epochs: [721/800] train_loss_con: 16.694 energy_loss: 79.467
[GPU6] epochs: [722/800] train_loss_con: 16.696 energy_loss: 79.437
[GPU6] epochs: [723/800] train_loss_con: 16.729 energy_loss: 79.474
[GPU6] epochs: [724/800] train_loss_con: 16.711 energy_loss: 79.367
[GPU6] epochs: [725/800] train_loss_con: 16.720 energy_loss: 79.520
[GPU6] epochs: [726/800] train_loss_con: 16.699 energy_loss: 79.463
[GPU6] epochs: [727/800] train_loss_con: 16.716 energy_loss: 79.477
[GPU6] epochs: [728/800] train_loss_con: 16.720 energy_loss: 79.489
[GPU6] epochs: [729/800] train_loss_con: 16.701 energy_loss: 79.413
[GPU6] epochs: [730/800] train_loss_con: 16.658 energy_loss: 79.451
[GPU6] epochs: [731/800] train_loss_con: 16.693 energy_loss: 79.394
[GPU6] epochs: [732/800] train_loss_con: 16.721 energy_loss: 79.550
[GPU6] epochs: [733/800] train_loss_con: 16.710 energy_loss: 79.529
[GPU6] epochs: [734/800] train_loss_con: 16.696 energy_loss: 79.511
[GPU6] epochs: [735/800] train_loss_con: 16.698 energy_loss: 79.412
[GPU6] epochs: [736/800] train_loss_con: 16.720 energy_loss: 79.600
[GPU6] epochs: [737/800] train_loss_con: 16.729 energy_loss: 79.521
[GPU6] epochs: [738/800] train_loss_con: 16.729 energy_loss: 79.508
[GPU6] epochs: [739/800] train_loss_con: 16.694 energy_loss: 79.608
[GPU6] epochs: [740/800] train_loss_con: 16.711 energy_loss: 79.594
[GPU6] epochs: [741/800] train_loss_con: 16.707 energy_loss: 79.560
[GPU6] epochs: [742/800] train_loss_con: 16.703 energy_loss: 79.721
[GPU6] epochs: [743/800] train_loss_con: 16.718 energy_loss: 79.644
[GPU6] epochs: [744/800] train_loss_con: 16.699 energy_loss: 79.695
[GPU6] epochs: [745/800] train_loss_con: 16.696 energy_loss: 79.573
[GPU6] epochs: [746/800] train_loss_con: 16.669 energy_loss: 79.691
[GPU6] epochs: [747/800] train_loss_con: 16.676 energy_loss: 79.640
[GPU6] epochs: [748/800] train_loss_con: 16.710 energy_loss: 79.635
[GPU6] epochs: [749/800] train_loss_con: 16.697 energy_loss: 79.727
[GPU6] epochs: [750/800] train_loss_con: 16.721 energy_loss: 79.755
[GPU6] epochs: [751/800] train_loss_con: 16.686 energy_loss: 79.714
[GPU6] epochs: [752/800] train_loss_con: 16.685 energy_loss: 79.647
[GPU6] epochs: [753/800] train_loss_con: 16.679 energy_loss: 79.653
[GPU6] epochs: [754/800] train_loss_con: 16.691 energy_loss: 79.676
[GPU6] epochs: [755/800] train_loss_con: 16.674 energy_loss: 79.678
[GPU6] epochs: [756/800] train_loss_con: 16.683 energy_loss: 79.727
[GPU6] epochs: [757/800] train_loss_con: 16.680 energy_loss: 79.675
[GPU6] epochs: [758/800] train_loss_con: 16.697 energy_loss: 79.640
[GPU6] epochs: [759/800] train_loss_con: 16.739 energy_loss: 79.745
[GPU6] epochs: [760/800] train_loss_con: 16.716 energy_loss: 79.850
[GPU6] epochs: [761/800] train_loss_con: 16.697 energy_loss: 79.763
[GPU6] epochs: [762/800] train_loss_con: 16.690 energy_loss: 79.858
[GPU6] epochs: [763/800] train_loss_con: 16.666 energy_loss: 79.930
[GPU6] epochs: [764/800] train_loss_con: 16.698 energy_loss: 79.857
[GPU6] epochs: [765/800] train_loss_con: 16.695 energy_loss: 79.828
[GPU6] epochs: [766/800] train_loss_con: 16.696 energy_loss: 79.965
[GPU6] epochs: [767/800] train_loss_con: 16.669 energy_loss: 79.903
[GPU6] epochs: [768/800] train_loss_con: 16.684 energy_loss: 79.842
[GPU6] epochs: [769/800] train_loss_con: 16.709 energy_loss: 79.919
[GPU6] epochs: [770/800] train_loss_con: 16.730 energy_loss: 80.043
[GPU6] epochs: [771/800] train_loss_con: 16.690 energy_loss: 80.042
[GPU6] epochs: [772/800] train_loss_con: 16.660 energy_loss: 80.036
[GPU6] epochs: [773/800] train_loss_con: 16.689 energy_loss: 79.994
[GPU6] epochs: [774/800] train_loss_con: 16.694 energy_loss: 80.082
[GPU6] epochs: [775/800] train_loss_con: 16.690 energy_loss: 79.883
[GPU6] epochs: [776/800] train_loss_con: 16.680 energy_loss: 80.020
[GPU6] epochs: [777/800] train_loss_con: 16.659 energy_loss: 80.077
[GPU6] epochs: [778/800] train_loss_con: 16.698 energy_loss: 80.154
[GPU6] epochs: [779/800] train_loss_con: 16.713 energy_loss: 80.171
[GPU6] epochs: [780/800] train_loss_con: 16.705 energy_loss: 80.242
[GPU6] epochs: [781/800] train_loss_con: 16.707 energy_loss: 80.143
[GPU6] epochs: [782/800] train_loss_con: 16.699 energy_loss: 80.200
[GPU6] epochs: [783/800] train_loss_con: 16.684 energy_loss: 80.170
[GPU6] epochs: [784/800] train_loss_con: 16.710 energy_loss: 80.080
[GPU6] epochs: [785/800] train_loss_con: 16.708 energy_loss: 80.075
[GPU6] epochs: [786/800] train_loss_con: 16.687 energy_loss: 80.199
[GPU6] epochs: [787/800] train_loss_con: 16.684 energy_loss: 80.280
[GPU6] epochs: [788/800] train_loss_con: 16.721 energy_loss: 80.309
[GPU6] epochs: [789/800] train_loss_con: 16.687 energy_loss: 80.245
[GPU6] epochs: [790/800] train_loss_con: 16.680 energy_loss: 80.244
[GPU6] epochs: [791/800] train_loss_con: 16.673 energy_loss: 80.437
[GPU6] epochs: [792/800] train_loss_con: 16.685 energy_loss: 80.300
[GPU6] epochs: [793/800] train_loss_con: 16.675 energy_loss: 80.302
[GPU6] epochs: [794/800] train_loss_con: 16.697 energy_loss: 80.354
[GPU6] epochs: [795/800] train_loss_con: 16.675 energy_loss: 80.277
[GPU6] epochs: [796/800] train_loss_con: 16.676 energy_loss: 80.278
[GPU6] epochs: [797/800] train_loss_con: 16.680 energy_loss: 80.354
[GPU6] epochs: [798/800] train_loss_con: 16.674 energy_loss: 80.378
[GPU6] epochs: [799/800] train_loss_con: 16.702 energy_loss: 80.481
[GPU6] epochs: [800/800] train_loss_con: 16.682 energy_loss: 80.446
### TSNE starts
### MLP training begins
[GPU6] Test Accuracy at epoch: 0: 0.814
[GPU6] epochs: [1/100] train_acc: 0.724 train_loss_sup: 0.854
[GPU6] epochs: [2/100] train_acc: 0.793 train_loss_sup: 0.618
[GPU6] epochs: [3/100] train_acc: 0.803 train_loss_sup: 0.583
[GPU6] epochs: [4/100] train_acc: 0.808 train_loss_sup: 0.566
[GPU6] epochs: [5/100] train_acc: 0.810 train_loss_sup: 0.556
[GPU6] epochs: [6/100] train_acc: 0.811 train_loss_sup: 0.552
[GPU6] epochs: [7/100] train_acc: 0.813 train_loss_sup: 0.544
[GPU6] epochs: [8/100] train_acc: 0.811 train_loss_sup: 0.545
[GPU6] epochs: [9/100] train_acc: 0.816 train_loss_sup: 0.541
[GPU6] epochs: [10/100] train_acc: 0.814 train_loss_sup: 0.541
[GPU6] Test Accuracy at epoch: 10: 0.845
[GPU6] epochs: [11/100] train_acc: 0.815 train_loss_sup: 0.538
[GPU6] epochs: [12/100] train_acc: 0.816 train_loss_sup: 0.532
[GPU6] epochs: [13/100] train_acc: 0.815 train_loss_sup: 0.535
[GPU6] epochs: [14/100] train_acc: 0.813 train_loss_sup: 0.537
[GPU6] epochs: [15/100] train_acc: 0.820 train_loss_sup: 0.527
[GPU6] epochs: [16/100] train_acc: 0.818 train_loss_sup: 0.531
[GPU6] epochs: [17/100] train_acc: 0.817 train_loss_sup: 0.531
[GPU6] epochs: [18/100] train_acc: 0.817 train_loss_sup: 0.530
[GPU6] epochs: [19/100] train_acc: 0.817 train_loss_sup: 0.528
[GPU6] epochs: [20/100] train_acc: 0.820 train_loss_sup: 0.522
[GPU6] Test Accuracy at epoch: 20: 0.844
[GPU6] epochs: [21/100] train_acc: 0.821 train_loss_sup: 0.519
[GPU6] epochs: [22/100] train_acc: 0.819 train_loss_sup: 0.524
[GPU6] epochs: [23/100] train_acc: 0.823 train_loss_sup: 0.518
[GPU6] epochs: [24/100] train_acc: 0.821 train_loss_sup: 0.518
[GPU6] epochs: [25/100] train_acc: 0.821 train_loss_sup: 0.517
[GPU6] epochs: [26/100] train_acc: 0.820 train_loss_sup: 0.518
[GPU6] epochs: [27/100] train_acc: 0.819 train_loss_sup: 0.522
[GPU6] epochs: [28/100] train_acc: 0.821 train_loss_sup: 0.522
[GPU6] epochs: [29/100] train_acc: 0.820 train_loss_sup: 0.514
[GPU6] epochs: [30/100] train_acc: 0.821 train_loss_sup: 0.516
[GPU6] Test Accuracy at epoch: 30: 0.847
[GPU6] epochs: [31/100] train_acc: 0.822 train_loss_sup: 0.517
[GPU6] epochs: [32/100] train_acc: 0.822 train_loss_sup: 0.517
[GPU6] epochs: [33/100] train_acc: 0.822 train_loss_sup: 0.518
[GPU6] epochs: [34/100] train_acc: 0.819 train_loss_sup: 0.522
[GPU6] epochs: [35/100] train_acc: 0.823 train_loss_sup: 0.512
[GPU6] epochs: [36/100] train_acc: 0.823 train_loss_sup: 0.515
[GPU6] epochs: [37/100] train_acc: 0.822 train_loss_sup: 0.513
[GPU6] epochs: [38/100] train_acc: 0.823 train_loss_sup: 0.512
[GPU6] epochs: [39/100] train_acc: 0.821 train_loss_sup: 0.517
[GPU6] epochs: [40/100] train_acc: 0.822 train_loss_sup: 0.513
[GPU6] Test Accuracy at epoch: 40: 0.848
[GPU6] epochs: [41/100] train_acc: 0.821 train_loss_sup: 0.515
[GPU6] epochs: [42/100] train_acc: 0.820 train_loss_sup: 0.519
[GPU6] epochs: [43/100] train_acc: 0.823 train_loss_sup: 0.508
[GPU6] epochs: [44/100] train_acc: 0.820 train_loss_sup: 0.518
[GPU6] epochs: [45/100] train_acc: 0.821 train_loss_sup: 0.516
[GPU6] epochs: [46/100] train_acc: 0.823 train_loss_sup: 0.512
[GPU6] epochs: [47/100] train_acc: 0.821 train_loss_sup: 0.516
[GPU6] epochs: [48/100] train_acc: 0.820 train_loss_sup: 0.516
[GPU6] epochs: [49/100] train_acc: 0.823 train_loss_sup: 0.512
[GPU6] epochs: [50/100] train_acc: 0.825 train_loss_sup: 0.508
[GPU6] Test Accuracy at epoch: 50: 0.848
[GPU6] epochs: [51/100] train_acc: 0.821 train_loss_sup: 0.510
[GPU6] epochs: [52/100] train_acc: 0.822 train_loss_sup: 0.512
[GPU6] epochs: [53/100] train_acc: 0.823 train_loss_sup: 0.512
[GPU6] epochs: [54/100] train_acc: 0.823 train_loss_sup: 0.511
[GPU6] epochs: [55/100] train_acc: 0.824 train_loss_sup: 0.508
[GPU6] epochs: [56/100] train_acc: 0.823 train_loss_sup: 0.510
[GPU6] epochs: [57/100] train_acc: 0.823 train_loss_sup: 0.514
[GPU6] epochs: [58/100] train_acc: 0.821 train_loss_sup: 0.516
[GPU6] epochs: [59/100] train_acc: 0.824 train_loss_sup: 0.506
[GPU6] epochs: [60/100] train_acc: 0.820 train_loss_sup: 0.517
[GPU6] Test Accuracy at epoch: 60: 0.851
[GPU6] epochs: [61/100] train_acc: 0.824 train_loss_sup: 0.508
[GPU6] epochs: [62/100] train_acc: 0.822 train_loss_sup: 0.514
[GPU6] epochs: [63/100] train_acc: 0.825 train_loss_sup: 0.511
[GPU6] epochs: [64/100] train_acc: 0.825 train_loss_sup: 0.508
[GPU6] epochs: [65/100] train_acc: 0.822 train_loss_sup: 0.517
[GPU6] epochs: [66/100] train_acc: 0.822 train_loss_sup: 0.514
[GPU6] epochs: [67/100] train_acc: 0.822 train_loss_sup: 0.511
[GPU6] epochs: [68/100] train_acc: 0.825 train_loss_sup: 0.501
[GPU6] epochs: [69/100] train_acc: 0.821 train_loss_sup: 0.512
[GPU6] epochs: [70/100] train_acc: 0.822 train_loss_sup: 0.513
[GPU6] Test Accuracy at epoch: 70: 0.851
[GPU6] epochs: [71/100] train_acc: 0.823 train_loss_sup: 0.505
[GPU6] epochs: [72/100] train_acc: 0.822 train_loss_sup: 0.512
[GPU6] epochs: [73/100] train_acc: 0.822 train_loss_sup: 0.512
[GPU6] epochs: [74/100] train_acc: 0.823 train_loss_sup: 0.508
[GPU6] epochs: [75/100] train_acc: 0.824 train_loss_sup: 0.508
[GPU6] epochs: [76/100] train_acc: 0.821 train_loss_sup: 0.515
[GPU6] epochs: [77/100] train_acc: 0.823 train_loss_sup: 0.510
[GPU6] epochs: [78/100] train_acc: 0.822 train_loss_sup: 0.512
[GPU6] epochs: [79/100] train_acc: 0.823 train_loss_sup: 0.513
[GPU6] epochs: [80/100] train_acc: 0.826 train_loss_sup: 0.501
[GPU6] Test Accuracy at epoch: 80: 0.845
[GPU6] epochs: [81/100] train_acc: 0.823 train_loss_sup: 0.508
[GPU6] epochs: [82/100] train_acc: 0.822 train_loss_sup: 0.511
[GPU6] epochs: [83/100] train_acc: 0.821 train_loss_sup: 0.515
[GPU6] epochs: [84/100] train_acc: 0.824 train_loss_sup: 0.508
[GPU6] epochs: [85/100] train_acc: 0.822 train_loss_sup: 0.512
[GPU6] epochs: [86/100] train_acc: 0.820 train_loss_sup: 0.516
[GPU6] epochs: [87/100] train_acc: 0.824 train_loss_sup: 0.508
[GPU6] epochs: [88/100] train_acc: 0.823 train_loss_sup: 0.512
[GPU6] epochs: [89/100] train_acc: 0.826 train_loss_sup: 0.503
[GPU6] epochs: [90/100] train_acc: 0.823 train_loss_sup: 0.513
[GPU6] Test Accuracy at epoch: 90: 0.848
[GPU6] epochs: [91/100] train_acc: 0.824 train_loss_sup: 0.511
[GPU6] epochs: [92/100] train_acc: 0.824 train_loss_sup: 0.511
[GPU6] epochs: [93/100] train_acc: 0.822 train_loss_sup: 0.512
[GPU6] epochs: [94/100] train_acc: 0.822 train_loss_sup: 0.511
[GPU6] epochs: [95/100] train_acc: 0.822 train_loss_sup: 0.510
[GPU6] epochs: [96/100] train_acc: 0.824 train_loss_sup: 0.508
[GPU6] epochs: [97/100] train_acc: 0.823 train_loss_sup: 0.510
[GPU6] epochs: [98/100] train_acc: 0.824 train_loss_sup: 0.508
[GPU6] epochs: [99/100] train_acc: 0.824 train_loss_sup: 0.508
[GPU6] epochs: [100/100] train_acc: 0.825 train_loss_sup: 0.505
[GPU6] Final Test Accuracy: 0.851
Model weights saved
<All keys matched successfully>
OpenBLAS warning: precompiled NUM_THREADS exceeded, adding auxiliary array for thread metadata.
To avoid this warning, please rebuild your copy of OpenBLAS with a larger NUM_THREADS setting
or set the environment variable OPENBLAS_NUM_THREADS to 64 or lower
knn evalution
KNN with K=200
logistic regression evalution
knn_acc: 0.795, log_reg_acc: 0.839
BLAS : Bad memory unallocation! :  640  0x7f5974000000
BLAS : Bad memory unallocation! :  640  0x7f5956000000
BLAS : Bad memory unallocation! :  640  0x7f595a000000
BLAS : Bad memory unallocation! :  640  0x7f591c000000
BLAS : Bad memory unallocation! :  640  0x7f591e000000
BLAS : Bad memory unallocation! :  640  0x7f5914000000
BLAS : Bad memory unallocation! :  640  0x7f58de000000
BLAS : Bad memory unallocation! :  640  0x7f585e000000
