Namespace(dataset='cifar100', saved_path='saved_models/bt.en.timg.r18.pth', gpu=1, model='resnet18', verbose=False, epochs=100, eval_every=10, knn=True, lreg=True, linprobe=True, tsne=False, umap=False, cmet=True)
<All keys matched successfully>
Starting Hyperparameter Sweep on 1...
===> using linear mlp
Scheduler: None
MLP: MLP(
  (mlp): Linear(in_features=512, out_features=100, bias=True)
)
[GPU1] Test Accuracy at epoch: 0: 0.362
[GPU1] epochs: [1/100] train_acc: 0.289 train_loss_sup: 2.982
[GPU1] epochs: [2/100] train_acc: 0.390 train_loss_sup: 2.455
[GPU1] epochs: [3/100] train_acc: 0.410 train_loss_sup: 2.350
[GPU1] epochs: [4/100] train_acc: 0.420 train_loss_sup: 2.299
[GPU1] epochs: [5/100] train_acc: 0.429 train_loss_sup: 2.274
[GPU1] epochs: [6/100] train_acc: 0.435 train_loss_sup: 2.241
[GPU1] epochs: [7/100] train_acc: 0.437 train_loss_sup: 2.236
[GPU1] epochs: [8/100] train_acc: 0.436 train_loss_sup: 2.231
[GPU1] epochs: [9/100] train_acc: 0.445 train_loss_sup: 2.203
[GPU1] epochs: [10/100] train_acc: 0.447 train_loss_sup: 2.186
[GPU1] Test Accuracy at epoch: 10: 0.426
[GPU1] epochs: [11/100] train_acc: 0.445 train_loss_sup: 2.188
[GPU1] epochs: [12/100] train_acc: 0.451 train_loss_sup: 2.177
[GPU1] epochs: [13/100] train_acc: 0.453 train_loss_sup: 2.163
[GPU1] epochs: [14/100] train_acc: 0.458 train_loss_sup: 2.150
[GPU1] epochs: [15/100] train_acc: 0.453 train_loss_sup: 2.161
[GPU1] epochs: [16/100] train_acc: 0.457 train_loss_sup: 2.151
[GPU1] epochs: [17/100] train_acc: 0.457 train_loss_sup: 2.151
[GPU1] epochs: [18/100] train_acc: 0.462 train_loss_sup: 2.141
[GPU1] epochs: [19/100] train_acc: 0.461 train_loss_sup: 2.130
[GPU1] epochs: [20/100] train_acc: 0.457 train_loss_sup: 2.148
[GPU1] Test Accuracy at epoch: 20: 0.434
[GPU1] epochs: [21/100] train_acc: 0.462 train_loss_sup: 2.140
[GPU1] epochs: [22/100] train_acc: 0.461 train_loss_sup: 2.145
[GPU1] epochs: [23/100] train_acc: 0.458 train_loss_sup: 2.141
[GPU1] epochs: [24/100] train_acc: 0.461 train_loss_sup: 2.134
[GPU1] epochs: [25/100] train_acc: 0.463 train_loss_sup: 2.136
[GPU1] epochs: [26/100] train_acc: 0.463 train_loss_sup: 2.123
[GPU1] epochs: [27/100] train_acc: 0.464 train_loss_sup: 2.133
[GPU1] epochs: [28/100] train_acc: 0.464 train_loss_sup: 2.137
[GPU1] epochs: [29/100] train_acc: 0.464 train_loss_sup: 2.128
[GPU1] epochs: [30/100] train_acc: 0.466 train_loss_sup: 2.123
[GPU1] Test Accuracy at epoch: 30: 0.427
[GPU1] epochs: [31/100] train_acc: 0.466 train_loss_sup: 2.123
[GPU1] epochs: [32/100] train_acc: 0.463 train_loss_sup: 2.134
[GPU1] epochs: [33/100] train_acc: 0.468 train_loss_sup: 2.113
[GPU1] epochs: [34/100] train_acc: 0.467 train_loss_sup: 2.123
[GPU1] epochs: [35/100] train_acc: 0.466 train_loss_sup: 2.121
[GPU1] epochs: [36/100] train_acc: 0.466 train_loss_sup: 2.117
[GPU1] epochs: [37/100] train_acc: 0.469 train_loss_sup: 2.118
[GPU1] epochs: [38/100] train_acc: 0.465 train_loss_sup: 2.123
[GPU1] epochs: [39/100] train_acc: 0.465 train_loss_sup: 2.116
[GPU1] epochs: [40/100] train_acc: 0.467 train_loss_sup: 2.116
[GPU1] Test Accuracy at epoch: 40: 0.432
[GPU1] epochs: [41/100] train_acc: 0.468 train_loss_sup: 2.112
[GPU1] epochs: [42/100] train_acc: 0.467 train_loss_sup: 2.121
[GPU1] epochs: [43/100] train_acc: 0.466 train_loss_sup: 2.131
[GPU1] epochs: [44/100] train_acc: 0.468 train_loss_sup: 2.106
[GPU1] epochs: [45/100] train_acc: 0.467 train_loss_sup: 2.116
[GPU1] epochs: [46/100] train_acc: 0.465 train_loss_sup: 2.122
[GPU1] epochs: [47/100] train_acc: 0.467 train_loss_sup: 2.118
[GPU1] epochs: [48/100] train_acc: 0.468 train_loss_sup: 2.118
[GPU1] epochs: [49/100] train_acc: 0.469 train_loss_sup: 2.109
[GPU1] epochs: [50/100] train_acc: 0.472 train_loss_sup: 2.096
[GPU1] Test Accuracy at epoch: 50: 0.435
[GPU1] epochs: [51/100] train_acc: 0.465 train_loss_sup: 2.119
[GPU1] epochs: [52/100] train_acc: 0.466 train_loss_sup: 2.119
[GPU1] epochs: [53/100] train_acc: 0.469 train_loss_sup: 2.112
[GPU1] epochs: [54/100] train_acc: 0.467 train_loss_sup: 2.119
[GPU1] epochs: [55/100] train_acc: 0.467 train_loss_sup: 2.111
[GPU1] epochs: [56/100] train_acc: 0.471 train_loss_sup: 2.110
[GPU1] epochs: [57/100] train_acc: 0.471 train_loss_sup: 2.104
[GPU1] epochs: [58/100] train_acc: 0.471 train_loss_sup: 2.105
[GPU1] epochs: [59/100] train_acc: 0.471 train_loss_sup: 2.111
[GPU1] epochs: [60/100] train_acc: 0.471 train_loss_sup: 2.102
[GPU1] Test Accuracy at epoch: 60: 0.432
[GPU1] epochs: [61/100] train_acc: 0.469 train_loss_sup: 2.108
[GPU1] epochs: [62/100] train_acc: 0.467 train_loss_sup: 2.118
[GPU1] epochs: [63/100] train_acc: 0.468 train_loss_sup: 2.108
[GPU1] epochs: [64/100] train_acc: 0.472 train_loss_sup: 2.102
[GPU1] epochs: [65/100] train_acc: 0.469 train_loss_sup: 2.110
[GPU1] epochs: [66/100] train_acc: 0.471 train_loss_sup: 2.102
[GPU1] epochs: [67/100] train_acc: 0.471 train_loss_sup: 2.100
[GPU1] epochs: [68/100] train_acc: 0.468 train_loss_sup: 2.110
[GPU1] epochs: [69/100] train_acc: 0.467 train_loss_sup: 2.109
[GPU1] epochs: [70/100] train_acc: 0.467 train_loss_sup: 2.126
[GPU1] Test Accuracy at epoch: 70: 0.428
[GPU1] epochs: [71/100] train_acc: 0.471 train_loss_sup: 2.104
[GPU1] epochs: [72/100] train_acc: 0.473 train_loss_sup: 2.100
[GPU1] epochs: [73/100] train_acc: 0.475 train_loss_sup: 2.104
[GPU1] epochs: [74/100] train_acc: 0.472 train_loss_sup: 2.113
[GPU1] epochs: [75/100] train_acc: 0.472 train_loss_sup: 2.093
[GPU1] epochs: [76/100] train_acc: 0.474 train_loss_sup: 2.099
[GPU1] epochs: [77/100] train_acc: 0.471 train_loss_sup: 2.095
[GPU1] epochs: [78/100] train_acc: 0.468 train_loss_sup: 2.092
[GPU1] epochs: [79/100] train_acc: 0.476 train_loss_sup: 2.102
[GPU1] epochs: [80/100] train_acc: 0.473 train_loss_sup: 2.099
[GPU1] Test Accuracy at epoch: 80: 0.431
[GPU1] epochs: [81/100] train_acc: 0.468 train_loss_sup: 2.112
[GPU1] epochs: [82/100] train_acc: 0.472 train_loss_sup: 2.106
[GPU1] epochs: [83/100] train_acc: 0.467 train_loss_sup: 2.114
[GPU1] epochs: [84/100] train_acc: 0.471 train_loss_sup: 2.104
[GPU1] epochs: [85/100] train_acc: 0.470 train_loss_sup: 2.101
[GPU1] epochs: [86/100] train_acc: 0.471 train_loss_sup: 2.109
[GPU1] epochs: [87/100] train_acc: 0.472 train_loss_sup: 2.104
[GPU1] epochs: [88/100] train_acc: 0.473 train_loss_sup: 2.087
[GPU1] epochs: [89/100] train_acc: 0.473 train_loss_sup: 2.099
[GPU1] epochs: [90/100] train_acc: 0.474 train_loss_sup: 2.101
[GPU1] Test Accuracy at epoch: 90: 0.433
[GPU1] epochs: [91/100] train_acc: 0.472 train_loss_sup: 2.111
[GPU1] epochs: [92/100] train_acc: 0.473 train_loss_sup: 2.106
[GPU1] epochs: [93/100] train_acc: 0.468 train_loss_sup: 2.113
[GPU1] epochs: [94/100] train_acc: 0.473 train_loss_sup: 2.089
[GPU1] epochs: [95/100] train_acc: 0.475 train_loss_sup: 2.090
[GPU1] epochs: [96/100] train_acc: 0.470 train_loss_sup: 2.113
[GPU1] epochs: [97/100] train_acc: 0.472 train_loss_sup: 2.107
[GPU1] epochs: [98/100] train_acc: 0.474 train_loss_sup: 2.100
[GPU1] epochs: [99/100] train_acc: 0.473 train_loss_sup: 2.101
[GPU1] epochs: [100/100] train_acc: 0.476 train_loss_sup: 2.095
[GPU1] Final Test Accuracy: 0.427
LR: 0.100 | WD: 0.000001 | Cosine: False | test Acc: 0.435%
===> using linear mlp
Scheduler: None
MLP: MLP(
  (mlp): Linear(in_features=512, out_features=100, bias=True)
)
[GPU1] Test Accuracy at epoch: 0: 0.368
[GPU1] epochs: [1/100] train_acc: 0.289 train_loss_sup: 2.979
[GPU1] epochs: [2/100] train_acc: 0.386 train_loss_sup: 2.449
[GPU1] epochs: [3/100] train_acc: 0.406 train_loss_sup: 2.376
[GPU1] epochs: [4/100] train_acc: 0.420 train_loss_sup: 2.322
[GPU1] epochs: [5/100] train_acc: 0.427 train_loss_sup: 2.271
[GPU1] epochs: [6/100] train_acc: 0.433 train_loss_sup: 2.245
[GPU1] epochs: [7/100] train_acc: 0.437 train_loss_sup: 2.234
[GPU1] epochs: [8/100] train_acc: 0.440 train_loss_sup: 2.216
[GPU1] epochs: [9/100] train_acc: 0.443 train_loss_sup: 2.210
[GPU1] epochs: [10/100] train_acc: 0.447 train_loss_sup: 2.205
[GPU1] Test Accuracy at epoch: 10: 0.42
[GPU1] epochs: [11/100] train_acc: 0.448 train_loss_sup: 2.193
[GPU1] epochs: [12/100] train_acc: 0.449 train_loss_sup: 2.185
[GPU1] epochs: [13/100] train_acc: 0.452 train_loss_sup: 2.178
[GPU1] epochs: [14/100] train_acc: 0.454 train_loss_sup: 2.176
[GPU1] epochs: [15/100] train_acc: 0.451 train_loss_sup: 2.173
[GPU1] epochs: [16/100] train_acc: 0.453 train_loss_sup: 2.160
[GPU1] epochs: [17/100] train_acc: 0.452 train_loss_sup: 2.158
[GPU1] epochs: [18/100] train_acc: 0.454 train_loss_sup: 2.167
[GPU1] epochs: [19/100] train_acc: 0.455 train_loss_sup: 2.160
[GPU1] epochs: [20/100] train_acc: 0.458 train_loss_sup: 2.149
[GPU1] Test Accuracy at epoch: 20: 0.433
[GPU1] epochs: [21/100] train_acc: 0.455 train_loss_sup: 2.154
[GPU1] epochs: [22/100] train_acc: 0.461 train_loss_sup: 2.145
[GPU1] epochs: [23/100] train_acc: 0.458 train_loss_sup: 2.148
[GPU1] epochs: [24/100] train_acc: 0.456 train_loss_sup: 2.158
[GPU1] epochs: [25/100] train_acc: 0.457 train_loss_sup: 2.150
[GPU1] epochs: [26/100] train_acc: 0.459 train_loss_sup: 2.140
[GPU1] epochs: [27/100] train_acc: 0.462 train_loss_sup: 2.138
[GPU1] epochs: [28/100] train_acc: 0.458 train_loss_sup: 2.141
[GPU1] epochs: [29/100] train_acc: 0.464 train_loss_sup: 2.125
[GPU1] epochs: [30/100] train_acc: 0.463 train_loss_sup: 2.127
[GPU1] Test Accuracy at epoch: 30: 0.424
[GPU1] epochs: [31/100] train_acc: 0.462 train_loss_sup: 2.130
[GPU1] epochs: [32/100] train_acc: 0.459 train_loss_sup: 2.140
[GPU1] epochs: [33/100] train_acc: 0.458 train_loss_sup: 2.139
[GPU1] epochs: [34/100] train_acc: 0.465 train_loss_sup: 2.119
[GPU1] epochs: [35/100] train_acc: 0.464 train_loss_sup: 2.117
[GPU1] epochs: [36/100] train_acc: 0.462 train_loss_sup: 2.127
[GPU1] epochs: [37/100] train_acc: 0.466 train_loss_sup: 2.121
[GPU1] epochs: [38/100] train_acc: 0.465 train_loss_sup: 2.122
[GPU1] epochs: [39/100] train_acc: 0.463 train_loss_sup: 2.121
[GPU1] epochs: [40/100] train_acc: 0.463 train_loss_sup: 2.119
[GPU1] Test Accuracy at epoch: 40: 0.426
[GPU1] epochs: [41/100] train_acc: 0.463 train_loss_sup: 2.129
[GPU1] epochs: [42/100] train_acc: 0.463 train_loss_sup: 2.126
[GPU1] epochs: [43/100] train_acc: 0.465 train_loss_sup: 2.108
[GPU1] epochs: [44/100] train_acc: 0.466 train_loss_sup: 2.121
[GPU1] epochs: [45/100] train_acc: 0.465 train_loss_sup: 2.124
[GPU1] epochs: [46/100] train_acc: 0.467 train_loss_sup: 2.131
[GPU1] epochs: [47/100] train_acc: 0.462 train_loss_sup: 2.121
[GPU1] epochs: [48/100] train_acc: 0.464 train_loss_sup: 2.122
[GPU1] epochs: [49/100] train_acc: 0.467 train_loss_sup: 2.120
[GPU1] epochs: [50/100] train_acc: 0.465 train_loss_sup: 2.117
[GPU1] Test Accuracy at epoch: 50: 0.442
[GPU1] epochs: [51/100] train_acc: 0.465 train_loss_sup: 2.121
[GPU1] epochs: [52/100] train_acc: 0.466 train_loss_sup: 2.113
[GPU1] epochs: [53/100] train_acc: 0.466 train_loss_sup: 2.117
[GPU1] epochs: [54/100] train_acc: 0.462 train_loss_sup: 2.128
[GPU1] epochs: [55/100] train_acc: 0.465 train_loss_sup: 2.129
[GPU1] epochs: [56/100] train_acc: 0.465 train_loss_sup: 2.120
[GPU1] epochs: [57/100] train_acc: 0.464 train_loss_sup: 2.117
[GPU1] epochs: [58/100] train_acc: 0.467 train_loss_sup: 2.112
[GPU1] epochs: [59/100] train_acc: 0.466 train_loss_sup: 2.111
[GPU1] epochs: [60/100] train_acc: 0.468 train_loss_sup: 2.108
[GPU1] Test Accuracy at epoch: 60: 0.431
[GPU1] epochs: [61/100] train_acc: 0.467 train_loss_sup: 2.108
[GPU1] epochs: [62/100] train_acc: 0.465 train_loss_sup: 2.117
[GPU1] epochs: [63/100] train_acc: 0.465 train_loss_sup: 2.117
[GPU1] epochs: [64/100] train_acc: 0.469 train_loss_sup: 2.110
[GPU1] epochs: [65/100] train_acc: 0.465 train_loss_sup: 2.119
[GPU1] epochs: [66/100] train_acc: 0.464 train_loss_sup: 2.118
[GPU1] epochs: [67/100] train_acc: 0.466 train_loss_sup: 2.111
[GPU1] epochs: [68/100] train_acc: 0.461 train_loss_sup: 2.142
[GPU1] epochs: [69/100] train_acc: 0.465 train_loss_sup: 2.117
[GPU1] epochs: [70/100] train_acc: 0.465 train_loss_sup: 2.118
[GPU1] Test Accuracy at epoch: 70: 0.444
[GPU1] epochs: [71/100] train_acc: 0.465 train_loss_sup: 2.123
[GPU1] epochs: [72/100] train_acc: 0.466 train_loss_sup: 2.119
[GPU1] epochs: [73/100] train_acc: 0.467 train_loss_sup: 2.114
[GPU1] epochs: [74/100] train_acc: 0.467 train_loss_sup: 2.109
[GPU1] epochs: [75/100] train_acc: 0.469 train_loss_sup: 2.107
[GPU1] epochs: [76/100] train_acc: 0.468 train_loss_sup: 2.106
[GPU1] epochs: [77/100] train_acc: 0.466 train_loss_sup: 2.115
[GPU1] epochs: [78/100] train_acc: 0.466 train_loss_sup: 2.114
[GPU1] epochs: [79/100] train_acc: 0.467 train_loss_sup: 2.106
[GPU1] epochs: [80/100] train_acc: 0.469 train_loss_sup: 2.109
[GPU1] Test Accuracy at epoch: 80: 0.442
[GPU1] epochs: [81/100] train_acc: 0.468 train_loss_sup: 2.121
[GPU1] epochs: [82/100] train_acc: 0.467 train_loss_sup: 2.121
[GPU1] epochs: [83/100] train_acc: 0.464 train_loss_sup: 2.122
[GPU1] epochs: [84/100] train_acc: 0.467 train_loss_sup: 2.113
[GPU1] epochs: [85/100] train_acc: 0.465 train_loss_sup: 2.115
[GPU1] epochs: [86/100] train_acc: 0.468 train_loss_sup: 2.122
[GPU1] epochs: [87/100] train_acc: 0.472 train_loss_sup: 2.092
[GPU1] epochs: [88/100] train_acc: 0.464 train_loss_sup: 2.115
[GPU1] epochs: [89/100] train_acc: 0.466 train_loss_sup: 2.113
[GPU1] epochs: [90/100] train_acc: 0.463 train_loss_sup: 2.119
[GPU1] Test Accuracy at epoch: 90: 0.439
[GPU1] epochs: [91/100] train_acc: 0.463 train_loss_sup: 2.126
[GPU1] epochs: [92/100] train_acc: 0.466 train_loss_sup: 2.130
[GPU1] epochs: [93/100] train_acc: 0.469 train_loss_sup: 2.108
[GPU1] epochs: [94/100] train_acc: 0.468 train_loss_sup: 2.116
[GPU1] epochs: [95/100] train_acc: 0.462 train_loss_sup: 2.123
[GPU1] epochs: [96/100] train_acc: 0.465 train_loss_sup: 2.116
[GPU1] epochs: [97/100] train_acc: 0.469 train_loss_sup: 2.107
[GPU1] epochs: [98/100] train_acc: 0.468 train_loss_sup: 2.110
[GPU1] epochs: [99/100] train_acc: 0.468 train_loss_sup: 2.107
[GPU1] epochs: [100/100] train_acc: 0.467 train_loss_sup: 2.121
[GPU1] Final Test Accuracy: 0.442
LR: 0.100 | WD: 0.000100 | Cosine: False | test Acc: 0.444%
===> using linear mlp
Scheduler: None
MLP: MLP(
  (mlp): Linear(in_features=512, out_features=100, bias=True)
)
[GPU1] Test Accuracy at epoch: 0: 0.367
[GPU1] epochs: [1/100] train_acc: 0.290 train_loss_sup: 2.977
[GPU1] epochs: [2/100] train_acc: 0.386 train_loss_sup: 2.461
[GPU1] epochs: [3/100] train_acc: 0.407 train_loss_sup: 2.359
[GPU1] epochs: [4/100] train_acc: 0.420 train_loss_sup: 2.309
[GPU1] epochs: [5/100] train_acc: 0.428 train_loss_sup: 2.272
[GPU1] epochs: [6/100] train_acc: 0.432 train_loss_sup: 2.257
[GPU1] epochs: [7/100] train_acc: 0.438 train_loss_sup: 2.232
[GPU1] epochs: [8/100] train_acc: 0.440 train_loss_sup: 2.220
[GPU1] epochs: [9/100] train_acc: 0.446 train_loss_sup: 2.195
[GPU1] epochs: [10/100] train_acc: 0.447 train_loss_sup: 2.189
[GPU1] Test Accuracy at epoch: 10: 0.427
[GPU1] epochs: [11/100] train_acc: 0.447 train_loss_sup: 2.184
[GPU1] epochs: [12/100] train_acc: 0.450 train_loss_sup: 2.180
[GPU1] epochs: [13/100] train_acc: 0.457 train_loss_sup: 2.162
[GPU1] epochs: [14/100] train_acc: 0.453 train_loss_sup: 2.165
[GPU1] epochs: [15/100] train_acc: 0.453 train_loss_sup: 2.166
[GPU1] epochs: [16/100] train_acc: 0.456 train_loss_sup: 2.151
[GPU1] epochs: [17/100] train_acc: 0.457 train_loss_sup: 2.150
[GPU1] epochs: [18/100] train_acc: 0.456 train_loss_sup: 2.156
[GPU1] epochs: [19/100] train_acc: 0.456 train_loss_sup: 2.150
[GPU1] epochs: [20/100] train_acc: 0.458 train_loss_sup: 2.152
[GPU1] Test Accuracy at epoch: 20: 0.436
[GPU1] epochs: [21/100] train_acc: 0.459 train_loss_sup: 2.144
[GPU1] epochs: [22/100] train_acc: 0.462 train_loss_sup: 2.138
[GPU1] epochs: [23/100] train_acc: 0.460 train_loss_sup: 2.142
[GPU1] epochs: [24/100] train_acc: 0.461 train_loss_sup: 2.136
[GPU1] epochs: [25/100] train_acc: 0.461 train_loss_sup: 2.142
[GPU1] epochs: [26/100] train_acc: 0.463 train_loss_sup: 2.141
[GPU1] epochs: [27/100] train_acc: 0.462 train_loss_sup: 2.124
[GPU1] epochs: [28/100] train_acc: 0.460 train_loss_sup: 2.136
[GPU1] epochs: [29/100] train_acc: 0.465 train_loss_sup: 2.125
[GPU1] epochs: [30/100] train_acc: 0.463 train_loss_sup: 2.125
[GPU1] Test Accuracy at epoch: 30: 0.433
[GPU1] epochs: [31/100] train_acc: 0.463 train_loss_sup: 2.133
[GPU1] epochs: [32/100] train_acc: 0.465 train_loss_sup: 2.125
[GPU1] epochs: [33/100] train_acc: 0.468 train_loss_sup: 2.115
[GPU1] epochs: [34/100] train_acc: 0.465 train_loss_sup: 2.122
[GPU1] epochs: [35/100] train_acc: 0.466 train_loss_sup: 2.127
[GPU1] epochs: [36/100] train_acc: 0.467 train_loss_sup: 2.117
[GPU1] epochs: [37/100] train_acc: 0.468 train_loss_sup: 2.111
[GPU1] epochs: [38/100] train_acc: 0.465 train_loss_sup: 2.126
[GPU1] epochs: [39/100] train_acc: 0.468 train_loss_sup: 2.121
[GPU1] epochs: [40/100] train_acc: 0.469 train_loss_sup: 2.109
[GPU1] Test Accuracy at epoch: 40: 0.428
[GPU1] epochs: [41/100] train_acc: 0.469 train_loss_sup: 2.108
[GPU1] epochs: [42/100] train_acc: 0.468 train_loss_sup: 2.102
[GPU1] epochs: [43/100] train_acc: 0.467 train_loss_sup: 2.116
[GPU1] epochs: [44/100] train_acc: 0.470 train_loss_sup: 2.111
[GPU1] epochs: [45/100] train_acc: 0.470 train_loss_sup: 2.112
[GPU1] epochs: [46/100] train_acc: 0.467 train_loss_sup: 2.127
[GPU1] epochs: [47/100] train_acc: 0.469 train_loss_sup: 2.111
[GPU1] epochs: [48/100] train_acc: 0.467 train_loss_sup: 2.114
[GPU1] epochs: [49/100] train_acc: 0.469 train_loss_sup: 2.115
[GPU1] epochs: [50/100] train_acc: 0.470 train_loss_sup: 2.117
[GPU1] Test Accuracy at epoch: 50: 0.43
[GPU1] epochs: [51/100] train_acc: 0.471 train_loss_sup: 2.105
[GPU1] epochs: [52/100] train_acc: 0.469 train_loss_sup: 2.102
[GPU1] epochs: [53/100] train_acc: 0.470 train_loss_sup: 2.111
[GPU1] epochs: [54/100] train_acc: 0.470 train_loss_sup: 2.109
[GPU1] epochs: [55/100] train_acc: 0.468 train_loss_sup: 2.116
[GPU1] epochs: [56/100] train_acc: 0.466 train_loss_sup: 2.124
[GPU1] epochs: [57/100] train_acc: 0.467 train_loss_sup: 2.111
[GPU1] epochs: [58/100] train_acc: 0.468 train_loss_sup: 2.108
[GPU1] epochs: [59/100] train_acc: 0.470 train_loss_sup: 2.107
[GPU1] epochs: [60/100] train_acc: 0.471 train_loss_sup: 2.097
[GPU1] Test Accuracy at epoch: 60: 0.442
[GPU1] epochs: [61/100] train_acc: 0.471 train_loss_sup: 2.102
[GPU1] epochs: [62/100] train_acc: 0.469 train_loss_sup: 2.104
[GPU1] epochs: [63/100] train_acc: 0.472 train_loss_sup: 2.098
[GPU1] epochs: [64/100] train_acc: 0.470 train_loss_sup: 2.116
[GPU1] epochs: [65/100] train_acc: 0.470 train_loss_sup: 2.107
[GPU1] epochs: [66/100] train_acc: 0.471 train_loss_sup: 2.096
[GPU1] epochs: [67/100] train_acc: 0.471 train_loss_sup: 2.119
[GPU1] epochs: [68/100] train_acc: 0.469 train_loss_sup: 2.094
[GPU1] epochs: [69/100] train_acc: 0.473 train_loss_sup: 2.099
[GPU1] epochs: [70/100] train_acc: 0.472 train_loss_sup: 2.104
[GPU1] Test Accuracy at epoch: 70: 0.435
[GPU1] epochs: [71/100] train_acc: 0.468 train_loss_sup: 2.112
[GPU1] epochs: [72/100] train_acc: 0.473 train_loss_sup: 2.104
[GPU1] epochs: [73/100] train_acc: 0.468 train_loss_sup: 2.105
[GPU1] epochs: [74/100] train_acc: 0.474 train_loss_sup: 2.100
[GPU1] epochs: [75/100] train_acc: 0.467 train_loss_sup: 2.115
[GPU1] epochs: [76/100] train_acc: 0.471 train_loss_sup: 2.103
[GPU1] epochs: [77/100] train_acc: 0.474 train_loss_sup: 2.085
[GPU1] epochs: [78/100] train_acc: 0.471 train_loss_sup: 2.107
[GPU1] epochs: [79/100] train_acc: 0.470 train_loss_sup: 2.117
[GPU1] epochs: [80/100] train_acc: 0.473 train_loss_sup: 2.089
[GPU1] Test Accuracy at epoch: 80: 0.43
[GPU1] epochs: [81/100] train_acc: 0.473 train_loss_sup: 2.103
[GPU1] epochs: [82/100] train_acc: 0.471 train_loss_sup: 2.103
[GPU1] epochs: [83/100] train_acc: 0.472 train_loss_sup: 2.106
[GPU1] epochs: [84/100] train_acc: 0.474 train_loss_sup: 2.093
[GPU1] epochs: [85/100] train_acc: 0.469 train_loss_sup: 2.108
[GPU1] epochs: [86/100] train_acc: 0.475 train_loss_sup: 2.088
[GPU1] epochs: [87/100] train_acc: 0.472 train_loss_sup: 2.096
[GPU1] epochs: [88/100] train_acc: 0.472 train_loss_sup: 2.094
[GPU1] epochs: [89/100] train_acc: 0.474 train_loss_sup: 2.100
[GPU1] epochs: [90/100] train_acc: 0.473 train_loss_sup: 2.115
[GPU1] Test Accuracy at epoch: 90: 0.429
[GPU1] epochs: [91/100] train_acc: 0.470 train_loss_sup: 2.111
[GPU1] epochs: [92/100] train_acc: 0.471 train_loss_sup: 2.109
[GPU1] epochs: [93/100] train_acc: 0.472 train_loss_sup: 2.097
[GPU1] epochs: [94/100] train_acc: 0.468 train_loss_sup: 2.114
[GPU1] epochs: [95/100] train_acc: 0.472 train_loss_sup: 2.092
[GPU1] epochs: [96/100] train_acc: 0.474 train_loss_sup: 2.101
[GPU1] epochs: [97/100] train_acc: 0.470 train_loss_sup: 2.103
[GPU1] epochs: [98/100] train_acc: 0.472 train_loss_sup: 2.102
[GPU1] epochs: [99/100] train_acc: 0.471 train_loss_sup: 2.110
[GPU1] epochs: [100/100] train_acc: 0.473 train_loss_sup: 2.097
[GPU1] Final Test Accuracy: 0.434
LR: 0.100 | WD: 0.000000 | Cosine: False | test Acc: 0.442%
===> using linear mlp
Scheduler: None
MLP: MLP(
  (mlp): Linear(in_features=512, out_features=100, bias=True)
)
[GPU1] Test Accuracy at epoch: 0: 0.284
[GPU1] epochs: [1/100] train_acc: 0.224 train_loss_sup: 13.896
[GPU1] epochs: [2/100] train_acc: 0.299 train_loss_sup: 8.220
[GPU1] epochs: [3/100] train_acc: 0.309 train_loss_sup: 7.750
[GPU1] epochs: [4/100] train_acc: 0.317 train_loss_sup: 6.864
[GPU1] epochs: [5/100] train_acc: 0.323 train_loss_sup: 7.497
[GPU1] epochs: [6/100] train_acc: 0.325 train_loss_sup: 7.231
[GPU1] epochs: [7/100] train_acc: 0.330 train_loss_sup: 6.822
[GPU1] epochs: [8/100] train_acc: 0.330 train_loss_sup: 6.868
[GPU1] epochs: [9/100] train_acc: 0.334 train_loss_sup: 6.943
[GPU1] epochs: [10/100] train_acc: 0.338 train_loss_sup: 6.535
[GPU1] Test Accuracy at epoch: 10: 0.337
[GPU1] epochs: [11/100] train_acc: 0.338 train_loss_sup: 6.496
[GPU1] epochs: [12/100] train_acc: 0.337 train_loss_sup: 6.571
[GPU1] epochs: [13/100] train_acc: 0.340 train_loss_sup: 7.047
[GPU1] epochs: [14/100] train_acc: 0.334 train_loss_sup: 6.361
[GPU1] epochs: [15/100] train_acc: 0.341 train_loss_sup: 6.522
[GPU1] epochs: [16/100] train_acc: 0.336 train_loss_sup: 6.716
[GPU1] epochs: [17/100] train_acc: 0.342 train_loss_sup: 6.832
[GPU1] epochs: [18/100] train_acc: 0.343 train_loss_sup: 6.251
[GPU1] epochs: [19/100] train_acc: 0.339 train_loss_sup: 6.910
[GPU1] epochs: [20/100] train_acc: 0.342 train_loss_sup: 6.876
[GPU1] Test Accuracy at epoch: 20: 0.346
[GPU1] epochs: [21/100] train_acc: 0.342 train_loss_sup: 6.754
[GPU1] epochs: [22/100] train_acc: 0.339 train_loss_sup: 6.976
[GPU1] epochs: [23/100] train_acc: 0.340 train_loss_sup: 6.742
[GPU1] epochs: [24/100] train_acc: 0.341 train_loss_sup: 7.234
[GPU1] epochs: [25/100] train_acc: 0.350 train_loss_sup: 6.700
[GPU1] epochs: [26/100] train_acc: 0.338 train_loss_sup: 6.536
[GPU1] epochs: [27/100] train_acc: 0.345 train_loss_sup: 6.666
[GPU1] epochs: [28/100] train_acc: 0.346 train_loss_sup: 6.521
[GPU1] epochs: [29/100] train_acc: 0.342 train_loss_sup: 6.673
[GPU1] epochs: [30/100] train_acc: 0.345 train_loss_sup: 6.657
[GPU1] Test Accuracy at epoch: 30: 0.341
[GPU1] epochs: [31/100] train_acc: 0.344 train_loss_sup: 6.547
[GPU1] epochs: [32/100] train_acc: 0.348 train_loss_sup: 6.160
[GPU1] epochs: [33/100] train_acc: 0.344 train_loss_sup: 6.378
[GPU1] epochs: [34/100] train_acc: 0.341 train_loss_sup: 6.855
[GPU1] epochs: [35/100] train_acc: 0.344 train_loss_sup: 6.841
[GPU1] epochs: [36/100] train_acc: 0.343 train_loss_sup: 6.913
[GPU1] epochs: [37/100] train_acc: 0.345 train_loss_sup: 6.583
[GPU1] epochs: [38/100] train_acc: 0.348 train_loss_sup: 6.687
[GPU1] epochs: [39/100] train_acc: 0.343 train_loss_sup: 6.784
[GPU1] epochs: [40/100] train_acc: 0.344 train_loss_sup: 6.684
[GPU1] Test Accuracy at epoch: 40: 0.328
[GPU1] epochs: [41/100] train_acc: 0.347 train_loss_sup: 6.498
[GPU1] epochs: [42/100] train_acc: 0.344 train_loss_sup: 6.751
[GPU1] epochs: [43/100] train_acc: 0.347 train_loss_sup: 6.386
[GPU1] epochs: [44/100] train_acc: 0.351 train_loss_sup: 6.273
[GPU1] epochs: [45/100] train_acc: 0.343 train_loss_sup: 7.110
[GPU1] epochs: [46/100] train_acc: 0.340 train_loss_sup: 6.984
[GPU1] epochs: [47/100] train_acc: 0.344 train_loss_sup: 6.743
[GPU1] epochs: [48/100] train_acc: 0.348 train_loss_sup: 6.424
[GPU1] epochs: [49/100] train_acc: 0.342 train_loss_sup: 7.040
[GPU1] epochs: [50/100] train_acc: 0.342 train_loss_sup: 6.790
[GPU1] Test Accuracy at epoch: 50: 0.336
[GPU1] epochs: [51/100] train_acc: 0.346 train_loss_sup: 6.548
[GPU1] epochs: [52/100] train_acc: 0.344 train_loss_sup: 6.508
[GPU1] epochs: [53/100] train_acc: 0.344 train_loss_sup: 6.895
[GPU1] epochs: [54/100] train_acc: 0.345 train_loss_sup: 6.413
[GPU1] epochs: [55/100] train_acc: 0.342 train_loss_sup: 6.815
[GPU1] epochs: [56/100] train_acc: 0.352 train_loss_sup: 6.049
[GPU1] epochs: [57/100] train_acc: 0.347 train_loss_sup: 6.422
[GPU1] epochs: [58/100] train_acc: 0.346 train_loss_sup: 6.972
[GPU1] epochs: [59/100] train_acc: 0.342 train_loss_sup: 7.184
[GPU1] epochs: [60/100] train_acc: 0.341 train_loss_sup: 7.401
[GPU1] Test Accuracy at epoch: 60: 0.306
[GPU1] epochs: [61/100] train_acc: 0.349 train_loss_sup: 6.202
[GPU1] epochs: [62/100] train_acc: 0.346 train_loss_sup: 7.010
[GPU1] epochs: [63/100] train_acc: 0.351 train_loss_sup: 6.623
[GPU1] epochs: [64/100] train_acc: 0.348 train_loss_sup: 7.022
[GPU1] epochs: [65/100] train_acc: 0.342 train_loss_sup: 6.870
[GPU1] epochs: [66/100] train_acc: 0.348 train_loss_sup: 6.629
[GPU1] epochs: [67/100] train_acc: 0.350 train_loss_sup: 6.202
[GPU1] epochs: [68/100] train_acc: 0.346 train_loss_sup: 6.291
[GPU1] epochs: [69/100] train_acc: 0.346 train_loss_sup: 6.591
[GPU1] epochs: [70/100] train_acc: 0.343 train_loss_sup: 6.446
[GPU1] Test Accuracy at epoch: 70: 0.347
[GPU1] epochs: [71/100] train_acc: 0.346 train_loss_sup: 7.179
[GPU1] epochs: [72/100] train_acc: 0.346 train_loss_sup: 7.049
[GPU1] epochs: [73/100] train_acc: 0.344 train_loss_sup: 6.571
[GPU1] epochs: [74/100] train_acc: 0.341 train_loss_sup: 6.691
[GPU1] epochs: [75/100] train_acc: 0.352 train_loss_sup: 6.317
[GPU1] epochs: [76/100] train_acc: 0.342 train_loss_sup: 6.510
[GPU1] epochs: [77/100] train_acc: 0.346 train_loss_sup: 6.371
[GPU1] epochs: [78/100] train_acc: 0.346 train_loss_sup: 6.838
[GPU1] epochs: [79/100] train_acc: 0.345 train_loss_sup: 6.622
[GPU1] epochs: [80/100] train_acc: 0.345 train_loss_sup: 6.822
[GPU1] Test Accuracy at epoch: 80: 0.334
[GPU1] epochs: [81/100] train_acc: 0.349 train_loss_sup: 6.957
[GPU1] epochs: [82/100] train_acc: 0.347 train_loss_sup: 6.619
[GPU1] epochs: [83/100] train_acc: 0.341 train_loss_sup: 6.858
[GPU1] epochs: [84/100] train_acc: 0.340 train_loss_sup: 6.769
[GPU1] epochs: [85/100] train_acc: 0.347 train_loss_sup: 6.483
[GPU1] epochs: [86/100] train_acc: 0.339 train_loss_sup: 7.208
[GPU1] epochs: [87/100] train_acc: 0.352 train_loss_sup: 6.557
[GPU1] epochs: [88/100] train_acc: 0.339 train_loss_sup: 7.071
[GPU1] epochs: [89/100] train_acc: 0.345 train_loss_sup: 6.784
[GPU1] epochs: [90/100] train_acc: 0.347 train_loss_sup: 6.254
[GPU1] Test Accuracy at epoch: 90: 0.342
[GPU1] epochs: [91/100] train_acc: 0.346 train_loss_sup: 6.613
[GPU1] epochs: [92/100] train_acc: 0.345 train_loss_sup: 7.309
[GPU1] epochs: [93/100] train_acc: 0.343 train_loss_sup: 7.185
[GPU1] epochs: [94/100] train_acc: 0.347 train_loss_sup: 6.478
[GPU1] epochs: [95/100] train_acc: 0.345 train_loss_sup: 6.324
[GPU1] epochs: [96/100] train_acc: 0.343 train_loss_sup: 6.815
[GPU1] epochs: [97/100] train_acc: 0.349 train_loss_sup: 6.549
[GPU1] epochs: [98/100] train_acc: 0.349 train_loss_sup: 6.314
[GPU1] epochs: [99/100] train_acc: 0.348 train_loss_sup: 6.301
[GPU1] epochs: [100/100] train_acc: 0.347 train_loss_sup: 6.477
[GPU1] Final Test Accuracy: 0.336
LR: 1.000 | WD: 0.000001 | Cosine: False | test Acc: 0.347%
===> using linear mlp
Scheduler: None
MLP: MLP(
  (mlp): Linear(in_features=512, out_features=100, bias=True)
)
[GPU1] Test Accuracy at epoch: 0: 0.285
[GPU1] epochs: [1/100] train_acc: 0.221 train_loss_sup: 14.512
[GPU1] epochs: [2/100] train_acc: 0.289 train_loss_sup: 8.309
[GPU1] epochs: [3/100] train_acc: 0.297 train_loss_sup: 8.371
[GPU1] epochs: [4/100] train_acc: 0.307 train_loss_sup: 7.903
[GPU1] epochs: [5/100] train_acc: 0.308 train_loss_sup: 7.807
[GPU1] epochs: [6/100] train_acc: 0.306 train_loss_sup: 8.263
[GPU1] epochs: [7/100] train_acc: 0.313 train_loss_sup: 7.538
[GPU1] epochs: [8/100] train_acc: 0.315 train_loss_sup: 7.278
[GPU1] epochs: [9/100] train_acc: 0.313 train_loss_sup: 7.301
[GPU1] epochs: [10/100] train_acc: 0.316 train_loss_sup: 6.819
[GPU1] Test Accuracy at epoch: 10: 0.303
[GPU1] epochs: [11/100] train_acc: 0.321 train_loss_sup: 6.579
[GPU1] epochs: [12/100] train_acc: 0.312 train_loss_sup: 8.160
[GPU1] epochs: [13/100] train_acc: 0.317 train_loss_sup: 7.408
[GPU1] epochs: [14/100] train_acc: 0.314 train_loss_sup: 7.474
[GPU1] epochs: [15/100] train_acc: 0.315 train_loss_sup: 7.241
[GPU1] epochs: [16/100] train_acc: 0.313 train_loss_sup: 8.607
[GPU1] epochs: [17/100] train_acc: 0.309 train_loss_sup: 8.003
[GPU1] epochs: [18/100] train_acc: 0.319 train_loss_sup: 7.035
[GPU1] epochs: [19/100] train_acc: 0.314 train_loss_sup: 8.891
[GPU1] epochs: [20/100] train_acc: 0.317 train_loss_sup: 7.209
[GPU1] Test Accuracy at epoch: 20: 0.334
[GPU1] epochs: [21/100] train_acc: 0.322 train_loss_sup: 6.953
[GPU1] epochs: [22/100] train_acc: 0.321 train_loss_sup: 7.807
[GPU1] epochs: [23/100] train_acc: 0.310 train_loss_sup: 7.465
[GPU1] epochs: [24/100] train_acc: 0.319 train_loss_sup: 7.392
[GPU1] epochs: [25/100] train_acc: 0.325 train_loss_sup: 6.608
[GPU1] epochs: [26/100] train_acc: 0.318 train_loss_sup: 7.145
[GPU1] epochs: [27/100] train_acc: 0.313 train_loss_sup: 7.640
[GPU1] epochs: [28/100] train_acc: 0.318 train_loss_sup: 7.312
[GPU1] epochs: [29/100] train_acc: 0.312 train_loss_sup: 7.536
[GPU1] epochs: [30/100] train_acc: 0.316 train_loss_sup: 7.794
[GPU1] Test Accuracy at epoch: 30: 0.343
[GPU1] epochs: [31/100] train_acc: 0.317 train_loss_sup: 7.258
[GPU1] epochs: [32/100] train_acc: 0.319 train_loss_sup: 7.154
[GPU1] epochs: [33/100] train_acc: 0.318 train_loss_sup: 6.837
[GPU1] epochs: [34/100] train_acc: 0.317 train_loss_sup: 8.702
[GPU1] epochs: [35/100] train_acc: 0.315 train_loss_sup: 7.172
[GPU1] epochs: [36/100] train_acc: 0.315 train_loss_sup: 7.320
[GPU1] epochs: [37/100] train_acc: 0.316 train_loss_sup: 6.800
[GPU1] epochs: [38/100] train_acc: 0.311 train_loss_sup: 7.369
[GPU1] epochs: [39/100] train_acc: 0.316 train_loss_sup: 8.214
[GPU1] epochs: [40/100] train_acc: 0.315 train_loss_sup: 7.707
[GPU1] Test Accuracy at epoch: 40: 0.331
[GPU1] epochs: [41/100] train_acc: 0.320 train_loss_sup: 6.810
[GPU1] epochs: [42/100] train_acc: 0.317 train_loss_sup: 7.049
[GPU1] epochs: [43/100] train_acc: 0.309 train_loss_sup: 9.000
[GPU1] epochs: [44/100] train_acc: 0.318 train_loss_sup: 7.546
[GPU1] epochs: [45/100] train_acc: 0.320 train_loss_sup: 6.897
[GPU1] epochs: [46/100] train_acc: 0.323 train_loss_sup: 6.958
[GPU1] epochs: [47/100] train_acc: 0.314 train_loss_sup: 7.665
[GPU1] epochs: [48/100] train_acc: 0.317 train_loss_sup: 7.431
[GPU1] epochs: [49/100] train_acc: 0.311 train_loss_sup: 7.622
[GPU1] epochs: [50/100] train_acc: 0.321 train_loss_sup: 6.623
[GPU1] Test Accuracy at epoch: 50: 0.301
[GPU1] epochs: [51/100] train_acc: 0.316 train_loss_sup: 7.370
[GPU1] epochs: [52/100] train_acc: 0.318 train_loss_sup: 6.862
[GPU1] epochs: [53/100] train_acc: 0.314 train_loss_sup: 7.118
[GPU1] epochs: [54/100] train_acc: 0.312 train_loss_sup: 8.332
[GPU1] epochs: [55/100] train_acc: 0.314 train_loss_sup: 8.174
[GPU1] epochs: [56/100] train_acc: 0.314 train_loss_sup: 7.869
[GPU1] epochs: [57/100] train_acc: 0.320 train_loss_sup: 6.917
[GPU1] epochs: [58/100] train_acc: 0.316 train_loss_sup: 7.328
[GPU1] epochs: [59/100] train_acc: 0.312 train_loss_sup: 8.051
[GPU1] epochs: [60/100] train_acc: 0.313 train_loss_sup: 7.534
[GPU1] Test Accuracy at epoch: 60: 0.326
[GPU1] epochs: [61/100] train_acc: 0.315 train_loss_sup: 8.308
[GPU1] epochs: [62/100] train_acc: 0.322 train_loss_sup: 7.030
[GPU1] epochs: [63/100] train_acc: 0.318 train_loss_sup: 7.684
[GPU1] epochs: [64/100] train_acc: 0.316 train_loss_sup: 7.665
[GPU1] epochs: [65/100] train_acc: 0.315 train_loss_sup: 8.446
[GPU1] epochs: [66/100] train_acc: 0.318 train_loss_sup: 7.165
[GPU1] epochs: [67/100] train_acc: 0.315 train_loss_sup: 7.791
[GPU1] epochs: [68/100] train_acc: 0.318 train_loss_sup: 7.092
[GPU1] epochs: [69/100] train_acc: 0.319 train_loss_sup: 7.440
[GPU1] epochs: [70/100] train_acc: 0.320 train_loss_sup: 7.373
[GPU1] Test Accuracy at epoch: 70: 0.327
[GPU1] epochs: [71/100] train_acc: 0.313 train_loss_sup: 8.067
[GPU1] epochs: [72/100] train_acc: 0.318 train_loss_sup: 7.279
[GPU1] epochs: [73/100] train_acc: 0.316 train_loss_sup: 7.084
[GPU1] epochs: [74/100] train_acc: 0.315 train_loss_sup: 7.660
[GPU1] epochs: [75/100] train_acc: 0.318 train_loss_sup: 7.548
[GPU1] epochs: [76/100] train_acc: 0.315 train_loss_sup: 7.478
[GPU1] epochs: [77/100] train_acc: 0.318 train_loss_sup: 7.540
[GPU1] epochs: [78/100] train_acc: 0.317 train_loss_sup: 7.211
[GPU1] epochs: [79/100] train_acc: 0.315 train_loss_sup: 7.264
[GPU1] epochs: [80/100] train_acc: 0.321 train_loss_sup: 7.126
[GPU1] Test Accuracy at epoch: 80: 0.314
[GPU1] epochs: [81/100] train_acc: 0.318 train_loss_sup: 7.095
[GPU1] epochs: [82/100] train_acc: 0.319 train_loss_sup: 6.822
[GPU1] epochs: [83/100] train_acc: 0.314 train_loss_sup: 6.887
[GPU1] epochs: [84/100] train_acc: 0.318 train_loss_sup: 7.442
[GPU1] epochs: [85/100] train_acc: 0.316 train_loss_sup: 7.246
[GPU1] epochs: [86/100] train_acc: 0.311 train_loss_sup: 7.359
[GPU1] epochs: [87/100] train_acc: 0.317 train_loss_sup: 7.028
[GPU1] epochs: [88/100] train_acc: 0.317 train_loss_sup: 6.833
[GPU1] epochs: [89/100] train_acc: 0.314 train_loss_sup: 8.328
[GPU1] epochs: [90/100] train_acc: 0.315 train_loss_sup: 7.146
[GPU1] Test Accuracy at epoch: 90: 0.342
[GPU1] epochs: [91/100] train_acc: 0.314 train_loss_sup: 7.766
[GPU1] epochs: [92/100] train_acc: 0.320 train_loss_sup: 6.656
[GPU1] epochs: [93/100] train_acc: 0.319 train_loss_sup: 6.809
[GPU1] epochs: [94/100] train_acc: 0.313 train_loss_sup: 7.915
[GPU1] epochs: [95/100] train_acc: 0.309 train_loss_sup: 7.867
[GPU1] epochs: [96/100] train_acc: 0.318 train_loss_sup: 7.196
[GPU1] epochs: [97/100] train_acc: 0.316 train_loss_sup: 7.408
[GPU1] epochs: [98/100] train_acc: 0.313 train_loss_sup: 7.512
[GPU1] epochs: [99/100] train_acc: 0.312 train_loss_sup: 7.731
[GPU1] epochs: [100/100] train_acc: 0.320 train_loss_sup: 7.231
[GPU1] Final Test Accuracy: 0.323
LR: 1.000 | WD: 0.000100 | Cosine: False | test Acc: 0.343%
===> using linear mlp
Scheduler: None
MLP: MLP(
  (mlp): Linear(in_features=512, out_features=100, bias=True)
)
[GPU1] Test Accuracy at epoch: 0: 0.3
[GPU1] epochs: [1/100] train_acc: 0.226 train_loss_sup: 12.984
[GPU1] epochs: [2/100] train_acc: 0.299 train_loss_sup: 8.111
[GPU1] epochs: [3/100] train_acc: 0.309 train_loss_sup: 7.853
[GPU1] epochs: [4/100] train_acc: 0.320 train_loss_sup: 6.861
[GPU1] epochs: [5/100] train_acc: 0.322 train_loss_sup: 7.358
[GPU1] epochs: [6/100] train_acc: 0.325 train_loss_sup: 6.759
[GPU1] epochs: [7/100] train_acc: 0.329 train_loss_sup: 7.137
[GPU1] epochs: [8/100] train_acc: 0.328 train_loss_sup: 7.461
[GPU1] epochs: [9/100] train_acc: 0.331 train_loss_sup: 7.375
[GPU1] epochs: [10/100] train_acc: 0.330 train_loss_sup: 7.033
[GPU1] Test Accuracy at epoch: 10: 0.32
[GPU1] epochs: [11/100] train_acc: 0.341 train_loss_sup: 6.254
[GPU1] epochs: [12/100] train_acc: 0.338 train_loss_sup: 6.707
[GPU1] epochs: [13/100] train_acc: 0.334 train_loss_sup: 7.021
[GPU1] epochs: [14/100] train_acc: 0.338 train_loss_sup: 6.805
[GPU1] epochs: [15/100] train_acc: 0.338 train_loss_sup: 6.794
[GPU1] epochs: [16/100] train_acc: 0.335 train_loss_sup: 7.164
[GPU1] epochs: [17/100] train_acc: 0.338 train_loss_sup: 7.144
[GPU1] epochs: [18/100] train_acc: 0.342 train_loss_sup: 7.078
[GPU1] epochs: [19/100] train_acc: 0.347 train_loss_sup: 6.501
[GPU1] epochs: [20/100] train_acc: 0.343 train_loss_sup: 6.718
[GPU1] Test Accuracy at epoch: 20: 0.34
[GPU1] epochs: [21/100] train_acc: 0.345 train_loss_sup: 6.639
[GPU1] epochs: [22/100] train_acc: 0.341 train_loss_sup: 6.601
[GPU1] epochs: [23/100] train_acc: 0.341 train_loss_sup: 6.788
[GPU1] epochs: [24/100] train_acc: 0.345 train_loss_sup: 6.746
[GPU1] epochs: [25/100] train_acc: 0.345 train_loss_sup: 6.665
[GPU1] epochs: [26/100] train_acc: 0.337 train_loss_sup: 7.021
[GPU1] epochs: [27/100] train_acc: 0.340 train_loss_sup: 6.893
[GPU1] epochs: [28/100] train_acc: 0.349 train_loss_sup: 6.409
[GPU1] epochs: [29/100] train_acc: 0.348 train_loss_sup: 6.375
[GPU1] epochs: [30/100] train_acc: 0.344 train_loss_sup: 6.493
[GPU1] Test Accuracy at epoch: 30: 0.337
[GPU1] epochs: [31/100] train_acc: 0.339 train_loss_sup: 6.303
[GPU1] epochs: [32/100] train_acc: 0.341 train_loss_sup: 6.513
[GPU1] epochs: [33/100] train_acc: 0.345 train_loss_sup: 6.257
[GPU1] epochs: [34/100] train_acc: 0.341 train_loss_sup: 7.231
[GPU1] epochs: [35/100] train_acc: 0.342 train_loss_sup: 6.679
[GPU1] epochs: [36/100] train_acc: 0.345 train_loss_sup: 6.697
[GPU1] epochs: [37/100] train_acc: 0.343 train_loss_sup: 6.618
[GPU1] epochs: [38/100] train_acc: 0.346 train_loss_sup: 6.619
[GPU1] epochs: [39/100] train_acc: 0.352 train_loss_sup: 6.052
[GPU1] epochs: [40/100] train_acc: 0.339 train_loss_sup: 7.276
[GPU1] Test Accuracy at epoch: 40: 0.333
[GPU1] epochs: [41/100] train_acc: 0.348 train_loss_sup: 6.823
[GPU1] epochs: [42/100] train_acc: 0.342 train_loss_sup: 6.375
[GPU1] epochs: [43/100] train_acc: 0.348 train_loss_sup: 6.333
[GPU1] epochs: [44/100] train_acc: 0.346 train_loss_sup: 6.460
[GPU1] epochs: [45/100] train_acc: 0.338 train_loss_sup: 6.795
[GPU1] epochs: [46/100] train_acc: 0.347 train_loss_sup: 6.444
[GPU1] epochs: [47/100] train_acc: 0.346 train_loss_sup: 6.465
[GPU1] epochs: [48/100] train_acc: 0.344 train_loss_sup: 6.813
[GPU1] epochs: [49/100] train_acc: 0.350 train_loss_sup: 6.706
[GPU1] epochs: [50/100] train_acc: 0.343 train_loss_sup: 7.008
[GPU1] Test Accuracy at epoch: 50: 0.327
[GPU1] epochs: [51/100] train_acc: 0.340 train_loss_sup: 7.365
[GPU1] epochs: [52/100] train_acc: 0.345 train_loss_sup: 6.567
[GPU1] epochs: [53/100] train_acc: 0.344 train_loss_sup: 7.070
[GPU1] epochs: [54/100] train_acc: 0.347 train_loss_sup: 6.413
[GPU1] epochs: [55/100] train_acc: 0.342 train_loss_sup: 6.380
[GPU1] epochs: [56/100] train_acc: 0.344 train_loss_sup: 6.673
[GPU1] epochs: [57/100] train_acc: 0.352 train_loss_sup: 6.458
[GPU1] epochs: [58/100] train_acc: 0.349 train_loss_sup: 6.397
[GPU1] epochs: [59/100] train_acc: 0.351 train_loss_sup: 6.484
[GPU1] epochs: [60/100] train_acc: 0.349 train_loss_sup: 6.147
[GPU1] Test Accuracy at epoch: 60: 0.351
[GPU1] epochs: [61/100] train_acc: 0.342 train_loss_sup: 6.808
[GPU1] epochs: [62/100] train_acc: 0.349 train_loss_sup: 6.683
[GPU1] epochs: [63/100] train_acc: 0.338 train_loss_sup: 7.117
[GPU1] epochs: [64/100] train_acc: 0.345 train_loss_sup: 6.880
[GPU1] epochs: [65/100] train_acc: 0.348 train_loss_sup: 6.324
[GPU1] epochs: [66/100] train_acc: 0.345 train_loss_sup: 6.406
[GPU1] epochs: [67/100] train_acc: 0.344 train_loss_sup: 7.108
[GPU1] epochs: [68/100] train_acc: 0.352 train_loss_sup: 6.231
[GPU1] epochs: [69/100] train_acc: 0.343 train_loss_sup: 6.734
[GPU1] epochs: [70/100] train_acc: 0.341 train_loss_sup: 6.815
[GPU1] Test Accuracy at epoch: 70: 0.37
[GPU1] epochs: [71/100] train_acc: 0.344 train_loss_sup: 6.488
[GPU1] epochs: [72/100] train_acc: 0.345 train_loss_sup: 6.905
[GPU1] epochs: [73/100] train_acc: 0.341 train_loss_sup: 7.021
[GPU1] epochs: [74/100] train_acc: 0.350 train_loss_sup: 6.686
[GPU1] epochs: [75/100] train_acc: 0.348 train_loss_sup: 6.777
[GPU1] epochs: [76/100] train_acc: 0.347 train_loss_sup: 6.612
[GPU1] epochs: [77/100] train_acc: 0.347 train_loss_sup: 6.239
[GPU1] epochs: [78/100] train_acc: 0.346 train_loss_sup: 6.329
[GPU1] epochs: [79/100] train_acc: 0.355 train_loss_sup: 5.949
[GPU1] epochs: [80/100] train_acc: 0.345 train_loss_sup: 6.778
[GPU1] Test Accuracy at epoch: 80: 0.361
[GPU1] epochs: [81/100] train_acc: 0.340 train_loss_sup: 7.408
[GPU1] epochs: [82/100] train_acc: 0.346 train_loss_sup: 6.412
[GPU1] epochs: [83/100] train_acc: 0.346 train_loss_sup: 6.374
[GPU1] epochs: [84/100] train_acc: 0.345 train_loss_sup: 6.728
[GPU1] epochs: [85/100] train_acc: 0.340 train_loss_sup: 6.879
[GPU1] epochs: [86/100] train_acc: 0.342 train_loss_sup: 7.224
[GPU1] epochs: [87/100] train_acc: 0.349 train_loss_sup: 6.567
[GPU1] epochs: [88/100] train_acc: 0.345 train_loss_sup: 6.659
[GPU1] epochs: [89/100] train_acc: 0.344 train_loss_sup: 6.967
[GPU1] epochs: [90/100] train_acc: 0.350 train_loss_sup: 6.293
[GPU1] Test Accuracy at epoch: 90: 0.341
[GPU1] epochs: [91/100] train_acc: 0.344 train_loss_sup: 6.675
[GPU1] epochs: [92/100] train_acc: 0.350 train_loss_sup: 6.613
[GPU1] epochs: [93/100] train_acc: 0.340 train_loss_sup: 7.321
[GPU1] epochs: [94/100] train_acc: 0.350 train_loss_sup: 6.466
[GPU1] epochs: [95/100] train_acc: 0.345 train_loss_sup: 6.295
[GPU1] epochs: [96/100] train_acc: 0.347 train_loss_sup: 6.748
[GPU1] epochs: [97/100] train_acc: 0.349 train_loss_sup: 6.354
[GPU1] epochs: [98/100] train_acc: 0.351 train_loss_sup: 6.787
[GPU1] epochs: [99/100] train_acc: 0.349 train_loss_sup: 6.604
[GPU1] epochs: [100/100] train_acc: 0.344 train_loss_sup: 6.594
[GPU1] Final Test Accuracy: 0.33
LR: 1.000 | WD: 0.000000 | Cosine: False | test Acc: 0.370%
===> using linear mlp
Scheduler: <torch.optim.lr_scheduler.CosineAnnealingLR object at 0x73d4ae2092a0>
MLP: MLP(
  (mlp): Linear(in_features=512, out_features=100, bias=True)
)
[GPU1] Test Accuracy at epoch: 0: 0.356
[GPU1] epochs: [1/100] train_acc: 0.293 train_loss_sup: 2.972
[GPU1] epochs: [2/100] train_acc: 0.389 train_loss_sup: 2.445
[GPU1] epochs: [3/100] train_acc: 0.409 train_loss_sup: 2.359
[GPU1] epochs: [4/100] train_acc: 0.420 train_loss_sup: 2.310
[GPU1] epochs: [5/100] train_acc: 0.427 train_loss_sup: 2.283
[GPU1] epochs: [6/100] train_acc: 0.431 train_loss_sup: 2.252
[GPU1] epochs: [7/100] train_acc: 0.438 train_loss_sup: 2.223
[GPU1] epochs: [8/100] train_acc: 0.440 train_loss_sup: 2.218
[GPU1] epochs: [9/100] train_acc: 0.444 train_loss_sup: 2.214
[GPU1] epochs: [10/100] train_acc: 0.447 train_loss_sup: 2.191
[GPU1] Test Accuracy at epoch: 10: 0.425
[GPU1] epochs: [11/100] train_acc: 0.446 train_loss_sup: 2.188
[GPU1] epochs: [12/100] train_acc: 0.451 train_loss_sup: 2.176
[GPU1] epochs: [13/100] train_acc: 0.450 train_loss_sup: 2.179
[GPU1] epochs: [14/100] train_acc: 0.456 train_loss_sup: 2.161
[GPU1] epochs: [15/100] train_acc: 0.453 train_loss_sup: 2.176
[GPU1] epochs: [16/100] train_acc: 0.454 train_loss_sup: 2.150
[GPU1] epochs: [17/100] train_acc: 0.458 train_loss_sup: 2.147
[GPU1] epochs: [18/100] train_acc: 0.463 train_loss_sup: 2.145
[GPU1] epochs: [19/100] train_acc: 0.462 train_loss_sup: 2.137
[GPU1] epochs: [20/100] train_acc: 0.462 train_loss_sup: 2.139
[GPU1] Test Accuracy at epoch: 20: 0.438
[GPU1] epochs: [21/100] train_acc: 0.463 train_loss_sup: 2.129
[GPU1] epochs: [22/100] train_acc: 0.465 train_loss_sup: 2.124
[GPU1] epochs: [23/100] train_acc: 0.467 train_loss_sup: 2.117
[GPU1] epochs: [24/100] train_acc: 0.466 train_loss_sup: 2.107
[GPU1] epochs: [25/100] train_acc: 0.464 train_loss_sup: 2.113
[GPU1] epochs: [26/100] train_acc: 0.472 train_loss_sup: 2.096
[GPU1] epochs: [27/100] train_acc: 0.468 train_loss_sup: 2.112
[GPU1] epochs: [28/100] train_acc: 0.468 train_loss_sup: 2.104
[GPU1] epochs: [29/100] train_acc: 0.471 train_loss_sup: 2.096
[GPU1] epochs: [30/100] train_acc: 0.471 train_loss_sup: 2.097
[GPU1] Test Accuracy at epoch: 30: 0.439
[GPU1] epochs: [31/100] train_acc: 0.470 train_loss_sup: 2.095
[GPU1] epochs: [32/100] train_acc: 0.470 train_loss_sup: 2.102
[GPU1] epochs: [33/100] train_acc: 0.471 train_loss_sup: 2.091
[GPU1] epochs: [34/100] train_acc: 0.473 train_loss_sup: 2.084
[GPU1] epochs: [35/100] train_acc: 0.473 train_loss_sup: 2.079
[GPU1] epochs: [36/100] train_acc: 0.474 train_loss_sup: 2.088
[GPU1] epochs: [37/100] train_acc: 0.474 train_loss_sup: 2.088
[GPU1] epochs: [38/100] train_acc: 0.475 train_loss_sup: 2.077
[GPU1] epochs: [39/100] train_acc: 0.479 train_loss_sup: 2.057
[GPU1] epochs: [40/100] train_acc: 0.476 train_loss_sup: 2.072
[GPU1] Test Accuracy at epoch: 40: 0.437
[GPU1] epochs: [41/100] train_acc: 0.475 train_loss_sup: 2.073
[GPU1] epochs: [42/100] train_acc: 0.481 train_loss_sup: 2.058
[GPU1] epochs: [43/100] train_acc: 0.477 train_loss_sup: 2.064
[GPU1] epochs: [44/100] train_acc: 0.480 train_loss_sup: 2.055
[GPU1] epochs: [45/100] train_acc: 0.479 train_loss_sup: 2.059
[GPU1] epochs: [46/100] train_acc: 0.482 train_loss_sup: 2.044
[GPU1] epochs: [47/100] train_acc: 0.481 train_loss_sup: 2.050
[GPU1] epochs: [48/100] train_acc: 0.482 train_loss_sup: 2.048
[GPU1] epochs: [49/100] train_acc: 0.483 train_loss_sup: 2.040
[GPU1] epochs: [50/100] train_acc: 0.484 train_loss_sup: 2.048
[GPU1] Test Accuracy at epoch: 50: 0.443
[GPU1] epochs: [51/100] train_acc: 0.483 train_loss_sup: 2.041
[GPU1] epochs: [52/100] train_acc: 0.485 train_loss_sup: 2.037
[GPU1] epochs: [53/100] train_acc: 0.485 train_loss_sup: 2.037
[GPU1] epochs: [54/100] train_acc: 0.490 train_loss_sup: 2.021
[GPU1] epochs: [55/100] train_acc: 0.489 train_loss_sup: 2.024
[GPU1] epochs: [56/100] train_acc: 0.489 train_loss_sup: 2.018
[GPU1] epochs: [57/100] train_acc: 0.491 train_loss_sup: 2.015
[GPU1] epochs: [58/100] train_acc: 0.490 train_loss_sup: 2.025
[GPU1] epochs: [59/100] train_acc: 0.489 train_loss_sup: 2.007
[GPU1] epochs: [60/100] train_acc: 0.491 train_loss_sup: 2.014
[GPU1] Test Accuracy at epoch: 60: 0.452
[GPU1] epochs: [61/100] train_acc: 0.490 train_loss_sup: 2.020
[GPU1] epochs: [62/100] train_acc: 0.492 train_loss_sup: 2.009
[GPU1] epochs: [63/100] train_acc: 0.490 train_loss_sup: 2.009
[GPU1] epochs: [64/100] train_acc: 0.491 train_loss_sup: 2.001
[GPU1] epochs: [65/100] train_acc: 0.492 train_loss_sup: 2.004
[GPU1] epochs: [66/100] train_acc: 0.494 train_loss_sup: 1.995
[GPU1] epochs: [67/100] train_acc: 0.495 train_loss_sup: 1.997
[GPU1] epochs: [68/100] train_acc: 0.498 train_loss_sup: 1.992
[GPU1] epochs: [69/100] train_acc: 0.494 train_loss_sup: 1.992
[GPU1] epochs: [70/100] train_acc: 0.494 train_loss_sup: 1.998
[GPU1] Test Accuracy at epoch: 70: 0.452
[GPU1] epochs: [71/100] train_acc: 0.498 train_loss_sup: 1.988
[GPU1] epochs: [72/100] train_acc: 0.494 train_loss_sup: 1.992
[GPU1] epochs: [73/100] train_acc: 0.496 train_loss_sup: 1.984
[GPU1] epochs: [74/100] train_acc: 0.500 train_loss_sup: 1.988
[GPU1] epochs: [75/100] train_acc: 0.497 train_loss_sup: 1.986
[GPU1] epochs: [76/100] train_acc: 0.501 train_loss_sup: 1.974
[GPU1] epochs: [77/100] train_acc: 0.498 train_loss_sup: 1.982
[GPU1] epochs: [78/100] train_acc: 0.498 train_loss_sup: 1.977
[GPU1] epochs: [79/100] train_acc: 0.501 train_loss_sup: 1.982
[GPU1] epochs: [80/100] train_acc: 0.499 train_loss_sup: 1.980
[GPU1] Test Accuracy at epoch: 80: 0.452
[GPU1] epochs: [81/100] train_acc: 0.498 train_loss_sup: 1.974
[GPU1] epochs: [82/100] train_acc: 0.500 train_loss_sup: 1.973
[GPU1] epochs: [83/100] train_acc: 0.501 train_loss_sup: 1.968
[GPU1] epochs: [84/100] train_acc: 0.505 train_loss_sup: 1.960
[GPU1] epochs: [85/100] train_acc: 0.504 train_loss_sup: 1.965
[GPU1] epochs: [86/100] train_acc: 0.501 train_loss_sup: 1.970
[GPU1] epochs: [87/100] train_acc: 0.502 train_loss_sup: 1.966
[GPU1] epochs: [88/100] train_acc: 0.502 train_loss_sup: 1.966
[GPU1] epochs: [89/100] train_acc: 0.502 train_loss_sup: 1.967
[GPU1] epochs: [90/100] train_acc: 0.504 train_loss_sup: 1.964
[GPU1] Test Accuracy at epoch: 90: 0.45
[GPU1] epochs: [91/100] train_acc: 0.502 train_loss_sup: 1.963
[GPU1] epochs: [92/100] train_acc: 0.503 train_loss_sup: 1.957
[GPU1] epochs: [93/100] train_acc: 0.503 train_loss_sup: 1.953
[GPU1] epochs: [94/100] train_acc: 0.507 train_loss_sup: 1.955
[GPU1] epochs: [95/100] train_acc: 0.505 train_loss_sup: 1.955
[GPU1] epochs: [96/100] train_acc: 0.507 train_loss_sup: 1.947
[GPU1] epochs: [97/100] train_acc: 0.506 train_loss_sup: 1.956
[GPU1] epochs: [98/100] train_acc: 0.504 train_loss_sup: 1.961
[GPU1] epochs: [99/100] train_acc: 0.506 train_loss_sup: 1.948
[GPU1] epochs: [100/100] train_acc: 0.506 train_loss_sup: 1.958
[GPU1] Final Test Accuracy: 0.452
LR: 0.100 | WD: 0.000001 | Cosine: True | test Acc: 0.452%
===> using linear mlp
Scheduler: <torch.optim.lr_scheduler.CosineAnnealingLR object at 0x73d4973e3d30>
MLP: MLP(
  (mlp): Linear(in_features=512, out_features=100, bias=True)
)
[GPU1] Test Accuracy at epoch: 0: 0.37
[GPU1] epochs: [1/100] train_acc: 0.290 train_loss_sup: 2.972
[GPU1] epochs: [2/100] train_acc: 0.385 train_loss_sup: 2.459
[GPU1] epochs: [3/100] train_acc: 0.406 train_loss_sup: 2.365
[GPU1] epochs: [4/100] train_acc: 0.418 train_loss_sup: 2.310
[GPU1] epochs: [5/100] train_acc: 0.427 train_loss_sup: 2.281
[GPU1] epochs: [6/100] train_acc: 0.429 train_loss_sup: 2.265
[GPU1] epochs: [7/100] train_acc: 0.437 train_loss_sup: 2.238
[GPU1] epochs: [8/100] train_acc: 0.442 train_loss_sup: 2.225
[GPU1] epochs: [9/100] train_acc: 0.443 train_loss_sup: 2.207
[GPU1] epochs: [10/100] train_acc: 0.447 train_loss_sup: 2.184
[GPU1] Test Accuracy at epoch: 10: 0.432
[GPU1] epochs: [11/100] train_acc: 0.448 train_loss_sup: 2.188
[GPU1] epochs: [12/100] train_acc: 0.448 train_loss_sup: 2.185
[GPU1] epochs: [13/100] train_acc: 0.450 train_loss_sup: 2.174
[GPU1] epochs: [14/100] train_acc: 0.454 train_loss_sup: 2.166
[GPU1] epochs: [15/100] train_acc: 0.455 train_loss_sup: 2.155
[GPU1] epochs: [16/100] train_acc: 0.453 train_loss_sup: 2.173
[GPU1] epochs: [17/100] train_acc: 0.459 train_loss_sup: 2.151
[GPU1] epochs: [18/100] train_acc: 0.459 train_loss_sup: 2.140
[GPU1] epochs: [19/100] train_acc: 0.460 train_loss_sup: 2.144
[GPU1] epochs: [20/100] train_acc: 0.459 train_loss_sup: 2.131
[GPU1] Test Accuracy at epoch: 20: 0.446
[GPU1] epochs: [21/100] train_acc: 0.459 train_loss_sup: 2.131
[GPU1] epochs: [22/100] train_acc: 0.459 train_loss_sup: 2.141
[GPU1] epochs: [23/100] train_acc: 0.463 train_loss_sup: 2.127
[GPU1] epochs: [24/100] train_acc: 0.460 train_loss_sup: 2.137
[GPU1] epochs: [25/100] train_acc: 0.461 train_loss_sup: 2.130
[GPU1] epochs: [26/100] train_acc: 0.466 train_loss_sup: 2.114
[GPU1] epochs: [27/100] train_acc: 0.467 train_loss_sup: 2.110
[GPU1] epochs: [28/100] train_acc: 0.467 train_loss_sup: 2.117
[GPU1] epochs: [29/100] train_acc: 0.468 train_loss_sup: 2.113
[GPU1] epochs: [30/100] train_acc: 0.468 train_loss_sup: 2.100
[GPU1] Test Accuracy at epoch: 30: 0.441
[GPU1] epochs: [31/100] train_acc: 0.466 train_loss_sup: 2.112
[GPU1] epochs: [32/100] train_acc: 0.467 train_loss_sup: 2.110
[GPU1] epochs: [33/100] train_acc: 0.471 train_loss_sup: 2.086
[GPU1] epochs: [34/100] train_acc: 0.470 train_loss_sup: 2.090
[GPU1] epochs: [35/100] train_acc: 0.469 train_loss_sup: 2.099
[GPU1] epochs: [36/100] train_acc: 0.470 train_loss_sup: 2.096
[GPU1] epochs: [37/100] train_acc: 0.472 train_loss_sup: 2.078
[GPU1] epochs: [38/100] train_acc: 0.473 train_loss_sup: 2.084
[GPU1] epochs: [39/100] train_acc: 0.474 train_loss_sup: 2.084
[GPU1] epochs: [40/100] train_acc: 0.472 train_loss_sup: 2.070
[GPU1] Test Accuracy at epoch: 40: 0.444
[GPU1] epochs: [41/100] train_acc: 0.476 train_loss_sup: 2.072
[GPU1] epochs: [42/100] train_acc: 0.479 train_loss_sup: 2.062
[GPU1] epochs: [43/100] train_acc: 0.473 train_loss_sup: 2.075
[GPU1] epochs: [44/100] train_acc: 0.479 train_loss_sup: 2.068
[GPU1] epochs: [45/100] train_acc: 0.475 train_loss_sup: 2.062
[GPU1] epochs: [46/100] train_acc: 0.478 train_loss_sup: 2.056
[GPU1] epochs: [47/100] train_acc: 0.479 train_loss_sup: 2.060
[GPU1] epochs: [48/100] train_acc: 0.477 train_loss_sup: 2.067
[GPU1] epochs: [49/100] train_acc: 0.478 train_loss_sup: 2.058
[GPU1] epochs: [50/100] train_acc: 0.483 train_loss_sup: 2.051
[GPU1] Test Accuracy at epoch: 50: 0.439
[GPU1] epochs: [51/100] train_acc: 0.481 train_loss_sup: 2.040
[GPU1] epochs: [52/100] train_acc: 0.484 train_loss_sup: 2.043
[GPU1] epochs: [53/100] train_acc: 0.483 train_loss_sup: 2.039
[GPU1] epochs: [54/100] train_acc: 0.483 train_loss_sup: 2.040
[GPU1] epochs: [55/100] train_acc: 0.486 train_loss_sup: 2.035
[GPU1] epochs: [56/100] train_acc: 0.486 train_loss_sup: 2.032
[GPU1] epochs: [57/100] train_acc: 0.485 train_loss_sup: 2.030
[GPU1] epochs: [58/100] train_acc: 0.485 train_loss_sup: 2.025
[GPU1] epochs: [59/100] train_acc: 0.488 train_loss_sup: 2.019
[GPU1] epochs: [60/100] train_acc: 0.489 train_loss_sup: 2.023
[GPU1] Test Accuracy at epoch: 60: 0.449
[GPU1] epochs: [61/100] train_acc: 0.489 train_loss_sup: 2.020
[GPU1] epochs: [62/100] train_acc: 0.489 train_loss_sup: 2.013
[GPU1] epochs: [63/100] train_acc: 0.487 train_loss_sup: 2.018
[GPU1] epochs: [64/100] train_acc: 0.488 train_loss_sup: 2.020
[GPU1] epochs: [65/100] train_acc: 0.489 train_loss_sup: 2.017
[GPU1] epochs: [66/100] train_acc: 0.492 train_loss_sup: 2.005
[GPU1] epochs: [67/100] train_acc: 0.489 train_loss_sup: 2.014
[GPU1] epochs: [68/100] train_acc: 0.491 train_loss_sup: 2.004
[GPU1] epochs: [69/100] train_acc: 0.493 train_loss_sup: 2.002
[GPU1] epochs: [70/100] train_acc: 0.496 train_loss_sup: 1.993
[GPU1] Test Accuracy at epoch: 70: 0.444
[GPU1] epochs: [71/100] train_acc: 0.494 train_loss_sup: 1.995
[GPU1] epochs: [72/100] train_acc: 0.493 train_loss_sup: 2.006
[GPU1] epochs: [73/100] train_acc: 0.493 train_loss_sup: 1.999
[GPU1] epochs: [74/100] train_acc: 0.491 train_loss_sup: 1.999
[GPU1] epochs: [75/100] train_acc: 0.498 train_loss_sup: 1.993
[GPU1] epochs: [76/100] train_acc: 0.494 train_loss_sup: 1.997
[GPU1] epochs: [77/100] train_acc: 0.497 train_loss_sup: 1.988
[GPU1] epochs: [78/100] train_acc: 0.498 train_loss_sup: 1.979
[GPU1] epochs: [79/100] train_acc: 0.498 train_loss_sup: 1.990
[GPU1] epochs: [80/100] train_acc: 0.500 train_loss_sup: 1.975
[GPU1] Test Accuracy at epoch: 80: 0.45
[GPU1] epochs: [81/100] train_acc: 0.497 train_loss_sup: 1.986
[GPU1] epochs: [82/100] train_acc: 0.497 train_loss_sup: 1.978
[GPU1] epochs: [83/100] train_acc: 0.501 train_loss_sup: 1.973
[GPU1] epochs: [84/100] train_acc: 0.500 train_loss_sup: 1.971
[GPU1] epochs: [85/100] train_acc: 0.498 train_loss_sup: 1.980
[GPU1] epochs: [86/100] train_acc: 0.500 train_loss_sup: 1.978
[GPU1] epochs: [87/100] train_acc: 0.500 train_loss_sup: 1.980
[GPU1] epochs: [88/100] train_acc: 0.503 train_loss_sup: 1.970
[GPU1] epochs: [89/100] train_acc: 0.502 train_loss_sup: 1.974
[GPU1] epochs: [90/100] train_acc: 0.500 train_loss_sup: 1.979
[GPU1] Test Accuracy at epoch: 90: 0.453
[GPU1] epochs: [91/100] train_acc: 0.501 train_loss_sup: 1.967
[GPU1] epochs: [92/100] train_acc: 0.499 train_loss_sup: 1.977
[GPU1] epochs: [93/100] train_acc: 0.503 train_loss_sup: 1.956
[GPU1] epochs: [94/100] train_acc: 0.502 train_loss_sup: 1.964
[GPU1] epochs: [95/100] train_acc: 0.499 train_loss_sup: 1.978
[GPU1] epochs: [96/100] train_acc: 0.501 train_loss_sup: 1.973
[GPU1] epochs: [97/100] train_acc: 0.504 train_loss_sup: 1.974
[GPU1] epochs: [98/100] train_acc: 0.502 train_loss_sup: 1.975
[GPU1] epochs: [99/100] train_acc: 0.502 train_loss_sup: 1.975
[GPU1] epochs: [100/100] train_acc: 0.503 train_loss_sup: 1.963
[GPU1] Final Test Accuracy: 0.454
LR: 0.100 | WD: 0.000100 | Cosine: True | test Acc: 0.454%
===> using linear mlp
Scheduler: <torch.optim.lr_scheduler.CosineAnnealingLR object at 0x73d48c7c0580>
MLP: MLP(
  (mlp): Linear(in_features=512, out_features=100, bias=True)
)
[GPU1] Test Accuracy at epoch: 0: 0.359
[GPU1] epochs: [1/100] train_acc: 0.289 train_loss_sup: 2.981
[GPU1] epochs: [2/100] train_acc: 0.386 train_loss_sup: 2.466
[GPU1] epochs: [3/100] train_acc: 0.407 train_loss_sup: 2.366
[GPU1] epochs: [4/100] train_acc: 0.422 train_loss_sup: 2.303
[GPU1] epochs: [5/100] train_acc: 0.424 train_loss_sup: 2.286
[GPU1] epochs: [6/100] train_acc: 0.435 train_loss_sup: 2.241
[GPU1] epochs: [7/100] train_acc: 0.435 train_loss_sup: 2.241
[GPU1] epochs: [8/100] train_acc: 0.443 train_loss_sup: 2.218
[GPU1] epochs: [9/100] train_acc: 0.447 train_loss_sup: 2.196
[GPU1] epochs: [10/100] train_acc: 0.450 train_loss_sup: 2.185
[GPU1] Test Accuracy at epoch: 10: 0.431
[GPU1] epochs: [11/100] train_acc: 0.452 train_loss_sup: 2.182
[GPU1] epochs: [12/100] train_acc: 0.449 train_loss_sup: 2.181
[GPU1] epochs: [13/100] train_acc: 0.451 train_loss_sup: 2.175
[GPU1] epochs: [14/100] train_acc: 0.456 train_loss_sup: 2.158
[GPU1] epochs: [15/100] train_acc: 0.456 train_loss_sup: 2.160
[GPU1] epochs: [16/100] train_acc: 0.458 train_loss_sup: 2.149
[GPU1] epochs: [17/100] train_acc: 0.457 train_loss_sup: 2.149
[GPU1] epochs: [18/100] train_acc: 0.464 train_loss_sup: 2.124
[GPU1] epochs: [19/100] train_acc: 0.464 train_loss_sup: 2.135
[GPU1] epochs: [20/100] train_acc: 0.463 train_loss_sup: 2.125
[GPU1] Test Accuracy at epoch: 20: 0.434
[GPU1] epochs: [21/100] train_acc: 0.464 train_loss_sup: 2.115
[GPU1] epochs: [22/100] train_acc: 0.463 train_loss_sup: 2.131
[GPU1] epochs: [23/100] train_acc: 0.465 train_loss_sup: 2.124
[GPU1] epochs: [24/100] train_acc: 0.467 train_loss_sup: 2.111
[GPU1] epochs: [25/100] train_acc: 0.466 train_loss_sup: 2.116
[GPU1] epochs: [26/100] train_acc: 0.471 train_loss_sup: 2.109
[GPU1] epochs: [27/100] train_acc: 0.473 train_loss_sup: 2.094
[GPU1] epochs: [28/100] train_acc: 0.471 train_loss_sup: 2.095
[GPU1] epochs: [29/100] train_acc: 0.469 train_loss_sup: 2.099
[GPU1] epochs: [30/100] train_acc: 0.469 train_loss_sup: 2.110
[GPU1] Test Accuracy at epoch: 30: 0.448
[GPU1] epochs: [31/100] train_acc: 0.474 train_loss_sup: 2.086
[GPU1] epochs: [32/100] train_acc: 0.471 train_loss_sup: 2.106
[GPU1] epochs: [33/100] train_acc: 0.470 train_loss_sup: 2.096
[GPU1] epochs: [34/100] train_acc: 0.475 train_loss_sup: 2.076
[GPU1] epochs: [35/100] train_acc: 0.473 train_loss_sup: 2.085
[GPU1] epochs: [36/100] train_acc: 0.479 train_loss_sup: 2.067
[GPU1] epochs: [37/100] train_acc: 0.477 train_loss_sup: 2.074
[GPU1] epochs: [38/100] train_acc: 0.477 train_loss_sup: 2.070
[GPU1] epochs: [39/100] train_acc: 0.477 train_loss_sup: 2.066
[GPU1] epochs: [40/100] train_acc: 0.478 train_loss_sup: 2.065
[GPU1] Test Accuracy at epoch: 40: 0.441
[GPU1] epochs: [41/100] train_acc: 0.478 train_loss_sup: 2.060
[GPU1] epochs: [42/100] train_acc: 0.479 train_loss_sup: 2.063
[GPU1] epochs: [43/100] train_acc: 0.481 train_loss_sup: 2.056
[GPU1] epochs: [44/100] train_acc: 0.477 train_loss_sup: 2.074
[GPU1] epochs: [45/100] train_acc: 0.480 train_loss_sup: 2.054
[GPU1] epochs: [46/100] train_acc: 0.484 train_loss_sup: 2.042
[GPU1] epochs: [47/100] train_acc: 0.480 train_loss_sup: 2.049
[GPU1] epochs: [48/100] train_acc: 0.483 train_loss_sup: 2.041
[GPU1] epochs: [49/100] train_acc: 0.484 train_loss_sup: 2.026
[GPU1] epochs: [50/100] train_acc: 0.485 train_loss_sup: 2.044
[GPU1] Test Accuracy at epoch: 50: 0.446
[GPU1] epochs: [51/100] train_acc: 0.484 train_loss_sup: 2.036
[GPU1] epochs: [52/100] train_acc: 0.484 train_loss_sup: 2.031
[GPU1] epochs: [53/100] train_acc: 0.486 train_loss_sup: 2.031
[GPU1] epochs: [54/100] train_acc: 0.488 train_loss_sup: 2.022
[GPU1] epochs: [55/100] train_acc: 0.487 train_loss_sup: 2.029
[GPU1] epochs: [56/100] train_acc: 0.487 train_loss_sup: 2.031
[GPU1] epochs: [57/100] train_acc: 0.489 train_loss_sup: 2.032
[GPU1] epochs: [58/100] train_acc: 0.491 train_loss_sup: 2.013
[GPU1] epochs: [59/100] train_acc: 0.490 train_loss_sup: 2.005
[GPU1] epochs: [60/100] train_acc: 0.489 train_loss_sup: 2.011
[GPU1] Test Accuracy at epoch: 60: 0.448
[GPU1] epochs: [61/100] train_acc: 0.491 train_loss_sup: 2.017
[GPU1] epochs: [62/100] train_acc: 0.490 train_loss_sup: 2.015
[GPU1] epochs: [63/100] train_acc: 0.488 train_loss_sup: 2.017
[GPU1] epochs: [64/100] train_acc: 0.494 train_loss_sup: 2.002
[GPU1] epochs: [65/100] train_acc: 0.493 train_loss_sup: 2.005
[GPU1] epochs: [66/100] train_acc: 0.493 train_loss_sup: 1.990
[GPU1] epochs: [67/100] train_acc: 0.496 train_loss_sup: 1.994
[GPU1] epochs: [68/100] train_acc: 0.499 train_loss_sup: 1.978
[GPU1] epochs: [69/100] train_acc: 0.499 train_loss_sup: 1.981
[GPU1] epochs: [70/100] train_acc: 0.497 train_loss_sup: 1.994
[GPU1] Test Accuracy at epoch: 70: 0.448
[GPU1] epochs: [71/100] train_acc: 0.499 train_loss_sup: 1.980
[GPU1] epochs: [72/100] train_acc: 0.498 train_loss_sup: 1.984
[GPU1] epochs: [73/100] train_acc: 0.497 train_loss_sup: 1.989
[GPU1] epochs: [74/100] train_acc: 0.496 train_loss_sup: 1.986
[GPU1] epochs: [75/100] train_acc: 0.498 train_loss_sup: 1.989
[GPU1] epochs: [76/100] train_acc: 0.500 train_loss_sup: 1.981
[GPU1] epochs: [77/100] train_acc: 0.496 train_loss_sup: 1.980
[GPU1] epochs: [78/100] train_acc: 0.498 train_loss_sup: 1.982
[GPU1] epochs: [79/100] train_acc: 0.500 train_loss_sup: 1.977
[GPU1] epochs: [80/100] train_acc: 0.500 train_loss_sup: 1.978
[GPU1] Test Accuracy at epoch: 80: 0.452
[GPU1] epochs: [81/100] train_acc: 0.502 train_loss_sup: 1.976
[GPU1] epochs: [82/100] train_acc: 0.498 train_loss_sup: 1.984
[GPU1] epochs: [83/100] train_acc: 0.503 train_loss_sup: 1.969
[GPU1] epochs: [84/100] train_acc: 0.502 train_loss_sup: 1.971
[GPU1] epochs: [85/100] train_acc: 0.505 train_loss_sup: 1.956
[GPU1] epochs: [86/100] train_acc: 0.501 train_loss_sup: 1.977
[GPU1] epochs: [87/100] train_acc: 0.501 train_loss_sup: 1.963
[GPU1] epochs: [88/100] train_acc: 0.504 train_loss_sup: 1.955
[GPU1] epochs: [89/100] train_acc: 0.504 train_loss_sup: 1.966
[GPU1] epochs: [90/100] train_acc: 0.501 train_loss_sup: 1.978
[GPU1] Test Accuracy at epoch: 90: 0.451
[GPU1] epochs: [91/100] train_acc: 0.502 train_loss_sup: 1.959
[GPU1] epochs: [92/100] train_acc: 0.504 train_loss_sup: 1.972
[GPU1] epochs: [93/100] train_acc: 0.501 train_loss_sup: 1.968
[GPU1] epochs: [94/100] train_acc: 0.504 train_loss_sup: 1.959
[GPU1] epochs: [95/100] train_acc: 0.503 train_loss_sup: 1.958
[GPU1] epochs: [96/100] train_acc: 0.504 train_loss_sup: 1.953
[GPU1] epochs: [97/100] train_acc: 0.506 train_loss_sup: 1.961
[GPU1] epochs: [98/100] train_acc: 0.504 train_loss_sup: 1.954
[GPU1] epochs: [99/100] train_acc: 0.503 train_loss_sup: 1.960
[GPU1] epochs: [100/100] train_acc: 0.507 train_loss_sup: 1.950
[GPU1] Final Test Accuracy: 0.451
LR: 0.100 | WD: 0.000000 | Cosine: True | test Acc: 0.452%
===> using linear mlp
Scheduler: <torch.optim.lr_scheduler.CosineAnnealingLR object at 0x73d5d57a93c0>
MLP: MLP(
  (mlp): Linear(in_features=512, out_features=100, bias=True)
)
[GPU1] Test Accuracy at epoch: 0: 0.301
[GPU1] epochs: [1/100] train_acc: 0.224 train_loss_sup: 14.012
[GPU1] epochs: [2/100] train_acc: 0.294 train_loss_sup: 7.850
[GPU1] epochs: [3/100] train_acc: 0.307 train_loss_sup: 7.741
[GPU1] epochs: [4/100] train_acc: 0.315 train_loss_sup: 7.376
[GPU1] epochs: [5/100] train_acc: 0.326 train_loss_sup: 7.036
[GPU1] epochs: [6/100] train_acc: 0.328 train_loss_sup: 6.583
[GPU1] epochs: [7/100] train_acc: 0.327 train_loss_sup: 7.268
[GPU1] epochs: [8/100] train_acc: 0.330 train_loss_sup: 6.782
[GPU1] epochs: [9/100] train_acc: 0.332 train_loss_sup: 6.668
[GPU1] epochs: [10/100] train_acc: 0.340 train_loss_sup: 6.987
[GPU1] Test Accuracy at epoch: 10: 0.335
[GPU1] epochs: [11/100] train_acc: 0.337 train_loss_sup: 7.186
[GPU1] epochs: [12/100] train_acc: 0.339 train_loss_sup: 6.142
[GPU1] epochs: [13/100] train_acc: 0.342 train_loss_sup: 6.049
[GPU1] epochs: [14/100] train_acc: 0.342 train_loss_sup: 6.092
[GPU1] epochs: [15/100] train_acc: 0.340 train_loss_sup: 6.795
[GPU1] epochs: [16/100] train_acc: 0.346 train_loss_sup: 6.058
[GPU1] epochs: [17/100] train_acc: 0.339 train_loss_sup: 6.361
[GPU1] epochs: [18/100] train_acc: 0.344 train_loss_sup: 6.262
[GPU1] epochs: [19/100] train_acc: 0.342 train_loss_sup: 5.942
[GPU1] epochs: [20/100] train_acc: 0.342 train_loss_sup: 6.267
[GPU1] Test Accuracy at epoch: 20: 0.345
[GPU1] epochs: [21/100] train_acc: 0.345 train_loss_sup: 6.335
[GPU1] epochs: [22/100] train_acc: 0.348 train_loss_sup: 5.749
[GPU1] epochs: [23/100] train_acc: 0.350 train_loss_sup: 5.724
[GPU1] epochs: [24/100] train_acc: 0.349 train_loss_sup: 6.066
[GPU1] epochs: [25/100] train_acc: 0.353 train_loss_sup: 5.569
[GPU1] epochs: [26/100] train_acc: 0.352 train_loss_sup: 5.422
[GPU1] epochs: [27/100] train_acc: 0.355 train_loss_sup: 5.531
[GPU1] epochs: [28/100] train_acc: 0.351 train_loss_sup: 5.376
[GPU1] epochs: [29/100] train_acc: 0.355 train_loss_sup: 5.523
[GPU1] epochs: [30/100] train_acc: 0.358 train_loss_sup: 4.963
[GPU1] Test Accuracy at epoch: 30: 0.362
[GPU1] epochs: [31/100] train_acc: 0.359 train_loss_sup: 5.096
[GPU1] epochs: [32/100] train_acc: 0.356 train_loss_sup: 4.881
[GPU1] epochs: [33/100] train_acc: 0.359 train_loss_sup: 4.769
[GPU1] epochs: [34/100] train_acc: 0.361 train_loss_sup: 4.580
[GPU1] epochs: [35/100] train_acc: 0.361 train_loss_sup: 4.764
[GPU1] epochs: [36/100] train_acc: 0.365 train_loss_sup: 4.427
[GPU1] epochs: [37/100] train_acc: 0.363 train_loss_sup: 4.565
[GPU1] epochs: [38/100] train_acc: 0.367 train_loss_sup: 4.463
[GPU1] epochs: [39/100] train_acc: 0.376 train_loss_sup: 4.114
[GPU1] epochs: [40/100] train_acc: 0.368 train_loss_sup: 4.255
[GPU1] Test Accuracy at epoch: 40: 0.369
[GPU1] epochs: [41/100] train_acc: 0.366 train_loss_sup: 4.499
[GPU1] epochs: [42/100] train_acc: 0.372 train_loss_sup: 4.179
[GPU1] epochs: [43/100] train_acc: 0.371 train_loss_sup: 3.967
[GPU1] epochs: [44/100] train_acc: 0.377 train_loss_sup: 3.949
[GPU1] epochs: [45/100] train_acc: 0.386 train_loss_sup: 3.635
[GPU1] epochs: [46/100] train_acc: 0.385 train_loss_sup: 3.506
[GPU1] epochs: [47/100] train_acc: 0.374 train_loss_sup: 3.673
[GPU1] epochs: [48/100] train_acc: 0.383 train_loss_sup: 3.499
[GPU1] epochs: [49/100] train_acc: 0.386 train_loss_sup: 3.399
[GPU1] epochs: [50/100] train_acc: 0.389 train_loss_sup: 3.326
[GPU1] Test Accuracy at epoch: 50: 0.377
[GPU1] epochs: [51/100] train_acc: 0.392 train_loss_sup: 3.281
[GPU1] epochs: [52/100] train_acc: 0.392 train_loss_sup: 3.163
[GPU1] epochs: [53/100] train_acc: 0.399 train_loss_sup: 3.045
[GPU1] epochs: [54/100] train_acc: 0.397 train_loss_sup: 3.101
[GPU1] epochs: [55/100] train_acc: 0.397 train_loss_sup: 3.089
[GPU1] epochs: [56/100] train_acc: 0.403 train_loss_sup: 2.963
[GPU1] epochs: [57/100] train_acc: 0.408 train_loss_sup: 2.889
[GPU1] epochs: [58/100] train_acc: 0.408 train_loss_sup: 2.824
[GPU1] epochs: [59/100] train_acc: 0.410 train_loss_sup: 2.803
[GPU1] epochs: [60/100] train_acc: 0.410 train_loss_sup: 2.761
[GPU1] Test Accuracy at epoch: 60: 0.39
[GPU1] epochs: [61/100] train_acc: 0.414 train_loss_sup: 2.697
[GPU1] epochs: [62/100] train_acc: 0.417 train_loss_sup: 2.646
[GPU1] epochs: [63/100] train_acc: 0.419 train_loss_sup: 2.629
[GPU1] epochs: [64/100] train_acc: 0.425 train_loss_sup: 2.573
[GPU1] epochs: [65/100] train_acc: 0.430 train_loss_sup: 2.518
[GPU1] epochs: [66/100] train_acc: 0.432 train_loss_sup: 2.495
[GPU1] epochs: [67/100] train_acc: 0.436 train_loss_sup: 2.443
[GPU1] epochs: [68/100] train_acc: 0.435 train_loss_sup: 2.439
[GPU1] epochs: [69/100] train_acc: 0.441 train_loss_sup: 2.395
[GPU1] epochs: [70/100] train_acc: 0.443 train_loss_sup: 2.369
[GPU1] Test Accuracy at epoch: 70: 0.4
[GPU1] epochs: [71/100] train_acc: 0.445 train_loss_sup: 2.330
[GPU1] epochs: [72/100] train_acc: 0.452 train_loss_sup: 2.310
[GPU1] epochs: [73/100] train_acc: 0.454 train_loss_sup: 2.270
[GPU1] epochs: [74/100] train_acc: 0.454 train_loss_sup: 2.259
[GPU1] epochs: [75/100] train_acc: 0.460 train_loss_sup: 2.236
[GPU1] epochs: [76/100] train_acc: 0.460 train_loss_sup: 2.214
[GPU1] epochs: [77/100] train_acc: 0.469 train_loss_sup: 2.168
[GPU1] epochs: [78/100] train_acc: 0.467 train_loss_sup: 2.176
[GPU1] epochs: [79/100] train_acc: 0.468 train_loss_sup: 2.152
[GPU1] epochs: [80/100] train_acc: 0.475 train_loss_sup: 2.122
[GPU1] Test Accuracy at epoch: 80: 0.421
[GPU1] epochs: [81/100] train_acc: 0.474 train_loss_sup: 2.120
[GPU1] epochs: [82/100] train_acc: 0.478 train_loss_sup: 2.116
[GPU1] epochs: [83/100] train_acc: 0.484 train_loss_sup: 2.085
[GPU1] epochs: [84/100] train_acc: 0.486 train_loss_sup: 2.069
[GPU1] epochs: [85/100] train_acc: 0.487 train_loss_sup: 2.063
[GPU1] epochs: [86/100] train_acc: 0.490 train_loss_sup: 2.045
[GPU1] epochs: [87/100] train_acc: 0.492 train_loss_sup: 2.033
[GPU1] epochs: [88/100] train_acc: 0.495 train_loss_sup: 2.034
[GPU1] epochs: [89/100] train_acc: 0.495 train_loss_sup: 2.025
[GPU1] epochs: [90/100] train_acc: 0.499 train_loss_sup: 2.000
[GPU1] Test Accuracy at epoch: 90: 0.431
[GPU1] epochs: [91/100] train_acc: 0.501 train_loss_sup: 1.999
[GPU1] epochs: [92/100] train_acc: 0.501 train_loss_sup: 1.991
[GPU1] epochs: [93/100] train_acc: 0.503 train_loss_sup: 1.991
[GPU1] epochs: [94/100] train_acc: 0.505 train_loss_sup: 1.978
[GPU1] epochs: [95/100] train_acc: 0.505 train_loss_sup: 1.991
[GPU1] epochs: [96/100] train_acc: 0.507 train_loss_sup: 1.970
[GPU1] epochs: [97/100] train_acc: 0.505 train_loss_sup: 1.982
[GPU1] epochs: [98/100] train_acc: 0.508 train_loss_sup: 1.958
[GPU1] epochs: [99/100] train_acc: 0.507 train_loss_sup: 1.964
[GPU1] epochs: [100/100] train_acc: 0.509 train_loss_sup: 1.966
[GPU1] Final Test Accuracy: 0.433
LR: 1.000 | WD: 0.000001 | Cosine: True | test Acc: 0.433%
===> using linear mlp
Scheduler: <torch.optim.lr_scheduler.CosineAnnealingLR object at 0x73d4970d8cd0>
MLP: MLP(
  (mlp): Linear(in_features=512, out_features=100, bias=True)
)
[GPU1] Test Accuracy at epoch: 0: 0.273
[GPU1] epochs: [1/100] train_acc: 0.220 train_loss_sup: 15.644
[GPU1] epochs: [2/100] train_acc: 0.294 train_loss_sup: 7.852
[GPU1] epochs: [3/100] train_acc: 0.298 train_loss_sup: 8.753
[GPU1] epochs: [4/100] train_acc: 0.307 train_loss_sup: 7.934
[GPU1] epochs: [5/100] train_acc: 0.312 train_loss_sup: 7.419
[GPU1] epochs: [6/100] train_acc: 0.306 train_loss_sup: 8.196
[GPU1] epochs: [7/100] train_acc: 0.315 train_loss_sup: 7.322
[GPU1] epochs: [8/100] train_acc: 0.310 train_loss_sup: 8.122
[GPU1] epochs: [9/100] train_acc: 0.318 train_loss_sup: 7.019
[GPU1] epochs: [10/100] train_acc: 0.321 train_loss_sup: 6.348
[GPU1] Test Accuracy at epoch: 10: 0.314
[GPU1] epochs: [11/100] train_acc: 0.316 train_loss_sup: 7.256
[GPU1] epochs: [12/100] train_acc: 0.320 train_loss_sup: 6.998
[GPU1] epochs: [13/100] train_acc: 0.323 train_loss_sup: 6.755
[GPU1] epochs: [14/100] train_acc: 0.324 train_loss_sup: 6.745
[GPU1] epochs: [15/100] train_acc: 0.321 train_loss_sup: 7.170
[GPU1] epochs: [16/100] train_acc: 0.325 train_loss_sup: 6.707
[GPU1] epochs: [17/100] train_acc: 0.317 train_loss_sup: 7.307
[GPU1] epochs: [18/100] train_acc: 0.324 train_loss_sup: 6.608
[GPU1] epochs: [19/100] train_acc: 0.319 train_loss_sup: 6.662
[GPU1] epochs: [20/100] train_acc: 0.325 train_loss_sup: 6.640
[GPU1] Test Accuracy at epoch: 20: 0.337
[GPU1] epochs: [21/100] train_acc: 0.327 train_loss_sup: 5.930
[GPU1] epochs: [22/100] train_acc: 0.328 train_loss_sup: 5.690
[GPU1] epochs: [23/100] train_acc: 0.320 train_loss_sup: 6.940
[GPU1] epochs: [24/100] train_acc: 0.328 train_loss_sup: 6.316
[GPU1] epochs: [25/100] train_acc: 0.331 train_loss_sup: 5.566
[GPU1] epochs: [26/100] train_acc: 0.322 train_loss_sup: 6.400
[GPU1] epochs: [27/100] train_acc: 0.331 train_loss_sup: 5.804
[GPU1] epochs: [28/100] train_acc: 0.325 train_loss_sup: 6.258
[GPU1] epochs: [29/100] train_acc: 0.332 train_loss_sup: 5.426
[GPU1] epochs: [30/100] train_acc: 0.328 train_loss_sup: 5.635
[GPU1] Test Accuracy at epoch: 30: 0.337
[GPU1] epochs: [31/100] train_acc: 0.326 train_loss_sup: 5.822
[GPU1] epochs: [32/100] train_acc: 0.336 train_loss_sup: 5.226
[GPU1] epochs: [33/100] train_acc: 0.334 train_loss_sup: 5.084
[GPU1] epochs: [34/100] train_acc: 0.339 train_loss_sup: 5.201
[GPU1] epochs: [35/100] train_acc: 0.337 train_loss_sup: 5.197
[GPU1] epochs: [36/100] train_acc: 0.342 train_loss_sup: 4.608
[GPU1] epochs: [37/100] train_acc: 0.336 train_loss_sup: 5.041
[GPU1] epochs: [38/100] train_acc: 0.337 train_loss_sup: 4.916
[GPU1] epochs: [39/100] train_acc: 0.346 train_loss_sup: 4.749
[GPU1] epochs: [40/100] train_acc: 0.340 train_loss_sup: 4.500
[GPU1] Test Accuracy at epoch: 40: 0.352
[GPU1] epochs: [41/100] train_acc: 0.348 train_loss_sup: 4.454
[GPU1] epochs: [42/100] train_acc: 0.349 train_loss_sup: 4.317
[GPU1] epochs: [43/100] train_acc: 0.352 train_loss_sup: 4.238
[GPU1] epochs: [44/100] train_acc: 0.359 train_loss_sup: 3.807
[GPU1] epochs: [45/100] train_acc: 0.354 train_loss_sup: 3.806
[GPU1] epochs: [46/100] train_acc: 0.359 train_loss_sup: 3.667
[GPU1] epochs: [47/100] train_acc: 0.362 train_loss_sup: 3.607
[GPU1] epochs: [48/100] train_acc: 0.368 train_loss_sup: 3.432
[GPU1] epochs: [49/100] train_acc: 0.368 train_loss_sup: 3.364
[GPU1] epochs: [50/100] train_acc: 0.368 train_loss_sup: 3.380
[GPU1] Test Accuracy at epoch: 50: 0.355
[GPU1] epochs: [51/100] train_acc: 0.373 train_loss_sup: 3.218
[GPU1] epochs: [52/100] train_acc: 0.372 train_loss_sup: 3.212
[GPU1] epochs: [53/100] train_acc: 0.378 train_loss_sup: 3.121
[GPU1] epochs: [54/100] train_acc: 0.383 train_loss_sup: 3.045
[GPU1] epochs: [55/100] train_acc: 0.386 train_loss_sup: 2.912
[GPU1] epochs: [56/100] train_acc: 0.391 train_loss_sup: 2.851
[GPU1] epochs: [57/100] train_acc: 0.391 train_loss_sup: 2.846
[GPU1] epochs: [58/100] train_acc: 0.396 train_loss_sup: 2.754
[GPU1] epochs: [59/100] train_acc: 0.397 train_loss_sup: 2.751
[GPU1] epochs: [60/100] train_acc: 0.399 train_loss_sup: 2.746
[GPU1] Test Accuracy at epoch: 60: 0.384
[GPU1] epochs: [61/100] train_acc: 0.400 train_loss_sup: 2.686
[GPU1] epochs: [62/100] train_acc: 0.405 train_loss_sup: 2.630
[GPU1] epochs: [63/100] train_acc: 0.410 train_loss_sup: 2.558
[GPU1] epochs: [64/100] train_acc: 0.416 train_loss_sup: 2.505
[GPU1] epochs: [65/100] train_acc: 0.416 train_loss_sup: 2.495
[GPU1] epochs: [66/100] train_acc: 0.423 train_loss_sup: 2.425
[GPU1] epochs: [67/100] train_acc: 0.425 train_loss_sup: 2.399
[GPU1] epochs: [68/100] train_acc: 0.426 train_loss_sup: 2.393
[GPU1] epochs: [69/100] train_acc: 0.428 train_loss_sup: 2.360
[GPU1] epochs: [70/100] train_acc: 0.433 train_loss_sup: 2.335
[GPU1] Test Accuracy at epoch: 70: 0.408
[GPU1] epochs: [71/100] train_acc: 0.436 train_loss_sup: 2.306
[GPU1] epochs: [72/100] train_acc: 0.445 train_loss_sup: 2.263
[GPU1] epochs: [73/100] train_acc: 0.443 train_loss_sup: 2.261
[GPU1] epochs: [74/100] train_acc: 0.448 train_loss_sup: 2.242
[GPU1] epochs: [75/100] train_acc: 0.449 train_loss_sup: 2.221
[GPU1] epochs: [76/100] train_acc: 0.458 train_loss_sup: 2.171
[GPU1] epochs: [77/100] train_acc: 0.456 train_loss_sup: 2.181
[GPU1] epochs: [78/100] train_acc: 0.459 train_loss_sup: 2.153
[GPU1] epochs: [79/100] train_acc: 0.462 train_loss_sup: 2.145
[GPU1] epochs: [80/100] train_acc: 0.463 train_loss_sup: 2.125
[GPU1] Test Accuracy at epoch: 80: 0.434
[GPU1] epochs: [81/100] train_acc: 0.469 train_loss_sup: 2.098
[GPU1] epochs: [82/100] train_acc: 0.473 train_loss_sup: 2.097
[GPU1] epochs: [83/100] train_acc: 0.475 train_loss_sup: 2.085
[GPU1] epochs: [84/100] train_acc: 0.480 train_loss_sup: 2.064
[GPU1] epochs: [85/100] train_acc: 0.484 train_loss_sup: 2.051
[GPU1] epochs: [86/100] train_acc: 0.484 train_loss_sup: 2.029
[GPU1] epochs: [87/100] train_acc: 0.484 train_loss_sup: 2.036
[GPU1] epochs: [88/100] train_acc: 0.487 train_loss_sup: 2.011
[GPU1] epochs: [89/100] train_acc: 0.490 train_loss_sup: 2.014
[GPU1] epochs: [90/100] train_acc: 0.491 train_loss_sup: 2.008
[GPU1] Test Accuracy at epoch: 90: 0.445
[GPU1] epochs: [91/100] train_acc: 0.495 train_loss_sup: 1.988
[GPU1] epochs: [92/100] train_acc: 0.498 train_loss_sup: 1.989
[GPU1] epochs: [93/100] train_acc: 0.498 train_loss_sup: 1.990
[GPU1] epochs: [94/100] train_acc: 0.501 train_loss_sup: 1.981
[GPU1] epochs: [95/100] train_acc: 0.500 train_loss_sup: 1.979
[GPU1] epochs: [96/100] train_acc: 0.502 train_loss_sup: 1.975
[GPU1] epochs: [97/100] train_acc: 0.502 train_loss_sup: 1.969
[GPU1] epochs: [98/100] train_acc: 0.502 train_loss_sup: 1.966
[GPU1] epochs: [99/100] train_acc: 0.505 train_loss_sup: 1.960
[GPU1] epochs: [100/100] train_acc: 0.504 train_loss_sup: 1.971
[GPU1] Final Test Accuracy: 0.451
LR: 1.000 | WD: 0.000100 | Cosine: True | test Acc: 0.451%
===> using linear mlp
Scheduler: <torch.optim.lr_scheduler.CosineAnnealingLR object at 0x73d4973e3d30>
MLP: MLP(
  (mlp): Linear(in_features=512, out_features=100, bias=True)
)
[GPU1] Test Accuracy at epoch: 0: 0.293
[GPU1] epochs: [1/100] train_acc: 0.227 train_loss_sup: 15.688
[GPU1] epochs: [2/100] train_acc: 0.296 train_loss_sup: 7.128
[GPU1] epochs: [3/100] train_acc: 0.312 train_loss_sup: 7.607
[GPU1] epochs: [4/100] train_acc: 0.312 train_loss_sup: 7.502
[GPU1] epochs: [5/100] train_acc: 0.315 train_loss_sup: 8.274
[GPU1] epochs: [6/100] train_acc: 0.325 train_loss_sup: 7.478
[GPU1] epochs: [7/100] train_acc: 0.328 train_loss_sup: 7.296
[GPU1] epochs: [8/100] train_acc: 0.334 train_loss_sup: 6.449
[GPU1] epochs: [9/100] train_acc: 0.328 train_loss_sup: 7.027
[GPU1] epochs: [10/100] train_acc: 0.333 train_loss_sup: 6.544
[GPU1] Test Accuracy at epoch: 10: 0.336
[GPU1] epochs: [11/100] train_acc: 0.338 train_loss_sup: 6.638
[GPU1] epochs: [12/100] train_acc: 0.344 train_loss_sup: 6.393
[GPU1] epochs: [13/100] train_acc: 0.340 train_loss_sup: 6.710
[GPU1] epochs: [14/100] train_acc: 0.341 train_loss_sup: 6.308
[GPU1] epochs: [15/100] train_acc: 0.345 train_loss_sup: 6.231
[GPU1] epochs: [16/100] train_acc: 0.340 train_loss_sup: 6.972
[GPU1] epochs: [17/100] train_acc: 0.348 train_loss_sup: 6.001
[GPU1] epochs: [18/100] train_acc: 0.343 train_loss_sup: 7.098
[GPU1] epochs: [19/100] train_acc: 0.349 train_loss_sup: 5.565
[GPU1] epochs: [20/100] train_acc: 0.344 train_loss_sup: 6.340
[GPU1] Test Accuracy at epoch: 20: 0.342
[GPU1] epochs: [21/100] train_acc: 0.342 train_loss_sup: 6.500
[GPU1] epochs: [22/100] train_acc: 0.350 train_loss_sup: 5.857
[GPU1] epochs: [23/100] train_acc: 0.351 train_loss_sup: 5.846
[GPU1] epochs: [24/100] train_acc: 0.346 train_loss_sup: 5.968
[GPU1] epochs: [25/100] train_acc: 0.350 train_loss_sup: 5.987
[GPU1] epochs: [26/100] train_acc: 0.354 train_loss_sup: 5.903
[GPU1] epochs: [27/100] train_acc: 0.359 train_loss_sup: 5.252
[GPU1] epochs: [28/100] train_acc: 0.361 train_loss_sup: 5.092
[GPU1] epochs: [29/100] train_acc: 0.353 train_loss_sup: 5.090
[GPU1] epochs: [30/100] train_acc: 0.354 train_loss_sup: 5.172
[GPU1] Test Accuracy at epoch: 30: 0.347
[GPU1] epochs: [31/100] train_acc: 0.353 train_loss_sup: 5.343
[GPU1] epochs: [32/100] train_acc: 0.362 train_loss_sup: 5.102
[GPU1] epochs: [33/100] train_acc: 0.355 train_loss_sup: 5.024
[GPU1] epochs: [34/100] train_acc: 0.359 train_loss_sup: 4.785
[GPU1] epochs: [35/100] train_acc: 0.360 train_loss_sup: 4.883
[GPU1] epochs: [36/100] train_acc: 0.363 train_loss_sup: 4.561
[GPU1] epochs: [37/100] train_acc: 0.373 train_loss_sup: 4.297
[GPU1] epochs: [38/100] train_acc: 0.359 train_loss_sup: 5.020
[GPU1] epochs: [39/100] train_acc: 0.370 train_loss_sup: 4.279
[GPU1] epochs: [40/100] train_acc: 0.367 train_loss_sup: 4.310
[GPU1] Test Accuracy at epoch: 40: 0.343
[GPU1] epochs: [41/100] train_acc: 0.370 train_loss_sup: 4.142
[GPU1] epochs: [42/100] train_acc: 0.376 train_loss_sup: 4.156
[GPU1] epochs: [43/100] train_acc: 0.375 train_loss_sup: 3.920
[GPU1] epochs: [44/100] train_acc: 0.381 train_loss_sup: 3.680
[GPU1] epochs: [45/100] train_acc: 0.379 train_loss_sup: 3.732
[GPU1] epochs: [46/100] train_acc: 0.377 train_loss_sup: 3.627
[GPU1] epochs: [47/100] train_acc: 0.380 train_loss_sup: 3.671
[GPU1] epochs: [48/100] train_acc: 0.385 train_loss_sup: 3.508
[GPU1] epochs: [49/100] train_acc: 0.392 train_loss_sup: 3.356
[GPU1] epochs: [50/100] train_acc: 0.391 train_loss_sup: 3.294
[GPU1] Test Accuracy at epoch: 50: 0.361
[GPU1] epochs: [51/100] train_acc: 0.393 train_loss_sup: 3.280
[GPU1] epochs: [52/100] train_acc: 0.392 train_loss_sup: 3.263
[GPU1] epochs: [53/100] train_acc: 0.396 train_loss_sup: 3.118
[GPU1] epochs: [54/100] train_acc: 0.399 train_loss_sup: 3.034
[GPU1] epochs: [55/100] train_acc: 0.399 train_loss_sup: 3.012
[GPU1] epochs: [56/100] train_acc: 0.400 train_loss_sup: 2.996
[GPU1] epochs: [57/100] train_acc: 0.410 train_loss_sup: 2.872
[GPU1] epochs: [58/100] train_acc: 0.410 train_loss_sup: 2.800
[GPU1] epochs: [59/100] train_acc: 0.408 train_loss_sup: 2.806
[GPU1] epochs: [60/100] train_acc: 0.411 train_loss_sup: 2.775
[GPU1] Test Accuracy at epoch: 60: 0.39
[GPU1] epochs: [61/100] train_acc: 0.416 train_loss_sup: 2.693
[GPU1] epochs: [62/100] train_acc: 0.419 train_loss_sup: 2.653
[GPU1] epochs: [63/100] train_acc: 0.422 train_loss_sup: 2.593
[GPU1] epochs: [64/100] train_acc: 0.427 train_loss_sup: 2.568
[GPU1] epochs: [65/100] train_acc: 0.429 train_loss_sup: 2.538
[GPU1] epochs: [66/100] train_acc: 0.428 train_loss_sup: 2.506
[GPU1] epochs: [67/100] train_acc: 0.433 train_loss_sup: 2.467
[GPU1] epochs: [68/100] train_acc: 0.439 train_loss_sup: 2.417
[GPU1] epochs: [69/100] train_acc: 0.441 train_loss_sup: 2.381
[GPU1] epochs: [70/100] train_acc: 0.444 train_loss_sup: 2.375
[GPU1] Test Accuracy at epoch: 70: 0.399
[GPU1] epochs: [71/100] train_acc: 0.443 train_loss_sup: 2.359
[GPU1] epochs: [72/100] train_acc: 0.452 train_loss_sup: 2.297
[GPU1] epochs: [73/100] train_acc: 0.453 train_loss_sup: 2.284
[GPU1] epochs: [74/100] train_acc: 0.456 train_loss_sup: 2.269
[GPU1] epochs: [75/100] train_acc: 0.460 train_loss_sup: 2.230
[GPU1] epochs: [76/100] train_acc: 0.463 train_loss_sup: 2.197
[GPU1] epochs: [77/100] train_acc: 0.466 train_loss_sup: 2.186
[GPU1] epochs: [78/100] train_acc: 0.466 train_loss_sup: 2.179
[GPU1] epochs: [79/100] train_acc: 0.474 train_loss_sup: 2.142
[GPU1] epochs: [80/100] train_acc: 0.475 train_loss_sup: 2.138
[GPU1] Test Accuracy at epoch: 80: 0.423
[GPU1] epochs: [81/100] train_acc: 0.476 train_loss_sup: 2.114
[GPU1] epochs: [82/100] train_acc: 0.480 train_loss_sup: 2.103
[GPU1] epochs: [83/100] train_acc: 0.482 train_loss_sup: 2.091
[GPU1] epochs: [84/100] train_acc: 0.482 train_loss_sup: 2.077
[GPU1] epochs: [85/100] train_acc: 0.490 train_loss_sup: 2.058
[GPU1] epochs: [86/100] train_acc: 0.489 train_loss_sup: 2.041
[GPU1] epochs: [87/100] train_acc: 0.494 train_loss_sup: 2.035
[GPU1] epochs: [88/100] train_acc: 0.491 train_loss_sup: 2.033
[GPU1] epochs: [89/100] train_acc: 0.495 train_loss_sup: 2.032
[GPU1] epochs: [90/100] train_acc: 0.498 train_loss_sup: 2.007
[GPU1] Test Accuracy at epoch: 90: 0.434
[GPU1] epochs: [91/100] train_acc: 0.501 train_loss_sup: 1.997
[GPU1] epochs: [92/100] train_acc: 0.503 train_loss_sup: 1.991
[GPU1] epochs: [93/100] train_acc: 0.500 train_loss_sup: 2.001
[GPU1] epochs: [94/100] train_acc: 0.502 train_loss_sup: 1.996
[GPU1] epochs: [95/100] train_acc: 0.505 train_loss_sup: 1.987
[GPU1] epochs: [96/100] train_acc: 0.508 train_loss_sup: 1.968
[GPU1] epochs: [97/100] train_acc: 0.507 train_loss_sup: 1.962
[GPU1] epochs: [98/100] train_acc: 0.507 train_loss_sup: 1.975
[GPU1] epochs: [99/100] train_acc: 0.507 train_loss_sup: 1.970
[GPU1] epochs: [100/100] train_acc: 0.508 train_loss_sup: 1.975
[GPU1] Final Test Accuracy: 0.436
LR: 1.000 | WD: 0.000000 | Cosine: True | test Acc: 0.436%
------------------------------
Best Test Accuracy: 0.454%
Optimal Hyperparameters: LR=0.1, WD=0.0001, Cosine=1
knn evalution
logistic regression evalution
clustering metrics evalution
knn_acc: 0.303
lreg_acc: 0.398
ari: 0.050
nmi: 0.252
ss: 0.020
dbs: 3.313
