Namespace(dataset='cifar10', saved_path='saved_models/bt.sc.timg.r18.pth', gpu=0, model='resnet18', verbose=False, epochs=100, eval_every=10, knn=True, lreg=True, linprobe=True, tsne=False, umap=False, cmet=True)
<All keys matched successfully>
Starting Hyperparameter Sweep on 0...
===> using linear mlp
Scheduler: None
MLP: MLP(
  (mlp): Linear(in_features=512, out_features=10, bias=True)
)
[GPU0] Test Accuracy at epoch: 0: 0.685
[GPU0] epochs: [1/100] train_acc: 0.600 train_loss_sup: 1.200
[GPU0] epochs: [2/100] train_acc: 0.642 train_loss_sup: 1.076
[GPU0] epochs: [3/100] train_acc: 0.646 train_loss_sup: 1.072
[GPU0] epochs: [4/100] train_acc: 0.652 train_loss_sup: 1.055
[GPU0] epochs: [5/100] train_acc: 0.653 train_loss_sup: 1.050
[GPU0] epochs: [6/100] train_acc: 0.654 train_loss_sup: 1.056
[GPU0] epochs: [7/100] train_acc: 0.659 train_loss_sup: 1.037
[GPU0] epochs: [8/100] train_acc: 0.652 train_loss_sup: 1.064
[GPU0] epochs: [9/100] train_acc: 0.654 train_loss_sup: 1.052
[GPU0] epochs: [10/100] train_acc: 0.653 train_loss_sup: 1.048
[GPU0] Test Accuracy at epoch: 10: 0.707
[GPU0] epochs: [11/100] train_acc: 0.653 train_loss_sup: 1.054
[GPU0] epochs: [12/100] train_acc: 0.649 train_loss_sup: 1.071
[GPU0] epochs: [13/100] train_acc: 0.650 train_loss_sup: 1.061
[GPU0] epochs: [14/100] train_acc: 0.652 train_loss_sup: 1.064
[GPU0] epochs: [15/100] train_acc: 0.648 train_loss_sup: 1.087
[GPU0] epochs: [16/100] train_acc: 0.657 train_loss_sup: 1.045
[GPU0] epochs: [17/100] train_acc: 0.651 train_loss_sup: 1.076
[GPU0] epochs: [18/100] train_acc: 0.649 train_loss_sup: 1.069
[GPU0] epochs: [19/100] train_acc: 0.655 train_loss_sup: 1.051
[GPU0] epochs: [20/100] train_acc: 0.659 train_loss_sup: 1.042
[GPU0] Test Accuracy at epoch: 20: 0.706
[GPU0] epochs: [21/100] train_acc: 0.650 train_loss_sup: 1.075
[GPU0] epochs: [22/100] train_acc: 0.644 train_loss_sup: 1.092
[GPU0] epochs: [23/100] train_acc: 0.653 train_loss_sup: 1.058
[GPU0] epochs: [24/100] train_acc: 0.651 train_loss_sup: 1.068
[GPU0] epochs: [25/100] train_acc: 0.654 train_loss_sup: 1.054
[GPU0] epochs: [26/100] train_acc: 0.654 train_loss_sup: 1.057
[GPU0] epochs: [27/100] train_acc: 0.657 train_loss_sup: 1.042
[GPU0] epochs: [28/100] train_acc: 0.652 train_loss_sup: 1.062
[GPU0] epochs: [29/100] train_acc: 0.645 train_loss_sup: 1.089
[GPU0] epochs: [30/100] train_acc: 0.654 train_loss_sup: 1.069
[GPU0] Test Accuracy at epoch: 30: 0.693
[GPU0] epochs: [31/100] train_acc: 0.655 train_loss_sup: 1.051
[GPU0] epochs: [32/100] train_acc: 0.661 train_loss_sup: 1.027
[GPU0] epochs: [33/100] train_acc: 0.649 train_loss_sup: 1.073
[GPU0] epochs: [34/100] train_acc: 0.654 train_loss_sup: 1.049
[GPU0] epochs: [35/100] train_acc: 0.649 train_loss_sup: 1.067
[GPU0] epochs: [36/100] train_acc: 0.656 train_loss_sup: 1.060
[GPU0] epochs: [37/100] train_acc: 0.653 train_loss_sup: 1.064
[GPU0] epochs: [38/100] train_acc: 0.657 train_loss_sup: 1.031
[GPU0] epochs: [39/100] train_acc: 0.658 train_loss_sup: 1.040
[GPU0] epochs: [40/100] train_acc: 0.654 train_loss_sup: 1.050
[GPU0] Test Accuracy at epoch: 40: 0.7
[GPU0] epochs: [41/100] train_acc: 0.654 train_loss_sup: 1.056
[GPU0] epochs: [42/100] train_acc: 0.654 train_loss_sup: 1.053
[GPU0] epochs: [43/100] train_acc: 0.652 train_loss_sup: 1.059
[GPU0] epochs: [44/100] train_acc: 0.648 train_loss_sup: 1.076
[GPU0] epochs: [45/100] train_acc: 0.653 train_loss_sup: 1.057
[GPU0] epochs: [46/100] train_acc: 0.658 train_loss_sup: 1.043
[GPU0] epochs: [47/100] train_acc: 0.656 train_loss_sup: 1.053
[GPU0] epochs: [48/100] train_acc: 0.656 train_loss_sup: 1.050
[GPU0] epochs: [49/100] train_acc: 0.655 train_loss_sup: 1.049
[GPU0] epochs: [50/100] train_acc: 0.656 train_loss_sup: 1.042
[GPU0] Test Accuracy at epoch: 50: 0.694
[GPU0] epochs: [51/100] train_acc: 0.656 train_loss_sup: 1.055
[GPU0] epochs: [52/100] train_acc: 0.654 train_loss_sup: 1.059
[GPU0] epochs: [53/100] train_acc: 0.654 train_loss_sup: 1.052
[GPU0] epochs: [54/100] train_acc: 0.653 train_loss_sup: 1.057
[GPU0] epochs: [55/100] train_acc: 0.649 train_loss_sup: 1.076
[GPU0] epochs: [56/100] train_acc: 0.657 train_loss_sup: 1.052
[GPU0] epochs: [57/100] train_acc: 0.657 train_loss_sup: 1.053
[GPU0] epochs: [58/100] train_acc: 0.647 train_loss_sup: 1.077
[GPU0] epochs: [59/100] train_acc: 0.646 train_loss_sup: 1.086
[GPU0] epochs: [60/100] train_acc: 0.651 train_loss_sup: 1.077
[GPU0] Test Accuracy at epoch: 60: 0.697
[GPU0] epochs: [61/100] train_acc: 0.651 train_loss_sup: 1.060
[GPU0] epochs: [62/100] train_acc: 0.654 train_loss_sup: 1.056
[GPU0] epochs: [63/100] train_acc: 0.654 train_loss_sup: 1.059
[GPU0] epochs: [64/100] train_acc: 0.654 train_loss_sup: 1.050
[GPU0] epochs: [65/100] train_acc: 0.654 train_loss_sup: 1.048
[GPU0] epochs: [66/100] train_acc: 0.661 train_loss_sup: 1.038
[GPU0] epochs: [67/100] train_acc: 0.653 train_loss_sup: 1.061
[GPU0] epochs: [68/100] train_acc: 0.652 train_loss_sup: 1.067
[GPU0] epochs: [69/100] train_acc: 0.654 train_loss_sup: 1.061
[GPU0] epochs: [70/100] train_acc: 0.651 train_loss_sup: 1.067
[GPU0] Test Accuracy at epoch: 70: 0.691
[GPU0] epochs: [71/100] train_acc: 0.656 train_loss_sup: 1.058
[GPU0] epochs: [72/100] train_acc: 0.645 train_loss_sup: 1.088
[GPU0] epochs: [73/100] train_acc: 0.657 train_loss_sup: 1.038
[GPU0] epochs: [74/100] train_acc: 0.651 train_loss_sup: 1.071
[GPU0] epochs: [75/100] train_acc: 0.655 train_loss_sup: 1.053
[GPU0] epochs: [76/100] train_acc: 0.654 train_loss_sup: 1.055
[GPU0] epochs: [77/100] train_acc: 0.655 train_loss_sup: 1.054
[GPU0] epochs: [78/100] train_acc: 0.654 train_loss_sup: 1.053
[GPU0] epochs: [79/100] train_acc: 0.653 train_loss_sup: 1.068
[GPU0] epochs: [80/100] train_acc: 0.656 train_loss_sup: 1.046
[GPU0] Test Accuracy at epoch: 80: 0.7
[GPU0] epochs: [81/100] train_acc: 0.650 train_loss_sup: 1.070
[GPU0] epochs: [82/100] train_acc: 0.654 train_loss_sup: 1.052
[GPU0] epochs: [83/100] train_acc: 0.656 train_loss_sup: 1.048
[GPU0] epochs: [84/100] train_acc: 0.650 train_loss_sup: 1.077
[GPU0] epochs: [85/100] train_acc: 0.645 train_loss_sup: 1.097
[GPU0] epochs: [86/100] train_acc: 0.657 train_loss_sup: 1.048
[GPU0] epochs: [87/100] train_acc: 0.656 train_loss_sup: 1.055
[GPU0] epochs: [88/100] train_acc: 0.655 train_loss_sup: 1.052
[GPU0] epochs: [89/100] train_acc: 0.654 train_loss_sup: 1.048
[GPU0] epochs: [90/100] train_acc: 0.654 train_loss_sup: 1.057
[GPU0] Test Accuracy at epoch: 90: 0.698
[GPU0] epochs: [91/100] train_acc: 0.660 train_loss_sup: 1.038
[GPU0] epochs: [92/100] train_acc: 0.655 train_loss_sup: 1.046
[GPU0] epochs: [93/100] train_acc: 0.651 train_loss_sup: 1.065
[GPU0] epochs: [94/100] train_acc: 0.653 train_loss_sup: 1.059
[GPU0] epochs: [95/100] train_acc: 0.656 train_loss_sup: 1.042
[GPU0] epochs: [96/100] train_acc: 0.654 train_loss_sup: 1.055
[GPU0] epochs: [97/100] train_acc: 0.653 train_loss_sup: 1.062
[GPU0] epochs: [98/100] train_acc: 0.658 train_loss_sup: 1.045
[GPU0] epochs: [99/100] train_acc: 0.656 train_loss_sup: 1.049
[GPU0] epochs: [100/100] train_acc: 0.647 train_loss_sup: 1.088
[GPU0] Final Test Accuracy: 0.692
LR: 0.100 | WD: 0.000001 | Cosine: False | test Acc: 0.707%
===> using linear mlp
Scheduler: None
MLP: MLP(
  (mlp): Linear(in_features=512, out_features=10, bias=True)
)
[GPU0] Test Accuracy at epoch: 0: 0.677
[GPU0] epochs: [1/100] train_acc: 0.602 train_loss_sup: 1.199
[GPU0] epochs: [2/100] train_acc: 0.639 train_loss_sup: 1.098
[GPU0] epochs: [3/100] train_acc: 0.640 train_loss_sup: 1.089
[GPU0] epochs: [4/100] train_acc: 0.649 train_loss_sup: 1.058
[GPU0] epochs: [5/100] train_acc: 0.647 train_loss_sup: 1.069
[GPU0] epochs: [6/100] train_acc: 0.650 train_loss_sup: 1.062
[GPU0] epochs: [7/100] train_acc: 0.647 train_loss_sup: 1.071
[GPU0] epochs: [8/100] train_acc: 0.644 train_loss_sup: 1.093
[GPU0] epochs: [9/100] train_acc: 0.652 train_loss_sup: 1.061
[GPU0] epochs: [10/100] train_acc: 0.654 train_loss_sup: 1.057
[GPU0] Test Accuracy at epoch: 10: 0.687
[GPU0] epochs: [11/100] train_acc: 0.653 train_loss_sup: 1.053
[GPU0] epochs: [12/100] train_acc: 0.652 train_loss_sup: 1.060
[GPU0] epochs: [13/100] train_acc: 0.657 train_loss_sup: 1.037
[GPU0] epochs: [14/100] train_acc: 0.647 train_loss_sup: 1.074
[GPU0] epochs: [15/100] train_acc: 0.653 train_loss_sup: 1.053
[GPU0] epochs: [16/100] train_acc: 0.651 train_loss_sup: 1.066
[GPU0] epochs: [17/100] train_acc: 0.653 train_loss_sup: 1.052
[GPU0] epochs: [18/100] train_acc: 0.655 train_loss_sup: 1.051
[GPU0] epochs: [19/100] train_acc: 0.658 train_loss_sup: 1.035
[GPU0] epochs: [20/100] train_acc: 0.648 train_loss_sup: 1.075
[GPU0] Test Accuracy at epoch: 20: 0.697
[GPU0] epochs: [21/100] train_acc: 0.652 train_loss_sup: 1.053
[GPU0] epochs: [22/100] train_acc: 0.651 train_loss_sup: 1.058
[GPU0] epochs: [23/100] train_acc: 0.653 train_loss_sup: 1.053
[GPU0] epochs: [24/100] train_acc: 0.659 train_loss_sup: 1.038
[GPU0] epochs: [25/100] train_acc: 0.653 train_loss_sup: 1.060
[GPU0] epochs: [26/100] train_acc: 0.652 train_loss_sup: 1.063
[GPU0] epochs: [27/100] train_acc: 0.653 train_loss_sup: 1.064
[GPU0] epochs: [28/100] train_acc: 0.654 train_loss_sup: 1.055
[GPU0] epochs: [29/100] train_acc: 0.653 train_loss_sup: 1.052
[GPU0] epochs: [30/100] train_acc: 0.651 train_loss_sup: 1.060
[GPU0] Test Accuracy at epoch: 30: 0.683
[GPU0] epochs: [31/100] train_acc: 0.651 train_loss_sup: 1.061
[GPU0] epochs: [32/100] train_acc: 0.652 train_loss_sup: 1.053
[GPU0] epochs: [33/100] train_acc: 0.655 train_loss_sup: 1.054
[GPU0] epochs: [34/100] train_acc: 0.655 train_loss_sup: 1.047
[GPU0] epochs: [35/100] train_acc: 0.654 train_loss_sup: 1.057
[GPU0] epochs: [36/100] train_acc: 0.655 train_loss_sup: 1.046
[GPU0] epochs: [37/100] train_acc: 0.658 train_loss_sup: 1.035
[GPU0] epochs: [38/100] train_acc: 0.652 train_loss_sup: 1.066
[GPU0] epochs: [39/100] train_acc: 0.651 train_loss_sup: 1.068
[GPU0] epochs: [40/100] train_acc: 0.654 train_loss_sup: 1.046
[GPU0] Test Accuracy at epoch: 40: 0.679
[GPU0] epochs: [41/100] train_acc: 0.653 train_loss_sup: 1.059
[GPU0] epochs: [42/100] train_acc: 0.652 train_loss_sup: 1.064
[GPU0] epochs: [43/100] train_acc: 0.652 train_loss_sup: 1.066
[GPU0] epochs: [44/100] train_acc: 0.655 train_loss_sup: 1.057
[GPU0] epochs: [45/100] train_acc: 0.654 train_loss_sup: 1.056
[GPU0] epochs: [46/100] train_acc: 0.656 train_loss_sup: 1.045
[GPU0] epochs: [47/100] train_acc: 0.650 train_loss_sup: 1.076
[GPU0] epochs: [48/100] train_acc: 0.661 train_loss_sup: 1.047
[GPU0] epochs: [49/100] train_acc: 0.649 train_loss_sup: 1.066
[GPU0] epochs: [50/100] train_acc: 0.651 train_loss_sup: 1.063
[GPU0] Test Accuracy at epoch: 50: 0.686
[GPU0] epochs: [51/100] train_acc: 0.649 train_loss_sup: 1.060
[GPU0] epochs: [52/100] train_acc: 0.649 train_loss_sup: 1.059
[GPU0] epochs: [53/100] train_acc: 0.656 train_loss_sup: 1.051
[GPU0] epochs: [54/100] train_acc: 0.654 train_loss_sup: 1.054
[GPU0] epochs: [55/100] train_acc: 0.660 train_loss_sup: 1.030
[GPU0] epochs: [56/100] train_acc: 0.644 train_loss_sup: 1.090
[GPU0] epochs: [57/100] train_acc: 0.651 train_loss_sup: 1.060
[GPU0] epochs: [58/100] train_acc: 0.657 train_loss_sup: 1.031
[GPU0] epochs: [59/100] train_acc: 0.656 train_loss_sup: 1.053
[GPU0] epochs: [60/100] train_acc: 0.651 train_loss_sup: 1.071
[GPU0] Test Accuracy at epoch: 60: 0.691
[GPU0] epochs: [61/100] train_acc: 0.657 train_loss_sup: 1.044
[GPU0] epochs: [62/100] train_acc: 0.652 train_loss_sup: 1.057
[GPU0] epochs: [63/100] train_acc: 0.651 train_loss_sup: 1.075
[GPU0] epochs: [64/100] train_acc: 0.653 train_loss_sup: 1.058
[GPU0] epochs: [65/100] train_acc: 0.649 train_loss_sup: 1.082
[GPU0] epochs: [66/100] train_acc: 0.649 train_loss_sup: 1.067
[GPU0] epochs: [67/100] train_acc: 0.658 train_loss_sup: 1.042
[GPU0] epochs: [68/100] train_acc: 0.646 train_loss_sup: 1.090
[GPU0] epochs: [69/100] train_acc: 0.646 train_loss_sup: 1.091
[GPU0] epochs: [70/100] train_acc: 0.658 train_loss_sup: 1.051
[GPU0] Test Accuracy at epoch: 70: 0.694
[GPU0] epochs: [71/100] train_acc: 0.651 train_loss_sup: 1.065
[GPU0] epochs: [72/100] train_acc: 0.650 train_loss_sup: 1.066
[GPU0] epochs: [73/100] train_acc: 0.652 train_loss_sup: 1.073
[GPU0] epochs: [74/100] train_acc: 0.653 train_loss_sup: 1.061
[GPU0] epochs: [75/100] train_acc: 0.654 train_loss_sup: 1.055
[GPU0] epochs: [76/100] train_acc: 0.653 train_loss_sup: 1.061
[GPU0] epochs: [77/100] train_acc: 0.650 train_loss_sup: 1.067
[GPU0] epochs: [78/100] train_acc: 0.652 train_loss_sup: 1.053
[GPU0] epochs: [79/100] train_acc: 0.657 train_loss_sup: 1.040
[GPU0] epochs: [80/100] train_acc: 0.660 train_loss_sup: 1.028
[GPU0] Test Accuracy at epoch: 80: 0.69
[GPU0] epochs: [81/100] train_acc: 0.651 train_loss_sup: 1.061
[GPU0] epochs: [82/100] train_acc: 0.653 train_loss_sup: 1.058
[GPU0] epochs: [83/100] train_acc: 0.653 train_loss_sup: 1.057
[GPU0] epochs: [84/100] train_acc: 0.652 train_loss_sup: 1.078
[GPU0] epochs: [85/100] train_acc: 0.653 train_loss_sup: 1.053
[GPU0] epochs: [86/100] train_acc: 0.651 train_loss_sup: 1.067
[GPU0] epochs: [87/100] train_acc: 0.653 train_loss_sup: 1.053
[GPU0] epochs: [88/100] train_acc: 0.653 train_loss_sup: 1.061
[GPU0] epochs: [89/100] train_acc: 0.652 train_loss_sup: 1.078
[GPU0] epochs: [90/100] train_acc: 0.652 train_loss_sup: 1.066
[GPU0] Test Accuracy at epoch: 90: 0.698
[GPU0] epochs: [91/100] train_acc: 0.654 train_loss_sup: 1.060
[GPU0] epochs: [92/100] train_acc: 0.651 train_loss_sup: 1.062
[GPU0] epochs: [93/100] train_acc: 0.653 train_loss_sup: 1.049
[GPU0] epochs: [94/100] train_acc: 0.655 train_loss_sup: 1.048
[GPU0] epochs: [95/100] train_acc: 0.652 train_loss_sup: 1.063
[GPU0] epochs: [96/100] train_acc: 0.659 train_loss_sup: 1.038
[GPU0] epochs: [97/100] train_acc: 0.657 train_loss_sup: 1.042
[GPU0] epochs: [98/100] train_acc: 0.654 train_loss_sup: 1.050
[GPU0] epochs: [99/100] train_acc: 0.652 train_loss_sup: 1.050
[GPU0] epochs: [100/100] train_acc: 0.649 train_loss_sup: 1.060
[GPU0] Final Test Accuracy: 0.673
LR: 0.100 | WD: 0.000100 | Cosine: False | test Acc: 0.698%
===> using linear mlp
Scheduler: None
MLP: MLP(
  (mlp): Linear(in_features=512, out_features=10, bias=True)
)
[GPU0] Test Accuracy at epoch: 0: 0.643
[GPU0] epochs: [1/100] train_acc: 0.599 train_loss_sup: 1.210
[GPU0] epochs: [2/100] train_acc: 0.642 train_loss_sup: 1.081
[GPU0] epochs: [3/100] train_acc: 0.644 train_loss_sup: 1.073
[GPU0] epochs: [4/100] train_acc: 0.653 train_loss_sup: 1.060
[GPU0] epochs: [5/100] train_acc: 0.650 train_loss_sup: 1.061
[GPU0] epochs: [6/100] train_acc: 0.652 train_loss_sup: 1.061
[GPU0] epochs: [7/100] train_acc: 0.647 train_loss_sup: 1.080
[GPU0] epochs: [8/100] train_acc: 0.655 train_loss_sup: 1.044
[GPU0] epochs: [9/100] train_acc: 0.655 train_loss_sup: 1.055
[GPU0] epochs: [10/100] train_acc: 0.652 train_loss_sup: 1.064
[GPU0] Test Accuracy at epoch: 10: 0.699
[GPU0] epochs: [11/100] train_acc: 0.655 train_loss_sup: 1.049
[GPU0] epochs: [12/100] train_acc: 0.652 train_loss_sup: 1.066
[GPU0] epochs: [13/100] train_acc: 0.649 train_loss_sup: 1.084
[GPU0] epochs: [14/100] train_acc: 0.652 train_loss_sup: 1.062
[GPU0] epochs: [15/100] train_acc: 0.657 train_loss_sup: 1.040
[GPU0] epochs: [16/100] train_acc: 0.650 train_loss_sup: 1.067
[GPU0] epochs: [17/100] train_acc: 0.652 train_loss_sup: 1.073
[GPU0] epochs: [18/100] train_acc: 0.656 train_loss_sup: 1.046
[GPU0] epochs: [19/100] train_acc: 0.655 train_loss_sup: 1.046
[GPU0] epochs: [20/100] train_acc: 0.646 train_loss_sup: 1.095
[GPU0] Test Accuracy at epoch: 20: 0.689
[GPU0] epochs: [21/100] train_acc: 0.657 train_loss_sup: 1.054
[GPU0] epochs: [22/100] train_acc: 0.645 train_loss_sup: 1.095
[GPU0] epochs: [23/100] train_acc: 0.653 train_loss_sup: 1.067
[GPU0] epochs: [24/100] train_acc: 0.646 train_loss_sup: 1.088
[GPU0] epochs: [25/100] train_acc: 0.655 train_loss_sup: 1.060
[GPU0] epochs: [26/100] train_acc: 0.653 train_loss_sup: 1.065
[GPU0] epochs: [27/100] train_acc: 0.655 train_loss_sup: 1.049
[GPU0] epochs: [28/100] train_acc: 0.650 train_loss_sup: 1.073
[GPU0] epochs: [29/100] train_acc: 0.652 train_loss_sup: 1.066
[GPU0] epochs: [30/100] train_acc: 0.658 train_loss_sup: 1.038
[GPU0] Test Accuracy at epoch: 30: 0.683
[GPU0] epochs: [31/100] train_acc: 0.656 train_loss_sup: 1.046
[GPU0] epochs: [32/100] train_acc: 0.655 train_loss_sup: 1.050
[GPU0] epochs: [33/100] train_acc: 0.656 train_loss_sup: 1.053
[GPU0] epochs: [34/100] train_acc: 0.651 train_loss_sup: 1.074
[GPU0] epochs: [35/100] train_acc: 0.655 train_loss_sup: 1.059
[GPU0] epochs: [36/100] train_acc: 0.653 train_loss_sup: 1.066
[GPU0] epochs: [37/100] train_acc: 0.652 train_loss_sup: 1.068
[GPU0] epochs: [38/100] train_acc: 0.656 train_loss_sup: 1.041
[GPU0] epochs: [39/100] train_acc: 0.650 train_loss_sup: 1.073
[GPU0] epochs: [40/100] train_acc: 0.655 train_loss_sup: 1.053
[GPU0] Test Accuracy at epoch: 40: 0.698
[GPU0] epochs: [41/100] train_acc: 0.653 train_loss_sup: 1.060
[GPU0] epochs: [42/100] train_acc: 0.650 train_loss_sup: 1.060
[GPU0] epochs: [43/100] train_acc: 0.656 train_loss_sup: 1.046
[GPU0] epochs: [44/100] train_acc: 0.652 train_loss_sup: 1.057
[GPU0] epochs: [45/100] train_acc: 0.647 train_loss_sup: 1.085
[GPU0] epochs: [46/100] train_acc: 0.650 train_loss_sup: 1.076
[GPU0] epochs: [47/100] train_acc: 0.655 train_loss_sup: 1.045
[GPU0] epochs: [48/100] train_acc: 0.654 train_loss_sup: 1.053
[GPU0] epochs: [49/100] train_acc: 0.656 train_loss_sup: 1.048
[GPU0] epochs: [50/100] train_acc: 0.658 train_loss_sup: 1.046
[GPU0] Test Accuracy at epoch: 50: 0.691
[GPU0] epochs: [51/100] train_acc: 0.652 train_loss_sup: 1.060
[GPU0] epochs: [52/100] train_acc: 0.656 train_loss_sup: 1.057
[GPU0] epochs: [53/100] train_acc: 0.658 train_loss_sup: 1.044
[GPU0] epochs: [54/100] train_acc: 0.652 train_loss_sup: 1.068
[GPU0] epochs: [55/100] train_acc: 0.657 train_loss_sup: 1.051
[GPU0] epochs: [56/100] train_acc: 0.647 train_loss_sup: 1.089
[GPU0] epochs: [57/100] train_acc: 0.649 train_loss_sup: 1.068
[GPU0] epochs: [58/100] train_acc: 0.654 train_loss_sup: 1.057
[GPU0] epochs: [59/100] train_acc: 0.653 train_loss_sup: 1.067
[GPU0] epochs: [60/100] train_acc: 0.657 train_loss_sup: 1.057
[GPU0] Test Accuracy at epoch: 60: 0.689
[GPU0] epochs: [61/100] train_acc: 0.657 train_loss_sup: 1.045
[GPU0] epochs: [62/100] train_acc: 0.657 train_loss_sup: 1.045
[GPU0] epochs: [63/100] train_acc: 0.656 train_loss_sup: 1.048
[GPU0] epochs: [64/100] train_acc: 0.653 train_loss_sup: 1.054
[GPU0] epochs: [65/100] train_acc: 0.651 train_loss_sup: 1.070
[GPU0] epochs: [66/100] train_acc: 0.656 train_loss_sup: 1.047
[GPU0] epochs: [67/100] train_acc: 0.656 train_loss_sup: 1.050
[GPU0] epochs: [68/100] train_acc: 0.656 train_loss_sup: 1.046
[GPU0] epochs: [69/100] train_acc: 0.660 train_loss_sup: 1.030
[GPU0] epochs: [70/100] train_acc: 0.655 train_loss_sup: 1.049
[GPU0] Test Accuracy at epoch: 70: 0.674
[GPU0] epochs: [71/100] train_acc: 0.654 train_loss_sup: 1.060
[GPU0] epochs: [72/100] train_acc: 0.654 train_loss_sup: 1.056
[GPU0] epochs: [73/100] train_acc: 0.652 train_loss_sup: 1.048
[GPU0] epochs: [74/100] train_acc: 0.655 train_loss_sup: 1.060
[GPU0] epochs: [75/100] train_acc: 0.652 train_loss_sup: 1.058
[GPU0] epochs: [76/100] train_acc: 0.651 train_loss_sup: 1.061
[GPU0] epochs: [77/100] train_acc: 0.655 train_loss_sup: 1.052
[GPU0] epochs: [78/100] train_acc: 0.654 train_loss_sup: 1.060
[GPU0] epochs: [79/100] train_acc: 0.660 train_loss_sup: 1.049
[GPU0] epochs: [80/100] train_acc: 0.653 train_loss_sup: 1.068
[GPU0] Test Accuracy at epoch: 80: 0.667
[GPU0] epochs: [81/100] train_acc: 0.653 train_loss_sup: 1.060
[GPU0] epochs: [82/100] train_acc: 0.654 train_loss_sup: 1.056
[GPU0] epochs: [83/100] train_acc: 0.655 train_loss_sup: 1.064
[GPU0] epochs: [84/100] train_acc: 0.654 train_loss_sup: 1.062
[GPU0] epochs: [85/100] train_acc: 0.656 train_loss_sup: 1.046
[GPU0] epochs: [86/100] train_acc: 0.660 train_loss_sup: 1.045
[GPU0] epochs: [87/100] train_acc: 0.654 train_loss_sup: 1.056
[GPU0] epochs: [88/100] train_acc: 0.653 train_loss_sup: 1.051
[GPU0] epochs: [89/100] train_acc: 0.651 train_loss_sup: 1.069
[GPU0] epochs: [90/100] train_acc: 0.655 train_loss_sup: 1.051
[GPU0] Test Accuracy at epoch: 90: 0.697
[GPU0] epochs: [91/100] train_acc: 0.658 train_loss_sup: 1.046
[GPU0] epochs: [92/100] train_acc: 0.653 train_loss_sup: 1.052
[GPU0] epochs: [93/100] train_acc: 0.647 train_loss_sup: 1.084
[GPU0] epochs: [94/100] train_acc: 0.655 train_loss_sup: 1.055
[GPU0] epochs: [95/100] train_acc: 0.652 train_loss_sup: 1.068
[GPU0] epochs: [96/100] train_acc: 0.651 train_loss_sup: 1.079
[GPU0] epochs: [97/100] train_acc: 0.648 train_loss_sup: 1.078
[GPU0] epochs: [98/100] train_acc: 0.658 train_loss_sup: 1.037
[GPU0] epochs: [99/100] train_acc: 0.654 train_loss_sup: 1.056
[GPU0] epochs: [100/100] train_acc: 0.651 train_loss_sup: 1.059
[GPU0] Final Test Accuracy: 0.678
LR: 0.100 | WD: 0.000000 | Cosine: False | test Acc: 0.699%
===> using linear mlp
Scheduler: None
MLP: MLP(
  (mlp): Linear(in_features=512, out_features=10, bias=True)
)
[GPU0] Test Accuracy at epoch: 0: 0.625
[GPU0] epochs: [1/100] train_acc: 0.520 train_loss_sup: 18.770
[GPU0] epochs: [2/100] train_acc: 0.558 train_loss_sup: 7.434
[GPU0] epochs: [3/100] train_acc: 0.552 train_loss_sup: 8.356
[GPU0] epochs: [4/100] train_acc: 0.560 train_loss_sup: 7.265
[GPU0] epochs: [5/100] train_acc: 0.562 train_loss_sup: 8.152
[GPU0] epochs: [6/100] train_acc: 0.559 train_loss_sup: 7.280
[GPU0] epochs: [7/100] train_acc: 0.562 train_loss_sup: 7.487
[GPU0] epochs: [8/100] train_acc: 0.561 train_loss_sup: 7.633
[GPU0] epochs: [9/100] train_acc: 0.555 train_loss_sup: 8.249
[GPU0] epochs: [10/100] train_acc: 0.578 train_loss_sup: 6.490
[GPU0] Test Accuracy at epoch: 10: 0.592
[GPU0] epochs: [11/100] train_acc: 0.547 train_loss_sup: 9.691
[GPU0] epochs: [12/100] train_acc: 0.570 train_loss_sup: 7.773
[GPU0] epochs: [13/100] train_acc: 0.553 train_loss_sup: 7.734
[GPU0] epochs: [14/100] train_acc: 0.567 train_loss_sup: 7.382
[GPU0] epochs: [15/100] train_acc: 0.567 train_loss_sup: 7.374
[GPU0] epochs: [16/100] train_acc: 0.565 train_loss_sup: 7.977
[GPU0] epochs: [17/100] train_acc: 0.574 train_loss_sup: 6.371
[GPU0] epochs: [18/100] train_acc: 0.563 train_loss_sup: 8.757
[GPU0] epochs: [19/100] train_acc: 0.561 train_loss_sup: 7.399
[GPU0] epochs: [20/100] train_acc: 0.560 train_loss_sup: 7.221
[GPU0] Test Accuracy at epoch: 20: 0.661
[GPU0] epochs: [21/100] train_acc: 0.571 train_loss_sup: 7.119
[GPU0] epochs: [22/100] train_acc: 0.568 train_loss_sup: 7.150
[GPU0] epochs: [23/100] train_acc: 0.560 train_loss_sup: 8.084
[GPU0] epochs: [24/100] train_acc: 0.570 train_loss_sup: 6.646
[GPU0] epochs: [25/100] train_acc: 0.562 train_loss_sup: 7.644
[GPU0] epochs: [26/100] train_acc: 0.551 train_loss_sup: 8.770
[GPU0] epochs: [27/100] train_acc: 0.568 train_loss_sup: 7.654
[GPU0] epochs: [28/100] train_acc: 0.576 train_loss_sup: 7.820
[GPU0] epochs: [29/100] train_acc: 0.566 train_loss_sup: 8.169
[GPU0] epochs: [30/100] train_acc: 0.560 train_loss_sup: 7.926
[GPU0] Test Accuracy at epoch: 30: 0.567
[GPU0] epochs: [31/100] train_acc: 0.562 train_loss_sup: 7.137
[GPU0] epochs: [32/100] train_acc: 0.555 train_loss_sup: 8.475
[GPU0] epochs: [33/100] train_acc: 0.565 train_loss_sup: 7.586
[GPU0] epochs: [34/100] train_acc: 0.563 train_loss_sup: 7.903
[GPU0] epochs: [35/100] train_acc: 0.571 train_loss_sup: 7.147
[GPU0] epochs: [36/100] train_acc: 0.561 train_loss_sup: 8.057
[GPU0] epochs: [37/100] train_acc: 0.570 train_loss_sup: 7.916
[GPU0] epochs: [38/100] train_acc: 0.564 train_loss_sup: 7.353
[GPU0] epochs: [39/100] train_acc: 0.564 train_loss_sup: 7.511
[GPU0] epochs: [40/100] train_acc: 0.569 train_loss_sup: 7.146
[GPU0] Test Accuracy at epoch: 40: 0.64
[GPU0] epochs: [41/100] train_acc: 0.561 train_loss_sup: 8.068
[GPU0] epochs: [42/100] train_acc: 0.563 train_loss_sup: 7.571
[GPU0] epochs: [43/100] train_acc: 0.558 train_loss_sup: 8.569
[GPU0] epochs: [44/100] train_acc: 0.558 train_loss_sup: 8.797
[GPU0] epochs: [45/100] train_acc: 0.571 train_loss_sup: 7.969
[GPU0] epochs: [46/100] train_acc: 0.563 train_loss_sup: 7.080
[GPU0] epochs: [47/100] train_acc: 0.571 train_loss_sup: 6.589
[GPU0] epochs: [48/100] train_acc: 0.570 train_loss_sup: 7.314
[GPU0] epochs: [49/100] train_acc: 0.559 train_loss_sup: 6.920
[GPU0] epochs: [50/100] train_acc: 0.558 train_loss_sup: 8.544
[GPU0] Test Accuracy at epoch: 50: 0.641
[GPU0] epochs: [51/100] train_acc: 0.571 train_loss_sup: 6.747
[GPU0] epochs: [52/100] train_acc: 0.555 train_loss_sup: 7.524
[GPU0] epochs: [53/100] train_acc: 0.570 train_loss_sup: 6.861
[GPU0] epochs: [54/100] train_acc: 0.555 train_loss_sup: 7.875
[GPU0] epochs: [55/100] train_acc: 0.565 train_loss_sup: 8.264
[GPU0] epochs: [56/100] train_acc: 0.571 train_loss_sup: 6.893
[GPU0] epochs: [57/100] train_acc: 0.561 train_loss_sup: 7.205
[GPU0] epochs: [58/100] train_acc: 0.568 train_loss_sup: 7.126
[GPU0] epochs: [59/100] train_acc: 0.557 train_loss_sup: 7.643
[GPU0] epochs: [60/100] train_acc: 0.573 train_loss_sup: 7.086
[GPU0] Test Accuracy at epoch: 60: 0.652
[GPU0] epochs: [61/100] train_acc: 0.559 train_loss_sup: 8.349
[GPU0] epochs: [62/100] train_acc: 0.559 train_loss_sup: 7.556
[GPU0] epochs: [63/100] train_acc: 0.560 train_loss_sup: 7.824
[GPU0] epochs: [64/100] train_acc: 0.564 train_loss_sup: 7.383
[GPU0] epochs: [65/100] train_acc: 0.567 train_loss_sup: 7.017
[GPU0] epochs: [66/100] train_acc: 0.560 train_loss_sup: 7.324
[GPU0] epochs: [67/100] train_acc: 0.568 train_loss_sup: 6.978
[GPU0] epochs: [68/100] train_acc: 0.564 train_loss_sup: 7.067
[GPU0] epochs: [69/100] train_acc: 0.561 train_loss_sup: 7.576
[GPU0] epochs: [70/100] train_acc: 0.560 train_loss_sup: 8.312
[GPU0] Test Accuracy at epoch: 70: 0.595
[GPU0] epochs: [71/100] train_acc: 0.559 train_loss_sup: 8.026
[GPU0] epochs: [72/100] train_acc: 0.553 train_loss_sup: 8.839
[GPU0] epochs: [73/100] train_acc: 0.575 train_loss_sup: 7.035
[GPU0] epochs: [74/100] train_acc: 0.573 train_loss_sup: 6.876
[GPU0] epochs: [75/100] train_acc: 0.553 train_loss_sup: 7.556
[GPU0] epochs: [76/100] train_acc: 0.562 train_loss_sup: 7.351
[GPU0] epochs: [77/100] train_acc: 0.565 train_loss_sup: 7.583
[GPU0] epochs: [78/100] train_acc: 0.567 train_loss_sup: 7.008
[GPU0] epochs: [79/100] train_acc: 0.549 train_loss_sup: 8.270
[GPU0] epochs: [80/100] train_acc: 0.569 train_loss_sup: 7.079
[GPU0] Test Accuracy at epoch: 80: 0.633
[GPU0] epochs: [81/100] train_acc: 0.570 train_loss_sup: 6.961
[GPU0] epochs: [82/100] train_acc: 0.564 train_loss_sup: 7.082
[GPU0] epochs: [83/100] train_acc: 0.559 train_loss_sup: 7.754
[GPU0] epochs: [84/100] train_acc: 0.563 train_loss_sup: 7.468
[GPU0] epochs: [85/100] train_acc: 0.560 train_loss_sup: 7.513
[GPU0] epochs: [86/100] train_acc: 0.552 train_loss_sup: 9.023
[GPU0] epochs: [87/100] train_acc: 0.569 train_loss_sup: 8.814
[GPU0] epochs: [88/100] train_acc: 0.571 train_loss_sup: 6.397
[GPU0] epochs: [89/100] train_acc: 0.565 train_loss_sup: 7.816
[GPU0] epochs: [90/100] train_acc: 0.555 train_loss_sup: 8.388
[GPU0] Test Accuracy at epoch: 90: 0.643
[GPU0] epochs: [91/100] train_acc: 0.553 train_loss_sup: 8.490
[GPU0] epochs: [92/100] train_acc: 0.567 train_loss_sup: 7.061
[GPU0] epochs: [93/100] train_acc: 0.576 train_loss_sup: 6.377
[GPU0] epochs: [94/100] train_acc: 0.564 train_loss_sup: 7.042
[GPU0] epochs: [95/100] train_acc: 0.545 train_loss_sup: 8.407
[GPU0] epochs: [96/100] train_acc: 0.564 train_loss_sup: 8.620
[GPU0] epochs: [97/100] train_acc: 0.565 train_loss_sup: 7.485
[GPU0] epochs: [98/100] train_acc: 0.573 train_loss_sup: 6.637
[GPU0] epochs: [99/100] train_acc: 0.562 train_loss_sup: 7.616
[GPU0] epochs: [100/100] train_acc: 0.572 train_loss_sup: 6.743
[GPU0] Final Test Accuracy: 0.591
LR: 1.000 | WD: 0.000001 | Cosine: False | test Acc: 0.661%
===> using linear mlp
Scheduler: None
MLP: MLP(
  (mlp): Linear(in_features=512, out_features=10, bias=True)
)
[GPU0] Test Accuracy at epoch: 0: 0.584
[GPU0] epochs: [1/100] train_acc: 0.515 train_loss_sup: 21.782
[GPU0] epochs: [2/100] train_acc: 0.556 train_loss_sup: 8.753
[GPU0] epochs: [3/100] train_acc: 0.548 train_loss_sup: 8.047
[GPU0] epochs: [4/100] train_acc: 0.551 train_loss_sup: 7.408
[GPU0] epochs: [5/100] train_acc: 0.557 train_loss_sup: 7.691
[GPU0] epochs: [6/100] train_acc: 0.556 train_loss_sup: 8.319
[GPU0] epochs: [7/100] train_acc: 0.545 train_loss_sup: 8.442
[GPU0] epochs: [8/100] train_acc: 0.559 train_loss_sup: 7.621
[GPU0] epochs: [9/100] train_acc: 0.554 train_loss_sup: 7.641
[GPU0] epochs: [10/100] train_acc: 0.552 train_loss_sup: 8.246
[GPU0] Test Accuracy at epoch: 10: 0.637
[GPU0] epochs: [11/100] train_acc: 0.560 train_loss_sup: 9.678
[GPU0] epochs: [12/100] train_acc: 0.551 train_loss_sup: 7.623
[GPU0] epochs: [13/100] train_acc: 0.549 train_loss_sup: 8.194
[GPU0] epochs: [14/100] train_acc: 0.554 train_loss_sup: 7.454
[GPU0] epochs: [15/100] train_acc: 0.549 train_loss_sup: 8.498
[GPU0] epochs: [16/100] train_acc: 0.551 train_loss_sup: 9.701
[GPU0] epochs: [17/100] train_acc: 0.555 train_loss_sup: 8.071
[GPU0] epochs: [18/100] train_acc: 0.551 train_loss_sup: 8.781
[GPU0] epochs: [19/100] train_acc: 0.556 train_loss_sup: 7.944
[GPU0] epochs: [20/100] train_acc: 0.544 train_loss_sup: 8.825
[GPU0] Test Accuracy at epoch: 20: 0.641
[GPU0] epochs: [21/100] train_acc: 0.562 train_loss_sup: 7.911
[GPU0] epochs: [22/100] train_acc: 0.567 train_loss_sup: 7.778
[GPU0] epochs: [23/100] train_acc: 0.553 train_loss_sup: 7.335
[GPU0] epochs: [24/100] train_acc: 0.551 train_loss_sup: 7.315
[GPU0] epochs: [25/100] train_acc: 0.557 train_loss_sup: 7.364
[GPU0] epochs: [26/100] train_acc: 0.542 train_loss_sup: 9.247
[GPU0] epochs: [27/100] train_acc: 0.567 train_loss_sup: 7.444
[GPU0] epochs: [28/100] train_acc: 0.546 train_loss_sup: 8.738
[GPU0] epochs: [29/100] train_acc: 0.557 train_loss_sup: 7.645
[GPU0] epochs: [30/100] train_acc: 0.551 train_loss_sup: 8.501
[GPU0] Test Accuracy at epoch: 30: 0.579
[GPU0] epochs: [31/100] train_acc: 0.557 train_loss_sup: 7.717
[GPU0] epochs: [32/100] train_acc: 0.552 train_loss_sup: 8.305
[GPU0] epochs: [33/100] train_acc: 0.558 train_loss_sup: 7.348
[GPU0] epochs: [34/100] train_acc: 0.542 train_loss_sup: 9.122
[GPU0] epochs: [35/100] train_acc: 0.563 train_loss_sup: 8.562
[GPU0] epochs: [36/100] train_acc: 0.559 train_loss_sup: 7.640
[GPU0] epochs: [37/100] train_acc: 0.553 train_loss_sup: 7.291
[GPU0] epochs: [38/100] train_acc: 0.549 train_loss_sup: 8.536
[GPU0] epochs: [39/100] train_acc: 0.554 train_loss_sup: 7.922
[GPU0] epochs: [40/100] train_acc: 0.558 train_loss_sup: 7.293
[GPU0] Test Accuracy at epoch: 40: 0.6
[GPU0] epochs: [41/100] train_acc: 0.557 train_loss_sup: 8.939
[GPU0] epochs: [42/100] train_acc: 0.554 train_loss_sup: 8.001
[GPU0] epochs: [43/100] train_acc: 0.548 train_loss_sup: 8.432
[GPU0] epochs: [44/100] train_acc: 0.553 train_loss_sup: 7.679
[GPU0] epochs: [45/100] train_acc: 0.554 train_loss_sup: 8.158
[GPU0] epochs: [46/100] train_acc: 0.542 train_loss_sup: 8.541
[GPU0] epochs: [47/100] train_acc: 0.560 train_loss_sup: 8.132
[GPU0] epochs: [48/100] train_acc: 0.555 train_loss_sup: 7.838
[GPU0] epochs: [49/100] train_acc: 0.551 train_loss_sup: 7.542
[GPU0] epochs: [50/100] train_acc: 0.550 train_loss_sup: 7.876
[GPU0] Test Accuracy at epoch: 50: 0.589
[GPU0] epochs: [51/100] train_acc: 0.565 train_loss_sup: 6.922
[GPU0] epochs: [52/100] train_acc: 0.554 train_loss_sup: 7.056
[GPU0] epochs: [53/100] train_acc: 0.549 train_loss_sup: 8.303
[GPU0] epochs: [54/100] train_acc: 0.552 train_loss_sup: 9.173
[GPU0] epochs: [55/100] train_acc: 0.546 train_loss_sup: 9.717
[GPU0] epochs: [56/100] train_acc: 0.565 train_loss_sup: 7.611
[GPU0] epochs: [57/100] train_acc: 0.553 train_loss_sup: 8.273
[GPU0] epochs: [58/100] train_acc: 0.551 train_loss_sup: 8.618
[GPU0] epochs: [59/100] train_acc: 0.556 train_loss_sup: 7.676
[GPU0] epochs: [60/100] train_acc: 0.551 train_loss_sup: 8.856
[GPU0] Test Accuracy at epoch: 60: 0.618
[GPU0] epochs: [61/100] train_acc: 0.557 train_loss_sup: 7.086
[GPU0] epochs: [62/100] train_acc: 0.551 train_loss_sup: 7.153
[GPU0] epochs: [63/100] train_acc: 0.563 train_loss_sup: 7.861
[GPU0] epochs: [64/100] train_acc: 0.559 train_loss_sup: 8.476
[GPU0] epochs: [65/100] train_acc: 0.554 train_loss_sup: 7.665
[GPU0] epochs: [66/100] train_acc: 0.550 train_loss_sup: 7.975
[GPU0] epochs: [67/100] train_acc: 0.554 train_loss_sup: 8.584
[GPU0] epochs: [68/100] train_acc: 0.561 train_loss_sup: 6.961
[GPU0] epochs: [69/100] train_acc: 0.564 train_loss_sup: 7.170
[GPU0] epochs: [70/100] train_acc: 0.551 train_loss_sup: 8.216
[GPU0] Test Accuracy at epoch: 70: 0.656
[GPU0] epochs: [71/100] train_acc: 0.551 train_loss_sup: 7.878
[GPU0] epochs: [72/100] train_acc: 0.555 train_loss_sup: 8.471
[GPU0] epochs: [73/100] train_acc: 0.558 train_loss_sup: 7.696
[GPU0] epochs: [74/100] train_acc: 0.554 train_loss_sup: 8.380
[GPU0] epochs: [75/100] train_acc: 0.556 train_loss_sup: 7.827
[GPU0] epochs: [76/100] train_acc: 0.551 train_loss_sup: 8.397
[GPU0] epochs: [77/100] train_acc: 0.560 train_loss_sup: 9.100
[GPU0] epochs: [78/100] train_acc: 0.552 train_loss_sup: 8.243
[GPU0] epochs: [79/100] train_acc: 0.557 train_loss_sup: 7.805
[GPU0] epochs: [80/100] train_acc: 0.559 train_loss_sup: 7.560
[GPU0] Test Accuracy at epoch: 80: 0.629
[GPU0] epochs: [81/100] train_acc: 0.553 train_loss_sup: 7.665
[GPU0] epochs: [82/100] train_acc: 0.557 train_loss_sup: 8.365
[GPU0] epochs: [83/100] train_acc: 0.552 train_loss_sup: 7.801
[GPU0] epochs: [84/100] train_acc: 0.554 train_loss_sup: 7.516
[GPU0] epochs: [85/100] train_acc: 0.551 train_loss_sup: 9.207
[GPU0] epochs: [86/100] train_acc: 0.560 train_loss_sup: 7.275
[GPU0] epochs: [87/100] train_acc: 0.555 train_loss_sup: 7.448
[GPU0] epochs: [88/100] train_acc: 0.553 train_loss_sup: 8.388
[GPU0] epochs: [89/100] train_acc: 0.558 train_loss_sup: 7.321
[GPU0] epochs: [90/100] train_acc: 0.552 train_loss_sup: 8.393
[GPU0] Test Accuracy at epoch: 90: 0.601
[GPU0] epochs: [91/100] train_acc: 0.554 train_loss_sup: 7.186
[GPU0] epochs: [92/100] train_acc: 0.546 train_loss_sup: 8.499
[GPU0] epochs: [93/100] train_acc: 0.567 train_loss_sup: 7.768
[GPU0] epochs: [94/100] train_acc: 0.543 train_loss_sup: 8.338
[GPU0] epochs: [95/100] train_acc: 0.559 train_loss_sup: 7.176
[GPU0] epochs: [96/100] train_acc: 0.552 train_loss_sup: 6.877
[GPU0] epochs: [97/100] train_acc: 0.551 train_loss_sup: 8.018
[GPU0] epochs: [98/100] train_acc: 0.551 train_loss_sup: 7.576
[GPU0] epochs: [99/100] train_acc: 0.557 train_loss_sup: 8.285
[GPU0] epochs: [100/100] train_acc: 0.555 train_loss_sup: 7.034
[GPU0] Final Test Accuracy: 0.647
LR: 1.000 | WD: 0.000100 | Cosine: False | test Acc: 0.656%
===> using linear mlp
Scheduler: None
MLP: MLP(
  (mlp): Linear(in_features=512, out_features=10, bias=True)
)
[GPU0] Test Accuracy at epoch: 0: 0.558
[GPU0] epochs: [1/100] train_acc: 0.508 train_loss_sup: 18.574
[GPU0] epochs: [2/100] train_acc: 0.566 train_loss_sup: 8.089
[GPU0] epochs: [3/100] train_acc: 0.557 train_loss_sup: 7.512
[GPU0] epochs: [4/100] train_acc: 0.555 train_loss_sup: 7.836
[GPU0] epochs: [5/100] train_acc: 0.568 train_loss_sup: 6.802
[GPU0] epochs: [6/100] train_acc: 0.566 train_loss_sup: 6.069
[GPU0] epochs: [7/100] train_acc: 0.547 train_loss_sup: 9.021
[GPU0] epochs: [8/100] train_acc: 0.566 train_loss_sup: 7.214
[GPU0] epochs: [9/100] train_acc: 0.558 train_loss_sup: 7.415
[GPU0] epochs: [10/100] train_acc: 0.553 train_loss_sup: 8.799
[GPU0] Test Accuracy at epoch: 10: 0.519
[GPU0] epochs: [11/100] train_acc: 0.577 train_loss_sup: 6.362
[GPU0] epochs: [12/100] train_acc: 0.545 train_loss_sup: 9.096
[GPU0] epochs: [13/100] train_acc: 0.578 train_loss_sup: 6.931
[GPU0] epochs: [14/100] train_acc: 0.552 train_loss_sup: 8.598
[GPU0] epochs: [15/100] train_acc: 0.570 train_loss_sup: 6.712
[GPU0] epochs: [16/100] train_acc: 0.566 train_loss_sup: 7.896
[GPU0] epochs: [17/100] train_acc: 0.565 train_loss_sup: 7.046
[GPU0] epochs: [18/100] train_acc: 0.562 train_loss_sup: 6.549
[GPU0] epochs: [19/100] train_acc: 0.559 train_loss_sup: 8.114
[GPU0] epochs: [20/100] train_acc: 0.556 train_loss_sup: 8.676
[GPU0] Test Accuracy at epoch: 20: 0.573
[GPU0] epochs: [21/100] train_acc: 0.569 train_loss_sup: 7.050
[GPU0] epochs: [22/100] train_acc: 0.554 train_loss_sup: 8.211
[GPU0] epochs: [23/100] train_acc: 0.555 train_loss_sup: 7.434
[GPU0] epochs: [24/100] train_acc: 0.576 train_loss_sup: 7.771
[GPU0] epochs: [25/100] train_acc: 0.561 train_loss_sup: 8.159
[GPU0] epochs: [26/100] train_acc: 0.559 train_loss_sup: 7.031
[GPU0] epochs: [27/100] train_acc: 0.570 train_loss_sup: 7.335
[GPU0] epochs: [28/100] train_acc: 0.562 train_loss_sup: 7.515
[GPU0] epochs: [29/100] train_acc: 0.571 train_loss_sup: 6.880
[GPU0] epochs: [30/100] train_acc: 0.558 train_loss_sup: 8.707
[GPU0] Test Accuracy at epoch: 30: 0.628
[GPU0] epochs: [31/100] train_acc: 0.562 train_loss_sup: 8.267
[GPU0] epochs: [32/100] train_acc: 0.561 train_loss_sup: 8.123
[GPU0] epochs: [33/100] train_acc: 0.553 train_loss_sup: 8.933
[GPU0] epochs: [34/100] train_acc: 0.567 train_loss_sup: 8.099
[GPU0] epochs: [35/100] train_acc: 0.571 train_loss_sup: 6.834
[GPU0] epochs: [36/100] train_acc: 0.561 train_loss_sup: 7.204
[GPU0] epochs: [37/100] train_acc: 0.564 train_loss_sup: 7.682
[GPU0] epochs: [38/100] train_acc: 0.565 train_loss_sup: 7.618
[GPU0] epochs: [39/100] train_acc: 0.561 train_loss_sup: 7.607
[GPU0] epochs: [40/100] train_acc: 0.570 train_loss_sup: 7.302
[GPU0] Test Accuracy at epoch: 40: 0.621
[GPU0] epochs: [41/100] train_acc: 0.567 train_loss_sup: 7.808
[GPU0] epochs: [42/100] train_acc: 0.565 train_loss_sup: 6.705
[GPU0] epochs: [43/100] train_acc: 0.567 train_loss_sup: 7.377
[GPU0] epochs: [44/100] train_acc: 0.560 train_loss_sup: 7.823
[GPU0] epochs: [45/100] train_acc: 0.560 train_loss_sup: 7.266
[GPU0] epochs: [46/100] train_acc: 0.567 train_loss_sup: 7.166
[GPU0] epochs: [47/100] train_acc: 0.563 train_loss_sup: 6.997
[GPU0] epochs: [48/100] train_acc: 0.558 train_loss_sup: 7.224
[GPU0] epochs: [49/100] train_acc: 0.561 train_loss_sup: 8.020
[GPU0] epochs: [50/100] train_acc: 0.562 train_loss_sup: 7.397
[GPU0] Test Accuracy at epoch: 50: 0.632
[GPU0] epochs: [51/100] train_acc: 0.560 train_loss_sup: 7.428
[GPU0] epochs: [52/100] train_acc: 0.570 train_loss_sup: 7.092
[GPU0] epochs: [53/100] train_acc: 0.568 train_loss_sup: 6.967
[GPU0] epochs: [54/100] train_acc: 0.550 train_loss_sup: 7.817
[GPU0] epochs: [55/100] train_acc: 0.574 train_loss_sup: 7.117
[GPU0] epochs: [56/100] train_acc: 0.564 train_loss_sup: 7.727
[GPU0] epochs: [57/100] train_acc: 0.568 train_loss_sup: 6.771
[GPU0] epochs: [58/100] train_acc: 0.565 train_loss_sup: 7.722
[GPU0] epochs: [59/100] train_acc: 0.571 train_loss_sup: 6.265
[GPU0] epochs: [60/100] train_acc: 0.548 train_loss_sup: 9.020
[GPU0] Test Accuracy at epoch: 60: 0.605
[GPU0] epochs: [61/100] train_acc: 0.560 train_loss_sup: 7.698
[GPU0] epochs: [62/100] train_acc: 0.563 train_loss_sup: 7.894
[GPU0] epochs: [63/100] train_acc: 0.565 train_loss_sup: 7.585
[GPU0] epochs: [64/100] train_acc: 0.566 train_loss_sup: 7.505
[GPU0] epochs: [65/100] train_acc: 0.579 train_loss_sup: 6.307
[GPU0] epochs: [66/100] train_acc: 0.556 train_loss_sup: 9.612
[GPU0] epochs: [67/100] train_acc: 0.573 train_loss_sup: 6.575
[GPU0] epochs: [68/100] train_acc: 0.551 train_loss_sup: 8.014
[GPU0] epochs: [69/100] train_acc: 0.564 train_loss_sup: 7.590
[GPU0] epochs: [70/100] train_acc: 0.568 train_loss_sup: 8.314
[GPU0] Test Accuracy at epoch: 70: 0.651
[GPU0] epochs: [71/100] train_acc: 0.557 train_loss_sup: 8.361
[GPU0] epochs: [72/100] train_acc: 0.568 train_loss_sup: 7.097
[GPU0] epochs: [73/100] train_acc: 0.547 train_loss_sup: 8.463
[GPU0] epochs: [74/100] train_acc: 0.572 train_loss_sup: 7.158
[GPU0] epochs: [75/100] train_acc: 0.568 train_loss_sup: 7.240
[GPU0] epochs: [76/100] train_acc: 0.564 train_loss_sup: 6.977
[GPU0] epochs: [77/100] train_acc: 0.558 train_loss_sup: 7.657
[GPU0] epochs: [78/100] train_acc: 0.576 train_loss_sup: 6.764
[GPU0] epochs: [79/100] train_acc: 0.556 train_loss_sup: 7.185
[GPU0] epochs: [80/100] train_acc: 0.569 train_loss_sup: 7.611
[GPU0] Test Accuracy at epoch: 80: 0.597
[GPU0] epochs: [81/100] train_acc: 0.562 train_loss_sup: 8.027
[GPU0] epochs: [82/100] train_acc: 0.565 train_loss_sup: 7.077
[GPU0] epochs: [83/100] train_acc: 0.564 train_loss_sup: 7.757
[GPU0] epochs: [84/100] train_acc: 0.567 train_loss_sup: 7.155
[GPU0] epochs: [85/100] train_acc: 0.549 train_loss_sup: 9.071
[GPU0] epochs: [86/100] train_acc: 0.580 train_loss_sup: 6.553
[GPU0] epochs: [87/100] train_acc: 0.554 train_loss_sup: 7.815
[GPU0] epochs: [88/100] train_acc: 0.569 train_loss_sup: 7.131
[GPU0] epochs: [89/100] train_acc: 0.564 train_loss_sup: 7.868
[GPU0] epochs: [90/100] train_acc: 0.566 train_loss_sup: 6.659
[GPU0] Test Accuracy at epoch: 90: 0.613
[GPU0] epochs: [91/100] train_acc: 0.562 train_loss_sup: 7.254
[GPU0] epochs: [92/100] train_acc: 0.566 train_loss_sup: 7.947
[GPU0] epochs: [93/100] train_acc: 0.562 train_loss_sup: 7.379
[GPU0] epochs: [94/100] train_acc: 0.561 train_loss_sup: 8.192
[GPU0] epochs: [95/100] train_acc: 0.561 train_loss_sup: 7.957
[GPU0] epochs: [96/100] train_acc: 0.567 train_loss_sup: 7.443
[GPU0] epochs: [97/100] train_acc: 0.562 train_loss_sup: 7.649
[GPU0] epochs: [98/100] train_acc: 0.570 train_loss_sup: 7.390
[GPU0] epochs: [99/100] train_acc: 0.551 train_loss_sup: 7.792
[GPU0] epochs: [100/100] train_acc: 0.559 train_loss_sup: 7.374
[GPU0] Final Test Accuracy: 0.624
LR: 1.000 | WD: 0.000000 | Cosine: False | test Acc: 0.651%
===> using linear mlp
Scheduler: <torch.optim.lr_scheduler.CosineAnnealingLR object at 0x7d30a02d7a90>
MLP: MLP(
  (mlp): Linear(in_features=512, out_features=10, bias=True)
)
[GPU0] Test Accuracy at epoch: 0: 0.661
[GPU0] epochs: [1/100] train_acc: 0.601 train_loss_sup: 1.195
[GPU0] epochs: [2/100] train_acc: 0.643 train_loss_sup: 1.080
[GPU0] epochs: [3/100] train_acc: 0.644 train_loss_sup: 1.083
[GPU0] epochs: [4/100] train_acc: 0.651 train_loss_sup: 1.063
[GPU0] epochs: [5/100] train_acc: 0.653 train_loss_sup: 1.052
[GPU0] epochs: [6/100] train_acc: 0.652 train_loss_sup: 1.054
[GPU0] epochs: [7/100] train_acc: 0.654 train_loss_sup: 1.052
[GPU0] epochs: [8/100] train_acc: 0.654 train_loss_sup: 1.048
[GPU0] epochs: [9/100] train_acc: 0.651 train_loss_sup: 1.063
[GPU0] epochs: [10/100] train_acc: 0.653 train_loss_sup: 1.064
[GPU0] Test Accuracy at epoch: 10: 0.695
[GPU0] epochs: [11/100] train_acc: 0.661 train_loss_sup: 1.029
[GPU0] epochs: [12/100] train_acc: 0.650 train_loss_sup: 1.055
[GPU0] epochs: [13/100] train_acc: 0.654 train_loss_sup: 1.045
[GPU0] epochs: [14/100] train_acc: 0.655 train_loss_sup: 1.053
[GPU0] epochs: [15/100] train_acc: 0.653 train_loss_sup: 1.054
[GPU0] epochs: [16/100] train_acc: 0.655 train_loss_sup: 1.056
[GPU0] epochs: [17/100] train_acc: 0.654 train_loss_sup: 1.054
[GPU0] epochs: [18/100] train_acc: 0.657 train_loss_sup: 1.045
[GPU0] epochs: [19/100] train_acc: 0.651 train_loss_sup: 1.060
[GPU0] epochs: [20/100] train_acc: 0.652 train_loss_sup: 1.070
[GPU0] Test Accuracy at epoch: 20: 0.669
[GPU0] epochs: [21/100] train_acc: 0.653 train_loss_sup: 1.057
[GPU0] epochs: [22/100] train_acc: 0.660 train_loss_sup: 1.036
[GPU0] epochs: [23/100] train_acc: 0.662 train_loss_sup: 1.030
[GPU0] epochs: [24/100] train_acc: 0.657 train_loss_sup: 1.041
[GPU0] epochs: [25/100] train_acc: 0.659 train_loss_sup: 1.030
[GPU0] epochs: [26/100] train_acc: 0.665 train_loss_sup: 1.016
[GPU0] epochs: [27/100] train_acc: 0.658 train_loss_sup: 1.025
[GPU0] epochs: [28/100] train_acc: 0.663 train_loss_sup: 1.012
[GPU0] epochs: [29/100] train_acc: 0.664 train_loss_sup: 1.012
[GPU0] epochs: [30/100] train_acc: 0.662 train_loss_sup: 1.013
[GPU0] Test Accuracy at epoch: 30: 0.695
[GPU0] epochs: [31/100] train_acc: 0.659 train_loss_sup: 1.033
[GPU0] epochs: [32/100] train_acc: 0.662 train_loss_sup: 1.025
[GPU0] epochs: [33/100] train_acc: 0.659 train_loss_sup: 1.021
[GPU0] epochs: [34/100] train_acc: 0.660 train_loss_sup: 1.021
[GPU0] epochs: [35/100] train_acc: 0.662 train_loss_sup: 1.018
[GPU0] epochs: [36/100] train_acc: 0.668 train_loss_sup: 0.999
[GPU0] epochs: [37/100] train_acc: 0.663 train_loss_sup: 1.008
[GPU0] epochs: [38/100] train_acc: 0.663 train_loss_sup: 1.018
[GPU0] epochs: [39/100] train_acc: 0.663 train_loss_sup: 1.019
[GPU0] epochs: [40/100] train_acc: 0.659 train_loss_sup: 1.029
[GPU0] Test Accuracy at epoch: 40: 0.697
[GPU0] epochs: [41/100] train_acc: 0.663 train_loss_sup: 1.011
[GPU0] epochs: [42/100] train_acc: 0.665 train_loss_sup: 1.006
[GPU0] epochs: [43/100] train_acc: 0.669 train_loss_sup: 0.993
[GPU0] epochs: [44/100] train_acc: 0.666 train_loss_sup: 1.003
[GPU0] epochs: [45/100] train_acc: 0.669 train_loss_sup: 0.998
[GPU0] epochs: [46/100] train_acc: 0.666 train_loss_sup: 1.007
[GPU0] epochs: [47/100] train_acc: 0.670 train_loss_sup: 0.992
[GPU0] epochs: [48/100] train_acc: 0.675 train_loss_sup: 0.981
[GPU0] epochs: [49/100] train_acc: 0.669 train_loss_sup: 0.989
[GPU0] epochs: [50/100] train_acc: 0.672 train_loss_sup: 0.981
[GPU0] Test Accuracy at epoch: 50: 0.71
[GPU0] epochs: [51/100] train_acc: 0.670 train_loss_sup: 0.991
[GPU0] epochs: [52/100] train_acc: 0.669 train_loss_sup: 0.996
[GPU0] epochs: [53/100] train_acc: 0.673 train_loss_sup: 0.983
[GPU0] epochs: [54/100] train_acc: 0.673 train_loss_sup: 0.977
[GPU0] epochs: [55/100] train_acc: 0.670 train_loss_sup: 0.990
[GPU0] epochs: [56/100] train_acc: 0.676 train_loss_sup: 0.977
[GPU0] epochs: [57/100] train_acc: 0.676 train_loss_sup: 0.972
[GPU0] epochs: [58/100] train_acc: 0.675 train_loss_sup: 0.980
[GPU0] epochs: [59/100] train_acc: 0.676 train_loss_sup: 0.976
[GPU0] epochs: [60/100] train_acc: 0.679 train_loss_sup: 0.963
[GPU0] Test Accuracy at epoch: 60: 0.704
[GPU0] epochs: [61/100] train_acc: 0.675 train_loss_sup: 0.976
[GPU0] epochs: [62/100] train_acc: 0.678 train_loss_sup: 0.965
[GPU0] epochs: [63/100] train_acc: 0.679 train_loss_sup: 0.964
[GPU0] epochs: [64/100] train_acc: 0.680 train_loss_sup: 0.965
[GPU0] epochs: [65/100] train_acc: 0.679 train_loss_sup: 0.957
[GPU0] epochs: [66/100] train_acc: 0.680 train_loss_sup: 0.962
[GPU0] epochs: [67/100] train_acc: 0.679 train_loss_sup: 0.963
[GPU0] epochs: [68/100] train_acc: 0.681 train_loss_sup: 0.961
[GPU0] epochs: [69/100] train_acc: 0.684 train_loss_sup: 0.945
[GPU0] epochs: [70/100] train_acc: 0.680 train_loss_sup: 0.958
[GPU0] Test Accuracy at epoch: 70: 0.711
[GPU0] epochs: [71/100] train_acc: 0.683 train_loss_sup: 0.952
[GPU0] epochs: [72/100] train_acc: 0.683 train_loss_sup: 0.951
[GPU0] epochs: [73/100] train_acc: 0.687 train_loss_sup: 0.947
[GPU0] epochs: [74/100] train_acc: 0.682 train_loss_sup: 0.948
[GPU0] epochs: [75/100] train_acc: 0.687 train_loss_sup: 0.942
[GPU0] epochs: [76/100] train_acc: 0.686 train_loss_sup: 0.940
[GPU0] epochs: [77/100] train_acc: 0.686 train_loss_sup: 0.946
[GPU0] epochs: [78/100] train_acc: 0.686 train_loss_sup: 0.952
[GPU0] epochs: [79/100] train_acc: 0.684 train_loss_sup: 0.945
[GPU0] epochs: [80/100] train_acc: 0.689 train_loss_sup: 0.936
[GPU0] Test Accuracy at epoch: 80: 0.714
[GPU0] epochs: [81/100] train_acc: 0.687 train_loss_sup: 0.934
[GPU0] epochs: [82/100] train_acc: 0.689 train_loss_sup: 0.938
[GPU0] epochs: [83/100] train_acc: 0.684 train_loss_sup: 0.943
[GPU0] epochs: [84/100] train_acc: 0.687 train_loss_sup: 0.936
[GPU0] epochs: [85/100] train_acc: 0.684 train_loss_sup: 0.942
[GPU0] epochs: [86/100] train_acc: 0.687 train_loss_sup: 0.940
[GPU0] epochs: [87/100] train_acc: 0.689 train_loss_sup: 0.936
[GPU0] epochs: [88/100] train_acc: 0.689 train_loss_sup: 0.938
[GPU0] epochs: [89/100] train_acc: 0.688 train_loss_sup: 0.937
[GPU0] epochs: [90/100] train_acc: 0.689 train_loss_sup: 0.931
[GPU0] Test Accuracy at epoch: 90: 0.714
[GPU0] epochs: [91/100] train_acc: 0.690 train_loss_sup: 0.936
[GPU0] epochs: [92/100] train_acc: 0.689 train_loss_sup: 0.938
[GPU0] epochs: [93/100] train_acc: 0.692 train_loss_sup: 0.932
[GPU0] epochs: [94/100] train_acc: 0.689 train_loss_sup: 0.932
[GPU0] epochs: [95/100] train_acc: 0.692 train_loss_sup: 0.933
[GPU0] epochs: [96/100] train_acc: 0.688 train_loss_sup: 0.940
[GPU0] epochs: [97/100] train_acc: 0.691 train_loss_sup: 0.937
[GPU0] epochs: [98/100] train_acc: 0.686 train_loss_sup: 0.941
[GPU0] epochs: [99/100] train_acc: 0.690 train_loss_sup: 0.931
[GPU0] epochs: [100/100] train_acc: 0.689 train_loss_sup: 0.936
[GPU0] Final Test Accuracy: 0.714
LR: 0.100 | WD: 0.000001 | Cosine: True | test Acc: 0.714%
===> using linear mlp
Scheduler: <torch.optim.lr_scheduler.CosineAnnealingLR object at 0x7d309fcc7820>
MLP: MLP(
  (mlp): Linear(in_features=512, out_features=10, bias=True)
)
[GPU0] Test Accuracy at epoch: 0: 0.678
[GPU0] epochs: [1/100] train_acc: 0.593 train_loss_sup: 1.227
[GPU0] epochs: [2/100] train_acc: 0.636 train_loss_sup: 1.100
[GPU0] epochs: [3/100] train_acc: 0.645 train_loss_sup: 1.075
[GPU0] epochs: [4/100] train_acc: 0.644 train_loss_sup: 1.073
[GPU0] epochs: [5/100] train_acc: 0.651 train_loss_sup: 1.071
[GPU0] epochs: [6/100] train_acc: 0.648 train_loss_sup: 1.068
[GPU0] epochs: [7/100] train_acc: 0.651 train_loss_sup: 1.062
[GPU0] epochs: [8/100] train_acc: 0.656 train_loss_sup: 1.038
[GPU0] epochs: [9/100] train_acc: 0.653 train_loss_sup: 1.052
[GPU0] epochs: [10/100] train_acc: 0.652 train_loss_sup: 1.059
[GPU0] Test Accuracy at epoch: 10: 0.694
[GPU0] epochs: [11/100] train_acc: 0.652 train_loss_sup: 1.050
[GPU0] epochs: [12/100] train_acc: 0.655 train_loss_sup: 1.042
[GPU0] epochs: [13/100] train_acc: 0.654 train_loss_sup: 1.052
[GPU0] epochs: [14/100] train_acc: 0.650 train_loss_sup: 1.059
[GPU0] epochs: [15/100] train_acc: 0.652 train_loss_sup: 1.050
[GPU0] epochs: [16/100] train_acc: 0.657 train_loss_sup: 1.039
[GPU0] epochs: [17/100] train_acc: 0.651 train_loss_sup: 1.063
[GPU0] epochs: [18/100] train_acc: 0.661 train_loss_sup: 1.032
[GPU0] epochs: [19/100] train_acc: 0.659 train_loss_sup: 1.033
[GPU0] epochs: [20/100] train_acc: 0.654 train_loss_sup: 1.045
[GPU0] Test Accuracy at epoch: 20: 0.689
[GPU0] epochs: [21/100] train_acc: 0.656 train_loss_sup: 1.043
[GPU0] epochs: [22/100] train_acc: 0.658 train_loss_sup: 1.036
[GPU0] epochs: [23/100] train_acc: 0.658 train_loss_sup: 1.040
[GPU0] epochs: [24/100] train_acc: 0.656 train_loss_sup: 1.045
[GPU0] epochs: [25/100] train_acc: 0.659 train_loss_sup: 1.035
[GPU0] epochs: [26/100] train_acc: 0.660 train_loss_sup: 1.033
[GPU0] epochs: [27/100] train_acc: 0.657 train_loss_sup: 1.034
[GPU0] epochs: [28/100] train_acc: 0.662 train_loss_sup: 1.024
[GPU0] epochs: [29/100] train_acc: 0.660 train_loss_sup: 1.021
[GPU0] epochs: [30/100] train_acc: 0.659 train_loss_sup: 1.025
[GPU0] Test Accuracy at epoch: 30: 0.704
[GPU0] epochs: [31/100] train_acc: 0.662 train_loss_sup: 1.024
[GPU0] epochs: [32/100] train_acc: 0.661 train_loss_sup: 1.027
[GPU0] epochs: [33/100] train_acc: 0.661 train_loss_sup: 1.028
[GPU0] epochs: [34/100] train_acc: 0.662 train_loss_sup: 1.024
[GPU0] epochs: [35/100] train_acc: 0.661 train_loss_sup: 1.020
[GPU0] epochs: [36/100] train_acc: 0.658 train_loss_sup: 1.027
[GPU0] epochs: [37/100] train_acc: 0.662 train_loss_sup: 1.018
[GPU0] epochs: [38/100] train_acc: 0.663 train_loss_sup: 1.006
[GPU0] epochs: [39/100] train_acc: 0.666 train_loss_sup: 1.002
[GPU0] epochs: [40/100] train_acc: 0.664 train_loss_sup: 1.020
[GPU0] Test Accuracy at epoch: 40: 0.7
[GPU0] epochs: [41/100] train_acc: 0.667 train_loss_sup: 1.002
[GPU0] epochs: [42/100] train_acc: 0.669 train_loss_sup: 0.998
[GPU0] epochs: [43/100] train_acc: 0.665 train_loss_sup: 1.009
[GPU0] epochs: [44/100] train_acc: 0.667 train_loss_sup: 1.000
[GPU0] epochs: [45/100] train_acc: 0.666 train_loss_sup: 1.002
[GPU0] epochs: [46/100] train_acc: 0.666 train_loss_sup: 0.995
[GPU0] epochs: [47/100] train_acc: 0.668 train_loss_sup: 1.002
[GPU0] epochs: [48/100] train_acc: 0.670 train_loss_sup: 0.993
[GPU0] epochs: [49/100] train_acc: 0.669 train_loss_sup: 0.999
[GPU0] epochs: [50/100] train_acc: 0.672 train_loss_sup: 0.984
[GPU0] Test Accuracy at epoch: 50: 0.7
[GPU0] epochs: [51/100] train_acc: 0.669 train_loss_sup: 0.988
[GPU0] epochs: [52/100] train_acc: 0.670 train_loss_sup: 0.993
[GPU0] epochs: [53/100] train_acc: 0.675 train_loss_sup: 0.982
[GPU0] epochs: [54/100] train_acc: 0.670 train_loss_sup: 0.984
[GPU0] epochs: [55/100] train_acc: 0.674 train_loss_sup: 0.977
[GPU0] epochs: [56/100] train_acc: 0.673 train_loss_sup: 0.984
[GPU0] epochs: [57/100] train_acc: 0.673 train_loss_sup: 0.978
[GPU0] epochs: [58/100] train_acc: 0.677 train_loss_sup: 0.975
[GPU0] epochs: [59/100] train_acc: 0.675 train_loss_sup: 0.979
[GPU0] epochs: [60/100] train_acc: 0.678 train_loss_sup: 0.966
[GPU0] Test Accuracy at epoch: 60: 0.705
[GPU0] epochs: [61/100] train_acc: 0.679 train_loss_sup: 0.961
[GPU0] epochs: [62/100] train_acc: 0.675 train_loss_sup: 0.975
[GPU0] epochs: [63/100] train_acc: 0.680 train_loss_sup: 0.964
[GPU0] epochs: [64/100] train_acc: 0.678 train_loss_sup: 0.969
[GPU0] epochs: [65/100] train_acc: 0.673 train_loss_sup: 0.975
[GPU0] epochs: [66/100] train_acc: 0.678 train_loss_sup: 0.967
[GPU0] epochs: [67/100] train_acc: 0.679 train_loss_sup: 0.960
[GPU0] epochs: [68/100] train_acc: 0.681 train_loss_sup: 0.955
[GPU0] epochs: [69/100] train_acc: 0.681 train_loss_sup: 0.953
[GPU0] epochs: [70/100] train_acc: 0.680 train_loss_sup: 0.955
[GPU0] Test Accuracy at epoch: 70: 0.71
[GPU0] epochs: [71/100] train_acc: 0.685 train_loss_sup: 0.950
[GPU0] epochs: [72/100] train_acc: 0.685 train_loss_sup: 0.944
[GPU0] epochs: [73/100] train_acc: 0.683 train_loss_sup: 0.945
[GPU0] epochs: [74/100] train_acc: 0.683 train_loss_sup: 0.949
[GPU0] epochs: [75/100] train_acc: 0.682 train_loss_sup: 0.957
[GPU0] epochs: [76/100] train_acc: 0.685 train_loss_sup: 0.947
[GPU0] epochs: [77/100] train_acc: 0.684 train_loss_sup: 0.945
[GPU0] epochs: [78/100] train_acc: 0.685 train_loss_sup: 0.953
[GPU0] epochs: [79/100] train_acc: 0.686 train_loss_sup: 0.944
[GPU0] epochs: [80/100] train_acc: 0.687 train_loss_sup: 0.947
[GPU0] Test Accuracy at epoch: 80: 0.709
[GPU0] epochs: [81/100] train_acc: 0.690 train_loss_sup: 0.934
[GPU0] epochs: [82/100] train_acc: 0.685 train_loss_sup: 0.943
[GPU0] epochs: [83/100] train_acc: 0.687 train_loss_sup: 0.945
[GPU0] epochs: [84/100] train_acc: 0.689 train_loss_sup: 0.934
[GPU0] epochs: [85/100] train_acc: 0.686 train_loss_sup: 0.937
[GPU0] epochs: [86/100] train_acc: 0.689 train_loss_sup: 0.935
[GPU0] epochs: [87/100] train_acc: 0.688 train_loss_sup: 0.937
[GPU0] epochs: [88/100] train_acc: 0.685 train_loss_sup: 0.944
[GPU0] epochs: [89/100] train_acc: 0.689 train_loss_sup: 0.940
[GPU0] epochs: [90/100] train_acc: 0.691 train_loss_sup: 0.928
[GPU0] Test Accuracy at epoch: 90: 0.715
[GPU0] epochs: [91/100] train_acc: 0.689 train_loss_sup: 0.936
[GPU0] epochs: [92/100] train_acc: 0.687 train_loss_sup: 0.938
[GPU0] epochs: [93/100] train_acc: 0.690 train_loss_sup: 0.935
[GPU0] epochs: [94/100] train_acc: 0.689 train_loss_sup: 0.936
[GPU0] epochs: [95/100] train_acc: 0.688 train_loss_sup: 0.935
[GPU0] epochs: [96/100] train_acc: 0.688 train_loss_sup: 0.937
[GPU0] epochs: [97/100] train_acc: 0.689 train_loss_sup: 0.933
[GPU0] epochs: [98/100] train_acc: 0.690 train_loss_sup: 0.933
[GPU0] epochs: [99/100] train_acc: 0.690 train_loss_sup: 0.930
[GPU0] epochs: [100/100] train_acc: 0.691 train_loss_sup: 0.937
[GPU0] Final Test Accuracy: 0.716
LR: 0.100 | WD: 0.000100 | Cosine: True | test Acc: 0.716%
===> using linear mlp
Scheduler: <torch.optim.lr_scheduler.CosineAnnealingLR object at 0x7d309fcc5030>
MLP: MLP(
  (mlp): Linear(in_features=512, out_features=10, bias=True)
)
[GPU0] Test Accuracy at epoch: 0: 0.671
[GPU0] epochs: [1/100] train_acc: 0.591 train_loss_sup: 1.235
[GPU0] epochs: [2/100] train_acc: 0.638 train_loss_sup: 1.090
[GPU0] epochs: [3/100] train_acc: 0.650 train_loss_sup: 1.054
[GPU0] epochs: [4/100] train_acc: 0.652 train_loss_sup: 1.046
[GPU0] epochs: [5/100] train_acc: 0.650 train_loss_sup: 1.063
[GPU0] epochs: [6/100] train_acc: 0.653 train_loss_sup: 1.052
[GPU0] epochs: [7/100] train_acc: 0.654 train_loss_sup: 1.048
[GPU0] epochs: [8/100] train_acc: 0.650 train_loss_sup: 1.059
[GPU0] epochs: [9/100] train_acc: 0.656 train_loss_sup: 1.042
[GPU0] epochs: [10/100] train_acc: 0.658 train_loss_sup: 1.043
[GPU0] Test Accuracy at epoch: 10: 0.696
[GPU0] epochs: [11/100] train_acc: 0.654 train_loss_sup: 1.049
[GPU0] epochs: [12/100] train_acc: 0.654 train_loss_sup: 1.054
[GPU0] epochs: [13/100] train_acc: 0.653 train_loss_sup: 1.056
[GPU0] epochs: [14/100] train_acc: 0.654 train_loss_sup: 1.048
[GPU0] epochs: [15/100] train_acc: 0.660 train_loss_sup: 1.025
[GPU0] epochs: [16/100] train_acc: 0.656 train_loss_sup: 1.038
[GPU0] epochs: [17/100] train_acc: 0.653 train_loss_sup: 1.053
[GPU0] epochs: [18/100] train_acc: 0.657 train_loss_sup: 1.039
[GPU0] epochs: [19/100] train_acc: 0.656 train_loss_sup: 1.048
[GPU0] epochs: [20/100] train_acc: 0.657 train_loss_sup: 1.035
[GPU0] Test Accuracy at epoch: 20: 0.705
[GPU0] epochs: [21/100] train_acc: 0.656 train_loss_sup: 1.045
[GPU0] epochs: [22/100] train_acc: 0.663 train_loss_sup: 1.021
[GPU0] epochs: [23/100] train_acc: 0.654 train_loss_sup: 1.064
[GPU0] epochs: [24/100] train_acc: 0.657 train_loss_sup: 1.038
[GPU0] epochs: [25/100] train_acc: 0.657 train_loss_sup: 1.040
[GPU0] epochs: [26/100] train_acc: 0.654 train_loss_sup: 1.048
[GPU0] epochs: [27/100] train_acc: 0.650 train_loss_sup: 1.072
[GPU0] epochs: [28/100] train_acc: 0.658 train_loss_sup: 1.042
[GPU0] epochs: [29/100] train_acc: 0.660 train_loss_sup: 1.027
[GPU0] epochs: [30/100] train_acc: 0.661 train_loss_sup: 1.030
[GPU0] Test Accuracy at epoch: 30: 0.697
[GPU0] epochs: [31/100] train_acc: 0.660 train_loss_sup: 1.022
[GPU0] epochs: [32/100] train_acc: 0.654 train_loss_sup: 1.050
[GPU0] epochs: [33/100] train_acc: 0.664 train_loss_sup: 1.015
[GPU0] epochs: [34/100] train_acc: 0.664 train_loss_sup: 1.023
[GPU0] epochs: [35/100] train_acc: 0.665 train_loss_sup: 1.008
[GPU0] epochs: [36/100] train_acc: 0.662 train_loss_sup: 1.023
[GPU0] epochs: [37/100] train_acc: 0.660 train_loss_sup: 1.032
[GPU0] epochs: [38/100] train_acc: 0.664 train_loss_sup: 1.013
[GPU0] epochs: [39/100] train_acc: 0.666 train_loss_sup: 1.010
[GPU0] epochs: [40/100] train_acc: 0.665 train_loss_sup: 1.008
[GPU0] Test Accuracy at epoch: 40: 0.706
[GPU0] epochs: [41/100] train_acc: 0.665 train_loss_sup: 1.006
[GPU0] epochs: [42/100] train_acc: 0.665 train_loss_sup: 1.008
[GPU0] epochs: [43/100] train_acc: 0.669 train_loss_sup: 1.001
[GPU0] epochs: [44/100] train_acc: 0.663 train_loss_sup: 1.011
[GPU0] epochs: [45/100] train_acc: 0.667 train_loss_sup: 1.000
[GPU0] epochs: [46/100] train_acc: 0.667 train_loss_sup: 0.999
[GPU0] epochs: [47/100] train_acc: 0.668 train_loss_sup: 1.001
[GPU0] epochs: [48/100] train_acc: 0.673 train_loss_sup: 0.988
[GPU0] epochs: [49/100] train_acc: 0.668 train_loss_sup: 0.991
[GPU0] epochs: [50/100] train_acc: 0.669 train_loss_sup: 0.995
[GPU0] Test Accuracy at epoch: 50: 0.708
[GPU0] epochs: [51/100] train_acc: 0.671 train_loss_sup: 0.984
[GPU0] epochs: [52/100] train_acc: 0.672 train_loss_sup: 0.990
[GPU0] epochs: [53/100] train_acc: 0.672 train_loss_sup: 0.986
[GPU0] epochs: [54/100] train_acc: 0.672 train_loss_sup: 0.985
[GPU0] epochs: [55/100] train_acc: 0.674 train_loss_sup: 0.976
[GPU0] epochs: [56/100] train_acc: 0.676 train_loss_sup: 0.971
[GPU0] epochs: [57/100] train_acc: 0.672 train_loss_sup: 0.987
[GPU0] epochs: [58/100] train_acc: 0.674 train_loss_sup: 0.978
[GPU0] epochs: [59/100] train_acc: 0.674 train_loss_sup: 0.979
[GPU0] epochs: [60/100] train_acc: 0.678 train_loss_sup: 0.968
[GPU0] Test Accuracy at epoch: 60: 0.706
[GPU0] epochs: [61/100] train_acc: 0.671 train_loss_sup: 0.974
[GPU0] epochs: [62/100] train_acc: 0.681 train_loss_sup: 0.958
[GPU0] epochs: [63/100] train_acc: 0.676 train_loss_sup: 0.966
[GPU0] epochs: [64/100] train_acc: 0.676 train_loss_sup: 0.970
[GPU0] epochs: [65/100] train_acc: 0.680 train_loss_sup: 0.960
[GPU0] epochs: [66/100] train_acc: 0.680 train_loss_sup: 0.964
[GPU0] epochs: [67/100] train_acc: 0.683 train_loss_sup: 0.957
[GPU0] epochs: [68/100] train_acc: 0.683 train_loss_sup: 0.955
[GPU0] epochs: [69/100] train_acc: 0.681 train_loss_sup: 0.962
[GPU0] epochs: [70/100] train_acc: 0.682 train_loss_sup: 0.955
[GPU0] Test Accuracy at epoch: 70: 0.713
[GPU0] epochs: [71/100] train_acc: 0.682 train_loss_sup: 0.958
[GPU0] epochs: [72/100] train_acc: 0.682 train_loss_sup: 0.954
[GPU0] epochs: [73/100] train_acc: 0.685 train_loss_sup: 0.948
[GPU0] epochs: [74/100] train_acc: 0.687 train_loss_sup: 0.951
[GPU0] epochs: [75/100] train_acc: 0.686 train_loss_sup: 0.941
[GPU0] epochs: [76/100] train_acc: 0.684 train_loss_sup: 0.949
[GPU0] epochs: [77/100] train_acc: 0.685 train_loss_sup: 0.948
[GPU0] epochs: [78/100] train_acc: 0.683 train_loss_sup: 0.952
[GPU0] epochs: [79/100] train_acc: 0.686 train_loss_sup: 0.941
[GPU0] epochs: [80/100] train_acc: 0.688 train_loss_sup: 0.937
[GPU0] Test Accuracy at epoch: 80: 0.711
[GPU0] epochs: [81/100] train_acc: 0.688 train_loss_sup: 0.941
[GPU0] epochs: [82/100] train_acc: 0.686 train_loss_sup: 0.943
[GPU0] epochs: [83/100] train_acc: 0.686 train_loss_sup: 0.948
[GPU0] epochs: [84/100] train_acc: 0.689 train_loss_sup: 0.939
[GPU0] epochs: [85/100] train_acc: 0.688 train_loss_sup: 0.939
[GPU0] epochs: [86/100] train_acc: 0.685 train_loss_sup: 0.942
[GPU0] epochs: [87/100] train_acc: 0.689 train_loss_sup: 0.935
[GPU0] epochs: [88/100] train_acc: 0.687 train_loss_sup: 0.938
[GPU0] epochs: [89/100] train_acc: 0.689 train_loss_sup: 0.934
[GPU0] epochs: [90/100] train_acc: 0.688 train_loss_sup: 0.939
[GPU0] Test Accuracy at epoch: 90: 0.715
[GPU0] epochs: [91/100] train_acc: 0.689 train_loss_sup: 0.938
[GPU0] epochs: [92/100] train_acc: 0.689 train_loss_sup: 0.939
[GPU0] epochs: [93/100] train_acc: 0.686 train_loss_sup: 0.935
[GPU0] epochs: [94/100] train_acc: 0.688 train_loss_sup: 0.936
[GPU0] epochs: [95/100] train_acc: 0.689 train_loss_sup: 0.930
[GPU0] epochs: [96/100] train_acc: 0.692 train_loss_sup: 0.926
[GPU0] epochs: [97/100] train_acc: 0.690 train_loss_sup: 0.933
[GPU0] epochs: [98/100] train_acc: 0.691 train_loss_sup: 0.934
[GPU0] epochs: [99/100] train_acc: 0.689 train_loss_sup: 0.936
[GPU0] epochs: [100/100] train_acc: 0.690 train_loss_sup: 0.932
[GPU0] Final Test Accuracy: 0.714
LR: 0.100 | WD: 0.000000 | Cosine: True | test Acc: 0.715%
===> using linear mlp
Scheduler: <torch.optim.lr_scheduler.CosineAnnealingLR object at 0x7d309f97a680>
MLP: MLP(
  (mlp): Linear(in_features=512, out_features=10, bias=True)
)
[GPU0] Test Accuracy at epoch: 0: 0.606
[GPU0] epochs: [1/100] train_acc: 0.510 train_loss_sup: 15.119
[GPU0] epochs: [2/100] train_acc: 0.552 train_loss_sup: 7.787
[GPU0] epochs: [3/100] train_acc: 0.556 train_loss_sup: 7.410
[GPU0] epochs: [4/100] train_acc: 0.555 train_loss_sup: 8.504
[GPU0] epochs: [5/100] train_acc: 0.567 train_loss_sup: 7.118
[GPU0] epochs: [6/100] train_acc: 0.550 train_loss_sup: 8.191
[GPU0] epochs: [7/100] train_acc: 0.556 train_loss_sup: 8.329
[GPU0] epochs: [8/100] train_acc: 0.560 train_loss_sup: 8.131
[GPU0] epochs: [9/100] train_acc: 0.559 train_loss_sup: 8.089
[GPU0] epochs: [10/100] train_acc: 0.569 train_loss_sup: 7.161
[GPU0] Test Accuracy at epoch: 10: 0.654
[GPU0] epochs: [11/100] train_acc: 0.546 train_loss_sup: 8.373
[GPU0] epochs: [12/100] train_acc: 0.576 train_loss_sup: 7.151
[GPU0] epochs: [13/100] train_acc: 0.555 train_loss_sup: 7.417
[GPU0] epochs: [14/100] train_acc: 0.576 train_loss_sup: 6.926
[GPU0] epochs: [15/100] train_acc: 0.566 train_loss_sup: 7.140
[GPU0] epochs: [16/100] train_acc: 0.564 train_loss_sup: 6.801
[GPU0] epochs: [17/100] train_acc: 0.566 train_loss_sup: 7.026
[GPU0] epochs: [18/100] train_acc: 0.569 train_loss_sup: 6.239
[GPU0] epochs: [19/100] train_acc: 0.554 train_loss_sup: 6.895
[GPU0] epochs: [20/100] train_acc: 0.569 train_loss_sup: 6.475
[GPU0] Test Accuracy at epoch: 20: 0.65
[GPU0] epochs: [21/100] train_acc: 0.552 train_loss_sup: 6.957
[GPU0] epochs: [22/100] train_acc: 0.567 train_loss_sup: 6.886
[GPU0] epochs: [23/100] train_acc: 0.560 train_loss_sup: 7.746
[GPU0] epochs: [24/100] train_acc: 0.573 train_loss_sup: 5.921
[GPU0] epochs: [25/100] train_acc: 0.573 train_loss_sup: 5.697
[GPU0] epochs: [26/100] train_acc: 0.558 train_loss_sup: 6.645
[GPU0] epochs: [27/100] train_acc: 0.563 train_loss_sup: 6.622
[GPU0] epochs: [28/100] train_acc: 0.562 train_loss_sup: 6.333
[GPU0] epochs: [29/100] train_acc: 0.563 train_loss_sup: 6.111
[GPU0] epochs: [30/100] train_acc: 0.564 train_loss_sup: 6.432
[GPU0] Test Accuracy at epoch: 30: 0.589
[GPU0] epochs: [31/100] train_acc: 0.557 train_loss_sup: 6.404
[GPU0] epochs: [32/100] train_acc: 0.575 train_loss_sup: 5.933
[GPU0] epochs: [33/100] train_acc: 0.568 train_loss_sup: 5.577
[GPU0] epochs: [34/100] train_acc: 0.572 train_loss_sup: 5.528
[GPU0] epochs: [35/100] train_acc: 0.556 train_loss_sup: 6.025
[GPU0] epochs: [36/100] train_acc: 0.570 train_loss_sup: 6.150
[GPU0] epochs: [37/100] train_acc: 0.579 train_loss_sup: 4.638
[GPU0] epochs: [38/100] train_acc: 0.564 train_loss_sup: 5.453
[GPU0] epochs: [39/100] train_acc: 0.567 train_loss_sup: 5.594
[GPU0] epochs: [40/100] train_acc: 0.574 train_loss_sup: 4.741
[GPU0] Test Accuracy at epoch: 40: 0.597
[GPU0] epochs: [41/100] train_acc: 0.565 train_loss_sup: 4.915
[GPU0] epochs: [42/100] train_acc: 0.574 train_loss_sup: 4.976
[GPU0] epochs: [43/100] train_acc: 0.573 train_loss_sup: 4.209
[GPU0] epochs: [44/100] train_acc: 0.571 train_loss_sup: 4.388
[GPU0] epochs: [45/100] train_acc: 0.572 train_loss_sup: 4.151
[GPU0] epochs: [46/100] train_acc: 0.566 train_loss_sup: 4.363
[GPU0] epochs: [47/100] train_acc: 0.579 train_loss_sup: 3.737
[GPU0] epochs: [48/100] train_acc: 0.559 train_loss_sup: 4.088
[GPU0] epochs: [49/100] train_acc: 0.577 train_loss_sup: 3.552
[GPU0] epochs: [50/100] train_acc: 0.578 train_loss_sup: 3.295
[GPU0] Test Accuracy at epoch: 50: 0.601
[GPU0] epochs: [51/100] train_acc: 0.567 train_loss_sup: 4.092
[GPU0] epochs: [52/100] train_acc: 0.589 train_loss_sup: 2.897
[GPU0] epochs: [53/100] train_acc: 0.556 train_loss_sup: 3.748
[GPU0] epochs: [54/100] train_acc: 0.579 train_loss_sup: 3.364
[GPU0] epochs: [55/100] train_acc: 0.574 train_loss_sup: 3.266
[GPU0] epochs: [56/100] train_acc: 0.584 train_loss_sup: 3.067
[GPU0] epochs: [57/100] train_acc: 0.587 train_loss_sup: 2.536
[GPU0] epochs: [58/100] train_acc: 0.575 train_loss_sup: 2.624
[GPU0] epochs: [59/100] train_acc: 0.587 train_loss_sup: 2.669
[GPU0] epochs: [60/100] train_acc: 0.583 train_loss_sup: 2.466
[GPU0] Test Accuracy at epoch: 60: 0.633
[GPU0] epochs: [61/100] train_acc: 0.583 train_loss_sup: 2.410
[GPU0] epochs: [62/100] train_acc: 0.587 train_loss_sup: 2.155
[GPU0] epochs: [63/100] train_acc: 0.584 train_loss_sup: 2.322
[GPU0] epochs: [64/100] train_acc: 0.597 train_loss_sup: 1.921
[GPU0] epochs: [65/100] train_acc: 0.587 train_loss_sup: 1.940
[GPU0] epochs: [66/100] train_acc: 0.597 train_loss_sup: 1.778
[GPU0] epochs: [67/100] train_acc: 0.603 train_loss_sup: 1.686
[GPU0] epochs: [68/100] train_acc: 0.590 train_loss_sup: 1.806
[GPU0] epochs: [69/100] train_acc: 0.625 train_loss_sup: 1.380
[GPU0] epochs: [70/100] train_acc: 0.609 train_loss_sup: 1.463
[GPU0] Test Accuracy at epoch: 70: 0.636
[GPU0] epochs: [71/100] train_acc: 0.611 train_loss_sup: 1.458
[GPU0] epochs: [72/100] train_acc: 0.625 train_loss_sup: 1.311
[GPU0] epochs: [73/100] train_acc: 0.620 train_loss_sup: 1.339
[GPU0] epochs: [74/100] train_acc: 0.631 train_loss_sup: 1.223
[GPU0] epochs: [75/100] train_acc: 0.636 train_loss_sup: 1.182
[GPU0] epochs: [76/100] train_acc: 0.634 train_loss_sup: 1.184
[GPU0] epochs: [77/100] train_acc: 0.642 train_loss_sup: 1.141
[GPU0] epochs: [78/100] train_acc: 0.646 train_loss_sup: 1.119
[GPU0] epochs: [79/100] train_acc: 0.646 train_loss_sup: 1.093
[GPU0] epochs: [80/100] train_acc: 0.653 train_loss_sup: 1.083
[GPU0] Test Accuracy at epoch: 80: 0.672
[GPU0] epochs: [81/100] train_acc: 0.657 train_loss_sup: 1.062
[GPU0] epochs: [82/100] train_acc: 0.655 train_loss_sup: 1.072
[GPU0] epochs: [83/100] train_acc: 0.662 train_loss_sup: 1.035
[GPU0] epochs: [84/100] train_acc: 0.664 train_loss_sup: 1.026
[GPU0] epochs: [85/100] train_acc: 0.668 train_loss_sup: 1.005
[GPU0] epochs: [86/100] train_acc: 0.671 train_loss_sup: 0.995
[GPU0] epochs: [87/100] train_acc: 0.672 train_loss_sup: 0.988
[GPU0] epochs: [88/100] train_acc: 0.676 train_loss_sup: 0.978
[GPU0] epochs: [89/100] train_acc: 0.674 train_loss_sup: 0.985
[GPU0] epochs: [90/100] train_acc: 0.676 train_loss_sup: 0.977
[GPU0] Test Accuracy at epoch: 90: 0.695
[GPU0] epochs: [91/100] train_acc: 0.679 train_loss_sup: 0.971
[GPU0] epochs: [92/100] train_acc: 0.682 train_loss_sup: 0.959
[GPU0] epochs: [93/100] train_acc: 0.684 train_loss_sup: 0.951
[GPU0] epochs: [94/100] train_acc: 0.685 train_loss_sup: 0.947
[GPU0] epochs: [95/100] train_acc: 0.685 train_loss_sup: 0.955
[GPU0] epochs: [96/100] train_acc: 0.687 train_loss_sup: 0.951
[GPU0] epochs: [97/100] train_acc: 0.687 train_loss_sup: 0.945
[GPU0] epochs: [98/100] train_acc: 0.692 train_loss_sup: 0.936
[GPU0] epochs: [99/100] train_acc: 0.685 train_loss_sup: 0.947
[GPU0] epochs: [100/100] train_acc: 0.690 train_loss_sup: 0.938
[GPU0] Final Test Accuracy: 0.701
LR: 1.000 | WD: 0.000001 | Cosine: True | test Acc: 0.701%
===> using linear mlp
Scheduler: <torch.optim.lr_scheduler.CosineAnnealingLR object at 0x7d31e8dad390>
MLP: MLP(
  (mlp): Linear(in_features=512, out_features=10, bias=True)
)
[GPU0] Test Accuracy at epoch: 0: 0.587
[GPU0] epochs: [1/100] train_acc: 0.513 train_loss_sup: 17.301
[GPU0] epochs: [2/100] train_acc: 0.541 train_loss_sup: 9.744
[GPU0] epochs: [3/100] train_acc: 0.543 train_loss_sup: 8.539
[GPU0] epochs: [4/100] train_acc: 0.560 train_loss_sup: 7.419
[GPU0] epochs: [5/100] train_acc: 0.559 train_loss_sup: 7.342
[GPU0] epochs: [6/100] train_acc: 0.541 train_loss_sup: 8.230
[GPU0] epochs: [7/100] train_acc: 0.564 train_loss_sup: 7.419
[GPU0] epochs: [8/100] train_acc: 0.547 train_loss_sup: 7.817
[GPU0] epochs: [9/100] train_acc: 0.550 train_loss_sup: 7.391
[GPU0] epochs: [10/100] train_acc: 0.558 train_loss_sup: 7.218
[GPU0] Test Accuracy at epoch: 10: 0.572
[GPU0] epochs: [11/100] train_acc: 0.560 train_loss_sup: 6.255
[GPU0] epochs: [12/100] train_acc: 0.547 train_loss_sup: 8.272
[GPU0] epochs: [13/100] train_acc: 0.543 train_loss_sup: 8.779
[GPU0] epochs: [14/100] train_acc: 0.562 train_loss_sup: 7.221
[GPU0] epochs: [15/100] train_acc: 0.560 train_loss_sup: 6.797
[GPU0] epochs: [16/100] train_acc: 0.546 train_loss_sup: 7.304
[GPU0] epochs: [17/100] train_acc: 0.549 train_loss_sup: 7.751
[GPU0] epochs: [18/100] train_acc: 0.553 train_loss_sup: 7.260
[GPU0] epochs: [19/100] train_acc: 0.557 train_loss_sup: 7.444
[GPU0] epochs: [20/100] train_acc: 0.556 train_loss_sup: 6.668
[GPU0] Test Accuracy at epoch: 20: 0.589
[GPU0] epochs: [21/100] train_acc: 0.556 train_loss_sup: 6.530
[GPU0] epochs: [22/100] train_acc: 0.550 train_loss_sup: 6.651
[GPU0] epochs: [23/100] train_acc: 0.561 train_loss_sup: 6.427
[GPU0] epochs: [24/100] train_acc: 0.550 train_loss_sup: 7.220
[GPU0] epochs: [25/100] train_acc: 0.559 train_loss_sup: 6.484
[GPU0] epochs: [26/100] train_acc: 0.569 train_loss_sup: 5.728
[GPU0] epochs: [27/100] train_acc: 0.549 train_loss_sup: 7.436
[GPU0] epochs: [28/100] train_acc: 0.553 train_loss_sup: 7.460
[GPU0] epochs: [29/100] train_acc: 0.564 train_loss_sup: 5.931
[GPU0] epochs: [30/100] train_acc: 0.556 train_loss_sup: 6.806
[GPU0] Test Accuracy at epoch: 30: 0.66
[GPU0] epochs: [31/100] train_acc: 0.550 train_loss_sup: 7.181
[GPU0] epochs: [32/100] train_acc: 0.565 train_loss_sup: 5.757
[GPU0] epochs: [33/100] train_acc: 0.565 train_loss_sup: 5.472
[GPU0] epochs: [34/100] train_acc: 0.558 train_loss_sup: 5.557
[GPU0] epochs: [35/100] train_acc: 0.549 train_loss_sup: 5.823
[GPU0] epochs: [36/100] train_acc: 0.566 train_loss_sup: 5.588
[GPU0] epochs: [37/100] train_acc: 0.562 train_loss_sup: 5.403
[GPU0] epochs: [38/100] train_acc: 0.544 train_loss_sup: 6.197
[GPU0] epochs: [39/100] train_acc: 0.567 train_loss_sup: 4.955
[GPU0] epochs: [40/100] train_acc: 0.567 train_loss_sup: 4.919
[GPU0] Test Accuracy at epoch: 40: 0.666
[GPU0] epochs: [41/100] train_acc: 0.565 train_loss_sup: 4.977
[GPU0] epochs: [42/100] train_acc: 0.556 train_loss_sup: 5.205
[GPU0] epochs: [43/100] train_acc: 0.559 train_loss_sup: 4.695
[GPU0] epochs: [44/100] train_acc: 0.569 train_loss_sup: 4.142
[GPU0] epochs: [45/100] train_acc: 0.561 train_loss_sup: 4.294
[GPU0] epochs: [46/100] train_acc: 0.559 train_loss_sup: 4.323
[GPU0] epochs: [47/100] train_acc: 0.568 train_loss_sup: 4.236
[GPU0] epochs: [48/100] train_acc: 0.559 train_loss_sup: 4.195
[GPU0] epochs: [49/100] train_acc: 0.571 train_loss_sup: 3.717
[GPU0] epochs: [50/100] train_acc: 0.563 train_loss_sup: 4.299
[GPU0] Test Accuracy at epoch: 50: 0.659
[GPU0] epochs: [51/100] train_acc: 0.563 train_loss_sup: 4.257
[GPU0] epochs: [52/100] train_acc: 0.567 train_loss_sup: 3.666
[GPU0] epochs: [53/100] train_acc: 0.562 train_loss_sup: 3.886
[GPU0] epochs: [54/100] train_acc: 0.574 train_loss_sup: 3.403
[GPU0] epochs: [55/100] train_acc: 0.576 train_loss_sup: 3.117
[GPU0] epochs: [56/100] train_acc: 0.573 train_loss_sup: 3.120
[GPU0] epochs: [57/100] train_acc: 0.570 train_loss_sup: 3.062
[GPU0] epochs: [58/100] train_acc: 0.581 train_loss_sup: 2.525
[GPU0] epochs: [59/100] train_acc: 0.574 train_loss_sup: 2.848
[GPU0] epochs: [60/100] train_acc: 0.581 train_loss_sup: 2.429
[GPU0] Test Accuracy at epoch: 60: 0.633
[GPU0] epochs: [61/100] train_acc: 0.578 train_loss_sup: 2.482
[GPU0] epochs: [62/100] train_acc: 0.583 train_loss_sup: 2.219
[GPU0] epochs: [63/100] train_acc: 0.593 train_loss_sup: 2.092
[GPU0] epochs: [64/100] train_acc: 0.591 train_loss_sup: 2.026
[GPU0] epochs: [65/100] train_acc: 0.588 train_loss_sup: 2.093
[GPU0] epochs: [66/100] train_acc: 0.584 train_loss_sup: 1.929
[GPU0] epochs: [67/100] train_acc: 0.592 train_loss_sup: 2.040
[GPU0] epochs: [68/100] train_acc: 0.605 train_loss_sup: 1.659
[GPU0] epochs: [69/100] train_acc: 0.594 train_loss_sup: 1.637
[GPU0] epochs: [70/100] train_acc: 0.611 train_loss_sup: 1.481
[GPU0] Test Accuracy at epoch: 70: 0.684
[GPU0] epochs: [71/100] train_acc: 0.612 train_loss_sup: 1.432
[GPU0] epochs: [72/100] train_acc: 0.621 train_loss_sup: 1.281
[GPU0] epochs: [73/100] train_acc: 0.620 train_loss_sup: 1.286
[GPU0] epochs: [74/100] train_acc: 0.617 train_loss_sup: 1.295
[GPU0] epochs: [75/100] train_acc: 0.638 train_loss_sup: 1.172
[GPU0] epochs: [76/100] train_acc: 0.635 train_loss_sup: 1.150
[GPU0] epochs: [77/100] train_acc: 0.646 train_loss_sup: 1.111
[GPU0] epochs: [78/100] train_acc: 0.644 train_loss_sup: 1.116
[GPU0] epochs: [79/100] train_acc: 0.648 train_loss_sup: 1.096
[GPU0] epochs: [80/100] train_acc: 0.653 train_loss_sup: 1.065
[GPU0] Test Accuracy at epoch: 80: 0.673
[GPU0] epochs: [81/100] train_acc: 0.656 train_loss_sup: 1.050
[GPU0] epochs: [82/100] train_acc: 0.664 train_loss_sup: 1.032
[GPU0] epochs: [83/100] train_acc: 0.660 train_loss_sup: 1.025
[GPU0] epochs: [84/100] train_acc: 0.662 train_loss_sup: 1.010
[GPU0] epochs: [85/100] train_acc: 0.667 train_loss_sup: 1.008
[GPU0] epochs: [86/100] train_acc: 0.668 train_loss_sup: 0.996
[GPU0] epochs: [87/100] train_acc: 0.668 train_loss_sup: 0.997
[GPU0] epochs: [88/100] train_acc: 0.677 train_loss_sup: 0.974
[GPU0] epochs: [89/100] train_acc: 0.674 train_loss_sup: 0.974
[GPU0] epochs: [90/100] train_acc: 0.678 train_loss_sup: 0.967
[GPU0] Test Accuracy at epoch: 90: 0.706
[GPU0] epochs: [91/100] train_acc: 0.681 train_loss_sup: 0.956
[GPU0] epochs: [92/100] train_acc: 0.684 train_loss_sup: 0.957
[GPU0] epochs: [93/100] train_acc: 0.687 train_loss_sup: 0.947
[GPU0] epochs: [94/100] train_acc: 0.687 train_loss_sup: 0.953
[GPU0] epochs: [95/100] train_acc: 0.688 train_loss_sup: 0.936
[GPU0] epochs: [96/100] train_acc: 0.689 train_loss_sup: 0.937
[GPU0] epochs: [97/100] train_acc: 0.690 train_loss_sup: 0.935
[GPU0] epochs: [98/100] train_acc: 0.689 train_loss_sup: 0.933
[GPU0] epochs: [99/100] train_acc: 0.690 train_loss_sup: 0.933
[GPU0] epochs: [100/100] train_acc: 0.689 train_loss_sup: 0.942
[GPU0] Final Test Accuracy: 0.713
LR: 1.000 | WD: 0.000100 | Cosine: True | test Acc: 0.713%
===> using linear mlp
Scheduler: <torch.optim.lr_scheduler.CosineAnnealingLR object at 0x7d30abbd6dd0>
MLP: MLP(
  (mlp): Linear(in_features=512, out_features=10, bias=True)
)
[GPU0] Test Accuracy at epoch: 0: 0.62
[GPU0] epochs: [1/100] train_acc: 0.507 train_loss_sup: 18.403
[GPU0] epochs: [2/100] train_acc: 0.570 train_loss_sup: 7.528
[GPU0] epochs: [3/100] train_acc: 0.562 train_loss_sup: 7.175
[GPU0] epochs: [4/100] train_acc: 0.554 train_loss_sup: 8.385
[GPU0] epochs: [5/100] train_acc: 0.563 train_loss_sup: 7.306
[GPU0] epochs: [6/100] train_acc: 0.561 train_loss_sup: 7.283
[GPU0] epochs: [7/100] train_acc: 0.560 train_loss_sup: 8.305
[GPU0] epochs: [8/100] train_acc: 0.567 train_loss_sup: 6.819
[GPU0] epochs: [9/100] train_acc: 0.564 train_loss_sup: 7.071
[GPU0] epochs: [10/100] train_acc: 0.556 train_loss_sup: 7.778
[GPU0] Test Accuracy at epoch: 10: 0.654
[GPU0] epochs: [11/100] train_acc: 0.568 train_loss_sup: 7.146
[GPU0] epochs: [12/100] train_acc: 0.568 train_loss_sup: 6.155
[GPU0] epochs: [13/100] train_acc: 0.557 train_loss_sup: 6.977
[GPU0] epochs: [14/100] train_acc: 0.557 train_loss_sup: 7.526
[GPU0] epochs: [15/100] train_acc: 0.564 train_loss_sup: 6.957
[GPU0] epochs: [16/100] train_acc: 0.570 train_loss_sup: 6.790
[GPU0] epochs: [17/100] train_acc: 0.564 train_loss_sup: 7.464
[GPU0] epochs: [18/100] train_acc: 0.563 train_loss_sup: 7.064
[GPU0] epochs: [19/100] train_acc: 0.561 train_loss_sup: 7.048
[GPU0] epochs: [20/100] train_acc: 0.564 train_loss_sup: 6.950
[GPU0] Test Accuracy at epoch: 20: 0.62
[GPU0] epochs: [21/100] train_acc: 0.564 train_loss_sup: 6.516
[GPU0] epochs: [22/100] train_acc: 0.567 train_loss_sup: 6.706
[GPU0] epochs: [23/100] train_acc: 0.570 train_loss_sup: 5.920
[GPU0] epochs: [24/100] train_acc: 0.564 train_loss_sup: 6.447
[GPU0] epochs: [25/100] train_acc: 0.558 train_loss_sup: 6.801
[GPU0] epochs: [26/100] train_acc: 0.568 train_loss_sup: 6.026
[GPU0] epochs: [27/100] train_acc: 0.558 train_loss_sup: 6.688
[GPU0] epochs: [28/100] train_acc: 0.563 train_loss_sup: 7.197
[GPU0] epochs: [29/100] train_acc: 0.571 train_loss_sup: 6.149
[GPU0] epochs: [30/100] train_acc: 0.572 train_loss_sup: 5.585
[GPU0] Test Accuracy at epoch: 30: 0.563
[GPU0] epochs: [31/100] train_acc: 0.564 train_loss_sup: 5.547
[GPU0] epochs: [32/100] train_acc: 0.553 train_loss_sup: 6.441
[GPU0] epochs: [33/100] train_acc: 0.578 train_loss_sup: 5.268
[GPU0] epochs: [34/100] train_acc: 0.567 train_loss_sup: 5.561
[GPU0] epochs: [35/100] train_acc: 0.555 train_loss_sup: 5.969
[GPU0] epochs: [36/100] train_acc: 0.565 train_loss_sup: 6.222
[GPU0] epochs: [37/100] train_acc: 0.581 train_loss_sup: 5.261
[GPU0] epochs: [38/100] train_acc: 0.576 train_loss_sup: 4.690
[GPU0] epochs: [39/100] train_acc: 0.573 train_loss_sup: 4.833
[GPU0] epochs: [40/100] train_acc: 0.566 train_loss_sup: 4.967
[GPU0] Test Accuracy at epoch: 40: 0.493
[GPU0] epochs: [41/100] train_acc: 0.575 train_loss_sup: 4.631
[GPU0] epochs: [42/100] train_acc: 0.576 train_loss_sup: 4.306
[GPU0] epochs: [43/100] train_acc: 0.569 train_loss_sup: 4.915
[GPU0] epochs: [44/100] train_acc: 0.574 train_loss_sup: 4.081
[GPU0] epochs: [45/100] train_acc: 0.572 train_loss_sup: 4.321
[GPU0] epochs: [46/100] train_acc: 0.569 train_loss_sup: 4.270
[GPU0] epochs: [47/100] train_acc: 0.573 train_loss_sup: 4.043
[GPU0] epochs: [48/100] train_acc: 0.566 train_loss_sup: 4.045
[GPU0] epochs: [49/100] train_acc: 0.572 train_loss_sup: 4.121
[GPU0] epochs: [50/100] train_acc: 0.574 train_loss_sup: 3.697
[GPU0] Test Accuracy at epoch: 50: 0.627
[GPU0] epochs: [51/100] train_acc: 0.573 train_loss_sup: 3.555
[GPU0] epochs: [52/100] train_acc: 0.565 train_loss_sup: 4.435
[GPU0] epochs: [53/100] train_acc: 0.587 train_loss_sup: 3.320
[GPU0] epochs: [54/100] train_acc: 0.584 train_loss_sup: 3.110
[GPU0] epochs: [55/100] train_acc: 0.575 train_loss_sup: 3.301
[GPU0] epochs: [56/100] train_acc: 0.584 train_loss_sup: 2.810
[GPU0] epochs: [57/100] train_acc: 0.578 train_loss_sup: 3.081
[GPU0] epochs: [58/100] train_acc: 0.579 train_loss_sup: 2.941
[GPU0] epochs: [59/100] train_acc: 0.586 train_loss_sup: 2.493
[GPU0] epochs: [60/100] train_acc: 0.587 train_loss_sup: 2.587
[GPU0] Test Accuracy at epoch: 60: 0.656
[GPU0] epochs: [61/100] train_acc: 0.581 train_loss_sup: 2.711
[GPU0] epochs: [62/100] train_acc: 0.587 train_loss_sup: 2.272
[GPU0] epochs: [63/100] train_acc: 0.595 train_loss_sup: 2.218
[GPU0] epochs: [64/100] train_acc: 0.590 train_loss_sup: 2.037
[GPU0] epochs: [65/100] train_acc: 0.586 train_loss_sup: 2.092
[GPU0] epochs: [66/100] train_acc: 0.599 train_loss_sup: 1.883
[GPU0] epochs: [67/100] train_acc: 0.595 train_loss_sup: 1.949
[GPU0] epochs: [68/100] train_acc: 0.600 train_loss_sup: 1.766
[GPU0] epochs: [69/100] train_acc: 0.611 train_loss_sup: 1.483
[GPU0] epochs: [70/100] train_acc: 0.617 train_loss_sup: 1.406
[GPU0] Test Accuracy at epoch: 70: 0.586
[GPU0] epochs: [71/100] train_acc: 0.614 train_loss_sup: 1.451
[GPU0] epochs: [72/100] train_acc: 0.613 train_loss_sup: 1.393
[GPU0] epochs: [73/100] train_acc: 0.619 train_loss_sup: 1.322
[GPU0] epochs: [74/100] train_acc: 0.625 train_loss_sup: 1.258
[GPU0] epochs: [75/100] train_acc: 0.638 train_loss_sup: 1.185
[GPU0] epochs: [76/100] train_acc: 0.637 train_loss_sup: 1.172
[GPU0] epochs: [77/100] train_acc: 0.626 train_loss_sup: 1.237
[GPU0] epochs: [78/100] train_acc: 0.644 train_loss_sup: 1.154
[GPU0] epochs: [79/100] train_acc: 0.646 train_loss_sup: 1.114
[GPU0] epochs: [80/100] train_acc: 0.645 train_loss_sup: 1.122
[GPU0] Test Accuracy at epoch: 80: 0.693
[GPU0] epochs: [81/100] train_acc: 0.662 train_loss_sup: 1.044
[GPU0] epochs: [82/100] train_acc: 0.658 train_loss_sup: 1.050
[GPU0] epochs: [83/100] train_acc: 0.663 train_loss_sup: 1.030
[GPU0] epochs: [84/100] train_acc: 0.664 train_loss_sup: 1.018
[GPU0] epochs: [85/100] train_acc: 0.672 train_loss_sup: 1.003
[GPU0] epochs: [86/100] train_acc: 0.671 train_loss_sup: 1.001
[GPU0] epochs: [87/100] train_acc: 0.671 train_loss_sup: 0.992
[GPU0] epochs: [88/100] train_acc: 0.671 train_loss_sup: 0.992
[GPU0] epochs: [89/100] train_acc: 0.675 train_loss_sup: 0.983
[GPU0] epochs: [90/100] train_acc: 0.677 train_loss_sup: 0.975
[GPU0] Test Accuracy at epoch: 90: 0.691
[GPU0] epochs: [91/100] train_acc: 0.677 train_loss_sup: 0.973
[GPU0] epochs: [92/100] train_acc: 0.679 train_loss_sup: 0.965
[GPU0] epochs: [93/100] train_acc: 0.684 train_loss_sup: 0.957
[GPU0] epochs: [94/100] train_acc: 0.685 train_loss_sup: 0.953
[GPU0] epochs: [95/100] train_acc: 0.683 train_loss_sup: 0.954
[GPU0] epochs: [96/100] train_acc: 0.688 train_loss_sup: 0.949
[GPU0] epochs: [97/100] train_acc: 0.688 train_loss_sup: 0.946
[GPU0] epochs: [98/100] train_acc: 0.686 train_loss_sup: 0.941
[GPU0] epochs: [99/100] train_acc: 0.690 train_loss_sup: 0.933
[GPU0] epochs: [100/100] train_acc: 0.690 train_loss_sup: 0.940
[GPU0] Final Test Accuracy: 0.696
LR: 1.000 | WD: 0.000000 | Cosine: True | test Acc: 0.696%
------------------------------
Best Test Accuracy: 0.716%
Optimal Hyperparameters: LR=0.1, WD=0.0001, Cosine=1
knn evalution
logistic regression evalution
clustering metrics evalution
knn_acc: 0.616
lreg_acc: 0.703
ari: 0.132
nmi: 0.230
ss: 0.037
dbs: 3.765
