Namespace(dataset='cifar100', saved_path='saved_models/byol.en.timg.r18.pth', gpu=1, model='resnet18', verbose=False, epochs=100, eval_every=10, knn=True, lreg=True, linprobe=True, tsne=False, umap=False, cmet=True)
<All keys matched successfully>
Starting Hyperparameter Sweep on 1...
===> using linear mlp
Scheduler: None
MLP: MLP(
  (mlp): Linear(in_features=512, out_features=100, bias=True)
)
[GPU1] Test Accuracy at epoch: 0: 0.019
[GPU1] epochs: [1/100] train_acc: 0.014 train_loss_sup: 4.604
[GPU1] epochs: [2/100] train_acc: 0.033 train_loss_sup: 4.599
[GPU1] epochs: [3/100] train_acc: 0.051 train_loss_sup: 4.595
[GPU1] epochs: [4/100] train_acc: 0.070 train_loss_sup: 4.590
[GPU1] epochs: [5/100] train_acc: 0.088 train_loss_sup: 4.586
[GPU1] epochs: [6/100] train_acc: 0.111 train_loss_sup: 4.581
[GPU1] epochs: [7/100] train_acc: 0.118 train_loss_sup: 4.577
[GPU1] epochs: [8/100] train_acc: 0.122 train_loss_sup: 4.572
[GPU1] epochs: [9/100] train_acc: 0.133 train_loss_sup: 4.568
[GPU1] epochs: [10/100] train_acc: 0.139 train_loss_sup: 4.563
[GPU1] Test Accuracy at epoch: 10: 0.096
[GPU1] epochs: [11/100] train_acc: 0.141 train_loss_sup: 4.559
[GPU1] epochs: [12/100] train_acc: 0.130 train_loss_sup: 4.554
[GPU1] epochs: [13/100] train_acc: 0.149 train_loss_sup: 4.550
[GPU1] epochs: [14/100] train_acc: 0.151 train_loss_sup: 4.545
[GPU1] epochs: [15/100] train_acc: 0.166 train_loss_sup: 4.541
[GPU1] epochs: [16/100] train_acc: 0.157 train_loss_sup: 4.536
[GPU1] epochs: [17/100] train_acc: 0.163 train_loss_sup: 4.532
[GPU1] epochs: [18/100] train_acc: 0.149 train_loss_sup: 4.528
[GPU1] epochs: [19/100] train_acc: 0.158 train_loss_sup: 4.523
[GPU1] epochs: [20/100] train_acc: 0.165 train_loss_sup: 4.519
[GPU1] Test Accuracy at epoch: 20: 0.11
[GPU1] epochs: [21/100] train_acc: 0.169 train_loss_sup: 4.514
[GPU1] epochs: [22/100] train_acc: 0.170 train_loss_sup: 4.510
[GPU1] epochs: [23/100] train_acc: 0.159 train_loss_sup: 4.506
[GPU1] epochs: [24/100] train_acc: 0.170 train_loss_sup: 4.502
[GPU1] epochs: [25/100] train_acc: 0.172 train_loss_sup: 4.498
[GPU1] epochs: [26/100] train_acc: 0.165 train_loss_sup: 4.493
[GPU1] epochs: [27/100] train_acc: 0.172 train_loss_sup: 4.489
[GPU1] epochs: [28/100] train_acc: 0.174 train_loss_sup: 4.485
[GPU1] epochs: [29/100] train_acc: 0.172 train_loss_sup: 4.481
[GPU1] epochs: [30/100] train_acc: 0.175 train_loss_sup: 4.476
[GPU1] Test Accuracy at epoch: 30: 0.112
[GPU1] epochs: [31/100] train_acc: 0.176 train_loss_sup: 4.472
[GPU1] epochs: [32/100] train_acc: 0.173 train_loss_sup: 4.468
[GPU1] epochs: [33/100] train_acc: 0.179 train_loss_sup: 4.464
[GPU1] epochs: [34/100] train_acc: 0.172 train_loss_sup: 4.459
[GPU1] epochs: [35/100] train_acc: 0.176 train_loss_sup: 4.456
[GPU1] epochs: [36/100] train_acc: 0.173 train_loss_sup: 4.451
[GPU1] epochs: [37/100] train_acc: 0.175 train_loss_sup: 4.447
[GPU1] epochs: [38/100] train_acc: 0.181 train_loss_sup: 4.443
[GPU1] epochs: [39/100] train_acc: 0.179 train_loss_sup: 4.439
[GPU1] epochs: [40/100] train_acc: 0.180 train_loss_sup: 4.435
[GPU1] Test Accuracy at epoch: 40: 0.12
[GPU1] epochs: [41/100] train_acc: 0.179 train_loss_sup: 4.431
[GPU1] epochs: [42/100] train_acc: 0.183 train_loss_sup: 4.427
[GPU1] epochs: [43/100] train_acc: 0.182 train_loss_sup: 4.423
[GPU1] epochs: [44/100] train_acc: 0.182 train_loss_sup: 4.419
[GPU1] epochs: [45/100] train_acc: 0.180 train_loss_sup: 4.415
[GPU1] epochs: [46/100] train_acc: 0.181 train_loss_sup: 4.411
[GPU1] epochs: [47/100] train_acc: 0.179 train_loss_sup: 4.407
[GPU1] epochs: [48/100] train_acc: 0.180 train_loss_sup: 4.403
[GPU1] epochs: [49/100] train_acc: 0.182 train_loss_sup: 4.399
[GPU1] epochs: [50/100] train_acc: 0.184 train_loss_sup: 4.395
[GPU1] Test Accuracy at epoch: 50: 0.122
[GPU1] epochs: [51/100] train_acc: 0.188 train_loss_sup: 4.391
[GPU1] epochs: [52/100] train_acc: 0.187 train_loss_sup: 4.388
[GPU1] epochs: [53/100] train_acc: 0.184 train_loss_sup: 4.384
[GPU1] epochs: [54/100] train_acc: 0.180 train_loss_sup: 4.380
[GPU1] epochs: [55/100] train_acc: 0.189 train_loss_sup: 4.376
[GPU1] epochs: [56/100] train_acc: 0.185 train_loss_sup: 4.373
[GPU1] epochs: [57/100] train_acc: 0.186 train_loss_sup: 4.369
[GPU1] epochs: [58/100] train_acc: 0.188 train_loss_sup: 4.365
[GPU1] epochs: [59/100] train_acc: 0.183 train_loss_sup: 4.361
[GPU1] epochs: [60/100] train_acc: 0.189 train_loss_sup: 4.356
[GPU1] Test Accuracy at epoch: 60: 0.122
[GPU1] epochs: [61/100] train_acc: 0.189 train_loss_sup: 4.353
[GPU1] epochs: [62/100] train_acc: 0.186 train_loss_sup: 4.349
[GPU1] epochs: [63/100] train_acc: 0.185 train_loss_sup: 4.345
[GPU1] epochs: [64/100] train_acc: 0.193 train_loss_sup: 4.341
[GPU1] epochs: [65/100] train_acc: 0.192 train_loss_sup: 4.339
[GPU1] epochs: [66/100] train_acc: 0.187 train_loss_sup: 4.334
[GPU1] epochs: [67/100] train_acc: 0.188 train_loss_sup: 4.330
[GPU1] epochs: [68/100] train_acc: 0.188 train_loss_sup: 4.328
[GPU1] epochs: [69/100] train_acc: 0.192 train_loss_sup: 4.323
[GPU1] epochs: [70/100] train_acc: 0.190 train_loss_sup: 4.320
[GPU1] Test Accuracy at epoch: 70: 0.124
[GPU1] epochs: [71/100] train_acc: 0.191 train_loss_sup: 4.316
[GPU1] epochs: [72/100] train_acc: 0.187 train_loss_sup: 4.312
[GPU1] epochs: [73/100] train_acc: 0.188 train_loss_sup: 4.308
[GPU1] epochs: [74/100] train_acc: 0.194 train_loss_sup: 4.305
[GPU1] epochs: [75/100] train_acc: 0.192 train_loss_sup: 4.302
[GPU1] epochs: [76/100] train_acc: 0.194 train_loss_sup: 4.297
[GPU1] epochs: [77/100] train_acc: 0.194 train_loss_sup: 4.295
[GPU1] epochs: [78/100] train_acc: 0.190 train_loss_sup: 4.290
[GPU1] epochs: [79/100] train_acc: 0.196 train_loss_sup: 4.287
[GPU1] epochs: [80/100] train_acc: 0.195 train_loss_sup: 4.284
[GPU1] Test Accuracy at epoch: 80: 0.128
[GPU1] epochs: [81/100] train_acc: 0.194 train_loss_sup: 4.280
[GPU1] epochs: [82/100] train_acc: 0.192 train_loss_sup: 4.277
[GPU1] epochs: [83/100] train_acc: 0.195 train_loss_sup: 4.273
[GPU1] epochs: [84/100] train_acc: 0.197 train_loss_sup: 4.269
[GPU1] epochs: [85/100] train_acc: 0.196 train_loss_sup: 4.266
[GPU1] epochs: [86/100] train_acc: 0.190 train_loss_sup: 4.263
[GPU1] epochs: [87/100] train_acc: 0.194 train_loss_sup: 4.260
[GPU1] epochs: [88/100] train_acc: 0.196 train_loss_sup: 4.255
[GPU1] epochs: [89/100] train_acc: 0.195 train_loss_sup: 4.253
[GPU1] epochs: [90/100] train_acc: 0.201 train_loss_sup: 4.250
[GPU1] Test Accuracy at epoch: 90: 0.132
[GPU1] epochs: [91/100] train_acc: 0.197 train_loss_sup: 4.245
[GPU1] epochs: [92/100] train_acc: 0.198 train_loss_sup: 4.243
[GPU1] epochs: [93/100] train_acc: 0.196 train_loss_sup: 4.240
[GPU1] epochs: [94/100] train_acc: 0.196 train_loss_sup: 4.236
[GPU1] epochs: [95/100] train_acc: 0.196 train_loss_sup: 4.234
[GPU1] epochs: [96/100] train_acc: 0.198 train_loss_sup: 4.229
[GPU1] epochs: [97/100] train_acc: 0.196 train_loss_sup: 4.227
[GPU1] epochs: [98/100] train_acc: 0.199 train_loss_sup: 4.222
[GPU1] epochs: [99/100] train_acc: 0.200 train_loss_sup: 4.220
[GPU1] epochs: [100/100] train_acc: 0.198 train_loss_sup: 4.217
[GPU1] Final Test Accuracy: 0.132
LR: 0.100 | WD: 0.000001 | Cosine: False | test Acc: 0.132%
===> using linear mlp
Scheduler: None
MLP: MLP(
  (mlp): Linear(in_features=512, out_features=100, bias=True)
)
[GPU1] Test Accuracy at epoch: 0: 0.029
[GPU1] epochs: [1/100] train_acc: 0.010 train_loss_sup: 4.604
[GPU1] epochs: [2/100] train_acc: 0.038 train_loss_sup: 4.600
[GPU1] epochs: [3/100] train_acc: 0.047 train_loss_sup: 4.595
[GPU1] epochs: [4/100] train_acc: 0.065 train_loss_sup: 4.591
[GPU1] epochs: [5/100] train_acc: 0.088 train_loss_sup: 4.586
[GPU1] epochs: [6/100] train_acc: 0.114 train_loss_sup: 4.582
[GPU1] epochs: [7/100] train_acc: 0.096 train_loss_sup: 4.578
[GPU1] epochs: [8/100] train_acc: 0.117 train_loss_sup: 4.573
[GPU1] epochs: [9/100] train_acc: 0.136 train_loss_sup: 4.569
[GPU1] epochs: [10/100] train_acc: 0.144 train_loss_sup: 4.565
[GPU1] Test Accuracy at epoch: 10: 0.113
[GPU1] epochs: [11/100] train_acc: 0.137 train_loss_sup: 4.561
[GPU1] epochs: [12/100] train_acc: 0.144 train_loss_sup: 4.557
[GPU1] epochs: [13/100] train_acc: 0.139 train_loss_sup: 4.553
[GPU1] epochs: [14/100] train_acc: 0.151 train_loss_sup: 4.549
[GPU1] epochs: [15/100] train_acc: 0.153 train_loss_sup: 4.545
[GPU1] epochs: [16/100] train_acc: 0.163 train_loss_sup: 4.541
[GPU1] epochs: [17/100] train_acc: 0.154 train_loss_sup: 4.538
[GPU1] epochs: [18/100] train_acc: 0.158 train_loss_sup: 4.534
[GPU1] epochs: [19/100] train_acc: 0.157 train_loss_sup: 4.530
[GPU1] epochs: [20/100] train_acc: 0.161 train_loss_sup: 4.526
[GPU1] Test Accuracy at epoch: 20: 0.113
[GPU1] epochs: [21/100] train_acc: 0.153 train_loss_sup: 4.523
[GPU1] epochs: [22/100] train_acc: 0.164 train_loss_sup: 4.520
[GPU1] epochs: [23/100] train_acc: 0.166 train_loss_sup: 4.516
[GPU1] epochs: [24/100] train_acc: 0.171 train_loss_sup: 4.512
[GPU1] epochs: [25/100] train_acc: 0.167 train_loss_sup: 4.509
[GPU1] epochs: [26/100] train_acc: 0.175 train_loss_sup: 4.506
[GPU1] epochs: [27/100] train_acc: 0.174 train_loss_sup: 4.502
[GPU1] epochs: [28/100] train_acc: 0.167 train_loss_sup: 4.499
[GPU1] epochs: [29/100] train_acc: 0.176 train_loss_sup: 4.496
[GPU1] epochs: [30/100] train_acc: 0.167 train_loss_sup: 4.492
[GPU1] Test Accuracy at epoch: 30: 0.111
[GPU1] epochs: [31/100] train_acc: 0.166 train_loss_sup: 4.490
[GPU1] epochs: [32/100] train_acc: 0.173 train_loss_sup: 4.486
[GPU1] epochs: [33/100] train_acc: 0.172 train_loss_sup: 4.483
[GPU1] epochs: [34/100] train_acc: 0.174 train_loss_sup: 4.480
[GPU1] epochs: [35/100] train_acc: 0.169 train_loss_sup: 4.477
[GPU1] epochs: [36/100] train_acc: 0.173 train_loss_sup: 4.475
[GPU1] epochs: [37/100] train_acc: 0.174 train_loss_sup: 4.471
[GPU1] epochs: [38/100] train_acc: 0.176 train_loss_sup: 4.469
[GPU1] epochs: [39/100] train_acc: 0.177 train_loss_sup: 4.466
[GPU1] epochs: [40/100] train_acc: 0.177 train_loss_sup: 4.463
[GPU1] Test Accuracy at epoch: 40: 0.115
[GPU1] epochs: [41/100] train_acc: 0.175 train_loss_sup: 4.460
[GPU1] epochs: [42/100] train_acc: 0.183 train_loss_sup: 4.457
[GPU1] epochs: [43/100] train_acc: 0.177 train_loss_sup: 4.454
[GPU1] epochs: [44/100] train_acc: 0.181 train_loss_sup: 4.452
[GPU1] epochs: [45/100] train_acc: 0.175 train_loss_sup: 4.449
[GPU1] epochs: [46/100] train_acc: 0.180 train_loss_sup: 4.447
[GPU1] epochs: [47/100] train_acc: 0.184 train_loss_sup: 4.444
[GPU1] epochs: [48/100] train_acc: 0.177 train_loss_sup: 4.442
[GPU1] epochs: [49/100] train_acc: 0.178 train_loss_sup: 4.439
[GPU1] epochs: [50/100] train_acc: 0.180 train_loss_sup: 4.437
[GPU1] Test Accuracy at epoch: 50: 0.118
[GPU1] epochs: [51/100] train_acc: 0.179 train_loss_sup: 4.434
[GPU1] epochs: [52/100] train_acc: 0.181 train_loss_sup: 4.432
[GPU1] epochs: [53/100] train_acc: 0.184 train_loss_sup: 4.429
[GPU1] epochs: [54/100] train_acc: 0.180 train_loss_sup: 4.427
[GPU1] epochs: [55/100] train_acc: 0.184 train_loss_sup: 4.425
[GPU1] epochs: [56/100] train_acc: 0.180 train_loss_sup: 4.422
[GPU1] epochs: [57/100] train_acc: 0.180 train_loss_sup: 4.420
[GPU1] epochs: [58/100] train_acc: 0.182 train_loss_sup: 4.418
[GPU1] epochs: [59/100] train_acc: 0.182 train_loss_sup: 4.416
[GPU1] epochs: [60/100] train_acc: 0.188 train_loss_sup: 4.414
[GPU1] Test Accuracy at epoch: 60: 0.116
[GPU1] epochs: [61/100] train_acc: 0.187 train_loss_sup: 4.411
[GPU1] epochs: [62/100] train_acc: 0.178 train_loss_sup: 4.409
[GPU1] epochs: [63/100] train_acc: 0.180 train_loss_sup: 4.407
[GPU1] epochs: [64/100] train_acc: 0.185 train_loss_sup: 4.405
[GPU1] epochs: [65/100] train_acc: 0.186 train_loss_sup: 4.403
[GPU1] epochs: [66/100] train_acc: 0.185 train_loss_sup: 4.402
[GPU1] epochs: [67/100] train_acc: 0.185 train_loss_sup: 4.399
[GPU1] epochs: [68/100] train_acc: 0.187 train_loss_sup: 4.397
[GPU1] epochs: [69/100] train_acc: 0.185 train_loss_sup: 4.395
[GPU1] epochs: [70/100] train_acc: 0.182 train_loss_sup: 4.393
[GPU1] Test Accuracy at epoch: 70: 0.122
[GPU1] epochs: [71/100] train_acc: 0.188 train_loss_sup: 4.391
[GPU1] epochs: [72/100] train_acc: 0.180 train_loss_sup: 4.389
[GPU1] epochs: [73/100] train_acc: 0.183 train_loss_sup: 4.388
[GPU1] epochs: [74/100] train_acc: 0.189 train_loss_sup: 4.386
[GPU1] epochs: [75/100] train_acc: 0.190 train_loss_sup: 4.384
[GPU1] epochs: [76/100] train_acc: 0.180 train_loss_sup: 4.382
[GPU1] epochs: [77/100] train_acc: 0.185 train_loss_sup: 4.380
[GPU1] epochs: [78/100] train_acc: 0.184 train_loss_sup: 4.379
[GPU1] epochs: [79/100] train_acc: 0.187 train_loss_sup: 4.376
[GPU1] epochs: [80/100] train_acc: 0.188 train_loss_sup: 4.376
[GPU1] Test Accuracy at epoch: 80: 0.126
[GPU1] epochs: [81/100] train_acc: 0.189 train_loss_sup: 4.374
[GPU1] epochs: [82/100] train_acc: 0.188 train_loss_sup: 4.371
[GPU1] epochs: [83/100] train_acc: 0.189 train_loss_sup: 4.370
[GPU1] epochs: [84/100] train_acc: 0.190 train_loss_sup: 4.368
[GPU1] epochs: [85/100] train_acc: 0.186 train_loss_sup: 4.367
[GPU1] epochs: [86/100] train_acc: 0.192 train_loss_sup: 4.365
[GPU1] epochs: [87/100] train_acc: 0.188 train_loss_sup: 4.364
[GPU1] epochs: [88/100] train_acc: 0.190 train_loss_sup: 4.362
[GPU1] epochs: [89/100] train_acc: 0.185 train_loss_sup: 4.360
[GPU1] epochs: [90/100] train_acc: 0.189 train_loss_sup: 4.358
[GPU1] Test Accuracy at epoch: 90: 0.121
[GPU1] epochs: [91/100] train_acc: 0.189 train_loss_sup: 4.357
[GPU1] epochs: [92/100] train_acc: 0.186 train_loss_sup: 4.356
[GPU1] epochs: [93/100] train_acc: 0.190 train_loss_sup: 4.354
[GPU1] epochs: [94/100] train_acc: 0.187 train_loss_sup: 4.354
[GPU1] epochs: [95/100] train_acc: 0.188 train_loss_sup: 4.351
[GPU1] epochs: [96/100] train_acc: 0.187 train_loss_sup: 4.351
[GPU1] epochs: [97/100] train_acc: 0.191 train_loss_sup: 4.348
[GPU1] epochs: [98/100] train_acc: 0.189 train_loss_sup: 4.348
[GPU1] epochs: [99/100] train_acc: 0.187 train_loss_sup: 4.346
[GPU1] epochs: [100/100] train_acc: 0.188 train_loss_sup: 4.345
[GPU1] Final Test Accuracy: 0.123
LR: 0.100 | WD: 0.000100 | Cosine: False | test Acc: 0.126%
===> using linear mlp
Scheduler: None
MLP: MLP(
  (mlp): Linear(in_features=512, out_features=100, bias=True)
)
[GPU1] Test Accuracy at epoch: 0: 0.045
[GPU1] epochs: [1/100] train_acc: 0.014 train_loss_sup: 4.604
[GPU1] epochs: [2/100] train_acc: 0.031 train_loss_sup: 4.600
[GPU1] epochs: [3/100] train_acc: 0.047 train_loss_sup: 4.595
[GPU1] epochs: [4/100] train_acc: 0.072 train_loss_sup: 4.590
[GPU1] epochs: [5/100] train_acc: 0.082 train_loss_sup: 4.586
[GPU1] epochs: [6/100] train_acc: 0.102 train_loss_sup: 4.581
[GPU1] epochs: [7/100] train_acc: 0.117 train_loss_sup: 4.577
[GPU1] epochs: [8/100] train_acc: 0.116 train_loss_sup: 4.572
[GPU1] epochs: [9/100] train_acc: 0.125 train_loss_sup: 4.568
[GPU1] epochs: [10/100] train_acc: 0.133 train_loss_sup: 4.563
[GPU1] Test Accuracy at epoch: 10: 0.11
[GPU1] epochs: [11/100] train_acc: 0.141 train_loss_sup: 4.559
[GPU1] epochs: [12/100] train_acc: 0.143 train_loss_sup: 4.554
[GPU1] epochs: [13/100] train_acc: 0.146 train_loss_sup: 4.550
[GPU1] epochs: [14/100] train_acc: 0.149 train_loss_sup: 4.545
[GPU1] epochs: [15/100] train_acc: 0.159 train_loss_sup: 4.541
[GPU1] epochs: [16/100] train_acc: 0.162 train_loss_sup: 4.536
[GPU1] epochs: [17/100] train_acc: 0.163 train_loss_sup: 4.532
[GPU1] epochs: [18/100] train_acc: 0.153 train_loss_sup: 4.528
[GPU1] epochs: [19/100] train_acc: 0.164 train_loss_sup: 4.523
[GPU1] epochs: [20/100] train_acc: 0.169 train_loss_sup: 4.519
[GPU1] Test Accuracy at epoch: 20: 0.113
[GPU1] epochs: [21/100] train_acc: 0.169 train_loss_sup: 4.515
[GPU1] epochs: [22/100] train_acc: 0.163 train_loss_sup: 4.510
[GPU1] epochs: [23/100] train_acc: 0.161 train_loss_sup: 4.506
[GPU1] epochs: [24/100] train_acc: 0.177 train_loss_sup: 4.502
[GPU1] epochs: [25/100] train_acc: 0.172 train_loss_sup: 4.497
[GPU1] epochs: [26/100] train_acc: 0.168 train_loss_sup: 4.493
[GPU1] epochs: [27/100] train_acc: 0.173 train_loss_sup: 4.489
[GPU1] epochs: [28/100] train_acc: 0.174 train_loss_sup: 4.484
[GPU1] epochs: [29/100] train_acc: 0.179 train_loss_sup: 4.480
[GPU1] epochs: [30/100] train_acc: 0.172 train_loss_sup: 4.477
[GPU1] Test Accuracy at epoch: 30: 0.114
[GPU1] epochs: [31/100] train_acc: 0.175 train_loss_sup: 4.472
[GPU1] epochs: [32/100] train_acc: 0.179 train_loss_sup: 4.468
[GPU1] epochs: [33/100] train_acc: 0.179 train_loss_sup: 4.464
[GPU1] epochs: [34/100] train_acc: 0.171 train_loss_sup: 4.460
[GPU1] epochs: [35/100] train_acc: 0.179 train_loss_sup: 4.456
[GPU1] epochs: [36/100] train_acc: 0.178 train_loss_sup: 4.452
[GPU1] epochs: [37/100] train_acc: 0.178 train_loss_sup: 4.447
[GPU1] epochs: [38/100] train_acc: 0.176 train_loss_sup: 4.443
[GPU1] epochs: [39/100] train_acc: 0.176 train_loss_sup: 4.439
[GPU1] epochs: [40/100] train_acc: 0.178 train_loss_sup: 4.435
[GPU1] Test Accuracy at epoch: 40: 0.116
[GPU1] epochs: [41/100] train_acc: 0.176 train_loss_sup: 4.431
[GPU1] epochs: [42/100] train_acc: 0.189 train_loss_sup: 4.426
[GPU1] epochs: [43/100] train_acc: 0.186 train_loss_sup: 4.422
[GPU1] epochs: [44/100] train_acc: 0.182 train_loss_sup: 4.419
[GPU1] epochs: [45/100] train_acc: 0.179 train_loss_sup: 4.414
[GPU1] epochs: [46/100] train_acc: 0.184 train_loss_sup: 4.411
[GPU1] epochs: [47/100] train_acc: 0.181 train_loss_sup: 4.407
[GPU1] epochs: [48/100] train_acc: 0.188 train_loss_sup: 4.403
[GPU1] epochs: [49/100] train_acc: 0.179 train_loss_sup: 4.399
[GPU1] epochs: [50/100] train_acc: 0.184 train_loss_sup: 4.395
[GPU1] Test Accuracy at epoch: 50: 0.122
[GPU1] epochs: [51/100] train_acc: 0.187 train_loss_sup: 4.391
[GPU1] epochs: [52/100] train_acc: 0.186 train_loss_sup: 4.387
[GPU1] epochs: [53/100] train_acc: 0.186 train_loss_sup: 4.383
[GPU1] epochs: [54/100] train_acc: 0.182 train_loss_sup: 4.380
[GPU1] epochs: [55/100] train_acc: 0.183 train_loss_sup: 4.376
[GPU1] epochs: [56/100] train_acc: 0.190 train_loss_sup: 4.372
[GPU1] epochs: [57/100] train_acc: 0.188 train_loss_sup: 4.368
[GPU1] epochs: [58/100] train_acc: 0.185 train_loss_sup: 4.364
[GPU1] epochs: [59/100] train_acc: 0.188 train_loss_sup: 4.360
[GPU1] epochs: [60/100] train_acc: 0.190 train_loss_sup: 4.357
[GPU1] Test Accuracy at epoch: 60: 0.122
[GPU1] epochs: [61/100] train_acc: 0.190 train_loss_sup: 4.353
[GPU1] epochs: [62/100] train_acc: 0.190 train_loss_sup: 4.349
[GPU1] epochs: [63/100] train_acc: 0.187 train_loss_sup: 4.345
[GPU1] epochs: [64/100] train_acc: 0.191 train_loss_sup: 4.341
[GPU1] epochs: [65/100] train_acc: 0.188 train_loss_sup: 4.337
[GPU1] epochs: [66/100] train_acc: 0.191 train_loss_sup: 4.334
[GPU1] epochs: [67/100] train_acc: 0.188 train_loss_sup: 4.330
[GPU1] epochs: [68/100] train_acc: 0.191 train_loss_sup: 4.325
[GPU1] epochs: [69/100] train_acc: 0.190 train_loss_sup: 4.324
[GPU1] epochs: [70/100] train_acc: 0.191 train_loss_sup: 4.319
[GPU1] Test Accuracy at epoch: 70: 0.123
[GPU1] epochs: [71/100] train_acc: 0.191 train_loss_sup: 4.315
[GPU1] epochs: [72/100] train_acc: 0.194 train_loss_sup: 4.312
[GPU1] epochs: [73/100] train_acc: 0.189 train_loss_sup: 4.309
[GPU1] epochs: [74/100] train_acc: 0.191 train_loss_sup: 4.305
[GPU1] epochs: [75/100] train_acc: 0.195 train_loss_sup: 4.300
[GPU1] epochs: [76/100] train_acc: 0.190 train_loss_sup: 4.296
[GPU1] epochs: [77/100] train_acc: 0.195 train_loss_sup: 4.295
[GPU1] epochs: [78/100] train_acc: 0.193 train_loss_sup: 4.291
[GPU1] epochs: [79/100] train_acc: 0.193 train_loss_sup: 4.287
[GPU1] epochs: [80/100] train_acc: 0.191 train_loss_sup: 4.283
[GPU1] Test Accuracy at epoch: 80: 0.126
[GPU1] epochs: [81/100] train_acc: 0.196 train_loss_sup: 4.280
[GPU1] epochs: [82/100] train_acc: 0.193 train_loss_sup: 4.277
[GPU1] epochs: [83/100] train_acc: 0.194 train_loss_sup: 4.273
[GPU1] epochs: [84/100] train_acc: 0.191 train_loss_sup: 4.270
[GPU1] epochs: [85/100] train_acc: 0.197 train_loss_sup: 4.266
[GPU1] epochs: [86/100] train_acc: 0.197 train_loss_sup: 4.263
[GPU1] epochs: [87/100] train_acc: 0.197 train_loss_sup: 4.260
[GPU1] epochs: [88/100] train_acc: 0.195 train_loss_sup: 4.255
[GPU1] epochs: [89/100] train_acc: 0.196 train_loss_sup: 4.252
[GPU1] epochs: [90/100] train_acc: 0.194 train_loss_sup: 4.249
[GPU1] Test Accuracy at epoch: 90: 0.128
[GPU1] epochs: [91/100] train_acc: 0.196 train_loss_sup: 4.246
[GPU1] epochs: [92/100] train_acc: 0.195 train_loss_sup: 4.243
[GPU1] epochs: [93/100] train_acc: 0.197 train_loss_sup: 4.238
[GPU1] epochs: [94/100] train_acc: 0.195 train_loss_sup: 4.236
[GPU1] epochs: [95/100] train_acc: 0.200 train_loss_sup: 4.231
[GPU1] epochs: [96/100] train_acc: 0.197 train_loss_sup: 4.229
[GPU1] epochs: [97/100] train_acc: 0.199 train_loss_sup: 4.225
[GPU1] epochs: [98/100] train_acc: 0.197 train_loss_sup: 4.222
[GPU1] epochs: [99/100] train_acc: 0.197 train_loss_sup: 4.218
[GPU1] epochs: [100/100] train_acc: 0.201 train_loss_sup: 4.215
[GPU1] Final Test Accuracy: 0.133
LR: 0.100 | WD: 0.000000 | Cosine: False | test Acc: 0.133%
===> using linear mlp
Scheduler: None
MLP: MLP(
  (mlp): Linear(in_features=512, out_features=100, bias=True)
)
[GPU1] Test Accuracy at epoch: 0: 0.02
[GPU1] epochs: [1/100] train_acc: 0.017 train_loss_sup: 4.592
[GPU1] epochs: [2/100] train_acc: 0.041 train_loss_sup: 4.547
[GPU1] epochs: [3/100] train_acc: 0.082 train_loss_sup: 4.504
[GPU1] epochs: [4/100] train_acc: 0.108 train_loss_sup: 4.462
[GPU1] epochs: [5/100] train_acc: 0.124 train_loss_sup: 4.421
[GPU1] epochs: [6/100] train_acc: 0.137 train_loss_sup: 4.382
[GPU1] epochs: [7/100] train_acc: 0.147 train_loss_sup: 4.344
[GPU1] epochs: [8/100] train_acc: 0.157 train_loss_sup: 4.308
[GPU1] epochs: [9/100] train_acc: 0.162 train_loss_sup: 4.272
[GPU1] epochs: [10/100] train_acc: 0.172 train_loss_sup: 4.238
[GPU1] Test Accuracy at epoch: 10: 0.122
[GPU1] epochs: [11/100] train_acc: 0.173 train_loss_sup: 4.205
[GPU1] epochs: [12/100] train_acc: 0.171 train_loss_sup: 4.175
[GPU1] epochs: [13/100] train_acc: 0.179 train_loss_sup: 4.144
[GPU1] epochs: [14/100] train_acc: 0.187 train_loss_sup: 4.116
[GPU1] epochs: [15/100] train_acc: 0.189 train_loss_sup: 4.088
[GPU1] epochs: [16/100] train_acc: 0.193 train_loss_sup: 4.060
[GPU1] epochs: [17/100] train_acc: 0.197 train_loss_sup: 4.033
[GPU1] epochs: [18/100] train_acc: 0.198 train_loss_sup: 4.009
[GPU1] epochs: [19/100] train_acc: 0.204 train_loss_sup: 3.981
[GPU1] epochs: [20/100] train_acc: 0.208 train_loss_sup: 3.959
[GPU1] Test Accuracy at epoch: 20: 0.16
[GPU1] epochs: [21/100] train_acc: 0.206 train_loss_sup: 3.935
[GPU1] epochs: [22/100] train_acc: 0.208 train_loss_sup: 3.914
[GPU1] epochs: [23/100] train_acc: 0.212 train_loss_sup: 3.893
[GPU1] epochs: [24/100] train_acc: 0.216 train_loss_sup: 3.869
[GPU1] epochs: [25/100] train_acc: 0.217 train_loss_sup: 3.851
[GPU1] epochs: [26/100] train_acc: 0.216 train_loss_sup: 3.833
[GPU1] epochs: [27/100] train_acc: 0.221 train_loss_sup: 3.814
[GPU1] epochs: [28/100] train_acc: 0.223 train_loss_sup: 3.793
[GPU1] epochs: [29/100] train_acc: 0.224 train_loss_sup: 3.779
[GPU1] epochs: [30/100] train_acc: 0.225 train_loss_sup: 3.759
[GPU1] Test Accuracy at epoch: 30: 0.17
[GPU1] epochs: [31/100] train_acc: 0.228 train_loss_sup: 3.742
[GPU1] epochs: [32/100] train_acc: 0.230 train_loss_sup: 3.726
[GPU1] epochs: [33/100] train_acc: 0.230 train_loss_sup: 3.709
[GPU1] epochs: [34/100] train_acc: 0.230 train_loss_sup: 3.698
[GPU1] epochs: [35/100] train_acc: 0.233 train_loss_sup: 3.680
[GPU1] epochs: [36/100] train_acc: 0.239 train_loss_sup: 3.663
[GPU1] epochs: [37/100] train_acc: 0.236 train_loss_sup: 3.650
[GPU1] epochs: [38/100] train_acc: 0.235 train_loss_sup: 3.640
[GPU1] epochs: [39/100] train_acc: 0.238 train_loss_sup: 3.625
[GPU1] epochs: [40/100] train_acc: 0.238 train_loss_sup: 3.609
[GPU1] Test Accuracy at epoch: 40: 0.182
[GPU1] epochs: [41/100] train_acc: 0.243 train_loss_sup: 3.598
[GPU1] epochs: [42/100] train_acc: 0.244 train_loss_sup: 3.584
[GPU1] epochs: [43/100] train_acc: 0.244 train_loss_sup: 3.575
[GPU1] epochs: [44/100] train_acc: 0.246 train_loss_sup: 3.559
[GPU1] epochs: [45/100] train_acc: 0.248 train_loss_sup: 3.547
[GPU1] epochs: [46/100] train_acc: 0.246 train_loss_sup: 3.540
[GPU1] epochs: [47/100] train_acc: 0.250 train_loss_sup: 3.525
[GPU1] epochs: [48/100] train_acc: 0.249 train_loss_sup: 3.520
[GPU1] epochs: [49/100] train_acc: 0.250 train_loss_sup: 3.510
[GPU1] epochs: [50/100] train_acc: 0.255 train_loss_sup: 3.495
[GPU1] Test Accuracy at epoch: 50: 0.198
[GPU1] epochs: [51/100] train_acc: 0.253 train_loss_sup: 3.486
[GPU1] epochs: [52/100] train_acc: 0.252 train_loss_sup: 3.476
[GPU1] epochs: [53/100] train_acc: 0.255 train_loss_sup: 3.468
[GPU1] epochs: [54/100] train_acc: 0.257 train_loss_sup: 3.458
[GPU1] epochs: [55/100] train_acc: 0.257 train_loss_sup: 3.453
[GPU1] epochs: [56/100] train_acc: 0.257 train_loss_sup: 3.439
[GPU1] epochs: [57/100] train_acc: 0.258 train_loss_sup: 3.433
[GPU1] epochs: [58/100] train_acc: 0.259 train_loss_sup: 3.423
[GPU1] epochs: [59/100] train_acc: 0.260 train_loss_sup: 3.418
[GPU1] epochs: [60/100] train_acc: 0.260 train_loss_sup: 3.405
[GPU1] Test Accuracy at epoch: 60: 0.205
[GPU1] epochs: [61/100] train_acc: 0.261 train_loss_sup: 3.401
[GPU1] epochs: [62/100] train_acc: 0.260 train_loss_sup: 3.393
[GPU1] epochs: [63/100] train_acc: 0.260 train_loss_sup: 3.387
[GPU1] epochs: [64/100] train_acc: 0.263 train_loss_sup: 3.377
[GPU1] epochs: [65/100] train_acc: 0.265 train_loss_sup: 3.367
[GPU1] epochs: [66/100] train_acc: 0.266 train_loss_sup: 3.359
[GPU1] epochs: [67/100] train_acc: 0.266 train_loss_sup: 3.357
[GPU1] epochs: [68/100] train_acc: 0.267 train_loss_sup: 3.349
[GPU1] epochs: [69/100] train_acc: 0.266 train_loss_sup: 3.342
[GPU1] epochs: [70/100] train_acc: 0.266 train_loss_sup: 3.335
[GPU1] Test Accuracy at epoch: 70: 0.216
[GPU1] epochs: [71/100] train_acc: 0.268 train_loss_sup: 3.327
[GPU1] epochs: [72/100] train_acc: 0.270 train_loss_sup: 3.321
[GPU1] epochs: [73/100] train_acc: 0.270 train_loss_sup: 3.316
[GPU1] epochs: [74/100] train_acc: 0.271 train_loss_sup: 3.310
[GPU1] epochs: [75/100] train_acc: 0.271 train_loss_sup: 3.303
[GPU1] epochs: [76/100] train_acc: 0.275 train_loss_sup: 3.291
[GPU1] epochs: [77/100] train_acc: 0.274 train_loss_sup: 3.290
[GPU1] epochs: [78/100] train_acc: 0.272 train_loss_sup: 3.283
[GPU1] epochs: [79/100] train_acc: 0.273 train_loss_sup: 3.279
[GPU1] epochs: [80/100] train_acc: 0.274 train_loss_sup: 3.280
[GPU1] Test Accuracy at epoch: 80: 0.223
[GPU1] epochs: [81/100] train_acc: 0.276 train_loss_sup: 3.265
[GPU1] epochs: [82/100] train_acc: 0.277 train_loss_sup: 3.264
[GPU1] epochs: [83/100] train_acc: 0.278 train_loss_sup: 3.256
[GPU1] epochs: [84/100] train_acc: 0.276 train_loss_sup: 3.252
[GPU1] epochs: [85/100] train_acc: 0.280 train_loss_sup: 3.241
[GPU1] epochs: [86/100] train_acc: 0.279 train_loss_sup: 3.239
[GPU1] epochs: [87/100] train_acc: 0.278 train_loss_sup: 3.237
[GPU1] epochs: [88/100] train_acc: 0.280 train_loss_sup: 3.232
[GPU1] epochs: [89/100] train_acc: 0.276 train_loss_sup: 3.226
[GPU1] epochs: [90/100] train_acc: 0.279 train_loss_sup: 3.218
[GPU1] Test Accuracy at epoch: 90: 0.23
[GPU1] epochs: [91/100] train_acc: 0.281 train_loss_sup: 3.215
[GPU1] epochs: [92/100] train_acc: 0.282 train_loss_sup: 3.215
[GPU1] epochs: [93/100] train_acc: 0.280 train_loss_sup: 3.211
[GPU1] epochs: [94/100] train_acc: 0.282 train_loss_sup: 3.206
[GPU1] epochs: [95/100] train_acc: 0.281 train_loss_sup: 3.203
[GPU1] epochs: [96/100] train_acc: 0.285 train_loss_sup: 3.190
[GPU1] epochs: [97/100] train_acc: 0.284 train_loss_sup: 3.188
[GPU1] epochs: [98/100] train_acc: 0.283 train_loss_sup: 3.191
[GPU1] epochs: [99/100] train_acc: 0.286 train_loss_sup: 3.183
[GPU1] epochs: [100/100] train_acc: 0.283 train_loss_sup: 3.180
[GPU1] Final Test Accuracy: 0.23
LR: 1.000 | WD: 0.000001 | Cosine: False | test Acc: 0.230%
===> using linear mlp
Scheduler: None
MLP: MLP(
  (mlp): Linear(in_features=512, out_features=100, bias=True)
)
[GPU1] Test Accuracy at epoch: 0: 0.026
[GPU1] epochs: [1/100] train_acc: 0.017 train_loss_sup: 4.592
[GPU1] epochs: [2/100] train_acc: 0.052 train_loss_sup: 4.551
[GPU1] epochs: [3/100] train_acc: 0.081 train_loss_sup: 4.515
[GPU1] epochs: [4/100] train_acc: 0.100 train_loss_sup: 4.483
[GPU1] epochs: [5/100] train_acc: 0.108 train_loss_sup: 4.454
[GPU1] epochs: [6/100] train_acc: 0.122 train_loss_sup: 4.429
[GPU1] epochs: [7/100] train_acc: 0.130 train_loss_sup: 4.407
[GPU1] epochs: [8/100] train_acc: 0.136 train_loss_sup: 4.388
[GPU1] epochs: [9/100] train_acc: 0.148 train_loss_sup: 4.370
[GPU1] epochs: [10/100] train_acc: 0.148 train_loss_sup: 4.356
[GPU1] Test Accuracy at epoch: 10: 0.095
[GPU1] epochs: [11/100] train_acc: 0.146 train_loss_sup: 4.343
[GPU1] epochs: [12/100] train_acc: 0.150 train_loss_sup: 4.331
[GPU1] epochs: [13/100] train_acc: 0.158 train_loss_sup: 4.321
[GPU1] epochs: [14/100] train_acc: 0.155 train_loss_sup: 4.311
[GPU1] epochs: [15/100] train_acc: 0.158 train_loss_sup: 4.303
[GPU1] epochs: [16/100] train_acc: 0.168 train_loss_sup: 4.294
[GPU1] epochs: [17/100] train_acc: 0.164 train_loss_sup: 4.289
[GPU1] epochs: [18/100] train_acc: 0.162 train_loss_sup: 4.283
[GPU1] epochs: [19/100] train_acc: 0.160 train_loss_sup: 4.278
[GPU1] epochs: [20/100] train_acc: 0.171 train_loss_sup: 4.273
[GPU1] Test Accuracy at epoch: 20: 0.115
[GPU1] epochs: [21/100] train_acc: 0.162 train_loss_sup: 4.269
[GPU1] epochs: [22/100] train_acc: 0.166 train_loss_sup: 4.266
[GPU1] epochs: [23/100] train_acc: 0.167 train_loss_sup: 4.262
[GPU1] epochs: [24/100] train_acc: 0.166 train_loss_sup: 4.260
[GPU1] epochs: [25/100] train_acc: 0.163 train_loss_sup: 4.257
[GPU1] epochs: [26/100] train_acc: 0.168 train_loss_sup: 4.255
[GPU1] epochs: [27/100] train_acc: 0.166 train_loss_sup: 4.254
[GPU1] epochs: [28/100] train_acc: 0.173 train_loss_sup: 4.251
[GPU1] epochs: [29/100] train_acc: 0.167 train_loss_sup: 4.250
[GPU1] epochs: [30/100] train_acc: 0.173 train_loss_sup: 4.248
[GPU1] Test Accuracy at epoch: 30: 0.135
[GPU1] epochs: [31/100] train_acc: 0.170 train_loss_sup: 4.247
[GPU1] epochs: [32/100] train_acc: 0.169 train_loss_sup: 4.247
[GPU1] epochs: [33/100] train_acc: 0.171 train_loss_sup: 4.245
[GPU1] epochs: [34/100] train_acc: 0.172 train_loss_sup: 4.245
[GPU1] epochs: [35/100] train_acc: 0.172 train_loss_sup: 4.243
[GPU1] epochs: [36/100] train_acc: 0.171 train_loss_sup: 4.244
[GPU1] epochs: [37/100] train_acc: 0.174 train_loss_sup: 4.243
[GPU1] epochs: [38/100] train_acc: 0.166 train_loss_sup: 4.242
[GPU1] epochs: [39/100] train_acc: 0.173 train_loss_sup: 4.240
[GPU1] epochs: [40/100] train_acc: 0.168 train_loss_sup: 4.240
[GPU1] Test Accuracy at epoch: 40: 0.121
[GPU1] epochs: [41/100] train_acc: 0.169 train_loss_sup: 4.241
[GPU1] epochs: [42/100] train_acc: 0.173 train_loss_sup: 4.240
[GPU1] epochs: [43/100] train_acc: 0.173 train_loss_sup: 4.239
[GPU1] epochs: [44/100] train_acc: 0.178 train_loss_sup: 4.240
[GPU1] epochs: [45/100] train_acc: 0.172 train_loss_sup: 4.239
[GPU1] epochs: [46/100] train_acc: 0.173 train_loss_sup: 4.240
[GPU1] epochs: [47/100] train_acc: 0.175 train_loss_sup: 4.238
[GPU1] epochs: [48/100] train_acc: 0.175 train_loss_sup: 4.237
[GPU1] epochs: [49/100] train_acc: 0.177 train_loss_sup: 4.238
[GPU1] epochs: [50/100] train_acc: 0.171 train_loss_sup: 4.237
[GPU1] Test Accuracy at epoch: 50: 0.128
[GPU1] epochs: [51/100] train_acc: 0.177 train_loss_sup: 4.237
[GPU1] epochs: [52/100] train_acc: 0.173 train_loss_sup: 4.238
[GPU1] epochs: [53/100] train_acc: 0.173 train_loss_sup: 4.238
[GPU1] epochs: [54/100] train_acc: 0.176 train_loss_sup: 4.237
[GPU1] epochs: [55/100] train_acc: 0.171 train_loss_sup: 4.237
[GPU1] epochs: [56/100] train_acc: 0.176 train_loss_sup: 4.236
[GPU1] epochs: [57/100] train_acc: 0.174 train_loss_sup: 4.236
[GPU1] epochs: [58/100] train_acc: 0.178 train_loss_sup: 4.236
[GPU1] epochs: [59/100] train_acc: 0.173 train_loss_sup: 4.237
[GPU1] epochs: [60/100] train_acc: 0.181 train_loss_sup: 4.235
[GPU1] Test Accuracy at epoch: 60: 0.139
[GPU1] epochs: [61/100] train_acc: 0.170 train_loss_sup: 4.237
[GPU1] epochs: [62/100] train_acc: 0.177 train_loss_sup: 4.237
[GPU1] epochs: [63/100] train_acc: 0.170 train_loss_sup: 4.237
[GPU1] epochs: [64/100] train_acc: 0.173 train_loss_sup: 4.237
[GPU1] epochs: [65/100] train_acc: 0.179 train_loss_sup: 4.235
[GPU1] epochs: [66/100] train_acc: 0.176 train_loss_sup: 4.238
[GPU1] epochs: [67/100] train_acc: 0.173 train_loss_sup: 4.237
[GPU1] epochs: [68/100] train_acc: 0.180 train_loss_sup: 4.236
[GPU1] epochs: [69/100] train_acc: 0.175 train_loss_sup: 4.238
[GPU1] epochs: [70/100] train_acc: 0.169 train_loss_sup: 4.238
[GPU1] Test Accuracy at epoch: 70: 0.119
[GPU1] epochs: [71/100] train_acc: 0.176 train_loss_sup: 4.237
[GPU1] epochs: [72/100] train_acc: 0.171 train_loss_sup: 4.236
[GPU1] epochs: [73/100] train_acc: 0.175 train_loss_sup: 4.236
[GPU1] epochs: [74/100] train_acc: 0.176 train_loss_sup: 4.236
[GPU1] epochs: [75/100] train_acc: 0.172 train_loss_sup: 4.236
[GPU1] epochs: [76/100] train_acc: 0.174 train_loss_sup: 4.236
[GPU1] epochs: [77/100] train_acc: 0.173 train_loss_sup: 4.237
[GPU1] epochs: [78/100] train_acc: 0.175 train_loss_sup: 4.236
[GPU1] epochs: [79/100] train_acc: 0.174 train_loss_sup: 4.236
[GPU1] epochs: [80/100] train_acc: 0.172 train_loss_sup: 4.236
[GPU1] Test Accuracy at epoch: 80: 0.139
[GPU1] epochs: [81/100] train_acc: 0.180 train_loss_sup: 4.236
[GPU1] epochs: [82/100] train_acc: 0.173 train_loss_sup: 4.236
[GPU1] epochs: [83/100] train_acc: 0.176 train_loss_sup: 4.235
[GPU1] epochs: [84/100] train_acc: 0.179 train_loss_sup: 4.237
[GPU1] epochs: [85/100] train_acc: 0.177 train_loss_sup: 4.236
[GPU1] epochs: [86/100] train_acc: 0.174 train_loss_sup: 4.236
[GPU1] epochs: [87/100] train_acc: 0.179 train_loss_sup: 4.235
[GPU1] epochs: [88/100] train_acc: 0.176 train_loss_sup: 4.236
[GPU1] epochs: [89/100] train_acc: 0.175 train_loss_sup: 4.236
[GPU1] epochs: [90/100] train_acc: 0.176 train_loss_sup: 4.236
[GPU1] Test Accuracy at epoch: 90: 0.121
[GPU1] epochs: [91/100] train_acc: 0.176 train_loss_sup: 4.236
[GPU1] epochs: [92/100] train_acc: 0.177 train_loss_sup: 4.236
[GPU1] epochs: [93/100] train_acc: 0.169 train_loss_sup: 4.236
[GPU1] epochs: [94/100] train_acc: 0.177 train_loss_sup: 4.236
[GPU1] epochs: [95/100] train_acc: 0.172 train_loss_sup: 4.236
[GPU1] epochs: [96/100] train_acc: 0.173 train_loss_sup: 4.237
[GPU1] epochs: [97/100] train_acc: 0.174 train_loss_sup: 4.235
[GPU1] epochs: [98/100] train_acc: 0.176 train_loss_sup: 4.236
[GPU1] epochs: [99/100] train_acc: 0.175 train_loss_sup: 4.236
[GPU1] epochs: [100/100] train_acc: 0.174 train_loss_sup: 4.235
[GPU1] Final Test Accuracy: 0.144
LR: 1.000 | WD: 0.000100 | Cosine: False | test Acc: 0.144%
===> using linear mlp
Scheduler: None
MLP: MLP(
  (mlp): Linear(in_features=512, out_features=100, bias=True)
)
[GPU1] Test Accuracy at epoch: 0: 0.041
[GPU1] epochs: [1/100] train_acc: 0.020 train_loss_sup: 4.592
[GPU1] epochs: [2/100] train_acc: 0.048 train_loss_sup: 4.548
[GPU1] epochs: [3/100] train_acc: 0.073 train_loss_sup: 4.504
[GPU1] epochs: [4/100] train_acc: 0.104 train_loss_sup: 4.462
[GPU1] epochs: [5/100] train_acc: 0.122 train_loss_sup: 4.421
[GPU1] epochs: [6/100] train_acc: 0.133 train_loss_sup: 4.382
[GPU1] epochs: [7/100] train_acc: 0.147 train_loss_sup: 4.343
[GPU1] epochs: [8/100] train_acc: 0.153 train_loss_sup: 4.307
[GPU1] epochs: [9/100] train_acc: 0.162 train_loss_sup: 4.272
[GPU1] epochs: [10/100] train_acc: 0.167 train_loss_sup: 4.237
[GPU1] Test Accuracy at epoch: 10: 0.114
[GPU1] epochs: [11/100] train_acc: 0.173 train_loss_sup: 4.204
[GPU1] epochs: [12/100] train_acc: 0.179 train_loss_sup: 4.173
[GPU1] epochs: [13/100] train_acc: 0.183 train_loss_sup: 4.143
[GPU1] epochs: [14/100] train_acc: 0.191 train_loss_sup: 4.112
[GPU1] epochs: [15/100] train_acc: 0.191 train_loss_sup: 4.083
[GPU1] epochs: [16/100] train_acc: 0.194 train_loss_sup: 4.055
[GPU1] epochs: [17/100] train_acc: 0.195 train_loss_sup: 4.028
[GPU1] epochs: [18/100] train_acc: 0.195 train_loss_sup: 4.004
[GPU1] epochs: [19/100] train_acc: 0.205 train_loss_sup: 3.977
[GPU1] epochs: [20/100] train_acc: 0.206 train_loss_sup: 3.954
[GPU1] Test Accuracy at epoch: 20: 0.155
[GPU1] epochs: [21/100] train_acc: 0.211 train_loss_sup: 3.928
[GPU1] epochs: [22/100] train_acc: 0.206 train_loss_sup: 3.911
[GPU1] epochs: [23/100] train_acc: 0.211 train_loss_sup: 3.886
[GPU1] epochs: [24/100] train_acc: 0.217 train_loss_sup: 3.864
[GPU1] epochs: [25/100] train_acc: 0.218 train_loss_sup: 3.844
[GPU1] epochs: [26/100] train_acc: 0.219 train_loss_sup: 3.826
[GPU1] epochs: [27/100] train_acc: 0.222 train_loss_sup: 3.806
[GPU1] epochs: [28/100] train_acc: 0.224 train_loss_sup: 3.785
[GPU1] epochs: [29/100] train_acc: 0.227 train_loss_sup: 3.769
[GPU1] epochs: [30/100] train_acc: 0.227 train_loss_sup: 3.749
[GPU1] Test Accuracy at epoch: 30: 0.17
[GPU1] epochs: [31/100] train_acc: 0.225 train_loss_sup: 3.733
[GPU1] epochs: [32/100] train_acc: 0.229 train_loss_sup: 3.716
[GPU1] epochs: [33/100] train_acc: 0.232 train_loss_sup: 3.700
[GPU1] epochs: [34/100] train_acc: 0.235 train_loss_sup: 3.683
[GPU1] epochs: [35/100] train_acc: 0.235 train_loss_sup: 3.669
[GPU1] epochs: [36/100] train_acc: 0.235 train_loss_sup: 3.656
[GPU1] epochs: [37/100] train_acc: 0.236 train_loss_sup: 3.644
[GPU1] epochs: [38/100] train_acc: 0.239 train_loss_sup: 3.624
[GPU1] epochs: [39/100] train_acc: 0.241 train_loss_sup: 3.613
[GPU1] epochs: [40/100] train_acc: 0.240 train_loss_sup: 3.600
[GPU1] Test Accuracy at epoch: 40: 0.186
[GPU1] epochs: [41/100] train_acc: 0.243 train_loss_sup: 3.588
[GPU1] epochs: [42/100] train_acc: 0.245 train_loss_sup: 3.572
[GPU1] epochs: [43/100] train_acc: 0.246 train_loss_sup: 3.561
[GPU1] epochs: [44/100] train_acc: 0.248 train_loss_sup: 3.550
[GPU1] epochs: [45/100] train_acc: 0.249 train_loss_sup: 3.534
[GPU1] epochs: [46/100] train_acc: 0.249 train_loss_sup: 3.526
[GPU1] epochs: [47/100] train_acc: 0.247 train_loss_sup: 3.513
[GPU1] epochs: [48/100] train_acc: 0.250 train_loss_sup: 3.501
[GPU1] epochs: [49/100] train_acc: 0.253 train_loss_sup: 3.490
[GPU1] epochs: [50/100] train_acc: 0.251 train_loss_sup: 3.482
[GPU1] Test Accuracy at epoch: 50: 0.205
[GPU1] epochs: [51/100] train_acc: 0.250 train_loss_sup: 3.474
[GPU1] epochs: [52/100] train_acc: 0.254 train_loss_sup: 3.460
[GPU1] epochs: [53/100] train_acc: 0.257 train_loss_sup: 3.451
[GPU1] epochs: [54/100] train_acc: 0.256 train_loss_sup: 3.446
[GPU1] epochs: [55/100] train_acc: 0.257 train_loss_sup: 3.434
[GPU1] epochs: [56/100] train_acc: 0.260 train_loss_sup: 3.426
[GPU1] epochs: [57/100] train_acc: 0.258 train_loss_sup: 3.414
[GPU1] epochs: [58/100] train_acc: 0.261 train_loss_sup: 3.408
[GPU1] epochs: [59/100] train_acc: 0.260 train_loss_sup: 3.400
[GPU1] epochs: [60/100] train_acc: 0.261 train_loss_sup: 3.390
[GPU1] Test Accuracy at epoch: 60: 0.207
[GPU1] epochs: [61/100] train_acc: 0.262 train_loss_sup: 3.382
[GPU1] epochs: [62/100] train_acc: 0.263 train_loss_sup: 3.374
[GPU1] epochs: [63/100] train_acc: 0.266 train_loss_sup: 3.363
[GPU1] epochs: [64/100] train_acc: 0.266 train_loss_sup: 3.353
[GPU1] epochs: [65/100] train_acc: 0.269 train_loss_sup: 3.351
[GPU1] epochs: [66/100] train_acc: 0.267 train_loss_sup: 3.343
[GPU1] epochs: [67/100] train_acc: 0.267 train_loss_sup: 3.336
[GPU1] epochs: [68/100] train_acc: 0.268 train_loss_sup: 3.328
[GPU1] epochs: [69/100] train_acc: 0.269 train_loss_sup: 3.319
[GPU1] epochs: [70/100] train_acc: 0.269 train_loss_sup: 3.312
[GPU1] Test Accuracy at epoch: 70: 0.219
[GPU1] epochs: [71/100] train_acc: 0.269 train_loss_sup: 3.305
[GPU1] epochs: [72/100] train_acc: 0.272 train_loss_sup: 3.300
[GPU1] epochs: [73/100] train_acc: 0.273 train_loss_sup: 3.291
[GPU1] epochs: [74/100] train_acc: 0.274 train_loss_sup: 3.285
[GPU1] epochs: [75/100] train_acc: 0.274 train_loss_sup: 3.280
[GPU1] epochs: [76/100] train_acc: 0.275 train_loss_sup: 3.274
[GPU1] epochs: [77/100] train_acc: 0.273 train_loss_sup: 3.273
[GPU1] epochs: [78/100] train_acc: 0.276 train_loss_sup: 3.260
[GPU1] epochs: [79/100] train_acc: 0.279 train_loss_sup: 3.255
[GPU1] epochs: [80/100] train_acc: 0.276 train_loss_sup: 3.249
[GPU1] Test Accuracy at epoch: 80: 0.225
[GPU1] epochs: [81/100] train_acc: 0.276 train_loss_sup: 3.246
[GPU1] epochs: [82/100] train_acc: 0.278 train_loss_sup: 3.237
[GPU1] epochs: [83/100] train_acc: 0.278 train_loss_sup: 3.232
[GPU1] epochs: [84/100] train_acc: 0.276 train_loss_sup: 3.231
[GPU1] epochs: [85/100] train_acc: 0.280 train_loss_sup: 3.217
[GPU1] epochs: [86/100] train_acc: 0.278 train_loss_sup: 3.217
[GPU1] epochs: [87/100] train_acc: 0.280 train_loss_sup: 3.212
[GPU1] epochs: [88/100] train_acc: 0.278 train_loss_sup: 3.210
[GPU1] epochs: [89/100] train_acc: 0.283 train_loss_sup: 3.196
[GPU1] epochs: [90/100] train_acc: 0.283 train_loss_sup: 3.195
[GPU1] Test Accuracy at epoch: 90: 0.226
[GPU1] epochs: [91/100] train_acc: 0.284 train_loss_sup: 3.194
[GPU1] epochs: [92/100] train_acc: 0.281 train_loss_sup: 3.189
[GPU1] epochs: [93/100] train_acc: 0.285 train_loss_sup: 3.176
[GPU1] epochs: [94/100] train_acc: 0.281 train_loss_sup: 3.180
[GPU1] epochs: [95/100] train_acc: 0.286 train_loss_sup: 3.173
[GPU1] epochs: [96/100] train_acc: 0.286 train_loss_sup: 3.167
[GPU1] epochs: [97/100] train_acc: 0.284 train_loss_sup: 3.162
[GPU1] epochs: [98/100] train_acc: 0.286 train_loss_sup: 3.157
[GPU1] epochs: [99/100] train_acc: 0.287 train_loss_sup: 3.157
[GPU1] epochs: [100/100] train_acc: 0.287 train_loss_sup: 3.151
[GPU1] Final Test Accuracy: 0.233
LR: 1.000 | WD: 0.000000 | Cosine: False | test Acc: 0.233%
===> using linear mlp
Scheduler: <torch.optim.lr_scheduler.CosineAnnealingLR object at 0x7015c9fb0c40>
MLP: MLP(
  (mlp): Linear(in_features=512, out_features=100, bias=True)
)
[GPU1] Test Accuracy at epoch: 0: 0.011
[GPU1] epochs: [1/100] train_acc: 0.011 train_loss_sup: 4.604
[GPU1] epochs: [2/100] train_acc: 0.033 train_loss_sup: 4.600
[GPU1] epochs: [3/100] train_acc: 0.049 train_loss_sup: 4.595
[GPU1] epochs: [4/100] train_acc: 0.066 train_loss_sup: 4.590
[GPU1] epochs: [5/100] train_acc: 0.084 train_loss_sup: 4.586
[GPU1] epochs: [6/100] train_acc: 0.094 train_loss_sup: 4.581
[GPU1] epochs: [7/100] train_acc: 0.105 train_loss_sup: 4.577
[GPU1] epochs: [8/100] train_acc: 0.129 train_loss_sup: 4.572
[GPU1] epochs: [9/100] train_acc: 0.128 train_loss_sup: 4.568
[GPU1] epochs: [10/100] train_acc: 0.127 train_loss_sup: 4.563
[GPU1] Test Accuracy at epoch: 10: 0.102
[GPU1] epochs: [11/100] train_acc: 0.141 train_loss_sup: 4.559
[GPU1] epochs: [12/100] train_acc: 0.148 train_loss_sup: 4.555
[GPU1] epochs: [13/100] train_acc: 0.150 train_loss_sup: 4.550
[GPU1] epochs: [14/100] train_acc: 0.155 train_loss_sup: 4.546
[GPU1] epochs: [15/100] train_acc: 0.143 train_loss_sup: 4.542
[GPU1] epochs: [16/100] train_acc: 0.161 train_loss_sup: 4.538
[GPU1] epochs: [17/100] train_acc: 0.172 train_loss_sup: 4.534
[GPU1] epochs: [18/100] train_acc: 0.160 train_loss_sup: 4.529
[GPU1] epochs: [19/100] train_acc: 0.161 train_loss_sup: 4.525
[GPU1] epochs: [20/100] train_acc: 0.171 train_loss_sup: 4.522
[GPU1] Test Accuracy at epoch: 20: 0.108
[GPU1] epochs: [21/100] train_acc: 0.165 train_loss_sup: 4.517
[GPU1] epochs: [22/100] train_acc: 0.167 train_loss_sup: 4.514
[GPU1] epochs: [23/100] train_acc: 0.170 train_loss_sup: 4.510
[GPU1] epochs: [24/100] train_acc: 0.175 train_loss_sup: 4.506
[GPU1] epochs: [25/100] train_acc: 0.171 train_loss_sup: 4.502
[GPU1] epochs: [26/100] train_acc: 0.168 train_loss_sup: 4.498
[GPU1] epochs: [27/100] train_acc: 0.177 train_loss_sup: 4.495
[GPU1] epochs: [28/100] train_acc: 0.165 train_loss_sup: 4.491
[GPU1] epochs: [29/100] train_acc: 0.179 train_loss_sup: 4.488
[GPU1] epochs: [30/100] train_acc: 0.177 train_loss_sup: 4.484
[GPU1] Test Accuracy at epoch: 30: 0.116
[GPU1] epochs: [31/100] train_acc: 0.180 train_loss_sup: 4.481
[GPU1] epochs: [32/100] train_acc: 0.175 train_loss_sup: 4.478
[GPU1] epochs: [33/100] train_acc: 0.176 train_loss_sup: 4.474
[GPU1] epochs: [34/100] train_acc: 0.182 train_loss_sup: 4.471
[GPU1] epochs: [35/100] train_acc: 0.176 train_loss_sup: 4.468
[GPU1] epochs: [36/100] train_acc: 0.178 train_loss_sup: 4.465
[GPU1] epochs: [37/100] train_acc: 0.180 train_loss_sup: 4.462
[GPU1] epochs: [38/100] train_acc: 0.183 train_loss_sup: 4.459
[GPU1] epochs: [39/100] train_acc: 0.185 train_loss_sup: 4.457
[GPU1] epochs: [40/100] train_acc: 0.178 train_loss_sup: 4.454
[GPU1] Test Accuracy at epoch: 40: 0.117
[GPU1] epochs: [41/100] train_acc: 0.181 train_loss_sup: 4.450
[GPU1] epochs: [42/100] train_acc: 0.183 train_loss_sup: 4.448
[GPU1] epochs: [43/100] train_acc: 0.178 train_loss_sup: 4.445
[GPU1] epochs: [44/100] train_acc: 0.181 train_loss_sup: 4.443
[GPU1] epochs: [45/100] train_acc: 0.182 train_loss_sup: 4.440
[GPU1] epochs: [46/100] train_acc: 0.182 train_loss_sup: 4.438
[GPU1] epochs: [47/100] train_acc: 0.180 train_loss_sup: 4.436
[GPU1] epochs: [48/100] train_acc: 0.181 train_loss_sup: 4.434
[GPU1] epochs: [49/100] train_acc: 0.182 train_loss_sup: 4.431
[GPU1] epochs: [50/100] train_acc: 0.184 train_loss_sup: 4.429
[GPU1] Test Accuracy at epoch: 50: 0.117
[GPU1] epochs: [51/100] train_acc: 0.187 train_loss_sup: 4.427
[GPU1] epochs: [52/100] train_acc: 0.183 train_loss_sup: 4.425
[GPU1] epochs: [53/100] train_acc: 0.186 train_loss_sup: 4.424
[GPU1] epochs: [54/100] train_acc: 0.185 train_loss_sup: 4.422
[GPU1] epochs: [55/100] train_acc: 0.184 train_loss_sup: 4.419
[GPU1] epochs: [56/100] train_acc: 0.186 train_loss_sup: 4.418
[GPU1] epochs: [57/100] train_acc: 0.187 train_loss_sup: 4.416
[GPU1] epochs: [58/100] train_acc: 0.185 train_loss_sup: 4.415
[GPU1] epochs: [59/100] train_acc: 0.187 train_loss_sup: 4.413
[GPU1] epochs: [60/100] train_acc: 0.186 train_loss_sup: 4.411
[GPU1] Test Accuracy at epoch: 60: 0.119
[GPU1] epochs: [61/100] train_acc: 0.187 train_loss_sup: 4.410
[GPU1] epochs: [62/100] train_acc: 0.187 train_loss_sup: 4.409
[GPU1] epochs: [63/100] train_acc: 0.186 train_loss_sup: 4.407
[GPU1] epochs: [64/100] train_acc: 0.186 train_loss_sup: 4.406
[GPU1] epochs: [65/100] train_acc: 0.188 train_loss_sup: 4.405
[GPU1] epochs: [66/100] train_acc: 0.187 train_loss_sup: 4.404
[GPU1] epochs: [67/100] train_acc: 0.185 train_loss_sup: 4.404
[GPU1] epochs: [68/100] train_acc: 0.186 train_loss_sup: 4.402
[GPU1] epochs: [69/100] train_acc: 0.189 train_loss_sup: 4.401
[GPU1] epochs: [70/100] train_acc: 0.190 train_loss_sup: 4.400
[GPU1] Test Accuracy at epoch: 70: 0.118
[GPU1] epochs: [71/100] train_acc: 0.190 train_loss_sup: 4.399
[GPU1] epochs: [72/100] train_acc: 0.188 train_loss_sup: 4.398
[GPU1] epochs: [73/100] train_acc: 0.188 train_loss_sup: 4.398
[GPU1] epochs: [74/100] train_acc: 0.187 train_loss_sup: 4.397
[GPU1] epochs: [75/100] train_acc: 0.189 train_loss_sup: 4.396
[GPU1] epochs: [76/100] train_acc: 0.187 train_loss_sup: 4.396
[GPU1] epochs: [77/100] train_acc: 0.187 train_loss_sup: 4.395
[GPU1] epochs: [78/100] train_acc: 0.190 train_loss_sup: 4.394
[GPU1] epochs: [79/100] train_acc: 0.189 train_loss_sup: 4.395
[GPU1] epochs: [80/100] train_acc: 0.188 train_loss_sup: 4.394
[GPU1] Test Accuracy at epoch: 80: 0.118
[GPU1] epochs: [81/100] train_acc: 0.187 train_loss_sup: 4.393
[GPU1] epochs: [82/100] train_acc: 0.188 train_loss_sup: 4.393
[GPU1] epochs: [83/100] train_acc: 0.187 train_loss_sup: 4.393
[GPU1] epochs: [84/100] train_acc: 0.186 train_loss_sup: 4.393
[GPU1] epochs: [85/100] train_acc: 0.187 train_loss_sup: 4.392
[GPU1] epochs: [86/100] train_acc: 0.188 train_loss_sup: 4.392
[GPU1] epochs: [87/100] train_acc: 0.189 train_loss_sup: 4.392
[GPU1] epochs: [88/100] train_acc: 0.187 train_loss_sup: 4.392
[GPU1] epochs: [89/100] train_acc: 0.188 train_loss_sup: 4.392
[GPU1] epochs: [90/100] train_acc: 0.188 train_loss_sup: 4.391
[GPU1] Test Accuracy at epoch: 90: 0.118
[GPU1] epochs: [91/100] train_acc: 0.188 train_loss_sup: 4.391
[GPU1] epochs: [92/100] train_acc: 0.190 train_loss_sup: 4.391
[GPU1] epochs: [93/100] train_acc: 0.190 train_loss_sup: 4.390
[GPU1] epochs: [94/100] train_acc: 0.188 train_loss_sup: 4.390
[GPU1] epochs: [95/100] train_acc: 0.188 train_loss_sup: 4.391
[GPU1] epochs: [96/100] train_acc: 0.188 train_loss_sup: 4.391
[GPU1] epochs: [97/100] train_acc: 0.189 train_loss_sup: 4.391
[GPU1] epochs: [98/100] train_acc: 0.188 train_loss_sup: 4.391
[GPU1] epochs: [99/100] train_acc: 0.190 train_loss_sup: 4.391
[GPU1] epochs: [100/100] train_acc: 0.190 train_loss_sup: 4.391
[GPU1] Final Test Accuracy: 0.118
LR: 0.100 | WD: 0.000001 | Cosine: True | test Acc: 0.119%
===> using linear mlp
Scheduler: <torch.optim.lr_scheduler.CosineAnnealingLR object at 0x7015be73f610>
MLP: MLP(
  (mlp): Linear(in_features=512, out_features=100, bias=True)
)
[GPU1] Test Accuracy at epoch: 0: 0.014
[GPU1] epochs: [1/100] train_acc: 0.012 train_loss_sup: 4.604
[GPU1] epochs: [2/100] train_acc: 0.029 train_loss_sup: 4.600
[GPU1] epochs: [3/100] train_acc: 0.053 train_loss_sup: 4.595
[GPU1] epochs: [4/100] train_acc: 0.060 train_loss_sup: 4.591
[GPU1] epochs: [5/100] train_acc: 0.094 train_loss_sup: 4.586
[GPU1] epochs: [6/100] train_acc: 0.098 train_loss_sup: 4.582
[GPU1] epochs: [7/100] train_acc: 0.113 train_loss_sup: 4.578
[GPU1] epochs: [8/100] train_acc: 0.127 train_loss_sup: 4.573
[GPU1] epochs: [9/100] train_acc: 0.131 train_loss_sup: 4.569
[GPU1] epochs: [10/100] train_acc: 0.137 train_loss_sup: 4.565
[GPU1] Test Accuracy at epoch: 10: 0.12
[GPU1] epochs: [11/100] train_acc: 0.133 train_loss_sup: 4.561
[GPU1] epochs: [12/100] train_acc: 0.146 train_loss_sup: 4.557
[GPU1] epochs: [13/100] train_acc: 0.148 train_loss_sup: 4.553
[GPU1] epochs: [14/100] train_acc: 0.152 train_loss_sup: 4.550
[GPU1] epochs: [15/100] train_acc: 0.148 train_loss_sup: 4.546
[GPU1] epochs: [16/100] train_acc: 0.159 train_loss_sup: 4.542
[GPU1] epochs: [17/100] train_acc: 0.160 train_loss_sup: 4.538
[GPU1] epochs: [18/100] train_acc: 0.150 train_loss_sup: 4.535
[GPU1] epochs: [19/100] train_acc: 0.170 train_loss_sup: 4.532
[GPU1] epochs: [20/100] train_acc: 0.159 train_loss_sup: 4.528
[GPU1] Test Accuracy at epoch: 20: 0.111
[GPU1] epochs: [21/100] train_acc: 0.167 train_loss_sup: 4.525
[GPU1] epochs: [22/100] train_acc: 0.160 train_loss_sup: 4.522
[GPU1] epochs: [23/100] train_acc: 0.170 train_loss_sup: 4.519
[GPU1] epochs: [24/100] train_acc: 0.167 train_loss_sup: 4.516
[GPU1] epochs: [25/100] train_acc: 0.172 train_loss_sup: 4.513
[GPU1] epochs: [26/100] train_acc: 0.165 train_loss_sup: 4.510
[GPU1] epochs: [27/100] train_acc: 0.169 train_loss_sup: 4.507
[GPU1] epochs: [28/100] train_acc: 0.170 train_loss_sup: 4.504
[GPU1] epochs: [29/100] train_acc: 0.178 train_loss_sup: 4.501
[GPU1] epochs: [30/100] train_acc: 0.171 train_loss_sup: 4.498
[GPU1] Test Accuracy at epoch: 30: 0.118
[GPU1] epochs: [31/100] train_acc: 0.173 train_loss_sup: 4.496
[GPU1] epochs: [32/100] train_acc: 0.175 train_loss_sup: 4.494
[GPU1] epochs: [33/100] train_acc: 0.174 train_loss_sup: 4.491
[GPU1] epochs: [34/100] train_acc: 0.177 train_loss_sup: 4.488
[GPU1] epochs: [35/100] train_acc: 0.181 train_loss_sup: 4.487
[GPU1] epochs: [36/100] train_acc: 0.180 train_loss_sup: 4.484
[GPU1] epochs: [37/100] train_acc: 0.175 train_loss_sup: 4.482
[GPU1] epochs: [38/100] train_acc: 0.177 train_loss_sup: 4.479
[GPU1] epochs: [39/100] train_acc: 0.180 train_loss_sup: 4.478
[GPU1] epochs: [40/100] train_acc: 0.178 train_loss_sup: 4.475
[GPU1] Test Accuracy at epoch: 40: 0.113
[GPU1] epochs: [41/100] train_acc: 0.176 train_loss_sup: 4.474
[GPU1] epochs: [42/100] train_acc: 0.180 train_loss_sup: 4.472
[GPU1] epochs: [43/100] train_acc: 0.181 train_loss_sup: 4.470
[GPU1] epochs: [44/100] train_acc: 0.177 train_loss_sup: 4.468
[GPU1] epochs: [45/100] train_acc: 0.183 train_loss_sup: 4.466
[GPU1] epochs: [46/100] train_acc: 0.179 train_loss_sup: 4.465
[GPU1] epochs: [47/100] train_acc: 0.183 train_loss_sup: 4.463
[GPU1] epochs: [48/100] train_acc: 0.179 train_loss_sup: 4.461
[GPU1] epochs: [49/100] train_acc: 0.186 train_loss_sup: 4.460
[GPU1] epochs: [50/100] train_acc: 0.181 train_loss_sup: 4.459
[GPU1] Test Accuracy at epoch: 50: 0.118
[GPU1] epochs: [51/100] train_acc: 0.183 train_loss_sup: 4.457
[GPU1] epochs: [52/100] train_acc: 0.186 train_loss_sup: 4.456
[GPU1] epochs: [53/100] train_acc: 0.185 train_loss_sup: 4.454
[GPU1] epochs: [54/100] train_acc: 0.180 train_loss_sup: 4.453
[GPU1] epochs: [55/100] train_acc: 0.188 train_loss_sup: 4.452
[GPU1] epochs: [56/100] train_acc: 0.185 train_loss_sup: 4.451
[GPU1] epochs: [57/100] train_acc: 0.185 train_loss_sup: 4.449
[GPU1] epochs: [58/100] train_acc: 0.183 train_loss_sup: 4.449
[GPU1] epochs: [59/100] train_acc: 0.185 train_loss_sup: 4.447
[GPU1] epochs: [60/100] train_acc: 0.182 train_loss_sup: 4.447
[GPU1] Test Accuracy at epoch: 60: 0.117
[GPU1] epochs: [61/100] train_acc: 0.186 train_loss_sup: 4.446
[GPU1] epochs: [62/100] train_acc: 0.185 train_loss_sup: 4.445
[GPU1] epochs: [63/100] train_acc: 0.182 train_loss_sup: 4.444
[GPU1] epochs: [64/100] train_acc: 0.185 train_loss_sup: 4.444
[GPU1] epochs: [65/100] train_acc: 0.184 train_loss_sup: 4.443
[GPU1] epochs: [66/100] train_acc: 0.186 train_loss_sup: 4.442
[GPU1] epochs: [67/100] train_acc: 0.187 train_loss_sup: 4.441
[GPU1] epochs: [68/100] train_acc: 0.188 train_loss_sup: 4.440
[GPU1] epochs: [69/100] train_acc: 0.186 train_loss_sup: 4.439
[GPU1] epochs: [70/100] train_acc: 0.186 train_loss_sup: 4.439
[GPU1] Test Accuracy at epoch: 70: 0.118
[GPU1] epochs: [71/100] train_acc: 0.185 train_loss_sup: 4.439
[GPU1] epochs: [72/100] train_acc: 0.186 train_loss_sup: 4.438
[GPU1] epochs: [73/100] train_acc: 0.187 train_loss_sup: 4.437
[GPU1] epochs: [74/100] train_acc: 0.186 train_loss_sup: 4.438
[GPU1] epochs: [75/100] train_acc: 0.186 train_loss_sup: 4.436
[GPU1] epochs: [76/100] train_acc: 0.186 train_loss_sup: 4.436
[GPU1] epochs: [77/100] train_acc: 0.188 train_loss_sup: 4.436
[GPU1] epochs: [78/100] train_acc: 0.187 train_loss_sup: 4.435
[GPU1] epochs: [79/100] train_acc: 0.187 train_loss_sup: 4.436
[GPU1] epochs: [80/100] train_acc: 0.186 train_loss_sup: 4.436
[GPU1] Test Accuracy at epoch: 80: 0.118
[GPU1] epochs: [81/100] train_acc: 0.186 train_loss_sup: 4.435
[GPU1] epochs: [82/100] train_acc: 0.188 train_loss_sup: 4.435
[GPU1] epochs: [83/100] train_acc: 0.186 train_loss_sup: 4.435
[GPU1] epochs: [84/100] train_acc: 0.185 train_loss_sup: 4.434
[GPU1] epochs: [85/100] train_acc: 0.186 train_loss_sup: 4.434
[GPU1] epochs: [86/100] train_acc: 0.186 train_loss_sup: 4.434
[GPU1] epochs: [87/100] train_acc: 0.186 train_loss_sup: 4.435
[GPU1] epochs: [88/100] train_acc: 0.187 train_loss_sup: 4.433
[GPU1] epochs: [89/100] train_acc: 0.186 train_loss_sup: 4.434
[GPU1] epochs: [90/100] train_acc: 0.187 train_loss_sup: 4.434
[GPU1] Test Accuracy at epoch: 90: 0.118
[GPU1] epochs: [91/100] train_acc: 0.187 train_loss_sup: 4.434
[GPU1] epochs: [92/100] train_acc: 0.188 train_loss_sup: 4.433
[GPU1] epochs: [93/100] train_acc: 0.187 train_loss_sup: 4.433
[GPU1] epochs: [94/100] train_acc: 0.188 train_loss_sup: 4.433
[GPU1] epochs: [95/100] train_acc: 0.187 train_loss_sup: 4.433
[GPU1] epochs: [96/100] train_acc: 0.190 train_loss_sup: 4.433
[GPU1] epochs: [97/100] train_acc: 0.187 train_loss_sup: 4.433
[GPU1] epochs: [98/100] train_acc: 0.186 train_loss_sup: 4.433
[GPU1] epochs: [99/100] train_acc: 0.190 train_loss_sup: 4.433
[GPU1] epochs: [100/100] train_acc: 0.187 train_loss_sup: 4.434
[GPU1] Final Test Accuracy: 0.118
LR: 0.100 | WD: 0.000100 | Cosine: True | test Acc: 0.120%
===> using linear mlp
Scheduler: <torch.optim.lr_scheduler.CosineAnnealingLR object at 0x7015cd7b4130>
MLP: MLP(
  (mlp): Linear(in_features=512, out_features=100, bias=True)
)
[GPU1] Test Accuracy at epoch: 0: 0.045
[GPU1] epochs: [1/100] train_acc: 0.013 train_loss_sup: 4.604
[GPU1] epochs: [2/100] train_acc: 0.028 train_loss_sup: 4.599
[GPU1] epochs: [3/100] train_acc: 0.048 train_loss_sup: 4.595
[GPU1] epochs: [4/100] train_acc: 0.077 train_loss_sup: 4.590
[GPU1] epochs: [5/100] train_acc: 0.085 train_loss_sup: 4.586
[GPU1] epochs: [6/100] train_acc: 0.109 train_loss_sup: 4.581
[GPU1] epochs: [7/100] train_acc: 0.122 train_loss_sup: 4.577
[GPU1] epochs: [8/100] train_acc: 0.124 train_loss_sup: 4.572
[GPU1] epochs: [9/100] train_acc: 0.136 train_loss_sup: 4.568
[GPU1] epochs: [10/100] train_acc: 0.138 train_loss_sup: 4.563
[GPU1] Test Accuracy at epoch: 10: 0.118
[GPU1] epochs: [11/100] train_acc: 0.139 train_loss_sup: 4.559
[GPU1] epochs: [12/100] train_acc: 0.149 train_loss_sup: 4.555
[GPU1] epochs: [13/100] train_acc: 0.149 train_loss_sup: 4.550
[GPU1] epochs: [14/100] train_acc: 0.151 train_loss_sup: 4.546
[GPU1] epochs: [15/100] train_acc: 0.162 train_loss_sup: 4.542
[GPU1] epochs: [16/100] train_acc: 0.155 train_loss_sup: 4.537
[GPU1] epochs: [17/100] train_acc: 0.160 train_loss_sup: 4.533
[GPU1] epochs: [18/100] train_acc: 0.160 train_loss_sup: 4.529
[GPU1] epochs: [19/100] train_acc: 0.164 train_loss_sup: 4.525
[GPU1] epochs: [20/100] train_acc: 0.157 train_loss_sup: 4.521
[GPU1] Test Accuracy at epoch: 20: 0.113
[GPU1] epochs: [21/100] train_acc: 0.162 train_loss_sup: 4.517
[GPU1] epochs: [22/100] train_acc: 0.175 train_loss_sup: 4.513
[GPU1] epochs: [23/100] train_acc: 0.168 train_loss_sup: 4.510
[GPU1] epochs: [24/100] train_acc: 0.171 train_loss_sup: 4.505
[GPU1] epochs: [25/100] train_acc: 0.170 train_loss_sup: 4.502
[GPU1] epochs: [26/100] train_acc: 0.174 train_loss_sup: 4.498
[GPU1] epochs: [27/100] train_acc: 0.175 train_loss_sup: 4.495
[GPU1] epochs: [28/100] train_acc: 0.173 train_loss_sup: 4.491
[GPU1] epochs: [29/100] train_acc: 0.177 train_loss_sup: 4.487
[GPU1] epochs: [30/100] train_acc: 0.175 train_loss_sup: 4.484
[GPU1] Test Accuracy at epoch: 30: 0.108
[GPU1] epochs: [31/100] train_acc: 0.180 train_loss_sup: 4.481
[GPU1] epochs: [32/100] train_acc: 0.172 train_loss_sup: 4.477
[GPU1] epochs: [33/100] train_acc: 0.178 train_loss_sup: 4.474
[GPU1] epochs: [34/100] train_acc: 0.179 train_loss_sup: 4.471
[GPU1] epochs: [35/100] train_acc: 0.175 train_loss_sup: 4.468
[GPU1] epochs: [36/100] train_acc: 0.182 train_loss_sup: 4.465
[GPU1] epochs: [37/100] train_acc: 0.183 train_loss_sup: 4.462
[GPU1] epochs: [38/100] train_acc: 0.179 train_loss_sup: 4.459
[GPU1] epochs: [39/100] train_acc: 0.184 train_loss_sup: 4.456
[GPU1] epochs: [40/100] train_acc: 0.177 train_loss_sup: 4.453
[GPU1] Test Accuracy at epoch: 40: 0.113
[GPU1] epochs: [41/100] train_acc: 0.179 train_loss_sup: 4.450
[GPU1] epochs: [42/100] train_acc: 0.179 train_loss_sup: 4.447
[GPU1] epochs: [43/100] train_acc: 0.184 train_loss_sup: 4.445
[GPU1] epochs: [44/100] train_acc: 0.179 train_loss_sup: 4.443
[GPU1] epochs: [45/100] train_acc: 0.183 train_loss_sup: 4.440
[GPU1] epochs: [46/100] train_acc: 0.186 train_loss_sup: 4.437
[GPU1] epochs: [47/100] train_acc: 0.185 train_loss_sup: 4.435
[GPU1] epochs: [48/100] train_acc: 0.185 train_loss_sup: 4.433
[GPU1] epochs: [49/100] train_acc: 0.179 train_loss_sup: 4.431
[GPU1] epochs: [50/100] train_acc: 0.182 train_loss_sup: 4.429
[GPU1] Test Accuracy at epoch: 50: 0.116
[GPU1] epochs: [51/100] train_acc: 0.186 train_loss_sup: 4.427
[GPU1] epochs: [52/100] train_acc: 0.185 train_loss_sup: 4.424
[GPU1] epochs: [53/100] train_acc: 0.183 train_loss_sup: 4.423
[GPU1] epochs: [54/100] train_acc: 0.183 train_loss_sup: 4.420
[GPU1] epochs: [55/100] train_acc: 0.188 train_loss_sup: 4.419
[GPU1] epochs: [56/100] train_acc: 0.186 train_loss_sup: 4.418
[GPU1] epochs: [57/100] train_acc: 0.189 train_loss_sup: 4.416
[GPU1] epochs: [58/100] train_acc: 0.184 train_loss_sup: 4.414
[GPU1] epochs: [59/100] train_acc: 0.185 train_loss_sup: 4.412
[GPU1] epochs: [60/100] train_acc: 0.186 train_loss_sup: 4.411
[GPU1] Test Accuracy at epoch: 60: 0.118
[GPU1] epochs: [61/100] train_acc: 0.187 train_loss_sup: 4.410
[GPU1] epochs: [62/100] train_acc: 0.187 train_loss_sup: 4.408
[GPU1] epochs: [63/100] train_acc: 0.187 train_loss_sup: 4.407
[GPU1] epochs: [64/100] train_acc: 0.187 train_loss_sup: 4.406
[GPU1] epochs: [65/100] train_acc: 0.188 train_loss_sup: 4.405
[GPU1] epochs: [66/100] train_acc: 0.186 train_loss_sup: 4.404
[GPU1] epochs: [67/100] train_acc: 0.189 train_loss_sup: 4.402
[GPU1] epochs: [68/100] train_acc: 0.187 train_loss_sup: 4.401
[GPU1] epochs: [69/100] train_acc: 0.188 train_loss_sup: 4.400
[GPU1] epochs: [70/100] train_acc: 0.188 train_loss_sup: 4.400
[GPU1] Test Accuracy at epoch: 70: 0.119
[GPU1] epochs: [71/100] train_acc: 0.189 train_loss_sup: 4.399
[GPU1] epochs: [72/100] train_acc: 0.188 train_loss_sup: 4.398
[GPU1] epochs: [73/100] train_acc: 0.189 train_loss_sup: 4.397
[GPU1] epochs: [74/100] train_acc: 0.188 train_loss_sup: 4.396
[GPU1] epochs: [75/100] train_acc: 0.186 train_loss_sup: 4.396
[GPU1] epochs: [76/100] train_acc: 0.187 train_loss_sup: 4.395
[GPU1] epochs: [77/100] train_acc: 0.189 train_loss_sup: 4.394
[GPU1] epochs: [78/100] train_acc: 0.187 train_loss_sup: 4.394
[GPU1] epochs: [79/100] train_acc: 0.187 train_loss_sup: 4.394
[GPU1] epochs: [80/100] train_acc: 0.191 train_loss_sup: 4.392
[GPU1] Test Accuracy at epoch: 80: 0.118
[GPU1] epochs: [81/100] train_acc: 0.188 train_loss_sup: 4.393
[GPU1] epochs: [82/100] train_acc: 0.186 train_loss_sup: 4.393
[GPU1] epochs: [83/100] train_acc: 0.189 train_loss_sup: 4.391
[GPU1] epochs: [84/100] train_acc: 0.189 train_loss_sup: 4.392
[GPU1] epochs: [85/100] train_acc: 0.189 train_loss_sup: 4.391
[GPU1] epochs: [86/100] train_acc: 0.190 train_loss_sup: 4.391
[GPU1] epochs: [87/100] train_acc: 0.188 train_loss_sup: 4.391
[GPU1] epochs: [88/100] train_acc: 0.188 train_loss_sup: 4.391
[GPU1] epochs: [89/100] train_acc: 0.187 train_loss_sup: 4.390
[GPU1] epochs: [90/100] train_acc: 0.189 train_loss_sup: 4.391
[GPU1] Test Accuracy at epoch: 90: 0.119
[GPU1] epochs: [91/100] train_acc: 0.190 train_loss_sup: 4.391
[GPU1] epochs: [92/100] train_acc: 0.188 train_loss_sup: 4.391
[GPU1] epochs: [93/100] train_acc: 0.186 train_loss_sup: 4.390
[GPU1] epochs: [94/100] train_acc: 0.190 train_loss_sup: 4.390
[GPU1] epochs: [95/100] train_acc: 0.189 train_loss_sup: 4.390
[GPU1] epochs: [96/100] train_acc: 0.188 train_loss_sup: 4.390
[GPU1] epochs: [97/100] train_acc: 0.187 train_loss_sup: 4.390
[GPU1] epochs: [98/100] train_acc: 0.188 train_loss_sup: 4.390
[GPU1] epochs: [99/100] train_acc: 0.188 train_loss_sup: 4.390
[GPU1] epochs: [100/100] train_acc: 0.188 train_loss_sup: 4.390
[GPU1] Final Test Accuracy: 0.119
LR: 0.100 | WD: 0.000000 | Cosine: True | test Acc: 0.119%
===> using linear mlp
Scheduler: <torch.optim.lr_scheduler.CosineAnnealingLR object at 0x7015cd7b40d0>
MLP: MLP(
  (mlp): Linear(in_features=512, out_features=100, bias=True)
)
[GPU1] Test Accuracy at epoch: 0: 0.013
[GPU1] epochs: [1/100] train_acc: 0.019 train_loss_sup: 4.592
[GPU1] epochs: [2/100] train_acc: 0.053 train_loss_sup: 4.548
[GPU1] epochs: [3/100] train_acc: 0.083 train_loss_sup: 4.503
[GPU1] epochs: [4/100] train_acc: 0.105 train_loss_sup: 4.462
[GPU1] epochs: [5/100] train_acc: 0.126 train_loss_sup: 4.422
[GPU1] epochs: [6/100] train_acc: 0.140 train_loss_sup: 4.383
[GPU1] epochs: [7/100] train_acc: 0.147 train_loss_sup: 4.345
[GPU1] epochs: [8/100] train_acc: 0.154 train_loss_sup: 4.310
[GPU1] epochs: [9/100] train_acc: 0.161 train_loss_sup: 4.274
[GPU1] epochs: [10/100] train_acc: 0.170 train_loss_sup: 4.242
[GPU1] Test Accuracy at epoch: 10: 0.11
[GPU1] epochs: [11/100] train_acc: 0.176 train_loss_sup: 4.208
[GPU1] epochs: [12/100] train_acc: 0.177 train_loss_sup: 4.179
[GPU1] epochs: [13/100] train_acc: 0.184 train_loss_sup: 4.147
[GPU1] epochs: [14/100] train_acc: 0.188 train_loss_sup: 4.120
[GPU1] epochs: [15/100] train_acc: 0.188 train_loss_sup: 4.095
[GPU1] epochs: [16/100] train_acc: 0.194 train_loss_sup: 4.067
[GPU1] epochs: [17/100] train_acc: 0.195 train_loss_sup: 4.042
[GPU1] epochs: [18/100] train_acc: 0.201 train_loss_sup: 4.016
[GPU1] epochs: [19/100] train_acc: 0.203 train_loss_sup: 3.994
[GPU1] epochs: [20/100] train_acc: 0.205 train_loss_sup: 3.971
[GPU1] Test Accuracy at epoch: 20: 0.158
[GPU1] epochs: [21/100] train_acc: 0.205 train_loss_sup: 3.951
[GPU1] epochs: [22/100] train_acc: 0.211 train_loss_sup: 3.932
[GPU1] epochs: [23/100] train_acc: 0.208 train_loss_sup: 3.910
[GPU1] epochs: [24/100] train_acc: 0.214 train_loss_sup: 3.890
[GPU1] epochs: [25/100] train_acc: 0.216 train_loss_sup: 3.872
[GPU1] epochs: [26/100] train_acc: 0.219 train_loss_sup: 3.856
[GPU1] epochs: [27/100] train_acc: 0.221 train_loss_sup: 3.838
[GPU1] epochs: [28/100] train_acc: 0.222 train_loss_sup: 3.823
[GPU1] epochs: [29/100] train_acc: 0.222 train_loss_sup: 3.809
[GPU1] epochs: [30/100] train_acc: 0.223 train_loss_sup: 3.789
[GPU1] Test Accuracy at epoch: 30: 0.172
[GPU1] epochs: [31/100] train_acc: 0.226 train_loss_sup: 3.779
[GPU1] epochs: [32/100] train_acc: 0.230 train_loss_sup: 3.764
[GPU1] epochs: [33/100] train_acc: 0.230 train_loss_sup: 3.750
[GPU1] epochs: [34/100] train_acc: 0.229 train_loss_sup: 3.738
[GPU1] epochs: [35/100] train_acc: 0.233 train_loss_sup: 3.727
[GPU1] epochs: [36/100] train_acc: 0.233 train_loss_sup: 3.711
[GPU1] epochs: [37/100] train_acc: 0.235 train_loss_sup: 3.702
[GPU1] epochs: [38/100] train_acc: 0.236 train_loss_sup: 3.690
[GPU1] epochs: [39/100] train_acc: 0.234 train_loss_sup: 3.682
[GPU1] epochs: [40/100] train_acc: 0.237 train_loss_sup: 3.671
[GPU1] Test Accuracy at epoch: 40: 0.18
[GPU1] epochs: [41/100] train_acc: 0.239 train_loss_sup: 3.659
[GPU1] epochs: [42/100] train_acc: 0.240 train_loss_sup: 3.653
[GPU1] epochs: [43/100] train_acc: 0.238 train_loss_sup: 3.644
[GPU1] epochs: [44/100] train_acc: 0.240 train_loss_sup: 3.637
[GPU1] epochs: [45/100] train_acc: 0.242 train_loss_sup: 3.627
[GPU1] epochs: [46/100] train_acc: 0.242 train_loss_sup: 3.619
[GPU1] epochs: [47/100] train_acc: 0.242 train_loss_sup: 3.614
[GPU1] epochs: [48/100] train_acc: 0.244 train_loss_sup: 3.605
[GPU1] epochs: [49/100] train_acc: 0.245 train_loss_sup: 3.599
[GPU1] epochs: [50/100] train_acc: 0.245 train_loss_sup: 3.591
[GPU1] Test Accuracy at epoch: 50: 0.192
[GPU1] epochs: [51/100] train_acc: 0.244 train_loss_sup: 3.583
[GPU1] epochs: [52/100] train_acc: 0.248 train_loss_sup: 3.577
[GPU1] epochs: [53/100] train_acc: 0.249 train_loss_sup: 3.573
[GPU1] epochs: [54/100] train_acc: 0.249 train_loss_sup: 3.569
[GPU1] epochs: [55/100] train_acc: 0.247 train_loss_sup: 3.564
[GPU1] epochs: [56/100] train_acc: 0.252 train_loss_sup: 3.557
[GPU1] epochs: [57/100] train_acc: 0.248 train_loss_sup: 3.553
[GPU1] epochs: [58/100] train_acc: 0.252 train_loss_sup: 3.547
[GPU1] epochs: [59/100] train_acc: 0.250 train_loss_sup: 3.542
[GPU1] epochs: [60/100] train_acc: 0.249 train_loss_sup: 3.539
[GPU1] Test Accuracy at epoch: 60: 0.192
[GPU1] epochs: [61/100] train_acc: 0.252 train_loss_sup: 3.534
[GPU1] epochs: [62/100] train_acc: 0.252 train_loss_sup: 3.531
[GPU1] epochs: [63/100] train_acc: 0.254 train_loss_sup: 3.527
[GPU1] epochs: [64/100] train_acc: 0.254 train_loss_sup: 3.522
[GPU1] epochs: [65/100] train_acc: 0.255 train_loss_sup: 3.522
[GPU1] epochs: [66/100] train_acc: 0.254 train_loss_sup: 3.517
[GPU1] epochs: [67/100] train_acc: 0.254 train_loss_sup: 3.518
[GPU1] epochs: [68/100] train_acc: 0.255 train_loss_sup: 3.512
[GPU1] epochs: [69/100] train_acc: 0.256 train_loss_sup: 3.510
[GPU1] epochs: [70/100] train_acc: 0.255 train_loss_sup: 3.505
[GPU1] Test Accuracy at epoch: 70: 0.2
[GPU1] epochs: [71/100] train_acc: 0.256 train_loss_sup: 3.504
[GPU1] epochs: [72/100] train_acc: 0.257 train_loss_sup: 3.501
[GPU1] epochs: [73/100] train_acc: 0.260 train_loss_sup: 3.498
[GPU1] epochs: [74/100] train_acc: 0.256 train_loss_sup: 3.499
[GPU1] epochs: [75/100] train_acc: 0.260 train_loss_sup: 3.494
[GPU1] epochs: [76/100] train_acc: 0.257 train_loss_sup: 3.494
[GPU1] epochs: [77/100] train_acc: 0.257 train_loss_sup: 3.493
[GPU1] epochs: [78/100] train_acc: 0.257 train_loss_sup: 3.494
[GPU1] epochs: [79/100] train_acc: 0.259 train_loss_sup: 3.491
[GPU1] epochs: [80/100] train_acc: 0.258 train_loss_sup: 3.490
[GPU1] Test Accuracy at epoch: 80: 0.201
[GPU1] epochs: [81/100] train_acc: 0.256 train_loss_sup: 3.492
[GPU1] epochs: [82/100] train_acc: 0.259 train_loss_sup: 3.486
[GPU1] epochs: [83/100] train_acc: 0.259 train_loss_sup: 3.489
[GPU1] epochs: [84/100] train_acc: 0.261 train_loss_sup: 3.485
[GPU1] epochs: [85/100] train_acc: 0.257 train_loss_sup: 3.486
[GPU1] epochs: [86/100] train_acc: 0.259 train_loss_sup: 3.482
[GPU1] epochs: [87/100] train_acc: 0.258 train_loss_sup: 3.486
[GPU1] epochs: [88/100] train_acc: 0.258 train_loss_sup: 3.487
[GPU1] epochs: [89/100] train_acc: 0.259 train_loss_sup: 3.483
[GPU1] epochs: [90/100] train_acc: 0.259 train_loss_sup: 3.487
[GPU1] Test Accuracy at epoch: 90: 0.202
[GPU1] epochs: [91/100] train_acc: 0.259 train_loss_sup: 3.481
[GPU1] epochs: [92/100] train_acc: 0.258 train_loss_sup: 3.479
[GPU1] epochs: [93/100] train_acc: 0.256 train_loss_sup: 3.482
[GPU1] epochs: [94/100] train_acc: 0.261 train_loss_sup: 3.480
[GPU1] epochs: [95/100] train_acc: 0.259 train_loss_sup: 3.480
[GPU1] epochs: [96/100] train_acc: 0.259 train_loss_sup: 3.481
[GPU1] epochs: [97/100] train_acc: 0.259 train_loss_sup: 3.484
[GPU1] epochs: [98/100] train_acc: 0.257 train_loss_sup: 3.485
[GPU1] epochs: [99/100] train_acc: 0.258 train_loss_sup: 3.481
[GPU1] epochs: [100/100] train_acc: 0.259 train_loss_sup: 3.480
[GPU1] Final Test Accuracy: 0.202
LR: 1.000 | WD: 0.000001 | Cosine: True | test Acc: 0.202%
===> using linear mlp
Scheduler: <torch.optim.lr_scheduler.CosineAnnealingLR object at 0x7015d3daa410>
MLP: MLP(
  (mlp): Linear(in_features=512, out_features=100, bias=True)
)
[GPU1] Test Accuracy at epoch: 0: 0.027
[GPU1] epochs: [1/100] train_acc: 0.019 train_loss_sup: 4.592
[GPU1] epochs: [2/100] train_acc: 0.044 train_loss_sup: 4.551
[GPU1] epochs: [3/100] train_acc: 0.074 train_loss_sup: 4.515
[GPU1] epochs: [4/100] train_acc: 0.105 train_loss_sup: 4.483
[GPU1] epochs: [5/100] train_acc: 0.108 train_loss_sup: 4.455
[GPU1] epochs: [6/100] train_acc: 0.126 train_loss_sup: 4.429
[GPU1] epochs: [7/100] train_acc: 0.126 train_loss_sup: 4.408
[GPU1] epochs: [8/100] train_acc: 0.146 train_loss_sup: 4.389
[GPU1] epochs: [9/100] train_acc: 0.143 train_loss_sup: 4.372
[GPU1] epochs: [10/100] train_acc: 0.146 train_loss_sup: 4.357
[GPU1] Test Accuracy at epoch: 10: 0.119
[GPU1] epochs: [11/100] train_acc: 0.144 train_loss_sup: 4.343
[GPU1] epochs: [12/100] train_acc: 0.159 train_loss_sup: 4.330
[GPU1] epochs: [13/100] train_acc: 0.159 train_loss_sup: 4.321
[GPU1] epochs: [14/100] train_acc: 0.162 train_loss_sup: 4.313
[GPU1] epochs: [15/100] train_acc: 0.157 train_loss_sup: 4.304
[GPU1] epochs: [16/100] train_acc: 0.162 train_loss_sup: 4.297
[GPU1] epochs: [17/100] train_acc: 0.166 train_loss_sup: 4.291
[GPU1] epochs: [18/100] train_acc: 0.168 train_loss_sup: 4.285
[GPU1] epochs: [19/100] train_acc: 0.167 train_loss_sup: 4.281
[GPU1] epochs: [20/100] train_acc: 0.170 train_loss_sup: 4.275
[GPU1] Test Accuracy at epoch: 20: 0.124
[GPU1] epochs: [21/100] train_acc: 0.167 train_loss_sup: 4.271
[GPU1] epochs: [22/100] train_acc: 0.172 train_loss_sup: 4.267
[GPU1] epochs: [23/100] train_acc: 0.168 train_loss_sup: 4.264
[GPU1] epochs: [24/100] train_acc: 0.173 train_loss_sup: 4.262
[GPU1] epochs: [25/100] train_acc: 0.166 train_loss_sup: 4.260
[GPU1] epochs: [26/100] train_acc: 0.176 train_loss_sup: 4.257
[GPU1] epochs: [27/100] train_acc: 0.173 train_loss_sup: 4.255
[GPU1] epochs: [28/100] train_acc: 0.176 train_loss_sup: 4.252
[GPU1] epochs: [29/100] train_acc: 0.174 train_loss_sup: 4.252
[GPU1] epochs: [30/100] train_acc: 0.175 train_loss_sup: 4.250
[GPU1] Test Accuracy at epoch: 30: 0.147
[GPU1] epochs: [31/100] train_acc: 0.175 train_loss_sup: 4.249
[GPU1] epochs: [32/100] train_acc: 0.179 train_loss_sup: 4.248
[GPU1] epochs: [33/100] train_acc: 0.175 train_loss_sup: 4.247
[GPU1] epochs: [34/100] train_acc: 0.173 train_loss_sup: 4.246
[GPU1] epochs: [35/100] train_acc: 0.180 train_loss_sup: 4.245
[GPU1] epochs: [36/100] train_acc: 0.178 train_loss_sup: 4.244
[GPU1] epochs: [37/100] train_acc: 0.178 train_loss_sup: 4.243
[GPU1] epochs: [38/100] train_acc: 0.181 train_loss_sup: 4.245
[GPU1] epochs: [39/100] train_acc: 0.181 train_loss_sup: 4.241
[GPU1] epochs: [40/100] train_acc: 0.185 train_loss_sup: 4.241
[GPU1] Test Accuracy at epoch: 40: 0.137
[GPU1] epochs: [41/100] train_acc: 0.185 train_loss_sup: 4.240
[GPU1] epochs: [42/100] train_acc: 0.183 train_loss_sup: 4.240
[GPU1] epochs: [43/100] train_acc: 0.187 train_loss_sup: 4.240
[GPU1] epochs: [44/100] train_acc: 0.189 train_loss_sup: 4.239
[GPU1] epochs: [45/100] train_acc: 0.184 train_loss_sup: 4.239
[GPU1] epochs: [46/100] train_acc: 0.187 train_loss_sup: 4.238
[GPU1] epochs: [47/100] train_acc: 0.184 train_loss_sup: 4.238
[GPU1] epochs: [48/100] train_acc: 0.187 train_loss_sup: 4.238
[GPU1] epochs: [49/100] train_acc: 0.195 train_loss_sup: 4.237
[GPU1] epochs: [50/100] train_acc: 0.183 train_loss_sup: 4.236
[GPU1] Test Accuracy at epoch: 50: 0.129
[GPU1] epochs: [51/100] train_acc: 0.187 train_loss_sup: 4.238
[GPU1] epochs: [52/100] train_acc: 0.191 train_loss_sup: 4.235
[GPU1] epochs: [53/100] train_acc: 0.191 train_loss_sup: 4.237
[GPU1] epochs: [54/100] train_acc: 0.188 train_loss_sup: 4.238
[GPU1] epochs: [55/100] train_acc: 0.194 train_loss_sup: 4.236
[GPU1] epochs: [56/100] train_acc: 0.188 train_loss_sup: 4.236
[GPU1] epochs: [57/100] train_acc: 0.194 train_loss_sup: 4.235
[GPU1] epochs: [58/100] train_acc: 0.192 train_loss_sup: 4.235
[GPU1] epochs: [59/100] train_acc: 0.193 train_loss_sup: 4.236
[GPU1] epochs: [60/100] train_acc: 0.188 train_loss_sup: 4.235
[GPU1] Test Accuracy at epoch: 60: 0.136
[GPU1] epochs: [61/100] train_acc: 0.198 train_loss_sup: 4.235
[GPU1] epochs: [62/100] train_acc: 0.194 train_loss_sup: 4.236
[GPU1] epochs: [63/100] train_acc: 0.194 train_loss_sup: 4.235
[GPU1] epochs: [64/100] train_acc: 0.202 train_loss_sup: 4.234
[GPU1] epochs: [65/100] train_acc: 0.198 train_loss_sup: 4.234
[GPU1] epochs: [66/100] train_acc: 0.195 train_loss_sup: 4.234
[GPU1] epochs: [67/100] train_acc: 0.200 train_loss_sup: 4.234
[GPU1] epochs: [68/100] train_acc: 0.195 train_loss_sup: 4.233
[GPU1] epochs: [69/100] train_acc: 0.201 train_loss_sup: 4.234
[GPU1] epochs: [70/100] train_acc: 0.197 train_loss_sup: 4.234
[GPU1] Test Accuracy at epoch: 70: 0.138
[GPU1] epochs: [71/100] train_acc: 0.201 train_loss_sup: 4.233
[GPU1] epochs: [72/100] train_acc: 0.202 train_loss_sup: 4.233
[GPU1] epochs: [73/100] train_acc: 0.201 train_loss_sup: 4.233
[GPU1] epochs: [74/100] train_acc: 0.201 train_loss_sup: 4.232
[GPU1] epochs: [75/100] train_acc: 0.199 train_loss_sup: 4.233
[GPU1] epochs: [76/100] train_acc: 0.206 train_loss_sup: 4.233
[GPU1] epochs: [77/100] train_acc: 0.202 train_loss_sup: 4.234
[GPU1] epochs: [78/100] train_acc: 0.204 train_loss_sup: 4.232
[GPU1] epochs: [79/100] train_acc: 0.199 train_loss_sup: 4.233
[GPU1] epochs: [80/100] train_acc: 0.204 train_loss_sup: 4.233
[GPU1] Test Accuracy at epoch: 80: 0.139
[GPU1] epochs: [81/100] train_acc: 0.208 train_loss_sup: 4.233
[GPU1] epochs: [82/100] train_acc: 0.202 train_loss_sup: 4.233
[GPU1] epochs: [83/100] train_acc: 0.204 train_loss_sup: 4.232
[GPU1] epochs: [84/100] train_acc: 0.205 train_loss_sup: 4.232
[GPU1] epochs: [85/100] train_acc: 0.204 train_loss_sup: 4.232
[GPU1] epochs: [86/100] train_acc: 0.205 train_loss_sup: 4.233
[GPU1] epochs: [87/100] train_acc: 0.205 train_loss_sup: 4.233
[GPU1] epochs: [88/100] train_acc: 0.205 train_loss_sup: 4.232
[GPU1] epochs: [89/100] train_acc: 0.206 train_loss_sup: 4.232
[GPU1] epochs: [90/100] train_acc: 0.203 train_loss_sup: 4.231
[GPU1] Test Accuracy at epoch: 90: 0.139
[GPU1] epochs: [91/100] train_acc: 0.204 train_loss_sup: 4.232
[GPU1] epochs: [92/100] train_acc: 0.205 train_loss_sup: 4.232
[GPU1] epochs: [93/100] train_acc: 0.207 train_loss_sup: 4.231
[GPU1] epochs: [94/100] train_acc: 0.206 train_loss_sup: 4.231
[GPU1] epochs: [95/100] train_acc: 0.205 train_loss_sup: 4.233
[GPU1] epochs: [96/100] train_acc: 0.206 train_loss_sup: 4.232
[GPU1] epochs: [97/100] train_acc: 0.204 train_loss_sup: 4.232
[GPU1] epochs: [98/100] train_acc: 0.206 train_loss_sup: 4.231
[GPU1] epochs: [99/100] train_acc: 0.207 train_loss_sup: 4.232
[GPU1] epochs: [100/100] train_acc: 0.206 train_loss_sup: 4.232
[GPU1] Final Test Accuracy: 0.139
LR: 1.000 | WD: 0.000100 | Cosine: True | test Acc: 0.147%
===> using linear mlp
Scheduler: <torch.optim.lr_scheduler.CosineAnnealingLR object at 0x7015bfedac50>
MLP: MLP(
  (mlp): Linear(in_features=512, out_features=100, bias=True)
)
[GPU1] Test Accuracy at epoch: 0: 0.029
[GPU1] epochs: [1/100] train_acc: 0.016 train_loss_sup: 4.592
[GPU1] epochs: [2/100] train_acc: 0.056 train_loss_sup: 4.548
[GPU1] epochs: [3/100] train_acc: 0.084 train_loss_sup: 4.504
[GPU1] epochs: [4/100] train_acc: 0.107 train_loss_sup: 4.462
[GPU1] epochs: [5/100] train_acc: 0.125 train_loss_sup: 4.422
[GPU1] epochs: [6/100] train_acc: 0.131 train_loss_sup: 4.382
[GPU1] epochs: [7/100] train_acc: 0.144 train_loss_sup: 4.346
[GPU1] epochs: [8/100] train_acc: 0.155 train_loss_sup: 4.308
[GPU1] epochs: [9/100] train_acc: 0.166 train_loss_sup: 4.272
[GPU1] epochs: [10/100] train_acc: 0.166 train_loss_sup: 4.240
[GPU1] Test Accuracy at epoch: 10: 0.121
[GPU1] epochs: [11/100] train_acc: 0.176 train_loss_sup: 4.208
[GPU1] epochs: [12/100] train_acc: 0.180 train_loss_sup: 4.176
[GPU1] epochs: [13/100] train_acc: 0.183 train_loss_sup: 4.146
[GPU1] epochs: [14/100] train_acc: 0.189 train_loss_sup: 4.116
[GPU1] epochs: [15/100] train_acc: 0.190 train_loss_sup: 4.091
[GPU1] epochs: [16/100] train_acc: 0.197 train_loss_sup: 4.062
[GPU1] epochs: [17/100] train_acc: 0.199 train_loss_sup: 4.040
[GPU1] epochs: [18/100] train_acc: 0.203 train_loss_sup: 4.012
[GPU1] epochs: [19/100] train_acc: 0.203 train_loss_sup: 3.989
[GPU1] epochs: [20/100] train_acc: 0.203 train_loss_sup: 3.969
[GPU1] Test Accuracy at epoch: 20: 0.153
[GPU1] epochs: [21/100] train_acc: 0.209 train_loss_sup: 3.945
[GPU1] epochs: [22/100] train_acc: 0.210 train_loss_sup: 3.924
[GPU1] epochs: [23/100] train_acc: 0.214 train_loss_sup: 3.904
[GPU1] epochs: [24/100] train_acc: 0.213 train_loss_sup: 3.889
[GPU1] epochs: [25/100] train_acc: 0.215 train_loss_sup: 3.867
[GPU1] epochs: [26/100] train_acc: 0.217 train_loss_sup: 3.849
[GPU1] epochs: [27/100] train_acc: 0.221 train_loss_sup: 3.830
[GPU1] epochs: [28/100] train_acc: 0.224 train_loss_sup: 3.815
[GPU1] epochs: [29/100] train_acc: 0.222 train_loss_sup: 3.800
[GPU1] epochs: [30/100] train_acc: 0.227 train_loss_sup: 3.786
[GPU1] Test Accuracy at epoch: 30: 0.175
[GPU1] epochs: [31/100] train_acc: 0.227 train_loss_sup: 3.769
[GPU1] epochs: [32/100] train_acc: 0.227 train_loss_sup: 3.754
[GPU1] epochs: [33/100] train_acc: 0.231 train_loss_sup: 3.741
[GPU1] epochs: [34/100] train_acc: 0.230 train_loss_sup: 3.729
[GPU1] epochs: [35/100] train_acc: 0.231 train_loss_sup: 3.719
[GPU1] epochs: [36/100] train_acc: 0.237 train_loss_sup: 3.707
[GPU1] epochs: [37/100] train_acc: 0.235 train_loss_sup: 3.691
[GPU1] epochs: [38/100] train_acc: 0.235 train_loss_sup: 3.683
[GPU1] epochs: [39/100] train_acc: 0.235 train_loss_sup: 3.672
[GPU1] epochs: [40/100] train_acc: 0.239 train_loss_sup: 3.659
[GPU1] Test Accuracy at epoch: 40: 0.181
[GPU1] epochs: [41/100] train_acc: 0.240 train_loss_sup: 3.649
[GPU1] epochs: [42/100] train_acc: 0.239 train_loss_sup: 3.640
[GPU1] epochs: [43/100] train_acc: 0.242 train_loss_sup: 3.630
[GPU1] epochs: [44/100] train_acc: 0.240 train_loss_sup: 3.624
[GPU1] epochs: [45/100] train_acc: 0.240 train_loss_sup: 3.619
[GPU1] epochs: [46/100] train_acc: 0.242 train_loss_sup: 3.608
[GPU1] epochs: [47/100] train_acc: 0.246 train_loss_sup: 3.599
[GPU1] epochs: [48/100] train_acc: 0.244 train_loss_sup: 3.592
[GPU1] epochs: [49/100] train_acc: 0.247 train_loss_sup: 3.584
[GPU1] epochs: [50/100] train_acc: 0.246 train_loss_sup: 3.579
[GPU1] Test Accuracy at epoch: 50: 0.19
[GPU1] epochs: [51/100] train_acc: 0.250 train_loss_sup: 3.570
[GPU1] epochs: [52/100] train_acc: 0.247 train_loss_sup: 3.564
[GPU1] epochs: [53/100] train_acc: 0.249 train_loss_sup: 3.558
[GPU1] epochs: [54/100] train_acc: 0.249 train_loss_sup: 3.557
[GPU1] epochs: [55/100] train_acc: 0.250 train_loss_sup: 3.550
[GPU1] epochs: [56/100] train_acc: 0.250 train_loss_sup: 3.546
[GPU1] epochs: [57/100] train_acc: 0.252 train_loss_sup: 3.536
[GPU1] epochs: [58/100] train_acc: 0.252 train_loss_sup: 3.534
[GPU1] epochs: [59/100] train_acc: 0.251 train_loss_sup: 3.527
[GPU1] epochs: [60/100] train_acc: 0.252 train_loss_sup: 3.527
[GPU1] Test Accuracy at epoch: 60: 0.197
[GPU1] epochs: [61/100] train_acc: 0.252 train_loss_sup: 3.522
[GPU1] epochs: [62/100] train_acc: 0.252 train_loss_sup: 3.517
[GPU1] epochs: [63/100] train_acc: 0.255 train_loss_sup: 3.514
[GPU1] epochs: [64/100] train_acc: 0.253 train_loss_sup: 3.508
[GPU1] epochs: [65/100] train_acc: 0.255 train_loss_sup: 3.506
[GPU1] epochs: [66/100] train_acc: 0.257 train_loss_sup: 3.505
[GPU1] epochs: [67/100] train_acc: 0.255 train_loss_sup: 3.499
[GPU1] epochs: [68/100] train_acc: 0.255 train_loss_sup: 3.497
[GPU1] epochs: [69/100] train_acc: 0.256 train_loss_sup: 3.495
[GPU1] epochs: [70/100] train_acc: 0.258 train_loss_sup: 3.491
[GPU1] Test Accuracy at epoch: 70: 0.201
[GPU1] epochs: [71/100] train_acc: 0.256 train_loss_sup: 3.490
[GPU1] epochs: [72/100] train_acc: 0.257 train_loss_sup: 3.487
[GPU1] epochs: [73/100] train_acc: 0.254 train_loss_sup: 3.487
[GPU1] epochs: [74/100] train_acc: 0.259 train_loss_sup: 3.481
[GPU1] epochs: [75/100] train_acc: 0.257 train_loss_sup: 3.483
[GPU1] epochs: [76/100] train_acc: 0.258 train_loss_sup: 3.478
[GPU1] epochs: [77/100] train_acc: 0.256 train_loss_sup: 3.479
[GPU1] epochs: [78/100] train_acc: 0.257 train_loss_sup: 3.478
[GPU1] epochs: [79/100] train_acc: 0.258 train_loss_sup: 3.478
[GPU1] epochs: [80/100] train_acc: 0.260 train_loss_sup: 3.476
[GPU1] Test Accuracy at epoch: 80: 0.203
[GPU1] epochs: [81/100] train_acc: 0.257 train_loss_sup: 3.474
[GPU1] epochs: [82/100] train_acc: 0.259 train_loss_sup: 3.474
[GPU1] epochs: [83/100] train_acc: 0.259 train_loss_sup: 3.472
[GPU1] epochs: [84/100] train_acc: 0.258 train_loss_sup: 3.470
[GPU1] epochs: [85/100] train_acc: 0.257 train_loss_sup: 3.468
[GPU1] epochs: [86/100] train_acc: 0.262 train_loss_sup: 3.468
[GPU1] epochs: [87/100] train_acc: 0.260 train_loss_sup: 3.468
[GPU1] epochs: [88/100] train_acc: 0.260 train_loss_sup: 3.465
[GPU1] epochs: [89/100] train_acc: 0.259 train_loss_sup: 3.469
[GPU1] epochs: [90/100] train_acc: 0.259 train_loss_sup: 3.468
[GPU1] Test Accuracy at epoch: 90: 0.203
[GPU1] epochs: [91/100] train_acc: 0.259 train_loss_sup: 3.469
[GPU1] epochs: [92/100] train_acc: 0.262 train_loss_sup: 3.467
[GPU1] epochs: [93/100] train_acc: 0.259 train_loss_sup: 3.463
[GPU1] epochs: [94/100] train_acc: 0.259 train_loss_sup: 3.469
[GPU1] epochs: [95/100] train_acc: 0.258 train_loss_sup: 3.467
[GPU1] epochs: [96/100] train_acc: 0.261 train_loss_sup: 3.468
[GPU1] epochs: [97/100] train_acc: 0.260 train_loss_sup: 3.466
[GPU1] epochs: [98/100] train_acc: 0.258 train_loss_sup: 3.468
[GPU1] epochs: [99/100] train_acc: 0.260 train_loss_sup: 3.466
[GPU1] epochs: [100/100] train_acc: 0.261 train_loss_sup: 3.466
[GPU1] Final Test Accuracy: 0.203
LR: 1.000 | WD: 0.000000 | Cosine: True | test Acc: 0.203%
------------------------------
Best Test Accuracy: 0.233%
Optimal Hyperparameters: LR=1.0, WD=0.0, Cosine=0
knn evalution
logistic regression evalution
clustering metrics evalution
knn_acc: 0.258
lreg_acc: 0.345
ari: 0.041
nmi: 0.227
ss: 0.017
dbs: 3.132
