Namespace(dataset='cifar10', saved_path='saved_models/byol.sc.timg.r18.pth', gpu=0, model='resnet18', verbose=False, epochs=100, eval_every=10, knn=True, lreg=True, linprobe=True, tsne=False, umap=False, cmet=True)
<All keys matched successfully>
Starting Hyperparameter Sweep on 0...
===> using linear mlp
Scheduler: None
MLP: MLP(
  (mlp): Linear(in_features=512, out_features=10, bias=True)
)
[GPU0] Test Accuracy at epoch: 0: 0.234
[GPU0] epochs: [1/100] train_acc: 0.215 train_loss_sup: 2.288
[GPU0] epochs: [2/100] train_acc: 0.336 train_loss_sup: 2.254
[GPU0] epochs: [3/100] train_acc: 0.420 train_loss_sup: 2.221
[GPU0] epochs: [4/100] train_acc: 0.453 train_loss_sup: 2.190
[GPU0] epochs: [5/100] train_acc: 0.457 train_loss_sup: 2.160
[GPU0] epochs: [6/100] train_acc: 0.470 train_loss_sup: 2.131
[GPU0] epochs: [7/100] train_acc: 0.471 train_loss_sup: 2.104
[GPU0] epochs: [8/100] train_acc: 0.479 train_loss_sup: 2.077
[GPU0] epochs: [9/100] train_acc: 0.483 train_loss_sup: 2.053
[GPU0] epochs: [10/100] train_acc: 0.483 train_loss_sup: 2.031
[GPU0] Test Accuracy at epoch: 10: 0.346
[GPU0] epochs: [11/100] train_acc: 0.482 train_loss_sup: 2.009
[GPU0] epochs: [12/100] train_acc: 0.488 train_loss_sup: 1.987
[GPU0] epochs: [13/100] train_acc: 0.492 train_loss_sup: 1.966
[GPU0] epochs: [14/100] train_acc: 0.496 train_loss_sup: 1.948
[GPU0] epochs: [15/100] train_acc: 0.495 train_loss_sup: 1.929
[GPU0] epochs: [16/100] train_acc: 0.496 train_loss_sup: 1.912
[GPU0] epochs: [17/100] train_acc: 0.498 train_loss_sup: 1.895
[GPU0] epochs: [18/100] train_acc: 0.497 train_loss_sup: 1.878
[GPU0] epochs: [19/100] train_acc: 0.501 train_loss_sup: 1.863
[GPU0] epochs: [20/100] train_acc: 0.504 train_loss_sup: 1.848
[GPU0] Test Accuracy at epoch: 20: 0.388
[GPU0] epochs: [21/100] train_acc: 0.504 train_loss_sup: 1.833
[GPU0] epochs: [22/100] train_acc: 0.503 train_loss_sup: 1.820
[GPU0] epochs: [23/100] train_acc: 0.504 train_loss_sup: 1.807
[GPU0] epochs: [24/100] train_acc: 0.505 train_loss_sup: 1.795
[GPU0] epochs: [25/100] train_acc: 0.509 train_loss_sup: 1.784
[GPU0] epochs: [26/100] train_acc: 0.511 train_loss_sup: 1.772
[GPU0] epochs: [27/100] train_acc: 0.511 train_loss_sup: 1.761
[GPU0] epochs: [28/100] train_acc: 0.513 train_loss_sup: 1.748
[GPU0] epochs: [29/100] train_acc: 0.510 train_loss_sup: 1.738
[GPU0] epochs: [30/100] train_acc: 0.514 train_loss_sup: 1.729
[GPU0] Test Accuracy at epoch: 30: 0.415
[GPU0] epochs: [31/100] train_acc: 0.511 train_loss_sup: 1.719
[GPU0] epochs: [32/100] train_acc: 0.516 train_loss_sup: 1.712
[GPU0] epochs: [33/100] train_acc: 0.513 train_loss_sup: 1.703
[GPU0] epochs: [34/100] train_acc: 0.516 train_loss_sup: 1.695
[GPU0] epochs: [35/100] train_acc: 0.516 train_loss_sup: 1.684
[GPU0] epochs: [36/100] train_acc: 0.518 train_loss_sup: 1.677
[GPU0] epochs: [37/100] train_acc: 0.519 train_loss_sup: 1.667
[GPU0] epochs: [38/100] train_acc: 0.515 train_loss_sup: 1.664
[GPU0] epochs: [39/100] train_acc: 0.520 train_loss_sup: 1.655
[GPU0] epochs: [40/100] train_acc: 0.519 train_loss_sup: 1.647
[GPU0] Test Accuracy at epoch: 40: 0.424
[GPU0] epochs: [41/100] train_acc: 0.520 train_loss_sup: 1.643
[GPU0] epochs: [42/100] train_acc: 0.520 train_loss_sup: 1.636
[GPU0] epochs: [43/100] train_acc: 0.522 train_loss_sup: 1.630
[GPU0] epochs: [44/100] train_acc: 0.524 train_loss_sup: 1.620
[GPU0] epochs: [45/100] train_acc: 0.522 train_loss_sup: 1.616
[GPU0] epochs: [46/100] train_acc: 0.523 train_loss_sup: 1.612
[GPU0] epochs: [47/100] train_acc: 0.525 train_loss_sup: 1.603
[GPU0] epochs: [48/100] train_acc: 0.524 train_loss_sup: 1.600
[GPU0] epochs: [49/100] train_acc: 0.526 train_loss_sup: 1.593
[GPU0] epochs: [50/100] train_acc: 0.522 train_loss_sup: 1.589
[GPU0] Test Accuracy at epoch: 50: 0.435
[GPU0] epochs: [51/100] train_acc: 0.523 train_loss_sup: 1.583
[GPU0] epochs: [52/100] train_acc: 0.526 train_loss_sup: 1.580
[GPU0] epochs: [53/100] train_acc: 0.528 train_loss_sup: 1.571
[GPU0] epochs: [54/100] train_acc: 0.528 train_loss_sup: 1.567
[GPU0] epochs: [55/100] train_acc: 0.529 train_loss_sup: 1.562
[GPU0] epochs: [56/100] train_acc: 0.529 train_loss_sup: 1.559
[GPU0] epochs: [57/100] train_acc: 0.530 train_loss_sup: 1.554
[GPU0] epochs: [58/100] train_acc: 0.529 train_loss_sup: 1.550
[GPU0] epochs: [59/100] train_acc: 0.529 train_loss_sup: 1.548
[GPU0] epochs: [60/100] train_acc: 0.532 train_loss_sup: 1.542
[GPU0] Test Accuracy at epoch: 60: 0.442
[GPU0] epochs: [61/100] train_acc: 0.530 train_loss_sup: 1.539
[GPU0] epochs: [62/100] train_acc: 0.532 train_loss_sup: 1.534
[GPU0] epochs: [63/100] train_acc: 0.529 train_loss_sup: 1.532
[GPU0] epochs: [64/100] train_acc: 0.532 train_loss_sup: 1.527
[GPU0] epochs: [65/100] train_acc: 0.536 train_loss_sup: 1.521
[GPU0] epochs: [66/100] train_acc: 0.532 train_loss_sup: 1.516
[GPU0] epochs: [67/100] train_acc: 0.533 train_loss_sup: 1.517
[GPU0] epochs: [68/100] train_acc: 0.535 train_loss_sup: 1.511
[GPU0] epochs: [69/100] train_acc: 0.536 train_loss_sup: 1.508
[GPU0] epochs: [70/100] train_acc: 0.537 train_loss_sup: 1.504
[GPU0] Test Accuracy at epoch: 70: 0.451
[GPU0] epochs: [71/100] train_acc: 0.534 train_loss_sup: 1.504
[GPU0] epochs: [72/100] train_acc: 0.537 train_loss_sup: 1.501
[GPU0] epochs: [73/100] train_acc: 0.537 train_loss_sup: 1.496
[GPU0] epochs: [74/100] train_acc: 0.536 train_loss_sup: 1.494
[GPU0] epochs: [75/100] train_acc: 0.539 train_loss_sup: 1.489
[GPU0] epochs: [76/100] train_acc: 0.536 train_loss_sup: 1.485
[GPU0] epochs: [77/100] train_acc: 0.538 train_loss_sup: 1.485
[GPU0] epochs: [78/100] train_acc: 0.538 train_loss_sup: 1.483
[GPU0] epochs: [79/100] train_acc: 0.540 train_loss_sup: 1.477
[GPU0] epochs: [80/100] train_acc: 0.540 train_loss_sup: 1.475
[GPU0] Test Accuracy at epoch: 80: 0.455
[GPU0] epochs: [81/100] train_acc: 0.541 train_loss_sup: 1.471
[GPU0] epochs: [82/100] train_acc: 0.536 train_loss_sup: 1.473
[GPU0] epochs: [83/100] train_acc: 0.541 train_loss_sup: 1.465
[GPU0] epochs: [84/100] train_acc: 0.541 train_loss_sup: 1.464
[GPU0] epochs: [85/100] train_acc: 0.539 train_loss_sup: 1.466
[GPU0] epochs: [86/100] train_acc: 0.543 train_loss_sup: 1.458
[GPU0] epochs: [87/100] train_acc: 0.539 train_loss_sup: 1.463
[GPU0] epochs: [88/100] train_acc: 0.542 train_loss_sup: 1.454
[GPU0] epochs: [89/100] train_acc: 0.541 train_loss_sup: 1.453
[GPU0] epochs: [90/100] train_acc: 0.544 train_loss_sup: 1.448
[GPU0] Test Accuracy at epoch: 90: 0.469
[GPU0] epochs: [91/100] train_acc: 0.545 train_loss_sup: 1.448
[GPU0] epochs: [92/100] train_acc: 0.543 train_loss_sup: 1.446
[GPU0] epochs: [93/100] train_acc: 0.542 train_loss_sup: 1.445
[GPU0] epochs: [94/100] train_acc: 0.542 train_loss_sup: 1.443
[GPU0] epochs: [95/100] train_acc: 0.543 train_loss_sup: 1.440
[GPU0] epochs: [96/100] train_acc: 0.545 train_loss_sup: 1.438
[GPU0] epochs: [97/100] train_acc: 0.546 train_loss_sup: 1.432
[GPU0] epochs: [98/100] train_acc: 0.546 train_loss_sup: 1.433
[GPU0] epochs: [99/100] train_acc: 0.545 train_loss_sup: 1.432
[GPU0] epochs: [100/100] train_acc: 0.544 train_loss_sup: 1.429
[GPU0] Final Test Accuracy: 0.473
LR: 0.100 | WD: 0.000001 | Cosine: False | test Acc: 0.473%
===> using linear mlp
Scheduler: None
MLP: MLP(
  (mlp): Linear(in_features=512, out_features=10, bias=True)
)
[GPU0] Test Accuracy at epoch: 0: 0.212
[GPU0] epochs: [1/100] train_acc: 0.219 train_loss_sup: 2.288
[GPU0] epochs: [2/100] train_acc: 0.367 train_loss_sup: 2.255
[GPU0] epochs: [3/100] train_acc: 0.433 train_loss_sup: 2.222
[GPU0] epochs: [4/100] train_acc: 0.456 train_loss_sup: 2.192
[GPU0] epochs: [5/100] train_acc: 0.454 train_loss_sup: 2.163
[GPU0] epochs: [6/100] train_acc: 0.456 train_loss_sup: 2.135
[GPU0] epochs: [7/100] train_acc: 0.477 train_loss_sup: 2.110
[GPU0] epochs: [8/100] train_acc: 0.473 train_loss_sup: 2.086
[GPU0] epochs: [9/100] train_acc: 0.480 train_loss_sup: 2.062
[GPU0] epochs: [10/100] train_acc: 0.484 train_loss_sup: 2.041
[GPU0] Test Accuracy at epoch: 10: 0.395
[GPU0] epochs: [11/100] train_acc: 0.486 train_loss_sup: 2.021
[GPU0] epochs: [12/100] train_acc: 0.489 train_loss_sup: 2.001
[GPU0] epochs: [13/100] train_acc: 0.493 train_loss_sup: 1.983
[GPU0] epochs: [14/100] train_acc: 0.492 train_loss_sup: 1.967
[GPU0] epochs: [15/100] train_acc: 0.496 train_loss_sup: 1.949
[GPU0] epochs: [16/100] train_acc: 0.495 train_loss_sup: 1.934
[GPU0] epochs: [17/100] train_acc: 0.494 train_loss_sup: 1.919
[GPU0] epochs: [18/100] train_acc: 0.495 train_loss_sup: 1.905
[GPU0] epochs: [19/100] train_acc: 0.499 train_loss_sup: 1.891
[GPU0] epochs: [20/100] train_acc: 0.499 train_loss_sup: 1.878
[GPU0] Test Accuracy at epoch: 20: 0.399
[GPU0] epochs: [21/100] train_acc: 0.501 train_loss_sup: 1.866
[GPU0] epochs: [22/100] train_acc: 0.504 train_loss_sup: 1.854
[GPU0] epochs: [23/100] train_acc: 0.502 train_loss_sup: 1.842
[GPU0] epochs: [24/100] train_acc: 0.507 train_loss_sup: 1.832
[GPU0] epochs: [25/100] train_acc: 0.506 train_loss_sup: 1.823
[GPU0] epochs: [26/100] train_acc: 0.507 train_loss_sup: 1.814
[GPU0] epochs: [27/100] train_acc: 0.508 train_loss_sup: 1.804
[GPU0] epochs: [28/100] train_acc: 0.509 train_loss_sup: 1.794
[GPU0] epochs: [29/100] train_acc: 0.508 train_loss_sup: 1.787
[GPU0] epochs: [30/100] train_acc: 0.509 train_loss_sup: 1.778
[GPU0] Test Accuracy at epoch: 30: 0.398
[GPU0] epochs: [31/100] train_acc: 0.510 train_loss_sup: 1.772
[GPU0] epochs: [32/100] train_acc: 0.507 train_loss_sup: 1.763
[GPU0] epochs: [33/100] train_acc: 0.513 train_loss_sup: 1.757
[GPU0] epochs: [34/100] train_acc: 0.513 train_loss_sup: 1.750
[GPU0] epochs: [35/100] train_acc: 0.515 train_loss_sup: 1.742
[GPU0] epochs: [36/100] train_acc: 0.514 train_loss_sup: 1.737
[GPU0] epochs: [37/100] train_acc: 0.516 train_loss_sup: 1.729
[GPU0] epochs: [38/100] train_acc: 0.517 train_loss_sup: 1.724
[GPU0] epochs: [39/100] train_acc: 0.515 train_loss_sup: 1.718
[GPU0] epochs: [40/100] train_acc: 0.515 train_loss_sup: 1.710
[GPU0] Test Accuracy at epoch: 40: 0.415
[GPU0] epochs: [41/100] train_acc: 0.514 train_loss_sup: 1.709
[GPU0] epochs: [42/100] train_acc: 0.517 train_loss_sup: 1.702
[GPU0] epochs: [43/100] train_acc: 0.518 train_loss_sup: 1.699
[GPU0] epochs: [44/100] train_acc: 0.519 train_loss_sup: 1.691
[GPU0] epochs: [45/100] train_acc: 0.520 train_loss_sup: 1.687
[GPU0] epochs: [46/100] train_acc: 0.520 train_loss_sup: 1.682
[GPU0] epochs: [47/100] train_acc: 0.525 train_loss_sup: 1.677
[GPU0] epochs: [48/100] train_acc: 0.517 train_loss_sup: 1.677
[GPU0] epochs: [49/100] train_acc: 0.519 train_loss_sup: 1.673
[GPU0] epochs: [50/100] train_acc: 0.522 train_loss_sup: 1.669
[GPU0] Test Accuracy at epoch: 50: 0.424
[GPU0] epochs: [51/100] train_acc: 0.523 train_loss_sup: 1.664
[GPU0] epochs: [52/100] train_acc: 0.519 train_loss_sup: 1.663
[GPU0] epochs: [53/100] train_acc: 0.521 train_loss_sup: 1.659
[GPU0] epochs: [54/100] train_acc: 0.522 train_loss_sup: 1.656
[GPU0] epochs: [55/100] train_acc: 0.525 train_loss_sup: 1.651
[GPU0] epochs: [56/100] train_acc: 0.522 train_loss_sup: 1.648
[GPU0] epochs: [57/100] train_acc: 0.525 train_loss_sup: 1.643
[GPU0] epochs: [58/100] train_acc: 0.524 train_loss_sup: 1.643
[GPU0] epochs: [59/100] train_acc: 0.527 train_loss_sup: 1.635
[GPU0] epochs: [60/100] train_acc: 0.525 train_loss_sup: 1.637
[GPU0] Test Accuracy at epoch: 60: 0.438
[GPU0] epochs: [61/100] train_acc: 0.527 train_loss_sup: 1.630
[GPU0] epochs: [62/100] train_acc: 0.525 train_loss_sup: 1.630
[GPU0] epochs: [63/100] train_acc: 0.529 train_loss_sup: 1.626
[GPU0] epochs: [64/100] train_acc: 0.528 train_loss_sup: 1.627
[GPU0] epochs: [65/100] train_acc: 0.531 train_loss_sup: 1.622
[GPU0] epochs: [66/100] train_acc: 0.525 train_loss_sup: 1.623
[GPU0] epochs: [67/100] train_acc: 0.531 train_loss_sup: 1.617
[GPU0] epochs: [68/100] train_acc: 0.530 train_loss_sup: 1.615
[GPU0] epochs: [69/100] train_acc: 0.528 train_loss_sup: 1.615
[GPU0] epochs: [70/100] train_acc: 0.531 train_loss_sup: 1.611
[GPU0] Test Accuracy at epoch: 70: 0.439
[GPU0] epochs: [71/100] train_acc: 0.530 train_loss_sup: 1.610
[GPU0] epochs: [72/100] train_acc: 0.530 train_loss_sup: 1.607
[GPU0] epochs: [73/100] train_acc: 0.531 train_loss_sup: 1.607
[GPU0] epochs: [74/100] train_acc: 0.530 train_loss_sup: 1.604
[GPU0] epochs: [75/100] train_acc: 0.529 train_loss_sup: 1.604
[GPU0] epochs: [76/100] train_acc: 0.530 train_loss_sup: 1.600
[GPU0] epochs: [77/100] train_acc: 0.531 train_loss_sup: 1.599
[GPU0] epochs: [78/100] train_acc: 0.530 train_loss_sup: 1.597
[GPU0] epochs: [79/100] train_acc: 0.532 train_loss_sup: 1.597
[GPU0] epochs: [80/100] train_acc: 0.528 train_loss_sup: 1.596
[GPU0] Test Accuracy at epoch: 80: 0.45
[GPU0] epochs: [81/100] train_acc: 0.529 train_loss_sup: 1.593
[GPU0] epochs: [82/100] train_acc: 0.534 train_loss_sup: 1.590
[GPU0] epochs: [83/100] train_acc: 0.534 train_loss_sup: 1.590
[GPU0] epochs: [84/100] train_acc: 0.534 train_loss_sup: 1.587
[GPU0] epochs: [85/100] train_acc: 0.534 train_loss_sup: 1.588
[GPU0] epochs: [86/100] train_acc: 0.533 train_loss_sup: 1.584
[GPU0] epochs: [87/100] train_acc: 0.533 train_loss_sup: 1.581
[GPU0] epochs: [88/100] train_acc: 0.535 train_loss_sup: 1.582
[GPU0] epochs: [89/100] train_acc: 0.535 train_loss_sup: 1.579
[GPU0] epochs: [90/100] train_acc: 0.533 train_loss_sup: 1.582
[GPU0] Test Accuracy at epoch: 90: 0.453
[GPU0] epochs: [91/100] train_acc: 0.535 train_loss_sup: 1.579
[GPU0] epochs: [92/100] train_acc: 0.540 train_loss_sup: 1.576
[GPU0] epochs: [93/100] train_acc: 0.536 train_loss_sup: 1.573
[GPU0] epochs: [94/100] train_acc: 0.536 train_loss_sup: 1.575
[GPU0] epochs: [95/100] train_acc: 0.532 train_loss_sup: 1.575
[GPU0] epochs: [96/100] train_acc: 0.537 train_loss_sup: 1.574
[GPU0] epochs: [97/100] train_acc: 0.537 train_loss_sup: 1.570
[GPU0] epochs: [98/100] train_acc: 0.537 train_loss_sup: 1.570
[GPU0] epochs: [99/100] train_acc: 0.538 train_loss_sup: 1.569
[GPU0] epochs: [100/100] train_acc: 0.536 train_loss_sup: 1.571
[GPU0] Final Test Accuracy: 0.46
LR: 0.100 | WD: 0.000100 | Cosine: False | test Acc: 0.460%
===> using linear mlp
Scheduler: None
MLP: MLP(
  (mlp): Linear(in_features=512, out_features=10, bias=True)
)
[GPU0] Test Accuracy at epoch: 0: 0.275
[GPU0] epochs: [1/100] train_acc: 0.214 train_loss_sup: 2.288
[GPU0] epochs: [2/100] train_acc: 0.367 train_loss_sup: 2.254
[GPU0] epochs: [3/100] train_acc: 0.412 train_loss_sup: 2.221
[GPU0] epochs: [4/100] train_acc: 0.453 train_loss_sup: 2.190
[GPU0] epochs: [5/100] train_acc: 0.455 train_loss_sup: 2.160
[GPU0] epochs: [6/100] train_acc: 0.457 train_loss_sup: 2.132
[GPU0] epochs: [7/100] train_acc: 0.466 train_loss_sup: 2.104
[GPU0] epochs: [8/100] train_acc: 0.471 train_loss_sup: 2.077
[GPU0] epochs: [9/100] train_acc: 0.475 train_loss_sup: 2.053
[GPU0] epochs: [10/100] train_acc: 0.482 train_loss_sup: 2.030
[GPU0] Test Accuracy at epoch: 10: 0.36
[GPU0] epochs: [11/100] train_acc: 0.486 train_loss_sup: 2.009
[GPU0] epochs: [12/100] train_acc: 0.491 train_loss_sup: 1.987
[GPU0] epochs: [13/100] train_acc: 0.494 train_loss_sup: 1.967
[GPU0] epochs: [14/100] train_acc: 0.491 train_loss_sup: 1.947
[GPU0] epochs: [15/100] train_acc: 0.494 train_loss_sup: 1.930
[GPU0] epochs: [16/100] train_acc: 0.495 train_loss_sup: 1.912
[GPU0] epochs: [17/100] train_acc: 0.500 train_loss_sup: 1.895
[GPU0] epochs: [18/100] train_acc: 0.501 train_loss_sup: 1.877
[GPU0] epochs: [19/100] train_acc: 0.499 train_loss_sup: 1.863
[GPU0] epochs: [20/100] train_acc: 0.502 train_loss_sup: 1.848
[GPU0] Test Accuracy at epoch: 20: 0.387
[GPU0] epochs: [21/100] train_acc: 0.499 train_loss_sup: 1.833
[GPU0] epochs: [22/100] train_acc: 0.505 train_loss_sup: 1.820
[GPU0] epochs: [23/100] train_acc: 0.505 train_loss_sup: 1.807
[GPU0] epochs: [24/100] train_acc: 0.508 train_loss_sup: 1.794
[GPU0] epochs: [25/100] train_acc: 0.508 train_loss_sup: 1.783
[GPU0] epochs: [26/100] train_acc: 0.509 train_loss_sup: 1.772
[GPU0] epochs: [27/100] train_acc: 0.507 train_loss_sup: 1.759
[GPU0] epochs: [28/100] train_acc: 0.511 train_loss_sup: 1.749
[GPU0] epochs: [29/100] train_acc: 0.513 train_loss_sup: 1.737
[GPU0] epochs: [30/100] train_acc: 0.513 train_loss_sup: 1.729
[GPU0] Test Accuracy at epoch: 30: 0.401
[GPU0] epochs: [31/100] train_acc: 0.511 train_loss_sup: 1.719
[GPU0] epochs: [32/100] train_acc: 0.510 train_loss_sup: 1.711
[GPU0] epochs: [33/100] train_acc: 0.515 train_loss_sup: 1.702
[GPU0] epochs: [34/100] train_acc: 0.516 train_loss_sup: 1.694
[GPU0] epochs: [35/100] train_acc: 0.518 train_loss_sup: 1.686
[GPU0] epochs: [36/100] train_acc: 0.518 train_loss_sup: 1.678
[GPU0] epochs: [37/100] train_acc: 0.518 train_loss_sup: 1.669
[GPU0] epochs: [38/100] train_acc: 0.517 train_loss_sup: 1.663
[GPU0] epochs: [39/100] train_acc: 0.517 train_loss_sup: 1.653
[GPU0] epochs: [40/100] train_acc: 0.517 train_loss_sup: 1.651
[GPU0] Test Accuracy at epoch: 40: 0.419
[GPU0] epochs: [41/100] train_acc: 0.520 train_loss_sup: 1.637
[GPU0] epochs: [42/100] train_acc: 0.522 train_loss_sup: 1.633
[GPU0] epochs: [43/100] train_acc: 0.523 train_loss_sup: 1.627
[GPU0] epochs: [44/100] train_acc: 0.521 train_loss_sup: 1.622
[GPU0] epochs: [45/100] train_acc: 0.522 train_loss_sup: 1.616
[GPU0] epochs: [46/100] train_acc: 0.520 train_loss_sup: 1.611
[GPU0] epochs: [47/100] train_acc: 0.521 train_loss_sup: 1.605
[GPU0] epochs: [48/100] train_acc: 0.525 train_loss_sup: 1.597
[GPU0] epochs: [49/100] train_acc: 0.523 train_loss_sup: 1.592
[GPU0] epochs: [50/100] train_acc: 0.526 train_loss_sup: 1.588
[GPU0] Test Accuracy at epoch: 50: 0.437
[GPU0] epochs: [51/100] train_acc: 0.527 train_loss_sup: 1.582
[GPU0] epochs: [52/100] train_acc: 0.526 train_loss_sup: 1.577
[GPU0] epochs: [53/100] train_acc: 0.527 train_loss_sup: 1.572
[GPU0] epochs: [54/100] train_acc: 0.527 train_loss_sup: 1.567
[GPU0] epochs: [55/100] train_acc: 0.529 train_loss_sup: 1.562
[GPU0] epochs: [56/100] train_acc: 0.526 train_loss_sup: 1.559
[GPU0] epochs: [57/100] train_acc: 0.529 train_loss_sup: 1.554
[GPU0] epochs: [58/100] train_acc: 0.527 train_loss_sup: 1.552
[GPU0] epochs: [59/100] train_acc: 0.531 train_loss_sup: 1.544
[GPU0] epochs: [60/100] train_acc: 0.531 train_loss_sup: 1.542
[GPU0] Test Accuracy at epoch: 60: 0.441
[GPU0] epochs: [61/100] train_acc: 0.534 train_loss_sup: 1.536
[GPU0] epochs: [62/100] train_acc: 0.529 train_loss_sup: 1.539
[GPU0] epochs: [63/100] train_acc: 0.532 train_loss_sup: 1.531
[GPU0] epochs: [64/100] train_acc: 0.533 train_loss_sup: 1.524
[GPU0] epochs: [65/100] train_acc: 0.534 train_loss_sup: 1.522
[GPU0] epochs: [66/100] train_acc: 0.536 train_loss_sup: 1.520
[GPU0] epochs: [67/100] train_acc: 0.534 train_loss_sup: 1.514
[GPU0] epochs: [68/100] train_acc: 0.533 train_loss_sup: 1.511
[GPU0] epochs: [69/100] train_acc: 0.535 train_loss_sup: 1.509
[GPU0] epochs: [70/100] train_acc: 0.534 train_loss_sup: 1.505
[GPU0] Test Accuracy at epoch: 70: 0.454
[GPU0] epochs: [71/100] train_acc: 0.536 train_loss_sup: 1.500
[GPU0] epochs: [72/100] train_acc: 0.536 train_loss_sup: 1.498
[GPU0] epochs: [73/100] train_acc: 0.537 train_loss_sup: 1.493
[GPU0] epochs: [74/100] train_acc: 0.539 train_loss_sup: 1.490
[GPU0] epochs: [75/100] train_acc: 0.539 train_loss_sup: 1.489
[GPU0] epochs: [76/100] train_acc: 0.537 train_loss_sup: 1.487
[GPU0] epochs: [77/100] train_acc: 0.541 train_loss_sup: 1.483
[GPU0] epochs: [78/100] train_acc: 0.540 train_loss_sup: 1.479
[GPU0] epochs: [79/100] train_acc: 0.539 train_loss_sup: 1.477
[GPU0] epochs: [80/100] train_acc: 0.537 train_loss_sup: 1.476
[GPU0] Test Accuracy at epoch: 80: 0.458
[GPU0] epochs: [81/100] train_acc: 0.538 train_loss_sup: 1.473
[GPU0] epochs: [82/100] train_acc: 0.539 train_loss_sup: 1.470
[GPU0] epochs: [83/100] train_acc: 0.537 train_loss_sup: 1.471
[GPU0] epochs: [84/100] train_acc: 0.542 train_loss_sup: 1.462
[GPU0] epochs: [85/100] train_acc: 0.542 train_loss_sup: 1.462
[GPU0] epochs: [86/100] train_acc: 0.544 train_loss_sup: 1.462
[GPU0] epochs: [87/100] train_acc: 0.541 train_loss_sup: 1.457
[GPU0] epochs: [88/100] train_acc: 0.541 train_loss_sup: 1.456
[GPU0] epochs: [89/100] train_acc: 0.540 train_loss_sup: 1.453
[GPU0] epochs: [90/100] train_acc: 0.545 train_loss_sup: 1.447
[GPU0] Test Accuracy at epoch: 90: 0.466
[GPU0] epochs: [91/100] train_acc: 0.543 train_loss_sup: 1.448
[GPU0] epochs: [92/100] train_acc: 0.542 train_loss_sup: 1.448
[GPU0] epochs: [93/100] train_acc: 0.542 train_loss_sup: 1.444
[GPU0] epochs: [94/100] train_acc: 0.547 train_loss_sup: 1.439
[GPU0] epochs: [95/100] train_acc: 0.549 train_loss_sup: 1.434
[GPU0] epochs: [96/100] train_acc: 0.543 train_loss_sup: 1.439
[GPU0] epochs: [97/100] train_acc: 0.544 train_loss_sup: 1.434
[GPU0] epochs: [98/100] train_acc: 0.548 train_loss_sup: 1.430
[GPU0] epochs: [99/100] train_acc: 0.546 train_loss_sup: 1.431
[GPU0] epochs: [100/100] train_acc: 0.548 train_loss_sup: 1.429
[GPU0] Final Test Accuracy: 0.474
LR: 0.100 | WD: 0.000000 | Cosine: False | test Acc: 0.474%
===> using linear mlp
Scheduler: None
MLP: MLP(
  (mlp): Linear(in_features=512, out_features=10, bias=True)
)
[GPU0] Test Accuracy at epoch: 0: 0.252
[GPU0] epochs: [1/100] train_acc: 0.305 train_loss_sup: 2.177
[GPU0] epochs: [2/100] train_acc: 0.458 train_loss_sup: 1.939
[GPU0] epochs: [3/100] train_acc: 0.492 train_loss_sup: 1.788
[GPU0] epochs: [4/100] train_acc: 0.505 train_loss_sup: 1.690
[GPU0] epochs: [5/100] train_acc: 0.514 train_loss_sup: 1.621
[GPU0] epochs: [6/100] train_acc: 0.514 train_loss_sup: 1.569
[GPU0] epochs: [7/100] train_acc: 0.526 train_loss_sup: 1.528
[GPU0] epochs: [8/100] train_acc: 0.530 train_loss_sup: 1.493
[GPU0] epochs: [9/100] train_acc: 0.536 train_loss_sup: 1.465
[GPU0] epochs: [10/100] train_acc: 0.539 train_loss_sup: 1.444
[GPU0] Test Accuracy at epoch: 10: 0.478
[GPU0] epochs: [11/100] train_acc: 0.540 train_loss_sup: 1.425
[GPU0] epochs: [12/100] train_acc: 0.546 train_loss_sup: 1.407
[GPU0] epochs: [13/100] train_acc: 0.547 train_loss_sup: 1.394
[GPU0] epochs: [14/100] train_acc: 0.553 train_loss_sup: 1.377
[GPU0] epochs: [15/100] train_acc: 0.554 train_loss_sup: 1.363
[GPU0] epochs: [16/100] train_acc: 0.559 train_loss_sup: 1.352
[GPU0] epochs: [17/100] train_acc: 0.557 train_loss_sup: 1.347
[GPU0] epochs: [18/100] train_acc: 0.561 train_loss_sup: 1.333
[GPU0] epochs: [19/100] train_acc: 0.562 train_loss_sup: 1.328
[GPU0] epochs: [20/100] train_acc: 0.566 train_loss_sup: 1.317
[GPU0] Test Accuracy at epoch: 20: 0.518
[GPU0] epochs: [21/100] train_acc: 0.565 train_loss_sup: 1.308
[GPU0] epochs: [22/100] train_acc: 0.569 train_loss_sup: 1.305
[GPU0] epochs: [23/100] train_acc: 0.572 train_loss_sup: 1.298
[GPU0] epochs: [24/100] train_acc: 0.572 train_loss_sup: 1.291
[GPU0] epochs: [25/100] train_acc: 0.575 train_loss_sup: 1.287
[GPU0] epochs: [26/100] train_acc: 0.576 train_loss_sup: 1.286
[GPU0] epochs: [27/100] train_acc: 0.575 train_loss_sup: 1.277
[GPU0] epochs: [28/100] train_acc: 0.578 train_loss_sup: 1.272
[GPU0] epochs: [29/100] train_acc: 0.578 train_loss_sup: 1.271
[GPU0] epochs: [30/100] train_acc: 0.580 train_loss_sup: 1.262
[GPU0] Test Accuracy at epoch: 30: 0.541
[GPU0] epochs: [31/100] train_acc: 0.582 train_loss_sup: 1.260
[GPU0] epochs: [32/100] train_acc: 0.581 train_loss_sup: 1.259
[GPU0] epochs: [33/100] train_acc: 0.584 train_loss_sup: 1.252
[GPU0] epochs: [34/100] train_acc: 0.584 train_loss_sup: 1.245
[GPU0] epochs: [35/100] train_acc: 0.583 train_loss_sup: 1.248
[GPU0] epochs: [36/100] train_acc: 0.585 train_loss_sup: 1.243
[GPU0] epochs: [37/100] train_acc: 0.584 train_loss_sup: 1.240
[GPU0] epochs: [38/100] train_acc: 0.585 train_loss_sup: 1.236
[GPU0] epochs: [39/100] train_acc: 0.588 train_loss_sup: 1.232
[GPU0] epochs: [40/100] train_acc: 0.588 train_loss_sup: 1.229
[GPU0] Test Accuracy at epoch: 40: 0.549
[GPU0] epochs: [41/100] train_acc: 0.590 train_loss_sup: 1.225
[GPU0] epochs: [42/100] train_acc: 0.591 train_loss_sup: 1.225
[GPU0] epochs: [43/100] train_acc: 0.590 train_loss_sup: 1.224
[GPU0] epochs: [44/100] train_acc: 0.588 train_loss_sup: 1.224
[GPU0] epochs: [45/100] train_acc: 0.594 train_loss_sup: 1.212
[GPU0] epochs: [46/100] train_acc: 0.594 train_loss_sup: 1.213
[GPU0] epochs: [47/100] train_acc: 0.595 train_loss_sup: 1.216
[GPU0] epochs: [48/100] train_acc: 0.593 train_loss_sup: 1.209
[GPU0] epochs: [49/100] train_acc: 0.596 train_loss_sup: 1.204
[GPU0] epochs: [50/100] train_acc: 0.595 train_loss_sup: 1.203
[GPU0] Test Accuracy at epoch: 50: 0.56
[GPU0] epochs: [51/100] train_acc: 0.597 train_loss_sup: 1.204
[GPU0] epochs: [52/100] train_acc: 0.593 train_loss_sup: 1.207
[GPU0] epochs: [53/100] train_acc: 0.597 train_loss_sup: 1.198
[GPU0] epochs: [54/100] train_acc: 0.599 train_loss_sup: 1.201
[GPU0] epochs: [55/100] train_acc: 0.597 train_loss_sup: 1.196
[GPU0] epochs: [56/100] train_acc: 0.598 train_loss_sup: 1.196
[GPU0] epochs: [57/100] train_acc: 0.602 train_loss_sup: 1.188
[GPU0] epochs: [58/100] train_acc: 0.600 train_loss_sup: 1.194
[GPU0] epochs: [59/100] train_acc: 0.600 train_loss_sup: 1.191
[GPU0] epochs: [60/100] train_acc: 0.601 train_loss_sup: 1.191
[GPU0] Test Accuracy at epoch: 60: 0.579
[GPU0] epochs: [61/100] train_acc: 0.601 train_loss_sup: 1.185
[GPU0] epochs: [62/100] train_acc: 0.602 train_loss_sup: 1.188
[GPU0] epochs: [63/100] train_acc: 0.601 train_loss_sup: 1.184
[GPU0] epochs: [64/100] train_acc: 0.601 train_loss_sup: 1.184
[GPU0] epochs: [65/100] train_acc: 0.605 train_loss_sup: 1.180
[GPU0] epochs: [66/100] train_acc: 0.601 train_loss_sup: 1.182
[GPU0] epochs: [67/100] train_acc: 0.603 train_loss_sup: 1.185
[GPU0] epochs: [68/100] train_acc: 0.603 train_loss_sup: 1.180
[GPU0] epochs: [69/100] train_acc: 0.605 train_loss_sup: 1.178
[GPU0] epochs: [70/100] train_acc: 0.604 train_loss_sup: 1.175
[GPU0] Test Accuracy at epoch: 70: 0.574
[GPU0] epochs: [71/100] train_acc: 0.605 train_loss_sup: 1.176
[GPU0] epochs: [72/100] train_acc: 0.603 train_loss_sup: 1.181
[GPU0] epochs: [73/100] train_acc: 0.608 train_loss_sup: 1.169
[GPU0] epochs: [74/100] train_acc: 0.606 train_loss_sup: 1.169
[GPU0] epochs: [75/100] train_acc: 0.606 train_loss_sup: 1.169
[GPU0] epochs: [76/100] train_acc: 0.608 train_loss_sup: 1.166
[GPU0] epochs: [77/100] train_acc: 0.607 train_loss_sup: 1.165
[GPU0] epochs: [78/100] train_acc: 0.607 train_loss_sup: 1.166
[GPU0] epochs: [79/100] train_acc: 0.607 train_loss_sup: 1.167
[GPU0] epochs: [80/100] train_acc: 0.609 train_loss_sup: 1.163
[GPU0] Test Accuracy at epoch: 80: 0.6
[GPU0] epochs: [81/100] train_acc: 0.610 train_loss_sup: 1.159
[GPU0] epochs: [82/100] train_acc: 0.607 train_loss_sup: 1.161
[GPU0] epochs: [83/100] train_acc: 0.609 train_loss_sup: 1.155
[GPU0] epochs: [84/100] train_acc: 0.609 train_loss_sup: 1.161
[GPU0] epochs: [85/100] train_acc: 0.608 train_loss_sup: 1.162
[GPU0] epochs: [86/100] train_acc: 0.610 train_loss_sup: 1.156
[GPU0] epochs: [87/100] train_acc: 0.608 train_loss_sup: 1.157
[GPU0] epochs: [88/100] train_acc: 0.613 train_loss_sup: 1.154
[GPU0] epochs: [89/100] train_acc: 0.607 train_loss_sup: 1.161
[GPU0] epochs: [90/100] train_acc: 0.611 train_loss_sup: 1.156
[GPU0] Test Accuracy at epoch: 90: 0.584
[GPU0] epochs: [91/100] train_acc: 0.610 train_loss_sup: 1.155
[GPU0] epochs: [92/100] train_acc: 0.614 train_loss_sup: 1.153
[GPU0] epochs: [93/100] train_acc: 0.614 train_loss_sup: 1.149
[GPU0] epochs: [94/100] train_acc: 0.613 train_loss_sup: 1.154
[GPU0] epochs: [95/100] train_acc: 0.614 train_loss_sup: 1.148
[GPU0] epochs: [96/100] train_acc: 0.610 train_loss_sup: 1.152
[GPU0] epochs: [97/100] train_acc: 0.611 train_loss_sup: 1.152
[GPU0] epochs: [98/100] train_acc: 0.615 train_loss_sup: 1.145
[GPU0] epochs: [99/100] train_acc: 0.610 train_loss_sup: 1.150
[GPU0] epochs: [100/100] train_acc: 0.612 train_loss_sup: 1.147
[GPU0] Final Test Accuracy: 0.59
LR: 1.000 | WD: 0.000001 | Cosine: False | test Acc: 0.600%
===> using linear mlp
Scheduler: None
MLP: MLP(
  (mlp): Linear(in_features=512, out_features=10, bias=True)
)
[GPU0] Test Accuracy at epoch: 0: 0.315
[GPU0] epochs: [1/100] train_acc: 0.306 train_loss_sup: 2.177
[GPU0] epochs: [2/100] train_acc: 0.454 train_loss_sup: 1.956
[GPU0] epochs: [3/100] train_acc: 0.490 train_loss_sup: 1.825
[GPU0] epochs: [4/100] train_acc: 0.496 train_loss_sup: 1.743
[GPU0] epochs: [5/100] train_acc: 0.507 train_loss_sup: 1.690
[GPU0] epochs: [6/100] train_acc: 0.514 train_loss_sup: 1.653
[GPU0] epochs: [7/100] train_acc: 0.515 train_loss_sup: 1.625
[GPU0] epochs: [8/100] train_acc: 0.526 train_loss_sup: 1.602
[GPU0] epochs: [9/100] train_acc: 0.527 train_loss_sup: 1.587
[GPU0] epochs: [10/100] train_acc: 0.528 train_loss_sup: 1.575
[GPU0] Test Accuracy at epoch: 10: 0.451
[GPU0] epochs: [11/100] train_acc: 0.533 train_loss_sup: 1.567
[GPU0] epochs: [12/100] train_acc: 0.531 train_loss_sup: 1.560
[GPU0] epochs: [13/100] train_acc: 0.535 train_loss_sup: 1.551
[GPU0] epochs: [14/100] train_acc: 0.539 train_loss_sup: 1.545
[GPU0] epochs: [15/100] train_acc: 0.541 train_loss_sup: 1.542
[GPU0] epochs: [16/100] train_acc: 0.536 train_loss_sup: 1.538
[GPU0] epochs: [17/100] train_acc: 0.542 train_loss_sup: 1.535
[GPU0] epochs: [18/100] train_acc: 0.541 train_loss_sup: 1.533
[GPU0] epochs: [19/100] train_acc: 0.543 train_loss_sup: 1.532
[GPU0] epochs: [20/100] train_acc: 0.541 train_loss_sup: 1.530
[GPU0] Test Accuracy at epoch: 20: 0.474
[GPU0] epochs: [21/100] train_acc: 0.544 train_loss_sup: 1.526
[GPU0] epochs: [22/100] train_acc: 0.544 train_loss_sup: 1.525
[GPU0] epochs: [23/100] train_acc: 0.546 train_loss_sup: 1.525
[GPU0] epochs: [24/100] train_acc: 0.544 train_loss_sup: 1.525
[GPU0] epochs: [25/100] train_acc: 0.546 train_loss_sup: 1.525
[GPU0] epochs: [26/100] train_acc: 0.544 train_loss_sup: 1.525
[GPU0] epochs: [27/100] train_acc: 0.544 train_loss_sup: 1.523
[GPU0] epochs: [28/100] train_acc: 0.546 train_loss_sup: 1.521
[GPU0] epochs: [29/100] train_acc: 0.544 train_loss_sup: 1.520
[GPU0] epochs: [30/100] train_acc: 0.544 train_loss_sup: 1.522
[GPU0] Test Accuracy at epoch: 30: 0.469
[GPU0] epochs: [31/100] train_acc: 0.546 train_loss_sup: 1.522
[GPU0] epochs: [32/100] train_acc: 0.546 train_loss_sup: 1.520
[GPU0] epochs: [33/100] train_acc: 0.547 train_loss_sup: 1.523
[GPU0] epochs: [34/100] train_acc: 0.544 train_loss_sup: 1.522
[GPU0] epochs: [35/100] train_acc: 0.546 train_loss_sup: 1.521
[GPU0] epochs: [36/100] train_acc: 0.544 train_loss_sup: 1.522
[GPU0] epochs: [37/100] train_acc: 0.546 train_loss_sup: 1.522
[GPU0] epochs: [38/100] train_acc: 0.544 train_loss_sup: 1.521
[GPU0] epochs: [39/100] train_acc: 0.546 train_loss_sup: 1.521
[GPU0] epochs: [40/100] train_acc: 0.546 train_loss_sup: 1.521
[GPU0] Test Accuracy at epoch: 40: 0.474
[GPU0] epochs: [41/100] train_acc: 0.544 train_loss_sup: 1.521
[GPU0] epochs: [42/100] train_acc: 0.547 train_loss_sup: 1.518
[GPU0] epochs: [43/100] train_acc: 0.547 train_loss_sup: 1.522
[GPU0] epochs: [44/100] train_acc: 0.548 train_loss_sup: 1.516
[GPU0] epochs: [45/100] train_acc: 0.547 train_loss_sup: 1.522
[GPU0] epochs: [46/100] train_acc: 0.546 train_loss_sup: 1.522
[GPU0] epochs: [47/100] train_acc: 0.546 train_loss_sup: 1.521
[GPU0] epochs: [48/100] train_acc: 0.549 train_loss_sup: 1.520
[GPU0] epochs: [49/100] train_acc: 0.548 train_loss_sup: 1.520
[GPU0] epochs: [50/100] train_acc: 0.544 train_loss_sup: 1.522
[GPU0] Test Accuracy at epoch: 50: 0.491
[GPU0] epochs: [51/100] train_acc: 0.545 train_loss_sup: 1.520
[GPU0] epochs: [52/100] train_acc: 0.546 train_loss_sup: 1.518
[GPU0] epochs: [53/100] train_acc: 0.546 train_loss_sup: 1.521
[GPU0] epochs: [54/100] train_acc: 0.546 train_loss_sup: 1.520
[GPU0] epochs: [55/100] train_acc: 0.544 train_loss_sup: 1.521
[GPU0] epochs: [56/100] train_acc: 0.545 train_loss_sup: 1.521
[GPU0] epochs: [57/100] train_acc: 0.545 train_loss_sup: 1.520
[GPU0] epochs: [58/100] train_acc: 0.549 train_loss_sup: 1.517
[GPU0] epochs: [59/100] train_acc: 0.547 train_loss_sup: 1.517
[GPU0] epochs: [60/100] train_acc: 0.546 train_loss_sup: 1.518
[GPU0] Test Accuracy at epoch: 60: 0.485
[GPU0] epochs: [61/100] train_acc: 0.547 train_loss_sup: 1.518
[GPU0] epochs: [62/100] train_acc: 0.546 train_loss_sup: 1.523
[GPU0] epochs: [63/100] train_acc: 0.545 train_loss_sup: 1.521
[GPU0] epochs: [64/100] train_acc: 0.548 train_loss_sup: 1.520
[GPU0] epochs: [65/100] train_acc: 0.548 train_loss_sup: 1.518
[GPU0] epochs: [66/100] train_acc: 0.540 train_loss_sup: 1.524
[GPU0] epochs: [67/100] train_acc: 0.546 train_loss_sup: 1.519
[GPU0] epochs: [68/100] train_acc: 0.548 train_loss_sup: 1.519
[GPU0] epochs: [69/100] train_acc: 0.548 train_loss_sup: 1.519
[GPU0] epochs: [70/100] train_acc: 0.548 train_loss_sup: 1.520
[GPU0] Test Accuracy at epoch: 70: 0.458
[GPU0] epochs: [71/100] train_acc: 0.546 train_loss_sup: 1.521
[GPU0] epochs: [72/100] train_acc: 0.545 train_loss_sup: 1.520
[GPU0] epochs: [73/100] train_acc: 0.546 train_loss_sup: 1.521
[GPU0] epochs: [74/100] train_acc: 0.545 train_loss_sup: 1.522
[GPU0] epochs: [75/100] train_acc: 0.547 train_loss_sup: 1.520
[GPU0] epochs: [76/100] train_acc: 0.544 train_loss_sup: 1.522
[GPU0] epochs: [77/100] train_acc: 0.548 train_loss_sup: 1.519
[GPU0] epochs: [78/100] train_acc: 0.545 train_loss_sup: 1.521
[GPU0] epochs: [79/100] train_acc: 0.547 train_loss_sup: 1.519
[GPU0] epochs: [80/100] train_acc: 0.550 train_loss_sup: 1.516
[GPU0] Test Accuracy at epoch: 80: 0.472
[GPU0] epochs: [81/100] train_acc: 0.543 train_loss_sup: 1.523
[GPU0] epochs: [82/100] train_acc: 0.548 train_loss_sup: 1.520
[GPU0] epochs: [83/100] train_acc: 0.545 train_loss_sup: 1.522
[GPU0] epochs: [84/100] train_acc: 0.545 train_loss_sup: 1.520
[GPU0] epochs: [85/100] train_acc: 0.545 train_loss_sup: 1.521
[GPU0] epochs: [86/100] train_acc: 0.546 train_loss_sup: 1.520
[GPU0] epochs: [87/100] train_acc: 0.546 train_loss_sup: 1.517
[GPU0] epochs: [88/100] train_acc: 0.546 train_loss_sup: 1.519
[GPU0] epochs: [89/100] train_acc: 0.547 train_loss_sup: 1.518
[GPU0] epochs: [90/100] train_acc: 0.547 train_loss_sup: 1.520
[GPU0] Test Accuracy at epoch: 90: 0.475
[GPU0] epochs: [91/100] train_acc: 0.548 train_loss_sup: 1.518
[GPU0] epochs: [92/100] train_acc: 0.548 train_loss_sup: 1.517
[GPU0] epochs: [93/100] train_acc: 0.546 train_loss_sup: 1.520
[GPU0] epochs: [94/100] train_acc: 0.543 train_loss_sup: 1.521
[GPU0] epochs: [95/100] train_acc: 0.548 train_loss_sup: 1.518
[GPU0] epochs: [96/100] train_acc: 0.546 train_loss_sup: 1.515
[GPU0] epochs: [97/100] train_acc: 0.544 train_loss_sup: 1.517
[GPU0] epochs: [98/100] train_acc: 0.547 train_loss_sup: 1.520
[GPU0] epochs: [99/100] train_acc: 0.546 train_loss_sup: 1.520
[GPU0] epochs: [100/100] train_acc: 0.548 train_loss_sup: 1.520
[GPU0] Final Test Accuracy: 0.496
LR: 1.000 | WD: 0.000100 | Cosine: False | test Acc: 0.496%
===> using linear mlp
Scheduler: None
MLP: MLP(
  (mlp): Linear(in_features=512, out_features=10, bias=True)
)
[GPU0] Test Accuracy at epoch: 0: 0.289
[GPU0] epochs: [1/100] train_acc: 0.309 train_loss_sup: 2.175
[GPU0] epochs: [2/100] train_acc: 0.462 train_loss_sup: 1.937
[GPU0] epochs: [3/100] train_acc: 0.494 train_loss_sup: 1.788
[GPU0] epochs: [4/100] train_acc: 0.504 train_loss_sup: 1.687
[GPU0] epochs: [5/100] train_acc: 0.509 train_loss_sup: 1.620
[GPU0] epochs: [6/100] train_acc: 0.521 train_loss_sup: 1.563
[GPU0] epochs: [7/100] train_acc: 0.523 train_loss_sup: 1.524
[GPU0] epochs: [8/100] train_acc: 0.527 train_loss_sup: 1.495
[GPU0] epochs: [9/100] train_acc: 0.534 train_loss_sup: 1.463
[GPU0] epochs: [10/100] train_acc: 0.538 train_loss_sup: 1.443
[GPU0] Test Accuracy at epoch: 10: 0.487
[GPU0] epochs: [11/100] train_acc: 0.543 train_loss_sup: 1.423
[GPU0] epochs: [12/100] train_acc: 0.550 train_loss_sup: 1.404
[GPU0] epochs: [13/100] train_acc: 0.548 train_loss_sup: 1.391
[GPU0] epochs: [14/100] train_acc: 0.553 train_loss_sup: 1.374
[GPU0] epochs: [15/100] train_acc: 0.556 train_loss_sup: 1.361
[GPU0] epochs: [16/100] train_acc: 0.557 train_loss_sup: 1.353
[GPU0] epochs: [17/100] train_acc: 0.558 train_loss_sup: 1.341
[GPU0] epochs: [18/100] train_acc: 0.562 train_loss_sup: 1.334
[GPU0] epochs: [19/100] train_acc: 0.565 train_loss_sup: 1.326
[GPU0] epochs: [20/100] train_acc: 0.566 train_loss_sup: 1.315
[GPU0] Test Accuracy at epoch: 20: 0.515
[GPU0] epochs: [21/100] train_acc: 0.567 train_loss_sup: 1.313
[GPU0] epochs: [22/100] train_acc: 0.572 train_loss_sup: 1.300
[GPU0] epochs: [23/100] train_acc: 0.568 train_loss_sup: 1.298
[GPU0] epochs: [24/100] train_acc: 0.574 train_loss_sup: 1.293
[GPU0] epochs: [25/100] train_acc: 0.574 train_loss_sup: 1.284
[GPU0] epochs: [26/100] train_acc: 0.576 train_loss_sup: 1.281
[GPU0] epochs: [27/100] train_acc: 0.578 train_loss_sup: 1.272
[GPU0] epochs: [28/100] train_acc: 0.577 train_loss_sup: 1.271
[GPU0] epochs: [29/100] train_acc: 0.580 train_loss_sup: 1.264
[GPU0] epochs: [30/100] train_acc: 0.580 train_loss_sup: 1.261
[GPU0] Test Accuracy at epoch: 30: 0.534
[GPU0] epochs: [31/100] train_acc: 0.580 train_loss_sup: 1.257
[GPU0] epochs: [32/100] train_acc: 0.581 train_loss_sup: 1.249
[GPU0] epochs: [33/100] train_acc: 0.584 train_loss_sup: 1.251
[GPU0] epochs: [34/100] train_acc: 0.584 train_loss_sup: 1.247
[GPU0] epochs: [35/100] train_acc: 0.585 train_loss_sup: 1.238
[GPU0] epochs: [36/100] train_acc: 0.588 train_loss_sup: 1.238
[GPU0] epochs: [37/100] train_acc: 0.586 train_loss_sup: 1.243
[GPU0] epochs: [38/100] train_acc: 0.586 train_loss_sup: 1.240
[GPU0] epochs: [39/100] train_acc: 0.586 train_loss_sup: 1.230
[GPU0] epochs: [40/100] train_acc: 0.589 train_loss_sup: 1.227
[GPU0] Test Accuracy at epoch: 40: 0.552
[GPU0] epochs: [41/100] train_acc: 0.590 train_loss_sup: 1.226
[GPU0] epochs: [42/100] train_acc: 0.590 train_loss_sup: 1.221
[GPU0] epochs: [43/100] train_acc: 0.590 train_loss_sup: 1.222
[GPU0] epochs: [44/100] train_acc: 0.591 train_loss_sup: 1.220
[GPU0] epochs: [45/100] train_acc: 0.593 train_loss_sup: 1.215
[GPU0] epochs: [46/100] train_acc: 0.595 train_loss_sup: 1.207
[GPU0] epochs: [47/100] train_acc: 0.596 train_loss_sup: 1.207
[GPU0] epochs: [48/100] train_acc: 0.594 train_loss_sup: 1.206
[GPU0] epochs: [49/100] train_acc: 0.594 train_loss_sup: 1.201
[GPU0] epochs: [50/100] train_acc: 0.597 train_loss_sup: 1.201
[GPU0] Test Accuracy at epoch: 50: 0.571
[GPU0] epochs: [51/100] train_acc: 0.597 train_loss_sup: 1.200
[GPU0] epochs: [52/100] train_acc: 0.599 train_loss_sup: 1.199
[GPU0] epochs: [53/100] train_acc: 0.599 train_loss_sup: 1.197
[GPU0] epochs: [54/100] train_acc: 0.598 train_loss_sup: 1.194
[GPU0] epochs: [55/100] train_acc: 0.598 train_loss_sup: 1.192
[GPU0] epochs: [56/100] train_acc: 0.598 train_loss_sup: 1.191
[GPU0] epochs: [57/100] train_acc: 0.599 train_loss_sup: 1.191
[GPU0] epochs: [58/100] train_acc: 0.602 train_loss_sup: 1.183
[GPU0] epochs: [59/100] train_acc: 0.602 train_loss_sup: 1.187
[GPU0] epochs: [60/100] train_acc: 0.604 train_loss_sup: 1.181
[GPU0] Test Accuracy at epoch: 60: 0.569
[GPU0] epochs: [61/100] train_acc: 0.600 train_loss_sup: 1.182
[GPU0] epochs: [62/100] train_acc: 0.607 train_loss_sup: 1.177
[GPU0] epochs: [63/100] train_acc: 0.603 train_loss_sup: 1.180
[GPU0] epochs: [64/100] train_acc: 0.605 train_loss_sup: 1.175
[GPU0] epochs: [65/100] train_acc: 0.603 train_loss_sup: 1.179
[GPU0] epochs: [66/100] train_acc: 0.602 train_loss_sup: 1.178
[GPU0] epochs: [67/100] train_acc: 0.605 train_loss_sup: 1.169
[GPU0] epochs: [68/100] train_acc: 0.603 train_loss_sup: 1.177
[GPU0] epochs: [69/100] train_acc: 0.604 train_loss_sup: 1.171
[GPU0] epochs: [70/100] train_acc: 0.606 train_loss_sup: 1.170
[GPU0] Test Accuracy at epoch: 70: 0.592
[GPU0] epochs: [71/100] train_acc: 0.605 train_loss_sup: 1.168
[GPU0] epochs: [72/100] train_acc: 0.609 train_loss_sup: 1.169
[GPU0] epochs: [73/100] train_acc: 0.606 train_loss_sup: 1.167
[GPU0] epochs: [74/100] train_acc: 0.604 train_loss_sup: 1.166
[GPU0] epochs: [75/100] train_acc: 0.606 train_loss_sup: 1.167
[GPU0] epochs: [76/100] train_acc: 0.607 train_loss_sup: 1.161
[GPU0] epochs: [77/100] train_acc: 0.609 train_loss_sup: 1.158
[GPU0] epochs: [78/100] train_acc: 0.607 train_loss_sup: 1.163
[GPU0] epochs: [79/100] train_acc: 0.609 train_loss_sup: 1.156
[GPU0] epochs: [80/100] train_acc: 0.608 train_loss_sup: 1.160
[GPU0] Test Accuracy at epoch: 80: 0.602
[GPU0] epochs: [81/100] train_acc: 0.611 train_loss_sup: 1.156
[GPU0] epochs: [82/100] train_acc: 0.608 train_loss_sup: 1.159
[GPU0] epochs: [83/100] train_acc: 0.608 train_loss_sup: 1.153
[GPU0] epochs: [84/100] train_acc: 0.611 train_loss_sup: 1.153
[GPU0] epochs: [85/100] train_acc: 0.612 train_loss_sup: 1.153
[GPU0] epochs: [86/100] train_acc: 0.612 train_loss_sup: 1.154
[GPU0] epochs: [87/100] train_acc: 0.612 train_loss_sup: 1.153
[GPU0] epochs: [88/100] train_acc: 0.612 train_loss_sup: 1.151
[GPU0] epochs: [89/100] train_acc: 0.613 train_loss_sup: 1.151
[GPU0] epochs: [90/100] train_acc: 0.614 train_loss_sup: 1.147
[GPU0] Test Accuracy at epoch: 90: 0.598
[GPU0] epochs: [91/100] train_acc: 0.614 train_loss_sup: 1.144
[GPU0] epochs: [92/100] train_acc: 0.613 train_loss_sup: 1.141
[GPU0] epochs: [93/100] train_acc: 0.613 train_loss_sup: 1.146
[GPU0] epochs: [94/100] train_acc: 0.614 train_loss_sup: 1.143
[GPU0] epochs: [95/100] train_acc: 0.612 train_loss_sup: 1.145
[GPU0] epochs: [96/100] train_acc: 0.615 train_loss_sup: 1.142
[GPU0] epochs: [97/100] train_acc: 0.615 train_loss_sup: 1.140
[GPU0] epochs: [98/100] train_acc: 0.615 train_loss_sup: 1.139
[GPU0] epochs: [99/100] train_acc: 0.616 train_loss_sup: 1.137
[GPU0] epochs: [100/100] train_acc: 0.616 train_loss_sup: 1.140
[GPU0] Final Test Accuracy: 0.594
LR: 1.000 | WD: 0.000000 | Cosine: False | test Acc: 0.602%
===> using linear mlp
Scheduler: <torch.optim.lr_scheduler.CosineAnnealingLR object at 0x73d2af89a440>
MLP: MLP(
  (mlp): Linear(in_features=512, out_features=10, bias=True)
)
[GPU0] Test Accuracy at epoch: 0: 0.355
[GPU0] epochs: [1/100] train_acc: 0.198 train_loss_sup: 2.288
[GPU0] epochs: [2/100] train_acc: 0.370 train_loss_sup: 2.254
[GPU0] epochs: [3/100] train_acc: 0.406 train_loss_sup: 2.222
[GPU0] epochs: [4/100] train_acc: 0.448 train_loss_sup: 2.190
[GPU0] epochs: [5/100] train_acc: 0.447 train_loss_sup: 2.160
[GPU0] epochs: [6/100] train_acc: 0.464 train_loss_sup: 2.133
[GPU0] epochs: [7/100] train_acc: 0.472 train_loss_sup: 2.105
[GPU0] epochs: [8/100] train_acc: 0.473 train_loss_sup: 2.080
[GPU0] epochs: [9/100] train_acc: 0.485 train_loss_sup: 2.056
[GPU0] epochs: [10/100] train_acc: 0.482 train_loss_sup: 2.032
[GPU0] Test Accuracy at epoch: 10: 0.341
[GPU0] epochs: [11/100] train_acc: 0.490 train_loss_sup: 2.010
[GPU0] epochs: [12/100] train_acc: 0.481 train_loss_sup: 1.991
[GPU0] epochs: [13/100] train_acc: 0.491 train_loss_sup: 1.971
[GPU0] epochs: [14/100] train_acc: 0.497 train_loss_sup: 1.950
[GPU0] epochs: [15/100] train_acc: 0.491 train_loss_sup: 1.936
[GPU0] epochs: [16/100] train_acc: 0.496 train_loss_sup: 1.917
[GPU0] epochs: [17/100] train_acc: 0.496 train_loss_sup: 1.900
[GPU0] epochs: [18/100] train_acc: 0.500 train_loss_sup: 1.886
[GPU0] epochs: [19/100] train_acc: 0.501 train_loss_sup: 1.871
[GPU0] epochs: [20/100] train_acc: 0.499 train_loss_sup: 1.856
[GPU0] Test Accuracy at epoch: 20: 0.392
[GPU0] epochs: [21/100] train_acc: 0.504 train_loss_sup: 1.843
[GPU0] epochs: [22/100] train_acc: 0.505 train_loss_sup: 1.831
[GPU0] epochs: [23/100] train_acc: 0.502 train_loss_sup: 1.819
[GPU0] epochs: [24/100] train_acc: 0.504 train_loss_sup: 1.809
[GPU0] epochs: [25/100] train_acc: 0.506 train_loss_sup: 1.798
[GPU0] epochs: [26/100] train_acc: 0.508 train_loss_sup: 1.788
[GPU0] epochs: [27/100] train_acc: 0.508 train_loss_sup: 1.776
[GPU0] epochs: [28/100] train_acc: 0.510 train_loss_sup: 1.766
[GPU0] epochs: [29/100] train_acc: 0.511 train_loss_sup: 1.756
[GPU0] epochs: [30/100] train_acc: 0.509 train_loss_sup: 1.750
[GPU0] Test Accuracy at epoch: 30: 0.411
[GPU0] epochs: [31/100] train_acc: 0.513 train_loss_sup: 1.743
[GPU0] epochs: [32/100] train_acc: 0.513 train_loss_sup: 1.733
[GPU0] epochs: [33/100] train_acc: 0.512 train_loss_sup: 1.727
[GPU0] epochs: [34/100] train_acc: 0.516 train_loss_sup: 1.717
[GPU0] epochs: [35/100] train_acc: 0.515 train_loss_sup: 1.712
[GPU0] epochs: [36/100] train_acc: 0.513 train_loss_sup: 1.705
[GPU0] epochs: [37/100] train_acc: 0.515 train_loss_sup: 1.700
[GPU0] epochs: [38/100] train_acc: 0.515 train_loss_sup: 1.693
[GPU0] epochs: [39/100] train_acc: 0.516 train_loss_sup: 1.688
[GPU0] epochs: [40/100] train_acc: 0.519 train_loss_sup: 1.679
[GPU0] Test Accuracy at epoch: 40: 0.424
[GPU0] epochs: [41/100] train_acc: 0.518 train_loss_sup: 1.677
[GPU0] epochs: [42/100] train_acc: 0.520 train_loss_sup: 1.671
[GPU0] epochs: [43/100] train_acc: 0.518 train_loss_sup: 1.667
[GPU0] epochs: [44/100] train_acc: 0.519 train_loss_sup: 1.661
[GPU0] epochs: [45/100] train_acc: 0.518 train_loss_sup: 1.658
[GPU0] epochs: [46/100] train_acc: 0.522 train_loss_sup: 1.653
[GPU0] epochs: [47/100] train_acc: 0.521 train_loss_sup: 1.649
[GPU0] epochs: [48/100] train_acc: 0.520 train_loss_sup: 1.645
[GPU0] epochs: [49/100] train_acc: 0.522 train_loss_sup: 1.642
[GPU0] epochs: [50/100] train_acc: 0.521 train_loss_sup: 1.640
[GPU0] Test Accuracy at epoch: 50: 0.428
[GPU0] epochs: [51/100] train_acc: 0.521 train_loss_sup: 1.635
[GPU0] epochs: [52/100] train_acc: 0.520 train_loss_sup: 1.632
[GPU0] epochs: [53/100] train_acc: 0.520 train_loss_sup: 1.629
[GPU0] epochs: [54/100] train_acc: 0.524 train_loss_sup: 1.626
[GPU0] epochs: [55/100] train_acc: 0.522 train_loss_sup: 1.622
[GPU0] epochs: [56/100] train_acc: 0.522 train_loss_sup: 1.621
[GPU0] epochs: [57/100] train_acc: 0.521 train_loss_sup: 1.617
[GPU0] epochs: [58/100] train_acc: 0.523 train_loss_sup: 1.614
[GPU0] epochs: [59/100] train_acc: 0.524 train_loss_sup: 1.615
[GPU0] epochs: [60/100] train_acc: 0.523 train_loss_sup: 1.613
[GPU0] Test Accuracy at epoch: 60: 0.433
[GPU0] epochs: [61/100] train_acc: 0.523 train_loss_sup: 1.610
[GPU0] epochs: [62/100] train_acc: 0.523 train_loss_sup: 1.607
[GPU0] epochs: [63/100] train_acc: 0.524 train_loss_sup: 1.606
[GPU0] epochs: [64/100] train_acc: 0.523 train_loss_sup: 1.602
[GPU0] epochs: [65/100] train_acc: 0.525 train_loss_sup: 1.602
[GPU0] epochs: [66/100] train_acc: 0.525 train_loss_sup: 1.601
[GPU0] epochs: [67/100] train_acc: 0.525 train_loss_sup: 1.600
[GPU0] epochs: [68/100] train_acc: 0.526 train_loss_sup: 1.597
[GPU0] epochs: [69/100] train_acc: 0.527 train_loss_sup: 1.597
[GPU0] epochs: [70/100] train_acc: 0.526 train_loss_sup: 1.593
[GPU0] Test Accuracy at epoch: 70: 0.432
[GPU0] epochs: [71/100] train_acc: 0.526 train_loss_sup: 1.593
[GPU0] epochs: [72/100] train_acc: 0.523 train_loss_sup: 1.593
[GPU0] epochs: [73/100] train_acc: 0.525 train_loss_sup: 1.593
[GPU0] epochs: [74/100] train_acc: 0.526 train_loss_sup: 1.591
[GPU0] epochs: [75/100] train_acc: 0.526 train_loss_sup: 1.591
[GPU0] epochs: [76/100] train_acc: 0.527 train_loss_sup: 1.588
[GPU0] epochs: [77/100] train_acc: 0.525 train_loss_sup: 1.589
[GPU0] epochs: [78/100] train_acc: 0.525 train_loss_sup: 1.589
[GPU0] epochs: [79/100] train_acc: 0.525 train_loss_sup: 1.588
[GPU0] epochs: [80/100] train_acc: 0.524 train_loss_sup: 1.587
[GPU0] Test Accuracy at epoch: 80: 0.433
[GPU0] epochs: [81/100] train_acc: 0.526 train_loss_sup: 1.587
[GPU0] epochs: [82/100] train_acc: 0.528 train_loss_sup: 1.584
[GPU0] epochs: [83/100] train_acc: 0.527 train_loss_sup: 1.584
[GPU0] epochs: [84/100] train_acc: 0.526 train_loss_sup: 1.586
[GPU0] epochs: [85/100] train_acc: 0.529 train_loss_sup: 1.582
[GPU0] epochs: [86/100] train_acc: 0.527 train_loss_sup: 1.584
[GPU0] epochs: [87/100] train_acc: 0.527 train_loss_sup: 1.586
[GPU0] epochs: [88/100] train_acc: 0.527 train_loss_sup: 1.583
[GPU0] epochs: [89/100] train_acc: 0.526 train_loss_sup: 1.585
[GPU0] epochs: [90/100] train_acc: 0.525 train_loss_sup: 1.581
[GPU0] Test Accuracy at epoch: 90: 0.433
[GPU0] epochs: [91/100] train_acc: 0.526 train_loss_sup: 1.582
[GPU0] epochs: [92/100] train_acc: 0.525 train_loss_sup: 1.584
[GPU0] epochs: [93/100] train_acc: 0.527 train_loss_sup: 1.580
[GPU0] epochs: [94/100] train_acc: 0.526 train_loss_sup: 1.583
[GPU0] epochs: [95/100] train_acc: 0.526 train_loss_sup: 1.583
[GPU0] epochs: [96/100] train_acc: 0.528 train_loss_sup: 1.580
[GPU0] epochs: [97/100] train_acc: 0.527 train_loss_sup: 1.582
[GPU0] epochs: [98/100] train_acc: 0.527 train_loss_sup: 1.583
[GPU0] epochs: [99/100] train_acc: 0.526 train_loss_sup: 1.583
[GPU0] epochs: [100/100] train_acc: 0.528 train_loss_sup: 1.579
[GPU0] Final Test Accuracy: 0.434
LR: 0.100 | WD: 0.000001 | Cosine: True | test Acc: 0.434%
===> using linear mlp
Scheduler: <torch.optim.lr_scheduler.CosineAnnealingLR object at 0x73d2a6883250>
MLP: MLP(
  (mlp): Linear(in_features=512, out_features=10, bias=True)
)
[GPU0] Test Accuracy at epoch: 0: 0.363
[GPU0] epochs: [1/100] train_acc: 0.200 train_loss_sup: 2.289
[GPU0] epochs: [2/100] train_acc: 0.350 train_loss_sup: 2.255
[GPU0] epochs: [3/100] train_acc: 0.423 train_loss_sup: 2.223
[GPU0] epochs: [4/100] train_acc: 0.442 train_loss_sup: 2.192
[GPU0] epochs: [5/100] train_acc: 0.442 train_loss_sup: 2.164
[GPU0] epochs: [6/100] train_acc: 0.467 train_loss_sup: 2.136
[GPU0] epochs: [7/100] train_acc: 0.469 train_loss_sup: 2.110
[GPU0] epochs: [8/100] train_acc: 0.471 train_loss_sup: 2.087
[GPU0] epochs: [9/100] train_acc: 0.478 train_loss_sup: 2.065
[GPU0] epochs: [10/100] train_acc: 0.482 train_loss_sup: 2.042
[GPU0] Test Accuracy at epoch: 10: 0.384
[GPU0] epochs: [11/100] train_acc: 0.485 train_loss_sup: 2.022
[GPU0] epochs: [12/100] train_acc: 0.489 train_loss_sup: 2.003
[GPU0] epochs: [13/100] train_acc: 0.489 train_loss_sup: 1.986
[GPU0] epochs: [14/100] train_acc: 0.490 train_loss_sup: 1.969
[GPU0] epochs: [15/100] train_acc: 0.492 train_loss_sup: 1.953
[GPU0] epochs: [16/100] train_acc: 0.496 train_loss_sup: 1.938
[GPU0] epochs: [17/100] train_acc: 0.495 train_loss_sup: 1.925
[GPU0] epochs: [18/100] train_acc: 0.497 train_loss_sup: 1.910
[GPU0] epochs: [19/100] train_acc: 0.498 train_loss_sup: 1.897
[GPU0] epochs: [20/100] train_acc: 0.500 train_loss_sup: 1.886
[GPU0] Test Accuracy at epoch: 20: 0.383
[GPU0] epochs: [21/100] train_acc: 0.502 train_loss_sup: 1.874
[GPU0] epochs: [22/100] train_acc: 0.503 train_loss_sup: 1.864
[GPU0] epochs: [23/100] train_acc: 0.504 train_loss_sup: 1.853
[GPU0] epochs: [24/100] train_acc: 0.504 train_loss_sup: 1.845
[GPU0] epochs: [25/100] train_acc: 0.507 train_loss_sup: 1.833
[GPU0] epochs: [26/100] train_acc: 0.508 train_loss_sup: 1.825
[GPU0] epochs: [27/100] train_acc: 0.506 train_loss_sup: 1.817
[GPU0] epochs: [28/100] train_acc: 0.508 train_loss_sup: 1.809
[GPU0] epochs: [29/100] train_acc: 0.509 train_loss_sup: 1.799
[GPU0] epochs: [30/100] train_acc: 0.509 train_loss_sup: 1.795
[GPU0] Test Accuracy at epoch: 30: 0.381
[GPU0] epochs: [31/100] train_acc: 0.509 train_loss_sup: 1.788
[GPU0] epochs: [32/100] train_acc: 0.511 train_loss_sup: 1.779
[GPU0] epochs: [33/100] train_acc: 0.508 train_loss_sup: 1.776
[GPU0] epochs: [34/100] train_acc: 0.509 train_loss_sup: 1.770
[GPU0] epochs: [35/100] train_acc: 0.513 train_loss_sup: 1.764
[GPU0] epochs: [36/100] train_acc: 0.514 train_loss_sup: 1.758
[GPU0] epochs: [37/100] train_acc: 0.513 train_loss_sup: 1.753
[GPU0] epochs: [38/100] train_acc: 0.514 train_loss_sup: 1.749
[GPU0] epochs: [39/100] train_acc: 0.515 train_loss_sup: 1.744
[GPU0] epochs: [40/100] train_acc: 0.511 train_loss_sup: 1.740
[GPU0] Test Accuracy at epoch: 40: 0.413
[GPU0] epochs: [41/100] train_acc: 0.515 train_loss_sup: 1.736
[GPU0] epochs: [42/100] train_acc: 0.514 train_loss_sup: 1.731
[GPU0] epochs: [43/100] train_acc: 0.515 train_loss_sup: 1.729
[GPU0] epochs: [44/100] train_acc: 0.514 train_loss_sup: 1.728
[GPU0] epochs: [45/100] train_acc: 0.515 train_loss_sup: 1.721
[GPU0] epochs: [46/100] train_acc: 0.516 train_loss_sup: 1.717
[GPU0] epochs: [47/100] train_acc: 0.518 train_loss_sup: 1.714
[GPU0] epochs: [48/100] train_acc: 0.519 train_loss_sup: 1.710
[GPU0] epochs: [49/100] train_acc: 0.518 train_loss_sup: 1.707
[GPU0] epochs: [50/100] train_acc: 0.518 train_loss_sup: 1.707
[GPU0] Test Accuracy at epoch: 50: 0.418
[GPU0] epochs: [51/100] train_acc: 0.518 train_loss_sup: 1.706
[GPU0] epochs: [52/100] train_acc: 0.520 train_loss_sup: 1.700
[GPU0] epochs: [53/100] train_acc: 0.521 train_loss_sup: 1.700
[GPU0] epochs: [54/100] train_acc: 0.518 train_loss_sup: 1.698
[GPU0] epochs: [55/100] train_acc: 0.517 train_loss_sup: 1.695
[GPU0] epochs: [56/100] train_acc: 0.523 train_loss_sup: 1.691
[GPU0] epochs: [57/100] train_acc: 0.519 train_loss_sup: 1.689
[GPU0] epochs: [58/100] train_acc: 0.520 train_loss_sup: 1.689
[GPU0] epochs: [59/100] train_acc: 0.522 train_loss_sup: 1.685
[GPU0] epochs: [60/100] train_acc: 0.518 train_loss_sup: 1.685
[GPU0] Test Accuracy at epoch: 60: 0.424
[GPU0] epochs: [61/100] train_acc: 0.520 train_loss_sup: 1.682
[GPU0] epochs: [62/100] train_acc: 0.522 train_loss_sup: 1.683
[GPU0] epochs: [63/100] train_acc: 0.520 train_loss_sup: 1.682
[GPU0] epochs: [64/100] train_acc: 0.522 train_loss_sup: 1.679
[GPU0] epochs: [65/100] train_acc: 0.520 train_loss_sup: 1.680
[GPU0] epochs: [66/100] train_acc: 0.522 train_loss_sup: 1.676
[GPU0] epochs: [67/100] train_acc: 0.521 train_loss_sup: 1.676
[GPU0] epochs: [68/100] train_acc: 0.521 train_loss_sup: 1.676
[GPU0] epochs: [69/100] train_acc: 0.522 train_loss_sup: 1.674
[GPU0] epochs: [70/100] train_acc: 0.522 train_loss_sup: 1.673
[GPU0] Test Accuracy at epoch: 70: 0.424
[GPU0] epochs: [71/100] train_acc: 0.522 train_loss_sup: 1.673
[GPU0] epochs: [72/100] train_acc: 0.521 train_loss_sup: 1.672
[GPU0] epochs: [73/100] train_acc: 0.523 train_loss_sup: 1.671
[GPU0] epochs: [74/100] train_acc: 0.521 train_loss_sup: 1.671
[GPU0] epochs: [75/100] train_acc: 0.523 train_loss_sup: 1.668
[GPU0] epochs: [76/100] train_acc: 0.522 train_loss_sup: 1.670
[GPU0] epochs: [77/100] train_acc: 0.526 train_loss_sup: 1.668
[GPU0] epochs: [78/100] train_acc: 0.527 train_loss_sup: 1.666
[GPU0] epochs: [79/100] train_acc: 0.522 train_loss_sup: 1.668
[GPU0] epochs: [80/100] train_acc: 0.526 train_loss_sup: 1.665
[GPU0] Test Accuracy at epoch: 80: 0.426
[GPU0] epochs: [81/100] train_acc: 0.523 train_loss_sup: 1.666
[GPU0] epochs: [82/100] train_acc: 0.524 train_loss_sup: 1.666
[GPU0] epochs: [83/100] train_acc: 0.525 train_loss_sup: 1.665
[GPU0] epochs: [84/100] train_acc: 0.522 train_loss_sup: 1.665
[GPU0] epochs: [85/100] train_acc: 0.525 train_loss_sup: 1.665
[GPU0] epochs: [86/100] train_acc: 0.522 train_loss_sup: 1.666
[GPU0] epochs: [87/100] train_acc: 0.524 train_loss_sup: 1.666
[GPU0] epochs: [88/100] train_acc: 0.524 train_loss_sup: 1.663
[GPU0] epochs: [89/100] train_acc: 0.521 train_loss_sup: 1.664
[GPU0] epochs: [90/100] train_acc: 0.520 train_loss_sup: 1.666
[GPU0] Test Accuracy at epoch: 90: 0.425
[GPU0] epochs: [91/100] train_acc: 0.521 train_loss_sup: 1.665
[GPU0] epochs: [92/100] train_acc: 0.523 train_loss_sup: 1.664
[GPU0] epochs: [93/100] train_acc: 0.523 train_loss_sup: 1.665
[GPU0] epochs: [94/100] train_acc: 0.522 train_loss_sup: 1.664
[GPU0] epochs: [95/100] train_acc: 0.525 train_loss_sup: 1.664
[GPU0] epochs: [96/100] train_acc: 0.526 train_loss_sup: 1.665
[GPU0] epochs: [97/100] train_acc: 0.527 train_loss_sup: 1.662
[GPU0] epochs: [98/100] train_acc: 0.522 train_loss_sup: 1.664
[GPU0] epochs: [99/100] train_acc: 0.524 train_loss_sup: 1.665
[GPU0] epochs: [100/100] train_acc: 0.524 train_loss_sup: 1.662
[GPU0] Final Test Accuracy: 0.425
LR: 0.100 | WD: 0.000100 | Cosine: True | test Acc: 0.426%
===> using linear mlp
Scheduler: <torch.optim.lr_scheduler.CosineAnnealingLR object at 0x73d2af89a440>
MLP: MLP(
  (mlp): Linear(in_features=512, out_features=10, bias=True)
)
[GPU0] Test Accuracy at epoch: 0: 0.16
[GPU0] epochs: [1/100] train_acc: 0.227 train_loss_sup: 2.288
[GPU0] epochs: [2/100] train_acc: 0.350 train_loss_sup: 2.254
[GPU0] epochs: [3/100] train_acc: 0.386 train_loss_sup: 2.221
[GPU0] epochs: [4/100] train_acc: 0.450 train_loss_sup: 2.190
[GPU0] epochs: [5/100] train_acc: 0.454 train_loss_sup: 2.160
[GPU0] epochs: [6/100] train_acc: 0.468 train_loss_sup: 2.132
[GPU0] epochs: [7/100] train_acc: 0.467 train_loss_sup: 2.105
[GPU0] epochs: [8/100] train_acc: 0.474 train_loss_sup: 2.079
[GPU0] epochs: [9/100] train_acc: 0.478 train_loss_sup: 2.056
[GPU0] epochs: [10/100] train_acc: 0.483 train_loss_sup: 2.032
[GPU0] Test Accuracy at epoch: 10: 0.366
[GPU0] epochs: [11/100] train_acc: 0.485 train_loss_sup: 2.011
[GPU0] epochs: [12/100] train_acc: 0.487 train_loss_sup: 1.990
[GPU0] epochs: [13/100] train_acc: 0.487 train_loss_sup: 1.970
[GPU0] epochs: [14/100] train_acc: 0.492 train_loss_sup: 1.951
[GPU0] epochs: [15/100] train_acc: 0.495 train_loss_sup: 1.933
[GPU0] epochs: [16/100] train_acc: 0.494 train_loss_sup: 1.916
[GPU0] epochs: [17/100] train_acc: 0.499 train_loss_sup: 1.901
[GPU0] epochs: [18/100] train_acc: 0.498 train_loss_sup: 1.885
[GPU0] epochs: [19/100] train_acc: 0.499 train_loss_sup: 1.871
[GPU0] epochs: [20/100] train_acc: 0.501 train_loss_sup: 1.856
[GPU0] Test Accuracy at epoch: 20: 0.383
[GPU0] epochs: [21/100] train_acc: 0.502 train_loss_sup: 1.845
[GPU0] epochs: [22/100] train_acc: 0.502 train_loss_sup: 1.831
[GPU0] epochs: [23/100] train_acc: 0.505 train_loss_sup: 1.818
[GPU0] epochs: [24/100] train_acc: 0.507 train_loss_sup: 1.808
[GPU0] epochs: [25/100] train_acc: 0.508 train_loss_sup: 1.797
[GPU0] epochs: [26/100] train_acc: 0.507 train_loss_sup: 1.785
[GPU0] epochs: [27/100] train_acc: 0.508 train_loss_sup: 1.777
[GPU0] epochs: [28/100] train_acc: 0.510 train_loss_sup: 1.767
[GPU0] epochs: [29/100] train_acc: 0.511 train_loss_sup: 1.759
[GPU0] epochs: [30/100] train_acc: 0.512 train_loss_sup: 1.749
[GPU0] Test Accuracy at epoch: 30: 0.408
[GPU0] epochs: [31/100] train_acc: 0.510 train_loss_sup: 1.740
[GPU0] epochs: [32/100] train_acc: 0.511 train_loss_sup: 1.733
[GPU0] epochs: [33/100] train_acc: 0.513 train_loss_sup: 1.727
[GPU0] epochs: [34/100] train_acc: 0.513 train_loss_sup: 1.719
[GPU0] epochs: [35/100] train_acc: 0.512 train_loss_sup: 1.713
[GPU0] epochs: [36/100] train_acc: 0.516 train_loss_sup: 1.706
[GPU0] epochs: [37/100] train_acc: 0.517 train_loss_sup: 1.696
[GPU0] epochs: [38/100] train_acc: 0.515 train_loss_sup: 1.693
[GPU0] epochs: [39/100] train_acc: 0.518 train_loss_sup: 1.687
[GPU0] epochs: [40/100] train_acc: 0.517 train_loss_sup: 1.681
[GPU0] Test Accuracy at epoch: 40: 0.415
[GPU0] epochs: [41/100] train_acc: 0.522 train_loss_sup: 1.674
[GPU0] epochs: [42/100] train_acc: 0.519 train_loss_sup: 1.670
[GPU0] epochs: [43/100] train_acc: 0.517 train_loss_sup: 1.665
[GPU0] epochs: [44/100] train_acc: 0.518 train_loss_sup: 1.663
[GPU0] epochs: [45/100] train_acc: 0.518 train_loss_sup: 1.658
[GPU0] epochs: [46/100] train_acc: 0.518 train_loss_sup: 1.654
[GPU0] epochs: [47/100] train_acc: 0.520 train_loss_sup: 1.649
[GPU0] epochs: [48/100] train_acc: 0.522 train_loss_sup: 1.645
[GPU0] epochs: [49/100] train_acc: 0.522 train_loss_sup: 1.641
[GPU0] epochs: [50/100] train_acc: 0.521 train_loss_sup: 1.640
[GPU0] Test Accuracy at epoch: 50: 0.424
[GPU0] epochs: [51/100] train_acc: 0.521 train_loss_sup: 1.636
[GPU0] epochs: [52/100] train_acc: 0.520 train_loss_sup: 1.632
[GPU0] epochs: [53/100] train_acc: 0.522 train_loss_sup: 1.629
[GPU0] epochs: [54/100] train_acc: 0.523 train_loss_sup: 1.626
[GPU0] epochs: [55/100] train_acc: 0.523 train_loss_sup: 1.622
[GPU0] epochs: [56/100] train_acc: 0.522 train_loss_sup: 1.621
[GPU0] epochs: [57/100] train_acc: 0.527 train_loss_sup: 1.616
[GPU0] epochs: [58/100] train_acc: 0.525 train_loss_sup: 1.614
[GPU0] epochs: [59/100] train_acc: 0.524 train_loss_sup: 1.614
[GPU0] epochs: [60/100] train_acc: 0.524 train_loss_sup: 1.609
[GPU0] Test Accuracy at epoch: 60: 0.432
[GPU0] epochs: [61/100] train_acc: 0.526 train_loss_sup: 1.609
[GPU0] epochs: [62/100] train_acc: 0.522 train_loss_sup: 1.609
[GPU0] epochs: [63/100] train_acc: 0.523 train_loss_sup: 1.605
[GPU0] epochs: [64/100] train_acc: 0.526 train_loss_sup: 1.602
[GPU0] epochs: [65/100] train_acc: 0.525 train_loss_sup: 1.601
[GPU0] epochs: [66/100] train_acc: 0.523 train_loss_sup: 1.601
[GPU0] epochs: [67/100] train_acc: 0.524 train_loss_sup: 1.599
[GPU0] epochs: [68/100] train_acc: 0.526 train_loss_sup: 1.598
[GPU0] epochs: [69/100] train_acc: 0.527 train_loss_sup: 1.597
[GPU0] epochs: [70/100] train_acc: 0.527 train_loss_sup: 1.595
[GPU0] Test Accuracy at epoch: 70: 0.433
[GPU0] epochs: [71/100] train_acc: 0.525 train_loss_sup: 1.595
[GPU0] epochs: [72/100] train_acc: 0.527 train_loss_sup: 1.591
[GPU0] epochs: [73/100] train_acc: 0.527 train_loss_sup: 1.593
[GPU0] epochs: [74/100] train_acc: 0.527 train_loss_sup: 1.589
[GPU0] epochs: [75/100] train_acc: 0.527 train_loss_sup: 1.589
[GPU0] epochs: [76/100] train_acc: 0.526 train_loss_sup: 1.589
[GPU0] epochs: [77/100] train_acc: 0.527 train_loss_sup: 1.587
[GPU0] epochs: [78/100] train_acc: 0.527 train_loss_sup: 1.588
[GPU0] epochs: [79/100] train_acc: 0.526 train_loss_sup: 1.587
[GPU0] epochs: [80/100] train_acc: 0.528 train_loss_sup: 1.584
[GPU0] Test Accuracy at epoch: 80: 0.434
[GPU0] epochs: [81/100] train_acc: 0.526 train_loss_sup: 1.589
[GPU0] epochs: [82/100] train_acc: 0.525 train_loss_sup: 1.587
[GPU0] epochs: [83/100] train_acc: 0.529 train_loss_sup: 1.584
[GPU0] epochs: [84/100] train_acc: 0.524 train_loss_sup: 1.586
[GPU0] epochs: [85/100] train_acc: 0.527 train_loss_sup: 1.583
[GPU0] epochs: [86/100] train_acc: 0.528 train_loss_sup: 1.581
[GPU0] epochs: [87/100] train_acc: 0.527 train_loss_sup: 1.583
[GPU0] epochs: [88/100] train_acc: 0.525 train_loss_sup: 1.582
[GPU0] epochs: [89/100] train_acc: 0.527 train_loss_sup: 1.583
[GPU0] epochs: [90/100] train_acc: 0.528 train_loss_sup: 1.583
[GPU0] Test Accuracy at epoch: 90: 0.434
[GPU0] epochs: [91/100] train_acc: 0.527 train_loss_sup: 1.583
[GPU0] epochs: [92/100] train_acc: 0.525 train_loss_sup: 1.583
[GPU0] epochs: [93/100] train_acc: 0.527 train_loss_sup: 1.581
[GPU0] epochs: [94/100] train_acc: 0.527 train_loss_sup: 1.584
[GPU0] epochs: [95/100] train_acc: 0.528 train_loss_sup: 1.582
[GPU0] epochs: [96/100] train_acc: 0.525 train_loss_sup: 1.582
[GPU0] epochs: [97/100] train_acc: 0.526 train_loss_sup: 1.584
[GPU0] epochs: [98/100] train_acc: 0.527 train_loss_sup: 1.585
[GPU0] epochs: [99/100] train_acc: 0.528 train_loss_sup: 1.581
[GPU0] epochs: [100/100] train_acc: 0.526 train_loss_sup: 1.584
[GPU0] Final Test Accuracy: 0.434
LR: 0.100 | WD: 0.000000 | Cosine: True | test Acc: 0.434%
===> using linear mlp
Scheduler: <torch.optim.lr_scheduler.CosineAnnealingLR object at 0x73d2a71ded70>
MLP: MLP(
  (mlp): Linear(in_features=512, out_features=10, bias=True)
)
[GPU0] Test Accuracy at epoch: 0: 0.296
[GPU0] epochs: [1/100] train_acc: 0.309 train_loss_sup: 2.176
[GPU0] epochs: [2/100] train_acc: 0.455 train_loss_sup: 1.939
[GPU0] epochs: [3/100] train_acc: 0.489 train_loss_sup: 1.790
[GPU0] epochs: [4/100] train_acc: 0.501 train_loss_sup: 1.690
[GPU0] epochs: [5/100] train_acc: 0.514 train_loss_sup: 1.618
[GPU0] epochs: [6/100] train_acc: 0.521 train_loss_sup: 1.564
[GPU0] epochs: [7/100] train_acc: 0.524 train_loss_sup: 1.525
[GPU0] epochs: [8/100] train_acc: 0.531 train_loss_sup: 1.496
[GPU0] epochs: [9/100] train_acc: 0.537 train_loss_sup: 1.464
[GPU0] epochs: [10/100] train_acc: 0.534 train_loss_sup: 1.449
[GPU0] Test Accuracy at epoch: 10: 0.47
[GPU0] epochs: [11/100] train_acc: 0.543 train_loss_sup: 1.427
[GPU0] epochs: [12/100] train_acc: 0.546 train_loss_sup: 1.406
[GPU0] epochs: [13/100] train_acc: 0.550 train_loss_sup: 1.394
[GPU0] epochs: [14/100] train_acc: 0.551 train_loss_sup: 1.380
[GPU0] epochs: [15/100] train_acc: 0.555 train_loss_sup: 1.366
[GPU0] epochs: [16/100] train_acc: 0.555 train_loss_sup: 1.359
[GPU0] epochs: [17/100] train_acc: 0.558 train_loss_sup: 1.348
[GPU0] epochs: [18/100] train_acc: 0.560 train_loss_sup: 1.335
[GPU0] epochs: [19/100] train_acc: 0.561 train_loss_sup: 1.333
[GPU0] epochs: [20/100] train_acc: 0.567 train_loss_sup: 1.322
[GPU0] Test Accuracy at epoch: 20: 0.515
[GPU0] epochs: [21/100] train_acc: 0.567 train_loss_sup: 1.318
[GPU0] epochs: [22/100] train_acc: 0.565 train_loss_sup: 1.315
[GPU0] epochs: [23/100] train_acc: 0.568 train_loss_sup: 1.303
[GPU0] epochs: [24/100] train_acc: 0.571 train_loss_sup: 1.300
[GPU0] epochs: [25/100] train_acc: 0.574 train_loss_sup: 1.293
[GPU0] epochs: [26/100] train_acc: 0.573 train_loss_sup: 1.290
[GPU0] epochs: [27/100] train_acc: 0.576 train_loss_sup: 1.279
[GPU0] epochs: [28/100] train_acc: 0.574 train_loss_sup: 1.278
[GPU0] epochs: [29/100] train_acc: 0.578 train_loss_sup: 1.277
[GPU0] epochs: [30/100] train_acc: 0.578 train_loss_sup: 1.269
[GPU0] Test Accuracy at epoch: 30: 0.534
[GPU0] epochs: [31/100] train_acc: 0.578 train_loss_sup: 1.267
[GPU0] epochs: [32/100] train_acc: 0.580 train_loss_sup: 1.261
[GPU0] epochs: [33/100] train_acc: 0.579 train_loss_sup: 1.264
[GPU0] epochs: [34/100] train_acc: 0.583 train_loss_sup: 1.259
[GPU0] epochs: [35/100] train_acc: 0.582 train_loss_sup: 1.254
[GPU0] epochs: [36/100] train_acc: 0.585 train_loss_sup: 1.250
[GPU0] epochs: [37/100] train_acc: 0.585 train_loss_sup: 1.250
[GPU0] epochs: [38/100] train_acc: 0.586 train_loss_sup: 1.247
[GPU0] epochs: [39/100] train_acc: 0.586 train_loss_sup: 1.245
[GPU0] epochs: [40/100] train_acc: 0.589 train_loss_sup: 1.238
[GPU0] Test Accuracy at epoch: 40: 0.553
[GPU0] epochs: [41/100] train_acc: 0.585 train_loss_sup: 1.243
[GPU0] epochs: [42/100] train_acc: 0.588 train_loss_sup: 1.237
[GPU0] epochs: [43/100] train_acc: 0.589 train_loss_sup: 1.234
[GPU0] epochs: [44/100] train_acc: 0.590 train_loss_sup: 1.232
[GPU0] epochs: [45/100] train_acc: 0.589 train_loss_sup: 1.231
[GPU0] epochs: [46/100] train_acc: 0.590 train_loss_sup: 1.229
[GPU0] epochs: [47/100] train_acc: 0.590 train_loss_sup: 1.232
[GPU0] epochs: [48/100] train_acc: 0.592 train_loss_sup: 1.229
[GPU0] epochs: [49/100] train_acc: 0.590 train_loss_sup: 1.224
[GPU0] epochs: [50/100] train_acc: 0.593 train_loss_sup: 1.224
[GPU0] Test Accuracy at epoch: 50: 0.553
[GPU0] epochs: [51/100] train_acc: 0.589 train_loss_sup: 1.229
[GPU0] epochs: [52/100] train_acc: 0.592 train_loss_sup: 1.223
[GPU0] epochs: [53/100] train_acc: 0.593 train_loss_sup: 1.223
[GPU0] epochs: [54/100] train_acc: 0.589 train_loss_sup: 1.225
[GPU0] epochs: [55/100] train_acc: 0.592 train_loss_sup: 1.221
[GPU0] epochs: [56/100] train_acc: 0.598 train_loss_sup: 1.214
[GPU0] epochs: [57/100] train_acc: 0.593 train_loss_sup: 1.217
[GPU0] epochs: [58/100] train_acc: 0.595 train_loss_sup: 1.212
[GPU0] epochs: [59/100] train_acc: 0.592 train_loss_sup: 1.215
[GPU0] epochs: [60/100] train_acc: 0.591 train_loss_sup: 1.212
[GPU0] Test Accuracy at epoch: 60: 0.558
[GPU0] epochs: [61/100] train_acc: 0.595 train_loss_sup: 1.211
[GPU0] epochs: [62/100] train_acc: 0.594 train_loss_sup: 1.215
[GPU0] epochs: [63/100] train_acc: 0.596 train_loss_sup: 1.211
[GPU0] epochs: [64/100] train_acc: 0.594 train_loss_sup: 1.210
[GPU0] epochs: [65/100] train_acc: 0.595 train_loss_sup: 1.212
[GPU0] epochs: [66/100] train_acc: 0.598 train_loss_sup: 1.207
[GPU0] epochs: [67/100] train_acc: 0.596 train_loss_sup: 1.212
[GPU0] epochs: [68/100] train_acc: 0.598 train_loss_sup: 1.207
[GPU0] epochs: [69/100] train_acc: 0.596 train_loss_sup: 1.210
[GPU0] epochs: [70/100] train_acc: 0.595 train_loss_sup: 1.209
[GPU0] Test Accuracy at epoch: 70: 0.56
[GPU0] epochs: [71/100] train_acc: 0.598 train_loss_sup: 1.207
[GPU0] epochs: [72/100] train_acc: 0.597 train_loss_sup: 1.206
[GPU0] epochs: [73/100] train_acc: 0.598 train_loss_sup: 1.203
[GPU0] epochs: [74/100] train_acc: 0.598 train_loss_sup: 1.202
[GPU0] epochs: [75/100] train_acc: 0.598 train_loss_sup: 1.202
[GPU0] epochs: [76/100] train_acc: 0.596 train_loss_sup: 1.203
[GPU0] epochs: [77/100] train_acc: 0.598 train_loss_sup: 1.207
[GPU0] epochs: [78/100] train_acc: 0.597 train_loss_sup: 1.207
[GPU0] epochs: [79/100] train_acc: 0.597 train_loss_sup: 1.208
[GPU0] epochs: [80/100] train_acc: 0.598 train_loss_sup: 1.204
[GPU0] Test Accuracy at epoch: 80: 0.569
[GPU0] epochs: [81/100] train_acc: 0.599 train_loss_sup: 1.201
[GPU0] epochs: [82/100] train_acc: 0.593 train_loss_sup: 1.207
[GPU0] epochs: [83/100] train_acc: 0.599 train_loss_sup: 1.201
[GPU0] epochs: [84/100] train_acc: 0.598 train_loss_sup: 1.204
[GPU0] epochs: [85/100] train_acc: 0.598 train_loss_sup: 1.202
[GPU0] epochs: [86/100] train_acc: 0.595 train_loss_sup: 1.208
[GPU0] epochs: [87/100] train_acc: 0.596 train_loss_sup: 1.201
[GPU0] epochs: [88/100] train_acc: 0.598 train_loss_sup: 1.201
[GPU0] epochs: [89/100] train_acc: 0.600 train_loss_sup: 1.203
[GPU0] epochs: [90/100] train_acc: 0.597 train_loss_sup: 1.201
[GPU0] Test Accuracy at epoch: 90: 0.567
[GPU0] epochs: [91/100] train_acc: 0.598 train_loss_sup: 1.202
[GPU0] epochs: [92/100] train_acc: 0.598 train_loss_sup: 1.202
[GPU0] epochs: [93/100] train_acc: 0.598 train_loss_sup: 1.203
[GPU0] epochs: [94/100] train_acc: 0.600 train_loss_sup: 1.203
[GPU0] epochs: [95/100] train_acc: 0.600 train_loss_sup: 1.198
[GPU0] epochs: [96/100] train_acc: 0.600 train_loss_sup: 1.204
[GPU0] epochs: [97/100] train_acc: 0.598 train_loss_sup: 1.201
[GPU0] epochs: [98/100] train_acc: 0.598 train_loss_sup: 1.201
[GPU0] epochs: [99/100] train_acc: 0.598 train_loss_sup: 1.201
[GPU0] epochs: [100/100] train_acc: 0.603 train_loss_sup: 1.200
[GPU0] Final Test Accuracy: 0.565
LR: 1.000 | WD: 0.000001 | Cosine: True | test Acc: 0.569%
===> using linear mlp
Scheduler: <torch.optim.lr_scheduler.CosineAnnealingLR object at 0x73d2af89a440>
MLP: MLP(
  (mlp): Linear(in_features=512, out_features=10, bias=True)
)
[GPU0] Test Accuracy at epoch: 0: 0.343
[GPU0] epochs: [1/100] train_acc: 0.300 train_loss_sup: 2.179
[GPU0] epochs: [2/100] train_acc: 0.458 train_loss_sup: 1.956
[GPU0] epochs: [3/100] train_acc: 0.483 train_loss_sup: 1.828
[GPU0] epochs: [4/100] train_acc: 0.497 train_loss_sup: 1.744
[GPU0] epochs: [5/100] train_acc: 0.507 train_loss_sup: 1.688
[GPU0] epochs: [6/100] train_acc: 0.515 train_loss_sup: 1.652
[GPU0] epochs: [7/100] train_acc: 0.520 train_loss_sup: 1.623
[GPU0] epochs: [8/100] train_acc: 0.524 train_loss_sup: 1.604
[GPU0] epochs: [9/100] train_acc: 0.525 train_loss_sup: 1.588
[GPU0] epochs: [10/100] train_acc: 0.529 train_loss_sup: 1.576
[GPU0] Test Accuracy at epoch: 10: 0.433
[GPU0] epochs: [11/100] train_acc: 0.531 train_loss_sup: 1.567
[GPU0] epochs: [12/100] train_acc: 0.530 train_loss_sup: 1.559
[GPU0] epochs: [13/100] train_acc: 0.534 train_loss_sup: 1.553
[GPU0] epochs: [14/100] train_acc: 0.541 train_loss_sup: 1.542
[GPU0] epochs: [15/100] train_acc: 0.537 train_loss_sup: 1.542
[GPU0] epochs: [16/100] train_acc: 0.537 train_loss_sup: 1.540
[GPU0] epochs: [17/100] train_acc: 0.540 train_loss_sup: 1.535
[GPU0] epochs: [18/100] train_acc: 0.540 train_loss_sup: 1.533
[GPU0] epochs: [19/100] train_acc: 0.543 train_loss_sup: 1.529
[GPU0] epochs: [20/100] train_acc: 0.544 train_loss_sup: 1.529
[GPU0] Test Accuracy at epoch: 20: 0.448
[GPU0] epochs: [21/100] train_acc: 0.541 train_loss_sup: 1.529
[GPU0] epochs: [22/100] train_acc: 0.546 train_loss_sup: 1.527
[GPU0] epochs: [23/100] train_acc: 0.543 train_loss_sup: 1.527
[GPU0] epochs: [24/100] train_acc: 0.542 train_loss_sup: 1.525
[GPU0] epochs: [25/100] train_acc: 0.548 train_loss_sup: 1.525
[GPU0] epochs: [26/100] train_acc: 0.547 train_loss_sup: 1.524
[GPU0] epochs: [27/100] train_acc: 0.543 train_loss_sup: 1.523
[GPU0] epochs: [28/100] train_acc: 0.550 train_loss_sup: 1.520
[GPU0] epochs: [29/100] train_acc: 0.548 train_loss_sup: 1.519
[GPU0] epochs: [30/100] train_acc: 0.550 train_loss_sup: 1.521
[GPU0] Test Accuracy at epoch: 30: 0.462
[GPU0] epochs: [31/100] train_acc: 0.547 train_loss_sup: 1.520
[GPU0] epochs: [32/100] train_acc: 0.545 train_loss_sup: 1.522
[GPU0] epochs: [33/100] train_acc: 0.545 train_loss_sup: 1.522
[GPU0] epochs: [34/100] train_acc: 0.549 train_loss_sup: 1.520
[GPU0] epochs: [35/100] train_acc: 0.549 train_loss_sup: 1.519
[GPU0] epochs: [36/100] train_acc: 0.550 train_loss_sup: 1.519
[GPU0] epochs: [37/100] train_acc: 0.548 train_loss_sup: 1.521
[GPU0] epochs: [38/100] train_acc: 0.547 train_loss_sup: 1.521
[GPU0] epochs: [39/100] train_acc: 0.549 train_loss_sup: 1.519
[GPU0] epochs: [40/100] train_acc: 0.550 train_loss_sup: 1.521
[GPU0] Test Accuracy at epoch: 40: 0.482
[GPU0] epochs: [41/100] train_acc: 0.550 train_loss_sup: 1.518
[GPU0] epochs: [42/100] train_acc: 0.551 train_loss_sup: 1.517
[GPU0] epochs: [43/100] train_acc: 0.546 train_loss_sup: 1.520
[GPU0] epochs: [44/100] train_acc: 0.548 train_loss_sup: 1.519
[GPU0] epochs: [45/100] train_acc: 0.552 train_loss_sup: 1.520
[GPU0] epochs: [46/100] train_acc: 0.549 train_loss_sup: 1.520
[GPU0] epochs: [47/100] train_acc: 0.550 train_loss_sup: 1.518
[GPU0] epochs: [48/100] train_acc: 0.551 train_loss_sup: 1.518
[GPU0] epochs: [49/100] train_acc: 0.548 train_loss_sup: 1.519
[GPU0] epochs: [50/100] train_acc: 0.552 train_loss_sup: 1.517
[GPU0] Test Accuracy at epoch: 50: 0.485
[GPU0] epochs: [51/100] train_acc: 0.550 train_loss_sup: 1.519
[GPU0] epochs: [52/100] train_acc: 0.552 train_loss_sup: 1.517
[GPU0] epochs: [53/100] train_acc: 0.552 train_loss_sup: 1.518
[GPU0] epochs: [54/100] train_acc: 0.547 train_loss_sup: 1.518
[GPU0] epochs: [55/100] train_acc: 0.549 train_loss_sup: 1.516
[GPU0] epochs: [56/100] train_acc: 0.550 train_loss_sup: 1.519
[GPU0] epochs: [57/100] train_acc: 0.547 train_loss_sup: 1.520
[GPU0] epochs: [58/100] train_acc: 0.552 train_loss_sup: 1.517
[GPU0] epochs: [59/100] train_acc: 0.551 train_loss_sup: 1.518
[GPU0] epochs: [60/100] train_acc: 0.551 train_loss_sup: 1.518
[GPU0] Test Accuracy at epoch: 60: 0.475
[GPU0] epochs: [61/100] train_acc: 0.552 train_loss_sup: 1.517
[GPU0] epochs: [62/100] train_acc: 0.551 train_loss_sup: 1.519
[GPU0] epochs: [63/100] train_acc: 0.552 train_loss_sup: 1.517
[GPU0] epochs: [64/100] train_acc: 0.549 train_loss_sup: 1.520
[GPU0] epochs: [65/100] train_acc: 0.550 train_loss_sup: 1.520
[GPU0] epochs: [66/100] train_acc: 0.549 train_loss_sup: 1.520
[GPU0] epochs: [67/100] train_acc: 0.551 train_loss_sup: 1.517
[GPU0] epochs: [68/100] train_acc: 0.554 train_loss_sup: 1.516
[GPU0] epochs: [69/100] train_acc: 0.550 train_loss_sup: 1.520
[GPU0] epochs: [70/100] train_acc: 0.551 train_loss_sup: 1.518
[GPU0] Test Accuracy at epoch: 70: 0.481
[GPU0] epochs: [71/100] train_acc: 0.553 train_loss_sup: 1.515
[GPU0] epochs: [72/100] train_acc: 0.554 train_loss_sup: 1.518
[GPU0] epochs: [73/100] train_acc: 0.551 train_loss_sup: 1.520
[GPU0] epochs: [74/100] train_acc: 0.554 train_loss_sup: 1.517
[GPU0] epochs: [75/100] train_acc: 0.555 train_loss_sup: 1.517
[GPU0] epochs: [76/100] train_acc: 0.552 train_loss_sup: 1.518
[GPU0] epochs: [77/100] train_acc: 0.552 train_loss_sup: 1.515
[GPU0] epochs: [78/100] train_acc: 0.552 train_loss_sup: 1.517
[GPU0] epochs: [79/100] train_acc: 0.554 train_loss_sup: 1.518
[GPU0] epochs: [80/100] train_acc: 0.555 train_loss_sup: 1.515
[GPU0] Test Accuracy at epoch: 80: 0.483
[GPU0] epochs: [81/100] train_acc: 0.554 train_loss_sup: 1.517
[GPU0] epochs: [82/100] train_acc: 0.554 train_loss_sup: 1.517
[GPU0] epochs: [83/100] train_acc: 0.553 train_loss_sup: 1.514
[GPU0] epochs: [84/100] train_acc: 0.553 train_loss_sup: 1.518
[GPU0] epochs: [85/100] train_acc: 0.554 train_loss_sup: 1.517
[GPU0] epochs: [86/100] train_acc: 0.553 train_loss_sup: 1.518
[GPU0] epochs: [87/100] train_acc: 0.553 train_loss_sup: 1.519
[GPU0] epochs: [88/100] train_acc: 0.550 train_loss_sup: 1.517
[GPU0] epochs: [89/100] train_acc: 0.554 train_loss_sup: 1.516
[GPU0] epochs: [90/100] train_acc: 0.551 train_loss_sup: 1.521
[GPU0] Test Accuracy at epoch: 90: 0.485
[GPU0] epochs: [91/100] train_acc: 0.554 train_loss_sup: 1.518
[GPU0] epochs: [92/100] train_acc: 0.555 train_loss_sup: 1.515
[GPU0] epochs: [93/100] train_acc: 0.554 train_loss_sup: 1.515
[GPU0] epochs: [94/100] train_acc: 0.552 train_loss_sup: 1.520
[GPU0] epochs: [95/100] train_acc: 0.553 train_loss_sup: 1.517
[GPU0] epochs: [96/100] train_acc: 0.553 train_loss_sup: 1.519
[GPU0] epochs: [97/100] train_acc: 0.554 train_loss_sup: 1.518
[GPU0] epochs: [98/100] train_acc: 0.553 train_loss_sup: 1.514
[GPU0] epochs: [99/100] train_acc: 0.554 train_loss_sup: 1.515
[GPU0] epochs: [100/100] train_acc: 0.555 train_loss_sup: 1.516
[GPU0] Final Test Accuracy: 0.483
LR: 1.000 | WD: 0.000100 | Cosine: True | test Acc: 0.485%
===> using linear mlp
Scheduler: <torch.optim.lr_scheduler.CosineAnnealingLR object at 0x73d2a6883250>
MLP: MLP(
  (mlp): Linear(in_features=512, out_features=10, bias=True)
)
[GPU0] Test Accuracy at epoch: 0: 0.369
[GPU0] epochs: [1/100] train_acc: 0.303 train_loss_sup: 2.177
[GPU0] epochs: [2/100] train_acc: 0.455 train_loss_sup: 1.940
[GPU0] epochs: [3/100] train_acc: 0.492 train_loss_sup: 1.787
[GPU0] epochs: [4/100] train_acc: 0.508 train_loss_sup: 1.689
[GPU0] epochs: [5/100] train_acc: 0.511 train_loss_sup: 1.620
[GPU0] epochs: [6/100] train_acc: 0.518 train_loss_sup: 1.567
[GPU0] epochs: [7/100] train_acc: 0.523 train_loss_sup: 1.524
[GPU0] epochs: [8/100] train_acc: 0.532 train_loss_sup: 1.493
[GPU0] epochs: [9/100] train_acc: 0.538 train_loss_sup: 1.463
[GPU0] epochs: [10/100] train_acc: 0.538 train_loss_sup: 1.443
[GPU0] Test Accuracy at epoch: 10: 0.471
[GPU0] epochs: [11/100] train_acc: 0.544 train_loss_sup: 1.422
[GPU0] epochs: [12/100] train_acc: 0.548 train_loss_sup: 1.402
[GPU0] epochs: [13/100] train_acc: 0.551 train_loss_sup: 1.390
[GPU0] epochs: [14/100] train_acc: 0.551 train_loss_sup: 1.377
[GPU0] epochs: [15/100] train_acc: 0.554 train_loss_sup: 1.365
[GPU0] epochs: [16/100] train_acc: 0.555 train_loss_sup: 1.353
[GPU0] epochs: [17/100] train_acc: 0.558 train_loss_sup: 1.347
[GPU0] epochs: [18/100] train_acc: 0.563 train_loss_sup: 1.336
[GPU0] epochs: [19/100] train_acc: 0.561 train_loss_sup: 1.329
[GPU0] epochs: [20/100] train_acc: 0.566 train_loss_sup: 1.319
[GPU0] Test Accuracy at epoch: 20: 0.502
[GPU0] epochs: [21/100] train_acc: 0.563 train_loss_sup: 1.316
[GPU0] epochs: [22/100] train_acc: 0.567 train_loss_sup: 1.309
[GPU0] epochs: [23/100] train_acc: 0.570 train_loss_sup: 1.301
[GPU0] epochs: [24/100] train_acc: 0.570 train_loss_sup: 1.298
[GPU0] epochs: [25/100] train_acc: 0.572 train_loss_sup: 1.291
[GPU0] epochs: [26/100] train_acc: 0.573 train_loss_sup: 1.289
[GPU0] epochs: [27/100] train_acc: 0.576 train_loss_sup: 1.280
[GPU0] epochs: [28/100] train_acc: 0.577 train_loss_sup: 1.279
[GPU0] epochs: [29/100] train_acc: 0.576 train_loss_sup: 1.273
[GPU0] epochs: [30/100] train_acc: 0.578 train_loss_sup: 1.273
[GPU0] Test Accuracy at epoch: 30: 0.54
[GPU0] epochs: [31/100] train_acc: 0.579 train_loss_sup: 1.269
[GPU0] epochs: [32/100] train_acc: 0.579 train_loss_sup: 1.260
[GPU0] epochs: [33/100] train_acc: 0.583 train_loss_sup: 1.259
[GPU0] epochs: [34/100] train_acc: 0.581 train_loss_sup: 1.258
[GPU0] epochs: [35/100] train_acc: 0.578 train_loss_sup: 1.256
[GPU0] epochs: [36/100] train_acc: 0.586 train_loss_sup: 1.245
[GPU0] epochs: [37/100] train_acc: 0.585 train_loss_sup: 1.246
[GPU0] epochs: [38/100] train_acc: 0.584 train_loss_sup: 1.245
[GPU0] epochs: [39/100] train_acc: 0.584 train_loss_sup: 1.242
[GPU0] epochs: [40/100] train_acc: 0.587 train_loss_sup: 1.236
[GPU0] Test Accuracy at epoch: 40: 0.545
[GPU0] epochs: [41/100] train_acc: 0.589 train_loss_sup: 1.237
[GPU0] epochs: [42/100] train_acc: 0.588 train_loss_sup: 1.233
[GPU0] epochs: [43/100] train_acc: 0.588 train_loss_sup: 1.233
[GPU0] epochs: [44/100] train_acc: 0.591 train_loss_sup: 1.231
[GPU0] epochs: [45/100] train_acc: 0.587 train_loss_sup: 1.235
[GPU0] epochs: [46/100] train_acc: 0.588 train_loss_sup: 1.229
[GPU0] epochs: [47/100] train_acc: 0.589 train_loss_sup: 1.231
[GPU0] epochs: [48/100] train_acc: 0.591 train_loss_sup: 1.226
[GPU0] epochs: [49/100] train_acc: 0.594 train_loss_sup: 1.219
[GPU0] epochs: [50/100] train_acc: 0.591 train_loss_sup: 1.221
[GPU0] Test Accuracy at epoch: 50: 0.555
[GPU0] epochs: [51/100] train_acc: 0.590 train_loss_sup: 1.223
[GPU0] epochs: [52/100] train_acc: 0.593 train_loss_sup: 1.218
[GPU0] epochs: [53/100] train_acc: 0.593 train_loss_sup: 1.218
[GPU0] epochs: [54/100] train_acc: 0.591 train_loss_sup: 1.219
[GPU0] epochs: [55/100] train_acc: 0.593 train_loss_sup: 1.216
[GPU0] epochs: [56/100] train_acc: 0.594 train_loss_sup: 1.218
[GPU0] epochs: [57/100] train_acc: 0.598 train_loss_sup: 1.211
[GPU0] epochs: [58/100] train_acc: 0.594 train_loss_sup: 1.211
[GPU0] epochs: [59/100] train_acc: 0.593 train_loss_sup: 1.212
[GPU0] epochs: [60/100] train_acc: 0.594 train_loss_sup: 1.206
[GPU0] Test Accuracy at epoch: 60: 0.568
[GPU0] epochs: [61/100] train_acc: 0.593 train_loss_sup: 1.212
[GPU0] epochs: [62/100] train_acc: 0.595 train_loss_sup: 1.206
[GPU0] epochs: [63/100] train_acc: 0.596 train_loss_sup: 1.204
[GPU0] epochs: [64/100] train_acc: 0.597 train_loss_sup: 1.208
[GPU0] epochs: [65/100] train_acc: 0.596 train_loss_sup: 1.205
[GPU0] epochs: [66/100] train_acc: 0.593 train_loss_sup: 1.206
[GPU0] epochs: [67/100] train_acc: 0.598 train_loss_sup: 1.207
[GPU0] epochs: [68/100] train_acc: 0.596 train_loss_sup: 1.206
[GPU0] epochs: [69/100] train_acc: 0.598 train_loss_sup: 1.202
[GPU0] epochs: [70/100] train_acc: 0.596 train_loss_sup: 1.205
[GPU0] Test Accuracy at epoch: 70: 0.561
[GPU0] epochs: [71/100] train_acc: 0.596 train_loss_sup: 1.203
[GPU0] epochs: [72/100] train_acc: 0.599 train_loss_sup: 1.201
[GPU0] epochs: [73/100] train_acc: 0.600 train_loss_sup: 1.196
[GPU0] epochs: [74/100] train_acc: 0.598 train_loss_sup: 1.203
[GPU0] epochs: [75/100] train_acc: 0.600 train_loss_sup: 1.200
[GPU0] epochs: [76/100] train_acc: 0.597 train_loss_sup: 1.199
[GPU0] epochs: [77/100] train_acc: 0.600 train_loss_sup: 1.200
[GPU0] epochs: [78/100] train_acc: 0.598 train_loss_sup: 1.197
[GPU0] epochs: [79/100] train_acc: 0.598 train_loss_sup: 1.203
[GPU0] epochs: [80/100] train_acc: 0.596 train_loss_sup: 1.204
[GPU0] Test Accuracy at epoch: 80: 0.564
[GPU0] epochs: [81/100] train_acc: 0.598 train_loss_sup: 1.202
[GPU0] epochs: [82/100] train_acc: 0.599 train_loss_sup: 1.201
[GPU0] epochs: [83/100] train_acc: 0.596 train_loss_sup: 1.201
[GPU0] epochs: [84/100] train_acc: 0.598 train_loss_sup: 1.197
[GPU0] epochs: [85/100] train_acc: 0.597 train_loss_sup: 1.201
[GPU0] epochs: [86/100] train_acc: 0.596 train_loss_sup: 1.202
[GPU0] epochs: [87/100] train_acc: 0.597 train_loss_sup: 1.202
[GPU0] epochs: [88/100] train_acc: 0.598 train_loss_sup: 1.199
[GPU0] epochs: [89/100] train_acc: 0.596 train_loss_sup: 1.202
[GPU0] epochs: [90/100] train_acc: 0.600 train_loss_sup: 1.199
[GPU0] Test Accuracy at epoch: 90: 0.566
[GPU0] epochs: [91/100] train_acc: 0.600 train_loss_sup: 1.194
[GPU0] epochs: [92/100] train_acc: 0.599 train_loss_sup: 1.198
[GPU0] epochs: [93/100] train_acc: 0.601 train_loss_sup: 1.198
[GPU0] epochs: [94/100] train_acc: 0.598 train_loss_sup: 1.200
[GPU0] epochs: [95/100] train_acc: 0.596 train_loss_sup: 1.200
[GPU0] epochs: [96/100] train_acc: 0.600 train_loss_sup: 1.199
[GPU0] epochs: [97/100] train_acc: 0.599 train_loss_sup: 1.199
[GPU0] epochs: [98/100] train_acc: 0.598 train_loss_sup: 1.200
[GPU0] epochs: [99/100] train_acc: 0.597 train_loss_sup: 1.197
[GPU0] epochs: [100/100] train_acc: 0.597 train_loss_sup: 1.202
[GPU0] Final Test Accuracy: 0.567
LR: 1.000 | WD: 0.000000 | Cosine: True | test Acc: 0.568%
------------------------------
Best Test Accuracy: 0.602%
Optimal Hyperparameters: LR=1.0, WD=0.0, Cosine=0
knn evalution
logistic regression evalution
clustering metrics evalution
knn_acc: 0.563
lreg_acc: 0.671
ari: 0.131
nmi: 0.212
ss: 0.041
dbs: 3.357
