Namespace(dataset='cifar10', saved_path='saved_models/byol.c100.r18.pth', gpu=1, model='resnet18', verbose=False, epochs=100, eval_every=10, knn=True, lreg=True, linprobe=True, tsne=False, umap=False, cmet=True)
<All keys matched successfully>
Files already downloaded and verified
Files already downloaded and verified
Files already downloaded and verified
Starting Hyperparameter Sweep on 1...
===> using linear mlp
Scheduler: None
MLP: MLP(
  (mlp): Linear(in_features=512, out_features=10, bias=True)
)
[GPU1] Test Accuracy at epoch: 0: 0.594
[GPU1] epochs: [1/100] train_acc: 0.443 train_loss_sup: 2.170
[GPU1] epochs: [2/100] train_acc: 0.559 train_loss_sup: 1.921
[GPU1] epochs: [3/100] train_acc: 0.573 train_loss_sup: 1.754
[GPU1] epochs: [4/100] train_acc: 0.585 train_loss_sup: 1.634
[GPU1] epochs: [5/100] train_acc: 0.591 train_loss_sup: 1.545
[GPU1] epochs: [6/100] train_acc: 0.597 train_loss_sup: 1.477
[GPU1] epochs: [7/100] train_acc: 0.603 train_loss_sup: 1.422
[GPU1] epochs: [8/100] train_acc: 0.605 train_loss_sup: 1.379
[GPU1] epochs: [9/100] train_acc: 0.609 train_loss_sup: 1.341
[GPU1] epochs: [10/100] train_acc: 0.611 train_loss_sup: 1.309
[GPU1] Test Accuracy at epoch: 10: 0.642
[GPU1] epochs: [11/100] train_acc: 0.615 train_loss_sup: 1.280
[GPU1] epochs: [12/100] train_acc: 0.617 train_loss_sup: 1.262
[GPU1] epochs: [13/100] train_acc: 0.619 train_loss_sup: 1.236
[GPU1] epochs: [14/100] train_acc: 0.621 train_loss_sup: 1.219
[GPU1] epochs: [15/100] train_acc: 0.626 train_loss_sup: 1.202
[GPU1] epochs: [16/100] train_acc: 0.628 train_loss_sup: 1.186
[GPU1] epochs: [17/100] train_acc: 0.630 train_loss_sup: 1.169
[GPU1] epochs: [18/100] train_acc: 0.631 train_loss_sup: 1.161
[GPU1] epochs: [19/100] train_acc: 0.633 train_loss_sup: 1.144
[GPU1] epochs: [20/100] train_acc: 0.636 train_loss_sup: 1.137
[GPU1] Test Accuracy at epoch: 20: 0.659
[GPU1] epochs: [21/100] train_acc: 0.637 train_loss_sup: 1.127
[GPU1] epochs: [22/100] train_acc: 0.635 train_loss_sup: 1.123
[GPU1] epochs: [23/100] train_acc: 0.637 train_loss_sup: 1.110
[GPU1] epochs: [24/100] train_acc: 0.639 train_loss_sup: 1.101
[GPU1] epochs: [25/100] train_acc: 0.639 train_loss_sup: 1.098
[GPU1] epochs: [26/100] train_acc: 0.641 train_loss_sup: 1.091
[GPU1] epochs: [27/100] train_acc: 0.643 train_loss_sup: 1.082
[GPU1] epochs: [28/100] train_acc: 0.644 train_loss_sup: 1.075
[GPU1] epochs: [29/100] train_acc: 0.644 train_loss_sup: 1.071
[GPU1] epochs: [30/100] train_acc: 0.645 train_loss_sup: 1.065
[GPU1] Test Accuracy at epoch: 30: 0.676
[GPU1] epochs: [31/100] train_acc: 0.649 train_loss_sup: 1.056
[GPU1] epochs: [32/100] train_acc: 0.649 train_loss_sup: 1.054
[GPU1] epochs: [33/100] train_acc: 0.652 train_loss_sup: 1.048
[GPU1] epochs: [34/100] train_acc: 0.651 train_loss_sup: 1.044
[GPU1] epochs: [35/100] train_acc: 0.651 train_loss_sup: 1.043
[GPU1] epochs: [36/100] train_acc: 0.653 train_loss_sup: 1.034
[GPU1] epochs: [37/100] train_acc: 0.654 train_loss_sup: 1.031
[GPU1] epochs: [38/100] train_acc: 0.653 train_loss_sup: 1.030
[GPU1] epochs: [39/100] train_acc: 0.657 train_loss_sup: 1.023
[GPU1] epochs: [40/100] train_acc: 0.656 train_loss_sup: 1.022
[GPU1] Test Accuracy at epoch: 40: 0.687
[GPU1] epochs: [41/100] train_acc: 0.657 train_loss_sup: 1.019
[GPU1] epochs: [42/100] train_acc: 0.657 train_loss_sup: 1.014
[GPU1] epochs: [43/100] train_acc: 0.656 train_loss_sup: 1.011
[GPU1] epochs: [44/100] train_acc: 0.657 train_loss_sup: 1.010
[GPU1] epochs: [45/100] train_acc: 0.660 train_loss_sup: 1.005
[GPU1] epochs: [46/100] train_acc: 0.664 train_loss_sup: 1.000
[GPU1] epochs: [47/100] train_acc: 0.662 train_loss_sup: 1.000
[GPU1] epochs: [48/100] train_acc: 0.661 train_loss_sup: 0.999
[GPU1] epochs: [49/100] train_acc: 0.663 train_loss_sup: 0.990
[GPU1] epochs: [50/100] train_acc: 0.663 train_loss_sup: 0.994
[GPU1] Test Accuracy at epoch: 50: 0.696
[GPU1] epochs: [51/100] train_acc: 0.664 train_loss_sup: 0.990
[GPU1] epochs: [52/100] train_acc: 0.666 train_loss_sup: 0.983
[GPU1] epochs: [53/100] train_acc: 0.667 train_loss_sup: 0.978
[GPU1] epochs: [54/100] train_acc: 0.666 train_loss_sup: 0.978
[GPU1] epochs: [55/100] train_acc: 0.667 train_loss_sup: 0.978
[GPU1] epochs: [56/100] train_acc: 0.666 train_loss_sup: 0.978
[GPU1] epochs: [57/100] train_acc: 0.668 train_loss_sup: 0.977
[GPU1] epochs: [58/100] train_acc: 0.668 train_loss_sup: 0.973
[GPU1] epochs: [59/100] train_acc: 0.669 train_loss_sup: 0.966
[GPU1] epochs: [60/100] train_acc: 0.671 train_loss_sup: 0.967
[GPU1] Test Accuracy at epoch: 60: 0.699
[GPU1] epochs: [61/100] train_acc: 0.672 train_loss_sup: 0.967
[GPU1] epochs: [62/100] train_acc: 0.674 train_loss_sup: 0.961
[GPU1] epochs: [63/100] train_acc: 0.670 train_loss_sup: 0.959
[GPU1] epochs: [64/100] train_acc: 0.672 train_loss_sup: 0.957
[GPU1] epochs: [65/100] train_acc: 0.676 train_loss_sup: 0.953
[GPU1] epochs: [66/100] train_acc: 0.673 train_loss_sup: 0.956
[GPU1] epochs: [67/100] train_acc: 0.673 train_loss_sup: 0.958
[GPU1] epochs: [68/100] train_acc: 0.675 train_loss_sup: 0.950
[GPU1] epochs: [69/100] train_acc: 0.674 train_loss_sup: 0.953
[GPU1] epochs: [70/100] train_acc: 0.676 train_loss_sup: 0.949
[GPU1] Test Accuracy at epoch: 70: 0.706
[GPU1] epochs: [71/100] train_acc: 0.672 train_loss_sup: 0.952
[GPU1] epochs: [72/100] train_acc: 0.673 train_loss_sup: 0.947
[GPU1] epochs: [73/100] train_acc: 0.678 train_loss_sup: 0.941
[GPU1] epochs: [74/100] train_acc: 0.678 train_loss_sup: 0.944
[GPU1] epochs: [75/100] train_acc: 0.674 train_loss_sup: 0.942
[GPU1] epochs: [76/100] train_acc: 0.678 train_loss_sup: 0.939
[GPU1] epochs: [77/100] train_acc: 0.677 train_loss_sup: 0.940
[GPU1] epochs: [78/100] train_acc: 0.680 train_loss_sup: 0.934
[GPU1] epochs: [79/100] train_acc: 0.677 train_loss_sup: 0.939
[GPU1] epochs: [80/100] train_acc: 0.681 train_loss_sup: 0.934
[GPU1] Test Accuracy at epoch: 80: 0.711
[GPU1] epochs: [81/100] train_acc: 0.676 train_loss_sup: 0.935
[GPU1] epochs: [82/100] train_acc: 0.681 train_loss_sup: 0.929
[GPU1] epochs: [83/100] train_acc: 0.680 train_loss_sup: 0.931
[GPU1] epochs: [84/100] train_acc: 0.681 train_loss_sup: 0.928
[GPU1] epochs: [85/100] train_acc: 0.680 train_loss_sup: 0.931
[GPU1] epochs: [86/100] train_acc: 0.683 train_loss_sup: 0.922
[GPU1] epochs: [87/100] train_acc: 0.680 train_loss_sup: 0.925
[GPU1] epochs: [88/100] train_acc: 0.686 train_loss_sup: 0.918
[GPU1] epochs: [89/100] train_acc: 0.682 train_loss_sup: 0.920
[GPU1] epochs: [90/100] train_acc: 0.681 train_loss_sup: 0.924
[GPU1] Test Accuracy at epoch: 90: 0.716
[GPU1] epochs: [91/100] train_acc: 0.682 train_loss_sup: 0.919
[GPU1] epochs: [92/100] train_acc: 0.685 train_loss_sup: 0.918
[GPU1] epochs: [93/100] train_acc: 0.681 train_loss_sup: 0.921
[GPU1] epochs: [94/100] train_acc: 0.683 train_loss_sup: 0.918
[GPU1] epochs: [95/100] train_acc: 0.683 train_loss_sup: 0.912
[GPU1] epochs: [96/100] train_acc: 0.685 train_loss_sup: 0.913
[GPU1] epochs: [97/100] train_acc: 0.685 train_loss_sup: 0.911
[GPU1] epochs: [98/100] train_acc: 0.685 train_loss_sup: 0.913
[GPU1] epochs: [99/100] train_acc: 0.684 train_loss_sup: 0.912
[GPU1] epochs: [100/100] train_acc: 0.684 train_loss_sup: 0.912
[GPU1] Final Test Accuracy: 0.718
LR: 0.100 | WD: 0.000001 | Cosine: False | test Acc: 0.718%
===> using linear mlp
Scheduler: None
MLP: MLP(
  (mlp): Linear(in_features=512, out_features=10, bias=True)
)
[GPU1] Test Accuracy at epoch: 0: 0.57
[GPU1] epochs: [1/100] train_acc: 0.452 train_loss_sup: 2.169
[GPU1] epochs: [2/100] train_acc: 0.567 train_loss_sup: 1.922
[GPU1] epochs: [3/100] train_acc: 0.576 train_loss_sup: 1.757
[GPU1] epochs: [4/100] train_acc: 0.585 train_loss_sup: 1.640
[GPU1] epochs: [5/100] train_acc: 0.591 train_loss_sup: 1.553
[GPU1] epochs: [6/100] train_acc: 0.595 train_loss_sup: 1.488
[GPU1] epochs: [7/100] train_acc: 0.600 train_loss_sup: 1.436
[GPU1] epochs: [8/100] train_acc: 0.604 train_loss_sup: 1.391
[GPU1] epochs: [9/100] train_acc: 0.607 train_loss_sup: 1.355
[GPU1] epochs: [10/100] train_acc: 0.611 train_loss_sup: 1.324
[GPU1] Test Accuracy at epoch: 10: 0.639
[GPU1] epochs: [11/100] train_acc: 0.615 train_loss_sup: 1.299
[GPU1] epochs: [12/100] train_acc: 0.618 train_loss_sup: 1.279
[GPU1] epochs: [13/100] train_acc: 0.620 train_loss_sup: 1.258
[GPU1] epochs: [14/100] train_acc: 0.620 train_loss_sup: 1.241
[GPU1] epochs: [15/100] train_acc: 0.621 train_loss_sup: 1.225
[GPU1] epochs: [16/100] train_acc: 0.626 train_loss_sup: 1.212
[GPU1] epochs: [17/100] train_acc: 0.626 train_loss_sup: 1.199
[GPU1] epochs: [18/100] train_acc: 0.626 train_loss_sup: 1.193
[GPU1] epochs: [19/100] train_acc: 0.633 train_loss_sup: 1.179
[GPU1] epochs: [20/100] train_acc: 0.635 train_loss_sup: 1.167
[GPU1] Test Accuracy at epoch: 20: 0.658
[GPU1] epochs: [21/100] train_acc: 0.633 train_loss_sup: 1.158
[GPU1] epochs: [22/100] train_acc: 0.636 train_loss_sup: 1.150
[GPU1] epochs: [23/100] train_acc: 0.634 train_loss_sup: 1.147
[GPU1] epochs: [24/100] train_acc: 0.638 train_loss_sup: 1.137
[GPU1] epochs: [25/100] train_acc: 0.638 train_loss_sup: 1.131
[GPU1] epochs: [26/100] train_acc: 0.641 train_loss_sup: 1.127
[GPU1] epochs: [27/100] train_acc: 0.640 train_loss_sup: 1.122
[GPU1] epochs: [28/100] train_acc: 0.641 train_loss_sup: 1.115
[GPU1] epochs: [29/100] train_acc: 0.642 train_loss_sup: 1.110
[GPU1] epochs: [30/100] train_acc: 0.645 train_loss_sup: 1.104
[GPU1] Test Accuracy at epoch: 30: 0.672
[GPU1] epochs: [31/100] train_acc: 0.645 train_loss_sup: 1.103
[GPU1] epochs: [32/100] train_acc: 0.645 train_loss_sup: 1.096
[GPU1] epochs: [33/100] train_acc: 0.646 train_loss_sup: 1.093
[GPU1] epochs: [34/100] train_acc: 0.647 train_loss_sup: 1.088
[GPU1] epochs: [35/100] train_acc: 0.648 train_loss_sup: 1.085
[GPU1] epochs: [36/100] train_acc: 0.646 train_loss_sup: 1.081
[GPU1] epochs: [37/100] train_acc: 0.649 train_loss_sup: 1.076
[GPU1] epochs: [38/100] train_acc: 0.652 train_loss_sup: 1.075
[GPU1] epochs: [39/100] train_acc: 0.655 train_loss_sup: 1.069
[GPU1] epochs: [40/100] train_acc: 0.652 train_loss_sup: 1.069
[GPU1] Test Accuracy at epoch: 40: 0.679
[GPU1] epochs: [41/100] train_acc: 0.653 train_loss_sup: 1.065
[GPU1] epochs: [42/100] train_acc: 0.653 train_loss_sup: 1.064
[GPU1] epochs: [43/100] train_acc: 0.652 train_loss_sup: 1.063
[GPU1] epochs: [44/100] train_acc: 0.656 train_loss_sup: 1.055
[GPU1] epochs: [45/100] train_acc: 0.656 train_loss_sup: 1.058
[GPU1] epochs: [46/100] train_acc: 0.657 train_loss_sup: 1.054
[GPU1] epochs: [47/100] train_acc: 0.657 train_loss_sup: 1.049
[GPU1] epochs: [48/100] train_acc: 0.658 train_loss_sup: 1.051
[GPU1] epochs: [49/100] train_acc: 0.655 train_loss_sup: 1.051
[GPU1] epochs: [50/100] train_acc: 0.659 train_loss_sup: 1.046
[GPU1] Test Accuracy at epoch: 50: 0.689
[GPU1] epochs: [51/100] train_acc: 0.661 train_loss_sup: 1.041
[GPU1] epochs: [52/100] train_acc: 0.660 train_loss_sup: 1.040
[GPU1] epochs: [53/100] train_acc: 0.659 train_loss_sup: 1.046
[GPU1] epochs: [54/100] train_acc: 0.661 train_loss_sup: 1.043
[GPU1] epochs: [55/100] train_acc: 0.660 train_loss_sup: 1.038
[GPU1] epochs: [56/100] train_acc: 0.663 train_loss_sup: 1.037
[GPU1] epochs: [57/100] train_acc: 0.660 train_loss_sup: 1.038
[GPU1] epochs: [58/100] train_acc: 0.662 train_loss_sup: 1.032
[GPU1] epochs: [59/100] train_acc: 0.664 train_loss_sup: 1.033
[GPU1] epochs: [60/100] train_acc: 0.664 train_loss_sup: 1.030
[GPU1] Test Accuracy at epoch: 60: 0.693
[GPU1] epochs: [61/100] train_acc: 0.662 train_loss_sup: 1.031
[GPU1] epochs: [62/100] train_acc: 0.664 train_loss_sup: 1.027
[GPU1] epochs: [63/100] train_acc: 0.666 train_loss_sup: 1.023
[GPU1] epochs: [64/100] train_acc: 0.664 train_loss_sup: 1.024
[GPU1] epochs: [65/100] train_acc: 0.663 train_loss_sup: 1.026
[GPU1] epochs: [66/100] train_acc: 0.665 train_loss_sup: 1.024
[GPU1] epochs: [67/100] train_acc: 0.667 train_loss_sup: 1.021
[GPU1] epochs: [68/100] train_acc: 0.668 train_loss_sup: 1.022
[GPU1] epochs: [69/100] train_acc: 0.667 train_loss_sup: 1.020
[GPU1] epochs: [70/100] train_acc: 0.666 train_loss_sup: 1.021
[GPU1] Test Accuracy at epoch: 70: 0.699
[GPU1] epochs: [71/100] train_acc: 0.667 train_loss_sup: 1.016
[GPU1] epochs: [72/100] train_acc: 0.669 train_loss_sup: 1.016
[GPU1] epochs: [73/100] train_acc: 0.668 train_loss_sup: 1.014
[GPU1] epochs: [74/100] train_acc: 0.670 train_loss_sup: 1.015
[GPU1] epochs: [75/100] train_acc: 0.668 train_loss_sup: 1.016
[GPU1] epochs: [76/100] train_acc: 0.669 train_loss_sup: 1.014
[GPU1] epochs: [77/100] train_acc: 0.668 train_loss_sup: 1.014
[GPU1] epochs: [78/100] train_acc: 0.673 train_loss_sup: 1.008
[GPU1] epochs: [79/100] train_acc: 0.671 train_loss_sup: 1.010
[GPU1] epochs: [80/100] train_acc: 0.668 train_loss_sup: 1.013
[GPU1] Test Accuracy at epoch: 80: 0.7
[GPU1] epochs: [81/100] train_acc: 0.669 train_loss_sup: 1.012
[GPU1] epochs: [82/100] train_acc: 0.672 train_loss_sup: 1.008
[GPU1] epochs: [83/100] train_acc: 0.671 train_loss_sup: 1.007
[GPU1] epochs: [84/100] train_acc: 0.673 train_loss_sup: 1.009
[GPU1] epochs: [85/100] train_acc: 0.672 train_loss_sup: 1.005
[GPU1] epochs: [86/100] train_acc: 0.671 train_loss_sup: 1.007
[GPU1] epochs: [87/100] train_acc: 0.670 train_loss_sup: 1.006
[GPU1] epochs: [88/100] train_acc: 0.670 train_loss_sup: 1.008
[GPU1] epochs: [89/100] train_acc: 0.672 train_loss_sup: 1.004
[GPU1] epochs: [90/100] train_acc: 0.673 train_loss_sup: 1.002
[GPU1] Test Accuracy at epoch: 90: 0.702
[GPU1] epochs: [91/100] train_acc: 0.673 train_loss_sup: 1.004
[GPU1] epochs: [92/100] train_acc: 0.674 train_loss_sup: 1.001
[GPU1] epochs: [93/100] train_acc: 0.673 train_loss_sup: 1.004
[GPU1] epochs: [94/100] train_acc: 0.670 train_loss_sup: 1.005
[GPU1] epochs: [95/100] train_acc: 0.672 train_loss_sup: 0.999
[GPU1] epochs: [96/100] train_acc: 0.673 train_loss_sup: 0.999
[GPU1] epochs: [97/100] train_acc: 0.675 train_loss_sup: 1.000
[GPU1] epochs: [98/100] train_acc: 0.675 train_loss_sup: 0.999
[GPU1] epochs: [99/100] train_acc: 0.673 train_loss_sup: 1.000
[GPU1] epochs: [100/100] train_acc: 0.675 train_loss_sup: 0.997
[GPU1] Final Test Accuracy: 0.705
LR: 0.100 | WD: 0.000100 | Cosine: False | test Acc: 0.705%
===> using linear mlp
Scheduler: None
MLP: MLP(
  (mlp): Linear(in_features=512, out_features=10, bias=True)
)
[GPU1] Test Accuracy at epoch: 0: 0.585
[GPU1] epochs: [1/100] train_acc: 0.445 train_loss_sup: 2.168
[GPU1] epochs: [2/100] train_acc: 0.560 train_loss_sup: 1.919
[GPU1] epochs: [3/100] train_acc: 0.573 train_loss_sup: 1.754
[GPU1] epochs: [4/100] train_acc: 0.583 train_loss_sup: 1.635
[GPU1] epochs: [5/100] train_acc: 0.591 train_loss_sup: 1.547
[GPU1] epochs: [6/100] train_acc: 0.599 train_loss_sup: 1.475
[GPU1] epochs: [7/100] train_acc: 0.602 train_loss_sup: 1.421
[GPU1] epochs: [8/100] train_acc: 0.607 train_loss_sup: 1.378
[GPU1] epochs: [9/100] train_acc: 0.608 train_loss_sup: 1.339
[GPU1] epochs: [10/100] train_acc: 0.612 train_loss_sup: 1.307
[GPU1] Test Accuracy at epoch: 10: 0.641
[GPU1] epochs: [11/100] train_acc: 0.617 train_loss_sup: 1.281
[GPU1] epochs: [12/100] train_acc: 0.618 train_loss_sup: 1.258
[GPU1] epochs: [13/100] train_acc: 0.620 train_loss_sup: 1.236
[GPU1] epochs: [14/100] train_acc: 0.623 train_loss_sup: 1.218
[GPU1] epochs: [15/100] train_acc: 0.623 train_loss_sup: 1.202
[GPU1] epochs: [16/100] train_acc: 0.626 train_loss_sup: 1.185
[GPU1] epochs: [17/100] train_acc: 0.629 train_loss_sup: 1.170
[GPU1] epochs: [18/100] train_acc: 0.632 train_loss_sup: 1.158
[GPU1] epochs: [19/100] train_acc: 0.629 train_loss_sup: 1.153
[GPU1] epochs: [20/100] train_acc: 0.634 train_loss_sup: 1.138
[GPU1] Test Accuracy at epoch: 20: 0.66
[GPU1] epochs: [21/100] train_acc: 0.635 train_loss_sup: 1.127
[GPU1] epochs: [22/100] train_acc: 0.636 train_loss_sup: 1.121
[GPU1] epochs: [23/100] train_acc: 0.635 train_loss_sup: 1.113
[GPU1] epochs: [24/100] train_acc: 0.639 train_loss_sup: 1.102
[GPU1] epochs: [25/100] train_acc: 0.639 train_loss_sup: 1.096
[GPU1] epochs: [26/100] train_acc: 0.641 train_loss_sup: 1.088
[GPU1] epochs: [27/100] train_acc: 0.642 train_loss_sup: 1.083
[GPU1] epochs: [28/100] train_acc: 0.643 train_loss_sup: 1.076
[GPU1] epochs: [29/100] train_acc: 0.647 train_loss_sup: 1.069
[GPU1] epochs: [30/100] train_acc: 0.645 train_loss_sup: 1.067
[GPU1] Test Accuracy at epoch: 30: 0.677
[GPU1] epochs: [31/100] train_acc: 0.647 train_loss_sup: 1.059
[GPU1] epochs: [32/100] train_acc: 0.650 train_loss_sup: 1.055
[GPU1] epochs: [33/100] train_acc: 0.647 train_loss_sup: 1.049
[GPU1] epochs: [34/100] train_acc: 0.651 train_loss_sup: 1.044
[GPU1] epochs: [35/100] train_acc: 0.649 train_loss_sup: 1.044
[GPU1] epochs: [36/100] train_acc: 0.651 train_loss_sup: 1.036
[GPU1] epochs: [37/100] train_acc: 0.653 train_loss_sup: 1.031
[GPU1] epochs: [38/100] train_acc: 0.652 train_loss_sup: 1.027
[GPU1] epochs: [39/100] train_acc: 0.654 train_loss_sup: 1.023
[GPU1] epochs: [40/100] train_acc: 0.654 train_loss_sup: 1.023
[GPU1] Test Accuracy at epoch: 40: 0.686
[GPU1] epochs: [41/100] train_acc: 0.654 train_loss_sup: 1.019
[GPU1] epochs: [42/100] train_acc: 0.658 train_loss_sup: 1.014
[GPU1] epochs: [43/100] train_acc: 0.661 train_loss_sup: 1.009
[GPU1] epochs: [44/100] train_acc: 0.658 train_loss_sup: 1.006
[GPU1] epochs: [45/100] train_acc: 0.659 train_loss_sup: 1.005
[GPU1] epochs: [46/100] train_acc: 0.661 train_loss_sup: 1.001
[GPU1] epochs: [47/100] train_acc: 0.663 train_loss_sup: 0.996
[GPU1] epochs: [48/100] train_acc: 0.662 train_loss_sup: 0.994
[GPU1] epochs: [49/100] train_acc: 0.660 train_loss_sup: 0.992
[GPU1] epochs: [50/100] train_acc: 0.664 train_loss_sup: 0.990
[GPU1] Test Accuracy at epoch: 50: 0.695
[GPU1] epochs: [51/100] train_acc: 0.664 train_loss_sup: 0.988
[GPU1] epochs: [52/100] train_acc: 0.665 train_loss_sup: 0.985
[GPU1] epochs: [53/100] train_acc: 0.665 train_loss_sup: 0.984
[GPU1] epochs: [54/100] train_acc: 0.667 train_loss_sup: 0.981
[GPU1] epochs: [55/100] train_acc: 0.668 train_loss_sup: 0.979
[GPU1] epochs: [56/100] train_acc: 0.668 train_loss_sup: 0.972
[GPU1] epochs: [57/100] train_acc: 0.668 train_loss_sup: 0.974
[GPU1] epochs: [58/100] train_acc: 0.668 train_loss_sup: 0.971
[GPU1] epochs: [59/100] train_acc: 0.668 train_loss_sup: 0.969
[GPU1] epochs: [60/100] train_acc: 0.671 train_loss_sup: 0.963
[GPU1] Test Accuracy at epoch: 60: 0.701
[GPU1] epochs: [61/100] train_acc: 0.665 train_loss_sup: 0.968
[GPU1] epochs: [62/100] train_acc: 0.672 train_loss_sup: 0.965
[GPU1] epochs: [63/100] train_acc: 0.672 train_loss_sup: 0.959
[GPU1] epochs: [64/100] train_acc: 0.670 train_loss_sup: 0.962
[GPU1] epochs: [65/100] train_acc: 0.674 train_loss_sup: 0.958
[GPU1] epochs: [66/100] train_acc: 0.672 train_loss_sup: 0.956
[GPU1] epochs: [67/100] train_acc: 0.675 train_loss_sup: 0.954
[GPU1] epochs: [68/100] train_acc: 0.674 train_loss_sup: 0.953
[GPU1] epochs: [69/100] train_acc: 0.673 train_loss_sup: 0.951
[GPU1] epochs: [70/100] train_acc: 0.675 train_loss_sup: 0.948
[GPU1] Test Accuracy at epoch: 70: 0.706
[GPU1] epochs: [71/100] train_acc: 0.675 train_loss_sup: 0.945
[GPU1] epochs: [72/100] train_acc: 0.677 train_loss_sup: 0.945
[GPU1] epochs: [73/100] train_acc: 0.676 train_loss_sup: 0.944
[GPU1] epochs: [74/100] train_acc: 0.674 train_loss_sup: 0.945
[GPU1] epochs: [75/100] train_acc: 0.677 train_loss_sup: 0.937
[GPU1] epochs: [76/100] train_acc: 0.675 train_loss_sup: 0.944
[GPU1] epochs: [77/100] train_acc: 0.678 train_loss_sup: 0.938
[GPU1] epochs: [78/100] train_acc: 0.678 train_loss_sup: 0.937
[GPU1] epochs: [79/100] train_acc: 0.677 train_loss_sup: 0.936
[GPU1] epochs: [80/100] train_acc: 0.678 train_loss_sup: 0.935
[GPU1] Test Accuracy at epoch: 80: 0.71
[GPU1] epochs: [81/100] train_acc: 0.678 train_loss_sup: 0.933
[GPU1] epochs: [82/100] train_acc: 0.680 train_loss_sup: 0.926
[GPU1] epochs: [83/100] train_acc: 0.680 train_loss_sup: 0.931
[GPU1] epochs: [84/100] train_acc: 0.679 train_loss_sup: 0.930
[GPU1] epochs: [85/100] train_acc: 0.680 train_loss_sup: 0.928
[GPU1] epochs: [86/100] train_acc: 0.681 train_loss_sup: 0.925
[GPU1] epochs: [87/100] train_acc: 0.683 train_loss_sup: 0.926
[GPU1] epochs: [88/100] train_acc: 0.685 train_loss_sup: 0.920
[GPU1] epochs: [89/100] train_acc: 0.681 train_loss_sup: 0.922
[GPU1] epochs: [90/100] train_acc: 0.683 train_loss_sup: 0.920
[GPU1] Test Accuracy at epoch: 90: 0.715
[GPU1] epochs: [91/100] train_acc: 0.684 train_loss_sup: 0.920
[GPU1] epochs: [92/100] train_acc: 0.682 train_loss_sup: 0.920
[GPU1] epochs: [93/100] train_acc: 0.685 train_loss_sup: 0.914
[GPU1] epochs: [94/100] train_acc: 0.683 train_loss_sup: 0.919
[GPU1] epochs: [95/100] train_acc: 0.683 train_loss_sup: 0.915
[GPU1] epochs: [96/100] train_acc: 0.685 train_loss_sup: 0.910
[GPU1] epochs: [97/100] train_acc: 0.685 train_loss_sup: 0.913
[GPU1] epochs: [98/100] train_acc: 0.684 train_loss_sup: 0.914
[GPU1] epochs: [99/100] train_acc: 0.684 train_loss_sup: 0.912
[GPU1] epochs: [100/100] train_acc: 0.687 train_loss_sup: 0.908
[GPU1] Final Test Accuracy: 0.718
LR: 0.100 | WD: 0.000000 | Cosine: False | test Acc: 0.718%
===> using linear mlp
Scheduler: None
MLP: MLP(
  (mlp): Linear(in_features=512, out_features=10, bias=True)
)
[GPU1] Test Accuracy at epoch: 0: 0.625
[GPU1] epochs: [1/100] train_acc: 0.523 train_loss_sup: 1.648
[GPU1] epochs: [2/100] train_acc: 0.620 train_loss_sup: 1.200
[GPU1] epochs: [3/100] train_acc: 0.635 train_loss_sup: 1.095
[GPU1] epochs: [4/100] train_acc: 0.648 train_loss_sup: 1.046
[GPU1] epochs: [5/100] train_acc: 0.657 train_loss_sup: 1.006
[GPU1] epochs: [6/100] train_acc: 0.664 train_loss_sup: 0.980
[GPU1] epochs: [7/100] train_acc: 0.670 train_loss_sup: 0.959
[GPU1] epochs: [8/100] train_acc: 0.676 train_loss_sup: 0.942
[GPU1] epochs: [9/100] train_acc: 0.678 train_loss_sup: 0.932
[GPU1] epochs: [10/100] train_acc: 0.685 train_loss_sup: 0.916
[GPU1] Test Accuracy at epoch: 10: 0.722
[GPU1] epochs: [11/100] train_acc: 0.686 train_loss_sup: 0.907
[GPU1] epochs: [12/100] train_acc: 0.689 train_loss_sup: 0.895
[GPU1] epochs: [13/100] train_acc: 0.691 train_loss_sup: 0.894
[GPU1] epochs: [14/100] train_acc: 0.692 train_loss_sup: 0.881
[GPU1] epochs: [15/100] train_acc: 0.696 train_loss_sup: 0.875
[GPU1] epochs: [16/100] train_acc: 0.695 train_loss_sup: 0.877
[GPU1] epochs: [17/100] train_acc: 0.702 train_loss_sup: 0.864
[GPU1] epochs: [18/100] train_acc: 0.699 train_loss_sup: 0.866
[GPU1] epochs: [19/100] train_acc: 0.704 train_loss_sup: 0.852
[GPU1] epochs: [20/100] train_acc: 0.705 train_loss_sup: 0.851
[GPU1] Test Accuracy at epoch: 20: 0.743
[GPU1] epochs: [21/100] train_acc: 0.707 train_loss_sup: 0.844
[GPU1] epochs: [22/100] train_acc: 0.704 train_loss_sup: 0.846
[GPU1] epochs: [23/100] train_acc: 0.708 train_loss_sup: 0.841
[GPU1] epochs: [24/100] train_acc: 0.708 train_loss_sup: 0.840
[GPU1] epochs: [25/100] train_acc: 0.709 train_loss_sup: 0.834
[GPU1] epochs: [26/100] train_acc: 0.710 train_loss_sup: 0.831
[GPU1] epochs: [27/100] train_acc: 0.710 train_loss_sup: 0.831
[GPU1] epochs: [28/100] train_acc: 0.711 train_loss_sup: 0.830
[GPU1] epochs: [29/100] train_acc: 0.711 train_loss_sup: 0.825
[GPU1] epochs: [30/100] train_acc: 0.712 train_loss_sup: 0.825
[GPU1] Test Accuracy at epoch: 30: 0.75
[GPU1] epochs: [31/100] train_acc: 0.713 train_loss_sup: 0.820
[GPU1] epochs: [32/100] train_acc: 0.713 train_loss_sup: 0.822
[GPU1] epochs: [33/100] train_acc: 0.715 train_loss_sup: 0.820
[GPU1] epochs: [34/100] train_acc: 0.715 train_loss_sup: 0.815
[GPU1] epochs: [35/100] train_acc: 0.719 train_loss_sup: 0.814
[GPU1] epochs: [36/100] train_acc: 0.717 train_loss_sup: 0.812
[GPU1] epochs: [37/100] train_acc: 0.716 train_loss_sup: 0.806
[GPU1] epochs: [38/100] train_acc: 0.722 train_loss_sup: 0.805
[GPU1] epochs: [39/100] train_acc: 0.718 train_loss_sup: 0.805
[GPU1] epochs: [40/100] train_acc: 0.719 train_loss_sup: 0.801
[GPU1] Test Accuracy at epoch: 40: 0.76
[GPU1] epochs: [41/100] train_acc: 0.718 train_loss_sup: 0.808
[GPU1] epochs: [42/100] train_acc: 0.718 train_loss_sup: 0.802
[GPU1] epochs: [43/100] train_acc: 0.718 train_loss_sup: 0.801
[GPU1] epochs: [44/100] train_acc: 0.720 train_loss_sup: 0.801
[GPU1] epochs: [45/100] train_acc: 0.723 train_loss_sup: 0.796
[GPU1] epochs: [46/100] train_acc: 0.720 train_loss_sup: 0.800
[GPU1] epochs: [47/100] train_acc: 0.722 train_loss_sup: 0.794
[GPU1] epochs: [48/100] train_acc: 0.718 train_loss_sup: 0.799
[GPU1] epochs: [49/100] train_acc: 0.721 train_loss_sup: 0.797
[GPU1] epochs: [50/100] train_acc: 0.722 train_loss_sup: 0.794
[GPU1] Test Accuracy at epoch: 50: 0.763
[GPU1] epochs: [51/100] train_acc: 0.722 train_loss_sup: 0.794
[GPU1] epochs: [52/100] train_acc: 0.721 train_loss_sup: 0.795
[GPU1] epochs: [53/100] train_acc: 0.723 train_loss_sup: 0.789
[GPU1] epochs: [54/100] train_acc: 0.724 train_loss_sup: 0.793
[GPU1] epochs: [55/100] train_acc: 0.725 train_loss_sup: 0.790
[GPU1] epochs: [56/100] train_acc: 0.727 train_loss_sup: 0.788
[GPU1] epochs: [57/100] train_acc: 0.723 train_loss_sup: 0.789
[GPU1] epochs: [58/100] train_acc: 0.726 train_loss_sup: 0.785
[GPU1] epochs: [59/100] train_acc: 0.723 train_loss_sup: 0.792
[GPU1] epochs: [60/100] train_acc: 0.725 train_loss_sup: 0.786
[GPU1] Test Accuracy at epoch: 60: 0.766
[GPU1] epochs: [61/100] train_acc: 0.725 train_loss_sup: 0.790
[GPU1] epochs: [62/100] train_acc: 0.726 train_loss_sup: 0.787
[GPU1] epochs: [63/100] train_acc: 0.724 train_loss_sup: 0.789
[GPU1] epochs: [64/100] train_acc: 0.727 train_loss_sup: 0.784
[GPU1] epochs: [65/100] train_acc: 0.725 train_loss_sup: 0.787
[GPU1] epochs: [66/100] train_acc: 0.729 train_loss_sup: 0.778
[GPU1] epochs: [67/100] train_acc: 0.726 train_loss_sup: 0.783
[GPU1] epochs: [68/100] train_acc: 0.723 train_loss_sup: 0.783
[GPU1] epochs: [69/100] train_acc: 0.725 train_loss_sup: 0.785
[GPU1] epochs: [70/100] train_acc: 0.727 train_loss_sup: 0.781
[GPU1] Test Accuracy at epoch: 70: 0.77
[GPU1] epochs: [71/100] train_acc: 0.729 train_loss_sup: 0.776
[GPU1] epochs: [72/100] train_acc: 0.730 train_loss_sup: 0.776
[GPU1] epochs: [73/100] train_acc: 0.726 train_loss_sup: 0.778
[GPU1] epochs: [74/100] train_acc: 0.725 train_loss_sup: 0.783
[GPU1] epochs: [75/100] train_acc: 0.731 train_loss_sup: 0.777
[GPU1] epochs: [76/100] train_acc: 0.727 train_loss_sup: 0.778
[GPU1] epochs: [77/100] train_acc: 0.727 train_loss_sup: 0.777
[GPU1] epochs: [78/100] train_acc: 0.729 train_loss_sup: 0.770
[GPU1] epochs: [79/100] train_acc: 0.729 train_loss_sup: 0.779
[GPU1] epochs: [80/100] train_acc: 0.729 train_loss_sup: 0.774
[GPU1] Test Accuracy at epoch: 80: 0.77
[GPU1] epochs: [81/100] train_acc: 0.730 train_loss_sup: 0.777
[GPU1] epochs: [82/100] train_acc: 0.730 train_loss_sup: 0.771
[GPU1] epochs: [83/100] train_acc: 0.727 train_loss_sup: 0.778
[GPU1] epochs: [84/100] train_acc: 0.728 train_loss_sup: 0.774
[GPU1] epochs: [85/100] train_acc: 0.727 train_loss_sup: 0.783
[GPU1] epochs: [86/100] train_acc: 0.729 train_loss_sup: 0.778
[GPU1] epochs: [87/100] train_acc: 0.728 train_loss_sup: 0.777
[GPU1] epochs: [88/100] train_acc: 0.730 train_loss_sup: 0.772
[GPU1] epochs: [89/100] train_acc: 0.729 train_loss_sup: 0.771
[GPU1] epochs: [90/100] train_acc: 0.732 train_loss_sup: 0.770
[GPU1] Test Accuracy at epoch: 90: 0.773
[GPU1] epochs: [91/100] train_acc: 0.728 train_loss_sup: 0.773
[GPU1] epochs: [92/100] train_acc: 0.733 train_loss_sup: 0.774
[GPU1] epochs: [93/100] train_acc: 0.730 train_loss_sup: 0.770
[GPU1] epochs: [94/100] train_acc: 0.731 train_loss_sup: 0.770
[GPU1] epochs: [95/100] train_acc: 0.731 train_loss_sup: 0.767
[GPU1] epochs: [96/100] train_acc: 0.732 train_loss_sup: 0.767
[GPU1] epochs: [97/100] train_acc: 0.731 train_loss_sup: 0.768
[GPU1] epochs: [98/100] train_acc: 0.732 train_loss_sup: 0.770
[GPU1] epochs: [99/100] train_acc: 0.733 train_loss_sup: 0.766
[GPU1] epochs: [100/100] train_acc: 0.732 train_loss_sup: 0.767
[GPU1] Final Test Accuracy: 0.774
LR: 1.000 | WD: 0.000001 | Cosine: False | test Acc: 0.774%
===> using linear mlp
Scheduler: None
MLP: MLP(
  (mlp): Linear(in_features=512, out_features=10, bias=True)
)
[GPU1] Test Accuracy at epoch: 0: 0.62
[GPU1] epochs: [1/100] train_acc: 0.526 train_loss_sup: 1.657
[GPU1] epochs: [2/100] train_acc: 0.616 train_loss_sup: 1.228
[GPU1] epochs: [3/100] train_acc: 0.634 train_loss_sup: 1.131
[GPU1] epochs: [4/100] train_acc: 0.643 train_loss_sup: 1.088
[GPU1] epochs: [5/100] train_acc: 0.653 train_loss_sup: 1.057
[GPU1] epochs: [6/100] train_acc: 0.659 train_loss_sup: 1.040
[GPU1] epochs: [7/100] train_acc: 0.664 train_loss_sup: 1.025
[GPU1] epochs: [8/100] train_acc: 0.668 train_loss_sup: 1.014
[GPU1] epochs: [9/100] train_acc: 0.670 train_loss_sup: 1.008
[GPU1] epochs: [10/100] train_acc: 0.671 train_loss_sup: 1.003
[GPU1] Test Accuracy at epoch: 10: 0.708
[GPU1] epochs: [11/100] train_acc: 0.673 train_loss_sup: 0.998
[GPU1] epochs: [12/100] train_acc: 0.674 train_loss_sup: 0.993
[GPU1] epochs: [13/100] train_acc: 0.676 train_loss_sup: 0.989
[GPU1] epochs: [14/100] train_acc: 0.677 train_loss_sup: 0.989
[GPU1] epochs: [15/100] train_acc: 0.677 train_loss_sup: 0.988
[GPU1] epochs: [16/100] train_acc: 0.677 train_loss_sup: 0.985
[GPU1] epochs: [17/100] train_acc: 0.679 train_loss_sup: 0.983
[GPU1] epochs: [18/100] train_acc: 0.680 train_loss_sup: 0.982
[GPU1] epochs: [19/100] train_acc: 0.680 train_loss_sup: 0.980
[GPU1] epochs: [20/100] train_acc: 0.681 train_loss_sup: 0.980
[GPU1] Test Accuracy at epoch: 20: 0.712
[GPU1] epochs: [21/100] train_acc: 0.682 train_loss_sup: 0.977
[GPU1] epochs: [22/100] train_acc: 0.682 train_loss_sup: 0.980
[GPU1] epochs: [23/100] train_acc: 0.684 train_loss_sup: 0.975
[GPU1] epochs: [24/100] train_acc: 0.683 train_loss_sup: 0.976
[GPU1] epochs: [25/100] train_acc: 0.680 train_loss_sup: 0.979
[GPU1] epochs: [26/100] train_acc: 0.681 train_loss_sup: 0.980
[GPU1] epochs: [27/100] train_acc: 0.682 train_loss_sup: 0.976
[GPU1] epochs: [28/100] train_acc: 0.684 train_loss_sup: 0.973
[GPU1] epochs: [29/100] train_acc: 0.682 train_loss_sup: 0.976
[GPU1] epochs: [30/100] train_acc: 0.684 train_loss_sup: 0.977
[GPU1] Test Accuracy at epoch: 30: 0.709
[GPU1] epochs: [31/100] train_acc: 0.683 train_loss_sup: 0.976
[GPU1] epochs: [32/100] train_acc: 0.686 train_loss_sup: 0.974
[GPU1] epochs: [33/100] train_acc: 0.682 train_loss_sup: 0.975
[GPU1] epochs: [34/100] train_acc: 0.682 train_loss_sup: 0.975
[GPU1] epochs: [35/100] train_acc: 0.686 train_loss_sup: 0.975
[GPU1] epochs: [36/100] train_acc: 0.684 train_loss_sup: 0.974
[GPU1] epochs: [37/100] train_acc: 0.682 train_loss_sup: 0.977
[GPU1] epochs: [38/100] train_acc: 0.682 train_loss_sup: 0.976
[GPU1] epochs: [39/100] train_acc: 0.683 train_loss_sup: 0.976
[GPU1] epochs: [40/100] train_acc: 0.680 train_loss_sup: 0.974
[GPU1] Test Accuracy at epoch: 40: 0.711
[GPU1] epochs: [41/100] train_acc: 0.680 train_loss_sup: 0.977
[GPU1] epochs: [42/100] train_acc: 0.684 train_loss_sup: 0.972
[GPU1] epochs: [43/100] train_acc: 0.682 train_loss_sup: 0.972
[GPU1] epochs: [44/100] train_acc: 0.686 train_loss_sup: 0.973
[GPU1] epochs: [45/100] train_acc: 0.684 train_loss_sup: 0.977
[GPU1] epochs: [46/100] train_acc: 0.683 train_loss_sup: 0.975
[GPU1] epochs: [47/100] train_acc: 0.686 train_loss_sup: 0.974
[GPU1] epochs: [48/100] train_acc: 0.683 train_loss_sup: 0.973
[GPU1] epochs: [49/100] train_acc: 0.679 train_loss_sup: 0.982
[GPU1] epochs: [50/100] train_acc: 0.684 train_loss_sup: 0.974
[GPU1] Test Accuracy at epoch: 50: 0.716
[GPU1] epochs: [51/100] train_acc: 0.683 train_loss_sup: 0.977
[GPU1] epochs: [52/100] train_acc: 0.682 train_loss_sup: 0.977
[GPU1] epochs: [53/100] train_acc: 0.682 train_loss_sup: 0.979
[GPU1] epochs: [54/100] train_acc: 0.684 train_loss_sup: 0.973
[GPU1] epochs: [55/100] train_acc: 0.686 train_loss_sup: 0.972
[GPU1] epochs: [56/100] train_acc: 0.683 train_loss_sup: 0.973
[GPU1] epochs: [57/100] train_acc: 0.685 train_loss_sup: 0.973
[GPU1] epochs: [58/100] train_acc: 0.684 train_loss_sup: 0.976
[GPU1] epochs: [59/100] train_acc: 0.684 train_loss_sup: 0.975
[GPU1] epochs: [60/100] train_acc: 0.683 train_loss_sup: 0.976
[GPU1] Test Accuracy at epoch: 60: 0.717
[GPU1] epochs: [61/100] train_acc: 0.679 train_loss_sup: 0.980
[GPU1] epochs: [62/100] train_acc: 0.685 train_loss_sup: 0.974
[GPU1] epochs: [63/100] train_acc: 0.684 train_loss_sup: 0.974
[GPU1] epochs: [64/100] train_acc: 0.683 train_loss_sup: 0.975
[GPU1] epochs: [65/100] train_acc: 0.683 train_loss_sup: 0.977
[GPU1] epochs: [66/100] train_acc: 0.684 train_loss_sup: 0.977
[GPU1] epochs: [67/100] train_acc: 0.683 train_loss_sup: 0.975
[GPU1] epochs: [68/100] train_acc: 0.684 train_loss_sup: 0.975
[GPU1] epochs: [69/100] train_acc: 0.683 train_loss_sup: 0.975
[GPU1] epochs: [70/100] train_acc: 0.682 train_loss_sup: 0.977
[GPU1] Test Accuracy at epoch: 70: 0.712
[GPU1] epochs: [71/100] train_acc: 0.684 train_loss_sup: 0.975
[GPU1] epochs: [72/100] train_acc: 0.684 train_loss_sup: 0.976
[GPU1] epochs: [73/100] train_acc: 0.686 train_loss_sup: 0.977
[GPU1] epochs: [74/100] train_acc: 0.683 train_loss_sup: 0.978
[GPU1] epochs: [75/100] train_acc: 0.683 train_loss_sup: 0.975
[GPU1] epochs: [76/100] train_acc: 0.684 train_loss_sup: 0.972
[GPU1] epochs: [77/100] train_acc: 0.684 train_loss_sup: 0.976
[GPU1] epochs: [78/100] train_acc: 0.685 train_loss_sup: 0.972
[GPU1] epochs: [79/100] train_acc: 0.683 train_loss_sup: 0.974
[GPU1] epochs: [80/100] train_acc: 0.682 train_loss_sup: 0.976
[GPU1] Test Accuracy at epoch: 80: 0.711
[GPU1] epochs: [81/100] train_acc: 0.684 train_loss_sup: 0.977
[GPU1] epochs: [82/100] train_acc: 0.682 train_loss_sup: 0.976
[GPU1] epochs: [83/100] train_acc: 0.683 train_loss_sup: 0.976
[GPU1] epochs: [84/100] train_acc: 0.684 train_loss_sup: 0.976
[GPU1] epochs: [85/100] train_acc: 0.684 train_loss_sup: 0.976
[GPU1] epochs: [86/100] train_acc: 0.683 train_loss_sup: 0.979
[GPU1] epochs: [87/100] train_acc: 0.681 train_loss_sup: 0.979
[GPU1] epochs: [88/100] train_acc: 0.681 train_loss_sup: 0.980
[GPU1] epochs: [89/100] train_acc: 0.683 train_loss_sup: 0.976
[GPU1] epochs: [90/100] train_acc: 0.681 train_loss_sup: 0.979
[GPU1] Test Accuracy at epoch: 90: 0.713
[GPU1] epochs: [91/100] train_acc: 0.680 train_loss_sup: 0.977
[GPU1] epochs: [92/100] train_acc: 0.682 train_loss_sup: 0.978
[GPU1] epochs: [93/100] train_acc: 0.684 train_loss_sup: 0.974
[GPU1] epochs: [94/100] train_acc: 0.681 train_loss_sup: 0.976
[GPU1] epochs: [95/100] train_acc: 0.684 train_loss_sup: 0.975
[GPU1] epochs: [96/100] train_acc: 0.681 train_loss_sup: 0.974
[GPU1] epochs: [97/100] train_acc: 0.685 train_loss_sup: 0.974
[GPU1] epochs: [98/100] train_acc: 0.683 train_loss_sup: 0.978
[GPU1] epochs: [99/100] train_acc: 0.683 train_loss_sup: 0.976
[GPU1] epochs: [100/100] train_acc: 0.683 train_loss_sup: 0.976
[GPU1] Final Test Accuracy: 0.718
LR: 1.000 | WD: 0.000100 | Cosine: False | test Acc: 0.718%
===> using linear mlp
Scheduler: None
MLP: MLP(
  (mlp): Linear(in_features=512, out_features=10, bias=True)
)
[GPU1] Test Accuracy at epoch: 0: 0.624
[GPU1] epochs: [1/100] train_acc: 0.533 train_loss_sup: 1.645
[GPU1] epochs: [2/100] train_acc: 0.618 train_loss_sup: 1.198
[GPU1] epochs: [3/100] train_acc: 0.637 train_loss_sup: 1.092
[GPU1] epochs: [4/100] train_acc: 0.650 train_loss_sup: 1.040
[GPU1] epochs: [5/100] train_acc: 0.658 train_loss_sup: 1.007
[GPU1] epochs: [6/100] train_acc: 0.665 train_loss_sup: 0.977
[GPU1] epochs: [7/100] train_acc: 0.670 train_loss_sup: 0.958
[GPU1] epochs: [8/100] train_acc: 0.677 train_loss_sup: 0.940
[GPU1] epochs: [9/100] train_acc: 0.678 train_loss_sup: 0.930
[GPU1] epochs: [10/100] train_acc: 0.681 train_loss_sup: 0.919
[GPU1] Test Accuracy at epoch: 10: 0.718
[GPU1] epochs: [11/100] train_acc: 0.686 train_loss_sup: 0.909
[GPU1] epochs: [12/100] train_acc: 0.691 train_loss_sup: 0.892
[GPU1] epochs: [13/100] train_acc: 0.691 train_loss_sup: 0.887
[GPU1] epochs: [14/100] train_acc: 0.692 train_loss_sup: 0.882
[GPU1] epochs: [15/100] train_acc: 0.695 train_loss_sup: 0.879
[GPU1] epochs: [16/100] train_acc: 0.698 train_loss_sup: 0.871
[GPU1] epochs: [17/100] train_acc: 0.699 train_loss_sup: 0.864
[GPU1] epochs: [18/100] train_acc: 0.701 train_loss_sup: 0.859
[GPU1] epochs: [19/100] train_acc: 0.700 train_loss_sup: 0.855
[GPU1] epochs: [20/100] train_acc: 0.702 train_loss_sup: 0.856
[GPU1] Test Accuracy at epoch: 20: 0.743
[GPU1] epochs: [21/100] train_acc: 0.704 train_loss_sup: 0.847
[GPU1] epochs: [22/100] train_acc: 0.705 train_loss_sup: 0.839
[GPU1] epochs: [23/100] train_acc: 0.706 train_loss_sup: 0.845
[GPU1] epochs: [24/100] train_acc: 0.709 train_loss_sup: 0.839
[GPU1] epochs: [25/100] train_acc: 0.710 train_loss_sup: 0.834
[GPU1] epochs: [26/100] train_acc: 0.708 train_loss_sup: 0.832
[GPU1] epochs: [27/100] train_acc: 0.711 train_loss_sup: 0.831
[GPU1] epochs: [28/100] train_acc: 0.707 train_loss_sup: 0.829
[GPU1] epochs: [29/100] train_acc: 0.714 train_loss_sup: 0.820
[GPU1] epochs: [30/100] train_acc: 0.712 train_loss_sup: 0.825
[GPU1] Test Accuracy at epoch: 30: 0.75
[GPU1] epochs: [31/100] train_acc: 0.715 train_loss_sup: 0.821
[GPU1] epochs: [32/100] train_acc: 0.712 train_loss_sup: 0.818
[GPU1] epochs: [33/100] train_acc: 0.716 train_loss_sup: 0.815
[GPU1] epochs: [34/100] train_acc: 0.717 train_loss_sup: 0.814
[GPU1] epochs: [35/100] train_acc: 0.714 train_loss_sup: 0.818
[GPU1] epochs: [36/100] train_acc: 0.717 train_loss_sup: 0.809
[GPU1] epochs: [37/100] train_acc: 0.716 train_loss_sup: 0.813
[GPU1] epochs: [38/100] train_acc: 0.718 train_loss_sup: 0.808
[GPU1] epochs: [39/100] train_acc: 0.718 train_loss_sup: 0.806
[GPU1] epochs: [40/100] train_acc: 0.722 train_loss_sup: 0.797
[GPU1] Test Accuracy at epoch: 40: 0.761
[GPU1] epochs: [41/100] train_acc: 0.719 train_loss_sup: 0.803
[GPU1] epochs: [42/100] train_acc: 0.718 train_loss_sup: 0.800
[GPU1] epochs: [43/100] train_acc: 0.721 train_loss_sup: 0.801
[GPU1] epochs: [44/100] train_acc: 0.720 train_loss_sup: 0.797
[GPU1] epochs: [45/100] train_acc: 0.719 train_loss_sup: 0.806
[GPU1] epochs: [46/100] train_acc: 0.723 train_loss_sup: 0.794
[GPU1] epochs: [47/100] train_acc: 0.724 train_loss_sup: 0.791
[GPU1] epochs: [48/100] train_acc: 0.724 train_loss_sup: 0.792
[GPU1] epochs: [49/100] train_acc: 0.723 train_loss_sup: 0.797
[GPU1] epochs: [50/100] train_acc: 0.719 train_loss_sup: 0.795
[GPU1] Test Accuracy at epoch: 50: 0.763
[GPU1] epochs: [51/100] train_acc: 0.721 train_loss_sup: 0.795
[GPU1] epochs: [52/100] train_acc: 0.723 train_loss_sup: 0.793
[GPU1] epochs: [53/100] train_acc: 0.726 train_loss_sup: 0.789
[GPU1] epochs: [54/100] train_acc: 0.724 train_loss_sup: 0.789
[GPU1] epochs: [55/100] train_acc: 0.723 train_loss_sup: 0.791
[GPU1] epochs: [56/100] train_acc: 0.725 train_loss_sup: 0.786
[GPU1] epochs: [57/100] train_acc: 0.723 train_loss_sup: 0.790
[GPU1] epochs: [58/100] train_acc: 0.727 train_loss_sup: 0.780
[GPU1] epochs: [59/100] train_acc: 0.725 train_loss_sup: 0.785
[GPU1] epochs: [60/100] train_acc: 0.725 train_loss_sup: 0.782
[GPU1] Test Accuracy at epoch: 60: 0.765
[GPU1] epochs: [61/100] train_acc: 0.725 train_loss_sup: 0.785
[GPU1] epochs: [62/100] train_acc: 0.726 train_loss_sup: 0.783
[GPU1] epochs: [63/100] train_acc: 0.727 train_loss_sup: 0.783
[GPU1] epochs: [64/100] train_acc: 0.729 train_loss_sup: 0.778
[GPU1] epochs: [65/100] train_acc: 0.726 train_loss_sup: 0.784
[GPU1] epochs: [66/100] train_acc: 0.726 train_loss_sup: 0.778
[GPU1] epochs: [67/100] train_acc: 0.727 train_loss_sup: 0.782
[GPU1] epochs: [68/100] train_acc: 0.728 train_loss_sup: 0.780
[GPU1] epochs: [69/100] train_acc: 0.728 train_loss_sup: 0.771
[GPU1] epochs: [70/100] train_acc: 0.728 train_loss_sup: 0.779
[GPU1] Test Accuracy at epoch: 70: 0.772
[GPU1] epochs: [71/100] train_acc: 0.729 train_loss_sup: 0.776
[GPU1] epochs: [72/100] train_acc: 0.730 train_loss_sup: 0.771
[GPU1] epochs: [73/100] train_acc: 0.728 train_loss_sup: 0.770
[GPU1] epochs: [74/100] train_acc: 0.728 train_loss_sup: 0.777
[GPU1] epochs: [75/100] train_acc: 0.731 train_loss_sup: 0.771
[GPU1] epochs: [76/100] train_acc: 0.730 train_loss_sup: 0.774
[GPU1] epochs: [77/100] train_acc: 0.731 train_loss_sup: 0.770
[GPU1] epochs: [78/100] train_acc: 0.728 train_loss_sup: 0.774
[GPU1] epochs: [79/100] train_acc: 0.727 train_loss_sup: 0.775
[GPU1] epochs: [80/100] train_acc: 0.730 train_loss_sup: 0.769
[GPU1] Test Accuracy at epoch: 80: 0.774
[GPU1] epochs: [81/100] train_acc: 0.731 train_loss_sup: 0.771
[GPU1] epochs: [82/100] train_acc: 0.731 train_loss_sup: 0.767
[GPU1] epochs: [83/100] train_acc: 0.734 train_loss_sup: 0.764
[GPU1] epochs: [84/100] train_acc: 0.730 train_loss_sup: 0.773
[GPU1] epochs: [85/100] train_acc: 0.731 train_loss_sup: 0.774
[GPU1] epochs: [86/100] train_acc: 0.729 train_loss_sup: 0.770
[GPU1] epochs: [87/100] train_acc: 0.730 train_loss_sup: 0.767
[GPU1] epochs: [88/100] train_acc: 0.731 train_loss_sup: 0.768
[GPU1] epochs: [89/100] train_acc: 0.730 train_loss_sup: 0.769
[GPU1] epochs: [90/100] train_acc: 0.733 train_loss_sup: 0.764
[GPU1] Test Accuracy at epoch: 90: 0.767
[GPU1] epochs: [91/100] train_acc: 0.732 train_loss_sup: 0.763
[GPU1] epochs: [92/100] train_acc: 0.733 train_loss_sup: 0.768
[GPU1] epochs: [93/100] train_acc: 0.732 train_loss_sup: 0.769
[GPU1] epochs: [94/100] train_acc: 0.731 train_loss_sup: 0.774
[GPU1] epochs: [95/100] train_acc: 0.732 train_loss_sup: 0.766
[GPU1] epochs: [96/100] train_acc: 0.731 train_loss_sup: 0.765
[GPU1] epochs: [97/100] train_acc: 0.729 train_loss_sup: 0.766
[GPU1] epochs: [98/100] train_acc: 0.730 train_loss_sup: 0.774
[GPU1] epochs: [99/100] train_acc: 0.735 train_loss_sup: 0.760
[GPU1] epochs: [100/100] train_acc: 0.732 train_loss_sup: 0.764
[GPU1] Final Test Accuracy: 0.775
LR: 1.000 | WD: 0.000000 | Cosine: False | test Acc: 0.775%
===> using linear mlp
Scheduler: <torch.optim.lr_scheduler.CosineAnnealingLR object at 0x7f564f0ce5f0>
MLP: MLP(
  (mlp): Linear(in_features=512, out_features=10, bias=True)
)
[GPU1] Test Accuracy at epoch: 0: 0.565
[GPU1] epochs: [1/100] train_acc: 0.438 train_loss_sup: 2.168
[GPU1] epochs: [2/100] train_acc: 0.562 train_loss_sup: 1.919
[GPU1] epochs: [3/100] train_acc: 0.576 train_loss_sup: 1.753
[GPU1] epochs: [4/100] train_acc: 0.584 train_loss_sup: 1.635
[GPU1] epochs: [5/100] train_acc: 0.594 train_loss_sup: 1.546
[GPU1] epochs: [6/100] train_acc: 0.596 train_loss_sup: 1.477
[GPU1] epochs: [7/100] train_acc: 0.599 train_loss_sup: 1.422
[GPU1] epochs: [8/100] train_acc: 0.606 train_loss_sup: 1.377
[GPU1] epochs: [9/100] train_acc: 0.610 train_loss_sup: 1.338
[GPU1] epochs: [10/100] train_acc: 0.612 train_loss_sup: 1.308
[GPU1] Test Accuracy at epoch: 10: 0.642
[GPU1] epochs: [11/100] train_acc: 0.614 train_loss_sup: 1.280
[GPU1] epochs: [12/100] train_acc: 0.619 train_loss_sup: 1.258
[GPU1] epochs: [13/100] train_acc: 0.619 train_loss_sup: 1.239
[GPU1] epochs: [14/100] train_acc: 0.622 train_loss_sup: 1.219
[GPU1] epochs: [15/100] train_acc: 0.621 train_loss_sup: 1.205
[GPU1] epochs: [16/100] train_acc: 0.626 train_loss_sup: 1.189
[GPU1] epochs: [17/100] train_acc: 0.626 train_loss_sup: 1.179
[GPU1] epochs: [18/100] train_acc: 0.630 train_loss_sup: 1.164
[GPU1] epochs: [19/100] train_acc: 0.633 train_loss_sup: 1.152
[GPU1] epochs: [20/100] train_acc: 0.633 train_loss_sup: 1.142
[GPU1] Test Accuracy at epoch: 20: 0.656
[GPU1] epochs: [21/100] train_acc: 0.634 train_loss_sup: 1.135
[GPU1] epochs: [22/100] train_acc: 0.636 train_loss_sup: 1.123
[GPU1] epochs: [23/100] train_acc: 0.635 train_loss_sup: 1.119
[GPU1] epochs: [24/100] train_acc: 0.638 train_loss_sup: 1.111
[GPU1] epochs: [25/100] train_acc: 0.639 train_loss_sup: 1.104
[GPU1] epochs: [26/100] train_acc: 0.637 train_loss_sup: 1.101
[GPU1] epochs: [27/100] train_acc: 0.642 train_loss_sup: 1.092
[GPU1] epochs: [28/100] train_acc: 0.642 train_loss_sup: 1.087
[GPU1] epochs: [29/100] train_acc: 0.641 train_loss_sup: 1.083
[GPU1] epochs: [30/100] train_acc: 0.642 train_loss_sup: 1.075
[GPU1] Test Accuracy at epoch: 30: 0.673
[GPU1] epochs: [31/100] train_acc: 0.645 train_loss_sup: 1.071
[GPU1] epochs: [32/100] train_acc: 0.647 train_loss_sup: 1.067
[GPU1] epochs: [33/100] train_acc: 0.645 train_loss_sup: 1.066
[GPU1] epochs: [34/100] train_acc: 0.647 train_loss_sup: 1.059
[GPU1] epochs: [35/100] train_acc: 0.650 train_loss_sup: 1.056
[GPU1] epochs: [36/100] train_acc: 0.650 train_loss_sup: 1.051
[GPU1] epochs: [37/100] train_acc: 0.647 train_loss_sup: 1.049
[GPU1] epochs: [38/100] train_acc: 0.652 train_loss_sup: 1.042
[GPU1] epochs: [39/100] train_acc: 0.649 train_loss_sup: 1.044
[GPU1] epochs: [40/100] train_acc: 0.651 train_loss_sup: 1.039
[GPU1] Test Accuracy at epoch: 40: 0.683
[GPU1] epochs: [41/100] train_acc: 0.652 train_loss_sup: 1.034
[GPU1] epochs: [42/100] train_acc: 0.652 train_loss_sup: 1.036
[GPU1] epochs: [43/100] train_acc: 0.654 train_loss_sup: 1.031
[GPU1] epochs: [44/100] train_acc: 0.653 train_loss_sup: 1.031
[GPU1] epochs: [45/100] train_acc: 0.657 train_loss_sup: 1.028
[GPU1] epochs: [46/100] train_acc: 0.653 train_loss_sup: 1.027
[GPU1] epochs: [47/100] train_acc: 0.655 train_loss_sup: 1.022
[GPU1] epochs: [48/100] train_acc: 0.653 train_loss_sup: 1.021
[GPU1] epochs: [49/100] train_acc: 0.656 train_loss_sup: 1.017
[GPU1] epochs: [50/100] train_acc: 0.658 train_loss_sup: 1.018
[GPU1] Test Accuracy at epoch: 50: 0.687
[GPU1] epochs: [51/100] train_acc: 0.657 train_loss_sup: 1.015
[GPU1] epochs: [52/100] train_acc: 0.658 train_loss_sup: 1.012
[GPU1] epochs: [53/100] train_acc: 0.661 train_loss_sup: 1.010
[GPU1] epochs: [54/100] train_acc: 0.661 train_loss_sup: 1.009
[GPU1] epochs: [55/100] train_acc: 0.658 train_loss_sup: 1.007
[GPU1] epochs: [56/100] train_acc: 0.660 train_loss_sup: 1.009
[GPU1] epochs: [57/100] train_acc: 0.659 train_loss_sup: 1.008
[GPU1] epochs: [58/100] train_acc: 0.661 train_loss_sup: 1.003
[GPU1] epochs: [59/100] train_acc: 0.663 train_loss_sup: 0.999
[GPU1] epochs: [60/100] train_acc: 0.661 train_loss_sup: 1.003
[GPU1] Test Accuracy at epoch: 60: 0.69
[GPU1] epochs: [61/100] train_acc: 0.661 train_loss_sup: 1.000
[GPU1] epochs: [62/100] train_acc: 0.661 train_loss_sup: 1.001
[GPU1] epochs: [63/100] train_acc: 0.661 train_loss_sup: 1.001
[GPU1] epochs: [64/100] train_acc: 0.663 train_loss_sup: 1.000
[GPU1] epochs: [65/100] train_acc: 0.662 train_loss_sup: 0.995
[GPU1] epochs: [66/100] train_acc: 0.661 train_loss_sup: 0.995
[GPU1] epochs: [67/100] train_acc: 0.660 train_loss_sup: 0.997
[GPU1] epochs: [68/100] train_acc: 0.662 train_loss_sup: 0.998
[GPU1] epochs: [69/100] train_acc: 0.661 train_loss_sup: 0.997
[GPU1] epochs: [70/100] train_acc: 0.662 train_loss_sup: 1.000
[GPU1] Test Accuracy at epoch: 70: 0.692
[GPU1] epochs: [71/100] train_acc: 0.662 train_loss_sup: 0.995
[GPU1] epochs: [72/100] train_acc: 0.660 train_loss_sup: 0.996
[GPU1] epochs: [73/100] train_acc: 0.662 train_loss_sup: 0.994
[GPU1] epochs: [74/100] train_acc: 0.662 train_loss_sup: 0.989
[GPU1] epochs: [75/100] train_acc: 0.664 train_loss_sup: 0.990
[GPU1] epochs: [76/100] train_acc: 0.664 train_loss_sup: 0.990
[GPU1] epochs: [77/100] train_acc: 0.664 train_loss_sup: 0.989
[GPU1] epochs: [78/100] train_acc: 0.663 train_loss_sup: 0.990
[GPU1] epochs: [79/100] train_acc: 0.664 train_loss_sup: 0.991
[GPU1] epochs: [80/100] train_acc: 0.663 train_loss_sup: 0.991
[GPU1] Test Accuracy at epoch: 80: 0.693
[GPU1] epochs: [81/100] train_acc: 0.665 train_loss_sup: 0.990
[GPU1] epochs: [82/100] train_acc: 0.663 train_loss_sup: 0.992
[GPU1] epochs: [83/100] train_acc: 0.662 train_loss_sup: 0.993
[GPU1] epochs: [84/100] train_acc: 0.663 train_loss_sup: 0.990
[GPU1] epochs: [85/100] train_acc: 0.664 train_loss_sup: 0.989
[GPU1] epochs: [86/100] train_acc: 0.662 train_loss_sup: 0.991
[GPU1] epochs: [87/100] train_acc: 0.663 train_loss_sup: 0.992
[GPU1] epochs: [88/100] train_acc: 0.664 train_loss_sup: 0.989
[GPU1] epochs: [89/100] train_acc: 0.663 train_loss_sup: 0.989
[GPU1] epochs: [90/100] train_acc: 0.664 train_loss_sup: 0.986
[GPU1] Test Accuracy at epoch: 90: 0.693
[GPU1] epochs: [91/100] train_acc: 0.665 train_loss_sup: 0.989
[GPU1] epochs: [92/100] train_acc: 0.664 train_loss_sup: 0.988
[GPU1] epochs: [93/100] train_acc: 0.665 train_loss_sup: 0.985
[GPU1] epochs: [94/100] train_acc: 0.663 train_loss_sup: 0.987
[GPU1] epochs: [95/100] train_acc: 0.667 train_loss_sup: 0.986
[GPU1] epochs: [96/100] train_acc: 0.663 train_loss_sup: 0.988
[GPU1] epochs: [97/100] train_acc: 0.664 train_loss_sup: 0.987
[GPU1] epochs: [98/100] train_acc: 0.665 train_loss_sup: 0.988
[GPU1] epochs: [99/100] train_acc: 0.663 train_loss_sup: 0.988
[GPU1] epochs: [100/100] train_acc: 0.664 train_loss_sup: 0.988
[GPU1] Final Test Accuracy: 0.693
LR: 0.100 | WD: 0.000001 | Cosine: True | test Acc: 0.693%
===> using linear mlp
Scheduler: <torch.optim.lr_scheduler.CosineAnnealingLR object at 0x7f564f0cd660>
MLP: MLP(
  (mlp): Linear(in_features=512, out_features=10, bias=True)
)
[GPU1] Test Accuracy at epoch: 0: 0.592
[GPU1] epochs: [1/100] train_acc: 0.454 train_loss_sup: 2.169
[GPU1] epochs: [2/100] train_acc: 0.557 train_loss_sup: 1.921
[GPU1] epochs: [3/100] train_acc: 0.574 train_loss_sup: 1.758
[GPU1] epochs: [4/100] train_acc: 0.584 train_loss_sup: 1.641
[GPU1] epochs: [5/100] train_acc: 0.588 train_loss_sup: 1.557
[GPU1] epochs: [6/100] train_acc: 0.597 train_loss_sup: 1.488
[GPU1] epochs: [7/100] train_acc: 0.602 train_loss_sup: 1.435
[GPU1] epochs: [8/100] train_acc: 0.604 train_loss_sup: 1.392
[GPU1] epochs: [9/100] train_acc: 0.608 train_loss_sup: 1.358
[GPU1] epochs: [10/100] train_acc: 0.616 train_loss_sup: 1.325
[GPU1] Test Accuracy at epoch: 10: 0.64
[GPU1] epochs: [11/100] train_acc: 0.613 train_loss_sup: 1.303
[GPU1] epochs: [12/100] train_acc: 0.614 train_loss_sup: 1.283
[GPU1] epochs: [13/100] train_acc: 0.619 train_loss_sup: 1.261
[GPU1] epochs: [14/100] train_acc: 0.618 train_loss_sup: 1.246
[GPU1] epochs: [15/100] train_acc: 0.622 train_loss_sup: 1.227
[GPU1] epochs: [16/100] train_acc: 0.624 train_loss_sup: 1.217
[GPU1] epochs: [17/100] train_acc: 0.626 train_loss_sup: 1.201
[GPU1] epochs: [18/100] train_acc: 0.630 train_loss_sup: 1.191
[GPU1] epochs: [19/100] train_acc: 0.630 train_loss_sup: 1.183
[GPU1] epochs: [20/100] train_acc: 0.630 train_loss_sup: 1.173
[GPU1] Test Accuracy at epoch: 20: 0.659
[GPU1] epochs: [21/100] train_acc: 0.634 train_loss_sup: 1.163
[GPU1] epochs: [22/100] train_acc: 0.631 train_loss_sup: 1.160
[GPU1] epochs: [23/100] train_acc: 0.635 train_loss_sup: 1.150
[GPU1] epochs: [24/100] train_acc: 0.637 train_loss_sup: 1.145
[GPU1] epochs: [25/100] train_acc: 0.635 train_loss_sup: 1.141
[GPU1] epochs: [26/100] train_acc: 0.637 train_loss_sup: 1.135
[GPU1] epochs: [27/100] train_acc: 0.640 train_loss_sup: 1.126
[GPU1] epochs: [28/100] train_acc: 0.640 train_loss_sup: 1.124
[GPU1] epochs: [29/100] train_acc: 0.641 train_loss_sup: 1.118
[GPU1] epochs: [30/100] train_acc: 0.641 train_loss_sup: 1.115
[GPU1] Test Accuracy at epoch: 30: 0.669
[GPU1] epochs: [31/100] train_acc: 0.642 train_loss_sup: 1.112
[GPU1] epochs: [32/100] train_acc: 0.642 train_loss_sup: 1.111
[GPU1] epochs: [33/100] train_acc: 0.647 train_loss_sup: 1.103
[GPU1] epochs: [34/100] train_acc: 0.645 train_loss_sup: 1.100
[GPU1] epochs: [35/100] train_acc: 0.645 train_loss_sup: 1.097
[GPU1] epochs: [36/100] train_acc: 0.647 train_loss_sup: 1.094
[GPU1] epochs: [37/100] train_acc: 0.648 train_loss_sup: 1.092
[GPU1] epochs: [38/100] train_acc: 0.648 train_loss_sup: 1.086
[GPU1] epochs: [39/100] train_acc: 0.650 train_loss_sup: 1.084
[GPU1] epochs: [40/100] train_acc: 0.650 train_loss_sup: 1.082
[GPU1] Test Accuracy at epoch: 40: 0.676
[GPU1] epochs: [41/100] train_acc: 0.648 train_loss_sup: 1.083
[GPU1] epochs: [42/100] train_acc: 0.650 train_loss_sup: 1.081
[GPU1] epochs: [43/100] train_acc: 0.651 train_loss_sup: 1.076
[GPU1] epochs: [44/100] train_acc: 0.653 train_loss_sup: 1.074
[GPU1] epochs: [45/100] train_acc: 0.652 train_loss_sup: 1.074
[GPU1] epochs: [46/100] train_acc: 0.650 train_loss_sup: 1.073
[GPU1] epochs: [47/100] train_acc: 0.651 train_loss_sup: 1.072
[GPU1] epochs: [48/100] train_acc: 0.652 train_loss_sup: 1.069
[GPU1] epochs: [49/100] train_acc: 0.654 train_loss_sup: 1.066
[GPU1] epochs: [50/100] train_acc: 0.652 train_loss_sup: 1.063
[GPU1] Test Accuracy at epoch: 50: 0.681
[GPU1] epochs: [51/100] train_acc: 0.653 train_loss_sup: 1.066
[GPU1] epochs: [52/100] train_acc: 0.654 train_loss_sup: 1.064
[GPU1] epochs: [53/100] train_acc: 0.650 train_loss_sup: 1.064
[GPU1] epochs: [54/100] train_acc: 0.657 train_loss_sup: 1.060
[GPU1] epochs: [55/100] train_acc: 0.653 train_loss_sup: 1.060
[GPU1] epochs: [56/100] train_acc: 0.656 train_loss_sup: 1.059
[GPU1] epochs: [57/100] train_acc: 0.653 train_loss_sup: 1.058
[GPU1] epochs: [58/100] train_acc: 0.655 train_loss_sup: 1.059
[GPU1] epochs: [59/100] train_acc: 0.654 train_loss_sup: 1.058
[GPU1] epochs: [60/100] train_acc: 0.658 train_loss_sup: 1.054
[GPU1] Test Accuracy at epoch: 60: 0.686
[GPU1] epochs: [61/100] train_acc: 0.656 train_loss_sup: 1.056
[GPU1] epochs: [62/100] train_acc: 0.656 train_loss_sup: 1.055
[GPU1] epochs: [63/100] train_acc: 0.659 train_loss_sup: 1.052
[GPU1] epochs: [64/100] train_acc: 0.657 train_loss_sup: 1.052
[GPU1] epochs: [65/100] train_acc: 0.658 train_loss_sup: 1.052
[GPU1] epochs: [66/100] train_acc: 0.659 train_loss_sup: 1.052
[GPU1] epochs: [67/100] train_acc: 0.659 train_loss_sup: 1.048
[GPU1] epochs: [68/100] train_acc: 0.657 train_loss_sup: 1.049
[GPU1] epochs: [69/100] train_acc: 0.659 train_loss_sup: 1.048
[GPU1] epochs: [70/100] train_acc: 0.659 train_loss_sup: 1.050
[GPU1] Test Accuracy at epoch: 70: 0.688
[GPU1] epochs: [71/100] train_acc: 0.659 train_loss_sup: 1.047
[GPU1] epochs: [72/100] train_acc: 0.659 train_loss_sup: 1.044
[GPU1] epochs: [73/100] train_acc: 0.658 train_loss_sup: 1.046
[GPU1] epochs: [74/100] train_acc: 0.659 train_loss_sup: 1.045
[GPU1] epochs: [75/100] train_acc: 0.657 train_loss_sup: 1.047
[GPU1] epochs: [76/100] train_acc: 0.658 train_loss_sup: 1.047
[GPU1] epochs: [77/100] train_acc: 0.660 train_loss_sup: 1.044
[GPU1] epochs: [78/100] train_acc: 0.661 train_loss_sup: 1.047
[GPU1] epochs: [79/100] train_acc: 0.657 train_loss_sup: 1.048
[GPU1] epochs: [80/100] train_acc: 0.660 train_loss_sup: 1.043
[GPU1] Test Accuracy at epoch: 80: 0.688
[GPU1] epochs: [81/100] train_acc: 0.660 train_loss_sup: 1.043
[GPU1] epochs: [82/100] train_acc: 0.656 train_loss_sup: 1.047
[GPU1] epochs: [83/100] train_acc: 0.658 train_loss_sup: 1.046
[GPU1] epochs: [84/100] train_acc: 0.657 train_loss_sup: 1.051
[GPU1] epochs: [85/100] train_acc: 0.657 train_loss_sup: 1.045
[GPU1] epochs: [86/100] train_acc: 0.657 train_loss_sup: 1.047
[GPU1] epochs: [87/100] train_acc: 0.655 train_loss_sup: 1.047
[GPU1] epochs: [88/100] train_acc: 0.659 train_loss_sup: 1.046
[GPU1] epochs: [89/100] train_acc: 0.660 train_loss_sup: 1.047
[GPU1] epochs: [90/100] train_acc: 0.657 train_loss_sup: 1.045
[GPU1] Test Accuracy at epoch: 90: 0.688
[GPU1] epochs: [91/100] train_acc: 0.657 train_loss_sup: 1.045
[GPU1] epochs: [92/100] train_acc: 0.660 train_loss_sup: 1.044
[GPU1] epochs: [93/100] train_acc: 0.657 train_loss_sup: 1.043
[GPU1] epochs: [94/100] train_acc: 0.660 train_loss_sup: 1.043
[GPU1] epochs: [95/100] train_acc: 0.658 train_loss_sup: 1.045
[GPU1] epochs: [96/100] train_acc: 0.659 train_loss_sup: 1.047
[GPU1] epochs: [97/100] train_acc: 0.661 train_loss_sup: 1.043
[GPU1] epochs: [98/100] train_acc: 0.660 train_loss_sup: 1.046
[GPU1] epochs: [99/100] train_acc: 0.661 train_loss_sup: 1.043
[GPU1] epochs: [100/100] train_acc: 0.658 train_loss_sup: 1.041
[GPU1] Final Test Accuracy: 0.688
LR: 0.100 | WD: 0.000100 | Cosine: True | test Acc: 0.688%
===> using linear mlp
Scheduler: <torch.optim.lr_scheduler.CosineAnnealingLR object at 0x7f564f0a3a30>
MLP: MLP(
  (mlp): Linear(in_features=512, out_features=10, bias=True)
)
[GPU1] Test Accuracy at epoch: 0: 0.576
[GPU1] epochs: [1/100] train_acc: 0.453 train_loss_sup: 2.168
[GPU1] epochs: [2/100] train_acc: 0.564 train_loss_sup: 1.918
[GPU1] epochs: [3/100] train_acc: 0.571 train_loss_sup: 1.752
[GPU1] epochs: [4/100] train_acc: 0.584 train_loss_sup: 1.633
[GPU1] epochs: [5/100] train_acc: 0.590 train_loss_sup: 1.546
[GPU1] epochs: [6/100] train_acc: 0.598 train_loss_sup: 1.477
[GPU1] epochs: [7/100] train_acc: 0.602 train_loss_sup: 1.424
[GPU1] epochs: [8/100] train_acc: 0.604 train_loss_sup: 1.380
[GPU1] epochs: [9/100] train_acc: 0.609 train_loss_sup: 1.341
[GPU1] epochs: [10/100] train_acc: 0.614 train_loss_sup: 1.308
[GPU1] Test Accuracy at epoch: 10: 0.637
[GPU1] epochs: [11/100] train_acc: 0.615 train_loss_sup: 1.282
[GPU1] epochs: [12/100] train_acc: 0.617 train_loss_sup: 1.258
[GPU1] epochs: [13/100] train_acc: 0.621 train_loss_sup: 1.238
[GPU1] epochs: [14/100] train_acc: 0.622 train_loss_sup: 1.219
[GPU1] epochs: [15/100] train_acc: 0.624 train_loss_sup: 1.203
[GPU1] epochs: [16/100] train_acc: 0.624 train_loss_sup: 1.192
[GPU1] epochs: [17/100] train_acc: 0.630 train_loss_sup: 1.175
[GPU1] epochs: [18/100] train_acc: 0.630 train_loss_sup: 1.162
[GPU1] epochs: [19/100] train_acc: 0.631 train_loss_sup: 1.153
[GPU1] epochs: [20/100] train_acc: 0.632 train_loss_sup: 1.145
[GPU1] Test Accuracy at epoch: 20: 0.659
[GPU1] epochs: [21/100] train_acc: 0.632 train_loss_sup: 1.135
[GPU1] epochs: [22/100] train_acc: 0.635 train_loss_sup: 1.124
[GPU1] epochs: [23/100] train_acc: 0.635 train_loss_sup: 1.118
[GPU1] epochs: [24/100] train_acc: 0.636 train_loss_sup: 1.110
[GPU1] epochs: [25/100] train_acc: 0.638 train_loss_sup: 1.106
[GPU1] epochs: [26/100] train_acc: 0.637 train_loss_sup: 1.098
[GPU1] epochs: [27/100] train_acc: 0.642 train_loss_sup: 1.090
[GPU1] epochs: [28/100] train_acc: 0.640 train_loss_sup: 1.090
[GPU1] epochs: [29/100] train_acc: 0.644 train_loss_sup: 1.079
[GPU1] epochs: [30/100] train_acc: 0.645 train_loss_sup: 1.074
[GPU1] Test Accuracy at epoch: 30: 0.671
[GPU1] epochs: [31/100] train_acc: 0.646 train_loss_sup: 1.071
[GPU1] epochs: [32/100] train_acc: 0.645 train_loss_sup: 1.067
[GPU1] epochs: [33/100] train_acc: 0.647 train_loss_sup: 1.061
[GPU1] epochs: [34/100] train_acc: 0.646 train_loss_sup: 1.062
[GPU1] epochs: [35/100] train_acc: 0.650 train_loss_sup: 1.052
[GPU1] epochs: [36/100] train_acc: 0.651 train_loss_sup: 1.050
[GPU1] epochs: [37/100] train_acc: 0.654 train_loss_sup: 1.047
[GPU1] epochs: [38/100] train_acc: 0.652 train_loss_sup: 1.043
[GPU1] epochs: [39/100] train_acc: 0.651 train_loss_sup: 1.040
[GPU1] epochs: [40/100] train_acc: 0.650 train_loss_sup: 1.041
[GPU1] Test Accuracy at epoch: 40: 0.682
[GPU1] epochs: [41/100] train_acc: 0.653 train_loss_sup: 1.038
[GPU1] epochs: [42/100] train_acc: 0.649 train_loss_sup: 1.033
[GPU1] epochs: [43/100] train_acc: 0.654 train_loss_sup: 1.029
[GPU1] epochs: [44/100] train_acc: 0.653 train_loss_sup: 1.029
[GPU1] epochs: [45/100] train_acc: 0.655 train_loss_sup: 1.025
[GPU1] epochs: [46/100] train_acc: 0.655 train_loss_sup: 1.023
[GPU1] epochs: [47/100] train_acc: 0.653 train_loss_sup: 1.021
[GPU1] epochs: [48/100] train_acc: 0.655 train_loss_sup: 1.019
[GPU1] epochs: [49/100] train_acc: 0.659 train_loss_sup: 1.016
[GPU1] epochs: [50/100] train_acc: 0.656 train_loss_sup: 1.015
[GPU1] Test Accuracy at epoch: 50: 0.687
[GPU1] epochs: [51/100] train_acc: 0.658 train_loss_sup: 1.013
[GPU1] epochs: [52/100] train_acc: 0.656 train_loss_sup: 1.012
[GPU1] epochs: [53/100] train_acc: 0.657 train_loss_sup: 1.010
[GPU1] epochs: [54/100] train_acc: 0.658 train_loss_sup: 1.009
[GPU1] epochs: [55/100] train_acc: 0.659 train_loss_sup: 1.006
[GPU1] epochs: [56/100] train_acc: 0.661 train_loss_sup: 1.006
[GPU1] epochs: [57/100] train_acc: 0.656 train_loss_sup: 1.009
[GPU1] epochs: [58/100] train_acc: 0.660 train_loss_sup: 1.003
[GPU1] epochs: [59/100] train_acc: 0.659 train_loss_sup: 1.004
[GPU1] epochs: [60/100] train_acc: 0.661 train_loss_sup: 1.001
[GPU1] Test Accuracy at epoch: 60: 0.69
[GPU1] epochs: [61/100] train_acc: 0.660 train_loss_sup: 1.000
[GPU1] epochs: [62/100] train_acc: 0.662 train_loss_sup: 0.998
[GPU1] epochs: [63/100] train_acc: 0.661 train_loss_sup: 1.002
[GPU1] epochs: [64/100] train_acc: 0.663 train_loss_sup: 0.995
[GPU1] epochs: [65/100] train_acc: 0.662 train_loss_sup: 0.996
[GPU1] epochs: [66/100] train_acc: 0.663 train_loss_sup: 0.996
[GPU1] epochs: [67/100] train_acc: 0.660 train_loss_sup: 0.997
[GPU1] epochs: [68/100] train_acc: 0.662 train_loss_sup: 0.996
[GPU1] epochs: [69/100] train_acc: 0.661 train_loss_sup: 0.996
[GPU1] epochs: [70/100] train_acc: 0.664 train_loss_sup: 0.993
[GPU1] Test Accuracy at epoch: 70: 0.693
[GPU1] epochs: [71/100] train_acc: 0.663 train_loss_sup: 0.995
[GPU1] epochs: [72/100] train_acc: 0.663 train_loss_sup: 0.993
[GPU1] epochs: [73/100] train_acc: 0.662 train_loss_sup: 0.992
[GPU1] epochs: [74/100] train_acc: 0.661 train_loss_sup: 0.994
[GPU1] epochs: [75/100] train_acc: 0.662 train_loss_sup: 0.993
[GPU1] epochs: [76/100] train_acc: 0.665 train_loss_sup: 0.990
[GPU1] epochs: [77/100] train_acc: 0.663 train_loss_sup: 0.991
[GPU1] epochs: [78/100] train_acc: 0.663 train_loss_sup: 0.988
[GPU1] epochs: [79/100] train_acc: 0.663 train_loss_sup: 0.991
[GPU1] epochs: [80/100] train_acc: 0.666 train_loss_sup: 0.987
[GPU1] Test Accuracy at epoch: 80: 0.693
[GPU1] epochs: [81/100] train_acc: 0.664 train_loss_sup: 0.989
[GPU1] epochs: [82/100] train_acc: 0.665 train_loss_sup: 0.985
[GPU1] epochs: [83/100] train_acc: 0.665 train_loss_sup: 0.988
[GPU1] epochs: [84/100] train_acc: 0.665 train_loss_sup: 0.990
[GPU1] epochs: [85/100] train_acc: 0.663 train_loss_sup: 0.989
[GPU1] epochs: [86/100] train_acc: 0.664 train_loss_sup: 0.988
[GPU1] epochs: [87/100] train_acc: 0.663 train_loss_sup: 0.987
[GPU1] epochs: [88/100] train_acc: 0.667 train_loss_sup: 0.985
[GPU1] epochs: [89/100] train_acc: 0.665 train_loss_sup: 0.990
[GPU1] epochs: [90/100] train_acc: 0.664 train_loss_sup: 0.988
[GPU1] Test Accuracy at epoch: 90: 0.693
[GPU1] epochs: [91/100] train_acc: 0.664 train_loss_sup: 0.988
[GPU1] epochs: [92/100] train_acc: 0.663 train_loss_sup: 0.988
[GPU1] epochs: [93/100] train_acc: 0.663 train_loss_sup: 0.988
[GPU1] epochs: [94/100] train_acc: 0.666 train_loss_sup: 0.987
[GPU1] epochs: [95/100] train_acc: 0.664 train_loss_sup: 0.985
[GPU1] epochs: [96/100] train_acc: 0.664 train_loss_sup: 0.987
[GPU1] epochs: [97/100] train_acc: 0.667 train_loss_sup: 0.983
[GPU1] epochs: [98/100] train_acc: 0.664 train_loss_sup: 0.987
[GPU1] epochs: [99/100] train_acc: 0.664 train_loss_sup: 0.985
[GPU1] epochs: [100/100] train_acc: 0.665 train_loss_sup: 0.987
[GPU1] Final Test Accuracy: 0.693
LR: 0.100 | WD: 0.000000 | Cosine: True | test Acc: 0.693%
===> using linear mlp
Scheduler: <torch.optim.lr_scheduler.CosineAnnealingLR object at 0x7f564f0cdd50>
MLP: MLP(
  (mlp): Linear(in_features=512, out_features=10, bias=True)
)
[GPU1] Test Accuracy at epoch: 0: 0.625
[GPU1] epochs: [1/100] train_acc: 0.522 train_loss_sup: 1.649
[GPU1] epochs: [2/100] train_acc: 0.620 train_loss_sup: 1.198
[GPU1] epochs: [3/100] train_acc: 0.639 train_loss_sup: 1.095
[GPU1] epochs: [4/100] train_acc: 0.646 train_loss_sup: 1.046
[GPU1] epochs: [5/100] train_acc: 0.656 train_loss_sup: 1.005
[GPU1] epochs: [6/100] train_acc: 0.664 train_loss_sup: 0.984
[GPU1] epochs: [7/100] train_acc: 0.670 train_loss_sup: 0.959
[GPU1] epochs: [8/100] train_acc: 0.671 train_loss_sup: 0.947
[GPU1] epochs: [9/100] train_acc: 0.679 train_loss_sup: 0.932
[GPU1] epochs: [10/100] train_acc: 0.684 train_loss_sup: 0.918
[GPU1] Test Accuracy at epoch: 10: 0.722
[GPU1] epochs: [11/100] train_acc: 0.684 train_loss_sup: 0.910
[GPU1] epochs: [12/100] train_acc: 0.691 train_loss_sup: 0.895
[GPU1] epochs: [13/100] train_acc: 0.692 train_loss_sup: 0.891
[GPU1] epochs: [14/100] train_acc: 0.691 train_loss_sup: 0.889
[GPU1] epochs: [15/100] train_acc: 0.698 train_loss_sup: 0.875
[GPU1] epochs: [16/100] train_acc: 0.695 train_loss_sup: 0.876
[GPU1] epochs: [17/100] train_acc: 0.700 train_loss_sup: 0.864
[GPU1] epochs: [18/100] train_acc: 0.702 train_loss_sup: 0.862
[GPU1] epochs: [19/100] train_acc: 0.703 train_loss_sup: 0.856
[GPU1] epochs: [20/100] train_acc: 0.704 train_loss_sup: 0.853
[GPU1] Test Accuracy at epoch: 20: 0.742
[GPU1] epochs: [21/100] train_acc: 0.705 train_loss_sup: 0.854
[GPU1] epochs: [22/100] train_acc: 0.703 train_loss_sup: 0.851
[GPU1] epochs: [23/100] train_acc: 0.709 train_loss_sup: 0.846
[GPU1] epochs: [24/100] train_acc: 0.709 train_loss_sup: 0.838
[GPU1] epochs: [25/100] train_acc: 0.708 train_loss_sup: 0.837
[GPU1] epochs: [26/100] train_acc: 0.707 train_loss_sup: 0.835
[GPU1] epochs: [27/100] train_acc: 0.712 train_loss_sup: 0.832
[GPU1] epochs: [28/100] train_acc: 0.709 train_loss_sup: 0.835
[GPU1] epochs: [29/100] train_acc: 0.712 train_loss_sup: 0.828
[GPU1] epochs: [30/100] train_acc: 0.713 train_loss_sup: 0.826
[GPU1] Test Accuracy at epoch: 30: 0.75
[GPU1] epochs: [31/100] train_acc: 0.715 train_loss_sup: 0.819
[GPU1] epochs: [32/100] train_acc: 0.716 train_loss_sup: 0.820
[GPU1] epochs: [33/100] train_acc: 0.714 train_loss_sup: 0.820
[GPU1] epochs: [34/100] train_acc: 0.714 train_loss_sup: 0.823
[GPU1] epochs: [35/100] train_acc: 0.716 train_loss_sup: 0.818
[GPU1] epochs: [36/100] train_acc: 0.715 train_loss_sup: 0.816
[GPU1] epochs: [37/100] train_acc: 0.716 train_loss_sup: 0.813
[GPU1] epochs: [38/100] train_acc: 0.716 train_loss_sup: 0.815
[GPU1] epochs: [39/100] train_acc: 0.715 train_loss_sup: 0.815
[GPU1] epochs: [40/100] train_acc: 0.718 train_loss_sup: 0.811
[GPU1] Test Accuracy at epoch: 40: 0.755
[GPU1] epochs: [41/100] train_acc: 0.715 train_loss_sup: 0.814
[GPU1] epochs: [42/100] train_acc: 0.718 train_loss_sup: 0.813
[GPU1] epochs: [43/100] train_acc: 0.718 train_loss_sup: 0.810
[GPU1] epochs: [44/100] train_acc: 0.719 train_loss_sup: 0.811
[GPU1] epochs: [45/100] train_acc: 0.718 train_loss_sup: 0.802
[GPU1] epochs: [46/100] train_acc: 0.718 train_loss_sup: 0.804
[GPU1] epochs: [47/100] train_acc: 0.718 train_loss_sup: 0.807
[GPU1] epochs: [48/100] train_acc: 0.721 train_loss_sup: 0.802
[GPU1] epochs: [49/100] train_acc: 0.721 train_loss_sup: 0.801
[GPU1] epochs: [50/100] train_acc: 0.719 train_loss_sup: 0.805
[GPU1] Test Accuracy at epoch: 50: 0.76
[GPU1] epochs: [51/100] train_acc: 0.721 train_loss_sup: 0.801
[GPU1] epochs: [52/100] train_acc: 0.722 train_loss_sup: 0.805
[GPU1] epochs: [53/100] train_acc: 0.721 train_loss_sup: 0.802
[GPU1] epochs: [54/100] train_acc: 0.721 train_loss_sup: 0.801
[GPU1] epochs: [55/100] train_acc: 0.722 train_loss_sup: 0.801
[GPU1] epochs: [56/100] train_acc: 0.721 train_loss_sup: 0.794
[GPU1] epochs: [57/100] train_acc: 0.721 train_loss_sup: 0.803
[GPU1] epochs: [58/100] train_acc: 0.721 train_loss_sup: 0.802
[GPU1] epochs: [59/100] train_acc: 0.724 train_loss_sup: 0.796
[GPU1] epochs: [60/100] train_acc: 0.723 train_loss_sup: 0.798
[GPU1] Test Accuracy at epoch: 60: 0.76
[GPU1] epochs: [61/100] train_acc: 0.723 train_loss_sup: 0.798
[GPU1] epochs: [62/100] train_acc: 0.722 train_loss_sup: 0.794
[GPU1] epochs: [63/100] train_acc: 0.723 train_loss_sup: 0.792
[GPU1] epochs: [64/100] train_acc: 0.722 train_loss_sup: 0.798
[GPU1] epochs: [65/100] train_acc: 0.724 train_loss_sup: 0.795
[GPU1] epochs: [66/100] train_acc: 0.719 train_loss_sup: 0.798
[GPU1] epochs: [67/100] train_acc: 0.720 train_loss_sup: 0.797
[GPU1] epochs: [68/100] train_acc: 0.720 train_loss_sup: 0.794
[GPU1] epochs: [69/100] train_acc: 0.722 train_loss_sup: 0.795
[GPU1] epochs: [70/100] train_acc: 0.720 train_loss_sup: 0.794
[GPU1] Test Accuracy at epoch: 70: 0.762
[GPU1] epochs: [71/100] train_acc: 0.723 train_loss_sup: 0.796
[GPU1] epochs: [72/100] train_acc: 0.727 train_loss_sup: 0.787
[GPU1] epochs: [73/100] train_acc: 0.726 train_loss_sup: 0.789
[GPU1] epochs: [74/100] train_acc: 0.723 train_loss_sup: 0.792
[GPU1] epochs: [75/100] train_acc: 0.724 train_loss_sup: 0.794
[GPU1] epochs: [76/100] train_acc: 0.723 train_loss_sup: 0.795
[GPU1] epochs: [77/100] train_acc: 0.724 train_loss_sup: 0.789
[GPU1] epochs: [78/100] train_acc: 0.726 train_loss_sup: 0.792
[GPU1] epochs: [79/100] train_acc: 0.724 train_loss_sup: 0.791
[GPU1] epochs: [80/100] train_acc: 0.727 train_loss_sup: 0.788
[GPU1] Test Accuracy at epoch: 80: 0.761
[GPU1] epochs: [81/100] train_acc: 0.724 train_loss_sup: 0.787
[GPU1] epochs: [82/100] train_acc: 0.725 train_loss_sup: 0.788
[GPU1] epochs: [83/100] train_acc: 0.723 train_loss_sup: 0.794
[GPU1] epochs: [84/100] train_acc: 0.725 train_loss_sup: 0.792
[GPU1] epochs: [85/100] train_acc: 0.724 train_loss_sup: 0.793
[GPU1] epochs: [86/100] train_acc: 0.724 train_loss_sup: 0.789
[GPU1] epochs: [87/100] train_acc: 0.723 train_loss_sup: 0.790
[GPU1] epochs: [88/100] train_acc: 0.724 train_loss_sup: 0.792
[GPU1] epochs: [89/100] train_acc: 0.725 train_loss_sup: 0.792
[GPU1] epochs: [90/100] train_acc: 0.724 train_loss_sup: 0.786
[GPU1] Test Accuracy at epoch: 90: 0.762
[GPU1] epochs: [91/100] train_acc: 0.725 train_loss_sup: 0.789
[GPU1] epochs: [92/100] train_acc: 0.722 train_loss_sup: 0.794
[GPU1] epochs: [93/100] train_acc: 0.723 train_loss_sup: 0.793
[GPU1] epochs: [94/100] train_acc: 0.722 train_loss_sup: 0.791
[GPU1] epochs: [95/100] train_acc: 0.723 train_loss_sup: 0.794
[GPU1] epochs: [96/100] train_acc: 0.722 train_loss_sup: 0.793
[GPU1] epochs: [97/100] train_acc: 0.723 train_loss_sup: 0.794
[GPU1] epochs: [98/100] train_acc: 0.723 train_loss_sup: 0.792
[GPU1] epochs: [99/100] train_acc: 0.720 train_loss_sup: 0.798
[GPU1] epochs: [100/100] train_acc: 0.726 train_loss_sup: 0.790
[GPU1] Final Test Accuracy: 0.762
LR: 1.000 | WD: 0.000001 | Cosine: True | test Acc: 0.762%
===> using linear mlp
Scheduler: <torch.optim.lr_scheduler.CosineAnnealingLR object at 0x7f564f0cc100>
MLP: MLP(
  (mlp): Linear(in_features=512, out_features=10, bias=True)
)
[GPU1] Test Accuracy at epoch: 0: 0.616
[GPU1] epochs: [1/100] train_acc: 0.522 train_loss_sup: 1.655
[GPU1] epochs: [2/100] train_acc: 0.617 train_loss_sup: 1.223
[GPU1] epochs: [3/100] train_acc: 0.636 train_loss_sup: 1.130
[GPU1] epochs: [4/100] train_acc: 0.644 train_loss_sup: 1.086
[GPU1] epochs: [5/100] train_acc: 0.652 train_loss_sup: 1.058
[GPU1] epochs: [6/100] train_acc: 0.658 train_loss_sup: 1.038
[GPU1] epochs: [7/100] train_acc: 0.663 train_loss_sup: 1.026
[GPU1] epochs: [8/100] train_acc: 0.667 train_loss_sup: 1.014
[GPU1] epochs: [9/100] train_acc: 0.668 train_loss_sup: 1.007
[GPU1] epochs: [10/100] train_acc: 0.672 train_loss_sup: 1.002
[GPU1] Test Accuracy at epoch: 10: 0.7
[GPU1] epochs: [11/100] train_acc: 0.676 train_loss_sup: 0.995
[GPU1] epochs: [12/100] train_acc: 0.674 train_loss_sup: 0.995
[GPU1] epochs: [13/100] train_acc: 0.677 train_loss_sup: 0.989
[GPU1] epochs: [14/100] train_acc: 0.673 train_loss_sup: 0.994
[GPU1] epochs: [15/100] train_acc: 0.677 train_loss_sup: 0.986
[GPU1] epochs: [16/100] train_acc: 0.679 train_loss_sup: 0.986
[GPU1] epochs: [17/100] train_acc: 0.682 train_loss_sup: 0.982
[GPU1] epochs: [18/100] train_acc: 0.677 train_loss_sup: 0.986
[GPU1] epochs: [19/100] train_acc: 0.681 train_loss_sup: 0.980
[GPU1] epochs: [20/100] train_acc: 0.679 train_loss_sup: 0.983
[GPU1] Test Accuracy at epoch: 20: 0.71
[GPU1] epochs: [21/100] train_acc: 0.681 train_loss_sup: 0.981
[GPU1] epochs: [22/100] train_acc: 0.680 train_loss_sup: 0.981
[GPU1] epochs: [23/100] train_acc: 0.681 train_loss_sup: 0.979
[GPU1] epochs: [24/100] train_acc: 0.682 train_loss_sup: 0.976
[GPU1] epochs: [25/100] train_acc: 0.682 train_loss_sup: 0.974
[GPU1] epochs: [26/100] train_acc: 0.682 train_loss_sup: 0.977
[GPU1] epochs: [27/100] train_acc: 0.683 train_loss_sup: 0.975
[GPU1] epochs: [28/100] train_acc: 0.683 train_loss_sup: 0.975
[GPU1] epochs: [29/100] train_acc: 0.684 train_loss_sup: 0.976
[GPU1] epochs: [30/100] train_acc: 0.685 train_loss_sup: 0.978
[GPU1] Test Accuracy at epoch: 30: 0.717
[GPU1] epochs: [31/100] train_acc: 0.682 train_loss_sup: 0.978
[GPU1] epochs: [32/100] train_acc: 0.683 train_loss_sup: 0.977
[GPU1] epochs: [33/100] train_acc: 0.682 train_loss_sup: 0.976
[GPU1] epochs: [34/100] train_acc: 0.683 train_loss_sup: 0.972
[GPU1] epochs: [35/100] train_acc: 0.684 train_loss_sup: 0.975
[GPU1] epochs: [36/100] train_acc: 0.682 train_loss_sup: 0.973
[GPU1] epochs: [37/100] train_acc: 0.683 train_loss_sup: 0.971
[GPU1] epochs: [38/100] train_acc: 0.685 train_loss_sup: 0.974
[GPU1] epochs: [39/100] train_acc: 0.684 train_loss_sup: 0.975
[GPU1] epochs: [40/100] train_acc: 0.686 train_loss_sup: 0.971
[GPU1] Test Accuracy at epoch: 40: 0.716
[GPU1] epochs: [41/100] train_acc: 0.682 train_loss_sup: 0.976
[GPU1] epochs: [42/100] train_acc: 0.682 train_loss_sup: 0.976
[GPU1] epochs: [43/100] train_acc: 0.682 train_loss_sup: 0.974
[GPU1] epochs: [44/100] train_acc: 0.683 train_loss_sup: 0.974
[GPU1] epochs: [45/100] train_acc: 0.683 train_loss_sup: 0.976
[GPU1] epochs: [46/100] train_acc: 0.685 train_loss_sup: 0.974
[GPU1] epochs: [47/100] train_acc: 0.686 train_loss_sup: 0.970
[GPU1] epochs: [48/100] train_acc: 0.686 train_loss_sup: 0.973
[GPU1] epochs: [49/100] train_acc: 0.684 train_loss_sup: 0.973
[GPU1] epochs: [50/100] train_acc: 0.685 train_loss_sup: 0.976
[GPU1] Test Accuracy at epoch: 50: 0.715
[GPU1] epochs: [51/100] train_acc: 0.683 train_loss_sup: 0.977
[GPU1] epochs: [52/100] train_acc: 0.684 train_loss_sup: 0.974
[GPU1] epochs: [53/100] train_acc: 0.683 train_loss_sup: 0.976
[GPU1] epochs: [54/100] train_acc: 0.685 train_loss_sup: 0.974
[GPU1] epochs: [55/100] train_acc: 0.682 train_loss_sup: 0.977
[GPU1] epochs: [56/100] train_acc: 0.683 train_loss_sup: 0.973
[GPU1] epochs: [57/100] train_acc: 0.685 train_loss_sup: 0.972
[GPU1] epochs: [58/100] train_acc: 0.685 train_loss_sup: 0.975
[GPU1] epochs: [59/100] train_acc: 0.683 train_loss_sup: 0.975
[GPU1] epochs: [60/100] train_acc: 0.684 train_loss_sup: 0.973
[GPU1] Test Accuracy at epoch: 60: 0.715
[GPU1] epochs: [61/100] train_acc: 0.683 train_loss_sup: 0.974
[GPU1] epochs: [62/100] train_acc: 0.684 train_loss_sup: 0.976
[GPU1] epochs: [63/100] train_acc: 0.685 train_loss_sup: 0.974
[GPU1] epochs: [64/100] train_acc: 0.683 train_loss_sup: 0.973
[GPU1] epochs: [65/100] train_acc: 0.684 train_loss_sup: 0.974
[GPU1] epochs: [66/100] train_acc: 0.683 train_loss_sup: 0.975
[GPU1] epochs: [67/100] train_acc: 0.685 train_loss_sup: 0.972
[GPU1] epochs: [68/100] train_acc: 0.684 train_loss_sup: 0.973
[GPU1] epochs: [69/100] train_acc: 0.684 train_loss_sup: 0.974
[GPU1] epochs: [70/100] train_acc: 0.685 train_loss_sup: 0.972
[GPU1] Test Accuracy at epoch: 70: 0.715
[GPU1] epochs: [71/100] train_acc: 0.686 train_loss_sup: 0.973
[GPU1] epochs: [72/100] train_acc: 0.684 train_loss_sup: 0.973
[GPU1] epochs: [73/100] train_acc: 0.688 train_loss_sup: 0.972
[GPU1] epochs: [74/100] train_acc: 0.685 train_loss_sup: 0.973
[GPU1] epochs: [75/100] train_acc: 0.685 train_loss_sup: 0.973
[GPU1] epochs: [76/100] train_acc: 0.687 train_loss_sup: 0.972
[GPU1] epochs: [77/100] train_acc: 0.686 train_loss_sup: 0.972
[GPU1] epochs: [78/100] train_acc: 0.687 train_loss_sup: 0.969
[GPU1] epochs: [79/100] train_acc: 0.686 train_loss_sup: 0.974
[GPU1] epochs: [80/100] train_acc: 0.686 train_loss_sup: 0.970
[GPU1] Test Accuracy at epoch: 80: 0.716
[GPU1] epochs: [81/100] train_acc: 0.683 train_loss_sup: 0.976
[GPU1] epochs: [82/100] train_acc: 0.684 train_loss_sup: 0.976
[GPU1] epochs: [83/100] train_acc: 0.685 train_loss_sup: 0.976
[GPU1] epochs: [84/100] train_acc: 0.684 train_loss_sup: 0.972
[GPU1] epochs: [85/100] train_acc: 0.683 train_loss_sup: 0.976
[GPU1] epochs: [86/100] train_acc: 0.684 train_loss_sup: 0.975
[GPU1] epochs: [87/100] train_acc: 0.688 train_loss_sup: 0.972
[GPU1] epochs: [88/100] train_acc: 0.685 train_loss_sup: 0.974
[GPU1] epochs: [89/100] train_acc: 0.686 train_loss_sup: 0.973
[GPU1] epochs: [90/100] train_acc: 0.686 train_loss_sup: 0.974
[GPU1] Test Accuracy at epoch: 90: 0.715
[GPU1] epochs: [91/100] train_acc: 0.687 train_loss_sup: 0.970
[GPU1] epochs: [92/100] train_acc: 0.685 train_loss_sup: 0.972
[GPU1] epochs: [93/100] train_acc: 0.686 train_loss_sup: 0.969
[GPU1] epochs: [94/100] train_acc: 0.684 train_loss_sup: 0.973
[GPU1] epochs: [95/100] train_acc: 0.685 train_loss_sup: 0.972
[GPU1] epochs: [96/100] train_acc: 0.685 train_loss_sup: 0.974
[GPU1] epochs: [97/100] train_acc: 0.684 train_loss_sup: 0.974
[GPU1] epochs: [98/100] train_acc: 0.687 train_loss_sup: 0.972
[GPU1] epochs: [99/100] train_acc: 0.686 train_loss_sup: 0.970
[GPU1] epochs: [100/100] train_acc: 0.687 train_loss_sup: 0.972
[GPU1] Final Test Accuracy: 0.716
LR: 1.000 | WD: 0.000100 | Cosine: True | test Acc: 0.717%
===> using linear mlp
Scheduler: <torch.optim.lr_scheduler.CosineAnnealingLR object at 0x7f564f0a2f50>
MLP: MLP(
  (mlp): Linear(in_features=512, out_features=10, bias=True)
)
[GPU1] Test Accuracy at epoch: 0: 0.627
[GPU1] epochs: [1/100] train_acc: 0.532 train_loss_sup: 1.648
[GPU1] epochs: [2/100] train_acc: 0.619 train_loss_sup: 1.199
[GPU1] epochs: [3/100] train_acc: 0.636 train_loss_sup: 1.095
[GPU1] epochs: [4/100] train_acc: 0.649 train_loss_sup: 1.044
[GPU1] epochs: [5/100] train_acc: 0.655 train_loss_sup: 1.007
[GPU1] epochs: [6/100] train_acc: 0.665 train_loss_sup: 0.978
[GPU1] epochs: [7/100] train_acc: 0.668 train_loss_sup: 0.961
[GPU1] epochs: [8/100] train_acc: 0.674 train_loss_sup: 0.943
[GPU1] epochs: [9/100] train_acc: 0.679 train_loss_sup: 0.928
[GPU1] epochs: [10/100] train_acc: 0.681 train_loss_sup: 0.919
[GPU1] Test Accuracy at epoch: 10: 0.719
[GPU1] epochs: [11/100] train_acc: 0.687 train_loss_sup: 0.906
[GPU1] epochs: [12/100] train_acc: 0.687 train_loss_sup: 0.896
[GPU1] epochs: [13/100] train_acc: 0.691 train_loss_sup: 0.888
[GPU1] epochs: [14/100] train_acc: 0.695 train_loss_sup: 0.881
[GPU1] epochs: [15/100] train_acc: 0.696 train_loss_sup: 0.879
[GPU1] epochs: [16/100] train_acc: 0.698 train_loss_sup: 0.875
[GPU1] epochs: [17/100] train_acc: 0.698 train_loss_sup: 0.866
[GPU1] epochs: [18/100] train_acc: 0.702 train_loss_sup: 0.860
[GPU1] epochs: [19/100] train_acc: 0.702 train_loss_sup: 0.860
[GPU1] epochs: [20/100] train_acc: 0.703 train_loss_sup: 0.853
[GPU1] Test Accuracy at epoch: 20: 0.735
[GPU1] epochs: [21/100] train_acc: 0.702 train_loss_sup: 0.850
[GPU1] epochs: [22/100] train_acc: 0.707 train_loss_sup: 0.842
[GPU1] epochs: [23/100] train_acc: 0.705 train_loss_sup: 0.846
[GPU1] epochs: [24/100] train_acc: 0.709 train_loss_sup: 0.839
[GPU1] epochs: [25/100] train_acc: 0.710 train_loss_sup: 0.839
[GPU1] epochs: [26/100] train_acc: 0.709 train_loss_sup: 0.835
[GPU1] epochs: [27/100] train_acc: 0.709 train_loss_sup: 0.834
[GPU1] epochs: [28/100] train_acc: 0.714 train_loss_sup: 0.825
[GPU1] epochs: [29/100] train_acc: 0.713 train_loss_sup: 0.824
[GPU1] epochs: [30/100] train_acc: 0.713 train_loss_sup: 0.828
[GPU1] Test Accuracy at epoch: 30: 0.751
[GPU1] epochs: [31/100] train_acc: 0.715 train_loss_sup: 0.819
[GPU1] epochs: [32/100] train_acc: 0.713 train_loss_sup: 0.821
[GPU1] epochs: [33/100] train_acc: 0.714 train_loss_sup: 0.818
[GPU1] epochs: [34/100] train_acc: 0.716 train_loss_sup: 0.817
[GPU1] epochs: [35/100] train_acc: 0.717 train_loss_sup: 0.815
[GPU1] epochs: [36/100] train_acc: 0.713 train_loss_sup: 0.822
[GPU1] epochs: [37/100] train_acc: 0.714 train_loss_sup: 0.816
[GPU1] epochs: [38/100] train_acc: 0.715 train_loss_sup: 0.816
[GPU1] epochs: [39/100] train_acc: 0.718 train_loss_sup: 0.811
[GPU1] epochs: [40/100] train_acc: 0.716 train_loss_sup: 0.809
[GPU1] Test Accuracy at epoch: 40: 0.755
[GPU1] epochs: [41/100] train_acc: 0.716 train_loss_sup: 0.811
[GPU1] epochs: [42/100] train_acc: 0.719 train_loss_sup: 0.802
[GPU1] epochs: [43/100] train_acc: 0.718 train_loss_sup: 0.806
[GPU1] epochs: [44/100] train_acc: 0.716 train_loss_sup: 0.809
[GPU1] epochs: [45/100] train_acc: 0.718 train_loss_sup: 0.807
[GPU1] epochs: [46/100] train_acc: 0.721 train_loss_sup: 0.806
[GPU1] epochs: [47/100] train_acc: 0.719 train_loss_sup: 0.804
[GPU1] epochs: [48/100] train_acc: 0.721 train_loss_sup: 0.803
[GPU1] epochs: [49/100] train_acc: 0.721 train_loss_sup: 0.801
[GPU1] epochs: [50/100] train_acc: 0.721 train_loss_sup: 0.797
[GPU1] Test Accuracy at epoch: 50: 0.76
[GPU1] epochs: [51/100] train_acc: 0.719 train_loss_sup: 0.802
[GPU1] epochs: [52/100] train_acc: 0.716 train_loss_sup: 0.806
[GPU1] epochs: [53/100] train_acc: 0.723 train_loss_sup: 0.797
[GPU1] epochs: [54/100] train_acc: 0.719 train_loss_sup: 0.799
[GPU1] epochs: [55/100] train_acc: 0.721 train_loss_sup: 0.796
[GPU1] epochs: [56/100] train_acc: 0.724 train_loss_sup: 0.798
[GPU1] epochs: [57/100] train_acc: 0.721 train_loss_sup: 0.797
[GPU1] epochs: [58/100] train_acc: 0.724 train_loss_sup: 0.796
[GPU1] epochs: [59/100] train_acc: 0.720 train_loss_sup: 0.802
[GPU1] epochs: [60/100] train_acc: 0.721 train_loss_sup: 0.799
[GPU1] Test Accuracy at epoch: 60: 0.763
[GPU1] epochs: [61/100] train_acc: 0.725 train_loss_sup: 0.788
[GPU1] epochs: [62/100] train_acc: 0.724 train_loss_sup: 0.795
[GPU1] epochs: [63/100] train_acc: 0.723 train_loss_sup: 0.791
[GPU1] epochs: [64/100] train_acc: 0.723 train_loss_sup: 0.792
[GPU1] epochs: [65/100] train_acc: 0.724 train_loss_sup: 0.790
[GPU1] epochs: [66/100] train_acc: 0.725 train_loss_sup: 0.789
[GPU1] epochs: [67/100] train_acc: 0.722 train_loss_sup: 0.795
[GPU1] epochs: [68/100] train_acc: 0.725 train_loss_sup: 0.790
[GPU1] epochs: [69/100] train_acc: 0.724 train_loss_sup: 0.793
[GPU1] epochs: [70/100] train_acc: 0.725 train_loss_sup: 0.789
[GPU1] Test Accuracy at epoch: 70: 0.763
[GPU1] epochs: [71/100] train_acc: 0.722 train_loss_sup: 0.790
[GPU1] epochs: [72/100] train_acc: 0.723 train_loss_sup: 0.791
[GPU1] epochs: [73/100] train_acc: 0.721 train_loss_sup: 0.794
[GPU1] epochs: [74/100] train_acc: 0.725 train_loss_sup: 0.789
[GPU1] epochs: [75/100] train_acc: 0.725 train_loss_sup: 0.787
[GPU1] epochs: [76/100] train_acc: 0.725 train_loss_sup: 0.791
[GPU1] epochs: [77/100] train_acc: 0.724 train_loss_sup: 0.789
[GPU1] epochs: [78/100] train_acc: 0.724 train_loss_sup: 0.789
[GPU1] epochs: [79/100] train_acc: 0.723 train_loss_sup: 0.789
[GPU1] epochs: [80/100] train_acc: 0.723 train_loss_sup: 0.790
[GPU1] Test Accuracy at epoch: 80: 0.764
[GPU1] epochs: [81/100] train_acc: 0.727 train_loss_sup: 0.788
[GPU1] epochs: [82/100] train_acc: 0.723 train_loss_sup: 0.787
[GPU1] epochs: [83/100] train_acc: 0.720 train_loss_sup: 0.795
[GPU1] epochs: [84/100] train_acc: 0.726 train_loss_sup: 0.786
[GPU1] epochs: [85/100] train_acc: 0.727 train_loss_sup: 0.789
[GPU1] epochs: [86/100] train_acc: 0.723 train_loss_sup: 0.790
[GPU1] epochs: [87/100] train_acc: 0.724 train_loss_sup: 0.790
[GPU1] epochs: [88/100] train_acc: 0.722 train_loss_sup: 0.792
[GPU1] epochs: [89/100] train_acc: 0.722 train_loss_sup: 0.793
[GPU1] epochs: [90/100] train_acc: 0.727 train_loss_sup: 0.790
[GPU1] Test Accuracy at epoch: 90: 0.763
[GPU1] epochs: [91/100] train_acc: 0.723 train_loss_sup: 0.791
[GPU1] epochs: [92/100] train_acc: 0.724 train_loss_sup: 0.789
[GPU1] epochs: [93/100] train_acc: 0.726 train_loss_sup: 0.790
[GPU1] epochs: [94/100] train_acc: 0.726 train_loss_sup: 0.788
[GPU1] epochs: [95/100] train_acc: 0.725 train_loss_sup: 0.789
[GPU1] epochs: [96/100] train_acc: 0.724 train_loss_sup: 0.789
[GPU1] epochs: [97/100] train_acc: 0.724 train_loss_sup: 0.791
[GPU1] epochs: [98/100] train_acc: 0.723 train_loss_sup: 0.790
[GPU1] epochs: [99/100] train_acc: 0.722 train_loss_sup: 0.791
[GPU1] epochs: [100/100] train_acc: 0.724 train_loss_sup: 0.789
[GPU1] Final Test Accuracy: 0.763
LR: 1.000 | WD: 0.000000 | Cosine: True | test Acc: 0.764%
------------------------------
Best Test Accuracy: 0.775%
Optimal Hyperparameters: LR=1.0, WD=0.0, Cosine=0
knn evalution
logistic regression evalution
clustering metrics evalution
knn_acc: 0.688
lreg_acc: 0.771
ari: 0.235
nmi: 0.360
ss: 0.053
dbs: 3.691
