Namespace(dataset='cifar10', saved_path='saved_models/byol.en.timg.r18.pth', gpu=0, model='resnet18', verbose=False, epochs=100, eval_every=10, knn=True, lreg=True, linprobe=True, tsne=False, umap=False, cmet=True)
<All keys matched successfully>
Starting Hyperparameter Sweep on 0...
===> using linear mlp
Scheduler: None
MLP: MLP(
  (mlp): Linear(in_features=512, out_features=10, bias=True)
)
[GPU0] Test Accuracy at epoch: 0: 0.289
[GPU0] epochs: [1/100] train_acc: 0.202 train_loss_sup: 2.290
[GPU0] epochs: [2/100] train_acc: 0.309 train_loss_sup: 2.260
[GPU0] epochs: [3/100] train_acc: 0.406 train_loss_sup: 2.232
[GPU0] epochs: [4/100] train_acc: 0.427 train_loss_sup: 2.204
[GPU0] epochs: [5/100] train_acc: 0.452 train_loss_sup: 2.177
[GPU0] epochs: [6/100] train_acc: 0.464 train_loss_sup: 2.152
[GPU0] epochs: [7/100] train_acc: 0.460 train_loss_sup: 2.128
[GPU0] epochs: [8/100] train_acc: 0.462 train_loss_sup: 2.105
[GPU0] epochs: [9/100] train_acc: 0.471 train_loss_sup: 2.083
[GPU0] epochs: [10/100] train_acc: 0.470 train_loss_sup: 2.062
[GPU0] Test Accuracy at epoch: 10: 0.321
[GPU0] epochs: [11/100] train_acc: 0.477 train_loss_sup: 2.041
[GPU0] epochs: [12/100] train_acc: 0.477 train_loss_sup: 2.022
[GPU0] epochs: [13/100] train_acc: 0.478 train_loss_sup: 2.003
[GPU0] epochs: [14/100] train_acc: 0.483 train_loss_sup: 1.985
[GPU0] epochs: [15/100] train_acc: 0.484 train_loss_sup: 1.967
[GPU0] epochs: [16/100] train_acc: 0.483 train_loss_sup: 1.952
[GPU0] epochs: [17/100] train_acc: 0.486 train_loss_sup: 1.936
[GPU0] epochs: [18/100] train_acc: 0.492 train_loss_sup: 1.921
[GPU0] epochs: [19/100] train_acc: 0.490 train_loss_sup: 1.907
[GPU0] epochs: [20/100] train_acc: 0.498 train_loss_sup: 1.891
[GPU0] Test Accuracy at epoch: 20: 0.363
[GPU0] epochs: [21/100] train_acc: 0.495 train_loss_sup: 1.879
[GPU0] epochs: [22/100] train_acc: 0.494 train_loss_sup: 1.868
[GPU0] epochs: [23/100] train_acc: 0.498 train_loss_sup: 1.853
[GPU0] epochs: [24/100] train_acc: 0.494 train_loss_sup: 1.843
[GPU0] epochs: [25/100] train_acc: 0.503 train_loss_sup: 1.830
[GPU0] epochs: [26/100] train_acc: 0.501 train_loss_sup: 1.819
[GPU0] epochs: [27/100] train_acc: 0.497 train_loss_sup: 1.810
[GPU0] epochs: [28/100] train_acc: 0.500 train_loss_sup: 1.798
[GPU0] epochs: [29/100] train_acc: 0.505 train_loss_sup: 1.787
[GPU0] epochs: [30/100] train_acc: 0.504 train_loss_sup: 1.777
[GPU0] Test Accuracy at epoch: 30: 0.375
[GPU0] epochs: [31/100] train_acc: 0.506 train_loss_sup: 1.767
[GPU0] epochs: [32/100] train_acc: 0.505 train_loss_sup: 1.760
[GPU0] epochs: [33/100] train_acc: 0.506 train_loss_sup: 1.749
[GPU0] epochs: [34/100] train_acc: 0.510 train_loss_sup: 1.742
[GPU0] epochs: [35/100] train_acc: 0.508 train_loss_sup: 1.734
[GPU0] epochs: [36/100] train_acc: 0.508 train_loss_sup: 1.726
[GPU0] epochs: [37/100] train_acc: 0.509 train_loss_sup: 1.719
[GPU0] epochs: [38/100] train_acc: 0.513 train_loss_sup: 1.710
[GPU0] epochs: [39/100] train_acc: 0.507 train_loss_sup: 1.703
[GPU0] epochs: [40/100] train_acc: 0.515 train_loss_sup: 1.694
[GPU0] Test Accuracy at epoch: 40: 0.399
[GPU0] epochs: [41/100] train_acc: 0.513 train_loss_sup: 1.688
[GPU0] epochs: [42/100] train_acc: 0.513 train_loss_sup: 1.683
[GPU0] epochs: [43/100] train_acc: 0.514 train_loss_sup: 1.675
[GPU0] epochs: [44/100] train_acc: 0.514 train_loss_sup: 1.669
[GPU0] epochs: [45/100] train_acc: 0.515 train_loss_sup: 1.663
[GPU0] epochs: [46/100] train_acc: 0.515 train_loss_sup: 1.659
[GPU0] epochs: [47/100] train_acc: 0.517 train_loss_sup: 1.652
[GPU0] epochs: [48/100] train_acc: 0.515 train_loss_sup: 1.647
[GPU0] epochs: [49/100] train_acc: 0.514 train_loss_sup: 1.642
[GPU0] epochs: [50/100] train_acc: 0.518 train_loss_sup: 1.634
[GPU0] Test Accuracy at epoch: 50: 0.418
[GPU0] epochs: [51/100] train_acc: 0.516 train_loss_sup: 1.629
[GPU0] epochs: [52/100] train_acc: 0.519 train_loss_sup: 1.623
[GPU0] epochs: [53/100] train_acc: 0.519 train_loss_sup: 1.621
[GPU0] epochs: [54/100] train_acc: 0.522 train_loss_sup: 1.614
[GPU0] epochs: [55/100] train_acc: 0.521 train_loss_sup: 1.609
[GPU0] epochs: [56/100] train_acc: 0.522 train_loss_sup: 1.606
[GPU0] epochs: [57/100] train_acc: 0.517 train_loss_sup: 1.603
[GPU0] epochs: [58/100] train_acc: 0.522 train_loss_sup: 1.595
[GPU0] epochs: [59/100] train_acc: 0.524 train_loss_sup: 1.593
[GPU0] epochs: [60/100] train_acc: 0.523 train_loss_sup: 1.586
[GPU0] Test Accuracy at epoch: 60: 0.432
[GPU0] epochs: [61/100] train_acc: 0.522 train_loss_sup: 1.582
[GPU0] epochs: [62/100] train_acc: 0.522 train_loss_sup: 1.580
[GPU0] epochs: [63/100] train_acc: 0.522 train_loss_sup: 1.576
[GPU0] epochs: [64/100] train_acc: 0.521 train_loss_sup: 1.571
[GPU0] epochs: [65/100] train_acc: 0.525 train_loss_sup: 1.569
[GPU0] epochs: [66/100] train_acc: 0.525 train_loss_sup: 1.565
[GPU0] epochs: [67/100] train_acc: 0.523 train_loss_sup: 1.560
[GPU0] epochs: [68/100] train_acc: 0.526 train_loss_sup: 1.557
[GPU0] epochs: [69/100] train_acc: 0.526 train_loss_sup: 1.555
[GPU0] epochs: [70/100] train_acc: 0.527 train_loss_sup: 1.550
[GPU0] Test Accuracy at epoch: 70: 0.45
[GPU0] epochs: [71/100] train_acc: 0.527 train_loss_sup: 1.547
[GPU0] epochs: [72/100] train_acc: 0.527 train_loss_sup: 1.545
[GPU0] epochs: [73/100] train_acc: 0.529 train_loss_sup: 1.541
[GPU0] epochs: [74/100] train_acc: 0.530 train_loss_sup: 1.536
[GPU0] epochs: [75/100] train_acc: 0.528 train_loss_sup: 1.533
[GPU0] epochs: [76/100] train_acc: 0.532 train_loss_sup: 1.529
[GPU0] epochs: [77/100] train_acc: 0.531 train_loss_sup: 1.527
[GPU0] epochs: [78/100] train_acc: 0.529 train_loss_sup: 1.525
[GPU0] epochs: [79/100] train_acc: 0.531 train_loss_sup: 1.521
[GPU0] epochs: [80/100] train_acc: 0.531 train_loss_sup: 1.519
[GPU0] Test Accuracy at epoch: 80: 0.451
[GPU0] epochs: [81/100] train_acc: 0.530 train_loss_sup: 1.516
[GPU0] epochs: [82/100] train_acc: 0.531 train_loss_sup: 1.514
[GPU0] epochs: [83/100] train_acc: 0.529 train_loss_sup: 1.513
[GPU0] epochs: [84/100] train_acc: 0.533 train_loss_sup: 1.509
[GPU0] epochs: [85/100] train_acc: 0.534 train_loss_sup: 1.504
[GPU0] epochs: [86/100] train_acc: 0.530 train_loss_sup: 1.505
[GPU0] epochs: [87/100] train_acc: 0.533 train_loss_sup: 1.499
[GPU0] epochs: [88/100] train_acc: 0.533 train_loss_sup: 1.499
[GPU0] epochs: [89/100] train_acc: 0.533 train_loss_sup: 1.494
[GPU0] epochs: [90/100] train_acc: 0.536 train_loss_sup: 1.490
[GPU0] Test Accuracy at epoch: 90: 0.457
[GPU0] epochs: [91/100] train_acc: 0.533 train_loss_sup: 1.492
[GPU0] epochs: [92/100] train_acc: 0.538 train_loss_sup: 1.485
[GPU0] epochs: [93/100] train_acc: 0.534 train_loss_sup: 1.487
[GPU0] epochs: [94/100] train_acc: 0.536 train_loss_sup: 1.482
[GPU0] epochs: [95/100] train_acc: 0.536 train_loss_sup: 1.482
[GPU0] epochs: [96/100] train_acc: 0.534 train_loss_sup: 1.478
[GPU0] epochs: [97/100] train_acc: 0.535 train_loss_sup: 1.479
[GPU0] epochs: [98/100] train_acc: 0.535 train_loss_sup: 1.475
[GPU0] epochs: [99/100] train_acc: 0.536 train_loss_sup: 1.472
[GPU0] epochs: [100/100] train_acc: 0.537 train_loss_sup: 1.469
[GPU0] Final Test Accuracy: 0.47
LR: 0.100 | WD: 0.000001 | Cosine: False | test Acc: 0.470%
===> using linear mlp
Scheduler: None
MLP: MLP(
  (mlp): Linear(in_features=512, out_features=10, bias=True)
)
[GPU0] Test Accuracy at epoch: 0: 0.328
[GPU0] epochs: [1/100] train_acc: 0.209 train_loss_sup: 2.290
[GPU0] epochs: [2/100] train_acc: 0.340 train_loss_sup: 2.261
[GPU0] epochs: [3/100] train_acc: 0.404 train_loss_sup: 2.232
[GPU0] epochs: [4/100] train_acc: 0.435 train_loss_sup: 2.205
[GPU0] epochs: [5/100] train_acc: 0.445 train_loss_sup: 2.180
[GPU0] epochs: [6/100] train_acc: 0.454 train_loss_sup: 2.156
[GPU0] epochs: [7/100] train_acc: 0.455 train_loss_sup: 2.133
[GPU0] epochs: [8/100] train_acc: 0.463 train_loss_sup: 2.111
[GPU0] epochs: [9/100] train_acc: 0.469 train_loss_sup: 2.090
[GPU0] epochs: [10/100] train_acc: 0.473 train_loss_sup: 2.070
[GPU0] Test Accuracy at epoch: 10: 0.345
[GPU0] epochs: [11/100] train_acc: 0.474 train_loss_sup: 2.052
[GPU0] epochs: [12/100] train_acc: 0.478 train_loss_sup: 2.034
[GPU0] epochs: [13/100] train_acc: 0.476 train_loss_sup: 2.017
[GPU0] epochs: [14/100] train_acc: 0.482 train_loss_sup: 2.001
[GPU0] epochs: [15/100] train_acc: 0.478 train_loss_sup: 1.986
[GPU0] epochs: [16/100] train_acc: 0.484 train_loss_sup: 1.972
[GPU0] epochs: [17/100] train_acc: 0.491 train_loss_sup: 1.957
[GPU0] epochs: [18/100] train_acc: 0.483 train_loss_sup: 1.945
[GPU0] epochs: [19/100] train_acc: 0.488 train_loss_sup: 1.933
[GPU0] epochs: [20/100] train_acc: 0.493 train_loss_sup: 1.920
[GPU0] Test Accuracy at epoch: 20: 0.355
[GPU0] epochs: [21/100] train_acc: 0.485 train_loss_sup: 1.910
[GPU0] epochs: [22/100] train_acc: 0.496 train_loss_sup: 1.898
[GPU0] epochs: [23/100] train_acc: 0.497 train_loss_sup: 1.887
[GPU0] epochs: [24/100] train_acc: 0.495 train_loss_sup: 1.877
[GPU0] epochs: [25/100] train_acc: 0.499 train_loss_sup: 1.865
[GPU0] epochs: [26/100] train_acc: 0.498 train_loss_sup: 1.858
[GPU0] epochs: [27/100] train_acc: 0.499 train_loss_sup: 1.849
[GPU0] epochs: [28/100] train_acc: 0.498 train_loss_sup: 1.839
[GPU0] epochs: [29/100] train_acc: 0.502 train_loss_sup: 1.832
[GPU0] epochs: [30/100] train_acc: 0.501 train_loss_sup: 1.824
[GPU0] Test Accuracy at epoch: 30: 0.389
[GPU0] epochs: [31/100] train_acc: 0.502 train_loss_sup: 1.817
[GPU0] epochs: [32/100] train_acc: 0.504 train_loss_sup: 1.810
[GPU0] epochs: [33/100] train_acc: 0.503 train_loss_sup: 1.803
[GPU0] epochs: [34/100] train_acc: 0.505 train_loss_sup: 1.796
[GPU0] epochs: [35/100] train_acc: 0.503 train_loss_sup: 1.788
[GPU0] epochs: [36/100] train_acc: 0.506 train_loss_sup: 1.783
[GPU0] epochs: [37/100] train_acc: 0.509 train_loss_sup: 1.776
[GPU0] epochs: [38/100] train_acc: 0.506 train_loss_sup: 1.771
[GPU0] epochs: [39/100] train_acc: 0.507 train_loss_sup: 1.767
[GPU0] epochs: [40/100] train_acc: 0.510 train_loss_sup: 1.758
[GPU0] Test Accuracy at epoch: 40: 0.391
[GPU0] epochs: [41/100] train_acc: 0.509 train_loss_sup: 1.755
[GPU0] epochs: [42/100] train_acc: 0.508 train_loss_sup: 1.750
[GPU0] epochs: [43/100] train_acc: 0.510 train_loss_sup: 1.743
[GPU0] epochs: [44/100] train_acc: 0.510 train_loss_sup: 1.740
[GPU0] epochs: [45/100] train_acc: 0.510 train_loss_sup: 1.737
[GPU0] epochs: [46/100] train_acc: 0.512 train_loss_sup: 1.732
[GPU0] epochs: [47/100] train_acc: 0.516 train_loss_sup: 1.727
[GPU0] epochs: [48/100] train_acc: 0.513 train_loss_sup: 1.722
[GPU0] epochs: [49/100] train_acc: 0.513 train_loss_sup: 1.718
[GPU0] epochs: [50/100] train_acc: 0.512 train_loss_sup: 1.714
[GPU0] Test Accuracy at epoch: 50: 0.413
[GPU0] epochs: [51/100] train_acc: 0.514 train_loss_sup: 1.710
[GPU0] epochs: [52/100] train_acc: 0.514 train_loss_sup: 1.708
[GPU0] epochs: [53/100] train_acc: 0.514 train_loss_sup: 1.702
[GPU0] epochs: [54/100] train_acc: 0.513 train_loss_sup: 1.701
[GPU0] epochs: [55/100] train_acc: 0.516 train_loss_sup: 1.698
[GPU0] epochs: [56/100] train_acc: 0.517 train_loss_sup: 1.693
[GPU0] epochs: [57/100] train_acc: 0.517 train_loss_sup: 1.691
[GPU0] epochs: [58/100] train_acc: 0.517 train_loss_sup: 1.688
[GPU0] epochs: [59/100] train_acc: 0.517 train_loss_sup: 1.685
[GPU0] epochs: [60/100] train_acc: 0.517 train_loss_sup: 1.682
[GPU0] Test Accuracy at epoch: 60: 0.417
[GPU0] epochs: [61/100] train_acc: 0.519 train_loss_sup: 1.678
[GPU0] epochs: [62/100] train_acc: 0.517 train_loss_sup: 1.678
[GPU0] epochs: [63/100] train_acc: 0.521 train_loss_sup: 1.674
[GPU0] epochs: [64/100] train_acc: 0.519 train_loss_sup: 1.672
[GPU0] epochs: [65/100] train_acc: 0.520 train_loss_sup: 1.667
[GPU0] epochs: [66/100] train_acc: 0.521 train_loss_sup: 1.667
[GPU0] epochs: [67/100] train_acc: 0.518 train_loss_sup: 1.664
[GPU0] epochs: [68/100] train_acc: 0.523 train_loss_sup: 1.661
[GPU0] epochs: [69/100] train_acc: 0.522 train_loss_sup: 1.657
[GPU0] epochs: [70/100] train_acc: 0.520 train_loss_sup: 1.656
[GPU0] Test Accuracy at epoch: 70: 0.436
[GPU0] epochs: [71/100] train_acc: 0.524 train_loss_sup: 1.652
[GPU0] epochs: [72/100] train_acc: 0.523 train_loss_sup: 1.652
[GPU0] epochs: [73/100] train_acc: 0.523 train_loss_sup: 1.650
[GPU0] epochs: [74/100] train_acc: 0.522 train_loss_sup: 1.650
[GPU0] epochs: [75/100] train_acc: 0.520 train_loss_sup: 1.650
[GPU0] epochs: [76/100] train_acc: 0.526 train_loss_sup: 1.641
[GPU0] epochs: [77/100] train_acc: 0.523 train_loss_sup: 1.643
[GPU0] epochs: [78/100] train_acc: 0.525 train_loss_sup: 1.642
[GPU0] epochs: [79/100] train_acc: 0.524 train_loss_sup: 1.639
[GPU0] epochs: [80/100] train_acc: 0.523 train_loss_sup: 1.636
[GPU0] Test Accuracy at epoch: 80: 0.425
[GPU0] epochs: [81/100] train_acc: 0.527 train_loss_sup: 1.633
[GPU0] epochs: [82/100] train_acc: 0.526 train_loss_sup: 1.635
[GPU0] epochs: [83/100] train_acc: 0.525 train_loss_sup: 1.631
[GPU0] epochs: [84/100] train_acc: 0.526 train_loss_sup: 1.629
[GPU0] epochs: [85/100] train_acc: 0.528 train_loss_sup: 1.626
[GPU0] epochs: [86/100] train_acc: 0.527 train_loss_sup: 1.628
[GPU0] epochs: [87/100] train_acc: 0.527 train_loss_sup: 1.626
[GPU0] epochs: [88/100] train_acc: 0.529 train_loss_sup: 1.625
[GPU0] epochs: [89/100] train_acc: 0.526 train_loss_sup: 1.624
[GPU0] epochs: [90/100] train_acc: 0.524 train_loss_sup: 1.625
[GPU0] Test Accuracy at epoch: 90: 0.447
[GPU0] epochs: [91/100] train_acc: 0.528 train_loss_sup: 1.620
[GPU0] epochs: [92/100] train_acc: 0.528 train_loss_sup: 1.622
[GPU0] epochs: [93/100] train_acc: 0.530 train_loss_sup: 1.617
[GPU0] epochs: [94/100] train_acc: 0.532 train_loss_sup: 1.615
[GPU0] epochs: [95/100] train_acc: 0.529 train_loss_sup: 1.618
[GPU0] epochs: [96/100] train_acc: 0.530 train_loss_sup: 1.613
[GPU0] epochs: [97/100] train_acc: 0.530 train_loss_sup: 1.614
[GPU0] epochs: [98/100] train_acc: 0.530 train_loss_sup: 1.612
[GPU0] epochs: [99/100] train_acc: 0.528 train_loss_sup: 1.612
[GPU0] epochs: [100/100] train_acc: 0.527 train_loss_sup: 1.610
[GPU0] Final Test Accuracy: 0.442
LR: 0.100 | WD: 0.000100 | Cosine: False | test Acc: 0.447%
===> using linear mlp
Scheduler: None
MLP: MLP(
  (mlp): Linear(in_features=512, out_features=10, bias=True)
)
[GPU0] Test Accuracy at epoch: 0: 0.135
[GPU0] epochs: [1/100] train_acc: 0.190 train_loss_sup: 2.290
[GPU0] epochs: [2/100] train_acc: 0.354 train_loss_sup: 2.260
[GPU0] epochs: [3/100] train_acc: 0.411 train_loss_sup: 2.231
[GPU0] epochs: [4/100] train_acc: 0.432 train_loss_sup: 2.203
[GPU0] epochs: [5/100] train_acc: 0.441 train_loss_sup: 2.177
[GPU0] epochs: [6/100] train_acc: 0.451 train_loss_sup: 2.152
[GPU0] epochs: [7/100] train_acc: 0.469 train_loss_sup: 2.127
[GPU0] epochs: [8/100] train_acc: 0.466 train_loss_sup: 2.105
[GPU0] epochs: [9/100] train_acc: 0.470 train_loss_sup: 2.082
[GPU0] epochs: [10/100] train_acc: 0.472 train_loss_sup: 2.062
[GPU0] Test Accuracy at epoch: 10: 0.309
[GPU0] epochs: [11/100] train_acc: 0.475 train_loss_sup: 2.041
[GPU0] epochs: [12/100] train_acc: 0.477 train_loss_sup: 2.022
[GPU0] epochs: [13/100] train_acc: 0.474 train_loss_sup: 2.003
[GPU0] epochs: [14/100] train_acc: 0.485 train_loss_sup: 1.985
[GPU0] epochs: [15/100] train_acc: 0.484 train_loss_sup: 1.968
[GPU0] epochs: [16/100] train_acc: 0.488 train_loss_sup: 1.951
[GPU0] epochs: [17/100] train_acc: 0.488 train_loss_sup: 1.936
[GPU0] epochs: [18/100] train_acc: 0.491 train_loss_sup: 1.921
[GPU0] epochs: [19/100] train_acc: 0.491 train_loss_sup: 1.906
[GPU0] epochs: [20/100] train_acc: 0.493 train_loss_sup: 1.892
[GPU0] Test Accuracy at epoch: 20: 0.363
[GPU0] epochs: [21/100] train_acc: 0.493 train_loss_sup: 1.880
[GPU0] epochs: [22/100] train_acc: 0.494 train_loss_sup: 1.866
[GPU0] epochs: [23/100] train_acc: 0.497 train_loss_sup: 1.853
[GPU0] epochs: [24/100] train_acc: 0.496 train_loss_sup: 1.841
[GPU0] epochs: [25/100] train_acc: 0.501 train_loss_sup: 1.829
[GPU0] epochs: [26/100] train_acc: 0.501 train_loss_sup: 1.818
[GPU0] epochs: [27/100] train_acc: 0.499 train_loss_sup: 1.808
[GPU0] epochs: [28/100] train_acc: 0.505 train_loss_sup: 1.796
[GPU0] epochs: [29/100] train_acc: 0.500 train_loss_sup: 1.786
[GPU0] epochs: [30/100] train_acc: 0.502 train_loss_sup: 1.776
[GPU0] Test Accuracy at epoch: 30: 0.395
[GPU0] epochs: [31/100] train_acc: 0.505 train_loss_sup: 1.770
[GPU0] epochs: [32/100] train_acc: 0.505 train_loss_sup: 1.759
[GPU0] epochs: [33/100] train_acc: 0.507 train_loss_sup: 1.749
[GPU0] epochs: [34/100] train_acc: 0.505 train_loss_sup: 1.741
[GPU0] epochs: [35/100] train_acc: 0.507 train_loss_sup: 1.734
[GPU0] epochs: [36/100] train_acc: 0.509 train_loss_sup: 1.724
[GPU0] epochs: [37/100] train_acc: 0.512 train_loss_sup: 1.717
[GPU0] epochs: [38/100] train_acc: 0.511 train_loss_sup: 1.710
[GPU0] epochs: [39/100] train_acc: 0.510 train_loss_sup: 1.702
[GPU0] epochs: [40/100] train_acc: 0.512 train_loss_sup: 1.694
[GPU0] Test Accuracy at epoch: 40: 0.411
[GPU0] epochs: [41/100] train_acc: 0.510 train_loss_sup: 1.688
[GPU0] epochs: [42/100] train_acc: 0.511 train_loss_sup: 1.684
[GPU0] epochs: [43/100] train_acc: 0.516 train_loss_sup: 1.676
[GPU0] epochs: [44/100] train_acc: 0.516 train_loss_sup: 1.668
[GPU0] epochs: [45/100] train_acc: 0.514 train_loss_sup: 1.664
[GPU0] epochs: [46/100] train_acc: 0.516 train_loss_sup: 1.655
[GPU0] epochs: [47/100] train_acc: 0.517 train_loss_sup: 1.651
[GPU0] epochs: [48/100] train_acc: 0.518 train_loss_sup: 1.645
[GPU0] epochs: [49/100] train_acc: 0.518 train_loss_sup: 1.640
[GPU0] epochs: [50/100] train_acc: 0.519 train_loss_sup: 1.637
[GPU0] Test Accuracy at epoch: 50: 0.424
[GPU0] epochs: [51/100] train_acc: 0.520 train_loss_sup: 1.628
[GPU0] epochs: [52/100] train_acc: 0.517 train_loss_sup: 1.622
[GPU0] epochs: [53/100] train_acc: 0.520 train_loss_sup: 1.618
[GPU0] epochs: [54/100] train_acc: 0.520 train_loss_sup: 1.615
[GPU0] epochs: [55/100] train_acc: 0.524 train_loss_sup: 1.607
[GPU0] epochs: [56/100] train_acc: 0.521 train_loss_sup: 1.603
[GPU0] epochs: [57/100] train_acc: 0.522 train_loss_sup: 1.600
[GPU0] epochs: [58/100] train_acc: 0.523 train_loss_sup: 1.596
[GPU0] epochs: [59/100] train_acc: 0.524 train_loss_sup: 1.589
[GPU0] epochs: [60/100] train_acc: 0.520 train_loss_sup: 1.589
[GPU0] Test Accuracy at epoch: 60: 0.433
[GPU0] epochs: [61/100] train_acc: 0.523 train_loss_sup: 1.582
[GPU0] epochs: [62/100] train_acc: 0.524 train_loss_sup: 1.578
[GPU0] epochs: [63/100] train_acc: 0.523 train_loss_sup: 1.576
[GPU0] epochs: [64/100] train_acc: 0.526 train_loss_sup: 1.571
[GPU0] epochs: [65/100] train_acc: 0.525 train_loss_sup: 1.565
[GPU0] epochs: [66/100] train_acc: 0.527 train_loss_sup: 1.562
[GPU0] epochs: [67/100] train_acc: 0.528 train_loss_sup: 1.559
[GPU0] epochs: [68/100] train_acc: 0.526 train_loss_sup: 1.556
[GPU0] epochs: [69/100] train_acc: 0.526 train_loss_sup: 1.552
[GPU0] epochs: [70/100] train_acc: 0.525 train_loss_sup: 1.550
[GPU0] Test Accuracy at epoch: 70: 0.444
[GPU0] epochs: [71/100] train_acc: 0.528 train_loss_sup: 1.544
[GPU0] epochs: [72/100] train_acc: 0.529 train_loss_sup: 1.542
[GPU0] epochs: [73/100] train_acc: 0.527 train_loss_sup: 1.542
[GPU0] epochs: [74/100] train_acc: 0.528 train_loss_sup: 1.536
[GPU0] epochs: [75/100] train_acc: 0.531 train_loss_sup: 1.529
[GPU0] epochs: [76/100] train_acc: 0.530 train_loss_sup: 1.531
[GPU0] epochs: [77/100] train_acc: 0.530 train_loss_sup: 1.529
[GPU0] epochs: [78/100] train_acc: 0.532 train_loss_sup: 1.522
[GPU0] epochs: [79/100] train_acc: 0.533 train_loss_sup: 1.518
[GPU0] epochs: [80/100] train_acc: 0.531 train_loss_sup: 1.516
[GPU0] Test Accuracy at epoch: 80: 0.453
[GPU0] epochs: [81/100] train_acc: 0.530 train_loss_sup: 1.517
[GPU0] epochs: [82/100] train_acc: 0.531 train_loss_sup: 1.512
[GPU0] epochs: [83/100] train_acc: 0.533 train_loss_sup: 1.511
[GPU0] epochs: [84/100] train_acc: 0.535 train_loss_sup: 1.507
[GPU0] epochs: [85/100] train_acc: 0.534 train_loss_sup: 1.502
[GPU0] epochs: [86/100] train_acc: 0.534 train_loss_sup: 1.505
[GPU0] epochs: [87/100] train_acc: 0.532 train_loss_sup: 1.500
[GPU0] epochs: [88/100] train_acc: 0.536 train_loss_sup: 1.492
[GPU0] epochs: [89/100] train_acc: 0.537 train_loss_sup: 1.492
[GPU0] epochs: [90/100] train_acc: 0.536 train_loss_sup: 1.492
[GPU0] Test Accuracy at epoch: 90: 0.459
[GPU0] epochs: [91/100] train_acc: 0.535 train_loss_sup: 1.487
[GPU0] epochs: [92/100] train_acc: 0.536 train_loss_sup: 1.487
[GPU0] epochs: [93/100] train_acc: 0.536 train_loss_sup: 1.483
[GPU0] epochs: [94/100] train_acc: 0.537 train_loss_sup: 1.482
[GPU0] epochs: [95/100] train_acc: 0.536 train_loss_sup: 1.480
[GPU0] epochs: [96/100] train_acc: 0.537 train_loss_sup: 1.478
[GPU0] epochs: [97/100] train_acc: 0.537 train_loss_sup: 1.476
[GPU0] epochs: [98/100] train_acc: 0.536 train_loss_sup: 1.476
[GPU0] epochs: [99/100] train_acc: 0.538 train_loss_sup: 1.471
[GPU0] epochs: [100/100] train_acc: 0.537 train_loss_sup: 1.467
[GPU0] Final Test Accuracy: 0.469
LR: 0.100 | WD: 0.000000 | Cosine: False | test Acc: 0.469%
===> using linear mlp
Scheduler: None
MLP: MLP(
  (mlp): Linear(in_features=512, out_features=10, bias=True)
)
[GPU0] Test Accuracy at epoch: 0: 0.32
[GPU0] epochs: [1/100] train_acc: 0.303 train_loss_sup: 2.190
[GPU0] epochs: [2/100] train_acc: 0.441 train_loss_sup: 1.977
[GPU0] epochs: [3/100] train_acc: 0.481 train_loss_sup: 1.834
[GPU0] epochs: [4/100] train_acc: 0.491 train_loss_sup: 1.739
[GPU0] epochs: [5/100] train_acc: 0.504 train_loss_sup: 1.666
[GPU0] epochs: [6/100] train_acc: 0.511 train_loss_sup: 1.613
[GPU0] epochs: [7/100] train_acc: 0.519 train_loss_sup: 1.569
[GPU0] epochs: [8/100] train_acc: 0.523 train_loss_sup: 1.536
[GPU0] epochs: [9/100] train_acc: 0.527 train_loss_sup: 1.507
[GPU0] epochs: [10/100] train_acc: 0.534 train_loss_sup: 1.481
[GPU0] Test Accuracy at epoch: 10: 0.475
[GPU0] epochs: [11/100] train_acc: 0.536 train_loss_sup: 1.465
[GPU0] epochs: [12/100] train_acc: 0.541 train_loss_sup: 1.441
[GPU0] epochs: [13/100] train_acc: 0.542 train_loss_sup: 1.427
[GPU0] epochs: [14/100] train_acc: 0.544 train_loss_sup: 1.414
[GPU0] epochs: [15/100] train_acc: 0.546 train_loss_sup: 1.403
[GPU0] epochs: [16/100] train_acc: 0.545 train_loss_sup: 1.395
[GPU0] epochs: [17/100] train_acc: 0.549 train_loss_sup: 1.379
[GPU0] epochs: [18/100] train_acc: 0.550 train_loss_sup: 1.368
[GPU0] epochs: [19/100] train_acc: 0.554 train_loss_sup: 1.363
[GPU0] epochs: [20/100] train_acc: 0.555 train_loss_sup: 1.355
[GPU0] Test Accuracy at epoch: 20: 0.503
[GPU0] epochs: [21/100] train_acc: 0.559 train_loss_sup: 1.346
[GPU0] epochs: [22/100] train_acc: 0.560 train_loss_sup: 1.339
[GPU0] epochs: [23/100] train_acc: 0.562 train_loss_sup: 1.329
[GPU0] epochs: [24/100] train_acc: 0.566 train_loss_sup: 1.322
[GPU0] epochs: [25/100] train_acc: 0.562 train_loss_sup: 1.321
[GPU0] epochs: [26/100] train_acc: 0.563 train_loss_sup: 1.319
[GPU0] epochs: [27/100] train_acc: 0.566 train_loss_sup: 1.309
[GPU0] epochs: [28/100] train_acc: 0.564 train_loss_sup: 1.309
[GPU0] epochs: [29/100] train_acc: 0.571 train_loss_sup: 1.301
[GPU0] epochs: [30/100] train_acc: 0.568 train_loss_sup: 1.299
[GPU0] Test Accuracy at epoch: 30: 0.53
[GPU0] epochs: [31/100] train_acc: 0.572 train_loss_sup: 1.294
[GPU0] epochs: [32/100] train_acc: 0.572 train_loss_sup: 1.289
[GPU0] epochs: [33/100] train_acc: 0.571 train_loss_sup: 1.285
[GPU0] epochs: [34/100] train_acc: 0.570 train_loss_sup: 1.283
[GPU0] epochs: [35/100] train_acc: 0.576 train_loss_sup: 1.281
[GPU0] epochs: [36/100] train_acc: 0.577 train_loss_sup: 1.275
[GPU0] epochs: [37/100] train_acc: 0.577 train_loss_sup: 1.268
[GPU0] epochs: [38/100] train_acc: 0.576 train_loss_sup: 1.266
[GPU0] epochs: [39/100] train_acc: 0.579 train_loss_sup: 1.262
[GPU0] epochs: [40/100] train_acc: 0.580 train_loss_sup: 1.264
[GPU0] Test Accuracy at epoch: 40: 0.538
[GPU0] epochs: [41/100] train_acc: 0.578 train_loss_sup: 1.260
[GPU0] epochs: [42/100] train_acc: 0.578 train_loss_sup: 1.259
[GPU0] epochs: [43/100] train_acc: 0.580 train_loss_sup: 1.253
[GPU0] epochs: [44/100] train_acc: 0.579 train_loss_sup: 1.253
[GPU0] epochs: [45/100] train_acc: 0.583 train_loss_sup: 1.250
[GPU0] epochs: [46/100] train_acc: 0.582 train_loss_sup: 1.249
[GPU0] epochs: [47/100] train_acc: 0.585 train_loss_sup: 1.244
[GPU0] epochs: [48/100] train_acc: 0.583 train_loss_sup: 1.241
[GPU0] epochs: [49/100] train_acc: 0.582 train_loss_sup: 1.241
[GPU0] epochs: [50/100] train_acc: 0.584 train_loss_sup: 1.242
[GPU0] Test Accuracy at epoch: 50: 0.563
[GPU0] epochs: [51/100] train_acc: 0.584 train_loss_sup: 1.239
[GPU0] epochs: [52/100] train_acc: 0.586 train_loss_sup: 1.238
[GPU0] epochs: [53/100] train_acc: 0.587 train_loss_sup: 1.237
[GPU0] epochs: [54/100] train_acc: 0.585 train_loss_sup: 1.235
[GPU0] epochs: [55/100] train_acc: 0.591 train_loss_sup: 1.228
[GPU0] epochs: [56/100] train_acc: 0.589 train_loss_sup: 1.227
[GPU0] epochs: [57/100] train_acc: 0.589 train_loss_sup: 1.224
[GPU0] epochs: [58/100] train_acc: 0.590 train_loss_sup: 1.223
[GPU0] epochs: [59/100] train_acc: 0.589 train_loss_sup: 1.225
[GPU0] epochs: [60/100] train_acc: 0.589 train_loss_sup: 1.225
[GPU0] Test Accuracy at epoch: 60: 0.57
[GPU0] epochs: [61/100] train_acc: 0.592 train_loss_sup: 1.221
[GPU0] epochs: [62/100] train_acc: 0.588 train_loss_sup: 1.221
[GPU0] epochs: [63/100] train_acc: 0.593 train_loss_sup: 1.215
[GPU0] epochs: [64/100] train_acc: 0.591 train_loss_sup: 1.217
[GPU0] epochs: [65/100] train_acc: 0.594 train_loss_sup: 1.212
[GPU0] epochs: [66/100] train_acc: 0.592 train_loss_sup: 1.211
[GPU0] epochs: [67/100] train_acc: 0.593 train_loss_sup: 1.212
[GPU0] epochs: [68/100] train_acc: 0.594 train_loss_sup: 1.208
[GPU0] epochs: [69/100] train_acc: 0.593 train_loss_sup: 1.210
[GPU0] epochs: [70/100] train_acc: 0.593 train_loss_sup: 1.206
[GPU0] Test Accuracy at epoch: 70: 0.556
[GPU0] epochs: [71/100] train_acc: 0.594 train_loss_sup: 1.206
[GPU0] epochs: [72/100] train_acc: 0.595 train_loss_sup: 1.204
[GPU0] epochs: [73/100] train_acc: 0.597 train_loss_sup: 1.203
[GPU0] epochs: [74/100] train_acc: 0.595 train_loss_sup: 1.204
[GPU0] epochs: [75/100] train_acc: 0.598 train_loss_sup: 1.203
[GPU0] epochs: [76/100] train_acc: 0.598 train_loss_sup: 1.198
[GPU0] epochs: [77/100] train_acc: 0.595 train_loss_sup: 1.202
[GPU0] epochs: [78/100] train_acc: 0.596 train_loss_sup: 1.199
[GPU0] epochs: [79/100] train_acc: 0.598 train_loss_sup: 1.191
[GPU0] epochs: [80/100] train_acc: 0.596 train_loss_sup: 1.202
[GPU0] Test Accuracy at epoch: 80: 0.567
[GPU0] epochs: [81/100] train_acc: 0.601 train_loss_sup: 1.190
[GPU0] epochs: [82/100] train_acc: 0.600 train_loss_sup: 1.191
[GPU0] epochs: [83/100] train_acc: 0.596 train_loss_sup: 1.199
[GPU0] epochs: [84/100] train_acc: 0.599 train_loss_sup: 1.189
[GPU0] epochs: [85/100] train_acc: 0.597 train_loss_sup: 1.190
[GPU0] epochs: [86/100] train_acc: 0.600 train_loss_sup: 1.189
[GPU0] epochs: [87/100] train_acc: 0.598 train_loss_sup: 1.194
[GPU0] epochs: [88/100] train_acc: 0.602 train_loss_sup: 1.186
[GPU0] epochs: [89/100] train_acc: 0.599 train_loss_sup: 1.185
[GPU0] epochs: [90/100] train_acc: 0.600 train_loss_sup: 1.186
[GPU0] Test Accuracy at epoch: 90: 0.575
[GPU0] epochs: [91/100] train_acc: 0.600 train_loss_sup: 1.185
[GPU0] epochs: [92/100] train_acc: 0.603 train_loss_sup: 1.187
[GPU0] epochs: [93/100] train_acc: 0.599 train_loss_sup: 1.188
[GPU0] epochs: [94/100] train_acc: 0.602 train_loss_sup: 1.182
[GPU0] epochs: [95/100] train_acc: 0.601 train_loss_sup: 1.183
[GPU0] epochs: [96/100] train_acc: 0.603 train_loss_sup: 1.181
[GPU0] epochs: [97/100] train_acc: 0.601 train_loss_sup: 1.181
[GPU0] epochs: [98/100] train_acc: 0.599 train_loss_sup: 1.184
[GPU0] epochs: [99/100] train_acc: 0.604 train_loss_sup: 1.175
[GPU0] epochs: [100/100] train_acc: 0.599 train_loss_sup: 1.183
[GPU0] Final Test Accuracy: 0.582
LR: 1.000 | WD: 0.000001 | Cosine: False | test Acc: 0.582%
===> using linear mlp
Scheduler: None
MLP: MLP(
  (mlp): Linear(in_features=512, out_features=10, bias=True)
)
[GPU0] Test Accuracy at epoch: 0: 0.323
[GPU0] epochs: [1/100] train_acc: 0.282 train_loss_sup: 2.194
[GPU0] epochs: [2/100] train_acc: 0.444 train_loss_sup: 1.993
[GPU0] epochs: [3/100] train_acc: 0.471 train_loss_sup: 1.869
[GPU0] epochs: [4/100] train_acc: 0.486 train_loss_sup: 1.791
[GPU0] epochs: [5/100] train_acc: 0.498 train_loss_sup: 1.735
[GPU0] epochs: [6/100] train_acc: 0.506 train_loss_sup: 1.697
[GPU0] epochs: [7/100] train_acc: 0.511 train_loss_sup: 1.669
[GPU0] epochs: [8/100] train_acc: 0.515 train_loss_sup: 1.647
[GPU0] epochs: [9/100] train_acc: 0.518 train_loss_sup: 1.631
[GPU0] epochs: [10/100] train_acc: 0.520 train_loss_sup: 1.617
[GPU0] Test Accuracy at epoch: 10: 0.448
[GPU0] epochs: [11/100] train_acc: 0.521 train_loss_sup: 1.608
[GPU0] epochs: [12/100] train_acc: 0.524 train_loss_sup: 1.600
[GPU0] epochs: [13/100] train_acc: 0.525 train_loss_sup: 1.593
[GPU0] epochs: [14/100] train_acc: 0.523 train_loss_sup: 1.589
[GPU0] epochs: [15/100] train_acc: 0.528 train_loss_sup: 1.585
[GPU0] epochs: [16/100] train_acc: 0.532 train_loss_sup: 1.579
[GPU0] epochs: [17/100] train_acc: 0.530 train_loss_sup: 1.576
[GPU0] epochs: [18/100] train_acc: 0.535 train_loss_sup: 1.573
[GPU0] epochs: [19/100] train_acc: 0.531 train_loss_sup: 1.573
[GPU0] epochs: [20/100] train_acc: 0.531 train_loss_sup: 1.571
[GPU0] Test Accuracy at epoch: 20: 0.46
[GPU0] epochs: [21/100] train_acc: 0.534 train_loss_sup: 1.566
[GPU0] epochs: [22/100] train_acc: 0.534 train_loss_sup: 1.567
[GPU0] epochs: [23/100] train_acc: 0.535 train_loss_sup: 1.562
[GPU0] epochs: [24/100] train_acc: 0.534 train_loss_sup: 1.566
[GPU0] epochs: [25/100] train_acc: 0.539 train_loss_sup: 1.563
[GPU0] epochs: [26/100] train_acc: 0.534 train_loss_sup: 1.565
[GPU0] epochs: [27/100] train_acc: 0.533 train_loss_sup: 1.563
[GPU0] epochs: [28/100] train_acc: 0.537 train_loss_sup: 1.560
[GPU0] epochs: [29/100] train_acc: 0.533 train_loss_sup: 1.561
[GPU0] epochs: [30/100] train_acc: 0.541 train_loss_sup: 1.558
[GPU0] Test Accuracy at epoch: 30: 0.482
[GPU0] epochs: [31/100] train_acc: 0.538 train_loss_sup: 1.563
[GPU0] epochs: [32/100] train_acc: 0.536 train_loss_sup: 1.563
[GPU0] epochs: [33/100] train_acc: 0.538 train_loss_sup: 1.559
[GPU0] epochs: [34/100] train_acc: 0.540 train_loss_sup: 1.559
[GPU0] epochs: [35/100] train_acc: 0.537 train_loss_sup: 1.560
[GPU0] epochs: [36/100] train_acc: 0.537 train_loss_sup: 1.560
[GPU0] epochs: [37/100] train_acc: 0.537 train_loss_sup: 1.561
[GPU0] epochs: [38/100] train_acc: 0.534 train_loss_sup: 1.559
[GPU0] epochs: [39/100] train_acc: 0.539 train_loss_sup: 1.559
[GPU0] epochs: [40/100] train_acc: 0.537 train_loss_sup: 1.560
[GPU0] Test Accuracy at epoch: 40: 0.482
[GPU0] epochs: [41/100] train_acc: 0.537 train_loss_sup: 1.560
[GPU0] epochs: [42/100] train_acc: 0.539 train_loss_sup: 1.559
[GPU0] epochs: [43/100] train_acc: 0.535 train_loss_sup: 1.559
[GPU0] epochs: [44/100] train_acc: 0.536 train_loss_sup: 1.558
[GPU0] epochs: [45/100] train_acc: 0.537 train_loss_sup: 1.562
[GPU0] epochs: [46/100] train_acc: 0.542 train_loss_sup: 1.558
[GPU0] epochs: [47/100] train_acc: 0.540 train_loss_sup: 1.556
[GPU0] epochs: [48/100] train_acc: 0.539 train_loss_sup: 1.557
[GPU0] epochs: [49/100] train_acc: 0.537 train_loss_sup: 1.556
[GPU0] epochs: [50/100] train_acc: 0.540 train_loss_sup: 1.557
[GPU0] Test Accuracy at epoch: 50: 0.459
[GPU0] epochs: [51/100] train_acc: 0.536 train_loss_sup: 1.561
[GPU0] epochs: [52/100] train_acc: 0.537 train_loss_sup: 1.559
[GPU0] epochs: [53/100] train_acc: 0.539 train_loss_sup: 1.559
[GPU0] epochs: [54/100] train_acc: 0.540 train_loss_sup: 1.558
[GPU0] epochs: [55/100] train_acc: 0.538 train_loss_sup: 1.559
[GPU0] epochs: [56/100] train_acc: 0.538 train_loss_sup: 1.560
[GPU0] epochs: [57/100] train_acc: 0.539 train_loss_sup: 1.558
[GPU0] epochs: [58/100] train_acc: 0.538 train_loss_sup: 1.558
[GPU0] epochs: [59/100] train_acc: 0.538 train_loss_sup: 1.559
[GPU0] epochs: [60/100] train_acc: 0.540 train_loss_sup: 1.559
[GPU0] Test Accuracy at epoch: 60: 0.458
[GPU0] epochs: [61/100] train_acc: 0.540 train_loss_sup: 1.559
[GPU0] epochs: [62/100] train_acc: 0.540 train_loss_sup: 1.559
[GPU0] epochs: [63/100] train_acc: 0.539 train_loss_sup: 1.559
[GPU0] epochs: [64/100] train_acc: 0.538 train_loss_sup: 1.559
[GPU0] epochs: [65/100] train_acc: 0.539 train_loss_sup: 1.559
[GPU0] epochs: [66/100] train_acc: 0.540 train_loss_sup: 1.562
[GPU0] epochs: [67/100] train_acc: 0.539 train_loss_sup: 1.561
[GPU0] epochs: [68/100] train_acc: 0.540 train_loss_sup: 1.557
[GPU0] epochs: [69/100] train_acc: 0.535 train_loss_sup: 1.561
[GPU0] epochs: [70/100] train_acc: 0.540 train_loss_sup: 1.560
[GPU0] Test Accuracy at epoch: 70: 0.453
[GPU0] epochs: [71/100] train_acc: 0.537 train_loss_sup: 1.558
[GPU0] epochs: [72/100] train_acc: 0.540 train_loss_sup: 1.556
[GPU0] epochs: [73/100] train_acc: 0.536 train_loss_sup: 1.560
[GPU0] epochs: [74/100] train_acc: 0.540 train_loss_sup: 1.558
[GPU0] epochs: [75/100] train_acc: 0.538 train_loss_sup: 1.555
[GPU0] epochs: [76/100] train_acc: 0.538 train_loss_sup: 1.557
[GPU0] epochs: [77/100] train_acc: 0.539 train_loss_sup: 1.558
[GPU0] epochs: [78/100] train_acc: 0.536 train_loss_sup: 1.561
[GPU0] epochs: [79/100] train_acc: 0.539 train_loss_sup: 1.557
[GPU0] epochs: [80/100] train_acc: 0.538 train_loss_sup: 1.560
[GPU0] Test Accuracy at epoch: 80: 0.497
[GPU0] epochs: [81/100] train_acc: 0.538 train_loss_sup: 1.559
[GPU0] epochs: [82/100] train_acc: 0.536 train_loss_sup: 1.561
[GPU0] epochs: [83/100] train_acc: 0.538 train_loss_sup: 1.560
[GPU0] epochs: [84/100] train_acc: 0.541 train_loss_sup: 1.558
[GPU0] epochs: [85/100] train_acc: 0.537 train_loss_sup: 1.559
[GPU0] epochs: [86/100] train_acc: 0.539 train_loss_sup: 1.559
[GPU0] epochs: [87/100] train_acc: 0.543 train_loss_sup: 1.557
[GPU0] epochs: [88/100] train_acc: 0.536 train_loss_sup: 1.560
[GPU0] epochs: [89/100] train_acc: 0.536 train_loss_sup: 1.559
[GPU0] epochs: [90/100] train_acc: 0.537 train_loss_sup: 1.558
[GPU0] Test Accuracy at epoch: 90: 0.464
[GPU0] epochs: [91/100] train_acc: 0.540 train_loss_sup: 1.558
[GPU0] epochs: [92/100] train_acc: 0.539 train_loss_sup: 1.557
[GPU0] epochs: [93/100] train_acc: 0.538 train_loss_sup: 1.558
[GPU0] epochs: [94/100] train_acc: 0.540 train_loss_sup: 1.558
[GPU0] epochs: [95/100] train_acc: 0.539 train_loss_sup: 1.559
[GPU0] epochs: [96/100] train_acc: 0.536 train_loss_sup: 1.558
[GPU0] epochs: [97/100] train_acc: 0.543 train_loss_sup: 1.557
[GPU0] epochs: [98/100] train_acc: 0.538 train_loss_sup: 1.558
[GPU0] epochs: [99/100] train_acc: 0.538 train_loss_sup: 1.560
[GPU0] epochs: [100/100] train_acc: 0.538 train_loss_sup: 1.561
[GPU0] Final Test Accuracy: 0.479
LR: 1.000 | WD: 0.000100 | Cosine: False | test Acc: 0.497%
===> using linear mlp
Scheduler: None
MLP: MLP(
  (mlp): Linear(in_features=512, out_features=10, bias=True)
)
[GPU0] Test Accuracy at epoch: 0: 0.313
[GPU0] epochs: [1/100] train_acc: 0.286 train_loss_sup: 2.191
[GPU0] epochs: [2/100] train_acc: 0.449 train_loss_sup: 1.977
[GPU0] epochs: [3/100] train_acc: 0.481 train_loss_sup: 1.835
[GPU0] epochs: [4/100] train_acc: 0.492 train_loss_sup: 1.738
[GPU0] epochs: [5/100] train_acc: 0.504 train_loss_sup: 1.665
[GPU0] epochs: [6/100] train_acc: 0.513 train_loss_sup: 1.612
[GPU0] epochs: [7/100] train_acc: 0.515 train_loss_sup: 1.571
[GPU0] epochs: [8/100] train_acc: 0.519 train_loss_sup: 1.537
[GPU0] epochs: [9/100] train_acc: 0.529 train_loss_sup: 1.503
[GPU0] epochs: [10/100] train_acc: 0.533 train_loss_sup: 1.481
[GPU0] Test Accuracy at epoch: 10: 0.441
[GPU0] epochs: [11/100] train_acc: 0.537 train_loss_sup: 1.459
[GPU0] epochs: [12/100] train_acc: 0.533 train_loss_sup: 1.447
[GPU0] epochs: [13/100] train_acc: 0.539 train_loss_sup: 1.431
[GPU0] epochs: [14/100] train_acc: 0.544 train_loss_sup: 1.413
[GPU0] epochs: [15/100] train_acc: 0.546 train_loss_sup: 1.399
[GPU0] epochs: [16/100] train_acc: 0.550 train_loss_sup: 1.389
[GPU0] epochs: [17/100] train_acc: 0.553 train_loss_sup: 1.378
[GPU0] epochs: [18/100] train_acc: 0.554 train_loss_sup: 1.368
[GPU0] epochs: [19/100] train_acc: 0.554 train_loss_sup: 1.361
[GPU0] epochs: [20/100] train_acc: 0.553 train_loss_sup: 1.353
[GPU0] Test Accuracy at epoch: 20: 0.519
[GPU0] epochs: [21/100] train_acc: 0.558 train_loss_sup: 1.344
[GPU0] epochs: [22/100] train_acc: 0.559 train_loss_sup: 1.335
[GPU0] epochs: [23/100] train_acc: 0.565 train_loss_sup: 1.329
[GPU0] epochs: [24/100] train_acc: 0.562 train_loss_sup: 1.322
[GPU0] epochs: [25/100] train_acc: 0.565 train_loss_sup: 1.317
[GPU0] epochs: [26/100] train_acc: 0.566 train_loss_sup: 1.314
[GPU0] epochs: [27/100] train_acc: 0.565 train_loss_sup: 1.311
[GPU0] epochs: [28/100] train_acc: 0.567 train_loss_sup: 1.301
[GPU0] epochs: [29/100] train_acc: 0.570 train_loss_sup: 1.298
[GPU0] epochs: [30/100] train_acc: 0.572 train_loss_sup: 1.294
[GPU0] Test Accuracy at epoch: 30: 0.543
[GPU0] epochs: [31/100] train_acc: 0.573 train_loss_sup: 1.286
[GPU0] epochs: [32/100] train_acc: 0.572 train_loss_sup: 1.285
[GPU0] epochs: [33/100] train_acc: 0.576 train_loss_sup: 1.280
[GPU0] epochs: [34/100] train_acc: 0.575 train_loss_sup: 1.281
[GPU0] epochs: [35/100] train_acc: 0.573 train_loss_sup: 1.274
[GPU0] epochs: [36/100] train_acc: 0.577 train_loss_sup: 1.273
[GPU0] epochs: [37/100] train_acc: 0.581 train_loss_sup: 1.265
[GPU0] epochs: [38/100] train_acc: 0.577 train_loss_sup: 1.262
[GPU0] epochs: [39/100] train_acc: 0.576 train_loss_sup: 1.264
[GPU0] epochs: [40/100] train_acc: 0.579 train_loss_sup: 1.259
[GPU0] Test Accuracy at epoch: 40: 0.552
[GPU0] epochs: [41/100] train_acc: 0.580 train_loss_sup: 1.256
[GPU0] epochs: [42/100] train_acc: 0.581 train_loss_sup: 1.250
[GPU0] epochs: [43/100] train_acc: 0.579 train_loss_sup: 1.258
[GPU0] epochs: [44/100] train_acc: 0.580 train_loss_sup: 1.246
[GPU0] epochs: [45/100] train_acc: 0.584 train_loss_sup: 1.243
[GPU0] epochs: [46/100] train_acc: 0.585 train_loss_sup: 1.241
[GPU0] epochs: [47/100] train_acc: 0.584 train_loss_sup: 1.244
[GPU0] epochs: [48/100] train_acc: 0.584 train_loss_sup: 1.242
[GPU0] epochs: [49/100] train_acc: 0.586 train_loss_sup: 1.240
[GPU0] epochs: [50/100] train_acc: 0.583 train_loss_sup: 1.238
[GPU0] Test Accuracy at epoch: 50: 0.561
[GPU0] epochs: [51/100] train_acc: 0.588 train_loss_sup: 1.235
[GPU0] epochs: [52/100] train_acc: 0.586 train_loss_sup: 1.232
[GPU0] epochs: [53/100] train_acc: 0.586 train_loss_sup: 1.230
[GPU0] epochs: [54/100] train_acc: 0.588 train_loss_sup: 1.227
[GPU0] epochs: [55/100] train_acc: 0.586 train_loss_sup: 1.229
[GPU0] epochs: [56/100] train_acc: 0.591 train_loss_sup: 1.223
[GPU0] epochs: [57/100] train_acc: 0.586 train_loss_sup: 1.222
[GPU0] epochs: [58/100] train_acc: 0.591 train_loss_sup: 1.221
[GPU0] epochs: [59/100] train_acc: 0.591 train_loss_sup: 1.221
[GPU0] epochs: [60/100] train_acc: 0.593 train_loss_sup: 1.215
[GPU0] Test Accuracy at epoch: 60: 0.56
[GPU0] epochs: [61/100] train_acc: 0.595 train_loss_sup: 1.214
[GPU0] epochs: [62/100] train_acc: 0.594 train_loss_sup: 1.210
[GPU0] epochs: [63/100] train_acc: 0.590 train_loss_sup: 1.215
[GPU0] epochs: [64/100] train_acc: 0.590 train_loss_sup: 1.216
[GPU0] epochs: [65/100] train_acc: 0.593 train_loss_sup: 1.210
[GPU0] epochs: [66/100] train_acc: 0.595 train_loss_sup: 1.208
[GPU0] epochs: [67/100] train_acc: 0.594 train_loss_sup: 1.204
[GPU0] epochs: [68/100] train_acc: 0.592 train_loss_sup: 1.207
[GPU0] epochs: [69/100] train_acc: 0.593 train_loss_sup: 1.207
[GPU0] epochs: [70/100] train_acc: 0.595 train_loss_sup: 1.204
[GPU0] Test Accuracy at epoch: 70: 0.582
[GPU0] epochs: [71/100] train_acc: 0.594 train_loss_sup: 1.198
[GPU0] epochs: [72/100] train_acc: 0.598 train_loss_sup: 1.198
[GPU0] epochs: [73/100] train_acc: 0.596 train_loss_sup: 1.199
[GPU0] epochs: [74/100] train_acc: 0.596 train_loss_sup: 1.201
[GPU0] epochs: [75/100] train_acc: 0.595 train_loss_sup: 1.195
[GPU0] epochs: [76/100] train_acc: 0.598 train_loss_sup: 1.196
[GPU0] epochs: [77/100] train_acc: 0.595 train_loss_sup: 1.197
[GPU0] epochs: [78/100] train_acc: 0.597 train_loss_sup: 1.192
[GPU0] epochs: [79/100] train_acc: 0.598 train_loss_sup: 1.196
[GPU0] epochs: [80/100] train_acc: 0.597 train_loss_sup: 1.185
[GPU0] Test Accuracy at epoch: 80: 0.57
[GPU0] epochs: [81/100] train_acc: 0.600 train_loss_sup: 1.191
[GPU0] epochs: [82/100] train_acc: 0.596 train_loss_sup: 1.189
[GPU0] epochs: [83/100] train_acc: 0.598 train_loss_sup: 1.192
[GPU0] epochs: [84/100] train_acc: 0.600 train_loss_sup: 1.184
[GPU0] epochs: [85/100] train_acc: 0.600 train_loss_sup: 1.186
[GPU0] epochs: [86/100] train_acc: 0.599 train_loss_sup: 1.188
[GPU0] epochs: [87/100] train_acc: 0.599 train_loss_sup: 1.188
[GPU0] epochs: [88/100] train_acc: 0.599 train_loss_sup: 1.184
[GPU0] epochs: [89/100] train_acc: 0.601 train_loss_sup: 1.181
[GPU0] epochs: [90/100] train_acc: 0.600 train_loss_sup: 1.181
[GPU0] Test Accuracy at epoch: 90: 0.581
[GPU0] epochs: [91/100] train_acc: 0.603 train_loss_sup: 1.178
[GPU0] epochs: [92/100] train_acc: 0.599 train_loss_sup: 1.184
[GPU0] epochs: [93/100] train_acc: 0.603 train_loss_sup: 1.177
[GPU0] epochs: [94/100] train_acc: 0.603 train_loss_sup: 1.177
[GPU0] epochs: [95/100] train_acc: 0.601 train_loss_sup: 1.180
[GPU0] epochs: [96/100] train_acc: 0.601 train_loss_sup: 1.175
[GPU0] epochs: [97/100] train_acc: 0.609 train_loss_sup: 1.166
[GPU0] epochs: [98/100] train_acc: 0.601 train_loss_sup: 1.177
[GPU0] epochs: [99/100] train_acc: 0.605 train_loss_sup: 1.178
[GPU0] epochs: [100/100] train_acc: 0.606 train_loss_sup: 1.169
[GPU0] Final Test Accuracy: 0.584
LR: 1.000 | WD: 0.000000 | Cosine: False | test Acc: 0.584%
===> using linear mlp
Scheduler: <torch.optim.lr_scheduler.CosineAnnealingLR object at 0x767e339fe2f0>
MLP: MLP(
  (mlp): Linear(in_features=512, out_features=10, bias=True)
)
[GPU0] Test Accuracy at epoch: 0: 0.191
[GPU0] epochs: [1/100] train_acc: 0.197 train_loss_sup: 2.290
[GPU0] epochs: [2/100] train_acc: 0.342 train_loss_sup: 2.260
[GPU0] epochs: [3/100] train_acc: 0.369 train_loss_sup: 2.232
[GPU0] epochs: [4/100] train_acc: 0.425 train_loss_sup: 2.204
[GPU0] epochs: [5/100] train_acc: 0.432 train_loss_sup: 2.178
[GPU0] epochs: [6/100] train_acc: 0.454 train_loss_sup: 2.153
[GPU0] epochs: [7/100] train_acc: 0.466 train_loss_sup: 2.129
[GPU0] epochs: [8/100] train_acc: 0.468 train_loss_sup: 2.106
[GPU0] epochs: [9/100] train_acc: 0.465 train_loss_sup: 2.083
[GPU0] epochs: [10/100] train_acc: 0.471 train_loss_sup: 2.062
[GPU0] Test Accuracy at epoch: 10: 0.337
[GPU0] epochs: [11/100] train_acc: 0.477 train_loss_sup: 2.043
[GPU0] epochs: [12/100] train_acc: 0.480 train_loss_sup: 2.024
[GPU0] epochs: [13/100] train_acc: 0.481 train_loss_sup: 2.006
[GPU0] epochs: [14/100] train_acc: 0.481 train_loss_sup: 1.989
[GPU0] epochs: [15/100] train_acc: 0.485 train_loss_sup: 1.972
[GPU0] epochs: [16/100] train_acc: 0.484 train_loss_sup: 1.958
[GPU0] epochs: [17/100] train_acc: 0.486 train_loss_sup: 1.942
[GPU0] epochs: [18/100] train_acc: 0.490 train_loss_sup: 1.927
[GPU0] epochs: [19/100] train_acc: 0.494 train_loss_sup: 1.912
[GPU0] epochs: [20/100] train_acc: 0.491 train_loss_sup: 1.899
[GPU0] Test Accuracy at epoch: 20: 0.368
[GPU0] epochs: [21/100] train_acc: 0.495 train_loss_sup: 1.887
[GPU0] epochs: [22/100] train_acc: 0.491 train_loss_sup: 1.877
[GPU0] epochs: [23/100] train_acc: 0.497 train_loss_sup: 1.864
[GPU0] epochs: [24/100] train_acc: 0.498 train_loss_sup: 1.854
[GPU0] epochs: [25/100] train_acc: 0.500 train_loss_sup: 1.843
[GPU0] epochs: [26/100] train_acc: 0.498 train_loss_sup: 1.832
[GPU0] epochs: [27/100] train_acc: 0.499 train_loss_sup: 1.823
[GPU0] epochs: [28/100] train_acc: 0.503 train_loss_sup: 1.814
[GPU0] epochs: [29/100] train_acc: 0.499 train_loss_sup: 1.806
[GPU0] epochs: [30/100] train_acc: 0.500 train_loss_sup: 1.798
[GPU0] Test Accuracy at epoch: 30: 0.369
[GPU0] epochs: [31/100] train_acc: 0.506 train_loss_sup: 1.788
[GPU0] epochs: [32/100] train_acc: 0.503 train_loss_sup: 1.782
[GPU0] epochs: [33/100] train_acc: 0.502 train_loss_sup: 1.775
[GPU0] epochs: [34/100] train_acc: 0.505 train_loss_sup: 1.766
[GPU0] epochs: [35/100] train_acc: 0.507 train_loss_sup: 1.760
[GPU0] epochs: [36/100] train_acc: 0.508 train_loss_sup: 1.752
[GPU0] epochs: [37/100] train_acc: 0.505 train_loss_sup: 1.746
[GPU0] epochs: [38/100] train_acc: 0.506 train_loss_sup: 1.740
[GPU0] epochs: [39/100] train_acc: 0.509 train_loss_sup: 1.735
[GPU0] epochs: [40/100] train_acc: 0.508 train_loss_sup: 1.731
[GPU0] Test Accuracy at epoch: 40: 0.401
[GPU0] epochs: [41/100] train_acc: 0.508 train_loss_sup: 1.727
[GPU0] epochs: [42/100] train_acc: 0.510 train_loss_sup: 1.719
[GPU0] epochs: [43/100] train_acc: 0.514 train_loss_sup: 1.714
[GPU0] epochs: [44/100] train_acc: 0.507 train_loss_sup: 1.712
[GPU0] epochs: [45/100] train_acc: 0.511 train_loss_sup: 1.707
[GPU0] epochs: [46/100] train_acc: 0.514 train_loss_sup: 1.701
[GPU0] epochs: [47/100] train_acc: 0.514 train_loss_sup: 1.695
[GPU0] epochs: [48/100] train_acc: 0.510 train_loss_sup: 1.695
[GPU0] epochs: [49/100] train_acc: 0.516 train_loss_sup: 1.689
[GPU0] epochs: [50/100] train_acc: 0.513 train_loss_sup: 1.687
[GPU0] Test Accuracy at epoch: 50: 0.409
[GPU0] epochs: [51/100] train_acc: 0.512 train_loss_sup: 1.682
[GPU0] epochs: [52/100] train_acc: 0.513 train_loss_sup: 1.679
[GPU0] epochs: [53/100] train_acc: 0.514 train_loss_sup: 1.677
[GPU0] epochs: [54/100] train_acc: 0.515 train_loss_sup: 1.675
[GPU0] epochs: [55/100] train_acc: 0.515 train_loss_sup: 1.671
[GPU0] epochs: [56/100] train_acc: 0.519 train_loss_sup: 1.668
[GPU0] epochs: [57/100] train_acc: 0.516 train_loss_sup: 1.666
[GPU0] epochs: [58/100] train_acc: 0.514 train_loss_sup: 1.662
[GPU0] epochs: [59/100] train_acc: 0.518 train_loss_sup: 1.662
[GPU0] epochs: [60/100] train_acc: 0.517 train_loss_sup: 1.659
[GPU0] Test Accuracy at epoch: 60: 0.414
[GPU0] epochs: [61/100] train_acc: 0.520 train_loss_sup: 1.654
[GPU0] epochs: [62/100] train_acc: 0.518 train_loss_sup: 1.654
[GPU0] epochs: [63/100] train_acc: 0.518 train_loss_sup: 1.653
[GPU0] epochs: [64/100] train_acc: 0.519 train_loss_sup: 1.650
[GPU0] epochs: [65/100] train_acc: 0.516 train_loss_sup: 1.650
[GPU0] epochs: [66/100] train_acc: 0.518 train_loss_sup: 1.647
[GPU0] epochs: [67/100] train_acc: 0.519 train_loss_sup: 1.644
[GPU0] epochs: [68/100] train_acc: 0.518 train_loss_sup: 1.646
[GPU0] epochs: [69/100] train_acc: 0.518 train_loss_sup: 1.644
[GPU0] epochs: [70/100] train_acc: 0.520 train_loss_sup: 1.640
[GPU0] Test Accuracy at epoch: 70: 0.419
[GPU0] epochs: [71/100] train_acc: 0.515 train_loss_sup: 1.640
[GPU0] epochs: [72/100] train_acc: 0.518 train_loss_sup: 1.642
[GPU0] epochs: [73/100] train_acc: 0.520 train_loss_sup: 1.638
[GPU0] epochs: [74/100] train_acc: 0.518 train_loss_sup: 1.638
[GPU0] epochs: [75/100] train_acc: 0.518 train_loss_sup: 1.634
[GPU0] epochs: [76/100] train_acc: 0.516 train_loss_sup: 1.637
[GPU0] epochs: [77/100] train_acc: 0.520 train_loss_sup: 1.633
[GPU0] epochs: [78/100] train_acc: 0.517 train_loss_sup: 1.636
[GPU0] epochs: [79/100] train_acc: 0.516 train_loss_sup: 1.636
[GPU0] epochs: [80/100] train_acc: 0.518 train_loss_sup: 1.633
[GPU0] Test Accuracy at epoch: 80: 0.421
[GPU0] epochs: [81/100] train_acc: 0.518 train_loss_sup: 1.634
[GPU0] epochs: [82/100] train_acc: 0.518 train_loss_sup: 1.634
[GPU0] epochs: [83/100] train_acc: 0.519 train_loss_sup: 1.632
[GPU0] epochs: [84/100] train_acc: 0.520 train_loss_sup: 1.632
[GPU0] epochs: [85/100] train_acc: 0.519 train_loss_sup: 1.632
[GPU0] epochs: [86/100] train_acc: 0.519 train_loss_sup: 1.632
[GPU0] epochs: [87/100] train_acc: 0.520 train_loss_sup: 1.631
[GPU0] epochs: [88/100] train_acc: 0.520 train_loss_sup: 1.631
[GPU0] epochs: [89/100] train_acc: 0.519 train_loss_sup: 1.630
[GPU0] epochs: [90/100] train_acc: 0.520 train_loss_sup: 1.632
[GPU0] Test Accuracy at epoch: 90: 0.422
[GPU0] epochs: [91/100] train_acc: 0.521 train_loss_sup: 1.629
[GPU0] epochs: [92/100] train_acc: 0.521 train_loss_sup: 1.629
[GPU0] epochs: [93/100] train_acc: 0.519 train_loss_sup: 1.631
[GPU0] epochs: [94/100] train_acc: 0.519 train_loss_sup: 1.631
[GPU0] epochs: [95/100] train_acc: 0.523 train_loss_sup: 1.628
[GPU0] epochs: [96/100] train_acc: 0.520 train_loss_sup: 1.629
[GPU0] epochs: [97/100] train_acc: 0.520 train_loss_sup: 1.630
[GPU0] epochs: [98/100] train_acc: 0.518 train_loss_sup: 1.631
[GPU0] epochs: [99/100] train_acc: 0.521 train_loss_sup: 1.628
[GPU0] epochs: [100/100] train_acc: 0.519 train_loss_sup: 1.631
[GPU0] Final Test Accuracy: 0.423
LR: 0.100 | WD: 0.000001 | Cosine: True | test Acc: 0.423%
===> using linear mlp
Scheduler: <torch.optim.lr_scheduler.CosineAnnealingLR object at 0x767e24943dc0>
MLP: MLP(
  (mlp): Linear(in_features=512, out_features=10, bias=True)
)
[GPU0] Test Accuracy at epoch: 0: 0.234
[GPU0] epochs: [1/100] train_acc: 0.162 train_loss_sup: 2.290
[GPU0] epochs: [2/100] train_acc: 0.363 train_loss_sup: 2.260
[GPU0] epochs: [3/100] train_acc: 0.405 train_loss_sup: 2.232
[GPU0] epochs: [4/100] train_acc: 0.436 train_loss_sup: 2.205
[GPU0] epochs: [5/100] train_acc: 0.457 train_loss_sup: 2.180
[GPU0] epochs: [6/100] train_acc: 0.454 train_loss_sup: 2.156
[GPU0] epochs: [7/100] train_acc: 0.453 train_loss_sup: 2.134
[GPU0] epochs: [8/100] train_acc: 0.458 train_loss_sup: 2.111
[GPU0] epochs: [9/100] train_acc: 0.470 train_loss_sup: 2.090
[GPU0] epochs: [10/100] train_acc: 0.473 train_loss_sup: 2.071
[GPU0] Test Accuracy at epoch: 10: 0.366
[GPU0] epochs: [11/100] train_acc: 0.471 train_loss_sup: 2.054
[GPU0] epochs: [12/100] train_acc: 0.481 train_loss_sup: 2.036
[GPU0] epochs: [13/100] train_acc: 0.480 train_loss_sup: 2.020
[GPU0] epochs: [14/100] train_acc: 0.480 train_loss_sup: 2.003
[GPU0] epochs: [15/100] train_acc: 0.484 train_loss_sup: 1.990
[GPU0] epochs: [16/100] train_acc: 0.484 train_loss_sup: 1.976
[GPU0] epochs: [17/100] train_acc: 0.486 train_loss_sup: 1.964
[GPU0] epochs: [18/100] train_acc: 0.484 train_loss_sup: 1.950
[GPU0] epochs: [19/100] train_acc: 0.489 train_loss_sup: 1.938
[GPU0] epochs: [20/100] train_acc: 0.491 train_loss_sup: 1.927
[GPU0] Test Accuracy at epoch: 20: 0.374
[GPU0] epochs: [21/100] train_acc: 0.495 train_loss_sup: 1.916
[GPU0] epochs: [22/100] train_acc: 0.492 train_loss_sup: 1.905
[GPU0] epochs: [23/100] train_acc: 0.494 train_loss_sup: 1.895
[GPU0] epochs: [24/100] train_acc: 0.495 train_loss_sup: 1.885
[GPU0] epochs: [25/100] train_acc: 0.495 train_loss_sup: 1.878
[GPU0] epochs: [26/100] train_acc: 0.495 train_loss_sup: 1.869
[GPU0] epochs: [27/100] train_acc: 0.497 train_loss_sup: 1.861
[GPU0] epochs: [28/100] train_acc: 0.496 train_loss_sup: 1.855
[GPU0] epochs: [29/100] train_acc: 0.504 train_loss_sup: 1.844
[GPU0] epochs: [30/100] train_acc: 0.499 train_loss_sup: 1.839
[GPU0] Test Accuracy at epoch: 30: 0.378
[GPU0] epochs: [31/100] train_acc: 0.500 train_loss_sup: 1.833
[GPU0] epochs: [32/100] train_acc: 0.500 train_loss_sup: 1.827
[GPU0] epochs: [33/100] train_acc: 0.502 train_loss_sup: 1.819
[GPU0] epochs: [34/100] train_acc: 0.501 train_loss_sup: 1.816
[GPU0] epochs: [35/100] train_acc: 0.506 train_loss_sup: 1.809
[GPU0] epochs: [36/100] train_acc: 0.500 train_loss_sup: 1.804
[GPU0] epochs: [37/100] train_acc: 0.505 train_loss_sup: 1.799
[GPU0] epochs: [38/100] train_acc: 0.507 train_loss_sup: 1.794
[GPU0] epochs: [39/100] train_acc: 0.504 train_loss_sup: 1.790
[GPU0] epochs: [40/100] train_acc: 0.507 train_loss_sup: 1.783
[GPU0] Test Accuracy at epoch: 40: 0.397
[GPU0] epochs: [41/100] train_acc: 0.507 train_loss_sup: 1.782
[GPU0] epochs: [42/100] train_acc: 0.506 train_loss_sup: 1.779
[GPU0] epochs: [43/100] train_acc: 0.507 train_loss_sup: 1.774
[GPU0] epochs: [44/100] train_acc: 0.507 train_loss_sup: 1.770
[GPU0] epochs: [45/100] train_acc: 0.507 train_loss_sup: 1.768
[GPU0] epochs: [46/100] train_acc: 0.510 train_loss_sup: 1.763
[GPU0] epochs: [47/100] train_acc: 0.509 train_loss_sup: 1.760
[GPU0] epochs: [48/100] train_acc: 0.508 train_loss_sup: 1.759
[GPU0] epochs: [49/100] train_acc: 0.510 train_loss_sup: 1.756
[GPU0] epochs: [50/100] train_acc: 0.510 train_loss_sup: 1.750
[GPU0] Test Accuracy at epoch: 50: 0.401
[GPU0] epochs: [51/100] train_acc: 0.511 train_loss_sup: 1.749
[GPU0] epochs: [52/100] train_acc: 0.509 train_loss_sup: 1.749
[GPU0] epochs: [53/100] train_acc: 0.510 train_loss_sup: 1.745
[GPU0] epochs: [54/100] train_acc: 0.512 train_loss_sup: 1.741
[GPU0] epochs: [55/100] train_acc: 0.511 train_loss_sup: 1.740
[GPU0] epochs: [56/100] train_acc: 0.512 train_loss_sup: 1.739
[GPU0] epochs: [57/100] train_acc: 0.513 train_loss_sup: 1.736
[GPU0] epochs: [58/100] train_acc: 0.512 train_loss_sup: 1.735
[GPU0] epochs: [59/100] train_acc: 0.509 train_loss_sup: 1.734
[GPU0] epochs: [60/100] train_acc: 0.515 train_loss_sup: 1.729
[GPU0] Test Accuracy at epoch: 60: 0.409
[GPU0] epochs: [61/100] train_acc: 0.513 train_loss_sup: 1.730
[GPU0] epochs: [62/100] train_acc: 0.510 train_loss_sup: 1.729
[GPU0] epochs: [63/100] train_acc: 0.513 train_loss_sup: 1.726
[GPU0] epochs: [64/100] train_acc: 0.513 train_loss_sup: 1.729
[GPU0] epochs: [65/100] train_acc: 0.510 train_loss_sup: 1.725
[GPU0] epochs: [66/100] train_acc: 0.512 train_loss_sup: 1.722
[GPU0] epochs: [67/100] train_acc: 0.516 train_loss_sup: 1.722
[GPU0] epochs: [68/100] train_acc: 0.514 train_loss_sup: 1.720
[GPU0] epochs: [69/100] train_acc: 0.515 train_loss_sup: 1.720
[GPU0] epochs: [70/100] train_acc: 0.515 train_loss_sup: 1.720
[GPU0] Test Accuracy at epoch: 70: 0.41
[GPU0] epochs: [71/100] train_acc: 0.517 train_loss_sup: 1.716
[GPU0] epochs: [72/100] train_acc: 0.515 train_loss_sup: 1.718
[GPU0] epochs: [73/100] train_acc: 0.517 train_loss_sup: 1.715
[GPU0] epochs: [74/100] train_acc: 0.513 train_loss_sup: 1.718
[GPU0] epochs: [75/100] train_acc: 0.518 train_loss_sup: 1.715
[GPU0] epochs: [76/100] train_acc: 0.514 train_loss_sup: 1.716
[GPU0] epochs: [77/100] train_acc: 0.517 train_loss_sup: 1.714
[GPU0] epochs: [78/100] train_acc: 0.515 train_loss_sup: 1.714
[GPU0] epochs: [79/100] train_acc: 0.514 train_loss_sup: 1.714
[GPU0] epochs: [80/100] train_acc: 0.514 train_loss_sup: 1.714
[GPU0] Test Accuracy at epoch: 80: 0.412
[GPU0] epochs: [81/100] train_acc: 0.518 train_loss_sup: 1.711
[GPU0] epochs: [82/100] train_acc: 0.515 train_loss_sup: 1.713
[GPU0] epochs: [83/100] train_acc: 0.515 train_loss_sup: 1.712
[GPU0] epochs: [84/100] train_acc: 0.516 train_loss_sup: 1.711
[GPU0] epochs: [85/100] train_acc: 0.516 train_loss_sup: 1.711
[GPU0] epochs: [86/100] train_acc: 0.516 train_loss_sup: 1.712
[GPU0] epochs: [87/100] train_acc: 0.517 train_loss_sup: 1.710
[GPU0] epochs: [88/100] train_acc: 0.514 train_loss_sup: 1.710
[GPU0] epochs: [89/100] train_acc: 0.516 train_loss_sup: 1.711
[GPU0] epochs: [90/100] train_acc: 0.519 train_loss_sup: 1.708
[GPU0] Test Accuracy at epoch: 90: 0.413
[GPU0] epochs: [91/100] train_acc: 0.517 train_loss_sup: 1.709
[GPU0] epochs: [92/100] train_acc: 0.514 train_loss_sup: 1.711
[GPU0] epochs: [93/100] train_acc: 0.515 train_loss_sup: 1.710
[GPU0] epochs: [94/100] train_acc: 0.516 train_loss_sup: 1.710
[GPU0] epochs: [95/100] train_acc: 0.517 train_loss_sup: 1.709
[GPU0] epochs: [96/100] train_acc: 0.515 train_loss_sup: 1.711
[GPU0] epochs: [97/100] train_acc: 0.517 train_loss_sup: 1.710
[GPU0] epochs: [98/100] train_acc: 0.518 train_loss_sup: 1.709
[GPU0] epochs: [99/100] train_acc: 0.516 train_loss_sup: 1.710
[GPU0] epochs: [100/100] train_acc: 0.518 train_loss_sup: 1.710
[GPU0] Final Test Accuracy: 0.413
LR: 0.100 | WD: 0.000100 | Cosine: True | test Acc: 0.413%
===> using linear mlp
Scheduler: <torch.optim.lr_scheduler.CosineAnnealingLR object at 0x767e4720d2a0>
MLP: MLP(
  (mlp): Linear(in_features=512, out_features=10, bias=True)
)
[GPU0] Test Accuracy at epoch: 0: 0.263
[GPU0] epochs: [1/100] train_acc: 0.192 train_loss_sup: 2.290
[GPU0] epochs: [2/100] train_acc: 0.352 train_loss_sup: 2.261
[GPU0] epochs: [3/100] train_acc: 0.387 train_loss_sup: 2.232
[GPU0] epochs: [4/100] train_acc: 0.436 train_loss_sup: 2.204
[GPU0] epochs: [5/100] train_acc: 0.453 train_loss_sup: 2.178
[GPU0] epochs: [6/100] train_acc: 0.457 train_loss_sup: 2.152
[GPU0] epochs: [7/100] train_acc: 0.459 train_loss_sup: 2.128
[GPU0] epochs: [8/100] train_acc: 0.457 train_loss_sup: 2.106
[GPU0] epochs: [9/100] train_acc: 0.470 train_loss_sup: 2.083
[GPU0] epochs: [10/100] train_acc: 0.470 train_loss_sup: 2.062
[GPU0] Test Accuracy at epoch: 10: 0.315
[GPU0] epochs: [11/100] train_acc: 0.474 train_loss_sup: 2.043
[GPU0] epochs: [12/100] train_acc: 0.477 train_loss_sup: 2.024
[GPU0] epochs: [13/100] train_acc: 0.485 train_loss_sup: 2.005
[GPU0] epochs: [14/100] train_acc: 0.478 train_loss_sup: 1.988
[GPU0] epochs: [15/100] train_acc: 0.485 train_loss_sup: 1.971
[GPU0] epochs: [16/100] train_acc: 0.488 train_loss_sup: 1.956
[GPU0] epochs: [17/100] train_acc: 0.487 train_loss_sup: 1.941
[GPU0] epochs: [18/100] train_acc: 0.490 train_loss_sup: 1.926
[GPU0] epochs: [19/100] train_acc: 0.494 train_loss_sup: 1.912
[GPU0] epochs: [20/100] train_acc: 0.489 train_loss_sup: 1.899
[GPU0] Test Accuracy at epoch: 20: 0.381
[GPU0] epochs: [21/100] train_acc: 0.493 train_loss_sup: 1.887
[GPU0] epochs: [22/100] train_acc: 0.496 train_loss_sup: 1.876
[GPU0] epochs: [23/100] train_acc: 0.497 train_loss_sup: 1.864
[GPU0] epochs: [24/100] train_acc: 0.498 train_loss_sup: 1.853
[GPU0] epochs: [25/100] train_acc: 0.498 train_loss_sup: 1.843
[GPU0] epochs: [26/100] train_acc: 0.498 train_loss_sup: 1.833
[GPU0] epochs: [27/100] train_acc: 0.501 train_loss_sup: 1.822
[GPU0] epochs: [28/100] train_acc: 0.501 train_loss_sup: 1.815
[GPU0] epochs: [29/100] train_acc: 0.502 train_loss_sup: 1.804
[GPU0] epochs: [30/100] train_acc: 0.502 train_loss_sup: 1.797
[GPU0] Test Accuracy at epoch: 30: 0.38
[GPU0] epochs: [31/100] train_acc: 0.503 train_loss_sup: 1.787
[GPU0] epochs: [32/100] train_acc: 0.503 train_loss_sup: 1.782
[GPU0] epochs: [33/100] train_acc: 0.500 train_loss_sup: 1.776
[GPU0] epochs: [34/100] train_acc: 0.507 train_loss_sup: 1.766
[GPU0] epochs: [35/100] train_acc: 0.505 train_loss_sup: 1.760
[GPU0] epochs: [36/100] train_acc: 0.508 train_loss_sup: 1.754
[GPU0] epochs: [37/100] train_acc: 0.509 train_loss_sup: 1.746
[GPU0] epochs: [38/100] train_acc: 0.508 train_loss_sup: 1.741
[GPU0] epochs: [39/100] train_acc: 0.509 train_loss_sup: 1.733
[GPU0] epochs: [40/100] train_acc: 0.509 train_loss_sup: 1.730
[GPU0] Test Accuracy at epoch: 40: 0.398
[GPU0] epochs: [41/100] train_acc: 0.510 train_loss_sup: 1.723
[GPU0] epochs: [42/100] train_acc: 0.512 train_loss_sup: 1.719
[GPU0] epochs: [43/100] train_acc: 0.513 train_loss_sup: 1.713
[GPU0] epochs: [44/100] train_acc: 0.510 train_loss_sup: 1.710
[GPU0] epochs: [45/100] train_acc: 0.512 train_loss_sup: 1.704
[GPU0] epochs: [46/100] train_acc: 0.516 train_loss_sup: 1.699
[GPU0] epochs: [47/100] train_acc: 0.512 train_loss_sup: 1.696
[GPU0] epochs: [48/100] train_acc: 0.514 train_loss_sup: 1.695
[GPU0] epochs: [49/100] train_acc: 0.515 train_loss_sup: 1.690
[GPU0] epochs: [50/100] train_acc: 0.515 train_loss_sup: 1.685
[GPU0] Test Accuracy at epoch: 50: 0.411
[GPU0] epochs: [51/100] train_acc: 0.515 train_loss_sup: 1.682
[GPU0] epochs: [52/100] train_acc: 0.513 train_loss_sup: 1.681
[GPU0] epochs: [53/100] train_acc: 0.513 train_loss_sup: 1.675
[GPU0] epochs: [54/100] train_acc: 0.515 train_loss_sup: 1.675
[GPU0] epochs: [55/100] train_acc: 0.515 train_loss_sup: 1.669
[GPU0] epochs: [56/100] train_acc: 0.514 train_loss_sup: 1.668
[GPU0] epochs: [57/100] train_acc: 0.516 train_loss_sup: 1.664
[GPU0] epochs: [58/100] train_acc: 0.516 train_loss_sup: 1.662
[GPU0] epochs: [59/100] train_acc: 0.513 train_loss_sup: 1.661
[GPU0] epochs: [60/100] train_acc: 0.517 train_loss_sup: 1.658
[GPU0] Test Accuracy at epoch: 60: 0.416
[GPU0] epochs: [61/100] train_acc: 0.516 train_loss_sup: 1.655
[GPU0] epochs: [62/100] train_acc: 0.517 train_loss_sup: 1.654
[GPU0] epochs: [63/100] train_acc: 0.517 train_loss_sup: 1.651
[GPU0] epochs: [64/100] train_acc: 0.513 train_loss_sup: 1.649
[GPU0] epochs: [65/100] train_acc: 0.517 train_loss_sup: 1.647
[GPU0] epochs: [66/100] train_acc: 0.516 train_loss_sup: 1.648
[GPU0] epochs: [67/100] train_acc: 0.518 train_loss_sup: 1.645
[GPU0] epochs: [68/100] train_acc: 0.518 train_loss_sup: 1.645
[GPU0] epochs: [69/100] train_acc: 0.517 train_loss_sup: 1.644
[GPU0] epochs: [70/100] train_acc: 0.518 train_loss_sup: 1.642
[GPU0] Test Accuracy at epoch: 70: 0.419
[GPU0] epochs: [71/100] train_acc: 0.517 train_loss_sup: 1.642
[GPU0] epochs: [72/100] train_acc: 0.518 train_loss_sup: 1.641
[GPU0] epochs: [73/100] train_acc: 0.520 train_loss_sup: 1.638
[GPU0] epochs: [74/100] train_acc: 0.517 train_loss_sup: 1.638
[GPU0] epochs: [75/100] train_acc: 0.518 train_loss_sup: 1.637
[GPU0] epochs: [76/100] train_acc: 0.521 train_loss_sup: 1.633
[GPU0] epochs: [77/100] train_acc: 0.518 train_loss_sup: 1.636
[GPU0] epochs: [78/100] train_acc: 0.520 train_loss_sup: 1.632
[GPU0] epochs: [79/100] train_acc: 0.522 train_loss_sup: 1.632
[GPU0] epochs: [80/100] train_acc: 0.519 train_loss_sup: 1.633
[GPU0] Test Accuracy at epoch: 80: 0.419
[GPU0] epochs: [81/100] train_acc: 0.523 train_loss_sup: 1.630
[GPU0] epochs: [82/100] train_acc: 0.519 train_loss_sup: 1.634
[GPU0] epochs: [83/100] train_acc: 0.520 train_loss_sup: 1.629
[GPU0] epochs: [84/100] train_acc: 0.520 train_loss_sup: 1.630
[GPU0] epochs: [85/100] train_acc: 0.520 train_loss_sup: 1.630
[GPU0] epochs: [86/100] train_acc: 0.521 train_loss_sup: 1.631
[GPU0] epochs: [87/100] train_acc: 0.518 train_loss_sup: 1.628
[GPU0] epochs: [88/100] train_acc: 0.520 train_loss_sup: 1.629
[GPU0] epochs: [89/100] train_acc: 0.522 train_loss_sup: 1.630
[GPU0] epochs: [90/100] train_acc: 0.519 train_loss_sup: 1.632
[GPU0] Test Accuracy at epoch: 90: 0.423
[GPU0] epochs: [91/100] train_acc: 0.518 train_loss_sup: 1.630
[GPU0] epochs: [92/100] train_acc: 0.519 train_loss_sup: 1.627
[GPU0] epochs: [93/100] train_acc: 0.521 train_loss_sup: 1.629
[GPU0] epochs: [94/100] train_acc: 0.520 train_loss_sup: 1.628
[GPU0] epochs: [95/100] train_acc: 0.519 train_loss_sup: 1.627
[GPU0] epochs: [96/100] train_acc: 0.517 train_loss_sup: 1.629
[GPU0] epochs: [97/100] train_acc: 0.518 train_loss_sup: 1.630
[GPU0] epochs: [98/100] train_acc: 0.519 train_loss_sup: 1.628
[GPU0] epochs: [99/100] train_acc: 0.518 train_loss_sup: 1.629
[GPU0] epochs: [100/100] train_acc: 0.517 train_loss_sup: 1.632
[GPU0] Final Test Accuracy: 0.423
LR: 0.100 | WD: 0.000000 | Cosine: True | test Acc: 0.423%
===> using linear mlp
Scheduler: <torch.optim.lr_scheduler.CosineAnnealingLR object at 0x767f6ebad3c0>
MLP: MLP(
  (mlp): Linear(in_features=512, out_features=10, bias=True)
)
[GPU0] Test Accuracy at epoch: 0: 0.298
[GPU0] epochs: [1/100] train_acc: 0.288 train_loss_sup: 2.193
[GPU0] epochs: [2/100] train_acc: 0.435 train_loss_sup: 1.977
[GPU0] epochs: [3/100] train_acc: 0.478 train_loss_sup: 1.835
[GPU0] epochs: [4/100] train_acc: 0.492 train_loss_sup: 1.738
[GPU0] epochs: [5/100] train_acc: 0.502 train_loss_sup: 1.668
[GPU0] epochs: [6/100] train_acc: 0.509 train_loss_sup: 1.612
[GPU0] epochs: [7/100] train_acc: 0.515 train_loss_sup: 1.572
[GPU0] epochs: [8/100] train_acc: 0.520 train_loss_sup: 1.537
[GPU0] epochs: [9/100] train_acc: 0.530 train_loss_sup: 1.510
[GPU0] epochs: [10/100] train_acc: 0.531 train_loss_sup: 1.483
[GPU0] Test Accuracy at epoch: 10: 0.448
[GPU0] epochs: [11/100] train_acc: 0.532 train_loss_sup: 1.464
[GPU0] epochs: [12/100] train_acc: 0.535 train_loss_sup: 1.451
[GPU0] epochs: [13/100] train_acc: 0.537 train_loss_sup: 1.433
[GPU0] epochs: [14/100] train_acc: 0.545 train_loss_sup: 1.414
[GPU0] epochs: [15/100] train_acc: 0.545 train_loss_sup: 1.404
[GPU0] epochs: [16/100] train_acc: 0.546 train_loss_sup: 1.392
[GPU0] epochs: [17/100] train_acc: 0.550 train_loss_sup: 1.381
[GPU0] epochs: [18/100] train_acc: 0.551 train_loss_sup: 1.372
[GPU0] epochs: [19/100] train_acc: 0.552 train_loss_sup: 1.366
[GPU0] epochs: [20/100] train_acc: 0.556 train_loss_sup: 1.358
[GPU0] Test Accuracy at epoch: 20: 0.509
[GPU0] epochs: [21/100] train_acc: 0.556 train_loss_sup: 1.349
[GPU0] epochs: [22/100] train_acc: 0.558 train_loss_sup: 1.343
[GPU0] epochs: [23/100] train_acc: 0.561 train_loss_sup: 1.337
[GPU0] epochs: [24/100] train_acc: 0.559 train_loss_sup: 1.334
[GPU0] epochs: [25/100] train_acc: 0.563 train_loss_sup: 1.323
[GPU0] epochs: [26/100] train_acc: 0.566 train_loss_sup: 1.317
[GPU0] epochs: [27/100] train_acc: 0.567 train_loss_sup: 1.314
[GPU0] epochs: [28/100] train_acc: 0.565 train_loss_sup: 1.314
[GPU0] epochs: [29/100] train_acc: 0.566 train_loss_sup: 1.309
[GPU0] epochs: [30/100] train_acc: 0.568 train_loss_sup: 1.304
[GPU0] Test Accuracy at epoch: 30: 0.534
[GPU0] epochs: [31/100] train_acc: 0.570 train_loss_sup: 1.298
[GPU0] epochs: [32/100] train_acc: 0.570 train_loss_sup: 1.296
[GPU0] epochs: [33/100] train_acc: 0.571 train_loss_sup: 1.294
[GPU0] epochs: [34/100] train_acc: 0.572 train_loss_sup: 1.291
[GPU0] epochs: [35/100] train_acc: 0.574 train_loss_sup: 1.289
[GPU0] epochs: [36/100] train_acc: 0.575 train_loss_sup: 1.283
[GPU0] epochs: [37/100] train_acc: 0.573 train_loss_sup: 1.285
[GPU0] epochs: [38/100] train_acc: 0.576 train_loss_sup: 1.282
[GPU0] epochs: [39/100] train_acc: 0.572 train_loss_sup: 1.278
[GPU0] epochs: [40/100] train_acc: 0.575 train_loss_sup: 1.280
[GPU0] Test Accuracy at epoch: 40: 0.546
[GPU0] epochs: [41/100] train_acc: 0.576 train_loss_sup: 1.270
[GPU0] epochs: [42/100] train_acc: 0.577 train_loss_sup: 1.273
[GPU0] epochs: [43/100] train_acc: 0.578 train_loss_sup: 1.269
[GPU0] epochs: [44/100] train_acc: 0.578 train_loss_sup: 1.266
[GPU0] epochs: [45/100] train_acc: 0.579 train_loss_sup: 1.269
[GPU0] epochs: [46/100] train_acc: 0.579 train_loss_sup: 1.265
[GPU0] epochs: [47/100] train_acc: 0.580 train_loss_sup: 1.262
[GPU0] epochs: [48/100] train_acc: 0.580 train_loss_sup: 1.259
[GPU0] epochs: [49/100] train_acc: 0.579 train_loss_sup: 1.261
[GPU0] epochs: [50/100] train_acc: 0.580 train_loss_sup: 1.257
[GPU0] Test Accuracy at epoch: 50: 0.545
[GPU0] epochs: [51/100] train_acc: 0.580 train_loss_sup: 1.255
[GPU0] epochs: [52/100] train_acc: 0.584 train_loss_sup: 1.253
[GPU0] epochs: [53/100] train_acc: 0.581 train_loss_sup: 1.254
[GPU0] epochs: [54/100] train_acc: 0.584 train_loss_sup: 1.253
[GPU0] epochs: [55/100] train_acc: 0.581 train_loss_sup: 1.255
[GPU0] epochs: [56/100] train_acc: 0.583 train_loss_sup: 1.250
[GPU0] epochs: [57/100] train_acc: 0.581 train_loss_sup: 1.248
[GPU0] epochs: [58/100] train_acc: 0.583 train_loss_sup: 1.250
[GPU0] epochs: [59/100] train_acc: 0.583 train_loss_sup: 1.247
[GPU0] epochs: [60/100] train_acc: 0.584 train_loss_sup: 1.248
[GPU0] Test Accuracy at epoch: 60: 0.554
[GPU0] epochs: [61/100] train_acc: 0.585 train_loss_sup: 1.244
[GPU0] epochs: [62/100] train_acc: 0.583 train_loss_sup: 1.249
[GPU0] epochs: [63/100] train_acc: 0.581 train_loss_sup: 1.247
[GPU0] epochs: [64/100] train_acc: 0.583 train_loss_sup: 1.245
[GPU0] epochs: [65/100] train_acc: 0.587 train_loss_sup: 1.240
[GPU0] epochs: [66/100] train_acc: 0.583 train_loss_sup: 1.246
[GPU0] epochs: [67/100] train_acc: 0.584 train_loss_sup: 1.244
[GPU0] epochs: [68/100] train_acc: 0.581 train_loss_sup: 1.243
[GPU0] epochs: [69/100] train_acc: 0.586 train_loss_sup: 1.239
[GPU0] epochs: [70/100] train_acc: 0.585 train_loss_sup: 1.241
[GPU0] Test Accuracy at epoch: 70: 0.556
[GPU0] epochs: [71/100] train_acc: 0.586 train_loss_sup: 1.240
[GPU0] epochs: [72/100] train_acc: 0.587 train_loss_sup: 1.240
[GPU0] epochs: [73/100] train_acc: 0.588 train_loss_sup: 1.234
[GPU0] epochs: [74/100] train_acc: 0.586 train_loss_sup: 1.240
[GPU0] epochs: [75/100] train_acc: 0.586 train_loss_sup: 1.244
[GPU0] epochs: [76/100] train_acc: 0.588 train_loss_sup: 1.236
[GPU0] epochs: [77/100] train_acc: 0.586 train_loss_sup: 1.239
[GPU0] epochs: [78/100] train_acc: 0.584 train_loss_sup: 1.240
[GPU0] epochs: [79/100] train_acc: 0.590 train_loss_sup: 1.234
[GPU0] epochs: [80/100] train_acc: 0.587 train_loss_sup: 1.237
[GPU0] Test Accuracy at epoch: 80: 0.561
[GPU0] epochs: [81/100] train_acc: 0.587 train_loss_sup: 1.236
[GPU0] epochs: [82/100] train_acc: 0.587 train_loss_sup: 1.237
[GPU0] epochs: [83/100] train_acc: 0.588 train_loss_sup: 1.235
[GPU0] epochs: [84/100] train_acc: 0.587 train_loss_sup: 1.235
[GPU0] epochs: [85/100] train_acc: 0.588 train_loss_sup: 1.238
[GPU0] epochs: [86/100] train_acc: 0.587 train_loss_sup: 1.242
[GPU0] epochs: [87/100] train_acc: 0.590 train_loss_sup: 1.236
[GPU0] epochs: [88/100] train_acc: 0.587 train_loss_sup: 1.237
[GPU0] epochs: [89/100] train_acc: 0.589 train_loss_sup: 1.230
[GPU0] epochs: [90/100] train_acc: 0.590 train_loss_sup: 1.235
[GPU0] Test Accuracy at epoch: 90: 0.558
[GPU0] epochs: [91/100] train_acc: 0.586 train_loss_sup: 1.236
[GPU0] epochs: [92/100] train_acc: 0.587 train_loss_sup: 1.238
[GPU0] epochs: [93/100] train_acc: 0.586 train_loss_sup: 1.233
[GPU0] epochs: [94/100] train_acc: 0.589 train_loss_sup: 1.233
[GPU0] epochs: [95/100] train_acc: 0.588 train_loss_sup: 1.235
[GPU0] epochs: [96/100] train_acc: 0.589 train_loss_sup: 1.229
[GPU0] epochs: [97/100] train_acc: 0.587 train_loss_sup: 1.233
[GPU0] epochs: [98/100] train_acc: 0.591 train_loss_sup: 1.229
[GPU0] epochs: [99/100] train_acc: 0.589 train_loss_sup: 1.234
[GPU0] epochs: [100/100] train_acc: 0.591 train_loss_sup: 1.236
[GPU0] Final Test Accuracy: 0.558
LR: 1.000 | WD: 0.000001 | Cosine: True | test Acc: 0.561%
===> using linear mlp
Scheduler: <torch.optim.lr_scheduler.CosineAnnealingLR object at 0x767e3100b2b0>
MLP: MLP(
  (mlp): Linear(in_features=512, out_features=10, bias=True)
)
[GPU0] Test Accuracy at epoch: 0: 0.327
[GPU0] epochs: [1/100] train_acc: 0.283 train_loss_sup: 2.194
[GPU0] epochs: [2/100] train_acc: 0.434 train_loss_sup: 1.993
[GPU0] epochs: [3/100] train_acc: 0.471 train_loss_sup: 1.871
[GPU0] epochs: [4/100] train_acc: 0.492 train_loss_sup: 1.791
[GPU0] epochs: [5/100] train_acc: 0.493 train_loss_sup: 1.738
[GPU0] epochs: [6/100] train_acc: 0.505 train_loss_sup: 1.700
[GPU0] epochs: [7/100] train_acc: 0.514 train_loss_sup: 1.669
[GPU0] epochs: [8/100] train_acc: 0.518 train_loss_sup: 1.648
[GPU0] epochs: [9/100] train_acc: 0.516 train_loss_sup: 1.633
[GPU0] epochs: [10/100] train_acc: 0.520 train_loss_sup: 1.618
[GPU0] Test Accuracy at epoch: 10: 0.471
[GPU0] epochs: [11/100] train_acc: 0.524 train_loss_sup: 1.607
[GPU0] epochs: [12/100] train_acc: 0.520 train_loss_sup: 1.599
[GPU0] epochs: [13/100] train_acc: 0.529 train_loss_sup: 1.590
[GPU0] epochs: [14/100] train_acc: 0.526 train_loss_sup: 1.587
[GPU0] epochs: [15/100] train_acc: 0.530 train_loss_sup: 1.583
[GPU0] epochs: [16/100] train_acc: 0.533 train_loss_sup: 1.578
[GPU0] epochs: [17/100] train_acc: 0.533 train_loss_sup: 1.574
[GPU0] epochs: [18/100] train_acc: 0.534 train_loss_sup: 1.573
[GPU0] epochs: [19/100] train_acc: 0.528 train_loss_sup: 1.574
[GPU0] epochs: [20/100] train_acc: 0.534 train_loss_sup: 1.570
[GPU0] Test Accuracy at epoch: 20: 0.478
[GPU0] epochs: [21/100] train_acc: 0.533 train_loss_sup: 1.568
[GPU0] epochs: [22/100] train_acc: 0.533 train_loss_sup: 1.568
[GPU0] epochs: [23/100] train_acc: 0.536 train_loss_sup: 1.565
[GPU0] epochs: [24/100] train_acc: 0.539 train_loss_sup: 1.565
[GPU0] epochs: [25/100] train_acc: 0.536 train_loss_sup: 1.565
[GPU0] epochs: [26/100] train_acc: 0.533 train_loss_sup: 1.564
[GPU0] epochs: [27/100] train_acc: 0.536 train_loss_sup: 1.561
[GPU0] epochs: [28/100] train_acc: 0.539 train_loss_sup: 1.562
[GPU0] epochs: [29/100] train_acc: 0.538 train_loss_sup: 1.562
[GPU0] epochs: [30/100] train_acc: 0.536 train_loss_sup: 1.562
[GPU0] Test Accuracy at epoch: 30: 0.467
[GPU0] epochs: [31/100] train_acc: 0.540 train_loss_sup: 1.560
[GPU0] epochs: [32/100] train_acc: 0.535 train_loss_sup: 1.561
[GPU0] epochs: [33/100] train_acc: 0.539 train_loss_sup: 1.562
[GPU0] epochs: [34/100] train_acc: 0.540 train_loss_sup: 1.557
[GPU0] epochs: [35/100] train_acc: 0.540 train_loss_sup: 1.559
[GPU0] epochs: [36/100] train_acc: 0.541 train_loss_sup: 1.557
[GPU0] epochs: [37/100] train_acc: 0.539 train_loss_sup: 1.559
[GPU0] epochs: [38/100] train_acc: 0.541 train_loss_sup: 1.558
[GPU0] epochs: [39/100] train_acc: 0.541 train_loss_sup: 1.556
[GPU0] epochs: [40/100] train_acc: 0.541 train_loss_sup: 1.559
[GPU0] Test Accuracy at epoch: 40: 0.475
[GPU0] epochs: [41/100] train_acc: 0.540 train_loss_sup: 1.559
[GPU0] epochs: [42/100] train_acc: 0.538 train_loss_sup: 1.559
[GPU0] epochs: [43/100] train_acc: 0.541 train_loss_sup: 1.559
[GPU0] epochs: [44/100] train_acc: 0.539 train_loss_sup: 1.559
[GPU0] epochs: [45/100] train_acc: 0.541 train_loss_sup: 1.556
[GPU0] epochs: [46/100] train_acc: 0.543 train_loss_sup: 1.558
[GPU0] epochs: [47/100] train_acc: 0.543 train_loss_sup: 1.554
[GPU0] epochs: [48/100] train_acc: 0.537 train_loss_sup: 1.559
[GPU0] epochs: [49/100] train_acc: 0.540 train_loss_sup: 1.558
[GPU0] epochs: [50/100] train_acc: 0.543 train_loss_sup: 1.555
[GPU0] Test Accuracy at epoch: 50: 0.482
[GPU0] epochs: [51/100] train_acc: 0.541 train_loss_sup: 1.562
[GPU0] epochs: [52/100] train_acc: 0.544 train_loss_sup: 1.558
[GPU0] epochs: [53/100] train_acc: 0.542 train_loss_sup: 1.559
[GPU0] epochs: [54/100] train_acc: 0.542 train_loss_sup: 1.556
[GPU0] epochs: [55/100] train_acc: 0.544 train_loss_sup: 1.558
[GPU0] epochs: [56/100] train_acc: 0.542 train_loss_sup: 1.561
[GPU0] epochs: [57/100] train_acc: 0.543 train_loss_sup: 1.559
[GPU0] epochs: [58/100] train_acc: 0.542 train_loss_sup: 1.557
[GPU0] epochs: [59/100] train_acc: 0.545 train_loss_sup: 1.556
[GPU0] epochs: [60/100] train_acc: 0.545 train_loss_sup: 1.557
[GPU0] Test Accuracy at epoch: 60: 0.462
[GPU0] epochs: [61/100] train_acc: 0.546 train_loss_sup: 1.554
[GPU0] epochs: [62/100] train_acc: 0.544 train_loss_sup: 1.556
[GPU0] epochs: [63/100] train_acc: 0.545 train_loss_sup: 1.557
[GPU0] epochs: [64/100] train_acc: 0.545 train_loss_sup: 1.556
[GPU0] epochs: [65/100] train_acc: 0.544 train_loss_sup: 1.557
[GPU0] epochs: [66/100] train_acc: 0.546 train_loss_sup: 1.554
[GPU0] epochs: [67/100] train_acc: 0.542 train_loss_sup: 1.560
[GPU0] epochs: [68/100] train_acc: 0.548 train_loss_sup: 1.554
[GPU0] epochs: [69/100] train_acc: 0.542 train_loss_sup: 1.555
[GPU0] epochs: [70/100] train_acc: 0.546 train_loss_sup: 1.556
[GPU0] Test Accuracy at epoch: 70: 0.476
[GPU0] epochs: [71/100] train_acc: 0.544 train_loss_sup: 1.558
[GPU0] epochs: [72/100] train_acc: 0.546 train_loss_sup: 1.556
[GPU0] epochs: [73/100] train_acc: 0.544 train_loss_sup: 1.557
[GPU0] epochs: [74/100] train_acc: 0.547 train_loss_sup: 1.553
[GPU0] epochs: [75/100] train_acc: 0.548 train_loss_sup: 1.555
[GPU0] epochs: [76/100] train_acc: 0.545 train_loss_sup: 1.557
[GPU0] epochs: [77/100] train_acc: 0.546 train_loss_sup: 1.555
[GPU0] epochs: [78/100] train_acc: 0.543 train_loss_sup: 1.558
[GPU0] epochs: [79/100] train_acc: 0.545 train_loss_sup: 1.555
[GPU0] epochs: [80/100] train_acc: 0.546 train_loss_sup: 1.554
[GPU0] Test Accuracy at epoch: 80: 0.476
[GPU0] epochs: [81/100] train_acc: 0.547 train_loss_sup: 1.555
[GPU0] epochs: [82/100] train_acc: 0.544 train_loss_sup: 1.557
[GPU0] epochs: [83/100] train_acc: 0.547 train_loss_sup: 1.555
[GPU0] epochs: [84/100] train_acc: 0.547 train_loss_sup: 1.557
[GPU0] epochs: [85/100] train_acc: 0.547 train_loss_sup: 1.553
[GPU0] epochs: [86/100] train_acc: 0.544 train_loss_sup: 1.557
[GPU0] epochs: [87/100] train_acc: 0.544 train_loss_sup: 1.557
[GPU0] epochs: [88/100] train_acc: 0.545 train_loss_sup: 1.556
[GPU0] epochs: [89/100] train_acc: 0.546 train_loss_sup: 1.555
[GPU0] epochs: [90/100] train_acc: 0.545 train_loss_sup: 1.554
[GPU0] Test Accuracy at epoch: 90: 0.476
[GPU0] epochs: [91/100] train_acc: 0.545 train_loss_sup: 1.557
[GPU0] epochs: [92/100] train_acc: 0.549 train_loss_sup: 1.554
[GPU0] epochs: [93/100] train_acc: 0.546 train_loss_sup: 1.556
[GPU0] epochs: [94/100] train_acc: 0.548 train_loss_sup: 1.555
[GPU0] epochs: [95/100] train_acc: 0.547 train_loss_sup: 1.556
[GPU0] epochs: [96/100] train_acc: 0.547 train_loss_sup: 1.555
[GPU0] epochs: [97/100] train_acc: 0.545 train_loss_sup: 1.554
[GPU0] epochs: [98/100] train_acc: 0.549 train_loss_sup: 1.554
[GPU0] epochs: [99/100] train_acc: 0.544 train_loss_sup: 1.554
[GPU0] epochs: [100/100] train_acc: 0.544 train_loss_sup: 1.557
[GPU0] Final Test Accuracy: 0.477
LR: 1.000 | WD: 0.000100 | Cosine: True | test Acc: 0.482%
===> using linear mlp
Scheduler: <torch.optim.lr_scheduler.CosineAnnealingLR object at 0x767e25ec7d60>
MLP: MLP(
  (mlp): Linear(in_features=512, out_features=10, bias=True)
)
[GPU0] Test Accuracy at epoch: 0: 0.371
[GPU0] epochs: [1/100] train_acc: 0.285 train_loss_sup: 2.192
[GPU0] epochs: [2/100] train_acc: 0.452 train_loss_sup: 1.976
[GPU0] epochs: [3/100] train_acc: 0.477 train_loss_sup: 1.838
[GPU0] epochs: [4/100] train_acc: 0.495 train_loss_sup: 1.737
[GPU0] epochs: [5/100] train_acc: 0.500 train_loss_sup: 1.666
[GPU0] epochs: [6/100] train_acc: 0.513 train_loss_sup: 1.612
[GPU0] epochs: [7/100] train_acc: 0.514 train_loss_sup: 1.570
[GPU0] epochs: [8/100] train_acc: 0.525 train_loss_sup: 1.536
[GPU0] epochs: [9/100] train_acc: 0.528 train_loss_sup: 1.509
[GPU0] epochs: [10/100] train_acc: 0.528 train_loss_sup: 1.486
[GPU0] Test Accuracy at epoch: 10: 0.447
[GPU0] epochs: [11/100] train_acc: 0.533 train_loss_sup: 1.464
[GPU0] epochs: [12/100] train_acc: 0.538 train_loss_sup: 1.444
[GPU0] epochs: [13/100] train_acc: 0.538 train_loss_sup: 1.433
[GPU0] epochs: [14/100] train_acc: 0.543 train_loss_sup: 1.416
[GPU0] epochs: [15/100] train_acc: 0.545 train_loss_sup: 1.401
[GPU0] epochs: [16/100] train_acc: 0.549 train_loss_sup: 1.390
[GPU0] epochs: [17/100] train_acc: 0.551 train_loss_sup: 1.382
[GPU0] epochs: [18/100] train_acc: 0.553 train_loss_sup: 1.374
[GPU0] epochs: [19/100] train_acc: 0.556 train_loss_sup: 1.363
[GPU0] epochs: [20/100] train_acc: 0.555 train_loss_sup: 1.355
[GPU0] Test Accuracy at epoch: 20: 0.512
[GPU0] epochs: [21/100] train_acc: 0.557 train_loss_sup: 1.350
[GPU0] epochs: [22/100] train_acc: 0.560 train_loss_sup: 1.343
[GPU0] epochs: [23/100] train_acc: 0.559 train_loss_sup: 1.337
[GPU0] epochs: [24/100] train_acc: 0.563 train_loss_sup: 1.329
[GPU0] epochs: [25/100] train_acc: 0.563 train_loss_sup: 1.324
[GPU0] epochs: [26/100] train_acc: 0.564 train_loss_sup: 1.321
[GPU0] epochs: [27/100] train_acc: 0.566 train_loss_sup: 1.313
[GPU0] epochs: [28/100] train_acc: 0.565 train_loss_sup: 1.310
[GPU0] epochs: [29/100] train_acc: 0.569 train_loss_sup: 1.304
[GPU0] epochs: [30/100] train_acc: 0.567 train_loss_sup: 1.302
[GPU0] Test Accuracy at epoch: 30: 0.521
[GPU0] epochs: [31/100] train_acc: 0.568 train_loss_sup: 1.301
[GPU0] epochs: [32/100] train_acc: 0.573 train_loss_sup: 1.294
[GPU0] epochs: [33/100] train_acc: 0.571 train_loss_sup: 1.291
[GPU0] epochs: [34/100] train_acc: 0.570 train_loss_sup: 1.290
[GPU0] epochs: [35/100] train_acc: 0.573 train_loss_sup: 1.286
[GPU0] epochs: [36/100] train_acc: 0.573 train_loss_sup: 1.282
[GPU0] epochs: [37/100] train_acc: 0.574 train_loss_sup: 1.280
[GPU0] epochs: [38/100] train_acc: 0.574 train_loss_sup: 1.278
[GPU0] epochs: [39/100] train_acc: 0.574 train_loss_sup: 1.274
[GPU0] epochs: [40/100] train_acc: 0.573 train_loss_sup: 1.274
[GPU0] Test Accuracy at epoch: 40: 0.54
[GPU0] epochs: [41/100] train_acc: 0.579 train_loss_sup: 1.267
[GPU0] epochs: [42/100] train_acc: 0.579 train_loss_sup: 1.269
[GPU0] epochs: [43/100] train_acc: 0.578 train_loss_sup: 1.268
[GPU0] epochs: [44/100] train_acc: 0.579 train_loss_sup: 1.264
[GPU0] epochs: [45/100] train_acc: 0.578 train_loss_sup: 1.266
[GPU0] epochs: [46/100] train_acc: 0.580 train_loss_sup: 1.258
[GPU0] epochs: [47/100] train_acc: 0.577 train_loss_sup: 1.264
[GPU0] epochs: [48/100] train_acc: 0.580 train_loss_sup: 1.255
[GPU0] epochs: [49/100] train_acc: 0.580 train_loss_sup: 1.256
[GPU0] epochs: [50/100] train_acc: 0.580 train_loss_sup: 1.256
[GPU0] Test Accuracy at epoch: 50: 0.549
[GPU0] epochs: [51/100] train_acc: 0.582 train_loss_sup: 1.250
[GPU0] epochs: [52/100] train_acc: 0.583 train_loss_sup: 1.248
[GPU0] epochs: [53/100] train_acc: 0.581 train_loss_sup: 1.252
[GPU0] epochs: [54/100] train_acc: 0.582 train_loss_sup: 1.248
[GPU0] epochs: [55/100] train_acc: 0.585 train_loss_sup: 1.245
[GPU0] epochs: [56/100] train_acc: 0.585 train_loss_sup: 1.243
[GPU0] epochs: [57/100] train_acc: 0.585 train_loss_sup: 1.241
[GPU0] epochs: [58/100] train_acc: 0.585 train_loss_sup: 1.240
[GPU0] epochs: [59/100] train_acc: 0.585 train_loss_sup: 1.243
[GPU0] epochs: [60/100] train_acc: 0.585 train_loss_sup: 1.242
[GPU0] Test Accuracy at epoch: 60: 0.551
[GPU0] epochs: [61/100] train_acc: 0.584 train_loss_sup: 1.241
[GPU0] epochs: [62/100] train_acc: 0.586 train_loss_sup: 1.239
[GPU0] epochs: [63/100] train_acc: 0.587 train_loss_sup: 1.240
[GPU0] epochs: [64/100] train_acc: 0.586 train_loss_sup: 1.238
[GPU0] epochs: [65/100] train_acc: 0.587 train_loss_sup: 1.235
[GPU0] epochs: [66/100] train_acc: 0.585 train_loss_sup: 1.236
[GPU0] epochs: [67/100] train_acc: 0.584 train_loss_sup: 1.244
[GPU0] epochs: [68/100] train_acc: 0.587 train_loss_sup: 1.234
[GPU0] epochs: [69/100] train_acc: 0.589 train_loss_sup: 1.237
[GPU0] epochs: [70/100] train_acc: 0.585 train_loss_sup: 1.238
[GPU0] Test Accuracy at epoch: 70: 0.555
[GPU0] epochs: [71/100] train_acc: 0.584 train_loss_sup: 1.238
[GPU0] epochs: [72/100] train_acc: 0.588 train_loss_sup: 1.230
[GPU0] epochs: [73/100] train_acc: 0.585 train_loss_sup: 1.238
[GPU0] epochs: [74/100] train_acc: 0.588 train_loss_sup: 1.234
[GPU0] epochs: [75/100] train_acc: 0.586 train_loss_sup: 1.230
[GPU0] epochs: [76/100] train_acc: 0.587 train_loss_sup: 1.233
[GPU0] epochs: [77/100] train_acc: 0.590 train_loss_sup: 1.232
[GPU0] epochs: [78/100] train_acc: 0.588 train_loss_sup: 1.233
[GPU0] epochs: [79/100] train_acc: 0.587 train_loss_sup: 1.231
[GPU0] epochs: [80/100] train_acc: 0.586 train_loss_sup: 1.237
[GPU0] Test Accuracy at epoch: 80: 0.558
[GPU0] epochs: [81/100] train_acc: 0.589 train_loss_sup: 1.232
[GPU0] epochs: [82/100] train_acc: 0.590 train_loss_sup: 1.227
[GPU0] epochs: [83/100] train_acc: 0.588 train_loss_sup: 1.228
[GPU0] epochs: [84/100] train_acc: 0.589 train_loss_sup: 1.227
[GPU0] epochs: [85/100] train_acc: 0.587 train_loss_sup: 1.232
[GPU0] epochs: [86/100] train_acc: 0.590 train_loss_sup: 1.231
[GPU0] epochs: [87/100] train_acc: 0.591 train_loss_sup: 1.225
[GPU0] epochs: [88/100] train_acc: 0.589 train_loss_sup: 1.229
[GPU0] epochs: [89/100] train_acc: 0.587 train_loss_sup: 1.231
[GPU0] epochs: [90/100] train_acc: 0.588 train_loss_sup: 1.230
[GPU0] Test Accuracy at epoch: 90: 0.558
[GPU0] epochs: [91/100] train_acc: 0.588 train_loss_sup: 1.230
[GPU0] epochs: [92/100] train_acc: 0.591 train_loss_sup: 1.232
[GPU0] epochs: [93/100] train_acc: 0.584 train_loss_sup: 1.234
[GPU0] epochs: [94/100] train_acc: 0.588 train_loss_sup: 1.228
[GPU0] epochs: [95/100] train_acc: 0.589 train_loss_sup: 1.226
[GPU0] epochs: [96/100] train_acc: 0.586 train_loss_sup: 1.232
[GPU0] epochs: [97/100] train_acc: 0.591 train_loss_sup: 1.230
[GPU0] epochs: [98/100] train_acc: 0.589 train_loss_sup: 1.230
[GPU0] epochs: [99/100] train_acc: 0.589 train_loss_sup: 1.229
[GPU0] epochs: [100/100] train_acc: 0.587 train_loss_sup: 1.228
[GPU0] Final Test Accuracy: 0.558
LR: 1.000 | WD: 0.000000 | Cosine: True | test Acc: 0.558%
------------------------------
Best Test Accuracy: 0.584%
Optimal Hyperparameters: LR=1.0, WD=0.0, Cosine=0
knn evalution
logistic regression evalution
clustering metrics evalution
knn_acc: 0.558
lreg_acc: 0.645
ari: 0.119
nmi: 0.200
ss: 0.036
dbs: 3.298
