Namespace(dataset='cifar10', saved_path='saved_models/scalre.en.timg.r18.pth', gpu=0, model='resnet18', verbose=False, epochs=100, eval_every=10, knn=True, lreg=True, linprobe=True, tsne=False, umap=False, cmet=True)
<All keys matched successfully>
Starting Hyperparameter Sweep on 0...
===> using linear mlp
Scheduler: None
MLP: MLP(
  (mlp): Linear(in_features=512, out_features=10, bias=True)
)
[GPU0] Test Accuracy at epoch: 0: 0.314
[GPU0] epochs: [1/100] train_acc: 0.294 train_loss_sup: 2.262
[GPU0] epochs: [2/100] train_acc: 0.452 train_loss_sup: 2.170
[GPU0] epochs: [3/100] train_acc: 0.458 train_loss_sup: 2.090
[GPU0] epochs: [4/100] train_acc: 0.473 train_loss_sup: 2.020
[GPU0] epochs: [5/100] train_acc: 0.478 train_loss_sup: 1.961
[GPU0] epochs: [6/100] train_acc: 0.492 train_loss_sup: 1.908
[GPU0] epochs: [7/100] train_acc: 0.495 train_loss_sup: 1.860
[GPU0] epochs: [8/100] train_acc: 0.499 train_loss_sup: 1.818
[GPU0] epochs: [9/100] train_acc: 0.504 train_loss_sup: 1.783
[GPU0] epochs: [10/100] train_acc: 0.506 train_loss_sup: 1.751
[GPU0] Test Accuracy at epoch: 10: 0.378
[GPU0] epochs: [11/100] train_acc: 0.507 train_loss_sup: 1.721
[GPU0] epochs: [12/100] train_acc: 0.512 train_loss_sup: 1.695
[GPU0] epochs: [13/100] train_acc: 0.515 train_loss_sup: 1.673
[GPU0] epochs: [14/100] train_acc: 0.520 train_loss_sup: 1.650
[GPU0] epochs: [15/100] train_acc: 0.517 train_loss_sup: 1.630
[GPU0] epochs: [16/100] train_acc: 0.522 train_loss_sup: 1.612
[GPU0] epochs: [17/100] train_acc: 0.521 train_loss_sup: 1.596
[GPU0] epochs: [18/100] train_acc: 0.525 train_loss_sup: 1.582
[GPU0] epochs: [19/100] train_acc: 0.529 train_loss_sup: 1.564
[GPU0] epochs: [20/100] train_acc: 0.528 train_loss_sup: 1.551
[GPU0] Test Accuracy at epoch: 20: 0.434
[GPU0] epochs: [21/100] train_acc: 0.531 train_loss_sup: 1.541
[GPU0] epochs: [22/100] train_acc: 0.531 train_loss_sup: 1.529
[GPU0] epochs: [23/100] train_acc: 0.532 train_loss_sup: 1.517
[GPU0] epochs: [24/100] train_acc: 0.533 train_loss_sup: 1.508
[GPU0] epochs: [25/100] train_acc: 0.534 train_loss_sup: 1.499
[GPU0] epochs: [26/100] train_acc: 0.538 train_loss_sup: 1.490
[GPU0] epochs: [27/100] train_acc: 0.536 train_loss_sup: 1.483
[GPU0] epochs: [28/100] train_acc: 0.540 train_loss_sup: 1.472
[GPU0] epochs: [29/100] train_acc: 0.539 train_loss_sup: 1.465
[GPU0] epochs: [30/100] train_acc: 0.541 train_loss_sup: 1.456
[GPU0] Test Accuracy at epoch: 30: 0.468
[GPU0] epochs: [31/100] train_acc: 0.542 train_loss_sup: 1.450
[GPU0] epochs: [32/100] train_acc: 0.544 train_loss_sup: 1.443
[GPU0] epochs: [33/100] train_acc: 0.546 train_loss_sup: 1.433
[GPU0] epochs: [34/100] train_acc: 0.546 train_loss_sup: 1.429
[GPU0] epochs: [35/100] train_acc: 0.543 train_loss_sup: 1.424
[GPU0] epochs: [36/100] train_acc: 0.548 train_loss_sup: 1.421
[GPU0] epochs: [37/100] train_acc: 0.546 train_loss_sup: 1.414
[GPU0] epochs: [38/100] train_acc: 0.547 train_loss_sup: 1.408
[GPU0] epochs: [39/100] train_acc: 0.548 train_loss_sup: 1.403
[GPU0] epochs: [40/100] train_acc: 0.552 train_loss_sup: 1.397
[GPU0] Test Accuracy at epoch: 40: 0.482
[GPU0] epochs: [41/100] train_acc: 0.554 train_loss_sup: 1.392
[GPU0] epochs: [42/100] train_acc: 0.553 train_loss_sup: 1.390
[GPU0] epochs: [43/100] train_acc: 0.554 train_loss_sup: 1.388
[GPU0] epochs: [44/100] train_acc: 0.553 train_loss_sup: 1.380
[GPU0] epochs: [45/100] train_acc: 0.555 train_loss_sup: 1.377
[GPU0] epochs: [46/100] train_acc: 0.554 train_loss_sup: 1.374
[GPU0] epochs: [47/100] train_acc: 0.557 train_loss_sup: 1.369
[GPU0] epochs: [48/100] train_acc: 0.556 train_loss_sup: 1.366
[GPU0] epochs: [49/100] train_acc: 0.557 train_loss_sup: 1.361
[GPU0] epochs: [50/100] train_acc: 0.561 train_loss_sup: 1.357
[GPU0] Test Accuracy at epoch: 50: 0.507
[GPU0] epochs: [51/100] train_acc: 0.559 train_loss_sup: 1.356
[GPU0] epochs: [52/100] train_acc: 0.558 train_loss_sup: 1.352
[GPU0] epochs: [53/100] train_acc: 0.560 train_loss_sup: 1.350
[GPU0] epochs: [54/100] train_acc: 0.561 train_loss_sup: 1.347
[GPU0] epochs: [55/100] train_acc: 0.561 train_loss_sup: 1.340
[GPU0] epochs: [56/100] train_acc: 0.564 train_loss_sup: 1.337
[GPU0] epochs: [57/100] train_acc: 0.562 train_loss_sup: 1.338
[GPU0] epochs: [58/100] train_acc: 0.565 train_loss_sup: 1.332
[GPU0] epochs: [59/100] train_acc: 0.563 train_loss_sup: 1.331
[GPU0] epochs: [60/100] train_acc: 0.567 train_loss_sup: 1.327
[GPU0] Test Accuracy at epoch: 60: 0.523
[GPU0] epochs: [61/100] train_acc: 0.565 train_loss_sup: 1.327
[GPU0] epochs: [62/100] train_acc: 0.565 train_loss_sup: 1.323
[GPU0] epochs: [63/100] train_acc: 0.567 train_loss_sup: 1.320
[GPU0] epochs: [64/100] train_acc: 0.569 train_loss_sup: 1.316
[GPU0] epochs: [65/100] train_acc: 0.567 train_loss_sup: 1.316
[GPU0] epochs: [66/100] train_acc: 0.569 train_loss_sup: 1.315
[GPU0] epochs: [67/100] train_acc: 0.565 train_loss_sup: 1.314
[GPU0] epochs: [68/100] train_acc: 0.569 train_loss_sup: 1.310
[GPU0] epochs: [69/100] train_acc: 0.570 train_loss_sup: 1.308
[GPU0] epochs: [70/100] train_acc: 0.571 train_loss_sup: 1.305
[GPU0] Test Accuracy at epoch: 70: 0.538
[GPU0] epochs: [71/100] train_acc: 0.574 train_loss_sup: 1.298
[GPU0] epochs: [72/100] train_acc: 0.570 train_loss_sup: 1.305
[GPU0] epochs: [73/100] train_acc: 0.573 train_loss_sup: 1.298
[GPU0] epochs: [74/100] train_acc: 0.572 train_loss_sup: 1.296
[GPU0] epochs: [75/100] train_acc: 0.572 train_loss_sup: 1.296
[GPU0] epochs: [76/100] train_acc: 0.570 train_loss_sup: 1.296
[GPU0] epochs: [77/100] train_acc: 0.573 train_loss_sup: 1.291
[GPU0] epochs: [78/100] train_acc: 0.572 train_loss_sup: 1.289
[GPU0] epochs: [79/100] train_acc: 0.574 train_loss_sup: 1.289
[GPU0] epochs: [80/100] train_acc: 0.572 train_loss_sup: 1.286
[GPU0] Test Accuracy at epoch: 80: 0.549
[GPU0] epochs: [81/100] train_acc: 0.577 train_loss_sup: 1.281
[GPU0] epochs: [82/100] train_acc: 0.575 train_loss_sup: 1.281
[GPU0] epochs: [83/100] train_acc: 0.576 train_loss_sup: 1.281
[GPU0] epochs: [84/100] train_acc: 0.578 train_loss_sup: 1.277
[GPU0] epochs: [85/100] train_acc: 0.578 train_loss_sup: 1.276
[GPU0] epochs: [86/100] train_acc: 0.579 train_loss_sup: 1.275
[GPU0] epochs: [87/100] train_acc: 0.578 train_loss_sup: 1.274
[GPU0] epochs: [88/100] train_acc: 0.577 train_loss_sup: 1.274
[GPU0] epochs: [89/100] train_acc: 0.578 train_loss_sup: 1.268
[GPU0] epochs: [90/100] train_acc: 0.576 train_loss_sup: 1.272
[GPU0] Test Accuracy at epoch: 90: 0.556
[GPU0] epochs: [91/100] train_acc: 0.577 train_loss_sup: 1.272
[GPU0] epochs: [92/100] train_acc: 0.580 train_loss_sup: 1.273
[GPU0] epochs: [93/100] train_acc: 0.578 train_loss_sup: 1.266
[GPU0] epochs: [94/100] train_acc: 0.579 train_loss_sup: 1.265
[GPU0] epochs: [95/100] train_acc: 0.581 train_loss_sup: 1.261
[GPU0] epochs: [96/100] train_acc: 0.581 train_loss_sup: 1.260
[GPU0] epochs: [97/100] train_acc: 0.581 train_loss_sup: 1.259
[GPU0] epochs: [98/100] train_acc: 0.580 train_loss_sup: 1.256
[GPU0] epochs: [99/100] train_acc: 0.578 train_loss_sup: 1.261
[GPU0] epochs: [100/100] train_acc: 0.583 train_loss_sup: 1.254
[GPU0] Final Test Accuracy: 0.563
LR: 0.100 | WD: 0.000001 | Cosine: False | test Acc: 0.563%
===> using linear mlp
Scheduler: None
MLP: MLP(
  (mlp): Linear(in_features=512, out_features=10, bias=True)
)
[GPU0] Test Accuracy at epoch: 0: 0.303
[GPU0] epochs: [1/100] train_acc: 0.320 train_loss_sup: 2.262
[GPU0] epochs: [2/100] train_acc: 0.445 train_loss_sup: 2.171
[GPU0] epochs: [3/100] train_acc: 0.469 train_loss_sup: 2.092
[GPU0] epochs: [4/100] train_acc: 0.467 train_loss_sup: 2.025
[GPU0] epochs: [5/100] train_acc: 0.483 train_loss_sup: 1.966
[GPU0] epochs: [6/100] train_acc: 0.487 train_loss_sup: 1.915
[GPU0] epochs: [7/100] train_acc: 0.491 train_loss_sup: 1.870
[GPU0] epochs: [8/100] train_acc: 0.498 train_loss_sup: 1.831
[GPU0] epochs: [9/100] train_acc: 0.498 train_loss_sup: 1.798
[GPU0] epochs: [10/100] train_acc: 0.507 train_loss_sup: 1.767
[GPU0] Test Accuracy at epoch: 10: 0.378
[GPU0] epochs: [11/100] train_acc: 0.505 train_loss_sup: 1.739
[GPU0] epochs: [12/100] train_acc: 0.510 train_loss_sup: 1.716
[GPU0] epochs: [13/100] train_acc: 0.513 train_loss_sup: 1.694
[GPU0] epochs: [14/100] train_acc: 0.515 train_loss_sup: 1.673
[GPU0] epochs: [15/100] train_acc: 0.518 train_loss_sup: 1.657
[GPU0] epochs: [16/100] train_acc: 0.518 train_loss_sup: 1.639
[GPU0] epochs: [17/100] train_acc: 0.521 train_loss_sup: 1.624
[GPU0] epochs: [18/100] train_acc: 0.524 train_loss_sup: 1.608
[GPU0] epochs: [19/100] train_acc: 0.525 train_loss_sup: 1.595
[GPU0] epochs: [20/100] train_acc: 0.525 train_loss_sup: 1.584
[GPU0] Test Accuracy at epoch: 20: 0.432
[GPU0] epochs: [21/100] train_acc: 0.527 train_loss_sup: 1.574
[GPU0] epochs: [22/100] train_acc: 0.528 train_loss_sup: 1.565
[GPU0] epochs: [23/100] train_acc: 0.531 train_loss_sup: 1.556
[GPU0] epochs: [24/100] train_acc: 0.533 train_loss_sup: 1.544
[GPU0] epochs: [25/100] train_acc: 0.534 train_loss_sup: 1.536
[GPU0] epochs: [26/100] train_acc: 0.535 train_loss_sup: 1.530
[GPU0] epochs: [27/100] train_acc: 0.536 train_loss_sup: 1.520
[GPU0] epochs: [28/100] train_acc: 0.538 train_loss_sup: 1.513
[GPU0] epochs: [29/100] train_acc: 0.537 train_loss_sup: 1.508
[GPU0] epochs: [30/100] train_acc: 0.539 train_loss_sup: 1.499
[GPU0] Test Accuracy at epoch: 30: 0.45
[GPU0] epochs: [31/100] train_acc: 0.540 train_loss_sup: 1.493
[GPU0] epochs: [32/100] train_acc: 0.540 train_loss_sup: 1.490
[GPU0] epochs: [33/100] train_acc: 0.541 train_loss_sup: 1.484
[GPU0] epochs: [34/100] train_acc: 0.542 train_loss_sup: 1.478
[GPU0] epochs: [35/100] train_acc: 0.545 train_loss_sup: 1.475
[GPU0] epochs: [36/100] train_acc: 0.543 train_loss_sup: 1.470
[GPU0] epochs: [37/100] train_acc: 0.547 train_loss_sup: 1.466
[GPU0] epochs: [38/100] train_acc: 0.545 train_loss_sup: 1.461
[GPU0] epochs: [39/100] train_acc: 0.548 train_loss_sup: 1.458
[GPU0] epochs: [40/100] train_acc: 0.548 train_loss_sup: 1.452
[GPU0] Test Accuracy at epoch: 40: 0.477
[GPU0] epochs: [41/100] train_acc: 0.545 train_loss_sup: 1.450
[GPU0] epochs: [42/100] train_acc: 0.551 train_loss_sup: 1.446
[GPU0] epochs: [43/100] train_acc: 0.550 train_loss_sup: 1.442
[GPU0] epochs: [44/100] train_acc: 0.549 train_loss_sup: 1.441
[GPU0] epochs: [45/100] train_acc: 0.551 train_loss_sup: 1.436
[GPU0] epochs: [46/100] train_acc: 0.551 train_loss_sup: 1.434
[GPU0] epochs: [47/100] train_acc: 0.553 train_loss_sup: 1.430
[GPU0] epochs: [48/100] train_acc: 0.555 train_loss_sup: 1.426
[GPU0] epochs: [49/100] train_acc: 0.555 train_loss_sup: 1.425
[GPU0] epochs: [50/100] train_acc: 0.552 train_loss_sup: 1.424
[GPU0] Test Accuracy at epoch: 50: 0.497
[GPU0] epochs: [51/100] train_acc: 0.555 train_loss_sup: 1.421
[GPU0] epochs: [52/100] train_acc: 0.553 train_loss_sup: 1.419
[GPU0] epochs: [53/100] train_acc: 0.558 train_loss_sup: 1.417
[GPU0] epochs: [54/100] train_acc: 0.556 train_loss_sup: 1.413
[GPU0] epochs: [55/100] train_acc: 0.557 train_loss_sup: 1.411
[GPU0] epochs: [56/100] train_acc: 0.552 train_loss_sup: 1.414
[GPU0] epochs: [57/100] train_acc: 0.559 train_loss_sup: 1.405
[GPU0] epochs: [58/100] train_acc: 0.559 train_loss_sup: 1.406
[GPU0] epochs: [59/100] train_acc: 0.558 train_loss_sup: 1.404
[GPU0] epochs: [60/100] train_acc: 0.558 train_loss_sup: 1.403
[GPU0] Test Accuracy at epoch: 60: 0.51
[GPU0] epochs: [61/100] train_acc: 0.558 train_loss_sup: 1.401
[GPU0] epochs: [62/100] train_acc: 0.561 train_loss_sup: 1.395
[GPU0] epochs: [63/100] train_acc: 0.561 train_loss_sup: 1.395
[GPU0] epochs: [64/100] train_acc: 0.558 train_loss_sup: 1.397
[GPU0] epochs: [65/100] train_acc: 0.561 train_loss_sup: 1.393
[GPU0] epochs: [66/100] train_acc: 0.562 train_loss_sup: 1.392
[GPU0] epochs: [67/100] train_acc: 0.561 train_loss_sup: 1.390
[GPU0] epochs: [68/100] train_acc: 0.563 train_loss_sup: 1.388
[GPU0] epochs: [69/100] train_acc: 0.562 train_loss_sup: 1.388
[GPU0] epochs: [70/100] train_acc: 0.564 train_loss_sup: 1.385
[GPU0] Test Accuracy at epoch: 70: 0.511
[GPU0] epochs: [71/100] train_acc: 0.563 train_loss_sup: 1.383
[GPU0] epochs: [72/100] train_acc: 0.564 train_loss_sup: 1.386
[GPU0] epochs: [73/100] train_acc: 0.565 train_loss_sup: 1.380
[GPU0] epochs: [74/100] train_acc: 0.562 train_loss_sup: 1.384
[GPU0] epochs: [75/100] train_acc: 0.566 train_loss_sup: 1.377
[GPU0] epochs: [76/100] train_acc: 0.563 train_loss_sup: 1.380
[GPU0] epochs: [77/100] train_acc: 0.565 train_loss_sup: 1.374
[GPU0] epochs: [78/100] train_acc: 0.566 train_loss_sup: 1.376
[GPU0] epochs: [79/100] train_acc: 0.563 train_loss_sup: 1.377
[GPU0] epochs: [80/100] train_acc: 0.566 train_loss_sup: 1.374
[GPU0] Test Accuracy at epoch: 80: 0.52
[GPU0] epochs: [81/100] train_acc: 0.564 train_loss_sup: 1.374
[GPU0] epochs: [82/100] train_acc: 0.568 train_loss_sup: 1.368
[GPU0] epochs: [83/100] train_acc: 0.565 train_loss_sup: 1.372
[GPU0] epochs: [84/100] train_acc: 0.568 train_loss_sup: 1.371
[GPU0] epochs: [85/100] train_acc: 0.569 train_loss_sup: 1.366
[GPU0] epochs: [86/100] train_acc: 0.568 train_loss_sup: 1.370
[GPU0] epochs: [87/100] train_acc: 0.567 train_loss_sup: 1.367
[GPU0] epochs: [88/100] train_acc: 0.568 train_loss_sup: 1.368
[GPU0] epochs: [89/100] train_acc: 0.566 train_loss_sup: 1.369
[GPU0] epochs: [90/100] train_acc: 0.570 train_loss_sup: 1.365
[GPU0] Test Accuracy at epoch: 90: 0.533
[GPU0] epochs: [91/100] train_acc: 0.567 train_loss_sup: 1.365
[GPU0] epochs: [92/100] train_acc: 0.571 train_loss_sup: 1.363
[GPU0] epochs: [93/100] train_acc: 0.573 train_loss_sup: 1.362
[GPU0] epochs: [94/100] train_acc: 0.572 train_loss_sup: 1.362
[GPU0] epochs: [95/100] train_acc: 0.570 train_loss_sup: 1.361
[GPU0] epochs: [96/100] train_acc: 0.570 train_loss_sup: 1.360
[GPU0] epochs: [97/100] train_acc: 0.569 train_loss_sup: 1.361
[GPU0] epochs: [98/100] train_acc: 0.569 train_loss_sup: 1.362
[GPU0] epochs: [99/100] train_acc: 0.574 train_loss_sup: 1.356
[GPU0] epochs: [100/100] train_acc: 0.568 train_loss_sup: 1.359
[GPU0] Final Test Accuracy: 0.534
LR: 0.100 | WD: 0.000100 | Cosine: False | test Acc: 0.534%
===> using linear mlp
Scheduler: None
MLP: MLP(
  (mlp): Linear(in_features=512, out_features=10, bias=True)
)
[GPU0] Test Accuracy at epoch: 0: 0.352
[GPU0] epochs: [1/100] train_acc: 0.322 train_loss_sup: 2.262
[GPU0] epochs: [2/100] train_acc: 0.442 train_loss_sup: 2.171
[GPU0] epochs: [3/100] train_acc: 0.454 train_loss_sup: 2.091
[GPU0] epochs: [4/100] train_acc: 0.474 train_loss_sup: 2.020
[GPU0] epochs: [5/100] train_acc: 0.484 train_loss_sup: 1.961
[GPU0] epochs: [6/100] train_acc: 0.486 train_loss_sup: 1.908
[GPU0] epochs: [7/100] train_acc: 0.490 train_loss_sup: 1.861
[GPU0] epochs: [8/100] train_acc: 0.497 train_loss_sup: 1.820
[GPU0] epochs: [9/100] train_acc: 0.505 train_loss_sup: 1.782
[GPU0] epochs: [10/100] train_acc: 0.507 train_loss_sup: 1.749
[GPU0] Test Accuracy at epoch: 10: 0.385
[GPU0] epochs: [11/100] train_acc: 0.509 train_loss_sup: 1.719
[GPU0] epochs: [12/100] train_acc: 0.512 train_loss_sup: 1.696
[GPU0] epochs: [13/100] train_acc: 0.514 train_loss_sup: 1.670
[GPU0] epochs: [14/100] train_acc: 0.518 train_loss_sup: 1.647
[GPU0] epochs: [15/100] train_acc: 0.517 train_loss_sup: 1.631
[GPU0] epochs: [16/100] train_acc: 0.520 train_loss_sup: 1.610
[GPU0] epochs: [17/100] train_acc: 0.522 train_loss_sup: 1.595
[GPU0] epochs: [18/100] train_acc: 0.525 train_loss_sup: 1.577
[GPU0] epochs: [19/100] train_acc: 0.525 train_loss_sup: 1.569
[GPU0] epochs: [20/100] train_acc: 0.527 train_loss_sup: 1.553
[GPU0] Test Accuracy at epoch: 20: 0.426
[GPU0] epochs: [21/100] train_acc: 0.530 train_loss_sup: 1.539
[GPU0] epochs: [22/100] train_acc: 0.531 train_loss_sup: 1.528
[GPU0] epochs: [23/100] train_acc: 0.530 train_loss_sup: 1.518
[GPU0] epochs: [24/100] train_acc: 0.531 train_loss_sup: 1.510
[GPU0] epochs: [25/100] train_acc: 0.530 train_loss_sup: 1.503
[GPU0] epochs: [26/100] train_acc: 0.538 train_loss_sup: 1.488
[GPU0] epochs: [27/100] train_acc: 0.538 train_loss_sup: 1.480
[GPU0] epochs: [28/100] train_acc: 0.538 train_loss_sup: 1.470
[GPU0] epochs: [29/100] train_acc: 0.542 train_loss_sup: 1.463
[GPU0] epochs: [30/100] train_acc: 0.542 train_loss_sup: 1.454
[GPU0] Test Accuracy at epoch: 30: 0.464
[GPU0] epochs: [31/100] train_acc: 0.542 train_loss_sup: 1.450
[GPU0] epochs: [32/100] train_acc: 0.542 train_loss_sup: 1.442
[GPU0] epochs: [33/100] train_acc: 0.542 train_loss_sup: 1.438
[GPU0] epochs: [34/100] train_acc: 0.543 train_loss_sup: 1.428
[GPU0] epochs: [35/100] train_acc: 0.549 train_loss_sup: 1.422
[GPU0] epochs: [36/100] train_acc: 0.546 train_loss_sup: 1.422
[GPU0] epochs: [37/100] train_acc: 0.548 train_loss_sup: 1.412
[GPU0] epochs: [38/100] train_acc: 0.549 train_loss_sup: 1.407
[GPU0] epochs: [39/100] train_acc: 0.548 train_loss_sup: 1.406
[GPU0] epochs: [40/100] train_acc: 0.551 train_loss_sup: 1.400
[GPU0] Test Accuracy at epoch: 40: 0.485
[GPU0] epochs: [41/100] train_acc: 0.551 train_loss_sup: 1.392
[GPU0] epochs: [42/100] train_acc: 0.552 train_loss_sup: 1.387
[GPU0] epochs: [43/100] train_acc: 0.553 train_loss_sup: 1.386
[GPU0] epochs: [44/100] train_acc: 0.554 train_loss_sup: 1.383
[GPU0] epochs: [45/100] train_acc: 0.554 train_loss_sup: 1.376
[GPU0] epochs: [46/100] train_acc: 0.553 train_loss_sup: 1.375
[GPU0] epochs: [47/100] train_acc: 0.556 train_loss_sup: 1.369
[GPU0] epochs: [48/100] train_acc: 0.557 train_loss_sup: 1.368
[GPU0] epochs: [49/100] train_acc: 0.561 train_loss_sup: 1.357
[GPU0] epochs: [50/100] train_acc: 0.559 train_loss_sup: 1.357
[GPU0] Test Accuracy at epoch: 50: 0.503
[GPU0] epochs: [51/100] train_acc: 0.561 train_loss_sup: 1.354
[GPU0] epochs: [52/100] train_acc: 0.562 train_loss_sup: 1.345
[GPU0] epochs: [53/100] train_acc: 0.562 train_loss_sup: 1.346
[GPU0] epochs: [54/100] train_acc: 0.561 train_loss_sup: 1.344
[GPU0] epochs: [55/100] train_acc: 0.561 train_loss_sup: 1.343
[GPU0] epochs: [56/100] train_acc: 0.563 train_loss_sup: 1.337
[GPU0] epochs: [57/100] train_acc: 0.564 train_loss_sup: 1.335
[GPU0] epochs: [58/100] train_acc: 0.560 train_loss_sup: 1.334
[GPU0] epochs: [59/100] train_acc: 0.567 train_loss_sup: 1.331
[GPU0] epochs: [60/100] train_acc: 0.565 train_loss_sup: 1.326
[GPU0] Test Accuracy at epoch: 60: 0.523
[GPU0] epochs: [61/100] train_acc: 0.568 train_loss_sup: 1.325
[GPU0] epochs: [62/100] train_acc: 0.568 train_loss_sup: 1.320
[GPU0] epochs: [63/100] train_acc: 0.567 train_loss_sup: 1.318
[GPU0] epochs: [64/100] train_acc: 0.566 train_loss_sup: 1.321
[GPU0] epochs: [65/100] train_acc: 0.570 train_loss_sup: 1.312
[GPU0] epochs: [66/100] train_acc: 0.568 train_loss_sup: 1.313
[GPU0] epochs: [67/100] train_acc: 0.568 train_loss_sup: 1.309
[GPU0] epochs: [68/100] train_acc: 0.570 train_loss_sup: 1.304
[GPU0] epochs: [69/100] train_acc: 0.569 train_loss_sup: 1.307
[GPU0] epochs: [70/100] train_acc: 0.569 train_loss_sup: 1.302
[GPU0] Test Accuracy at epoch: 70: 0.537
[GPU0] epochs: [71/100] train_acc: 0.573 train_loss_sup: 1.300
[GPU0] epochs: [72/100] train_acc: 0.571 train_loss_sup: 1.300
[GPU0] epochs: [73/100] train_acc: 0.575 train_loss_sup: 1.293
[GPU0] epochs: [74/100] train_acc: 0.572 train_loss_sup: 1.292
[GPU0] epochs: [75/100] train_acc: 0.573 train_loss_sup: 1.291
[GPU0] epochs: [76/100] train_acc: 0.574 train_loss_sup: 1.294
[GPU0] epochs: [77/100] train_acc: 0.570 train_loss_sup: 1.294
[GPU0] epochs: [78/100] train_acc: 0.572 train_loss_sup: 1.287
[GPU0] epochs: [79/100] train_acc: 0.573 train_loss_sup: 1.289
[GPU0] epochs: [80/100] train_acc: 0.574 train_loss_sup: 1.283
[GPU0] Test Accuracy at epoch: 80: 0.544
[GPU0] epochs: [81/100] train_acc: 0.575 train_loss_sup: 1.285
[GPU0] epochs: [82/100] train_acc: 0.575 train_loss_sup: 1.281
[GPU0] epochs: [83/100] train_acc: 0.575 train_loss_sup: 1.284
[GPU0] epochs: [84/100] train_acc: 0.573 train_loss_sup: 1.280
[GPU0] epochs: [85/100] train_acc: 0.577 train_loss_sup: 1.277
[GPU0] epochs: [86/100] train_acc: 0.575 train_loss_sup: 1.277
[GPU0] epochs: [87/100] train_acc: 0.576 train_loss_sup: 1.273
[GPU0] epochs: [88/100] train_acc: 0.580 train_loss_sup: 1.273
[GPU0] epochs: [89/100] train_acc: 0.579 train_loss_sup: 1.270
[GPU0] epochs: [90/100] train_acc: 0.578 train_loss_sup: 1.266
[GPU0] Test Accuracy at epoch: 90: 0.558
[GPU0] epochs: [91/100] train_acc: 0.581 train_loss_sup: 1.261
[GPU0] epochs: [92/100] train_acc: 0.579 train_loss_sup: 1.263
[GPU0] epochs: [93/100] train_acc: 0.580 train_loss_sup: 1.265
[GPU0] epochs: [94/100] train_acc: 0.578 train_loss_sup: 1.262
[GPU0] epochs: [95/100] train_acc: 0.579 train_loss_sup: 1.261
[GPU0] epochs: [96/100] train_acc: 0.578 train_loss_sup: 1.261
[GPU0] epochs: [97/100] train_acc: 0.581 train_loss_sup: 1.259
[GPU0] epochs: [98/100] train_acc: 0.582 train_loss_sup: 1.256
[GPU0] epochs: [99/100] train_acc: 0.581 train_loss_sup: 1.260
[GPU0] epochs: [100/100] train_acc: 0.584 train_loss_sup: 1.256
[GPU0] Final Test Accuracy: 0.562
LR: 0.100 | WD: 0.000000 | Cosine: False | test Acc: 0.562%
===> using linear mlp
Scheduler: None
MLP: MLP(
  (mlp): Linear(in_features=512, out_features=10, bias=True)
)
[GPU0] Test Accuracy at epoch: 0: 0.39
[GPU0] epochs: [1/100] train_acc: 0.381 train_loss_sup: 2.003
[GPU0] epochs: [2/100] train_acc: 0.510 train_loss_sup: 1.635
[GPU0] epochs: [3/100] train_acc: 0.527 train_loss_sup: 1.500
[GPU0] epochs: [4/100] train_acc: 0.540 train_loss_sup: 1.428
[GPU0] epochs: [5/100] train_acc: 0.550 train_loss_sup: 1.377
[GPU0] epochs: [6/100] train_acc: 0.559 train_loss_sup: 1.341
[GPU0] epochs: [7/100] train_acc: 0.560 train_loss_sup: 1.320
[GPU0] epochs: [8/100] train_acc: 0.571 train_loss_sup: 1.297
[GPU0] epochs: [9/100] train_acc: 0.575 train_loss_sup: 1.276
[GPU0] epochs: [10/100] train_acc: 0.576 train_loss_sup: 1.266
[GPU0] Test Accuracy at epoch: 10: 0.578
[GPU0] epochs: [11/100] train_acc: 0.581 train_loss_sup: 1.250
[GPU0] epochs: [12/100] train_acc: 0.584 train_loss_sup: 1.241
[GPU0] epochs: [13/100] train_acc: 0.584 train_loss_sup: 1.231
[GPU0] epochs: [14/100] train_acc: 0.589 train_loss_sup: 1.224
[GPU0] epochs: [15/100] train_acc: 0.588 train_loss_sup: 1.220
[GPU0] epochs: [16/100] train_acc: 0.591 train_loss_sup: 1.208
[GPU0] epochs: [17/100] train_acc: 0.596 train_loss_sup: 1.203
[GPU0] epochs: [18/100] train_acc: 0.595 train_loss_sup: 1.198
[GPU0] epochs: [19/100] train_acc: 0.599 train_loss_sup: 1.189
[GPU0] epochs: [20/100] train_acc: 0.597 train_loss_sup: 1.191
[GPU0] Test Accuracy at epoch: 20: 0.604
[GPU0] epochs: [21/100] train_acc: 0.604 train_loss_sup: 1.181
[GPU0] epochs: [22/100] train_acc: 0.604 train_loss_sup: 1.175
[GPU0] epochs: [23/100] train_acc: 0.603 train_loss_sup: 1.174
[GPU0] epochs: [24/100] train_acc: 0.602 train_loss_sup: 1.166
[GPU0] epochs: [25/100] train_acc: 0.608 train_loss_sup: 1.166
[GPU0] epochs: [26/100] train_acc: 0.607 train_loss_sup: 1.164
[GPU0] epochs: [27/100] train_acc: 0.607 train_loss_sup: 1.157
[GPU0] epochs: [28/100] train_acc: 0.608 train_loss_sup: 1.155
[GPU0] epochs: [29/100] train_acc: 0.611 train_loss_sup: 1.155
[GPU0] epochs: [30/100] train_acc: 0.609 train_loss_sup: 1.155
[GPU0] Test Accuracy at epoch: 30: 0.624
[GPU0] epochs: [31/100] train_acc: 0.612 train_loss_sup: 1.147
[GPU0] epochs: [32/100] train_acc: 0.607 train_loss_sup: 1.152
[GPU0] epochs: [33/100] train_acc: 0.614 train_loss_sup: 1.139
[GPU0] epochs: [34/100] train_acc: 0.613 train_loss_sup: 1.140
[GPU0] epochs: [35/100] train_acc: 0.615 train_loss_sup: 1.138
[GPU0] epochs: [36/100] train_acc: 0.615 train_loss_sup: 1.134
[GPU0] epochs: [37/100] train_acc: 0.612 train_loss_sup: 1.137
[GPU0] epochs: [38/100] train_acc: 0.616 train_loss_sup: 1.130
[GPU0] epochs: [39/100] train_acc: 0.619 train_loss_sup: 1.127
[GPU0] epochs: [40/100] train_acc: 0.616 train_loss_sup: 1.127
[GPU0] Test Accuracy at epoch: 40: 0.639
[GPU0] epochs: [41/100] train_acc: 0.616 train_loss_sup: 1.129
[GPU0] epochs: [42/100] train_acc: 0.617 train_loss_sup: 1.125
[GPU0] epochs: [43/100] train_acc: 0.617 train_loss_sup: 1.125
[GPU0] epochs: [44/100] train_acc: 0.620 train_loss_sup: 1.122
[GPU0] epochs: [45/100] train_acc: 0.619 train_loss_sup: 1.122
[GPU0] epochs: [46/100] train_acc: 0.621 train_loss_sup: 1.116
[GPU0] epochs: [47/100] train_acc: 0.624 train_loss_sup: 1.111
[GPU0] epochs: [48/100] train_acc: 0.620 train_loss_sup: 1.115
[GPU0] epochs: [49/100] train_acc: 0.623 train_loss_sup: 1.117
[GPU0] epochs: [50/100] train_acc: 0.623 train_loss_sup: 1.113
[GPU0] Test Accuracy at epoch: 50: 0.648
[GPU0] epochs: [51/100] train_acc: 0.625 train_loss_sup: 1.111
[GPU0] epochs: [52/100] train_acc: 0.625 train_loss_sup: 1.105
[GPU0] epochs: [53/100] train_acc: 0.624 train_loss_sup: 1.109
[GPU0] epochs: [54/100] train_acc: 0.622 train_loss_sup: 1.111
[GPU0] epochs: [55/100] train_acc: 0.621 train_loss_sup: 1.109
[GPU0] epochs: [56/100] train_acc: 0.626 train_loss_sup: 1.102
[GPU0] epochs: [57/100] train_acc: 0.624 train_loss_sup: 1.108
[GPU0] epochs: [58/100] train_acc: 0.625 train_loss_sup: 1.103
[GPU0] epochs: [59/100] train_acc: 0.628 train_loss_sup: 1.099
[GPU0] epochs: [60/100] train_acc: 0.626 train_loss_sup: 1.103
[GPU0] Test Accuracy at epoch: 60: 0.652
[GPU0] epochs: [61/100] train_acc: 0.624 train_loss_sup: 1.101
[GPU0] epochs: [62/100] train_acc: 0.626 train_loss_sup: 1.097
[GPU0] epochs: [63/100] train_acc: 0.627 train_loss_sup: 1.098
[GPU0] epochs: [64/100] train_acc: 0.627 train_loss_sup: 1.092
[GPU0] epochs: [65/100] train_acc: 0.629 train_loss_sup: 1.093
[GPU0] epochs: [66/100] train_acc: 0.628 train_loss_sup: 1.097
[GPU0] epochs: [67/100] train_acc: 0.626 train_loss_sup: 1.100
[GPU0] epochs: [68/100] train_acc: 0.631 train_loss_sup: 1.087
[GPU0] epochs: [69/100] train_acc: 0.631 train_loss_sup: 1.089
[GPU0] epochs: [70/100] train_acc: 0.633 train_loss_sup: 1.088
[GPU0] Test Accuracy at epoch: 70: 0.651
[GPU0] epochs: [71/100] train_acc: 0.633 train_loss_sup: 1.086
[GPU0] epochs: [72/100] train_acc: 0.629 train_loss_sup: 1.087
[GPU0] epochs: [73/100] train_acc: 0.630 train_loss_sup: 1.089
[GPU0] epochs: [74/100] train_acc: 0.631 train_loss_sup: 1.086
[GPU0] epochs: [75/100] train_acc: 0.629 train_loss_sup: 1.091
[GPU0] epochs: [76/100] train_acc: 0.631 train_loss_sup: 1.089
[GPU0] epochs: [77/100] train_acc: 0.631 train_loss_sup: 1.087
[GPU0] epochs: [78/100] train_acc: 0.632 train_loss_sup: 1.087
[GPU0] epochs: [79/100] train_acc: 0.633 train_loss_sup: 1.084
[GPU0] epochs: [80/100] train_acc: 0.633 train_loss_sup: 1.078
[GPU0] Test Accuracy at epoch: 80: 0.658
[GPU0] epochs: [81/100] train_acc: 0.631 train_loss_sup: 1.085
[GPU0] epochs: [82/100] train_acc: 0.630 train_loss_sup: 1.087
[GPU0] epochs: [83/100] train_acc: 0.633 train_loss_sup: 1.083
[GPU0] epochs: [84/100] train_acc: 0.633 train_loss_sup: 1.081
[GPU0] epochs: [85/100] train_acc: 0.633 train_loss_sup: 1.082
[GPU0] epochs: [86/100] train_acc: 0.633 train_loss_sup: 1.074
[GPU0] epochs: [87/100] train_acc: 0.636 train_loss_sup: 1.079
[GPU0] epochs: [88/100] train_acc: 0.635 train_loss_sup: 1.080
[GPU0] epochs: [89/100] train_acc: 0.634 train_loss_sup: 1.075
[GPU0] epochs: [90/100] train_acc: 0.638 train_loss_sup: 1.074
[GPU0] Test Accuracy at epoch: 90: 0.661
[GPU0] epochs: [91/100] train_acc: 0.634 train_loss_sup: 1.074
[GPU0] epochs: [92/100] train_acc: 0.633 train_loss_sup: 1.079
[GPU0] epochs: [93/100] train_acc: 0.635 train_loss_sup: 1.075
[GPU0] epochs: [94/100] train_acc: 0.636 train_loss_sup: 1.076
[GPU0] epochs: [95/100] train_acc: 0.634 train_loss_sup: 1.076
[GPU0] epochs: [96/100] train_acc: 0.635 train_loss_sup: 1.071
[GPU0] epochs: [97/100] train_acc: 0.635 train_loss_sup: 1.075
[GPU0] epochs: [98/100] train_acc: 0.635 train_loss_sup: 1.071
[GPU0] epochs: [99/100] train_acc: 0.634 train_loss_sup: 1.075
[GPU0] epochs: [100/100] train_acc: 0.636 train_loss_sup: 1.073
[GPU0] Final Test Accuracy: 0.664
LR: 1.000 | WD: 0.000001 | Cosine: False | test Acc: 0.664%
===> using linear mlp
Scheduler: None
MLP: MLP(
  (mlp): Linear(in_features=512, out_features=10, bias=True)
)
[GPU0] Test Accuracy at epoch: 0: 0.291
[GPU0] epochs: [1/100] train_acc: 0.389 train_loss_sup: 2.008
[GPU0] epochs: [2/100] train_acc: 0.506 train_loss_sup: 1.658
[GPU0] epochs: [3/100] train_acc: 0.526 train_loss_sup: 1.535
[GPU0] epochs: [4/100] train_acc: 0.541 train_loss_sup: 1.472
[GPU0] epochs: [5/100] train_acc: 0.545 train_loss_sup: 1.437
[GPU0] epochs: [6/100] train_acc: 0.552 train_loss_sup: 1.412
[GPU0] epochs: [7/100] train_acc: 0.554 train_loss_sup: 1.397
[GPU0] epochs: [8/100] train_acc: 0.563 train_loss_sup: 1.379
[GPU0] epochs: [9/100] train_acc: 0.565 train_loss_sup: 1.369
[GPU0] epochs: [10/100] train_acc: 0.564 train_loss_sup: 1.364
[GPU0] Test Accuracy at epoch: 10: 0.527
[GPU0] epochs: [11/100] train_acc: 0.567 train_loss_sup: 1.358
[GPU0] epochs: [12/100] train_acc: 0.572 train_loss_sup: 1.350
[GPU0] epochs: [13/100] train_acc: 0.574 train_loss_sup: 1.346
[GPU0] epochs: [14/100] train_acc: 0.573 train_loss_sup: 1.344
[GPU0] epochs: [15/100] train_acc: 0.574 train_loss_sup: 1.341
[GPU0] epochs: [16/100] train_acc: 0.573 train_loss_sup: 1.340
[GPU0] epochs: [17/100] train_acc: 0.572 train_loss_sup: 1.340
[GPU0] epochs: [18/100] train_acc: 0.576 train_loss_sup: 1.338
[GPU0] epochs: [19/100] train_acc: 0.576 train_loss_sup: 1.336
[GPU0] epochs: [20/100] train_acc: 0.577 train_loss_sup: 1.335
[GPU0] Test Accuracy at epoch: 20: 0.556
[GPU0] epochs: [21/100] train_acc: 0.578 train_loss_sup: 1.331
[GPU0] epochs: [22/100] train_acc: 0.578 train_loss_sup: 1.333
[GPU0] epochs: [23/100] train_acc: 0.577 train_loss_sup: 1.332
[GPU0] epochs: [24/100] train_acc: 0.580 train_loss_sup: 1.330
[GPU0] epochs: [25/100] train_acc: 0.579 train_loss_sup: 1.334
[GPU0] epochs: [26/100] train_acc: 0.581 train_loss_sup: 1.328
[GPU0] epochs: [27/100] train_acc: 0.579 train_loss_sup: 1.331
[GPU0] epochs: [28/100] train_acc: 0.575 train_loss_sup: 1.334
[GPU0] epochs: [29/100] train_acc: 0.578 train_loss_sup: 1.331
[GPU0] epochs: [30/100] train_acc: 0.576 train_loss_sup: 1.332
[GPU0] Test Accuracy at epoch: 30: 0.545
[GPU0] epochs: [31/100] train_acc: 0.577 train_loss_sup: 1.330
[GPU0] epochs: [32/100] train_acc: 0.576 train_loss_sup: 1.333
[GPU0] epochs: [33/100] train_acc: 0.577 train_loss_sup: 1.335
[GPU0] epochs: [34/100] train_acc: 0.580 train_loss_sup: 1.329
[GPU0] epochs: [35/100] train_acc: 0.580 train_loss_sup: 1.328
[GPU0] epochs: [36/100] train_acc: 0.582 train_loss_sup: 1.326
[GPU0] epochs: [37/100] train_acc: 0.581 train_loss_sup: 1.329
[GPU0] epochs: [38/100] train_acc: 0.579 train_loss_sup: 1.331
[GPU0] epochs: [39/100] train_acc: 0.579 train_loss_sup: 1.332
[GPU0] epochs: [40/100] train_acc: 0.581 train_loss_sup: 1.330
[GPU0] Test Accuracy at epoch: 40: 0.54
[GPU0] epochs: [41/100] train_acc: 0.580 train_loss_sup: 1.330
[GPU0] epochs: [42/100] train_acc: 0.579 train_loss_sup: 1.330
[GPU0] epochs: [43/100] train_acc: 0.578 train_loss_sup: 1.332
[GPU0] epochs: [44/100] train_acc: 0.580 train_loss_sup: 1.325
[GPU0] epochs: [45/100] train_acc: 0.579 train_loss_sup: 1.328
[GPU0] epochs: [46/100] train_acc: 0.581 train_loss_sup: 1.327
[GPU0] epochs: [47/100] train_acc: 0.579 train_loss_sup: 1.330
[GPU0] epochs: [48/100] train_acc: 0.581 train_loss_sup: 1.330
[GPU0] epochs: [49/100] train_acc: 0.578 train_loss_sup: 1.329
[GPU0] epochs: [50/100] train_acc: 0.582 train_loss_sup: 1.328
[GPU0] Test Accuracy at epoch: 50: 0.559
[GPU0] epochs: [51/100] train_acc: 0.578 train_loss_sup: 1.332
[GPU0] epochs: [52/100] train_acc: 0.581 train_loss_sup: 1.329
[GPU0] epochs: [53/100] train_acc: 0.580 train_loss_sup: 1.330
[GPU0] epochs: [54/100] train_acc: 0.579 train_loss_sup: 1.329
[GPU0] epochs: [55/100] train_acc: 0.581 train_loss_sup: 1.328
[GPU0] epochs: [56/100] train_acc: 0.578 train_loss_sup: 1.331
[GPU0] epochs: [57/100] train_acc: 0.581 train_loss_sup: 1.331
[GPU0] epochs: [58/100] train_acc: 0.578 train_loss_sup: 1.332
[GPU0] epochs: [59/100] train_acc: 0.579 train_loss_sup: 1.330
[GPU0] epochs: [60/100] train_acc: 0.580 train_loss_sup: 1.329
[GPU0] Test Accuracy at epoch: 60: 0.567
[GPU0] epochs: [61/100] train_acc: 0.576 train_loss_sup: 1.331
[GPU0] epochs: [62/100] train_acc: 0.579 train_loss_sup: 1.327
[GPU0] epochs: [63/100] train_acc: 0.582 train_loss_sup: 1.328
[GPU0] epochs: [64/100] train_acc: 0.579 train_loss_sup: 1.329
[GPU0] epochs: [65/100] train_acc: 0.580 train_loss_sup: 1.329
[GPU0] epochs: [66/100] train_acc: 0.582 train_loss_sup: 1.325
[GPU0] epochs: [67/100] train_acc: 0.578 train_loss_sup: 1.330
[GPU0] epochs: [68/100] train_acc: 0.578 train_loss_sup: 1.333
[GPU0] epochs: [69/100] train_acc: 0.578 train_loss_sup: 1.332
[GPU0] epochs: [70/100] train_acc: 0.583 train_loss_sup: 1.326
[GPU0] Test Accuracy at epoch: 70: 0.555
[GPU0] epochs: [71/100] train_acc: 0.579 train_loss_sup: 1.333
[GPU0] epochs: [72/100] train_acc: 0.581 train_loss_sup: 1.328
[GPU0] epochs: [73/100] train_acc: 0.580 train_loss_sup: 1.331
[GPU0] epochs: [74/100] train_acc: 0.577 train_loss_sup: 1.330
[GPU0] epochs: [75/100] train_acc: 0.578 train_loss_sup: 1.332
[GPU0] epochs: [76/100] train_acc: 0.582 train_loss_sup: 1.330
[GPU0] epochs: [77/100] train_acc: 0.579 train_loss_sup: 1.330
[GPU0] epochs: [78/100] train_acc: 0.582 train_loss_sup: 1.330
[GPU0] epochs: [79/100] train_acc: 0.583 train_loss_sup: 1.328
[GPU0] epochs: [80/100] train_acc: 0.580 train_loss_sup: 1.326
[GPU0] Test Accuracy at epoch: 80: 0.542
[GPU0] epochs: [81/100] train_acc: 0.578 train_loss_sup: 1.329
[GPU0] epochs: [82/100] train_acc: 0.582 train_loss_sup: 1.329
[GPU0] epochs: [83/100] train_acc: 0.579 train_loss_sup: 1.331
[GPU0] epochs: [84/100] train_acc: 0.580 train_loss_sup: 1.332
[GPU0] epochs: [85/100] train_acc: 0.581 train_loss_sup: 1.332
[GPU0] epochs: [86/100] train_acc: 0.581 train_loss_sup: 1.329
[GPU0] epochs: [87/100] train_acc: 0.578 train_loss_sup: 1.328
[GPU0] epochs: [88/100] train_acc: 0.579 train_loss_sup: 1.330
[GPU0] epochs: [89/100] train_acc: 0.578 train_loss_sup: 1.331
[GPU0] epochs: [90/100] train_acc: 0.577 train_loss_sup: 1.330
[GPU0] Test Accuracy at epoch: 90: 0.562
[GPU0] epochs: [91/100] train_acc: 0.580 train_loss_sup: 1.329
[GPU0] epochs: [92/100] train_acc: 0.580 train_loss_sup: 1.331
[GPU0] epochs: [93/100] train_acc: 0.578 train_loss_sup: 1.331
[GPU0] epochs: [94/100] train_acc: 0.580 train_loss_sup: 1.327
[GPU0] epochs: [95/100] train_acc: 0.580 train_loss_sup: 1.327
[GPU0] epochs: [96/100] train_acc: 0.578 train_loss_sup: 1.330
[GPU0] epochs: [97/100] train_acc: 0.580 train_loss_sup: 1.331
[GPU0] epochs: [98/100] train_acc: 0.579 train_loss_sup: 1.332
[GPU0] epochs: [99/100] train_acc: 0.582 train_loss_sup: 1.329
[GPU0] epochs: [100/100] train_acc: 0.581 train_loss_sup: 1.329
[GPU0] Final Test Accuracy: 0.548
LR: 1.000 | WD: 0.000100 | Cosine: False | test Acc: 0.567%
===> using linear mlp
Scheduler: None
MLP: MLP(
  (mlp): Linear(in_features=512, out_features=10, bias=True)
)
[GPU0] Test Accuracy at epoch: 0: 0.356
[GPU0] epochs: [1/100] train_acc: 0.390 train_loss_sup: 2.003
[GPU0] epochs: [2/100] train_acc: 0.508 train_loss_sup: 1.640
[GPU0] epochs: [3/100] train_acc: 0.529 train_loss_sup: 1.499
[GPU0] epochs: [4/100] train_acc: 0.539 train_loss_sup: 1.428
[GPU0] epochs: [5/100] train_acc: 0.553 train_loss_sup: 1.377
[GPU0] epochs: [6/100] train_acc: 0.557 train_loss_sup: 1.345
[GPU0] epochs: [7/100] train_acc: 0.562 train_loss_sup: 1.322
[GPU0] epochs: [8/100] train_acc: 0.567 train_loss_sup: 1.299
[GPU0] epochs: [9/100] train_acc: 0.572 train_loss_sup: 1.280
[GPU0] epochs: [10/100] train_acc: 0.578 train_loss_sup: 1.267
[GPU0] Test Accuracy at epoch: 10: 0.558
[GPU0] epochs: [11/100] train_acc: 0.581 train_loss_sup: 1.253
[GPU0] epochs: [12/100] train_acc: 0.585 train_loss_sup: 1.242
[GPU0] epochs: [13/100] train_acc: 0.585 train_loss_sup: 1.231
[GPU0] epochs: [14/100] train_acc: 0.589 train_loss_sup: 1.220
[GPU0] epochs: [15/100] train_acc: 0.592 train_loss_sup: 1.217
[GPU0] epochs: [16/100] train_acc: 0.594 train_loss_sup: 1.204
[GPU0] epochs: [17/100] train_acc: 0.594 train_loss_sup: 1.202
[GPU0] epochs: [18/100] train_acc: 0.598 train_loss_sup: 1.195
[GPU0] epochs: [19/100] train_acc: 0.597 train_loss_sup: 1.192
[GPU0] epochs: [20/100] train_acc: 0.600 train_loss_sup: 1.184
[GPU0] Test Accuracy at epoch: 20: 0.611
[GPU0] epochs: [21/100] train_acc: 0.603 train_loss_sup: 1.179
[GPU0] epochs: [22/100] train_acc: 0.601 train_loss_sup: 1.175
[GPU0] epochs: [23/100] train_acc: 0.604 train_loss_sup: 1.172
[GPU0] epochs: [24/100] train_acc: 0.605 train_loss_sup: 1.164
[GPU0] epochs: [25/100] train_acc: 0.609 train_loss_sup: 1.164
[GPU0] epochs: [26/100] train_acc: 0.609 train_loss_sup: 1.157
[GPU0] epochs: [27/100] train_acc: 0.608 train_loss_sup: 1.161
[GPU0] epochs: [28/100] train_acc: 0.609 train_loss_sup: 1.154
[GPU0] epochs: [29/100] train_acc: 0.611 train_loss_sup: 1.152
[GPU0] epochs: [30/100] train_acc: 0.610 train_loss_sup: 1.149
[GPU0] Test Accuracy at epoch: 30: 0.622
[GPU0] epochs: [31/100] train_acc: 0.612 train_loss_sup: 1.144
[GPU0] epochs: [32/100] train_acc: 0.611 train_loss_sup: 1.139
[GPU0] epochs: [33/100] train_acc: 0.615 train_loss_sup: 1.141
[GPU0] epochs: [34/100] train_acc: 0.612 train_loss_sup: 1.143
[GPU0] epochs: [35/100] train_acc: 0.616 train_loss_sup: 1.135
[GPU0] epochs: [36/100] train_acc: 0.617 train_loss_sup: 1.135
[GPU0] epochs: [37/100] train_acc: 0.619 train_loss_sup: 1.129
[GPU0] epochs: [38/100] train_acc: 0.616 train_loss_sup: 1.125
[GPU0] epochs: [39/100] train_acc: 0.619 train_loss_sup: 1.128
[GPU0] epochs: [40/100] train_acc: 0.619 train_loss_sup: 1.126
[GPU0] Test Accuracy at epoch: 40: 0.639
[GPU0] epochs: [41/100] train_acc: 0.618 train_loss_sup: 1.126
[GPU0] epochs: [42/100] train_acc: 0.620 train_loss_sup: 1.122
[GPU0] epochs: [43/100] train_acc: 0.621 train_loss_sup: 1.121
[GPU0] epochs: [44/100] train_acc: 0.619 train_loss_sup: 1.119
[GPU0] epochs: [45/100] train_acc: 0.618 train_loss_sup: 1.115
[GPU0] epochs: [46/100] train_acc: 0.623 train_loss_sup: 1.109
[GPU0] epochs: [47/100] train_acc: 0.624 train_loss_sup: 1.113
[GPU0] epochs: [48/100] train_acc: 0.621 train_loss_sup: 1.115
[GPU0] epochs: [49/100] train_acc: 0.622 train_loss_sup: 1.109
[GPU0] epochs: [50/100] train_acc: 0.622 train_loss_sup: 1.107
[GPU0] Test Accuracy at epoch: 50: 0.651
[GPU0] epochs: [51/100] train_acc: 0.624 train_loss_sup: 1.112
[GPU0] epochs: [52/100] train_acc: 0.621 train_loss_sup: 1.107
[GPU0] epochs: [53/100] train_acc: 0.624 train_loss_sup: 1.104
[GPU0] epochs: [54/100] train_acc: 0.624 train_loss_sup: 1.104
[GPU0] epochs: [55/100] train_acc: 0.623 train_loss_sup: 1.105
[GPU0] epochs: [56/100] train_acc: 0.627 train_loss_sup: 1.103
[GPU0] epochs: [57/100] train_acc: 0.623 train_loss_sup: 1.103
[GPU0] epochs: [58/100] train_acc: 0.624 train_loss_sup: 1.098
[GPU0] epochs: [59/100] train_acc: 0.629 train_loss_sup: 1.097
[GPU0] epochs: [60/100] train_acc: 0.626 train_loss_sup: 1.098
[GPU0] Test Accuracy at epoch: 60: 0.648
[GPU0] epochs: [61/100] train_acc: 0.627 train_loss_sup: 1.096
[GPU0] epochs: [62/100] train_acc: 0.627 train_loss_sup: 1.093
[GPU0] epochs: [63/100] train_acc: 0.629 train_loss_sup: 1.093
[GPU0] epochs: [64/100] train_acc: 0.630 train_loss_sup: 1.096
[GPU0] epochs: [65/100] train_acc: 0.629 train_loss_sup: 1.091
[GPU0] epochs: [66/100] train_acc: 0.628 train_loss_sup: 1.094
[GPU0] epochs: [67/100] train_acc: 0.631 train_loss_sup: 1.088
[GPU0] epochs: [68/100] train_acc: 0.633 train_loss_sup: 1.084
[GPU0] epochs: [69/100] train_acc: 0.629 train_loss_sup: 1.089
[GPU0] epochs: [70/100] train_acc: 0.631 train_loss_sup: 1.088
[GPU0] Test Accuracy at epoch: 70: 0.655
[GPU0] epochs: [71/100] train_acc: 0.631 train_loss_sup: 1.086
[GPU0] epochs: [72/100] train_acc: 0.630 train_loss_sup: 1.085
[GPU0] epochs: [73/100] train_acc: 0.629 train_loss_sup: 1.089
[GPU0] epochs: [74/100] train_acc: 0.629 train_loss_sup: 1.092
[GPU0] epochs: [75/100] train_acc: 0.630 train_loss_sup: 1.086
[GPU0] epochs: [76/100] train_acc: 0.634 train_loss_sup: 1.079
[GPU0] epochs: [77/100] train_acc: 0.632 train_loss_sup: 1.079
[GPU0] epochs: [78/100] train_acc: 0.631 train_loss_sup: 1.083
[GPU0] epochs: [79/100] train_acc: 0.631 train_loss_sup: 1.084
[GPU0] epochs: [80/100] train_acc: 0.631 train_loss_sup: 1.086
[GPU0] Test Accuracy at epoch: 80: 0.655
[GPU0] epochs: [81/100] train_acc: 0.631 train_loss_sup: 1.082
[GPU0] epochs: [82/100] train_acc: 0.631 train_loss_sup: 1.082
[GPU0] epochs: [83/100] train_acc: 0.634 train_loss_sup: 1.074
[GPU0] epochs: [84/100] train_acc: 0.634 train_loss_sup: 1.075
[GPU0] epochs: [85/100] train_acc: 0.636 train_loss_sup: 1.078
[GPU0] epochs: [86/100] train_acc: 0.634 train_loss_sup: 1.078
[GPU0] epochs: [87/100] train_acc: 0.635 train_loss_sup: 1.074
[GPU0] epochs: [88/100] train_acc: 0.633 train_loss_sup: 1.076
[GPU0] epochs: [89/100] train_acc: 0.636 train_loss_sup: 1.078
[GPU0] epochs: [90/100] train_acc: 0.633 train_loss_sup: 1.074
[GPU0] Test Accuracy at epoch: 90: 0.663
[GPU0] epochs: [91/100] train_acc: 0.633 train_loss_sup: 1.077
[GPU0] epochs: [92/100] train_acc: 0.639 train_loss_sup: 1.070
[GPU0] epochs: [93/100] train_acc: 0.637 train_loss_sup: 1.069
[GPU0] epochs: [94/100] train_acc: 0.635 train_loss_sup: 1.069
[GPU0] epochs: [95/100] train_acc: 0.637 train_loss_sup: 1.067
[GPU0] epochs: [96/100] train_acc: 0.636 train_loss_sup: 1.073
[GPU0] epochs: [97/100] train_acc: 0.636 train_loss_sup: 1.066
[GPU0] epochs: [98/100] train_acc: 0.635 train_loss_sup: 1.067
[GPU0] epochs: [99/100] train_acc: 0.638 train_loss_sup: 1.067
[GPU0] epochs: [100/100] train_acc: 0.637 train_loss_sup: 1.072
[GPU0] Final Test Accuracy: 0.666
LR: 1.000 | WD: 0.000000 | Cosine: False | test Acc: 0.666%
===> using linear mlp
Scheduler: <torch.optim.lr_scheduler.CosineAnnealingLR object at 0x7064d27caad0>
MLP: MLP(
  (mlp): Linear(in_features=512, out_features=10, bias=True)
)
[GPU0] Test Accuracy at epoch: 0: 0.243
[GPU0] epochs: [1/100] train_acc: 0.318 train_loss_sup: 2.261
[GPU0] epochs: [2/100] train_acc: 0.434 train_loss_sup: 2.169
[GPU0] epochs: [3/100] train_acc: 0.461 train_loss_sup: 2.089
[GPU0] epochs: [4/100] train_acc: 0.480 train_loss_sup: 2.021
[GPU0] epochs: [5/100] train_acc: 0.481 train_loss_sup: 1.960
[GPU0] epochs: [6/100] train_acc: 0.485 train_loss_sup: 1.908
[GPU0] epochs: [7/100] train_acc: 0.490 train_loss_sup: 1.862
[GPU0] epochs: [8/100] train_acc: 0.500 train_loss_sup: 1.821
[GPU0] epochs: [9/100] train_acc: 0.503 train_loss_sup: 1.786
[GPU0] epochs: [10/100] train_acc: 0.504 train_loss_sup: 1.752
[GPU0] Test Accuracy at epoch: 10: 0.377
[GPU0] epochs: [11/100] train_acc: 0.513 train_loss_sup: 1.724
[GPU0] epochs: [12/100] train_acc: 0.510 train_loss_sup: 1.699
[GPU0] epochs: [13/100] train_acc: 0.514 train_loss_sup: 1.675
[GPU0] epochs: [14/100] train_acc: 0.513 train_loss_sup: 1.655
[GPU0] epochs: [15/100] train_acc: 0.521 train_loss_sup: 1.634
[GPU0] epochs: [16/100] train_acc: 0.520 train_loss_sup: 1.617
[GPU0] epochs: [17/100] train_acc: 0.519 train_loss_sup: 1.603
[GPU0] epochs: [18/100] train_acc: 0.522 train_loss_sup: 1.588
[GPU0] epochs: [19/100] train_acc: 0.526 train_loss_sup: 1.574
[GPU0] epochs: [20/100] train_acc: 0.527 train_loss_sup: 1.562
[GPU0] Test Accuracy at epoch: 20: 0.422
[GPU0] epochs: [21/100] train_acc: 0.525 train_loss_sup: 1.550
[GPU0] epochs: [22/100] train_acc: 0.531 train_loss_sup: 1.539
[GPU0] epochs: [23/100] train_acc: 0.533 train_loss_sup: 1.525
[GPU0] epochs: [24/100] train_acc: 0.532 train_loss_sup: 1.518
[GPU0] epochs: [25/100] train_acc: 0.533 train_loss_sup: 1.509
[GPU0] epochs: [26/100] train_acc: 0.533 train_loss_sup: 1.502
[GPU0] epochs: [27/100] train_acc: 0.539 train_loss_sup: 1.491
[GPU0] epochs: [28/100] train_acc: 0.537 train_loss_sup: 1.485
[GPU0] epochs: [29/100] train_acc: 0.538 train_loss_sup: 1.479
[GPU0] epochs: [30/100] train_acc: 0.540 train_loss_sup: 1.472
[GPU0] Test Accuracy at epoch: 30: 0.451
[GPU0] epochs: [31/100] train_acc: 0.542 train_loss_sup: 1.465
[GPU0] epochs: [32/100] train_acc: 0.541 train_loss_sup: 1.459
[GPU0] epochs: [33/100] train_acc: 0.544 train_loss_sup: 1.453
[GPU0] epochs: [34/100] train_acc: 0.543 train_loss_sup: 1.448
[GPU0] epochs: [35/100] train_acc: 0.543 train_loss_sup: 1.443
[GPU0] epochs: [36/100] train_acc: 0.543 train_loss_sup: 1.438
[GPU0] epochs: [37/100] train_acc: 0.546 train_loss_sup: 1.434
[GPU0] epochs: [38/100] train_acc: 0.544 train_loss_sup: 1.431
[GPU0] epochs: [39/100] train_acc: 0.543 train_loss_sup: 1.428
[GPU0] epochs: [40/100] train_acc: 0.547 train_loss_sup: 1.422
[GPU0] Test Accuracy at epoch: 40: 0.475
[GPU0] epochs: [41/100] train_acc: 0.548 train_loss_sup: 1.417
[GPU0] epochs: [42/100] train_acc: 0.548 train_loss_sup: 1.414
[GPU0] epochs: [43/100] train_acc: 0.549 train_loss_sup: 1.410
[GPU0] epochs: [44/100] train_acc: 0.548 train_loss_sup: 1.410
[GPU0] epochs: [45/100] train_acc: 0.548 train_loss_sup: 1.402
[GPU0] epochs: [46/100] train_acc: 0.549 train_loss_sup: 1.401
[GPU0] epochs: [47/100] train_acc: 0.551 train_loss_sup: 1.400
[GPU0] epochs: [48/100] train_acc: 0.551 train_loss_sup: 1.395
[GPU0] epochs: [49/100] train_acc: 0.551 train_loss_sup: 1.394
[GPU0] epochs: [50/100] train_acc: 0.551 train_loss_sup: 1.391
[GPU0] Test Accuracy at epoch: 50: 0.485
[GPU0] epochs: [51/100] train_acc: 0.554 train_loss_sup: 1.390
[GPU0] epochs: [52/100] train_acc: 0.553 train_loss_sup: 1.387
[GPU0] epochs: [53/100] train_acc: 0.553 train_loss_sup: 1.384
[GPU0] epochs: [54/100] train_acc: 0.552 train_loss_sup: 1.384
[GPU0] epochs: [55/100] train_acc: 0.555 train_loss_sup: 1.380
[GPU0] epochs: [56/100] train_acc: 0.554 train_loss_sup: 1.380
[GPU0] epochs: [57/100] train_acc: 0.553 train_loss_sup: 1.381
[GPU0] epochs: [58/100] train_acc: 0.557 train_loss_sup: 1.374
[GPU0] epochs: [59/100] train_acc: 0.550 train_loss_sup: 1.377
[GPU0] epochs: [60/100] train_acc: 0.554 train_loss_sup: 1.375
[GPU0] Test Accuracy at epoch: 60: 0.498
[GPU0] epochs: [61/100] train_acc: 0.557 train_loss_sup: 1.372
[GPU0] epochs: [62/100] train_acc: 0.555 train_loss_sup: 1.373
[GPU0] epochs: [63/100] train_acc: 0.557 train_loss_sup: 1.370
[GPU0] epochs: [64/100] train_acc: 0.559 train_loss_sup: 1.369
[GPU0] epochs: [65/100] train_acc: 0.555 train_loss_sup: 1.368
[GPU0] epochs: [66/100] train_acc: 0.557 train_loss_sup: 1.366
[GPU0] epochs: [67/100] train_acc: 0.555 train_loss_sup: 1.366
[GPU0] epochs: [68/100] train_acc: 0.558 train_loss_sup: 1.362
[GPU0] epochs: [69/100] train_acc: 0.555 train_loss_sup: 1.364
[GPU0] epochs: [70/100] train_acc: 0.558 train_loss_sup: 1.364
[GPU0] Test Accuracy at epoch: 70: 0.501
[GPU0] epochs: [71/100] train_acc: 0.558 train_loss_sup: 1.364
[GPU0] epochs: [72/100] train_acc: 0.561 train_loss_sup: 1.359
[GPU0] epochs: [73/100] train_acc: 0.558 train_loss_sup: 1.359
[GPU0] epochs: [74/100] train_acc: 0.559 train_loss_sup: 1.359
[GPU0] epochs: [75/100] train_acc: 0.558 train_loss_sup: 1.359
[GPU0] epochs: [76/100] train_acc: 0.556 train_loss_sup: 1.362
[GPU0] epochs: [77/100] train_acc: 0.557 train_loss_sup: 1.362
[GPU0] epochs: [78/100] train_acc: 0.558 train_loss_sup: 1.359
[GPU0] epochs: [79/100] train_acc: 0.559 train_loss_sup: 1.358
[GPU0] epochs: [80/100] train_acc: 0.557 train_loss_sup: 1.360
[GPU0] Test Accuracy at epoch: 80: 0.503
[GPU0] epochs: [81/100] train_acc: 0.559 train_loss_sup: 1.354
[GPU0] epochs: [82/100] train_acc: 0.560 train_loss_sup: 1.356
[GPU0] epochs: [83/100] train_acc: 0.556 train_loss_sup: 1.358
[GPU0] epochs: [84/100] train_acc: 0.559 train_loss_sup: 1.355
[GPU0] epochs: [85/100] train_acc: 0.558 train_loss_sup: 1.356
[GPU0] epochs: [86/100] train_acc: 0.561 train_loss_sup: 1.355
[GPU0] epochs: [87/100] train_acc: 0.560 train_loss_sup: 1.355
[GPU0] epochs: [88/100] train_acc: 0.559 train_loss_sup: 1.355
[GPU0] epochs: [89/100] train_acc: 0.559 train_loss_sup: 1.353
[GPU0] epochs: [90/100] train_acc: 0.559 train_loss_sup: 1.356
[GPU0] Test Accuracy at epoch: 90: 0.504
[GPU0] epochs: [91/100] train_acc: 0.558 train_loss_sup: 1.354
[GPU0] epochs: [92/100] train_acc: 0.559 train_loss_sup: 1.356
[GPU0] epochs: [93/100] train_acc: 0.558 train_loss_sup: 1.354
[GPU0] epochs: [94/100] train_acc: 0.557 train_loss_sup: 1.356
[GPU0] epochs: [95/100] train_acc: 0.560 train_loss_sup: 1.356
[GPU0] epochs: [96/100] train_acc: 0.559 train_loss_sup: 1.353
[GPU0] epochs: [97/100] train_acc: 0.558 train_loss_sup: 1.354
[GPU0] epochs: [98/100] train_acc: 0.558 train_loss_sup: 1.355
[GPU0] epochs: [99/100] train_acc: 0.560 train_loss_sup: 1.352
[GPU0] epochs: [100/100] train_acc: 0.559 train_loss_sup: 1.353
[GPU0] Final Test Accuracy: 0.504
LR: 0.100 | WD: 0.000001 | Cosine: True | test Acc: 0.504%
===> using linear mlp
Scheduler: <torch.optim.lr_scheduler.CosineAnnealingLR object at 0x70661bbad3c0>
MLP: MLP(
  (mlp): Linear(in_features=512, out_features=10, bias=True)
)
[GPU0] Test Accuracy at epoch: 0: 0.24
[GPU0] epochs: [1/100] train_acc: 0.297 train_loss_sup: 2.262
[GPU0] epochs: [2/100] train_acc: 0.435 train_loss_sup: 2.171
[GPU0] epochs: [3/100] train_acc: 0.460 train_loss_sup: 2.093
[GPU0] epochs: [4/100] train_acc: 0.474 train_loss_sup: 2.025
[GPU0] epochs: [5/100] train_acc: 0.483 train_loss_sup: 1.966
[GPU0] epochs: [6/100] train_acc: 0.484 train_loss_sup: 1.915
[GPU0] epochs: [7/100] train_acc: 0.494 train_loss_sup: 1.872
[GPU0] epochs: [8/100] train_acc: 0.494 train_loss_sup: 1.833
[GPU0] epochs: [9/100] train_acc: 0.503 train_loss_sup: 1.798
[GPU0] epochs: [10/100] train_acc: 0.501 train_loss_sup: 1.769
[GPU0] Test Accuracy at epoch: 10: 0.382
[GPU0] epochs: [11/100] train_acc: 0.510 train_loss_sup: 1.742
[GPU0] epochs: [12/100] train_acc: 0.512 train_loss_sup: 1.718
[GPU0] epochs: [13/100] train_acc: 0.511 train_loss_sup: 1.698
[GPU0] epochs: [14/100] train_acc: 0.516 train_loss_sup: 1.676
[GPU0] epochs: [15/100] train_acc: 0.516 train_loss_sup: 1.660
[GPU0] epochs: [16/100] train_acc: 0.521 train_loss_sup: 1.643
[GPU0] epochs: [17/100] train_acc: 0.520 train_loss_sup: 1.628
[GPU0] epochs: [18/100] train_acc: 0.524 train_loss_sup: 1.615
[GPU0] epochs: [19/100] train_acc: 0.524 train_loss_sup: 1.602
[GPU0] epochs: [20/100] train_acc: 0.526 train_loss_sup: 1.592
[GPU0] Test Accuracy at epoch: 20: 0.429
[GPU0] epochs: [21/100] train_acc: 0.528 train_loss_sup: 1.580
[GPU0] epochs: [22/100] train_acc: 0.528 train_loss_sup: 1.571
[GPU0] epochs: [23/100] train_acc: 0.530 train_loss_sup: 1.562
[GPU0] epochs: [24/100] train_acc: 0.535 train_loss_sup: 1.553
[GPU0] epochs: [25/100] train_acc: 0.531 train_loss_sup: 1.547
[GPU0] epochs: [26/100] train_acc: 0.535 train_loss_sup: 1.536
[GPU0] epochs: [27/100] train_acc: 0.531 train_loss_sup: 1.533
[GPU0] epochs: [28/100] train_acc: 0.535 train_loss_sup: 1.527
[GPU0] epochs: [29/100] train_acc: 0.536 train_loss_sup: 1.516
[GPU0] epochs: [30/100] train_acc: 0.539 train_loss_sup: 1.515
[GPU0] Test Accuracy at epoch: 30: 0.445
[GPU0] epochs: [31/100] train_acc: 0.536 train_loss_sup: 1.508
[GPU0] epochs: [32/100] train_acc: 0.538 train_loss_sup: 1.506
[GPU0] epochs: [33/100] train_acc: 0.539 train_loss_sup: 1.500
[GPU0] epochs: [34/100] train_acc: 0.542 train_loss_sup: 1.492
[GPU0] epochs: [35/100] train_acc: 0.539 train_loss_sup: 1.491
[GPU0] epochs: [36/100] train_acc: 0.541 train_loss_sup: 1.484
[GPU0] epochs: [37/100] train_acc: 0.543 train_loss_sup: 1.483
[GPU0] epochs: [38/100] train_acc: 0.540 train_loss_sup: 1.483
[GPU0] epochs: [39/100] train_acc: 0.542 train_loss_sup: 1.478
[GPU0] epochs: [40/100] train_acc: 0.541 train_loss_sup: 1.475
[GPU0] Test Accuracy at epoch: 40: 0.468
[GPU0] epochs: [41/100] train_acc: 0.544 train_loss_sup: 1.468
[GPU0] epochs: [42/100] train_acc: 0.545 train_loss_sup: 1.466
[GPU0] epochs: [43/100] train_acc: 0.546 train_loss_sup: 1.464
[GPU0] epochs: [44/100] train_acc: 0.544 train_loss_sup: 1.461
[GPU0] epochs: [45/100] train_acc: 0.545 train_loss_sup: 1.461
[GPU0] epochs: [46/100] train_acc: 0.548 train_loss_sup: 1.455
[GPU0] epochs: [47/100] train_acc: 0.545 train_loss_sup: 1.454
[GPU0] epochs: [48/100] train_acc: 0.548 train_loss_sup: 1.449
[GPU0] epochs: [49/100] train_acc: 0.547 train_loss_sup: 1.453
[GPU0] epochs: [50/100] train_acc: 0.547 train_loss_sup: 1.452
[GPU0] Test Accuracy at epoch: 50: 0.479
[GPU0] epochs: [51/100] train_acc: 0.550 train_loss_sup: 1.445
[GPU0] epochs: [52/100] train_acc: 0.547 train_loss_sup: 1.450
[GPU0] epochs: [53/100] train_acc: 0.552 train_loss_sup: 1.444
[GPU0] epochs: [54/100] train_acc: 0.550 train_loss_sup: 1.440
[GPU0] epochs: [55/100] train_acc: 0.550 train_loss_sup: 1.440
[GPU0] epochs: [56/100] train_acc: 0.550 train_loss_sup: 1.439
[GPU0] epochs: [57/100] train_acc: 0.549 train_loss_sup: 1.440
[GPU0] epochs: [58/100] train_acc: 0.553 train_loss_sup: 1.435
[GPU0] epochs: [59/100] train_acc: 0.554 train_loss_sup: 1.435
[GPU0] epochs: [60/100] train_acc: 0.551 train_loss_sup: 1.433
[GPU0] Test Accuracy at epoch: 60: 0.485
[GPU0] epochs: [61/100] train_acc: 0.554 train_loss_sup: 1.431
[GPU0] epochs: [62/100] train_acc: 0.550 train_loss_sup: 1.433
[GPU0] epochs: [63/100] train_acc: 0.553 train_loss_sup: 1.432
[GPU0] epochs: [64/100] train_acc: 0.553 train_loss_sup: 1.430
[GPU0] epochs: [65/100] train_acc: 0.552 train_loss_sup: 1.428
[GPU0] epochs: [66/100] train_acc: 0.554 train_loss_sup: 1.426
[GPU0] epochs: [67/100] train_acc: 0.553 train_loss_sup: 1.429
[GPU0] epochs: [68/100] train_acc: 0.553 train_loss_sup: 1.428
[GPU0] epochs: [69/100] train_acc: 0.554 train_loss_sup: 1.423
[GPU0] epochs: [70/100] train_acc: 0.552 train_loss_sup: 1.427
[GPU0] Test Accuracy at epoch: 70: 0.488
[GPU0] epochs: [71/100] train_acc: 0.553 train_loss_sup: 1.426
[GPU0] epochs: [72/100] train_acc: 0.555 train_loss_sup: 1.423
[GPU0] epochs: [73/100] train_acc: 0.553 train_loss_sup: 1.427
[GPU0] epochs: [74/100] train_acc: 0.553 train_loss_sup: 1.427
[GPU0] epochs: [75/100] train_acc: 0.553 train_loss_sup: 1.422
[GPU0] epochs: [76/100] train_acc: 0.553 train_loss_sup: 1.423
[GPU0] epochs: [77/100] train_acc: 0.554 train_loss_sup: 1.421
[GPU0] epochs: [78/100] train_acc: 0.553 train_loss_sup: 1.422
[GPU0] epochs: [79/100] train_acc: 0.559 train_loss_sup: 1.418
[GPU0] epochs: [80/100] train_acc: 0.556 train_loss_sup: 1.421
[GPU0] Test Accuracy at epoch: 80: 0.491
[GPU0] epochs: [81/100] train_acc: 0.554 train_loss_sup: 1.422
[GPU0] epochs: [82/100] train_acc: 0.557 train_loss_sup: 1.420
[GPU0] epochs: [83/100] train_acc: 0.552 train_loss_sup: 1.424
[GPU0] epochs: [84/100] train_acc: 0.554 train_loss_sup: 1.421
[GPU0] epochs: [85/100] train_acc: 0.556 train_loss_sup: 1.418
[GPU0] epochs: [86/100] train_acc: 0.555 train_loss_sup: 1.419
[GPU0] epochs: [87/100] train_acc: 0.556 train_loss_sup: 1.423
[GPU0] epochs: [88/100] train_acc: 0.558 train_loss_sup: 1.419
[GPU0] epochs: [89/100] train_acc: 0.553 train_loss_sup: 1.422
[GPU0] epochs: [90/100] train_acc: 0.555 train_loss_sup: 1.420
[GPU0] Test Accuracy at epoch: 90: 0.492
[GPU0] epochs: [91/100] train_acc: 0.554 train_loss_sup: 1.420
[GPU0] epochs: [92/100] train_acc: 0.555 train_loss_sup: 1.418
[GPU0] epochs: [93/100] train_acc: 0.555 train_loss_sup: 1.419
[GPU0] epochs: [94/100] train_acc: 0.555 train_loss_sup: 1.421
[GPU0] epochs: [95/100] train_acc: 0.557 train_loss_sup: 1.420
[GPU0] epochs: [96/100] train_acc: 0.555 train_loss_sup: 1.422
[GPU0] epochs: [97/100] train_acc: 0.554 train_loss_sup: 1.419
[GPU0] epochs: [98/100] train_acc: 0.556 train_loss_sup: 1.420
[GPU0] epochs: [99/100] train_acc: 0.555 train_loss_sup: 1.418
[GPU0] epochs: [100/100] train_acc: 0.556 train_loss_sup: 1.418
[GPU0] Final Test Accuracy: 0.492
LR: 0.100 | WD: 0.000100 | Cosine: True | test Acc: 0.492%
===> using linear mlp
Scheduler: <torch.optim.lr_scheduler.CosineAnnealingLR object at 0x70661bbad390>
MLP: MLP(
  (mlp): Linear(in_features=512, out_features=10, bias=True)
)
[GPU0] Test Accuracy at epoch: 0: 0.295
[GPU0] epochs: [1/100] train_acc: 0.307 train_loss_sup: 2.261
[GPU0] epochs: [2/100] train_acc: 0.428 train_loss_sup: 2.170
[GPU0] epochs: [3/100] train_acc: 0.470 train_loss_sup: 2.089
[GPU0] epochs: [4/100] train_acc: 0.472 train_loss_sup: 2.019
[GPU0] epochs: [5/100] train_acc: 0.482 train_loss_sup: 1.960
[GPU0] epochs: [6/100] train_acc: 0.488 train_loss_sup: 1.907
[GPU0] epochs: [7/100] train_acc: 0.490 train_loss_sup: 1.863
[GPU0] epochs: [8/100] train_acc: 0.498 train_loss_sup: 1.819
[GPU0] epochs: [9/100] train_acc: 0.503 train_loss_sup: 1.785
[GPU0] epochs: [10/100] train_acc: 0.505 train_loss_sup: 1.752
[GPU0] Test Accuracy at epoch: 10: 0.384
[GPU0] epochs: [11/100] train_acc: 0.510 train_loss_sup: 1.724
[GPU0] epochs: [12/100] train_acc: 0.515 train_loss_sup: 1.697
[GPU0] epochs: [13/100] train_acc: 0.515 train_loss_sup: 1.675
[GPU0] epochs: [14/100] train_acc: 0.519 train_loss_sup: 1.656
[GPU0] epochs: [15/100] train_acc: 0.519 train_loss_sup: 1.634
[GPU0] epochs: [16/100] train_acc: 0.520 train_loss_sup: 1.616
[GPU0] epochs: [17/100] train_acc: 0.522 train_loss_sup: 1.599
[GPU0] epochs: [18/100] train_acc: 0.523 train_loss_sup: 1.589
[GPU0] epochs: [19/100] train_acc: 0.524 train_loss_sup: 1.571
[GPU0] epochs: [20/100] train_acc: 0.528 train_loss_sup: 1.561
[GPU0] Test Accuracy at epoch: 20: 0.426
[GPU0] epochs: [21/100] train_acc: 0.529 train_loss_sup: 1.547
[GPU0] epochs: [22/100] train_acc: 0.531 train_loss_sup: 1.537
[GPU0] epochs: [23/100] train_acc: 0.530 train_loss_sup: 1.528
[GPU0] epochs: [24/100] train_acc: 0.529 train_loss_sup: 1.517
[GPU0] epochs: [25/100] train_acc: 0.532 train_loss_sup: 1.509
[GPU0] epochs: [26/100] train_acc: 0.534 train_loss_sup: 1.501
[GPU0] epochs: [27/100] train_acc: 0.535 train_loss_sup: 1.491
[GPU0] epochs: [28/100] train_acc: 0.535 train_loss_sup: 1.484
[GPU0] epochs: [29/100] train_acc: 0.539 train_loss_sup: 1.478
[GPU0] epochs: [30/100] train_acc: 0.542 train_loss_sup: 1.470
[GPU0] Test Accuracy at epoch: 30: 0.454
[GPU0] epochs: [31/100] train_acc: 0.539 train_loss_sup: 1.464
[GPU0] epochs: [32/100] train_acc: 0.544 train_loss_sup: 1.459
[GPU0] epochs: [33/100] train_acc: 0.541 train_loss_sup: 1.455
[GPU0] epochs: [34/100] train_acc: 0.547 train_loss_sup: 1.445
[GPU0] epochs: [35/100] train_acc: 0.541 train_loss_sup: 1.442
[GPU0] epochs: [36/100] train_acc: 0.544 train_loss_sup: 1.437
[GPU0] epochs: [37/100] train_acc: 0.546 train_loss_sup: 1.433
[GPU0] epochs: [38/100] train_acc: 0.545 train_loss_sup: 1.428
[GPU0] epochs: [39/100] train_acc: 0.547 train_loss_sup: 1.425
[GPU0] epochs: [40/100] train_acc: 0.549 train_loss_sup: 1.419
[GPU0] Test Accuracy at epoch: 40: 0.471
[GPU0] epochs: [41/100] train_acc: 0.546 train_loss_sup: 1.418
[GPU0] epochs: [42/100] train_acc: 0.547 train_loss_sup: 1.416
[GPU0] epochs: [43/100] train_acc: 0.547 train_loss_sup: 1.411
[GPU0] epochs: [44/100] train_acc: 0.549 train_loss_sup: 1.406
[GPU0] epochs: [45/100] train_acc: 0.550 train_loss_sup: 1.404
[GPU0] epochs: [46/100] train_acc: 0.551 train_loss_sup: 1.400
[GPU0] epochs: [47/100] train_acc: 0.549 train_loss_sup: 1.398
[GPU0] epochs: [48/100] train_acc: 0.553 train_loss_sup: 1.394
[GPU0] epochs: [49/100] train_acc: 0.552 train_loss_sup: 1.394
[GPU0] epochs: [50/100] train_acc: 0.553 train_loss_sup: 1.390
[GPU0] Test Accuracy at epoch: 50: 0.489
[GPU0] epochs: [51/100] train_acc: 0.553 train_loss_sup: 1.387
[GPU0] epochs: [52/100] train_acc: 0.555 train_loss_sup: 1.386
[GPU0] epochs: [53/100] train_acc: 0.552 train_loss_sup: 1.386
[GPU0] epochs: [54/100] train_acc: 0.555 train_loss_sup: 1.381
[GPU0] epochs: [55/100] train_acc: 0.552 train_loss_sup: 1.380
[GPU0] epochs: [56/100] train_acc: 0.556 train_loss_sup: 1.378
[GPU0] epochs: [57/100] train_acc: 0.556 train_loss_sup: 1.374
[GPU0] epochs: [58/100] train_acc: 0.556 train_loss_sup: 1.376
[GPU0] epochs: [59/100] train_acc: 0.557 train_loss_sup: 1.374
[GPU0] epochs: [60/100] train_acc: 0.554 train_loss_sup: 1.372
[GPU0] Test Accuracy at epoch: 60: 0.495
[GPU0] epochs: [61/100] train_acc: 0.553 train_loss_sup: 1.375
[GPU0] epochs: [62/100] train_acc: 0.553 train_loss_sup: 1.372
[GPU0] epochs: [63/100] train_acc: 0.556 train_loss_sup: 1.370
[GPU0] epochs: [64/100] train_acc: 0.559 train_loss_sup: 1.368
[GPU0] epochs: [65/100] train_acc: 0.557 train_loss_sup: 1.368
[GPU0] epochs: [66/100] train_acc: 0.558 train_loss_sup: 1.365
[GPU0] epochs: [67/100] train_acc: 0.554 train_loss_sup: 1.367
[GPU0] epochs: [68/100] train_acc: 0.557 train_loss_sup: 1.364
[GPU0] epochs: [69/100] train_acc: 0.560 train_loss_sup: 1.361
[GPU0] epochs: [70/100] train_acc: 0.555 train_loss_sup: 1.363
[GPU0] Test Accuracy at epoch: 70: 0.502
[GPU0] epochs: [71/100] train_acc: 0.555 train_loss_sup: 1.364
[GPU0] epochs: [72/100] train_acc: 0.561 train_loss_sup: 1.360
[GPU0] epochs: [73/100] train_acc: 0.557 train_loss_sup: 1.361
[GPU0] epochs: [74/100] train_acc: 0.559 train_loss_sup: 1.360
[GPU0] epochs: [75/100] train_acc: 0.557 train_loss_sup: 1.358
[GPU0] epochs: [76/100] train_acc: 0.559 train_loss_sup: 1.358
[GPU0] epochs: [77/100] train_acc: 0.559 train_loss_sup: 1.357
[GPU0] epochs: [78/100] train_acc: 0.560 train_loss_sup: 1.356
[GPU0] epochs: [79/100] train_acc: 0.557 train_loss_sup: 1.361
[GPU0] epochs: [80/100] train_acc: 0.560 train_loss_sup: 1.357
[GPU0] Test Accuracy at epoch: 80: 0.502
[GPU0] epochs: [81/100] train_acc: 0.559 train_loss_sup: 1.353
[GPU0] epochs: [82/100] train_acc: 0.560 train_loss_sup: 1.356
[GPU0] epochs: [83/100] train_acc: 0.563 train_loss_sup: 1.349
[GPU0] epochs: [84/100] train_acc: 0.561 train_loss_sup: 1.353
[GPU0] epochs: [85/100] train_acc: 0.559 train_loss_sup: 1.356
[GPU0] epochs: [86/100] train_acc: 0.558 train_loss_sup: 1.354
[GPU0] epochs: [87/100] train_acc: 0.561 train_loss_sup: 1.354
[GPU0] epochs: [88/100] train_acc: 0.558 train_loss_sup: 1.356
[GPU0] epochs: [89/100] train_acc: 0.559 train_loss_sup: 1.353
[GPU0] epochs: [90/100] train_acc: 0.561 train_loss_sup: 1.351
[GPU0] Test Accuracy at epoch: 90: 0.504
[GPU0] epochs: [91/100] train_acc: 0.560 train_loss_sup: 1.355
[GPU0] epochs: [92/100] train_acc: 0.559 train_loss_sup: 1.353
[GPU0] epochs: [93/100] train_acc: 0.559 train_loss_sup: 1.355
[GPU0] epochs: [94/100] train_acc: 0.562 train_loss_sup: 1.352
[GPU0] epochs: [95/100] train_acc: 0.559 train_loss_sup: 1.357
[GPU0] epochs: [96/100] train_acc: 0.559 train_loss_sup: 1.353
[GPU0] epochs: [97/100] train_acc: 0.560 train_loss_sup: 1.352
[GPU0] epochs: [98/100] train_acc: 0.559 train_loss_sup: 1.352
[GPU0] epochs: [99/100] train_acc: 0.558 train_loss_sup: 1.355
[GPU0] epochs: [100/100] train_acc: 0.556 train_loss_sup: 1.356
[GPU0] Final Test Accuracy: 0.505
LR: 0.100 | WD: 0.000000 | Cosine: True | test Acc: 0.505%
===> using linear mlp
Scheduler: <torch.optim.lr_scheduler.CosineAnnealingLR object at 0x7064e09f4460>
MLP: MLP(
  (mlp): Linear(in_features=512, out_features=10, bias=True)
)
[GPU0] Test Accuracy at epoch: 0: 0.309
[GPU0] epochs: [1/100] train_acc: 0.392 train_loss_sup: 2.001
[GPU0] epochs: [2/100] train_acc: 0.503 train_loss_sup: 1.637
[GPU0] epochs: [3/100] train_acc: 0.531 train_loss_sup: 1.497
[GPU0] epochs: [4/100] train_acc: 0.538 train_loss_sup: 1.428
[GPU0] epochs: [5/100] train_acc: 0.550 train_loss_sup: 1.379
[GPU0] epochs: [6/100] train_acc: 0.556 train_loss_sup: 1.348
[GPU0] epochs: [7/100] train_acc: 0.563 train_loss_sup: 1.320
[GPU0] epochs: [8/100] train_acc: 0.571 train_loss_sup: 1.293
[GPU0] epochs: [9/100] train_acc: 0.574 train_loss_sup: 1.278
[GPU0] epochs: [10/100] train_acc: 0.576 train_loss_sup: 1.267
[GPU0] Test Accuracy at epoch: 10: 0.567
[GPU0] epochs: [11/100] train_acc: 0.583 train_loss_sup: 1.251
[GPU0] epochs: [12/100] train_acc: 0.584 train_loss_sup: 1.241
[GPU0] epochs: [13/100] train_acc: 0.589 train_loss_sup: 1.229
[GPU0] epochs: [14/100] train_acc: 0.589 train_loss_sup: 1.223
[GPU0] epochs: [15/100] train_acc: 0.593 train_loss_sup: 1.214
[GPU0] epochs: [16/100] train_acc: 0.592 train_loss_sup: 1.211
[GPU0] epochs: [17/100] train_acc: 0.594 train_loss_sup: 1.206
[GPU0] epochs: [18/100] train_acc: 0.597 train_loss_sup: 1.198
[GPU0] epochs: [19/100] train_acc: 0.597 train_loss_sup: 1.194
[GPU0] epochs: [20/100] train_acc: 0.600 train_loss_sup: 1.188
[GPU0] Test Accuracy at epoch: 20: 0.597
[GPU0] epochs: [21/100] train_acc: 0.602 train_loss_sup: 1.183
[GPU0] epochs: [22/100] train_acc: 0.601 train_loss_sup: 1.181
[GPU0] epochs: [23/100] train_acc: 0.601 train_loss_sup: 1.179
[GPU0] epochs: [24/100] train_acc: 0.604 train_loss_sup: 1.171
[GPU0] epochs: [25/100] train_acc: 0.606 train_loss_sup: 1.168
[GPU0] epochs: [26/100] train_acc: 0.605 train_loss_sup: 1.166
[GPU0] epochs: [27/100] train_acc: 0.607 train_loss_sup: 1.160
[GPU0] epochs: [28/100] train_acc: 0.607 train_loss_sup: 1.162
[GPU0] epochs: [29/100] train_acc: 0.612 train_loss_sup: 1.152
[GPU0] epochs: [30/100] train_acc: 0.608 train_loss_sup: 1.158
[GPU0] Test Accuracy at epoch: 30: 0.627
[GPU0] epochs: [31/100] train_acc: 0.607 train_loss_sup: 1.155
[GPU0] epochs: [32/100] train_acc: 0.613 train_loss_sup: 1.146
[GPU0] epochs: [33/100] train_acc: 0.610 train_loss_sup: 1.149
[GPU0] epochs: [34/100] train_acc: 0.612 train_loss_sup: 1.146
[GPU0] epochs: [35/100] train_acc: 0.613 train_loss_sup: 1.142
[GPU0] epochs: [36/100] train_acc: 0.613 train_loss_sup: 1.144
[GPU0] epochs: [37/100] train_acc: 0.613 train_loss_sup: 1.143
[GPU0] epochs: [38/100] train_acc: 0.613 train_loss_sup: 1.139
[GPU0] epochs: [39/100] train_acc: 0.616 train_loss_sup: 1.135
[GPU0] epochs: [40/100] train_acc: 0.614 train_loss_sup: 1.136
[GPU0] Test Accuracy at epoch: 40: 0.633
[GPU0] epochs: [41/100] train_acc: 0.615 train_loss_sup: 1.134
[GPU0] epochs: [42/100] train_acc: 0.618 train_loss_sup: 1.130
[GPU0] epochs: [43/100] train_acc: 0.617 train_loss_sup: 1.131
[GPU0] epochs: [44/100] train_acc: 0.616 train_loss_sup: 1.132
[GPU0] epochs: [45/100] train_acc: 0.618 train_loss_sup: 1.129
[GPU0] epochs: [46/100] train_acc: 0.620 train_loss_sup: 1.123
[GPU0] epochs: [47/100] train_acc: 0.619 train_loss_sup: 1.128
[GPU0] epochs: [48/100] train_acc: 0.615 train_loss_sup: 1.127
[GPU0] epochs: [49/100] train_acc: 0.619 train_loss_sup: 1.125
[GPU0] epochs: [50/100] train_acc: 0.619 train_loss_sup: 1.122
[GPU0] Test Accuracy at epoch: 50: 0.642
[GPU0] epochs: [51/100] train_acc: 0.620 train_loss_sup: 1.121
[GPU0] epochs: [52/100] train_acc: 0.621 train_loss_sup: 1.126
[GPU0] epochs: [53/100] train_acc: 0.621 train_loss_sup: 1.121
[GPU0] epochs: [54/100] train_acc: 0.620 train_loss_sup: 1.119
[GPU0] epochs: [55/100] train_acc: 0.620 train_loss_sup: 1.120
[GPU0] epochs: [56/100] train_acc: 0.620 train_loss_sup: 1.121
[GPU0] epochs: [57/100] train_acc: 0.622 train_loss_sup: 1.117
[GPU0] epochs: [58/100] train_acc: 0.622 train_loss_sup: 1.119
[GPU0] epochs: [59/100] train_acc: 0.619 train_loss_sup: 1.122
[GPU0] epochs: [60/100] train_acc: 0.623 train_loss_sup: 1.115
[GPU0] Test Accuracy at epoch: 60: 0.643
[GPU0] epochs: [61/100] train_acc: 0.621 train_loss_sup: 1.115
[GPU0] epochs: [62/100] train_acc: 0.622 train_loss_sup: 1.115
[GPU0] epochs: [63/100] train_acc: 0.622 train_loss_sup: 1.113
[GPU0] epochs: [64/100] train_acc: 0.622 train_loss_sup: 1.114
[GPU0] epochs: [65/100] train_acc: 0.621 train_loss_sup: 1.117
[GPU0] epochs: [66/100] train_acc: 0.622 train_loss_sup: 1.111
[GPU0] epochs: [67/100] train_acc: 0.623 train_loss_sup: 1.111
[GPU0] epochs: [68/100] train_acc: 0.625 train_loss_sup: 1.109
[GPU0] epochs: [69/100] train_acc: 0.623 train_loss_sup: 1.103
[GPU0] epochs: [70/100] train_acc: 0.625 train_loss_sup: 1.112
[GPU0] Test Accuracy at epoch: 70: 0.644
[GPU0] epochs: [71/100] train_acc: 0.622 train_loss_sup: 1.118
[GPU0] epochs: [72/100] train_acc: 0.622 train_loss_sup: 1.118
[GPU0] epochs: [73/100] train_acc: 0.621 train_loss_sup: 1.113
[GPU0] epochs: [74/100] train_acc: 0.623 train_loss_sup: 1.114
[GPU0] epochs: [75/100] train_acc: 0.622 train_loss_sup: 1.108
[GPU0] epochs: [76/100] train_acc: 0.626 train_loss_sup: 1.108
[GPU0] epochs: [77/100] train_acc: 0.624 train_loss_sup: 1.107
[GPU0] epochs: [78/100] train_acc: 0.625 train_loss_sup: 1.110
[GPU0] epochs: [79/100] train_acc: 0.623 train_loss_sup: 1.113
[GPU0] epochs: [80/100] train_acc: 0.625 train_loss_sup: 1.111
[GPU0] Test Accuracy at epoch: 80: 0.651
[GPU0] epochs: [81/100] train_acc: 0.625 train_loss_sup: 1.112
[GPU0] epochs: [82/100] train_acc: 0.625 train_loss_sup: 1.109
[GPU0] epochs: [83/100] train_acc: 0.622 train_loss_sup: 1.110
[GPU0] epochs: [84/100] train_acc: 0.625 train_loss_sup: 1.105
[GPU0] epochs: [85/100] train_acc: 0.623 train_loss_sup: 1.110
[GPU0] epochs: [86/100] train_acc: 0.627 train_loss_sup: 1.105
[GPU0] epochs: [87/100] train_acc: 0.625 train_loss_sup: 1.107
[GPU0] epochs: [88/100] train_acc: 0.623 train_loss_sup: 1.109
[GPU0] epochs: [89/100] train_acc: 0.624 train_loss_sup: 1.105
[GPU0] epochs: [90/100] train_acc: 0.623 train_loss_sup: 1.110
[GPU0] Test Accuracy at epoch: 90: 0.651
[GPU0] epochs: [91/100] train_acc: 0.626 train_loss_sup: 1.107
[GPU0] epochs: [92/100] train_acc: 0.625 train_loss_sup: 1.110
[GPU0] epochs: [93/100] train_acc: 0.627 train_loss_sup: 1.105
[GPU0] epochs: [94/100] train_acc: 0.626 train_loss_sup: 1.111
[GPU0] epochs: [95/100] train_acc: 0.624 train_loss_sup: 1.106
[GPU0] epochs: [96/100] train_acc: 0.625 train_loss_sup: 1.103
[GPU0] epochs: [97/100] train_acc: 0.624 train_loss_sup: 1.107
[GPU0] epochs: [98/100] train_acc: 0.623 train_loss_sup: 1.108
[GPU0] epochs: [99/100] train_acc: 0.625 train_loss_sup: 1.104
[GPU0] epochs: [100/100] train_acc: 0.627 train_loss_sup: 1.103
[GPU0] Final Test Accuracy: 0.649
LR: 1.000 | WD: 0.000001 | Cosine: True | test Acc: 0.651%
===> using linear mlp
Scheduler: <torch.optim.lr_scheduler.CosineAnnealingLR object at 0x7064e09f4160>
MLP: MLP(
  (mlp): Linear(in_features=512, out_features=10, bias=True)
)
[GPU0] Test Accuracy at epoch: 0: 0.359
[GPU0] epochs: [1/100] train_acc: 0.381 train_loss_sup: 2.008
[GPU0] epochs: [2/100] train_acc: 0.509 train_loss_sup: 1.656
[GPU0] epochs: [3/100] train_acc: 0.527 train_loss_sup: 1.536
[GPU0] epochs: [4/100] train_acc: 0.535 train_loss_sup: 1.477
[GPU0] epochs: [5/100] train_acc: 0.546 train_loss_sup: 1.438
[GPU0] epochs: [6/100] train_acc: 0.555 train_loss_sup: 1.410
[GPU0] epochs: [7/100] train_acc: 0.554 train_loss_sup: 1.398
[GPU0] epochs: [8/100] train_acc: 0.562 train_loss_sup: 1.381
[GPU0] epochs: [9/100] train_acc: 0.563 train_loss_sup: 1.374
[GPU0] epochs: [10/100] train_acc: 0.566 train_loss_sup: 1.364
[GPU0] Test Accuracy at epoch: 10: 0.54
[GPU0] epochs: [11/100] train_acc: 0.567 train_loss_sup: 1.359
[GPU0] epochs: [12/100] train_acc: 0.569 train_loss_sup: 1.354
[GPU0] epochs: [13/100] train_acc: 0.572 train_loss_sup: 1.350
[GPU0] epochs: [14/100] train_acc: 0.575 train_loss_sup: 1.345
[GPU0] epochs: [15/100] train_acc: 0.572 train_loss_sup: 1.345
[GPU0] epochs: [16/100] train_acc: 0.577 train_loss_sup: 1.340
[GPU0] epochs: [17/100] train_acc: 0.573 train_loss_sup: 1.341
[GPU0] epochs: [18/100] train_acc: 0.575 train_loss_sup: 1.338
[GPU0] epochs: [19/100] train_acc: 0.577 train_loss_sup: 1.337
[GPU0] epochs: [20/100] train_acc: 0.579 train_loss_sup: 1.335
[GPU0] Test Accuracy at epoch: 20: 0.54
[GPU0] epochs: [21/100] train_acc: 0.581 train_loss_sup: 1.333
[GPU0] epochs: [22/100] train_acc: 0.578 train_loss_sup: 1.335
[GPU0] epochs: [23/100] train_acc: 0.580 train_loss_sup: 1.333
[GPU0] epochs: [24/100] train_acc: 0.580 train_loss_sup: 1.333
[GPU0] epochs: [25/100] train_acc: 0.580 train_loss_sup: 1.331
[GPU0] epochs: [26/100] train_acc: 0.578 train_loss_sup: 1.331
[GPU0] epochs: [27/100] train_acc: 0.580 train_loss_sup: 1.333
[GPU0] epochs: [28/100] train_acc: 0.581 train_loss_sup: 1.331
[GPU0] epochs: [29/100] train_acc: 0.580 train_loss_sup: 1.328
[GPU0] epochs: [30/100] train_acc: 0.580 train_loss_sup: 1.326
[GPU0] Test Accuracy at epoch: 30: 0.545
[GPU0] epochs: [31/100] train_acc: 0.578 train_loss_sup: 1.332
[GPU0] epochs: [32/100] train_acc: 0.579 train_loss_sup: 1.333
[GPU0] epochs: [33/100] train_acc: 0.580 train_loss_sup: 1.330
[GPU0] epochs: [34/100] train_acc: 0.579 train_loss_sup: 1.333
[GPU0] epochs: [35/100] train_acc: 0.578 train_loss_sup: 1.330
[GPU0] epochs: [36/100] train_acc: 0.578 train_loss_sup: 1.329
[GPU0] epochs: [37/100] train_acc: 0.579 train_loss_sup: 1.329
[GPU0] epochs: [38/100] train_acc: 0.581 train_loss_sup: 1.333
[GPU0] epochs: [39/100] train_acc: 0.581 train_loss_sup: 1.328
[GPU0] epochs: [40/100] train_acc: 0.580 train_loss_sup: 1.328
[GPU0] Test Accuracy at epoch: 40: 0.562
[GPU0] epochs: [41/100] train_acc: 0.582 train_loss_sup: 1.328
[GPU0] epochs: [42/100] train_acc: 0.581 train_loss_sup: 1.325
[GPU0] epochs: [43/100] train_acc: 0.578 train_loss_sup: 1.331
[GPU0] epochs: [44/100] train_acc: 0.580 train_loss_sup: 1.330
[GPU0] epochs: [45/100] train_acc: 0.582 train_loss_sup: 1.329
[GPU0] epochs: [46/100] train_acc: 0.583 train_loss_sup: 1.327
[GPU0] epochs: [47/100] train_acc: 0.583 train_loss_sup: 1.325
[GPU0] epochs: [48/100] train_acc: 0.579 train_loss_sup: 1.330
[GPU0] epochs: [49/100] train_acc: 0.581 train_loss_sup: 1.328
[GPU0] epochs: [50/100] train_acc: 0.583 train_loss_sup: 1.329
[GPU0] Test Accuracy at epoch: 50: 0.562
[GPU0] epochs: [51/100] train_acc: 0.582 train_loss_sup: 1.325
[GPU0] epochs: [52/100] train_acc: 0.580 train_loss_sup: 1.329
[GPU0] epochs: [53/100] train_acc: 0.582 train_loss_sup: 1.327
[GPU0] epochs: [54/100] train_acc: 0.584 train_loss_sup: 1.326
[GPU0] epochs: [55/100] train_acc: 0.580 train_loss_sup: 1.329
[GPU0] epochs: [56/100] train_acc: 0.580 train_loss_sup: 1.328
[GPU0] epochs: [57/100] train_acc: 0.583 train_loss_sup: 1.327
[GPU0] epochs: [58/100] train_acc: 0.581 train_loss_sup: 1.328
[GPU0] epochs: [59/100] train_acc: 0.581 train_loss_sup: 1.332
[GPU0] epochs: [60/100] train_acc: 0.580 train_loss_sup: 1.329
[GPU0] Test Accuracy at epoch: 60: 0.571
[GPU0] epochs: [61/100] train_acc: 0.581 train_loss_sup: 1.328
[GPU0] epochs: [62/100] train_acc: 0.580 train_loss_sup: 1.326
[GPU0] epochs: [63/100] train_acc: 0.585 train_loss_sup: 1.325
[GPU0] epochs: [64/100] train_acc: 0.583 train_loss_sup: 1.330
[GPU0] epochs: [65/100] train_acc: 0.582 train_loss_sup: 1.328
[GPU0] epochs: [66/100] train_acc: 0.582 train_loss_sup: 1.327
[GPU0] epochs: [67/100] train_acc: 0.581 train_loss_sup: 1.327
[GPU0] epochs: [68/100] train_acc: 0.584 train_loss_sup: 1.324
[GPU0] epochs: [69/100] train_acc: 0.581 train_loss_sup: 1.328
[GPU0] epochs: [70/100] train_acc: 0.585 train_loss_sup: 1.323
[GPU0] Test Accuracy at epoch: 70: 0.556
[GPU0] epochs: [71/100] train_acc: 0.582 train_loss_sup: 1.324
[GPU0] epochs: [72/100] train_acc: 0.584 train_loss_sup: 1.323
[GPU0] epochs: [73/100] train_acc: 0.585 train_loss_sup: 1.325
[GPU0] epochs: [74/100] train_acc: 0.582 train_loss_sup: 1.328
[GPU0] epochs: [75/100] train_acc: 0.581 train_loss_sup: 1.327
[GPU0] epochs: [76/100] train_acc: 0.582 train_loss_sup: 1.326
[GPU0] epochs: [77/100] train_acc: 0.581 train_loss_sup: 1.326
[GPU0] epochs: [78/100] train_acc: 0.585 train_loss_sup: 1.323
[GPU0] epochs: [79/100] train_acc: 0.585 train_loss_sup: 1.324
[GPU0] epochs: [80/100] train_acc: 0.583 train_loss_sup: 1.327
[GPU0] Test Accuracy at epoch: 80: 0.559
[GPU0] epochs: [81/100] train_acc: 0.586 train_loss_sup: 1.321
[GPU0] epochs: [82/100] train_acc: 0.583 train_loss_sup: 1.325
[GPU0] epochs: [83/100] train_acc: 0.582 train_loss_sup: 1.325
[GPU0] epochs: [84/100] train_acc: 0.582 train_loss_sup: 1.327
[GPU0] epochs: [85/100] train_acc: 0.586 train_loss_sup: 1.324
[GPU0] epochs: [86/100] train_acc: 0.583 train_loss_sup: 1.326
[GPU0] epochs: [87/100] train_acc: 0.585 train_loss_sup: 1.324
[GPU0] epochs: [88/100] train_acc: 0.584 train_loss_sup: 1.325
[GPU0] epochs: [89/100] train_acc: 0.585 train_loss_sup: 1.323
[GPU0] epochs: [90/100] train_acc: 0.585 train_loss_sup: 1.326
[GPU0] Test Accuracy at epoch: 90: 0.562
[GPU0] epochs: [91/100] train_acc: 0.584 train_loss_sup: 1.325
[GPU0] epochs: [92/100] train_acc: 0.585 train_loss_sup: 1.324
[GPU0] epochs: [93/100] train_acc: 0.584 train_loss_sup: 1.324
[GPU0] epochs: [94/100] train_acc: 0.584 train_loss_sup: 1.326
[GPU0] epochs: [95/100] train_acc: 0.583 train_loss_sup: 1.323
[GPU0] epochs: [96/100] train_acc: 0.585 train_loss_sup: 1.325
[GPU0] epochs: [97/100] train_acc: 0.585 train_loss_sup: 1.324
[GPU0] epochs: [98/100] train_acc: 0.583 train_loss_sup: 1.324
[GPU0] epochs: [99/100] train_acc: 0.585 train_loss_sup: 1.325
[GPU0] epochs: [100/100] train_acc: 0.585 train_loss_sup: 1.324
[GPU0] Final Test Accuracy: 0.562
LR: 1.000 | WD: 0.000100 | Cosine: True | test Acc: 0.571%
===> using linear mlp
Scheduler: <torch.optim.lr_scheduler.CosineAnnealingLR object at 0x7064d198fd00>
MLP: MLP(
  (mlp): Linear(in_features=512, out_features=10, bias=True)
)
[GPU0] Test Accuracy at epoch: 0: 0.375
[GPU0] epochs: [1/100] train_acc: 0.391 train_loss_sup: 2.002
[GPU0] epochs: [2/100] train_acc: 0.506 train_loss_sup: 1.638
[GPU0] epochs: [3/100] train_acc: 0.528 train_loss_sup: 1.501
[GPU0] epochs: [4/100] train_acc: 0.542 train_loss_sup: 1.425
[GPU0] epochs: [5/100] train_acc: 0.554 train_loss_sup: 1.378
[GPU0] epochs: [6/100] train_acc: 0.559 train_loss_sup: 1.343
[GPU0] epochs: [7/100] train_acc: 0.564 train_loss_sup: 1.320
[GPU0] epochs: [8/100] train_acc: 0.570 train_loss_sup: 1.297
[GPU0] epochs: [9/100] train_acc: 0.573 train_loss_sup: 1.278
[GPU0] epochs: [10/100] train_acc: 0.580 train_loss_sup: 1.262
[GPU0] Test Accuracy at epoch: 10: 0.572
[GPU0] epochs: [11/100] train_acc: 0.580 train_loss_sup: 1.254
[GPU0] epochs: [12/100] train_acc: 0.583 train_loss_sup: 1.242
[GPU0] epochs: [13/100] train_acc: 0.587 train_loss_sup: 1.238
[GPU0] epochs: [14/100] train_acc: 0.589 train_loss_sup: 1.218
[GPU0] epochs: [15/100] train_acc: 0.589 train_loss_sup: 1.221
[GPU0] epochs: [16/100] train_acc: 0.592 train_loss_sup: 1.214
[GPU0] epochs: [17/100] train_acc: 0.593 train_loss_sup: 1.205
[GPU0] epochs: [18/100] train_acc: 0.596 train_loss_sup: 1.193
[GPU0] epochs: [19/100] train_acc: 0.597 train_loss_sup: 1.191
[GPU0] epochs: [20/100] train_acc: 0.598 train_loss_sup: 1.190
[GPU0] Test Accuracy at epoch: 20: 0.606
[GPU0] epochs: [21/100] train_acc: 0.602 train_loss_sup: 1.183
[GPU0] epochs: [22/100] train_acc: 0.602 train_loss_sup: 1.179
[GPU0] epochs: [23/100] train_acc: 0.601 train_loss_sup: 1.178
[GPU0] epochs: [24/100] train_acc: 0.606 train_loss_sup: 1.169
[GPU0] epochs: [25/100] train_acc: 0.606 train_loss_sup: 1.163
[GPU0] epochs: [26/100] train_acc: 0.606 train_loss_sup: 1.165
[GPU0] epochs: [27/100] train_acc: 0.608 train_loss_sup: 1.162
[GPU0] epochs: [28/100] train_acc: 0.609 train_loss_sup: 1.159
[GPU0] epochs: [29/100] train_acc: 0.610 train_loss_sup: 1.156
[GPU0] epochs: [30/100] train_acc: 0.610 train_loss_sup: 1.151
[GPU0] Test Accuracy at epoch: 30: 0.631
[GPU0] epochs: [31/100] train_acc: 0.610 train_loss_sup: 1.148
[GPU0] epochs: [32/100] train_acc: 0.612 train_loss_sup: 1.148
[GPU0] epochs: [33/100] train_acc: 0.613 train_loss_sup: 1.145
[GPU0] epochs: [34/100] train_acc: 0.613 train_loss_sup: 1.146
[GPU0] epochs: [35/100] train_acc: 0.611 train_loss_sup: 1.144
[GPU0] epochs: [36/100] train_acc: 0.612 train_loss_sup: 1.143
[GPU0] epochs: [37/100] train_acc: 0.612 train_loss_sup: 1.139
[GPU0] epochs: [38/100] train_acc: 0.616 train_loss_sup: 1.134
[GPU0] epochs: [39/100] train_acc: 0.615 train_loss_sup: 1.136
[GPU0] epochs: [40/100] train_acc: 0.616 train_loss_sup: 1.138
[GPU0] Test Accuracy at epoch: 40: 0.633
[GPU0] epochs: [41/100] train_acc: 0.617 train_loss_sup: 1.129
[GPU0] epochs: [42/100] train_acc: 0.617 train_loss_sup: 1.130
[GPU0] epochs: [43/100] train_acc: 0.616 train_loss_sup: 1.128
[GPU0] epochs: [44/100] train_acc: 0.616 train_loss_sup: 1.135
[GPU0] epochs: [45/100] train_acc: 0.618 train_loss_sup: 1.122
[GPU0] epochs: [46/100] train_acc: 0.617 train_loss_sup: 1.126
[GPU0] epochs: [47/100] train_acc: 0.618 train_loss_sup: 1.125
[GPU0] epochs: [48/100] train_acc: 0.621 train_loss_sup: 1.119
[GPU0] epochs: [49/100] train_acc: 0.621 train_loss_sup: 1.123
[GPU0] epochs: [50/100] train_acc: 0.620 train_loss_sup: 1.117
[GPU0] Test Accuracy at epoch: 50: 0.645
[GPU0] epochs: [51/100] train_acc: 0.619 train_loss_sup: 1.119
[GPU0] epochs: [52/100] train_acc: 0.619 train_loss_sup: 1.117
[GPU0] epochs: [53/100] train_acc: 0.618 train_loss_sup: 1.123
[GPU0] epochs: [54/100] train_acc: 0.620 train_loss_sup: 1.118
[GPU0] epochs: [55/100] train_acc: 0.623 train_loss_sup: 1.113
[GPU0] epochs: [56/100] train_acc: 0.619 train_loss_sup: 1.119
[GPU0] epochs: [57/100] train_acc: 0.620 train_loss_sup: 1.116
[GPU0] epochs: [58/100] train_acc: 0.623 train_loss_sup: 1.116
[GPU0] epochs: [59/100] train_acc: 0.623 train_loss_sup: 1.112
[GPU0] epochs: [60/100] train_acc: 0.625 train_loss_sup: 1.109
[GPU0] Test Accuracy at epoch: 60: 0.642
[GPU0] epochs: [61/100] train_acc: 0.620 train_loss_sup: 1.118
[GPU0] epochs: [62/100] train_acc: 0.623 train_loss_sup: 1.112
[GPU0] epochs: [63/100] train_acc: 0.624 train_loss_sup: 1.112
[GPU0] epochs: [64/100] train_acc: 0.626 train_loss_sup: 1.109
[GPU0] epochs: [65/100] train_acc: 0.622 train_loss_sup: 1.111
[GPU0] epochs: [66/100] train_acc: 0.627 train_loss_sup: 1.108
[GPU0] epochs: [67/100] train_acc: 0.625 train_loss_sup: 1.103
[GPU0] epochs: [68/100] train_acc: 0.623 train_loss_sup: 1.106
[GPU0] epochs: [69/100] train_acc: 0.624 train_loss_sup: 1.106
[GPU0] epochs: [70/100] train_acc: 0.621 train_loss_sup: 1.109
[GPU0] Test Accuracy at epoch: 70: 0.648
[GPU0] epochs: [71/100] train_acc: 0.621 train_loss_sup: 1.116
[GPU0] epochs: [72/100] train_acc: 0.625 train_loss_sup: 1.110
[GPU0] epochs: [73/100] train_acc: 0.626 train_loss_sup: 1.102
[GPU0] epochs: [74/100] train_acc: 0.625 train_loss_sup: 1.107
[GPU0] epochs: [75/100] train_acc: 0.626 train_loss_sup: 1.104
[GPU0] epochs: [76/100] train_acc: 0.625 train_loss_sup: 1.107
[GPU0] epochs: [77/100] train_acc: 0.625 train_loss_sup: 1.109
[GPU0] epochs: [78/100] train_acc: 0.622 train_loss_sup: 1.107
[GPU0] epochs: [79/100] train_acc: 0.625 train_loss_sup: 1.103
[GPU0] epochs: [80/100] train_acc: 0.624 train_loss_sup: 1.108
[GPU0] Test Accuracy at epoch: 80: 0.65
[GPU0] epochs: [81/100] train_acc: 0.624 train_loss_sup: 1.105
[GPU0] epochs: [82/100] train_acc: 0.625 train_loss_sup: 1.110
[GPU0] epochs: [83/100] train_acc: 0.626 train_loss_sup: 1.100
[GPU0] epochs: [84/100] train_acc: 0.625 train_loss_sup: 1.109
[GPU0] epochs: [85/100] train_acc: 0.629 train_loss_sup: 1.096
[GPU0] epochs: [86/100] train_acc: 0.626 train_loss_sup: 1.104
[GPU0] epochs: [87/100] train_acc: 0.629 train_loss_sup: 1.101
[GPU0] epochs: [88/100] train_acc: 0.628 train_loss_sup: 1.105
[GPU0] epochs: [89/100] train_acc: 0.627 train_loss_sup: 1.104
[GPU0] epochs: [90/100] train_acc: 0.624 train_loss_sup: 1.104
[GPU0] Test Accuracy at epoch: 90: 0.651
[GPU0] epochs: [91/100] train_acc: 0.624 train_loss_sup: 1.106
[GPU0] epochs: [92/100] train_acc: 0.627 train_loss_sup: 1.101
[GPU0] epochs: [93/100] train_acc: 0.626 train_loss_sup: 1.106
[GPU0] epochs: [94/100] train_acc: 0.623 train_loss_sup: 1.107
[GPU0] epochs: [95/100] train_acc: 0.628 train_loss_sup: 1.101
[GPU0] epochs: [96/100] train_acc: 0.624 train_loss_sup: 1.107
[GPU0] epochs: [97/100] train_acc: 0.624 train_loss_sup: 1.105
[GPU0] epochs: [98/100] train_acc: 0.623 train_loss_sup: 1.105
[GPU0] epochs: [99/100] train_acc: 0.628 train_loss_sup: 1.105
[GPU0] epochs: [100/100] train_acc: 0.625 train_loss_sup: 1.108
[GPU0] Final Test Accuracy: 0.651
LR: 1.000 | WD: 0.000000 | Cosine: True | test Acc: 0.651%
------------------------------
Best Test Accuracy: 0.666%
Optimal Hyperparameters: LR=1.0, WD=0.0, Cosine=0
knn evalution
logistic regression evalution
clustering metrics evalution
knn_acc: 0.573
lreg_acc: 0.671
ari: 0.123
nmi: 0.203
ss: 0.035
dbs: 3.469
