Namespace(dataset='cifar10', saved_path='saved_models/scalre.sc.c100.r18.pth', gpu=1, model='resnet18', verbose=False, epochs=100, eval_every=10, knn=True, lreg=True, linprobe=True, tsne=False, umap=False, cmet=True)
<All keys matched successfully>
Starting Hyperparameter Sweep on 1...
===> using linear mlp
Scheduler: None
MLP: MLP(
  (mlp): Linear(in_features=512, out_features=10, bias=True)
)
[GPU1] Test Accuracy at epoch: 0: 0.556
[GPU1] epochs: [1/100] train_acc: 0.435 train_loss_sup: 2.195
[GPU1] epochs: [2/100] train_acc: 0.556 train_loss_sup: 1.981
[GPU1] epochs: [3/100] train_acc: 0.571 train_loss_sup: 1.824
[GPU1] epochs: [4/100] train_acc: 0.580 train_loss_sup: 1.711
[GPU1] epochs: [5/100] train_acc: 0.587 train_loss_sup: 1.622
[GPU1] epochs: [6/100] train_acc: 0.594 train_loss_sup: 1.553
[GPU1] epochs: [7/100] train_acc: 0.597 train_loss_sup: 1.494
[GPU1] epochs: [8/100] train_acc: 0.604 train_loss_sup: 1.447
[GPU1] epochs: [9/100] train_acc: 0.606 train_loss_sup: 1.407
[GPU1] epochs: [10/100] train_acc: 0.605 train_loss_sup: 1.375
[GPU1] Test Accuracy at epoch: 10: 0.637
[GPU1] epochs: [11/100] train_acc: 0.609 train_loss_sup: 1.344
[GPU1] epochs: [12/100] train_acc: 0.610 train_loss_sup: 1.320
[GPU1] epochs: [13/100] train_acc: 0.613 train_loss_sup: 1.296
[GPU1] epochs: [14/100] train_acc: 0.615 train_loss_sup: 1.277
[GPU1] epochs: [15/100] train_acc: 0.620 train_loss_sup: 1.254
[GPU1] epochs: [16/100] train_acc: 0.619 train_loss_sup: 1.240
[GPU1] epochs: [17/100] train_acc: 0.622 train_loss_sup: 1.225
[GPU1] epochs: [18/100] train_acc: 0.624 train_loss_sup: 1.212
[GPU1] epochs: [19/100] train_acc: 0.622 train_loss_sup: 1.201
[GPU1] epochs: [20/100] train_acc: 0.629 train_loss_sup: 1.184
[GPU1] Test Accuracy at epoch: 20: 0.659
[GPU1] epochs: [21/100] train_acc: 0.626 train_loss_sup: 1.182
[GPU1] epochs: [22/100] train_acc: 0.631 train_loss_sup: 1.165
[GPU1] epochs: [23/100] train_acc: 0.629 train_loss_sup: 1.158
[GPU1] epochs: [24/100] train_acc: 0.633 train_loss_sup: 1.149
[GPU1] epochs: [25/100] train_acc: 0.637 train_loss_sup: 1.139
[GPU1] epochs: [26/100] train_acc: 0.637 train_loss_sup: 1.133
[GPU1] epochs: [27/100] train_acc: 0.636 train_loss_sup: 1.125
[GPU1] epochs: [28/100] train_acc: 0.636 train_loss_sup: 1.121
[GPU1] epochs: [29/100] train_acc: 0.639 train_loss_sup: 1.109
[GPU1] epochs: [30/100] train_acc: 0.640 train_loss_sup: 1.109
[GPU1] Test Accuracy at epoch: 30: 0.673
[GPU1] epochs: [31/100] train_acc: 0.640 train_loss_sup: 1.099
[GPU1] epochs: [32/100] train_acc: 0.641 train_loss_sup: 1.094
[GPU1] epochs: [33/100] train_acc: 0.643 train_loss_sup: 1.085
[GPU1] epochs: [34/100] train_acc: 0.643 train_loss_sup: 1.086
[GPU1] epochs: [35/100] train_acc: 0.644 train_loss_sup: 1.078
[GPU1] epochs: [36/100] train_acc: 0.645 train_loss_sup: 1.077
[GPU1] epochs: [37/100] train_acc: 0.647 train_loss_sup: 1.069
[GPU1] epochs: [38/100] train_acc: 0.646 train_loss_sup: 1.067
[GPU1] epochs: [39/100] train_acc: 0.647 train_loss_sup: 1.059
[GPU1] epochs: [40/100] train_acc: 0.650 train_loss_sup: 1.054
[GPU1] Test Accuracy at epoch: 40: 0.683
[GPU1] epochs: [41/100] train_acc: 0.652 train_loss_sup: 1.051
[GPU1] epochs: [42/100] train_acc: 0.650 train_loss_sup: 1.050
[GPU1] epochs: [43/100] train_acc: 0.652 train_loss_sup: 1.044
[GPU1] epochs: [44/100] train_acc: 0.652 train_loss_sup: 1.043
[GPU1] epochs: [45/100] train_acc: 0.653 train_loss_sup: 1.038
[GPU1] epochs: [46/100] train_acc: 0.653 train_loss_sup: 1.035
[GPU1] epochs: [47/100] train_acc: 0.655 train_loss_sup: 1.032
[GPU1] epochs: [48/100] train_acc: 0.657 train_loss_sup: 1.029
[GPU1] epochs: [49/100] train_acc: 0.655 train_loss_sup: 1.026
[GPU1] epochs: [50/100] train_acc: 0.654 train_loss_sup: 1.029
[GPU1] Test Accuracy at epoch: 50: 0.692
[GPU1] epochs: [51/100] train_acc: 0.658 train_loss_sup: 1.016
[GPU1] epochs: [52/100] train_acc: 0.656 train_loss_sup: 1.018
[GPU1] epochs: [53/100] train_acc: 0.657 train_loss_sup: 1.017
[GPU1] epochs: [54/100] train_acc: 0.657 train_loss_sup: 1.013
[GPU1] epochs: [55/100] train_acc: 0.660 train_loss_sup: 1.010
[GPU1] epochs: [56/100] train_acc: 0.660 train_loss_sup: 1.005
[GPU1] epochs: [57/100] train_acc: 0.659 train_loss_sup: 1.003
[GPU1] epochs: [58/100] train_acc: 0.657 train_loss_sup: 1.004
[GPU1] epochs: [59/100] train_acc: 0.660 train_loss_sup: 1.003
[GPU1] epochs: [60/100] train_acc: 0.663 train_loss_sup: 0.995
[GPU1] Test Accuracy at epoch: 60: 0.696
[GPU1] epochs: [61/100] train_acc: 0.662 train_loss_sup: 0.995
[GPU1] epochs: [62/100] train_acc: 0.661 train_loss_sup: 0.994
[GPU1] epochs: [63/100] train_acc: 0.663 train_loss_sup: 0.991
[GPU1] epochs: [64/100] train_acc: 0.666 train_loss_sup: 0.990
[GPU1] epochs: [65/100] train_acc: 0.667 train_loss_sup: 0.988
[GPU1] epochs: [66/100] train_acc: 0.664 train_loss_sup: 0.988
[GPU1] epochs: [67/100] train_acc: 0.666 train_loss_sup: 0.981
[GPU1] epochs: [68/100] train_acc: 0.665 train_loss_sup: 0.982
[GPU1] epochs: [69/100] train_acc: 0.666 train_loss_sup: 0.982
[GPU1] epochs: [70/100] train_acc: 0.664 train_loss_sup: 0.980
[GPU1] Test Accuracy at epoch: 70: 0.704
[GPU1] epochs: [71/100] train_acc: 0.668 train_loss_sup: 0.978
[GPU1] epochs: [72/100] train_acc: 0.667 train_loss_sup: 0.973
[GPU1] epochs: [73/100] train_acc: 0.666 train_loss_sup: 0.972
[GPU1] epochs: [74/100] train_acc: 0.667 train_loss_sup: 0.971
[GPU1] epochs: [75/100] train_acc: 0.670 train_loss_sup: 0.970
[GPU1] epochs: [76/100] train_acc: 0.671 train_loss_sup: 0.964
[GPU1] epochs: [77/100] train_acc: 0.671 train_loss_sup: 0.964
[GPU1] epochs: [78/100] train_acc: 0.673 train_loss_sup: 0.962
[GPU1] epochs: [79/100] train_acc: 0.672 train_loss_sup: 0.964
[GPU1] epochs: [80/100] train_acc: 0.671 train_loss_sup: 0.962
[GPU1] Test Accuracy at epoch: 80: 0.708
[GPU1] epochs: [81/100] train_acc: 0.672 train_loss_sup: 0.959
[GPU1] epochs: [82/100] train_acc: 0.672 train_loss_sup: 0.960
[GPU1] epochs: [83/100] train_acc: 0.674 train_loss_sup: 0.956
[GPU1] epochs: [84/100] train_acc: 0.669 train_loss_sup: 0.957
[GPU1] epochs: [85/100] train_acc: 0.672 train_loss_sup: 0.956
[GPU1] epochs: [86/100] train_acc: 0.673 train_loss_sup: 0.955
[GPU1] epochs: [87/100] train_acc: 0.674 train_loss_sup: 0.951
[GPU1] epochs: [88/100] train_acc: 0.674 train_loss_sup: 0.950
[GPU1] epochs: [89/100] train_acc: 0.673 train_loss_sup: 0.950
[GPU1] epochs: [90/100] train_acc: 0.677 train_loss_sup: 0.947
[GPU1] Test Accuracy at epoch: 90: 0.711
[GPU1] epochs: [91/100] train_acc: 0.675 train_loss_sup: 0.948
[GPU1] epochs: [92/100] train_acc: 0.673 train_loss_sup: 0.947
[GPU1] epochs: [93/100] train_acc: 0.674 train_loss_sup: 0.945
[GPU1] epochs: [94/100] train_acc: 0.675 train_loss_sup: 0.943
[GPU1] epochs: [95/100] train_acc: 0.674 train_loss_sup: 0.942
[GPU1] epochs: [96/100] train_acc: 0.678 train_loss_sup: 0.942
[GPU1] epochs: [97/100] train_acc: 0.677 train_loss_sup: 0.942
[GPU1] epochs: [98/100] train_acc: 0.678 train_loss_sup: 0.936
[GPU1] epochs: [99/100] train_acc: 0.676 train_loss_sup: 0.941
[GPU1] epochs: [100/100] train_acc: 0.678 train_loss_sup: 0.940
[GPU1] Final Test Accuracy: 0.714
LR: 0.100 | WD: 0.000001 | Cosine: False | test Acc: 0.714%
===> using linear mlp
Scheduler: None
MLP: MLP(
  (mlp): Linear(in_features=512, out_features=10, bias=True)
)
[GPU1] Test Accuracy at epoch: 0: 0.572
[GPU1] epochs: [1/100] train_acc: 0.427 train_loss_sup: 2.194
[GPU1] epochs: [2/100] train_acc: 0.553 train_loss_sup: 1.982
[GPU1] epochs: [3/100] train_acc: 0.573 train_loss_sup: 1.831
[GPU1] epochs: [4/100] train_acc: 0.579 train_loss_sup: 1.719
[GPU1] epochs: [5/100] train_acc: 0.587 train_loss_sup: 1.633
[GPU1] epochs: [6/100] train_acc: 0.591 train_loss_sup: 1.564
[GPU1] epochs: [7/100] train_acc: 0.594 train_loss_sup: 1.511
[GPU1] epochs: [8/100] train_acc: 0.600 train_loss_sup: 1.464
[GPU1] epochs: [9/100] train_acc: 0.603 train_loss_sup: 1.427
[GPU1] epochs: [10/100] train_acc: 0.606 train_loss_sup: 1.393
[GPU1] Test Accuracy at epoch: 10: 0.636
[GPU1] epochs: [11/100] train_acc: 0.605 train_loss_sup: 1.366
[GPU1] epochs: [12/100] train_acc: 0.610 train_loss_sup: 1.343
[GPU1] epochs: [13/100] train_acc: 0.612 train_loss_sup: 1.320
[GPU1] epochs: [14/100] train_acc: 0.616 train_loss_sup: 1.298
[GPU1] epochs: [15/100] train_acc: 0.616 train_loss_sup: 1.286
[GPU1] epochs: [16/100] train_acc: 0.620 train_loss_sup: 1.268
[GPU1] epochs: [17/100] train_acc: 0.622 train_loss_sup: 1.253
[GPU1] epochs: [18/100] train_acc: 0.623 train_loss_sup: 1.242
[GPU1] epochs: [19/100] train_acc: 0.622 train_loss_sup: 1.233
[GPU1] epochs: [20/100] train_acc: 0.626 train_loss_sup: 1.221
[GPU1] Test Accuracy at epoch: 20: 0.654
[GPU1] epochs: [21/100] train_acc: 0.626 train_loss_sup: 1.209
[GPU1] epochs: [22/100] train_acc: 0.627 train_loss_sup: 1.205
[GPU1] epochs: [23/100] train_acc: 0.628 train_loss_sup: 1.193
[GPU1] epochs: [24/100] train_acc: 0.629 train_loss_sup: 1.185
[GPU1] epochs: [25/100] train_acc: 0.633 train_loss_sup: 1.175
[GPU1] epochs: [26/100] train_acc: 0.633 train_loss_sup: 1.169
[GPU1] epochs: [27/100] train_acc: 0.635 train_loss_sup: 1.166
[GPU1] epochs: [28/100] train_acc: 0.637 train_loss_sup: 1.158
[GPU1] epochs: [29/100] train_acc: 0.637 train_loss_sup: 1.154
[GPU1] epochs: [30/100] train_acc: 0.638 train_loss_sup: 1.147
[GPU1] Test Accuracy at epoch: 30: 0.669
[GPU1] epochs: [31/100] train_acc: 0.641 train_loss_sup: 1.142
[GPU1] epochs: [32/100] train_acc: 0.641 train_loss_sup: 1.136
[GPU1] epochs: [33/100] train_acc: 0.638 train_loss_sup: 1.133
[GPU1] epochs: [34/100] train_acc: 0.641 train_loss_sup: 1.130
[GPU1] epochs: [35/100] train_acc: 0.639 train_loss_sup: 1.128
[GPU1] epochs: [36/100] train_acc: 0.641 train_loss_sup: 1.123
[GPU1] epochs: [37/100] train_acc: 0.644 train_loss_sup: 1.118
[GPU1] epochs: [38/100] train_acc: 0.645 train_loss_sup: 1.115
[GPU1] epochs: [39/100] train_acc: 0.645 train_loss_sup: 1.113
[GPU1] epochs: [40/100] train_acc: 0.646 train_loss_sup: 1.108
[GPU1] Test Accuracy at epoch: 40: 0.68
[GPU1] epochs: [41/100] train_acc: 0.645 train_loss_sup: 1.106
[GPU1] epochs: [42/100] train_acc: 0.645 train_loss_sup: 1.105
[GPU1] epochs: [43/100] train_acc: 0.646 train_loss_sup: 1.102
[GPU1] epochs: [44/100] train_acc: 0.648 train_loss_sup: 1.098
[GPU1] epochs: [45/100] train_acc: 0.645 train_loss_sup: 1.097
[GPU1] epochs: [46/100] train_acc: 0.651 train_loss_sup: 1.092
[GPU1] epochs: [47/100] train_acc: 0.651 train_loss_sup: 1.089
[GPU1] epochs: [48/100] train_acc: 0.650 train_loss_sup: 1.089
[GPU1] epochs: [49/100] train_acc: 0.651 train_loss_sup: 1.086
[GPU1] epochs: [50/100] train_acc: 0.652 train_loss_sup: 1.084
[GPU1] Test Accuracy at epoch: 50: 0.685
[GPU1] epochs: [51/100] train_acc: 0.653 train_loss_sup: 1.083
[GPU1] epochs: [52/100] train_acc: 0.652 train_loss_sup: 1.080
[GPU1] epochs: [53/100] train_acc: 0.655 train_loss_sup: 1.077
[GPU1] epochs: [54/100] train_acc: 0.655 train_loss_sup: 1.074
[GPU1] epochs: [55/100] train_acc: 0.655 train_loss_sup: 1.074
[GPU1] epochs: [56/100] train_acc: 0.656 train_loss_sup: 1.072
[GPU1] epochs: [57/100] train_acc: 0.655 train_loss_sup: 1.072
[GPU1] epochs: [58/100] train_acc: 0.655 train_loss_sup: 1.072
[GPU1] epochs: [59/100] train_acc: 0.658 train_loss_sup: 1.069
[GPU1] epochs: [60/100] train_acc: 0.656 train_loss_sup: 1.066
[GPU1] Test Accuracy at epoch: 60: 0.692
[GPU1] epochs: [61/100] train_acc: 0.657 train_loss_sup: 1.063
[GPU1] epochs: [62/100] train_acc: 0.655 train_loss_sup: 1.065
[GPU1] epochs: [63/100] train_acc: 0.658 train_loss_sup: 1.063
[GPU1] epochs: [64/100] train_acc: 0.657 train_loss_sup: 1.058
[GPU1] epochs: [65/100] train_acc: 0.660 train_loss_sup: 1.059
[GPU1] epochs: [66/100] train_acc: 0.657 train_loss_sup: 1.060
[GPU1] epochs: [67/100] train_acc: 0.660 train_loss_sup: 1.057
[GPU1] epochs: [68/100] train_acc: 0.661 train_loss_sup: 1.056
[GPU1] epochs: [69/100] train_acc: 0.659 train_loss_sup: 1.056
[GPU1] epochs: [70/100] train_acc: 0.659 train_loss_sup: 1.054
[GPU1] Test Accuracy at epoch: 70: 0.694
[GPU1] epochs: [71/100] train_acc: 0.660 train_loss_sup: 1.057
[GPU1] epochs: [72/100] train_acc: 0.662 train_loss_sup: 1.052
[GPU1] epochs: [73/100] train_acc: 0.660 train_loss_sup: 1.049
[GPU1] epochs: [74/100] train_acc: 0.661 train_loss_sup: 1.051
[GPU1] epochs: [75/100] train_acc: 0.662 train_loss_sup: 1.049
[GPU1] epochs: [76/100] train_acc: 0.660 train_loss_sup: 1.049
[GPU1] epochs: [77/100] train_acc: 0.662 train_loss_sup: 1.048
[GPU1] epochs: [78/100] train_acc: 0.662 train_loss_sup: 1.047
[GPU1] epochs: [79/100] train_acc: 0.663 train_loss_sup: 1.047
[GPU1] epochs: [80/100] train_acc: 0.661 train_loss_sup: 1.047
[GPU1] Test Accuracy at epoch: 80: 0.699
[GPU1] epochs: [81/100] train_acc: 0.663 train_loss_sup: 1.046
[GPU1] epochs: [82/100] train_acc: 0.665 train_loss_sup: 1.043
[GPU1] epochs: [83/100] train_acc: 0.663 train_loss_sup: 1.042
[GPU1] epochs: [84/100] train_acc: 0.664 train_loss_sup: 1.044
[GPU1] epochs: [85/100] train_acc: 0.665 train_loss_sup: 1.039
[GPU1] epochs: [86/100] train_acc: 0.664 train_loss_sup: 1.041
[GPU1] epochs: [87/100] train_acc: 0.662 train_loss_sup: 1.041
[GPU1] epochs: [88/100] train_acc: 0.663 train_loss_sup: 1.042
[GPU1] epochs: [89/100] train_acc: 0.666 train_loss_sup: 1.038
[GPU1] epochs: [90/100] train_acc: 0.666 train_loss_sup: 1.039
[GPU1] Test Accuracy at epoch: 90: 0.699
[GPU1] epochs: [91/100] train_acc: 0.664 train_loss_sup: 1.041
[GPU1] epochs: [92/100] train_acc: 0.665 train_loss_sup: 1.037
[GPU1] epochs: [93/100] train_acc: 0.664 train_loss_sup: 1.039
[GPU1] epochs: [94/100] train_acc: 0.666 train_loss_sup: 1.035
[GPU1] epochs: [95/100] train_acc: 0.665 train_loss_sup: 1.036
[GPU1] epochs: [96/100] train_acc: 0.665 train_loss_sup: 1.035
[GPU1] epochs: [97/100] train_acc: 0.669 train_loss_sup: 1.031
[GPU1] epochs: [98/100] train_acc: 0.667 train_loss_sup: 1.031
[GPU1] epochs: [99/100] train_acc: 0.668 train_loss_sup: 1.032
[GPU1] epochs: [100/100] train_acc: 0.665 train_loss_sup: 1.032
[GPU1] Final Test Accuracy: 0.702
LR: 0.100 | WD: 0.000100 | Cosine: False | test Acc: 0.702%
===> using linear mlp
Scheduler: None
MLP: MLP(
  (mlp): Linear(in_features=512, out_features=10, bias=True)
)
[GPU1] Test Accuracy at epoch: 0: 0.569
[GPU1] epochs: [1/100] train_acc: 0.431 train_loss_sup: 2.195
[GPU1] epochs: [2/100] train_acc: 0.560 train_loss_sup: 1.982
[GPU1] epochs: [3/100] train_acc: 0.572 train_loss_sup: 1.826
[GPU1] epochs: [4/100] train_acc: 0.581 train_loss_sup: 1.713
[GPU1] epochs: [5/100] train_acc: 0.588 train_loss_sup: 1.622
[GPU1] epochs: [6/100] train_acc: 0.593 train_loss_sup: 1.554
[GPU1] epochs: [7/100] train_acc: 0.597 train_loss_sup: 1.495
[GPU1] epochs: [8/100] train_acc: 0.602 train_loss_sup: 1.450
[GPU1] epochs: [9/100] train_acc: 0.604 train_loss_sup: 1.411
[GPU1] epochs: [10/100] train_acc: 0.604 train_loss_sup: 1.374
[GPU1] Test Accuracy at epoch: 10: 0.638
[GPU1] epochs: [11/100] train_acc: 0.610 train_loss_sup: 1.346
[GPU1] epochs: [12/100] train_acc: 0.614 train_loss_sup: 1.317
[GPU1] epochs: [13/100] train_acc: 0.612 train_loss_sup: 1.297
[GPU1] epochs: [14/100] train_acc: 0.616 train_loss_sup: 1.275
[GPU1] epochs: [15/100] train_acc: 0.617 train_loss_sup: 1.257
[GPU1] epochs: [16/100] train_acc: 0.619 train_loss_sup: 1.241
[GPU1] epochs: [17/100] train_acc: 0.624 train_loss_sup: 1.224
[GPU1] epochs: [18/100] train_acc: 0.624 train_loss_sup: 1.211
[GPU1] epochs: [19/100] train_acc: 0.624 train_loss_sup: 1.201
[GPU1] epochs: [20/100] train_acc: 0.628 train_loss_sup: 1.184
[GPU1] Test Accuracy at epoch: 20: 0.659
[GPU1] epochs: [21/100] train_acc: 0.629 train_loss_sup: 1.175
[GPU1] epochs: [22/100] train_acc: 0.632 train_loss_sup: 1.160
[GPU1] epochs: [23/100] train_acc: 0.632 train_loss_sup: 1.157
[GPU1] epochs: [24/100] train_acc: 0.632 train_loss_sup: 1.147
[GPU1] epochs: [25/100] train_acc: 0.634 train_loss_sup: 1.136
[GPU1] epochs: [26/100] train_acc: 0.633 train_loss_sup: 1.132
[GPU1] epochs: [27/100] train_acc: 0.636 train_loss_sup: 1.126
[GPU1] epochs: [28/100] train_acc: 0.635 train_loss_sup: 1.121
[GPU1] epochs: [29/100] train_acc: 0.637 train_loss_sup: 1.111
[GPU1] epochs: [30/100] train_acc: 0.639 train_loss_sup: 1.108
[GPU1] Test Accuracy at epoch: 30: 0.673
[GPU1] epochs: [31/100] train_acc: 0.642 train_loss_sup: 1.097
[GPU1] epochs: [32/100] train_acc: 0.641 train_loss_sup: 1.092
[GPU1] epochs: [33/100] train_acc: 0.641 train_loss_sup: 1.090
[GPU1] epochs: [34/100] train_acc: 0.644 train_loss_sup: 1.081
[GPU1] epochs: [35/100] train_acc: 0.645 train_loss_sup: 1.076
[GPU1] epochs: [36/100] train_acc: 0.643 train_loss_sup: 1.073
[GPU1] epochs: [37/100] train_acc: 0.647 train_loss_sup: 1.067
[GPU1] epochs: [38/100] train_acc: 0.645 train_loss_sup: 1.067
[GPU1] epochs: [39/100] train_acc: 0.647 train_loss_sup: 1.060
[GPU1] epochs: [40/100] train_acc: 0.650 train_loss_sup: 1.052
[GPU1] Test Accuracy at epoch: 40: 0.684
[GPU1] epochs: [41/100] train_acc: 0.651 train_loss_sup: 1.051
[GPU1] epochs: [42/100] train_acc: 0.649 train_loss_sup: 1.047
[GPU1] epochs: [43/100] train_acc: 0.651 train_loss_sup: 1.042
[GPU1] epochs: [44/100] train_acc: 0.652 train_loss_sup: 1.038
[GPU1] epochs: [45/100] train_acc: 0.654 train_loss_sup: 1.040
[GPU1] epochs: [46/100] train_acc: 0.651 train_loss_sup: 1.036
[GPU1] epochs: [47/100] train_acc: 0.654 train_loss_sup: 1.032
[GPU1] epochs: [48/100] train_acc: 0.657 train_loss_sup: 1.027
[GPU1] epochs: [49/100] train_acc: 0.655 train_loss_sup: 1.023
[GPU1] epochs: [50/100] train_acc: 0.655 train_loss_sup: 1.023
[GPU1] Test Accuracy at epoch: 50: 0.693
[GPU1] epochs: [51/100] train_acc: 0.656 train_loss_sup: 1.019
[GPU1] epochs: [52/100] train_acc: 0.657 train_loss_sup: 1.015
[GPU1] epochs: [53/100] train_acc: 0.657 train_loss_sup: 1.013
[GPU1] epochs: [54/100] train_acc: 0.659 train_loss_sup: 1.011
[GPU1] epochs: [55/100] train_acc: 0.658 train_loss_sup: 1.015
[GPU1] epochs: [56/100] train_acc: 0.662 train_loss_sup: 1.003
[GPU1] epochs: [57/100] train_acc: 0.662 train_loss_sup: 1.000
[GPU1] epochs: [58/100] train_acc: 0.661 train_loss_sup: 1.005
[GPU1] epochs: [59/100] train_acc: 0.662 train_loss_sup: 0.997
[GPU1] epochs: [60/100] train_acc: 0.661 train_loss_sup: 0.998
[GPU1] Test Accuracy at epoch: 60: 0.698
[GPU1] epochs: [61/100] train_acc: 0.664 train_loss_sup: 0.993
[GPU1] epochs: [62/100] train_acc: 0.663 train_loss_sup: 0.991
[GPU1] epochs: [63/100] train_acc: 0.664 train_loss_sup: 0.989
[GPU1] epochs: [64/100] train_acc: 0.663 train_loss_sup: 0.988
[GPU1] epochs: [65/100] train_acc: 0.666 train_loss_sup: 0.983
[GPU1] epochs: [66/100] train_acc: 0.666 train_loss_sup: 0.987
[GPU1] epochs: [67/100] train_acc: 0.664 train_loss_sup: 0.985
[GPU1] epochs: [68/100] train_acc: 0.664 train_loss_sup: 0.985
[GPU1] epochs: [69/100] train_acc: 0.668 train_loss_sup: 0.982
[GPU1] epochs: [70/100] train_acc: 0.668 train_loss_sup: 0.975
[GPU1] Test Accuracy at epoch: 70: 0.703
[GPU1] epochs: [71/100] train_acc: 0.670 train_loss_sup: 0.972
[GPU1] epochs: [72/100] train_acc: 0.665 train_loss_sup: 0.978
[GPU1] epochs: [73/100] train_acc: 0.668 train_loss_sup: 0.973
[GPU1] epochs: [74/100] train_acc: 0.669 train_loss_sup: 0.972
[GPU1] epochs: [75/100] train_acc: 0.671 train_loss_sup: 0.968
[GPU1] epochs: [76/100] train_acc: 0.670 train_loss_sup: 0.967
[GPU1] epochs: [77/100] train_acc: 0.670 train_loss_sup: 0.962
[GPU1] epochs: [78/100] train_acc: 0.669 train_loss_sup: 0.966
[GPU1] epochs: [79/100] train_acc: 0.668 train_loss_sup: 0.967
[GPU1] epochs: [80/100] train_acc: 0.672 train_loss_sup: 0.964
[GPU1] Test Accuracy at epoch: 80: 0.707
[GPU1] epochs: [81/100] train_acc: 0.673 train_loss_sup: 0.956
[GPU1] epochs: [82/100] train_acc: 0.675 train_loss_sup: 0.956
[GPU1] epochs: [83/100] train_acc: 0.672 train_loss_sup: 0.959
[GPU1] epochs: [84/100] train_acc: 0.672 train_loss_sup: 0.956
[GPU1] epochs: [85/100] train_acc: 0.675 train_loss_sup: 0.953
[GPU1] epochs: [86/100] train_acc: 0.675 train_loss_sup: 0.952
[GPU1] epochs: [87/100] train_acc: 0.672 train_loss_sup: 0.952
[GPU1] epochs: [88/100] train_acc: 0.674 train_loss_sup: 0.947
[GPU1] epochs: [89/100] train_acc: 0.675 train_loss_sup: 0.947
[GPU1] epochs: [90/100] train_acc: 0.675 train_loss_sup: 0.946
[GPU1] Test Accuracy at epoch: 90: 0.711
[GPU1] epochs: [91/100] train_acc: 0.675 train_loss_sup: 0.946
[GPU1] epochs: [92/100] train_acc: 0.673 train_loss_sup: 0.948
[GPU1] epochs: [93/100] train_acc: 0.677 train_loss_sup: 0.940
[GPU1] epochs: [94/100] train_acc: 0.676 train_loss_sup: 0.945
[GPU1] epochs: [95/100] train_acc: 0.676 train_loss_sup: 0.941
[GPU1] epochs: [96/100] train_acc: 0.674 train_loss_sup: 0.944
[GPU1] epochs: [97/100] train_acc: 0.675 train_loss_sup: 0.941
[GPU1] epochs: [98/100] train_acc: 0.680 train_loss_sup: 0.933
[GPU1] epochs: [99/100] train_acc: 0.678 train_loss_sup: 0.934
[GPU1] epochs: [100/100] train_acc: 0.678 train_loss_sup: 0.939
[GPU1] Final Test Accuracy: 0.716
LR: 0.100 | WD: 0.000000 | Cosine: False | test Acc: 0.716%
===> using linear mlp
Scheduler: None
MLP: MLP(
  (mlp): Linear(in_features=512, out_features=10, bias=True)
)
[GPU1] Test Accuracy at epoch: 0: 0.63
[GPU1] epochs: [1/100] train_acc: 0.520 train_loss_sup: 1.716
[GPU1] epochs: [2/100] train_acc: 0.611 train_loss_sup: 1.258
[GPU1] epochs: [3/100] train_acc: 0.630 train_loss_sup: 1.137
[GPU1] epochs: [4/100] train_acc: 0.641 train_loss_sup: 1.079
[GPU1] epochs: [5/100] train_acc: 0.650 train_loss_sup: 1.038
[GPU1] epochs: [6/100] train_acc: 0.656 train_loss_sup: 1.009
[GPU1] epochs: [7/100] train_acc: 0.662 train_loss_sup: 0.988
[GPU1] epochs: [8/100] train_acc: 0.663 train_loss_sup: 0.973
[GPU1] epochs: [9/100] train_acc: 0.669 train_loss_sup: 0.957
[GPU1] epochs: [10/100] train_acc: 0.676 train_loss_sup: 0.942
[GPU1] Test Accuracy at epoch: 10: 0.717
[GPU1] epochs: [11/100] train_acc: 0.678 train_loss_sup: 0.934
[GPU1] epochs: [12/100] train_acc: 0.681 train_loss_sup: 0.923
[GPU1] epochs: [13/100] train_acc: 0.681 train_loss_sup: 0.919
[GPU1] epochs: [14/100] train_acc: 0.686 train_loss_sup: 0.907
[GPU1] epochs: [15/100] train_acc: 0.686 train_loss_sup: 0.903
[GPU1] epochs: [16/100] train_acc: 0.688 train_loss_sup: 0.898
[GPU1] epochs: [17/100] train_acc: 0.691 train_loss_sup: 0.892
[GPU1] epochs: [18/100] train_acc: 0.692 train_loss_sup: 0.887
[GPU1] epochs: [19/100] train_acc: 0.694 train_loss_sup: 0.879
[GPU1] epochs: [20/100] train_acc: 0.693 train_loss_sup: 0.879
[GPU1] Test Accuracy at epoch: 20: 0.732
[GPU1] epochs: [21/100] train_acc: 0.697 train_loss_sup: 0.873
[GPU1] epochs: [22/100] train_acc: 0.697 train_loss_sup: 0.870
[GPU1] epochs: [23/100] train_acc: 0.702 train_loss_sup: 0.860
[GPU1] epochs: [24/100] train_acc: 0.697 train_loss_sup: 0.867
[GPU1] epochs: [25/100] train_acc: 0.701 train_loss_sup: 0.856
[GPU1] epochs: [26/100] train_acc: 0.704 train_loss_sup: 0.850
[GPU1] epochs: [27/100] train_acc: 0.702 train_loss_sup: 0.853
[GPU1] epochs: [28/100] train_acc: 0.701 train_loss_sup: 0.854
[GPU1] epochs: [29/100] train_acc: 0.705 train_loss_sup: 0.848
[GPU1] epochs: [30/100] train_acc: 0.708 train_loss_sup: 0.841
[GPU1] Test Accuracy at epoch: 30: 0.748
[GPU1] epochs: [31/100] train_acc: 0.705 train_loss_sup: 0.842
[GPU1] epochs: [32/100] train_acc: 0.707 train_loss_sup: 0.839
[GPU1] epochs: [33/100] train_acc: 0.709 train_loss_sup: 0.835
[GPU1] epochs: [34/100] train_acc: 0.707 train_loss_sup: 0.838
[GPU1] epochs: [35/100] train_acc: 0.709 train_loss_sup: 0.834
[GPU1] epochs: [36/100] train_acc: 0.707 train_loss_sup: 0.837
[GPU1] epochs: [37/100] train_acc: 0.710 train_loss_sup: 0.830
[GPU1] epochs: [38/100] train_acc: 0.708 train_loss_sup: 0.833
[GPU1] epochs: [39/100] train_acc: 0.713 train_loss_sup: 0.824
[GPU1] epochs: [40/100] train_acc: 0.708 train_loss_sup: 0.831
[GPU1] Test Accuracy at epoch: 40: 0.754
[GPU1] epochs: [41/100] train_acc: 0.709 train_loss_sup: 0.827
[GPU1] epochs: [42/100] train_acc: 0.713 train_loss_sup: 0.821
[GPU1] epochs: [43/100] train_acc: 0.712 train_loss_sup: 0.825
[GPU1] epochs: [44/100] train_acc: 0.714 train_loss_sup: 0.820
[GPU1] epochs: [45/100] train_acc: 0.715 train_loss_sup: 0.819
[GPU1] epochs: [46/100] train_acc: 0.715 train_loss_sup: 0.818
[GPU1] epochs: [47/100] train_acc: 0.716 train_loss_sup: 0.815
[GPU1] epochs: [48/100] train_acc: 0.716 train_loss_sup: 0.812
[GPU1] epochs: [49/100] train_acc: 0.714 train_loss_sup: 0.814
[GPU1] epochs: [50/100] train_acc: 0.716 train_loss_sup: 0.811
[GPU1] Test Accuracy at epoch: 50: 0.757
[GPU1] epochs: [51/100] train_acc: 0.718 train_loss_sup: 0.811
[GPU1] epochs: [52/100] train_acc: 0.716 train_loss_sup: 0.809
[GPU1] epochs: [53/100] train_acc: 0.715 train_loss_sup: 0.815
[GPU1] epochs: [54/100] train_acc: 0.717 train_loss_sup: 0.810
[GPU1] epochs: [55/100] train_acc: 0.718 train_loss_sup: 0.806
[GPU1] epochs: [56/100] train_acc: 0.717 train_loss_sup: 0.811
[GPU1] epochs: [57/100] train_acc: 0.720 train_loss_sup: 0.800
[GPU1] epochs: [58/100] train_acc: 0.717 train_loss_sup: 0.804
[GPU1] epochs: [59/100] train_acc: 0.719 train_loss_sup: 0.801
[GPU1] epochs: [60/100] train_acc: 0.720 train_loss_sup: 0.803
[GPU1] Test Accuracy at epoch: 60: 0.764
[GPU1] epochs: [61/100] train_acc: 0.719 train_loss_sup: 0.803
[GPU1] epochs: [62/100] train_acc: 0.720 train_loss_sup: 0.798
[GPU1] epochs: [63/100] train_acc: 0.719 train_loss_sup: 0.800
[GPU1] epochs: [64/100] train_acc: 0.720 train_loss_sup: 0.801
[GPU1] epochs: [65/100] train_acc: 0.718 train_loss_sup: 0.805
[GPU1] epochs: [66/100] train_acc: 0.721 train_loss_sup: 0.794
[GPU1] epochs: [67/100] train_acc: 0.723 train_loss_sup: 0.797
[GPU1] epochs: [68/100] train_acc: 0.720 train_loss_sup: 0.799
[GPU1] epochs: [69/100] train_acc: 0.722 train_loss_sup: 0.798
[GPU1] epochs: [70/100] train_acc: 0.722 train_loss_sup: 0.794
[GPU1] Test Accuracy at epoch: 70: 0.767
[GPU1] epochs: [71/100] train_acc: 0.721 train_loss_sup: 0.797
[GPU1] epochs: [72/100] train_acc: 0.721 train_loss_sup: 0.794
[GPU1] epochs: [73/100] train_acc: 0.720 train_loss_sup: 0.796
[GPU1] epochs: [74/100] train_acc: 0.721 train_loss_sup: 0.791
[GPU1] epochs: [75/100] train_acc: 0.723 train_loss_sup: 0.787
[GPU1] epochs: [76/100] train_acc: 0.722 train_loss_sup: 0.790
[GPU1] epochs: [77/100] train_acc: 0.723 train_loss_sup: 0.795
[GPU1] epochs: [78/100] train_acc: 0.725 train_loss_sup: 0.791
[GPU1] epochs: [79/100] train_acc: 0.722 train_loss_sup: 0.792
[GPU1] epochs: [80/100] train_acc: 0.723 train_loss_sup: 0.784
[GPU1] Test Accuracy at epoch: 80: 0.766
[GPU1] epochs: [81/100] train_acc: 0.724 train_loss_sup: 0.786
[GPU1] epochs: [82/100] train_acc: 0.725 train_loss_sup: 0.786
[GPU1] epochs: [83/100] train_acc: 0.724 train_loss_sup: 0.788
[GPU1] epochs: [84/100] train_acc: 0.724 train_loss_sup: 0.787
[GPU1] epochs: [85/100] train_acc: 0.723 train_loss_sup: 0.790
[GPU1] epochs: [86/100] train_acc: 0.725 train_loss_sup: 0.785
[GPU1] epochs: [87/100] train_acc: 0.724 train_loss_sup: 0.781
[GPU1] epochs: [88/100] train_acc: 0.726 train_loss_sup: 0.781
[GPU1] epochs: [89/100] train_acc: 0.725 train_loss_sup: 0.784
[GPU1] epochs: [90/100] train_acc: 0.725 train_loss_sup: 0.782
[GPU1] Test Accuracy at epoch: 90: 0.77
[GPU1] epochs: [91/100] train_acc: 0.726 train_loss_sup: 0.784
[GPU1] epochs: [92/100] train_acc: 0.727 train_loss_sup: 0.781
[GPU1] epochs: [93/100] train_acc: 0.725 train_loss_sup: 0.783
[GPU1] epochs: [94/100] train_acc: 0.725 train_loss_sup: 0.785
[GPU1] epochs: [95/100] train_acc: 0.727 train_loss_sup: 0.780
[GPU1] epochs: [96/100] train_acc: 0.724 train_loss_sup: 0.786
[GPU1] epochs: [97/100] train_acc: 0.729 train_loss_sup: 0.779
[GPU1] epochs: [98/100] train_acc: 0.726 train_loss_sup: 0.779
[GPU1] epochs: [99/100] train_acc: 0.725 train_loss_sup: 0.780
[GPU1] epochs: [100/100] train_acc: 0.726 train_loss_sup: 0.780
[GPU1] Final Test Accuracy: 0.771
LR: 1.000 | WD: 0.000001 | Cosine: False | test Acc: 0.771%
===> using linear mlp
Scheduler: None
MLP: MLP(
  (mlp): Linear(in_features=512, out_features=10, bias=True)
)
[GPU1] Test Accuracy at epoch: 0: 0.625
[GPU1] epochs: [1/100] train_acc: 0.520 train_loss_sup: 1.726
[GPU1] epochs: [2/100] train_acc: 0.608 train_loss_sup: 1.284
[GPU1] epochs: [3/100] train_acc: 0.627 train_loss_sup: 1.179
[GPU1] epochs: [4/100] train_acc: 0.638 train_loss_sup: 1.126
[GPU1] epochs: [5/100] train_acc: 0.646 train_loss_sup: 1.095
[GPU1] epochs: [6/100] train_acc: 0.650 train_loss_sup: 1.074
[GPU1] epochs: [7/100] train_acc: 0.656 train_loss_sup: 1.061
[GPU1] epochs: [8/100] train_acc: 0.660 train_loss_sup: 1.049
[GPU1] epochs: [9/100] train_acc: 0.665 train_loss_sup: 1.038
[GPU1] epochs: [10/100] train_acc: 0.663 train_loss_sup: 1.040
[GPU1] Test Accuracy at epoch: 10: 0.7
[GPU1] epochs: [11/100] train_acc: 0.666 train_loss_sup: 1.030
[GPU1] epochs: [12/100] train_acc: 0.667 train_loss_sup: 1.027
[GPU1] epochs: [13/100] train_acc: 0.667 train_loss_sup: 1.026
[GPU1] epochs: [14/100] train_acc: 0.668 train_loss_sup: 1.024
[GPU1] epochs: [15/100] train_acc: 0.670 train_loss_sup: 1.020
[GPU1] epochs: [16/100] train_acc: 0.670 train_loss_sup: 1.016
[GPU1] epochs: [17/100] train_acc: 0.671 train_loss_sup: 1.019
[GPU1] epochs: [18/100] train_acc: 0.671 train_loss_sup: 1.018
[GPU1] epochs: [19/100] train_acc: 0.675 train_loss_sup: 1.011
[GPU1] epochs: [20/100] train_acc: 0.673 train_loss_sup: 1.012
[GPU1] Test Accuracy at epoch: 20: 0.708
[GPU1] epochs: [21/100] train_acc: 0.676 train_loss_sup: 1.012
[GPU1] epochs: [22/100] train_acc: 0.672 train_loss_sup: 1.013
[GPU1] epochs: [23/100] train_acc: 0.671 train_loss_sup: 1.011
[GPU1] epochs: [24/100] train_acc: 0.674 train_loss_sup: 1.010
[GPU1] epochs: [25/100] train_acc: 0.673 train_loss_sup: 1.014
[GPU1] epochs: [26/100] train_acc: 0.677 train_loss_sup: 1.009
[GPU1] epochs: [27/100] train_acc: 0.677 train_loss_sup: 1.011
[GPU1] epochs: [28/100] train_acc: 0.673 train_loss_sup: 1.013
[GPU1] epochs: [29/100] train_acc: 0.675 train_loss_sup: 1.011
[GPU1] epochs: [30/100] train_acc: 0.673 train_loss_sup: 1.012
[GPU1] Test Accuracy at epoch: 30: 0.712
[GPU1] epochs: [31/100] train_acc: 0.677 train_loss_sup: 1.005
[GPU1] epochs: [32/100] train_acc: 0.673 train_loss_sup: 1.014
[GPU1] epochs: [33/100] train_acc: 0.674 train_loss_sup: 1.008
[GPU1] epochs: [34/100] train_acc: 0.679 train_loss_sup: 1.007
[GPU1] epochs: [35/100] train_acc: 0.676 train_loss_sup: 1.009
[GPU1] epochs: [36/100] train_acc: 0.675 train_loss_sup: 1.011
[GPU1] epochs: [37/100] train_acc: 0.676 train_loss_sup: 1.007
[GPU1] epochs: [38/100] train_acc: 0.676 train_loss_sup: 1.009
[GPU1] epochs: [39/100] train_acc: 0.672 train_loss_sup: 1.012
[GPU1] epochs: [40/100] train_acc: 0.672 train_loss_sup: 1.012
[GPU1] Test Accuracy at epoch: 40: 0.715
[GPU1] epochs: [41/100] train_acc: 0.680 train_loss_sup: 1.006
[GPU1] epochs: [42/100] train_acc: 0.674 train_loss_sup: 1.008
[GPU1] epochs: [43/100] train_acc: 0.673 train_loss_sup: 1.011
[GPU1] epochs: [44/100] train_acc: 0.675 train_loss_sup: 1.012
[GPU1] epochs: [45/100] train_acc: 0.674 train_loss_sup: 1.008
[GPU1] epochs: [46/100] train_acc: 0.674 train_loss_sup: 1.011
[GPU1] epochs: [47/100] train_acc: 0.677 train_loss_sup: 1.007
[GPU1] epochs: [48/100] train_acc: 0.673 train_loss_sup: 1.010
[GPU1] epochs: [49/100] train_acc: 0.676 train_loss_sup: 1.007
[GPU1] epochs: [50/100] train_acc: 0.677 train_loss_sup: 1.008
[GPU1] Test Accuracy at epoch: 50: 0.712
[GPU1] epochs: [51/100] train_acc: 0.674 train_loss_sup: 1.010
[GPU1] epochs: [52/100] train_acc: 0.675 train_loss_sup: 1.008
[GPU1] epochs: [53/100] train_acc: 0.676 train_loss_sup: 1.009
[GPU1] epochs: [54/100] train_acc: 0.676 train_loss_sup: 1.010
[GPU1] epochs: [55/100] train_acc: 0.675 train_loss_sup: 1.007
[GPU1] epochs: [56/100] train_acc: 0.674 train_loss_sup: 1.011
[GPU1] epochs: [57/100] train_acc: 0.677 train_loss_sup: 1.008
[GPU1] epochs: [58/100] train_acc: 0.674 train_loss_sup: 1.007
[GPU1] epochs: [59/100] train_acc: 0.677 train_loss_sup: 1.007
[GPU1] epochs: [60/100] train_acc: 0.675 train_loss_sup: 1.010
[GPU1] Test Accuracy at epoch: 60: 0.71
[GPU1] epochs: [61/100] train_acc: 0.676 train_loss_sup: 1.011
[GPU1] epochs: [62/100] train_acc: 0.676 train_loss_sup: 1.012
[GPU1] epochs: [63/100] train_acc: 0.675 train_loss_sup: 1.008
[GPU1] epochs: [64/100] train_acc: 0.678 train_loss_sup: 1.008
[GPU1] epochs: [65/100] train_acc: 0.677 train_loss_sup: 1.011
[GPU1] epochs: [66/100] train_acc: 0.679 train_loss_sup: 1.005
[GPU1] epochs: [67/100] train_acc: 0.677 train_loss_sup: 1.008
[GPU1] epochs: [68/100] train_acc: 0.673 train_loss_sup: 1.011
[GPU1] epochs: [69/100] train_acc: 0.678 train_loss_sup: 1.009
[GPU1] epochs: [70/100] train_acc: 0.674 train_loss_sup: 1.008
[GPU1] Test Accuracy at epoch: 70: 0.711
[GPU1] epochs: [71/100] train_acc: 0.677 train_loss_sup: 1.006
[GPU1] epochs: [72/100] train_acc: 0.678 train_loss_sup: 1.007
[GPU1] epochs: [73/100] train_acc: 0.677 train_loss_sup: 1.010
[GPU1] epochs: [74/100] train_acc: 0.675 train_loss_sup: 1.007
[GPU1] epochs: [75/100] train_acc: 0.674 train_loss_sup: 1.011
[GPU1] epochs: [76/100] train_acc: 0.675 train_loss_sup: 1.010
[GPU1] epochs: [77/100] train_acc: 0.675 train_loss_sup: 1.008
[GPU1] epochs: [78/100] train_acc: 0.677 train_loss_sup: 1.011
[GPU1] epochs: [79/100] train_acc: 0.677 train_loss_sup: 1.009
[GPU1] epochs: [80/100] train_acc: 0.677 train_loss_sup: 1.008
[GPU1] Test Accuracy at epoch: 80: 0.71
[GPU1] epochs: [81/100] train_acc: 0.677 train_loss_sup: 1.009
[GPU1] epochs: [82/100] train_acc: 0.676 train_loss_sup: 1.006
[GPU1] epochs: [83/100] train_acc: 0.676 train_loss_sup: 1.008
[GPU1] epochs: [84/100] train_acc: 0.678 train_loss_sup: 1.007
[GPU1] epochs: [85/100] train_acc: 0.673 train_loss_sup: 1.010
[GPU1] epochs: [86/100] train_acc: 0.673 train_loss_sup: 1.012
[GPU1] epochs: [87/100] train_acc: 0.678 train_loss_sup: 1.006
[GPU1] epochs: [88/100] train_acc: 0.677 train_loss_sup: 1.008
[GPU1] epochs: [89/100] train_acc: 0.676 train_loss_sup: 1.008
[GPU1] epochs: [90/100] train_acc: 0.674 train_loss_sup: 1.012
[GPU1] Test Accuracy at epoch: 90: 0.716
[GPU1] epochs: [91/100] train_acc: 0.677 train_loss_sup: 1.005
[GPU1] epochs: [92/100] train_acc: 0.675 train_loss_sup: 1.008
[GPU1] epochs: [93/100] train_acc: 0.675 train_loss_sup: 1.011
[GPU1] epochs: [94/100] train_acc: 0.676 train_loss_sup: 1.007
[GPU1] epochs: [95/100] train_acc: 0.680 train_loss_sup: 1.001
[GPU1] epochs: [96/100] train_acc: 0.675 train_loss_sup: 1.009
[GPU1] epochs: [97/100] train_acc: 0.677 train_loss_sup: 1.005
[GPU1] epochs: [98/100] train_acc: 0.676 train_loss_sup: 1.007
[GPU1] epochs: [99/100] train_acc: 0.674 train_loss_sup: 1.009
[GPU1] epochs: [100/100] train_acc: 0.678 train_loss_sup: 1.008
[GPU1] Final Test Accuracy: 0.71
LR: 1.000 | WD: 0.000100 | Cosine: False | test Acc: 0.716%
===> using linear mlp
Scheduler: None
MLP: MLP(
  (mlp): Linear(in_features=512, out_features=10, bias=True)
)
[GPU1] Test Accuracy at epoch: 0: 0.622
[GPU1] epochs: [1/100] train_acc: 0.519 train_loss_sup: 1.716
[GPU1] epochs: [2/100] train_acc: 0.611 train_loss_sup: 1.259
[GPU1] epochs: [3/100] train_acc: 0.629 train_loss_sup: 1.141
[GPU1] epochs: [4/100] train_acc: 0.642 train_loss_sup: 1.076
[GPU1] epochs: [5/100] train_acc: 0.649 train_loss_sup: 1.040
[GPU1] epochs: [6/100] train_acc: 0.658 train_loss_sup: 1.007
[GPU1] epochs: [7/100] train_acc: 0.666 train_loss_sup: 0.987
[GPU1] epochs: [8/100] train_acc: 0.667 train_loss_sup: 0.968
[GPU1] epochs: [9/100] train_acc: 0.671 train_loss_sup: 0.957
[GPU1] epochs: [10/100] train_acc: 0.677 train_loss_sup: 0.940
[GPU1] Test Accuracy at epoch: 10: 0.715
[GPU1] epochs: [11/100] train_acc: 0.679 train_loss_sup: 0.931
[GPU1] epochs: [12/100] train_acc: 0.680 train_loss_sup: 0.922
[GPU1] epochs: [13/100] train_acc: 0.682 train_loss_sup: 0.916
[GPU1] epochs: [14/100] train_acc: 0.686 train_loss_sup: 0.906
[GPU1] epochs: [15/100] train_acc: 0.684 train_loss_sup: 0.904
[GPU1] epochs: [16/100] train_acc: 0.690 train_loss_sup: 0.895
[GPU1] epochs: [17/100] train_acc: 0.690 train_loss_sup: 0.891
[GPU1] epochs: [18/100] train_acc: 0.691 train_loss_sup: 0.889
[GPU1] epochs: [19/100] train_acc: 0.692 train_loss_sup: 0.880
[GPU1] epochs: [20/100] train_acc: 0.698 train_loss_sup: 0.873
[GPU1] Test Accuracy at epoch: 20: 0.735
[GPU1] epochs: [21/100] train_acc: 0.697 train_loss_sup: 0.871
[GPU1] epochs: [22/100] train_acc: 0.698 train_loss_sup: 0.865
[GPU1] epochs: [23/100] train_acc: 0.695 train_loss_sup: 0.869
[GPU1] epochs: [24/100] train_acc: 0.699 train_loss_sup: 0.859
[GPU1] epochs: [25/100] train_acc: 0.701 train_loss_sup: 0.856
[GPU1] epochs: [26/100] train_acc: 0.703 train_loss_sup: 0.856
[GPU1] epochs: [27/100] train_acc: 0.704 train_loss_sup: 0.852
[GPU1] epochs: [28/100] train_acc: 0.703 train_loss_sup: 0.847
[GPU1] epochs: [29/100] train_acc: 0.705 train_loss_sup: 0.847
[GPU1] epochs: [30/100] train_acc: 0.706 train_loss_sup: 0.844
[GPU1] Test Accuracy at epoch: 30: 0.747
[GPU1] epochs: [31/100] train_acc: 0.707 train_loss_sup: 0.839
[GPU1] epochs: [32/100] train_acc: 0.707 train_loss_sup: 0.839
[GPU1] epochs: [33/100] train_acc: 0.704 train_loss_sup: 0.839
[GPU1] epochs: [34/100] train_acc: 0.709 train_loss_sup: 0.833
[GPU1] epochs: [35/100] train_acc: 0.707 train_loss_sup: 0.833
[GPU1] epochs: [36/100] train_acc: 0.710 train_loss_sup: 0.827
[GPU1] epochs: [37/100] train_acc: 0.711 train_loss_sup: 0.825
[GPU1] epochs: [38/100] train_acc: 0.713 train_loss_sup: 0.826
[GPU1] epochs: [39/100] train_acc: 0.709 train_loss_sup: 0.827
[GPU1] epochs: [40/100] train_acc: 0.712 train_loss_sup: 0.823
[GPU1] Test Accuracy at epoch: 40: 0.751
[GPU1] epochs: [41/100] train_acc: 0.710 train_loss_sup: 0.823
[GPU1] epochs: [42/100] train_acc: 0.710 train_loss_sup: 0.824
[GPU1] epochs: [43/100] train_acc: 0.713 train_loss_sup: 0.814
[GPU1] epochs: [44/100] train_acc: 0.713 train_loss_sup: 0.817
[GPU1] epochs: [45/100] train_acc: 0.715 train_loss_sup: 0.816
[GPU1] epochs: [46/100] train_acc: 0.713 train_loss_sup: 0.815
[GPU1] epochs: [47/100] train_acc: 0.714 train_loss_sup: 0.816
[GPU1] epochs: [48/100] train_acc: 0.717 train_loss_sup: 0.810
[GPU1] epochs: [49/100] train_acc: 0.714 train_loss_sup: 0.814
[GPU1] epochs: [50/100] train_acc: 0.716 train_loss_sup: 0.810
[GPU1] Test Accuracy at epoch: 50: 0.759
[GPU1] epochs: [51/100] train_acc: 0.716 train_loss_sup: 0.810
[GPU1] epochs: [52/100] train_acc: 0.716 train_loss_sup: 0.810
[GPU1] epochs: [53/100] train_acc: 0.716 train_loss_sup: 0.808
[GPU1] epochs: [54/100] train_acc: 0.717 train_loss_sup: 0.808
[GPU1] epochs: [55/100] train_acc: 0.716 train_loss_sup: 0.808
[GPU1] epochs: [56/100] train_acc: 0.721 train_loss_sup: 0.799
[GPU1] epochs: [57/100] train_acc: 0.718 train_loss_sup: 0.804
[GPU1] epochs: [58/100] train_acc: 0.718 train_loss_sup: 0.801
[GPU1] epochs: [59/100] train_acc: 0.719 train_loss_sup: 0.801
[GPU1] epochs: [60/100] train_acc: 0.720 train_loss_sup: 0.799
[GPU1] Test Accuracy at epoch: 60: 0.759
[GPU1] epochs: [61/100] train_acc: 0.720 train_loss_sup: 0.802
[GPU1] epochs: [62/100] train_acc: 0.717 train_loss_sup: 0.801
[GPU1] epochs: [63/100] train_acc: 0.720 train_loss_sup: 0.796
[GPU1] epochs: [64/100] train_acc: 0.721 train_loss_sup: 0.796
[GPU1] epochs: [65/100] train_acc: 0.720 train_loss_sup: 0.798
[GPU1] epochs: [66/100] train_acc: 0.721 train_loss_sup: 0.795
[GPU1] epochs: [67/100] train_acc: 0.723 train_loss_sup: 0.790
[GPU1] epochs: [68/100] train_acc: 0.721 train_loss_sup: 0.793
[GPU1] epochs: [69/100] train_acc: 0.719 train_loss_sup: 0.797
[GPU1] epochs: [70/100] train_acc: 0.721 train_loss_sup: 0.792
[GPU1] Test Accuracy at epoch: 70: 0.763
[GPU1] epochs: [71/100] train_acc: 0.721 train_loss_sup: 0.794
[GPU1] epochs: [72/100] train_acc: 0.722 train_loss_sup: 0.787
[GPU1] epochs: [73/100] train_acc: 0.722 train_loss_sup: 0.790
[GPU1] epochs: [74/100] train_acc: 0.722 train_loss_sup: 0.793
[GPU1] epochs: [75/100] train_acc: 0.724 train_loss_sup: 0.786
[GPU1] epochs: [76/100] train_acc: 0.723 train_loss_sup: 0.788
[GPU1] epochs: [77/100] train_acc: 0.723 train_loss_sup: 0.789
[GPU1] epochs: [78/100] train_acc: 0.724 train_loss_sup: 0.789
[GPU1] epochs: [79/100] train_acc: 0.726 train_loss_sup: 0.780
[GPU1] epochs: [80/100] train_acc: 0.722 train_loss_sup: 0.794
[GPU1] Test Accuracy at epoch: 80: 0.772
[GPU1] epochs: [81/100] train_acc: 0.724 train_loss_sup: 0.786
[GPU1] epochs: [82/100] train_acc: 0.724 train_loss_sup: 0.786
[GPU1] epochs: [83/100] train_acc: 0.724 train_loss_sup: 0.784
[GPU1] epochs: [84/100] train_acc: 0.723 train_loss_sup: 0.789
[GPU1] epochs: [85/100] train_acc: 0.725 train_loss_sup: 0.785
[GPU1] epochs: [86/100] train_acc: 0.725 train_loss_sup: 0.783
[GPU1] epochs: [87/100] train_acc: 0.724 train_loss_sup: 0.785
[GPU1] epochs: [88/100] train_acc: 0.724 train_loss_sup: 0.786
[GPU1] epochs: [89/100] train_acc: 0.724 train_loss_sup: 0.789
[GPU1] epochs: [90/100] train_acc: 0.727 train_loss_sup: 0.781
[GPU1] Test Accuracy at epoch: 90: 0.771
[GPU1] epochs: [91/100] train_acc: 0.725 train_loss_sup: 0.786
[GPU1] epochs: [92/100] train_acc: 0.730 train_loss_sup: 0.778
[GPU1] epochs: [93/100] train_acc: 0.727 train_loss_sup: 0.779
[GPU1] epochs: [94/100] train_acc: 0.726 train_loss_sup: 0.778
[GPU1] epochs: [95/100] train_acc: 0.728 train_loss_sup: 0.775
[GPU1] epochs: [96/100] train_acc: 0.728 train_loss_sup: 0.777
[GPU1] epochs: [97/100] train_acc: 0.728 train_loss_sup: 0.779
[GPU1] epochs: [98/100] train_acc: 0.725 train_loss_sup: 0.779
[GPU1] epochs: [99/100] train_acc: 0.728 train_loss_sup: 0.772
[GPU1] epochs: [100/100] train_acc: 0.730 train_loss_sup: 0.771
[GPU1] Final Test Accuracy: 0.771
LR: 1.000 | WD: 0.000000 | Cosine: False | test Acc: 0.772%
===> using linear mlp
Scheduler: <torch.optim.lr_scheduler.CosineAnnealingLR object at 0x784f6c4012a0>
MLP: MLP(
  (mlp): Linear(in_features=512, out_features=10, bias=True)
)
[GPU1] Test Accuracy at epoch: 0: 0.569
[GPU1] epochs: [1/100] train_acc: 0.439 train_loss_sup: 2.195
[GPU1] epochs: [2/100] train_acc: 0.545 train_loss_sup: 1.979
[GPU1] epochs: [3/100] train_acc: 0.573 train_loss_sup: 1.825
[GPU1] epochs: [4/100] train_acc: 0.584 train_loss_sup: 1.710
[GPU1] epochs: [5/100] train_acc: 0.586 train_loss_sup: 1.622
[GPU1] epochs: [6/100] train_acc: 0.592 train_loss_sup: 1.553
[GPU1] epochs: [7/100] train_acc: 0.596 train_loss_sup: 1.498
[GPU1] epochs: [8/100] train_acc: 0.601 train_loss_sup: 1.450
[GPU1] epochs: [9/100] train_acc: 0.602 train_loss_sup: 1.413
[GPU1] epochs: [10/100] train_acc: 0.605 train_loss_sup: 1.376
[GPU1] Test Accuracy at epoch: 10: 0.637
[GPU1] epochs: [11/100] train_acc: 0.606 train_loss_sup: 1.350
[GPU1] epochs: [12/100] train_acc: 0.611 train_loss_sup: 1.322
[GPU1] epochs: [13/100] train_acc: 0.614 train_loss_sup: 1.299
[GPU1] epochs: [14/100] train_acc: 0.615 train_loss_sup: 1.283
[GPU1] epochs: [15/100] train_acc: 0.617 train_loss_sup: 1.260
[GPU1] epochs: [16/100] train_acc: 0.619 train_loss_sup: 1.243
[GPU1] epochs: [17/100] train_acc: 0.621 train_loss_sup: 1.231
[GPU1] epochs: [18/100] train_acc: 0.621 train_loss_sup: 1.219
[GPU1] epochs: [19/100] train_acc: 0.625 train_loss_sup: 1.203
[GPU1] epochs: [20/100] train_acc: 0.625 train_loss_sup: 1.194
[GPU1] Test Accuracy at epoch: 20: 0.66
[GPU1] epochs: [21/100] train_acc: 0.628 train_loss_sup: 1.186
[GPU1] epochs: [22/100] train_acc: 0.631 train_loss_sup: 1.173
[GPU1] epochs: [23/100] train_acc: 0.632 train_loss_sup: 1.164
[GPU1] epochs: [24/100] train_acc: 0.632 train_loss_sup: 1.156
[GPU1] epochs: [25/100] train_acc: 0.632 train_loss_sup: 1.150
[GPU1] epochs: [26/100] train_acc: 0.634 train_loss_sup: 1.145
[GPU1] epochs: [27/100] train_acc: 0.633 train_loss_sup: 1.136
[GPU1] epochs: [28/100] train_acc: 0.634 train_loss_sup: 1.133
[GPU1] epochs: [29/100] train_acc: 0.636 train_loss_sup: 1.126
[GPU1] epochs: [30/100] train_acc: 0.635 train_loss_sup: 1.121
[GPU1] Test Accuracy at epoch: 30: 0.668
[GPU1] epochs: [31/100] train_acc: 0.639 train_loss_sup: 1.109
[GPU1] epochs: [32/100] train_acc: 0.636 train_loss_sup: 1.107
[GPU1] epochs: [33/100] train_acc: 0.638 train_loss_sup: 1.107
[GPU1] epochs: [34/100] train_acc: 0.639 train_loss_sup: 1.098
[GPU1] epochs: [35/100] train_acc: 0.641 train_loss_sup: 1.092
[GPU1] epochs: [36/100] train_acc: 0.643 train_loss_sup: 1.087
[GPU1] epochs: [37/100] train_acc: 0.642 train_loss_sup: 1.092
[GPU1] epochs: [38/100] train_acc: 0.648 train_loss_sup: 1.080
[GPU1] epochs: [39/100] train_acc: 0.644 train_loss_sup: 1.077
[GPU1] epochs: [40/100] train_acc: 0.646 train_loss_sup: 1.078
[GPU1] Test Accuracy at epoch: 40: 0.679
[GPU1] epochs: [41/100] train_acc: 0.647 train_loss_sup: 1.074
[GPU1] epochs: [42/100] train_acc: 0.648 train_loss_sup: 1.068
[GPU1] epochs: [43/100] train_acc: 0.645 train_loss_sup: 1.069
[GPU1] epochs: [44/100] train_acc: 0.647 train_loss_sup: 1.063
[GPU1] epochs: [45/100] train_acc: 0.648 train_loss_sup: 1.062
[GPU1] epochs: [46/100] train_acc: 0.648 train_loss_sup: 1.057
[GPU1] epochs: [47/100] train_acc: 0.651 train_loss_sup: 1.060
[GPU1] epochs: [48/100] train_acc: 0.649 train_loss_sup: 1.054
[GPU1] epochs: [49/100] train_acc: 0.649 train_loss_sup: 1.051
[GPU1] epochs: [50/100] train_acc: 0.649 train_loss_sup: 1.051
[GPU1] Test Accuracy at epoch: 50: 0.682
[GPU1] epochs: [51/100] train_acc: 0.649 train_loss_sup: 1.053
[GPU1] epochs: [52/100] train_acc: 0.652 train_loss_sup: 1.044
[GPU1] epochs: [53/100] train_acc: 0.652 train_loss_sup: 1.043
[GPU1] epochs: [54/100] train_acc: 0.653 train_loss_sup: 1.042
[GPU1] epochs: [55/100] train_acc: 0.652 train_loss_sup: 1.042
[GPU1] epochs: [56/100] train_acc: 0.650 train_loss_sup: 1.043
[GPU1] epochs: [57/100] train_acc: 0.653 train_loss_sup: 1.041
[GPU1] epochs: [58/100] train_acc: 0.651 train_loss_sup: 1.040
[GPU1] epochs: [59/100] train_acc: 0.655 train_loss_sup: 1.036
[GPU1] epochs: [60/100] train_acc: 0.654 train_loss_sup: 1.035
[GPU1] Test Accuracy at epoch: 60: 0.688
[GPU1] epochs: [61/100] train_acc: 0.652 train_loss_sup: 1.038
[GPU1] epochs: [62/100] train_acc: 0.652 train_loss_sup: 1.033
[GPU1] epochs: [63/100] train_acc: 0.655 train_loss_sup: 1.031
[GPU1] epochs: [64/100] train_acc: 0.657 train_loss_sup: 1.031
[GPU1] epochs: [65/100] train_acc: 0.656 train_loss_sup: 1.029
[GPU1] epochs: [66/100] train_acc: 0.656 train_loss_sup: 1.029
[GPU1] epochs: [67/100] train_acc: 0.655 train_loss_sup: 1.030
[GPU1] epochs: [68/100] train_acc: 0.655 train_loss_sup: 1.027
[GPU1] epochs: [69/100] train_acc: 0.654 train_loss_sup: 1.027
[GPU1] epochs: [70/100] train_acc: 0.654 train_loss_sup: 1.026
[GPU1] Test Accuracy at epoch: 70: 0.69
[GPU1] epochs: [71/100] train_acc: 0.654 train_loss_sup: 1.027
[GPU1] epochs: [72/100] train_acc: 0.656 train_loss_sup: 1.024
[GPU1] epochs: [73/100] train_acc: 0.656 train_loss_sup: 1.027
[GPU1] epochs: [74/100] train_acc: 0.657 train_loss_sup: 1.024
[GPU1] epochs: [75/100] train_acc: 0.656 train_loss_sup: 1.024
[GPU1] epochs: [76/100] train_acc: 0.657 train_loss_sup: 1.022
[GPU1] epochs: [77/100] train_acc: 0.657 train_loss_sup: 1.020
[GPU1] epochs: [78/100] train_acc: 0.655 train_loss_sup: 1.023
[GPU1] epochs: [79/100] train_acc: 0.659 train_loss_sup: 1.018
[GPU1] epochs: [80/100] train_acc: 0.656 train_loss_sup: 1.022
[GPU1] Test Accuracy at epoch: 80: 0.692
[GPU1] epochs: [81/100] train_acc: 0.657 train_loss_sup: 1.020
[GPU1] epochs: [82/100] train_acc: 0.657 train_loss_sup: 1.023
[GPU1] epochs: [83/100] train_acc: 0.658 train_loss_sup: 1.017
[GPU1] epochs: [84/100] train_acc: 0.659 train_loss_sup: 1.020
[GPU1] epochs: [85/100] train_acc: 0.658 train_loss_sup: 1.024
[GPU1] epochs: [86/100] train_acc: 0.655 train_loss_sup: 1.022
[GPU1] epochs: [87/100] train_acc: 0.656 train_loss_sup: 1.024
[GPU1] epochs: [88/100] train_acc: 0.653 train_loss_sup: 1.023
[GPU1] epochs: [89/100] train_acc: 0.660 train_loss_sup: 1.016
[GPU1] epochs: [90/100] train_acc: 0.657 train_loss_sup: 1.020
[GPU1] Test Accuracy at epoch: 90: 0.692
[GPU1] epochs: [91/100] train_acc: 0.659 train_loss_sup: 1.016
[GPU1] epochs: [92/100] train_acc: 0.658 train_loss_sup: 1.022
[GPU1] epochs: [93/100] train_acc: 0.658 train_loss_sup: 1.018
[GPU1] epochs: [94/100] train_acc: 0.656 train_loss_sup: 1.019
[GPU1] epochs: [95/100] train_acc: 0.656 train_loss_sup: 1.020
[GPU1] epochs: [96/100] train_acc: 0.656 train_loss_sup: 1.019
[GPU1] epochs: [97/100] train_acc: 0.656 train_loss_sup: 1.018
[GPU1] epochs: [98/100] train_acc: 0.657 train_loss_sup: 1.023
[GPU1] epochs: [99/100] train_acc: 0.656 train_loss_sup: 1.018
[GPU1] epochs: [100/100] train_acc: 0.658 train_loss_sup: 1.021
[GPU1] Final Test Accuracy: 0.692
LR: 0.100 | WD: 0.000001 | Cosine: True | test Acc: 0.692%
===> using linear mlp
Scheduler: <torch.optim.lr_scheduler.CosineAnnealingLR object at 0x784f55389120>
MLP: MLP(
  (mlp): Linear(in_features=512, out_features=10, bias=True)
)
[GPU1] Test Accuracy at epoch: 0: 0.564
[GPU1] epochs: [1/100] train_acc: 0.436 train_loss_sup: 2.197
[GPU1] epochs: [2/100] train_acc: 0.557 train_loss_sup: 1.985
[GPU1] epochs: [3/100] train_acc: 0.573 train_loss_sup: 1.830
[GPU1] epochs: [4/100] train_acc: 0.582 train_loss_sup: 1.720
[GPU1] epochs: [5/100] train_acc: 0.588 train_loss_sup: 1.632
[GPU1] epochs: [6/100] train_acc: 0.592 train_loss_sup: 1.565
[GPU1] epochs: [7/100] train_acc: 0.598 train_loss_sup: 1.510
[GPU1] epochs: [8/100] train_acc: 0.601 train_loss_sup: 1.465
[GPU1] epochs: [9/100] train_acc: 0.604 train_loss_sup: 1.427
[GPU1] epochs: [10/100] train_acc: 0.607 train_loss_sup: 1.395
[GPU1] Test Accuracy at epoch: 10: 0.636
[GPU1] epochs: [11/100] train_acc: 0.608 train_loss_sup: 1.368
[GPU1] epochs: [12/100] train_acc: 0.613 train_loss_sup: 1.345
[GPU1] epochs: [13/100] train_acc: 0.613 train_loss_sup: 1.321
[GPU1] epochs: [14/100] train_acc: 0.614 train_loss_sup: 1.304
[GPU1] epochs: [15/100] train_acc: 0.616 train_loss_sup: 1.286
[GPU1] epochs: [16/100] train_acc: 0.617 train_loss_sup: 1.273
[GPU1] epochs: [17/100] train_acc: 0.623 train_loss_sup: 1.260
[GPU1] epochs: [18/100] train_acc: 0.622 train_loss_sup: 1.247
[GPU1] epochs: [19/100] train_acc: 0.623 train_loss_sup: 1.236
[GPU1] epochs: [20/100] train_acc: 0.622 train_loss_sup: 1.228
[GPU1] Test Accuracy at epoch: 20: 0.656
[GPU1] epochs: [21/100] train_acc: 0.626 train_loss_sup: 1.217
[GPU1] epochs: [22/100] train_acc: 0.625 train_loss_sup: 1.211
[GPU1] epochs: [23/100] train_acc: 0.629 train_loss_sup: 1.202
[GPU1] epochs: [24/100] train_acc: 0.630 train_loss_sup: 1.192
[GPU1] epochs: [25/100] train_acc: 0.627 train_loss_sup: 1.188
[GPU1] epochs: [26/100] train_acc: 0.630 train_loss_sup: 1.182
[GPU1] epochs: [27/100] train_acc: 0.633 train_loss_sup: 1.175
[GPU1] epochs: [28/100] train_acc: 0.633 train_loss_sup: 1.172
[GPU1] epochs: [29/100] train_acc: 0.635 train_loss_sup: 1.165
[GPU1] epochs: [30/100] train_acc: 0.637 train_loss_sup: 1.156
[GPU1] Test Accuracy at epoch: 30: 0.666
[GPU1] epochs: [31/100] train_acc: 0.636 train_loss_sup: 1.155
[GPU1] epochs: [32/100] train_acc: 0.637 train_loss_sup: 1.153
[GPU1] epochs: [33/100] train_acc: 0.639 train_loss_sup: 1.148
[GPU1] epochs: [34/100] train_acc: 0.641 train_loss_sup: 1.141
[GPU1] epochs: [35/100] train_acc: 0.640 train_loss_sup: 1.143
[GPU1] epochs: [36/100] train_acc: 0.639 train_loss_sup: 1.137
[GPU1] epochs: [37/100] train_acc: 0.639 train_loss_sup: 1.133
[GPU1] epochs: [38/100] train_acc: 0.641 train_loss_sup: 1.128
[GPU1] epochs: [39/100] train_acc: 0.643 train_loss_sup: 1.129
[GPU1] epochs: [40/100] train_acc: 0.640 train_loss_sup: 1.127
[GPU1] Test Accuracy at epoch: 40: 0.677
[GPU1] epochs: [41/100] train_acc: 0.642 train_loss_sup: 1.124
[GPU1] epochs: [42/100] train_acc: 0.641 train_loss_sup: 1.121
[GPU1] epochs: [43/100] train_acc: 0.643 train_loss_sup: 1.119
[GPU1] epochs: [44/100] train_acc: 0.643 train_loss_sup: 1.115
[GPU1] epochs: [45/100] train_acc: 0.645 train_loss_sup: 1.116
[GPU1] epochs: [46/100] train_acc: 0.645 train_loss_sup: 1.109
[GPU1] epochs: [47/100] train_acc: 0.645 train_loss_sup: 1.109
[GPU1] epochs: [48/100] train_acc: 0.645 train_loss_sup: 1.108
[GPU1] epochs: [49/100] train_acc: 0.645 train_loss_sup: 1.105
[GPU1] epochs: [50/100] train_acc: 0.648 train_loss_sup: 1.105
[GPU1] Test Accuracy at epoch: 50: 0.681
[GPU1] epochs: [51/100] train_acc: 0.647 train_loss_sup: 1.104
[GPU1] epochs: [52/100] train_acc: 0.647 train_loss_sup: 1.102
[GPU1] epochs: [53/100] train_acc: 0.648 train_loss_sup: 1.099
[GPU1] epochs: [54/100] train_acc: 0.644 train_loss_sup: 1.099
[GPU1] epochs: [55/100] train_acc: 0.648 train_loss_sup: 1.099
[GPU1] epochs: [56/100] train_acc: 0.650 train_loss_sup: 1.095
[GPU1] epochs: [57/100] train_acc: 0.649 train_loss_sup: 1.095
[GPU1] epochs: [58/100] train_acc: 0.648 train_loss_sup: 1.095
[GPU1] epochs: [59/100] train_acc: 0.649 train_loss_sup: 1.092
[GPU1] epochs: [60/100] train_acc: 0.649 train_loss_sup: 1.092
[GPU1] Test Accuracy at epoch: 60: 0.683
[GPU1] epochs: [61/100] train_acc: 0.651 train_loss_sup: 1.092
[GPU1] epochs: [62/100] train_acc: 0.649 train_loss_sup: 1.093
[GPU1] epochs: [63/100] train_acc: 0.651 train_loss_sup: 1.090
[GPU1] epochs: [64/100] train_acc: 0.650 train_loss_sup: 1.092
[GPU1] epochs: [65/100] train_acc: 0.652 train_loss_sup: 1.091
[GPU1] epochs: [66/100] train_acc: 0.652 train_loss_sup: 1.089
[GPU1] epochs: [67/100] train_acc: 0.652 train_loss_sup: 1.088
[GPU1] epochs: [68/100] train_acc: 0.650 train_loss_sup: 1.088
[GPU1] epochs: [69/100] train_acc: 0.650 train_loss_sup: 1.090
[GPU1] epochs: [70/100] train_acc: 0.649 train_loss_sup: 1.087
[GPU1] Test Accuracy at epoch: 70: 0.684
[GPU1] epochs: [71/100] train_acc: 0.652 train_loss_sup: 1.085
[GPU1] epochs: [72/100] train_acc: 0.652 train_loss_sup: 1.086
[GPU1] epochs: [73/100] train_acc: 0.651 train_loss_sup: 1.087
[GPU1] epochs: [74/100] train_acc: 0.651 train_loss_sup: 1.082
[GPU1] epochs: [75/100] train_acc: 0.652 train_loss_sup: 1.083
[GPU1] epochs: [76/100] train_acc: 0.653 train_loss_sup: 1.085
[GPU1] epochs: [77/100] train_acc: 0.652 train_loss_sup: 1.084
[GPU1] epochs: [78/100] train_acc: 0.654 train_loss_sup: 1.083
[GPU1] epochs: [79/100] train_acc: 0.651 train_loss_sup: 1.082
[GPU1] epochs: [80/100] train_acc: 0.652 train_loss_sup: 1.082
[GPU1] Test Accuracy at epoch: 80: 0.685
[GPU1] epochs: [81/100] train_acc: 0.654 train_loss_sup: 1.081
[GPU1] epochs: [82/100] train_acc: 0.650 train_loss_sup: 1.084
[GPU1] epochs: [83/100] train_acc: 0.651 train_loss_sup: 1.082
[GPU1] epochs: [84/100] train_acc: 0.653 train_loss_sup: 1.081
[GPU1] epochs: [85/100] train_acc: 0.654 train_loss_sup: 1.077
[GPU1] epochs: [86/100] train_acc: 0.653 train_loss_sup: 1.085
[GPU1] epochs: [87/100] train_acc: 0.654 train_loss_sup: 1.081
[GPU1] epochs: [88/100] train_acc: 0.653 train_loss_sup: 1.081
[GPU1] epochs: [89/100] train_acc: 0.652 train_loss_sup: 1.082
[GPU1] epochs: [90/100] train_acc: 0.653 train_loss_sup: 1.082
[GPU1] Test Accuracy at epoch: 90: 0.686
[GPU1] epochs: [91/100] train_acc: 0.651 train_loss_sup: 1.084
[GPU1] epochs: [92/100] train_acc: 0.653 train_loss_sup: 1.081
[GPU1] epochs: [93/100] train_acc: 0.652 train_loss_sup: 1.083
[GPU1] epochs: [94/100] train_acc: 0.651 train_loss_sup: 1.083
[GPU1] epochs: [95/100] train_acc: 0.653 train_loss_sup: 1.080
[GPU1] epochs: [96/100] train_acc: 0.652 train_loss_sup: 1.081
[GPU1] epochs: [97/100] train_acc: 0.650 train_loss_sup: 1.084
[GPU1] epochs: [98/100] train_acc: 0.652 train_loss_sup: 1.076
[GPU1] epochs: [99/100] train_acc: 0.652 train_loss_sup: 1.083
[GPU1] epochs: [100/100] train_acc: 0.654 train_loss_sup: 1.080
[GPU1] Final Test Accuracy: 0.686
LR: 0.100 | WD: 0.000100 | Cosine: True | test Acc: 0.686%
===> using linear mlp
Scheduler: <torch.optim.lr_scheduler.CosineAnnealingLR object at 0x7850939a9390>
MLP: MLP(
  (mlp): Linear(in_features=512, out_features=10, bias=True)
)
[GPU1] Test Accuracy at epoch: 0: 0.594
[GPU1] epochs: [1/100] train_acc: 0.425 train_loss_sup: 2.194
[GPU1] epochs: [2/100] train_acc: 0.553 train_loss_sup: 1.980
[GPU1] epochs: [3/100] train_acc: 0.576 train_loss_sup: 1.824
[GPU1] epochs: [4/100] train_acc: 0.582 train_loss_sup: 1.711
[GPU1] epochs: [5/100] train_acc: 0.585 train_loss_sup: 1.625
[GPU1] epochs: [6/100] train_acc: 0.593 train_loss_sup: 1.554
[GPU1] epochs: [7/100] train_acc: 0.597 train_loss_sup: 1.497
[GPU1] epochs: [8/100] train_acc: 0.599 train_loss_sup: 1.453
[GPU1] epochs: [9/100] train_acc: 0.602 train_loss_sup: 1.412
[GPU1] epochs: [10/100] train_acc: 0.605 train_loss_sup: 1.377
[GPU1] Test Accuracy at epoch: 10: 0.638
[GPU1] epochs: [11/100] train_acc: 0.608 train_loss_sup: 1.350
[GPU1] epochs: [12/100] train_acc: 0.612 train_loss_sup: 1.320
[GPU1] epochs: [13/100] train_acc: 0.614 train_loss_sup: 1.301
[GPU1] epochs: [14/100] train_acc: 0.615 train_loss_sup: 1.278
[GPU1] epochs: [15/100] train_acc: 0.619 train_loss_sup: 1.262
[GPU1] epochs: [16/100] train_acc: 0.621 train_loss_sup: 1.245
[GPU1] epochs: [17/100] train_acc: 0.619 train_loss_sup: 1.232
[GPU1] epochs: [18/100] train_acc: 0.623 train_loss_sup: 1.214
[GPU1] epochs: [19/100] train_acc: 0.623 train_loss_sup: 1.208
[GPU1] epochs: [20/100] train_acc: 0.626 train_loss_sup: 1.192
[GPU1] Test Accuracy at epoch: 20: 0.656
[GPU1] epochs: [21/100] train_acc: 0.626 train_loss_sup: 1.185
[GPU1] epochs: [22/100] train_acc: 0.629 train_loss_sup: 1.175
[GPU1] epochs: [23/100] train_acc: 0.632 train_loss_sup: 1.165
[GPU1] epochs: [24/100] train_acc: 0.632 train_loss_sup: 1.156
[GPU1] epochs: [25/100] train_acc: 0.631 train_loss_sup: 1.151
[GPU1] epochs: [26/100] train_acc: 0.633 train_loss_sup: 1.143
[GPU1] epochs: [27/100] train_acc: 0.637 train_loss_sup: 1.133
[GPU1] epochs: [28/100] train_acc: 0.635 train_loss_sup: 1.128
[GPU1] epochs: [29/100] train_acc: 0.640 train_loss_sup: 1.119
[GPU1] epochs: [30/100] train_acc: 0.639 train_loss_sup: 1.114
[GPU1] Test Accuracy at epoch: 30: 0.67
[GPU1] epochs: [31/100] train_acc: 0.639 train_loss_sup: 1.112
[GPU1] epochs: [32/100] train_acc: 0.640 train_loss_sup: 1.107
[GPU1] epochs: [33/100] train_acc: 0.641 train_loss_sup: 1.104
[GPU1] epochs: [34/100] train_acc: 0.640 train_loss_sup: 1.099
[GPU1] epochs: [35/100] train_acc: 0.642 train_loss_sup: 1.096
[GPU1] epochs: [36/100] train_acc: 0.644 train_loss_sup: 1.090
[GPU1] epochs: [37/100] train_acc: 0.643 train_loss_sup: 1.085
[GPU1] epochs: [38/100] train_acc: 0.644 train_loss_sup: 1.082
[GPU1] epochs: [39/100] train_acc: 0.645 train_loss_sup: 1.078
[GPU1] epochs: [40/100] train_acc: 0.645 train_loss_sup: 1.076
[GPU1] Test Accuracy at epoch: 40: 0.679
[GPU1] epochs: [41/100] train_acc: 0.647 train_loss_sup: 1.072
[GPU1] epochs: [42/100] train_acc: 0.648 train_loss_sup: 1.069
[GPU1] epochs: [43/100] train_acc: 0.644 train_loss_sup: 1.069
[GPU1] epochs: [44/100] train_acc: 0.647 train_loss_sup: 1.063
[GPU1] epochs: [45/100] train_acc: 0.650 train_loss_sup: 1.059
[GPU1] epochs: [46/100] train_acc: 0.647 train_loss_sup: 1.058
[GPU1] epochs: [47/100] train_acc: 0.650 train_loss_sup: 1.054
[GPU1] epochs: [48/100] train_acc: 0.646 train_loss_sup: 1.059
[GPU1] epochs: [49/100] train_acc: 0.651 train_loss_sup: 1.052
[GPU1] epochs: [50/100] train_acc: 0.651 train_loss_sup: 1.048
[GPU1] Test Accuracy at epoch: 50: 0.684
[GPU1] epochs: [51/100] train_acc: 0.652 train_loss_sup: 1.045
[GPU1] epochs: [52/100] train_acc: 0.652 train_loss_sup: 1.047
[GPU1] epochs: [53/100] train_acc: 0.652 train_loss_sup: 1.043
[GPU1] epochs: [54/100] train_acc: 0.652 train_loss_sup: 1.045
[GPU1] epochs: [55/100] train_acc: 0.655 train_loss_sup: 1.042
[GPU1] epochs: [56/100] train_acc: 0.653 train_loss_sup: 1.040
[GPU1] epochs: [57/100] train_acc: 0.655 train_loss_sup: 1.038
[GPU1] epochs: [58/100] train_acc: 0.649 train_loss_sup: 1.041
[GPU1] epochs: [59/100] train_acc: 0.651 train_loss_sup: 1.036
[GPU1] epochs: [60/100] train_acc: 0.655 train_loss_sup: 1.033
[GPU1] Test Accuracy at epoch: 60: 0.688
[GPU1] epochs: [61/100] train_acc: 0.653 train_loss_sup: 1.034
[GPU1] epochs: [62/100] train_acc: 0.656 train_loss_sup: 1.031
[GPU1] epochs: [63/100] train_acc: 0.656 train_loss_sup: 1.029
[GPU1] epochs: [64/100] train_acc: 0.651 train_loss_sup: 1.032
[GPU1] epochs: [65/100] train_acc: 0.656 train_loss_sup: 1.032
[GPU1] epochs: [66/100] train_acc: 0.654 train_loss_sup: 1.029
[GPU1] epochs: [67/100] train_acc: 0.655 train_loss_sup: 1.026
[GPU1] epochs: [68/100] train_acc: 0.657 train_loss_sup: 1.029
[GPU1] epochs: [69/100] train_acc: 0.654 train_loss_sup: 1.026
[GPU1] epochs: [70/100] train_acc: 0.655 train_loss_sup: 1.027
[GPU1] Test Accuracy at epoch: 70: 0.691
[GPU1] epochs: [71/100] train_acc: 0.657 train_loss_sup: 1.023
[GPU1] epochs: [72/100] train_acc: 0.656 train_loss_sup: 1.024
[GPU1] epochs: [73/100] train_acc: 0.656 train_loss_sup: 1.024
[GPU1] epochs: [74/100] train_acc: 0.655 train_loss_sup: 1.023
[GPU1] epochs: [75/100] train_acc: 0.657 train_loss_sup: 1.020
[GPU1] epochs: [76/100] train_acc: 0.657 train_loss_sup: 1.025
[GPU1] epochs: [77/100] train_acc: 0.656 train_loss_sup: 1.021
[GPU1] epochs: [78/100] train_acc: 0.657 train_loss_sup: 1.022
[GPU1] epochs: [79/100] train_acc: 0.656 train_loss_sup: 1.020
[GPU1] epochs: [80/100] train_acc: 0.656 train_loss_sup: 1.022
[GPU1] Test Accuracy at epoch: 80: 0.692
[GPU1] epochs: [81/100] train_acc: 0.656 train_loss_sup: 1.022
[GPU1] epochs: [82/100] train_acc: 0.658 train_loss_sup: 1.018
[GPU1] epochs: [83/100] train_acc: 0.657 train_loss_sup: 1.016
[GPU1] epochs: [84/100] train_acc: 0.659 train_loss_sup: 1.016
[GPU1] epochs: [85/100] train_acc: 0.654 train_loss_sup: 1.023
[GPU1] epochs: [86/100] train_acc: 0.658 train_loss_sup: 1.018
[GPU1] epochs: [87/100] train_acc: 0.658 train_loss_sup: 1.019
[GPU1] epochs: [88/100] train_acc: 0.658 train_loss_sup: 1.019
[GPU1] epochs: [89/100] train_acc: 0.661 train_loss_sup: 1.018
[GPU1] epochs: [90/100] train_acc: 0.656 train_loss_sup: 1.021
[GPU1] Test Accuracy at epoch: 90: 0.692
[GPU1] epochs: [91/100] train_acc: 0.656 train_loss_sup: 1.020
[GPU1] epochs: [92/100] train_acc: 0.657 train_loss_sup: 1.017
[GPU1] epochs: [93/100] train_acc: 0.657 train_loss_sup: 1.016
[GPU1] epochs: [94/100] train_acc: 0.656 train_loss_sup: 1.021
[GPU1] epochs: [95/100] train_acc: 0.654 train_loss_sup: 1.024
[GPU1] epochs: [96/100] train_acc: 0.656 train_loss_sup: 1.020
[GPU1] epochs: [97/100] train_acc: 0.657 train_loss_sup: 1.020
[GPU1] epochs: [98/100] train_acc: 0.656 train_loss_sup: 1.019
[GPU1] epochs: [99/100] train_acc: 0.657 train_loss_sup: 1.021
[GPU1] epochs: [100/100] train_acc: 0.658 train_loss_sup: 1.016
[GPU1] Final Test Accuracy: 0.692
LR: 0.100 | WD: 0.000000 | Cosine: True | test Acc: 0.692%
===> using linear mlp
Scheduler: <torch.optim.lr_scheduler.CosineAnnealingLR object at 0x7850939a93c0>
MLP: MLP(
  (mlp): Linear(in_features=512, out_features=10, bias=True)
)
[GPU1] Test Accuracy at epoch: 0: 0.622
[GPU1] epochs: [1/100] train_acc: 0.527 train_loss_sup: 1.714
[GPU1] epochs: [2/100] train_acc: 0.610 train_loss_sup: 1.260
[GPU1] epochs: [3/100] train_acc: 0.629 train_loss_sup: 1.139
[GPU1] epochs: [4/100] train_acc: 0.642 train_loss_sup: 1.078
[GPU1] epochs: [5/100] train_acc: 0.651 train_loss_sup: 1.034
[GPU1] epochs: [6/100] train_acc: 0.660 train_loss_sup: 1.007
[GPU1] epochs: [7/100] train_acc: 0.662 train_loss_sup: 0.990
[GPU1] epochs: [8/100] train_acc: 0.665 train_loss_sup: 0.969
[GPU1] epochs: [9/100] train_acc: 0.671 train_loss_sup: 0.956
[GPU1] epochs: [10/100] train_acc: 0.676 train_loss_sup: 0.945
[GPU1] Test Accuracy at epoch: 10: 0.717
[GPU1] epochs: [11/100] train_acc: 0.675 train_loss_sup: 0.935
[GPU1] epochs: [12/100] train_acc: 0.682 train_loss_sup: 0.922
[GPU1] epochs: [13/100] train_acc: 0.684 train_loss_sup: 0.916
[GPU1] epochs: [14/100] train_acc: 0.685 train_loss_sup: 0.909
[GPU1] epochs: [15/100] train_acc: 0.687 train_loss_sup: 0.905
[GPU1] epochs: [16/100] train_acc: 0.687 train_loss_sup: 0.901
[GPU1] epochs: [17/100] train_acc: 0.690 train_loss_sup: 0.893
[GPU1] epochs: [18/100] train_acc: 0.693 train_loss_sup: 0.888
[GPU1] epochs: [19/100] train_acc: 0.693 train_loss_sup: 0.881
[GPU1] epochs: [20/100] train_acc: 0.694 train_loss_sup: 0.881
[GPU1] Test Accuracy at epoch: 20: 0.736
[GPU1] epochs: [21/100] train_acc: 0.695 train_loss_sup: 0.874
[GPU1] epochs: [22/100] train_acc: 0.699 train_loss_sup: 0.868
[GPU1] epochs: [23/100] train_acc: 0.700 train_loss_sup: 0.865
[GPU1] epochs: [24/100] train_acc: 0.698 train_loss_sup: 0.863
[GPU1] epochs: [25/100] train_acc: 0.700 train_loss_sup: 0.860
[GPU1] epochs: [26/100] train_acc: 0.698 train_loss_sup: 0.860
[GPU1] epochs: [27/100] train_acc: 0.698 train_loss_sup: 0.861
[GPU1] epochs: [28/100] train_acc: 0.703 train_loss_sup: 0.854
[GPU1] epochs: [29/100] train_acc: 0.705 train_loss_sup: 0.851
[GPU1] epochs: [30/100] train_acc: 0.702 train_loss_sup: 0.851
[GPU1] Test Accuracy at epoch: 30: 0.747
[GPU1] epochs: [31/100] train_acc: 0.706 train_loss_sup: 0.847
[GPU1] epochs: [32/100] train_acc: 0.707 train_loss_sup: 0.842
[GPU1] epochs: [33/100] train_acc: 0.705 train_loss_sup: 0.847
[GPU1] epochs: [34/100] train_acc: 0.704 train_loss_sup: 0.843
[GPU1] epochs: [35/100] train_acc: 0.705 train_loss_sup: 0.841
[GPU1] epochs: [36/100] train_acc: 0.705 train_loss_sup: 0.840
[GPU1] epochs: [37/100] train_acc: 0.707 train_loss_sup: 0.839
[GPU1] epochs: [38/100] train_acc: 0.707 train_loss_sup: 0.833
[GPU1] epochs: [39/100] train_acc: 0.710 train_loss_sup: 0.831
[GPU1] epochs: [40/100] train_acc: 0.708 train_loss_sup: 0.834
[GPU1] Test Accuracy at epoch: 40: 0.751
[GPU1] epochs: [41/100] train_acc: 0.711 train_loss_sup: 0.831
[GPU1] epochs: [42/100] train_acc: 0.710 train_loss_sup: 0.833
[GPU1] epochs: [43/100] train_acc: 0.711 train_loss_sup: 0.831
[GPU1] epochs: [44/100] train_acc: 0.710 train_loss_sup: 0.829
[GPU1] epochs: [45/100] train_acc: 0.710 train_loss_sup: 0.826
[GPU1] epochs: [46/100] train_acc: 0.711 train_loss_sup: 0.826
[GPU1] epochs: [47/100] train_acc: 0.710 train_loss_sup: 0.827
[GPU1] epochs: [48/100] train_acc: 0.714 train_loss_sup: 0.824
[GPU1] epochs: [49/100] train_acc: 0.715 train_loss_sup: 0.820
[GPU1] epochs: [50/100] train_acc: 0.713 train_loss_sup: 0.822
[GPU1] Test Accuracy at epoch: 50: 0.755
[GPU1] epochs: [51/100] train_acc: 0.715 train_loss_sup: 0.817
[GPU1] epochs: [52/100] train_acc: 0.715 train_loss_sup: 0.815
[GPU1] epochs: [53/100] train_acc: 0.715 train_loss_sup: 0.816
[GPU1] epochs: [54/100] train_acc: 0.714 train_loss_sup: 0.819
[GPU1] epochs: [55/100] train_acc: 0.713 train_loss_sup: 0.822
[GPU1] epochs: [56/100] train_acc: 0.715 train_loss_sup: 0.818
[GPU1] epochs: [57/100] train_acc: 0.715 train_loss_sup: 0.817
[GPU1] epochs: [58/100] train_acc: 0.716 train_loss_sup: 0.813
[GPU1] epochs: [59/100] train_acc: 0.715 train_loss_sup: 0.817
[GPU1] epochs: [60/100] train_acc: 0.715 train_loss_sup: 0.814
[GPU1] Test Accuracy at epoch: 60: 0.758
[GPU1] epochs: [61/100] train_acc: 0.716 train_loss_sup: 0.813
[GPU1] epochs: [62/100] train_acc: 0.716 train_loss_sup: 0.818
[GPU1] epochs: [63/100] train_acc: 0.714 train_loss_sup: 0.816
[GPU1] epochs: [64/100] train_acc: 0.714 train_loss_sup: 0.817
[GPU1] epochs: [65/100] train_acc: 0.719 train_loss_sup: 0.808
[GPU1] epochs: [66/100] train_acc: 0.719 train_loss_sup: 0.811
[GPU1] epochs: [67/100] train_acc: 0.717 train_loss_sup: 0.806
[GPU1] epochs: [68/100] train_acc: 0.715 train_loss_sup: 0.813
[GPU1] epochs: [69/100] train_acc: 0.715 train_loss_sup: 0.815
[GPU1] epochs: [70/100] train_acc: 0.717 train_loss_sup: 0.811
[GPU1] Test Accuracy at epoch: 70: 0.76
[GPU1] epochs: [71/100] train_acc: 0.717 train_loss_sup: 0.808
[GPU1] epochs: [72/100] train_acc: 0.717 train_loss_sup: 0.808
[GPU1] epochs: [73/100] train_acc: 0.716 train_loss_sup: 0.814
[GPU1] epochs: [74/100] train_acc: 0.717 train_loss_sup: 0.812
[GPU1] epochs: [75/100] train_acc: 0.716 train_loss_sup: 0.811
[GPU1] epochs: [76/100] train_acc: 0.715 train_loss_sup: 0.810
[GPU1] epochs: [77/100] train_acc: 0.716 train_loss_sup: 0.811
[GPU1] epochs: [78/100] train_acc: 0.715 train_loss_sup: 0.811
[GPU1] epochs: [79/100] train_acc: 0.719 train_loss_sup: 0.808
[GPU1] epochs: [80/100] train_acc: 0.715 train_loss_sup: 0.816
[GPU1] Test Accuracy at epoch: 80: 0.76
[GPU1] epochs: [81/100] train_acc: 0.716 train_loss_sup: 0.810
[GPU1] epochs: [82/100] train_acc: 0.717 train_loss_sup: 0.809
[GPU1] epochs: [83/100] train_acc: 0.717 train_loss_sup: 0.809
[GPU1] epochs: [84/100] train_acc: 0.715 train_loss_sup: 0.810
[GPU1] epochs: [85/100] train_acc: 0.717 train_loss_sup: 0.810
[GPU1] epochs: [86/100] train_acc: 0.716 train_loss_sup: 0.812
[GPU1] epochs: [87/100] train_acc: 0.718 train_loss_sup: 0.809
[GPU1] epochs: [88/100] train_acc: 0.718 train_loss_sup: 0.805
[GPU1] epochs: [89/100] train_acc: 0.721 train_loss_sup: 0.804
[GPU1] epochs: [90/100] train_acc: 0.720 train_loss_sup: 0.807
[GPU1] Test Accuracy at epoch: 90: 0.76
[GPU1] epochs: [91/100] train_acc: 0.718 train_loss_sup: 0.806
[GPU1] epochs: [92/100] train_acc: 0.717 train_loss_sup: 0.812
[GPU1] epochs: [93/100] train_acc: 0.716 train_loss_sup: 0.809
[GPU1] epochs: [94/100] train_acc: 0.718 train_loss_sup: 0.807
[GPU1] epochs: [95/100] train_acc: 0.719 train_loss_sup: 0.806
[GPU1] epochs: [96/100] train_acc: 0.717 train_loss_sup: 0.810
[GPU1] epochs: [97/100] train_acc: 0.718 train_loss_sup: 0.808
[GPU1] epochs: [98/100] train_acc: 0.717 train_loss_sup: 0.812
[GPU1] epochs: [99/100] train_acc: 0.717 train_loss_sup: 0.810
[GPU1] epochs: [100/100] train_acc: 0.716 train_loss_sup: 0.808
[GPU1] Final Test Accuracy: 0.76
LR: 1.000 | WD: 0.000001 | Cosine: True | test Acc: 0.760%
===> using linear mlp
Scheduler: <torch.optim.lr_scheduler.CosineAnnealingLR object at 0x784f561df250>
MLP: MLP(
  (mlp): Linear(in_features=512, out_features=10, bias=True)
)
[GPU1] Test Accuracy at epoch: 0: 0.627
[GPU1] epochs: [1/100] train_acc: 0.525 train_loss_sup: 1.721
[GPU1] epochs: [2/100] train_acc: 0.612 train_loss_sup: 1.285
[GPU1] epochs: [3/100] train_acc: 0.630 train_loss_sup: 1.174
[GPU1] epochs: [4/100] train_acc: 0.638 train_loss_sup: 1.127
[GPU1] epochs: [5/100] train_acc: 0.643 train_loss_sup: 1.097
[GPU1] epochs: [6/100] train_acc: 0.653 train_loss_sup: 1.075
[GPU1] epochs: [7/100] train_acc: 0.655 train_loss_sup: 1.062
[GPU1] epochs: [8/100] train_acc: 0.658 train_loss_sup: 1.055
[GPU1] epochs: [9/100] train_acc: 0.660 train_loss_sup: 1.045
[GPU1] epochs: [10/100] train_acc: 0.663 train_loss_sup: 1.036
[GPU1] Test Accuracy at epoch: 10: 0.701
[GPU1] epochs: [11/100] train_acc: 0.671 train_loss_sup: 1.030
[GPU1] epochs: [12/100] train_acc: 0.666 train_loss_sup: 1.029
[GPU1] epochs: [13/100] train_acc: 0.668 train_loss_sup: 1.028
[GPU1] epochs: [14/100] train_acc: 0.672 train_loss_sup: 1.020
[GPU1] epochs: [15/100] train_acc: 0.667 train_loss_sup: 1.021
[GPU1] epochs: [16/100] train_acc: 0.669 train_loss_sup: 1.020
[GPU1] epochs: [17/100] train_acc: 0.673 train_loss_sup: 1.016
[GPU1] epochs: [18/100] train_acc: 0.672 train_loss_sup: 1.017
[GPU1] epochs: [19/100] train_acc: 0.674 train_loss_sup: 1.017
[GPU1] epochs: [20/100] train_acc: 0.672 train_loss_sup: 1.014
[GPU1] Test Accuracy at epoch: 20: 0.709
[GPU1] epochs: [21/100] train_acc: 0.674 train_loss_sup: 1.014
[GPU1] epochs: [22/100] train_acc: 0.672 train_loss_sup: 1.013
[GPU1] epochs: [23/100] train_acc: 0.676 train_loss_sup: 1.012
[GPU1] epochs: [24/100] train_acc: 0.676 train_loss_sup: 1.009
[GPU1] epochs: [25/100] train_acc: 0.675 train_loss_sup: 1.013
[GPU1] epochs: [26/100] train_acc: 0.675 train_loss_sup: 1.011
[GPU1] epochs: [27/100] train_acc: 0.672 train_loss_sup: 1.014
[GPU1] epochs: [28/100] train_acc: 0.673 train_loss_sup: 1.011
[GPU1] epochs: [29/100] train_acc: 0.676 train_loss_sup: 1.009
[GPU1] epochs: [30/100] train_acc: 0.675 train_loss_sup: 1.009
[GPU1] Test Accuracy at epoch: 30: 0.711
[GPU1] epochs: [31/100] train_acc: 0.676 train_loss_sup: 1.007
[GPU1] epochs: [32/100] train_acc: 0.675 train_loss_sup: 1.009
[GPU1] epochs: [33/100] train_acc: 0.678 train_loss_sup: 1.008
[GPU1] epochs: [34/100] train_acc: 0.675 train_loss_sup: 1.007
[GPU1] epochs: [35/100] train_acc: 0.675 train_loss_sup: 1.006
[GPU1] epochs: [36/100] train_acc: 0.675 train_loss_sup: 1.010
[GPU1] epochs: [37/100] train_acc: 0.676 train_loss_sup: 1.007
[GPU1] epochs: [38/100] train_acc: 0.673 train_loss_sup: 1.013
[GPU1] epochs: [39/100] train_acc: 0.673 train_loss_sup: 1.013
[GPU1] epochs: [40/100] train_acc: 0.677 train_loss_sup: 1.008
[GPU1] Test Accuracy at epoch: 40: 0.713
[GPU1] epochs: [41/100] train_acc: 0.677 train_loss_sup: 1.006
[GPU1] epochs: [42/100] train_acc: 0.676 train_loss_sup: 1.010
[GPU1] epochs: [43/100] train_acc: 0.675 train_loss_sup: 1.009
[GPU1] epochs: [44/100] train_acc: 0.676 train_loss_sup: 1.011
[GPU1] epochs: [45/100] train_acc: 0.676 train_loss_sup: 1.010
[GPU1] epochs: [46/100] train_acc: 0.674 train_loss_sup: 1.008
[GPU1] epochs: [47/100] train_acc: 0.677 train_loss_sup: 1.009
[GPU1] epochs: [48/100] train_acc: 0.677 train_loss_sup: 1.010
[GPU1] epochs: [49/100] train_acc: 0.677 train_loss_sup: 1.010
[GPU1] epochs: [50/100] train_acc: 0.677 train_loss_sup: 1.006
[GPU1] Test Accuracy at epoch: 50: 0.711
[GPU1] epochs: [51/100] train_acc: 0.679 train_loss_sup: 1.008
[GPU1] epochs: [52/100] train_acc: 0.676 train_loss_sup: 1.010
[GPU1] epochs: [53/100] train_acc: 0.679 train_loss_sup: 1.004
[GPU1] epochs: [54/100] train_acc: 0.676 train_loss_sup: 1.009
[GPU1] epochs: [55/100] train_acc: 0.679 train_loss_sup: 1.008
[GPU1] epochs: [56/100] train_acc: 0.676 train_loss_sup: 1.008
[GPU1] epochs: [57/100] train_acc: 0.675 train_loss_sup: 1.007
[GPU1] epochs: [58/100] train_acc: 0.674 train_loss_sup: 1.010
[GPU1] epochs: [59/100] train_acc: 0.679 train_loss_sup: 1.005
[GPU1] epochs: [60/100] train_acc: 0.676 train_loss_sup: 1.010
[GPU1] Test Accuracy at epoch: 60: 0.712
[GPU1] epochs: [61/100] train_acc: 0.678 train_loss_sup: 1.005
[GPU1] epochs: [62/100] train_acc: 0.678 train_loss_sup: 1.009
[GPU1] epochs: [63/100] train_acc: 0.679 train_loss_sup: 1.006
[GPU1] epochs: [64/100] train_acc: 0.677 train_loss_sup: 1.005
[GPU1] epochs: [65/100] train_acc: 0.677 train_loss_sup: 1.007
[GPU1] epochs: [66/100] train_acc: 0.679 train_loss_sup: 1.005
[GPU1] epochs: [67/100] train_acc: 0.678 train_loss_sup: 1.006
[GPU1] epochs: [68/100] train_acc: 0.677 train_loss_sup: 1.005
[GPU1] epochs: [69/100] train_acc: 0.676 train_loss_sup: 1.009
[GPU1] epochs: [70/100] train_acc: 0.678 train_loss_sup: 1.005
[GPU1] Test Accuracy at epoch: 70: 0.714
[GPU1] epochs: [71/100] train_acc: 0.679 train_loss_sup: 1.007
[GPU1] epochs: [72/100] train_acc: 0.677 train_loss_sup: 1.007
[GPU1] epochs: [73/100] train_acc: 0.679 train_loss_sup: 1.006
[GPU1] epochs: [74/100] train_acc: 0.676 train_loss_sup: 1.007
[GPU1] epochs: [75/100] train_acc: 0.677 train_loss_sup: 1.007
[GPU1] epochs: [76/100] train_acc: 0.677 train_loss_sup: 1.007
[GPU1] epochs: [77/100] train_acc: 0.678 train_loss_sup: 1.006
[GPU1] epochs: [78/100] train_acc: 0.678 train_loss_sup: 1.007
[GPU1] epochs: [79/100] train_acc: 0.679 train_loss_sup: 1.008
[GPU1] epochs: [80/100] train_acc: 0.677 train_loss_sup: 1.007
[GPU1] Test Accuracy at epoch: 80: 0.715
[GPU1] epochs: [81/100] train_acc: 0.679 train_loss_sup: 1.007
[GPU1] epochs: [82/100] train_acc: 0.678 train_loss_sup: 1.009
[GPU1] epochs: [83/100] train_acc: 0.679 train_loss_sup: 1.006
[GPU1] epochs: [84/100] train_acc: 0.676 train_loss_sup: 1.005
[GPU1] epochs: [85/100] train_acc: 0.678 train_loss_sup: 1.003
[GPU1] epochs: [86/100] train_acc: 0.678 train_loss_sup: 1.006
[GPU1] epochs: [87/100] train_acc: 0.681 train_loss_sup: 1.007
[GPU1] epochs: [88/100] train_acc: 0.677 train_loss_sup: 1.007
[GPU1] epochs: [89/100] train_acc: 0.678 train_loss_sup: 1.006
[GPU1] epochs: [90/100] train_acc: 0.680 train_loss_sup: 1.004
[GPU1] Test Accuracy at epoch: 90: 0.714
[GPU1] epochs: [91/100] train_acc: 0.679 train_loss_sup: 1.004
[GPU1] epochs: [92/100] train_acc: 0.676 train_loss_sup: 1.006
[GPU1] epochs: [93/100] train_acc: 0.678 train_loss_sup: 1.005
[GPU1] epochs: [94/100] train_acc: 0.678 train_loss_sup: 1.005
[GPU1] epochs: [95/100] train_acc: 0.678 train_loss_sup: 1.005
[GPU1] epochs: [96/100] train_acc: 0.677 train_loss_sup: 1.008
[GPU1] epochs: [97/100] train_acc: 0.677 train_loss_sup: 1.006
[GPU1] epochs: [98/100] train_acc: 0.679 train_loss_sup: 1.006
[GPU1] epochs: [99/100] train_acc: 0.676 train_loss_sup: 1.006
[GPU1] epochs: [100/100] train_acc: 0.676 train_loss_sup: 1.007
[GPU1] Final Test Accuracy: 0.714
LR: 1.000 | WD: 0.000100 | Cosine: True | test Acc: 0.715%
===> using linear mlp
Scheduler: <torch.optim.lr_scheduler.CosineAnnealingLR object at 0x784f58b80100>
MLP: MLP(
  (mlp): Linear(in_features=512, out_features=10, bias=True)
)
[GPU1] Test Accuracy at epoch: 0: 0.613
[GPU1] epochs: [1/100] train_acc: 0.516 train_loss_sup: 1.715
[GPU1] epochs: [2/100] train_acc: 0.611 train_loss_sup: 1.260
[GPU1] epochs: [3/100] train_acc: 0.629 train_loss_sup: 1.140
[GPU1] epochs: [4/100] train_acc: 0.642 train_loss_sup: 1.078
[GPU1] epochs: [5/100] train_acc: 0.650 train_loss_sup: 1.042
[GPU1] epochs: [6/100] train_acc: 0.656 train_loss_sup: 1.009
[GPU1] epochs: [7/100] train_acc: 0.665 train_loss_sup: 0.987
[GPU1] epochs: [8/100] train_acc: 0.668 train_loss_sup: 0.966
[GPU1] epochs: [9/100] train_acc: 0.671 train_loss_sup: 0.957
[GPU1] epochs: [10/100] train_acc: 0.675 train_loss_sup: 0.940
[GPU1] Test Accuracy at epoch: 10: 0.719
[GPU1] epochs: [11/100] train_acc: 0.679 train_loss_sup: 0.933
[GPU1] epochs: [12/100] train_acc: 0.680 train_loss_sup: 0.924
[GPU1] epochs: [13/100] train_acc: 0.685 train_loss_sup: 0.912
[GPU1] epochs: [14/100] train_acc: 0.685 train_loss_sup: 0.908
[GPU1] epochs: [15/100] train_acc: 0.689 train_loss_sup: 0.899
[GPU1] epochs: [16/100] train_acc: 0.691 train_loss_sup: 0.892
[GPU1] epochs: [17/100] train_acc: 0.691 train_loss_sup: 0.888
[GPU1] epochs: [18/100] train_acc: 0.693 train_loss_sup: 0.885
[GPU1] epochs: [19/100] train_acc: 0.692 train_loss_sup: 0.886
[GPU1] epochs: [20/100] train_acc: 0.695 train_loss_sup: 0.875
[GPU1] Test Accuracy at epoch: 20: 0.737
[GPU1] epochs: [21/100] train_acc: 0.696 train_loss_sup: 0.872
[GPU1] epochs: [22/100] train_acc: 0.694 train_loss_sup: 0.873
[GPU1] epochs: [23/100] train_acc: 0.698 train_loss_sup: 0.866
[GPU1] epochs: [24/100] train_acc: 0.695 train_loss_sup: 0.864
[GPU1] epochs: [25/100] train_acc: 0.700 train_loss_sup: 0.860
[GPU1] epochs: [26/100] train_acc: 0.701 train_loss_sup: 0.857
[GPU1] epochs: [27/100] train_acc: 0.704 train_loss_sup: 0.855
[GPU1] epochs: [28/100] train_acc: 0.703 train_loss_sup: 0.854
[GPU1] epochs: [29/100] train_acc: 0.705 train_loss_sup: 0.848
[GPU1] epochs: [30/100] train_acc: 0.705 train_loss_sup: 0.846
[GPU1] Test Accuracy at epoch: 30: 0.747
[GPU1] epochs: [31/100] train_acc: 0.706 train_loss_sup: 0.845
[GPU1] epochs: [32/100] train_acc: 0.705 train_loss_sup: 0.845
[GPU1] epochs: [33/100] train_acc: 0.707 train_loss_sup: 0.843
[GPU1] epochs: [34/100] train_acc: 0.707 train_loss_sup: 0.837
[GPU1] epochs: [35/100] train_acc: 0.706 train_loss_sup: 0.838
[GPU1] epochs: [36/100] train_acc: 0.706 train_loss_sup: 0.839
[GPU1] epochs: [37/100] train_acc: 0.707 train_loss_sup: 0.836
[GPU1] epochs: [38/100] train_acc: 0.710 train_loss_sup: 0.830
[GPU1] epochs: [39/100] train_acc: 0.710 train_loss_sup: 0.834
[GPU1] epochs: [40/100] train_acc: 0.712 train_loss_sup: 0.830
[GPU1] Test Accuracy at epoch: 40: 0.751
[GPU1] epochs: [41/100] train_acc: 0.710 train_loss_sup: 0.825
[GPU1] epochs: [42/100] train_acc: 0.708 train_loss_sup: 0.834
[GPU1] epochs: [43/100] train_acc: 0.711 train_loss_sup: 0.828
[GPU1] epochs: [44/100] train_acc: 0.709 train_loss_sup: 0.825
[GPU1] epochs: [45/100] train_acc: 0.711 train_loss_sup: 0.826
[GPU1] epochs: [46/100] train_acc: 0.710 train_loss_sup: 0.822
[GPU1] epochs: [47/100] train_acc: 0.713 train_loss_sup: 0.823
[GPU1] epochs: [48/100] train_acc: 0.714 train_loss_sup: 0.818
[GPU1] epochs: [49/100] train_acc: 0.713 train_loss_sup: 0.821
[GPU1] epochs: [50/100] train_acc: 0.711 train_loss_sup: 0.823
[GPU1] Test Accuracy at epoch: 50: 0.754
[GPU1] epochs: [51/100] train_acc: 0.716 train_loss_sup: 0.818
[GPU1] epochs: [52/100] train_acc: 0.714 train_loss_sup: 0.819
[GPU1] epochs: [53/100] train_acc: 0.713 train_loss_sup: 0.817
[GPU1] epochs: [54/100] train_acc: 0.711 train_loss_sup: 0.819
[GPU1] epochs: [55/100] train_acc: 0.716 train_loss_sup: 0.816
[GPU1] epochs: [56/100] train_acc: 0.713 train_loss_sup: 0.817
[GPU1] epochs: [57/100] train_acc: 0.712 train_loss_sup: 0.817
[GPU1] epochs: [58/100] train_acc: 0.714 train_loss_sup: 0.816
[GPU1] epochs: [59/100] train_acc: 0.714 train_loss_sup: 0.814
[GPU1] epochs: [60/100] train_acc: 0.713 train_loss_sup: 0.815
[GPU1] Test Accuracy at epoch: 60: 0.759
[GPU1] epochs: [61/100] train_acc: 0.713 train_loss_sup: 0.817
[GPU1] epochs: [62/100] train_acc: 0.714 train_loss_sup: 0.815
[GPU1] epochs: [63/100] train_acc: 0.718 train_loss_sup: 0.811
[GPU1] epochs: [64/100] train_acc: 0.714 train_loss_sup: 0.813
[GPU1] epochs: [65/100] train_acc: 0.718 train_loss_sup: 0.809
[GPU1] epochs: [66/100] train_acc: 0.719 train_loss_sup: 0.807
[GPU1] epochs: [67/100] train_acc: 0.718 train_loss_sup: 0.811
[GPU1] epochs: [68/100] train_acc: 0.717 train_loss_sup: 0.809
[GPU1] epochs: [69/100] train_acc: 0.718 train_loss_sup: 0.811
[GPU1] epochs: [70/100] train_acc: 0.717 train_loss_sup: 0.809
[GPU1] Test Accuracy at epoch: 70: 0.76
[GPU1] epochs: [71/100] train_acc: 0.716 train_loss_sup: 0.809
[GPU1] epochs: [72/100] train_acc: 0.717 train_loss_sup: 0.810
[GPU1] epochs: [73/100] train_acc: 0.718 train_loss_sup: 0.808
[GPU1] epochs: [74/100] train_acc: 0.718 train_loss_sup: 0.807
[GPU1] epochs: [75/100] train_acc: 0.717 train_loss_sup: 0.808
[GPU1] epochs: [76/100] train_acc: 0.715 train_loss_sup: 0.810
[GPU1] epochs: [77/100] train_acc: 0.716 train_loss_sup: 0.809
[GPU1] epochs: [78/100] train_acc: 0.718 train_loss_sup: 0.807
[GPU1] epochs: [79/100] train_acc: 0.718 train_loss_sup: 0.805
[GPU1] epochs: [80/100] train_acc: 0.715 train_loss_sup: 0.812
[GPU1] Test Accuracy at epoch: 80: 0.762
[GPU1] epochs: [81/100] train_acc: 0.719 train_loss_sup: 0.812
[GPU1] epochs: [82/100] train_acc: 0.715 train_loss_sup: 0.811
[GPU1] epochs: [83/100] train_acc: 0.719 train_loss_sup: 0.808
[GPU1] epochs: [84/100] train_acc: 0.718 train_loss_sup: 0.804
[GPU1] epochs: [85/100] train_acc: 0.716 train_loss_sup: 0.805
[GPU1] epochs: [86/100] train_acc: 0.717 train_loss_sup: 0.808
[GPU1] epochs: [87/100] train_acc: 0.719 train_loss_sup: 0.806
[GPU1] epochs: [88/100] train_acc: 0.718 train_loss_sup: 0.807
[GPU1] epochs: [89/100] train_acc: 0.718 train_loss_sup: 0.806
[GPU1] epochs: [90/100] train_acc: 0.719 train_loss_sup: 0.805
[GPU1] Test Accuracy at epoch: 90: 0.76
[GPU1] epochs: [91/100] train_acc: 0.719 train_loss_sup: 0.808
[GPU1] epochs: [92/100] train_acc: 0.717 train_loss_sup: 0.808
[GPU1] epochs: [93/100] train_acc: 0.721 train_loss_sup: 0.803
[GPU1] epochs: [94/100] train_acc: 0.717 train_loss_sup: 0.810
[GPU1] epochs: [95/100] train_acc: 0.720 train_loss_sup: 0.805
[GPU1] epochs: [96/100] train_acc: 0.718 train_loss_sup: 0.804
[GPU1] epochs: [97/100] train_acc: 0.717 train_loss_sup: 0.805
[GPU1] epochs: [98/100] train_acc: 0.718 train_loss_sup: 0.802
[GPU1] epochs: [99/100] train_acc: 0.717 train_loss_sup: 0.808
[GPU1] epochs: [100/100] train_acc: 0.718 train_loss_sup: 0.805
[GPU1] Final Test Accuracy: 0.76
LR: 1.000 | WD: 0.000000 | Cosine: True | test Acc: 0.762%
------------------------------
Best Test Accuracy: 0.772%
Optimal Hyperparameters: LR=1.0, WD=0.0, Cosine=0
knn evalution
logistic regression evalution
clustering metrics evalution
knn_acc: 0.693
lreg_acc: 0.770
ari: 0.231
nmi: 0.364
ss: 0.050
dbs: 3.880
