Namespace(dataset='cifar10', saved_path='saved_models/simsiam.en.c100.r18.pth', gpu=1, model='resnet18', verbose=False, epochs=100, eval_every=10, knn=True, lreg=True, linprobe=True, tsne=False, umap=False, cmet=True)
<All keys matched successfully>
Starting Hyperparameter Sweep on 1...
===> using linear mlp
Scheduler: None
MLP: MLP(
  (mlp): Linear(in_features=512, out_features=10, bias=True)
)
[GPU1] Test Accuracy at epoch: 0: 0.434
[GPU1] epochs: [1/100] train_acc: 0.277 train_loss_sup: 2.283
[GPU1] epochs: [2/100] train_acc: 0.468 train_loss_sup: 2.236
[GPU1] epochs: [3/100] train_acc: 0.513 train_loss_sup: 2.191
[GPU1] epochs: [4/100] train_acc: 0.542 train_loss_sup: 2.149
[GPU1] epochs: [5/100] train_acc: 0.553 train_loss_sup: 2.108
[GPU1] epochs: [6/100] train_acc: 0.552 train_loss_sup: 2.069
[GPU1] epochs: [7/100] train_acc: 0.560 train_loss_sup: 2.034
[GPU1] epochs: [8/100] train_acc: 0.560 train_loss_sup: 1.999
[GPU1] epochs: [9/100] train_acc: 0.570 train_loss_sup: 1.968
[GPU1] epochs: [10/100] train_acc: 0.572 train_loss_sup: 1.938
[GPU1] Test Accuracy at epoch: 10: 0.596
[GPU1] epochs: [11/100] train_acc: 0.570 train_loss_sup: 1.908
[GPU1] epochs: [12/100] train_acc: 0.574 train_loss_sup: 1.883
[GPU1] epochs: [13/100] train_acc: 0.579 train_loss_sup: 1.855
[GPU1] epochs: [14/100] train_acc: 0.579 train_loss_sup: 1.831
[GPU1] epochs: [15/100] train_acc: 0.582 train_loss_sup: 1.807
[GPU1] epochs: [16/100] train_acc: 0.579 train_loss_sup: 1.786
[GPU1] epochs: [17/100] train_acc: 0.583 train_loss_sup: 1.765
[GPU1] epochs: [18/100] train_acc: 0.584 train_loss_sup: 1.744
[GPU1] epochs: [19/100] train_acc: 0.584 train_loss_sup: 1.724
[GPU1] epochs: [20/100] train_acc: 0.585 train_loss_sup: 1.707
[GPU1] Test Accuracy at epoch: 20: 0.616
[GPU1] epochs: [21/100] train_acc: 0.589 train_loss_sup: 1.690
[GPU1] epochs: [22/100] train_acc: 0.589 train_loss_sup: 1.674
[GPU1] epochs: [23/100] train_acc: 0.588 train_loss_sup: 1.657
[GPU1] epochs: [24/100] train_acc: 0.591 train_loss_sup: 1.641
[GPU1] epochs: [25/100] train_acc: 0.593 train_loss_sup: 1.627
[GPU1] epochs: [26/100] train_acc: 0.592 train_loss_sup: 1.613
[GPU1] epochs: [27/100] train_acc: 0.593 train_loss_sup: 1.599
[GPU1] epochs: [28/100] train_acc: 0.595 train_loss_sup: 1.585
[GPU1] epochs: [29/100] train_acc: 0.595 train_loss_sup: 1.574
[GPU1] epochs: [30/100] train_acc: 0.596 train_loss_sup: 1.560
[GPU1] Test Accuracy at epoch: 30: 0.615
[GPU1] epochs: [31/100] train_acc: 0.595 train_loss_sup: 1.550
[GPU1] epochs: [32/100] train_acc: 0.598 train_loss_sup: 1.537
[GPU1] epochs: [33/100] train_acc: 0.600 train_loss_sup: 1.529
[GPU1] epochs: [34/100] train_acc: 0.597 train_loss_sup: 1.517
[GPU1] epochs: [35/100] train_acc: 0.599 train_loss_sup: 1.510
[GPU1] epochs: [36/100] train_acc: 0.603 train_loss_sup: 1.496
[GPU1] epochs: [37/100] train_acc: 0.601 train_loss_sup: 1.489
[GPU1] epochs: [38/100] train_acc: 0.602 train_loss_sup: 1.478
[GPU1] epochs: [39/100] train_acc: 0.601 train_loss_sup: 1.472
[GPU1] epochs: [40/100] train_acc: 0.600 train_loss_sup: 1.463
[GPU1] Test Accuracy at epoch: 40: 0.632
[GPU1] epochs: [41/100] train_acc: 0.606 train_loss_sup: 1.453
[GPU1] epochs: [42/100] train_acc: 0.605 train_loss_sup: 1.444
[GPU1] epochs: [43/100] train_acc: 0.605 train_loss_sup: 1.439
[GPU1] epochs: [44/100] train_acc: 0.605 train_loss_sup: 1.430
[GPU1] epochs: [45/100] train_acc: 0.608 train_loss_sup: 1.421
[GPU1] epochs: [46/100] train_acc: 0.608 train_loss_sup: 1.414
[GPU1] epochs: [47/100] train_acc: 0.606 train_loss_sup: 1.410
[GPU1] epochs: [48/100] train_acc: 0.608 train_loss_sup: 1.401
[GPU1] epochs: [49/100] train_acc: 0.609 train_loss_sup: 1.397
[GPU1] epochs: [50/100] train_acc: 0.608 train_loss_sup: 1.389
[GPU1] Test Accuracy at epoch: 50: 0.641
[GPU1] epochs: [51/100] train_acc: 0.606 train_loss_sup: 1.385
[GPU1] epochs: [52/100] train_acc: 0.610 train_loss_sup: 1.377
[GPU1] epochs: [53/100] train_acc: 0.610 train_loss_sup: 1.371
[GPU1] epochs: [54/100] train_acc: 0.613 train_loss_sup: 1.364
[GPU1] epochs: [55/100] train_acc: 0.612 train_loss_sup: 1.359
[GPU1] epochs: [56/100] train_acc: 0.613 train_loss_sup: 1.353
[GPU1] epochs: [57/100] train_acc: 0.615 train_loss_sup: 1.346
[GPU1] epochs: [58/100] train_acc: 0.610 train_loss_sup: 1.347
[GPU1] epochs: [59/100] train_acc: 0.611 train_loss_sup: 1.339
[GPU1] epochs: [60/100] train_acc: 0.613 train_loss_sup: 1.336
[GPU1] Test Accuracy at epoch: 60: 0.645
[GPU1] epochs: [61/100] train_acc: 0.612 train_loss_sup: 1.331
[GPU1] epochs: [62/100] train_acc: 0.612 train_loss_sup: 1.325
[GPU1] epochs: [63/100] train_acc: 0.616 train_loss_sup: 1.319
[GPU1] epochs: [64/100] train_acc: 0.615 train_loss_sup: 1.317
[GPU1] epochs: [65/100] train_acc: 0.614 train_loss_sup: 1.311
[GPU1] epochs: [66/100] train_acc: 0.615 train_loss_sup: 1.308
[GPU1] epochs: [67/100] train_acc: 0.616 train_loss_sup: 1.301
[GPU1] epochs: [68/100] train_acc: 0.618 train_loss_sup: 1.298
[GPU1] epochs: [69/100] train_acc: 0.618 train_loss_sup: 1.294
[GPU1] epochs: [70/100] train_acc: 0.617 train_loss_sup: 1.289
[GPU1] Test Accuracy at epoch: 70: 0.647
[GPU1] epochs: [71/100] train_acc: 0.619 train_loss_sup: 1.285
[GPU1] epochs: [72/100] train_acc: 0.617 train_loss_sup: 1.283
[GPU1] epochs: [73/100] train_acc: 0.617 train_loss_sup: 1.280
[GPU1] epochs: [74/100] train_acc: 0.619 train_loss_sup: 1.276
[GPU1] epochs: [75/100] train_acc: 0.618 train_loss_sup: 1.274
[GPU1] epochs: [76/100] train_acc: 0.620 train_loss_sup: 1.270
[GPU1] epochs: [77/100] train_acc: 0.620 train_loss_sup: 1.265
[GPU1] epochs: [78/100] train_acc: 0.620 train_loss_sup: 1.260
[GPU1] epochs: [79/100] train_acc: 0.622 train_loss_sup: 1.255
[GPU1] epochs: [80/100] train_acc: 0.620 train_loss_sup: 1.257
[GPU1] Test Accuracy at epoch: 80: 0.651
[GPU1] epochs: [81/100] train_acc: 0.620 train_loss_sup: 1.253
[GPU1] epochs: [82/100] train_acc: 0.623 train_loss_sup: 1.247
[GPU1] epochs: [83/100] train_acc: 0.620 train_loss_sup: 1.248
[GPU1] epochs: [84/100] train_acc: 0.621 train_loss_sup: 1.246
[GPU1] epochs: [85/100] train_acc: 0.620 train_loss_sup: 1.242
[GPU1] epochs: [86/100] train_acc: 0.621 train_loss_sup: 1.239
[GPU1] epochs: [87/100] train_acc: 0.624 train_loss_sup: 1.234
[GPU1] epochs: [88/100] train_acc: 0.626 train_loss_sup: 1.229
[GPU1] epochs: [89/100] train_acc: 0.624 train_loss_sup: 1.229
[GPU1] epochs: [90/100] train_acc: 0.624 train_loss_sup: 1.225
[GPU1] Test Accuracy at epoch: 90: 0.656
[GPU1] epochs: [91/100] train_acc: 0.626 train_loss_sup: 1.223
[GPU1] epochs: [92/100] train_acc: 0.624 train_loss_sup: 1.223
[GPU1] epochs: [93/100] train_acc: 0.624 train_loss_sup: 1.220
[GPU1] epochs: [94/100] train_acc: 0.623 train_loss_sup: 1.217
[GPU1] epochs: [95/100] train_acc: 0.625 train_loss_sup: 1.214
[GPU1] epochs: [96/100] train_acc: 0.626 train_loss_sup: 1.210
[GPU1] epochs: [97/100] train_acc: 0.627 train_loss_sup: 1.209
[GPU1] epochs: [98/100] train_acc: 0.625 train_loss_sup: 1.207
[GPU1] epochs: [99/100] train_acc: 0.629 train_loss_sup: 1.204
[GPU1] epochs: [100/100] train_acc: 0.628 train_loss_sup: 1.201
[GPU1] Final Test Accuracy: 0.659
LR: 0.100 | WD: 0.000001 | Cosine: False | test Acc: 0.659%
===> using linear mlp
Scheduler: None
MLP: MLP(
  (mlp): Linear(in_features=512, out_features=10, bias=True)
)
[GPU1] Test Accuracy at epoch: 0: 0.387
[GPU1] epochs: [1/100] train_acc: 0.242 train_loss_sup: 2.282
[GPU1] epochs: [2/100] train_acc: 0.441 train_loss_sup: 2.236
[GPU1] epochs: [3/100] train_acc: 0.499 train_loss_sup: 2.191
[GPU1] epochs: [4/100] train_acc: 0.542 train_loss_sup: 2.150
[GPU1] epochs: [5/100] train_acc: 0.552 train_loss_sup: 2.111
[GPU1] epochs: [6/100] train_acc: 0.558 train_loss_sup: 2.074
[GPU1] epochs: [7/100] train_acc: 0.559 train_loss_sup: 2.041
[GPU1] epochs: [8/100] train_acc: 0.562 train_loss_sup: 2.007
[GPU1] epochs: [9/100] train_acc: 0.567 train_loss_sup: 1.979
[GPU1] epochs: [10/100] train_acc: 0.569 train_loss_sup: 1.951
[GPU1] Test Accuracy at epoch: 10: 0.592
[GPU1] epochs: [11/100] train_acc: 0.575 train_loss_sup: 1.924
[GPU1] epochs: [12/100] train_acc: 0.570 train_loss_sup: 1.899
[GPU1] epochs: [13/100] train_acc: 0.574 train_loss_sup: 1.876
[GPU1] epochs: [14/100] train_acc: 0.575 train_loss_sup: 1.854
[GPU1] epochs: [15/100] train_acc: 0.577 train_loss_sup: 1.833
[GPU1] epochs: [16/100] train_acc: 0.579 train_loss_sup: 1.813
[GPU1] epochs: [17/100] train_acc: 0.582 train_loss_sup: 1.795
[GPU1] epochs: [18/100] train_acc: 0.583 train_loss_sup: 1.777
[GPU1] epochs: [19/100] train_acc: 0.584 train_loss_sup: 1.761
[GPU1] epochs: [20/100] train_acc: 0.585 train_loss_sup: 1.744
[GPU1] Test Accuracy at epoch: 20: 0.607
[GPU1] epochs: [21/100] train_acc: 0.586 train_loss_sup: 1.729
[GPU1] epochs: [22/100] train_acc: 0.588 train_loss_sup: 1.715
[GPU1] epochs: [23/100] train_acc: 0.589 train_loss_sup: 1.702
[GPU1] epochs: [24/100] train_acc: 0.590 train_loss_sup: 1.688
[GPU1] epochs: [25/100] train_acc: 0.591 train_loss_sup: 1.676
[GPU1] epochs: [26/100] train_acc: 0.591 train_loss_sup: 1.663
[GPU1] epochs: [27/100] train_acc: 0.591 train_loss_sup: 1.652
[GPU1] epochs: [28/100] train_acc: 0.592 train_loss_sup: 1.643
[GPU1] epochs: [29/100] train_acc: 0.593 train_loss_sup: 1.632
[GPU1] epochs: [30/100] train_acc: 0.594 train_loss_sup: 1.622
[GPU1] Test Accuracy at epoch: 30: 0.621
[GPU1] epochs: [31/100] train_acc: 0.591 train_loss_sup: 1.611
[GPU1] epochs: [32/100] train_acc: 0.597 train_loss_sup: 1.602
[GPU1] epochs: [33/100] train_acc: 0.595 train_loss_sup: 1.595
[GPU1] epochs: [34/100] train_acc: 0.595 train_loss_sup: 1.587
[GPU1] epochs: [35/100] train_acc: 0.598 train_loss_sup: 1.578
[GPU1] epochs: [36/100] train_acc: 0.600 train_loss_sup: 1.568
[GPU1] epochs: [37/100] train_acc: 0.599 train_loss_sup: 1.562
[GPU1] epochs: [38/100] train_acc: 0.598 train_loss_sup: 1.556
[GPU1] epochs: [39/100] train_acc: 0.600 train_loss_sup: 1.548
[GPU1] epochs: [40/100] train_acc: 0.599 train_loss_sup: 1.543
[GPU1] Test Accuracy at epoch: 40: 0.628
[GPU1] epochs: [41/100] train_acc: 0.600 train_loss_sup: 1.536
[GPU1] epochs: [42/100] train_acc: 0.602 train_loss_sup: 1.529
[GPU1] epochs: [43/100] train_acc: 0.602 train_loss_sup: 1.524
[GPU1] epochs: [44/100] train_acc: 0.600 train_loss_sup: 1.518
[GPU1] epochs: [45/100] train_acc: 0.603 train_loss_sup: 1.514
[GPU1] epochs: [46/100] train_acc: 0.602 train_loss_sup: 1.510
[GPU1] epochs: [47/100] train_acc: 0.603 train_loss_sup: 1.503
[GPU1] epochs: [48/100] train_acc: 0.603 train_loss_sup: 1.497
[GPU1] epochs: [49/100] train_acc: 0.606 train_loss_sup: 1.492
[GPU1] epochs: [50/100] train_acc: 0.605 train_loss_sup: 1.488
[GPU1] Test Accuracy at epoch: 50: 0.632
[GPU1] epochs: [51/100] train_acc: 0.605 train_loss_sup: 1.484
[GPU1] epochs: [52/100] train_acc: 0.605 train_loss_sup: 1.479
[GPU1] epochs: [53/100] train_acc: 0.607 train_loss_sup: 1.474
[GPU1] epochs: [54/100] train_acc: 0.607 train_loss_sup: 1.470
[GPU1] epochs: [55/100] train_acc: 0.608 train_loss_sup: 1.466
[GPU1] epochs: [56/100] train_acc: 0.607 train_loss_sup: 1.464
[GPU1] epochs: [57/100] train_acc: 0.605 train_loss_sup: 1.462
[GPU1] epochs: [58/100] train_acc: 0.608 train_loss_sup: 1.455
[GPU1] epochs: [59/100] train_acc: 0.606 train_loss_sup: 1.452
[GPU1] epochs: [60/100] train_acc: 0.606 train_loss_sup: 1.452
[GPU1] Test Accuracy at epoch: 60: 0.633
[GPU1] epochs: [61/100] train_acc: 0.608 train_loss_sup: 1.445
[GPU1] epochs: [62/100] train_acc: 0.609 train_loss_sup: 1.444
[GPU1] epochs: [63/100] train_acc: 0.612 train_loss_sup: 1.439
[GPU1] epochs: [64/100] train_acc: 0.611 train_loss_sup: 1.435
[GPU1] epochs: [65/100] train_acc: 0.612 train_loss_sup: 1.433
[GPU1] epochs: [66/100] train_acc: 0.610 train_loss_sup: 1.431
[GPU1] epochs: [67/100] train_acc: 0.611 train_loss_sup: 1.431
[GPU1] epochs: [68/100] train_acc: 0.608 train_loss_sup: 1.425
[GPU1] epochs: [69/100] train_acc: 0.610 train_loss_sup: 1.424
[GPU1] epochs: [70/100] train_acc: 0.610 train_loss_sup: 1.421
[GPU1] Test Accuracy at epoch: 70: 0.64
[GPU1] epochs: [71/100] train_acc: 0.612 train_loss_sup: 1.418
[GPU1] epochs: [72/100] train_acc: 0.612 train_loss_sup: 1.416
[GPU1] epochs: [73/100] train_acc: 0.614 train_loss_sup: 1.412
[GPU1] epochs: [74/100] train_acc: 0.614 train_loss_sup: 1.410
[GPU1] epochs: [75/100] train_acc: 0.613 train_loss_sup: 1.409
[GPU1] epochs: [76/100] train_acc: 0.614 train_loss_sup: 1.408
[GPU1] epochs: [77/100] train_acc: 0.613 train_loss_sup: 1.405
[GPU1] epochs: [78/100] train_acc: 0.616 train_loss_sup: 1.403
[GPU1] epochs: [79/100] train_acc: 0.615 train_loss_sup: 1.400
[GPU1] epochs: [80/100] train_acc: 0.614 train_loss_sup: 1.400
[GPU1] Test Accuracy at epoch: 80: 0.644
[GPU1] epochs: [81/100] train_acc: 0.613 train_loss_sup: 1.399
[GPU1] epochs: [82/100] train_acc: 0.614 train_loss_sup: 1.395
[GPU1] epochs: [83/100] train_acc: 0.614 train_loss_sup: 1.395
[GPU1] epochs: [84/100] train_acc: 0.613 train_loss_sup: 1.393
[GPU1] epochs: [85/100] train_acc: 0.614 train_loss_sup: 1.394
[GPU1] epochs: [86/100] train_acc: 0.615 train_loss_sup: 1.390
[GPU1] epochs: [87/100] train_acc: 0.616 train_loss_sup: 1.388
[GPU1] epochs: [88/100] train_acc: 0.614 train_loss_sup: 1.384
[GPU1] epochs: [89/100] train_acc: 0.618 train_loss_sup: 1.381
[GPU1] epochs: [90/100] train_acc: 0.619 train_loss_sup: 1.382
[GPU1] Test Accuracy at epoch: 90: 0.647
[GPU1] epochs: [91/100] train_acc: 0.620 train_loss_sup: 1.378
[GPU1] epochs: [92/100] train_acc: 0.617 train_loss_sup: 1.381
[GPU1] epochs: [93/100] train_acc: 0.617 train_loss_sup: 1.378
[GPU1] epochs: [94/100] train_acc: 0.619 train_loss_sup: 1.378
[GPU1] epochs: [95/100] train_acc: 0.618 train_loss_sup: 1.376
[GPU1] epochs: [96/100] train_acc: 0.617 train_loss_sup: 1.376
[GPU1] epochs: [97/100] train_acc: 0.618 train_loss_sup: 1.374
[GPU1] epochs: [98/100] train_acc: 0.618 train_loss_sup: 1.374
[GPU1] epochs: [99/100] train_acc: 0.619 train_loss_sup: 1.372
[GPU1] epochs: [100/100] train_acc: 0.620 train_loss_sup: 1.370
[GPU1] Final Test Accuracy: 0.645
LR: 0.100 | WD: 0.000100 | Cosine: False | test Acc: 0.647%
===> using linear mlp
Scheduler: None
MLP: MLP(
  (mlp): Linear(in_features=512, out_features=10, bias=True)
)
[GPU1] Test Accuracy at epoch: 0: 0.397
[GPU1] epochs: [1/100] train_acc: 0.249 train_loss_sup: 2.283
[GPU1] epochs: [2/100] train_acc: 0.443 train_loss_sup: 2.237
[GPU1] epochs: [3/100] train_acc: 0.504 train_loss_sup: 2.192
[GPU1] epochs: [4/100] train_acc: 0.528 train_loss_sup: 2.149
[GPU1] epochs: [5/100] train_acc: 0.541 train_loss_sup: 2.108
[GPU1] epochs: [6/100] train_acc: 0.556 train_loss_sup: 2.069
[GPU1] epochs: [7/100] train_acc: 0.562 train_loss_sup: 2.033
[GPU1] epochs: [8/100] train_acc: 0.568 train_loss_sup: 2.000
[GPU1] epochs: [9/100] train_acc: 0.566 train_loss_sup: 1.967
[GPU1] epochs: [10/100] train_acc: 0.572 train_loss_sup: 1.937
[GPU1] Test Accuracy at epoch: 10: 0.592
[GPU1] epochs: [11/100] train_acc: 0.574 train_loss_sup: 1.908
[GPU1] epochs: [12/100] train_acc: 0.573 train_loss_sup: 1.880
[GPU1] epochs: [13/100] train_acc: 0.578 train_loss_sup: 1.854
[GPU1] epochs: [14/100] train_acc: 0.581 train_loss_sup: 1.829
[GPU1] epochs: [15/100] train_acc: 0.580 train_loss_sup: 1.808
[GPU1] epochs: [16/100] train_acc: 0.583 train_loss_sup: 1.786
[GPU1] epochs: [17/100] train_acc: 0.583 train_loss_sup: 1.763
[GPU1] epochs: [18/100] train_acc: 0.583 train_loss_sup: 1.744
[GPU1] epochs: [19/100] train_acc: 0.585 train_loss_sup: 1.725
[GPU1] epochs: [20/100] train_acc: 0.587 train_loss_sup: 1.706
[GPU1] Test Accuracy at epoch: 20: 0.609
[GPU1] epochs: [21/100] train_acc: 0.586 train_loss_sup: 1.690
[GPU1] epochs: [22/100] train_acc: 0.586 train_loss_sup: 1.674
[GPU1] epochs: [23/100] train_acc: 0.590 train_loss_sup: 1.657
[GPU1] epochs: [24/100] train_acc: 0.591 train_loss_sup: 1.642
[GPU1] epochs: [25/100] train_acc: 0.591 train_loss_sup: 1.629
[GPU1] epochs: [26/100] train_acc: 0.591 train_loss_sup: 1.613
[GPU1] epochs: [27/100] train_acc: 0.592 train_loss_sup: 1.598
[GPU1] epochs: [28/100] train_acc: 0.596 train_loss_sup: 1.586
[GPU1] epochs: [29/100] train_acc: 0.593 train_loss_sup: 1.572
[GPU1] epochs: [30/100] train_acc: 0.598 train_loss_sup: 1.563
[GPU1] Test Accuracy at epoch: 30: 0.622
[GPU1] epochs: [31/100] train_acc: 0.595 train_loss_sup: 1.549
[GPU1] epochs: [32/100] train_acc: 0.599 train_loss_sup: 1.536
[GPU1] epochs: [33/100] train_acc: 0.596 train_loss_sup: 1.525
[GPU1] epochs: [34/100] train_acc: 0.600 train_loss_sup: 1.517
[GPU1] epochs: [35/100] train_acc: 0.598 train_loss_sup: 1.508
[GPU1] epochs: [36/100] train_acc: 0.601 train_loss_sup: 1.495
[GPU1] epochs: [37/100] train_acc: 0.601 train_loss_sup: 1.488
[GPU1] epochs: [38/100] train_acc: 0.600 train_loss_sup: 1.479
[GPU1] epochs: [39/100] train_acc: 0.605 train_loss_sup: 1.468
[GPU1] epochs: [40/100] train_acc: 0.603 train_loss_sup: 1.461
[GPU1] Test Accuracy at epoch: 40: 0.635
[GPU1] epochs: [41/100] train_acc: 0.603 train_loss_sup: 1.451
[GPU1] epochs: [42/100] train_acc: 0.601 train_loss_sup: 1.446
[GPU1] epochs: [43/100] train_acc: 0.603 train_loss_sup: 1.439
[GPU1] epochs: [44/100] train_acc: 0.605 train_loss_sup: 1.432
[GPU1] epochs: [45/100] train_acc: 0.607 train_loss_sup: 1.421
[GPU1] epochs: [46/100] train_acc: 0.605 train_loss_sup: 1.416
[GPU1] epochs: [47/100] train_acc: 0.607 train_loss_sup: 1.406
[GPU1] epochs: [48/100] train_acc: 0.606 train_loss_sup: 1.402
[GPU1] epochs: [49/100] train_acc: 0.609 train_loss_sup: 1.394
[GPU1] epochs: [50/100] train_acc: 0.608 train_loss_sup: 1.387
[GPU1] Test Accuracy at epoch: 50: 0.64
[GPU1] epochs: [51/100] train_acc: 0.609 train_loss_sup: 1.384
[GPU1] epochs: [52/100] train_acc: 0.611 train_loss_sup: 1.375
[GPU1] epochs: [53/100] train_acc: 0.610 train_loss_sup: 1.369
[GPU1] epochs: [54/100] train_acc: 0.610 train_loss_sup: 1.362
[GPU1] epochs: [55/100] train_acc: 0.612 train_loss_sup: 1.359
[GPU1] epochs: [56/100] train_acc: 0.613 train_loss_sup: 1.352
[GPU1] epochs: [57/100] train_acc: 0.614 train_loss_sup: 1.346
[GPU1] epochs: [58/100] train_acc: 0.614 train_loss_sup: 1.343
[GPU1] epochs: [59/100] train_acc: 0.614 train_loss_sup: 1.337
[GPU1] epochs: [60/100] train_acc: 0.614 train_loss_sup: 1.335
[GPU1] Test Accuracy at epoch: 60: 0.643
[GPU1] epochs: [61/100] train_acc: 0.613 train_loss_sup: 1.327
[GPU1] epochs: [62/100] train_acc: 0.613 train_loss_sup: 1.325
[GPU1] epochs: [63/100] train_acc: 0.617 train_loss_sup: 1.319
[GPU1] epochs: [64/100] train_acc: 0.616 train_loss_sup: 1.315
[GPU1] epochs: [65/100] train_acc: 0.618 train_loss_sup: 1.309
[GPU1] epochs: [66/100] train_acc: 0.614 train_loss_sup: 1.305
[GPU1] epochs: [67/100] train_acc: 0.619 train_loss_sup: 1.299
[GPU1] epochs: [68/100] train_acc: 0.616 train_loss_sup: 1.296
[GPU1] epochs: [69/100] train_acc: 0.618 train_loss_sup: 1.291
[GPU1] epochs: [70/100] train_acc: 0.617 train_loss_sup: 1.291
[GPU1] Test Accuracy at epoch: 70: 0.651
[GPU1] epochs: [71/100] train_acc: 0.618 train_loss_sup: 1.287
[GPU1] epochs: [72/100] train_acc: 0.619 train_loss_sup: 1.282
[GPU1] epochs: [73/100] train_acc: 0.620 train_loss_sup: 1.277
[GPU1] epochs: [74/100] train_acc: 0.622 train_loss_sup: 1.273
[GPU1] epochs: [75/100] train_acc: 0.618 train_loss_sup: 1.271
[GPU1] epochs: [76/100] train_acc: 0.622 train_loss_sup: 1.267
[GPU1] epochs: [77/100] train_acc: 0.622 train_loss_sup: 1.264
[GPU1] epochs: [78/100] train_acc: 0.621 train_loss_sup: 1.260
[GPU1] epochs: [79/100] train_acc: 0.619 train_loss_sup: 1.259
[GPU1] epochs: [80/100] train_acc: 0.620 train_loss_sup: 1.254
[GPU1] Test Accuracy at epoch: 80: 0.655
[GPU1] epochs: [81/100] train_acc: 0.622 train_loss_sup: 1.251
[GPU1] epochs: [82/100] train_acc: 0.623 train_loss_sup: 1.245
[GPU1] epochs: [83/100] train_acc: 0.621 train_loss_sup: 1.245
[GPU1] epochs: [84/100] train_acc: 0.622 train_loss_sup: 1.242
[GPU1] epochs: [85/100] train_acc: 0.623 train_loss_sup: 1.238
[GPU1] epochs: [86/100] train_acc: 0.621 train_loss_sup: 1.237
[GPU1] epochs: [87/100] train_acc: 0.623 train_loss_sup: 1.235
[GPU1] epochs: [88/100] train_acc: 0.622 train_loss_sup: 1.231
[GPU1] epochs: [89/100] train_acc: 0.624 train_loss_sup: 1.229
[GPU1] epochs: [90/100] train_acc: 0.624 train_loss_sup: 1.224
[GPU1] Test Accuracy at epoch: 90: 0.658
[GPU1] epochs: [91/100] train_acc: 0.626 train_loss_sup: 1.223
[GPU1] epochs: [92/100] train_acc: 0.626 train_loss_sup: 1.216
[GPU1] epochs: [93/100] train_acc: 0.626 train_loss_sup: 1.216
[GPU1] epochs: [94/100] train_acc: 0.626 train_loss_sup: 1.212
[GPU1] epochs: [95/100] train_acc: 0.626 train_loss_sup: 1.210
[GPU1] epochs: [96/100] train_acc: 0.626 train_loss_sup: 1.208
[GPU1] epochs: [97/100] train_acc: 0.628 train_loss_sup: 1.204
[GPU1] epochs: [98/100] train_acc: 0.625 train_loss_sup: 1.205
[GPU1] epochs: [99/100] train_acc: 0.625 train_loss_sup: 1.202
[GPU1] epochs: [100/100] train_acc: 0.627 train_loss_sup: 1.199
[GPU1] Final Test Accuracy: 0.659
LR: 0.100 | WD: 0.000000 | Cosine: False | test Acc: 0.659%
===> using linear mlp
Scheduler: None
MLP: MLP(
  (mlp): Linear(in_features=512, out_features=10, bias=True)
)
[GPU1] Test Accuracy at epoch: 0: 0.598
[GPU1] epochs: [1/100] train_acc: 0.393 train_loss_sup: 2.129
[GPU1] epochs: [2/100] train_acc: 0.552 train_loss_sup: 1.818
[GPU1] epochs: [3/100] train_acc: 0.573 train_loss_sup: 1.632
[GPU1] epochs: [4/100] train_acc: 0.593 train_loss_sup: 1.508
[GPU1] epochs: [5/100] train_acc: 0.595 train_loss_sup: 1.425
[GPU1] epochs: [6/100] train_acc: 0.604 train_loss_sup: 1.361
[GPU1] epochs: [7/100] train_acc: 0.608 train_loss_sup: 1.314
[GPU1] epochs: [8/100] train_acc: 0.611 train_loss_sup: 1.276
[GPU1] epochs: [9/100] train_acc: 0.616 train_loss_sup: 1.245
[GPU1] epochs: [10/100] train_acc: 0.623 train_loss_sup: 1.216
[GPU1] Test Accuracy at epoch: 10: 0.661
[GPU1] epochs: [11/100] train_acc: 0.623 train_loss_sup: 1.196
[GPU1] epochs: [12/100] train_acc: 0.626 train_loss_sup: 1.175
[GPU1] epochs: [13/100] train_acc: 0.630 train_loss_sup: 1.154
[GPU1] epochs: [14/100] train_acc: 0.632 train_loss_sup: 1.143
[GPU1] epochs: [15/100] train_acc: 0.638 train_loss_sup: 1.124
[GPU1] epochs: [16/100] train_acc: 0.638 train_loss_sup: 1.116
[GPU1] epochs: [17/100] train_acc: 0.640 train_loss_sup: 1.103
[GPU1] epochs: [18/100] train_acc: 0.642 train_loss_sup: 1.092
[GPU1] epochs: [19/100] train_acc: 0.641 train_loss_sup: 1.084
[GPU1] epochs: [20/100] train_acc: 0.642 train_loss_sup: 1.079
[GPU1] Test Accuracy at epoch: 20: 0.676
[GPU1] epochs: [21/100] train_acc: 0.645 train_loss_sup: 1.070
[GPU1] epochs: [22/100] train_acc: 0.648 train_loss_sup: 1.062
[GPU1] epochs: [23/100] train_acc: 0.647 train_loss_sup: 1.055
[GPU1] epochs: [24/100] train_acc: 0.649 train_loss_sup: 1.049
[GPU1] epochs: [25/100] train_acc: 0.651 train_loss_sup: 1.043
[GPU1] epochs: [26/100] train_acc: 0.650 train_loss_sup: 1.038
[GPU1] epochs: [27/100] train_acc: 0.654 train_loss_sup: 1.030
[GPU1] epochs: [28/100] train_acc: 0.653 train_loss_sup: 1.030
[GPU1] epochs: [29/100] train_acc: 0.657 train_loss_sup: 1.021
[GPU1] epochs: [30/100] train_acc: 0.659 train_loss_sup: 1.013
[GPU1] Test Accuracy at epoch: 30: 0.69
[GPU1] epochs: [31/100] train_acc: 0.656 train_loss_sup: 1.015
[GPU1] epochs: [32/100] train_acc: 0.659 train_loss_sup: 1.011
[GPU1] epochs: [33/100] train_acc: 0.658 train_loss_sup: 1.007
[GPU1] epochs: [34/100] train_acc: 0.661 train_loss_sup: 0.998
[GPU1] epochs: [35/100] train_acc: 0.659 train_loss_sup: 1.000
[GPU1] epochs: [36/100] train_acc: 0.661 train_loss_sup: 1.001
[GPU1] epochs: [37/100] train_acc: 0.661 train_loss_sup: 0.996
[GPU1] epochs: [38/100] train_acc: 0.664 train_loss_sup: 0.988
[GPU1] epochs: [39/100] train_acc: 0.663 train_loss_sup: 0.985
[GPU1] epochs: [40/100] train_acc: 0.665 train_loss_sup: 0.979
[GPU1] Test Accuracy at epoch: 40: 0.701
[GPU1] epochs: [41/100] train_acc: 0.666 train_loss_sup: 0.983
[GPU1] epochs: [42/100] train_acc: 0.668 train_loss_sup: 0.974
[GPU1] epochs: [43/100] train_acc: 0.667 train_loss_sup: 0.973
[GPU1] epochs: [44/100] train_acc: 0.668 train_loss_sup: 0.972
[GPU1] epochs: [45/100] train_acc: 0.667 train_loss_sup: 0.972
[GPU1] epochs: [46/100] train_acc: 0.666 train_loss_sup: 0.968
[GPU1] epochs: [47/100] train_acc: 0.670 train_loss_sup: 0.964
[GPU1] epochs: [48/100] train_acc: 0.669 train_loss_sup: 0.962
[GPU1] epochs: [49/100] train_acc: 0.670 train_loss_sup: 0.962
[GPU1] epochs: [50/100] train_acc: 0.670 train_loss_sup: 0.961
[GPU1] Test Accuracy at epoch: 50: 0.703
[GPU1] epochs: [51/100] train_acc: 0.670 train_loss_sup: 0.961
[GPU1] epochs: [52/100] train_acc: 0.672 train_loss_sup: 0.956
[GPU1] epochs: [53/100] train_acc: 0.673 train_loss_sup: 0.953
[GPU1] epochs: [54/100] train_acc: 0.675 train_loss_sup: 0.953
[GPU1] epochs: [55/100] train_acc: 0.675 train_loss_sup: 0.948
[GPU1] epochs: [56/100] train_acc: 0.674 train_loss_sup: 0.948
[GPU1] epochs: [57/100] train_acc: 0.674 train_loss_sup: 0.944
[GPU1] epochs: [58/100] train_acc: 0.676 train_loss_sup: 0.946
[GPU1] epochs: [59/100] train_acc: 0.674 train_loss_sup: 0.944
[GPU1] epochs: [60/100] train_acc: 0.673 train_loss_sup: 0.943
[GPU1] Test Accuracy at epoch: 60: 0.711
[GPU1] epochs: [61/100] train_acc: 0.677 train_loss_sup: 0.941
[GPU1] epochs: [62/100] train_acc: 0.676 train_loss_sup: 0.937
[GPU1] epochs: [63/100] train_acc: 0.677 train_loss_sup: 0.936
[GPU1] epochs: [64/100] train_acc: 0.678 train_loss_sup: 0.937
[GPU1] epochs: [65/100] train_acc: 0.677 train_loss_sup: 0.938
[GPU1] epochs: [66/100] train_acc: 0.679 train_loss_sup: 0.932
[GPU1] epochs: [67/100] train_acc: 0.680 train_loss_sup: 0.930
[GPU1] epochs: [68/100] train_acc: 0.679 train_loss_sup: 0.931
[GPU1] epochs: [69/100] train_acc: 0.677 train_loss_sup: 0.935
[GPU1] epochs: [70/100] train_acc: 0.678 train_loss_sup: 0.926
[GPU1] Test Accuracy at epoch: 70: 0.718
[GPU1] epochs: [71/100] train_acc: 0.678 train_loss_sup: 0.926
[GPU1] epochs: [72/100] train_acc: 0.678 train_loss_sup: 0.930
[GPU1] epochs: [73/100] train_acc: 0.680 train_loss_sup: 0.927
[GPU1] epochs: [74/100] train_acc: 0.681 train_loss_sup: 0.923
[GPU1] epochs: [75/100] train_acc: 0.680 train_loss_sup: 0.923
[GPU1] epochs: [76/100] train_acc: 0.682 train_loss_sup: 0.922
[GPU1] epochs: [77/100] train_acc: 0.680 train_loss_sup: 0.920
[GPU1] epochs: [78/100] train_acc: 0.680 train_loss_sup: 0.924
[GPU1] epochs: [79/100] train_acc: 0.683 train_loss_sup: 0.916
[GPU1] epochs: [80/100] train_acc: 0.684 train_loss_sup: 0.917
[GPU1] Test Accuracy at epoch: 80: 0.717
[GPU1] epochs: [81/100] train_acc: 0.684 train_loss_sup: 0.911
[GPU1] epochs: [82/100] train_acc: 0.682 train_loss_sup: 0.917
[GPU1] epochs: [83/100] train_acc: 0.683 train_loss_sup: 0.914
[GPU1] epochs: [84/100] train_acc: 0.682 train_loss_sup: 0.915
[GPU1] epochs: [85/100] train_acc: 0.682 train_loss_sup: 0.913
[GPU1] epochs: [86/100] train_acc: 0.685 train_loss_sup: 0.909
[GPU1] epochs: [87/100] train_acc: 0.683 train_loss_sup: 0.915
[GPU1] epochs: [88/100] train_acc: 0.687 train_loss_sup: 0.902
[GPU1] epochs: [89/100] train_acc: 0.684 train_loss_sup: 0.907
[GPU1] epochs: [90/100] train_acc: 0.686 train_loss_sup: 0.905
[GPU1] Test Accuracy at epoch: 90: 0.721
[GPU1] epochs: [91/100] train_acc: 0.687 train_loss_sup: 0.906
[GPU1] epochs: [92/100] train_acc: 0.687 train_loss_sup: 0.904
[GPU1] epochs: [93/100] train_acc: 0.688 train_loss_sup: 0.905
[GPU1] epochs: [94/100] train_acc: 0.685 train_loss_sup: 0.905
[GPU1] epochs: [95/100] train_acc: 0.685 train_loss_sup: 0.906
[GPU1] epochs: [96/100] train_acc: 0.685 train_loss_sup: 0.906
[GPU1] epochs: [97/100] train_acc: 0.686 train_loss_sup: 0.900
[GPU1] epochs: [98/100] train_acc: 0.687 train_loss_sup: 0.900
[GPU1] epochs: [99/100] train_acc: 0.686 train_loss_sup: 0.902
[GPU1] epochs: [100/100] train_acc: 0.686 train_loss_sup: 0.900
[GPU1] Final Test Accuracy: 0.727
LR: 1.000 | WD: 0.000001 | Cosine: False | test Acc: 0.727%
===> using linear mlp
Scheduler: None
MLP: MLP(
  (mlp): Linear(in_features=512, out_features=10, bias=True)
)
[GPU1] Test Accuracy at epoch: 0: 0.54
[GPU1] epochs: [1/100] train_acc: 0.390 train_loss_sup: 2.131
[GPU1] epochs: [2/100] train_acc: 0.546 train_loss_sup: 1.839
[GPU1] epochs: [3/100] train_acc: 0.570 train_loss_sup: 1.677
[GPU1] epochs: [4/100] train_acc: 0.587 train_loss_sup: 1.577
[GPU1] epochs: [5/100] train_acc: 0.595 train_loss_sup: 1.512
[GPU1] epochs: [6/100] train_acc: 0.600 train_loss_sup: 1.467
[GPU1] epochs: [7/100] train_acc: 0.601 train_loss_sup: 1.433
[GPU1] epochs: [8/100] train_acc: 0.607 train_loss_sup: 1.409
[GPU1] epochs: [9/100] train_acc: 0.610 train_loss_sup: 1.389
[GPU1] epochs: [10/100] train_acc: 0.611 train_loss_sup: 1.378
[GPU1] Test Accuracy at epoch: 10: 0.642
[GPU1] epochs: [11/100] train_acc: 0.616 train_loss_sup: 1.367
[GPU1] epochs: [12/100] train_acc: 0.619 train_loss_sup: 1.354
[GPU1] epochs: [13/100] train_acc: 0.621 train_loss_sup: 1.348
[GPU1] epochs: [14/100] train_acc: 0.622 train_loss_sup: 1.342
[GPU1] epochs: [15/100] train_acc: 0.618 train_loss_sup: 1.341
[GPU1] epochs: [16/100] train_acc: 0.619 train_loss_sup: 1.338
[GPU1] epochs: [17/100] train_acc: 0.621 train_loss_sup: 1.335
[GPU1] epochs: [18/100] train_acc: 0.623 train_loss_sup: 1.328
[GPU1] epochs: [19/100] train_acc: 0.626 train_loss_sup: 1.329
[GPU1] epochs: [20/100] train_acc: 0.624 train_loss_sup: 1.324
[GPU1] Test Accuracy at epoch: 20: 0.658
[GPU1] epochs: [21/100] train_acc: 0.626 train_loss_sup: 1.324
[GPU1] epochs: [22/100] train_acc: 0.627 train_loss_sup: 1.322
[GPU1] epochs: [23/100] train_acc: 0.626 train_loss_sup: 1.322
[GPU1] epochs: [24/100] train_acc: 0.628 train_loss_sup: 1.321
[GPU1] epochs: [25/100] train_acc: 0.627 train_loss_sup: 1.322
[GPU1] epochs: [26/100] train_acc: 0.625 train_loss_sup: 1.321
[GPU1] epochs: [27/100] train_acc: 0.627 train_loss_sup: 1.318
[GPU1] epochs: [28/100] train_acc: 0.629 train_loss_sup: 1.318
[GPU1] epochs: [29/100] train_acc: 0.629 train_loss_sup: 1.317
[GPU1] epochs: [30/100] train_acc: 0.629 train_loss_sup: 1.317
[GPU1] Test Accuracy at epoch: 30: 0.649
[GPU1] epochs: [31/100] train_acc: 0.629 train_loss_sup: 1.317
[GPU1] epochs: [32/100] train_acc: 0.628 train_loss_sup: 1.317
[GPU1] epochs: [33/100] train_acc: 0.628 train_loss_sup: 1.318
[GPU1] epochs: [34/100] train_acc: 0.630 train_loss_sup: 1.317
[GPU1] epochs: [35/100] train_acc: 0.630 train_loss_sup: 1.316
[GPU1] epochs: [36/100] train_acc: 0.630 train_loss_sup: 1.318
[GPU1] epochs: [37/100] train_acc: 0.625 train_loss_sup: 1.320
[GPU1] epochs: [38/100] train_acc: 0.629 train_loss_sup: 1.317
[GPU1] epochs: [39/100] train_acc: 0.627 train_loss_sup: 1.318
[GPU1] epochs: [40/100] train_acc: 0.629 train_loss_sup: 1.317
[GPU1] Test Accuracy at epoch: 40: 0.662
[GPU1] epochs: [41/100] train_acc: 0.628 train_loss_sup: 1.317
[GPU1] epochs: [42/100] train_acc: 0.627 train_loss_sup: 1.317
[GPU1] epochs: [43/100] train_acc: 0.632 train_loss_sup: 1.314
[GPU1] epochs: [44/100] train_acc: 0.629 train_loss_sup: 1.320
[GPU1] epochs: [45/100] train_acc: 0.629 train_loss_sup: 1.317
[GPU1] epochs: [46/100] train_acc: 0.629 train_loss_sup: 1.315
[GPU1] epochs: [47/100] train_acc: 0.631 train_loss_sup: 1.315
[GPU1] epochs: [48/100] train_acc: 0.630 train_loss_sup: 1.314
[GPU1] epochs: [49/100] train_acc: 0.631 train_loss_sup: 1.315
[GPU1] epochs: [50/100] train_acc: 0.626 train_loss_sup: 1.317
[GPU1] Test Accuracy at epoch: 50: 0.662
[GPU1] epochs: [51/100] train_acc: 0.631 train_loss_sup: 1.315
[GPU1] epochs: [52/100] train_acc: 0.628 train_loss_sup: 1.316
[GPU1] epochs: [53/100] train_acc: 0.630 train_loss_sup: 1.316
[GPU1] epochs: [54/100] train_acc: 0.630 train_loss_sup: 1.313
[GPU1] epochs: [55/100] train_acc: 0.628 train_loss_sup: 1.317
[GPU1] epochs: [56/100] train_acc: 0.630 train_loss_sup: 1.318
[GPU1] epochs: [57/100] train_acc: 0.628 train_loss_sup: 1.317
[GPU1] epochs: [58/100] train_acc: 0.628 train_loss_sup: 1.318
[GPU1] epochs: [59/100] train_acc: 0.629 train_loss_sup: 1.314
[GPU1] epochs: [60/100] train_acc: 0.630 train_loss_sup: 1.316
[GPU1] Test Accuracy at epoch: 60: 0.658
[GPU1] epochs: [61/100] train_acc: 0.627 train_loss_sup: 1.319
[GPU1] epochs: [62/100] train_acc: 0.629 train_loss_sup: 1.317
[GPU1] epochs: [63/100] train_acc: 0.629 train_loss_sup: 1.318
[GPU1] epochs: [64/100] train_acc: 0.629 train_loss_sup: 1.316
[GPU1] epochs: [65/100] train_acc: 0.627 train_loss_sup: 1.318
[GPU1] epochs: [66/100] train_acc: 0.630 train_loss_sup: 1.313
[GPU1] epochs: [67/100] train_acc: 0.629 train_loss_sup: 1.316
[GPU1] epochs: [68/100] train_acc: 0.626 train_loss_sup: 1.316
[GPU1] epochs: [69/100] train_acc: 0.631 train_loss_sup: 1.313
[GPU1] epochs: [70/100] train_acc: 0.627 train_loss_sup: 1.318
[GPU1] Test Accuracy at epoch: 70: 0.656
[GPU1] epochs: [71/100] train_acc: 0.629 train_loss_sup: 1.317
[GPU1] epochs: [72/100] train_acc: 0.626 train_loss_sup: 1.319
[GPU1] epochs: [73/100] train_acc: 0.628 train_loss_sup: 1.317
[GPU1] epochs: [74/100] train_acc: 0.629 train_loss_sup: 1.316
[GPU1] epochs: [75/100] train_acc: 0.629 train_loss_sup: 1.315
[GPU1] epochs: [76/100] train_acc: 0.627 train_loss_sup: 1.317
[GPU1] epochs: [77/100] train_acc: 0.627 train_loss_sup: 1.318
[GPU1] epochs: [78/100] train_acc: 0.629 train_loss_sup: 1.316
[GPU1] epochs: [79/100] train_acc: 0.629 train_loss_sup: 1.317
[GPU1] epochs: [80/100] train_acc: 0.630 train_loss_sup: 1.318
[GPU1] Test Accuracy at epoch: 80: 0.666
[GPU1] epochs: [81/100] train_acc: 0.631 train_loss_sup: 1.315
[GPU1] epochs: [82/100] train_acc: 0.630 train_loss_sup: 1.314
[GPU1] epochs: [83/100] train_acc: 0.628 train_loss_sup: 1.318
[GPU1] epochs: [84/100] train_acc: 0.630 train_loss_sup: 1.316
[GPU1] epochs: [85/100] train_acc: 0.629 train_loss_sup: 1.316
[GPU1] epochs: [86/100] train_acc: 0.628 train_loss_sup: 1.318
[GPU1] epochs: [87/100] train_acc: 0.629 train_loss_sup: 1.316
[GPU1] epochs: [88/100] train_acc: 0.629 train_loss_sup: 1.317
[GPU1] epochs: [89/100] train_acc: 0.629 train_loss_sup: 1.316
[GPU1] epochs: [90/100] train_acc: 0.632 train_loss_sup: 1.314
[GPU1] Test Accuracy at epoch: 90: 0.659
[GPU1] epochs: [91/100] train_acc: 0.627 train_loss_sup: 1.318
[GPU1] epochs: [92/100] train_acc: 0.629 train_loss_sup: 1.316
[GPU1] epochs: [93/100] train_acc: 0.628 train_loss_sup: 1.316
[GPU1] epochs: [94/100] train_acc: 0.629 train_loss_sup: 1.319
[GPU1] epochs: [95/100] train_acc: 0.630 train_loss_sup: 1.315
[GPU1] epochs: [96/100] train_acc: 0.628 train_loss_sup: 1.317
[GPU1] epochs: [97/100] train_acc: 0.628 train_loss_sup: 1.314
[GPU1] epochs: [98/100] train_acc: 0.630 train_loss_sup: 1.316
[GPU1] epochs: [99/100] train_acc: 0.629 train_loss_sup: 1.318
[GPU1] epochs: [100/100] train_acc: 0.628 train_loss_sup: 1.317
[GPU1] Final Test Accuracy: 0.669
LR: 1.000 | WD: 0.000100 | Cosine: False | test Acc: 0.669%
===> using linear mlp
Scheduler: None
MLP: MLP(
  (mlp): Linear(in_features=512, out_features=10, bias=True)
)
[GPU1] Test Accuracy at epoch: 0: 0.556
[GPU1] epochs: [1/100] train_acc: 0.401 train_loss_sup: 2.127
[GPU1] epochs: [2/100] train_acc: 0.549 train_loss_sup: 1.818
[GPU1] epochs: [3/100] train_acc: 0.569 train_loss_sup: 1.633
[GPU1] epochs: [4/100] train_acc: 0.593 train_loss_sup: 1.508
[GPU1] epochs: [5/100] train_acc: 0.600 train_loss_sup: 1.424
[GPU1] epochs: [6/100] train_acc: 0.605 train_loss_sup: 1.360
[GPU1] epochs: [7/100] train_acc: 0.612 train_loss_sup: 1.309
[GPU1] epochs: [8/100] train_acc: 0.616 train_loss_sup: 1.271
[GPU1] epochs: [9/100] train_acc: 0.617 train_loss_sup: 1.240
[GPU1] epochs: [10/100] train_acc: 0.622 train_loss_sup: 1.213
[GPU1] Test Accuracy at epoch: 10: 0.66
[GPU1] epochs: [11/100] train_acc: 0.625 train_loss_sup: 1.188
[GPU1] epochs: [12/100] train_acc: 0.628 train_loss_sup: 1.169
[GPU1] epochs: [13/100] train_acc: 0.628 train_loss_sup: 1.156
[GPU1] epochs: [14/100] train_acc: 0.632 train_loss_sup: 1.142
[GPU1] epochs: [15/100] train_acc: 0.632 train_loss_sup: 1.130
[GPU1] epochs: [16/100] train_acc: 0.639 train_loss_sup: 1.113
[GPU1] epochs: [17/100] train_acc: 0.639 train_loss_sup: 1.102
[GPU1] epochs: [18/100] train_acc: 0.642 train_loss_sup: 1.090
[GPU1] epochs: [19/100] train_acc: 0.644 train_loss_sup: 1.079
[GPU1] epochs: [20/100] train_acc: 0.644 train_loss_sup: 1.076
[GPU1] Test Accuracy at epoch: 20: 0.683
[GPU1] epochs: [21/100] train_acc: 0.648 train_loss_sup: 1.063
[GPU1] epochs: [22/100] train_acc: 0.645 train_loss_sup: 1.057
[GPU1] epochs: [23/100] train_acc: 0.647 train_loss_sup: 1.055
[GPU1] epochs: [24/100] train_acc: 0.650 train_loss_sup: 1.043
[GPU1] epochs: [25/100] train_acc: 0.652 train_loss_sup: 1.038
[GPU1] epochs: [26/100] train_acc: 0.654 train_loss_sup: 1.032
[GPU1] epochs: [27/100] train_acc: 0.655 train_loss_sup: 1.026
[GPU1] epochs: [28/100] train_acc: 0.654 train_loss_sup: 1.025
[GPU1] epochs: [29/100] train_acc: 0.656 train_loss_sup: 1.020
[GPU1] epochs: [30/100] train_acc: 0.657 train_loss_sup: 1.014
[GPU1] Test Accuracy at epoch: 30: 0.691
[GPU1] epochs: [31/100] train_acc: 0.660 train_loss_sup: 1.009
[GPU1] epochs: [32/100] train_acc: 0.660 train_loss_sup: 1.007
[GPU1] epochs: [33/100] train_acc: 0.659 train_loss_sup: 1.004
[GPU1] epochs: [34/100] train_acc: 0.661 train_loss_sup: 0.999
[GPU1] epochs: [35/100] train_acc: 0.661 train_loss_sup: 0.992
[GPU1] epochs: [36/100] train_acc: 0.659 train_loss_sup: 0.991
[GPU1] epochs: [37/100] train_acc: 0.661 train_loss_sup: 0.991
[GPU1] epochs: [38/100] train_acc: 0.664 train_loss_sup: 0.985
[GPU1] epochs: [39/100] train_acc: 0.662 train_loss_sup: 0.984
[GPU1] epochs: [40/100] train_acc: 0.666 train_loss_sup: 0.978
[GPU1] Test Accuracy at epoch: 40: 0.699
[GPU1] epochs: [41/100] train_acc: 0.666 train_loss_sup: 0.973
[GPU1] epochs: [42/100] train_acc: 0.664 train_loss_sup: 0.979
[GPU1] epochs: [43/100] train_acc: 0.668 train_loss_sup: 0.972
[GPU1] epochs: [44/100] train_acc: 0.668 train_loss_sup: 0.969
[GPU1] epochs: [45/100] train_acc: 0.669 train_loss_sup: 0.964
[GPU1] epochs: [46/100] train_acc: 0.666 train_loss_sup: 0.966
[GPU1] epochs: [47/100] train_acc: 0.670 train_loss_sup: 0.959
[GPU1] epochs: [48/100] train_acc: 0.668 train_loss_sup: 0.962
[GPU1] epochs: [49/100] train_acc: 0.673 train_loss_sup: 0.958
[GPU1] epochs: [50/100] train_acc: 0.670 train_loss_sup: 0.958
[GPU1] Test Accuracy at epoch: 50: 0.707
[GPU1] epochs: [51/100] train_acc: 0.670 train_loss_sup: 0.956
[GPU1] epochs: [52/100] train_acc: 0.674 train_loss_sup: 0.951
[GPU1] epochs: [53/100] train_acc: 0.672 train_loss_sup: 0.951
[GPU1] epochs: [54/100] train_acc: 0.672 train_loss_sup: 0.946
[GPU1] epochs: [55/100] train_acc: 0.675 train_loss_sup: 0.940
[GPU1] epochs: [56/100] train_acc: 0.676 train_loss_sup: 0.939
[GPU1] epochs: [57/100] train_acc: 0.674 train_loss_sup: 0.943
[GPU1] epochs: [58/100] train_acc: 0.677 train_loss_sup: 0.940
[GPU1] epochs: [59/100] train_acc: 0.678 train_loss_sup: 0.935
[GPU1] epochs: [60/100] train_acc: 0.675 train_loss_sup: 0.938
[GPU1] Test Accuracy at epoch: 60: 0.715
[GPU1] epochs: [61/100] train_acc: 0.678 train_loss_sup: 0.932
[GPU1] epochs: [62/100] train_acc: 0.677 train_loss_sup: 0.931
[GPU1] epochs: [63/100] train_acc: 0.677 train_loss_sup: 0.931
[GPU1] epochs: [64/100] train_acc: 0.676 train_loss_sup: 0.930
[GPU1] epochs: [65/100] train_acc: 0.679 train_loss_sup: 0.928
[GPU1] epochs: [66/100] train_acc: 0.680 train_loss_sup: 0.923
[GPU1] epochs: [67/100] train_acc: 0.681 train_loss_sup: 0.924
[GPU1] epochs: [68/100] train_acc: 0.678 train_loss_sup: 0.927
[GPU1] epochs: [69/100] train_acc: 0.680 train_loss_sup: 0.924
[GPU1] epochs: [70/100] train_acc: 0.680 train_loss_sup: 0.922
[GPU1] Test Accuracy at epoch: 70: 0.715
[GPU1] epochs: [71/100] train_acc: 0.682 train_loss_sup: 0.919
[GPU1] epochs: [72/100] train_acc: 0.681 train_loss_sup: 0.921
[GPU1] epochs: [73/100] train_acc: 0.682 train_loss_sup: 0.919
[GPU1] epochs: [74/100] train_acc: 0.682 train_loss_sup: 0.915
[GPU1] epochs: [75/100] train_acc: 0.682 train_loss_sup: 0.916
[GPU1] epochs: [76/100] train_acc: 0.681 train_loss_sup: 0.914
[GPU1] epochs: [77/100] train_acc: 0.681 train_loss_sup: 0.914
[GPU1] epochs: [78/100] train_acc: 0.683 train_loss_sup: 0.911
[GPU1] epochs: [79/100] train_acc: 0.682 train_loss_sup: 0.917
[GPU1] epochs: [80/100] train_acc: 0.682 train_loss_sup: 0.913
[GPU1] Test Accuracy at epoch: 80: 0.718
[GPU1] epochs: [81/100] train_acc: 0.684 train_loss_sup: 0.910
[GPU1] epochs: [82/100] train_acc: 0.686 train_loss_sup: 0.904
[GPU1] epochs: [83/100] train_acc: 0.682 train_loss_sup: 0.911
[GPU1] epochs: [84/100] train_acc: 0.684 train_loss_sup: 0.908
[GPU1] epochs: [85/100] train_acc: 0.685 train_loss_sup: 0.906
[GPU1] epochs: [86/100] train_acc: 0.686 train_loss_sup: 0.907
[GPU1] epochs: [87/100] train_acc: 0.684 train_loss_sup: 0.905
[GPU1] epochs: [88/100] train_acc: 0.684 train_loss_sup: 0.906
[GPU1] epochs: [89/100] train_acc: 0.685 train_loss_sup: 0.901
[GPU1] epochs: [90/100] train_acc: 0.685 train_loss_sup: 0.899
[GPU1] Test Accuracy at epoch: 90: 0.719
[GPU1] epochs: [91/100] train_acc: 0.686 train_loss_sup: 0.900
[GPU1] epochs: [92/100] train_acc: 0.686 train_loss_sup: 0.900
[GPU1] epochs: [93/100] train_acc: 0.685 train_loss_sup: 0.903
[GPU1] epochs: [94/100] train_acc: 0.686 train_loss_sup: 0.898
[GPU1] epochs: [95/100] train_acc: 0.687 train_loss_sup: 0.902
[GPU1] epochs: [96/100] train_acc: 0.687 train_loss_sup: 0.897
[GPU1] epochs: [97/100] train_acc: 0.689 train_loss_sup: 0.893
[GPU1] epochs: [98/100] train_acc: 0.686 train_loss_sup: 0.898
[GPU1] epochs: [99/100] train_acc: 0.691 train_loss_sup: 0.895
[GPU1] epochs: [100/100] train_acc: 0.686 train_loss_sup: 0.896
[GPU1] Final Test Accuracy: 0.723
LR: 1.000 | WD: 0.000000 | Cosine: False | test Acc: 0.723%
===> using linear mlp
Scheduler: <torch.optim.lr_scheduler.CosineAnnealingLR object at 0x7b8f64a9a440>
MLP: MLP(
  (mlp): Linear(in_features=512, out_features=10, bias=True)
)
[GPU1] Test Accuracy at epoch: 0: 0.446
[GPU1] epochs: [1/100] train_acc: 0.259 train_loss_sup: 2.283
[GPU1] epochs: [2/100] train_acc: 0.447 train_loss_sup: 2.236
[GPU1] epochs: [3/100] train_acc: 0.508 train_loss_sup: 2.191
[GPU1] epochs: [4/100] train_acc: 0.536 train_loss_sup: 2.148
[GPU1] epochs: [5/100] train_acc: 0.548 train_loss_sup: 2.108
[GPU1] epochs: [6/100] train_acc: 0.547 train_loss_sup: 2.071
[GPU1] epochs: [7/100] train_acc: 0.556 train_loss_sup: 2.034
[GPU1] epochs: [8/100] train_acc: 0.564 train_loss_sup: 2.000
[GPU1] epochs: [9/100] train_acc: 0.563 train_loss_sup: 1.970
[GPU1] epochs: [10/100] train_acc: 0.571 train_loss_sup: 1.939
[GPU1] Test Accuracy at epoch: 10: 0.589
[GPU1] epochs: [11/100] train_acc: 0.572 train_loss_sup: 1.911
[GPU1] epochs: [12/100] train_acc: 0.572 train_loss_sup: 1.884
[GPU1] epochs: [13/100] train_acc: 0.578 train_loss_sup: 1.859
[GPU1] epochs: [14/100] train_acc: 0.578 train_loss_sup: 1.835
[GPU1] epochs: [15/100] train_acc: 0.579 train_loss_sup: 1.813
[GPU1] epochs: [16/100] train_acc: 0.581 train_loss_sup: 1.792
[GPU1] epochs: [17/100] train_acc: 0.581 train_loss_sup: 1.772
[GPU1] epochs: [18/100] train_acc: 0.585 train_loss_sup: 1.752
[GPU1] epochs: [19/100] train_acc: 0.587 train_loss_sup: 1.735
[GPU1] epochs: [20/100] train_acc: 0.588 train_loss_sup: 1.716
[GPU1] Test Accuracy at epoch: 20: 0.616
[GPU1] epochs: [21/100] train_acc: 0.589 train_loss_sup: 1.702
[GPU1] epochs: [22/100] train_acc: 0.588 train_loss_sup: 1.685
[GPU1] epochs: [23/100] train_acc: 0.587 train_loss_sup: 1.671
[GPU1] epochs: [24/100] train_acc: 0.591 train_loss_sup: 1.657
[GPU1] epochs: [25/100] train_acc: 0.588 train_loss_sup: 1.642
[GPU1] epochs: [26/100] train_acc: 0.593 train_loss_sup: 1.630
[GPU1] epochs: [27/100] train_acc: 0.593 train_loss_sup: 1.618
[GPU1] epochs: [28/100] train_acc: 0.593 train_loss_sup: 1.608
[GPU1] epochs: [29/100] train_acc: 0.597 train_loss_sup: 1.594
[GPU1] epochs: [30/100] train_acc: 0.593 train_loss_sup: 1.587
[GPU1] Test Accuracy at epoch: 30: 0.62
[GPU1] epochs: [31/100] train_acc: 0.596 train_loss_sup: 1.574
[GPU1] epochs: [32/100] train_acc: 0.598 train_loss_sup: 1.564
[GPU1] epochs: [33/100] train_acc: 0.597 train_loss_sup: 1.556
[GPU1] epochs: [34/100] train_acc: 0.598 train_loss_sup: 1.547
[GPU1] epochs: [35/100] train_acc: 0.600 train_loss_sup: 1.539
[GPU1] epochs: [36/100] train_acc: 0.599 train_loss_sup: 1.530
[GPU1] epochs: [37/100] train_acc: 0.599 train_loss_sup: 1.523
[GPU1] epochs: [38/100] train_acc: 0.599 train_loss_sup: 1.515
[GPU1] epochs: [39/100] train_acc: 0.600 train_loss_sup: 1.507
[GPU1] epochs: [40/100] train_acc: 0.601 train_loss_sup: 1.504
[GPU1] Test Accuracy at epoch: 40: 0.628
[GPU1] epochs: [41/100] train_acc: 0.600 train_loss_sup: 1.497
[GPU1] epochs: [42/100] train_acc: 0.602 train_loss_sup: 1.490
[GPU1] epochs: [43/100] train_acc: 0.603 train_loss_sup: 1.485
[GPU1] epochs: [44/100] train_acc: 0.603 train_loss_sup: 1.479
[GPU1] epochs: [45/100] train_acc: 0.603 train_loss_sup: 1.475
[GPU1] epochs: [46/100] train_acc: 0.602 train_loss_sup: 1.467
[GPU1] epochs: [47/100] train_acc: 0.604 train_loss_sup: 1.462
[GPU1] epochs: [48/100] train_acc: 0.604 train_loss_sup: 1.457
[GPU1] epochs: [49/100] train_acc: 0.605 train_loss_sup: 1.454
[GPU1] epochs: [50/100] train_acc: 0.603 train_loss_sup: 1.449
[GPU1] Test Accuracy at epoch: 50: 0.633
[GPU1] epochs: [51/100] train_acc: 0.605 train_loss_sup: 1.445
[GPU1] epochs: [52/100] train_acc: 0.604 train_loss_sup: 1.441
[GPU1] epochs: [53/100] train_acc: 0.605 train_loss_sup: 1.437
[GPU1] epochs: [54/100] train_acc: 0.604 train_loss_sup: 1.433
[GPU1] epochs: [55/100] train_acc: 0.604 train_loss_sup: 1.434
[GPU1] epochs: [56/100] train_acc: 0.606 train_loss_sup: 1.428
[GPU1] epochs: [57/100] train_acc: 0.607 train_loss_sup: 1.426
[GPU1] epochs: [58/100] train_acc: 0.603 train_loss_sup: 1.424
[GPU1] epochs: [59/100] train_acc: 0.606 train_loss_sup: 1.419
[GPU1] epochs: [60/100] train_acc: 0.607 train_loss_sup: 1.418
[GPU1] Test Accuracy at epoch: 60: 0.635
[GPU1] epochs: [61/100] train_acc: 0.608 train_loss_sup: 1.414
[GPU1] epochs: [62/100] train_acc: 0.608 train_loss_sup: 1.414
[GPU1] epochs: [63/100] train_acc: 0.608 train_loss_sup: 1.410
[GPU1] epochs: [64/100] train_acc: 0.610 train_loss_sup: 1.405
[GPU1] epochs: [65/100] train_acc: 0.608 train_loss_sup: 1.406
[GPU1] epochs: [66/100] train_acc: 0.608 train_loss_sup: 1.404
[GPU1] epochs: [67/100] train_acc: 0.609 train_loss_sup: 1.403
[GPU1] epochs: [68/100] train_acc: 0.609 train_loss_sup: 1.399
[GPU1] epochs: [69/100] train_acc: 0.608 train_loss_sup: 1.399
[GPU1] epochs: [70/100] train_acc: 0.606 train_loss_sup: 1.398
[GPU1] Test Accuracy at epoch: 70: 0.636
[GPU1] epochs: [71/100] train_acc: 0.611 train_loss_sup: 1.395
[GPU1] epochs: [72/100] train_acc: 0.609 train_loss_sup: 1.394
[GPU1] epochs: [73/100] train_acc: 0.607 train_loss_sup: 1.394
[GPU1] epochs: [74/100] train_acc: 0.609 train_loss_sup: 1.392
[GPU1] epochs: [75/100] train_acc: 0.610 train_loss_sup: 1.391
[GPU1] epochs: [76/100] train_acc: 0.608 train_loss_sup: 1.392
[GPU1] epochs: [77/100] train_acc: 0.607 train_loss_sup: 1.392
[GPU1] epochs: [78/100] train_acc: 0.608 train_loss_sup: 1.387
[GPU1] epochs: [79/100] train_acc: 0.608 train_loss_sup: 1.388
[GPU1] epochs: [80/100] train_acc: 0.611 train_loss_sup: 1.388
[GPU1] Test Accuracy at epoch: 80: 0.637
[GPU1] epochs: [81/100] train_acc: 0.611 train_loss_sup: 1.386
[GPU1] epochs: [82/100] train_acc: 0.611 train_loss_sup: 1.387
[GPU1] epochs: [83/100] train_acc: 0.611 train_loss_sup: 1.383
[GPU1] epochs: [84/100] train_acc: 0.611 train_loss_sup: 1.383
[GPU1] epochs: [85/100] train_acc: 0.608 train_loss_sup: 1.386
[GPU1] epochs: [86/100] train_acc: 0.609 train_loss_sup: 1.384
[GPU1] epochs: [87/100] train_acc: 0.610 train_loss_sup: 1.383
[GPU1] epochs: [88/100] train_acc: 0.610 train_loss_sup: 1.383
[GPU1] epochs: [89/100] train_acc: 0.611 train_loss_sup: 1.384
[GPU1] epochs: [90/100] train_acc: 0.608 train_loss_sup: 1.385
[GPU1] Test Accuracy at epoch: 90: 0.637
[GPU1] epochs: [91/100] train_acc: 0.610 train_loss_sup: 1.382
[GPU1] epochs: [92/100] train_acc: 0.608 train_loss_sup: 1.382
[GPU1] epochs: [93/100] train_acc: 0.607 train_loss_sup: 1.385
[GPU1] epochs: [94/100] train_acc: 0.611 train_loss_sup: 1.382
[GPU1] epochs: [95/100] train_acc: 0.610 train_loss_sup: 1.383
[GPU1] epochs: [96/100] train_acc: 0.610 train_loss_sup: 1.382
[GPU1] epochs: [97/100] train_acc: 0.610 train_loss_sup: 1.381
[GPU1] epochs: [98/100] train_acc: 0.606 train_loss_sup: 1.385
[GPU1] epochs: [99/100] train_acc: 0.610 train_loss_sup: 1.381
[GPU1] epochs: [100/100] train_acc: 0.608 train_loss_sup: 1.384
[GPU1] Final Test Accuracy: 0.637
LR: 0.100 | WD: 0.000001 | Cosine: True | test Acc: 0.637%
===> using linear mlp
Scheduler: <torch.optim.lr_scheduler.CosineAnnealingLR object at 0x7b8f5e4b2200>
MLP: MLP(
  (mlp): Linear(in_features=512, out_features=10, bias=True)
)
[GPU1] Test Accuracy at epoch: 0: 0.276
[GPU1] epochs: [1/100] train_acc: 0.272 train_loss_sup: 2.283
[GPU1] epochs: [2/100] train_acc: 0.416 train_loss_sup: 2.236
[GPU1] epochs: [3/100] train_acc: 0.502 train_loss_sup: 2.192
[GPU1] epochs: [4/100] train_acc: 0.517 train_loss_sup: 2.151
[GPU1] epochs: [5/100] train_acc: 0.539 train_loss_sup: 2.112
[GPU1] epochs: [6/100] train_acc: 0.550 train_loss_sup: 2.076
[GPU1] epochs: [7/100] train_acc: 0.562 train_loss_sup: 2.042
[GPU1] epochs: [8/100] train_acc: 0.560 train_loss_sup: 2.010
[GPU1] epochs: [9/100] train_acc: 0.567 train_loss_sup: 1.980
[GPU1] epochs: [10/100] train_acc: 0.571 train_loss_sup: 1.953
[GPU1] Test Accuracy at epoch: 10: 0.615
[GPU1] epochs: [11/100] train_acc: 0.570 train_loss_sup: 1.926
[GPU1] epochs: [12/100] train_acc: 0.576 train_loss_sup: 1.902
[GPU1] epochs: [13/100] train_acc: 0.572 train_loss_sup: 1.881
[GPU1] epochs: [14/100] train_acc: 0.575 train_loss_sup: 1.859
[GPU1] epochs: [15/100] train_acc: 0.579 train_loss_sup: 1.838
[GPU1] epochs: [16/100] train_acc: 0.581 train_loss_sup: 1.819
[GPU1] epochs: [17/100] train_acc: 0.578 train_loss_sup: 1.801
[GPU1] epochs: [18/100] train_acc: 0.583 train_loss_sup: 1.784
[GPU1] epochs: [19/100] train_acc: 0.582 train_loss_sup: 1.768
[GPU1] epochs: [20/100] train_acc: 0.582 train_loss_sup: 1.753
[GPU1] Test Accuracy at epoch: 20: 0.599
[GPU1] epochs: [21/100] train_acc: 0.583 train_loss_sup: 1.739
[GPU1] epochs: [22/100] train_acc: 0.584 train_loss_sup: 1.727
[GPU1] epochs: [23/100] train_acc: 0.584 train_loss_sup: 1.712
[GPU1] epochs: [24/100] train_acc: 0.591 train_loss_sup: 1.701
[GPU1] epochs: [25/100] train_acc: 0.588 train_loss_sup: 1.689
[GPU1] epochs: [26/100] train_acc: 0.591 train_loss_sup: 1.679
[GPU1] epochs: [27/100] train_acc: 0.589 train_loss_sup: 1.668
[GPU1] epochs: [28/100] train_acc: 0.592 train_loss_sup: 1.658
[GPU1] epochs: [29/100] train_acc: 0.593 train_loss_sup: 1.650
[GPU1] epochs: [30/100] train_acc: 0.589 train_loss_sup: 1.642
[GPU1] Test Accuracy at epoch: 30: 0.619
[GPU1] epochs: [31/100] train_acc: 0.595 train_loss_sup: 1.631
[GPU1] epochs: [32/100] train_acc: 0.593 train_loss_sup: 1.624
[GPU1] epochs: [33/100] train_acc: 0.592 train_loss_sup: 1.618
[GPU1] epochs: [34/100] train_acc: 0.597 train_loss_sup: 1.609
[GPU1] epochs: [35/100] train_acc: 0.597 train_loss_sup: 1.603
[GPU1] epochs: [36/100] train_acc: 0.594 train_loss_sup: 1.597
[GPU1] epochs: [37/100] train_acc: 0.596 train_loss_sup: 1.591
[GPU1] epochs: [38/100] train_acc: 0.598 train_loss_sup: 1.584
[GPU1] epochs: [39/100] train_acc: 0.598 train_loss_sup: 1.579
[GPU1] epochs: [40/100] train_acc: 0.597 train_loss_sup: 1.574
[GPU1] Test Accuracy at epoch: 40: 0.623
[GPU1] epochs: [41/100] train_acc: 0.599 train_loss_sup: 1.568
[GPU1] epochs: [42/100] train_acc: 0.600 train_loss_sup: 1.563
[GPU1] epochs: [43/100] train_acc: 0.602 train_loss_sup: 1.558
[GPU1] epochs: [44/100] train_acc: 0.598 train_loss_sup: 1.555
[GPU1] epochs: [45/100] train_acc: 0.599 train_loss_sup: 1.549
[GPU1] epochs: [46/100] train_acc: 0.598 train_loss_sup: 1.548
[GPU1] epochs: [47/100] train_acc: 0.601 train_loss_sup: 1.542
[GPU1] epochs: [48/100] train_acc: 0.600 train_loss_sup: 1.540
[GPU1] epochs: [49/100] train_acc: 0.601 train_loss_sup: 1.536
[GPU1] epochs: [50/100] train_acc: 0.603 train_loss_sup: 1.532
[GPU1] Test Accuracy at epoch: 50: 0.626
[GPU1] epochs: [51/100] train_acc: 0.599 train_loss_sup: 1.530
[GPU1] epochs: [52/100] train_acc: 0.602 train_loss_sup: 1.527
[GPU1] epochs: [53/100] train_acc: 0.602 train_loss_sup: 1.522
[GPU1] epochs: [54/100] train_acc: 0.604 train_loss_sup: 1.520
[GPU1] epochs: [55/100] train_acc: 0.603 train_loss_sup: 1.518
[GPU1] epochs: [56/100] train_acc: 0.603 train_loss_sup: 1.516
[GPU1] epochs: [57/100] train_acc: 0.605 train_loss_sup: 1.514
[GPU1] epochs: [58/100] train_acc: 0.603 train_loss_sup: 1.514
[GPU1] epochs: [59/100] train_acc: 0.602 train_loss_sup: 1.509
[GPU1] epochs: [60/100] train_acc: 0.604 train_loss_sup: 1.509
[GPU1] Test Accuracy at epoch: 60: 0.632
[GPU1] epochs: [61/100] train_acc: 0.603 train_loss_sup: 1.506
[GPU1] epochs: [62/100] train_acc: 0.605 train_loss_sup: 1.506
[GPU1] epochs: [63/100] train_acc: 0.604 train_loss_sup: 1.503
[GPU1] epochs: [64/100] train_acc: 0.603 train_loss_sup: 1.502
[GPU1] epochs: [65/100] train_acc: 0.602 train_loss_sup: 1.502
[GPU1] epochs: [66/100] train_acc: 0.607 train_loss_sup: 1.499
[GPU1] epochs: [67/100] train_acc: 0.606 train_loss_sup: 1.497
[GPU1] epochs: [68/100] train_acc: 0.604 train_loss_sup: 1.497
[GPU1] epochs: [69/100] train_acc: 0.605 train_loss_sup: 1.494
[GPU1] epochs: [70/100] train_acc: 0.605 train_loss_sup: 1.496
[GPU1] Test Accuracy at epoch: 70: 0.632
[GPU1] epochs: [71/100] train_acc: 0.604 train_loss_sup: 1.494
[GPU1] epochs: [72/100] train_acc: 0.605 train_loss_sup: 1.494
[GPU1] epochs: [73/100] train_acc: 0.605 train_loss_sup: 1.490
[GPU1] epochs: [74/100] train_acc: 0.605 train_loss_sup: 1.491
[GPU1] epochs: [75/100] train_acc: 0.605 train_loss_sup: 1.489
[GPU1] epochs: [76/100] train_acc: 0.606 train_loss_sup: 1.489
[GPU1] epochs: [77/100] train_acc: 0.605 train_loss_sup: 1.488
[GPU1] epochs: [78/100] train_acc: 0.604 train_loss_sup: 1.490
[GPU1] epochs: [79/100] train_acc: 0.606 train_loss_sup: 1.486
[GPU1] epochs: [80/100] train_acc: 0.608 train_loss_sup: 1.486
[GPU1] Test Accuracy at epoch: 80: 0.632
[GPU1] epochs: [81/100] train_acc: 0.606 train_loss_sup: 1.488
[GPU1] epochs: [82/100] train_acc: 0.607 train_loss_sup: 1.486
[GPU1] epochs: [83/100] train_acc: 0.606 train_loss_sup: 1.486
[GPU1] epochs: [84/100] train_acc: 0.605 train_loss_sup: 1.486
[GPU1] epochs: [85/100] train_acc: 0.605 train_loss_sup: 1.485
[GPU1] epochs: [86/100] train_acc: 0.606 train_loss_sup: 1.485
[GPU1] epochs: [87/100] train_acc: 0.607 train_loss_sup: 1.486
[GPU1] epochs: [88/100] train_acc: 0.606 train_loss_sup: 1.484
[GPU1] epochs: [89/100] train_acc: 0.605 train_loss_sup: 1.483
[GPU1] epochs: [90/100] train_acc: 0.606 train_loss_sup: 1.484
[GPU1] Test Accuracy at epoch: 90: 0.632
[GPU1] epochs: [91/100] train_acc: 0.607 train_loss_sup: 1.482
[GPU1] epochs: [92/100] train_acc: 0.607 train_loss_sup: 1.482
[GPU1] epochs: [93/100] train_acc: 0.610 train_loss_sup: 1.482
[GPU1] epochs: [94/100] train_acc: 0.607 train_loss_sup: 1.484
[GPU1] epochs: [95/100] train_acc: 0.604 train_loss_sup: 1.485
[GPU1] epochs: [96/100] train_acc: 0.606 train_loss_sup: 1.483
[GPU1] epochs: [97/100] train_acc: 0.608 train_loss_sup: 1.482
[GPU1] epochs: [98/100] train_acc: 0.606 train_loss_sup: 1.481
[GPU1] epochs: [99/100] train_acc: 0.607 train_loss_sup: 1.483
[GPU1] epochs: [100/100] train_acc: 0.609 train_loss_sup: 1.483
[GPU1] Final Test Accuracy: 0.632
LR: 0.100 | WD: 0.000100 | Cosine: True | test Acc: 0.632%
===> using linear mlp
Scheduler: <torch.optim.lr_scheduler.CosineAnnealingLR object at 0x7b8f71d012a0>
MLP: MLP(
  (mlp): Linear(in_features=512, out_features=10, bias=True)
)
[GPU1] Test Accuracy at epoch: 0: 0.358
[GPU1] epochs: [1/100] train_acc: 0.227 train_loss_sup: 2.284
[GPU1] epochs: [2/100] train_acc: 0.445 train_loss_sup: 2.237
[GPU1] epochs: [3/100] train_acc: 0.514 train_loss_sup: 2.191
[GPU1] epochs: [4/100] train_acc: 0.528 train_loss_sup: 2.149
[GPU1] epochs: [5/100] train_acc: 0.554 train_loss_sup: 2.108
[GPU1] epochs: [6/100] train_acc: 0.551 train_loss_sup: 2.070
[GPU1] epochs: [7/100] train_acc: 0.557 train_loss_sup: 2.035
[GPU1] epochs: [8/100] train_acc: 0.562 train_loss_sup: 2.002
[GPU1] epochs: [9/100] train_acc: 0.571 train_loss_sup: 1.971
[GPU1] epochs: [10/100] train_acc: 0.570 train_loss_sup: 1.939
[GPU1] Test Accuracy at epoch: 10: 0.604
[GPU1] epochs: [11/100] train_acc: 0.573 train_loss_sup: 1.911
[GPU1] epochs: [12/100] train_acc: 0.575 train_loss_sup: 1.885
[GPU1] epochs: [13/100] train_acc: 0.578 train_loss_sup: 1.859
[GPU1] epochs: [14/100] train_acc: 0.580 train_loss_sup: 1.836
[GPU1] epochs: [15/100] train_acc: 0.579 train_loss_sup: 1.814
[GPU1] epochs: [16/100] train_acc: 0.582 train_loss_sup: 1.793
[GPU1] epochs: [17/100] train_acc: 0.582 train_loss_sup: 1.772
[GPU1] epochs: [18/100] train_acc: 0.580 train_loss_sup: 1.754
[GPU1] epochs: [19/100] train_acc: 0.584 train_loss_sup: 1.735
[GPU1] epochs: [20/100] train_acc: 0.587 train_loss_sup: 1.717
[GPU1] Test Accuracy at epoch: 20: 0.608
[GPU1] epochs: [21/100] train_acc: 0.587 train_loss_sup: 1.702
[GPU1] epochs: [22/100] train_acc: 0.589 train_loss_sup: 1.686
[GPU1] epochs: [23/100] train_acc: 0.588 train_loss_sup: 1.673
[GPU1] epochs: [24/100] train_acc: 0.589 train_loss_sup: 1.657
[GPU1] epochs: [25/100] train_acc: 0.590 train_loss_sup: 1.643
[GPU1] epochs: [26/100] train_acc: 0.593 train_loss_sup: 1.630
[GPU1] epochs: [27/100] train_acc: 0.591 train_loss_sup: 1.619
[GPU1] epochs: [28/100] train_acc: 0.591 train_loss_sup: 1.608
[GPU1] epochs: [29/100] train_acc: 0.593 train_loss_sup: 1.595
[GPU1] epochs: [30/100] train_acc: 0.594 train_loss_sup: 1.588
[GPU1] Test Accuracy at epoch: 30: 0.619
[GPU1] epochs: [31/100] train_acc: 0.597 train_loss_sup: 1.575
[GPU1] epochs: [32/100] train_acc: 0.595 train_loss_sup: 1.567
[GPU1] epochs: [33/100] train_acc: 0.598 train_loss_sup: 1.556
[GPU1] epochs: [34/100] train_acc: 0.598 train_loss_sup: 1.548
[GPU1] epochs: [35/100] train_acc: 0.598 train_loss_sup: 1.538
[GPU1] epochs: [36/100] train_acc: 0.598 train_loss_sup: 1.530
[GPU1] epochs: [37/100] train_acc: 0.598 train_loss_sup: 1.523
[GPU1] epochs: [38/100] train_acc: 0.600 train_loss_sup: 1.516
[GPU1] epochs: [39/100] train_acc: 0.597 train_loss_sup: 1.509
[GPU1] epochs: [40/100] train_acc: 0.602 train_loss_sup: 1.502
[GPU1] Test Accuracy at epoch: 40: 0.628
[GPU1] epochs: [41/100] train_acc: 0.603 train_loss_sup: 1.494
[GPU1] epochs: [42/100] train_acc: 0.601 train_loss_sup: 1.491
[GPU1] epochs: [43/100] train_acc: 0.601 train_loss_sup: 1.484
[GPU1] epochs: [44/100] train_acc: 0.603 train_loss_sup: 1.479
[GPU1] epochs: [45/100] train_acc: 0.600 train_loss_sup: 1.474
[GPU1] epochs: [46/100] train_acc: 0.604 train_loss_sup: 1.466
[GPU1] epochs: [47/100] train_acc: 0.604 train_loss_sup: 1.462
[GPU1] epochs: [48/100] train_acc: 0.605 train_loss_sup: 1.455
[GPU1] epochs: [49/100] train_acc: 0.603 train_loss_sup: 1.454
[GPU1] epochs: [50/100] train_acc: 0.603 train_loss_sup: 1.449
[GPU1] Test Accuracy at epoch: 50: 0.631
[GPU1] epochs: [51/100] train_acc: 0.602 train_loss_sup: 1.447
[GPU1] epochs: [52/100] train_acc: 0.605 train_loss_sup: 1.440
[GPU1] epochs: [53/100] train_acc: 0.606 train_loss_sup: 1.437
[GPU1] epochs: [54/100] train_acc: 0.608 train_loss_sup: 1.432
[GPU1] epochs: [55/100] train_acc: 0.606 train_loss_sup: 1.429
[GPU1] epochs: [56/100] train_acc: 0.606 train_loss_sup: 1.427
[GPU1] epochs: [57/100] train_acc: 0.603 train_loss_sup: 1.425
[GPU1] epochs: [58/100] train_acc: 0.608 train_loss_sup: 1.420
[GPU1] epochs: [59/100] train_acc: 0.607 train_loss_sup: 1.418
[GPU1] epochs: [60/100] train_acc: 0.610 train_loss_sup: 1.415
[GPU1] Test Accuracy at epoch: 60: 0.635
[GPU1] epochs: [61/100] train_acc: 0.609 train_loss_sup: 1.411
[GPU1] epochs: [62/100] train_acc: 0.608 train_loss_sup: 1.412
[GPU1] epochs: [63/100] train_acc: 0.605 train_loss_sup: 1.409
[GPU1] epochs: [64/100] train_acc: 0.609 train_loss_sup: 1.408
[GPU1] epochs: [65/100] train_acc: 0.609 train_loss_sup: 1.405
[GPU1] epochs: [66/100] train_acc: 0.607 train_loss_sup: 1.402
[GPU1] epochs: [67/100] train_acc: 0.609 train_loss_sup: 1.401
[GPU1] epochs: [68/100] train_acc: 0.611 train_loss_sup: 1.397
[GPU1] epochs: [69/100] train_acc: 0.609 train_loss_sup: 1.397
[GPU1] epochs: [70/100] train_acc: 0.610 train_loss_sup: 1.396
[GPU1] Test Accuracy at epoch: 70: 0.636
[GPU1] epochs: [71/100] train_acc: 0.607 train_loss_sup: 1.396
[GPU1] epochs: [72/100] train_acc: 0.608 train_loss_sup: 1.397
[GPU1] epochs: [73/100] train_acc: 0.610 train_loss_sup: 1.395
[GPU1] epochs: [74/100] train_acc: 0.610 train_loss_sup: 1.390
[GPU1] epochs: [75/100] train_acc: 0.609 train_loss_sup: 1.392
[GPU1] epochs: [76/100] train_acc: 0.611 train_loss_sup: 1.385
[GPU1] epochs: [77/100] train_acc: 0.612 train_loss_sup: 1.389
[GPU1] epochs: [78/100] train_acc: 0.609 train_loss_sup: 1.387
[GPU1] epochs: [79/100] train_acc: 0.610 train_loss_sup: 1.385
[GPU1] epochs: [80/100] train_acc: 0.608 train_loss_sup: 1.386
[GPU1] Test Accuracy at epoch: 80: 0.637
[GPU1] epochs: [81/100] train_acc: 0.609 train_loss_sup: 1.385
[GPU1] epochs: [82/100] train_acc: 0.610 train_loss_sup: 1.385
[GPU1] epochs: [83/100] train_acc: 0.609 train_loss_sup: 1.384
[GPU1] epochs: [84/100] train_acc: 0.605 train_loss_sup: 1.386
[GPU1] epochs: [85/100] train_acc: 0.609 train_loss_sup: 1.385
[GPU1] epochs: [86/100] train_acc: 0.610 train_loss_sup: 1.385
[GPU1] epochs: [87/100] train_acc: 0.610 train_loss_sup: 1.385
[GPU1] epochs: [88/100] train_acc: 0.610 train_loss_sup: 1.383
[GPU1] epochs: [89/100] train_acc: 0.612 train_loss_sup: 1.382
[GPU1] epochs: [90/100] train_acc: 0.609 train_loss_sup: 1.383
[GPU1] Test Accuracy at epoch: 90: 0.638
[GPU1] epochs: [91/100] train_acc: 0.609 train_loss_sup: 1.383
[GPU1] epochs: [92/100] train_acc: 0.609 train_loss_sup: 1.383
[GPU1] epochs: [93/100] train_acc: 0.609 train_loss_sup: 1.381
[GPU1] epochs: [94/100] train_acc: 0.609 train_loss_sup: 1.381
[GPU1] epochs: [95/100] train_acc: 0.611 train_loss_sup: 1.382
[GPU1] epochs: [96/100] train_acc: 0.611 train_loss_sup: 1.381
[GPU1] epochs: [97/100] train_acc: 0.611 train_loss_sup: 1.382
[GPU1] epochs: [98/100] train_acc: 0.609 train_loss_sup: 1.384
[GPU1] epochs: [99/100] train_acc: 0.609 train_loss_sup: 1.382
[GPU1] epochs: [100/100] train_acc: 0.610 train_loss_sup: 1.382
[GPU1] Final Test Accuracy: 0.638
LR: 0.100 | WD: 0.000000 | Cosine: True | test Acc: 0.638%
===> using linear mlp
Scheduler: <torch.optim.lr_scheduler.CosineAnnealingLR object at 0x7b8f4f387d00>
MLP: MLP(
  (mlp): Linear(in_features=512, out_features=10, bias=True)
)
[GPU1] Test Accuracy at epoch: 0: 0.563
[GPU1] epochs: [1/100] train_acc: 0.386 train_loss_sup: 2.128
[GPU1] epochs: [2/100] train_acc: 0.552 train_loss_sup: 1.819
[GPU1] epochs: [3/100] train_acc: 0.581 train_loss_sup: 1.631
[GPU1] epochs: [4/100] train_acc: 0.592 train_loss_sup: 1.508
[GPU1] epochs: [5/100] train_acc: 0.601 train_loss_sup: 1.424
[GPU1] epochs: [6/100] train_acc: 0.606 train_loss_sup: 1.359
[GPU1] epochs: [7/100] train_acc: 0.610 train_loss_sup: 1.311
[GPU1] epochs: [8/100] train_acc: 0.615 train_loss_sup: 1.274
[GPU1] epochs: [9/100] train_acc: 0.622 train_loss_sup: 1.241
[GPU1] epochs: [10/100] train_acc: 0.624 train_loss_sup: 1.216
[GPU1] Test Accuracy at epoch: 10: 0.654
[GPU1] epochs: [11/100] train_acc: 0.625 train_loss_sup: 1.195
[GPU1] epochs: [12/100] train_acc: 0.628 train_loss_sup: 1.173
[GPU1] epochs: [13/100] train_acc: 0.632 train_loss_sup: 1.158
[GPU1] epochs: [14/100] train_acc: 0.635 train_loss_sup: 1.140
[GPU1] epochs: [15/100] train_acc: 0.637 train_loss_sup: 1.129
[GPU1] epochs: [16/100] train_acc: 0.635 train_loss_sup: 1.118
[GPU1] epochs: [17/100] train_acc: 0.638 train_loss_sup: 1.107
[GPU1] epochs: [18/100] train_acc: 0.638 train_loss_sup: 1.101
[GPU1] epochs: [19/100] train_acc: 0.640 train_loss_sup: 1.089
[GPU1] epochs: [20/100] train_acc: 0.644 train_loss_sup: 1.079
[GPU1] Test Accuracy at epoch: 20: 0.676
[GPU1] epochs: [21/100] train_acc: 0.645 train_loss_sup: 1.072
[GPU1] epochs: [22/100] train_acc: 0.647 train_loss_sup: 1.068
[GPU1] epochs: [23/100] train_acc: 0.649 train_loss_sup: 1.061
[GPU1] epochs: [24/100] train_acc: 0.648 train_loss_sup: 1.054
[GPU1] epochs: [25/100] train_acc: 0.650 train_loss_sup: 1.049
[GPU1] epochs: [26/100] train_acc: 0.652 train_loss_sup: 1.043
[GPU1] epochs: [27/100] train_acc: 0.655 train_loss_sup: 1.035
[GPU1] epochs: [28/100] train_acc: 0.651 train_loss_sup: 1.035
[GPU1] epochs: [29/100] train_acc: 0.654 train_loss_sup: 1.030
[GPU1] epochs: [30/100] train_acc: 0.655 train_loss_sup: 1.028
[GPU1] Test Accuracy at epoch: 30: 0.691
[GPU1] epochs: [31/100] train_acc: 0.656 train_loss_sup: 1.022
[GPU1] epochs: [32/100] train_acc: 0.658 train_loss_sup: 1.021
[GPU1] epochs: [33/100] train_acc: 0.659 train_loss_sup: 1.016
[GPU1] epochs: [34/100] train_acc: 0.659 train_loss_sup: 1.010
[GPU1] epochs: [35/100] train_acc: 0.659 train_loss_sup: 1.005
[GPU1] epochs: [36/100] train_acc: 0.659 train_loss_sup: 1.007
[GPU1] epochs: [37/100] train_acc: 0.661 train_loss_sup: 1.001
[GPU1] epochs: [38/100] train_acc: 0.662 train_loss_sup: 1.000
[GPU1] epochs: [39/100] train_acc: 0.661 train_loss_sup: 1.000
[GPU1] epochs: [40/100] train_acc: 0.661 train_loss_sup: 0.997
[GPU1] Test Accuracy at epoch: 40: 0.698
[GPU1] epochs: [41/100] train_acc: 0.663 train_loss_sup: 0.993
[GPU1] epochs: [42/100] train_acc: 0.663 train_loss_sup: 0.993
[GPU1] epochs: [43/100] train_acc: 0.663 train_loss_sup: 0.993
[GPU1] epochs: [44/100] train_acc: 0.663 train_loss_sup: 0.991
[GPU1] epochs: [45/100] train_acc: 0.666 train_loss_sup: 0.985
[GPU1] epochs: [46/100] train_acc: 0.664 train_loss_sup: 0.985
[GPU1] epochs: [47/100] train_acc: 0.667 train_loss_sup: 0.976
[GPU1] epochs: [48/100] train_acc: 0.666 train_loss_sup: 0.982
[GPU1] epochs: [49/100] train_acc: 0.667 train_loss_sup: 0.979
[GPU1] epochs: [50/100] train_acc: 0.669 train_loss_sup: 0.975
[GPU1] Test Accuracy at epoch: 50: 0.703
[GPU1] epochs: [51/100] train_acc: 0.667 train_loss_sup: 0.975
[GPU1] epochs: [52/100] train_acc: 0.666 train_loss_sup: 0.976
[GPU1] epochs: [53/100] train_acc: 0.667 train_loss_sup: 0.976
[GPU1] epochs: [54/100] train_acc: 0.667 train_loss_sup: 0.975
[GPU1] epochs: [55/100] train_acc: 0.669 train_loss_sup: 0.971
[GPU1] epochs: [56/100] train_acc: 0.665 train_loss_sup: 0.974
[GPU1] epochs: [57/100] train_acc: 0.669 train_loss_sup: 0.969
[GPU1] epochs: [58/100] train_acc: 0.667 train_loss_sup: 0.972
[GPU1] epochs: [59/100] train_acc: 0.670 train_loss_sup: 0.968
[GPU1] epochs: [60/100] train_acc: 0.668 train_loss_sup: 0.971
[GPU1] Test Accuracy at epoch: 60: 0.705
[GPU1] epochs: [61/100] train_acc: 0.667 train_loss_sup: 0.968
[GPU1] epochs: [62/100] train_acc: 0.668 train_loss_sup: 0.967
[GPU1] epochs: [63/100] train_acc: 0.670 train_loss_sup: 0.962
[GPU1] epochs: [64/100] train_acc: 0.670 train_loss_sup: 0.964
[GPU1] epochs: [65/100] train_acc: 0.671 train_loss_sup: 0.963
[GPU1] epochs: [66/100] train_acc: 0.670 train_loss_sup: 0.964
[GPU1] epochs: [67/100] train_acc: 0.669 train_loss_sup: 0.964
[GPU1] epochs: [68/100] train_acc: 0.670 train_loss_sup: 0.963
[GPU1] epochs: [69/100] train_acc: 0.672 train_loss_sup: 0.958
[GPU1] epochs: [70/100] train_acc: 0.672 train_loss_sup: 0.958
[GPU1] Test Accuracy at epoch: 70: 0.705
[GPU1] epochs: [71/100] train_acc: 0.672 train_loss_sup: 0.960
[GPU1] epochs: [72/100] train_acc: 0.671 train_loss_sup: 0.962
[GPU1] epochs: [73/100] train_acc: 0.672 train_loss_sup: 0.960
[GPU1] epochs: [74/100] train_acc: 0.672 train_loss_sup: 0.960
[GPU1] epochs: [75/100] train_acc: 0.672 train_loss_sup: 0.960
[GPU1] epochs: [76/100] train_acc: 0.671 train_loss_sup: 0.960
[GPU1] epochs: [77/100] train_acc: 0.672 train_loss_sup: 0.956
[GPU1] epochs: [78/100] train_acc: 0.674 train_loss_sup: 0.955
[GPU1] epochs: [79/100] train_acc: 0.672 train_loss_sup: 0.956
[GPU1] epochs: [80/100] train_acc: 0.672 train_loss_sup: 0.956
[GPU1] Test Accuracy at epoch: 80: 0.707
[GPU1] epochs: [81/100] train_acc: 0.674 train_loss_sup: 0.956
[GPU1] epochs: [82/100] train_acc: 0.674 train_loss_sup: 0.952
[GPU1] epochs: [83/100] train_acc: 0.672 train_loss_sup: 0.958
[GPU1] epochs: [84/100] train_acc: 0.672 train_loss_sup: 0.955
[GPU1] epochs: [85/100] train_acc: 0.672 train_loss_sup: 0.957
[GPU1] epochs: [86/100] train_acc: 0.674 train_loss_sup: 0.955
[GPU1] epochs: [87/100] train_acc: 0.671 train_loss_sup: 0.960
[GPU1] epochs: [88/100] train_acc: 0.674 train_loss_sup: 0.952
[GPU1] epochs: [89/100] train_acc: 0.673 train_loss_sup: 0.955
[GPU1] epochs: [90/100] train_acc: 0.671 train_loss_sup: 0.954
[GPU1] Test Accuracy at epoch: 90: 0.707
[GPU1] epochs: [91/100] train_acc: 0.672 train_loss_sup: 0.953
[GPU1] epochs: [92/100] train_acc: 0.671 train_loss_sup: 0.956
[GPU1] epochs: [93/100] train_acc: 0.672 train_loss_sup: 0.955
[GPU1] epochs: [94/100] train_acc: 0.672 train_loss_sup: 0.955
[GPU1] epochs: [95/100] train_acc: 0.676 train_loss_sup: 0.950
[GPU1] epochs: [96/100] train_acc: 0.671 train_loss_sup: 0.957
[GPU1] epochs: [97/100] train_acc: 0.673 train_loss_sup: 0.955
[GPU1] epochs: [98/100] train_acc: 0.672 train_loss_sup: 0.955
[GPU1] epochs: [99/100] train_acc: 0.671 train_loss_sup: 0.955
[GPU1] epochs: [100/100] train_acc: 0.674 train_loss_sup: 0.951
[GPU1] Final Test Accuracy: 0.707
LR: 1.000 | WD: 0.000001 | Cosine: True | test Acc: 0.707%
===> using linear mlp
Scheduler: <torch.optim.lr_scheduler.CosineAnnealingLR object at 0x7b8f5ac51120>
MLP: MLP(
  (mlp): Linear(in_features=512, out_features=10, bias=True)
)
[GPU1] Test Accuracy at epoch: 0: 0.552
[GPU1] epochs: [1/100] train_acc: 0.372 train_loss_sup: 2.132
[GPU1] epochs: [2/100] train_acc: 0.554 train_loss_sup: 1.841
[GPU1] epochs: [3/100] train_acc: 0.572 train_loss_sup: 1.677
[GPU1] epochs: [4/100] train_acc: 0.587 train_loss_sup: 1.579
[GPU1] epochs: [5/100] train_acc: 0.590 train_loss_sup: 1.514
[GPU1] epochs: [6/100] train_acc: 0.599 train_loss_sup: 1.468
[GPU1] epochs: [7/100] train_acc: 0.604 train_loss_sup: 1.434
[GPU1] epochs: [8/100] train_acc: 0.608 train_loss_sup: 1.410
[GPU1] epochs: [9/100] train_acc: 0.610 train_loss_sup: 1.394
[GPU1] epochs: [10/100] train_acc: 0.613 train_loss_sup: 1.378
[GPU1] Test Accuracy at epoch: 10: 0.65
[GPU1] epochs: [11/100] train_acc: 0.615 train_loss_sup: 1.365
[GPU1] epochs: [12/100] train_acc: 0.615 train_loss_sup: 1.360
[GPU1] epochs: [13/100] train_acc: 0.619 train_loss_sup: 1.347
[GPU1] epochs: [14/100] train_acc: 0.620 train_loss_sup: 1.345
[GPU1] epochs: [15/100] train_acc: 0.619 train_loss_sup: 1.341
[GPU1] epochs: [16/100] train_acc: 0.621 train_loss_sup: 1.335
[GPU1] epochs: [17/100] train_acc: 0.623 train_loss_sup: 1.334
[GPU1] epochs: [18/100] train_acc: 0.621 train_loss_sup: 1.332
[GPU1] epochs: [19/100] train_acc: 0.623 train_loss_sup: 1.329
[GPU1] epochs: [20/100] train_acc: 0.627 train_loss_sup: 1.327
[GPU1] Test Accuracy at epoch: 20: 0.65
[GPU1] epochs: [21/100] train_acc: 0.625 train_loss_sup: 1.325
[GPU1] epochs: [22/100] train_acc: 0.625 train_loss_sup: 1.327
[GPU1] epochs: [23/100] train_acc: 0.625 train_loss_sup: 1.324
[GPU1] epochs: [24/100] train_acc: 0.625 train_loss_sup: 1.323
[GPU1] epochs: [25/100] train_acc: 0.624 train_loss_sup: 1.324
[GPU1] epochs: [26/100] train_acc: 0.629 train_loss_sup: 1.319
[GPU1] epochs: [27/100] train_acc: 0.628 train_loss_sup: 1.321
[GPU1] epochs: [28/100] train_acc: 0.629 train_loss_sup: 1.318
[GPU1] epochs: [29/100] train_acc: 0.629 train_loss_sup: 1.317
[GPU1] epochs: [30/100] train_acc: 0.630 train_loss_sup: 1.318
[GPU1] Test Accuracy at epoch: 30: 0.664
[GPU1] epochs: [31/100] train_acc: 0.631 train_loss_sup: 1.317
[GPU1] epochs: [32/100] train_acc: 0.628 train_loss_sup: 1.320
[GPU1] epochs: [33/100] train_acc: 0.631 train_loss_sup: 1.318
[GPU1] epochs: [34/100] train_acc: 0.629 train_loss_sup: 1.317
[GPU1] epochs: [35/100] train_acc: 0.628 train_loss_sup: 1.318
[GPU1] epochs: [36/100] train_acc: 0.629 train_loss_sup: 1.318
[GPU1] epochs: [37/100] train_acc: 0.630 train_loss_sup: 1.317
[GPU1] epochs: [38/100] train_acc: 0.628 train_loss_sup: 1.318
[GPU1] epochs: [39/100] train_acc: 0.631 train_loss_sup: 1.315
[GPU1] epochs: [40/100] train_acc: 0.629 train_loss_sup: 1.317
[GPU1] Test Accuracy at epoch: 40: 0.66
[GPU1] epochs: [41/100] train_acc: 0.631 train_loss_sup: 1.315
[GPU1] epochs: [42/100] train_acc: 0.629 train_loss_sup: 1.317
[GPU1] epochs: [43/100] train_acc: 0.628 train_loss_sup: 1.317
[GPU1] epochs: [44/100] train_acc: 0.632 train_loss_sup: 1.317
[GPU1] epochs: [45/100] train_acc: 0.632 train_loss_sup: 1.317
[GPU1] epochs: [46/100] train_acc: 0.633 train_loss_sup: 1.315
[GPU1] epochs: [47/100] train_acc: 0.630 train_loss_sup: 1.315
[GPU1] epochs: [48/100] train_acc: 0.631 train_loss_sup: 1.315
[GPU1] epochs: [49/100] train_acc: 0.632 train_loss_sup: 1.313
[GPU1] epochs: [50/100] train_acc: 0.631 train_loss_sup: 1.316
[GPU1] Test Accuracy at epoch: 50: 0.66
[GPU1] epochs: [51/100] train_acc: 0.631 train_loss_sup: 1.315
[GPU1] epochs: [52/100] train_acc: 0.630 train_loss_sup: 1.316
[GPU1] epochs: [53/100] train_acc: 0.631 train_loss_sup: 1.316
[GPU1] epochs: [54/100] train_acc: 0.630 train_loss_sup: 1.315
[GPU1] epochs: [55/100] train_acc: 0.629 train_loss_sup: 1.317
[GPU1] epochs: [56/100] train_acc: 0.632 train_loss_sup: 1.313
[GPU1] epochs: [57/100] train_acc: 0.630 train_loss_sup: 1.316
[GPU1] epochs: [58/100] train_acc: 0.630 train_loss_sup: 1.315
[GPU1] epochs: [59/100] train_acc: 0.632 train_loss_sup: 1.316
[GPU1] epochs: [60/100] train_acc: 0.632 train_loss_sup: 1.316
[GPU1] Test Accuracy at epoch: 60: 0.661
[GPU1] epochs: [61/100] train_acc: 0.629 train_loss_sup: 1.317
[GPU1] epochs: [62/100] train_acc: 0.631 train_loss_sup: 1.315
[GPU1] epochs: [63/100] train_acc: 0.631 train_loss_sup: 1.316
[GPU1] epochs: [64/100] train_acc: 0.632 train_loss_sup: 1.316
[GPU1] epochs: [65/100] train_acc: 0.631 train_loss_sup: 1.313
[GPU1] epochs: [66/100] train_acc: 0.633 train_loss_sup: 1.314
[GPU1] epochs: [67/100] train_acc: 0.630 train_loss_sup: 1.314
[GPU1] epochs: [68/100] train_acc: 0.631 train_loss_sup: 1.316
[GPU1] epochs: [69/100] train_acc: 0.631 train_loss_sup: 1.315
[GPU1] epochs: [70/100] train_acc: 0.630 train_loss_sup: 1.316
[GPU1] Test Accuracy at epoch: 70: 0.665
[GPU1] epochs: [71/100] train_acc: 0.631 train_loss_sup: 1.316
[GPU1] epochs: [72/100] train_acc: 0.633 train_loss_sup: 1.316
[GPU1] epochs: [73/100] train_acc: 0.631 train_loss_sup: 1.314
[GPU1] epochs: [74/100] train_acc: 0.635 train_loss_sup: 1.313
[GPU1] epochs: [75/100] train_acc: 0.636 train_loss_sup: 1.313
[GPU1] epochs: [76/100] train_acc: 0.631 train_loss_sup: 1.314
[GPU1] epochs: [77/100] train_acc: 0.632 train_loss_sup: 1.317
[GPU1] epochs: [78/100] train_acc: 0.634 train_loss_sup: 1.314
[GPU1] epochs: [79/100] train_acc: 0.632 train_loss_sup: 1.315
[GPU1] epochs: [80/100] train_acc: 0.634 train_loss_sup: 1.314
[GPU1] Test Accuracy at epoch: 80: 0.665
[GPU1] epochs: [81/100] train_acc: 0.631 train_loss_sup: 1.314
[GPU1] epochs: [82/100] train_acc: 0.633 train_loss_sup: 1.311
[GPU1] epochs: [83/100] train_acc: 0.634 train_loss_sup: 1.313
[GPU1] epochs: [84/100] train_acc: 0.634 train_loss_sup: 1.314
[GPU1] epochs: [85/100] train_acc: 0.632 train_loss_sup: 1.316
[GPU1] epochs: [86/100] train_acc: 0.634 train_loss_sup: 1.310
[GPU1] epochs: [87/100] train_acc: 0.636 train_loss_sup: 1.312
[GPU1] epochs: [88/100] train_acc: 0.633 train_loss_sup: 1.314
[GPU1] epochs: [89/100] train_acc: 0.635 train_loss_sup: 1.312
[GPU1] epochs: [90/100] train_acc: 0.636 train_loss_sup: 1.310
[GPU1] Test Accuracy at epoch: 90: 0.665
[GPU1] epochs: [91/100] train_acc: 0.633 train_loss_sup: 1.313
[GPU1] epochs: [92/100] train_acc: 0.633 train_loss_sup: 1.314
[GPU1] epochs: [93/100] train_acc: 0.635 train_loss_sup: 1.311
[GPU1] epochs: [94/100] train_acc: 0.634 train_loss_sup: 1.314
[GPU1] epochs: [95/100] train_acc: 0.635 train_loss_sup: 1.312
[GPU1] epochs: [96/100] train_acc: 0.632 train_loss_sup: 1.314
[GPU1] epochs: [97/100] train_acc: 0.635 train_loss_sup: 1.313
[GPU1] epochs: [98/100] train_acc: 0.636 train_loss_sup: 1.314
[GPU1] epochs: [99/100] train_acc: 0.636 train_loss_sup: 1.314
[GPU1] epochs: [100/100] train_acc: 0.633 train_loss_sup: 1.313
[GPU1] Final Test Accuracy: 0.665
LR: 1.000 | WD: 0.000100 | Cosine: True | test Acc: 0.665%
===> using linear mlp
Scheduler: <torch.optim.lr_scheduler.CosineAnnealingLR object at 0x7b8f4f387cd0>
MLP: MLP(
  (mlp): Linear(in_features=512, out_features=10, bias=True)
)
[GPU1] Test Accuracy at epoch: 0: 0.565
[GPU1] epochs: [1/100] train_acc: 0.398 train_loss_sup: 2.129
[GPU1] epochs: [2/100] train_acc: 0.549 train_loss_sup: 1.820
[GPU1] epochs: [3/100] train_acc: 0.579 train_loss_sup: 1.632
[GPU1] epochs: [4/100] train_acc: 0.592 train_loss_sup: 1.510
[GPU1] epochs: [5/100] train_acc: 0.598 train_loss_sup: 1.425
[GPU1] epochs: [6/100] train_acc: 0.605 train_loss_sup: 1.362
[GPU1] epochs: [7/100] train_acc: 0.614 train_loss_sup: 1.311
[GPU1] epochs: [8/100] train_acc: 0.615 train_loss_sup: 1.273
[GPU1] epochs: [9/100] train_acc: 0.616 train_loss_sup: 1.244
[GPU1] epochs: [10/100] train_acc: 0.621 train_loss_sup: 1.216
[GPU1] Test Accuracy at epoch: 10: 0.659
[GPU1] epochs: [11/100] train_acc: 0.624 train_loss_sup: 1.191
[GPU1] epochs: [12/100] train_acc: 0.628 train_loss_sup: 1.172
[GPU1] epochs: [13/100] train_acc: 0.628 train_loss_sup: 1.157
[GPU1] epochs: [14/100] train_acc: 0.633 train_loss_sup: 1.140
[GPU1] epochs: [15/100] train_acc: 0.634 train_loss_sup: 1.129
[GPU1] epochs: [16/100] train_acc: 0.636 train_loss_sup: 1.115
[GPU1] epochs: [17/100] train_acc: 0.639 train_loss_sup: 1.103
[GPU1] epochs: [18/100] train_acc: 0.641 train_loss_sup: 1.092
[GPU1] epochs: [19/100] train_acc: 0.643 train_loss_sup: 1.086
[GPU1] epochs: [20/100] train_acc: 0.642 train_loss_sup: 1.079
[GPU1] Test Accuracy at epoch: 20: 0.678
[GPU1] epochs: [21/100] train_acc: 0.646 train_loss_sup: 1.066
[GPU1] epochs: [22/100] train_acc: 0.647 train_loss_sup: 1.065
[GPU1] epochs: [23/100] train_acc: 0.646 train_loss_sup: 1.056
[GPU1] epochs: [24/100] train_acc: 0.648 train_loss_sup: 1.052
[GPU1] epochs: [25/100] train_acc: 0.649 train_loss_sup: 1.047
[GPU1] epochs: [26/100] train_acc: 0.652 train_loss_sup: 1.036
[GPU1] epochs: [27/100] train_acc: 0.651 train_loss_sup: 1.038
[GPU1] epochs: [28/100] train_acc: 0.651 train_loss_sup: 1.032
[GPU1] epochs: [29/100] train_acc: 0.654 train_loss_sup: 1.029
[GPU1] epochs: [30/100] train_acc: 0.657 train_loss_sup: 1.022
[GPU1] Test Accuracy at epoch: 30: 0.693
[GPU1] epochs: [31/100] train_acc: 0.656 train_loss_sup: 1.018
[GPU1] epochs: [32/100] train_acc: 0.656 train_loss_sup: 1.014
[GPU1] epochs: [33/100] train_acc: 0.658 train_loss_sup: 1.012
[GPU1] epochs: [34/100] train_acc: 0.658 train_loss_sup: 1.011
[GPU1] epochs: [35/100] train_acc: 0.661 train_loss_sup: 1.003
[GPU1] epochs: [36/100] train_acc: 0.659 train_loss_sup: 1.004
[GPU1] epochs: [37/100] train_acc: 0.663 train_loss_sup: 0.999
[GPU1] epochs: [38/100] train_acc: 0.660 train_loss_sup: 0.999
[GPU1] epochs: [39/100] train_acc: 0.662 train_loss_sup: 0.994
[GPU1] epochs: [40/100] train_acc: 0.661 train_loss_sup: 0.992
[GPU1] Test Accuracy at epoch: 40: 0.697
[GPU1] epochs: [41/100] train_acc: 0.662 train_loss_sup: 0.992
[GPU1] epochs: [42/100] train_acc: 0.663 train_loss_sup: 0.985
[GPU1] epochs: [43/100] train_acc: 0.664 train_loss_sup: 0.988
[GPU1] epochs: [44/100] train_acc: 0.663 train_loss_sup: 0.986
[GPU1] epochs: [45/100] train_acc: 0.664 train_loss_sup: 0.979
[GPU1] epochs: [46/100] train_acc: 0.666 train_loss_sup: 0.979
[GPU1] epochs: [47/100] train_acc: 0.668 train_loss_sup: 0.980
[GPU1] epochs: [48/100] train_acc: 0.666 train_loss_sup: 0.977
[GPU1] epochs: [49/100] train_acc: 0.665 train_loss_sup: 0.977
[GPU1] epochs: [50/100] train_acc: 0.665 train_loss_sup: 0.977
[GPU1] Test Accuracy at epoch: 50: 0.702
[GPU1] epochs: [51/100] train_acc: 0.668 train_loss_sup: 0.973
[GPU1] epochs: [52/100] train_acc: 0.670 train_loss_sup: 0.968
[GPU1] epochs: [53/100] train_acc: 0.669 train_loss_sup: 0.970
[GPU1] epochs: [54/100] train_acc: 0.667 train_loss_sup: 0.970
[GPU1] epochs: [55/100] train_acc: 0.670 train_loss_sup: 0.967
[GPU1] epochs: [56/100] train_acc: 0.671 train_loss_sup: 0.963
[GPU1] epochs: [57/100] train_acc: 0.669 train_loss_sup: 0.965
[GPU1] epochs: [58/100] train_acc: 0.667 train_loss_sup: 0.966
[GPU1] epochs: [59/100] train_acc: 0.669 train_loss_sup: 0.963
[GPU1] epochs: [60/100] train_acc: 0.668 train_loss_sup: 0.962
[GPU1] Test Accuracy at epoch: 60: 0.704
[GPU1] epochs: [61/100] train_acc: 0.670 train_loss_sup: 0.964
[GPU1] epochs: [62/100] train_acc: 0.668 train_loss_sup: 0.964
[GPU1] epochs: [63/100] train_acc: 0.672 train_loss_sup: 0.958
[GPU1] epochs: [64/100] train_acc: 0.668 train_loss_sup: 0.961
[GPU1] epochs: [65/100] train_acc: 0.672 train_loss_sup: 0.957
[GPU1] epochs: [66/100] train_acc: 0.673 train_loss_sup: 0.957
[GPU1] epochs: [67/100] train_acc: 0.671 train_loss_sup: 0.955
[GPU1] epochs: [68/100] train_acc: 0.674 train_loss_sup: 0.955
[GPU1] epochs: [69/100] train_acc: 0.671 train_loss_sup: 0.957
[GPU1] epochs: [70/100] train_acc: 0.675 train_loss_sup: 0.955
[GPU1] Test Accuracy at epoch: 70: 0.707
[GPU1] epochs: [71/100] train_acc: 0.674 train_loss_sup: 0.953
[GPU1] epochs: [72/100] train_acc: 0.672 train_loss_sup: 0.955
[GPU1] epochs: [73/100] train_acc: 0.672 train_loss_sup: 0.952
[GPU1] epochs: [74/100] train_acc: 0.672 train_loss_sup: 0.954
[GPU1] epochs: [75/100] train_acc: 0.675 train_loss_sup: 0.951
[GPU1] epochs: [76/100] train_acc: 0.673 train_loss_sup: 0.952
[GPU1] epochs: [77/100] train_acc: 0.672 train_loss_sup: 0.957
[GPU1] epochs: [78/100] train_acc: 0.674 train_loss_sup: 0.951
[GPU1] epochs: [79/100] train_acc: 0.670 train_loss_sup: 0.955
[GPU1] epochs: [80/100] train_acc: 0.673 train_loss_sup: 0.948
[GPU1] Test Accuracy at epoch: 80: 0.707
[GPU1] epochs: [81/100] train_acc: 0.672 train_loss_sup: 0.952
[GPU1] epochs: [82/100] train_acc: 0.672 train_loss_sup: 0.954
[GPU1] epochs: [83/100] train_acc: 0.674 train_loss_sup: 0.954
[GPU1] epochs: [84/100] train_acc: 0.674 train_loss_sup: 0.950
[GPU1] epochs: [85/100] train_acc: 0.670 train_loss_sup: 0.955
[GPU1] epochs: [86/100] train_acc: 0.672 train_loss_sup: 0.951
[GPU1] epochs: [87/100] train_acc: 0.672 train_loss_sup: 0.950
[GPU1] epochs: [88/100] train_acc: 0.674 train_loss_sup: 0.953
[GPU1] epochs: [89/100] train_acc: 0.673 train_loss_sup: 0.953
[GPU1] epochs: [90/100] train_acc: 0.672 train_loss_sup: 0.947
[GPU1] Test Accuracy at epoch: 90: 0.708
[GPU1] epochs: [91/100] train_acc: 0.676 train_loss_sup: 0.949
[GPU1] epochs: [92/100] train_acc: 0.671 train_loss_sup: 0.950
[GPU1] epochs: [93/100] train_acc: 0.675 train_loss_sup: 0.950
[GPU1] epochs: [94/100] train_acc: 0.673 train_loss_sup: 0.953
[GPU1] epochs: [95/100] train_acc: 0.674 train_loss_sup: 0.951
[GPU1] epochs: [96/100] train_acc: 0.673 train_loss_sup: 0.952
[GPU1] epochs: [97/100] train_acc: 0.673 train_loss_sup: 0.950
[GPU1] epochs: [98/100] train_acc: 0.672 train_loss_sup: 0.950
[GPU1] epochs: [99/100] train_acc: 0.671 train_loss_sup: 0.953
[GPU1] epochs: [100/100] train_acc: 0.673 train_loss_sup: 0.951
[GPU1] Final Test Accuracy: 0.708
LR: 1.000 | WD: 0.000000 | Cosine: True | test Acc: 0.708%
------------------------------
Best Test Accuracy: 0.727%
Optimal Hyperparameters: LR=1.0, WD=1e-06, Cosine=0
knn evalution
logistic regression evalution
clustering metrics evalution
knn_acc: 0.694
lreg_acc: 0.753
ari: 0.231
nmi: 0.352
ss: 0.038
dbs: 4.199
