Namespace(dataset='cifar100', saved_path='saved_models/simsiam.en.timg.r18.pth', gpu=1, model='resnet18', verbose=False, epochs=100, eval_every=10, knn=True, lreg=True, linprobe=True, tsne=False, umap=False, cmet=True)
<All keys matched successfully>
Starting Hyperparameter Sweep on 1...
===> using linear mlp
Scheduler: None
MLP: MLP(
  (mlp): Linear(in_features=512, out_features=100, bias=True)
)
[GPU1] Test Accuracy at epoch: 0: 0.012
[GPU1] epochs: [1/100] train_acc: 0.011 train_loss_sup: 4.605
[GPU1] epochs: [2/100] train_acc: 0.022 train_loss_sup: 4.601
[GPU1] epochs: [3/100] train_acc: 0.033 train_loss_sup: 4.598
[GPU1] epochs: [4/100] train_acc: 0.050 train_loss_sup: 4.595
[GPU1] epochs: [5/100] train_acc: 0.062 train_loss_sup: 4.592
[GPU1] epochs: [6/100] train_acc: 0.071 train_loss_sup: 4.589
[GPU1] epochs: [7/100] train_acc: 0.084 train_loss_sup: 4.586
[GPU1] epochs: [8/100] train_acc: 0.092 train_loss_sup: 4.583
[GPU1] epochs: [9/100] train_acc: 0.110 train_loss_sup: 4.580
[GPU1] epochs: [10/100] train_acc: 0.115 train_loss_sup: 4.577
[GPU1] Test Accuracy at epoch: 10: 0.088
[GPU1] epochs: [11/100] train_acc: 0.139 train_loss_sup: 4.573
[GPU1] epochs: [12/100] train_acc: 0.134 train_loss_sup: 4.570
[GPU1] epochs: [13/100] train_acc: 0.143 train_loss_sup: 4.567
[GPU1] epochs: [14/100] train_acc: 0.149 train_loss_sup: 4.564
[GPU1] epochs: [15/100] train_acc: 0.146 train_loss_sup: 4.561
[GPU1] epochs: [16/100] train_acc: 0.148 train_loss_sup: 4.558
[GPU1] epochs: [17/100] train_acc: 0.149 train_loss_sup: 4.555
[GPU1] epochs: [18/100] train_acc: 0.160 train_loss_sup: 4.552
[GPU1] epochs: [19/100] train_acc: 0.155 train_loss_sup: 4.549
[GPU1] epochs: [20/100] train_acc: 0.158 train_loss_sup: 4.546
[GPU1] Test Accuracy at epoch: 20: 0.107
[GPU1] epochs: [21/100] train_acc: 0.170 train_loss_sup: 4.543
[GPU1] epochs: [22/100] train_acc: 0.161 train_loss_sup: 4.540
[GPU1] epochs: [23/100] train_acc: 0.169 train_loss_sup: 4.537
[GPU1] epochs: [24/100] train_acc: 0.172 train_loss_sup: 4.534
[GPU1] epochs: [25/100] train_acc: 0.174 train_loss_sup: 4.531
[GPU1] epochs: [26/100] train_acc: 0.159 train_loss_sup: 4.528
[GPU1] epochs: [27/100] train_acc: 0.179 train_loss_sup: 4.525
[GPU1] epochs: [28/100] train_acc: 0.171 train_loss_sup: 4.522
[GPU1] epochs: [29/100] train_acc: 0.171 train_loss_sup: 4.519
[GPU1] epochs: [30/100] train_acc: 0.169 train_loss_sup: 4.516
[GPU1] Test Accuracy at epoch: 30: 0.099
[GPU1] epochs: [31/100] train_acc: 0.173 train_loss_sup: 4.513
[GPU1] epochs: [32/100] train_acc: 0.184 train_loss_sup: 4.510
[GPU1] epochs: [33/100] train_acc: 0.180 train_loss_sup: 4.507
[GPU1] epochs: [34/100] train_acc: 0.175 train_loss_sup: 4.505
[GPU1] epochs: [35/100] train_acc: 0.178 train_loss_sup: 4.501
[GPU1] epochs: [36/100] train_acc: 0.177 train_loss_sup: 4.499
[GPU1] epochs: [37/100] train_acc: 0.183 train_loss_sup: 4.495
[GPU1] epochs: [38/100] train_acc: 0.186 train_loss_sup: 4.493
[GPU1] epochs: [39/100] train_acc: 0.183 train_loss_sup: 4.490
[GPU1] epochs: [40/100] train_acc: 0.186 train_loss_sup: 4.486
[GPU1] Test Accuracy at epoch: 40: 0.097
[GPU1] epochs: [41/100] train_acc: 0.181 train_loss_sup: 4.484
[GPU1] epochs: [42/100] train_acc: 0.182 train_loss_sup: 4.481
[GPU1] epochs: [43/100] train_acc: 0.185 train_loss_sup: 4.479
[GPU1] epochs: [44/100] train_acc: 0.188 train_loss_sup: 4.475
[GPU1] epochs: [45/100] train_acc: 0.184 train_loss_sup: 4.473
[GPU1] epochs: [46/100] train_acc: 0.181 train_loss_sup: 4.469
[GPU1] epochs: [47/100] train_acc: 0.189 train_loss_sup: 4.467
[GPU1] epochs: [48/100] train_acc: 0.188 train_loss_sup: 4.465
[GPU1] epochs: [49/100] train_acc: 0.191 train_loss_sup: 4.461
[GPU1] epochs: [50/100] train_acc: 0.188 train_loss_sup: 4.459
[GPU1] Test Accuracy at epoch: 50: 0.102
[GPU1] epochs: [51/100] train_acc: 0.190 train_loss_sup: 4.456
[GPU1] epochs: [52/100] train_acc: 0.190 train_loss_sup: 4.452
[GPU1] epochs: [53/100] train_acc: 0.182 train_loss_sup: 4.450
[GPU1] epochs: [54/100] train_acc: 0.194 train_loss_sup: 4.447
[GPU1] epochs: [55/100] train_acc: 0.191 train_loss_sup: 4.445
[GPU1] epochs: [56/100] train_acc: 0.187 train_loss_sup: 4.441
[GPU1] epochs: [57/100] train_acc: 0.189 train_loss_sup: 4.439
[GPU1] epochs: [58/100] train_acc: 0.194 train_loss_sup: 4.436
[GPU1] epochs: [59/100] train_acc: 0.187 train_loss_sup: 4.434
[GPU1] epochs: [60/100] train_acc: 0.194 train_loss_sup: 4.431
[GPU1] Test Accuracy at epoch: 60: 0.111
[GPU1] epochs: [61/100] train_acc: 0.189 train_loss_sup: 4.428
[GPU1] epochs: [62/100] train_acc: 0.197 train_loss_sup: 4.425
[GPU1] epochs: [63/100] train_acc: 0.198 train_loss_sup: 4.422
[GPU1] epochs: [64/100] train_acc: 0.195 train_loss_sup: 4.420
[GPU1] epochs: [65/100] train_acc: 0.191 train_loss_sup: 4.417
[GPU1] epochs: [66/100] train_acc: 0.195 train_loss_sup: 4.414
[GPU1] epochs: [67/100] train_acc: 0.195 train_loss_sup: 4.411
[GPU1] epochs: [68/100] train_acc: 0.193 train_loss_sup: 4.409
[GPU1] epochs: [69/100] train_acc: 0.200 train_loss_sup: 4.407
[GPU1] epochs: [70/100] train_acc: 0.195 train_loss_sup: 4.403
[GPU1] Test Accuracy at epoch: 70: 0.11
[GPU1] epochs: [71/100] train_acc: 0.199 train_loss_sup: 4.401
[GPU1] epochs: [72/100] train_acc: 0.199 train_loss_sup: 4.398
[GPU1] epochs: [73/100] train_acc: 0.196 train_loss_sup: 4.395
[GPU1] epochs: [74/100] train_acc: 0.193 train_loss_sup: 4.393
[GPU1] epochs: [75/100] train_acc: 0.194 train_loss_sup: 4.390
[GPU1] epochs: [76/100] train_acc: 0.190 train_loss_sup: 4.388
[GPU1] epochs: [77/100] train_acc: 0.202 train_loss_sup: 4.385
[GPU1] epochs: [78/100] train_acc: 0.193 train_loss_sup: 4.382
[GPU1] epochs: [79/100] train_acc: 0.198 train_loss_sup: 4.380
[GPU1] epochs: [80/100] train_acc: 0.199 train_loss_sup: 4.377
[GPU1] Test Accuracy at epoch: 80: 0.111
[GPU1] epochs: [81/100] train_acc: 0.198 train_loss_sup: 4.374
[GPU1] epochs: [82/100] train_acc: 0.196 train_loss_sup: 4.372
[GPU1] epochs: [83/100] train_acc: 0.201 train_loss_sup: 4.369
[GPU1] epochs: [84/100] train_acc: 0.199 train_loss_sup: 4.367
[GPU1] epochs: [85/100] train_acc: 0.200 train_loss_sup: 4.364
[GPU1] epochs: [86/100] train_acc: 0.199 train_loss_sup: 4.361
[GPU1] epochs: [87/100] train_acc: 0.197 train_loss_sup: 4.359
[GPU1] epochs: [88/100] train_acc: 0.201 train_loss_sup: 4.355
[GPU1] epochs: [89/100] train_acc: 0.200 train_loss_sup: 4.353
[GPU1] epochs: [90/100] train_acc: 0.205 train_loss_sup: 4.351
[GPU1] Test Accuracy at epoch: 90: 0.116
[GPU1] epochs: [91/100] train_acc: 0.201 train_loss_sup: 4.348
[GPU1] epochs: [92/100] train_acc: 0.200 train_loss_sup: 4.346
[GPU1] epochs: [93/100] train_acc: 0.201 train_loss_sup: 4.344
[GPU1] epochs: [94/100] train_acc: 0.204 train_loss_sup: 4.340
[GPU1] epochs: [95/100] train_acc: 0.201 train_loss_sup: 4.338
[GPU1] epochs: [96/100] train_acc: 0.197 train_loss_sup: 4.336
[GPU1] epochs: [97/100] train_acc: 0.205 train_loss_sup: 4.333
[GPU1] epochs: [98/100] train_acc: 0.203 train_loss_sup: 4.331
[GPU1] epochs: [99/100] train_acc: 0.201 train_loss_sup: 4.328
[GPU1] epochs: [100/100] train_acc: 0.201 train_loss_sup: 4.326
[GPU1] Final Test Accuracy: 0.116
LR: 0.100 | WD: 0.000001 | Cosine: False | test Acc: 0.116%
===> using linear mlp
Scheduler: None
MLP: MLP(
  (mlp): Linear(in_features=512, out_features=100, bias=True)
)
[GPU1] Test Accuracy at epoch: 0: 0.01
[GPU1] epochs: [1/100] train_acc: 0.013 train_loss_sup: 4.605
[GPU1] epochs: [2/100] train_acc: 0.014 train_loss_sup: 4.601
[GPU1] epochs: [3/100] train_acc: 0.027 train_loss_sup: 4.598
[GPU1] epochs: [4/100] train_acc: 0.046 train_loss_sup: 4.595
[GPU1] epochs: [5/100] train_acc: 0.053 train_loss_sup: 4.592
[GPU1] epochs: [6/100] train_acc: 0.080 train_loss_sup: 4.589
[GPU1] epochs: [7/100] train_acc: 0.091 train_loss_sup: 4.586
[GPU1] epochs: [8/100] train_acc: 0.104 train_loss_sup: 4.584
[GPU1] epochs: [9/100] train_acc: 0.121 train_loss_sup: 4.581
[GPU1] epochs: [10/100] train_acc: 0.115 train_loss_sup: 4.578
[GPU1] Test Accuracy at epoch: 10: 0.078
[GPU1] epochs: [11/100] train_acc: 0.122 train_loss_sup: 4.575
[GPU1] epochs: [12/100] train_acc: 0.131 train_loss_sup: 4.572
[GPU1] epochs: [13/100] train_acc: 0.129 train_loss_sup: 4.569
[GPU1] epochs: [14/100] train_acc: 0.141 train_loss_sup: 4.567
[GPU1] epochs: [15/100] train_acc: 0.144 train_loss_sup: 4.564
[GPU1] epochs: [16/100] train_acc: 0.144 train_loss_sup: 4.561
[GPU1] epochs: [17/100] train_acc: 0.137 train_loss_sup: 4.559
[GPU1] epochs: [18/100] train_acc: 0.161 train_loss_sup: 4.556
[GPU1] epochs: [19/100] train_acc: 0.146 train_loss_sup: 4.554
[GPU1] epochs: [20/100] train_acc: 0.160 train_loss_sup: 4.551
[GPU1] Test Accuracy at epoch: 20: 0.106
[GPU1] epochs: [21/100] train_acc: 0.163 train_loss_sup: 4.549
[GPU1] epochs: [22/100] train_acc: 0.154 train_loss_sup: 4.546
[GPU1] epochs: [23/100] train_acc: 0.166 train_loss_sup: 4.544
[GPU1] epochs: [24/100] train_acc: 0.165 train_loss_sup: 4.541
[GPU1] epochs: [25/100] train_acc: 0.176 train_loss_sup: 4.539
[GPU1] epochs: [26/100] train_acc: 0.168 train_loss_sup: 4.537
[GPU1] epochs: [27/100] train_acc: 0.166 train_loss_sup: 4.534
[GPU1] epochs: [28/100] train_acc: 0.168 train_loss_sup: 4.532
[GPU1] epochs: [29/100] train_acc: 0.156 train_loss_sup: 4.530
[GPU1] epochs: [30/100] train_acc: 0.170 train_loss_sup: 4.527
[GPU1] Test Accuracy at epoch: 30: 0.109
[GPU1] epochs: [31/100] train_acc: 0.171 train_loss_sup: 4.526
[GPU1] epochs: [32/100] train_acc: 0.174 train_loss_sup: 4.523
[GPU1] epochs: [33/100] train_acc: 0.179 train_loss_sup: 4.521
[GPU1] epochs: [34/100] train_acc: 0.181 train_loss_sup: 4.518
[GPU1] epochs: [35/100] train_acc: 0.173 train_loss_sup: 4.517
[GPU1] epochs: [36/100] train_acc: 0.182 train_loss_sup: 4.515
[GPU1] epochs: [37/100] train_acc: 0.180 train_loss_sup: 4.513
[GPU1] epochs: [38/100] train_acc: 0.176 train_loss_sup: 4.511
[GPU1] epochs: [39/100] train_acc: 0.177 train_loss_sup: 4.509
[GPU1] epochs: [40/100] train_acc: 0.180 train_loss_sup: 4.507
[GPU1] Test Accuracy at epoch: 40: 0.106
[GPU1] epochs: [41/100] train_acc: 0.173 train_loss_sup: 4.505
[GPU1] epochs: [42/100] train_acc: 0.188 train_loss_sup: 4.502
[GPU1] epochs: [43/100] train_acc: 0.174 train_loss_sup: 4.501
[GPU1] epochs: [44/100] train_acc: 0.183 train_loss_sup: 4.499
[GPU1] epochs: [45/100] train_acc: 0.191 train_loss_sup: 4.496
[GPU1] epochs: [46/100] train_acc: 0.177 train_loss_sup: 4.495
[GPU1] epochs: [47/100] train_acc: 0.182 train_loss_sup: 4.493
[GPU1] epochs: [48/100] train_acc: 0.185 train_loss_sup: 4.491
[GPU1] epochs: [49/100] train_acc: 0.184 train_loss_sup: 4.490
[GPU1] epochs: [50/100] train_acc: 0.185 train_loss_sup: 4.488
[GPU1] Test Accuracy at epoch: 50: 0.099
[GPU1] epochs: [51/100] train_acc: 0.187 train_loss_sup: 4.486
[GPU1] epochs: [52/100] train_acc: 0.182 train_loss_sup: 4.484
[GPU1] epochs: [53/100] train_acc: 0.180 train_loss_sup: 4.482
[GPU1] epochs: [54/100] train_acc: 0.186 train_loss_sup: 4.481
[GPU1] epochs: [55/100] train_acc: 0.192 train_loss_sup: 4.479
[GPU1] epochs: [56/100] train_acc: 0.191 train_loss_sup: 4.477
[GPU1] epochs: [57/100] train_acc: 0.183 train_loss_sup: 4.476
[GPU1] epochs: [58/100] train_acc: 0.185 train_loss_sup: 4.475
[GPU1] epochs: [59/100] train_acc: 0.185 train_loss_sup: 4.473
[GPU1] epochs: [60/100] train_acc: 0.186 train_loss_sup: 4.471
[GPU1] Test Accuracy at epoch: 60: 0.108
[GPU1] epochs: [61/100] train_acc: 0.188 train_loss_sup: 4.470
[GPU1] epochs: [62/100] train_acc: 0.190 train_loss_sup: 4.469
[GPU1] epochs: [63/100] train_acc: 0.190 train_loss_sup: 4.466
[GPU1] epochs: [64/100] train_acc: 0.188 train_loss_sup: 4.465
[GPU1] epochs: [65/100] train_acc: 0.190 train_loss_sup: 4.463
[GPU1] epochs: [66/100] train_acc: 0.185 train_loss_sup: 4.462
[GPU1] epochs: [67/100] train_acc: 0.189 train_loss_sup: 4.460
[GPU1] epochs: [68/100] train_acc: 0.184 train_loss_sup: 4.460
[GPU1] epochs: [69/100] train_acc: 0.189 train_loss_sup: 4.458
[GPU1] epochs: [70/100] train_acc: 0.191 train_loss_sup: 4.456
[GPU1] Test Accuracy at epoch: 70: 0.099
[GPU1] epochs: [71/100] train_acc: 0.191 train_loss_sup: 4.454
[GPU1] epochs: [72/100] train_acc: 0.193 train_loss_sup: 4.454
[GPU1] epochs: [73/100] train_acc: 0.185 train_loss_sup: 4.452
[GPU1] epochs: [74/100] train_acc: 0.194 train_loss_sup: 4.451
[GPU1] epochs: [75/100] train_acc: 0.186 train_loss_sup: 4.450
[GPU1] epochs: [76/100] train_acc: 0.191 train_loss_sup: 4.448
[GPU1] epochs: [77/100] train_acc: 0.190 train_loss_sup: 4.447
[GPU1] epochs: [78/100] train_acc: 0.194 train_loss_sup: 4.445
[GPU1] epochs: [79/100] train_acc: 0.192 train_loss_sup: 4.445
[GPU1] epochs: [80/100] train_acc: 0.192 train_loss_sup: 4.443
[GPU1] Test Accuracy at epoch: 80: 0.107
[GPU1] epochs: [81/100] train_acc: 0.190 train_loss_sup: 4.442
[GPU1] epochs: [82/100] train_acc: 0.192 train_loss_sup: 4.440
[GPU1] epochs: [83/100] train_acc: 0.190 train_loss_sup: 4.439
[GPU1] epochs: [84/100] train_acc: 0.191 train_loss_sup: 4.438
[GPU1] epochs: [85/100] train_acc: 0.193 train_loss_sup: 4.437
[GPU1] epochs: [86/100] train_acc: 0.190 train_loss_sup: 4.436
[GPU1] epochs: [87/100] train_acc: 0.193 train_loss_sup: 4.435
[GPU1] epochs: [88/100] train_acc: 0.189 train_loss_sup: 4.434
[GPU1] epochs: [89/100] train_acc: 0.192 train_loss_sup: 4.433
[GPU1] epochs: [90/100] train_acc: 0.194 train_loss_sup: 4.431
[GPU1] Test Accuracy at epoch: 90: 0.112
[GPU1] epochs: [91/100] train_acc: 0.196 train_loss_sup: 4.431
[GPU1] epochs: [92/100] train_acc: 0.194 train_loss_sup: 4.428
[GPU1] epochs: [93/100] train_acc: 0.194 train_loss_sup: 4.427
[GPU1] epochs: [94/100] train_acc: 0.191 train_loss_sup: 4.427
[GPU1] epochs: [95/100] train_acc: 0.192 train_loss_sup: 4.426
[GPU1] epochs: [96/100] train_acc: 0.192 train_loss_sup: 4.425
[GPU1] epochs: [97/100] train_acc: 0.193 train_loss_sup: 4.423
[GPU1] epochs: [98/100] train_acc: 0.192 train_loss_sup: 4.422
[GPU1] epochs: [99/100] train_acc: 0.197 train_loss_sup: 4.422
[GPU1] epochs: [100/100] train_acc: 0.195 train_loss_sup: 4.421
[GPU1] Final Test Accuracy: 0.109
LR: 0.100 | WD: 0.000100 | Cosine: False | test Acc: 0.112%
===> using linear mlp
Scheduler: None
MLP: MLP(
  (mlp): Linear(in_features=512, out_features=100, bias=True)
)
[GPU1] Test Accuracy at epoch: 0: 0.014
[GPU1] epochs: [1/100] train_acc: 0.011 train_loss_sup: 4.605
[GPU1] epochs: [2/100] train_acc: 0.020 train_loss_sup: 4.601
[GPU1] epochs: [3/100] train_acc: 0.045 train_loss_sup: 4.598
[GPU1] epochs: [4/100] train_acc: 0.052 train_loss_sup: 4.595
[GPU1] epochs: [5/100] train_acc: 0.066 train_loss_sup: 4.592
[GPU1] epochs: [6/100] train_acc: 0.085 train_loss_sup: 4.589
[GPU1] epochs: [7/100] train_acc: 0.108 train_loss_sup: 4.586
[GPU1] epochs: [8/100] train_acc: 0.112 train_loss_sup: 4.583
[GPU1] epochs: [9/100] train_acc: 0.114 train_loss_sup: 4.580
[GPU1] epochs: [10/100] train_acc: 0.122 train_loss_sup: 4.576
[GPU1] Test Accuracy at epoch: 10: 0.11
[GPU1] epochs: [11/100] train_acc: 0.131 train_loss_sup: 4.573
[GPU1] epochs: [12/100] train_acc: 0.141 train_loss_sup: 4.570
[GPU1] epochs: [13/100] train_acc: 0.140 train_loss_sup: 4.567
[GPU1] epochs: [14/100] train_acc: 0.142 train_loss_sup: 4.564
[GPU1] epochs: [15/100] train_acc: 0.143 train_loss_sup: 4.561
[GPU1] epochs: [16/100] train_acc: 0.150 train_loss_sup: 4.558
[GPU1] epochs: [17/100] train_acc: 0.155 train_loss_sup: 4.555
[GPU1] epochs: [18/100] train_acc: 0.154 train_loss_sup: 4.552
[GPU1] epochs: [19/100] train_acc: 0.169 train_loss_sup: 4.549
[GPU1] epochs: [20/100] train_acc: 0.156 train_loss_sup: 4.546
[GPU1] Test Accuracy at epoch: 20: 0.101
[GPU1] epochs: [21/100] train_acc: 0.159 train_loss_sup: 4.543
[GPU1] epochs: [22/100] train_acc: 0.167 train_loss_sup: 4.540
[GPU1] epochs: [23/100] train_acc: 0.169 train_loss_sup: 4.537
[GPU1] epochs: [24/100] train_acc: 0.167 train_loss_sup: 4.534
[GPU1] epochs: [25/100] train_acc: 0.174 train_loss_sup: 4.531
[GPU1] epochs: [26/100] train_acc: 0.165 train_loss_sup: 4.528
[GPU1] epochs: [27/100] train_acc: 0.172 train_loss_sup: 4.525
[GPU1] epochs: [28/100] train_acc: 0.175 train_loss_sup: 4.522
[GPU1] epochs: [29/100] train_acc: 0.181 train_loss_sup: 4.519
[GPU1] epochs: [30/100] train_acc: 0.175 train_loss_sup: 4.516
[GPU1] Test Accuracy at epoch: 30: 0.103
[GPU1] epochs: [31/100] train_acc: 0.173 train_loss_sup: 4.513
[GPU1] epochs: [32/100] train_acc: 0.184 train_loss_sup: 4.510
[GPU1] epochs: [33/100] train_acc: 0.181 train_loss_sup: 4.507
[GPU1] epochs: [34/100] train_acc: 0.181 train_loss_sup: 4.504
[GPU1] epochs: [35/100] train_acc: 0.182 train_loss_sup: 4.501
[GPU1] epochs: [36/100] train_acc: 0.179 train_loss_sup: 4.498
[GPU1] epochs: [37/100] train_acc: 0.181 train_loss_sup: 4.495
[GPU1] epochs: [38/100] train_acc: 0.184 train_loss_sup: 4.492
[GPU1] epochs: [39/100] train_acc: 0.184 train_loss_sup: 4.489
[GPU1] epochs: [40/100] train_acc: 0.181 train_loss_sup: 4.487
[GPU1] Test Accuracy at epoch: 40: 0.109
[GPU1] epochs: [41/100] train_acc: 0.185 train_loss_sup: 4.484
[GPU1] epochs: [42/100] train_acc: 0.185 train_loss_sup: 4.481
[GPU1] epochs: [43/100] train_acc: 0.190 train_loss_sup: 4.478
[GPU1] epochs: [44/100] train_acc: 0.187 train_loss_sup: 4.475
[GPU1] epochs: [45/100] train_acc: 0.183 train_loss_sup: 4.472
[GPU1] epochs: [46/100] train_acc: 0.191 train_loss_sup: 4.469
[GPU1] epochs: [47/100] train_acc: 0.194 train_loss_sup: 4.467
[GPU1] epochs: [48/100] train_acc: 0.186 train_loss_sup: 4.464
[GPU1] epochs: [49/100] train_acc: 0.188 train_loss_sup: 4.461
[GPU1] epochs: [50/100] train_acc: 0.189 train_loss_sup: 4.458
[GPU1] Test Accuracy at epoch: 50: 0.108
[GPU1] epochs: [51/100] train_acc: 0.192 train_loss_sup: 4.455
[GPU1] epochs: [52/100] train_acc: 0.185 train_loss_sup: 4.452
[GPU1] epochs: [53/100] train_acc: 0.189 train_loss_sup: 4.449
[GPU1] epochs: [54/100] train_acc: 0.191 train_loss_sup: 4.447
[GPU1] epochs: [55/100] train_acc: 0.191 train_loss_sup: 4.444
[GPU1] epochs: [56/100] train_acc: 0.195 train_loss_sup: 4.441
[GPU1] epochs: [57/100] train_acc: 0.190 train_loss_sup: 4.439
[GPU1] epochs: [58/100] train_acc: 0.194 train_loss_sup: 4.435
[GPU1] epochs: [59/100] train_acc: 0.193 train_loss_sup: 4.434
[GPU1] epochs: [60/100] train_acc: 0.192 train_loss_sup: 4.430
[GPU1] Test Accuracy at epoch: 60: 0.104
[GPU1] epochs: [61/100] train_acc: 0.194 train_loss_sup: 4.427
[GPU1] epochs: [62/100] train_acc: 0.193 train_loss_sup: 4.425
[GPU1] epochs: [63/100] train_acc: 0.193 train_loss_sup: 4.422
[GPU1] epochs: [64/100] train_acc: 0.191 train_loss_sup: 4.419
[GPU1] epochs: [65/100] train_acc: 0.194 train_loss_sup: 4.416
[GPU1] epochs: [66/100] train_acc: 0.195 train_loss_sup: 4.414
[GPU1] epochs: [67/100] train_acc: 0.194 train_loss_sup: 4.410
[GPU1] epochs: [68/100] train_acc: 0.194 train_loss_sup: 4.408
[GPU1] epochs: [69/100] train_acc: 0.196 train_loss_sup: 4.405
[GPU1] epochs: [70/100] train_acc: 0.196 train_loss_sup: 4.403
[GPU1] Test Accuracy at epoch: 70: 0.109
[GPU1] epochs: [71/100] train_acc: 0.195 train_loss_sup: 4.400
[GPU1] epochs: [72/100] train_acc: 0.198 train_loss_sup: 4.397
[GPU1] epochs: [73/100] train_acc: 0.197 train_loss_sup: 4.394
[GPU1] epochs: [74/100] train_acc: 0.197 train_loss_sup: 4.392
[GPU1] epochs: [75/100] train_acc: 0.197 train_loss_sup: 4.388
[GPU1] epochs: [76/100] train_acc: 0.195 train_loss_sup: 4.386
[GPU1] epochs: [77/100] train_acc: 0.197 train_loss_sup: 4.385
[GPU1] epochs: [78/100] train_acc: 0.199 train_loss_sup: 4.381
[GPU1] epochs: [79/100] train_acc: 0.194 train_loss_sup: 4.378
[GPU1] epochs: [80/100] train_acc: 0.196 train_loss_sup: 4.375
[GPU1] Test Accuracy at epoch: 80: 0.113
[GPU1] epochs: [81/100] train_acc: 0.200 train_loss_sup: 4.373
[GPU1] epochs: [82/100] train_acc: 0.199 train_loss_sup: 4.370
[GPU1] epochs: [83/100] train_acc: 0.197 train_loss_sup: 4.369
[GPU1] epochs: [84/100] train_acc: 0.204 train_loss_sup: 4.365
[GPU1] epochs: [85/100] train_acc: 0.200 train_loss_sup: 4.363
[GPU1] epochs: [86/100] train_acc: 0.199 train_loss_sup: 4.360
[GPU1] epochs: [87/100] train_acc: 0.205 train_loss_sup: 4.357
[GPU1] epochs: [88/100] train_acc: 0.200 train_loss_sup: 4.356
[GPU1] epochs: [89/100] train_acc: 0.197 train_loss_sup: 4.353
[GPU1] epochs: [90/100] train_acc: 0.203 train_loss_sup: 4.350
[GPU1] Test Accuracy at epoch: 90: 0.112
[GPU1] epochs: [91/100] train_acc: 0.202 train_loss_sup: 4.347
[GPU1] epochs: [92/100] train_acc: 0.203 train_loss_sup: 4.344
[GPU1] epochs: [93/100] train_acc: 0.198 train_loss_sup: 4.341
[GPU1] epochs: [94/100] train_acc: 0.201 train_loss_sup: 4.340
[GPU1] epochs: [95/100] train_acc: 0.203 train_loss_sup: 4.338
[GPU1] epochs: [96/100] train_acc: 0.200 train_loss_sup: 4.335
[GPU1] epochs: [97/100] train_acc: 0.204 train_loss_sup: 4.331
[GPU1] epochs: [98/100] train_acc: 0.204 train_loss_sup: 4.330
[GPU1] epochs: [99/100] train_acc: 0.198 train_loss_sup: 4.327
[GPU1] epochs: [100/100] train_acc: 0.203 train_loss_sup: 4.324
[GPU1] Final Test Accuracy: 0.117
LR: 0.100 | WD: 0.000000 | Cosine: False | test Acc: 0.117%
===> using linear mlp
Scheduler: None
MLP: MLP(
  (mlp): Linear(in_features=512, out_features=100, bias=True)
)
[GPU1] Test Accuracy at epoch: 0: 0.01
[GPU1] epochs: [1/100] train_acc: 0.016 train_loss_sup: 4.597
[GPU1] epochs: [2/100] train_acc: 0.032 train_loss_sup: 4.567
[GPU1] epochs: [3/100] train_acc: 0.050 train_loss_sup: 4.538
[GPU1] epochs: [4/100] train_acc: 0.081 train_loss_sup: 4.507
[GPU1] epochs: [5/100] train_acc: 0.100 train_loss_sup: 4.479
[GPU1] epochs: [6/100] train_acc: 0.113 train_loss_sup: 4.451
[GPU1] epochs: [7/100] train_acc: 0.135 train_loss_sup: 4.424
[GPU1] epochs: [8/100] train_acc: 0.137 train_loss_sup: 4.397
[GPU1] epochs: [9/100] train_acc: 0.154 train_loss_sup: 4.369
[GPU1] epochs: [10/100] train_acc: 0.159 train_loss_sup: 4.345
[GPU1] Test Accuracy at epoch: 10: 0.116
[GPU1] epochs: [11/100] train_acc: 0.167 train_loss_sup: 4.319
[GPU1] epochs: [12/100] train_acc: 0.170 train_loss_sup: 4.294
[GPU1] epochs: [13/100] train_acc: 0.170 train_loss_sup: 4.271
[GPU1] epochs: [14/100] train_acc: 0.180 train_loss_sup: 4.247
[GPU1] epochs: [15/100] train_acc: 0.180 train_loss_sup: 4.224
[GPU1] epochs: [16/100] train_acc: 0.180 train_loss_sup: 4.204
[GPU1] epochs: [17/100] train_acc: 0.191 train_loss_sup: 4.183
[GPU1] epochs: [18/100] train_acc: 0.192 train_loss_sup: 4.160
[GPU1] epochs: [19/100] train_acc: 0.197 train_loss_sup: 4.140
[GPU1] epochs: [20/100] train_acc: 0.197 train_loss_sup: 4.120
[GPU1] Test Accuracy at epoch: 20: 0.117
[GPU1] epochs: [21/100] train_acc: 0.196 train_loss_sup: 4.100
[GPU1] epochs: [22/100] train_acc: 0.202 train_loss_sup: 4.080
[GPU1] epochs: [23/100] train_acc: 0.203 train_loss_sup: 4.061
[GPU1] epochs: [24/100] train_acc: 0.210 train_loss_sup: 4.043
[GPU1] epochs: [25/100] train_acc: 0.207 train_loss_sup: 4.027
[GPU1] epochs: [26/100] train_acc: 0.215 train_loss_sup: 4.009
[GPU1] epochs: [27/100] train_acc: 0.213 train_loss_sup: 3.993
[GPU1] epochs: [28/100] train_acc: 0.217 train_loss_sup: 3.974
[GPU1] epochs: [29/100] train_acc: 0.218 train_loss_sup: 3.959
[GPU1] epochs: [30/100] train_acc: 0.214 train_loss_sup: 3.942
[GPU1] Test Accuracy at epoch: 30: 0.145
[GPU1] epochs: [31/100] train_acc: 0.224 train_loss_sup: 3.925
[GPU1] epochs: [32/100] train_acc: 0.222 train_loss_sup: 3.912
[GPU1] epochs: [33/100] train_acc: 0.224 train_loss_sup: 3.896
[GPU1] epochs: [34/100] train_acc: 0.230 train_loss_sup: 3.882
[GPU1] epochs: [35/100] train_acc: 0.228 train_loss_sup: 3.867
[GPU1] epochs: [36/100] train_acc: 0.230 train_loss_sup: 3.854
[GPU1] epochs: [37/100] train_acc: 0.228 train_loss_sup: 3.842
[GPU1] epochs: [38/100] train_acc: 0.231 train_loss_sup: 3.827
[GPU1] epochs: [39/100] train_acc: 0.234 train_loss_sup: 3.814
[GPU1] epochs: [40/100] train_acc: 0.233 train_loss_sup: 3.804
[GPU1] Test Accuracy at epoch: 40: 0.168
[GPU1] epochs: [41/100] train_acc: 0.232 train_loss_sup: 3.791
[GPU1] epochs: [42/100] train_acc: 0.238 train_loss_sup: 3.778
[GPU1] epochs: [43/100] train_acc: 0.239 train_loss_sup: 3.765
[GPU1] epochs: [44/100] train_acc: 0.238 train_loss_sup: 3.755
[GPU1] epochs: [45/100] train_acc: 0.242 train_loss_sup: 3.741
[GPU1] epochs: [46/100] train_acc: 0.241 train_loss_sup: 3.732
[GPU1] epochs: [47/100] train_acc: 0.244 train_loss_sup: 3.720
[GPU1] epochs: [48/100] train_acc: 0.243 train_loss_sup: 3.708
[GPU1] epochs: [49/100] train_acc: 0.247 train_loss_sup: 3.697
[GPU1] epochs: [50/100] train_acc: 0.247 train_loss_sup: 3.687
[GPU1] Test Accuracy at epoch: 50: 0.181
[GPU1] epochs: [51/100] train_acc: 0.245 train_loss_sup: 3.677
[GPU1] epochs: [52/100] train_acc: 0.249 train_loss_sup: 3.667
[GPU1] epochs: [53/100] train_acc: 0.245 train_loss_sup: 3.659
[GPU1] epochs: [54/100] train_acc: 0.251 train_loss_sup: 3.647
[GPU1] epochs: [55/100] train_acc: 0.253 train_loss_sup: 3.639
[GPU1] epochs: [56/100] train_acc: 0.253 train_loss_sup: 3.628
[GPU1] epochs: [57/100] train_acc: 0.251 train_loss_sup: 3.621
[GPU1] epochs: [58/100] train_acc: 0.256 train_loss_sup: 3.610
[GPU1] epochs: [59/100] train_acc: 0.255 train_loss_sup: 3.599
[GPU1] epochs: [60/100] train_acc: 0.256 train_loss_sup: 3.592
[GPU1] Test Accuracy at epoch: 60: 0.185
[GPU1] epochs: [61/100] train_acc: 0.256 train_loss_sup: 3.584
[GPU1] epochs: [62/100] train_acc: 0.256 train_loss_sup: 3.577
[GPU1] epochs: [63/100] train_acc: 0.258 train_loss_sup: 3.565
[GPU1] epochs: [64/100] train_acc: 0.259 train_loss_sup: 3.555
[GPU1] epochs: [65/100] train_acc: 0.259 train_loss_sup: 3.551
[GPU1] epochs: [66/100] train_acc: 0.260 train_loss_sup: 3.542
[GPU1] epochs: [67/100] train_acc: 0.263 train_loss_sup: 3.538
[GPU1] epochs: [68/100] train_acc: 0.262 train_loss_sup: 3.526
[GPU1] epochs: [69/100] train_acc: 0.262 train_loss_sup: 3.519
[GPU1] epochs: [70/100] train_acc: 0.264 train_loss_sup: 3.509
[GPU1] Test Accuracy at epoch: 70: 0.19
[GPU1] epochs: [71/100] train_acc: 0.263 train_loss_sup: 3.505
[GPU1] epochs: [72/100] train_acc: 0.263 train_loss_sup: 3.500
[GPU1] epochs: [73/100] train_acc: 0.266 train_loss_sup: 3.490
[GPU1] epochs: [74/100] train_acc: 0.263 train_loss_sup: 3.489
[GPU1] epochs: [75/100] train_acc: 0.265 train_loss_sup: 3.478
[GPU1] epochs: [76/100] train_acc: 0.268 train_loss_sup: 3.470
[GPU1] epochs: [77/100] train_acc: 0.268 train_loss_sup: 3.465
[GPU1] epochs: [78/100] train_acc: 0.268 train_loss_sup: 3.460
[GPU1] epochs: [79/100] train_acc: 0.269 train_loss_sup: 3.451
[GPU1] epochs: [80/100] train_acc: 0.269 train_loss_sup: 3.443
[GPU1] Test Accuracy at epoch: 80: 0.196
[GPU1] epochs: [81/100] train_acc: 0.272 train_loss_sup: 3.437
[GPU1] epochs: [82/100] train_acc: 0.269 train_loss_sup: 3.431
[GPU1] epochs: [83/100] train_acc: 0.274 train_loss_sup: 3.427
[GPU1] epochs: [84/100] train_acc: 0.270 train_loss_sup: 3.423
[GPU1] epochs: [85/100] train_acc: 0.272 train_loss_sup: 3.415
[GPU1] epochs: [86/100] train_acc: 0.274 train_loss_sup: 3.407
[GPU1] epochs: [87/100] train_acc: 0.274 train_loss_sup: 3.402
[GPU1] epochs: [88/100] train_acc: 0.275 train_loss_sup: 3.396
[GPU1] epochs: [89/100] train_acc: 0.272 train_loss_sup: 3.393
[GPU1] epochs: [90/100] train_acc: 0.275 train_loss_sup: 3.389
[GPU1] Test Accuracy at epoch: 90: 0.215
[GPU1] epochs: [91/100] train_acc: 0.276 train_loss_sup: 3.383
[GPU1] epochs: [92/100] train_acc: 0.275 train_loss_sup: 3.376
[GPU1] epochs: [93/100] train_acc: 0.276 train_loss_sup: 3.372
[GPU1] epochs: [94/100] train_acc: 0.277 train_loss_sup: 3.366
[GPU1] epochs: [95/100] train_acc: 0.277 train_loss_sup: 3.362
[GPU1] epochs: [96/100] train_acc: 0.277 train_loss_sup: 3.354
[GPU1] epochs: [97/100] train_acc: 0.278 train_loss_sup: 3.351
[GPU1] epochs: [98/100] train_acc: 0.280 train_loss_sup: 3.346
[GPU1] epochs: [99/100] train_acc: 0.281 train_loss_sup: 3.340
[GPU1] epochs: [100/100] train_acc: 0.281 train_loss_sup: 3.335
[GPU1] Final Test Accuracy: 0.216
LR: 1.000 | WD: 0.000001 | Cosine: False | test Acc: 0.216%
===> using linear mlp
Scheduler: None
MLP: MLP(
  (mlp): Linear(in_features=512, out_features=100, bias=True)
)
[GPU1] Test Accuracy at epoch: 0: 0.01
[GPU1] epochs: [1/100] train_acc: 0.014 train_loss_sup: 4.598
[GPU1] epochs: [2/100] train_acc: 0.037 train_loss_sup: 4.570
[GPU1] epochs: [3/100] train_acc: 0.053 train_loss_sup: 4.544
[GPU1] epochs: [4/100] train_acc: 0.074 train_loss_sup: 4.522
[GPU1] epochs: [5/100] train_acc: 0.093 train_loss_sup: 4.503
[GPU1] epochs: [6/100] train_acc: 0.103 train_loss_sup: 4.484
[GPU1] epochs: [7/100] train_acc: 0.104 train_loss_sup: 4.469
[GPU1] epochs: [8/100] train_acc: 0.119 train_loss_sup: 4.455
[GPU1] epochs: [9/100] train_acc: 0.122 train_loss_sup: 4.442
[GPU1] epochs: [10/100] train_acc: 0.127 train_loss_sup: 4.430
[GPU1] Test Accuracy at epoch: 10: 0.078
[GPU1] epochs: [11/100] train_acc: 0.125 train_loss_sup: 4.420
[GPU1] epochs: [12/100] train_acc: 0.130 train_loss_sup: 4.412
[GPU1] epochs: [13/100] train_acc: 0.136 train_loss_sup: 4.404
[GPU1] epochs: [14/100] train_acc: 0.142 train_loss_sup: 4.397
[GPU1] epochs: [15/100] train_acc: 0.149 train_loss_sup: 4.389
[GPU1] epochs: [16/100] train_acc: 0.147 train_loss_sup: 4.385
[GPU1] epochs: [17/100] train_acc: 0.144 train_loss_sup: 4.379
[GPU1] epochs: [18/100] train_acc: 0.153 train_loss_sup: 4.373
[GPU1] epochs: [19/100] train_acc: 0.148 train_loss_sup: 4.371
[GPU1] epochs: [20/100] train_acc: 0.143 train_loss_sup: 4.367
[GPU1] Test Accuracy at epoch: 20: 0.08
[GPU1] epochs: [21/100] train_acc: 0.156 train_loss_sup: 4.363
[GPU1] epochs: [22/100] train_acc: 0.149 train_loss_sup: 4.360
[GPU1] epochs: [23/100] train_acc: 0.158 train_loss_sup: 4.358
[GPU1] epochs: [24/100] train_acc: 0.161 train_loss_sup: 4.356
[GPU1] epochs: [25/100] train_acc: 0.160 train_loss_sup: 4.354
[GPU1] epochs: [26/100] train_acc: 0.151 train_loss_sup: 4.353
[GPU1] epochs: [27/100] train_acc: 0.160 train_loss_sup: 4.350
[GPU1] epochs: [28/100] train_acc: 0.155 train_loss_sup: 4.349
[GPU1] epochs: [29/100] train_acc: 0.156 train_loss_sup: 4.347
[GPU1] epochs: [30/100] train_acc: 0.154 train_loss_sup: 4.346
[GPU1] Test Accuracy at epoch: 30: 0.083
[GPU1] epochs: [31/100] train_acc: 0.156 train_loss_sup: 4.345
[GPU1] epochs: [32/100] train_acc: 0.162 train_loss_sup: 4.344
[GPU1] epochs: [33/100] train_acc: 0.154 train_loss_sup: 4.343
[GPU1] epochs: [34/100] train_acc: 0.166 train_loss_sup: 4.343
[GPU1] epochs: [35/100] train_acc: 0.160 train_loss_sup: 4.343
[GPU1] epochs: [36/100] train_acc: 0.157 train_loss_sup: 4.342
[GPU1] epochs: [37/100] train_acc: 0.161 train_loss_sup: 4.341
[GPU1] epochs: [38/100] train_acc: 0.162 train_loss_sup: 4.341
[GPU1] epochs: [39/100] train_acc: 0.166 train_loss_sup: 4.340
[GPU1] epochs: [40/100] train_acc: 0.163 train_loss_sup: 4.339
[GPU1] Test Accuracy at epoch: 40: 0.103
[GPU1] epochs: [41/100] train_acc: 0.158 train_loss_sup: 4.339
[GPU1] epochs: [42/100] train_acc: 0.164 train_loss_sup: 4.338
[GPU1] epochs: [43/100] train_acc: 0.165 train_loss_sup: 4.338
[GPU1] epochs: [44/100] train_acc: 0.158 train_loss_sup: 4.338
[GPU1] epochs: [45/100] train_acc: 0.162 train_loss_sup: 4.338
[GPU1] epochs: [46/100] train_acc: 0.165 train_loss_sup: 4.337
[GPU1] epochs: [47/100] train_acc: 0.155 train_loss_sup: 4.337
[GPU1] epochs: [48/100] train_acc: 0.161 train_loss_sup: 4.337
[GPU1] epochs: [49/100] train_acc: 0.160 train_loss_sup: 4.337
[GPU1] epochs: [50/100] train_acc: 0.164 train_loss_sup: 4.337
[GPU1] Test Accuracy at epoch: 50: 0.107
[GPU1] epochs: [51/100] train_acc: 0.161 train_loss_sup: 4.337
[GPU1] epochs: [52/100] train_acc: 0.158 train_loss_sup: 4.337
[GPU1] epochs: [53/100] train_acc: 0.165 train_loss_sup: 4.337
[GPU1] epochs: [54/100] train_acc: 0.160 train_loss_sup: 4.335
[GPU1] epochs: [55/100] train_acc: 0.165 train_loss_sup: 4.336
[GPU1] epochs: [56/100] train_acc: 0.161 train_loss_sup: 4.338
[GPU1] epochs: [57/100] train_acc: 0.167 train_loss_sup: 4.336
[GPU1] epochs: [58/100] train_acc: 0.170 train_loss_sup: 4.336
[GPU1] epochs: [59/100] train_acc: 0.158 train_loss_sup: 4.336
[GPU1] epochs: [60/100] train_acc: 0.159 train_loss_sup: 4.337
[GPU1] Test Accuracy at epoch: 60: 0.115
[GPU1] epochs: [61/100] train_acc: 0.162 train_loss_sup: 4.336
[GPU1] epochs: [62/100] train_acc: 0.165 train_loss_sup: 4.337
[GPU1] epochs: [63/100] train_acc: 0.173 train_loss_sup: 4.335
[GPU1] epochs: [64/100] train_acc: 0.161 train_loss_sup: 4.336
[GPU1] epochs: [65/100] train_acc: 0.164 train_loss_sup: 4.336
[GPU1] epochs: [66/100] train_acc: 0.164 train_loss_sup: 4.336
[GPU1] epochs: [67/100] train_acc: 0.158 train_loss_sup: 4.336
[GPU1] epochs: [68/100] train_acc: 0.159 train_loss_sup: 4.337
[GPU1] epochs: [69/100] train_acc: 0.160 train_loss_sup: 4.336
[GPU1] epochs: [70/100] train_acc: 0.162 train_loss_sup: 4.337
[GPU1] Test Accuracy at epoch: 70: 0.099
[GPU1] epochs: [71/100] train_acc: 0.167 train_loss_sup: 4.336
[GPU1] epochs: [72/100] train_acc: 0.163 train_loss_sup: 4.337
[GPU1] epochs: [73/100] train_acc: 0.156 train_loss_sup: 4.337
[GPU1] epochs: [74/100] train_acc: 0.173 train_loss_sup: 4.335
[GPU1] epochs: [75/100] train_acc: 0.162 train_loss_sup: 4.337
[GPU1] epochs: [76/100] train_acc: 0.160 train_loss_sup: 4.336
[GPU1] epochs: [77/100] train_acc: 0.154 train_loss_sup: 4.336
[GPU1] epochs: [78/100] train_acc: 0.159 train_loss_sup: 4.338
[GPU1] epochs: [79/100] train_acc: 0.162 train_loss_sup: 4.336
[GPU1] epochs: [80/100] train_acc: 0.160 train_loss_sup: 4.336
[GPU1] Test Accuracy at epoch: 80: 0.105
[GPU1] epochs: [81/100] train_acc: 0.158 train_loss_sup: 4.337
[GPU1] epochs: [82/100] train_acc: 0.158 train_loss_sup: 4.337
[GPU1] epochs: [83/100] train_acc: 0.158 train_loss_sup: 4.336
[GPU1] epochs: [84/100] train_acc: 0.156 train_loss_sup: 4.337
[GPU1] epochs: [85/100] train_acc: 0.164 train_loss_sup: 4.334
[GPU1] epochs: [86/100] train_acc: 0.165 train_loss_sup: 4.337
[GPU1] epochs: [87/100] train_acc: 0.158 train_loss_sup: 4.335
[GPU1] epochs: [88/100] train_acc: 0.163 train_loss_sup: 4.336
[GPU1] epochs: [89/100] train_acc: 0.163 train_loss_sup: 4.337
[GPU1] epochs: [90/100] train_acc: 0.162 train_loss_sup: 4.337
[GPU1] Test Accuracy at epoch: 90: 0.073
[GPU1] epochs: [91/100] train_acc: 0.166 train_loss_sup: 4.335
[GPU1] epochs: [92/100] train_acc: 0.155 train_loss_sup: 4.335
[GPU1] epochs: [93/100] train_acc: 0.164 train_loss_sup: 4.337
[GPU1] epochs: [94/100] train_acc: 0.163 train_loss_sup: 4.336
[GPU1] epochs: [95/100] train_acc: 0.158 train_loss_sup: 4.336
[GPU1] epochs: [96/100] train_acc: 0.163 train_loss_sup: 4.336
[GPU1] epochs: [97/100] train_acc: 0.160 train_loss_sup: 4.337
[GPU1] epochs: [98/100] train_acc: 0.151 train_loss_sup: 4.337
[GPU1] epochs: [99/100] train_acc: 0.158 train_loss_sup: 4.336
[GPU1] epochs: [100/100] train_acc: 0.161 train_loss_sup: 4.336
[GPU1] Final Test Accuracy: 0.096
LR: 1.000 | WD: 0.000100 | Cosine: False | test Acc: 0.115%
===> using linear mlp
Scheduler: None
MLP: MLP(
  (mlp): Linear(in_features=512, out_features=100, bias=True)
)
[GPU1] Test Accuracy at epoch: 0: 0.021
[GPU1] epochs: [1/100] train_acc: 0.019 train_loss_sup: 4.598
[GPU1] epochs: [2/100] train_acc: 0.036 train_loss_sup: 4.567
[GPU1] epochs: [3/100] train_acc: 0.064 train_loss_sup: 4.537
[GPU1] epochs: [4/100] train_acc: 0.082 train_loss_sup: 4.507
[GPU1] epochs: [5/100] train_acc: 0.098 train_loss_sup: 4.479
[GPU1] epochs: [6/100] train_acc: 0.119 train_loss_sup: 4.450
[GPU1] epochs: [7/100] train_acc: 0.136 train_loss_sup: 4.421
[GPU1] epochs: [8/100] train_acc: 0.142 train_loss_sup: 4.395
[GPU1] epochs: [9/100] train_acc: 0.148 train_loss_sup: 4.369
[GPU1] epochs: [10/100] train_acc: 0.158 train_loss_sup: 4.343
[GPU1] Test Accuracy at epoch: 10: 0.125
[GPU1] epochs: [11/100] train_acc: 0.164 train_loss_sup: 4.317
[GPU1] epochs: [12/100] train_acc: 0.171 train_loss_sup: 4.294
[GPU1] epochs: [13/100] train_acc: 0.177 train_loss_sup: 4.268
[GPU1] epochs: [14/100] train_acc: 0.176 train_loss_sup: 4.244
[GPU1] epochs: [15/100] train_acc: 0.184 train_loss_sup: 4.222
[GPU1] epochs: [16/100] train_acc: 0.178 train_loss_sup: 4.199
[GPU1] epochs: [17/100] train_acc: 0.191 train_loss_sup: 4.179
[GPU1] epochs: [18/100] train_acc: 0.190 train_loss_sup: 4.158
[GPU1] epochs: [19/100] train_acc: 0.200 train_loss_sup: 4.135
[GPU1] epochs: [20/100] train_acc: 0.197 train_loss_sup: 4.116
[GPU1] Test Accuracy at epoch: 20: 0.134
[GPU1] epochs: [21/100] train_acc: 0.200 train_loss_sup: 4.095
[GPU1] epochs: [22/100] train_acc: 0.202 train_loss_sup: 4.077
[GPU1] epochs: [23/100] train_acc: 0.208 train_loss_sup: 4.055
[GPU1] epochs: [24/100] train_acc: 0.208 train_loss_sup: 4.038
[GPU1] epochs: [25/100] train_acc: 0.207 train_loss_sup: 4.019
[GPU1] epochs: [26/100] train_acc: 0.213 train_loss_sup: 4.003
[GPU1] epochs: [27/100] train_acc: 0.211 train_loss_sup: 3.987
[GPU1] epochs: [28/100] train_acc: 0.217 train_loss_sup: 3.968
[GPU1] epochs: [29/100] train_acc: 0.217 train_loss_sup: 3.950
[GPU1] epochs: [30/100] train_acc: 0.219 train_loss_sup: 3.936
[GPU1] Test Accuracy at epoch: 30: 0.13
[GPU1] epochs: [31/100] train_acc: 0.224 train_loss_sup: 3.918
[GPU1] epochs: [32/100] train_acc: 0.224 train_loss_sup: 3.901
[GPU1] epochs: [33/100] train_acc: 0.227 train_loss_sup: 3.888
[GPU1] epochs: [34/100] train_acc: 0.228 train_loss_sup: 3.870
[GPU1] epochs: [35/100] train_acc: 0.229 train_loss_sup: 3.858
[GPU1] epochs: [36/100] train_acc: 0.230 train_loss_sup: 3.844
[GPU1] epochs: [37/100] train_acc: 0.230 train_loss_sup: 3.830
[GPU1] epochs: [38/100] train_acc: 0.233 train_loss_sup: 3.815
[GPU1] epochs: [39/100] train_acc: 0.232 train_loss_sup: 3.803
[GPU1] epochs: [40/100] train_acc: 0.235 train_loss_sup: 3.789
[GPU1] Test Accuracy at epoch: 40: 0.162
[GPU1] epochs: [41/100] train_acc: 0.236 train_loss_sup: 3.776
[GPU1] epochs: [42/100] train_acc: 0.239 train_loss_sup: 3.764
[GPU1] epochs: [43/100] train_acc: 0.241 train_loss_sup: 3.751
[GPU1] epochs: [44/100] train_acc: 0.241 train_loss_sup: 3.738
[GPU1] epochs: [45/100] train_acc: 0.241 train_loss_sup: 3.728
[GPU1] epochs: [46/100] train_acc: 0.244 train_loss_sup: 3.718
[GPU1] epochs: [47/100] train_acc: 0.245 train_loss_sup: 3.706
[GPU1] epochs: [48/100] train_acc: 0.243 train_loss_sup: 3.694
[GPU1] epochs: [49/100] train_acc: 0.247 train_loss_sup: 3.683
[GPU1] epochs: [50/100] train_acc: 0.248 train_loss_sup: 3.672
[GPU1] Test Accuracy at epoch: 50: 0.174
[GPU1] epochs: [51/100] train_acc: 0.249 train_loss_sup: 3.661
[GPU1] epochs: [52/100] train_acc: 0.248 train_loss_sup: 3.653
[GPU1] epochs: [53/100] train_acc: 0.253 train_loss_sup: 3.637
[GPU1] epochs: [54/100] train_acc: 0.252 train_loss_sup: 3.630
[GPU1] epochs: [55/100] train_acc: 0.252 train_loss_sup: 3.622
[GPU1] epochs: [56/100] train_acc: 0.255 train_loss_sup: 3.612
[GPU1] epochs: [57/100] train_acc: 0.255 train_loss_sup: 3.601
[GPU1] epochs: [58/100] train_acc: 0.256 train_loss_sup: 3.592
[GPU1] epochs: [59/100] train_acc: 0.256 train_loss_sup: 3.582
[GPU1] epochs: [60/100] train_acc: 0.257 train_loss_sup: 3.574
[GPU1] Test Accuracy at epoch: 60: 0.182
[GPU1] epochs: [61/100] train_acc: 0.255 train_loss_sup: 3.563
[GPU1] epochs: [62/100] train_acc: 0.256 train_loss_sup: 3.557
[GPU1] epochs: [63/100] train_acc: 0.261 train_loss_sup: 3.545
[GPU1] epochs: [64/100] train_acc: 0.260 train_loss_sup: 3.539
[GPU1] epochs: [65/100] train_acc: 0.260 train_loss_sup: 3.535
[GPU1] epochs: [66/100] train_acc: 0.260 train_loss_sup: 3.520
[GPU1] epochs: [67/100] train_acc: 0.263 train_loss_sup: 3.513
[GPU1] epochs: [68/100] train_acc: 0.262 train_loss_sup: 3.507
[GPU1] epochs: [69/100] train_acc: 0.262 train_loss_sup: 3.497
[GPU1] epochs: [70/100] train_acc: 0.264 train_loss_sup: 3.492
[GPU1] Test Accuracy at epoch: 70: 0.201
[GPU1] epochs: [71/100] train_acc: 0.265 train_loss_sup: 3.487
[GPU1] epochs: [72/100] train_acc: 0.267 train_loss_sup: 3.474
[GPU1] epochs: [73/100] train_acc: 0.267 train_loss_sup: 3.468
[GPU1] epochs: [74/100] train_acc: 0.268 train_loss_sup: 3.457
[GPU1] epochs: [75/100] train_acc: 0.268 train_loss_sup: 3.456
[GPU1] epochs: [76/100] train_acc: 0.270 train_loss_sup: 3.449
[GPU1] epochs: [77/100] train_acc: 0.271 train_loss_sup: 3.440
[GPU1] epochs: [78/100] train_acc: 0.269 train_loss_sup: 3.436
[GPU1] epochs: [79/100] train_acc: 0.271 train_loss_sup: 3.424
[GPU1] epochs: [80/100] train_acc: 0.270 train_loss_sup: 3.421
[GPU1] Test Accuracy at epoch: 80: 0.199
[GPU1] epochs: [81/100] train_acc: 0.272 train_loss_sup: 3.413
[GPU1] epochs: [82/100] train_acc: 0.272 train_loss_sup: 3.405
[GPU1] epochs: [83/100] train_acc: 0.273 train_loss_sup: 3.400
[GPU1] epochs: [84/100] train_acc: 0.272 train_loss_sup: 3.397
[GPU1] epochs: [85/100] train_acc: 0.274 train_loss_sup: 3.386
[GPU1] epochs: [86/100] train_acc: 0.276 train_loss_sup: 3.381
[GPU1] epochs: [87/100] train_acc: 0.277 train_loss_sup: 3.375
[GPU1] epochs: [88/100] train_acc: 0.273 train_loss_sup: 3.371
[GPU1] epochs: [89/100] train_acc: 0.278 train_loss_sup: 3.365
[GPU1] epochs: [90/100] train_acc: 0.276 train_loss_sup: 3.359
[GPU1] Test Accuracy at epoch: 90: 0.212
[GPU1] epochs: [91/100] train_acc: 0.278 train_loss_sup: 3.350
[GPU1] epochs: [92/100] train_acc: 0.280 train_loss_sup: 3.348
[GPU1] epochs: [93/100] train_acc: 0.281 train_loss_sup: 3.339
[GPU1] epochs: [94/100] train_acc: 0.280 train_loss_sup: 3.338
[GPU1] epochs: [95/100] train_acc: 0.280 train_loss_sup: 3.331
[GPU1] epochs: [96/100] train_acc: 0.280 train_loss_sup: 3.330
[GPU1] epochs: [97/100] train_acc: 0.281 train_loss_sup: 3.321
[GPU1] epochs: [98/100] train_acc: 0.283 train_loss_sup: 3.317
[GPU1] epochs: [99/100] train_acc: 0.283 train_loss_sup: 3.307
[GPU1] epochs: [100/100] train_acc: 0.283 train_loss_sup: 3.306
[GPU1] Final Test Accuracy: 0.222
LR: 1.000 | WD: 0.000000 | Cosine: False | test Acc: 0.222%
===> using linear mlp
Scheduler: <torch.optim.lr_scheduler.CosineAnnealingLR object at 0x78bf67743d90>
MLP: MLP(
  (mlp): Linear(in_features=512, out_features=100, bias=True)
)
[GPU1] Test Accuracy at epoch: 0: 0.015
[GPU1] epochs: [1/100] train_acc: 0.011 train_loss_sup: 4.604
[GPU1] epochs: [2/100] train_acc: 0.016 train_loss_sup: 4.601
[GPU1] epochs: [3/100] train_acc: 0.031 train_loss_sup: 4.598
[GPU1] epochs: [4/100] train_acc: 0.054 train_loss_sup: 4.595
[GPU1] epochs: [5/100] train_acc: 0.078 train_loss_sup: 4.592
[GPU1] epochs: [6/100] train_acc: 0.094 train_loss_sup: 4.589
[GPU1] epochs: [7/100] train_acc: 0.102 train_loss_sup: 4.586
[GPU1] epochs: [8/100] train_acc: 0.097 train_loss_sup: 4.583
[GPU1] epochs: [9/100] train_acc: 0.114 train_loss_sup: 4.580
[GPU1] epochs: [10/100] train_acc: 0.111 train_loss_sup: 4.577
[GPU1] Test Accuracy at epoch: 10: 0.109
[GPU1] epochs: [11/100] train_acc: 0.132 train_loss_sup: 4.574
[GPU1] epochs: [12/100] train_acc: 0.143 train_loss_sup: 4.571
[GPU1] epochs: [13/100] train_acc: 0.142 train_loss_sup: 4.568
[GPU1] epochs: [14/100] train_acc: 0.143 train_loss_sup: 4.565
[GPU1] epochs: [15/100] train_acc: 0.145 train_loss_sup: 4.562
[GPU1] epochs: [16/100] train_acc: 0.143 train_loss_sup: 4.559
[GPU1] epochs: [17/100] train_acc: 0.150 train_loss_sup: 4.556
[GPU1] epochs: [18/100] train_acc: 0.169 train_loss_sup: 4.553
[GPU1] epochs: [19/100] train_acc: 0.170 train_loss_sup: 4.550
[GPU1] epochs: [20/100] train_acc: 0.172 train_loss_sup: 4.547
[GPU1] Test Accuracy at epoch: 20: 0.098
[GPU1] epochs: [21/100] train_acc: 0.172 train_loss_sup: 4.545
[GPU1] epochs: [22/100] train_acc: 0.165 train_loss_sup: 4.542
[GPU1] epochs: [23/100] train_acc: 0.167 train_loss_sup: 4.539
[GPU1] epochs: [24/100] train_acc: 0.173 train_loss_sup: 4.537
[GPU1] epochs: [25/100] train_acc: 0.168 train_loss_sup: 4.534
[GPU1] epochs: [26/100] train_acc: 0.180 train_loss_sup: 4.532
[GPU1] epochs: [27/100] train_acc: 0.176 train_loss_sup: 4.529
[GPU1] epochs: [28/100] train_acc: 0.169 train_loss_sup: 4.527
[GPU1] epochs: [29/100] train_acc: 0.176 train_loss_sup: 4.524
[GPU1] epochs: [30/100] train_acc: 0.177 train_loss_sup: 4.522
[GPU1] Test Accuracy at epoch: 30: 0.102
[GPU1] epochs: [31/100] train_acc: 0.182 train_loss_sup: 4.519
[GPU1] epochs: [32/100] train_acc: 0.185 train_loss_sup: 4.517
[GPU1] epochs: [33/100] train_acc: 0.182 train_loss_sup: 4.515
[GPU1] epochs: [34/100] train_acc: 0.183 train_loss_sup: 4.512
[GPU1] epochs: [35/100] train_acc: 0.187 train_loss_sup: 4.510
[GPU1] epochs: [36/100] train_acc: 0.180 train_loss_sup: 4.508
[GPU1] epochs: [37/100] train_acc: 0.188 train_loss_sup: 4.506
[GPU1] epochs: [38/100] train_acc: 0.187 train_loss_sup: 4.504
[GPU1] epochs: [39/100] train_acc: 0.184 train_loss_sup: 4.502
[GPU1] epochs: [40/100] train_acc: 0.186 train_loss_sup: 4.500
[GPU1] Test Accuracy at epoch: 40: 0.104
[GPU1] epochs: [41/100] train_acc: 0.188 train_loss_sup: 4.498
[GPU1] epochs: [42/100] train_acc: 0.187 train_loss_sup: 4.496
[GPU1] epochs: [43/100] train_acc: 0.186 train_loss_sup: 4.494
[GPU1] epochs: [44/100] train_acc: 0.193 train_loss_sup: 4.492
[GPU1] epochs: [45/100] train_acc: 0.190 train_loss_sup: 4.491
[GPU1] epochs: [46/100] train_acc: 0.187 train_loss_sup: 4.489
[GPU1] epochs: [47/100] train_acc: 0.194 train_loss_sup: 4.487
[GPU1] epochs: [48/100] train_acc: 0.189 train_loss_sup: 4.486
[GPU1] epochs: [49/100] train_acc: 0.187 train_loss_sup: 4.485
[GPU1] epochs: [50/100] train_acc: 0.188 train_loss_sup: 4.482
[GPU1] Test Accuracy at epoch: 50: 0.105
[GPU1] epochs: [51/100] train_acc: 0.191 train_loss_sup: 4.481
[GPU1] epochs: [52/100] train_acc: 0.195 train_loss_sup: 4.480
[GPU1] epochs: [53/100] train_acc: 0.191 train_loss_sup: 4.478
[GPU1] epochs: [54/100] train_acc: 0.197 train_loss_sup: 4.477
[GPU1] epochs: [55/100] train_acc: 0.192 train_loss_sup: 4.476
[GPU1] epochs: [56/100] train_acc: 0.191 train_loss_sup: 4.474
[GPU1] epochs: [57/100] train_acc: 0.195 train_loss_sup: 4.473
[GPU1] epochs: [58/100] train_acc: 0.192 train_loss_sup: 4.472
[GPU1] epochs: [59/100] train_acc: 0.193 train_loss_sup: 4.471
[GPU1] epochs: [60/100] train_acc: 0.195 train_loss_sup: 4.470
[GPU1] Test Accuracy at epoch: 60: 0.106
[GPU1] epochs: [61/100] train_acc: 0.195 train_loss_sup: 4.469
[GPU1] epochs: [62/100] train_acc: 0.198 train_loss_sup: 4.468
[GPU1] epochs: [63/100] train_acc: 0.195 train_loss_sup: 4.467
[GPU1] epochs: [64/100] train_acc: 0.193 train_loss_sup: 4.466
[GPU1] epochs: [65/100] train_acc: 0.195 train_loss_sup: 4.466
[GPU1] epochs: [66/100] train_acc: 0.194 train_loss_sup: 4.464
[GPU1] epochs: [67/100] train_acc: 0.195 train_loss_sup: 4.464
[GPU1] epochs: [68/100] train_acc: 0.196 train_loss_sup: 4.463
[GPU1] epochs: [69/100] train_acc: 0.196 train_loss_sup: 4.462
[GPU1] epochs: [70/100] train_acc: 0.195 train_loss_sup: 4.461
[GPU1] Test Accuracy at epoch: 70: 0.104
[GPU1] epochs: [71/100] train_acc: 0.197 train_loss_sup: 4.462
[GPU1] epochs: [72/100] train_acc: 0.193 train_loss_sup: 4.461
[GPU1] epochs: [73/100] train_acc: 0.199 train_loss_sup: 4.460
[GPU1] epochs: [74/100] train_acc: 0.196 train_loss_sup: 4.459
[GPU1] epochs: [75/100] train_acc: 0.197 train_loss_sup: 4.459
[GPU1] epochs: [76/100] train_acc: 0.196 train_loss_sup: 4.459
[GPU1] epochs: [77/100] train_acc: 0.199 train_loss_sup: 4.458
[GPU1] epochs: [78/100] train_acc: 0.195 train_loss_sup: 4.458
[GPU1] epochs: [79/100] train_acc: 0.197 train_loss_sup: 4.458
[GPU1] epochs: [80/100] train_acc: 0.196 train_loss_sup: 4.457
[GPU1] Test Accuracy at epoch: 80: 0.106
[GPU1] epochs: [81/100] train_acc: 0.196 train_loss_sup: 4.457
[GPU1] epochs: [82/100] train_acc: 0.197 train_loss_sup: 4.457
[GPU1] epochs: [83/100] train_acc: 0.196 train_loss_sup: 4.456
[GPU1] epochs: [84/100] train_acc: 0.196 train_loss_sup: 4.457
[GPU1] epochs: [85/100] train_acc: 0.195 train_loss_sup: 4.456
[GPU1] epochs: [86/100] train_acc: 0.197 train_loss_sup: 4.456
[GPU1] epochs: [87/100] train_acc: 0.196 train_loss_sup: 4.456
[GPU1] epochs: [88/100] train_acc: 0.196 train_loss_sup: 4.456
[GPU1] epochs: [89/100] train_acc: 0.196 train_loss_sup: 4.455
[GPU1] epochs: [90/100] train_acc: 0.198 train_loss_sup: 4.455
[GPU1] Test Accuracy at epoch: 90: 0.106
[GPU1] epochs: [91/100] train_acc: 0.197 train_loss_sup: 4.455
[GPU1] epochs: [92/100] train_acc: 0.199 train_loss_sup: 4.455
[GPU1] epochs: [93/100] train_acc: 0.196 train_loss_sup: 4.455
[GPU1] epochs: [94/100] train_acc: 0.197 train_loss_sup: 4.455
[GPU1] epochs: [95/100] train_acc: 0.197 train_loss_sup: 4.455
[GPU1] epochs: [96/100] train_acc: 0.199 train_loss_sup: 4.455
[GPU1] epochs: [97/100] train_acc: 0.198 train_loss_sup: 4.455
[GPU1] epochs: [98/100] train_acc: 0.198 train_loss_sup: 4.455
[GPU1] epochs: [99/100] train_acc: 0.197 train_loss_sup: 4.455
[GPU1] epochs: [100/100] train_acc: 0.198 train_loss_sup: 4.455
[GPU1] Final Test Accuracy: 0.106
LR: 0.100 | WD: 0.000001 | Cosine: True | test Acc: 0.109%
===> using linear mlp
Scheduler: <torch.optim.lr_scheduler.CosineAnnealingLR object at 0x78bf68a20af0>
MLP: MLP(
  (mlp): Linear(in_features=512, out_features=100, bias=True)
)
[GPU1] Test Accuracy at epoch: 0: 0.015
[GPU1] epochs: [1/100] train_acc: 0.011 train_loss_sup: 4.605
[GPU1] epochs: [2/100] train_acc: 0.024 train_loss_sup: 4.602
[GPU1] epochs: [3/100] train_acc: 0.035 train_loss_sup: 4.599
[GPU1] epochs: [4/100] train_acc: 0.060 train_loss_sup: 4.595
[GPU1] epochs: [5/100] train_acc: 0.067 train_loss_sup: 4.592
[GPU1] epochs: [6/100] train_acc: 0.087 train_loss_sup: 4.590
[GPU1] epochs: [7/100] train_acc: 0.088 train_loss_sup: 4.587
[GPU1] epochs: [8/100] train_acc: 0.096 train_loss_sup: 4.584
[GPU1] epochs: [9/100] train_acc: 0.121 train_loss_sup: 4.581
[GPU1] epochs: [10/100] train_acc: 0.111 train_loss_sup: 4.578
[GPU1] Test Accuracy at epoch: 10: 0.091
[GPU1] epochs: [11/100] train_acc: 0.123 train_loss_sup: 4.575
[GPU1] epochs: [12/100] train_acc: 0.124 train_loss_sup: 4.573
[GPU1] epochs: [13/100] train_acc: 0.129 train_loss_sup: 4.570
[GPU1] epochs: [14/100] train_acc: 0.139 train_loss_sup: 4.567
[GPU1] epochs: [15/100] train_acc: 0.145 train_loss_sup: 4.565
[GPU1] epochs: [16/100] train_acc: 0.149 train_loss_sup: 4.562
[GPU1] epochs: [17/100] train_acc: 0.146 train_loss_sup: 4.560
[GPU1] epochs: [18/100] train_acc: 0.158 train_loss_sup: 4.557
[GPU1] epochs: [19/100] train_acc: 0.154 train_loss_sup: 4.555
[GPU1] epochs: [20/100] train_acc: 0.161 train_loss_sup: 4.553
[GPU1] Test Accuracy at epoch: 20: 0.096
[GPU1] epochs: [21/100] train_acc: 0.162 train_loss_sup: 4.551
[GPU1] epochs: [22/100] train_acc: 0.170 train_loss_sup: 4.548
[GPU1] epochs: [23/100] train_acc: 0.176 train_loss_sup: 4.546
[GPU1] epochs: [24/100] train_acc: 0.160 train_loss_sup: 4.544
[GPU1] epochs: [25/100] train_acc: 0.161 train_loss_sup: 4.542
[GPU1] epochs: [26/100] train_acc: 0.174 train_loss_sup: 4.540
[GPU1] epochs: [27/100] train_acc: 0.178 train_loss_sup: 4.537
[GPU1] epochs: [28/100] train_acc: 0.167 train_loss_sup: 4.535
[GPU1] epochs: [29/100] train_acc: 0.180 train_loss_sup: 4.534
[GPU1] epochs: [30/100] train_acc: 0.172 train_loss_sup: 4.532
[GPU1] Test Accuracy at epoch: 30: 0.1
[GPU1] epochs: [31/100] train_acc: 0.174 train_loss_sup: 4.530
[GPU1] epochs: [32/100] train_acc: 0.177 train_loss_sup: 4.528
[GPU1] epochs: [33/100] train_acc: 0.172 train_loss_sup: 4.527
[GPU1] epochs: [34/100] train_acc: 0.184 train_loss_sup: 4.524
[GPU1] epochs: [35/100] train_acc: 0.185 train_loss_sup: 4.523
[GPU1] epochs: [36/100] train_acc: 0.179 train_loss_sup: 4.522
[GPU1] epochs: [37/100] train_acc: 0.180 train_loss_sup: 4.520
[GPU1] epochs: [38/100] train_acc: 0.189 train_loss_sup: 4.518
[GPU1] epochs: [39/100] train_acc: 0.178 train_loss_sup: 4.517
[GPU1] epochs: [40/100] train_acc: 0.185 train_loss_sup: 4.515
[GPU1] Test Accuracy at epoch: 40: 0.101
[GPU1] epochs: [41/100] train_acc: 0.187 train_loss_sup: 4.514
[GPU1] epochs: [42/100] train_acc: 0.182 train_loss_sup: 4.513
[GPU1] epochs: [43/100] train_acc: 0.189 train_loss_sup: 4.511
[GPU1] epochs: [44/100] train_acc: 0.181 train_loss_sup: 4.510
[GPU1] epochs: [45/100] train_acc: 0.186 train_loss_sup: 4.509
[GPU1] epochs: [46/100] train_acc: 0.191 train_loss_sup: 4.508
[GPU1] epochs: [47/100] train_acc: 0.193 train_loss_sup: 4.507
[GPU1] epochs: [48/100] train_acc: 0.189 train_loss_sup: 4.506
[GPU1] epochs: [49/100] train_acc: 0.193 train_loss_sup: 4.504
[GPU1] epochs: [50/100] train_acc: 0.189 train_loss_sup: 4.504
[GPU1] Test Accuracy at epoch: 50: 0.102
[GPU1] epochs: [51/100] train_acc: 0.191 train_loss_sup: 4.502
[GPU1] epochs: [52/100] train_acc: 0.194 train_loss_sup: 4.501
[GPU1] epochs: [53/100] train_acc: 0.188 train_loss_sup: 4.501
[GPU1] epochs: [54/100] train_acc: 0.192 train_loss_sup: 4.499
[GPU1] epochs: [55/100] train_acc: 0.194 train_loss_sup: 4.499
[GPU1] epochs: [56/100] train_acc: 0.193 train_loss_sup: 4.498
[GPU1] epochs: [57/100] train_acc: 0.192 train_loss_sup: 4.498
[GPU1] epochs: [58/100] train_acc: 0.194 train_loss_sup: 4.496
[GPU1] epochs: [59/100] train_acc: 0.190 train_loss_sup: 4.496
[GPU1] epochs: [60/100] train_acc: 0.192 train_loss_sup: 4.495
[GPU1] Test Accuracy at epoch: 60: 0.101
[GPU1] epochs: [61/100] train_acc: 0.195 train_loss_sup: 4.494
[GPU1] epochs: [62/100] train_acc: 0.195 train_loss_sup: 4.494
[GPU1] epochs: [63/100] train_acc: 0.196 train_loss_sup: 4.493
[GPU1] epochs: [64/100] train_acc: 0.193 train_loss_sup: 4.493
[GPU1] epochs: [65/100] train_acc: 0.190 train_loss_sup: 4.492
[GPU1] epochs: [66/100] train_acc: 0.192 train_loss_sup: 4.492
[GPU1] epochs: [67/100] train_acc: 0.193 train_loss_sup: 4.491
[GPU1] epochs: [68/100] train_acc: 0.195 train_loss_sup: 4.491
[GPU1] epochs: [69/100] train_acc: 0.193 train_loss_sup: 4.490
[GPU1] epochs: [70/100] train_acc: 0.194 train_loss_sup: 4.490
[GPU1] Test Accuracy at epoch: 70: 0.103
[GPU1] epochs: [71/100] train_acc: 0.195 train_loss_sup: 4.489
[GPU1] epochs: [72/100] train_acc: 0.193 train_loss_sup: 4.489
[GPU1] epochs: [73/100] train_acc: 0.196 train_loss_sup: 4.489
[GPU1] epochs: [74/100] train_acc: 0.195 train_loss_sup: 4.488
[GPU1] epochs: [75/100] train_acc: 0.196 train_loss_sup: 4.488
[GPU1] epochs: [76/100] train_acc: 0.197 train_loss_sup: 4.487
[GPU1] epochs: [77/100] train_acc: 0.196 train_loss_sup: 4.487
[GPU1] epochs: [78/100] train_acc: 0.196 train_loss_sup: 4.487
[GPU1] epochs: [79/100] train_acc: 0.196 train_loss_sup: 4.487
[GPU1] epochs: [80/100] train_acc: 0.194 train_loss_sup: 4.487
[GPU1] Test Accuracy at epoch: 80: 0.105
[GPU1] epochs: [81/100] train_acc: 0.198 train_loss_sup: 4.487
[GPU1] epochs: [82/100] train_acc: 0.196 train_loss_sup: 4.487
[GPU1] epochs: [83/100] train_acc: 0.195 train_loss_sup: 4.486
[GPU1] epochs: [84/100] train_acc: 0.196 train_loss_sup: 4.486
[GPU1] epochs: [85/100] train_acc: 0.195 train_loss_sup: 4.486
[GPU1] epochs: [86/100] train_acc: 0.198 train_loss_sup: 4.486
[GPU1] epochs: [87/100] train_acc: 0.196 train_loss_sup: 4.486
[GPU1] epochs: [88/100] train_acc: 0.199 train_loss_sup: 4.486
[GPU1] epochs: [89/100] train_acc: 0.198 train_loss_sup: 4.485
[GPU1] epochs: [90/100] train_acc: 0.197 train_loss_sup: 4.486
[GPU1] Test Accuracy at epoch: 90: 0.105
[GPU1] epochs: [91/100] train_acc: 0.198 train_loss_sup: 4.486
[GPU1] epochs: [92/100] train_acc: 0.196 train_loss_sup: 4.485
[GPU1] epochs: [93/100] train_acc: 0.196 train_loss_sup: 4.485
[GPU1] epochs: [94/100] train_acc: 0.197 train_loss_sup: 4.485
[GPU1] epochs: [95/100] train_acc: 0.199 train_loss_sup: 4.485
[GPU1] epochs: [96/100] train_acc: 0.194 train_loss_sup: 4.485
[GPU1] epochs: [97/100] train_acc: 0.197 train_loss_sup: 4.486
[GPU1] epochs: [98/100] train_acc: 0.196 train_loss_sup: 4.486
[GPU1] epochs: [99/100] train_acc: 0.198 train_loss_sup: 4.485
[GPU1] epochs: [100/100] train_acc: 0.198 train_loss_sup: 4.485
[GPU1] Final Test Accuracy: 0.105
LR: 0.100 | WD: 0.000100 | Cosine: True | test Acc: 0.105%
===> using linear mlp
Scheduler: <torch.optim.lr_scheduler.CosineAnnealingLR object at 0x78bf67743cd0>
MLP: MLP(
  (mlp): Linear(in_features=512, out_features=100, bias=True)
)
[GPU1] Test Accuracy at epoch: 0: 0.03
[GPU1] epochs: [1/100] train_acc: 0.013 train_loss_sup: 4.605
[GPU1] epochs: [2/100] train_acc: 0.026 train_loss_sup: 4.602
[GPU1] epochs: [3/100] train_acc: 0.046 train_loss_sup: 4.598
[GPU1] epochs: [4/100] train_acc: 0.048 train_loss_sup: 4.595
[GPU1] epochs: [5/100] train_acc: 0.067 train_loss_sup: 4.592
[GPU1] epochs: [6/100] train_acc: 0.084 train_loss_sup: 4.589
[GPU1] epochs: [7/100] train_acc: 0.094 train_loss_sup: 4.586
[GPU1] epochs: [8/100] train_acc: 0.115 train_loss_sup: 4.583
[GPU1] epochs: [9/100] train_acc: 0.114 train_loss_sup: 4.580
[GPU1] epochs: [10/100] train_acc: 0.113 train_loss_sup: 4.577
[GPU1] Test Accuracy at epoch: 10: 0.082
[GPU1] epochs: [11/100] train_acc: 0.121 train_loss_sup: 4.574
[GPU1] epochs: [12/100] train_acc: 0.137 train_loss_sup: 4.571
[GPU1] epochs: [13/100] train_acc: 0.151 train_loss_sup: 4.568
[GPU1] epochs: [14/100] train_acc: 0.135 train_loss_sup: 4.565
[GPU1] epochs: [15/100] train_acc: 0.152 train_loss_sup: 4.562
[GPU1] epochs: [16/100] train_acc: 0.147 train_loss_sup: 4.559
[GPU1] epochs: [17/100] train_acc: 0.152 train_loss_sup: 4.556
[GPU1] epochs: [18/100] train_acc: 0.159 train_loss_sup: 4.553
[GPU1] epochs: [19/100] train_acc: 0.159 train_loss_sup: 4.551
[GPU1] epochs: [20/100] train_acc: 0.157 train_loss_sup: 4.548
[GPU1] Test Accuracy at epoch: 20: 0.11
[GPU1] epochs: [21/100] train_acc: 0.166 train_loss_sup: 4.545
[GPU1] epochs: [22/100] train_acc: 0.165 train_loss_sup: 4.542
[GPU1] epochs: [23/100] train_acc: 0.174 train_loss_sup: 4.540
[GPU1] epochs: [24/100] train_acc: 0.169 train_loss_sup: 4.537
[GPU1] epochs: [25/100] train_acc: 0.177 train_loss_sup: 4.534
[GPU1] epochs: [26/100] train_acc: 0.182 train_loss_sup: 4.532
[GPU1] epochs: [27/100] train_acc: 0.174 train_loss_sup: 4.529
[GPU1] epochs: [28/100] train_acc: 0.173 train_loss_sup: 4.527
[GPU1] epochs: [29/100] train_acc: 0.181 train_loss_sup: 4.524
[GPU1] epochs: [30/100] train_acc: 0.179 train_loss_sup: 4.522
[GPU1] Test Accuracy at epoch: 30: 0.111
[GPU1] epochs: [31/100] train_acc: 0.188 train_loss_sup: 4.519
[GPU1] epochs: [32/100] train_acc: 0.183 train_loss_sup: 4.517
[GPU1] epochs: [33/100] train_acc: 0.191 train_loss_sup: 4.515
[GPU1] epochs: [34/100] train_acc: 0.186 train_loss_sup: 4.513
[GPU1] epochs: [35/100] train_acc: 0.188 train_loss_sup: 4.510
[GPU1] epochs: [36/100] train_acc: 0.181 train_loss_sup: 4.508
[GPU1] epochs: [37/100] train_acc: 0.184 train_loss_sup: 4.506
[GPU1] epochs: [38/100] train_acc: 0.181 train_loss_sup: 4.504
[GPU1] epochs: [39/100] train_acc: 0.182 train_loss_sup: 4.502
[GPU1] epochs: [40/100] train_acc: 0.191 train_loss_sup: 4.500
[GPU1] Test Accuracy at epoch: 40: 0.102
[GPU1] epochs: [41/100] train_acc: 0.182 train_loss_sup: 4.498
[GPU1] epochs: [42/100] train_acc: 0.190 train_loss_sup: 4.496
[GPU1] epochs: [43/100] train_acc: 0.187 train_loss_sup: 4.494
[GPU1] epochs: [44/100] train_acc: 0.193 train_loss_sup: 4.492
[GPU1] epochs: [45/100] train_acc: 0.189 train_loss_sup: 4.491
[GPU1] epochs: [46/100] train_acc: 0.195 train_loss_sup: 4.489
[GPU1] epochs: [47/100] train_acc: 0.193 train_loss_sup: 4.487
[GPU1] epochs: [48/100] train_acc: 0.186 train_loss_sup: 4.486
[GPU1] epochs: [49/100] train_acc: 0.189 train_loss_sup: 4.484
[GPU1] epochs: [50/100] train_acc: 0.193 train_loss_sup: 4.482
[GPU1] Test Accuracy at epoch: 50: 0.105
[GPU1] epochs: [51/100] train_acc: 0.191 train_loss_sup: 4.480
[GPU1] epochs: [52/100] train_acc: 0.188 train_loss_sup: 4.480
[GPU1] epochs: [53/100] train_acc: 0.193 train_loss_sup: 4.478
[GPU1] epochs: [54/100] train_acc: 0.190 train_loss_sup: 4.477
[GPU1] epochs: [55/100] train_acc: 0.197 train_loss_sup: 4.476
[GPU1] epochs: [56/100] train_acc: 0.195 train_loss_sup: 4.474
[GPU1] epochs: [57/100] train_acc: 0.194 train_loss_sup: 4.473
[GPU1] epochs: [58/100] train_acc: 0.195 train_loss_sup: 4.472
[GPU1] epochs: [59/100] train_acc: 0.195 train_loss_sup: 4.471
[GPU1] epochs: [60/100] train_acc: 0.194 train_loss_sup: 4.470
[GPU1] Test Accuracy at epoch: 60: 0.105
[GPU1] epochs: [61/100] train_acc: 0.194 train_loss_sup: 4.469
[GPU1] epochs: [62/100] train_acc: 0.195 train_loss_sup: 4.468
[GPU1] epochs: [63/100] train_acc: 0.192 train_loss_sup: 4.467
[GPU1] epochs: [64/100] train_acc: 0.196 train_loss_sup: 4.466
[GPU1] epochs: [65/100] train_acc: 0.196 train_loss_sup: 4.465
[GPU1] epochs: [66/100] train_acc: 0.194 train_loss_sup: 4.465
[GPU1] epochs: [67/100] train_acc: 0.194 train_loss_sup: 4.464
[GPU1] epochs: [68/100] train_acc: 0.198 train_loss_sup: 4.463
[GPU1] epochs: [69/100] train_acc: 0.196 train_loss_sup: 4.462
[GPU1] epochs: [70/100] train_acc: 0.196 train_loss_sup: 4.462
[GPU1] Test Accuracy at epoch: 70: 0.105
[GPU1] epochs: [71/100] train_acc: 0.200 train_loss_sup: 4.461
[GPU1] epochs: [72/100] train_acc: 0.198 train_loss_sup: 4.461
[GPU1] epochs: [73/100] train_acc: 0.198 train_loss_sup: 4.460
[GPU1] epochs: [74/100] train_acc: 0.197 train_loss_sup: 4.459
[GPU1] epochs: [75/100] train_acc: 0.198 train_loss_sup: 4.459
[GPU1] epochs: [76/100] train_acc: 0.198 train_loss_sup: 4.459
[GPU1] epochs: [77/100] train_acc: 0.199 train_loss_sup: 4.458
[GPU1] epochs: [78/100] train_acc: 0.199 train_loss_sup: 4.457
[GPU1] epochs: [79/100] train_acc: 0.196 train_loss_sup: 4.457
[GPU1] epochs: [80/100] train_acc: 0.197 train_loss_sup: 4.457
[GPU1] Test Accuracy at epoch: 80: 0.106
[GPU1] epochs: [81/100] train_acc: 0.195 train_loss_sup: 4.457
[GPU1] epochs: [82/100] train_acc: 0.198 train_loss_sup: 4.456
[GPU1] epochs: [83/100] train_acc: 0.195 train_loss_sup: 4.457
[GPU1] epochs: [84/100] train_acc: 0.198 train_loss_sup: 4.455
[GPU1] epochs: [85/100] train_acc: 0.198 train_loss_sup: 4.456
[GPU1] epochs: [86/100] train_acc: 0.198 train_loss_sup: 4.456
[GPU1] epochs: [87/100] train_acc: 0.199 train_loss_sup: 4.455
[GPU1] epochs: [88/100] train_acc: 0.200 train_loss_sup: 4.455
[GPU1] epochs: [89/100] train_acc: 0.199 train_loss_sup: 4.455
[GPU1] epochs: [90/100] train_acc: 0.198 train_loss_sup: 4.455
[GPU1] Test Accuracy at epoch: 90: 0.105
[GPU1] epochs: [91/100] train_acc: 0.199 train_loss_sup: 4.455
[GPU1] epochs: [92/100] train_acc: 0.196 train_loss_sup: 4.455
[GPU1] epochs: [93/100] train_acc: 0.197 train_loss_sup: 4.455
[GPU1] epochs: [94/100] train_acc: 0.199 train_loss_sup: 4.455
[GPU1] epochs: [95/100] train_acc: 0.196 train_loss_sup: 4.455
[GPU1] epochs: [96/100] train_acc: 0.197 train_loss_sup: 4.455
[GPU1] epochs: [97/100] train_acc: 0.198 train_loss_sup: 4.455
[GPU1] epochs: [98/100] train_acc: 0.199 train_loss_sup: 4.455
[GPU1] epochs: [99/100] train_acc: 0.199 train_loss_sup: 4.455
[GPU1] epochs: [100/100] train_acc: 0.199 train_loss_sup: 4.455
[GPU1] Final Test Accuracy: 0.105
LR: 0.100 | WD: 0.000000 | Cosine: True | test Acc: 0.111%
===> using linear mlp
Scheduler: <torch.optim.lr_scheduler.CosineAnnealingLR object at 0x78bf72facca0>
MLP: MLP(
  (mlp): Linear(in_features=512, out_features=100, bias=True)
)
[GPU1] Test Accuracy at epoch: 0: 0.033
[GPU1] epochs: [1/100] train_acc: 0.015 train_loss_sup: 4.598
[GPU1] epochs: [2/100] train_acc: 0.034 train_loss_sup: 4.568
[GPU1] epochs: [3/100] train_acc: 0.062 train_loss_sup: 4.537
[GPU1] epochs: [4/100] train_acc: 0.084 train_loss_sup: 4.508
[GPU1] epochs: [5/100] train_acc: 0.098 train_loss_sup: 4.479
[GPU1] epochs: [6/100] train_acc: 0.124 train_loss_sup: 4.450
[GPU1] epochs: [7/100] train_acc: 0.132 train_loss_sup: 4.423
[GPU1] epochs: [8/100] train_acc: 0.139 train_loss_sup: 4.397
[GPU1] epochs: [9/100] train_acc: 0.151 train_loss_sup: 4.371
[GPU1] epochs: [10/100] train_acc: 0.155 train_loss_sup: 4.346
[GPU1] Test Accuracy at epoch: 10: 0.088
[GPU1] epochs: [11/100] train_acc: 0.162 train_loss_sup: 4.322
[GPU1] epochs: [12/100] train_acc: 0.169 train_loss_sup: 4.298
[GPU1] epochs: [13/100] train_acc: 0.174 train_loss_sup: 4.274
[GPU1] epochs: [14/100] train_acc: 0.179 train_loss_sup: 4.251
[GPU1] epochs: [15/100] train_acc: 0.181 train_loss_sup: 4.230
[GPU1] epochs: [16/100] train_acc: 0.183 train_loss_sup: 4.210
[GPU1] epochs: [17/100] train_acc: 0.188 train_loss_sup: 4.188
[GPU1] epochs: [18/100] train_acc: 0.191 train_loss_sup: 4.167
[GPU1] epochs: [19/100] train_acc: 0.196 train_loss_sup: 4.150
[GPU1] epochs: [20/100] train_acc: 0.195 train_loss_sup: 4.131
[GPU1] Test Accuracy at epoch: 20: 0.113
[GPU1] epochs: [21/100] train_acc: 0.200 train_loss_sup: 4.113
[GPU1] epochs: [22/100] train_acc: 0.202 train_loss_sup: 4.095
[GPU1] epochs: [23/100] train_acc: 0.207 train_loss_sup: 4.079
[GPU1] epochs: [24/100] train_acc: 0.205 train_loss_sup: 4.061
[GPU1] epochs: [25/100] train_acc: 0.210 train_loss_sup: 4.044
[GPU1] epochs: [26/100] train_acc: 0.214 train_loss_sup: 4.029
[GPU1] epochs: [27/100] train_acc: 0.212 train_loss_sup: 4.015
[GPU1] epochs: [28/100] train_acc: 0.217 train_loss_sup: 3.999
[GPU1] epochs: [29/100] train_acc: 0.217 train_loss_sup: 3.987
[GPU1] epochs: [30/100] train_acc: 0.217 train_loss_sup: 3.972
[GPU1] Test Accuracy at epoch: 30: 0.135
[GPU1] epochs: [31/100] train_acc: 0.220 train_loss_sup: 3.957
[GPU1] epochs: [32/100] train_acc: 0.221 train_loss_sup: 3.946
[GPU1] epochs: [33/100] train_acc: 0.225 train_loss_sup: 3.935
[GPU1] epochs: [34/100] train_acc: 0.227 train_loss_sup: 3.923
[GPU1] epochs: [35/100] train_acc: 0.227 train_loss_sup: 3.912
[GPU1] epochs: [36/100] train_acc: 0.228 train_loss_sup: 3.902
[GPU1] epochs: [37/100] train_acc: 0.231 train_loss_sup: 3.889
[GPU1] epochs: [38/100] train_acc: 0.231 train_loss_sup: 3.878
[GPU1] epochs: [39/100] train_acc: 0.232 train_loss_sup: 3.869
[GPU1] epochs: [40/100] train_acc: 0.235 train_loss_sup: 3.857
[GPU1] Test Accuracy at epoch: 40: 0.155
[GPU1] epochs: [41/100] train_acc: 0.235 train_loss_sup: 3.850
[GPU1] epochs: [42/100] train_acc: 0.236 train_loss_sup: 3.842
[GPU1] epochs: [43/100] train_acc: 0.236 train_loss_sup: 3.834
[GPU1] epochs: [44/100] train_acc: 0.239 train_loss_sup: 3.824
[GPU1] epochs: [45/100] train_acc: 0.237 train_loss_sup: 3.817
[GPU1] epochs: [46/100] train_acc: 0.242 train_loss_sup: 3.810
[GPU1] epochs: [47/100] train_acc: 0.240 train_loss_sup: 3.799
[GPU1] epochs: [48/100] train_acc: 0.239 train_loss_sup: 3.793
[GPU1] epochs: [49/100] train_acc: 0.241 train_loss_sup: 3.789
[GPU1] epochs: [50/100] train_acc: 0.239 train_loss_sup: 3.781
[GPU1] Test Accuracy at epoch: 50: 0.173
[GPU1] epochs: [51/100] train_acc: 0.242 train_loss_sup: 3.774
[GPU1] epochs: [52/100] train_acc: 0.244 train_loss_sup: 3.771
[GPU1] epochs: [53/100] train_acc: 0.242 train_loss_sup: 3.766
[GPU1] epochs: [54/100] train_acc: 0.245 train_loss_sup: 3.758
[GPU1] epochs: [55/100] train_acc: 0.243 train_loss_sup: 3.754
[GPU1] epochs: [56/100] train_acc: 0.245 train_loss_sup: 3.746
[GPU1] epochs: [57/100] train_acc: 0.248 train_loss_sup: 3.742
[GPU1] epochs: [58/100] train_acc: 0.245 train_loss_sup: 3.739
[GPU1] epochs: [59/100] train_acc: 0.248 train_loss_sup: 3.733
[GPU1] epochs: [60/100] train_acc: 0.248 train_loss_sup: 3.727
[GPU1] Test Accuracy at epoch: 60: 0.173
[GPU1] epochs: [61/100] train_acc: 0.250 train_loss_sup: 3.725
[GPU1] epochs: [62/100] train_acc: 0.249 train_loss_sup: 3.723
[GPU1] epochs: [63/100] train_acc: 0.252 train_loss_sup: 3.718
[GPU1] epochs: [64/100] train_acc: 0.248 train_loss_sup: 3.714
[GPU1] epochs: [65/100] train_acc: 0.251 train_loss_sup: 3.710
[GPU1] epochs: [66/100] train_acc: 0.250 train_loss_sup: 3.708
[GPU1] epochs: [67/100] train_acc: 0.251 train_loss_sup: 3.707
[GPU1] epochs: [68/100] train_acc: 0.253 train_loss_sup: 3.702
[GPU1] epochs: [69/100] train_acc: 0.252 train_loss_sup: 3.698
[GPU1] epochs: [70/100] train_acc: 0.252 train_loss_sup: 3.696
[GPU1] Test Accuracy at epoch: 70: 0.178
[GPU1] epochs: [71/100] train_acc: 0.252 train_loss_sup: 3.695
[GPU1] epochs: [72/100] train_acc: 0.253 train_loss_sup: 3.690
[GPU1] epochs: [73/100] train_acc: 0.253 train_loss_sup: 3.688
[GPU1] epochs: [74/100] train_acc: 0.254 train_loss_sup: 3.691
[GPU1] epochs: [75/100] train_acc: 0.256 train_loss_sup: 3.687
[GPU1] epochs: [76/100] train_acc: 0.253 train_loss_sup: 3.687
[GPU1] epochs: [77/100] train_acc: 0.256 train_loss_sup: 3.683
[GPU1] epochs: [78/100] train_acc: 0.254 train_loss_sup: 3.682
[GPU1] epochs: [79/100] train_acc: 0.254 train_loss_sup: 3.679
[GPU1] epochs: [80/100] train_acc: 0.256 train_loss_sup: 3.679
[GPU1] Test Accuracy at epoch: 80: 0.176
[GPU1] epochs: [81/100] train_acc: 0.258 train_loss_sup: 3.675
[GPU1] epochs: [82/100] train_acc: 0.252 train_loss_sup: 3.676
[GPU1] epochs: [83/100] train_acc: 0.254 train_loss_sup: 3.672
[GPU1] epochs: [84/100] train_acc: 0.256 train_loss_sup: 3.675
[GPU1] epochs: [85/100] train_acc: 0.257 train_loss_sup: 3.675
[GPU1] epochs: [86/100] train_acc: 0.256 train_loss_sup: 3.673
[GPU1] epochs: [87/100] train_acc: 0.254 train_loss_sup: 3.675
[GPU1] epochs: [88/100] train_acc: 0.257 train_loss_sup: 3.669
[GPU1] epochs: [89/100] train_acc: 0.254 train_loss_sup: 3.673
[GPU1] epochs: [90/100] train_acc: 0.256 train_loss_sup: 3.670
[GPU1] Test Accuracy at epoch: 90: 0.178
[GPU1] epochs: [91/100] train_acc: 0.255 train_loss_sup: 3.675
[GPU1] epochs: [92/100] train_acc: 0.254 train_loss_sup: 3.671
[GPU1] epochs: [93/100] train_acc: 0.257 train_loss_sup: 3.670
[GPU1] epochs: [94/100] train_acc: 0.254 train_loss_sup: 3.670
[GPU1] epochs: [95/100] train_acc: 0.255 train_loss_sup: 3.673
[GPU1] epochs: [96/100] train_acc: 0.257 train_loss_sup: 3.672
[GPU1] epochs: [97/100] train_acc: 0.256 train_loss_sup: 3.672
[GPU1] epochs: [98/100] train_acc: 0.255 train_loss_sup: 3.672
[GPU1] epochs: [99/100] train_acc: 0.256 train_loss_sup: 3.670
[GPU1] epochs: [100/100] train_acc: 0.256 train_loss_sup: 3.672
[GPU1] Final Test Accuracy: 0.179
LR: 1.000 | WD: 0.000001 | Cosine: True | test Acc: 0.179%
===> using linear mlp
Scheduler: <torch.optim.lr_scheduler.CosineAnnealingLR object at 0x78bf72fad150>
MLP: MLP(
  (mlp): Linear(in_features=512, out_features=100, bias=True)
)
[GPU1] Test Accuracy at epoch: 0: 0.014
[GPU1] epochs: [1/100] train_acc: 0.014 train_loss_sup: 4.598
[GPU1] epochs: [2/100] train_acc: 0.032 train_loss_sup: 4.570
[GPU1] epochs: [3/100] train_acc: 0.060 train_loss_sup: 4.544
[GPU1] epochs: [4/100] train_acc: 0.077 train_loss_sup: 4.522
[GPU1] epochs: [5/100] train_acc: 0.084 train_loss_sup: 4.503
[GPU1] epochs: [6/100] train_acc: 0.096 train_loss_sup: 4.484
[GPU1] epochs: [7/100] train_acc: 0.108 train_loss_sup: 4.468
[GPU1] epochs: [8/100] train_acc: 0.115 train_loss_sup: 4.455
[GPU1] epochs: [9/100] train_acc: 0.124 train_loss_sup: 4.441
[GPU1] epochs: [10/100] train_acc: 0.122 train_loss_sup: 4.430
[GPU1] Test Accuracy at epoch: 10: 0.067
[GPU1] epochs: [11/100] train_acc: 0.128 train_loss_sup: 4.421
[GPU1] epochs: [12/100] train_acc: 0.142 train_loss_sup: 4.412
[GPU1] epochs: [13/100] train_acc: 0.134 train_loss_sup: 4.404
[GPU1] epochs: [14/100] train_acc: 0.139 train_loss_sup: 4.398
[GPU1] epochs: [15/100] train_acc: 0.145 train_loss_sup: 4.391
[GPU1] epochs: [16/100] train_acc: 0.149 train_loss_sup: 4.386
[GPU1] epochs: [17/100] train_acc: 0.147 train_loss_sup: 4.380
[GPU1] epochs: [18/100] train_acc: 0.154 train_loss_sup: 4.376
[GPU1] epochs: [19/100] train_acc: 0.150 train_loss_sup: 4.372
[GPU1] epochs: [20/100] train_acc: 0.149 train_loss_sup: 4.369
[GPU1] Test Accuracy at epoch: 20: 0.093
[GPU1] epochs: [21/100] train_acc: 0.153 train_loss_sup: 4.366
[GPU1] epochs: [22/100] train_acc: 0.161 train_loss_sup: 4.362
[GPU1] epochs: [23/100] train_acc: 0.159 train_loss_sup: 4.360
[GPU1] epochs: [24/100] train_acc: 0.158 train_loss_sup: 4.358
[GPU1] epochs: [25/100] train_acc: 0.164 train_loss_sup: 4.354
[GPU1] epochs: [26/100] train_acc: 0.157 train_loss_sup: 4.354
[GPU1] epochs: [27/100] train_acc: 0.161 train_loss_sup: 4.351
[GPU1] epochs: [28/100] train_acc: 0.161 train_loss_sup: 4.350
[GPU1] epochs: [29/100] train_acc: 0.166 train_loss_sup: 4.349
[GPU1] epochs: [30/100] train_acc: 0.168 train_loss_sup: 4.348
[GPU1] Test Accuracy at epoch: 30: 0.102
[GPU1] epochs: [31/100] train_acc: 0.170 train_loss_sup: 4.347
[GPU1] epochs: [32/100] train_acc: 0.167 train_loss_sup: 4.345
[GPU1] epochs: [33/100] train_acc: 0.164 train_loss_sup: 4.345
[GPU1] epochs: [34/100] train_acc: 0.164 train_loss_sup: 4.344
[GPU1] epochs: [35/100] train_acc: 0.161 train_loss_sup: 4.343
[GPU1] epochs: [36/100] train_acc: 0.172 train_loss_sup: 4.341
[GPU1] epochs: [37/100] train_acc: 0.168 train_loss_sup: 4.342
[GPU1] epochs: [38/100] train_acc: 0.172 train_loss_sup: 4.342
[GPU1] epochs: [39/100] train_acc: 0.170 train_loss_sup: 4.341
[GPU1] epochs: [40/100] train_acc: 0.177 train_loss_sup: 4.340
[GPU1] Test Accuracy at epoch: 40: 0.126
[GPU1] epochs: [41/100] train_acc: 0.173 train_loss_sup: 4.339
[GPU1] epochs: [42/100] train_acc: 0.175 train_loss_sup: 4.339
[GPU1] epochs: [43/100] train_acc: 0.183 train_loss_sup: 4.338
[GPU1] epochs: [44/100] train_acc: 0.176 train_loss_sup: 4.339
[GPU1] epochs: [45/100] train_acc: 0.179 train_loss_sup: 4.338
[GPU1] epochs: [46/100] train_acc: 0.170 train_loss_sup: 4.338
[GPU1] epochs: [47/100] train_acc: 0.178 train_loss_sup: 4.337
[GPU1] epochs: [48/100] train_acc: 0.178 train_loss_sup: 4.336
[GPU1] epochs: [49/100] train_acc: 0.175 train_loss_sup: 4.337
[GPU1] epochs: [50/100] train_acc: 0.182 train_loss_sup: 4.337
[GPU1] Test Accuracy at epoch: 50: 0.105
[GPU1] epochs: [51/100] train_acc: 0.177 train_loss_sup: 4.336
[GPU1] epochs: [52/100] train_acc: 0.184 train_loss_sup: 4.336
[GPU1] epochs: [53/100] train_acc: 0.187 train_loss_sup: 4.336
[GPU1] epochs: [54/100] train_acc: 0.181 train_loss_sup: 4.336
[GPU1] epochs: [55/100] train_acc: 0.188 train_loss_sup: 4.336
[GPU1] epochs: [56/100] train_acc: 0.184 train_loss_sup: 4.336
[GPU1] epochs: [57/100] train_acc: 0.192 train_loss_sup: 4.335
[GPU1] epochs: [58/100] train_acc: 0.190 train_loss_sup: 4.335
[GPU1] epochs: [59/100] train_acc: 0.188 train_loss_sup: 4.335
[GPU1] epochs: [60/100] train_acc: 0.188 train_loss_sup: 4.334
[GPU1] Test Accuracy at epoch: 60: 0.104
[GPU1] epochs: [61/100] train_acc: 0.195 train_loss_sup: 4.335
[GPU1] epochs: [62/100] train_acc: 0.188 train_loss_sup: 4.333
[GPU1] epochs: [63/100] train_acc: 0.199 train_loss_sup: 4.334
[GPU1] epochs: [64/100] train_acc: 0.193 train_loss_sup: 4.334
[GPU1] epochs: [65/100] train_acc: 0.189 train_loss_sup: 4.334
[GPU1] epochs: [66/100] train_acc: 0.197 train_loss_sup: 4.334
[GPU1] epochs: [67/100] train_acc: 0.198 train_loss_sup: 4.334
[GPU1] epochs: [68/100] train_acc: 0.202 train_loss_sup: 4.334
[GPU1] epochs: [69/100] train_acc: 0.198 train_loss_sup: 4.333
[GPU1] epochs: [70/100] train_acc: 0.195 train_loss_sup: 4.333
[GPU1] Test Accuracy at epoch: 70: 0.114
[GPU1] epochs: [71/100] train_acc: 0.204 train_loss_sup: 4.333
[GPU1] epochs: [72/100] train_acc: 0.197 train_loss_sup: 4.333
[GPU1] epochs: [73/100] train_acc: 0.203 train_loss_sup: 4.333
[GPU1] epochs: [74/100] train_acc: 0.202 train_loss_sup: 4.332
[GPU1] epochs: [75/100] train_acc: 0.203 train_loss_sup: 4.333
[GPU1] epochs: [76/100] train_acc: 0.206 train_loss_sup: 4.333
[GPU1] epochs: [77/100] train_acc: 0.203 train_loss_sup: 4.333
[GPU1] epochs: [78/100] train_acc: 0.206 train_loss_sup: 4.333
[GPU1] epochs: [79/100] train_acc: 0.207 train_loss_sup: 4.333
[GPU1] epochs: [80/100] train_acc: 0.205 train_loss_sup: 4.332
[GPU1] Test Accuracy at epoch: 80: 0.126
[GPU1] epochs: [81/100] train_acc: 0.207 train_loss_sup: 4.332
[GPU1] epochs: [82/100] train_acc: 0.207 train_loss_sup: 4.332
[GPU1] epochs: [83/100] train_acc: 0.210 train_loss_sup: 4.332
[GPU1] epochs: [84/100] train_acc: 0.209 train_loss_sup: 4.332
[GPU1] epochs: [85/100] train_acc: 0.212 train_loss_sup: 4.332
[GPU1] epochs: [86/100] train_acc: 0.210 train_loss_sup: 4.332
[GPU1] epochs: [87/100] train_acc: 0.209 train_loss_sup: 4.331
[GPU1] epochs: [88/100] train_acc: 0.210 train_loss_sup: 4.332
[GPU1] epochs: [89/100] train_acc: 0.211 train_loss_sup: 4.332
[GPU1] epochs: [90/100] train_acc: 0.211 train_loss_sup: 4.332
[GPU1] Test Accuracy at epoch: 90: 0.12
[GPU1] epochs: [91/100] train_acc: 0.208 train_loss_sup: 4.332
[GPU1] epochs: [92/100] train_acc: 0.209 train_loss_sup: 4.332
[GPU1] epochs: [93/100] train_acc: 0.212 train_loss_sup: 4.331
[GPU1] epochs: [94/100] train_acc: 0.210 train_loss_sup: 4.331
[GPU1] epochs: [95/100] train_acc: 0.209 train_loss_sup: 4.332
[GPU1] epochs: [96/100] train_acc: 0.212 train_loss_sup: 4.331
[GPU1] epochs: [97/100] train_acc: 0.210 train_loss_sup: 4.331
[GPU1] epochs: [98/100] train_acc: 0.210 train_loss_sup: 4.331
[GPU1] epochs: [99/100] train_acc: 0.210 train_loss_sup: 4.332
[GPU1] epochs: [100/100] train_acc: 0.211 train_loss_sup: 4.331
[GPU1] Final Test Accuracy: 0.121
LR: 1.000 | WD: 0.000100 | Cosine: True | test Acc: 0.126%
===> using linear mlp
Scheduler: <torch.optim.lr_scheduler.CosineAnnealingLR object at 0x78bf68ed6dd0>
MLP: MLP(
  (mlp): Linear(in_features=512, out_features=100, bias=True)
)
[GPU1] Test Accuracy at epoch: 0: 0.03
[GPU1] epochs: [1/100] train_acc: 0.016 train_loss_sup: 4.598
[GPU1] epochs: [2/100] train_acc: 0.033 train_loss_sup: 4.568
[GPU1] epochs: [3/100] train_acc: 0.060 train_loss_sup: 4.537
[GPU1] epochs: [4/100] train_acc: 0.084 train_loss_sup: 4.507
[GPU1] epochs: [5/100] train_acc: 0.101 train_loss_sup: 4.479
[GPU1] epochs: [6/100] train_acc: 0.114 train_loss_sup: 4.451
[GPU1] epochs: [7/100] train_acc: 0.125 train_loss_sup: 4.423
[GPU1] epochs: [8/100] train_acc: 0.135 train_loss_sup: 4.396
[GPU1] epochs: [9/100] train_acc: 0.153 train_loss_sup: 4.370
[GPU1] epochs: [10/100] train_acc: 0.157 train_loss_sup: 4.346
[GPU1] Test Accuracy at epoch: 10: 0.09
[GPU1] epochs: [11/100] train_acc: 0.167 train_loss_sup: 4.321
[GPU1] epochs: [12/100] train_acc: 0.172 train_loss_sup: 4.296
[GPU1] epochs: [13/100] train_acc: 0.169 train_loss_sup: 4.271
[GPU1] epochs: [14/100] train_acc: 0.183 train_loss_sup: 4.249
[GPU1] epochs: [15/100] train_acc: 0.179 train_loss_sup: 4.227
[GPU1] epochs: [16/100] train_acc: 0.188 train_loss_sup: 4.207
[GPU1] epochs: [17/100] train_acc: 0.189 train_loss_sup: 4.187
[GPU1] epochs: [18/100] train_acc: 0.192 train_loss_sup: 4.165
[GPU1] epochs: [19/100] train_acc: 0.193 train_loss_sup: 4.146
[GPU1] epochs: [20/100] train_acc: 0.201 train_loss_sup: 4.125
[GPU1] Test Accuracy at epoch: 20: 0.138
[GPU1] epochs: [21/100] train_acc: 0.200 train_loss_sup: 4.107
[GPU1] epochs: [22/100] train_acc: 0.203 train_loss_sup: 4.092
[GPU1] epochs: [23/100] train_acc: 0.205 train_loss_sup: 4.073
[GPU1] epochs: [24/100] train_acc: 0.210 train_loss_sup: 4.055
[GPU1] epochs: [25/100] train_acc: 0.210 train_loss_sup: 4.038
[GPU1] epochs: [26/100] train_acc: 0.210 train_loss_sup: 4.024
[GPU1] epochs: [27/100] train_acc: 0.218 train_loss_sup: 4.010
[GPU1] epochs: [28/100] train_acc: 0.215 train_loss_sup: 3.995
[GPU1] epochs: [29/100] train_acc: 0.219 train_loss_sup: 3.979
[GPU1] epochs: [30/100] train_acc: 0.218 train_loss_sup: 3.966
[GPU1] Test Accuracy at epoch: 30: 0.138
[GPU1] epochs: [31/100] train_acc: 0.219 train_loss_sup: 3.953
[GPU1] epochs: [32/100] train_acc: 0.223 train_loss_sup: 3.938
[GPU1] epochs: [33/100] train_acc: 0.219 train_loss_sup: 3.928
[GPU1] epochs: [34/100] train_acc: 0.226 train_loss_sup: 3.915
[GPU1] epochs: [35/100] train_acc: 0.223 train_loss_sup: 3.905
[GPU1] epochs: [36/100] train_acc: 0.229 train_loss_sup: 3.892
[GPU1] epochs: [37/100] train_acc: 0.231 train_loss_sup: 3.882
[GPU1] epochs: [38/100] train_acc: 0.229 train_loss_sup: 3.870
[GPU1] epochs: [39/100] train_acc: 0.229 train_loss_sup: 3.858
[GPU1] epochs: [40/100] train_acc: 0.235 train_loss_sup: 3.852
[GPU1] Test Accuracy at epoch: 40: 0.155
[GPU1] epochs: [41/100] train_acc: 0.234 train_loss_sup: 3.841
[GPU1] epochs: [42/100] train_acc: 0.238 train_loss_sup: 3.829
[GPU1] epochs: [43/100] train_acc: 0.236 train_loss_sup: 3.824
[GPU1] epochs: [44/100] train_acc: 0.235 train_loss_sup: 3.815
[GPU1] epochs: [45/100] train_acc: 0.239 train_loss_sup: 3.806
[GPU1] epochs: [46/100] train_acc: 0.239 train_loss_sup: 3.798
[GPU1] epochs: [47/100] train_acc: 0.239 train_loss_sup: 3.790
[GPU1] epochs: [48/100] train_acc: 0.241 train_loss_sup: 3.785
[GPU1] epochs: [49/100] train_acc: 0.242 train_loss_sup: 3.777
[GPU1] epochs: [50/100] train_acc: 0.241 train_loss_sup: 3.770
[GPU1] Test Accuracy at epoch: 50: 0.164
[GPU1] epochs: [51/100] train_acc: 0.242 train_loss_sup: 3.764
[GPU1] epochs: [52/100] train_acc: 0.244 train_loss_sup: 3.757
[GPU1] epochs: [53/100] train_acc: 0.243 train_loss_sup: 3.753
[GPU1] epochs: [54/100] train_acc: 0.247 train_loss_sup: 3.746
[GPU1] epochs: [55/100] train_acc: 0.247 train_loss_sup: 3.737
[GPU1] epochs: [56/100] train_acc: 0.247 train_loss_sup: 3.734
[GPU1] epochs: [57/100] train_acc: 0.246 train_loss_sup: 3.730
[GPU1] epochs: [58/100] train_acc: 0.246 train_loss_sup: 3.723
[GPU1] epochs: [59/100] train_acc: 0.251 train_loss_sup: 3.722
[GPU1] epochs: [60/100] train_acc: 0.248 train_loss_sup: 3.717
[GPU1] Test Accuracy at epoch: 60: 0.176
[GPU1] epochs: [61/100] train_acc: 0.248 train_loss_sup: 3.713
[GPU1] epochs: [62/100] train_acc: 0.251 train_loss_sup: 3.704
[GPU1] epochs: [63/100] train_acc: 0.249 train_loss_sup: 3.704
[GPU1] epochs: [64/100] train_acc: 0.248 train_loss_sup: 3.702
[GPU1] epochs: [65/100] train_acc: 0.251 train_loss_sup: 3.695
[GPU1] epochs: [66/100] train_acc: 0.249 train_loss_sup: 3.698
[GPU1] epochs: [67/100] train_acc: 0.254 train_loss_sup: 3.690
[GPU1] epochs: [68/100] train_acc: 0.250 train_loss_sup: 3.687
[GPU1] epochs: [69/100] train_acc: 0.253 train_loss_sup: 3.684
[GPU1] epochs: [70/100] train_acc: 0.251 train_loss_sup: 3.682
[GPU1] Test Accuracy at epoch: 70: 0.178
[GPU1] epochs: [71/100] train_acc: 0.250 train_loss_sup: 3.680
[GPU1] epochs: [72/100] train_acc: 0.254 train_loss_sup: 3.676
[GPU1] epochs: [73/100] train_acc: 0.253 train_loss_sup: 3.674
[GPU1] epochs: [74/100] train_acc: 0.254 train_loss_sup: 3.674
[GPU1] epochs: [75/100] train_acc: 0.254 train_loss_sup: 3.673
[GPU1] epochs: [76/100] train_acc: 0.256 train_loss_sup: 3.669
[GPU1] epochs: [77/100] train_acc: 0.255 train_loss_sup: 3.667
[GPU1] epochs: [78/100] train_acc: 0.254 train_loss_sup: 3.666
[GPU1] epochs: [79/100] train_acc: 0.254 train_loss_sup: 3.665
[GPU1] epochs: [80/100] train_acc: 0.255 train_loss_sup: 3.663
[GPU1] Test Accuracy at epoch: 80: 0.179
[GPU1] epochs: [81/100] train_acc: 0.257 train_loss_sup: 3.662
[GPU1] epochs: [82/100] train_acc: 0.255 train_loss_sup: 3.664
[GPU1] epochs: [83/100] train_acc: 0.256 train_loss_sup: 3.661
[GPU1] epochs: [84/100] train_acc: 0.255 train_loss_sup: 3.662
[GPU1] epochs: [85/100] train_acc: 0.254 train_loss_sup: 3.659
[GPU1] epochs: [86/100] train_acc: 0.256 train_loss_sup: 3.658
[GPU1] epochs: [87/100] train_acc: 0.257 train_loss_sup: 3.657
[GPU1] epochs: [88/100] train_acc: 0.255 train_loss_sup: 3.660
[GPU1] epochs: [89/100] train_acc: 0.258 train_loss_sup: 3.658
[GPU1] epochs: [90/100] train_acc: 0.257 train_loss_sup: 3.655
[GPU1] Test Accuracy at epoch: 90: 0.18
[GPU1] epochs: [91/100] train_acc: 0.257 train_loss_sup: 3.655
[GPU1] epochs: [92/100] train_acc: 0.259 train_loss_sup: 3.654
[GPU1] epochs: [93/100] train_acc: 0.256 train_loss_sup: 3.656
[GPU1] epochs: [94/100] train_acc: 0.254 train_loss_sup: 3.657
[GPU1] epochs: [95/100] train_acc: 0.256 train_loss_sup: 3.655
[GPU1] epochs: [96/100] train_acc: 0.257 train_loss_sup: 3.657
[GPU1] epochs: [97/100] train_acc: 0.257 train_loss_sup: 3.660
[GPU1] epochs: [98/100] train_acc: 0.257 train_loss_sup: 3.656
[GPU1] epochs: [99/100] train_acc: 0.257 train_loss_sup: 3.655
[GPU1] epochs: [100/100] train_acc: 0.258 train_loss_sup: 3.654
[GPU1] Final Test Accuracy: 0.179
LR: 1.000 | WD: 0.000000 | Cosine: True | test Acc: 0.180%
------------------------------
Best Test Accuracy: 0.222%
Optimal Hyperparameters: LR=1.0, WD=0.0, Cosine=0
knn evalution
logistic regression evalution
clustering metrics evalution
knn_acc: 0.276
lreg_acc: 0.366
ari: 0.045
nmi: 0.234
ss: 0.017
dbs: 3.250
