Namespace(dataset='cifar10', saved_path='saved_models/simsiam.sc.c100.r18.pth', gpu=1, model='resnet18', verbose=False, epochs=100, eval_every=10, knn=True, lreg=True, linprobe=True, tsne=False, umap=False, cmet=True)
<All keys matched successfully>
Starting Hyperparameter Sweep on 1...
===> using linear mlp
Scheduler: None
MLP: MLP(
  (mlp): Linear(in_features=512, out_features=10, bias=True)
)
[GPU1] Test Accuracy at epoch: 0: 0.492
[GPU1] epochs: [1/100] train_acc: 0.232 train_loss_sup: 2.283
[GPU1] epochs: [2/100] train_acc: 0.453 train_loss_sup: 2.236
[GPU1] epochs: [3/100] train_acc: 0.527 train_loss_sup: 2.190
[GPU1] epochs: [4/100] train_acc: 0.530 train_loss_sup: 2.148
[GPU1] epochs: [5/100] train_acc: 0.542 train_loss_sup: 2.106
[GPU1] epochs: [6/100] train_acc: 0.558 train_loss_sup: 2.067
[GPU1] epochs: [7/100] train_acc: 0.558 train_loss_sup: 2.032
[GPU1] epochs: [8/100] train_acc: 0.561 train_loss_sup: 1.997
[GPU1] epochs: [9/100] train_acc: 0.567 train_loss_sup: 1.967
[GPU1] epochs: [10/100] train_acc: 0.568 train_loss_sup: 1.936
[GPU1] Test Accuracy at epoch: 10: 0.59
[GPU1] epochs: [11/100] train_acc: 0.570 train_loss_sup: 1.906
[GPU1] epochs: [12/100] train_acc: 0.572 train_loss_sup: 1.879
[GPU1] epochs: [13/100] train_acc: 0.576 train_loss_sup: 1.853
[GPU1] epochs: [14/100] train_acc: 0.580 train_loss_sup: 1.828
[GPU1] epochs: [15/100] train_acc: 0.578 train_loss_sup: 1.805
[GPU1] epochs: [16/100] train_acc: 0.578 train_loss_sup: 1.783
[GPU1] epochs: [17/100] train_acc: 0.581 train_loss_sup: 1.760
[GPU1] epochs: [18/100] train_acc: 0.584 train_loss_sup: 1.740
[GPU1] epochs: [19/100] train_acc: 0.583 train_loss_sup: 1.725
[GPU1] epochs: [20/100] train_acc: 0.585 train_loss_sup: 1.704
[GPU1] Test Accuracy at epoch: 20: 0.624
[GPU1] epochs: [21/100] train_acc: 0.584 train_loss_sup: 1.687
[GPU1] epochs: [22/100] train_acc: 0.587 train_loss_sup: 1.671
[GPU1] epochs: [23/100] train_acc: 0.588 train_loss_sup: 1.654
[GPU1] epochs: [24/100] train_acc: 0.589 train_loss_sup: 1.639
[GPU1] epochs: [25/100] train_acc: 0.591 train_loss_sup: 1.624
[GPU1] epochs: [26/100] train_acc: 0.592 train_loss_sup: 1.609
[GPU1] epochs: [27/100] train_acc: 0.591 train_loss_sup: 1.596
[GPU1] epochs: [28/100] train_acc: 0.592 train_loss_sup: 1.585
[GPU1] epochs: [29/100] train_acc: 0.591 train_loss_sup: 1.573
[GPU1] epochs: [30/100] train_acc: 0.596 train_loss_sup: 1.560
[GPU1] Test Accuracy at epoch: 30: 0.627
[GPU1] epochs: [31/100] train_acc: 0.596 train_loss_sup: 1.548
[GPU1] epochs: [32/100] train_acc: 0.596 train_loss_sup: 1.539
[GPU1] epochs: [33/100] train_acc: 0.596 train_loss_sup: 1.524
[GPU1] epochs: [34/100] train_acc: 0.598 train_loss_sup: 1.515
[GPU1] epochs: [35/100] train_acc: 0.599 train_loss_sup: 1.505
[GPU1] epochs: [36/100] train_acc: 0.600 train_loss_sup: 1.495
[GPU1] epochs: [37/100] train_acc: 0.600 train_loss_sup: 1.487
[GPU1] epochs: [38/100] train_acc: 0.601 train_loss_sup: 1.480
[GPU1] epochs: [39/100] train_acc: 0.600 train_loss_sup: 1.469
[GPU1] epochs: [40/100] train_acc: 0.603 train_loss_sup: 1.461
[GPU1] Test Accuracy at epoch: 40: 0.632
[GPU1] epochs: [41/100] train_acc: 0.603 train_loss_sup: 1.451
[GPU1] epochs: [42/100] train_acc: 0.604 train_loss_sup: 1.443
[GPU1] epochs: [43/100] train_acc: 0.606 train_loss_sup: 1.436
[GPU1] epochs: [44/100] train_acc: 0.605 train_loss_sup: 1.431
[GPU1] epochs: [45/100] train_acc: 0.604 train_loss_sup: 1.421
[GPU1] epochs: [46/100] train_acc: 0.605 train_loss_sup: 1.417
[GPU1] epochs: [47/100] train_acc: 0.607 train_loss_sup: 1.408
[GPU1] epochs: [48/100] train_acc: 0.606 train_loss_sup: 1.402
[GPU1] epochs: [49/100] train_acc: 0.610 train_loss_sup: 1.393
[GPU1] epochs: [50/100] train_acc: 0.607 train_loss_sup: 1.388
[GPU1] Test Accuracy at epoch: 50: 0.642
[GPU1] epochs: [51/100] train_acc: 0.609 train_loss_sup: 1.381
[GPU1] epochs: [52/100] train_acc: 0.607 train_loss_sup: 1.378
[GPU1] epochs: [53/100] train_acc: 0.608 train_loss_sup: 1.371
[GPU1] epochs: [54/100] train_acc: 0.611 train_loss_sup: 1.365
[GPU1] epochs: [55/100] train_acc: 0.608 train_loss_sup: 1.363
[GPU1] epochs: [56/100] train_acc: 0.610 train_loss_sup: 1.358
[GPU1] epochs: [57/100] train_acc: 0.611 train_loss_sup: 1.349
[GPU1] epochs: [58/100] train_acc: 0.613 train_loss_sup: 1.342
[GPU1] epochs: [59/100] train_acc: 0.611 train_loss_sup: 1.339
[GPU1] epochs: [60/100] train_acc: 0.613 train_loss_sup: 1.334
[GPU1] Test Accuracy at epoch: 60: 0.647
[GPU1] epochs: [61/100] train_acc: 0.614 train_loss_sup: 1.327
[GPU1] epochs: [62/100] train_acc: 0.613 train_loss_sup: 1.323
[GPU1] epochs: [63/100] train_acc: 0.612 train_loss_sup: 1.323
[GPU1] epochs: [64/100] train_acc: 0.612 train_loss_sup: 1.315
[GPU1] epochs: [65/100] train_acc: 0.614 train_loss_sup: 1.312
[GPU1] epochs: [66/100] train_acc: 0.613 train_loss_sup: 1.311
[GPU1] epochs: [67/100] train_acc: 0.615 train_loss_sup: 1.305
[GPU1] epochs: [68/100] train_acc: 0.613 train_loss_sup: 1.301
[GPU1] epochs: [69/100] train_acc: 0.617 train_loss_sup: 1.295
[GPU1] epochs: [70/100] train_acc: 0.619 train_loss_sup: 1.291
[GPU1] Test Accuracy at epoch: 70: 0.652
[GPU1] epochs: [71/100] train_acc: 0.618 train_loss_sup: 1.287
[GPU1] epochs: [72/100] train_acc: 0.618 train_loss_sup: 1.283
[GPU1] epochs: [73/100] train_acc: 0.617 train_loss_sup: 1.283
[GPU1] epochs: [74/100] train_acc: 0.617 train_loss_sup: 1.277
[GPU1] epochs: [75/100] train_acc: 0.620 train_loss_sup: 1.273
[GPU1] epochs: [76/100] train_acc: 0.619 train_loss_sup: 1.270
[GPU1] epochs: [77/100] train_acc: 0.617 train_loss_sup: 1.270
[GPU1] epochs: [78/100] train_acc: 0.619 train_loss_sup: 1.266
[GPU1] epochs: [79/100] train_acc: 0.618 train_loss_sup: 1.262
[GPU1] epochs: [80/100] train_acc: 0.620 train_loss_sup: 1.258
[GPU1] Test Accuracy at epoch: 80: 0.653
[GPU1] epochs: [81/100] train_acc: 0.619 train_loss_sup: 1.256
[GPU1] epochs: [82/100] train_acc: 0.621 train_loss_sup: 1.252
[GPU1] epochs: [83/100] train_acc: 0.621 train_loss_sup: 1.248
[GPU1] epochs: [84/100] train_acc: 0.622 train_loss_sup: 1.246
[GPU1] epochs: [85/100] train_acc: 0.623 train_loss_sup: 1.240
[GPU1] epochs: [86/100] train_acc: 0.621 train_loss_sup: 1.241
[GPU1] epochs: [87/100] train_acc: 0.622 train_loss_sup: 1.237
[GPU1] epochs: [88/100] train_acc: 0.621 train_loss_sup: 1.235
[GPU1] epochs: [89/100] train_acc: 0.622 train_loss_sup: 1.231
[GPU1] epochs: [90/100] train_acc: 0.625 train_loss_sup: 1.228
[GPU1] Test Accuracy at epoch: 90: 0.655
[GPU1] epochs: [91/100] train_acc: 0.622 train_loss_sup: 1.228
[GPU1] epochs: [92/100] train_acc: 0.622 train_loss_sup: 1.223
[GPU1] epochs: [93/100] train_acc: 0.621 train_loss_sup: 1.220
[GPU1] epochs: [94/100] train_acc: 0.622 train_loss_sup: 1.224
[GPU1] epochs: [95/100] train_acc: 0.624 train_loss_sup: 1.217
[GPU1] epochs: [96/100] train_acc: 0.624 train_loss_sup: 1.212
[GPU1] epochs: [97/100] train_acc: 0.624 train_loss_sup: 1.212
[GPU1] epochs: [98/100] train_acc: 0.627 train_loss_sup: 1.206
[GPU1] epochs: [99/100] train_acc: 0.625 train_loss_sup: 1.207
[GPU1] epochs: [100/100] train_acc: 0.626 train_loss_sup: 1.204
[GPU1] Final Test Accuracy: 0.659
LR: 0.100 | WD: 0.000001 | Cosine: False | test Acc: 0.659%
===> using linear mlp
Scheduler: None
MLP: MLP(
  (mlp): Linear(in_features=512, out_features=10, bias=True)
)
[GPU1] Test Accuracy at epoch: 0: 0.382
[GPU1] epochs: [1/100] train_acc: 0.242 train_loss_sup: 2.283
[GPU1] epochs: [2/100] train_acc: 0.464 train_loss_sup: 2.236
[GPU1] epochs: [3/100] train_acc: 0.502 train_loss_sup: 2.192
[GPU1] epochs: [4/100] train_acc: 0.527 train_loss_sup: 2.150
[GPU1] epochs: [5/100] train_acc: 0.545 train_loss_sup: 2.110
[GPU1] epochs: [6/100] train_acc: 0.551 train_loss_sup: 2.072
[GPU1] epochs: [7/100] train_acc: 0.558 train_loss_sup: 2.039
[GPU1] epochs: [8/100] train_acc: 0.563 train_loss_sup: 2.007
[GPU1] epochs: [9/100] train_acc: 0.568 train_loss_sup: 1.976
[GPU1] epochs: [10/100] train_acc: 0.566 train_loss_sup: 1.948
[GPU1] Test Accuracy at epoch: 10: 0.585
[GPU1] epochs: [11/100] train_acc: 0.572 train_loss_sup: 1.920
[GPU1] epochs: [12/100] train_acc: 0.570 train_loss_sup: 1.898
[GPU1] epochs: [13/100] train_acc: 0.575 train_loss_sup: 1.873
[GPU1] epochs: [14/100] train_acc: 0.575 train_loss_sup: 1.851
[GPU1] epochs: [15/100] train_acc: 0.577 train_loss_sup: 1.831
[GPU1] epochs: [16/100] train_acc: 0.578 train_loss_sup: 1.810
[GPU1] epochs: [17/100] train_acc: 0.582 train_loss_sup: 1.791
[GPU1] epochs: [18/100] train_acc: 0.580 train_loss_sup: 1.774
[GPU1] epochs: [19/100] train_acc: 0.580 train_loss_sup: 1.757
[GPU1] epochs: [20/100] train_acc: 0.584 train_loss_sup: 1.741
[GPU1] Test Accuracy at epoch: 20: 0.62
[GPU1] epochs: [21/100] train_acc: 0.583 train_loss_sup: 1.726
[GPU1] epochs: [22/100] train_acc: 0.587 train_loss_sup: 1.712
[GPU1] epochs: [23/100] train_acc: 0.587 train_loss_sup: 1.698
[GPU1] epochs: [24/100] train_acc: 0.587 train_loss_sup: 1.684
[GPU1] epochs: [25/100] train_acc: 0.589 train_loss_sup: 1.672
[GPU1] epochs: [26/100] train_acc: 0.590 train_loss_sup: 1.661
[GPU1] epochs: [27/100] train_acc: 0.592 train_loss_sup: 1.650
[GPU1] epochs: [28/100] train_acc: 0.591 train_loss_sup: 1.639
[GPU1] epochs: [29/100] train_acc: 0.590 train_loss_sup: 1.631
[GPU1] epochs: [30/100] train_acc: 0.592 train_loss_sup: 1.618
[GPU1] Test Accuracy at epoch: 30: 0.625
[GPU1] epochs: [31/100] train_acc: 0.592 train_loss_sup: 1.609
[GPU1] epochs: [32/100] train_acc: 0.593 train_loss_sup: 1.601
[GPU1] epochs: [33/100] train_acc: 0.594 train_loss_sup: 1.592
[GPU1] epochs: [34/100] train_acc: 0.595 train_loss_sup: 1.582
[GPU1] epochs: [35/100] train_acc: 0.597 train_loss_sup: 1.575
[GPU1] epochs: [36/100] train_acc: 0.594 train_loss_sup: 1.568
[GPU1] epochs: [37/100] train_acc: 0.598 train_loss_sup: 1.561
[GPU1] epochs: [38/100] train_acc: 0.598 train_loss_sup: 1.554
[GPU1] epochs: [39/100] train_acc: 0.596 train_loss_sup: 1.548
[GPU1] epochs: [40/100] train_acc: 0.596 train_loss_sup: 1.542
[GPU1] Test Accuracy at epoch: 40: 0.628
[GPU1] epochs: [41/100] train_acc: 0.599 train_loss_sup: 1.536
[GPU1] epochs: [42/100] train_acc: 0.600 train_loss_sup: 1.527
[GPU1] epochs: [43/100] train_acc: 0.599 train_loss_sup: 1.523
[GPU1] epochs: [44/100] train_acc: 0.599 train_loss_sup: 1.517
[GPU1] epochs: [45/100] train_acc: 0.602 train_loss_sup: 1.511
[GPU1] epochs: [46/100] train_acc: 0.601 train_loss_sup: 1.508
[GPU1] epochs: [47/100] train_acc: 0.603 train_loss_sup: 1.503
[GPU1] epochs: [48/100] train_acc: 0.604 train_loss_sup: 1.497
[GPU1] epochs: [49/100] train_acc: 0.604 train_loss_sup: 1.493
[GPU1] epochs: [50/100] train_acc: 0.605 train_loss_sup: 1.488
[GPU1] Test Accuracy at epoch: 50: 0.634
[GPU1] epochs: [51/100] train_acc: 0.604 train_loss_sup: 1.485
[GPU1] epochs: [52/100] train_acc: 0.605 train_loss_sup: 1.477
[GPU1] epochs: [53/100] train_acc: 0.604 train_loss_sup: 1.475
[GPU1] epochs: [54/100] train_acc: 0.608 train_loss_sup: 1.469
[GPU1] epochs: [55/100] train_acc: 0.605 train_loss_sup: 1.468
[GPU1] epochs: [56/100] train_acc: 0.607 train_loss_sup: 1.463
[GPU1] epochs: [57/100] train_acc: 0.607 train_loss_sup: 1.459
[GPU1] epochs: [58/100] train_acc: 0.608 train_loss_sup: 1.456
[GPU1] epochs: [59/100] train_acc: 0.605 train_loss_sup: 1.451
[GPU1] epochs: [60/100] train_acc: 0.611 train_loss_sup: 1.446
[GPU1] Test Accuracy at epoch: 60: 0.638
[GPU1] epochs: [61/100] train_acc: 0.606 train_loss_sup: 1.447
[GPU1] epochs: [62/100] train_acc: 0.608 train_loss_sup: 1.441
[GPU1] epochs: [63/100] train_acc: 0.608 train_loss_sup: 1.441
[GPU1] epochs: [64/100] train_acc: 0.608 train_loss_sup: 1.437
[GPU1] epochs: [65/100] train_acc: 0.608 train_loss_sup: 1.437
[GPU1] epochs: [66/100] train_acc: 0.609 train_loss_sup: 1.432
[GPU1] epochs: [67/100] train_acc: 0.612 train_loss_sup: 1.427
[GPU1] epochs: [68/100] train_acc: 0.608 train_loss_sup: 1.425
[GPU1] epochs: [69/100] train_acc: 0.613 train_loss_sup: 1.423
[GPU1] epochs: [70/100] train_acc: 0.613 train_loss_sup: 1.420
[GPU1] Test Accuracy at epoch: 70: 0.646
[GPU1] epochs: [71/100] train_acc: 0.610 train_loss_sup: 1.420
[GPU1] epochs: [72/100] train_acc: 0.610 train_loss_sup: 1.416
[GPU1] epochs: [73/100] train_acc: 0.612 train_loss_sup: 1.415
[GPU1] epochs: [74/100] train_acc: 0.613 train_loss_sup: 1.411
[GPU1] epochs: [75/100] train_acc: 0.611 train_loss_sup: 1.409
[GPU1] epochs: [76/100] train_acc: 0.612 train_loss_sup: 1.408
[GPU1] epochs: [77/100] train_acc: 0.614 train_loss_sup: 1.403
[GPU1] epochs: [78/100] train_acc: 0.614 train_loss_sup: 1.401
[GPU1] epochs: [79/100] train_acc: 0.615 train_loss_sup: 1.398
[GPU1] epochs: [80/100] train_acc: 0.611 train_loss_sup: 1.402
[GPU1] Test Accuracy at epoch: 80: 0.646
[GPU1] epochs: [81/100] train_acc: 0.614 train_loss_sup: 1.397
[GPU1] epochs: [82/100] train_acc: 0.612 train_loss_sup: 1.399
[GPU1] epochs: [83/100] train_acc: 0.616 train_loss_sup: 1.395
[GPU1] epochs: [84/100] train_acc: 0.614 train_loss_sup: 1.391
[GPU1] epochs: [85/100] train_acc: 0.615 train_loss_sup: 1.390
[GPU1] epochs: [86/100] train_acc: 0.615 train_loss_sup: 1.390
[GPU1] epochs: [87/100] train_acc: 0.616 train_loss_sup: 1.388
[GPU1] epochs: [88/100] train_acc: 0.617 train_loss_sup: 1.386
[GPU1] epochs: [89/100] train_acc: 0.615 train_loss_sup: 1.386
[GPU1] epochs: [90/100] train_acc: 0.616 train_loss_sup: 1.383
[GPU1] Test Accuracy at epoch: 90: 0.648
[GPU1] epochs: [91/100] train_acc: 0.615 train_loss_sup: 1.381
[GPU1] epochs: [92/100] train_acc: 0.618 train_loss_sup: 1.379
[GPU1] epochs: [93/100] train_acc: 0.616 train_loss_sup: 1.377
[GPU1] epochs: [94/100] train_acc: 0.617 train_loss_sup: 1.378
[GPU1] epochs: [95/100] train_acc: 0.619 train_loss_sup: 1.375
[GPU1] epochs: [96/100] train_acc: 0.618 train_loss_sup: 1.374
[GPU1] epochs: [97/100] train_acc: 0.616 train_loss_sup: 1.375
[GPU1] epochs: [98/100] train_acc: 0.617 train_loss_sup: 1.373
[GPU1] epochs: [99/100] train_acc: 0.616 train_loss_sup: 1.374
[GPU1] epochs: [100/100] train_acc: 0.616 train_loss_sup: 1.370
[GPU1] Final Test Accuracy: 0.651
LR: 0.100 | WD: 0.000100 | Cosine: False | test Acc: 0.651%
===> using linear mlp
Scheduler: None
MLP: MLP(
  (mlp): Linear(in_features=512, out_features=10, bias=True)
)
[GPU1] Test Accuracy at epoch: 0: 0.422
[GPU1] epochs: [1/100] train_acc: 0.267 train_loss_sup: 2.283
[GPU1] epochs: [2/100] train_acc: 0.439 train_loss_sup: 2.236
[GPU1] epochs: [3/100] train_acc: 0.507 train_loss_sup: 2.190
[GPU1] epochs: [4/100] train_acc: 0.541 train_loss_sup: 2.147
[GPU1] epochs: [5/100] train_acc: 0.542 train_loss_sup: 2.107
[GPU1] epochs: [6/100] train_acc: 0.562 train_loss_sup: 2.068
[GPU1] epochs: [7/100] train_acc: 0.559 train_loss_sup: 2.031
[GPU1] epochs: [8/100] train_acc: 0.564 train_loss_sup: 1.998
[GPU1] epochs: [9/100] train_acc: 0.568 train_loss_sup: 1.965
[GPU1] epochs: [10/100] train_acc: 0.573 train_loss_sup: 1.934
[GPU1] Test Accuracy at epoch: 10: 0.596
[GPU1] epochs: [11/100] train_acc: 0.576 train_loss_sup: 1.906
[GPU1] epochs: [12/100] train_acc: 0.572 train_loss_sup: 1.878
[GPU1] epochs: [13/100] train_acc: 0.576 train_loss_sup: 1.851
[GPU1] epochs: [14/100] train_acc: 0.574 train_loss_sup: 1.828
[GPU1] epochs: [15/100] train_acc: 0.579 train_loss_sup: 1.805
[GPU1] epochs: [16/100] train_acc: 0.581 train_loss_sup: 1.782
[GPU1] epochs: [17/100] train_acc: 0.581 train_loss_sup: 1.762
[GPU1] epochs: [18/100] train_acc: 0.582 train_loss_sup: 1.739
[GPU1] epochs: [19/100] train_acc: 0.580 train_loss_sup: 1.722
[GPU1] epochs: [20/100] train_acc: 0.586 train_loss_sup: 1.703
[GPU1] Test Accuracy at epoch: 20: 0.607
[GPU1] epochs: [21/100] train_acc: 0.587 train_loss_sup: 1.688
[GPU1] epochs: [22/100] train_acc: 0.587 train_loss_sup: 1.670
[GPU1] epochs: [23/100] train_acc: 0.589 train_loss_sup: 1.654
[GPU1] epochs: [24/100] train_acc: 0.591 train_loss_sup: 1.639
[GPU1] epochs: [25/100] train_acc: 0.591 train_loss_sup: 1.623
[GPU1] epochs: [26/100] train_acc: 0.591 train_loss_sup: 1.609
[GPU1] epochs: [27/100] train_acc: 0.590 train_loss_sup: 1.597
[GPU1] epochs: [28/100] train_acc: 0.591 train_loss_sup: 1.583
[GPU1] epochs: [29/100] train_acc: 0.594 train_loss_sup: 1.570
[GPU1] epochs: [30/100] train_acc: 0.595 train_loss_sup: 1.560
[GPU1] Test Accuracy at epoch: 30: 0.622
[GPU1] epochs: [31/100] train_acc: 0.598 train_loss_sup: 1.548
[GPU1] epochs: [32/100] train_acc: 0.597 train_loss_sup: 1.535
[GPU1] epochs: [33/100] train_acc: 0.596 train_loss_sup: 1.526
[GPU1] epochs: [34/100] train_acc: 0.597 train_loss_sup: 1.515
[GPU1] epochs: [35/100] train_acc: 0.598 train_loss_sup: 1.504
[GPU1] epochs: [36/100] train_acc: 0.595 train_loss_sup: 1.497
[GPU1] epochs: [37/100] train_acc: 0.601 train_loss_sup: 1.484
[GPU1] epochs: [38/100] train_acc: 0.601 train_loss_sup: 1.477
[GPU1] epochs: [39/100] train_acc: 0.601 train_loss_sup: 1.467
[GPU1] epochs: [40/100] train_acc: 0.601 train_loss_sup: 1.460
[GPU1] Test Accuracy at epoch: 40: 0.632
[GPU1] epochs: [41/100] train_acc: 0.602 train_loss_sup: 1.451
[GPU1] epochs: [42/100] train_acc: 0.604 train_loss_sup: 1.443
[GPU1] epochs: [43/100] train_acc: 0.604 train_loss_sup: 1.436
[GPU1] epochs: [44/100] train_acc: 0.604 train_loss_sup: 1.428
[GPU1] epochs: [45/100] train_acc: 0.605 train_loss_sup: 1.420
[GPU1] epochs: [46/100] train_acc: 0.606 train_loss_sup: 1.415
[GPU1] epochs: [47/100] train_acc: 0.603 train_loss_sup: 1.408
[GPU1] epochs: [48/100] train_acc: 0.607 train_loss_sup: 1.401
[GPU1] epochs: [49/100] train_acc: 0.606 train_loss_sup: 1.394
[GPU1] epochs: [50/100] train_acc: 0.608 train_loss_sup: 1.388
[GPU1] Test Accuracy at epoch: 50: 0.64
[GPU1] epochs: [51/100] train_acc: 0.607 train_loss_sup: 1.382
[GPU1] epochs: [52/100] train_acc: 0.609 train_loss_sup: 1.377
[GPU1] epochs: [53/100] train_acc: 0.609 train_loss_sup: 1.372
[GPU1] epochs: [54/100] train_acc: 0.609 train_loss_sup: 1.365
[GPU1] epochs: [55/100] train_acc: 0.610 train_loss_sup: 1.359
[GPU1] epochs: [56/100] train_acc: 0.609 train_loss_sup: 1.354
[GPU1] epochs: [57/100] train_acc: 0.612 train_loss_sup: 1.347
[GPU1] epochs: [58/100] train_acc: 0.610 train_loss_sup: 1.345
[GPU1] epochs: [59/100] train_acc: 0.615 train_loss_sup: 1.336
[GPU1] epochs: [60/100] train_acc: 0.613 train_loss_sup: 1.333
[GPU1] Test Accuracy at epoch: 60: 0.647
[GPU1] epochs: [61/100] train_acc: 0.612 train_loss_sup: 1.329
[GPU1] epochs: [62/100] train_acc: 0.611 train_loss_sup: 1.323
[GPU1] epochs: [63/100] train_acc: 0.612 train_loss_sup: 1.320
[GPU1] epochs: [64/100] train_acc: 0.615 train_loss_sup: 1.314
[GPU1] epochs: [65/100] train_acc: 0.613 train_loss_sup: 1.311
[GPU1] epochs: [66/100] train_acc: 0.615 train_loss_sup: 1.308
[GPU1] epochs: [67/100] train_acc: 0.615 train_loss_sup: 1.304
[GPU1] epochs: [68/100] train_acc: 0.615 train_loss_sup: 1.300
[GPU1] epochs: [69/100] train_acc: 0.615 train_loss_sup: 1.296
[GPU1] epochs: [70/100] train_acc: 0.616 train_loss_sup: 1.293
[GPU1] Test Accuracy at epoch: 70: 0.65
[GPU1] epochs: [71/100] train_acc: 0.617 train_loss_sup: 1.289
[GPU1] epochs: [72/100] train_acc: 0.618 train_loss_sup: 1.282
[GPU1] epochs: [73/100] train_acc: 0.618 train_loss_sup: 1.279
[GPU1] epochs: [74/100] train_acc: 0.621 train_loss_sup: 1.273
[GPU1] epochs: [75/100] train_acc: 0.619 train_loss_sup: 1.273
[GPU1] epochs: [76/100] train_acc: 0.619 train_loss_sup: 1.266
[GPU1] epochs: [77/100] train_acc: 0.617 train_loss_sup: 1.267
[GPU1] epochs: [78/100] train_acc: 0.621 train_loss_sup: 1.262
[GPU1] epochs: [79/100] train_acc: 0.620 train_loss_sup: 1.257
[GPU1] epochs: [80/100] train_acc: 0.621 train_loss_sup: 1.254
[GPU1] Test Accuracy at epoch: 80: 0.654
[GPU1] epochs: [81/100] train_acc: 0.621 train_loss_sup: 1.249
[GPU1] epochs: [82/100] train_acc: 0.620 train_loss_sup: 1.249
[GPU1] epochs: [83/100] train_acc: 0.620 train_loss_sup: 1.249
[GPU1] epochs: [84/100] train_acc: 0.621 train_loss_sup: 1.247
[GPU1] epochs: [85/100] train_acc: 0.623 train_loss_sup: 1.240
[GPU1] epochs: [86/100] train_acc: 0.624 train_loss_sup: 1.239
[GPU1] epochs: [87/100] train_acc: 0.620 train_loss_sup: 1.237
[GPU1] epochs: [88/100] train_acc: 0.622 train_loss_sup: 1.232
[GPU1] epochs: [89/100] train_acc: 0.623 train_loss_sup: 1.229
[GPU1] epochs: [90/100] train_acc: 0.623 train_loss_sup: 1.228
[GPU1] Test Accuracy at epoch: 90: 0.654
[GPU1] epochs: [91/100] train_acc: 0.622 train_loss_sup: 1.223
[GPU1] epochs: [92/100] train_acc: 0.622 train_loss_sup: 1.224
[GPU1] epochs: [93/100] train_acc: 0.620 train_loss_sup: 1.223
[GPU1] epochs: [94/100] train_acc: 0.624 train_loss_sup: 1.218
[GPU1] epochs: [95/100] train_acc: 0.624 train_loss_sup: 1.214
[GPU1] epochs: [96/100] train_acc: 0.625 train_loss_sup: 1.213
[GPU1] epochs: [97/100] train_acc: 0.624 train_loss_sup: 1.211
[GPU1] epochs: [98/100] train_acc: 0.626 train_loss_sup: 1.209
[GPU1] epochs: [99/100] train_acc: 0.627 train_loss_sup: 1.204
[GPU1] epochs: [100/100] train_acc: 0.625 train_loss_sup: 1.203
[GPU1] Final Test Accuracy: 0.658
LR: 0.100 | WD: 0.000000 | Cosine: False | test Acc: 0.658%
===> using linear mlp
Scheduler: None
MLP: MLP(
  (mlp): Linear(in_features=512, out_features=10, bias=True)
)
[GPU1] Test Accuracy at epoch: 0: 0.581
[GPU1] epochs: [1/100] train_acc: 0.396 train_loss_sup: 2.128
[GPU1] epochs: [2/100] train_acc: 0.553 train_loss_sup: 1.814
[GPU1] epochs: [3/100] train_acc: 0.574 train_loss_sup: 1.628
[GPU1] epochs: [4/100] train_acc: 0.589 train_loss_sup: 1.508
[GPU1] epochs: [5/100] train_acc: 0.602 train_loss_sup: 1.422
[GPU1] epochs: [6/100] train_acc: 0.605 train_loss_sup: 1.361
[GPU1] epochs: [7/100] train_acc: 0.611 train_loss_sup: 1.311
[GPU1] epochs: [8/100] train_acc: 0.611 train_loss_sup: 1.278
[GPU1] epochs: [9/100] train_acc: 0.617 train_loss_sup: 1.243
[GPU1] epochs: [10/100] train_acc: 0.623 train_loss_sup: 1.217
[GPU1] Test Accuracy at epoch: 10: 0.654
[GPU1] epochs: [11/100] train_acc: 0.623 train_loss_sup: 1.195
[GPU1] epochs: [12/100] train_acc: 0.626 train_loss_sup: 1.176
[GPU1] epochs: [13/100] train_acc: 0.626 train_loss_sup: 1.161
[GPU1] epochs: [14/100] train_acc: 0.631 train_loss_sup: 1.145
[GPU1] epochs: [15/100] train_acc: 0.635 train_loss_sup: 1.130
[GPU1] epochs: [16/100] train_acc: 0.634 train_loss_sup: 1.121
[GPU1] epochs: [17/100] train_acc: 0.638 train_loss_sup: 1.106
[GPU1] epochs: [18/100] train_acc: 0.639 train_loss_sup: 1.098
[GPU1] epochs: [19/100] train_acc: 0.642 train_loss_sup: 1.091
[GPU1] epochs: [20/100] train_acc: 0.643 train_loss_sup: 1.079
[GPU1] Test Accuracy at epoch: 20: 0.672
[GPU1] epochs: [21/100] train_acc: 0.642 train_loss_sup: 1.076
[GPU1] epochs: [22/100] train_acc: 0.644 train_loss_sup: 1.068
[GPU1] epochs: [23/100] train_acc: 0.647 train_loss_sup: 1.060
[GPU1] epochs: [24/100] train_acc: 0.648 train_loss_sup: 1.051
[GPU1] epochs: [25/100] train_acc: 0.651 train_loss_sup: 1.046
[GPU1] epochs: [26/100] train_acc: 0.651 train_loss_sup: 1.040
[GPU1] epochs: [27/100] train_acc: 0.650 train_loss_sup: 1.037
[GPU1] epochs: [28/100] train_acc: 0.653 train_loss_sup: 1.031
[GPU1] epochs: [29/100] train_acc: 0.652 train_loss_sup: 1.027
[GPU1] epochs: [30/100] train_acc: 0.654 train_loss_sup: 1.022
[GPU1] Test Accuracy at epoch: 30: 0.692
[GPU1] epochs: [31/100] train_acc: 0.656 train_loss_sup: 1.016
[GPU1] epochs: [32/100] train_acc: 0.657 train_loss_sup: 1.012
[GPU1] epochs: [33/100] train_acc: 0.658 train_loss_sup: 1.010
[GPU1] epochs: [34/100] train_acc: 0.659 train_loss_sup: 1.006
[GPU1] epochs: [35/100] train_acc: 0.657 train_loss_sup: 1.004
[GPU1] epochs: [36/100] train_acc: 0.661 train_loss_sup: 0.998
[GPU1] epochs: [37/100] train_acc: 0.661 train_loss_sup: 0.996
[GPU1] epochs: [38/100] train_acc: 0.662 train_loss_sup: 0.993
[GPU1] epochs: [39/100] train_acc: 0.663 train_loss_sup: 0.991
[GPU1] epochs: [40/100] train_acc: 0.663 train_loss_sup: 0.982
[GPU1] Test Accuracy at epoch: 40: 0.698
[GPU1] epochs: [41/100] train_acc: 0.665 train_loss_sup: 0.982
[GPU1] epochs: [42/100] train_acc: 0.664 train_loss_sup: 0.981
[GPU1] epochs: [43/100] train_acc: 0.667 train_loss_sup: 0.976
[GPU1] epochs: [44/100] train_acc: 0.667 train_loss_sup: 0.974
[GPU1] epochs: [45/100] train_acc: 0.665 train_loss_sup: 0.973
[GPU1] epochs: [46/100] train_acc: 0.666 train_loss_sup: 0.969
[GPU1] epochs: [47/100] train_acc: 0.667 train_loss_sup: 0.969
[GPU1] epochs: [48/100] train_acc: 0.671 train_loss_sup: 0.962
[GPU1] epochs: [49/100] train_acc: 0.667 train_loss_sup: 0.963
[GPU1] epochs: [50/100] train_acc: 0.669 train_loss_sup: 0.961
[GPU1] Test Accuracy at epoch: 50: 0.704
[GPU1] epochs: [51/100] train_acc: 0.672 train_loss_sup: 0.958
[GPU1] epochs: [52/100] train_acc: 0.669 train_loss_sup: 0.960
[GPU1] epochs: [53/100] train_acc: 0.671 train_loss_sup: 0.957
[GPU1] epochs: [54/100] train_acc: 0.672 train_loss_sup: 0.956
[GPU1] epochs: [55/100] train_acc: 0.673 train_loss_sup: 0.949
[GPU1] epochs: [56/100] train_acc: 0.673 train_loss_sup: 0.947
[GPU1] epochs: [57/100] train_acc: 0.671 train_loss_sup: 0.950
[GPU1] epochs: [58/100] train_acc: 0.673 train_loss_sup: 0.949
[GPU1] epochs: [59/100] train_acc: 0.675 train_loss_sup: 0.945
[GPU1] epochs: [60/100] train_acc: 0.673 train_loss_sup: 0.942
[GPU1] Test Accuracy at epoch: 60: 0.71
[GPU1] epochs: [61/100] train_acc: 0.677 train_loss_sup: 0.941
[GPU1] epochs: [62/100] train_acc: 0.675 train_loss_sup: 0.942
[GPU1] epochs: [63/100] train_acc: 0.677 train_loss_sup: 0.937
[GPU1] epochs: [64/100] train_acc: 0.674 train_loss_sup: 0.937
[GPU1] epochs: [65/100] train_acc: 0.676 train_loss_sup: 0.935
[GPU1] epochs: [66/100] train_acc: 0.676 train_loss_sup: 0.933
[GPU1] epochs: [67/100] train_acc: 0.679 train_loss_sup: 0.928
[GPU1] epochs: [68/100] train_acc: 0.678 train_loss_sup: 0.933
[GPU1] epochs: [69/100] train_acc: 0.677 train_loss_sup: 0.930
[GPU1] epochs: [70/100] train_acc: 0.680 train_loss_sup: 0.929
[GPU1] Test Accuracy at epoch: 70: 0.712
[GPU1] epochs: [71/100] train_acc: 0.679 train_loss_sup: 0.930
[GPU1] epochs: [72/100] train_acc: 0.676 train_loss_sup: 0.925
[GPU1] epochs: [73/100] train_acc: 0.677 train_loss_sup: 0.927
[GPU1] epochs: [74/100] train_acc: 0.682 train_loss_sup: 0.922
[GPU1] epochs: [75/100] train_acc: 0.679 train_loss_sup: 0.923
[GPU1] epochs: [76/100] train_acc: 0.679 train_loss_sup: 0.925
[GPU1] epochs: [77/100] train_acc: 0.679 train_loss_sup: 0.925
[GPU1] epochs: [78/100] train_acc: 0.684 train_loss_sup: 0.914
[GPU1] epochs: [79/100] train_acc: 0.681 train_loss_sup: 0.919
[GPU1] epochs: [80/100] train_acc: 0.682 train_loss_sup: 0.916
[GPU1] Test Accuracy at epoch: 80: 0.712
[GPU1] epochs: [81/100] train_acc: 0.680 train_loss_sup: 0.921
[GPU1] epochs: [82/100] train_acc: 0.680 train_loss_sup: 0.916
[GPU1] epochs: [83/100] train_acc: 0.683 train_loss_sup: 0.916
[GPU1] epochs: [84/100] train_acc: 0.682 train_loss_sup: 0.916
[GPU1] epochs: [85/100] train_acc: 0.684 train_loss_sup: 0.912
[GPU1] epochs: [86/100] train_acc: 0.684 train_loss_sup: 0.907
[GPU1] epochs: [87/100] train_acc: 0.684 train_loss_sup: 0.911
[GPU1] epochs: [88/100] train_acc: 0.685 train_loss_sup: 0.910
[GPU1] epochs: [89/100] train_acc: 0.685 train_loss_sup: 0.908
[GPU1] epochs: [90/100] train_acc: 0.685 train_loss_sup: 0.907
[GPU1] Test Accuracy at epoch: 90: 0.72
[GPU1] epochs: [91/100] train_acc: 0.684 train_loss_sup: 0.910
[GPU1] epochs: [92/100] train_acc: 0.685 train_loss_sup: 0.909
[GPU1] epochs: [93/100] train_acc: 0.687 train_loss_sup: 0.906
[GPU1] epochs: [94/100] train_acc: 0.685 train_loss_sup: 0.906
[GPU1] epochs: [95/100] train_acc: 0.685 train_loss_sup: 0.908
[GPU1] epochs: [96/100] train_acc: 0.686 train_loss_sup: 0.901
[GPU1] epochs: [97/100] train_acc: 0.683 train_loss_sup: 0.909
[GPU1] epochs: [98/100] train_acc: 0.686 train_loss_sup: 0.904
[GPU1] epochs: [99/100] train_acc: 0.683 train_loss_sup: 0.906
[GPU1] epochs: [100/100] train_acc: 0.688 train_loss_sup: 0.898
[GPU1] Final Test Accuracy: 0.722
LR: 1.000 | WD: 0.000001 | Cosine: False | test Acc: 0.722%
===> using linear mlp
Scheduler: None
MLP: MLP(
  (mlp): Linear(in_features=512, out_features=10, bias=True)
)
[GPU1] Test Accuracy at epoch: 0: 0.537
[GPU1] epochs: [1/100] train_acc: 0.384 train_loss_sup: 2.131
[GPU1] epochs: [2/100] train_acc: 0.555 train_loss_sup: 1.839
[GPU1] epochs: [3/100] train_acc: 0.570 train_loss_sup: 1.676
[GPU1] epochs: [4/100] train_acc: 0.578 train_loss_sup: 1.578
[GPU1] epochs: [5/100] train_acc: 0.592 train_loss_sup: 1.512
[GPU1] epochs: [6/100] train_acc: 0.599 train_loss_sup: 1.466
[GPU1] epochs: [7/100] train_acc: 0.603 train_loss_sup: 1.434
[GPU1] epochs: [8/100] train_acc: 0.603 train_loss_sup: 1.410
[GPU1] epochs: [9/100] train_acc: 0.609 train_loss_sup: 1.393
[GPU1] epochs: [10/100] train_acc: 0.609 train_loss_sup: 1.377
[GPU1] Test Accuracy at epoch: 10: 0.647
[GPU1] epochs: [11/100] train_acc: 0.612 train_loss_sup: 1.366
[GPU1] epochs: [12/100] train_acc: 0.611 train_loss_sup: 1.359
[GPU1] epochs: [13/100] train_acc: 0.615 train_loss_sup: 1.353
[GPU1] epochs: [14/100] train_acc: 0.618 train_loss_sup: 1.344
[GPU1] epochs: [15/100] train_acc: 0.616 train_loss_sup: 1.343
[GPU1] epochs: [16/100] train_acc: 0.619 train_loss_sup: 1.339
[GPU1] epochs: [17/100] train_acc: 0.619 train_loss_sup: 1.334
[GPU1] epochs: [18/100] train_acc: 0.625 train_loss_sup: 1.333
[GPU1] epochs: [19/100] train_acc: 0.623 train_loss_sup: 1.329
[GPU1] epochs: [20/100] train_acc: 0.623 train_loss_sup: 1.326
[GPU1] Test Accuracy at epoch: 20: 0.659
[GPU1] epochs: [21/100] train_acc: 0.623 train_loss_sup: 1.327
[GPU1] epochs: [22/100] train_acc: 0.625 train_loss_sup: 1.325
[GPU1] epochs: [23/100] train_acc: 0.624 train_loss_sup: 1.327
[GPU1] epochs: [24/100] train_acc: 0.625 train_loss_sup: 1.324
[GPU1] epochs: [25/100] train_acc: 0.624 train_loss_sup: 1.321
[GPU1] epochs: [26/100] train_acc: 0.625 train_loss_sup: 1.322
[GPU1] epochs: [27/100] train_acc: 0.627 train_loss_sup: 1.320
[GPU1] epochs: [28/100] train_acc: 0.627 train_loss_sup: 1.322
[GPU1] epochs: [29/100] train_acc: 0.626 train_loss_sup: 1.320
[GPU1] epochs: [30/100] train_acc: 0.626 train_loss_sup: 1.320
[GPU1] Test Accuracy at epoch: 30: 0.656
[GPU1] epochs: [31/100] train_acc: 0.626 train_loss_sup: 1.320
[GPU1] epochs: [32/100] train_acc: 0.625 train_loss_sup: 1.319
[GPU1] epochs: [33/100] train_acc: 0.625 train_loss_sup: 1.319
[GPU1] epochs: [34/100] train_acc: 0.629 train_loss_sup: 1.318
[GPU1] epochs: [35/100] train_acc: 0.628 train_loss_sup: 1.317
[GPU1] epochs: [36/100] train_acc: 0.626 train_loss_sup: 1.317
[GPU1] epochs: [37/100] train_acc: 0.624 train_loss_sup: 1.322
[GPU1] epochs: [38/100] train_acc: 0.626 train_loss_sup: 1.321
[GPU1] epochs: [39/100] train_acc: 0.626 train_loss_sup: 1.320
[GPU1] epochs: [40/100] train_acc: 0.626 train_loss_sup: 1.318
[GPU1] Test Accuracy at epoch: 40: 0.663
[GPU1] epochs: [41/100] train_acc: 0.624 train_loss_sup: 1.321
[GPU1] epochs: [42/100] train_acc: 0.627 train_loss_sup: 1.320
[GPU1] epochs: [43/100] train_acc: 0.628 train_loss_sup: 1.319
[GPU1] epochs: [44/100] train_acc: 0.627 train_loss_sup: 1.319
[GPU1] epochs: [45/100] train_acc: 0.630 train_loss_sup: 1.317
[GPU1] epochs: [46/100] train_acc: 0.625 train_loss_sup: 1.319
[GPU1] epochs: [47/100] train_acc: 0.627 train_loss_sup: 1.317
[GPU1] epochs: [48/100] train_acc: 0.627 train_loss_sup: 1.317
[GPU1] epochs: [49/100] train_acc: 0.624 train_loss_sup: 1.321
[GPU1] epochs: [50/100] train_acc: 0.629 train_loss_sup: 1.318
[GPU1] Test Accuracy at epoch: 50: 0.665
[GPU1] epochs: [51/100] train_acc: 0.627 train_loss_sup: 1.317
[GPU1] epochs: [52/100] train_acc: 0.628 train_loss_sup: 1.318
[GPU1] epochs: [53/100] train_acc: 0.628 train_loss_sup: 1.320
[GPU1] epochs: [54/100] train_acc: 0.627 train_loss_sup: 1.316
[GPU1] epochs: [55/100] train_acc: 0.626 train_loss_sup: 1.318
[GPU1] epochs: [56/100] train_acc: 0.627 train_loss_sup: 1.317
[GPU1] epochs: [57/100] train_acc: 0.627 train_loss_sup: 1.318
[GPU1] epochs: [58/100] train_acc: 0.628 train_loss_sup: 1.317
[GPU1] epochs: [59/100] train_acc: 0.628 train_loss_sup: 1.320
[GPU1] epochs: [60/100] train_acc: 0.628 train_loss_sup: 1.318
[GPU1] Test Accuracy at epoch: 60: 0.662
[GPU1] epochs: [61/100] train_acc: 0.625 train_loss_sup: 1.317
[GPU1] epochs: [62/100] train_acc: 0.628 train_loss_sup: 1.316
[GPU1] epochs: [63/100] train_acc: 0.629 train_loss_sup: 1.319
[GPU1] epochs: [64/100] train_acc: 0.627 train_loss_sup: 1.318
[GPU1] epochs: [65/100] train_acc: 0.630 train_loss_sup: 1.319
[GPU1] epochs: [66/100] train_acc: 0.629 train_loss_sup: 1.318
[GPU1] epochs: [67/100] train_acc: 0.628 train_loss_sup: 1.317
[GPU1] epochs: [68/100] train_acc: 0.627 train_loss_sup: 1.317
[GPU1] epochs: [69/100] train_acc: 0.628 train_loss_sup: 1.316
[GPU1] epochs: [70/100] train_acc: 0.626 train_loss_sup: 1.319
[GPU1] Test Accuracy at epoch: 70: 0.652
[GPU1] epochs: [71/100] train_acc: 0.629 train_loss_sup: 1.316
[GPU1] epochs: [72/100] train_acc: 0.630 train_loss_sup: 1.316
[GPU1] epochs: [73/100] train_acc: 0.629 train_loss_sup: 1.316
[GPU1] epochs: [74/100] train_acc: 0.630 train_loss_sup: 1.315
[GPU1] epochs: [75/100] train_acc: 0.628 train_loss_sup: 1.319
[GPU1] epochs: [76/100] train_acc: 0.628 train_loss_sup: 1.316
[GPU1] epochs: [77/100] train_acc: 0.627 train_loss_sup: 1.317
[GPU1] epochs: [78/100] train_acc: 0.628 train_loss_sup: 1.316
[GPU1] epochs: [79/100] train_acc: 0.628 train_loss_sup: 1.314
[GPU1] epochs: [80/100] train_acc: 0.627 train_loss_sup: 1.316
[GPU1] Test Accuracy at epoch: 80: 0.668
[GPU1] epochs: [81/100] train_acc: 0.630 train_loss_sup: 1.318
[GPU1] epochs: [82/100] train_acc: 0.629 train_loss_sup: 1.320
[GPU1] epochs: [83/100] train_acc: 0.626 train_loss_sup: 1.317
[GPU1] epochs: [84/100] train_acc: 0.629 train_loss_sup: 1.317
[GPU1] epochs: [85/100] train_acc: 0.627 train_loss_sup: 1.318
[GPU1] epochs: [86/100] train_acc: 0.627 train_loss_sup: 1.320
[GPU1] epochs: [87/100] train_acc: 0.628 train_loss_sup: 1.317
[GPU1] epochs: [88/100] train_acc: 0.629 train_loss_sup: 1.316
[GPU1] epochs: [89/100] train_acc: 0.629 train_loss_sup: 1.315
[GPU1] epochs: [90/100] train_acc: 0.628 train_loss_sup: 1.319
[GPU1] Test Accuracy at epoch: 90: 0.663
[GPU1] epochs: [91/100] train_acc: 0.630 train_loss_sup: 1.316
[GPU1] epochs: [92/100] train_acc: 0.628 train_loss_sup: 1.317
[GPU1] epochs: [93/100] train_acc: 0.628 train_loss_sup: 1.319
[GPU1] epochs: [94/100] train_acc: 0.629 train_loss_sup: 1.316
[GPU1] epochs: [95/100] train_acc: 0.625 train_loss_sup: 1.319
[GPU1] epochs: [96/100] train_acc: 0.626 train_loss_sup: 1.317
[GPU1] epochs: [97/100] train_acc: 0.625 train_loss_sup: 1.319
[GPU1] epochs: [98/100] train_acc: 0.629 train_loss_sup: 1.317
[GPU1] epochs: [99/100] train_acc: 0.628 train_loss_sup: 1.317
[GPU1] epochs: [100/100] train_acc: 0.623 train_loss_sup: 1.320
[GPU1] Final Test Accuracy: 0.669
LR: 1.000 | WD: 0.000100 | Cosine: False | test Acc: 0.669%
===> using linear mlp
Scheduler: None
MLP: MLP(
  (mlp): Linear(in_features=512, out_features=10, bias=True)
)
[GPU1] Test Accuracy at epoch: 0: 0.49
[GPU1] epochs: [1/100] train_acc: 0.382 train_loss_sup: 2.128
[GPU1] epochs: [2/100] train_acc: 0.546 train_loss_sup: 1.816
[GPU1] epochs: [3/100] train_acc: 0.578 train_loss_sup: 1.625
[GPU1] epochs: [4/100] train_acc: 0.589 train_loss_sup: 1.507
[GPU1] epochs: [5/100] train_acc: 0.600 train_loss_sup: 1.421
[GPU1] epochs: [6/100] train_acc: 0.605 train_loss_sup: 1.360
[GPU1] epochs: [7/100] train_acc: 0.613 train_loss_sup: 1.309
[GPU1] epochs: [8/100] train_acc: 0.615 train_loss_sup: 1.271
[GPU1] epochs: [9/100] train_acc: 0.616 train_loss_sup: 1.246
[GPU1] epochs: [10/100] train_acc: 0.621 train_loss_sup: 1.217
[GPU1] Test Accuracy at epoch: 10: 0.657
[GPU1] epochs: [11/100] train_acc: 0.622 train_loss_sup: 1.194
[GPU1] epochs: [12/100] train_acc: 0.626 train_loss_sup: 1.176
[GPU1] epochs: [13/100] train_acc: 0.629 train_loss_sup: 1.158
[GPU1] epochs: [14/100] train_acc: 0.631 train_loss_sup: 1.140
[GPU1] epochs: [15/100] train_acc: 0.632 train_loss_sup: 1.130
[GPU1] epochs: [16/100] train_acc: 0.636 train_loss_sup: 1.116
[GPU1] epochs: [17/100] train_acc: 0.637 train_loss_sup: 1.104
[GPU1] epochs: [18/100] train_acc: 0.640 train_loss_sup: 1.090
[GPU1] epochs: [19/100] train_acc: 0.642 train_loss_sup: 1.085
[GPU1] epochs: [20/100] train_acc: 0.644 train_loss_sup: 1.076
[GPU1] Test Accuracy at epoch: 20: 0.678
[GPU1] epochs: [21/100] train_acc: 0.644 train_loss_sup: 1.070
[GPU1] epochs: [22/100] train_acc: 0.649 train_loss_sup: 1.061
[GPU1] epochs: [23/100] train_acc: 0.647 train_loss_sup: 1.055
[GPU1] epochs: [24/100] train_acc: 0.650 train_loss_sup: 1.047
[GPU1] epochs: [25/100] train_acc: 0.648 train_loss_sup: 1.042
[GPU1] epochs: [26/100] train_acc: 0.651 train_loss_sup: 1.036
[GPU1] epochs: [27/100] train_acc: 0.652 train_loss_sup: 1.033
[GPU1] epochs: [28/100] train_acc: 0.652 train_loss_sup: 1.029
[GPU1] epochs: [29/100] train_acc: 0.658 train_loss_sup: 1.019
[GPU1] epochs: [30/100] train_acc: 0.656 train_loss_sup: 1.016
[GPU1] Test Accuracy at epoch: 30: 0.69
[GPU1] epochs: [31/100] train_acc: 0.656 train_loss_sup: 1.015
[GPU1] epochs: [32/100] train_acc: 0.657 train_loss_sup: 1.008
[GPU1] epochs: [33/100] train_acc: 0.658 train_loss_sup: 1.005
[GPU1] epochs: [34/100] train_acc: 0.661 train_loss_sup: 1.000
[GPU1] epochs: [35/100] train_acc: 0.658 train_loss_sup: 0.996
[GPU1] epochs: [36/100] train_acc: 0.663 train_loss_sup: 0.991
[GPU1] epochs: [37/100] train_acc: 0.662 train_loss_sup: 0.989
[GPU1] epochs: [38/100] train_acc: 0.666 train_loss_sup: 0.984
[GPU1] epochs: [39/100] train_acc: 0.663 train_loss_sup: 0.983
[GPU1] epochs: [40/100] train_acc: 0.662 train_loss_sup: 0.982
[GPU1] Test Accuracy at epoch: 40: 0.696
[GPU1] epochs: [41/100] train_acc: 0.666 train_loss_sup: 0.977
[GPU1] epochs: [42/100] train_acc: 0.666 train_loss_sup: 0.976
[GPU1] epochs: [43/100] train_acc: 0.665 train_loss_sup: 0.976
[GPU1] epochs: [44/100] train_acc: 0.666 train_loss_sup: 0.972
[GPU1] epochs: [45/100] train_acc: 0.670 train_loss_sup: 0.963
[GPU1] epochs: [46/100] train_acc: 0.665 train_loss_sup: 0.967
[GPU1] epochs: [47/100] train_acc: 0.668 train_loss_sup: 0.967
[GPU1] epochs: [48/100] train_acc: 0.668 train_loss_sup: 0.958
[GPU1] epochs: [49/100] train_acc: 0.670 train_loss_sup: 0.959
[GPU1] epochs: [50/100] train_acc: 0.672 train_loss_sup: 0.955
[GPU1] Test Accuracy at epoch: 50: 0.704
[GPU1] epochs: [51/100] train_acc: 0.671 train_loss_sup: 0.953
[GPU1] epochs: [52/100] train_acc: 0.670 train_loss_sup: 0.955
[GPU1] epochs: [53/100] train_acc: 0.671 train_loss_sup: 0.950
[GPU1] epochs: [54/100] train_acc: 0.673 train_loss_sup: 0.951
[GPU1] epochs: [55/100] train_acc: 0.671 train_loss_sup: 0.949
[GPU1] epochs: [56/100] train_acc: 0.676 train_loss_sup: 0.944
[GPU1] epochs: [57/100] train_acc: 0.671 train_loss_sup: 0.942
[GPU1] epochs: [58/100] train_acc: 0.676 train_loss_sup: 0.941
[GPU1] epochs: [59/100] train_acc: 0.673 train_loss_sup: 0.942
[GPU1] epochs: [60/100] train_acc: 0.672 train_loss_sup: 0.944
[GPU1] Test Accuracy at epoch: 60: 0.708
[GPU1] epochs: [61/100] train_acc: 0.677 train_loss_sup: 0.937
[GPU1] epochs: [62/100] train_acc: 0.675 train_loss_sup: 0.938
[GPU1] epochs: [63/100] train_acc: 0.677 train_loss_sup: 0.936
[GPU1] epochs: [64/100] train_acc: 0.679 train_loss_sup: 0.928
[GPU1] epochs: [65/100] train_acc: 0.677 train_loss_sup: 0.930
[GPU1] epochs: [66/100] train_acc: 0.676 train_loss_sup: 0.931
[GPU1] epochs: [67/100] train_acc: 0.676 train_loss_sup: 0.929
[GPU1] epochs: [68/100] train_acc: 0.677 train_loss_sup: 0.926
[GPU1] epochs: [69/100] train_acc: 0.681 train_loss_sup: 0.927
[GPU1] epochs: [70/100] train_acc: 0.678 train_loss_sup: 0.923
[GPU1] Test Accuracy at epoch: 70: 0.714
[GPU1] epochs: [71/100] train_acc: 0.680 train_loss_sup: 0.920
[GPU1] epochs: [72/100] train_acc: 0.681 train_loss_sup: 0.923
[GPU1] epochs: [73/100] train_acc: 0.681 train_loss_sup: 0.919
[GPU1] epochs: [74/100] train_acc: 0.681 train_loss_sup: 0.918
[GPU1] epochs: [75/100] train_acc: 0.686 train_loss_sup: 0.915
[GPU1] epochs: [76/100] train_acc: 0.679 train_loss_sup: 0.915
[GPU1] epochs: [77/100] train_acc: 0.683 train_loss_sup: 0.915
[GPU1] epochs: [78/100] train_acc: 0.683 train_loss_sup: 0.911
[GPU1] epochs: [79/100] train_acc: 0.683 train_loss_sup: 0.913
[GPU1] epochs: [80/100] train_acc: 0.682 train_loss_sup: 0.917
[GPU1] Test Accuracy at epoch: 80: 0.72
[GPU1] epochs: [81/100] train_acc: 0.686 train_loss_sup: 0.905
[GPU1] epochs: [82/100] train_acc: 0.685 train_loss_sup: 0.911
[GPU1] epochs: [83/100] train_acc: 0.682 train_loss_sup: 0.911
[GPU1] epochs: [84/100] train_acc: 0.681 train_loss_sup: 0.910
[GPU1] epochs: [85/100] train_acc: 0.685 train_loss_sup: 0.905
[GPU1] epochs: [86/100] train_acc: 0.682 train_loss_sup: 0.910
[GPU1] epochs: [87/100] train_acc: 0.687 train_loss_sup: 0.901
[GPU1] epochs: [88/100] train_acc: 0.686 train_loss_sup: 0.907
[GPU1] epochs: [89/100] train_acc: 0.685 train_loss_sup: 0.906
[GPU1] epochs: [90/100] train_acc: 0.684 train_loss_sup: 0.906
[GPU1] Test Accuracy at epoch: 90: 0.72
[GPU1] epochs: [91/100] train_acc: 0.688 train_loss_sup: 0.901
[GPU1] epochs: [92/100] train_acc: 0.685 train_loss_sup: 0.899
[GPU1] epochs: [93/100] train_acc: 0.687 train_loss_sup: 0.898
[GPU1] epochs: [94/100] train_acc: 0.686 train_loss_sup: 0.900
[GPU1] epochs: [95/100] train_acc: 0.688 train_loss_sup: 0.895
[GPU1] epochs: [96/100] train_acc: 0.686 train_loss_sup: 0.897
[GPU1] epochs: [97/100] train_acc: 0.687 train_loss_sup: 0.897
[GPU1] epochs: [98/100] train_acc: 0.684 train_loss_sup: 0.901
[GPU1] epochs: [99/100] train_acc: 0.687 train_loss_sup: 0.892
[GPU1] epochs: [100/100] train_acc: 0.689 train_loss_sup: 0.891
[GPU1] Final Test Accuracy: 0.724
LR: 1.000 | WD: 0.000000 | Cosine: False | test Acc: 0.724%
===> using linear mlp
Scheduler: <torch.optim.lr_scheduler.CosineAnnealingLR object at 0x7305782cbd00>
MLP: MLP(
  (mlp): Linear(in_features=512, out_features=10, bias=True)
)
[GPU1] Test Accuracy at epoch: 0: 0.494
[GPU1] epochs: [1/100] train_acc: 0.221 train_loss_sup: 2.283
[GPU1] epochs: [2/100] train_acc: 0.449 train_loss_sup: 2.236
[GPU1] epochs: [3/100] train_acc: 0.515 train_loss_sup: 2.191
[GPU1] epochs: [4/100] train_acc: 0.549 train_loss_sup: 2.147
[GPU1] epochs: [5/100] train_acc: 0.536 train_loss_sup: 2.107
[GPU1] epochs: [6/100] train_acc: 0.553 train_loss_sup: 2.068
[GPU1] epochs: [7/100] train_acc: 0.561 train_loss_sup: 2.032
[GPU1] epochs: [8/100] train_acc: 0.563 train_loss_sup: 1.998
[GPU1] epochs: [9/100] train_acc: 0.568 train_loss_sup: 1.966
[GPU1] epochs: [10/100] train_acc: 0.571 train_loss_sup: 1.936
[GPU1] Test Accuracy at epoch: 10: 0.597
[GPU1] epochs: [11/100] train_acc: 0.573 train_loss_sup: 1.908
[GPU1] epochs: [12/100] train_acc: 0.573 train_loss_sup: 1.882
[GPU1] epochs: [13/100] train_acc: 0.575 train_loss_sup: 1.856
[GPU1] epochs: [14/100] train_acc: 0.578 train_loss_sup: 1.832
[GPU1] epochs: [15/100] train_acc: 0.576 train_loss_sup: 1.810
[GPU1] epochs: [16/100] train_acc: 0.582 train_loss_sup: 1.787
[GPU1] epochs: [17/100] train_acc: 0.580 train_loss_sup: 1.770
[GPU1] epochs: [18/100] train_acc: 0.584 train_loss_sup: 1.750
[GPU1] epochs: [19/100] train_acc: 0.583 train_loss_sup: 1.731
[GPU1] epochs: [20/100] train_acc: 0.585 train_loss_sup: 1.714
[GPU1] Test Accuracy at epoch: 20: 0.604
[GPU1] epochs: [21/100] train_acc: 0.588 train_loss_sup: 1.699
[GPU1] epochs: [22/100] train_acc: 0.587 train_loss_sup: 1.682
[GPU1] epochs: [23/100] train_acc: 0.589 train_loss_sup: 1.667
[GPU1] epochs: [24/100] train_acc: 0.589 train_loss_sup: 1.654
[GPU1] epochs: [25/100] train_acc: 0.592 train_loss_sup: 1.640
[GPU1] epochs: [26/100] train_acc: 0.589 train_loss_sup: 1.628
[GPU1] epochs: [27/100] train_acc: 0.591 train_loss_sup: 1.615
[GPU1] epochs: [28/100] train_acc: 0.593 train_loss_sup: 1.604
[GPU1] epochs: [29/100] train_acc: 0.590 train_loss_sup: 1.595
[GPU1] epochs: [30/100] train_acc: 0.594 train_loss_sup: 1.583
[GPU1] Test Accuracy at epoch: 30: 0.619
[GPU1] epochs: [31/100] train_acc: 0.595 train_loss_sup: 1.572
[GPU1] epochs: [32/100] train_acc: 0.594 train_loss_sup: 1.562
[GPU1] epochs: [33/100] train_acc: 0.597 train_loss_sup: 1.551
[GPU1] epochs: [34/100] train_acc: 0.597 train_loss_sup: 1.546
[GPU1] epochs: [35/100] train_acc: 0.596 train_loss_sup: 1.537
[GPU1] epochs: [36/100] train_acc: 0.598 train_loss_sup: 1.529
[GPU1] epochs: [37/100] train_acc: 0.599 train_loss_sup: 1.523
[GPU1] epochs: [38/100] train_acc: 0.598 train_loss_sup: 1.515
[GPU1] epochs: [39/100] train_acc: 0.597 train_loss_sup: 1.509
[GPU1] epochs: [40/100] train_acc: 0.598 train_loss_sup: 1.503
[GPU1] Test Accuracy at epoch: 40: 0.628
[GPU1] epochs: [41/100] train_acc: 0.601 train_loss_sup: 1.494
[GPU1] epochs: [42/100] train_acc: 0.599 train_loss_sup: 1.490
[GPU1] epochs: [43/100] train_acc: 0.599 train_loss_sup: 1.482
[GPU1] epochs: [44/100] train_acc: 0.600 train_loss_sup: 1.478
[GPU1] epochs: [45/100] train_acc: 0.604 train_loss_sup: 1.472
[GPU1] epochs: [46/100] train_acc: 0.602 train_loss_sup: 1.467
[GPU1] epochs: [47/100] train_acc: 0.601 train_loss_sup: 1.462
[GPU1] epochs: [48/100] train_acc: 0.603 train_loss_sup: 1.458
[GPU1] epochs: [49/100] train_acc: 0.601 train_loss_sup: 1.455
[GPU1] epochs: [50/100] train_acc: 0.601 train_loss_sup: 1.450
[GPU1] Test Accuracy at epoch: 50: 0.634
[GPU1] epochs: [51/100] train_acc: 0.602 train_loss_sup: 1.446
[GPU1] epochs: [52/100] train_acc: 0.603 train_loss_sup: 1.443
[GPU1] epochs: [53/100] train_acc: 0.603 train_loss_sup: 1.438
[GPU1] epochs: [54/100] train_acc: 0.605 train_loss_sup: 1.433
[GPU1] epochs: [55/100] train_acc: 0.605 train_loss_sup: 1.431
[GPU1] epochs: [56/100] train_acc: 0.605 train_loss_sup: 1.429
[GPU1] epochs: [57/100] train_acc: 0.606 train_loss_sup: 1.426
[GPU1] epochs: [58/100] train_acc: 0.604 train_loss_sup: 1.422
[GPU1] epochs: [59/100] train_acc: 0.606 train_loss_sup: 1.419
[GPU1] epochs: [60/100] train_acc: 0.603 train_loss_sup: 1.415
[GPU1] Test Accuracy at epoch: 60: 0.639
[GPU1] epochs: [61/100] train_acc: 0.605 train_loss_sup: 1.416
[GPU1] epochs: [62/100] train_acc: 0.609 train_loss_sup: 1.412
[GPU1] epochs: [63/100] train_acc: 0.607 train_loss_sup: 1.409
[GPU1] epochs: [64/100] train_acc: 0.605 train_loss_sup: 1.407
[GPU1] epochs: [65/100] train_acc: 0.605 train_loss_sup: 1.407
[GPU1] epochs: [66/100] train_acc: 0.607 train_loss_sup: 1.403
[GPU1] epochs: [67/100] train_acc: 0.609 train_loss_sup: 1.403
[GPU1] epochs: [68/100] train_acc: 0.606 train_loss_sup: 1.401
[GPU1] epochs: [69/100] train_acc: 0.608 train_loss_sup: 1.396
[GPU1] epochs: [70/100] train_acc: 0.606 train_loss_sup: 1.397
[GPU1] Test Accuracy at epoch: 70: 0.638
[GPU1] epochs: [71/100] train_acc: 0.609 train_loss_sup: 1.395
[GPU1] epochs: [72/100] train_acc: 0.611 train_loss_sup: 1.394
[GPU1] epochs: [73/100] train_acc: 0.609 train_loss_sup: 1.391
[GPU1] epochs: [74/100] train_acc: 0.609 train_loss_sup: 1.392
[GPU1] epochs: [75/100] train_acc: 0.607 train_loss_sup: 1.393
[GPU1] epochs: [76/100] train_acc: 0.607 train_loss_sup: 1.393
[GPU1] epochs: [77/100] train_acc: 0.608 train_loss_sup: 1.391
[GPU1] epochs: [78/100] train_acc: 0.608 train_loss_sup: 1.388
[GPU1] epochs: [79/100] train_acc: 0.611 train_loss_sup: 1.388
[GPU1] epochs: [80/100] train_acc: 0.610 train_loss_sup: 1.389
[GPU1] Test Accuracy at epoch: 80: 0.64
[GPU1] epochs: [81/100] train_acc: 0.609 train_loss_sup: 1.388
[GPU1] epochs: [82/100] train_acc: 0.612 train_loss_sup: 1.384
[GPU1] epochs: [83/100] train_acc: 0.612 train_loss_sup: 1.384
[GPU1] epochs: [84/100] train_acc: 0.611 train_loss_sup: 1.384
[GPU1] epochs: [85/100] train_acc: 0.611 train_loss_sup: 1.382
[GPU1] epochs: [86/100] train_acc: 0.606 train_loss_sup: 1.387
[GPU1] epochs: [87/100] train_acc: 0.609 train_loss_sup: 1.383
[GPU1] epochs: [88/100] train_acc: 0.608 train_loss_sup: 1.385
[GPU1] epochs: [89/100] train_acc: 0.611 train_loss_sup: 1.382
[GPU1] epochs: [90/100] train_acc: 0.609 train_loss_sup: 1.382
[GPU1] Test Accuracy at epoch: 90: 0.641
[GPU1] epochs: [91/100] train_acc: 0.608 train_loss_sup: 1.384
[GPU1] epochs: [92/100] train_acc: 0.609 train_loss_sup: 1.384
[GPU1] epochs: [93/100] train_acc: 0.608 train_loss_sup: 1.384
[GPU1] epochs: [94/100] train_acc: 0.607 train_loss_sup: 1.385
[GPU1] epochs: [95/100] train_acc: 0.608 train_loss_sup: 1.383
[GPU1] epochs: [96/100] train_acc: 0.610 train_loss_sup: 1.382
[GPU1] epochs: [97/100] train_acc: 0.609 train_loss_sup: 1.382
[GPU1] epochs: [98/100] train_acc: 0.606 train_loss_sup: 1.384
[GPU1] epochs: [99/100] train_acc: 0.606 train_loss_sup: 1.385
[GPU1] epochs: [100/100] train_acc: 0.607 train_loss_sup: 1.383
[GPU1] Final Test Accuracy: 0.641
LR: 0.100 | WD: 0.000001 | Cosine: True | test Acc: 0.641%
===> using linear mlp
Scheduler: <torch.optim.lr_scheduler.CosineAnnealingLR object at 0x7306b65a9390>
MLP: MLP(
  (mlp): Linear(in_features=512, out_features=10, bias=True)
)
[GPU1] Test Accuracy at epoch: 0: 0.461
[GPU1] epochs: [1/100] train_acc: 0.245 train_loss_sup: 2.283
[GPU1] epochs: [2/100] train_acc: 0.443 train_loss_sup: 2.236
[GPU1] epochs: [3/100] train_acc: 0.504 train_loss_sup: 2.191
[GPU1] epochs: [4/100] train_acc: 0.517 train_loss_sup: 2.150
[GPU1] epochs: [5/100] train_acc: 0.549 train_loss_sup: 2.111
[GPU1] epochs: [6/100] train_acc: 0.556 train_loss_sup: 2.073
[GPU1] epochs: [7/100] train_acc: 0.563 train_loss_sup: 2.040
[GPU1] epochs: [8/100] train_acc: 0.559 train_loss_sup: 2.008
[GPU1] epochs: [9/100] train_acc: 0.570 train_loss_sup: 1.979
[GPU1] epochs: [10/100] train_acc: 0.568 train_loss_sup: 1.949
[GPU1] Test Accuracy at epoch: 10: 0.577
[GPU1] epochs: [11/100] train_acc: 0.571 train_loss_sup: 1.923
[GPU1] epochs: [12/100] train_acc: 0.566 train_loss_sup: 1.898
[GPU1] epochs: [13/100] train_acc: 0.576 train_loss_sup: 1.877
[GPU1] epochs: [14/100] train_acc: 0.575 train_loss_sup: 1.854
[GPU1] epochs: [15/100] train_acc: 0.577 train_loss_sup: 1.834
[GPU1] epochs: [16/100] train_acc: 0.578 train_loss_sup: 1.816
[GPU1] epochs: [17/100] train_acc: 0.580 train_loss_sup: 1.797
[GPU1] epochs: [18/100] train_acc: 0.581 train_loss_sup: 1.781
[GPU1] epochs: [19/100] train_acc: 0.584 train_loss_sup: 1.764
[GPU1] epochs: [20/100] train_acc: 0.581 train_loss_sup: 1.750
[GPU1] Test Accuracy at epoch: 20: 0.611
[GPU1] epochs: [21/100] train_acc: 0.581 train_loss_sup: 1.736
[GPU1] epochs: [22/100] train_acc: 0.585 train_loss_sup: 1.723
[GPU1] epochs: [23/100] train_acc: 0.590 train_loss_sup: 1.710
[GPU1] epochs: [24/100] train_acc: 0.587 train_loss_sup: 1.697
[GPU1] epochs: [25/100] train_acc: 0.586 train_loss_sup: 1.687
[GPU1] epochs: [26/100] train_acc: 0.591 train_loss_sup: 1.675
[GPU1] epochs: [27/100] train_acc: 0.586 train_loss_sup: 1.666
[GPU1] epochs: [28/100] train_acc: 0.589 train_loss_sup: 1.656
[GPU1] epochs: [29/100] train_acc: 0.588 train_loss_sup: 1.648
[GPU1] epochs: [30/100] train_acc: 0.593 train_loss_sup: 1.639
[GPU1] Test Accuracy at epoch: 30: 0.624
[GPU1] epochs: [31/100] train_acc: 0.594 train_loss_sup: 1.631
[GPU1] epochs: [32/100] train_acc: 0.592 train_loss_sup: 1.624
[GPU1] epochs: [33/100] train_acc: 0.591 train_loss_sup: 1.616
[GPU1] epochs: [34/100] train_acc: 0.594 train_loss_sup: 1.608
[GPU1] epochs: [35/100] train_acc: 0.595 train_loss_sup: 1.599
[GPU1] epochs: [36/100] train_acc: 0.594 train_loss_sup: 1.594
[GPU1] epochs: [37/100] train_acc: 0.594 train_loss_sup: 1.590
[GPU1] epochs: [38/100] train_acc: 0.597 train_loss_sup: 1.582
[GPU1] epochs: [39/100] train_acc: 0.598 train_loss_sup: 1.576
[GPU1] epochs: [40/100] train_acc: 0.594 train_loss_sup: 1.573
[GPU1] Test Accuracy at epoch: 40: 0.627
[GPU1] epochs: [41/100] train_acc: 0.596 train_loss_sup: 1.567
[GPU1] epochs: [42/100] train_acc: 0.598 train_loss_sup: 1.562
[GPU1] epochs: [43/100] train_acc: 0.600 train_loss_sup: 1.556
[GPU1] epochs: [44/100] train_acc: 0.597 train_loss_sup: 1.555
[GPU1] epochs: [45/100] train_acc: 0.601 train_loss_sup: 1.547
[GPU1] epochs: [46/100] train_acc: 0.600 train_loss_sup: 1.546
[GPU1] epochs: [47/100] train_acc: 0.600 train_loss_sup: 1.542
[GPU1] epochs: [48/100] train_acc: 0.600 train_loss_sup: 1.540
[GPU1] epochs: [49/100] train_acc: 0.596 train_loss_sup: 1.538
[GPU1] epochs: [50/100] train_acc: 0.601 train_loss_sup: 1.532
[GPU1] Test Accuracy at epoch: 50: 0.631
[GPU1] epochs: [51/100] train_acc: 0.600 train_loss_sup: 1.529
[GPU1] epochs: [52/100] train_acc: 0.601 train_loss_sup: 1.527
[GPU1] epochs: [53/100] train_acc: 0.600 train_loss_sup: 1.523
[GPU1] epochs: [54/100] train_acc: 0.601 train_loss_sup: 1.522
[GPU1] epochs: [55/100] train_acc: 0.599 train_loss_sup: 1.519
[GPU1] epochs: [56/100] train_acc: 0.601 train_loss_sup: 1.516
[GPU1] epochs: [57/100] train_acc: 0.600 train_loss_sup: 1.513
[GPU1] epochs: [58/100] train_acc: 0.601 train_loss_sup: 1.511
[GPU1] epochs: [59/100] train_acc: 0.601 train_loss_sup: 1.509
[GPU1] epochs: [60/100] train_acc: 0.601 train_loss_sup: 1.509
[GPU1] Test Accuracy at epoch: 60: 0.633
[GPU1] epochs: [61/100] train_acc: 0.603 train_loss_sup: 1.504
[GPU1] epochs: [62/100] train_acc: 0.603 train_loss_sup: 1.502
[GPU1] epochs: [63/100] train_acc: 0.604 train_loss_sup: 1.501
[GPU1] epochs: [64/100] train_acc: 0.602 train_loss_sup: 1.501
[GPU1] epochs: [65/100] train_acc: 0.605 train_loss_sup: 1.499
[GPU1] epochs: [66/100] train_acc: 0.603 train_loss_sup: 1.498
[GPU1] epochs: [67/100] train_acc: 0.606 train_loss_sup: 1.494
[GPU1] epochs: [68/100] train_acc: 0.602 train_loss_sup: 1.495
[GPU1] epochs: [69/100] train_acc: 0.604 train_loss_sup: 1.494
[GPU1] epochs: [70/100] train_acc: 0.603 train_loss_sup: 1.493
[GPU1] Test Accuracy at epoch: 70: 0.634
[GPU1] epochs: [71/100] train_acc: 0.603 train_loss_sup: 1.493
[GPU1] epochs: [72/100] train_acc: 0.603 train_loss_sup: 1.492
[GPU1] epochs: [73/100] train_acc: 0.602 train_loss_sup: 1.493
[GPU1] epochs: [74/100] train_acc: 0.602 train_loss_sup: 1.489
[GPU1] epochs: [75/100] train_acc: 0.603 train_loss_sup: 1.489
[GPU1] epochs: [76/100] train_acc: 0.603 train_loss_sup: 1.486
[GPU1] epochs: [77/100] train_acc: 0.606 train_loss_sup: 1.488
[GPU1] epochs: [78/100] train_acc: 0.604 train_loss_sup: 1.489
[GPU1] epochs: [79/100] train_acc: 0.603 train_loss_sup: 1.488
[GPU1] epochs: [80/100] train_acc: 0.604 train_loss_sup: 1.484
[GPU1] Test Accuracy at epoch: 80: 0.635
[GPU1] epochs: [81/100] train_acc: 0.604 train_loss_sup: 1.485
[GPU1] epochs: [82/100] train_acc: 0.606 train_loss_sup: 1.484
[GPU1] epochs: [83/100] train_acc: 0.607 train_loss_sup: 1.484
[GPU1] epochs: [84/100] train_acc: 0.607 train_loss_sup: 1.484
[GPU1] epochs: [85/100] train_acc: 0.601 train_loss_sup: 1.487
[GPU1] epochs: [86/100] train_acc: 0.605 train_loss_sup: 1.483
[GPU1] epochs: [87/100] train_acc: 0.606 train_loss_sup: 1.483
[GPU1] epochs: [88/100] train_acc: 0.605 train_loss_sup: 1.482
[GPU1] epochs: [89/100] train_acc: 0.604 train_loss_sup: 1.485
[GPU1] epochs: [90/100] train_acc: 0.604 train_loss_sup: 1.483
[GPU1] Test Accuracy at epoch: 90: 0.635
[GPU1] epochs: [91/100] train_acc: 0.605 train_loss_sup: 1.483
[GPU1] epochs: [92/100] train_acc: 0.606 train_loss_sup: 1.483
[GPU1] epochs: [93/100] train_acc: 0.603 train_loss_sup: 1.483
[GPU1] epochs: [94/100] train_acc: 0.606 train_loss_sup: 1.481
[GPU1] epochs: [95/100] train_acc: 0.605 train_loss_sup: 1.482
[GPU1] epochs: [96/100] train_acc: 0.604 train_loss_sup: 1.483
[GPU1] epochs: [97/100] train_acc: 0.604 train_loss_sup: 1.484
[GPU1] epochs: [98/100] train_acc: 0.604 train_loss_sup: 1.483
[GPU1] epochs: [99/100] train_acc: 0.602 train_loss_sup: 1.481
[GPU1] epochs: [100/100] train_acc: 0.605 train_loss_sup: 1.484
[GPU1] Final Test Accuracy: 0.635
LR: 0.100 | WD: 0.000100 | Cosine: True | test Acc: 0.635%
===> using linear mlp
Scheduler: <torch.optim.lr_scheduler.CosineAnnealingLR object at 0x73056d9b7730>
MLP: MLP(
  (mlp): Linear(in_features=512, out_features=10, bias=True)
)
[GPU1] Test Accuracy at epoch: 0: 0.439
[GPU1] epochs: [1/100] train_acc: 0.257 train_loss_sup: 2.283
[GPU1] epochs: [2/100] train_acc: 0.404 train_loss_sup: 2.236
[GPU1] epochs: [3/100] train_acc: 0.516 train_loss_sup: 2.191
[GPU1] epochs: [4/100] train_acc: 0.526 train_loss_sup: 2.148
[GPU1] epochs: [5/100] train_acc: 0.543 train_loss_sup: 2.107
[GPU1] epochs: [6/100] train_acc: 0.556 train_loss_sup: 2.069
[GPU1] epochs: [7/100] train_acc: 0.557 train_loss_sup: 2.033
[GPU1] epochs: [8/100] train_acc: 0.565 train_loss_sup: 1.999
[GPU1] epochs: [9/100] train_acc: 0.567 train_loss_sup: 1.967
[GPU1] epochs: [10/100] train_acc: 0.569 train_loss_sup: 1.937
[GPU1] Test Accuracy at epoch: 10: 0.607
[GPU1] epochs: [11/100] train_acc: 0.571 train_loss_sup: 1.909
[GPU1] epochs: [12/100] train_acc: 0.574 train_loss_sup: 1.882
[GPU1] epochs: [13/100] train_acc: 0.575 train_loss_sup: 1.856
[GPU1] epochs: [14/100] train_acc: 0.579 train_loss_sup: 1.832
[GPU1] epochs: [15/100] train_acc: 0.574 train_loss_sup: 1.810
[GPU1] epochs: [16/100] train_acc: 0.579 train_loss_sup: 1.790
[GPU1] epochs: [17/100] train_acc: 0.581 train_loss_sup: 1.767
[GPU1] epochs: [18/100] train_acc: 0.583 train_loss_sup: 1.750
[GPU1] epochs: [19/100] train_acc: 0.581 train_loss_sup: 1.731
[GPU1] epochs: [20/100] train_acc: 0.584 train_loss_sup: 1.715
[GPU1] Test Accuracy at epoch: 20: 0.612
[GPU1] epochs: [21/100] train_acc: 0.585 train_loss_sup: 1.699
[GPU1] epochs: [22/100] train_acc: 0.587 train_loss_sup: 1.683
[GPU1] epochs: [23/100] train_acc: 0.590 train_loss_sup: 1.667
[GPU1] epochs: [24/100] train_acc: 0.588 train_loss_sup: 1.653
[GPU1] epochs: [25/100] train_acc: 0.591 train_loss_sup: 1.640
[GPU1] epochs: [26/100] train_acc: 0.590 train_loss_sup: 1.627
[GPU1] epochs: [27/100] train_acc: 0.590 train_loss_sup: 1.615
[GPU1] epochs: [28/100] train_acc: 0.595 train_loss_sup: 1.605
[GPU1] epochs: [29/100] train_acc: 0.593 train_loss_sup: 1.594
[GPU1] epochs: [30/100] train_acc: 0.596 train_loss_sup: 1.584
[GPU1] Test Accuracy at epoch: 30: 0.623
[GPU1] epochs: [31/100] train_acc: 0.596 train_loss_sup: 1.572
[GPU1] epochs: [32/100] train_acc: 0.594 train_loss_sup: 1.561
[GPU1] epochs: [33/100] train_acc: 0.595 train_loss_sup: 1.553
[GPU1] epochs: [34/100] train_acc: 0.596 train_loss_sup: 1.544
[GPU1] epochs: [35/100] train_acc: 0.599 train_loss_sup: 1.538
[GPU1] epochs: [36/100] train_acc: 0.598 train_loss_sup: 1.528
[GPU1] epochs: [37/100] train_acc: 0.600 train_loss_sup: 1.521
[GPU1] epochs: [38/100] train_acc: 0.601 train_loss_sup: 1.513
[GPU1] epochs: [39/100] train_acc: 0.598 train_loss_sup: 1.506
[GPU1] epochs: [40/100] train_acc: 0.600 train_loss_sup: 1.499
[GPU1] Test Accuracy at epoch: 40: 0.629
[GPU1] epochs: [41/100] train_acc: 0.602 train_loss_sup: 1.495
[GPU1] epochs: [42/100] train_acc: 0.598 train_loss_sup: 1.489
[GPU1] epochs: [43/100] train_acc: 0.599 train_loss_sup: 1.482
[GPU1] epochs: [44/100] train_acc: 0.599 train_loss_sup: 1.479
[GPU1] epochs: [45/100] train_acc: 0.601 train_loss_sup: 1.471
[GPU1] epochs: [46/100] train_acc: 0.602 train_loss_sup: 1.466
[GPU1] epochs: [47/100] train_acc: 0.600 train_loss_sup: 1.462
[GPU1] epochs: [48/100] train_acc: 0.602 train_loss_sup: 1.455
[GPU1] epochs: [49/100] train_acc: 0.604 train_loss_sup: 1.451
[GPU1] epochs: [50/100] train_acc: 0.602 train_loss_sup: 1.451
[GPU1] Test Accuracy at epoch: 50: 0.634
[GPU1] epochs: [51/100] train_acc: 0.603 train_loss_sup: 1.446
[GPU1] epochs: [52/100] train_acc: 0.604 train_loss_sup: 1.441
[GPU1] epochs: [53/100] train_acc: 0.605 train_loss_sup: 1.436
[GPU1] epochs: [54/100] train_acc: 0.605 train_loss_sup: 1.434
[GPU1] epochs: [55/100] train_acc: 0.604 train_loss_sup: 1.432
[GPU1] epochs: [56/100] train_acc: 0.608 train_loss_sup: 1.426
[GPU1] epochs: [57/100] train_acc: 0.604 train_loss_sup: 1.424
[GPU1] epochs: [58/100] train_acc: 0.605 train_loss_sup: 1.421
[GPU1] epochs: [59/100] train_acc: 0.604 train_loss_sup: 1.419
[GPU1] epochs: [60/100] train_acc: 0.604 train_loss_sup: 1.418
[GPU1] Test Accuracy at epoch: 60: 0.637
[GPU1] epochs: [61/100] train_acc: 0.606 train_loss_sup: 1.412
[GPU1] epochs: [62/100] train_acc: 0.605 train_loss_sup: 1.410
[GPU1] epochs: [63/100] train_acc: 0.608 train_loss_sup: 1.410
[GPU1] epochs: [64/100] train_acc: 0.605 train_loss_sup: 1.407
[GPU1] epochs: [65/100] train_acc: 0.608 train_loss_sup: 1.403
[GPU1] epochs: [66/100] train_acc: 0.607 train_loss_sup: 1.403
[GPU1] epochs: [67/100] train_acc: 0.605 train_loss_sup: 1.401
[GPU1] epochs: [68/100] train_acc: 0.609 train_loss_sup: 1.400
[GPU1] epochs: [69/100] train_acc: 0.608 train_loss_sup: 1.398
[GPU1] epochs: [70/100] train_acc: 0.606 train_loss_sup: 1.396
[GPU1] Test Accuracy at epoch: 70: 0.638
[GPU1] epochs: [71/100] train_acc: 0.608 train_loss_sup: 1.394
[GPU1] epochs: [72/100] train_acc: 0.608 train_loss_sup: 1.395
[GPU1] epochs: [73/100] train_acc: 0.606 train_loss_sup: 1.393
[GPU1] epochs: [74/100] train_acc: 0.610 train_loss_sup: 1.388
[GPU1] epochs: [75/100] train_acc: 0.607 train_loss_sup: 1.392
[GPU1] epochs: [76/100] train_acc: 0.606 train_loss_sup: 1.391
[GPU1] epochs: [77/100] train_acc: 0.607 train_loss_sup: 1.389
[GPU1] epochs: [78/100] train_acc: 0.610 train_loss_sup: 1.387
[GPU1] epochs: [79/100] train_acc: 0.607 train_loss_sup: 1.387
[GPU1] epochs: [80/100] train_acc: 0.609 train_loss_sup: 1.386
[GPU1] Test Accuracy at epoch: 80: 0.64
[GPU1] epochs: [81/100] train_acc: 0.611 train_loss_sup: 1.386
[GPU1] epochs: [82/100] train_acc: 0.608 train_loss_sup: 1.385
[GPU1] epochs: [83/100] train_acc: 0.606 train_loss_sup: 1.385
[GPU1] epochs: [84/100] train_acc: 0.609 train_loss_sup: 1.384
[GPU1] epochs: [85/100] train_acc: 0.611 train_loss_sup: 1.381
[GPU1] epochs: [86/100] train_acc: 0.608 train_loss_sup: 1.385
[GPU1] epochs: [87/100] train_acc: 0.608 train_loss_sup: 1.384
[GPU1] epochs: [88/100] train_acc: 0.609 train_loss_sup: 1.382
[GPU1] epochs: [89/100] train_acc: 0.607 train_loss_sup: 1.382
[GPU1] epochs: [90/100] train_acc: 0.609 train_loss_sup: 1.382
[GPU1] Test Accuracy at epoch: 90: 0.64
[GPU1] epochs: [91/100] train_acc: 0.608 train_loss_sup: 1.384
[GPU1] epochs: [92/100] train_acc: 0.611 train_loss_sup: 1.380
[GPU1] epochs: [93/100] train_acc: 0.608 train_loss_sup: 1.383
[GPU1] epochs: [94/100] train_acc: 0.606 train_loss_sup: 1.384
[GPU1] epochs: [95/100] train_acc: 0.608 train_loss_sup: 1.381
[GPU1] epochs: [96/100] train_acc: 0.606 train_loss_sup: 1.383
[GPU1] epochs: [97/100] train_acc: 0.611 train_loss_sup: 1.380
[GPU1] epochs: [98/100] train_acc: 0.607 train_loss_sup: 1.382
[GPU1] epochs: [99/100] train_acc: 0.608 train_loss_sup: 1.383
[GPU1] epochs: [100/100] train_acc: 0.607 train_loss_sup: 1.381
[GPU1] Final Test Accuracy: 0.641
LR: 0.100 | WD: 0.000000 | Cosine: True | test Acc: 0.641%
===> using linear mlp
Scheduler: <torch.optim.lr_scheduler.CosineAnnealingLR object at 0x7305782cbd00>
MLP: MLP(
  (mlp): Linear(in_features=512, out_features=10, bias=True)
)
[GPU1] Test Accuracy at epoch: 0: 0.537
[GPU1] epochs: [1/100] train_acc: 0.358 train_loss_sup: 2.128
[GPU1] epochs: [2/100] train_acc: 0.556 train_loss_sup: 1.815
[GPU1] epochs: [3/100] train_acc: 0.577 train_loss_sup: 1.629
[GPU1] epochs: [4/100] train_acc: 0.592 train_loss_sup: 1.507
[GPU1] epochs: [5/100] train_acc: 0.595 train_loss_sup: 1.426
[GPU1] epochs: [6/100] train_acc: 0.605 train_loss_sup: 1.361
[GPU1] epochs: [7/100] train_acc: 0.610 train_loss_sup: 1.315
[GPU1] epochs: [8/100] train_acc: 0.614 train_loss_sup: 1.273
[GPU1] epochs: [9/100] train_acc: 0.619 train_loss_sup: 1.244
[GPU1] epochs: [10/100] train_acc: 0.618 train_loss_sup: 1.220
[GPU1] Test Accuracy at epoch: 10: 0.658
[GPU1] epochs: [11/100] train_acc: 0.625 train_loss_sup: 1.195
[GPU1] epochs: [12/100] train_acc: 0.627 train_loss_sup: 1.174
[GPU1] epochs: [13/100] train_acc: 0.627 train_loss_sup: 1.163
[GPU1] epochs: [14/100] train_acc: 0.629 train_loss_sup: 1.151
[GPU1] epochs: [15/100] train_acc: 0.633 train_loss_sup: 1.134
[GPU1] epochs: [16/100] train_acc: 0.633 train_loss_sup: 1.123
[GPU1] epochs: [17/100] train_acc: 0.638 train_loss_sup: 1.111
[GPU1] epochs: [18/100] train_acc: 0.640 train_loss_sup: 1.101
[GPU1] epochs: [19/100] train_acc: 0.642 train_loss_sup: 1.091
[GPU1] epochs: [20/100] train_acc: 0.644 train_loss_sup: 1.083
[GPU1] Test Accuracy at epoch: 20: 0.679
[GPU1] epochs: [21/100] train_acc: 0.641 train_loss_sup: 1.081
[GPU1] epochs: [22/100] train_acc: 0.647 train_loss_sup: 1.070
[GPU1] epochs: [23/100] train_acc: 0.648 train_loss_sup: 1.062
[GPU1] epochs: [24/100] train_acc: 0.647 train_loss_sup: 1.058
[GPU1] epochs: [25/100] train_acc: 0.647 train_loss_sup: 1.053
[GPU1] epochs: [26/100] train_acc: 0.651 train_loss_sup: 1.045
[GPU1] epochs: [27/100] train_acc: 0.652 train_loss_sup: 1.043
[GPU1] epochs: [28/100] train_acc: 0.652 train_loss_sup: 1.036
[GPU1] epochs: [29/100] train_acc: 0.654 train_loss_sup: 1.031
[GPU1] epochs: [30/100] train_acc: 0.656 train_loss_sup: 1.029
[GPU1] Test Accuracy at epoch: 30: 0.687
[GPU1] epochs: [31/100] train_acc: 0.656 train_loss_sup: 1.025
[GPU1] epochs: [32/100] train_acc: 0.655 train_loss_sup: 1.024
[GPU1] epochs: [33/100] train_acc: 0.655 train_loss_sup: 1.017
[GPU1] epochs: [34/100] train_acc: 0.659 train_loss_sup: 1.011
[GPU1] epochs: [35/100] train_acc: 0.656 train_loss_sup: 1.013
[GPU1] epochs: [36/100] train_acc: 0.657 train_loss_sup: 1.012
[GPU1] epochs: [37/100] train_acc: 0.658 train_loss_sup: 1.008
[GPU1] epochs: [38/100] train_acc: 0.660 train_loss_sup: 1.003
[GPU1] epochs: [39/100] train_acc: 0.662 train_loss_sup: 1.000
[GPU1] epochs: [40/100] train_acc: 0.662 train_loss_sup: 1.000
[GPU1] Test Accuracy at epoch: 40: 0.692
[GPU1] epochs: [41/100] train_acc: 0.659 train_loss_sup: 0.995
[GPU1] epochs: [42/100] train_acc: 0.661 train_loss_sup: 0.995
[GPU1] epochs: [43/100] train_acc: 0.661 train_loss_sup: 0.995
[GPU1] epochs: [44/100] train_acc: 0.663 train_loss_sup: 0.989
[GPU1] epochs: [45/100] train_acc: 0.663 train_loss_sup: 0.987
[GPU1] epochs: [46/100] train_acc: 0.662 train_loss_sup: 0.988
[GPU1] epochs: [47/100] train_acc: 0.664 train_loss_sup: 0.986
[GPU1] epochs: [48/100] train_acc: 0.663 train_loss_sup: 0.984
[GPU1] epochs: [49/100] train_acc: 0.663 train_loss_sup: 0.983
[GPU1] epochs: [50/100] train_acc: 0.668 train_loss_sup: 0.977
[GPU1] Test Accuracy at epoch: 50: 0.698
[GPU1] epochs: [51/100] train_acc: 0.665 train_loss_sup: 0.980
[GPU1] epochs: [52/100] train_acc: 0.666 train_loss_sup: 0.982
[GPU1] epochs: [53/100] train_acc: 0.666 train_loss_sup: 0.975
[GPU1] epochs: [54/100] train_acc: 0.666 train_loss_sup: 0.977
[GPU1] epochs: [55/100] train_acc: 0.668 train_loss_sup: 0.973
[GPU1] epochs: [56/100] train_acc: 0.670 train_loss_sup: 0.971
[GPU1] epochs: [57/100] train_acc: 0.669 train_loss_sup: 0.968
[GPU1] epochs: [58/100] train_acc: 0.668 train_loss_sup: 0.969
[GPU1] epochs: [59/100] train_acc: 0.667 train_loss_sup: 0.975
[GPU1] epochs: [60/100] train_acc: 0.668 train_loss_sup: 0.973
[GPU1] Test Accuracy at epoch: 60: 0.699
[GPU1] epochs: [61/100] train_acc: 0.670 train_loss_sup: 0.965
[GPU1] epochs: [62/100] train_acc: 0.671 train_loss_sup: 0.966
[GPU1] epochs: [63/100] train_acc: 0.669 train_loss_sup: 0.968
[GPU1] epochs: [64/100] train_acc: 0.670 train_loss_sup: 0.965
[GPU1] epochs: [65/100] train_acc: 0.669 train_loss_sup: 0.964
[GPU1] epochs: [66/100] train_acc: 0.667 train_loss_sup: 0.968
[GPU1] epochs: [67/100] train_acc: 0.671 train_loss_sup: 0.964
[GPU1] epochs: [68/100] train_acc: 0.672 train_loss_sup: 0.960
[GPU1] epochs: [69/100] train_acc: 0.670 train_loss_sup: 0.962
[GPU1] epochs: [70/100] train_acc: 0.668 train_loss_sup: 0.961
[GPU1] Test Accuracy at epoch: 70: 0.703
[GPU1] epochs: [71/100] train_acc: 0.671 train_loss_sup: 0.962
[GPU1] epochs: [72/100] train_acc: 0.671 train_loss_sup: 0.959
[GPU1] epochs: [73/100] train_acc: 0.669 train_loss_sup: 0.960
[GPU1] epochs: [74/100] train_acc: 0.668 train_loss_sup: 0.960
[GPU1] epochs: [75/100] train_acc: 0.667 train_loss_sup: 0.963
[GPU1] epochs: [76/100] train_acc: 0.670 train_loss_sup: 0.961
[GPU1] epochs: [77/100] train_acc: 0.671 train_loss_sup: 0.954
[GPU1] epochs: [78/100] train_acc: 0.671 train_loss_sup: 0.960
[GPU1] epochs: [79/100] train_acc: 0.670 train_loss_sup: 0.963
[GPU1] epochs: [80/100] train_acc: 0.671 train_loss_sup: 0.956
[GPU1] Test Accuracy at epoch: 80: 0.705
[GPU1] epochs: [81/100] train_acc: 0.672 train_loss_sup: 0.955
[GPU1] epochs: [82/100] train_acc: 0.669 train_loss_sup: 0.959
[GPU1] epochs: [83/100] train_acc: 0.671 train_loss_sup: 0.958
[GPU1] epochs: [84/100] train_acc: 0.672 train_loss_sup: 0.958
[GPU1] epochs: [85/100] train_acc: 0.670 train_loss_sup: 0.959
[GPU1] epochs: [86/100] train_acc: 0.672 train_loss_sup: 0.960
[GPU1] epochs: [87/100] train_acc: 0.672 train_loss_sup: 0.956
[GPU1] epochs: [88/100] train_acc: 0.673 train_loss_sup: 0.955
[GPU1] epochs: [89/100] train_acc: 0.671 train_loss_sup: 0.957
[GPU1] epochs: [90/100] train_acc: 0.674 train_loss_sup: 0.953
[GPU1] Test Accuracy at epoch: 90: 0.704
[GPU1] epochs: [91/100] train_acc: 0.672 train_loss_sup: 0.956
[GPU1] epochs: [92/100] train_acc: 0.672 train_loss_sup: 0.954
[GPU1] epochs: [93/100] train_acc: 0.674 train_loss_sup: 0.955
[GPU1] epochs: [94/100] train_acc: 0.675 train_loss_sup: 0.955
[GPU1] epochs: [95/100] train_acc: 0.675 train_loss_sup: 0.954
[GPU1] epochs: [96/100] train_acc: 0.670 train_loss_sup: 0.959
[GPU1] epochs: [97/100] train_acc: 0.671 train_loss_sup: 0.956
[GPU1] epochs: [98/100] train_acc: 0.672 train_loss_sup: 0.956
[GPU1] epochs: [99/100] train_acc: 0.673 train_loss_sup: 0.958
[GPU1] epochs: [100/100] train_acc: 0.670 train_loss_sup: 0.961
[GPU1] Final Test Accuracy: 0.704
LR: 1.000 | WD: 0.000001 | Cosine: True | test Acc: 0.705%
===> using linear mlp
Scheduler: <torch.optim.lr_scheduler.CosineAnnealingLR object at 0x730577f0d150>
MLP: MLP(
  (mlp): Linear(in_features=512, out_features=10, bias=True)
)
[GPU1] Test Accuracy at epoch: 0: 0.6
[GPU1] epochs: [1/100] train_acc: 0.380 train_loss_sup: 2.130
[GPU1] epochs: [2/100] train_acc: 0.535 train_loss_sup: 1.837
[GPU1] epochs: [3/100] train_acc: 0.570 train_loss_sup: 1.677
[GPU1] epochs: [4/100] train_acc: 0.577 train_loss_sup: 1.576
[GPU1] epochs: [5/100] train_acc: 0.594 train_loss_sup: 1.513
[GPU1] epochs: [6/100] train_acc: 0.598 train_loss_sup: 1.465
[GPU1] epochs: [7/100] train_acc: 0.606 train_loss_sup: 1.433
[GPU1] epochs: [8/100] train_acc: 0.603 train_loss_sup: 1.410
[GPU1] epochs: [9/100] train_acc: 0.611 train_loss_sup: 1.393
[GPU1] epochs: [10/100] train_acc: 0.609 train_loss_sup: 1.378
[GPU1] Test Accuracy at epoch: 10: 0.651
[GPU1] epochs: [11/100] train_acc: 0.616 train_loss_sup: 1.365
[GPU1] epochs: [12/100] train_acc: 0.617 train_loss_sup: 1.357
[GPU1] epochs: [13/100] train_acc: 0.616 train_loss_sup: 1.351
[GPU1] epochs: [14/100] train_acc: 0.618 train_loss_sup: 1.345
[GPU1] epochs: [15/100] train_acc: 0.620 train_loss_sup: 1.340
[GPU1] epochs: [16/100] train_acc: 0.621 train_loss_sup: 1.338
[GPU1] epochs: [17/100] train_acc: 0.622 train_loss_sup: 1.335
[GPU1] epochs: [18/100] train_acc: 0.623 train_loss_sup: 1.331
[GPU1] epochs: [19/100] train_acc: 0.624 train_loss_sup: 1.331
[GPU1] epochs: [20/100] train_acc: 0.628 train_loss_sup: 1.326
[GPU1] Test Accuracy at epoch: 20: 0.66
[GPU1] epochs: [21/100] train_acc: 0.623 train_loss_sup: 1.328
[GPU1] epochs: [22/100] train_acc: 0.625 train_loss_sup: 1.326
[GPU1] epochs: [23/100] train_acc: 0.626 train_loss_sup: 1.323
[GPU1] epochs: [24/100] train_acc: 0.626 train_loss_sup: 1.324
[GPU1] epochs: [25/100] train_acc: 0.628 train_loss_sup: 1.321
[GPU1] epochs: [26/100] train_acc: 0.624 train_loss_sup: 1.320
[GPU1] epochs: [27/100] train_acc: 0.626 train_loss_sup: 1.322
[GPU1] epochs: [28/100] train_acc: 0.628 train_loss_sup: 1.318
[GPU1] epochs: [29/100] train_acc: 0.625 train_loss_sup: 1.323
[GPU1] epochs: [30/100] train_acc: 0.627 train_loss_sup: 1.321
[GPU1] Test Accuracy at epoch: 30: 0.66
[GPU1] epochs: [31/100] train_acc: 0.627 train_loss_sup: 1.322
[GPU1] epochs: [32/100] train_acc: 0.626 train_loss_sup: 1.317
[GPU1] epochs: [33/100] train_acc: 0.625 train_loss_sup: 1.321
[GPU1] epochs: [34/100] train_acc: 0.626 train_loss_sup: 1.318
[GPU1] epochs: [35/100] train_acc: 0.628 train_loss_sup: 1.319
[GPU1] epochs: [36/100] train_acc: 0.625 train_loss_sup: 1.321
[GPU1] epochs: [37/100] train_acc: 0.629 train_loss_sup: 1.319
[GPU1] epochs: [38/100] train_acc: 0.628 train_loss_sup: 1.322
[GPU1] epochs: [39/100] train_acc: 0.628 train_loss_sup: 1.319
[GPU1] epochs: [40/100] train_acc: 0.626 train_loss_sup: 1.317
[GPU1] Test Accuracy at epoch: 40: 0.656
[GPU1] epochs: [41/100] train_acc: 0.630 train_loss_sup: 1.316
[GPU1] epochs: [42/100] train_acc: 0.628 train_loss_sup: 1.318
[GPU1] epochs: [43/100] train_acc: 0.631 train_loss_sup: 1.315
[GPU1] epochs: [44/100] train_acc: 0.630 train_loss_sup: 1.318
[GPU1] epochs: [45/100] train_acc: 0.630 train_loss_sup: 1.317
[GPU1] epochs: [46/100] train_acc: 0.629 train_loss_sup: 1.317
[GPU1] epochs: [47/100] train_acc: 0.632 train_loss_sup: 1.316
[GPU1] epochs: [48/100] train_acc: 0.629 train_loss_sup: 1.316
[GPU1] epochs: [49/100] train_acc: 0.629 train_loss_sup: 1.317
[GPU1] epochs: [50/100] train_acc: 0.630 train_loss_sup: 1.318
[GPU1] Test Accuracy at epoch: 50: 0.658
[GPU1] epochs: [51/100] train_acc: 0.632 train_loss_sup: 1.315
[GPU1] epochs: [52/100] train_acc: 0.630 train_loss_sup: 1.317
[GPU1] epochs: [53/100] train_acc: 0.630 train_loss_sup: 1.319
[GPU1] epochs: [54/100] train_acc: 0.632 train_loss_sup: 1.314
[GPU1] epochs: [55/100] train_acc: 0.629 train_loss_sup: 1.316
[GPU1] epochs: [56/100] train_acc: 0.627 train_loss_sup: 1.318
[GPU1] epochs: [57/100] train_acc: 0.630 train_loss_sup: 1.315
[GPU1] epochs: [58/100] train_acc: 0.630 train_loss_sup: 1.317
[GPU1] epochs: [59/100] train_acc: 0.629 train_loss_sup: 1.318
[GPU1] epochs: [60/100] train_acc: 0.631 train_loss_sup: 1.316
[GPU1] Test Accuracy at epoch: 60: 0.661
[GPU1] epochs: [61/100] train_acc: 0.631 train_loss_sup: 1.316
[GPU1] epochs: [62/100] train_acc: 0.630 train_loss_sup: 1.319
[GPU1] epochs: [63/100] train_acc: 0.630 train_loss_sup: 1.316
[GPU1] epochs: [64/100] train_acc: 0.629 train_loss_sup: 1.317
[GPU1] epochs: [65/100] train_acc: 0.631 train_loss_sup: 1.316
[GPU1] epochs: [66/100] train_acc: 0.633 train_loss_sup: 1.315
[GPU1] epochs: [67/100] train_acc: 0.631 train_loss_sup: 1.317
[GPU1] epochs: [68/100] train_acc: 0.626 train_loss_sup: 1.320
[GPU1] epochs: [69/100] train_acc: 0.630 train_loss_sup: 1.319
[GPU1] epochs: [70/100] train_acc: 0.632 train_loss_sup: 1.316
[GPU1] Test Accuracy at epoch: 70: 0.663
[GPU1] epochs: [71/100] train_acc: 0.630 train_loss_sup: 1.317
[GPU1] epochs: [72/100] train_acc: 0.631 train_loss_sup: 1.317
[GPU1] epochs: [73/100] train_acc: 0.632 train_loss_sup: 1.315
[GPU1] epochs: [74/100] train_acc: 0.634 train_loss_sup: 1.315
[GPU1] epochs: [75/100] train_acc: 0.632 train_loss_sup: 1.313
[GPU1] epochs: [76/100] train_acc: 0.631 train_loss_sup: 1.317
[GPU1] epochs: [77/100] train_acc: 0.632 train_loss_sup: 1.316
[GPU1] epochs: [78/100] train_acc: 0.630 train_loss_sup: 1.317
[GPU1] epochs: [79/100] train_acc: 0.632 train_loss_sup: 1.316
[GPU1] epochs: [80/100] train_acc: 0.633 train_loss_sup: 1.316
[GPU1] Test Accuracy at epoch: 80: 0.666
[GPU1] epochs: [81/100] train_acc: 0.632 train_loss_sup: 1.314
[GPU1] epochs: [82/100] train_acc: 0.633 train_loss_sup: 1.315
[GPU1] epochs: [83/100] train_acc: 0.630 train_loss_sup: 1.316
[GPU1] epochs: [84/100] train_acc: 0.631 train_loss_sup: 1.316
[GPU1] epochs: [85/100] train_acc: 0.632 train_loss_sup: 1.315
[GPU1] epochs: [86/100] train_acc: 0.633 train_loss_sup: 1.312
[GPU1] epochs: [87/100] train_acc: 0.633 train_loss_sup: 1.312
[GPU1] epochs: [88/100] train_acc: 0.632 train_loss_sup: 1.315
[GPU1] epochs: [89/100] train_acc: 0.631 train_loss_sup: 1.316
[GPU1] epochs: [90/100] train_acc: 0.633 train_loss_sup: 1.314
[GPU1] Test Accuracy at epoch: 90: 0.666
[GPU1] epochs: [91/100] train_acc: 0.632 train_loss_sup: 1.316
[GPU1] epochs: [92/100] train_acc: 0.633 train_loss_sup: 1.313
[GPU1] epochs: [93/100] train_acc: 0.632 train_loss_sup: 1.317
[GPU1] epochs: [94/100] train_acc: 0.631 train_loss_sup: 1.315
[GPU1] epochs: [95/100] train_acc: 0.634 train_loss_sup: 1.312
[GPU1] epochs: [96/100] train_acc: 0.633 train_loss_sup: 1.316
[GPU1] epochs: [97/100] train_acc: 0.632 train_loss_sup: 1.314
[GPU1] epochs: [98/100] train_acc: 0.631 train_loss_sup: 1.315
[GPU1] epochs: [99/100] train_acc: 0.631 train_loss_sup: 1.314
[GPU1] epochs: [100/100] train_acc: 0.632 train_loss_sup: 1.315
[GPU1] Final Test Accuracy: 0.665
LR: 1.000 | WD: 0.000100 | Cosine: True | test Acc: 0.666%
===> using linear mlp
Scheduler: <torch.optim.lr_scheduler.CosineAnnealingLR object at 0x73057b7ba2c0>
MLP: MLP(
  (mlp): Linear(in_features=512, out_features=10, bias=True)
)
[GPU1] Test Accuracy at epoch: 0: 0.517
[GPU1] epochs: [1/100] train_acc: 0.387 train_loss_sup: 2.126
[GPU1] epochs: [2/100] train_acc: 0.541 train_loss_sup: 1.814
[GPU1] epochs: [3/100] train_acc: 0.573 train_loss_sup: 1.630
[GPU1] epochs: [4/100] train_acc: 0.592 train_loss_sup: 1.509
[GPU1] epochs: [5/100] train_acc: 0.598 train_loss_sup: 1.423
[GPU1] epochs: [6/100] train_acc: 0.604 train_loss_sup: 1.360
[GPU1] epochs: [7/100] train_acc: 0.609 train_loss_sup: 1.313
[GPU1] epochs: [8/100] train_acc: 0.612 train_loss_sup: 1.275
[GPU1] epochs: [9/100] train_acc: 0.616 train_loss_sup: 1.244
[GPU1] epochs: [10/100] train_acc: 0.621 train_loss_sup: 1.217
[GPU1] Test Accuracy at epoch: 10: 0.66
[GPU1] epochs: [11/100] train_acc: 0.625 train_loss_sup: 1.192
[GPU1] epochs: [12/100] train_acc: 0.626 train_loss_sup: 1.175
[GPU1] epochs: [13/100] train_acc: 0.628 train_loss_sup: 1.159
[GPU1] epochs: [14/100] train_acc: 0.632 train_loss_sup: 1.146
[GPU1] epochs: [15/100] train_acc: 0.632 train_loss_sup: 1.134
[GPU1] epochs: [16/100] train_acc: 0.636 train_loss_sup: 1.118
[GPU1] epochs: [17/100] train_acc: 0.640 train_loss_sup: 1.104
[GPU1] epochs: [18/100] train_acc: 0.641 train_loss_sup: 1.096
[GPU1] epochs: [19/100] train_acc: 0.640 train_loss_sup: 1.092
[GPU1] epochs: [20/100] train_acc: 0.642 train_loss_sup: 1.080
[GPU1] Test Accuracy at epoch: 20: 0.676
[GPU1] epochs: [21/100] train_acc: 0.644 train_loss_sup: 1.073
[GPU1] epochs: [22/100] train_acc: 0.645 train_loss_sup: 1.069
[GPU1] epochs: [23/100] train_acc: 0.649 train_loss_sup: 1.062
[GPU1] epochs: [24/100] train_acc: 0.646 train_loss_sup: 1.055
[GPU1] epochs: [25/100] train_acc: 0.649 train_loss_sup: 1.050
[GPU1] epochs: [26/100] train_acc: 0.650 train_loss_sup: 1.044
[GPU1] epochs: [27/100] train_acc: 0.650 train_loss_sup: 1.042
[GPU1] epochs: [28/100] train_acc: 0.651 train_loss_sup: 1.035
[GPU1] epochs: [29/100] train_acc: 0.652 train_loss_sup: 1.030
[GPU1] epochs: [30/100] train_acc: 0.654 train_loss_sup: 1.024
[GPU1] Test Accuracy at epoch: 30: 0.687
[GPU1] epochs: [31/100] train_acc: 0.654 train_loss_sup: 1.023
[GPU1] epochs: [32/100] train_acc: 0.654 train_loss_sup: 1.018
[GPU1] epochs: [33/100] train_acc: 0.655 train_loss_sup: 1.016
[GPU1] epochs: [34/100] train_acc: 0.655 train_loss_sup: 1.013
[GPU1] epochs: [35/100] train_acc: 0.659 train_loss_sup: 1.007
[GPU1] epochs: [36/100] train_acc: 0.658 train_loss_sup: 1.004
[GPU1] epochs: [37/100] train_acc: 0.660 train_loss_sup: 1.001
[GPU1] epochs: [38/100] train_acc: 0.660 train_loss_sup: 1.001
[GPU1] epochs: [39/100] train_acc: 0.659 train_loss_sup: 0.998
[GPU1] epochs: [40/100] train_acc: 0.661 train_loss_sup: 0.996
[GPU1] Test Accuracy at epoch: 40: 0.695
[GPU1] epochs: [41/100] train_acc: 0.662 train_loss_sup: 0.993
[GPU1] epochs: [42/100] train_acc: 0.660 train_loss_sup: 0.990
[GPU1] epochs: [43/100] train_acc: 0.661 train_loss_sup: 0.990
[GPU1] epochs: [44/100] train_acc: 0.664 train_loss_sup: 0.984
[GPU1] epochs: [45/100] train_acc: 0.661 train_loss_sup: 0.985
[GPU1] epochs: [46/100] train_acc: 0.661 train_loss_sup: 0.982
[GPU1] epochs: [47/100] train_acc: 0.666 train_loss_sup: 0.982
[GPU1] epochs: [48/100] train_acc: 0.665 train_loss_sup: 0.978
[GPU1] epochs: [49/100] train_acc: 0.666 train_loss_sup: 0.976
[GPU1] epochs: [50/100] train_acc: 0.666 train_loss_sup: 0.977
[GPU1] Test Accuracy at epoch: 50: 0.699
[GPU1] epochs: [51/100] train_acc: 0.666 train_loss_sup: 0.974
[GPU1] epochs: [52/100] train_acc: 0.664 train_loss_sup: 0.976
[GPU1] epochs: [53/100] train_acc: 0.665 train_loss_sup: 0.973
[GPU1] epochs: [54/100] train_acc: 0.668 train_loss_sup: 0.971
[GPU1] epochs: [55/100] train_acc: 0.667 train_loss_sup: 0.973
[GPU1] epochs: [56/100] train_acc: 0.667 train_loss_sup: 0.969
[GPU1] epochs: [57/100] train_acc: 0.668 train_loss_sup: 0.966
[GPU1] epochs: [58/100] train_acc: 0.669 train_loss_sup: 0.964
[GPU1] epochs: [59/100] train_acc: 0.668 train_loss_sup: 0.966
[GPU1] epochs: [60/100] train_acc: 0.668 train_loss_sup: 0.967
[GPU1] Test Accuracy at epoch: 60: 0.701
[GPU1] epochs: [61/100] train_acc: 0.667 train_loss_sup: 0.965
[GPU1] epochs: [62/100] train_acc: 0.668 train_loss_sup: 0.967
[GPU1] epochs: [63/100] train_acc: 0.666 train_loss_sup: 0.965
[GPU1] epochs: [64/100] train_acc: 0.671 train_loss_sup: 0.959
[GPU1] epochs: [65/100] train_acc: 0.670 train_loss_sup: 0.957
[GPU1] epochs: [66/100] train_acc: 0.669 train_loss_sup: 0.962
[GPU1] epochs: [67/100] train_acc: 0.668 train_loss_sup: 0.967
[GPU1] epochs: [68/100] train_acc: 0.669 train_loss_sup: 0.961
[GPU1] epochs: [69/100] train_acc: 0.671 train_loss_sup: 0.958
[GPU1] epochs: [70/100] train_acc: 0.670 train_loss_sup: 0.957
[GPU1] Test Accuracy at epoch: 70: 0.702
[GPU1] epochs: [71/100] train_acc: 0.671 train_loss_sup: 0.959
[GPU1] epochs: [72/100] train_acc: 0.670 train_loss_sup: 0.956
[GPU1] epochs: [73/100] train_acc: 0.669 train_loss_sup: 0.959
[GPU1] epochs: [74/100] train_acc: 0.670 train_loss_sup: 0.958
[GPU1] epochs: [75/100] train_acc: 0.672 train_loss_sup: 0.953
[GPU1] epochs: [76/100] train_acc: 0.675 train_loss_sup: 0.952
[GPU1] epochs: [77/100] train_acc: 0.675 train_loss_sup: 0.953
[GPU1] epochs: [78/100] train_acc: 0.671 train_loss_sup: 0.957
[GPU1] epochs: [79/100] train_acc: 0.671 train_loss_sup: 0.952
[GPU1] epochs: [80/100] train_acc: 0.673 train_loss_sup: 0.955
[GPU1] Test Accuracy at epoch: 80: 0.705
[GPU1] epochs: [81/100] train_acc: 0.672 train_loss_sup: 0.951
[GPU1] epochs: [82/100] train_acc: 0.671 train_loss_sup: 0.956
[GPU1] epochs: [83/100] train_acc: 0.671 train_loss_sup: 0.954
[GPU1] epochs: [84/100] train_acc: 0.671 train_loss_sup: 0.954
[GPU1] epochs: [85/100] train_acc: 0.671 train_loss_sup: 0.954
[GPU1] epochs: [86/100] train_acc: 0.671 train_loss_sup: 0.954
[GPU1] epochs: [87/100] train_acc: 0.672 train_loss_sup: 0.957
[GPU1] epochs: [88/100] train_acc: 0.673 train_loss_sup: 0.953
[GPU1] epochs: [89/100] train_acc: 0.671 train_loss_sup: 0.954
[GPU1] epochs: [90/100] train_acc: 0.673 train_loss_sup: 0.951
[GPU1] Test Accuracy at epoch: 90: 0.705
[GPU1] epochs: [91/100] train_acc: 0.673 train_loss_sup: 0.952
[GPU1] epochs: [92/100] train_acc: 0.673 train_loss_sup: 0.951
[GPU1] epochs: [93/100] train_acc: 0.671 train_loss_sup: 0.952
[GPU1] epochs: [94/100] train_acc: 0.672 train_loss_sup: 0.953
[GPU1] epochs: [95/100] train_acc: 0.668 train_loss_sup: 0.954
[GPU1] epochs: [96/100] train_acc: 0.671 train_loss_sup: 0.954
[GPU1] epochs: [97/100] train_acc: 0.673 train_loss_sup: 0.953
[GPU1] epochs: [98/100] train_acc: 0.674 train_loss_sup: 0.956
[GPU1] epochs: [99/100] train_acc: 0.671 train_loss_sup: 0.954
[GPU1] epochs: [100/100] train_acc: 0.673 train_loss_sup: 0.953
[GPU1] Final Test Accuracy: 0.706
LR: 1.000 | WD: 0.000000 | Cosine: True | test Acc: 0.706%
------------------------------
Best Test Accuracy: 0.724%
Optimal Hyperparameters: LR=1.0, WD=0.0, Cosine=0
knn evalution
logistic regression evalution
clustering metrics evalution
knn_acc: 0.697
lreg_acc: 0.756
ari: 0.223
nmi: 0.353
ss: 0.040
dbs: 4.016
