Namespace(dataset='cifar10', saved_path='saved_models/simsiam.c100.r18.pth', gpu=1, model='resnet18', verbose=False, epochs=100, eval_every=10, knn=True, lreg=True, linprobe=True, tsne=False, umap=False, cmet=True)
<All keys matched successfully>
Files already downloaded and verified
Files already downloaded and verified
Files already downloaded and verified
Starting Hyperparameter Sweep on 1...
===> using linear mlp
Scheduler: None
MLP: MLP(
  (mlp): Linear(in_features=512, out_features=10, bias=True)
)
[GPU1] Test Accuracy at epoch: 0: 0.391
[GPU1] epochs: [1/100] train_acc: 0.299 train_loss_sup: 2.277
[GPU1] epochs: [2/100] train_acc: 0.456 train_loss_sup: 2.216
[GPU1] epochs: [3/100] train_acc: 0.519 train_loss_sup: 2.159
[GPU1] epochs: [4/100] train_acc: 0.532 train_loss_sup: 2.106
[GPU1] epochs: [5/100] train_acc: 0.549 train_loss_sup: 2.057
[GPU1] epochs: [6/100] train_acc: 0.554 train_loss_sup: 2.012
[GPU1] epochs: [7/100] train_acc: 0.558 train_loss_sup: 1.969
[GPU1] epochs: [8/100] train_acc: 0.565 train_loss_sup: 1.931
[GPU1] epochs: [9/100] train_acc: 0.566 train_loss_sup: 1.894
[GPU1] epochs: [10/100] train_acc: 0.567 train_loss_sup: 1.861
[GPU1] Test Accuracy at epoch: 10: 0.606
[GPU1] epochs: [11/100] train_acc: 0.572 train_loss_sup: 1.832
[GPU1] epochs: [12/100] train_acc: 0.577 train_loss_sup: 1.801
[GPU1] epochs: [13/100] train_acc: 0.574 train_loss_sup: 1.773
[GPU1] epochs: [14/100] train_acc: 0.577 train_loss_sup: 1.747
[GPU1] epochs: [15/100] train_acc: 0.579 train_loss_sup: 1.724
[GPU1] epochs: [16/100] train_acc: 0.581 train_loss_sup: 1.700
[GPU1] epochs: [17/100] train_acc: 0.583 train_loss_sup: 1.679
[GPU1] epochs: [18/100] train_acc: 0.584 train_loss_sup: 1.656
[GPU1] epochs: [19/100] train_acc: 0.587 train_loss_sup: 1.637
[GPU1] epochs: [20/100] train_acc: 0.589 train_loss_sup: 1.619
[GPU1] Test Accuracy at epoch: 20: 0.618
[GPU1] epochs: [21/100] train_acc: 0.587 train_loss_sup: 1.602
[GPU1] epochs: [22/100] train_acc: 0.589 train_loss_sup: 1.585
[GPU1] epochs: [23/100] train_acc: 0.592 train_loss_sup: 1.571
[GPU1] epochs: [24/100] train_acc: 0.592 train_loss_sup: 1.556
[GPU1] epochs: [25/100] train_acc: 0.593 train_loss_sup: 1.542
[GPU1] epochs: [26/100] train_acc: 0.596 train_loss_sup: 1.527
[GPU1] epochs: [27/100] train_acc: 0.596 train_loss_sup: 1.513
[GPU1] epochs: [28/100] train_acc: 0.595 train_loss_sup: 1.503
[GPU1] epochs: [29/100] train_acc: 0.598 train_loss_sup: 1.490
[GPU1] epochs: [30/100] train_acc: 0.597 train_loss_sup: 1.480
[GPU1] Test Accuracy at epoch: 30: 0.631
[GPU1] epochs: [31/100] train_acc: 0.598 train_loss_sup: 1.467
[GPU1] epochs: [32/100] train_acc: 0.601 train_loss_sup: 1.457
[GPU1] epochs: [33/100] train_acc: 0.603 train_loss_sup: 1.448
[GPU1] epochs: [34/100] train_acc: 0.603 train_loss_sup: 1.438
[GPU1] epochs: [35/100] train_acc: 0.603 train_loss_sup: 1.428
[GPU1] epochs: [36/100] train_acc: 0.601 train_loss_sup: 1.420
[GPU1] epochs: [37/100] train_acc: 0.603 train_loss_sup: 1.412
[GPU1] epochs: [38/100] train_acc: 0.605 train_loss_sup: 1.402
[GPU1] epochs: [39/100] train_acc: 0.608 train_loss_sup: 1.394
[GPU1] epochs: [40/100] train_acc: 0.606 train_loss_sup: 1.389
[GPU1] Test Accuracy at epoch: 40: 0.64
[GPU1] epochs: [41/100] train_acc: 0.607 train_loss_sup: 1.378
[GPU1] epochs: [42/100] train_acc: 0.608 train_loss_sup: 1.372
[GPU1] epochs: [43/100] train_acc: 0.608 train_loss_sup: 1.364
[GPU1] epochs: [44/100] train_acc: 0.609 train_loss_sup: 1.356
[GPU1] epochs: [45/100] train_acc: 0.608 train_loss_sup: 1.351
[GPU1] epochs: [46/100] train_acc: 0.610 train_loss_sup: 1.344
[GPU1] epochs: [47/100] train_acc: 0.610 train_loss_sup: 1.339
[GPU1] epochs: [48/100] train_acc: 0.610 train_loss_sup: 1.334
[GPU1] epochs: [49/100] train_acc: 0.611 train_loss_sup: 1.324
[GPU1] epochs: [50/100] train_acc: 0.611 train_loss_sup: 1.323
[GPU1] Test Accuracy at epoch: 50: 0.647
[GPU1] epochs: [51/100] train_acc: 0.613 train_loss_sup: 1.316
[GPU1] epochs: [52/100] train_acc: 0.614 train_loss_sup: 1.309
[GPU1] epochs: [53/100] train_acc: 0.613 train_loss_sup: 1.304
[GPU1] epochs: [54/100] train_acc: 0.614 train_loss_sup: 1.300
[GPU1] epochs: [55/100] train_acc: 0.615 train_loss_sup: 1.298
[GPU1] epochs: [56/100] train_acc: 0.613 train_loss_sup: 1.291
[GPU1] epochs: [57/100] train_acc: 0.617 train_loss_sup: 1.285
[GPU1] epochs: [58/100] train_acc: 0.615 train_loss_sup: 1.280
[GPU1] epochs: [59/100] train_acc: 0.617 train_loss_sup: 1.276
[GPU1] epochs: [60/100] train_acc: 0.618 train_loss_sup: 1.272
[GPU1] Test Accuracy at epoch: 60: 0.652
[GPU1] epochs: [61/100] train_acc: 0.617 train_loss_sup: 1.268
[GPU1] epochs: [62/100] train_acc: 0.618 train_loss_sup: 1.263
[GPU1] epochs: [63/100] train_acc: 0.619 train_loss_sup: 1.260
[GPU1] epochs: [64/100] train_acc: 0.619 train_loss_sup: 1.257
[GPU1] epochs: [65/100] train_acc: 0.620 train_loss_sup: 1.251
[GPU1] epochs: [66/100] train_acc: 0.623 train_loss_sup: 1.246
[GPU1] epochs: [67/100] train_acc: 0.621 train_loss_sup: 1.243
[GPU1] epochs: [68/100] train_acc: 0.620 train_loss_sup: 1.244
[GPU1] epochs: [69/100] train_acc: 0.619 train_loss_sup: 1.239
[GPU1] epochs: [70/100] train_acc: 0.620 train_loss_sup: 1.236
[GPU1] Test Accuracy at epoch: 70: 0.657
[GPU1] epochs: [71/100] train_acc: 0.621 train_loss_sup: 1.230
[GPU1] epochs: [72/100] train_acc: 0.619 train_loss_sup: 1.230
[GPU1] epochs: [73/100] train_acc: 0.624 train_loss_sup: 1.221
[GPU1] epochs: [74/100] train_acc: 0.624 train_loss_sup: 1.219
[GPU1] epochs: [75/100] train_acc: 0.622 train_loss_sup: 1.217
[GPU1] epochs: [76/100] train_acc: 0.622 train_loss_sup: 1.215
[GPU1] epochs: [77/100] train_acc: 0.626 train_loss_sup: 1.212
[GPU1] epochs: [78/100] train_acc: 0.624 train_loss_sup: 1.208
[GPU1] epochs: [79/100] train_acc: 0.624 train_loss_sup: 1.207
[GPU1] epochs: [80/100] train_acc: 0.626 train_loss_sup: 1.205
[GPU1] Test Accuracy at epoch: 80: 0.658
[GPU1] epochs: [81/100] train_acc: 0.625 train_loss_sup: 1.199
[GPU1] epochs: [82/100] train_acc: 0.623 train_loss_sup: 1.203
[GPU1] epochs: [83/100] train_acc: 0.624 train_loss_sup: 1.196
[GPU1] epochs: [84/100] train_acc: 0.627 train_loss_sup: 1.190
[GPU1] epochs: [85/100] train_acc: 0.629 train_loss_sup: 1.191
[GPU1] epochs: [86/100] train_acc: 0.629 train_loss_sup: 1.188
[GPU1] epochs: [87/100] train_acc: 0.626 train_loss_sup: 1.187
[GPU1] epochs: [88/100] train_acc: 0.627 train_loss_sup: 1.184
[GPU1] epochs: [89/100] train_acc: 0.626 train_loss_sup: 1.181
[GPU1] epochs: [90/100] train_acc: 0.627 train_loss_sup: 1.179
[GPU1] Test Accuracy at epoch: 90: 0.664
[GPU1] epochs: [91/100] train_acc: 0.631 train_loss_sup: 1.175
[GPU1] epochs: [92/100] train_acc: 0.626 train_loss_sup: 1.177
[GPU1] epochs: [93/100] train_acc: 0.630 train_loss_sup: 1.170
[GPU1] epochs: [94/100] train_acc: 0.630 train_loss_sup: 1.168
[GPU1] epochs: [95/100] train_acc: 0.629 train_loss_sup: 1.166
[GPU1] epochs: [96/100] train_acc: 0.632 train_loss_sup: 1.164
[GPU1] epochs: [97/100] train_acc: 0.631 train_loss_sup: 1.161
[GPU1] epochs: [98/100] train_acc: 0.632 train_loss_sup: 1.159
[GPU1] epochs: [99/100] train_acc: 0.631 train_loss_sup: 1.159
[GPU1] epochs: [100/100] train_acc: 0.631 train_loss_sup: 1.156
[GPU1] Final Test Accuracy: 0.666
LR: 0.100 | WD: 0.000001 | Cosine: False | test Acc: 0.666%
===> using linear mlp
Scheduler: None
MLP: MLP(
  (mlp): Linear(in_features=512, out_features=10, bias=True)
)
[GPU1] Test Accuracy at epoch: 0: 0.469
[GPU1] epochs: [1/100] train_acc: 0.271 train_loss_sup: 2.277
[GPU1] epochs: [2/100] train_acc: 0.472 train_loss_sup: 2.217
[GPU1] epochs: [3/100] train_acc: 0.516 train_loss_sup: 2.160
[GPU1] epochs: [4/100] train_acc: 0.544 train_loss_sup: 2.108
[GPU1] epochs: [5/100] train_acc: 0.546 train_loss_sup: 2.062
[GPU1] epochs: [6/100] train_acc: 0.551 train_loss_sup: 2.017
[GPU1] epochs: [7/100] train_acc: 0.559 train_loss_sup: 1.979
[GPU1] epochs: [8/100] train_acc: 0.560 train_loss_sup: 1.942
[GPU1] epochs: [9/100] train_acc: 0.566 train_loss_sup: 1.908
[GPU1] epochs: [10/100] train_acc: 0.570 train_loss_sup: 1.876
[GPU1] Test Accuracy at epoch: 10: 0.603
[GPU1] epochs: [11/100] train_acc: 0.572 train_loss_sup: 1.847
[GPU1] epochs: [12/100] train_acc: 0.574 train_loss_sup: 1.819
[GPU1] epochs: [13/100] train_acc: 0.577 train_loss_sup: 1.794
[GPU1] epochs: [14/100] train_acc: 0.577 train_loss_sup: 1.771
[GPU1] epochs: [15/100] train_acc: 0.577 train_loss_sup: 1.750
[GPU1] epochs: [16/100] train_acc: 0.582 train_loss_sup: 1.733
[GPU1] epochs: [17/100] train_acc: 0.580 train_loss_sup: 1.711
[GPU1] epochs: [18/100] train_acc: 0.583 train_loss_sup: 1.691
[GPU1] epochs: [19/100] train_acc: 0.583 train_loss_sup: 1.676
[GPU1] epochs: [20/100] train_acc: 0.587 train_loss_sup: 1.659
[GPU1] Test Accuracy at epoch: 20: 0.612
[GPU1] epochs: [21/100] train_acc: 0.588 train_loss_sup: 1.644
[GPU1] epochs: [22/100] train_acc: 0.590 train_loss_sup: 1.630
[GPU1] epochs: [23/100] train_acc: 0.587 train_loss_sup: 1.615
[GPU1] epochs: [24/100] train_acc: 0.590 train_loss_sup: 1.603
[GPU1] epochs: [25/100] train_acc: 0.592 train_loss_sup: 1.591
[GPU1] epochs: [26/100] train_acc: 0.589 train_loss_sup: 1.581
[GPU1] epochs: [27/100] train_acc: 0.595 train_loss_sup: 1.568
[GPU1] epochs: [28/100] train_acc: 0.594 train_loss_sup: 1.560
[GPU1] epochs: [29/100] train_acc: 0.595 train_loss_sup: 1.549
[GPU1] epochs: [30/100] train_acc: 0.593 train_loss_sup: 1.541
[GPU1] Test Accuracy at epoch: 30: 0.626
[GPU1] epochs: [31/100] train_acc: 0.597 train_loss_sup: 1.529
[GPU1] epochs: [32/100] train_acc: 0.596 train_loss_sup: 1.522
[GPU1] epochs: [33/100] train_acc: 0.597 train_loss_sup: 1.513
[GPU1] epochs: [34/100] train_acc: 0.600 train_loss_sup: 1.505
[GPU1] epochs: [35/100] train_acc: 0.598 train_loss_sup: 1.497
[GPU1] epochs: [36/100] train_acc: 0.599 train_loss_sup: 1.489
[GPU1] epochs: [37/100] train_acc: 0.598 train_loss_sup: 1.485
[GPU1] epochs: [38/100] train_acc: 0.600 train_loss_sup: 1.478
[GPU1] epochs: [39/100] train_acc: 0.601 train_loss_sup: 1.474
[GPU1] epochs: [40/100] train_acc: 0.602 train_loss_sup: 1.466
[GPU1] Test Accuracy at epoch: 40: 0.633
[GPU1] epochs: [41/100] train_acc: 0.605 train_loss_sup: 1.456
[GPU1] epochs: [42/100] train_acc: 0.601 train_loss_sup: 1.456
[GPU1] epochs: [43/100] train_acc: 0.605 train_loss_sup: 1.449
[GPU1] epochs: [44/100] train_acc: 0.604 train_loss_sup: 1.442
[GPU1] epochs: [45/100] train_acc: 0.603 train_loss_sup: 1.439
[GPU1] epochs: [46/100] train_acc: 0.605 train_loss_sup: 1.434
[GPU1] epochs: [47/100] train_acc: 0.606 train_loss_sup: 1.427
[GPU1] epochs: [48/100] train_acc: 0.606 train_loss_sup: 1.426
[GPU1] epochs: [49/100] train_acc: 0.607 train_loss_sup: 1.421
[GPU1] epochs: [50/100] train_acc: 0.607 train_loss_sup: 1.416
[GPU1] Test Accuracy at epoch: 50: 0.642
[GPU1] epochs: [51/100] train_acc: 0.610 train_loss_sup: 1.410
[GPU1] epochs: [52/100] train_acc: 0.610 train_loss_sup: 1.408
[GPU1] epochs: [53/100] train_acc: 0.607 train_loss_sup: 1.406
[GPU1] epochs: [54/100] train_acc: 0.611 train_loss_sup: 1.400
[GPU1] epochs: [55/100] train_acc: 0.610 train_loss_sup: 1.397
[GPU1] epochs: [56/100] train_acc: 0.609 train_loss_sup: 1.392
[GPU1] epochs: [57/100] train_acc: 0.613 train_loss_sup: 1.390
[GPU1] epochs: [58/100] train_acc: 0.609 train_loss_sup: 1.389
[GPU1] epochs: [59/100] train_acc: 0.613 train_loss_sup: 1.382
[GPU1] epochs: [60/100] train_acc: 0.614 train_loss_sup: 1.381
[GPU1] Test Accuracy at epoch: 60: 0.646
[GPU1] epochs: [61/100] train_acc: 0.615 train_loss_sup: 1.378
[GPU1] epochs: [62/100] train_acc: 0.610 train_loss_sup: 1.377
[GPU1] epochs: [63/100] train_acc: 0.613 train_loss_sup: 1.372
[GPU1] epochs: [64/100] train_acc: 0.612 train_loss_sup: 1.370
[GPU1] epochs: [65/100] train_acc: 0.617 train_loss_sup: 1.367
[GPU1] epochs: [66/100] train_acc: 0.617 train_loss_sup: 1.363
[GPU1] epochs: [67/100] train_acc: 0.613 train_loss_sup: 1.364
[GPU1] epochs: [68/100] train_acc: 0.617 train_loss_sup: 1.360
[GPU1] epochs: [69/100] train_acc: 0.614 train_loss_sup: 1.359
[GPU1] epochs: [70/100] train_acc: 0.617 train_loss_sup: 1.355
[GPU1] Test Accuracy at epoch: 70: 0.65
[GPU1] epochs: [71/100] train_acc: 0.617 train_loss_sup: 1.356
[GPU1] epochs: [72/100] train_acc: 0.616 train_loss_sup: 1.353
[GPU1] epochs: [73/100] train_acc: 0.615 train_loss_sup: 1.350
[GPU1] epochs: [74/100] train_acc: 0.617 train_loss_sup: 1.349
[GPU1] epochs: [75/100] train_acc: 0.617 train_loss_sup: 1.346
[GPU1] epochs: [76/100] train_acc: 0.619 train_loss_sup: 1.343
[GPU1] epochs: [77/100] train_acc: 0.617 train_loss_sup: 1.343
[GPU1] epochs: [78/100] train_acc: 0.616 train_loss_sup: 1.340
[GPU1] epochs: [79/100] train_acc: 0.617 train_loss_sup: 1.338
[GPU1] epochs: [80/100] train_acc: 0.621 train_loss_sup: 1.337
[GPU1] Test Accuracy at epoch: 80: 0.653
[GPU1] epochs: [81/100] train_acc: 0.619 train_loss_sup: 1.337
[GPU1] epochs: [82/100] train_acc: 0.619 train_loss_sup: 1.336
[GPU1] epochs: [83/100] train_acc: 0.618 train_loss_sup: 1.333
[GPU1] epochs: [84/100] train_acc: 0.617 train_loss_sup: 1.332
[GPU1] epochs: [85/100] train_acc: 0.619 train_loss_sup: 1.332
[GPU1] epochs: [86/100] train_acc: 0.620 train_loss_sup: 1.328
[GPU1] epochs: [87/100] train_acc: 0.622 train_loss_sup: 1.326
[GPU1] epochs: [88/100] train_acc: 0.617 train_loss_sup: 1.328
[GPU1] epochs: [89/100] train_acc: 0.622 train_loss_sup: 1.324
[GPU1] epochs: [90/100] train_acc: 0.621 train_loss_sup: 1.324
[GPU1] Test Accuracy at epoch: 90: 0.656
[GPU1] epochs: [91/100] train_acc: 0.622 train_loss_sup: 1.323
[GPU1] epochs: [92/100] train_acc: 0.620 train_loss_sup: 1.318
[GPU1] epochs: [93/100] train_acc: 0.625 train_loss_sup: 1.319
[GPU1] epochs: [94/100] train_acc: 0.622 train_loss_sup: 1.318
[GPU1] epochs: [95/100] train_acc: 0.622 train_loss_sup: 1.317
[GPU1] epochs: [96/100] train_acc: 0.623 train_loss_sup: 1.316
[GPU1] epochs: [97/100] train_acc: 0.623 train_loss_sup: 1.314
[GPU1] epochs: [98/100] train_acc: 0.622 train_loss_sup: 1.312
[GPU1] epochs: [99/100] train_acc: 0.623 train_loss_sup: 1.313
[GPU1] epochs: [100/100] train_acc: 0.623 train_loss_sup: 1.312
[GPU1] Final Test Accuracy: 0.658
LR: 0.100 | WD: 0.000100 | Cosine: False | test Acc: 0.658%
===> using linear mlp
Scheduler: None
MLP: MLP(
  (mlp): Linear(in_features=512, out_features=10, bias=True)
)
[GPU1] Test Accuracy at epoch: 0: 0.388
[GPU1] epochs: [1/100] train_acc: 0.273 train_loss_sup: 2.276
[GPU1] epochs: [2/100] train_acc: 0.453 train_loss_sup: 2.216
[GPU1] epochs: [3/100] train_acc: 0.528 train_loss_sup: 2.158
[GPU1] epochs: [4/100] train_acc: 0.538 train_loss_sup: 2.105
[GPU1] epochs: [5/100] train_acc: 0.543 train_loss_sup: 2.057
[GPU1] epochs: [6/100] train_acc: 0.559 train_loss_sup: 2.010
[GPU1] epochs: [7/100] train_acc: 0.556 train_loss_sup: 1.970
[GPU1] epochs: [8/100] train_acc: 0.564 train_loss_sup: 1.930
[GPU1] epochs: [9/100] train_acc: 0.567 train_loss_sup: 1.894
[GPU1] epochs: [10/100] train_acc: 0.572 train_loss_sup: 1.861
[GPU1] Test Accuracy at epoch: 10: 0.614
[GPU1] epochs: [11/100] train_acc: 0.570 train_loss_sup: 1.830
[GPU1] epochs: [12/100] train_acc: 0.575 train_loss_sup: 1.799
[GPU1] epochs: [13/100] train_acc: 0.576 train_loss_sup: 1.771
[GPU1] epochs: [14/100] train_acc: 0.576 train_loss_sup: 1.747
[GPU1] epochs: [15/100] train_acc: 0.578 train_loss_sup: 1.723
[GPU1] epochs: [16/100] train_acc: 0.581 train_loss_sup: 1.699
[GPU1] epochs: [17/100] train_acc: 0.584 train_loss_sup: 1.678
[GPU1] epochs: [18/100] train_acc: 0.588 train_loss_sup: 1.658
[GPU1] epochs: [19/100] train_acc: 0.583 train_loss_sup: 1.639
[GPU1] epochs: [20/100] train_acc: 0.585 train_loss_sup: 1.621
[GPU1] Test Accuracy at epoch: 20: 0.623
[GPU1] epochs: [21/100] train_acc: 0.588 train_loss_sup: 1.601
[GPU1] epochs: [22/100] train_acc: 0.590 train_loss_sup: 1.585
[GPU1] epochs: [23/100] train_acc: 0.590 train_loss_sup: 1.572
[GPU1] epochs: [24/100] train_acc: 0.592 train_loss_sup: 1.554
[GPU1] epochs: [25/100] train_acc: 0.595 train_loss_sup: 1.539
[GPU1] epochs: [26/100] train_acc: 0.597 train_loss_sup: 1.526
[GPU1] epochs: [27/100] train_acc: 0.595 train_loss_sup: 1.514
[GPU1] epochs: [28/100] train_acc: 0.595 train_loss_sup: 1.504
[GPU1] epochs: [29/100] train_acc: 0.593 train_loss_sup: 1.492
[GPU1] epochs: [30/100] train_acc: 0.598 train_loss_sup: 1.479
[GPU1] Test Accuracy at epoch: 30: 0.628
[GPU1] epochs: [31/100] train_acc: 0.602 train_loss_sup: 1.468
[GPU1] epochs: [32/100] train_acc: 0.597 train_loss_sup: 1.460
[GPU1] epochs: [33/100] train_acc: 0.600 train_loss_sup: 1.450
[GPU1] epochs: [34/100] train_acc: 0.602 train_loss_sup: 1.438
[GPU1] epochs: [35/100] train_acc: 0.603 train_loss_sup: 1.430
[GPU1] epochs: [36/100] train_acc: 0.604 train_loss_sup: 1.418
[GPU1] epochs: [37/100] train_acc: 0.606 train_loss_sup: 1.409
[GPU1] epochs: [38/100] train_acc: 0.605 train_loss_sup: 1.405
[GPU1] epochs: [39/100] train_acc: 0.607 train_loss_sup: 1.392
[GPU1] epochs: [40/100] train_acc: 0.607 train_loss_sup: 1.385
[GPU1] Test Accuracy at epoch: 40: 0.636
[GPU1] epochs: [41/100] train_acc: 0.607 train_loss_sup: 1.378
[GPU1] epochs: [42/100] train_acc: 0.609 train_loss_sup: 1.371
[GPU1] epochs: [43/100] train_acc: 0.608 train_loss_sup: 1.364
[GPU1] epochs: [44/100] train_acc: 0.607 train_loss_sup: 1.358
[GPU1] epochs: [45/100] train_acc: 0.609 train_loss_sup: 1.351
[GPU1] epochs: [46/100] train_acc: 0.610 train_loss_sup: 1.346
[GPU1] epochs: [47/100] train_acc: 0.610 train_loss_sup: 1.339
[GPU1] epochs: [48/100] train_acc: 0.611 train_loss_sup: 1.331
[GPU1] epochs: [49/100] train_acc: 0.610 train_loss_sup: 1.328
[GPU1] epochs: [50/100] train_acc: 0.613 train_loss_sup: 1.321
[GPU1] Test Accuracy at epoch: 50: 0.647
[GPU1] epochs: [51/100] train_acc: 0.613 train_loss_sup: 1.314
[GPU1] epochs: [52/100] train_acc: 0.615 train_loss_sup: 1.309
[GPU1] epochs: [53/100] train_acc: 0.613 train_loss_sup: 1.305
[GPU1] epochs: [54/100] train_acc: 0.611 train_loss_sup: 1.302
[GPU1] epochs: [55/100] train_acc: 0.613 train_loss_sup: 1.295
[GPU1] epochs: [56/100] train_acc: 0.616 train_loss_sup: 1.290
[GPU1] epochs: [57/100] train_acc: 0.616 train_loss_sup: 1.283
[GPU1] epochs: [58/100] train_acc: 0.614 train_loss_sup: 1.282
[GPU1] epochs: [59/100] train_acc: 0.617 train_loss_sup: 1.274
[GPU1] epochs: [60/100] train_acc: 0.616 train_loss_sup: 1.271
[GPU1] Test Accuracy at epoch: 60: 0.651
[GPU1] epochs: [61/100] train_acc: 0.618 train_loss_sup: 1.268
[GPU1] epochs: [62/100] train_acc: 0.617 train_loss_sup: 1.263
[GPU1] epochs: [63/100] train_acc: 0.619 train_loss_sup: 1.258
[GPU1] epochs: [64/100] train_acc: 0.617 train_loss_sup: 1.256
[GPU1] epochs: [65/100] train_acc: 0.619 train_loss_sup: 1.251
[GPU1] epochs: [66/100] train_acc: 0.622 train_loss_sup: 1.245
[GPU1] epochs: [67/100] train_acc: 0.621 train_loss_sup: 1.241
[GPU1] epochs: [68/100] train_acc: 0.622 train_loss_sup: 1.239
[GPU1] epochs: [69/100] train_acc: 0.622 train_loss_sup: 1.236
[GPU1] epochs: [70/100] train_acc: 0.622 train_loss_sup: 1.234
[GPU1] Test Accuracy at epoch: 70: 0.656
[GPU1] epochs: [71/100] train_acc: 0.621 train_loss_sup: 1.231
[GPU1] epochs: [72/100] train_acc: 0.621 train_loss_sup: 1.227
[GPU1] epochs: [73/100] train_acc: 0.622 train_loss_sup: 1.225
[GPU1] epochs: [74/100] train_acc: 0.624 train_loss_sup: 1.219
[GPU1] epochs: [75/100] train_acc: 0.621 train_loss_sup: 1.216
[GPU1] epochs: [76/100] train_acc: 0.622 train_loss_sup: 1.214
[GPU1] epochs: [77/100] train_acc: 0.626 train_loss_sup: 1.213
[GPU1] epochs: [78/100] train_acc: 0.625 train_loss_sup: 1.207
[GPU1] epochs: [79/100] train_acc: 0.626 train_loss_sup: 1.206
[GPU1] epochs: [80/100] train_acc: 0.626 train_loss_sup: 1.202
[GPU1] Test Accuracy at epoch: 80: 0.659
[GPU1] epochs: [81/100] train_acc: 0.626 train_loss_sup: 1.197
[GPU1] epochs: [82/100] train_acc: 0.627 train_loss_sup: 1.194
[GPU1] epochs: [83/100] train_acc: 0.628 train_loss_sup: 1.190
[GPU1] epochs: [84/100] train_acc: 0.622 train_loss_sup: 1.199
[GPU1] epochs: [85/100] train_acc: 0.627 train_loss_sup: 1.188
[GPU1] epochs: [86/100] train_acc: 0.628 train_loss_sup: 1.187
[GPU1] epochs: [87/100] train_acc: 0.627 train_loss_sup: 1.185
[GPU1] epochs: [88/100] train_acc: 0.628 train_loss_sup: 1.183
[GPU1] epochs: [89/100] train_acc: 0.628 train_loss_sup: 1.180
[GPU1] epochs: [90/100] train_acc: 0.630 train_loss_sup: 1.174
[GPU1] Test Accuracy at epoch: 90: 0.664
[GPU1] epochs: [91/100] train_acc: 0.628 train_loss_sup: 1.173
[GPU1] epochs: [92/100] train_acc: 0.631 train_loss_sup: 1.172
[GPU1] epochs: [93/100] train_acc: 0.632 train_loss_sup: 1.169
[GPU1] epochs: [94/100] train_acc: 0.632 train_loss_sup: 1.167
[GPU1] epochs: [95/100] train_acc: 0.629 train_loss_sup: 1.164
[GPU1] epochs: [96/100] train_acc: 0.630 train_loss_sup: 1.163
[GPU1] epochs: [97/100] train_acc: 0.628 train_loss_sup: 1.160
[GPU1] epochs: [98/100] train_acc: 0.631 train_loss_sup: 1.158
[GPU1] epochs: [99/100] train_acc: 0.631 train_loss_sup: 1.157
[GPU1] epochs: [100/100] train_acc: 0.631 train_loss_sup: 1.157
[GPU1] Final Test Accuracy: 0.667
LR: 0.100 | WD: 0.000000 | Cosine: False | test Acc: 0.667%
===> using linear mlp
Scheduler: None
MLP: MLP(
  (mlp): Linear(in_features=512, out_features=10, bias=True)
)
[GPU1] Test Accuracy at epoch: 0: 0.547
[GPU1] epochs: [1/100] train_acc: 0.397 train_loss_sup: 2.085
[GPU1] epochs: [2/100] train_acc: 0.548 train_loss_sup: 1.734
[GPU1] epochs: [3/100] train_acc: 0.584 train_loss_sup: 1.545
[GPU1] epochs: [4/100] train_acc: 0.593 train_loss_sup: 1.429
[GPU1] epochs: [5/100] train_acc: 0.602 train_loss_sup: 1.352
[GPU1] epochs: [6/100] train_acc: 0.610 train_loss_sup: 1.296
[GPU1] epochs: [7/100] train_acc: 0.615 train_loss_sup: 1.253
[GPU1] epochs: [8/100] train_acc: 0.620 train_loss_sup: 1.220
[GPU1] epochs: [9/100] train_acc: 0.624 train_loss_sup: 1.191
[GPU1] epochs: [10/100] train_acc: 0.630 train_loss_sup: 1.165
[GPU1] Test Accuracy at epoch: 10: 0.668
[GPU1] epochs: [11/100] train_acc: 0.633 train_loss_sup: 1.146
[GPU1] epochs: [12/100] train_acc: 0.634 train_loss_sup: 1.131
[GPU1] epochs: [13/100] train_acc: 0.637 train_loss_sup: 1.115
[GPU1] epochs: [14/100] train_acc: 0.637 train_loss_sup: 1.102
[GPU1] epochs: [15/100] train_acc: 0.642 train_loss_sup: 1.091
[GPU1] epochs: [16/100] train_acc: 0.643 train_loss_sup: 1.078
[GPU1] epochs: [17/100] train_acc: 0.646 train_loss_sup: 1.070
[GPU1] epochs: [18/100] train_acc: 0.649 train_loss_sup: 1.059
[GPU1] epochs: [19/100] train_acc: 0.649 train_loss_sup: 1.051
[GPU1] epochs: [20/100] train_acc: 0.651 train_loss_sup: 1.047
[GPU1] Test Accuracy at epoch: 20: 0.688
[GPU1] epochs: [21/100] train_acc: 0.655 train_loss_sup: 1.032
[GPU1] epochs: [22/100] train_acc: 0.653 train_loss_sup: 1.030
[GPU1] epochs: [23/100] train_acc: 0.654 train_loss_sup: 1.027
[GPU1] epochs: [24/100] train_acc: 0.658 train_loss_sup: 1.020
[GPU1] epochs: [25/100] train_acc: 0.658 train_loss_sup: 1.014
[GPU1] epochs: [26/100] train_acc: 0.659 train_loss_sup: 1.008
[GPU1] epochs: [27/100] train_acc: 0.660 train_loss_sup: 1.003
[GPU1] epochs: [28/100] train_acc: 0.659 train_loss_sup: 1.002
[GPU1] epochs: [29/100] train_acc: 0.662 train_loss_sup: 0.997
[GPU1] epochs: [30/100] train_acc: 0.663 train_loss_sup: 0.991
[GPU1] Test Accuracy at epoch: 30: 0.699
[GPU1] epochs: [31/100] train_acc: 0.666 train_loss_sup: 0.986
[GPU1] epochs: [32/100] train_acc: 0.664 train_loss_sup: 0.987
[GPU1] epochs: [33/100] train_acc: 0.665 train_loss_sup: 0.978
[GPU1] epochs: [34/100] train_acc: 0.666 train_loss_sup: 0.977
[GPU1] epochs: [35/100] train_acc: 0.666 train_loss_sup: 0.976
[GPU1] epochs: [36/100] train_acc: 0.668 train_loss_sup: 0.968
[GPU1] epochs: [37/100] train_acc: 0.668 train_loss_sup: 0.966
[GPU1] epochs: [38/100] train_acc: 0.670 train_loss_sup: 0.965
[GPU1] epochs: [39/100] train_acc: 0.672 train_loss_sup: 0.959
[GPU1] epochs: [40/100] train_acc: 0.671 train_loss_sup: 0.959
[GPU1] Test Accuracy at epoch: 40: 0.711
[GPU1] epochs: [41/100] train_acc: 0.672 train_loss_sup: 0.955
[GPU1] epochs: [42/100] train_acc: 0.671 train_loss_sup: 0.954
[GPU1] epochs: [43/100] train_acc: 0.675 train_loss_sup: 0.951
[GPU1] epochs: [44/100] train_acc: 0.675 train_loss_sup: 0.947
[GPU1] epochs: [45/100] train_acc: 0.674 train_loss_sup: 0.946
[GPU1] epochs: [46/100] train_acc: 0.677 train_loss_sup: 0.940
[GPU1] epochs: [47/100] train_acc: 0.678 train_loss_sup: 0.936
[GPU1] epochs: [48/100] train_acc: 0.678 train_loss_sup: 0.939
[GPU1] epochs: [49/100] train_acc: 0.679 train_loss_sup: 0.935
[GPU1] epochs: [50/100] train_acc: 0.678 train_loss_sup: 0.933
[GPU1] Test Accuracy at epoch: 50: 0.721
[GPU1] epochs: [51/100] train_acc: 0.681 train_loss_sup: 0.933
[GPU1] epochs: [52/100] train_acc: 0.680 train_loss_sup: 0.930
[GPU1] epochs: [53/100] train_acc: 0.679 train_loss_sup: 0.934
[GPU1] epochs: [54/100] train_acc: 0.680 train_loss_sup: 0.930
[GPU1] epochs: [55/100] train_acc: 0.680 train_loss_sup: 0.927
[GPU1] epochs: [56/100] train_acc: 0.681 train_loss_sup: 0.929
[GPU1] epochs: [57/100] train_acc: 0.683 train_loss_sup: 0.920
[GPU1] epochs: [58/100] train_acc: 0.680 train_loss_sup: 0.922
[GPU1] epochs: [59/100] train_acc: 0.681 train_loss_sup: 0.920
[GPU1] epochs: [60/100] train_acc: 0.684 train_loss_sup: 0.919
[GPU1] Test Accuracy at epoch: 60: 0.724
[GPU1] epochs: [61/100] train_acc: 0.683 train_loss_sup: 0.917
[GPU1] epochs: [62/100] train_acc: 0.683 train_loss_sup: 0.915
[GPU1] epochs: [63/100] train_acc: 0.683 train_loss_sup: 0.915
[GPU1] epochs: [64/100] train_acc: 0.685 train_loss_sup: 0.915
[GPU1] epochs: [65/100] train_acc: 0.685 train_loss_sup: 0.915
[GPU1] epochs: [66/100] train_acc: 0.684 train_loss_sup: 0.910
[GPU1] epochs: [67/100] train_acc: 0.685 train_loss_sup: 0.910
[GPU1] epochs: [68/100] train_acc: 0.686 train_loss_sup: 0.909
[GPU1] epochs: [69/100] train_acc: 0.684 train_loss_sup: 0.910
[GPU1] epochs: [70/100] train_acc: 0.687 train_loss_sup: 0.905
[GPU1] Test Accuracy at epoch: 70: 0.725
[GPU1] epochs: [71/100] train_acc: 0.687 train_loss_sup: 0.905
[GPU1] epochs: [72/100] train_acc: 0.688 train_loss_sup: 0.900
[GPU1] epochs: [73/100] train_acc: 0.687 train_loss_sup: 0.900
[GPU1] epochs: [74/100] train_acc: 0.688 train_loss_sup: 0.901
[GPU1] epochs: [75/100] train_acc: 0.689 train_loss_sup: 0.899
[GPU1] epochs: [76/100] train_acc: 0.688 train_loss_sup: 0.900
[GPU1] epochs: [77/100] train_acc: 0.690 train_loss_sup: 0.898
[GPU1] epochs: [78/100] train_acc: 0.686 train_loss_sup: 0.899
[GPU1] epochs: [79/100] train_acc: 0.689 train_loss_sup: 0.896
[GPU1] epochs: [80/100] train_acc: 0.687 train_loss_sup: 0.897
[GPU1] Test Accuracy at epoch: 80: 0.726
[GPU1] epochs: [81/100] train_acc: 0.689 train_loss_sup: 0.897
[GPU1] epochs: [82/100] train_acc: 0.690 train_loss_sup: 0.891
[GPU1] epochs: [83/100] train_acc: 0.689 train_loss_sup: 0.890
[GPU1] epochs: [84/100] train_acc: 0.691 train_loss_sup: 0.891
[GPU1] epochs: [85/100] train_acc: 0.691 train_loss_sup: 0.890
[GPU1] epochs: [86/100] train_acc: 0.690 train_loss_sup: 0.893
[GPU1] epochs: [87/100] train_acc: 0.693 train_loss_sup: 0.888
[GPU1] epochs: [88/100] train_acc: 0.688 train_loss_sup: 0.894
[GPU1] epochs: [89/100] train_acc: 0.691 train_loss_sup: 0.892
[GPU1] epochs: [90/100] train_acc: 0.692 train_loss_sup: 0.888
[GPU1] Test Accuracy at epoch: 90: 0.728
[GPU1] epochs: [91/100] train_acc: 0.692 train_loss_sup: 0.888
[GPU1] epochs: [92/100] train_acc: 0.690 train_loss_sup: 0.889
[GPU1] epochs: [93/100] train_acc: 0.694 train_loss_sup: 0.886
[GPU1] epochs: [94/100] train_acc: 0.692 train_loss_sup: 0.884
[GPU1] epochs: [95/100] train_acc: 0.692 train_loss_sup: 0.886
[GPU1] epochs: [96/100] train_acc: 0.694 train_loss_sup: 0.878
[GPU1] epochs: [97/100] train_acc: 0.694 train_loss_sup: 0.881
[GPU1] epochs: [98/100] train_acc: 0.694 train_loss_sup: 0.882
[GPU1] epochs: [99/100] train_acc: 0.695 train_loss_sup: 0.878
[GPU1] epochs: [100/100] train_acc: 0.694 train_loss_sup: 0.879
[GPU1] Final Test Accuracy: 0.733
LR: 1.000 | WD: 0.000001 | Cosine: False | test Acc: 0.733%
===> using linear mlp
Scheduler: None
MLP: MLP(
  (mlp): Linear(in_features=512, out_features=10, bias=True)
)
[GPU1] Test Accuracy at epoch: 0: 0.548
[GPU1] epochs: [1/100] train_acc: 0.376 train_loss_sup: 2.090
[GPU1] epochs: [2/100] train_acc: 0.559 train_loss_sup: 1.757
[GPU1] epochs: [3/100] train_acc: 0.575 train_loss_sup: 1.594
[GPU1] epochs: [4/100] train_acc: 0.590 train_loss_sup: 1.500
[GPU1] epochs: [5/100] train_acc: 0.600 train_loss_sup: 1.437
[GPU1] epochs: [6/100] train_acc: 0.601 train_loss_sup: 1.396
[GPU1] epochs: [7/100] train_acc: 0.611 train_loss_sup: 1.366
[GPU1] epochs: [8/100] train_acc: 0.613 train_loss_sup: 1.346
[GPU1] epochs: [9/100] train_acc: 0.612 train_loss_sup: 1.333
[GPU1] epochs: [10/100] train_acc: 0.618 train_loss_sup: 1.319
[GPU1] Test Accuracy at epoch: 10: 0.656
[GPU1] epochs: [11/100] train_acc: 0.620 train_loss_sup: 1.310
[GPU1] epochs: [12/100] train_acc: 0.622 train_loss_sup: 1.301
[GPU1] epochs: [13/100] train_acc: 0.622 train_loss_sup: 1.296
[GPU1] epochs: [14/100] train_acc: 0.624 train_loss_sup: 1.290
[GPU1] epochs: [15/100] train_acc: 0.628 train_loss_sup: 1.288
[GPU1] epochs: [16/100] train_acc: 0.627 train_loss_sup: 1.284
[GPU1] epochs: [17/100] train_acc: 0.626 train_loss_sup: 1.281
[GPU1] epochs: [18/100] train_acc: 0.627 train_loss_sup: 1.279
[GPU1] epochs: [19/100] train_acc: 0.630 train_loss_sup: 1.275
[GPU1] epochs: [20/100] train_acc: 0.630 train_loss_sup: 1.275
[GPU1] Test Accuracy at epoch: 20: 0.66
[GPU1] epochs: [21/100] train_acc: 0.634 train_loss_sup: 1.272
[GPU1] epochs: [22/100] train_acc: 0.628 train_loss_sup: 1.272
[GPU1] epochs: [23/100] train_acc: 0.632 train_loss_sup: 1.270
[GPU1] epochs: [24/100] train_acc: 0.638 train_loss_sup: 1.269
[GPU1] epochs: [25/100] train_acc: 0.629 train_loss_sup: 1.271
[GPU1] epochs: [26/100] train_acc: 0.632 train_loss_sup: 1.269
[GPU1] epochs: [27/100] train_acc: 0.631 train_loss_sup: 1.270
[GPU1] epochs: [28/100] train_acc: 0.633 train_loss_sup: 1.268
[GPU1] epochs: [29/100] train_acc: 0.633 train_loss_sup: 1.271
[GPU1] epochs: [30/100] train_acc: 0.629 train_loss_sup: 1.269
[GPU1] Test Accuracy at epoch: 30: 0.668
[GPU1] epochs: [31/100] train_acc: 0.632 train_loss_sup: 1.270
[GPU1] epochs: [32/100] train_acc: 0.637 train_loss_sup: 1.263
[GPU1] epochs: [33/100] train_acc: 0.634 train_loss_sup: 1.268
[GPU1] epochs: [34/100] train_acc: 0.632 train_loss_sup: 1.269
[GPU1] epochs: [35/100] train_acc: 0.633 train_loss_sup: 1.266
[GPU1] epochs: [36/100] train_acc: 0.634 train_loss_sup: 1.268
[GPU1] epochs: [37/100] train_acc: 0.634 train_loss_sup: 1.269
[GPU1] epochs: [38/100] train_acc: 0.632 train_loss_sup: 1.268
[GPU1] epochs: [39/100] train_acc: 0.633 train_loss_sup: 1.268
[GPU1] epochs: [40/100] train_acc: 0.636 train_loss_sup: 1.267
[GPU1] Test Accuracy at epoch: 40: 0.669
[GPU1] epochs: [41/100] train_acc: 0.638 train_loss_sup: 1.264
[GPU1] epochs: [42/100] train_acc: 0.636 train_loss_sup: 1.263
[GPU1] epochs: [43/100] train_acc: 0.633 train_loss_sup: 1.268
[GPU1] epochs: [44/100] train_acc: 0.632 train_loss_sup: 1.270
[GPU1] epochs: [45/100] train_acc: 0.633 train_loss_sup: 1.265
[GPU1] epochs: [46/100] train_acc: 0.633 train_loss_sup: 1.266
[GPU1] epochs: [47/100] train_acc: 0.634 train_loss_sup: 1.267
[GPU1] epochs: [48/100] train_acc: 0.633 train_loss_sup: 1.265
[GPU1] epochs: [49/100] train_acc: 0.636 train_loss_sup: 1.265
[GPU1] epochs: [50/100] train_acc: 0.635 train_loss_sup: 1.267
[GPU1] Test Accuracy at epoch: 50: 0.664
[GPU1] epochs: [51/100] train_acc: 0.634 train_loss_sup: 1.265
[GPU1] epochs: [52/100] train_acc: 0.633 train_loss_sup: 1.264
[GPU1] epochs: [53/100] train_acc: 0.634 train_loss_sup: 1.267
[GPU1] epochs: [54/100] train_acc: 0.634 train_loss_sup: 1.265
[GPU1] epochs: [55/100] train_acc: 0.635 train_loss_sup: 1.263
[GPU1] epochs: [56/100] train_acc: 0.635 train_loss_sup: 1.267
[GPU1] epochs: [57/100] train_acc: 0.636 train_loss_sup: 1.264
[GPU1] epochs: [58/100] train_acc: 0.635 train_loss_sup: 1.264
[GPU1] epochs: [59/100] train_acc: 0.635 train_loss_sup: 1.264
[GPU1] epochs: [60/100] train_acc: 0.633 train_loss_sup: 1.266
[GPU1] Test Accuracy at epoch: 60: 0.671
[GPU1] epochs: [61/100] train_acc: 0.635 train_loss_sup: 1.264
[GPU1] epochs: [62/100] train_acc: 0.635 train_loss_sup: 1.265
[GPU1] epochs: [63/100] train_acc: 0.635 train_loss_sup: 1.264
[GPU1] epochs: [64/100] train_acc: 0.634 train_loss_sup: 1.265
[GPU1] epochs: [65/100] train_acc: 0.634 train_loss_sup: 1.264
[GPU1] epochs: [66/100] train_acc: 0.633 train_loss_sup: 1.266
[GPU1] epochs: [67/100] train_acc: 0.638 train_loss_sup: 1.263
[GPU1] epochs: [68/100] train_acc: 0.635 train_loss_sup: 1.268
[GPU1] epochs: [69/100] train_acc: 0.637 train_loss_sup: 1.263
[GPU1] epochs: [70/100] train_acc: 0.633 train_loss_sup: 1.266
[GPU1] Test Accuracy at epoch: 70: 0.662
[GPU1] epochs: [71/100] train_acc: 0.633 train_loss_sup: 1.266
[GPU1] epochs: [72/100] train_acc: 0.633 train_loss_sup: 1.263
[GPU1] epochs: [73/100] train_acc: 0.635 train_loss_sup: 1.262
[GPU1] epochs: [74/100] train_acc: 0.635 train_loss_sup: 1.266
[GPU1] epochs: [75/100] train_acc: 0.635 train_loss_sup: 1.265
[GPU1] epochs: [76/100] train_acc: 0.632 train_loss_sup: 1.267
[GPU1] epochs: [77/100] train_acc: 0.633 train_loss_sup: 1.266
[GPU1] epochs: [78/100] train_acc: 0.636 train_loss_sup: 1.263
[GPU1] epochs: [79/100] train_acc: 0.634 train_loss_sup: 1.262
[GPU1] epochs: [80/100] train_acc: 0.631 train_loss_sup: 1.269
[GPU1] Test Accuracy at epoch: 80: 0.67
[GPU1] epochs: [81/100] train_acc: 0.630 train_loss_sup: 1.267
[GPU1] epochs: [82/100] train_acc: 0.634 train_loss_sup: 1.267
[GPU1] epochs: [83/100] train_acc: 0.634 train_loss_sup: 1.265
[GPU1] epochs: [84/100] train_acc: 0.634 train_loss_sup: 1.265
[GPU1] epochs: [85/100] train_acc: 0.630 train_loss_sup: 1.268
[GPU1] epochs: [86/100] train_acc: 0.631 train_loss_sup: 1.268
[GPU1] epochs: [87/100] train_acc: 0.636 train_loss_sup: 1.264
[GPU1] epochs: [88/100] train_acc: 0.634 train_loss_sup: 1.265
[GPU1] epochs: [89/100] train_acc: 0.634 train_loss_sup: 1.267
[GPU1] epochs: [90/100] train_acc: 0.635 train_loss_sup: 1.264
[GPU1] Test Accuracy at epoch: 90: 0.669
[GPU1] epochs: [91/100] train_acc: 0.635 train_loss_sup: 1.265
[GPU1] epochs: [92/100] train_acc: 0.637 train_loss_sup: 1.263
[GPU1] epochs: [93/100] train_acc: 0.635 train_loss_sup: 1.266
[GPU1] epochs: [94/100] train_acc: 0.634 train_loss_sup: 1.266
[GPU1] epochs: [95/100] train_acc: 0.631 train_loss_sup: 1.265
[GPU1] epochs: [96/100] train_acc: 0.634 train_loss_sup: 1.266
[GPU1] epochs: [97/100] train_acc: 0.633 train_loss_sup: 1.267
[GPU1] epochs: [98/100] train_acc: 0.634 train_loss_sup: 1.265
[GPU1] epochs: [99/100] train_acc: 0.638 train_loss_sup: 1.261
[GPU1] epochs: [100/100] train_acc: 0.632 train_loss_sup: 1.267
[GPU1] Final Test Accuracy: 0.674
LR: 1.000 | WD: 0.000100 | Cosine: False | test Acc: 0.674%
===> using linear mlp
Scheduler: None
MLP: MLP(
  (mlp): Linear(in_features=512, out_features=10, bias=True)
)
[GPU1] Test Accuracy at epoch: 0: 0.584
[GPU1] epochs: [1/100] train_acc: 0.401 train_loss_sup: 2.085
[GPU1] epochs: [2/100] train_acc: 0.557 train_loss_sup: 1.731
[GPU1] epochs: [3/100] train_acc: 0.585 train_loss_sup: 1.542
[GPU1] epochs: [4/100] train_acc: 0.593 train_loss_sup: 1.429
[GPU1] epochs: [5/100] train_acc: 0.603 train_loss_sup: 1.349
[GPU1] epochs: [6/100] train_acc: 0.610 train_loss_sup: 1.294
[GPU1] epochs: [7/100] train_acc: 0.615 train_loss_sup: 1.254
[GPU1] epochs: [8/100] train_acc: 0.619 train_loss_sup: 1.219
[GPU1] epochs: [9/100] train_acc: 0.628 train_loss_sup: 1.187
[GPU1] epochs: [10/100] train_acc: 0.627 train_loss_sup: 1.169
[GPU1] Test Accuracy at epoch: 10: 0.667
[GPU1] epochs: [11/100] train_acc: 0.630 train_loss_sup: 1.148
[GPU1] epochs: [12/100] train_acc: 0.634 train_loss_sup: 1.129
[GPU1] epochs: [13/100] train_acc: 0.638 train_loss_sup: 1.111
[GPU1] epochs: [14/100] train_acc: 0.639 train_loss_sup: 1.100
[GPU1] epochs: [15/100] train_acc: 0.641 train_loss_sup: 1.090
[GPU1] epochs: [16/100] train_acc: 0.641 train_loss_sup: 1.079
[GPU1] epochs: [17/100] train_acc: 0.647 train_loss_sup: 1.063
[GPU1] epochs: [18/100] train_acc: 0.649 train_loss_sup: 1.060
[GPU1] epochs: [19/100] train_acc: 0.647 train_loss_sup: 1.049
[GPU1] epochs: [20/100] train_acc: 0.648 train_loss_sup: 1.044
[GPU1] Test Accuracy at epoch: 20: 0.69
[GPU1] epochs: [21/100] train_acc: 0.651 train_loss_sup: 1.035
[GPU1] epochs: [22/100] train_acc: 0.655 train_loss_sup: 1.025
[GPU1] epochs: [23/100] train_acc: 0.653 train_loss_sup: 1.024
[GPU1] epochs: [24/100] train_acc: 0.654 train_loss_sup: 1.017
[GPU1] epochs: [25/100] train_acc: 0.660 train_loss_sup: 1.009
[GPU1] epochs: [26/100] train_acc: 0.660 train_loss_sup: 1.005
[GPU1] epochs: [27/100] train_acc: 0.660 train_loss_sup: 1.000
[GPU1] epochs: [28/100] train_acc: 0.659 train_loss_sup: 0.995
[GPU1] epochs: [29/100] train_acc: 0.663 train_loss_sup: 0.992
[GPU1] epochs: [30/100] train_acc: 0.661 train_loss_sup: 0.991
[GPU1] Test Accuracy at epoch: 30: 0.7
[GPU1] epochs: [31/100] train_acc: 0.664 train_loss_sup: 0.983
[GPU1] epochs: [32/100] train_acc: 0.665 train_loss_sup: 0.980
[GPU1] epochs: [33/100] train_acc: 0.668 train_loss_sup: 0.972
[GPU1] epochs: [34/100] train_acc: 0.672 train_loss_sup: 0.969
[GPU1] epochs: [35/100] train_acc: 0.670 train_loss_sup: 0.964
[GPU1] epochs: [36/100] train_acc: 0.671 train_loss_sup: 0.964
[GPU1] epochs: [37/100] train_acc: 0.669 train_loss_sup: 0.962
[GPU1] epochs: [38/100] train_acc: 0.670 train_loss_sup: 0.964
[GPU1] epochs: [39/100] train_acc: 0.670 train_loss_sup: 0.957
[GPU1] epochs: [40/100] train_acc: 0.672 train_loss_sup: 0.953
[GPU1] Test Accuracy at epoch: 40: 0.709
[GPU1] epochs: [41/100] train_acc: 0.674 train_loss_sup: 0.947
[GPU1] epochs: [42/100] train_acc: 0.673 train_loss_sup: 0.951
[GPU1] epochs: [43/100] train_acc: 0.674 train_loss_sup: 0.943
[GPU1] epochs: [44/100] train_acc: 0.673 train_loss_sup: 0.944
[GPU1] epochs: [45/100] train_acc: 0.674 train_loss_sup: 0.943
[GPU1] epochs: [46/100] train_acc: 0.675 train_loss_sup: 0.943
[GPU1] epochs: [47/100] train_acc: 0.677 train_loss_sup: 0.940
[GPU1] epochs: [48/100] train_acc: 0.677 train_loss_sup: 0.934
[GPU1] epochs: [49/100] train_acc: 0.679 train_loss_sup: 0.932
[GPU1] epochs: [50/100] train_acc: 0.676 train_loss_sup: 0.937
[GPU1] Test Accuracy at epoch: 50: 0.717
[GPU1] epochs: [51/100] train_acc: 0.677 train_loss_sup: 0.927
[GPU1] epochs: [52/100] train_acc: 0.678 train_loss_sup: 0.929
[GPU1] epochs: [53/100] train_acc: 0.683 train_loss_sup: 0.923
[GPU1] epochs: [54/100] train_acc: 0.680 train_loss_sup: 0.923
[GPU1] epochs: [55/100] train_acc: 0.682 train_loss_sup: 0.920
[GPU1] epochs: [56/100] train_acc: 0.681 train_loss_sup: 0.923
[GPU1] epochs: [57/100] train_acc: 0.681 train_loss_sup: 0.922
[GPU1] epochs: [58/100] train_acc: 0.682 train_loss_sup: 0.919
[GPU1] epochs: [59/100] train_acc: 0.683 train_loss_sup: 0.918
[GPU1] epochs: [60/100] train_acc: 0.682 train_loss_sup: 0.917
[GPU1] Test Accuracy at epoch: 60: 0.722
[GPU1] epochs: [61/100] train_acc: 0.683 train_loss_sup: 0.913
[GPU1] epochs: [62/100] train_acc: 0.686 train_loss_sup: 0.906
[GPU1] epochs: [63/100] train_acc: 0.686 train_loss_sup: 0.912
[GPU1] epochs: [64/100] train_acc: 0.685 train_loss_sup: 0.907
[GPU1] epochs: [65/100] train_acc: 0.686 train_loss_sup: 0.905
[GPU1] epochs: [66/100] train_acc: 0.685 train_loss_sup: 0.909
[GPU1] epochs: [67/100] train_acc: 0.687 train_loss_sup: 0.900
[GPU1] epochs: [68/100] train_acc: 0.686 train_loss_sup: 0.899
[GPU1] epochs: [69/100] train_acc: 0.683 train_loss_sup: 0.908
[GPU1] epochs: [70/100] train_acc: 0.684 train_loss_sup: 0.906
[GPU1] Test Accuracy at epoch: 70: 0.722
[GPU1] epochs: [71/100] train_acc: 0.686 train_loss_sup: 0.903
[GPU1] epochs: [72/100] train_acc: 0.687 train_loss_sup: 0.897
[GPU1] epochs: [73/100] train_acc: 0.688 train_loss_sup: 0.899
[GPU1] epochs: [74/100] train_acc: 0.688 train_loss_sup: 0.900
[GPU1] epochs: [75/100] train_acc: 0.688 train_loss_sup: 0.897
[GPU1] epochs: [76/100] train_acc: 0.688 train_loss_sup: 0.893
[GPU1] epochs: [77/100] train_acc: 0.687 train_loss_sup: 0.898
[GPU1] epochs: [78/100] train_acc: 0.690 train_loss_sup: 0.893
[GPU1] epochs: [79/100] train_acc: 0.687 train_loss_sup: 0.893
[GPU1] epochs: [80/100] train_acc: 0.689 train_loss_sup: 0.892
[GPU1] Test Accuracy at epoch: 80: 0.726
[GPU1] epochs: [81/100] train_acc: 0.689 train_loss_sup: 0.890
[GPU1] epochs: [82/100] train_acc: 0.689 train_loss_sup: 0.888
[GPU1] epochs: [83/100] train_acc: 0.693 train_loss_sup: 0.883
[GPU1] epochs: [84/100] train_acc: 0.693 train_loss_sup: 0.888
[GPU1] epochs: [85/100] train_acc: 0.690 train_loss_sup: 0.893
[GPU1] epochs: [86/100] train_acc: 0.692 train_loss_sup: 0.886
[GPU1] epochs: [87/100] train_acc: 0.694 train_loss_sup: 0.879
[GPU1] epochs: [88/100] train_acc: 0.689 train_loss_sup: 0.888
[GPU1] epochs: [89/100] train_acc: 0.692 train_loss_sup: 0.882
[GPU1] epochs: [90/100] train_acc: 0.693 train_loss_sup: 0.880
[GPU1] Test Accuracy at epoch: 90: 0.73
[GPU1] epochs: [91/100] train_acc: 0.694 train_loss_sup: 0.877
[GPU1] epochs: [92/100] train_acc: 0.693 train_loss_sup: 0.880
[GPU1] epochs: [93/100] train_acc: 0.694 train_loss_sup: 0.880
[GPU1] epochs: [94/100] train_acc: 0.694 train_loss_sup: 0.878
[GPU1] epochs: [95/100] train_acc: 0.696 train_loss_sup: 0.874
[GPU1] epochs: [96/100] train_acc: 0.695 train_loss_sup: 0.876
[GPU1] epochs: [97/100] train_acc: 0.695 train_loss_sup: 0.875
[GPU1] epochs: [98/100] train_acc: 0.695 train_loss_sup: 0.876
[GPU1] epochs: [99/100] train_acc: 0.694 train_loss_sup: 0.872
[GPU1] epochs: [100/100] train_acc: 0.694 train_loss_sup: 0.876
[GPU1] Final Test Accuracy: 0.736
LR: 1.000 | WD: 0.000000 | Cosine: False | test Acc: 0.736%
===> using linear mlp
Scheduler: <torch.optim.lr_scheduler.CosineAnnealingLR object at 0x7fd71f6d7310>
MLP: MLP(
  (mlp): Linear(in_features=512, out_features=10, bias=True)
)
[GPU1] Test Accuracy at epoch: 0: 0.493
[GPU1] epochs: [1/100] train_acc: 0.284 train_loss_sup: 2.277
[GPU1] epochs: [2/100] train_acc: 0.466 train_loss_sup: 2.216
[GPU1] epochs: [3/100] train_acc: 0.512 train_loss_sup: 2.159
[GPU1] epochs: [4/100] train_acc: 0.543 train_loss_sup: 2.106
[GPU1] epochs: [5/100] train_acc: 0.543 train_loss_sup: 2.058
[GPU1] epochs: [6/100] train_acc: 0.552 train_loss_sup: 2.013
[GPU1] epochs: [7/100] train_acc: 0.560 train_loss_sup: 1.971
[GPU1] epochs: [8/100] train_acc: 0.564 train_loss_sup: 1.932
[GPU1] epochs: [9/100] train_acc: 0.565 train_loss_sup: 1.897
[GPU1] epochs: [10/100] train_acc: 0.565 train_loss_sup: 1.864
[GPU1] Test Accuracy at epoch: 10: 0.611
[GPU1] epochs: [11/100] train_acc: 0.567 train_loss_sup: 1.832
[GPU1] epochs: [12/100] train_acc: 0.572 train_loss_sup: 1.805
[GPU1] epochs: [13/100] train_acc: 0.576 train_loss_sup: 1.776
[GPU1] epochs: [14/100] train_acc: 0.579 train_loss_sup: 1.752
[GPU1] epochs: [15/100] train_acc: 0.577 train_loss_sup: 1.730
[GPU1] epochs: [16/100] train_acc: 0.583 train_loss_sup: 1.705
[GPU1] epochs: [17/100] train_acc: 0.583 train_loss_sup: 1.685
[GPU1] epochs: [18/100] train_acc: 0.585 train_loss_sup: 1.666
[GPU1] epochs: [19/100] train_acc: 0.585 train_loss_sup: 1.647
[GPU1] epochs: [20/100] train_acc: 0.587 train_loss_sup: 1.629
[GPU1] Test Accuracy at epoch: 20: 0.618
[GPU1] epochs: [21/100] train_acc: 0.587 train_loss_sup: 1.614
[GPU1] epochs: [22/100] train_acc: 0.590 train_loss_sup: 1.598
[GPU1] epochs: [23/100] train_acc: 0.591 train_loss_sup: 1.585
[GPU1] epochs: [24/100] train_acc: 0.593 train_loss_sup: 1.572
[GPU1] epochs: [25/100] train_acc: 0.591 train_loss_sup: 1.557
[GPU1] epochs: [26/100] train_acc: 0.592 train_loss_sup: 1.545
[GPU1] epochs: [27/100] train_acc: 0.593 train_loss_sup: 1.535
[GPU1] epochs: [28/100] train_acc: 0.596 train_loss_sup: 1.521
[GPU1] epochs: [29/100] train_acc: 0.594 train_loss_sup: 1.512
[GPU1] epochs: [30/100] train_acc: 0.597 train_loss_sup: 1.500
[GPU1] Test Accuracy at epoch: 30: 0.63
[GPU1] epochs: [31/100] train_acc: 0.597 train_loss_sup: 1.492
[GPU1] epochs: [32/100] train_acc: 0.601 train_loss_sup: 1.482
[GPU1] epochs: [33/100] train_acc: 0.599 train_loss_sup: 1.475
[GPU1] epochs: [34/100] train_acc: 0.596 train_loss_sup: 1.467
[GPU1] epochs: [35/100] train_acc: 0.598 train_loss_sup: 1.462
[GPU1] epochs: [36/100] train_acc: 0.603 train_loss_sup: 1.451
[GPU1] epochs: [37/100] train_acc: 0.600 train_loss_sup: 1.444
[GPU1] epochs: [38/100] train_acc: 0.605 train_loss_sup: 1.436
[GPU1] epochs: [39/100] train_acc: 0.599 train_loss_sup: 1.430
[GPU1] epochs: [40/100] train_acc: 0.602 train_loss_sup: 1.423
[GPU1] Test Accuracy at epoch: 40: 0.636
[GPU1] epochs: [41/100] train_acc: 0.603 train_loss_sup: 1.420
[GPU1] epochs: [42/100] train_acc: 0.606 train_loss_sup: 1.410
[GPU1] epochs: [43/100] train_acc: 0.605 train_loss_sup: 1.409
[GPU1] epochs: [44/100] train_acc: 0.603 train_loss_sup: 1.404
[GPU1] epochs: [45/100] train_acc: 0.604 train_loss_sup: 1.396
[GPU1] epochs: [46/100] train_acc: 0.608 train_loss_sup: 1.391
[GPU1] epochs: [47/100] train_acc: 0.607 train_loss_sup: 1.388
[GPU1] epochs: [48/100] train_acc: 0.607 train_loss_sup: 1.384
[GPU1] epochs: [49/100] train_acc: 0.608 train_loss_sup: 1.380
[GPU1] epochs: [50/100] train_acc: 0.607 train_loss_sup: 1.377
[GPU1] Test Accuracy at epoch: 50: 0.641
[GPU1] epochs: [51/100] train_acc: 0.606 train_loss_sup: 1.375
[GPU1] epochs: [52/100] train_acc: 0.608 train_loss_sup: 1.369
[GPU1] epochs: [53/100] train_acc: 0.609 train_loss_sup: 1.367
[GPU1] epochs: [54/100] train_acc: 0.609 train_loss_sup: 1.361
[GPU1] epochs: [55/100] train_acc: 0.609 train_loss_sup: 1.361
[GPU1] epochs: [56/100] train_acc: 0.609 train_loss_sup: 1.357
[GPU1] epochs: [57/100] train_acc: 0.608 train_loss_sup: 1.354
[GPU1] epochs: [58/100] train_acc: 0.610 train_loss_sup: 1.353
[GPU1] epochs: [59/100] train_acc: 0.608 train_loss_sup: 1.350
[GPU1] epochs: [60/100] train_acc: 0.611 train_loss_sup: 1.348
[GPU1] Test Accuracy at epoch: 60: 0.644
[GPU1] epochs: [61/100] train_acc: 0.610 train_loss_sup: 1.345
[GPU1] epochs: [62/100] train_acc: 0.612 train_loss_sup: 1.340
[GPU1] epochs: [63/100] train_acc: 0.609 train_loss_sup: 1.342
[GPU1] epochs: [64/100] train_acc: 0.611 train_loss_sup: 1.338
[GPU1] epochs: [65/100] train_acc: 0.612 train_loss_sup: 1.336
[GPU1] epochs: [66/100] train_acc: 0.610 train_loss_sup: 1.336
[GPU1] epochs: [67/100] train_acc: 0.611 train_loss_sup: 1.332
[GPU1] epochs: [68/100] train_acc: 0.611 train_loss_sup: 1.330
[GPU1] epochs: [69/100] train_acc: 0.611 train_loss_sup: 1.329
[GPU1] epochs: [70/100] train_acc: 0.612 train_loss_sup: 1.329
[GPU1] Test Accuracy at epoch: 70: 0.645
[GPU1] epochs: [71/100] train_acc: 0.609 train_loss_sup: 1.329
[GPU1] epochs: [72/100] train_acc: 0.611 train_loss_sup: 1.326
[GPU1] epochs: [73/100] train_acc: 0.611 train_loss_sup: 1.325
[GPU1] epochs: [74/100] train_acc: 0.610 train_loss_sup: 1.328
[GPU1] epochs: [75/100] train_acc: 0.614 train_loss_sup: 1.325
[GPU1] epochs: [76/100] train_acc: 0.612 train_loss_sup: 1.322
[GPU1] epochs: [77/100] train_acc: 0.611 train_loss_sup: 1.323
[GPU1] epochs: [78/100] train_acc: 0.613 train_loss_sup: 1.320
[GPU1] epochs: [79/100] train_acc: 0.614 train_loss_sup: 1.320
[GPU1] epochs: [80/100] train_acc: 0.612 train_loss_sup: 1.319
[GPU1] Test Accuracy at epoch: 80: 0.645
[GPU1] epochs: [81/100] train_acc: 0.612 train_loss_sup: 1.316
[GPU1] epochs: [82/100] train_acc: 0.612 train_loss_sup: 1.318
[GPU1] epochs: [83/100] train_acc: 0.614 train_loss_sup: 1.321
[GPU1] epochs: [84/100] train_acc: 0.612 train_loss_sup: 1.319
[GPU1] epochs: [85/100] train_acc: 0.615 train_loss_sup: 1.320
[GPU1] epochs: [86/100] train_acc: 0.613 train_loss_sup: 1.318
[GPU1] epochs: [87/100] train_acc: 0.612 train_loss_sup: 1.319
[GPU1] epochs: [88/100] train_acc: 0.614 train_loss_sup: 1.315
[GPU1] epochs: [89/100] train_acc: 0.610 train_loss_sup: 1.319
[GPU1] epochs: [90/100] train_acc: 0.614 train_loss_sup: 1.316
[GPU1] Test Accuracy at epoch: 90: 0.645
[GPU1] epochs: [91/100] train_acc: 0.613 train_loss_sup: 1.320
[GPU1] epochs: [92/100] train_acc: 0.614 train_loss_sup: 1.315
[GPU1] epochs: [93/100] train_acc: 0.615 train_loss_sup: 1.316
[GPU1] epochs: [94/100] train_acc: 0.616 train_loss_sup: 1.314
[GPU1] epochs: [95/100] train_acc: 0.614 train_loss_sup: 1.315
[GPU1] epochs: [96/100] train_acc: 0.614 train_loss_sup: 1.317
[GPU1] epochs: [97/100] train_acc: 0.614 train_loss_sup: 1.316
[GPU1] epochs: [98/100] train_acc: 0.613 train_loss_sup: 1.315
[GPU1] epochs: [99/100] train_acc: 0.612 train_loss_sup: 1.315
[GPU1] epochs: [100/100] train_acc: 0.614 train_loss_sup: 1.316
[GPU1] Final Test Accuracy: 0.645
LR: 0.100 | WD: 0.000001 | Cosine: True | test Acc: 0.645%
===> using linear mlp
Scheduler: <torch.optim.lr_scheduler.CosineAnnealingLR object at 0x7fd71f6d4730>
MLP: MLP(
  (mlp): Linear(in_features=512, out_features=10, bias=True)
)
[GPU1] Test Accuracy at epoch: 0: 0.423
[GPU1] epochs: [1/100] train_acc: 0.278 train_loss_sup: 2.277
[GPU1] epochs: [2/100] train_acc: 0.451 train_loss_sup: 2.217
[GPU1] epochs: [3/100] train_acc: 0.520 train_loss_sup: 2.161
[GPU1] epochs: [4/100] train_acc: 0.549 train_loss_sup: 2.109
[GPU1] epochs: [5/100] train_acc: 0.545 train_loss_sup: 2.061
[GPU1] epochs: [6/100] train_acc: 0.547 train_loss_sup: 2.017
[GPU1] epochs: [7/100] train_acc: 0.556 train_loss_sup: 1.979
[GPU1] epochs: [8/100] train_acc: 0.564 train_loss_sup: 1.942
[GPU1] epochs: [9/100] train_acc: 0.563 train_loss_sup: 1.911
[GPU1] epochs: [10/100] train_acc: 0.568 train_loss_sup: 1.878
[GPU1] Test Accuracy at epoch: 10: 0.601
[GPU1] epochs: [11/100] train_acc: 0.570 train_loss_sup: 1.851
[GPU1] epochs: [12/100] train_acc: 0.573 train_loss_sup: 1.824
[GPU1] epochs: [13/100] train_acc: 0.573 train_loss_sup: 1.800
[GPU1] epochs: [14/100] train_acc: 0.573 train_loss_sup: 1.776
[GPU1] epochs: [15/100] train_acc: 0.575 train_loss_sup: 1.757
[GPU1] epochs: [16/100] train_acc: 0.578 train_loss_sup: 1.735
[GPU1] epochs: [17/100] train_acc: 0.581 train_loss_sup: 1.718
[GPU1] epochs: [18/100] train_acc: 0.581 train_loss_sup: 1.698
[GPU1] epochs: [19/100] train_acc: 0.584 train_loss_sup: 1.682
[GPU1] epochs: [20/100] train_acc: 0.584 train_loss_sup: 1.668
[GPU1] Test Accuracy at epoch: 20: 0.616
[GPU1] epochs: [21/100] train_acc: 0.587 train_loss_sup: 1.651
[GPU1] epochs: [22/100] train_acc: 0.586 train_loss_sup: 1.641
[GPU1] epochs: [23/100] train_acc: 0.587 train_loss_sup: 1.626
[GPU1] epochs: [24/100] train_acc: 0.589 train_loss_sup: 1.616
[GPU1] epochs: [25/100] train_acc: 0.590 train_loss_sup: 1.604
[GPU1] epochs: [26/100] train_acc: 0.589 train_loss_sup: 1.596
[GPU1] epochs: [27/100] train_acc: 0.590 train_loss_sup: 1.586
[GPU1] epochs: [28/100] train_acc: 0.590 train_loss_sup: 1.575
[GPU1] epochs: [29/100] train_acc: 0.591 train_loss_sup: 1.567
[GPU1] epochs: [30/100] train_acc: 0.597 train_loss_sup: 1.557
[GPU1] Test Accuracy at epoch: 30: 0.626
[GPU1] epochs: [31/100] train_acc: 0.594 train_loss_sup: 1.550
[GPU1] epochs: [32/100] train_acc: 0.596 train_loss_sup: 1.542
[GPU1] epochs: [33/100] train_acc: 0.595 train_loss_sup: 1.537
[GPU1] epochs: [34/100] train_acc: 0.597 train_loss_sup: 1.528
[GPU1] epochs: [35/100] train_acc: 0.597 train_loss_sup: 1.523
[GPU1] epochs: [36/100] train_acc: 0.598 train_loss_sup: 1.517
[GPU1] epochs: [37/100] train_acc: 0.598 train_loss_sup: 1.511
[GPU1] epochs: [38/100] train_acc: 0.600 train_loss_sup: 1.507
[GPU1] epochs: [39/100] train_acc: 0.599 train_loss_sup: 1.497
[GPU1] epochs: [40/100] train_acc: 0.598 train_loss_sup: 1.495
[GPU1] Test Accuracy at epoch: 40: 0.63
[GPU1] epochs: [41/100] train_acc: 0.601 train_loss_sup: 1.489
[GPU1] epochs: [42/100] train_acc: 0.601 train_loss_sup: 1.487
[GPU1] epochs: [43/100] train_acc: 0.601 train_loss_sup: 1.483
[GPU1] epochs: [44/100] train_acc: 0.601 train_loss_sup: 1.478
[GPU1] epochs: [45/100] train_acc: 0.602 train_loss_sup: 1.474
[GPU1] epochs: [46/100] train_acc: 0.602 train_loss_sup: 1.471
[GPU1] epochs: [47/100] train_acc: 0.602 train_loss_sup: 1.468
[GPU1] epochs: [48/100] train_acc: 0.603 train_loss_sup: 1.464
[GPU1] epochs: [49/100] train_acc: 0.603 train_loss_sup: 1.460
[GPU1] epochs: [50/100] train_acc: 0.600 train_loss_sup: 1.461
[GPU1] Test Accuracy at epoch: 50: 0.637
[GPU1] epochs: [51/100] train_acc: 0.602 train_loss_sup: 1.456
[GPU1] epochs: [52/100] train_acc: 0.606 train_loss_sup: 1.449
[GPU1] epochs: [53/100] train_acc: 0.607 train_loss_sup: 1.449
[GPU1] epochs: [54/100] train_acc: 0.604 train_loss_sup: 1.447
[GPU1] epochs: [55/100] train_acc: 0.604 train_loss_sup: 1.446
[GPU1] epochs: [56/100] train_acc: 0.604 train_loss_sup: 1.444
[GPU1] epochs: [57/100] train_acc: 0.605 train_loss_sup: 1.439
[GPU1] epochs: [58/100] train_acc: 0.604 train_loss_sup: 1.437
[GPU1] epochs: [59/100] train_acc: 0.607 train_loss_sup: 1.437
[GPU1] epochs: [60/100] train_acc: 0.607 train_loss_sup: 1.435
[GPU1] Test Accuracy at epoch: 60: 0.639
[GPU1] epochs: [61/100] train_acc: 0.604 train_loss_sup: 1.434
[GPU1] epochs: [62/100] train_acc: 0.608 train_loss_sup: 1.429
[GPU1] epochs: [63/100] train_acc: 0.608 train_loss_sup: 1.428
[GPU1] epochs: [64/100] train_acc: 0.605 train_loss_sup: 1.429
[GPU1] epochs: [65/100] train_acc: 0.605 train_loss_sup: 1.430
[GPU1] epochs: [66/100] train_acc: 0.606 train_loss_sup: 1.427
[GPU1] epochs: [67/100] train_acc: 0.609 train_loss_sup: 1.423
[GPU1] epochs: [68/100] train_acc: 0.606 train_loss_sup: 1.424
[GPU1] epochs: [69/100] train_acc: 0.608 train_loss_sup: 1.421
[GPU1] epochs: [70/100] train_acc: 0.609 train_loss_sup: 1.420
[GPU1] Test Accuracy at epoch: 70: 0.641
[GPU1] epochs: [71/100] train_acc: 0.609 train_loss_sup: 1.420
[GPU1] epochs: [72/100] train_acc: 0.606 train_loss_sup: 1.422
[GPU1] epochs: [73/100] train_acc: 0.608 train_loss_sup: 1.418
[GPU1] epochs: [74/100] train_acc: 0.610 train_loss_sup: 1.417
[GPU1] epochs: [75/100] train_acc: 0.606 train_loss_sup: 1.419
[GPU1] epochs: [76/100] train_acc: 0.608 train_loss_sup: 1.417
[GPU1] epochs: [77/100] train_acc: 0.609 train_loss_sup: 1.415
[GPU1] epochs: [78/100] train_acc: 0.607 train_loss_sup: 1.415
[GPU1] epochs: [79/100] train_acc: 0.611 train_loss_sup: 1.416
[GPU1] epochs: [80/100] train_acc: 0.606 train_loss_sup: 1.418
[GPU1] Test Accuracy at epoch: 80: 0.641
[GPU1] epochs: [81/100] train_acc: 0.607 train_loss_sup: 1.415
[GPU1] epochs: [82/100] train_acc: 0.610 train_loss_sup: 1.412
[GPU1] epochs: [83/100] train_acc: 0.608 train_loss_sup: 1.414
[GPU1] epochs: [84/100] train_acc: 0.611 train_loss_sup: 1.410
[GPU1] epochs: [85/100] train_acc: 0.606 train_loss_sup: 1.413
[GPU1] epochs: [86/100] train_acc: 0.607 train_loss_sup: 1.414
[GPU1] epochs: [87/100] train_acc: 0.610 train_loss_sup: 1.410
[GPU1] epochs: [88/100] train_acc: 0.607 train_loss_sup: 1.411
[GPU1] epochs: [89/100] train_acc: 0.607 train_loss_sup: 1.414
[GPU1] epochs: [90/100] train_acc: 0.609 train_loss_sup: 1.412
[GPU1] Test Accuracy at epoch: 90: 0.641
[GPU1] epochs: [91/100] train_acc: 0.610 train_loss_sup: 1.413
[GPU1] epochs: [92/100] train_acc: 0.607 train_loss_sup: 1.412
[GPU1] epochs: [93/100] train_acc: 0.609 train_loss_sup: 1.410
[GPU1] epochs: [94/100] train_acc: 0.610 train_loss_sup: 1.411
[GPU1] epochs: [95/100] train_acc: 0.607 train_loss_sup: 1.415
[GPU1] epochs: [96/100] train_acc: 0.608 train_loss_sup: 1.413
[GPU1] epochs: [97/100] train_acc: 0.607 train_loss_sup: 1.411
[GPU1] epochs: [98/100] train_acc: 0.610 train_loss_sup: 1.412
[GPU1] epochs: [99/100] train_acc: 0.608 train_loss_sup: 1.412
[GPU1] epochs: [100/100] train_acc: 0.608 train_loss_sup: 1.413
[GPU1] Final Test Accuracy: 0.641
LR: 0.100 | WD: 0.000100 | Cosine: True | test Acc: 0.641%
===> using linear mlp
Scheduler: <torch.optim.lr_scheduler.CosineAnnealingLR object at 0x7fd71f6878b0>
MLP: MLP(
  (mlp): Linear(in_features=512, out_features=10, bias=True)
)
[GPU1] Test Accuracy at epoch: 0: 0.441
[GPU1] epochs: [1/100] train_acc: 0.309 train_loss_sup: 2.276
[GPU1] epochs: [2/100] train_acc: 0.475 train_loss_sup: 2.216
[GPU1] epochs: [3/100] train_acc: 0.520 train_loss_sup: 2.159
[GPU1] epochs: [4/100] train_acc: 0.544 train_loss_sup: 2.107
[GPU1] epochs: [5/100] train_acc: 0.551 train_loss_sup: 2.057
[GPU1] epochs: [6/100] train_acc: 0.551 train_loss_sup: 2.011
[GPU1] epochs: [7/100] train_acc: 0.561 train_loss_sup: 1.969
[GPU1] epochs: [8/100] train_acc: 0.561 train_loss_sup: 1.932
[GPU1] epochs: [9/100] train_acc: 0.562 train_loss_sup: 1.896
[GPU1] epochs: [10/100] train_acc: 0.572 train_loss_sup: 1.861
[GPU1] Test Accuracy at epoch: 10: 0.603
[GPU1] epochs: [11/100] train_acc: 0.572 train_loss_sup: 1.832
[GPU1] epochs: [12/100] train_acc: 0.575 train_loss_sup: 1.803
[GPU1] epochs: [13/100] train_acc: 0.574 train_loss_sup: 1.777
[GPU1] epochs: [14/100] train_acc: 0.576 train_loss_sup: 1.752
[GPU1] epochs: [15/100] train_acc: 0.580 train_loss_sup: 1.727
[GPU1] epochs: [16/100] train_acc: 0.580 train_loss_sup: 1.704
[GPU1] epochs: [17/100] train_acc: 0.583 train_loss_sup: 1.687
[GPU1] epochs: [18/100] train_acc: 0.585 train_loss_sup: 1.666
[GPU1] epochs: [19/100] train_acc: 0.586 train_loss_sup: 1.646
[GPU1] epochs: [20/100] train_acc: 0.588 train_loss_sup: 1.627
[GPU1] Test Accuracy at epoch: 20: 0.612
[GPU1] epochs: [21/100] train_acc: 0.590 train_loss_sup: 1.613
[GPU1] epochs: [22/100] train_acc: 0.589 train_loss_sup: 1.597
[GPU1] epochs: [23/100] train_acc: 0.591 train_loss_sup: 1.583
[GPU1] epochs: [24/100] train_acc: 0.593 train_loss_sup: 1.567
[GPU1] epochs: [25/100] train_acc: 0.594 train_loss_sup: 1.556
[GPU1] epochs: [26/100] train_acc: 0.591 train_loss_sup: 1.545
[GPU1] epochs: [27/100] train_acc: 0.593 train_loss_sup: 1.533
[GPU1] epochs: [28/100] train_acc: 0.594 train_loss_sup: 1.522
[GPU1] epochs: [29/100] train_acc: 0.597 train_loss_sup: 1.509
[GPU1] epochs: [30/100] train_acc: 0.600 train_loss_sup: 1.501
[GPU1] Test Accuracy at epoch: 30: 0.627
[GPU1] epochs: [31/100] train_acc: 0.598 train_loss_sup: 1.490
[GPU1] epochs: [32/100] train_acc: 0.597 train_loss_sup: 1.483
[GPU1] epochs: [33/100] train_acc: 0.598 train_loss_sup: 1.475
[GPU1] epochs: [34/100] train_acc: 0.600 train_loss_sup: 1.465
[GPU1] epochs: [35/100] train_acc: 0.602 train_loss_sup: 1.457
[GPU1] epochs: [36/100] train_acc: 0.601 train_loss_sup: 1.450
[GPU1] epochs: [37/100] train_acc: 0.600 train_loss_sup: 1.445
[GPU1] epochs: [38/100] train_acc: 0.606 train_loss_sup: 1.434
[GPU1] epochs: [39/100] train_acc: 0.604 train_loss_sup: 1.430
[GPU1] epochs: [40/100] train_acc: 0.600 train_loss_sup: 1.426
[GPU1] Test Accuracy at epoch: 40: 0.637
[GPU1] epochs: [41/100] train_acc: 0.603 train_loss_sup: 1.418
[GPU1] epochs: [42/100] train_acc: 0.606 train_loss_sup: 1.410
[GPU1] epochs: [43/100] train_acc: 0.605 train_loss_sup: 1.407
[GPU1] epochs: [44/100] train_acc: 0.604 train_loss_sup: 1.400
[GPU1] epochs: [45/100] train_acc: 0.604 train_loss_sup: 1.397
[GPU1] epochs: [46/100] train_acc: 0.605 train_loss_sup: 1.392
[GPU1] epochs: [47/100] train_acc: 0.606 train_loss_sup: 1.388
[GPU1] epochs: [48/100] train_acc: 0.605 train_loss_sup: 1.386
[GPU1] epochs: [49/100] train_acc: 0.606 train_loss_sup: 1.377
[GPU1] epochs: [50/100] train_acc: 0.607 train_loss_sup: 1.374
[GPU1] Test Accuracy at epoch: 50: 0.639
[GPU1] epochs: [51/100] train_acc: 0.607 train_loss_sup: 1.372
[GPU1] epochs: [52/100] train_acc: 0.608 train_loss_sup: 1.370
[GPU1] epochs: [53/100] train_acc: 0.607 train_loss_sup: 1.365
[GPU1] epochs: [54/100] train_acc: 0.608 train_loss_sup: 1.360
[GPU1] epochs: [55/100] train_acc: 0.609 train_loss_sup: 1.360
[GPU1] epochs: [56/100] train_acc: 0.608 train_loss_sup: 1.355
[GPU1] epochs: [57/100] train_acc: 0.609 train_loss_sup: 1.353
[GPU1] epochs: [58/100] train_acc: 0.609 train_loss_sup: 1.351
[GPU1] epochs: [59/100] train_acc: 0.609 train_loss_sup: 1.349
[GPU1] epochs: [60/100] train_acc: 0.611 train_loss_sup: 1.344
[GPU1] Test Accuracy at epoch: 60: 0.643
[GPU1] epochs: [61/100] train_acc: 0.611 train_loss_sup: 1.342
[GPU1] epochs: [62/100] train_acc: 0.610 train_loss_sup: 1.341
[GPU1] epochs: [63/100] train_acc: 0.609 train_loss_sup: 1.339
[GPU1] epochs: [64/100] train_acc: 0.612 train_loss_sup: 1.338
[GPU1] epochs: [65/100] train_acc: 0.608 train_loss_sup: 1.336
[GPU1] epochs: [66/100] train_acc: 0.611 train_loss_sup: 1.336
[GPU1] epochs: [67/100] train_acc: 0.609 train_loss_sup: 1.333
[GPU1] epochs: [68/100] train_acc: 0.613 train_loss_sup: 1.330
[GPU1] epochs: [69/100] train_acc: 0.613 train_loss_sup: 1.330
[GPU1] epochs: [70/100] train_acc: 0.610 train_loss_sup: 1.329
[GPU1] Test Accuracy at epoch: 70: 0.645
[GPU1] epochs: [71/100] train_acc: 0.613 train_loss_sup: 1.326
[GPU1] epochs: [72/100] train_acc: 0.613 train_loss_sup: 1.326
[GPU1] epochs: [73/100] train_acc: 0.610 train_loss_sup: 1.328
[GPU1] epochs: [74/100] train_acc: 0.612 train_loss_sup: 1.322
[GPU1] epochs: [75/100] train_acc: 0.611 train_loss_sup: 1.322
[GPU1] epochs: [76/100] train_acc: 0.614 train_loss_sup: 1.320
[GPU1] epochs: [77/100] train_acc: 0.612 train_loss_sup: 1.322
[GPU1] epochs: [78/100] train_acc: 0.614 train_loss_sup: 1.318
[GPU1] epochs: [79/100] train_acc: 0.615 train_loss_sup: 1.317
[GPU1] epochs: [80/100] train_acc: 0.610 train_loss_sup: 1.319
[GPU1] Test Accuracy at epoch: 80: 0.646
[GPU1] epochs: [81/100] train_acc: 0.613 train_loss_sup: 1.320
[GPU1] epochs: [82/100] train_acc: 0.613 train_loss_sup: 1.318
[GPU1] epochs: [83/100] train_acc: 0.613 train_loss_sup: 1.318
[GPU1] epochs: [84/100] train_acc: 0.611 train_loss_sup: 1.317
[GPU1] epochs: [85/100] train_acc: 0.614 train_loss_sup: 1.316
[GPU1] epochs: [86/100] train_acc: 0.609 train_loss_sup: 1.319
[GPU1] epochs: [87/100] train_acc: 0.615 train_loss_sup: 1.316
[GPU1] epochs: [88/100] train_acc: 0.613 train_loss_sup: 1.318
[GPU1] epochs: [89/100] train_acc: 0.613 train_loss_sup: 1.316
[GPU1] epochs: [90/100] train_acc: 0.613 train_loss_sup: 1.315
[GPU1] Test Accuracy at epoch: 90: 0.646
[GPU1] epochs: [91/100] train_acc: 0.612 train_loss_sup: 1.317
[GPU1] epochs: [92/100] train_acc: 0.613 train_loss_sup: 1.316
[GPU1] epochs: [93/100] train_acc: 0.613 train_loss_sup: 1.313
[GPU1] epochs: [94/100] train_acc: 0.613 train_loss_sup: 1.317
[GPU1] epochs: [95/100] train_acc: 0.612 train_loss_sup: 1.314
[GPU1] epochs: [96/100] train_acc: 0.614 train_loss_sup: 1.315
[GPU1] epochs: [97/100] train_acc: 0.614 train_loss_sup: 1.314
[GPU1] epochs: [98/100] train_acc: 0.615 train_loss_sup: 1.314
[GPU1] epochs: [99/100] train_acc: 0.614 train_loss_sup: 1.314
[GPU1] epochs: [100/100] train_acc: 0.611 train_loss_sup: 1.317
[GPU1] Final Test Accuracy: 0.646
LR: 0.100 | WD: 0.000000 | Cosine: True | test Acc: 0.646%
===> using linear mlp
Scheduler: <torch.optim.lr_scheduler.CosineAnnealingLR object at 0x7fd71f6d72e0>
MLP: MLP(
  (mlp): Linear(in_features=512, out_features=10, bias=True)
)
[GPU1] Test Accuracy at epoch: 0: 0.552
[GPU1] epochs: [1/100] train_acc: 0.401 train_loss_sup: 2.083
[GPU1] epochs: [2/100] train_acc: 0.560 train_loss_sup: 1.733
[GPU1] epochs: [3/100] train_acc: 0.584 train_loss_sup: 1.544
[GPU1] epochs: [4/100] train_acc: 0.591 train_loss_sup: 1.432
[GPU1] epochs: [5/100] train_acc: 0.601 train_loss_sup: 1.353
[GPU1] epochs: [6/100] train_acc: 0.612 train_loss_sup: 1.296
[GPU1] epochs: [7/100] train_acc: 0.614 train_loss_sup: 1.256
[GPU1] epochs: [8/100] train_acc: 0.622 train_loss_sup: 1.220
[GPU1] epochs: [9/100] train_acc: 0.621 train_loss_sup: 1.192
[GPU1] epochs: [10/100] train_acc: 0.627 train_loss_sup: 1.170
[GPU1] Test Accuracy at epoch: 10: 0.666
[GPU1] epochs: [11/100] train_acc: 0.632 train_loss_sup: 1.148
[GPU1] epochs: [12/100] train_acc: 0.636 train_loss_sup: 1.131
[GPU1] epochs: [13/100] train_acc: 0.634 train_loss_sup: 1.119
[GPU1] epochs: [14/100] train_acc: 0.640 train_loss_sup: 1.103
[GPU1] epochs: [15/100] train_acc: 0.640 train_loss_sup: 1.093
[GPU1] epochs: [16/100] train_acc: 0.643 train_loss_sup: 1.075
[GPU1] epochs: [17/100] train_acc: 0.644 train_loss_sup: 1.073
[GPU1] epochs: [18/100] train_acc: 0.645 train_loss_sup: 1.063
[GPU1] epochs: [19/100] train_acc: 0.646 train_loss_sup: 1.059
[GPU1] epochs: [20/100] train_acc: 0.648 train_loss_sup: 1.051
[GPU1] Test Accuracy at epoch: 20: 0.685
[GPU1] epochs: [21/100] train_acc: 0.650 train_loss_sup: 1.043
[GPU1] epochs: [22/100] train_acc: 0.653 train_loss_sup: 1.033
[GPU1] epochs: [23/100] train_acc: 0.656 train_loss_sup: 1.027
[GPU1] epochs: [24/100] train_acc: 0.653 train_loss_sup: 1.026
[GPU1] epochs: [25/100] train_acc: 0.656 train_loss_sup: 1.022
[GPU1] epochs: [26/100] train_acc: 0.655 train_loss_sup: 1.014
[GPU1] epochs: [27/100] train_acc: 0.658 train_loss_sup: 1.007
[GPU1] epochs: [28/100] train_acc: 0.661 train_loss_sup: 1.005
[GPU1] epochs: [29/100] train_acc: 0.662 train_loss_sup: 1.003
[GPU1] epochs: [30/100] train_acc: 0.660 train_loss_sup: 1.002
[GPU1] Test Accuracy at epoch: 30: 0.699
[GPU1] epochs: [31/100] train_acc: 0.660 train_loss_sup: 0.996
[GPU1] epochs: [32/100] train_acc: 0.664 train_loss_sup: 0.992
[GPU1] epochs: [33/100] train_acc: 0.663 train_loss_sup: 0.987
[GPU1] epochs: [34/100] train_acc: 0.664 train_loss_sup: 0.985
[GPU1] epochs: [35/100] train_acc: 0.665 train_loss_sup: 0.981
[GPU1] epochs: [36/100] train_acc: 0.665 train_loss_sup: 0.981
[GPU1] epochs: [37/100] train_acc: 0.667 train_loss_sup: 0.976
[GPU1] epochs: [38/100] train_acc: 0.667 train_loss_sup: 0.974
[GPU1] epochs: [39/100] train_acc: 0.666 train_loss_sup: 0.972
[GPU1] epochs: [40/100] train_acc: 0.669 train_loss_sup: 0.966
[GPU1] Test Accuracy at epoch: 40: 0.706
[GPU1] epochs: [41/100] train_acc: 0.671 train_loss_sup: 0.969
[GPU1] epochs: [42/100] train_acc: 0.668 train_loss_sup: 0.970
[GPU1] epochs: [43/100] train_acc: 0.669 train_loss_sup: 0.965
[GPU1] epochs: [44/100] train_acc: 0.671 train_loss_sup: 0.961
[GPU1] epochs: [45/100] train_acc: 0.668 train_loss_sup: 0.964
[GPU1] epochs: [46/100] train_acc: 0.674 train_loss_sup: 0.954
[GPU1] epochs: [47/100] train_acc: 0.672 train_loss_sup: 0.960
[GPU1] epochs: [48/100] train_acc: 0.675 train_loss_sup: 0.953
[GPU1] epochs: [49/100] train_acc: 0.673 train_loss_sup: 0.954
[GPU1] epochs: [50/100] train_acc: 0.670 train_loss_sup: 0.957
[GPU1] Test Accuracy at epoch: 50: 0.707
[GPU1] epochs: [51/100] train_acc: 0.674 train_loss_sup: 0.950
[GPU1] epochs: [52/100] train_acc: 0.675 train_loss_sup: 0.950
[GPU1] epochs: [53/100] train_acc: 0.675 train_loss_sup: 0.951
[GPU1] epochs: [54/100] train_acc: 0.674 train_loss_sup: 0.953
[GPU1] epochs: [55/100] train_acc: 0.673 train_loss_sup: 0.951
[GPU1] epochs: [56/100] train_acc: 0.675 train_loss_sup: 0.949
[GPU1] epochs: [57/100] train_acc: 0.675 train_loss_sup: 0.945
[GPU1] epochs: [58/100] train_acc: 0.678 train_loss_sup: 0.944
[GPU1] epochs: [59/100] train_acc: 0.676 train_loss_sup: 0.942
[GPU1] epochs: [60/100] train_acc: 0.674 train_loss_sup: 0.945
[GPU1] Test Accuracy at epoch: 60: 0.713
[GPU1] epochs: [61/100] train_acc: 0.674 train_loss_sup: 0.945
[GPU1] epochs: [62/100] train_acc: 0.678 train_loss_sup: 0.940
[GPU1] epochs: [63/100] train_acc: 0.676 train_loss_sup: 0.942
[GPU1] epochs: [64/100] train_acc: 0.678 train_loss_sup: 0.936
[GPU1] epochs: [65/100] train_acc: 0.676 train_loss_sup: 0.942
[GPU1] epochs: [66/100] train_acc: 0.678 train_loss_sup: 0.939
[GPU1] epochs: [67/100] train_acc: 0.675 train_loss_sup: 0.942
[GPU1] epochs: [68/100] train_acc: 0.681 train_loss_sup: 0.937
[GPU1] epochs: [69/100] train_acc: 0.679 train_loss_sup: 0.935
[GPU1] epochs: [70/100] train_acc: 0.678 train_loss_sup: 0.936
[GPU1] Test Accuracy at epoch: 70: 0.716
[GPU1] epochs: [71/100] train_acc: 0.681 train_loss_sup: 0.934
[GPU1] epochs: [72/100] train_acc: 0.680 train_loss_sup: 0.935
[GPU1] epochs: [73/100] train_acc: 0.679 train_loss_sup: 0.932
[GPU1] epochs: [74/100] train_acc: 0.680 train_loss_sup: 0.931
[GPU1] epochs: [75/100] train_acc: 0.681 train_loss_sup: 0.932
[GPU1] epochs: [76/100] train_acc: 0.678 train_loss_sup: 0.937
[GPU1] epochs: [77/100] train_acc: 0.680 train_loss_sup: 0.936
[GPU1] epochs: [78/100] train_acc: 0.675 train_loss_sup: 0.939
[GPU1] epochs: [79/100] train_acc: 0.680 train_loss_sup: 0.935
[GPU1] epochs: [80/100] train_acc: 0.679 train_loss_sup: 0.935
[GPU1] Test Accuracy at epoch: 80: 0.717
[GPU1] epochs: [81/100] train_acc: 0.679 train_loss_sup: 0.934
[GPU1] epochs: [82/100] train_acc: 0.678 train_loss_sup: 0.933
[GPU1] epochs: [83/100] train_acc: 0.676 train_loss_sup: 0.932
[GPU1] epochs: [84/100] train_acc: 0.680 train_loss_sup: 0.933
[GPU1] epochs: [85/100] train_acc: 0.680 train_loss_sup: 0.934
[GPU1] epochs: [86/100] train_acc: 0.678 train_loss_sup: 0.933
[GPU1] epochs: [87/100] train_acc: 0.680 train_loss_sup: 0.932
[GPU1] epochs: [88/100] train_acc: 0.681 train_loss_sup: 0.931
[GPU1] epochs: [89/100] train_acc: 0.679 train_loss_sup: 0.933
[GPU1] epochs: [90/100] train_acc: 0.680 train_loss_sup: 0.929
[GPU1] Test Accuracy at epoch: 90: 0.715
[GPU1] epochs: [91/100] train_acc: 0.681 train_loss_sup: 0.932
[GPU1] epochs: [92/100] train_acc: 0.678 train_loss_sup: 0.932
[GPU1] epochs: [93/100] train_acc: 0.680 train_loss_sup: 0.930
[GPU1] epochs: [94/100] train_acc: 0.681 train_loss_sup: 0.929
[GPU1] epochs: [95/100] train_acc: 0.678 train_loss_sup: 0.937
[GPU1] epochs: [96/100] train_acc: 0.679 train_loss_sup: 0.935
[GPU1] epochs: [97/100] train_acc: 0.680 train_loss_sup: 0.932
[GPU1] epochs: [98/100] train_acc: 0.680 train_loss_sup: 0.929
[GPU1] epochs: [99/100] train_acc: 0.681 train_loss_sup: 0.930
[GPU1] epochs: [100/100] train_acc: 0.680 train_loss_sup: 0.933
[GPU1] Final Test Accuracy: 0.714
LR: 1.000 | WD: 0.000001 | Cosine: True | test Acc: 0.717%
===> using linear mlp
Scheduler: <torch.optim.lr_scheduler.CosineAnnealingLR object at 0x7fd71f686170>
MLP: MLP(
  (mlp): Linear(in_features=512, out_features=10, bias=True)
)
[GPU1] Test Accuracy at epoch: 0: 0.567
[GPU1] epochs: [1/100] train_acc: 0.412 train_loss_sup: 2.087
[GPU1] epochs: [2/100] train_acc: 0.554 train_loss_sup: 1.756
[GPU1] epochs: [3/100] train_acc: 0.577 train_loss_sup: 1.591
[GPU1] epochs: [4/100] train_acc: 0.592 train_loss_sup: 1.498
[GPU1] epochs: [5/100] train_acc: 0.600 train_loss_sup: 1.439
[GPU1] epochs: [6/100] train_acc: 0.606 train_loss_sup: 1.395
[GPU1] epochs: [7/100] train_acc: 0.608 train_loss_sup: 1.370
[GPU1] epochs: [8/100] train_acc: 0.615 train_loss_sup: 1.343
[GPU1] epochs: [9/100] train_acc: 0.616 train_loss_sup: 1.332
[GPU1] epochs: [10/100] train_acc: 0.617 train_loss_sup: 1.318
[GPU1] Test Accuracy at epoch: 10: 0.66
[GPU1] epochs: [11/100] train_acc: 0.622 train_loss_sup: 1.307
[GPU1] epochs: [12/100] train_acc: 0.622 train_loss_sup: 1.301
[GPU1] epochs: [13/100] train_acc: 0.621 train_loss_sup: 1.296
[GPU1] epochs: [14/100] train_acc: 0.623 train_loss_sup: 1.290
[GPU1] epochs: [15/100] train_acc: 0.627 train_loss_sup: 1.287
[GPU1] epochs: [16/100] train_acc: 0.625 train_loss_sup: 1.283
[GPU1] epochs: [17/100] train_acc: 0.626 train_loss_sup: 1.282
[GPU1] epochs: [18/100] train_acc: 0.628 train_loss_sup: 1.277
[GPU1] epochs: [19/100] train_acc: 0.630 train_loss_sup: 1.276
[GPU1] epochs: [20/100] train_acc: 0.628 train_loss_sup: 1.278
[GPU1] Test Accuracy at epoch: 20: 0.665
[GPU1] epochs: [21/100] train_acc: 0.630 train_loss_sup: 1.275
[GPU1] epochs: [22/100] train_acc: 0.630 train_loss_sup: 1.275
[GPU1] epochs: [23/100] train_acc: 0.631 train_loss_sup: 1.273
[GPU1] epochs: [24/100] train_acc: 0.634 train_loss_sup: 1.268
[GPU1] epochs: [25/100] train_acc: 0.631 train_loss_sup: 1.272
[GPU1] epochs: [26/100] train_acc: 0.631 train_loss_sup: 1.269
[GPU1] epochs: [27/100] train_acc: 0.632 train_loss_sup: 1.269
[GPU1] epochs: [28/100] train_acc: 0.634 train_loss_sup: 1.266
[GPU1] epochs: [29/100] train_acc: 0.631 train_loss_sup: 1.271
[GPU1] epochs: [30/100] train_acc: 0.633 train_loss_sup: 1.266
[GPU1] Test Accuracy at epoch: 30: 0.669
[GPU1] epochs: [31/100] train_acc: 0.633 train_loss_sup: 1.268
[GPU1] epochs: [32/100] train_acc: 0.635 train_loss_sup: 1.265
[GPU1] epochs: [33/100] train_acc: 0.632 train_loss_sup: 1.271
[GPU1] epochs: [34/100] train_acc: 0.630 train_loss_sup: 1.268
[GPU1] epochs: [35/100] train_acc: 0.633 train_loss_sup: 1.266
[GPU1] epochs: [36/100] train_acc: 0.634 train_loss_sup: 1.267
[GPU1] epochs: [37/100] train_acc: 0.635 train_loss_sup: 1.266
[GPU1] epochs: [38/100] train_acc: 0.636 train_loss_sup: 1.266
[GPU1] epochs: [39/100] train_acc: 0.634 train_loss_sup: 1.265
[GPU1] epochs: [40/100] train_acc: 0.635 train_loss_sup: 1.265
[GPU1] Test Accuracy at epoch: 40: 0.674
[GPU1] epochs: [41/100] train_acc: 0.636 train_loss_sup: 1.264
[GPU1] epochs: [42/100] train_acc: 0.635 train_loss_sup: 1.267
[GPU1] epochs: [43/100] train_acc: 0.636 train_loss_sup: 1.264
[GPU1] epochs: [44/100] train_acc: 0.638 train_loss_sup: 1.267
[GPU1] epochs: [45/100] train_acc: 0.638 train_loss_sup: 1.266
[GPU1] epochs: [46/100] train_acc: 0.634 train_loss_sup: 1.265
[GPU1] epochs: [47/100] train_acc: 0.636 train_loss_sup: 1.264
[GPU1] epochs: [48/100] train_acc: 0.634 train_loss_sup: 1.266
[GPU1] epochs: [49/100] train_acc: 0.637 train_loss_sup: 1.264
[GPU1] epochs: [50/100] train_acc: 0.636 train_loss_sup: 1.263
[GPU1] Test Accuracy at epoch: 50: 0.669
[GPU1] epochs: [51/100] train_acc: 0.636 train_loss_sup: 1.265
[GPU1] epochs: [52/100] train_acc: 0.636 train_loss_sup: 1.262
[GPU1] epochs: [53/100] train_acc: 0.638 train_loss_sup: 1.265
[GPU1] epochs: [54/100] train_acc: 0.636 train_loss_sup: 1.264
[GPU1] epochs: [55/100] train_acc: 0.639 train_loss_sup: 1.263
[GPU1] epochs: [56/100] train_acc: 0.635 train_loss_sup: 1.267
[GPU1] epochs: [57/100] train_acc: 0.636 train_loss_sup: 1.262
[GPU1] epochs: [58/100] train_acc: 0.636 train_loss_sup: 1.265
[GPU1] epochs: [59/100] train_acc: 0.638 train_loss_sup: 1.262
[GPU1] epochs: [60/100] train_acc: 0.638 train_loss_sup: 1.261
[GPU1] Test Accuracy at epoch: 60: 0.673
[GPU1] epochs: [61/100] train_acc: 0.636 train_loss_sup: 1.264
[GPU1] epochs: [62/100] train_acc: 0.635 train_loss_sup: 1.264
[GPU1] epochs: [63/100] train_acc: 0.635 train_loss_sup: 1.265
[GPU1] epochs: [64/100] train_acc: 0.636 train_loss_sup: 1.263
[GPU1] epochs: [65/100] train_acc: 0.637 train_loss_sup: 1.264
[GPU1] epochs: [66/100] train_acc: 0.637 train_loss_sup: 1.264
[GPU1] epochs: [67/100] train_acc: 0.636 train_loss_sup: 1.264
[GPU1] epochs: [68/100] train_acc: 0.637 train_loss_sup: 1.262
[GPU1] epochs: [69/100] train_acc: 0.635 train_loss_sup: 1.264
[GPU1] epochs: [70/100] train_acc: 0.638 train_loss_sup: 1.265
[GPU1] Test Accuracy at epoch: 70: 0.673
[GPU1] epochs: [71/100] train_acc: 0.638 train_loss_sup: 1.263
[GPU1] epochs: [72/100] train_acc: 0.637 train_loss_sup: 1.266
[GPU1] epochs: [73/100] train_acc: 0.635 train_loss_sup: 1.265
[GPU1] epochs: [74/100] train_acc: 0.636 train_loss_sup: 1.266
[GPU1] epochs: [75/100] train_acc: 0.639 train_loss_sup: 1.263
[GPU1] epochs: [76/100] train_acc: 0.635 train_loss_sup: 1.264
[GPU1] epochs: [77/100] train_acc: 0.639 train_loss_sup: 1.263
[GPU1] epochs: [78/100] train_acc: 0.638 train_loss_sup: 1.262
[GPU1] epochs: [79/100] train_acc: 0.638 train_loss_sup: 1.261
[GPU1] epochs: [80/100] train_acc: 0.635 train_loss_sup: 1.265
[GPU1] Test Accuracy at epoch: 80: 0.669
[GPU1] epochs: [81/100] train_acc: 0.638 train_loss_sup: 1.263
[GPU1] epochs: [82/100] train_acc: 0.637 train_loss_sup: 1.262
[GPU1] epochs: [83/100] train_acc: 0.638 train_loss_sup: 1.263
[GPU1] epochs: [84/100] train_acc: 0.637 train_loss_sup: 1.262
[GPU1] epochs: [85/100] train_acc: 0.636 train_loss_sup: 1.264
[GPU1] epochs: [86/100] train_acc: 0.637 train_loss_sup: 1.264
[GPU1] epochs: [87/100] train_acc: 0.637 train_loss_sup: 1.265
[GPU1] epochs: [88/100] train_acc: 0.641 train_loss_sup: 1.260
[GPU1] epochs: [89/100] train_acc: 0.637 train_loss_sup: 1.266
[GPU1] epochs: [90/100] train_acc: 0.637 train_loss_sup: 1.263
[GPU1] Test Accuracy at epoch: 90: 0.672
[GPU1] epochs: [91/100] train_acc: 0.639 train_loss_sup: 1.265
[GPU1] epochs: [92/100] train_acc: 0.640 train_loss_sup: 1.262
[GPU1] epochs: [93/100] train_acc: 0.638 train_loss_sup: 1.262
[GPU1] epochs: [94/100] train_acc: 0.638 train_loss_sup: 1.262
[GPU1] epochs: [95/100] train_acc: 0.638 train_loss_sup: 1.261
[GPU1] epochs: [96/100] train_acc: 0.638 train_loss_sup: 1.262
[GPU1] epochs: [97/100] train_acc: 0.638 train_loss_sup: 1.262
[GPU1] epochs: [98/100] train_acc: 0.638 train_loss_sup: 1.262
[GPU1] epochs: [99/100] train_acc: 0.638 train_loss_sup: 1.262
[GPU1] epochs: [100/100] train_acc: 0.640 train_loss_sup: 1.263
[GPU1] Final Test Accuracy: 0.672
LR: 1.000 | WD: 0.000100 | Cosine: True | test Acc: 0.674%
===> using linear mlp
Scheduler: <torch.optim.lr_scheduler.CosineAnnealingLR object at 0x7fd71f6d7a60>
MLP: MLP(
  (mlp): Linear(in_features=512, out_features=10, bias=True)
)
[GPU1] Test Accuracy at epoch: 0: 0.564
[GPU1] epochs: [1/100] train_acc: 0.397 train_loss_sup: 2.083
[GPU1] epochs: [2/100] train_acc: 0.553 train_loss_sup: 1.733
[GPU1] epochs: [3/100] train_acc: 0.579 train_loss_sup: 1.545
[GPU1] epochs: [4/100] train_acc: 0.596 train_loss_sup: 1.428
[GPU1] epochs: [5/100] train_acc: 0.600 train_loss_sup: 1.352
[GPU1] epochs: [6/100] train_acc: 0.611 train_loss_sup: 1.296
[GPU1] epochs: [7/100] train_acc: 0.615 train_loss_sup: 1.253
[GPU1] epochs: [8/100] train_acc: 0.620 train_loss_sup: 1.218
[GPU1] epochs: [9/100] train_acc: 0.624 train_loss_sup: 1.191
[GPU1] epochs: [10/100] train_acc: 0.628 train_loss_sup: 1.168
[GPU1] Test Accuracy at epoch: 10: 0.669
[GPU1] epochs: [11/100] train_acc: 0.632 train_loss_sup: 1.148
[GPU1] epochs: [12/100] train_acc: 0.633 train_loss_sup: 1.133
[GPU1] epochs: [13/100] train_acc: 0.636 train_loss_sup: 1.117
[GPU1] epochs: [14/100] train_acc: 0.638 train_loss_sup: 1.100
[GPU1] epochs: [15/100] train_acc: 0.640 train_loss_sup: 1.091
[GPU1] epochs: [16/100] train_acc: 0.644 train_loss_sup: 1.078
[GPU1] epochs: [17/100] train_acc: 0.645 train_loss_sup: 1.067
[GPU1] epochs: [18/100] train_acc: 0.645 train_loss_sup: 1.062
[GPU1] epochs: [19/100] train_acc: 0.651 train_loss_sup: 1.049
[GPU1] epochs: [20/100] train_acc: 0.648 train_loss_sup: 1.047
[GPU1] Test Accuracy at epoch: 20: 0.681
[GPU1] epochs: [21/100] train_acc: 0.651 train_loss_sup: 1.040
[GPU1] epochs: [22/100] train_acc: 0.651 train_loss_sup: 1.036
[GPU1] epochs: [23/100] train_acc: 0.656 train_loss_sup: 1.027
[GPU1] epochs: [24/100] train_acc: 0.655 train_loss_sup: 1.022
[GPU1] epochs: [25/100] train_acc: 0.657 train_loss_sup: 1.015
[GPU1] epochs: [26/100] train_acc: 0.659 train_loss_sup: 1.012
[GPU1] epochs: [27/100] train_acc: 0.658 train_loss_sup: 1.009
[GPU1] epochs: [28/100] train_acc: 0.657 train_loss_sup: 1.004
[GPU1] epochs: [29/100] train_acc: 0.661 train_loss_sup: 0.998
[GPU1] epochs: [30/100] train_acc: 0.664 train_loss_sup: 0.993
[GPU1] Test Accuracy at epoch: 30: 0.695
[GPU1] epochs: [31/100] train_acc: 0.662 train_loss_sup: 0.995
[GPU1] epochs: [32/100] train_acc: 0.663 train_loss_sup: 0.987
[GPU1] epochs: [33/100] train_acc: 0.665 train_loss_sup: 0.985
[GPU1] epochs: [34/100] train_acc: 0.664 train_loss_sup: 0.981
[GPU1] epochs: [35/100] train_acc: 0.665 train_loss_sup: 0.976
[GPU1] epochs: [36/100] train_acc: 0.667 train_loss_sup: 0.977
[GPU1] epochs: [37/100] train_acc: 0.667 train_loss_sup: 0.975
[GPU1] epochs: [38/100] train_acc: 0.667 train_loss_sup: 0.972
[GPU1] epochs: [39/100] train_acc: 0.669 train_loss_sup: 0.969
[GPU1] epochs: [40/100] train_acc: 0.668 train_loss_sup: 0.969
[GPU1] Test Accuracy at epoch: 40: 0.704
[GPU1] epochs: [41/100] train_acc: 0.669 train_loss_sup: 0.964
[GPU1] epochs: [42/100] train_acc: 0.673 train_loss_sup: 0.960
[GPU1] epochs: [43/100] train_acc: 0.671 train_loss_sup: 0.960
[GPU1] epochs: [44/100] train_acc: 0.671 train_loss_sup: 0.958
[GPU1] epochs: [45/100] train_acc: 0.674 train_loss_sup: 0.954
[GPU1] epochs: [46/100] train_acc: 0.672 train_loss_sup: 0.955
[GPU1] epochs: [47/100] train_acc: 0.672 train_loss_sup: 0.952
[GPU1] epochs: [48/100] train_acc: 0.676 train_loss_sup: 0.948
[GPU1] epochs: [49/100] train_acc: 0.672 train_loss_sup: 0.951
[GPU1] epochs: [50/100] train_acc: 0.675 train_loss_sup: 0.949
[GPU1] Test Accuracy at epoch: 50: 0.712
[GPU1] epochs: [51/100] train_acc: 0.674 train_loss_sup: 0.943
[GPU1] epochs: [52/100] train_acc: 0.674 train_loss_sup: 0.948
[GPU1] epochs: [53/100] train_acc: 0.674 train_loss_sup: 0.950
[GPU1] epochs: [54/100] train_acc: 0.674 train_loss_sup: 0.946
[GPU1] epochs: [55/100] train_acc: 0.677 train_loss_sup: 0.942
[GPU1] epochs: [56/100] train_acc: 0.677 train_loss_sup: 0.943
[GPU1] epochs: [57/100] train_acc: 0.676 train_loss_sup: 0.938
[GPU1] epochs: [58/100] train_acc: 0.675 train_loss_sup: 0.943
[GPU1] epochs: [59/100] train_acc: 0.678 train_loss_sup: 0.936
[GPU1] epochs: [60/100] train_acc: 0.677 train_loss_sup: 0.941
[GPU1] Test Accuracy at epoch: 60: 0.713
[GPU1] epochs: [61/100] train_acc: 0.679 train_loss_sup: 0.937
[GPU1] epochs: [62/100] train_acc: 0.676 train_loss_sup: 0.941
[GPU1] epochs: [63/100] train_acc: 0.679 train_loss_sup: 0.938
[GPU1] epochs: [64/100] train_acc: 0.677 train_loss_sup: 0.936
[GPU1] epochs: [65/100] train_acc: 0.679 train_loss_sup: 0.933
[GPU1] epochs: [66/100] train_acc: 0.677 train_loss_sup: 0.935
[GPU1] epochs: [67/100] train_acc: 0.678 train_loss_sup: 0.936
[GPU1] epochs: [68/100] train_acc: 0.677 train_loss_sup: 0.936
[GPU1] epochs: [69/100] train_acc: 0.676 train_loss_sup: 0.936
[GPU1] epochs: [70/100] train_acc: 0.679 train_loss_sup: 0.931
[GPU1] Test Accuracy at epoch: 70: 0.716
[GPU1] epochs: [71/100] train_acc: 0.678 train_loss_sup: 0.933
[GPU1] epochs: [72/100] train_acc: 0.679 train_loss_sup: 0.932
[GPU1] epochs: [73/100] train_acc: 0.679 train_loss_sup: 0.930
[GPU1] epochs: [74/100] train_acc: 0.679 train_loss_sup: 0.932
[GPU1] epochs: [75/100] train_acc: 0.678 train_loss_sup: 0.930
[GPU1] epochs: [76/100] train_acc: 0.677 train_loss_sup: 0.931
[GPU1] epochs: [77/100] train_acc: 0.682 train_loss_sup: 0.929
[GPU1] epochs: [78/100] train_acc: 0.677 train_loss_sup: 0.934
[GPU1] epochs: [79/100] train_acc: 0.680 train_loss_sup: 0.928
[GPU1] epochs: [80/100] train_acc: 0.678 train_loss_sup: 0.927
[GPU1] Test Accuracy at epoch: 80: 0.715
[GPU1] epochs: [81/100] train_acc: 0.678 train_loss_sup: 0.930
[GPU1] epochs: [82/100] train_acc: 0.680 train_loss_sup: 0.925
[GPU1] epochs: [83/100] train_acc: 0.679 train_loss_sup: 0.931
[GPU1] epochs: [84/100] train_acc: 0.680 train_loss_sup: 0.928
[GPU1] epochs: [85/100] train_acc: 0.680 train_loss_sup: 0.932
[GPU1] epochs: [86/100] train_acc: 0.678 train_loss_sup: 0.933
[GPU1] epochs: [87/100] train_acc: 0.679 train_loss_sup: 0.928
[GPU1] epochs: [88/100] train_acc: 0.680 train_loss_sup: 0.927
[GPU1] epochs: [89/100] train_acc: 0.680 train_loss_sup: 0.924
[GPU1] epochs: [90/100] train_acc: 0.680 train_loss_sup: 0.927
[GPU1] Test Accuracy at epoch: 90: 0.715
[GPU1] epochs: [91/100] train_acc: 0.680 train_loss_sup: 0.929
[GPU1] epochs: [92/100] train_acc: 0.681 train_loss_sup: 0.928
[GPU1] epochs: [93/100] train_acc: 0.679 train_loss_sup: 0.929
[GPU1] epochs: [94/100] train_acc: 0.679 train_loss_sup: 0.929
[GPU1] epochs: [95/100] train_acc: 0.679 train_loss_sup: 0.927
[GPU1] epochs: [96/100] train_acc: 0.678 train_loss_sup: 0.933
[GPU1] epochs: [97/100] train_acc: 0.679 train_loss_sup: 0.926
[GPU1] epochs: [98/100] train_acc: 0.679 train_loss_sup: 0.929
[GPU1] epochs: [99/100] train_acc: 0.678 train_loss_sup: 0.929
[GPU1] epochs: [100/100] train_acc: 0.678 train_loss_sup: 0.930
[GPU1] Final Test Accuracy: 0.715
LR: 1.000 | WD: 0.000000 | Cosine: True | test Acc: 0.716%
------------------------------
Best Test Accuracy: 0.736%
Optimal Hyperparameters: LR=1.0, WD=0.0, Cosine=0
knn evalution
logistic regression evalution
clustering metrics evalution
knn_acc: 0.699
lreg_acc: 0.759
ari: 0.229
nmi: 0.348
ss: 0.042
dbs: 4.063
