Namespace(dataset='cifar10', saved_path='saved_models/simsiam.en.timg.r18.pth', gpu=0, model='resnet18', verbose=False, epochs=100, eval_every=10, knn=True, lreg=True, linprobe=True, tsne=False, umap=False, cmet=True)
<All keys matched successfully>
Starting Hyperparameter Sweep on 0...
===> using linear mlp
Scheduler: None
MLP: MLP(
  (mlp): Linear(in_features=512, out_features=10, bias=True)
)
[GPU0] Test Accuracy at epoch: 0: 0.135
[GPU0] epochs: [1/100] train_acc: 0.145 train_loss_sup: 2.295
[GPU0] epochs: [2/100] train_acc: 0.268 train_loss_sup: 2.276
[GPU0] epochs: [3/100] train_acc: 0.337 train_loss_sup: 2.258
[GPU0] epochs: [4/100] train_acc: 0.392 train_loss_sup: 2.240
[GPU0] epochs: [5/100] train_acc: 0.419 train_loss_sup: 2.222
[GPU0] epochs: [6/100] train_acc: 0.424 train_loss_sup: 2.206
[GPU0] epochs: [7/100] train_acc: 0.414 train_loss_sup: 2.189
[GPU0] epochs: [8/100] train_acc: 0.435 train_loss_sup: 2.173
[GPU0] epochs: [9/100] train_acc: 0.441 train_loss_sup: 2.158
[GPU0] epochs: [10/100] train_acc: 0.446 train_loss_sup: 2.142
[GPU0] Test Accuracy at epoch: 10: 0.255
[GPU0] epochs: [11/100] train_acc: 0.451 train_loss_sup: 2.127
[GPU0] epochs: [12/100] train_acc: 0.449 train_loss_sup: 2.114
[GPU0] epochs: [13/100] train_acc: 0.451 train_loss_sup: 2.101
[GPU0] epochs: [14/100] train_acc: 0.454 train_loss_sup: 2.086
[GPU0] epochs: [15/100] train_acc: 0.460 train_loss_sup: 2.073
[GPU0] epochs: [16/100] train_acc: 0.459 train_loss_sup: 2.062
[GPU0] epochs: [17/100] train_acc: 0.462 train_loss_sup: 2.048
[GPU0] epochs: [18/100] train_acc: 0.465 train_loss_sup: 2.037
[GPU0] epochs: [19/100] train_acc: 0.466 train_loss_sup: 2.024
[GPU0] epochs: [20/100] train_acc: 0.463 train_loss_sup: 2.014
[GPU0] Test Accuracy at epoch: 20: 0.284
[GPU0] epochs: [21/100] train_acc: 0.471 train_loss_sup: 2.001
[GPU0] epochs: [22/100] train_acc: 0.470 train_loss_sup: 1.991
[GPU0] epochs: [23/100] train_acc: 0.471 train_loss_sup: 1.980
[GPU0] epochs: [24/100] train_acc: 0.470 train_loss_sup: 1.971
[GPU0] epochs: [25/100] train_acc: 0.474 train_loss_sup: 1.961
[GPU0] epochs: [26/100] train_acc: 0.476 train_loss_sup: 1.950
[GPU0] epochs: [27/100] train_acc: 0.474 train_loss_sup: 1.943
[GPU0] epochs: [28/100] train_acc: 0.473 train_loss_sup: 1.932
[GPU0] epochs: [29/100] train_acc: 0.475 train_loss_sup: 1.923
[GPU0] epochs: [30/100] train_acc: 0.478 train_loss_sup: 1.914
[GPU0] Test Accuracy at epoch: 30: 0.295
[GPU0] epochs: [31/100] train_acc: 0.480 train_loss_sup: 1.906
[GPU0] epochs: [32/100] train_acc: 0.476 train_loss_sup: 1.898
[GPU0] epochs: [33/100] train_acc: 0.479 train_loss_sup: 1.890
[GPU0] epochs: [34/100] train_acc: 0.480 train_loss_sup: 1.881
[GPU0] epochs: [35/100] train_acc: 0.485 train_loss_sup: 1.874
[GPU0] epochs: [36/100] train_acc: 0.483 train_loss_sup: 1.867
[GPU0] epochs: [37/100] train_acc: 0.482 train_loss_sup: 1.857
[GPU0] epochs: [38/100] train_acc: 0.485 train_loss_sup: 1.851
[GPU0] epochs: [39/100] train_acc: 0.487 train_loss_sup: 1.844
[GPU0] epochs: [40/100] train_acc: 0.489 train_loss_sup: 1.837
[GPU0] Test Accuracy at epoch: 40: 0.309
[GPU0] epochs: [41/100] train_acc: 0.488 train_loss_sup: 1.830
[GPU0] epochs: [42/100] train_acc: 0.489 train_loss_sup: 1.824
[GPU0] epochs: [43/100] train_acc: 0.489 train_loss_sup: 1.818
[GPU0] epochs: [44/100] train_acc: 0.489 train_loss_sup: 1.809
[GPU0] epochs: [45/100] train_acc: 0.489 train_loss_sup: 1.804
[GPU0] epochs: [46/100] train_acc: 0.491 train_loss_sup: 1.798
[GPU0] epochs: [47/100] train_acc: 0.492 train_loss_sup: 1.793
[GPU0] epochs: [48/100] train_acc: 0.490 train_loss_sup: 1.788
[GPU0] epochs: [49/100] train_acc: 0.493 train_loss_sup: 1.781
[GPU0] epochs: [50/100] train_acc: 0.495 train_loss_sup: 1.776
[GPU0] Test Accuracy at epoch: 50: 0.32
[GPU0] epochs: [51/100] train_acc: 0.495 train_loss_sup: 1.768
[GPU0] epochs: [52/100] train_acc: 0.493 train_loss_sup: 1.762
[GPU0] epochs: [53/100] train_acc: 0.495 train_loss_sup: 1.757
[GPU0] epochs: [54/100] train_acc: 0.498 train_loss_sup: 1.754
[GPU0] epochs: [55/100] train_acc: 0.496 train_loss_sup: 1.750
[GPU0] epochs: [56/100] train_acc: 0.496 train_loss_sup: 1.744
[GPU0] epochs: [57/100] train_acc: 0.497 train_loss_sup: 1.737
[GPU0] epochs: [58/100] train_acc: 0.496 train_loss_sup: 1.735
[GPU0] epochs: [59/100] train_acc: 0.497 train_loss_sup: 1.730
[GPU0] epochs: [60/100] train_acc: 0.497 train_loss_sup: 1.725
[GPU0] Test Accuracy at epoch: 60: 0.336
[GPU0] epochs: [61/100] train_acc: 0.499 train_loss_sup: 1.721
[GPU0] epochs: [62/100] train_acc: 0.501 train_loss_sup: 1.715
[GPU0] epochs: [63/100] train_acc: 0.502 train_loss_sup: 1.712
[GPU0] epochs: [64/100] train_acc: 0.504 train_loss_sup: 1.707
[GPU0] epochs: [65/100] train_acc: 0.500 train_loss_sup: 1.705
[GPU0] epochs: [66/100] train_acc: 0.501 train_loss_sup: 1.699
[GPU0] epochs: [67/100] train_acc: 0.501 train_loss_sup: 1.694
[GPU0] epochs: [68/100] train_acc: 0.506 train_loss_sup: 1.690
[GPU0] epochs: [69/100] train_acc: 0.503 train_loss_sup: 1.688
[GPU0] epochs: [70/100] train_acc: 0.505 train_loss_sup: 1.684
[GPU0] Test Accuracy at epoch: 70: 0.351
[GPU0] epochs: [71/100] train_acc: 0.504 train_loss_sup: 1.679
[GPU0] epochs: [72/100] train_acc: 0.506 train_loss_sup: 1.675
[GPU0] epochs: [73/100] train_acc: 0.506 train_loss_sup: 1.672
[GPU0] epochs: [74/100] train_acc: 0.506 train_loss_sup: 1.669
[GPU0] epochs: [75/100] train_acc: 0.504 train_loss_sup: 1.666
[GPU0] epochs: [76/100] train_acc: 0.506 train_loss_sup: 1.661
[GPU0] epochs: [77/100] train_acc: 0.509 train_loss_sup: 1.659
[GPU0] epochs: [78/100] train_acc: 0.506 train_loss_sup: 1.654
[GPU0] epochs: [79/100] train_acc: 0.508 train_loss_sup: 1.651
[GPU0] epochs: [80/100] train_acc: 0.509 train_loss_sup: 1.646
[GPU0] Test Accuracy at epoch: 80: 0.36
[GPU0] epochs: [81/100] train_acc: 0.508 train_loss_sup: 1.647
[GPU0] epochs: [82/100] train_acc: 0.507 train_loss_sup: 1.643
[GPU0] epochs: [83/100] train_acc: 0.510 train_loss_sup: 1.639
[GPU0] epochs: [84/100] train_acc: 0.511 train_loss_sup: 1.635
[GPU0] epochs: [85/100] train_acc: 0.512 train_loss_sup: 1.632
[GPU0] epochs: [86/100] train_acc: 0.515 train_loss_sup: 1.626
[GPU0] epochs: [87/100] train_acc: 0.512 train_loss_sup: 1.624
[GPU0] epochs: [88/100] train_acc: 0.510 train_loss_sup: 1.624
[GPU0] epochs: [89/100] train_acc: 0.510 train_loss_sup: 1.622
[GPU0] epochs: [90/100] train_acc: 0.511 train_loss_sup: 1.619
[GPU0] Test Accuracy at epoch: 90: 0.352
[GPU0] epochs: [91/100] train_acc: 0.513 train_loss_sup: 1.614
[GPU0] epochs: [92/100] train_acc: 0.512 train_loss_sup: 1.614
[GPU0] epochs: [93/100] train_acc: 0.516 train_loss_sup: 1.606
[GPU0] epochs: [94/100] train_acc: 0.515 train_loss_sup: 1.604
[GPU0] epochs: [95/100] train_acc: 0.514 train_loss_sup: 1.604
[GPU0] epochs: [96/100] train_acc: 0.516 train_loss_sup: 1.601
[GPU0] epochs: [97/100] train_acc: 0.515 train_loss_sup: 1.596
[GPU0] epochs: [98/100] train_acc: 0.517 train_loss_sup: 1.597
[GPU0] epochs: [99/100] train_acc: 0.516 train_loss_sup: 1.593
[GPU0] epochs: [100/100] train_acc: 0.517 train_loss_sup: 1.590
[GPU0] Final Test Accuracy: 0.37
LR: 0.100 | WD: 0.000001 | Cosine: False | test Acc: 0.370%
===> using linear mlp
Scheduler: None
MLP: MLP(
  (mlp): Linear(in_features=512, out_features=10, bias=True)
)
[GPU0] Test Accuracy at epoch: 0: 0.159
[GPU0] epochs: [1/100] train_acc: 0.172 train_loss_sup: 2.295
[GPU0] epochs: [2/100] train_acc: 0.266 train_loss_sup: 2.276
[GPU0] epochs: [3/100] train_acc: 0.345 train_loss_sup: 2.258
[GPU0] epochs: [4/100] train_acc: 0.357 train_loss_sup: 2.241
[GPU0] epochs: [5/100] train_acc: 0.377 train_loss_sup: 2.224
[GPU0] epochs: [6/100] train_acc: 0.418 train_loss_sup: 2.207
[GPU0] epochs: [7/100] train_acc: 0.423 train_loss_sup: 2.192
[GPU0] epochs: [8/100] train_acc: 0.440 train_loss_sup: 2.177
[GPU0] epochs: [9/100] train_acc: 0.434 train_loss_sup: 2.163
[GPU0] epochs: [10/100] train_acc: 0.447 train_loss_sup: 2.149
[GPU0] Test Accuracy at epoch: 10: 0.262
[GPU0] epochs: [11/100] train_acc: 0.451 train_loss_sup: 2.135
[GPU0] epochs: [12/100] train_acc: 0.453 train_loss_sup: 2.122
[GPU0] epochs: [13/100] train_acc: 0.440 train_loss_sup: 2.110
[GPU0] epochs: [14/100] train_acc: 0.451 train_loss_sup: 2.098
[GPU0] epochs: [15/100] train_acc: 0.460 train_loss_sup: 2.087
[GPU0] epochs: [16/100] train_acc: 0.454 train_loss_sup: 2.075
[GPU0] epochs: [17/100] train_acc: 0.460 train_loss_sup: 2.064
[GPU0] epochs: [18/100] train_acc: 0.465 train_loss_sup: 2.054
[GPU0] epochs: [19/100] train_acc: 0.462 train_loss_sup: 2.044
[GPU0] epochs: [20/100] train_acc: 0.463 train_loss_sup: 2.035
[GPU0] Test Accuracy at epoch: 20: 0.26
[GPU0] epochs: [21/100] train_acc: 0.465 train_loss_sup: 2.026
[GPU0] epochs: [22/100] train_acc: 0.465 train_loss_sup: 2.015
[GPU0] epochs: [23/100] train_acc: 0.467 train_loss_sup: 2.007
[GPU0] epochs: [24/100] train_acc: 0.467 train_loss_sup: 1.998
[GPU0] epochs: [25/100] train_acc: 0.469 train_loss_sup: 1.992
[GPU0] epochs: [26/100] train_acc: 0.473 train_loss_sup: 1.983
[GPU0] epochs: [27/100] train_acc: 0.466 train_loss_sup: 1.976
[GPU0] epochs: [28/100] train_acc: 0.470 train_loss_sup: 1.967
[GPU0] epochs: [29/100] train_acc: 0.476 train_loss_sup: 1.961
[GPU0] epochs: [30/100] train_acc: 0.477 train_loss_sup: 1.954
[GPU0] Test Accuracy at epoch: 30: 0.3
[GPU0] epochs: [31/100] train_acc: 0.472 train_loss_sup: 1.947
[GPU0] epochs: [32/100] train_acc: 0.477 train_loss_sup: 1.941
[GPU0] epochs: [33/100] train_acc: 0.474 train_loss_sup: 1.934
[GPU0] epochs: [34/100] train_acc: 0.480 train_loss_sup: 1.926
[GPU0] epochs: [35/100] train_acc: 0.477 train_loss_sup: 1.921
[GPU0] epochs: [36/100] train_acc: 0.479 train_loss_sup: 1.915
[GPU0] epochs: [37/100] train_acc: 0.479 train_loss_sup: 1.911
[GPU0] epochs: [38/100] train_acc: 0.482 train_loss_sup: 1.904
[GPU0] epochs: [39/100] train_acc: 0.481 train_loss_sup: 1.900
[GPU0] epochs: [40/100] train_acc: 0.484 train_loss_sup: 1.893
[GPU0] Test Accuracy at epoch: 40: 0.287
[GPU0] epochs: [41/100] train_acc: 0.483 train_loss_sup: 1.889
[GPU0] epochs: [42/100] train_acc: 0.482 train_loss_sup: 1.882
[GPU0] epochs: [43/100] train_acc: 0.483 train_loss_sup: 1.880
[GPU0] epochs: [44/100] train_acc: 0.484 train_loss_sup: 1.874
[GPU0] epochs: [45/100] train_acc: 0.483 train_loss_sup: 1.873
[GPU0] epochs: [46/100] train_acc: 0.488 train_loss_sup: 1.864
[GPU0] epochs: [47/100] train_acc: 0.487 train_loss_sup: 1.862
[GPU0] epochs: [48/100] train_acc: 0.488 train_loss_sup: 1.857
[GPU0] epochs: [49/100] train_acc: 0.488 train_loss_sup: 1.853
[GPU0] epochs: [50/100] train_acc: 0.489 train_loss_sup: 1.849
[GPU0] Test Accuracy at epoch: 50: 0.313
[GPU0] epochs: [51/100] train_acc: 0.488 train_loss_sup: 1.845
[GPU0] epochs: [52/100] train_acc: 0.491 train_loss_sup: 1.843
[GPU0] epochs: [53/100] train_acc: 0.489 train_loss_sup: 1.837
[GPU0] epochs: [54/100] train_acc: 0.490 train_loss_sup: 1.834
[GPU0] epochs: [55/100] train_acc: 0.492 train_loss_sup: 1.832
[GPU0] epochs: [56/100] train_acc: 0.493 train_loss_sup: 1.827
[GPU0] epochs: [57/100] train_acc: 0.491 train_loss_sup: 1.824
[GPU0] epochs: [58/100] train_acc: 0.492 train_loss_sup: 1.820
[GPU0] epochs: [59/100] train_acc: 0.494 train_loss_sup: 1.819
[GPU0] epochs: [60/100] train_acc: 0.493 train_loss_sup: 1.814
[GPU0] Test Accuracy at epoch: 60: 0.336
[GPU0] epochs: [61/100] train_acc: 0.494 train_loss_sup: 1.812
[GPU0] epochs: [62/100] train_acc: 0.494 train_loss_sup: 1.808
[GPU0] epochs: [63/100] train_acc: 0.494 train_loss_sup: 1.806
[GPU0] epochs: [64/100] train_acc: 0.495 train_loss_sup: 1.805
[GPU0] epochs: [65/100] train_acc: 0.497 train_loss_sup: 1.801
[GPU0] epochs: [66/100] train_acc: 0.496 train_loss_sup: 1.798
[GPU0] epochs: [67/100] train_acc: 0.495 train_loss_sup: 1.796
[GPU0] epochs: [68/100] train_acc: 0.498 train_loss_sup: 1.792
[GPU0] epochs: [69/100] train_acc: 0.498 train_loss_sup: 1.791
[GPU0] epochs: [70/100] train_acc: 0.496 train_loss_sup: 1.789
[GPU0] Test Accuracy at epoch: 70: 0.336
[GPU0] epochs: [71/100] train_acc: 0.501 train_loss_sup: 1.786
[GPU0] epochs: [72/100] train_acc: 0.498 train_loss_sup: 1.784
[GPU0] epochs: [73/100] train_acc: 0.498 train_loss_sup: 1.782
[GPU0] epochs: [74/100] train_acc: 0.498 train_loss_sup: 1.780
[GPU0] epochs: [75/100] train_acc: 0.499 train_loss_sup: 1.776
[GPU0] epochs: [76/100] train_acc: 0.500 train_loss_sup: 1.774
[GPU0] epochs: [77/100] train_acc: 0.501 train_loss_sup: 1.773
[GPU0] epochs: [78/100] train_acc: 0.498 train_loss_sup: 1.772
[GPU0] epochs: [79/100] train_acc: 0.496 train_loss_sup: 1.771
[GPU0] epochs: [80/100] train_acc: 0.503 train_loss_sup: 1.768
[GPU0] Test Accuracy at epoch: 80: 0.328
[GPU0] epochs: [81/100] train_acc: 0.499 train_loss_sup: 1.767
[GPU0] epochs: [82/100] train_acc: 0.502 train_loss_sup: 1.765
[GPU0] epochs: [83/100] train_acc: 0.502 train_loss_sup: 1.763
[GPU0] epochs: [84/100] train_acc: 0.502 train_loss_sup: 1.761
[GPU0] epochs: [85/100] train_acc: 0.503 train_loss_sup: 1.759
[GPU0] epochs: [86/100] train_acc: 0.501 train_loss_sup: 1.757
[GPU0] epochs: [87/100] train_acc: 0.505 train_loss_sup: 1.756
[GPU0] epochs: [88/100] train_acc: 0.506 train_loss_sup: 1.754
[GPU0] epochs: [89/100] train_acc: 0.501 train_loss_sup: 1.753
[GPU0] epochs: [90/100] train_acc: 0.504 train_loss_sup: 1.749
[GPU0] Test Accuracy at epoch: 90: 0.345
[GPU0] epochs: [91/100] train_acc: 0.503 train_loss_sup: 1.748
[GPU0] epochs: [92/100] train_acc: 0.504 train_loss_sup: 1.749
[GPU0] epochs: [93/100] train_acc: 0.505 train_loss_sup: 1.747
[GPU0] epochs: [94/100] train_acc: 0.506 train_loss_sup: 1.744
[GPU0] epochs: [95/100] train_acc: 0.506 train_loss_sup: 1.745
[GPU0] epochs: [96/100] train_acc: 0.504 train_loss_sup: 1.741
[GPU0] epochs: [97/100] train_acc: 0.506 train_loss_sup: 1.742
[GPU0] epochs: [98/100] train_acc: 0.508 train_loss_sup: 1.740
[GPU0] epochs: [99/100] train_acc: 0.506 train_loss_sup: 1.739
[GPU0] epochs: [100/100] train_acc: 0.508 train_loss_sup: 1.735
[GPU0] Final Test Accuracy: 0.348
LR: 0.100 | WD: 0.000100 | Cosine: False | test Acc: 0.348%
===> using linear mlp
Scheduler: None
MLP: MLP(
  (mlp): Linear(in_features=512, out_features=10, bias=True)
)
[GPU0] Test Accuracy at epoch: 0: 0.195
[GPU0] epochs: [1/100] train_acc: 0.160 train_loss_sup: 2.295
[GPU0] epochs: [2/100] train_acc: 0.273 train_loss_sup: 2.276
[GPU0] epochs: [3/100] train_acc: 0.337 train_loss_sup: 2.258
[GPU0] epochs: [4/100] train_acc: 0.375 train_loss_sup: 2.240
[GPU0] epochs: [5/100] train_acc: 0.405 train_loss_sup: 2.222
[GPU0] epochs: [6/100] train_acc: 0.390 train_loss_sup: 2.205
[GPU0] epochs: [7/100] train_acc: 0.414 train_loss_sup: 2.189
[GPU0] epochs: [8/100] train_acc: 0.425 train_loss_sup: 2.173
[GPU0] epochs: [9/100] train_acc: 0.438 train_loss_sup: 2.158
[GPU0] epochs: [10/100] train_acc: 0.442 train_loss_sup: 2.142
[GPU0] Test Accuracy at epoch: 10: 0.244
[GPU0] epochs: [11/100] train_acc: 0.451 train_loss_sup: 2.128
[GPU0] epochs: [12/100] train_acc: 0.450 train_loss_sup: 2.113
[GPU0] epochs: [13/100] train_acc: 0.455 train_loss_sup: 2.099
[GPU0] epochs: [14/100] train_acc: 0.458 train_loss_sup: 2.086
[GPU0] epochs: [15/100] train_acc: 0.455 train_loss_sup: 2.074
[GPU0] epochs: [16/100] train_acc: 0.462 train_loss_sup: 2.060
[GPU0] epochs: [17/100] train_acc: 0.463 train_loss_sup: 2.047
[GPU0] epochs: [18/100] train_acc: 0.463 train_loss_sup: 2.036
[GPU0] epochs: [19/100] train_acc: 0.464 train_loss_sup: 2.024
[GPU0] epochs: [20/100] train_acc: 0.469 train_loss_sup: 2.012
[GPU0] Test Accuracy at epoch: 20: 0.29
[GPU0] epochs: [21/100] train_acc: 0.471 train_loss_sup: 2.001
[GPU0] epochs: [22/100] train_acc: 0.469 train_loss_sup: 1.990
[GPU0] epochs: [23/100] train_acc: 0.471 train_loss_sup: 1.981
[GPU0] epochs: [24/100] train_acc: 0.470 train_loss_sup: 1.969
[GPU0] epochs: [25/100] train_acc: 0.471 train_loss_sup: 1.960
[GPU0] epochs: [26/100] train_acc: 0.470 train_loss_sup: 1.950
[GPU0] epochs: [27/100] train_acc: 0.473 train_loss_sup: 1.941
[GPU0] epochs: [28/100] train_acc: 0.475 train_loss_sup: 1.931
[GPU0] epochs: [29/100] train_acc: 0.474 train_loss_sup: 1.923
[GPU0] epochs: [30/100] train_acc: 0.477 train_loss_sup: 1.913
[GPU0] Test Accuracy at epoch: 30: 0.297
[GPU0] epochs: [31/100] train_acc: 0.478 train_loss_sup: 1.906
[GPU0] epochs: [32/100] train_acc: 0.479 train_loss_sup: 1.895
[GPU0] epochs: [33/100] train_acc: 0.479 train_loss_sup: 1.889
[GPU0] epochs: [34/100] train_acc: 0.479 train_loss_sup: 1.880
[GPU0] epochs: [35/100] train_acc: 0.479 train_loss_sup: 1.872
[GPU0] epochs: [36/100] train_acc: 0.479 train_loss_sup: 1.865
[GPU0] epochs: [37/100] train_acc: 0.482 train_loss_sup: 1.857
[GPU0] epochs: [38/100] train_acc: 0.485 train_loss_sup: 1.850
[GPU0] epochs: [39/100] train_acc: 0.484 train_loss_sup: 1.844
[GPU0] epochs: [40/100] train_acc: 0.484 train_loss_sup: 1.837
[GPU0] Test Accuracy at epoch: 40: 0.308
[GPU0] epochs: [41/100] train_acc: 0.487 train_loss_sup: 1.829
[GPU0] epochs: [42/100] train_acc: 0.487 train_loss_sup: 1.823
[GPU0] epochs: [43/100] train_acc: 0.487 train_loss_sup: 1.817
[GPU0] epochs: [44/100] train_acc: 0.490 train_loss_sup: 1.809
[GPU0] epochs: [45/100] train_acc: 0.490 train_loss_sup: 1.803
[GPU0] epochs: [46/100] train_acc: 0.491 train_loss_sup: 1.797
[GPU0] epochs: [47/100] train_acc: 0.493 train_loss_sup: 1.791
[GPU0] epochs: [48/100] train_acc: 0.492 train_loss_sup: 1.785
[GPU0] epochs: [49/100] train_acc: 0.493 train_loss_sup: 1.782
[GPU0] epochs: [50/100] train_acc: 0.491 train_loss_sup: 1.775
[GPU0] Test Accuracy at epoch: 50: 0.317
[GPU0] epochs: [51/100] train_acc: 0.493 train_loss_sup: 1.767
[GPU0] epochs: [52/100] train_acc: 0.494 train_loss_sup: 1.764
[GPU0] epochs: [53/100] train_acc: 0.493 train_loss_sup: 1.759
[GPU0] epochs: [54/100] train_acc: 0.498 train_loss_sup: 1.754
[GPU0] epochs: [55/100] train_acc: 0.498 train_loss_sup: 1.747
[GPU0] epochs: [56/100] train_acc: 0.496 train_loss_sup: 1.742
[GPU0] epochs: [57/100] train_acc: 0.498 train_loss_sup: 1.736
[GPU0] epochs: [58/100] train_acc: 0.499 train_loss_sup: 1.733
[GPU0] epochs: [59/100] train_acc: 0.497 train_loss_sup: 1.728
[GPU0] epochs: [60/100] train_acc: 0.500 train_loss_sup: 1.723
[GPU0] Test Accuracy at epoch: 60: 0.334
[GPU0] epochs: [61/100] train_acc: 0.502 train_loss_sup: 1.718
[GPU0] epochs: [62/100] train_acc: 0.499 train_loss_sup: 1.716
[GPU0] epochs: [63/100] train_acc: 0.501 train_loss_sup: 1.709
[GPU0] epochs: [64/100] train_acc: 0.500 train_loss_sup: 1.706
[GPU0] epochs: [65/100] train_acc: 0.498 train_loss_sup: 1.707
[GPU0] epochs: [66/100] train_acc: 0.502 train_loss_sup: 1.697
[GPU0] epochs: [67/100] train_acc: 0.504 train_loss_sup: 1.691
[GPU0] epochs: [68/100] train_acc: 0.505 train_loss_sup: 1.689
[GPU0] epochs: [69/100] train_acc: 0.502 train_loss_sup: 1.687
[GPU0] epochs: [70/100] train_acc: 0.505 train_loss_sup: 1.681
[GPU0] Test Accuracy at epoch: 70: 0.339
[GPU0] epochs: [71/100] train_acc: 0.505 train_loss_sup: 1.680
[GPU0] epochs: [72/100] train_acc: 0.508 train_loss_sup: 1.674
[GPU0] epochs: [73/100] train_acc: 0.506 train_loss_sup: 1.671
[GPU0] epochs: [74/100] train_acc: 0.504 train_loss_sup: 1.669
[GPU0] epochs: [75/100] train_acc: 0.507 train_loss_sup: 1.662
[GPU0] epochs: [76/100] train_acc: 0.508 train_loss_sup: 1.661
[GPU0] epochs: [77/100] train_acc: 0.506 train_loss_sup: 1.657
[GPU0] epochs: [78/100] train_acc: 0.511 train_loss_sup: 1.652
[GPU0] epochs: [79/100] train_acc: 0.508 train_loss_sup: 1.649
[GPU0] epochs: [80/100] train_acc: 0.508 train_loss_sup: 1.645
[GPU0] Test Accuracy at epoch: 80: 0.359
[GPU0] epochs: [81/100] train_acc: 0.509 train_loss_sup: 1.645
[GPU0] epochs: [82/100] train_acc: 0.510 train_loss_sup: 1.641
[GPU0] epochs: [83/100] train_acc: 0.509 train_loss_sup: 1.638
[GPU0] epochs: [84/100] train_acc: 0.510 train_loss_sup: 1.634
[GPU0] epochs: [85/100] train_acc: 0.511 train_loss_sup: 1.629
[GPU0] epochs: [86/100] train_acc: 0.512 train_loss_sup: 1.627
[GPU0] epochs: [87/100] train_acc: 0.512 train_loss_sup: 1.625
[GPU0] epochs: [88/100] train_acc: 0.513 train_loss_sup: 1.623
[GPU0] epochs: [89/100] train_acc: 0.512 train_loss_sup: 1.617
[GPU0] epochs: [90/100] train_acc: 0.514 train_loss_sup: 1.615
[GPU0] Test Accuracy at epoch: 90: 0.361
[GPU0] epochs: [91/100] train_acc: 0.511 train_loss_sup: 1.613
[GPU0] epochs: [92/100] train_acc: 0.515 train_loss_sup: 1.609
[GPU0] epochs: [93/100] train_acc: 0.514 train_loss_sup: 1.610
[GPU0] epochs: [94/100] train_acc: 0.515 train_loss_sup: 1.603
[GPU0] epochs: [95/100] train_acc: 0.516 train_loss_sup: 1.603
[GPU0] epochs: [96/100] train_acc: 0.514 train_loss_sup: 1.602
[GPU0] epochs: [97/100] train_acc: 0.516 train_loss_sup: 1.597
[GPU0] epochs: [98/100] train_acc: 0.515 train_loss_sup: 1.596
[GPU0] epochs: [99/100] train_acc: 0.515 train_loss_sup: 1.593
[GPU0] epochs: [100/100] train_acc: 0.515 train_loss_sup: 1.590
[GPU0] Final Test Accuracy: 0.361
LR: 0.100 | WD: 0.000000 | Cosine: False | test Acc: 0.361%
===> using linear mlp
Scheduler: None
MLP: MLP(
  (mlp): Linear(in_features=512, out_features=10, bias=True)
)
[GPU0] Test Accuracy at epoch: 0: 0.269
[GPU0] epochs: [1/100] train_acc: 0.220 train_loss_sup: 2.233
[GPU0] epochs: [2/100] train_acc: 0.399 train_loss_sup: 2.082
[GPU0] epochs: [3/100] train_acc: 0.438 train_loss_sup: 1.966
[GPU0] epochs: [4/100] train_acc: 0.460 train_loss_sup: 1.877
[GPU0] epochs: [5/100] train_acc: 0.474 train_loss_sup: 1.809
[GPU0] epochs: [6/100] train_acc: 0.483 train_loss_sup: 1.751
[GPU0] epochs: [7/100] train_acc: 0.487 train_loss_sup: 1.708
[GPU0] epochs: [8/100] train_acc: 0.497 train_loss_sup: 1.667
[GPU0] epochs: [9/100] train_acc: 0.503 train_loss_sup: 1.634
[GPU0] epochs: [10/100] train_acc: 0.508 train_loss_sup: 1.605
[GPU0] Test Accuracy at epoch: 10: 0.359
[GPU0] epochs: [11/100] train_acc: 0.513 train_loss_sup: 1.580
[GPU0] epochs: [12/100] train_acc: 0.514 train_loss_sup: 1.561
[GPU0] epochs: [13/100] train_acc: 0.517 train_loss_sup: 1.541
[GPU0] epochs: [14/100] train_acc: 0.522 train_loss_sup: 1.523
[GPU0] epochs: [15/100] train_acc: 0.525 train_loss_sup: 1.510
[GPU0] epochs: [16/100] train_acc: 0.527 train_loss_sup: 1.494
[GPU0] epochs: [17/100] train_acc: 0.532 train_loss_sup: 1.479
[GPU0] epochs: [18/100] train_acc: 0.533 train_loss_sup: 1.467
[GPU0] epochs: [19/100] train_acc: 0.537 train_loss_sup: 1.456
[GPU0] epochs: [20/100] train_acc: 0.536 train_loss_sup: 1.449
[GPU0] Test Accuracy at epoch: 20: 0.445
[GPU0] epochs: [21/100] train_acc: 0.538 train_loss_sup: 1.437
[GPU0] epochs: [22/100] train_acc: 0.543 train_loss_sup: 1.427
[GPU0] epochs: [23/100] train_acc: 0.547 train_loss_sup: 1.413
[GPU0] epochs: [24/100] train_acc: 0.545 train_loss_sup: 1.412
[GPU0] epochs: [25/100] train_acc: 0.546 train_loss_sup: 1.402
[GPU0] epochs: [26/100] train_acc: 0.549 train_loss_sup: 1.397
[GPU0] epochs: [27/100] train_acc: 0.550 train_loss_sup: 1.391
[GPU0] epochs: [28/100] train_acc: 0.554 train_loss_sup: 1.379
[GPU0] epochs: [29/100] train_acc: 0.556 train_loss_sup: 1.375
[GPU0] epochs: [30/100] train_acc: 0.555 train_loss_sup: 1.371
[GPU0] Test Accuracy at epoch: 30: 0.497
[GPU0] epochs: [31/100] train_acc: 0.554 train_loss_sup: 1.365
[GPU0] epochs: [32/100] train_acc: 0.558 train_loss_sup: 1.358
[GPU0] epochs: [33/100] train_acc: 0.557 train_loss_sup: 1.359
[GPU0] epochs: [34/100] train_acc: 0.558 train_loss_sup: 1.351
[GPU0] epochs: [35/100] train_acc: 0.562 train_loss_sup: 1.347
[GPU0] epochs: [36/100] train_acc: 0.561 train_loss_sup: 1.345
[GPU0] epochs: [37/100] train_acc: 0.562 train_loss_sup: 1.336
[GPU0] epochs: [38/100] train_acc: 0.565 train_loss_sup: 1.332
[GPU0] epochs: [39/100] train_acc: 0.565 train_loss_sup: 1.331
[GPU0] epochs: [40/100] train_acc: 0.566 train_loss_sup: 1.327
[GPU0] Test Accuracy at epoch: 40: 0.524
[GPU0] epochs: [41/100] train_acc: 0.568 train_loss_sup: 1.324
[GPU0] epochs: [42/100] train_acc: 0.571 train_loss_sup: 1.320
[GPU0] epochs: [43/100] train_acc: 0.568 train_loss_sup: 1.318
[GPU0] epochs: [44/100] train_acc: 0.569 train_loss_sup: 1.317
[GPU0] epochs: [45/100] train_acc: 0.572 train_loss_sup: 1.308
[GPU0] epochs: [46/100] train_acc: 0.573 train_loss_sup: 1.307
[GPU0] epochs: [47/100] train_acc: 0.571 train_loss_sup: 1.303
[GPU0] epochs: [48/100] train_acc: 0.575 train_loss_sup: 1.300
[GPU0] epochs: [49/100] train_acc: 0.574 train_loss_sup: 1.299
[GPU0] epochs: [50/100] train_acc: 0.574 train_loss_sup: 1.295
[GPU0] Test Accuracy at epoch: 50: 0.549
[GPU0] epochs: [51/100] train_acc: 0.574 train_loss_sup: 1.291
[GPU0] epochs: [52/100] train_acc: 0.576 train_loss_sup: 1.291
[GPU0] epochs: [53/100] train_acc: 0.576 train_loss_sup: 1.290
[GPU0] epochs: [54/100] train_acc: 0.580 train_loss_sup: 1.283
[GPU0] epochs: [55/100] train_acc: 0.578 train_loss_sup: 1.284
[GPU0] epochs: [56/100] train_acc: 0.578 train_loss_sup: 1.279
[GPU0] epochs: [57/100] train_acc: 0.577 train_loss_sup: 1.282
[GPU0] epochs: [58/100] train_acc: 0.578 train_loss_sup: 1.278
[GPU0] epochs: [59/100] train_acc: 0.580 train_loss_sup: 1.276
[GPU0] epochs: [60/100] train_acc: 0.581 train_loss_sup: 1.271
[GPU0] Test Accuracy at epoch: 60: 0.562
[GPU0] epochs: [61/100] train_acc: 0.583 train_loss_sup: 1.268
[GPU0] epochs: [62/100] train_acc: 0.582 train_loss_sup: 1.268
[GPU0] epochs: [63/100] train_acc: 0.581 train_loss_sup: 1.266
[GPU0] epochs: [64/100] train_acc: 0.584 train_loss_sup: 1.263
[GPU0] epochs: [65/100] train_acc: 0.584 train_loss_sup: 1.262
[GPU0] epochs: [66/100] train_acc: 0.582 train_loss_sup: 1.262
[GPU0] epochs: [67/100] train_acc: 0.583 train_loss_sup: 1.261
[GPU0] epochs: [68/100] train_acc: 0.581 train_loss_sup: 1.263
[GPU0] epochs: [69/100] train_acc: 0.584 train_loss_sup: 1.258
[GPU0] epochs: [70/100] train_acc: 0.587 train_loss_sup: 1.255
[GPU0] Test Accuracy at epoch: 70: 0.567
[GPU0] epochs: [71/100] train_acc: 0.589 train_loss_sup: 1.249
[GPU0] epochs: [72/100] train_acc: 0.587 train_loss_sup: 1.248
[GPU0] epochs: [73/100] train_acc: 0.587 train_loss_sup: 1.250
[GPU0] epochs: [74/100] train_acc: 0.589 train_loss_sup: 1.244
[GPU0] epochs: [75/100] train_acc: 0.588 train_loss_sup: 1.250
[GPU0] epochs: [76/100] train_acc: 0.589 train_loss_sup: 1.247
[GPU0] epochs: [77/100] train_acc: 0.589 train_loss_sup: 1.242
[GPU0] epochs: [78/100] train_acc: 0.591 train_loss_sup: 1.241
[GPU0] epochs: [79/100] train_acc: 0.590 train_loss_sup: 1.238
[GPU0] epochs: [80/100] train_acc: 0.588 train_loss_sup: 1.242
[GPU0] Test Accuracy at epoch: 80: 0.578
[GPU0] epochs: [81/100] train_acc: 0.590 train_loss_sup: 1.241
[GPU0] epochs: [82/100] train_acc: 0.590 train_loss_sup: 1.236
[GPU0] epochs: [83/100] train_acc: 0.591 train_loss_sup: 1.237
[GPU0] epochs: [84/100] train_acc: 0.592 train_loss_sup: 1.232
[GPU0] epochs: [85/100] train_acc: 0.594 train_loss_sup: 1.230
[GPU0] epochs: [86/100] train_acc: 0.590 train_loss_sup: 1.231
[GPU0] epochs: [87/100] train_acc: 0.594 train_loss_sup: 1.234
[GPU0] epochs: [88/100] train_acc: 0.593 train_loss_sup: 1.231
[GPU0] epochs: [89/100] train_acc: 0.597 train_loss_sup: 1.228
[GPU0] epochs: [90/100] train_acc: 0.595 train_loss_sup: 1.226
[GPU0] Test Accuracy at epoch: 90: 0.593
[GPU0] epochs: [91/100] train_acc: 0.595 train_loss_sup: 1.224
[GPU0] epochs: [92/100] train_acc: 0.595 train_loss_sup: 1.223
[GPU0] epochs: [93/100] train_acc: 0.592 train_loss_sup: 1.226
[GPU0] epochs: [94/100] train_acc: 0.596 train_loss_sup: 1.224
[GPU0] epochs: [95/100] train_acc: 0.595 train_loss_sup: 1.224
[GPU0] epochs: [96/100] train_acc: 0.598 train_loss_sup: 1.216
[GPU0] epochs: [97/100] train_acc: 0.598 train_loss_sup: 1.219
[GPU0] epochs: [98/100] train_acc: 0.599 train_loss_sup: 1.217
[GPU0] epochs: [99/100] train_acc: 0.598 train_loss_sup: 1.216
[GPU0] epochs: [100/100] train_acc: 0.598 train_loss_sup: 1.214
[GPU0] Final Test Accuracy: 0.572
LR: 1.000 | WD: 0.000001 | Cosine: False | test Acc: 0.593%
===> using linear mlp
Scheduler: None
MLP: MLP(
  (mlp): Linear(in_features=512, out_features=10, bias=True)
)
[GPU0] Test Accuracy at epoch: 0: 0.161
[GPU0] epochs: [1/100] train_acc: 0.238 train_loss_sup: 2.234
[GPU0] epochs: [2/100] train_acc: 0.394 train_loss_sup: 2.092
[GPU0] epochs: [3/100] train_acc: 0.430 train_loss_sup: 1.994
[GPU0] epochs: [4/100] train_acc: 0.456 train_loss_sup: 1.924
[GPU0] epochs: [5/100] train_acc: 0.462 train_loss_sup: 1.873
[GPU0] epochs: [6/100] train_acc: 0.467 train_loss_sup: 1.834
[GPU0] epochs: [7/100] train_acc: 0.480 train_loss_sup: 1.801
[GPU0] epochs: [8/100] train_acc: 0.487 train_loss_sup: 1.777
[GPU0] epochs: [9/100] train_acc: 0.487 train_loss_sup: 1.762
[GPU0] epochs: [10/100] train_acc: 0.492 train_loss_sup: 1.745
[GPU0] Test Accuracy at epoch: 10: 0.328
[GPU0] epochs: [11/100] train_acc: 0.497 train_loss_sup: 1.732
[GPU0] epochs: [12/100] train_acc: 0.499 train_loss_sup: 1.723
[GPU0] epochs: [13/100] train_acc: 0.500 train_loss_sup: 1.714
[GPU0] epochs: [14/100] train_acc: 0.499 train_loss_sup: 1.710
[GPU0] epochs: [15/100] train_acc: 0.505 train_loss_sup: 1.702
[GPU0] epochs: [16/100] train_acc: 0.509 train_loss_sup: 1.697
[GPU0] epochs: [17/100] train_acc: 0.509 train_loss_sup: 1.695
[GPU0] epochs: [18/100] train_acc: 0.506 train_loss_sup: 1.692
[GPU0] epochs: [19/100] train_acc: 0.507 train_loss_sup: 1.688
[GPU0] epochs: [20/100] train_acc: 0.511 train_loss_sup: 1.686
[GPU0] Test Accuracy at epoch: 20: 0.368
[GPU0] epochs: [21/100] train_acc: 0.510 train_loss_sup: 1.682
[GPU0] epochs: [22/100] train_acc: 0.512 train_loss_sup: 1.681
[GPU0] epochs: [23/100] train_acc: 0.509 train_loss_sup: 1.681
[GPU0] epochs: [24/100] train_acc: 0.516 train_loss_sup: 1.678
[GPU0] epochs: [25/100] train_acc: 0.511 train_loss_sup: 1.679
[GPU0] epochs: [26/100] train_acc: 0.513 train_loss_sup: 1.676
[GPU0] epochs: [27/100] train_acc: 0.513 train_loss_sup: 1.677
[GPU0] epochs: [28/100] train_acc: 0.515 train_loss_sup: 1.675
[GPU0] epochs: [29/100] train_acc: 0.514 train_loss_sup: 1.676
[GPU0] epochs: [30/100] train_acc: 0.515 train_loss_sup: 1.673
[GPU0] Test Accuracy at epoch: 30: 0.382
[GPU0] epochs: [31/100] train_acc: 0.514 train_loss_sup: 1.673
[GPU0] epochs: [32/100] train_acc: 0.516 train_loss_sup: 1.671
[GPU0] epochs: [33/100] train_acc: 0.519 train_loss_sup: 1.671
[GPU0] epochs: [34/100] train_acc: 0.517 train_loss_sup: 1.673
[GPU0] epochs: [35/100] train_acc: 0.517 train_loss_sup: 1.673
[GPU0] epochs: [36/100] train_acc: 0.515 train_loss_sup: 1.674
[GPU0] epochs: [37/100] train_acc: 0.516 train_loss_sup: 1.671
[GPU0] epochs: [38/100] train_acc: 0.518 train_loss_sup: 1.674
[GPU0] epochs: [39/100] train_acc: 0.512 train_loss_sup: 1.674
[GPU0] epochs: [40/100] train_acc: 0.519 train_loss_sup: 1.672
[GPU0] Test Accuracy at epoch: 40: 0.361
[GPU0] epochs: [41/100] train_acc: 0.517 train_loss_sup: 1.672
[GPU0] epochs: [42/100] train_acc: 0.518 train_loss_sup: 1.672
[GPU0] epochs: [43/100] train_acc: 0.517 train_loss_sup: 1.672
[GPU0] epochs: [44/100] train_acc: 0.515 train_loss_sup: 1.673
[GPU0] epochs: [45/100] train_acc: 0.516 train_loss_sup: 1.672
[GPU0] epochs: [46/100] train_acc: 0.520 train_loss_sup: 1.670
[GPU0] epochs: [47/100] train_acc: 0.521 train_loss_sup: 1.671
[GPU0] epochs: [48/100] train_acc: 0.514 train_loss_sup: 1.668
[GPU0] epochs: [49/100] train_acc: 0.521 train_loss_sup: 1.670
[GPU0] epochs: [50/100] train_acc: 0.515 train_loss_sup: 1.671
[GPU0] Test Accuracy at epoch: 50: 0.363
[GPU0] epochs: [51/100] train_acc: 0.519 train_loss_sup: 1.672
[GPU0] epochs: [52/100] train_acc: 0.518 train_loss_sup: 1.670
[GPU0] epochs: [53/100] train_acc: 0.514 train_loss_sup: 1.675
[GPU0] epochs: [54/100] train_acc: 0.513 train_loss_sup: 1.671
[GPU0] epochs: [55/100] train_acc: 0.518 train_loss_sup: 1.671
[GPU0] epochs: [56/100] train_acc: 0.515 train_loss_sup: 1.673
[GPU0] epochs: [57/100] train_acc: 0.519 train_loss_sup: 1.671
[GPU0] epochs: [58/100] train_acc: 0.516 train_loss_sup: 1.674
[GPU0] epochs: [59/100] train_acc: 0.517 train_loss_sup: 1.671
[GPU0] epochs: [60/100] train_acc: 0.521 train_loss_sup: 1.670
[GPU0] Test Accuracy at epoch: 60: 0.373
[GPU0] epochs: [61/100] train_acc: 0.514 train_loss_sup: 1.674
[GPU0] epochs: [62/100] train_acc: 0.516 train_loss_sup: 1.674
[GPU0] epochs: [63/100] train_acc: 0.517 train_loss_sup: 1.672
[GPU0] epochs: [64/100] train_acc: 0.514 train_loss_sup: 1.671
[GPU0] epochs: [65/100] train_acc: 0.518 train_loss_sup: 1.672
[GPU0] epochs: [66/100] train_acc: 0.519 train_loss_sup: 1.670
[GPU0] epochs: [67/100] train_acc: 0.515 train_loss_sup: 1.671
[GPU0] epochs: [68/100] train_acc: 0.512 train_loss_sup: 1.673
[GPU0] epochs: [69/100] train_acc: 0.519 train_loss_sup: 1.671
[GPU0] epochs: [70/100] train_acc: 0.520 train_loss_sup: 1.669
[GPU0] Test Accuracy at epoch: 70: 0.348
[GPU0] epochs: [71/100] train_acc: 0.515 train_loss_sup: 1.673
[GPU0] epochs: [72/100] train_acc: 0.517 train_loss_sup: 1.672
[GPU0] epochs: [73/100] train_acc: 0.522 train_loss_sup: 1.668
[GPU0] epochs: [74/100] train_acc: 0.520 train_loss_sup: 1.669
[GPU0] epochs: [75/100] train_acc: 0.515 train_loss_sup: 1.671
[GPU0] epochs: [76/100] train_acc: 0.515 train_loss_sup: 1.672
[GPU0] epochs: [77/100] train_acc: 0.519 train_loss_sup: 1.668
[GPU0] epochs: [78/100] train_acc: 0.517 train_loss_sup: 1.673
[GPU0] epochs: [79/100] train_acc: 0.516 train_loss_sup: 1.672
[GPU0] epochs: [80/100] train_acc: 0.520 train_loss_sup: 1.671
[GPU0] Test Accuracy at epoch: 80: 0.393
[GPU0] epochs: [81/100] train_acc: 0.516 train_loss_sup: 1.672
[GPU0] epochs: [82/100] train_acc: 0.516 train_loss_sup: 1.673
[GPU0] epochs: [83/100] train_acc: 0.516 train_loss_sup: 1.673
[GPU0] epochs: [84/100] train_acc: 0.521 train_loss_sup: 1.669
[GPU0] epochs: [85/100] train_acc: 0.517 train_loss_sup: 1.670
[GPU0] epochs: [86/100] train_acc: 0.518 train_loss_sup: 1.672
[GPU0] epochs: [87/100] train_acc: 0.515 train_loss_sup: 1.673
[GPU0] epochs: [88/100] train_acc: 0.516 train_loss_sup: 1.672
[GPU0] epochs: [89/100] train_acc: 0.519 train_loss_sup: 1.670
[GPU0] epochs: [90/100] train_acc: 0.515 train_loss_sup: 1.673
[GPU0] Test Accuracy at epoch: 90: 0.372
[GPU0] epochs: [91/100] train_acc: 0.515 train_loss_sup: 1.671
[GPU0] epochs: [92/100] train_acc: 0.519 train_loss_sup: 1.670
[GPU0] epochs: [93/100] train_acc: 0.516 train_loss_sup: 1.673
[GPU0] epochs: [94/100] train_acc: 0.517 train_loss_sup: 1.673
[GPU0] epochs: [95/100] train_acc: 0.514 train_loss_sup: 1.673
[GPU0] epochs: [96/100] train_acc: 0.521 train_loss_sup: 1.671
[GPU0] epochs: [97/100] train_acc: 0.517 train_loss_sup: 1.672
[GPU0] epochs: [98/100] train_acc: 0.515 train_loss_sup: 1.672
[GPU0] epochs: [99/100] train_acc: 0.516 train_loss_sup: 1.672
[GPU0] epochs: [100/100] train_acc: 0.517 train_loss_sup: 1.672
[GPU0] Final Test Accuracy: 0.388
LR: 1.000 | WD: 0.000100 | Cosine: False | test Acc: 0.393%
===> using linear mlp
Scheduler: None
MLP: MLP(
  (mlp): Linear(in_features=512, out_features=10, bias=True)
)
[GPU0] Test Accuracy at epoch: 0: 0.273
[GPU0] epochs: [1/100] train_acc: 0.230 train_loss_sup: 2.233
[GPU0] epochs: [2/100] train_acc: 0.390 train_loss_sup: 2.082
[GPU0] epochs: [3/100] train_acc: 0.443 train_loss_sup: 1.966
[GPU0] epochs: [4/100] train_acc: 0.462 train_loss_sup: 1.879
[GPU0] epochs: [5/100] train_acc: 0.471 train_loss_sup: 1.810
[GPU0] epochs: [6/100] train_acc: 0.484 train_loss_sup: 1.752
[GPU0] epochs: [7/100] train_acc: 0.489 train_loss_sup: 1.706
[GPU0] epochs: [8/100] train_acc: 0.499 train_loss_sup: 1.666
[GPU0] epochs: [9/100] train_acc: 0.503 train_loss_sup: 1.634
[GPU0] epochs: [10/100] train_acc: 0.508 train_loss_sup: 1.608
[GPU0] Test Accuracy at epoch: 10: 0.365
[GPU0] epochs: [11/100] train_acc: 0.510 train_loss_sup: 1.581
[GPU0] epochs: [12/100] train_acc: 0.516 train_loss_sup: 1.558
[GPU0] epochs: [13/100] train_acc: 0.518 train_loss_sup: 1.538
[GPU0] epochs: [14/100] train_acc: 0.524 train_loss_sup: 1.520
[GPU0] epochs: [15/100] train_acc: 0.528 train_loss_sup: 1.505
[GPU0] epochs: [16/100] train_acc: 0.527 train_loss_sup: 1.491
[GPU0] epochs: [17/100] train_acc: 0.532 train_loss_sup: 1.473
[GPU0] epochs: [18/100] train_acc: 0.535 train_loss_sup: 1.461
[GPU0] epochs: [19/100] train_acc: 0.536 train_loss_sup: 1.454
[GPU0] epochs: [20/100] train_acc: 0.536 train_loss_sup: 1.443
[GPU0] Test Accuracy at epoch: 20: 0.445
[GPU0] epochs: [21/100] train_acc: 0.539 train_loss_sup: 1.435
[GPU0] epochs: [22/100] train_acc: 0.544 train_loss_sup: 1.422
[GPU0] epochs: [23/100] train_acc: 0.546 train_loss_sup: 1.416
[GPU0] epochs: [24/100] train_acc: 0.547 train_loss_sup: 1.406
[GPU0] epochs: [25/100] train_acc: 0.546 train_loss_sup: 1.400
[GPU0] epochs: [26/100] train_acc: 0.546 train_loss_sup: 1.397
[GPU0] epochs: [27/100] train_acc: 0.549 train_loss_sup: 1.385
[GPU0] epochs: [28/100] train_acc: 0.551 train_loss_sup: 1.380
[GPU0] epochs: [29/100] train_acc: 0.556 train_loss_sup: 1.369
[GPU0] epochs: [30/100] train_acc: 0.555 train_loss_sup: 1.367
[GPU0] Test Accuracy at epoch: 30: 0.498
[GPU0] epochs: [31/100] train_acc: 0.555 train_loss_sup: 1.366
[GPU0] epochs: [32/100] train_acc: 0.558 train_loss_sup: 1.358
[GPU0] epochs: [33/100] train_acc: 0.557 train_loss_sup: 1.353
[GPU0] epochs: [34/100] train_acc: 0.560 train_loss_sup: 1.347
[GPU0] epochs: [35/100] train_acc: 0.561 train_loss_sup: 1.345
[GPU0] epochs: [36/100] train_acc: 0.564 train_loss_sup: 1.337
[GPU0] epochs: [37/100] train_acc: 0.562 train_loss_sup: 1.334
[GPU0] epochs: [38/100] train_acc: 0.563 train_loss_sup: 1.329
[GPU0] epochs: [39/100] train_acc: 0.567 train_loss_sup: 1.324
[GPU0] epochs: [40/100] train_acc: 0.569 train_loss_sup: 1.318
[GPU0] Test Accuracy at epoch: 40: 0.525
[GPU0] epochs: [41/100] train_acc: 0.566 train_loss_sup: 1.320
[GPU0] epochs: [42/100] train_acc: 0.571 train_loss_sup: 1.312
[GPU0] epochs: [43/100] train_acc: 0.572 train_loss_sup: 1.312
[GPU0] epochs: [44/100] train_acc: 0.568 train_loss_sup: 1.309
[GPU0] epochs: [45/100] train_acc: 0.570 train_loss_sup: 1.303
[GPU0] epochs: [46/100] train_acc: 0.571 train_loss_sup: 1.305
[GPU0] epochs: [47/100] train_acc: 0.572 train_loss_sup: 1.302
[GPU0] epochs: [48/100] train_acc: 0.573 train_loss_sup: 1.297
[GPU0] epochs: [49/100] train_acc: 0.574 train_loss_sup: 1.295
[GPU0] epochs: [50/100] train_acc: 0.573 train_loss_sup: 1.293
[GPU0] Test Accuracy at epoch: 50: 0.538
[GPU0] epochs: [51/100] train_acc: 0.574 train_loss_sup: 1.289
[GPU0] epochs: [52/100] train_acc: 0.578 train_loss_sup: 1.285
[GPU0] epochs: [53/100] train_acc: 0.578 train_loss_sup: 1.281
[GPU0] epochs: [54/100] train_acc: 0.580 train_loss_sup: 1.276
[GPU0] epochs: [55/100] train_acc: 0.579 train_loss_sup: 1.278
[GPU0] epochs: [56/100] train_acc: 0.583 train_loss_sup: 1.275
[GPU0] epochs: [57/100] train_acc: 0.581 train_loss_sup: 1.272
[GPU0] epochs: [58/100] train_acc: 0.580 train_loss_sup: 1.272
[GPU0] epochs: [59/100] train_acc: 0.580 train_loss_sup: 1.271
[GPU0] epochs: [60/100] train_acc: 0.584 train_loss_sup: 1.265
[GPU0] Test Accuracy at epoch: 60: 0.557
[GPU0] epochs: [61/100] train_acc: 0.581 train_loss_sup: 1.267
[GPU0] epochs: [62/100] train_acc: 0.579 train_loss_sup: 1.266
[GPU0] epochs: [63/100] train_acc: 0.582 train_loss_sup: 1.259
[GPU0] epochs: [64/100] train_acc: 0.584 train_loss_sup: 1.257
[GPU0] epochs: [65/100] train_acc: 0.585 train_loss_sup: 1.258
[GPU0] epochs: [66/100] train_acc: 0.584 train_loss_sup: 1.254
[GPU0] epochs: [67/100] train_acc: 0.587 train_loss_sup: 1.249
[GPU0] epochs: [68/100] train_acc: 0.587 train_loss_sup: 1.247
[GPU0] epochs: [69/100] train_acc: 0.587 train_loss_sup: 1.251
[GPU0] epochs: [70/100] train_acc: 0.584 train_loss_sup: 1.253
[GPU0] Test Accuracy at epoch: 70: 0.584
[GPU0] epochs: [71/100] train_acc: 0.585 train_loss_sup: 1.247
[GPU0] epochs: [72/100] train_acc: 0.589 train_loss_sup: 1.239
[GPU0] epochs: [73/100] train_acc: 0.589 train_loss_sup: 1.240
[GPU0] epochs: [74/100] train_acc: 0.588 train_loss_sup: 1.240
[GPU0] epochs: [75/100] train_acc: 0.589 train_loss_sup: 1.241
[GPU0] epochs: [76/100] train_acc: 0.588 train_loss_sup: 1.240
[GPU0] epochs: [77/100] train_acc: 0.588 train_loss_sup: 1.241
[GPU0] epochs: [78/100] train_acc: 0.589 train_loss_sup: 1.236
[GPU0] epochs: [79/100] train_acc: 0.588 train_loss_sup: 1.238
[GPU0] epochs: [80/100] train_acc: 0.592 train_loss_sup: 1.232
[GPU0] Test Accuracy at epoch: 80: 0.577
[GPU0] epochs: [81/100] train_acc: 0.594 train_loss_sup: 1.235
[GPU0] epochs: [82/100] train_acc: 0.593 train_loss_sup: 1.226
[GPU0] epochs: [83/100] train_acc: 0.591 train_loss_sup: 1.231
[GPU0] epochs: [84/100] train_acc: 0.594 train_loss_sup: 1.228
[GPU0] epochs: [85/100] train_acc: 0.591 train_loss_sup: 1.228
[GPU0] epochs: [86/100] train_acc: 0.592 train_loss_sup: 1.230
[GPU0] epochs: [87/100] train_acc: 0.595 train_loss_sup: 1.219
[GPU0] epochs: [88/100] train_acc: 0.594 train_loss_sup: 1.221
[GPU0] epochs: [89/100] train_acc: 0.593 train_loss_sup: 1.226
[GPU0] epochs: [90/100] train_acc: 0.595 train_loss_sup: 1.224
[GPU0] Test Accuracy at epoch: 90: 0.583
[GPU0] epochs: [91/100] train_acc: 0.595 train_loss_sup: 1.217
[GPU0] epochs: [92/100] train_acc: 0.596 train_loss_sup: 1.217
[GPU0] epochs: [93/100] train_acc: 0.597 train_loss_sup: 1.212
[GPU0] epochs: [94/100] train_acc: 0.598 train_loss_sup: 1.211
[GPU0] epochs: [95/100] train_acc: 0.597 train_loss_sup: 1.212
[GPU0] epochs: [96/100] train_acc: 0.597 train_loss_sup: 1.210
[GPU0] epochs: [97/100] train_acc: 0.598 train_loss_sup: 1.211
[GPU0] epochs: [98/100] train_acc: 0.595 train_loss_sup: 1.213
[GPU0] epochs: [99/100] train_acc: 0.599 train_loss_sup: 1.210
[GPU0] epochs: [100/100] train_acc: 0.598 train_loss_sup: 1.206
[GPU0] Final Test Accuracy: 0.592
LR: 1.000 | WD: 0.000000 | Cosine: False | test Acc: 0.592%
===> using linear mlp
Scheduler: <torch.optim.lr_scheduler.CosineAnnealingLR object at 0x7467860421a0>
MLP: MLP(
  (mlp): Linear(in_features=512, out_features=10, bias=True)
)
[GPU0] Test Accuracy at epoch: 0: 0.137
[GPU0] epochs: [1/100] train_acc: 0.133 train_loss_sup: 2.295
[GPU0] epochs: [2/100] train_acc: 0.262 train_loss_sup: 2.276
[GPU0] epochs: [3/100] train_acc: 0.301 train_loss_sup: 2.258
[GPU0] epochs: [4/100] train_acc: 0.391 train_loss_sup: 2.240
[GPU0] epochs: [5/100] train_acc: 0.391 train_loss_sup: 2.222
[GPU0] epochs: [6/100] train_acc: 0.410 train_loss_sup: 2.206
[GPU0] epochs: [7/100] train_acc: 0.420 train_loss_sup: 2.189
[GPU0] epochs: [8/100] train_acc: 0.433 train_loss_sup: 2.173
[GPU0] epochs: [9/100] train_acc: 0.440 train_loss_sup: 2.158
[GPU0] epochs: [10/100] train_acc: 0.443 train_loss_sup: 2.143
[GPU0] Test Accuracy at epoch: 10: 0.262
[GPU0] epochs: [11/100] train_acc: 0.454 train_loss_sup: 2.129
[GPU0] epochs: [12/100] train_acc: 0.442 train_loss_sup: 2.115
[GPU0] epochs: [13/100] train_acc: 0.451 train_loss_sup: 2.101
[GPU0] epochs: [14/100] train_acc: 0.457 train_loss_sup: 2.088
[GPU0] epochs: [15/100] train_acc: 0.454 train_loss_sup: 2.076
[GPU0] epochs: [16/100] train_acc: 0.457 train_loss_sup: 2.064
[GPU0] epochs: [17/100] train_acc: 0.458 train_loss_sup: 2.053
[GPU0] epochs: [18/100] train_acc: 0.462 train_loss_sup: 2.041
[GPU0] epochs: [19/100] train_acc: 0.461 train_loss_sup: 2.029
[GPU0] epochs: [20/100] train_acc: 0.469 train_loss_sup: 2.019
[GPU0] Test Accuracy at epoch: 20: 0.287
[GPU0] epochs: [21/100] train_acc: 0.465 train_loss_sup: 2.010
[GPU0] epochs: [22/100] train_acc: 0.464 train_loss_sup: 2.000
[GPU0] epochs: [23/100] train_acc: 0.469 train_loss_sup: 1.989
[GPU0] epochs: [24/100] train_acc: 0.470 train_loss_sup: 1.980
[GPU0] epochs: [25/100] train_acc: 0.474 train_loss_sup: 1.971
[GPU0] epochs: [26/100] train_acc: 0.472 train_loss_sup: 1.962
[GPU0] epochs: [27/100] train_acc: 0.475 train_loss_sup: 1.954
[GPU0] epochs: [28/100] train_acc: 0.475 train_loss_sup: 1.946
[GPU0] epochs: [29/100] train_acc: 0.472 train_loss_sup: 1.940
[GPU0] epochs: [30/100] train_acc: 0.478 train_loss_sup: 1.931
[GPU0] Test Accuracy at epoch: 30: 0.286
[GPU0] epochs: [31/100] train_acc: 0.476 train_loss_sup: 1.924
[GPU0] epochs: [32/100] train_acc: 0.478 train_loss_sup: 1.917
[GPU0] epochs: [33/100] train_acc: 0.479 train_loss_sup: 1.910
[GPU0] epochs: [34/100] train_acc: 0.481 train_loss_sup: 1.904
[GPU0] epochs: [35/100] train_acc: 0.480 train_loss_sup: 1.897
[GPU0] epochs: [36/100] train_acc: 0.479 train_loss_sup: 1.891
[GPU0] epochs: [37/100] train_acc: 0.481 train_loss_sup: 1.887
[GPU0] epochs: [38/100] train_acc: 0.482 train_loss_sup: 1.881
[GPU0] epochs: [39/100] train_acc: 0.479 train_loss_sup: 1.877
[GPU0] epochs: [40/100] train_acc: 0.482 train_loss_sup: 1.869
[GPU0] Test Accuracy at epoch: 40: 0.311
[GPU0] epochs: [41/100] train_acc: 0.483 train_loss_sup: 1.865
[GPU0] epochs: [42/100] train_acc: 0.486 train_loss_sup: 1.860
[GPU0] epochs: [43/100] train_acc: 0.482 train_loss_sup: 1.856
[GPU0] epochs: [44/100] train_acc: 0.487 train_loss_sup: 1.850
[GPU0] epochs: [45/100] train_acc: 0.485 train_loss_sup: 1.846
[GPU0] epochs: [46/100] train_acc: 0.483 train_loss_sup: 1.844
[GPU0] epochs: [47/100] train_acc: 0.486 train_loss_sup: 1.838
[GPU0] epochs: [48/100] train_acc: 0.486 train_loss_sup: 1.835
[GPU0] epochs: [49/100] train_acc: 0.487 train_loss_sup: 1.831
[GPU0] epochs: [50/100] train_acc: 0.488 train_loss_sup: 1.828
[GPU0] Test Accuracy at epoch: 50: 0.31
[GPU0] epochs: [51/100] train_acc: 0.488 train_loss_sup: 1.825
[GPU0] epochs: [52/100] train_acc: 0.490 train_loss_sup: 1.820
[GPU0] epochs: [53/100] train_acc: 0.489 train_loss_sup: 1.818
[GPU0] epochs: [54/100] train_acc: 0.487 train_loss_sup: 1.815
[GPU0] epochs: [55/100] train_acc: 0.490 train_loss_sup: 1.811
[GPU0] epochs: [56/100] train_acc: 0.492 train_loss_sup: 1.810
[GPU0] epochs: [57/100] train_acc: 0.490 train_loss_sup: 1.809
[GPU0] epochs: [58/100] train_acc: 0.492 train_loss_sup: 1.804
[GPU0] epochs: [59/100] train_acc: 0.493 train_loss_sup: 1.802
[GPU0] epochs: [60/100] train_acc: 0.490 train_loss_sup: 1.799
[GPU0] Test Accuracy at epoch: 60: 0.316
[GPU0] epochs: [61/100] train_acc: 0.490 train_loss_sup: 1.798
[GPU0] epochs: [62/100] train_acc: 0.493 train_loss_sup: 1.793
[GPU0] epochs: [63/100] train_acc: 0.491 train_loss_sup: 1.793
[GPU0] epochs: [64/100] train_acc: 0.495 train_loss_sup: 1.793
[GPU0] epochs: [65/100] train_acc: 0.492 train_loss_sup: 1.790
[GPU0] epochs: [66/100] train_acc: 0.493 train_loss_sup: 1.790
[GPU0] epochs: [67/100] train_acc: 0.491 train_loss_sup: 1.789
[GPU0] epochs: [68/100] train_acc: 0.493 train_loss_sup: 1.785
[GPU0] epochs: [69/100] train_acc: 0.494 train_loss_sup: 1.784
[GPU0] epochs: [70/100] train_acc: 0.496 train_loss_sup: 1.782
[GPU0] Test Accuracy at epoch: 70: 0.315
[GPU0] epochs: [71/100] train_acc: 0.495 train_loss_sup: 1.781
[GPU0] epochs: [72/100] train_acc: 0.494 train_loss_sup: 1.781
[GPU0] epochs: [73/100] train_acc: 0.496 train_loss_sup: 1.779
[GPU0] epochs: [74/100] train_acc: 0.494 train_loss_sup: 1.779
[GPU0] epochs: [75/100] train_acc: 0.498 train_loss_sup: 1.777
[GPU0] epochs: [76/100] train_acc: 0.494 train_loss_sup: 1.777
[GPU0] epochs: [77/100] train_acc: 0.495 train_loss_sup: 1.777
[GPU0] epochs: [78/100] train_acc: 0.494 train_loss_sup: 1.774
[GPU0] epochs: [79/100] train_acc: 0.495 train_loss_sup: 1.775
[GPU0] epochs: [80/100] train_acc: 0.493 train_loss_sup: 1.775
[GPU0] Test Accuracy at epoch: 80: 0.319
[GPU0] epochs: [81/100] train_acc: 0.494 train_loss_sup: 1.775
[GPU0] epochs: [82/100] train_acc: 0.494 train_loss_sup: 1.773
[GPU0] epochs: [83/100] train_acc: 0.496 train_loss_sup: 1.772
[GPU0] epochs: [84/100] train_acc: 0.494 train_loss_sup: 1.772
[GPU0] epochs: [85/100] train_acc: 0.494 train_loss_sup: 1.772
[GPU0] epochs: [86/100] train_acc: 0.495 train_loss_sup: 1.770
[GPU0] epochs: [87/100] train_acc: 0.494 train_loss_sup: 1.771
[GPU0] epochs: [88/100] train_acc: 0.495 train_loss_sup: 1.771
[GPU0] epochs: [89/100] train_acc: 0.494 train_loss_sup: 1.769
[GPU0] epochs: [90/100] train_acc: 0.495 train_loss_sup: 1.772
[GPU0] Test Accuracy at epoch: 90: 0.32
[GPU0] epochs: [91/100] train_acc: 0.496 train_loss_sup: 1.772
[GPU0] epochs: [92/100] train_acc: 0.496 train_loss_sup: 1.770
[GPU0] epochs: [93/100] train_acc: 0.493 train_loss_sup: 1.772
[GPU0] epochs: [94/100] train_acc: 0.494 train_loss_sup: 1.771
[GPU0] epochs: [95/100] train_acc: 0.496 train_loss_sup: 1.769
[GPU0] epochs: [96/100] train_acc: 0.495 train_loss_sup: 1.770
[GPU0] epochs: [97/100] train_acc: 0.497 train_loss_sup: 1.770
[GPU0] epochs: [98/100] train_acc: 0.494 train_loss_sup: 1.768
[GPU0] epochs: [99/100] train_acc: 0.495 train_loss_sup: 1.770
[GPU0] epochs: [100/100] train_acc: 0.494 train_loss_sup: 1.771
[GPU0] Final Test Accuracy: 0.321
LR: 0.100 | WD: 0.000001 | Cosine: True | test Acc: 0.321%
===> using linear mlp
Scheduler: <torch.optim.lr_scheduler.CosineAnnealingLR object at 0x746777cd4520>
MLP: MLP(
  (mlp): Linear(in_features=512, out_features=10, bias=True)
)
[GPU0] Test Accuracy at epoch: 0: 0.124
[GPU0] epochs: [1/100] train_acc: 0.158 train_loss_sup: 2.295
[GPU0] epochs: [2/100] train_acc: 0.258 train_loss_sup: 2.277
[GPU0] epochs: [3/100] train_acc: 0.356 train_loss_sup: 2.258
[GPU0] epochs: [4/100] train_acc: 0.365 train_loss_sup: 2.241
[GPU0] epochs: [5/100] train_acc: 0.410 train_loss_sup: 2.224
[GPU0] epochs: [6/100] train_acc: 0.427 train_loss_sup: 2.208
[GPU0] epochs: [7/100] train_acc: 0.403 train_loss_sup: 2.193
[GPU0] epochs: [8/100] train_acc: 0.436 train_loss_sup: 2.177
[GPU0] epochs: [9/100] train_acc: 0.439 train_loss_sup: 2.163
[GPU0] epochs: [10/100] train_acc: 0.434 train_loss_sup: 2.150
[GPU0] Test Accuracy at epoch: 10: 0.243
[GPU0] epochs: [11/100] train_acc: 0.451 train_loss_sup: 2.136
[GPU0] epochs: [12/100] train_acc: 0.453 train_loss_sup: 2.124
[GPU0] epochs: [13/100] train_acc: 0.453 train_loss_sup: 2.112
[GPU0] epochs: [14/100] train_acc: 0.449 train_loss_sup: 2.101
[GPU0] epochs: [15/100] train_acc: 0.454 train_loss_sup: 2.089
[GPU0] epochs: [16/100] train_acc: 0.454 train_loss_sup: 2.079
[GPU0] epochs: [17/100] train_acc: 0.457 train_loss_sup: 2.069
[GPU0] epochs: [18/100] train_acc: 0.460 train_loss_sup: 2.059
[GPU0] epochs: [19/100] train_acc: 0.467 train_loss_sup: 2.049
[GPU0] epochs: [20/100] train_acc: 0.462 train_loss_sup: 2.041
[GPU0] Test Accuracy at epoch: 20: 0.302
[GPU0] epochs: [21/100] train_acc: 0.461 train_loss_sup: 2.031
[GPU0] epochs: [22/100] train_acc: 0.464 train_loss_sup: 2.023
[GPU0] epochs: [23/100] train_acc: 0.465 train_loss_sup: 2.014
[GPU0] epochs: [24/100] train_acc: 0.467 train_loss_sup: 2.008
[GPU0] epochs: [25/100] train_acc: 0.469 train_loss_sup: 1.999
[GPU0] epochs: [26/100] train_acc: 0.476 train_loss_sup: 1.992
[GPU0] epochs: [27/100] train_acc: 0.471 train_loss_sup: 1.986
[GPU0] epochs: [28/100] train_acc: 0.473 train_loss_sup: 1.978
[GPU0] epochs: [29/100] train_acc: 0.471 train_loss_sup: 1.974
[GPU0] epochs: [30/100] train_acc: 0.471 train_loss_sup: 1.967
[GPU0] Test Accuracy at epoch: 30: 0.296
[GPU0] epochs: [31/100] train_acc: 0.475 train_loss_sup: 1.960
[GPU0] epochs: [32/100] train_acc: 0.477 train_loss_sup: 1.956
[GPU0] epochs: [33/100] train_acc: 0.478 train_loss_sup: 1.950
[GPU0] epochs: [34/100] train_acc: 0.476 train_loss_sup: 1.945
[GPU0] epochs: [35/100] train_acc: 0.474 train_loss_sup: 1.941
[GPU0] epochs: [36/100] train_acc: 0.478 train_loss_sup: 1.935
[GPU0] epochs: [37/100] train_acc: 0.480 train_loss_sup: 1.931
[GPU0] epochs: [38/100] train_acc: 0.477 train_loss_sup: 1.925
[GPU0] epochs: [39/100] train_acc: 0.482 train_loss_sup: 1.924
[GPU0] epochs: [40/100] train_acc: 0.478 train_loss_sup: 1.920
[GPU0] Test Accuracy at epoch: 40: 0.281
[GPU0] epochs: [41/100] train_acc: 0.479 train_loss_sup: 1.915
[GPU0] epochs: [42/100] train_acc: 0.480 train_loss_sup: 1.910
[GPU0] epochs: [43/100] train_acc: 0.484 train_loss_sup: 1.907
[GPU0] epochs: [44/100] train_acc: 0.481 train_loss_sup: 1.905
[GPU0] epochs: [45/100] train_acc: 0.483 train_loss_sup: 1.901
[GPU0] epochs: [46/100] train_acc: 0.480 train_loss_sup: 1.898
[GPU0] epochs: [47/100] train_acc: 0.486 train_loss_sup: 1.895
[GPU0] epochs: [48/100] train_acc: 0.486 train_loss_sup: 1.892
[GPU0] epochs: [49/100] train_acc: 0.485 train_loss_sup: 1.889
[GPU0] epochs: [50/100] train_acc: 0.486 train_loss_sup: 1.886
[GPU0] Test Accuracy at epoch: 50: 0.299
[GPU0] epochs: [51/100] train_acc: 0.483 train_loss_sup: 1.885
[GPU0] epochs: [52/100] train_acc: 0.487 train_loss_sup: 1.881
[GPU0] epochs: [53/100] train_acc: 0.485 train_loss_sup: 1.881
[GPU0] epochs: [54/100] train_acc: 0.485 train_loss_sup: 1.877
[GPU0] epochs: [55/100] train_acc: 0.487 train_loss_sup: 1.873
[GPU0] epochs: [56/100] train_acc: 0.486 train_loss_sup: 1.874
[GPU0] epochs: [57/100] train_acc: 0.487 train_loss_sup: 1.872
[GPU0] epochs: [58/100] train_acc: 0.487 train_loss_sup: 1.869
[GPU0] epochs: [59/100] train_acc: 0.488 train_loss_sup: 1.870
[GPU0] epochs: [60/100] train_acc: 0.490 train_loss_sup: 1.865
[GPU0] Test Accuracy at epoch: 60: 0.303
[GPU0] epochs: [61/100] train_acc: 0.489 train_loss_sup: 1.864
[GPU0] epochs: [62/100] train_acc: 0.489 train_loss_sup: 1.863
[GPU0] epochs: [63/100] train_acc: 0.489 train_loss_sup: 1.862
[GPU0] epochs: [64/100] train_acc: 0.488 train_loss_sup: 1.861
[GPU0] epochs: [65/100] train_acc: 0.489 train_loss_sup: 1.860
[GPU0] epochs: [66/100] train_acc: 0.489 train_loss_sup: 1.859
[GPU0] epochs: [67/100] train_acc: 0.487 train_loss_sup: 1.858
[GPU0] epochs: [68/100] train_acc: 0.490 train_loss_sup: 1.857
[GPU0] epochs: [69/100] train_acc: 0.488 train_loss_sup: 1.856
[GPU0] epochs: [70/100] train_acc: 0.491 train_loss_sup: 1.854
[GPU0] Test Accuracy at epoch: 70: 0.31
[GPU0] epochs: [71/100] train_acc: 0.490 train_loss_sup: 1.852
[GPU0] epochs: [72/100] train_acc: 0.491 train_loss_sup: 1.852
[GPU0] epochs: [73/100] train_acc: 0.486 train_loss_sup: 1.852
[GPU0] epochs: [74/100] train_acc: 0.489 train_loss_sup: 1.851
[GPU0] epochs: [75/100] train_acc: 0.493 train_loss_sup: 1.849
[GPU0] epochs: [76/100] train_acc: 0.488 train_loss_sup: 1.851
[GPU0] epochs: [77/100] train_acc: 0.489 train_loss_sup: 1.849
[GPU0] epochs: [78/100] train_acc: 0.492 train_loss_sup: 1.848
[GPU0] epochs: [79/100] train_acc: 0.490 train_loss_sup: 1.848
[GPU0] epochs: [80/100] train_acc: 0.494 train_loss_sup: 1.847
[GPU0] Test Accuracy at epoch: 80: 0.311
[GPU0] epochs: [81/100] train_acc: 0.491 train_loss_sup: 1.847
[GPU0] epochs: [82/100] train_acc: 0.491 train_loss_sup: 1.847
[GPU0] epochs: [83/100] train_acc: 0.491 train_loss_sup: 1.848
[GPU0] epochs: [84/100] train_acc: 0.489 train_loss_sup: 1.846
[GPU0] epochs: [85/100] train_acc: 0.492 train_loss_sup: 1.847
[GPU0] epochs: [86/100] train_acc: 0.492 train_loss_sup: 1.845
[GPU0] epochs: [87/100] train_acc: 0.489 train_loss_sup: 1.846
[GPU0] epochs: [88/100] train_acc: 0.488 train_loss_sup: 1.847
[GPU0] epochs: [89/100] train_acc: 0.492 train_loss_sup: 1.846
[GPU0] epochs: [90/100] train_acc: 0.490 train_loss_sup: 1.846
[GPU0] Test Accuracy at epoch: 90: 0.313
[GPU0] epochs: [91/100] train_acc: 0.490 train_loss_sup: 1.847
[GPU0] epochs: [92/100] train_acc: 0.489 train_loss_sup: 1.845
[GPU0] epochs: [93/100] train_acc: 0.490 train_loss_sup: 1.846
[GPU0] epochs: [94/100] train_acc: 0.491 train_loss_sup: 1.845
[GPU0] epochs: [95/100] train_acc: 0.490 train_loss_sup: 1.844
[GPU0] epochs: [96/100] train_acc: 0.492 train_loss_sup: 1.845
[GPU0] epochs: [97/100] train_acc: 0.490 train_loss_sup: 1.844
[GPU0] epochs: [98/100] train_acc: 0.491 train_loss_sup: 1.845
[GPU0] epochs: [99/100] train_acc: 0.489 train_loss_sup: 1.845
[GPU0] epochs: [100/100] train_acc: 0.489 train_loss_sup: 1.845
[GPU0] Final Test Accuracy: 0.313
LR: 0.100 | WD: 0.000100 | Cosine: True | test Acc: 0.313%
===> using linear mlp
Scheduler: <torch.optim.lr_scheduler.CosineAnnealingLR object at 0x74678c5a63e0>
MLP: MLP(
  (mlp): Linear(in_features=512, out_features=10, bias=True)
)
[GPU0] Test Accuracy at epoch: 0: 0.104
[GPU0] epochs: [1/100] train_acc: 0.153 train_loss_sup: 2.295
[GPU0] epochs: [2/100] train_acc: 0.286 train_loss_sup: 2.276
[GPU0] epochs: [3/100] train_acc: 0.328 train_loss_sup: 2.258
[GPU0] epochs: [4/100] train_acc: 0.392 train_loss_sup: 2.240
[GPU0] epochs: [5/100] train_acc: 0.406 train_loss_sup: 2.222
[GPU0] epochs: [6/100] train_acc: 0.409 train_loss_sup: 2.205
[GPU0] epochs: [7/100] train_acc: 0.429 train_loss_sup: 2.190
[GPU0] epochs: [8/100] train_acc: 0.437 train_loss_sup: 2.173
[GPU0] epochs: [9/100] train_acc: 0.437 train_loss_sup: 2.158
[GPU0] epochs: [10/100] train_acc: 0.449 train_loss_sup: 2.143
[GPU0] Test Accuracy at epoch: 10: 0.248
[GPU0] epochs: [11/100] train_acc: 0.449 train_loss_sup: 2.129
[GPU0] epochs: [12/100] train_acc: 0.450 train_loss_sup: 2.115
[GPU0] epochs: [13/100] train_acc: 0.451 train_loss_sup: 2.101
[GPU0] epochs: [14/100] train_acc: 0.456 train_loss_sup: 2.089
[GPU0] epochs: [15/100] train_acc: 0.458 train_loss_sup: 2.077
[GPU0] epochs: [16/100] train_acc: 0.459 train_loss_sup: 2.064
[GPU0] epochs: [17/100] train_acc: 0.464 train_loss_sup: 2.052
[GPU0] epochs: [18/100] train_acc: 0.464 train_loss_sup: 2.040
[GPU0] epochs: [19/100] train_acc: 0.462 train_loss_sup: 2.030
[GPU0] epochs: [20/100] train_acc: 0.464 train_loss_sup: 2.019
[GPU0] Test Accuracy at epoch: 20: 0.258
[GPU0] epochs: [21/100] train_acc: 0.465 train_loss_sup: 2.009
[GPU0] epochs: [22/100] train_acc: 0.466 train_loss_sup: 1.999
[GPU0] epochs: [23/100] train_acc: 0.471 train_loss_sup: 1.989
[GPU0] epochs: [24/100] train_acc: 0.468 train_loss_sup: 1.981
[GPU0] epochs: [25/100] train_acc: 0.470 train_loss_sup: 1.972
[GPU0] epochs: [26/100] train_acc: 0.471 train_loss_sup: 1.962
[GPU0] epochs: [27/100] train_acc: 0.472 train_loss_sup: 1.954
[GPU0] epochs: [28/100] train_acc: 0.478 train_loss_sup: 1.945
[GPU0] epochs: [29/100] train_acc: 0.478 train_loss_sup: 1.939
[GPU0] epochs: [30/100] train_acc: 0.475 train_loss_sup: 1.930
[GPU0] Test Accuracy at epoch: 30: 0.287
[GPU0] epochs: [31/100] train_acc: 0.476 train_loss_sup: 1.925
[GPU0] epochs: [32/100] train_acc: 0.473 train_loss_sup: 1.918
[GPU0] epochs: [33/100] train_acc: 0.481 train_loss_sup: 1.909
[GPU0] epochs: [34/100] train_acc: 0.476 train_loss_sup: 1.904
[GPU0] epochs: [35/100] train_acc: 0.479 train_loss_sup: 1.900
[GPU0] epochs: [36/100] train_acc: 0.481 train_loss_sup: 1.891
[GPU0] epochs: [37/100] train_acc: 0.482 train_loss_sup: 1.886
[GPU0] epochs: [38/100] train_acc: 0.481 train_loss_sup: 1.880
[GPU0] epochs: [39/100] train_acc: 0.482 train_loss_sup: 1.874
[GPU0] epochs: [40/100] train_acc: 0.482 train_loss_sup: 1.870
[GPU0] Test Accuracy at epoch: 40: 0.292
[GPU0] epochs: [41/100] train_acc: 0.483 train_loss_sup: 1.864
[GPU0] epochs: [42/100] train_acc: 0.488 train_loss_sup: 1.860
[GPU0] epochs: [43/100] train_acc: 0.484 train_loss_sup: 1.856
[GPU0] epochs: [44/100] train_acc: 0.486 train_loss_sup: 1.850
[GPU0] epochs: [45/100] train_acc: 0.485 train_loss_sup: 1.846
[GPU0] epochs: [46/100] train_acc: 0.488 train_loss_sup: 1.843
[GPU0] epochs: [47/100] train_acc: 0.486 train_loss_sup: 1.838
[GPU0] epochs: [48/100] train_acc: 0.489 train_loss_sup: 1.833
[GPU0] epochs: [49/100] train_acc: 0.488 train_loss_sup: 1.830
[GPU0] epochs: [50/100] train_acc: 0.489 train_loss_sup: 1.826
[GPU0] Test Accuracy at epoch: 50: 0.308
[GPU0] epochs: [51/100] train_acc: 0.489 train_loss_sup: 1.825
[GPU0] epochs: [52/100] train_acc: 0.491 train_loss_sup: 1.819
[GPU0] epochs: [53/100] train_acc: 0.489 train_loss_sup: 1.816
[GPU0] epochs: [54/100] train_acc: 0.489 train_loss_sup: 1.814
[GPU0] epochs: [55/100] train_acc: 0.490 train_loss_sup: 1.813
[GPU0] epochs: [56/100] train_acc: 0.491 train_loss_sup: 1.809
[GPU0] epochs: [57/100] train_acc: 0.492 train_loss_sup: 1.805
[GPU0] epochs: [58/100] train_acc: 0.490 train_loss_sup: 1.806
[GPU0] epochs: [59/100] train_acc: 0.495 train_loss_sup: 1.800
[GPU0] epochs: [60/100] train_acc: 0.491 train_loss_sup: 1.798
[GPU0] Test Accuracy at epoch: 60: 0.312
[GPU0] epochs: [61/100] train_acc: 0.494 train_loss_sup: 1.796
[GPU0] epochs: [62/100] train_acc: 0.491 train_loss_sup: 1.793
[GPU0] epochs: [63/100] train_acc: 0.492 train_loss_sup: 1.793
[GPU0] epochs: [64/100] train_acc: 0.493 train_loss_sup: 1.790
[GPU0] epochs: [65/100] train_acc: 0.492 train_loss_sup: 1.790
[GPU0] epochs: [66/100] train_acc: 0.493 train_loss_sup: 1.788
[GPU0] epochs: [67/100] train_acc: 0.496 train_loss_sup: 1.784
[GPU0] epochs: [68/100] train_acc: 0.494 train_loss_sup: 1.783
[GPU0] epochs: [69/100] train_acc: 0.493 train_loss_sup: 1.783
[GPU0] epochs: [70/100] train_acc: 0.494 train_loss_sup: 1.781
[GPU0] Test Accuracy at epoch: 70: 0.318
[GPU0] epochs: [71/100] train_acc: 0.496 train_loss_sup: 1.779
[GPU0] epochs: [72/100] train_acc: 0.492 train_loss_sup: 1.781
[GPU0] epochs: [73/100] train_acc: 0.494 train_loss_sup: 1.779
[GPU0] epochs: [74/100] train_acc: 0.493 train_loss_sup: 1.778
[GPU0] epochs: [75/100] train_acc: 0.495 train_loss_sup: 1.776
[GPU0] epochs: [76/100] train_acc: 0.494 train_loss_sup: 1.776
[GPU0] epochs: [77/100] train_acc: 0.494 train_loss_sup: 1.774
[GPU0] epochs: [78/100] train_acc: 0.496 train_loss_sup: 1.773
[GPU0] epochs: [79/100] train_acc: 0.495 train_loss_sup: 1.773
[GPU0] epochs: [80/100] train_acc: 0.495 train_loss_sup: 1.774
[GPU0] Test Accuracy at epoch: 80: 0.319
[GPU0] epochs: [81/100] train_acc: 0.495 train_loss_sup: 1.772
[GPU0] epochs: [82/100] train_acc: 0.495 train_loss_sup: 1.771
[GPU0] epochs: [83/100] train_acc: 0.496 train_loss_sup: 1.771
[GPU0] epochs: [84/100] train_acc: 0.495 train_loss_sup: 1.771
[GPU0] epochs: [85/100] train_acc: 0.498 train_loss_sup: 1.771
[GPU0] epochs: [86/100] train_acc: 0.496 train_loss_sup: 1.771
[GPU0] epochs: [87/100] train_acc: 0.495 train_loss_sup: 1.768
[GPU0] epochs: [88/100] train_acc: 0.497 train_loss_sup: 1.768
[GPU0] epochs: [89/100] train_acc: 0.498 train_loss_sup: 1.769
[GPU0] epochs: [90/100] train_acc: 0.495 train_loss_sup: 1.770
[GPU0] Test Accuracy at epoch: 90: 0.321
[GPU0] epochs: [91/100] train_acc: 0.497 train_loss_sup: 1.768
[GPU0] epochs: [92/100] train_acc: 0.496 train_loss_sup: 1.768
[GPU0] epochs: [93/100] train_acc: 0.493 train_loss_sup: 1.769
[GPU0] epochs: [94/100] train_acc: 0.495 train_loss_sup: 1.768
[GPU0] epochs: [95/100] train_acc: 0.498 train_loss_sup: 1.769
[GPU0] epochs: [96/100] train_acc: 0.495 train_loss_sup: 1.769
[GPU0] epochs: [97/100] train_acc: 0.496 train_loss_sup: 1.768
[GPU0] epochs: [98/100] train_acc: 0.495 train_loss_sup: 1.768
[GPU0] epochs: [99/100] train_acc: 0.496 train_loss_sup: 1.769
[GPU0] epochs: [100/100] train_acc: 0.496 train_loss_sup: 1.767
[GPU0] Final Test Accuracy: 0.321
LR: 0.100 | WD: 0.000000 | Cosine: True | test Acc: 0.321%
===> using linear mlp
Scheduler: <torch.optim.lr_scheduler.CosineAnnealingLR object at 0x746783faed10>
MLP: MLP(
  (mlp): Linear(in_features=512, out_features=10, bias=True)
)
[GPU0] Test Accuracy at epoch: 0: 0.192
[GPU0] epochs: [1/100] train_acc: 0.243 train_loss_sup: 2.232
[GPU0] epochs: [2/100] train_acc: 0.386 train_loss_sup: 2.082
[GPU0] epochs: [3/100] train_acc: 0.439 train_loss_sup: 1.968
[GPU0] epochs: [4/100] train_acc: 0.460 train_loss_sup: 1.878
[GPU0] epochs: [5/100] train_acc: 0.475 train_loss_sup: 1.808
[GPU0] epochs: [6/100] train_acc: 0.485 train_loss_sup: 1.754
[GPU0] epochs: [7/100] train_acc: 0.492 train_loss_sup: 1.706
[GPU0] epochs: [8/100] train_acc: 0.496 train_loss_sup: 1.671
[GPU0] epochs: [9/100] train_acc: 0.498 train_loss_sup: 1.639
[GPU0] epochs: [10/100] train_acc: 0.508 train_loss_sup: 1.606
[GPU0] Test Accuracy at epoch: 10: 0.367
[GPU0] epochs: [11/100] train_acc: 0.510 train_loss_sup: 1.584
[GPU0] epochs: [12/100] train_acc: 0.515 train_loss_sup: 1.562
[GPU0] epochs: [13/100] train_acc: 0.518 train_loss_sup: 1.542
[GPU0] epochs: [14/100] train_acc: 0.526 train_loss_sup: 1.523
[GPU0] epochs: [15/100] train_acc: 0.527 train_loss_sup: 1.510
[GPU0] epochs: [16/100] train_acc: 0.524 train_loss_sup: 1.499
[GPU0] epochs: [17/100] train_acc: 0.530 train_loss_sup: 1.483
[GPU0] epochs: [18/100] train_acc: 0.533 train_loss_sup: 1.472
[GPU0] epochs: [19/100] train_acc: 0.533 train_loss_sup: 1.463
[GPU0] epochs: [20/100] train_acc: 0.539 train_loss_sup: 1.450
[GPU0] Test Accuracy at epoch: 20: 0.443
[GPU0] epochs: [21/100] train_acc: 0.538 train_loss_sup: 1.443
[GPU0] epochs: [22/100] train_acc: 0.539 train_loss_sup: 1.434
[GPU0] epochs: [23/100] train_acc: 0.544 train_loss_sup: 1.424
[GPU0] epochs: [24/100] train_acc: 0.544 train_loss_sup: 1.416
[GPU0] epochs: [25/100] train_acc: 0.547 train_loss_sup: 1.409
[GPU0] epochs: [26/100] train_acc: 0.547 train_loss_sup: 1.406
[GPU0] epochs: [27/100] train_acc: 0.548 train_loss_sup: 1.395
[GPU0] epochs: [28/100] train_acc: 0.549 train_loss_sup: 1.396
[GPU0] epochs: [29/100] train_acc: 0.550 train_loss_sup: 1.389
[GPU0] epochs: [30/100] train_acc: 0.552 train_loss_sup: 1.384
[GPU0] Test Accuracy at epoch: 30: 0.473
[GPU0] epochs: [31/100] train_acc: 0.556 train_loss_sup: 1.375
[GPU0] epochs: [32/100] train_acc: 0.555 train_loss_sup: 1.375
[GPU0] epochs: [33/100] train_acc: 0.557 train_loss_sup: 1.368
[GPU0] epochs: [34/100] train_acc: 0.556 train_loss_sup: 1.363
[GPU0] epochs: [35/100] train_acc: 0.558 train_loss_sup: 1.362
[GPU0] epochs: [36/100] train_acc: 0.558 train_loss_sup: 1.358
[GPU0] epochs: [37/100] train_acc: 0.559 train_loss_sup: 1.353
[GPU0] epochs: [38/100] train_acc: 0.562 train_loss_sup: 1.349
[GPU0] epochs: [39/100] train_acc: 0.560 train_loss_sup: 1.348
[GPU0] epochs: [40/100] train_acc: 0.564 train_loss_sup: 1.343
[GPU0] Test Accuracy at epoch: 40: 0.505
[GPU0] epochs: [41/100] train_acc: 0.564 train_loss_sup: 1.342
[GPU0] epochs: [42/100] train_acc: 0.562 train_loss_sup: 1.339
[GPU0] epochs: [43/100] train_acc: 0.561 train_loss_sup: 1.339
[GPU0] epochs: [44/100] train_acc: 0.569 train_loss_sup: 1.329
[GPU0] epochs: [45/100] train_acc: 0.565 train_loss_sup: 1.331
[GPU0] epochs: [46/100] train_acc: 0.565 train_loss_sup: 1.331
[GPU0] epochs: [47/100] train_acc: 0.566 train_loss_sup: 1.330
[GPU0] epochs: [48/100] train_acc: 0.569 train_loss_sup: 1.325
[GPU0] epochs: [49/100] train_acc: 0.568 train_loss_sup: 1.324
[GPU0] epochs: [50/100] train_acc: 0.571 train_loss_sup: 1.318
[GPU0] Test Accuracy at epoch: 50: 0.532
[GPU0] epochs: [51/100] train_acc: 0.567 train_loss_sup: 1.321
[GPU0] epochs: [52/100] train_acc: 0.570 train_loss_sup: 1.319
[GPU0] epochs: [53/100] train_acc: 0.568 train_loss_sup: 1.316
[GPU0] epochs: [54/100] train_acc: 0.570 train_loss_sup: 1.316
[GPU0] epochs: [55/100] train_acc: 0.572 train_loss_sup: 1.312
[GPU0] epochs: [56/100] train_acc: 0.574 train_loss_sup: 1.312
[GPU0] epochs: [57/100] train_acc: 0.570 train_loss_sup: 1.310
[GPU0] epochs: [58/100] train_acc: 0.574 train_loss_sup: 1.311
[GPU0] epochs: [59/100] train_acc: 0.574 train_loss_sup: 1.306
[GPU0] epochs: [60/100] train_acc: 0.572 train_loss_sup: 1.306
[GPU0] Test Accuracy at epoch: 60: 0.532
[GPU0] epochs: [61/100] train_acc: 0.573 train_loss_sup: 1.307
[GPU0] epochs: [62/100] train_acc: 0.574 train_loss_sup: 1.306
[GPU0] epochs: [63/100] train_acc: 0.573 train_loss_sup: 1.301
[GPU0] epochs: [64/100] train_acc: 0.574 train_loss_sup: 1.301
[GPU0] epochs: [65/100] train_acc: 0.573 train_loss_sup: 1.301
[GPU0] epochs: [66/100] train_acc: 0.574 train_loss_sup: 1.301
[GPU0] epochs: [67/100] train_acc: 0.574 train_loss_sup: 1.303
[GPU0] epochs: [68/100] train_acc: 0.575 train_loss_sup: 1.294
[GPU0] epochs: [69/100] train_acc: 0.575 train_loss_sup: 1.301
[GPU0] epochs: [70/100] train_acc: 0.575 train_loss_sup: 1.299
[GPU0] Test Accuracy at epoch: 70: 0.539
[GPU0] epochs: [71/100] train_acc: 0.575 train_loss_sup: 1.300
[GPU0] epochs: [72/100] train_acc: 0.578 train_loss_sup: 1.292
[GPU0] epochs: [73/100] train_acc: 0.576 train_loss_sup: 1.298
[GPU0] epochs: [74/100] train_acc: 0.578 train_loss_sup: 1.292
[GPU0] epochs: [75/100] train_acc: 0.575 train_loss_sup: 1.293
[GPU0] epochs: [76/100] train_acc: 0.577 train_loss_sup: 1.291
[GPU0] epochs: [77/100] train_acc: 0.578 train_loss_sup: 1.293
[GPU0] epochs: [78/100] train_acc: 0.577 train_loss_sup: 1.291
[GPU0] epochs: [79/100] train_acc: 0.580 train_loss_sup: 1.288
[GPU0] epochs: [80/100] train_acc: 0.576 train_loss_sup: 1.296
[GPU0] Test Accuracy at epoch: 80: 0.54
[GPU0] epochs: [81/100] train_acc: 0.576 train_loss_sup: 1.295
[GPU0] epochs: [82/100] train_acc: 0.582 train_loss_sup: 1.289
[GPU0] epochs: [83/100] train_acc: 0.576 train_loss_sup: 1.296
[GPU0] epochs: [84/100] train_acc: 0.575 train_loss_sup: 1.291
[GPU0] epochs: [85/100] train_acc: 0.578 train_loss_sup: 1.290
[GPU0] epochs: [86/100] train_acc: 0.577 train_loss_sup: 1.292
[GPU0] epochs: [87/100] train_acc: 0.578 train_loss_sup: 1.291
[GPU0] epochs: [88/100] train_acc: 0.579 train_loss_sup: 1.286
[GPU0] epochs: [89/100] train_acc: 0.579 train_loss_sup: 1.291
[GPU0] epochs: [90/100] train_acc: 0.577 train_loss_sup: 1.291
[GPU0] Test Accuracy at epoch: 90: 0.541
[GPU0] epochs: [91/100] train_acc: 0.575 train_loss_sup: 1.295
[GPU0] epochs: [92/100] train_acc: 0.579 train_loss_sup: 1.288
[GPU0] epochs: [93/100] train_acc: 0.579 train_loss_sup: 1.290
[GPU0] epochs: [94/100] train_acc: 0.578 train_loss_sup: 1.292
[GPU0] epochs: [95/100] train_acc: 0.576 train_loss_sup: 1.296
[GPU0] epochs: [96/100] train_acc: 0.577 train_loss_sup: 1.291
[GPU0] epochs: [97/100] train_acc: 0.576 train_loss_sup: 1.293
[GPU0] epochs: [98/100] train_acc: 0.579 train_loss_sup: 1.288
[GPU0] epochs: [99/100] train_acc: 0.576 train_loss_sup: 1.287
[GPU0] epochs: [100/100] train_acc: 0.577 train_loss_sup: 1.291
[GPU0] Final Test Accuracy: 0.541
LR: 1.000 | WD: 0.000001 | Cosine: True | test Acc: 0.541%
===> using linear mlp
Scheduler: <torch.optim.lr_scheduler.CosineAnnealingLR object at 0x746776f97ca0>
MLP: MLP(
  (mlp): Linear(in_features=512, out_features=10, bias=True)
)
[GPU0] Test Accuracy at epoch: 0: 0.271
[GPU0] epochs: [1/100] train_acc: 0.221 train_loss_sup: 2.234
[GPU0] epochs: [2/100] train_acc: 0.388 train_loss_sup: 2.094
[GPU0] epochs: [3/100] train_acc: 0.436 train_loss_sup: 1.994
[GPU0] epochs: [4/100] train_acc: 0.455 train_loss_sup: 1.923
[GPU0] epochs: [5/100] train_acc: 0.460 train_loss_sup: 1.873
[GPU0] epochs: [6/100] train_acc: 0.470 train_loss_sup: 1.834
[GPU0] epochs: [7/100] train_acc: 0.475 train_loss_sup: 1.805
[GPU0] epochs: [8/100] train_acc: 0.483 train_loss_sup: 1.781
[GPU0] epochs: [9/100] train_acc: 0.484 train_loss_sup: 1.765
[GPU0] epochs: [10/100] train_acc: 0.490 train_loss_sup: 1.748
[GPU0] Test Accuracy at epoch: 10: 0.334
[GPU0] epochs: [11/100] train_acc: 0.497 train_loss_sup: 1.734
[GPU0] epochs: [12/100] train_acc: 0.498 train_loss_sup: 1.725
[GPU0] epochs: [13/100] train_acc: 0.501 train_loss_sup: 1.715
[GPU0] epochs: [14/100] train_acc: 0.505 train_loss_sup: 1.709
[GPU0] epochs: [15/100] train_acc: 0.507 train_loss_sup: 1.700
[GPU0] epochs: [16/100] train_acc: 0.507 train_loss_sup: 1.699
[GPU0] epochs: [17/100] train_acc: 0.509 train_loss_sup: 1.695
[GPU0] epochs: [18/100] train_acc: 0.507 train_loss_sup: 1.690
[GPU0] epochs: [19/100] train_acc: 0.510 train_loss_sup: 1.687
[GPU0] epochs: [20/100] train_acc: 0.508 train_loss_sup: 1.687
[GPU0] Test Accuracy at epoch: 20: 0.366
[GPU0] epochs: [21/100] train_acc: 0.514 train_loss_sup: 1.684
[GPU0] epochs: [22/100] train_acc: 0.513 train_loss_sup: 1.682
[GPU0] epochs: [23/100] train_acc: 0.512 train_loss_sup: 1.682
[GPU0] epochs: [24/100] train_acc: 0.513 train_loss_sup: 1.680
[GPU0] epochs: [25/100] train_acc: 0.515 train_loss_sup: 1.677
[GPU0] epochs: [26/100] train_acc: 0.515 train_loss_sup: 1.677
[GPU0] epochs: [27/100] train_acc: 0.511 train_loss_sup: 1.679
[GPU0] epochs: [28/100] train_acc: 0.516 train_loss_sup: 1.675
[GPU0] epochs: [29/100] train_acc: 0.518 train_loss_sup: 1.676
[GPU0] epochs: [30/100] train_acc: 0.517 train_loss_sup: 1.675
[GPU0] Test Accuracy at epoch: 30: 0.388
[GPU0] epochs: [31/100] train_acc: 0.515 train_loss_sup: 1.675
[GPU0] epochs: [32/100] train_acc: 0.519 train_loss_sup: 1.675
[GPU0] epochs: [33/100] train_acc: 0.517 train_loss_sup: 1.674
[GPU0] epochs: [34/100] train_acc: 0.518 train_loss_sup: 1.672
[GPU0] epochs: [35/100] train_acc: 0.520 train_loss_sup: 1.671
[GPU0] epochs: [36/100] train_acc: 0.521 train_loss_sup: 1.671
[GPU0] epochs: [37/100] train_acc: 0.521 train_loss_sup: 1.670
[GPU0] epochs: [38/100] train_acc: 0.520 train_loss_sup: 1.672
[GPU0] epochs: [39/100] train_acc: 0.522 train_loss_sup: 1.670
[GPU0] epochs: [40/100] train_acc: 0.519 train_loss_sup: 1.674
[GPU0] Test Accuracy at epoch: 40: 0.386
[GPU0] epochs: [41/100] train_acc: 0.525 train_loss_sup: 1.670
[GPU0] epochs: [42/100] train_acc: 0.524 train_loss_sup: 1.669
[GPU0] epochs: [43/100] train_acc: 0.518 train_loss_sup: 1.672
[GPU0] epochs: [44/100] train_acc: 0.521 train_loss_sup: 1.670
[GPU0] epochs: [45/100] train_acc: 0.523 train_loss_sup: 1.670
[GPU0] epochs: [46/100] train_acc: 0.521 train_loss_sup: 1.673
[GPU0] epochs: [47/100] train_acc: 0.520 train_loss_sup: 1.672
[GPU0] epochs: [48/100] train_acc: 0.520 train_loss_sup: 1.671
[GPU0] epochs: [49/100] train_acc: 0.523 train_loss_sup: 1.671
[GPU0] epochs: [50/100] train_acc: 0.521 train_loss_sup: 1.670
[GPU0] Test Accuracy at epoch: 50: 0.399
[GPU0] epochs: [51/100] train_acc: 0.524 train_loss_sup: 1.670
[GPU0] epochs: [52/100] train_acc: 0.521 train_loss_sup: 1.672
[GPU0] epochs: [53/100] train_acc: 0.523 train_loss_sup: 1.669
[GPU0] epochs: [54/100] train_acc: 0.523 train_loss_sup: 1.671
[GPU0] epochs: [55/100] train_acc: 0.522 train_loss_sup: 1.671
[GPU0] epochs: [56/100] train_acc: 0.522 train_loss_sup: 1.671
[GPU0] epochs: [57/100] train_acc: 0.526 train_loss_sup: 1.668
[GPU0] epochs: [58/100] train_acc: 0.523 train_loss_sup: 1.669
[GPU0] epochs: [59/100] train_acc: 0.522 train_loss_sup: 1.671
[GPU0] epochs: [60/100] train_acc: 0.521 train_loss_sup: 1.670
[GPU0] Test Accuracy at epoch: 60: 0.367
[GPU0] epochs: [61/100] train_acc: 0.524 train_loss_sup: 1.671
[GPU0] epochs: [62/100] train_acc: 0.521 train_loss_sup: 1.671
[GPU0] epochs: [63/100] train_acc: 0.525 train_loss_sup: 1.668
[GPU0] epochs: [64/100] train_acc: 0.526 train_loss_sup: 1.669
[GPU0] epochs: [65/100] train_acc: 0.524 train_loss_sup: 1.669
[GPU0] epochs: [66/100] train_acc: 0.525 train_loss_sup: 1.669
[GPU0] epochs: [67/100] train_acc: 0.524 train_loss_sup: 1.668
[GPU0] epochs: [68/100] train_acc: 0.524 train_loss_sup: 1.668
[GPU0] epochs: [69/100] train_acc: 0.528 train_loss_sup: 1.669
[GPU0] epochs: [70/100] train_acc: 0.524 train_loss_sup: 1.670
[GPU0] Test Accuracy at epoch: 70: 0.405
[GPU0] epochs: [71/100] train_acc: 0.525 train_loss_sup: 1.670
[GPU0] epochs: [72/100] train_acc: 0.522 train_loss_sup: 1.670
[GPU0] epochs: [73/100] train_acc: 0.526 train_loss_sup: 1.667
[GPU0] epochs: [74/100] train_acc: 0.527 train_loss_sup: 1.669
[GPU0] epochs: [75/100] train_acc: 0.525 train_loss_sup: 1.670
[GPU0] epochs: [76/100] train_acc: 0.526 train_loss_sup: 1.668
[GPU0] epochs: [77/100] train_acc: 0.527 train_loss_sup: 1.668
[GPU0] epochs: [78/100] train_acc: 0.528 train_loss_sup: 1.667
[GPU0] epochs: [79/100] train_acc: 0.531 train_loss_sup: 1.667
[GPU0] epochs: [80/100] train_acc: 0.526 train_loss_sup: 1.668
[GPU0] Test Accuracy at epoch: 80: 0.384
[GPU0] epochs: [81/100] train_acc: 0.530 train_loss_sup: 1.667
[GPU0] epochs: [82/100] train_acc: 0.527 train_loss_sup: 1.670
[GPU0] epochs: [83/100] train_acc: 0.529 train_loss_sup: 1.666
[GPU0] epochs: [84/100] train_acc: 0.524 train_loss_sup: 1.669
[GPU0] epochs: [85/100] train_acc: 0.528 train_loss_sup: 1.666
[GPU0] epochs: [86/100] train_acc: 0.529 train_loss_sup: 1.668
[GPU0] epochs: [87/100] train_acc: 0.531 train_loss_sup: 1.667
[GPU0] epochs: [88/100] train_acc: 0.524 train_loss_sup: 1.668
[GPU0] epochs: [89/100] train_acc: 0.528 train_loss_sup: 1.669
[GPU0] epochs: [90/100] train_acc: 0.526 train_loss_sup: 1.668
[GPU0] Test Accuracy at epoch: 90: 0.391
[GPU0] epochs: [91/100] train_acc: 0.529 train_loss_sup: 1.666
[GPU0] epochs: [92/100] train_acc: 0.528 train_loss_sup: 1.667
[GPU0] epochs: [93/100] train_acc: 0.528 train_loss_sup: 1.666
[GPU0] epochs: [94/100] train_acc: 0.528 train_loss_sup: 1.669
[GPU0] epochs: [95/100] train_acc: 0.528 train_loss_sup: 1.665
[GPU0] epochs: [96/100] train_acc: 0.525 train_loss_sup: 1.667
[GPU0] epochs: [97/100] train_acc: 0.527 train_loss_sup: 1.669
[GPU0] epochs: [98/100] train_acc: 0.527 train_loss_sup: 1.667
[GPU0] epochs: [99/100] train_acc: 0.526 train_loss_sup: 1.668
[GPU0] epochs: [100/100] train_acc: 0.529 train_loss_sup: 1.668
[GPU0] Final Test Accuracy: 0.39
LR: 1.000 | WD: 0.000100 | Cosine: True | test Acc: 0.405%
===> using linear mlp
Scheduler: <torch.optim.lr_scheduler.CosineAnnealingLR object at 0x746776f97c70>
MLP: MLP(
  (mlp): Linear(in_features=512, out_features=10, bias=True)
)
[GPU0] Test Accuracy at epoch: 0: 0.169
[GPU0] epochs: [1/100] train_acc: 0.233 train_loss_sup: 2.232
[GPU0] epochs: [2/100] train_acc: 0.408 train_loss_sup: 2.082
[GPU0] epochs: [3/100] train_acc: 0.432 train_loss_sup: 1.969
[GPU0] epochs: [4/100] train_acc: 0.461 train_loss_sup: 1.878
[GPU0] epochs: [5/100] train_acc: 0.476 train_loss_sup: 1.807
[GPU0] epochs: [6/100] train_acc: 0.479 train_loss_sup: 1.753
[GPU0] epochs: [7/100] train_acc: 0.491 train_loss_sup: 1.706
[GPU0] epochs: [8/100] train_acc: 0.500 train_loss_sup: 1.666
[GPU0] epochs: [9/100] train_acc: 0.503 train_loss_sup: 1.635
[GPU0] epochs: [10/100] train_acc: 0.509 train_loss_sup: 1.606
[GPU0] Test Accuracy at epoch: 10: 0.377
[GPU0] epochs: [11/100] train_acc: 0.513 train_loss_sup: 1.581
[GPU0] epochs: [12/100] train_acc: 0.515 train_loss_sup: 1.558
[GPU0] epochs: [13/100] train_acc: 0.520 train_loss_sup: 1.540
[GPU0] epochs: [14/100] train_acc: 0.523 train_loss_sup: 1.523
[GPU0] epochs: [15/100] train_acc: 0.525 train_loss_sup: 1.507
[GPU0] epochs: [16/100] train_acc: 0.527 train_loss_sup: 1.496
[GPU0] epochs: [17/100] train_acc: 0.528 train_loss_sup: 1.482
[GPU0] epochs: [18/100] train_acc: 0.535 train_loss_sup: 1.470
[GPU0] epochs: [19/100] train_acc: 0.536 train_loss_sup: 1.456
[GPU0] epochs: [20/100] train_acc: 0.539 train_loss_sup: 1.444
[GPU0] Test Accuracy at epoch: 20: 0.453
[GPU0] epochs: [21/100] train_acc: 0.540 train_loss_sup: 1.439
[GPU0] epochs: [22/100] train_acc: 0.540 train_loss_sup: 1.432
[GPU0] epochs: [23/100] train_acc: 0.540 train_loss_sup: 1.426
[GPU0] epochs: [24/100] train_acc: 0.545 train_loss_sup: 1.416
[GPU0] epochs: [25/100] train_acc: 0.546 train_loss_sup: 1.407
[GPU0] epochs: [26/100] train_acc: 0.549 train_loss_sup: 1.403
[GPU0] epochs: [27/100] train_acc: 0.548 train_loss_sup: 1.395
[GPU0] epochs: [28/100] train_acc: 0.547 train_loss_sup: 1.391
[GPU0] epochs: [29/100] train_acc: 0.553 train_loss_sup: 1.381
[GPU0] epochs: [30/100] train_acc: 0.553 train_loss_sup: 1.379
[GPU0] Test Accuracy at epoch: 30: 0.489
[GPU0] epochs: [31/100] train_acc: 0.555 train_loss_sup: 1.374
[GPU0] epochs: [32/100] train_acc: 0.557 train_loss_sup: 1.372
[GPU0] epochs: [33/100] train_acc: 0.557 train_loss_sup: 1.365
[GPU0] epochs: [34/100] train_acc: 0.559 train_loss_sup: 1.361
[GPU0] epochs: [35/100] train_acc: 0.557 train_loss_sup: 1.356
[GPU0] epochs: [36/100] train_acc: 0.559 train_loss_sup: 1.353
[GPU0] epochs: [37/100] train_acc: 0.560 train_loss_sup: 1.349
[GPU0] epochs: [38/100] train_acc: 0.562 train_loss_sup: 1.345
[GPU0] epochs: [39/100] train_acc: 0.562 train_loss_sup: 1.344
[GPU0] epochs: [40/100] train_acc: 0.562 train_loss_sup: 1.341
[GPU0] Test Accuracy at epoch: 40: 0.492
[GPU0] epochs: [41/100] train_acc: 0.565 train_loss_sup: 1.337
[GPU0] epochs: [42/100] train_acc: 0.565 train_loss_sup: 1.333
[GPU0] epochs: [43/100] train_acc: 0.565 train_loss_sup: 1.332
[GPU0] epochs: [44/100] train_acc: 0.563 train_loss_sup: 1.331
[GPU0] epochs: [45/100] train_acc: 0.566 train_loss_sup: 1.327
[GPU0] epochs: [46/100] train_acc: 0.568 train_loss_sup: 1.323
[GPU0] epochs: [47/100] train_acc: 0.567 train_loss_sup: 1.321
[GPU0] epochs: [48/100] train_acc: 0.570 train_loss_sup: 1.321
[GPU0] epochs: [49/100] train_acc: 0.569 train_loss_sup: 1.317
[GPU0] epochs: [50/100] train_acc: 0.571 train_loss_sup: 1.313
[GPU0] Test Accuracy at epoch: 50: 0.521
[GPU0] epochs: [51/100] train_acc: 0.570 train_loss_sup: 1.315
[GPU0] epochs: [52/100] train_acc: 0.569 train_loss_sup: 1.314
[GPU0] epochs: [53/100] train_acc: 0.572 train_loss_sup: 1.311
[GPU0] epochs: [54/100] train_acc: 0.573 train_loss_sup: 1.308
[GPU0] epochs: [55/100] train_acc: 0.571 train_loss_sup: 1.307
[GPU0] epochs: [56/100] train_acc: 0.571 train_loss_sup: 1.306
[GPU0] epochs: [57/100] train_acc: 0.572 train_loss_sup: 1.305
[GPU0] epochs: [58/100] train_acc: 0.574 train_loss_sup: 1.304
[GPU0] epochs: [59/100] train_acc: 0.571 train_loss_sup: 1.305
[GPU0] epochs: [60/100] train_acc: 0.574 train_loss_sup: 1.301
[GPU0] Test Accuracy at epoch: 60: 0.537
[GPU0] epochs: [61/100] train_acc: 0.573 train_loss_sup: 1.299
[GPU0] epochs: [62/100] train_acc: 0.577 train_loss_sup: 1.302
[GPU0] epochs: [63/100] train_acc: 0.573 train_loss_sup: 1.301
[GPU0] epochs: [64/100] train_acc: 0.576 train_loss_sup: 1.297
[GPU0] epochs: [65/100] train_acc: 0.576 train_loss_sup: 1.296
[GPU0] epochs: [66/100] train_acc: 0.573 train_loss_sup: 1.297
[GPU0] epochs: [67/100] train_acc: 0.574 train_loss_sup: 1.295
[GPU0] epochs: [68/100] train_acc: 0.579 train_loss_sup: 1.292
[GPU0] epochs: [69/100] train_acc: 0.577 train_loss_sup: 1.292
[GPU0] epochs: [70/100] train_acc: 0.575 train_loss_sup: 1.293
[GPU0] Test Accuracy at epoch: 70: 0.531
[GPU0] epochs: [71/100] train_acc: 0.577 train_loss_sup: 1.286
[GPU0] epochs: [72/100] train_acc: 0.576 train_loss_sup: 1.291
[GPU0] epochs: [73/100] train_acc: 0.575 train_loss_sup: 1.291
[GPU0] epochs: [74/100] train_acc: 0.578 train_loss_sup: 1.290
[GPU0] epochs: [75/100] train_acc: 0.577 train_loss_sup: 1.290
[GPU0] epochs: [76/100] train_acc: 0.576 train_loss_sup: 1.287
[GPU0] epochs: [77/100] train_acc: 0.578 train_loss_sup: 1.287
[GPU0] epochs: [78/100] train_acc: 0.579 train_loss_sup: 1.286
[GPU0] epochs: [79/100] train_acc: 0.575 train_loss_sup: 1.288
[GPU0] epochs: [80/100] train_acc: 0.576 train_loss_sup: 1.291
[GPU0] Test Accuracy at epoch: 80: 0.54
[GPU0] epochs: [81/100] train_acc: 0.581 train_loss_sup: 1.282
[GPU0] epochs: [82/100] train_acc: 0.577 train_loss_sup: 1.291
[GPU0] epochs: [83/100] train_acc: 0.578 train_loss_sup: 1.286
[GPU0] epochs: [84/100] train_acc: 0.577 train_loss_sup: 1.289
[GPU0] epochs: [85/100] train_acc: 0.580 train_loss_sup: 1.284
[GPU0] epochs: [86/100] train_acc: 0.576 train_loss_sup: 1.286
[GPU0] epochs: [87/100] train_acc: 0.575 train_loss_sup: 1.289
[GPU0] epochs: [88/100] train_acc: 0.579 train_loss_sup: 1.280
[GPU0] epochs: [89/100] train_acc: 0.578 train_loss_sup: 1.284
[GPU0] epochs: [90/100] train_acc: 0.578 train_loss_sup: 1.282
[GPU0] Test Accuracy at epoch: 90: 0.541
[GPU0] epochs: [91/100] train_acc: 0.579 train_loss_sup: 1.286
[GPU0] epochs: [92/100] train_acc: 0.578 train_loss_sup: 1.286
[GPU0] epochs: [93/100] train_acc: 0.578 train_loss_sup: 1.283
[GPU0] epochs: [94/100] train_acc: 0.577 train_loss_sup: 1.284
[GPU0] epochs: [95/100] train_acc: 0.582 train_loss_sup: 1.283
[GPU0] epochs: [96/100] train_acc: 0.578 train_loss_sup: 1.287
[GPU0] epochs: [97/100] train_acc: 0.579 train_loss_sup: 1.284
[GPU0] epochs: [98/100] train_acc: 0.579 train_loss_sup: 1.283
[GPU0] epochs: [99/100] train_acc: 0.578 train_loss_sup: 1.287
[GPU0] epochs: [100/100] train_acc: 0.582 train_loss_sup: 1.280
[GPU0] Final Test Accuracy: 0.542
LR: 1.000 | WD: 0.000000 | Cosine: True | test Acc: 0.542%
------------------------------
Best Test Accuracy: 0.593%
Optimal Hyperparameters: LR=1.0, WD=1e-06, Cosine=0
knn evalution
logistic regression evalution
clustering metrics evalution
knn_acc: 0.584
lreg_acc: 0.670
ari: 0.112
nmi: 0.192
ss: 0.027
dbs: 3.498
