Namespace(dataset='cifar100', saved_path='saved_models/simsiam.sc.timg.r18.pth', gpu=1, model='resnet18', verbose=False, epochs=100, eval_every=10, knn=True, lreg=True, linprobe=True, tsne=False, umap=False, cmet=True)
<All keys matched successfully>
Starting Hyperparameter Sweep on 1...
===> using linear mlp
Scheduler: None
MLP: MLP(
  (mlp): Linear(in_features=512, out_features=100, bias=True)
)
[GPU1] Test Accuracy at epoch: 0: 0.039
[GPU1] epochs: [1/100] train_acc: 0.012 train_loss_sup: 4.605
[GPU1] epochs: [2/100] train_acc: 0.021 train_loss_sup: 4.601
[GPU1] epochs: [3/100] train_acc: 0.037 train_loss_sup: 4.598
[GPU1] epochs: [4/100] train_acc: 0.059 train_loss_sup: 4.594
[GPU1] epochs: [5/100] train_acc: 0.056 train_loss_sup: 4.591
[GPU1] epochs: [6/100] train_acc: 0.077 train_loss_sup: 4.588
[GPU1] epochs: [7/100] train_acc: 0.095 train_loss_sup: 4.584
[GPU1] epochs: [8/100] train_acc: 0.107 train_loss_sup: 4.581
[GPU1] epochs: [9/100] train_acc: 0.124 train_loss_sup: 4.578
[GPU1] epochs: [10/100] train_acc: 0.126 train_loss_sup: 4.574
[GPU1] Test Accuracy at epoch: 10: 0.079
[GPU1] epochs: [11/100] train_acc: 0.128 train_loss_sup: 4.571
[GPU1] epochs: [12/100] train_acc: 0.142 train_loss_sup: 4.568
[GPU1] epochs: [13/100] train_acc: 0.137 train_loss_sup: 4.565
[GPU1] epochs: [14/100] train_acc: 0.149 train_loss_sup: 4.561
[GPU1] epochs: [15/100] train_acc: 0.156 train_loss_sup: 4.558
[GPU1] epochs: [16/100] train_acc: 0.151 train_loss_sup: 4.555
[GPU1] epochs: [17/100] train_acc: 0.156 train_loss_sup: 4.551
[GPU1] epochs: [18/100] train_acc: 0.155 train_loss_sup: 4.548
[GPU1] epochs: [19/100] train_acc: 0.158 train_loss_sup: 4.545
[GPU1] epochs: [20/100] train_acc: 0.159 train_loss_sup: 4.542
[GPU1] Test Accuracy at epoch: 20: 0.076
[GPU1] epochs: [21/100] train_acc: 0.168 train_loss_sup: 4.539
[GPU1] epochs: [22/100] train_acc: 0.165 train_loss_sup: 4.535
[GPU1] epochs: [23/100] train_acc: 0.173 train_loss_sup: 4.532
[GPU1] epochs: [24/100] train_acc: 0.167 train_loss_sup: 4.529
[GPU1] epochs: [25/100] train_acc: 0.165 train_loss_sup: 4.526
[GPU1] epochs: [26/100] train_acc: 0.168 train_loss_sup: 4.522
[GPU1] epochs: [27/100] train_acc: 0.180 train_loss_sup: 4.519
[GPU1] epochs: [28/100] train_acc: 0.175 train_loss_sup: 4.516
[GPU1] epochs: [29/100] train_acc: 0.176 train_loss_sup: 4.513
[GPU1] epochs: [30/100] train_acc: 0.176 train_loss_sup: 4.510
[GPU1] Test Accuracy at epoch: 30: 0.098
[GPU1] epochs: [31/100] train_acc: 0.178 train_loss_sup: 4.507
[GPU1] epochs: [32/100] train_acc: 0.173 train_loss_sup: 4.503
[GPU1] epochs: [33/100] train_acc: 0.183 train_loss_sup: 4.500
[GPU1] epochs: [34/100] train_acc: 0.171 train_loss_sup: 4.497
[GPU1] epochs: [35/100] train_acc: 0.187 train_loss_sup: 4.494
[GPU1] epochs: [36/100] train_acc: 0.175 train_loss_sup: 4.491
[GPU1] epochs: [37/100] train_acc: 0.183 train_loss_sup: 4.487
[GPU1] epochs: [38/100] train_acc: 0.182 train_loss_sup: 4.485
[GPU1] epochs: [39/100] train_acc: 0.186 train_loss_sup: 4.482
[GPU1] epochs: [40/100] train_acc: 0.189 train_loss_sup: 4.479
[GPU1] Test Accuracy at epoch: 40: 0.096
[GPU1] epochs: [41/100] train_acc: 0.187 train_loss_sup: 4.476
[GPU1] epochs: [42/100] train_acc: 0.175 train_loss_sup: 4.473
[GPU1] epochs: [43/100] train_acc: 0.187 train_loss_sup: 4.469
[GPU1] epochs: [44/100] train_acc: 0.186 train_loss_sup: 4.467
[GPU1] epochs: [45/100] train_acc: 0.188 train_loss_sup: 4.464
[GPU1] epochs: [46/100] train_acc: 0.180 train_loss_sup: 4.460
[GPU1] epochs: [47/100] train_acc: 0.188 train_loss_sup: 4.457
[GPU1] epochs: [48/100] train_acc: 0.182 train_loss_sup: 4.454
[GPU1] epochs: [49/100] train_acc: 0.190 train_loss_sup: 4.451
[GPU1] epochs: [50/100] train_acc: 0.185 train_loss_sup: 4.448
[GPU1] Test Accuracy at epoch: 50: 0.098
[GPU1] epochs: [51/100] train_acc: 0.191 train_loss_sup: 4.445
[GPU1] epochs: [52/100] train_acc: 0.188 train_loss_sup: 4.442
[GPU1] epochs: [53/100] train_acc: 0.188 train_loss_sup: 4.439
[GPU1] epochs: [54/100] train_acc: 0.192 train_loss_sup: 4.436
[GPU1] epochs: [55/100] train_acc: 0.191 train_loss_sup: 4.433
[GPU1] epochs: [56/100] train_acc: 0.192 train_loss_sup: 4.430
[GPU1] epochs: [57/100] train_acc: 0.192 train_loss_sup: 4.427
[GPU1] epochs: [58/100] train_acc: 0.189 train_loss_sup: 4.424
[GPU1] epochs: [59/100] train_acc: 0.195 train_loss_sup: 4.421
[GPU1] epochs: [60/100] train_acc: 0.188 train_loss_sup: 4.418
[GPU1] Test Accuracy at epoch: 60: 0.1
[GPU1] epochs: [61/100] train_acc: 0.194 train_loss_sup: 4.416
[GPU1] epochs: [62/100] train_acc: 0.187 train_loss_sup: 4.414
[GPU1] epochs: [63/100] train_acc: 0.200 train_loss_sup: 4.410
[GPU1] epochs: [64/100] train_acc: 0.193 train_loss_sup: 4.407
[GPU1] epochs: [65/100] train_acc: 0.194 train_loss_sup: 4.403
[GPU1] epochs: [66/100] train_acc: 0.195 train_loss_sup: 4.401
[GPU1] epochs: [67/100] train_acc: 0.192 train_loss_sup: 4.398
[GPU1] epochs: [68/100] train_acc: 0.193 train_loss_sup: 4.396
[GPU1] epochs: [69/100] train_acc: 0.196 train_loss_sup: 4.392
[GPU1] epochs: [70/100] train_acc: 0.196 train_loss_sup: 4.390
[GPU1] Test Accuracy at epoch: 70: 0.1
[GPU1] epochs: [71/100] train_acc: 0.200 train_loss_sup: 4.387
[GPU1] epochs: [72/100] train_acc: 0.190 train_loss_sup: 4.383
[GPU1] epochs: [73/100] train_acc: 0.195 train_loss_sup: 4.382
[GPU1] epochs: [74/100] train_acc: 0.190 train_loss_sup: 4.378
[GPU1] epochs: [75/100] train_acc: 0.194 train_loss_sup: 4.375
[GPU1] epochs: [76/100] train_acc: 0.199 train_loss_sup: 4.373
[GPU1] epochs: [77/100] train_acc: 0.199 train_loss_sup: 4.369
[GPU1] epochs: [78/100] train_acc: 0.198 train_loss_sup: 4.367
[GPU1] epochs: [79/100] train_acc: 0.197 train_loss_sup: 4.365
[GPU1] epochs: [80/100] train_acc: 0.196 train_loss_sup: 4.362
[GPU1] Test Accuracy at epoch: 80: 0.098
[GPU1] epochs: [81/100] train_acc: 0.195 train_loss_sup: 4.360
[GPU1] epochs: [82/100] train_acc: 0.197 train_loss_sup: 4.356
[GPU1] epochs: [83/100] train_acc: 0.202 train_loss_sup: 4.352
[GPU1] epochs: [84/100] train_acc: 0.200 train_loss_sup: 4.350
[GPU1] epochs: [85/100] train_acc: 0.202 train_loss_sup: 4.347
[GPU1] epochs: [86/100] train_acc: 0.199 train_loss_sup: 4.346
[GPU1] epochs: [87/100] train_acc: 0.200 train_loss_sup: 4.343
[GPU1] epochs: [88/100] train_acc: 0.198 train_loss_sup: 4.339
[GPU1] epochs: [89/100] train_acc: 0.194 train_loss_sup: 4.337
[GPU1] epochs: [90/100] train_acc: 0.203 train_loss_sup: 4.335
[GPU1] Test Accuracy at epoch: 90: 0.095
[GPU1] epochs: [91/100] train_acc: 0.201 train_loss_sup: 4.331
[GPU1] epochs: [92/100] train_acc: 0.200 train_loss_sup: 4.328
[GPU1] epochs: [93/100] train_acc: 0.200 train_loss_sup: 4.326
[GPU1] epochs: [94/100] train_acc: 0.199 train_loss_sup: 4.324
[GPU1] epochs: [95/100] train_acc: 0.204 train_loss_sup: 4.321
[GPU1] epochs: [96/100] train_acc: 0.201 train_loss_sup: 4.319
[GPU1] epochs: [97/100] train_acc: 0.202 train_loss_sup: 4.316
[GPU1] epochs: [98/100] train_acc: 0.197 train_loss_sup: 4.313
[GPU1] epochs: [99/100] train_acc: 0.201 train_loss_sup: 4.310
[GPU1] epochs: [100/100] train_acc: 0.203 train_loss_sup: 4.307
[GPU1] Final Test Accuracy: 0.106
LR: 0.100 | WD: 0.000001 | Cosine: False | test Acc: 0.106%
===> using linear mlp
Scheduler: None
MLP: MLP(
  (mlp): Linear(in_features=512, out_features=100, bias=True)
)
[GPU1] Test Accuracy at epoch: 0: 0.011
[GPU1] epochs: [1/100] train_acc: 0.010 train_loss_sup: 4.604
[GPU1] epochs: [2/100] train_acc: 0.026 train_loss_sup: 4.601
[GPU1] epochs: [3/100] train_acc: 0.040 train_loss_sup: 4.598
[GPU1] epochs: [4/100] train_acc: 0.050 train_loss_sup: 4.595
[GPU1] epochs: [5/100] train_acc: 0.067 train_loss_sup: 4.591
[GPU1] epochs: [6/100] train_acc: 0.079 train_loss_sup: 4.588
[GPU1] epochs: [7/100] train_acc: 0.086 train_loss_sup: 4.585
[GPU1] epochs: [8/100] train_acc: 0.100 train_loss_sup: 4.582
[GPU1] epochs: [9/100] train_acc: 0.120 train_loss_sup: 4.579
[GPU1] epochs: [10/100] train_acc: 0.115 train_loss_sup: 4.576
[GPU1] Test Accuracy at epoch: 10: 0.089
[GPU1] epochs: [11/100] train_acc: 0.123 train_loss_sup: 4.573
[GPU1] epochs: [12/100] train_acc: 0.135 train_loss_sup: 4.570
[GPU1] epochs: [13/100] train_acc: 0.136 train_loss_sup: 4.567
[GPU1] epochs: [14/100] train_acc: 0.136 train_loss_sup: 4.564
[GPU1] epochs: [15/100] train_acc: 0.148 train_loss_sup: 4.561
[GPU1] epochs: [16/100] train_acc: 0.137 train_loss_sup: 4.558
[GPU1] epochs: [17/100] train_acc: 0.154 train_loss_sup: 4.555
[GPU1] epochs: [18/100] train_acc: 0.158 train_loss_sup: 4.553
[GPU1] epochs: [19/100] train_acc: 0.151 train_loss_sup: 4.550
[GPU1] epochs: [20/100] train_acc: 0.161 train_loss_sup: 4.547
[GPU1] Test Accuracy at epoch: 20: 0.096
[GPU1] epochs: [21/100] train_acc: 0.156 train_loss_sup: 4.544
[GPU1] epochs: [22/100] train_acc: 0.164 train_loss_sup: 4.542
[GPU1] epochs: [23/100] train_acc: 0.162 train_loss_sup: 4.539
[GPU1] epochs: [24/100] train_acc: 0.165 train_loss_sup: 4.537
[GPU1] epochs: [25/100] train_acc: 0.167 train_loss_sup: 4.534
[GPU1] epochs: [26/100] train_acc: 0.170 train_loss_sup: 4.532
[GPU1] epochs: [27/100] train_acc: 0.159 train_loss_sup: 4.529
[GPU1] epochs: [28/100] train_acc: 0.173 train_loss_sup: 4.526
[GPU1] epochs: [29/100] train_acc: 0.163 train_loss_sup: 4.524
[GPU1] epochs: [30/100] train_acc: 0.169 train_loss_sup: 4.522
[GPU1] Test Accuracy at epoch: 30: 0.091
[GPU1] epochs: [31/100] train_acc: 0.176 train_loss_sup: 4.519
[GPU1] epochs: [32/100] train_acc: 0.175 train_loss_sup: 4.517
[GPU1] epochs: [33/100] train_acc: 0.171 train_loss_sup: 4.515
[GPU1] epochs: [34/100] train_acc: 0.180 train_loss_sup: 4.512
[GPU1] epochs: [35/100] train_acc: 0.173 train_loss_sup: 4.510
[GPU1] epochs: [36/100] train_acc: 0.178 train_loss_sup: 4.508
[GPU1] epochs: [37/100] train_acc: 0.179 train_loss_sup: 4.506
[GPU1] epochs: [38/100] train_acc: 0.181 train_loss_sup: 4.504
[GPU1] epochs: [39/100] train_acc: 0.179 train_loss_sup: 4.501
[GPU1] epochs: [40/100] train_acc: 0.169 train_loss_sup: 4.499
[GPU1] Test Accuracy at epoch: 40: 0.09
[GPU1] epochs: [41/100] train_acc: 0.181 train_loss_sup: 4.497
[GPU1] epochs: [42/100] train_acc: 0.183 train_loss_sup: 4.495
[GPU1] epochs: [43/100] train_acc: 0.179 train_loss_sup: 4.493
[GPU1] epochs: [44/100] train_acc: 0.186 train_loss_sup: 4.491
[GPU1] epochs: [45/100] train_acc: 0.178 train_loss_sup: 4.489
[GPU1] epochs: [46/100] train_acc: 0.175 train_loss_sup: 4.487
[GPU1] epochs: [47/100] train_acc: 0.192 train_loss_sup: 4.485
[GPU1] epochs: [48/100] train_acc: 0.179 train_loss_sup: 4.483
[GPU1] epochs: [49/100] train_acc: 0.186 train_loss_sup: 4.481
[GPU1] epochs: [50/100] train_acc: 0.179 train_loss_sup: 4.480
[GPU1] Test Accuracy at epoch: 50: 0.09
[GPU1] epochs: [51/100] train_acc: 0.191 train_loss_sup: 4.477
[GPU1] epochs: [52/100] train_acc: 0.180 train_loss_sup: 4.475
[GPU1] epochs: [53/100] train_acc: 0.186 train_loss_sup: 4.474
[GPU1] epochs: [54/100] train_acc: 0.184 train_loss_sup: 4.472
[GPU1] epochs: [55/100] train_acc: 0.192 train_loss_sup: 4.470
[GPU1] epochs: [56/100] train_acc: 0.185 train_loss_sup: 4.468
[GPU1] epochs: [57/100] train_acc: 0.189 train_loss_sup: 4.466
[GPU1] epochs: [58/100] train_acc: 0.183 train_loss_sup: 4.465
[GPU1] epochs: [59/100] train_acc: 0.186 train_loss_sup: 4.463
[GPU1] epochs: [60/100] train_acc: 0.188 train_loss_sup: 4.461
[GPU1] Test Accuracy at epoch: 60: 0.093
[GPU1] epochs: [61/100] train_acc: 0.187 train_loss_sup: 4.460
[GPU1] epochs: [62/100] train_acc: 0.187 train_loss_sup: 4.458
[GPU1] epochs: [63/100] train_acc: 0.179 train_loss_sup: 4.457
[GPU1] epochs: [64/100] train_acc: 0.195 train_loss_sup: 4.455
[GPU1] epochs: [65/100] train_acc: 0.193 train_loss_sup: 4.454
[GPU1] epochs: [66/100] train_acc: 0.187 train_loss_sup: 4.452
[GPU1] epochs: [67/100] train_acc: 0.187 train_loss_sup: 4.450
[GPU1] epochs: [68/100] train_acc: 0.182 train_loss_sup: 4.448
[GPU1] epochs: [69/100] train_acc: 0.189 train_loss_sup: 4.447
[GPU1] epochs: [70/100] train_acc: 0.191 train_loss_sup: 4.446
[GPU1] Test Accuracy at epoch: 70: 0.093
[GPU1] epochs: [71/100] train_acc: 0.193 train_loss_sup: 4.444
[GPU1] epochs: [72/100] train_acc: 0.190 train_loss_sup: 4.443
[GPU1] epochs: [73/100] train_acc: 0.189 train_loss_sup: 4.441
[GPU1] epochs: [74/100] train_acc: 0.190 train_loss_sup: 4.440
[GPU1] epochs: [75/100] train_acc: 0.186 train_loss_sup: 4.438
[GPU1] epochs: [76/100] train_acc: 0.189 train_loss_sup: 4.437
[GPU1] epochs: [77/100] train_acc: 0.190 train_loss_sup: 4.436
[GPU1] epochs: [78/100] train_acc: 0.192 train_loss_sup: 4.434
[GPU1] epochs: [79/100] train_acc: 0.193 train_loss_sup: 4.433
[GPU1] epochs: [80/100] train_acc: 0.186 train_loss_sup: 4.431
[GPU1] Test Accuracy at epoch: 80: 0.096
[GPU1] epochs: [81/100] train_acc: 0.188 train_loss_sup: 4.430
[GPU1] epochs: [82/100] train_acc: 0.188 train_loss_sup: 4.429
[GPU1] epochs: [83/100] train_acc: 0.196 train_loss_sup: 4.428
[GPU1] epochs: [84/100] train_acc: 0.190 train_loss_sup: 4.426
[GPU1] epochs: [85/100] train_acc: 0.190 train_loss_sup: 4.425
[GPU1] epochs: [86/100] train_acc: 0.193 train_loss_sup: 4.424
[GPU1] epochs: [87/100] train_acc: 0.196 train_loss_sup: 4.423
[GPU1] epochs: [88/100] train_acc: 0.192 train_loss_sup: 4.422
[GPU1] epochs: [89/100] train_acc: 0.193 train_loss_sup: 4.421
[GPU1] epochs: [90/100] train_acc: 0.191 train_loss_sup: 4.419
[GPU1] Test Accuracy at epoch: 90: 0.098
[GPU1] epochs: [91/100] train_acc: 0.190 train_loss_sup: 4.418
[GPU1] epochs: [92/100] train_acc: 0.197 train_loss_sup: 4.417
[GPU1] epochs: [93/100] train_acc: 0.189 train_loss_sup: 4.416
[GPU1] epochs: [94/100] train_acc: 0.196 train_loss_sup: 4.415
[GPU1] epochs: [95/100] train_acc: 0.196 train_loss_sup: 4.413
[GPU1] epochs: [96/100] train_acc: 0.191 train_loss_sup: 4.413
[GPU1] epochs: [97/100] train_acc: 0.192 train_loss_sup: 4.411
[GPU1] epochs: [98/100] train_acc: 0.196 train_loss_sup: 4.410
[GPU1] epochs: [99/100] train_acc: 0.191 train_loss_sup: 4.409
[GPU1] epochs: [100/100] train_acc: 0.193 train_loss_sup: 4.408
[GPU1] Final Test Accuracy: 0.096
LR: 0.100 | WD: 0.000100 | Cosine: False | test Acc: 0.098%
===> using linear mlp
Scheduler: None
MLP: MLP(
  (mlp): Linear(in_features=512, out_features=100, bias=True)
)
[GPU1] Test Accuracy at epoch: 0: 0.023
[GPU1] epochs: [1/100] train_acc: 0.013 train_loss_sup: 4.604
[GPU1] epochs: [2/100] train_acc: 0.022 train_loss_sup: 4.601
[GPU1] epochs: [3/100] train_acc: 0.040 train_loss_sup: 4.598
[GPU1] epochs: [4/100] train_acc: 0.054 train_loss_sup: 4.594
[GPU1] epochs: [5/100] train_acc: 0.070 train_loss_sup: 4.591
[GPU1] epochs: [6/100] train_acc: 0.090 train_loss_sup: 4.588
[GPU1] epochs: [7/100] train_acc: 0.102 train_loss_sup: 4.584
[GPU1] epochs: [8/100] train_acc: 0.120 train_loss_sup: 4.581
[GPU1] epochs: [9/100] train_acc: 0.130 train_loss_sup: 4.578
[GPU1] epochs: [10/100] train_acc: 0.128 train_loss_sup: 4.574
[GPU1] Test Accuracy at epoch: 10: 0.076
[GPU1] epochs: [11/100] train_acc: 0.137 train_loss_sup: 4.571
[GPU1] epochs: [12/100] train_acc: 0.140 train_loss_sup: 4.568
[GPU1] epochs: [13/100] train_acc: 0.135 train_loss_sup: 4.564
[GPU1] epochs: [14/100] train_acc: 0.143 train_loss_sup: 4.561
[GPU1] epochs: [15/100] train_acc: 0.148 train_loss_sup: 4.558
[GPU1] epochs: [16/100] train_acc: 0.146 train_loss_sup: 4.555
[GPU1] epochs: [17/100] train_acc: 0.143 train_loss_sup: 4.551
[GPU1] epochs: [18/100] train_acc: 0.150 train_loss_sup: 4.548
[GPU1] epochs: [19/100] train_acc: 0.168 train_loss_sup: 4.545
[GPU1] epochs: [20/100] train_acc: 0.165 train_loss_sup: 4.542
[GPU1] Test Accuracy at epoch: 20: 0.085
[GPU1] epochs: [21/100] train_acc: 0.164 train_loss_sup: 4.538
[GPU1] epochs: [22/100] train_acc: 0.165 train_loss_sup: 4.535
[GPU1] epochs: [23/100] train_acc: 0.175 train_loss_sup: 4.532
[GPU1] epochs: [24/100] train_acc: 0.166 train_loss_sup: 4.529
[GPU1] epochs: [25/100] train_acc: 0.177 train_loss_sup: 4.525
[GPU1] epochs: [26/100] train_acc: 0.173 train_loss_sup: 4.522
[GPU1] epochs: [27/100] train_acc: 0.177 train_loss_sup: 4.519
[GPU1] epochs: [28/100] train_acc: 0.179 train_loss_sup: 4.516
[GPU1] epochs: [29/100] train_acc: 0.173 train_loss_sup: 4.513
[GPU1] epochs: [30/100] train_acc: 0.177 train_loss_sup: 4.509
[GPU1] Test Accuracy at epoch: 30: 0.079
[GPU1] epochs: [31/100] train_acc: 0.174 train_loss_sup: 4.506
[GPU1] epochs: [32/100] train_acc: 0.174 train_loss_sup: 4.503
[GPU1] epochs: [33/100] train_acc: 0.185 train_loss_sup: 4.500
[GPU1] epochs: [34/100] train_acc: 0.178 train_loss_sup: 4.497
[GPU1] epochs: [35/100] train_acc: 0.178 train_loss_sup: 4.494
[GPU1] epochs: [36/100] train_acc: 0.185 train_loss_sup: 4.491
[GPU1] epochs: [37/100] train_acc: 0.188 train_loss_sup: 4.488
[GPU1] epochs: [38/100] train_acc: 0.180 train_loss_sup: 4.484
[GPU1] epochs: [39/100] train_acc: 0.188 train_loss_sup: 4.481
[GPU1] epochs: [40/100] train_acc: 0.178 train_loss_sup: 4.479
[GPU1] Test Accuracy at epoch: 40: 0.084
[GPU1] epochs: [41/100] train_acc: 0.180 train_loss_sup: 4.475
[GPU1] epochs: [42/100] train_acc: 0.186 train_loss_sup: 4.472
[GPU1] epochs: [43/100] train_acc: 0.183 train_loss_sup: 4.469
[GPU1] epochs: [44/100] train_acc: 0.189 train_loss_sup: 4.466
[GPU1] epochs: [45/100] train_acc: 0.182 train_loss_sup: 4.463
[GPU1] epochs: [46/100] train_acc: 0.188 train_loss_sup: 4.460
[GPU1] epochs: [47/100] train_acc: 0.190 train_loss_sup: 4.457
[GPU1] epochs: [48/100] train_acc: 0.191 train_loss_sup: 4.454
[GPU1] epochs: [49/100] train_acc: 0.184 train_loss_sup: 4.451
[GPU1] epochs: [50/100] train_acc: 0.188 train_loss_sup: 4.448
[GPU1] Test Accuracy at epoch: 50: 0.094
[GPU1] epochs: [51/100] train_acc: 0.194 train_loss_sup: 4.445
[GPU1] epochs: [52/100] train_acc: 0.187 train_loss_sup: 4.442
[GPU1] epochs: [53/100] train_acc: 0.191 train_loss_sup: 4.438
[GPU1] epochs: [54/100] train_acc: 0.194 train_loss_sup: 4.436
[GPU1] epochs: [55/100] train_acc: 0.186 train_loss_sup: 4.433
[GPU1] epochs: [56/100] train_acc: 0.190 train_loss_sup: 4.430
[GPU1] epochs: [57/100] train_acc: 0.193 train_loss_sup: 4.427
[GPU1] epochs: [58/100] train_acc: 0.190 train_loss_sup: 4.423
[GPU1] epochs: [59/100] train_acc: 0.191 train_loss_sup: 4.421
[GPU1] epochs: [60/100] train_acc: 0.190 train_loss_sup: 4.418
[GPU1] Test Accuracy at epoch: 60: 0.1
[GPU1] epochs: [61/100] train_acc: 0.191 train_loss_sup: 4.416
[GPU1] epochs: [62/100] train_acc: 0.194 train_loss_sup: 4.413
[GPU1] epochs: [63/100] train_acc: 0.190 train_loss_sup: 4.409
[GPU1] epochs: [64/100] train_acc: 0.195 train_loss_sup: 4.406
[GPU1] epochs: [65/100] train_acc: 0.193 train_loss_sup: 4.404
[GPU1] epochs: [66/100] train_acc: 0.196 train_loss_sup: 4.401
[GPU1] epochs: [67/100] train_acc: 0.194 train_loss_sup: 4.398
[GPU1] epochs: [68/100] train_acc: 0.197 train_loss_sup: 4.395
[GPU1] epochs: [69/100] train_acc: 0.194 train_loss_sup: 4.392
[GPU1] epochs: [70/100] train_acc: 0.192 train_loss_sup: 4.388
[GPU1] Test Accuracy at epoch: 70: 0.097
[GPU1] epochs: [71/100] train_acc: 0.194 train_loss_sup: 4.387
[GPU1] epochs: [72/100] train_acc: 0.196 train_loss_sup: 4.383
[GPU1] epochs: [73/100] train_acc: 0.196 train_loss_sup: 4.380
[GPU1] epochs: [74/100] train_acc: 0.199 train_loss_sup: 4.378
[GPU1] epochs: [75/100] train_acc: 0.191 train_loss_sup: 4.375
[GPU1] epochs: [76/100] train_acc: 0.202 train_loss_sup: 4.372
[GPU1] epochs: [77/100] train_acc: 0.194 train_loss_sup: 4.369
[GPU1] epochs: [78/100] train_acc: 0.195 train_loss_sup: 4.366
[GPU1] epochs: [79/100] train_acc: 0.197 train_loss_sup: 4.363
[GPU1] epochs: [80/100] train_acc: 0.197 train_loss_sup: 4.361
[GPU1] Test Accuracy at epoch: 80: 0.101
[GPU1] epochs: [81/100] train_acc: 0.204 train_loss_sup: 4.357
[GPU1] epochs: [82/100] train_acc: 0.197 train_loss_sup: 4.354
[GPU1] epochs: [83/100] train_acc: 0.196 train_loss_sup: 4.352
[GPU1] epochs: [84/100] train_acc: 0.196 train_loss_sup: 4.350
[GPU1] epochs: [85/100] train_acc: 0.196 train_loss_sup: 4.347
[GPU1] epochs: [86/100] train_acc: 0.202 train_loss_sup: 4.344
[GPU1] epochs: [87/100] train_acc: 0.198 train_loss_sup: 4.340
[GPU1] epochs: [88/100] train_acc: 0.197 train_loss_sup: 4.339
[GPU1] epochs: [89/100] train_acc: 0.205 train_loss_sup: 4.336
[GPU1] epochs: [90/100] train_acc: 0.200 train_loss_sup: 4.333
[GPU1] Test Accuracy at epoch: 90: 0.1
[GPU1] epochs: [91/100] train_acc: 0.199 train_loss_sup: 4.330
[GPU1] epochs: [92/100] train_acc: 0.198 train_loss_sup: 4.328
[GPU1] epochs: [93/100] train_acc: 0.203 train_loss_sup: 4.325
[GPU1] epochs: [94/100] train_acc: 0.198 train_loss_sup: 4.322
[GPU1] epochs: [95/100] train_acc: 0.202 train_loss_sup: 4.320
[GPU1] epochs: [96/100] train_acc: 0.200 train_loss_sup: 4.317
[GPU1] epochs: [97/100] train_acc: 0.202 train_loss_sup: 4.315
[GPU1] epochs: [98/100] train_acc: 0.202 train_loss_sup: 4.312
[GPU1] epochs: [99/100] train_acc: 0.202 train_loss_sup: 4.309
[GPU1] epochs: [100/100] train_acc: 0.202 train_loss_sup: 4.306
[GPU1] Final Test Accuracy: 0.103
LR: 0.100 | WD: 0.000000 | Cosine: False | test Acc: 0.103%
===> using linear mlp
Scheduler: None
MLP: MLP(
  (mlp): Linear(in_features=512, out_features=100, bias=True)
)
[GPU1] Test Accuracy at epoch: 0: 0.02
[GPU1] epochs: [1/100] train_acc: 0.015 train_loss_sup: 4.597
[GPU1] epochs: [2/100] train_acc: 0.035 train_loss_sup: 4.564
[GPU1] epochs: [3/100] train_acc: 0.060 train_loss_sup: 4.531
[GPU1] epochs: [4/100] train_acc: 0.091 train_loss_sup: 4.500
[GPU1] epochs: [5/100] train_acc: 0.108 train_loss_sup: 4.469
[GPU1] epochs: [6/100] train_acc: 0.116 train_loss_sup: 4.439
[GPU1] epochs: [7/100] train_acc: 0.134 train_loss_sup: 4.410
[GPU1] epochs: [8/100] train_acc: 0.148 train_loss_sup: 4.381
[GPU1] epochs: [9/100] train_acc: 0.151 train_loss_sup: 4.354
[GPU1] epochs: [10/100] train_acc: 0.160 train_loss_sup: 4.327
[GPU1] Test Accuracy at epoch: 10: 0.111
[GPU1] epochs: [11/100] train_acc: 0.168 train_loss_sup: 4.299
[GPU1] epochs: [12/100] train_acc: 0.171 train_loss_sup: 4.275
[GPU1] epochs: [13/100] train_acc: 0.179 train_loss_sup: 4.249
[GPU1] epochs: [14/100] train_acc: 0.185 train_loss_sup: 4.224
[GPU1] epochs: [15/100] train_acc: 0.186 train_loss_sup: 4.202
[GPU1] epochs: [16/100] train_acc: 0.187 train_loss_sup: 4.178
[GPU1] epochs: [17/100] train_acc: 0.192 train_loss_sup: 4.156
[GPU1] epochs: [18/100] train_acc: 0.193 train_loss_sup: 4.133
[GPU1] epochs: [19/100] train_acc: 0.193 train_loss_sup: 4.112
[GPU1] epochs: [20/100] train_acc: 0.203 train_loss_sup: 4.092
[GPU1] Test Accuracy at epoch: 20: 0.103
[GPU1] epochs: [21/100] train_acc: 0.206 train_loss_sup: 4.071
[GPU1] epochs: [22/100] train_acc: 0.204 train_loss_sup: 4.050
[GPU1] epochs: [23/100] train_acc: 0.201 train_loss_sup: 4.032
[GPU1] epochs: [24/100] train_acc: 0.214 train_loss_sup: 4.015
[GPU1] epochs: [25/100] train_acc: 0.210 train_loss_sup: 3.994
[GPU1] epochs: [26/100] train_acc: 0.215 train_loss_sup: 3.976
[GPU1] epochs: [27/100] train_acc: 0.214 train_loss_sup: 3.959
[GPU1] epochs: [28/100] train_acc: 0.219 train_loss_sup: 3.942
[GPU1] epochs: [29/100] train_acc: 0.221 train_loss_sup: 3.927
[GPU1] epochs: [30/100] train_acc: 0.221 train_loss_sup: 3.909
[GPU1] Test Accuracy at epoch: 30: 0.141
[GPU1] epochs: [31/100] train_acc: 0.222 train_loss_sup: 3.891
[GPU1] epochs: [32/100] train_acc: 0.224 train_loss_sup: 3.880
[GPU1] epochs: [33/100] train_acc: 0.225 train_loss_sup: 3.862
[GPU1] epochs: [34/100] train_acc: 0.227 train_loss_sup: 3.847
[GPU1] epochs: [35/100] train_acc: 0.230 train_loss_sup: 3.834
[GPU1] epochs: [36/100] train_acc: 0.229 train_loss_sup: 3.820
[GPU1] epochs: [37/100] train_acc: 0.232 train_loss_sup: 3.806
[GPU1] epochs: [38/100] train_acc: 0.233 train_loss_sup: 3.791
[GPU1] epochs: [39/100] train_acc: 0.236 train_loss_sup: 3.777
[GPU1] epochs: [40/100] train_acc: 0.237 train_loss_sup: 3.764
[GPU1] Test Accuracy at epoch: 40: 0.156
[GPU1] epochs: [41/100] train_acc: 0.238 train_loss_sup: 3.751
[GPU1] epochs: [42/100] train_acc: 0.237 train_loss_sup: 3.740
[GPU1] epochs: [43/100] train_acc: 0.240 train_loss_sup: 3.726
[GPU1] epochs: [44/100] train_acc: 0.242 train_loss_sup: 3.714
[GPU1] epochs: [45/100] train_acc: 0.242 train_loss_sup: 3.703
[GPU1] epochs: [46/100] train_acc: 0.243 train_loss_sup: 3.690
[GPU1] epochs: [47/100] train_acc: 0.245 train_loss_sup: 3.680
[GPU1] epochs: [48/100] train_acc: 0.245 train_loss_sup: 3.669
[GPU1] epochs: [49/100] train_acc: 0.247 train_loss_sup: 3.662
[GPU1] epochs: [50/100] train_acc: 0.248 train_loss_sup: 3.650
[GPU1] Test Accuracy at epoch: 50: 0.171
[GPU1] epochs: [51/100] train_acc: 0.248 train_loss_sup: 3.641
[GPU1] epochs: [52/100] train_acc: 0.248 train_loss_sup: 3.629
[GPU1] epochs: [53/100] train_acc: 0.246 train_loss_sup: 3.621
[GPU1] epochs: [54/100] train_acc: 0.252 train_loss_sup: 3.608
[GPU1] epochs: [55/100] train_acc: 0.252 train_loss_sup: 3.598
[GPU1] epochs: [56/100] train_acc: 0.255 train_loss_sup: 3.587
[GPU1] epochs: [57/100] train_acc: 0.254 train_loss_sup: 3.576
[GPU1] epochs: [58/100] train_acc: 0.255 train_loss_sup: 3.570
[GPU1] epochs: [59/100] train_acc: 0.257 train_loss_sup: 3.560
[GPU1] epochs: [60/100] train_acc: 0.258 train_loss_sup: 3.555
[GPU1] Test Accuracy at epoch: 60: 0.164
[GPU1] epochs: [61/100] train_acc: 0.259 train_loss_sup: 3.544
[GPU1] epochs: [62/100] train_acc: 0.258 train_loss_sup: 3.541
[GPU1] epochs: [63/100] train_acc: 0.259 train_loss_sup: 3.529
[GPU1] epochs: [64/100] train_acc: 0.259 train_loss_sup: 3.520
[GPU1] epochs: [65/100] train_acc: 0.261 train_loss_sup: 3.511
[GPU1] epochs: [66/100] train_acc: 0.262 train_loss_sup: 3.507
[GPU1] epochs: [67/100] train_acc: 0.263 train_loss_sup: 3.495
[GPU1] epochs: [68/100] train_acc: 0.265 train_loss_sup: 3.490
[GPU1] epochs: [69/100] train_acc: 0.265 train_loss_sup: 3.480
[GPU1] epochs: [70/100] train_acc: 0.264 train_loss_sup: 3.471
[GPU1] Test Accuracy at epoch: 70: 0.194
[GPU1] epochs: [71/100] train_acc: 0.266 train_loss_sup: 3.465
[GPU1] epochs: [72/100] train_acc: 0.268 train_loss_sup: 3.455
[GPU1] epochs: [73/100] train_acc: 0.269 train_loss_sup: 3.450
[GPU1] epochs: [74/100] train_acc: 0.267 train_loss_sup: 3.443
[GPU1] epochs: [75/100] train_acc: 0.268 train_loss_sup: 3.437
[GPU1] epochs: [76/100] train_acc: 0.270 train_loss_sup: 3.431
[GPU1] epochs: [77/100] train_acc: 0.269 train_loss_sup: 3.425
[GPU1] epochs: [78/100] train_acc: 0.272 train_loss_sup: 3.420
[GPU1] epochs: [79/100] train_acc: 0.274 train_loss_sup: 3.412
[GPU1] epochs: [80/100] train_acc: 0.275 train_loss_sup: 3.402
[GPU1] Test Accuracy at epoch: 80: 0.197
[GPU1] epochs: [81/100] train_acc: 0.275 train_loss_sup: 3.401
[GPU1] epochs: [82/100] train_acc: 0.273 train_loss_sup: 3.392
[GPU1] epochs: [83/100] train_acc: 0.272 train_loss_sup: 3.385
[GPU1] epochs: [84/100] train_acc: 0.274 train_loss_sup: 3.383
[GPU1] epochs: [85/100] train_acc: 0.276 train_loss_sup: 3.377
[GPU1] epochs: [86/100] train_acc: 0.277 train_loss_sup: 3.373
[GPU1] epochs: [87/100] train_acc: 0.272 train_loss_sup: 3.367
[GPU1] epochs: [88/100] train_acc: 0.276 train_loss_sup: 3.358
[GPU1] epochs: [89/100] train_acc: 0.278 train_loss_sup: 3.354
[GPU1] epochs: [90/100] train_acc: 0.280 train_loss_sup: 3.344
[GPU1] Test Accuracy at epoch: 90: 0.203
[GPU1] epochs: [91/100] train_acc: 0.277 train_loss_sup: 3.345
[GPU1] epochs: [92/100] train_acc: 0.281 train_loss_sup: 3.335
[GPU1] epochs: [93/100] train_acc: 0.282 train_loss_sup: 3.333
[GPU1] epochs: [94/100] train_acc: 0.280 train_loss_sup: 3.326
[GPU1] epochs: [95/100] train_acc: 0.283 train_loss_sup: 3.325
[GPU1] epochs: [96/100] train_acc: 0.282 train_loss_sup: 3.319
[GPU1] epochs: [97/100] train_acc: 0.283 train_loss_sup: 3.311
[GPU1] epochs: [98/100] train_acc: 0.283 train_loss_sup: 3.306
[GPU1] epochs: [99/100] train_acc: 0.285 train_loss_sup: 3.300
[GPU1] epochs: [100/100] train_acc: 0.282 train_loss_sup: 3.298
[GPU1] Final Test Accuracy: 0.211
LR: 1.000 | WD: 0.000001 | Cosine: False | test Acc: 0.211%
===> using linear mlp
Scheduler: None
MLP: MLP(
  (mlp): Linear(in_features=512, out_features=100, bias=True)
)
[GPU1] Test Accuracy at epoch: 0: 0.012
[GPU1] epochs: [1/100] train_acc: 0.013 train_loss_sup: 4.597
[GPU1] epochs: [2/100] train_acc: 0.042 train_loss_sup: 4.567
[GPU1] epochs: [3/100] train_acc: 0.066 train_loss_sup: 4.540
[GPU1] epochs: [4/100] train_acc: 0.078 train_loss_sup: 4.515
[GPU1] epochs: [5/100] train_acc: 0.096 train_loss_sup: 4.494
[GPU1] epochs: [6/100] train_acc: 0.103 train_loss_sup: 4.475
[GPU1] epochs: [7/100] train_acc: 0.108 train_loss_sup: 4.459
[GPU1] epochs: [8/100] train_acc: 0.116 train_loss_sup: 4.443
[GPU1] epochs: [9/100] train_acc: 0.126 train_loss_sup: 4.430
[GPU1] epochs: [10/100] train_acc: 0.132 train_loss_sup: 4.419
[GPU1] Test Accuracy at epoch: 10: 0.051
[GPU1] epochs: [11/100] train_acc: 0.139 train_loss_sup: 4.407
[GPU1] epochs: [12/100] train_acc: 0.144 train_loss_sup: 4.398
[GPU1] epochs: [13/100] train_acc: 0.134 train_loss_sup: 4.390
[GPU1] epochs: [14/100] train_acc: 0.150 train_loss_sup: 4.382
[GPU1] epochs: [15/100] train_acc: 0.147 train_loss_sup: 4.376
[GPU1] epochs: [16/100] train_acc: 0.150 train_loss_sup: 4.369
[GPU1] epochs: [17/100] train_acc: 0.152 train_loss_sup: 4.364
[GPU1] epochs: [18/100] train_acc: 0.152 train_loss_sup: 4.359
[GPU1] epochs: [19/100] train_acc: 0.160 train_loss_sup: 4.354
[GPU1] epochs: [20/100] train_acc: 0.152 train_loss_sup: 4.352
[GPU1] Test Accuracy at epoch: 20: 0.069
[GPU1] epochs: [21/100] train_acc: 0.166 train_loss_sup: 4.348
[GPU1] epochs: [22/100] train_acc: 0.159 train_loss_sup: 4.345
[GPU1] epochs: [23/100] train_acc: 0.159 train_loss_sup: 4.343
[GPU1] epochs: [24/100] train_acc: 0.160 train_loss_sup: 4.341
[GPU1] epochs: [25/100] train_acc: 0.165 train_loss_sup: 4.338
[GPU1] epochs: [26/100] train_acc: 0.158 train_loss_sup: 4.336
[GPU1] epochs: [27/100] train_acc: 0.156 train_loss_sup: 4.334
[GPU1] epochs: [28/100] train_acc: 0.158 train_loss_sup: 4.333
[GPU1] epochs: [29/100] train_acc: 0.164 train_loss_sup: 4.330
[GPU1] epochs: [30/100] train_acc: 0.156 train_loss_sup: 4.330
[GPU1] Test Accuracy at epoch: 30: 0.092
[GPU1] epochs: [31/100] train_acc: 0.157 train_loss_sup: 4.329
[GPU1] epochs: [32/100] train_acc: 0.160 train_loss_sup: 4.326
[GPU1] epochs: [33/100] train_acc: 0.166 train_loss_sup: 4.326
[GPU1] epochs: [34/100] train_acc: 0.158 train_loss_sup: 4.326
[GPU1] epochs: [35/100] train_acc: 0.163 train_loss_sup: 4.325
[GPU1] epochs: [36/100] train_acc: 0.165 train_loss_sup: 4.324
[GPU1] epochs: [37/100] train_acc: 0.165 train_loss_sup: 4.325
[GPU1] epochs: [38/100] train_acc: 0.160 train_loss_sup: 4.324
[GPU1] epochs: [39/100] train_acc: 0.171 train_loss_sup: 4.323
[GPU1] epochs: [40/100] train_acc: 0.165 train_loss_sup: 4.322
[GPU1] Test Accuracy at epoch: 40: 0.1
[GPU1] epochs: [41/100] train_acc: 0.164 train_loss_sup: 4.323
[GPU1] epochs: [42/100] train_acc: 0.160 train_loss_sup: 4.322
[GPU1] epochs: [43/100] train_acc: 0.164 train_loss_sup: 4.321
[GPU1] epochs: [44/100] train_acc: 0.170 train_loss_sup: 4.321
[GPU1] epochs: [45/100] train_acc: 0.166 train_loss_sup: 4.322
[GPU1] epochs: [46/100] train_acc: 0.168 train_loss_sup: 4.321
[GPU1] epochs: [47/100] train_acc: 0.168 train_loss_sup: 4.321
[GPU1] epochs: [48/100] train_acc: 0.164 train_loss_sup: 4.322
[GPU1] epochs: [49/100] train_acc: 0.165 train_loss_sup: 4.320
[GPU1] epochs: [50/100] train_acc: 0.162 train_loss_sup: 4.321
[GPU1] Test Accuracy at epoch: 50: 0.087
[GPU1] epochs: [51/100] train_acc: 0.175 train_loss_sup: 4.320
[GPU1] epochs: [52/100] train_acc: 0.166 train_loss_sup: 4.319
[GPU1] epochs: [53/100] train_acc: 0.162 train_loss_sup: 4.320
[GPU1] epochs: [54/100] train_acc: 0.161 train_loss_sup: 4.320
[GPU1] epochs: [55/100] train_acc: 0.163 train_loss_sup: 4.320
[GPU1] epochs: [56/100] train_acc: 0.171 train_loss_sup: 4.320
[GPU1] epochs: [57/100] train_acc: 0.167 train_loss_sup: 4.319
[GPU1] epochs: [58/100] train_acc: 0.169 train_loss_sup: 4.321
[GPU1] epochs: [59/100] train_acc: 0.167 train_loss_sup: 4.320
[GPU1] epochs: [60/100] train_acc: 0.171 train_loss_sup: 4.320
[GPU1] Test Accuracy at epoch: 60: 0.087
[GPU1] epochs: [61/100] train_acc: 0.164 train_loss_sup: 4.320
[GPU1] epochs: [62/100] train_acc: 0.162 train_loss_sup: 4.320
[GPU1] epochs: [63/100] train_acc: 0.172 train_loss_sup: 4.319
[GPU1] epochs: [64/100] train_acc: 0.176 train_loss_sup: 4.320
[GPU1] epochs: [65/100] train_acc: 0.167 train_loss_sup: 4.319
[GPU1] epochs: [66/100] train_acc: 0.166 train_loss_sup: 4.319
[GPU1] epochs: [67/100] train_acc: 0.160 train_loss_sup: 4.320
[GPU1] epochs: [68/100] train_acc: 0.163 train_loss_sup: 4.319
[GPU1] epochs: [69/100] train_acc: 0.164 train_loss_sup: 4.320
[GPU1] epochs: [70/100] train_acc: 0.167 train_loss_sup: 4.319
[GPU1] Test Accuracy at epoch: 70: 0.116
[GPU1] epochs: [71/100] train_acc: 0.172 train_loss_sup: 4.319
[GPU1] epochs: [72/100] train_acc: 0.167 train_loss_sup: 4.320
[GPU1] epochs: [73/100] train_acc: 0.168 train_loss_sup: 4.319
[GPU1] epochs: [74/100] train_acc: 0.165 train_loss_sup: 4.319
[GPU1] epochs: [75/100] train_acc: 0.161 train_loss_sup: 4.319
[GPU1] epochs: [76/100] train_acc: 0.169 train_loss_sup: 4.319
[GPU1] epochs: [77/100] train_acc: 0.168 train_loss_sup: 4.319
[GPU1] epochs: [78/100] train_acc: 0.172 train_loss_sup: 4.319
[GPU1] epochs: [79/100] train_acc: 0.168 train_loss_sup: 4.319
[GPU1] epochs: [80/100] train_acc: 0.166 train_loss_sup: 4.319
[GPU1] Test Accuracy at epoch: 80: 0.109
[GPU1] epochs: [81/100] train_acc: 0.172 train_loss_sup: 4.319
[GPU1] epochs: [82/100] train_acc: 0.166 train_loss_sup: 4.320
[GPU1] epochs: [83/100] train_acc: 0.161 train_loss_sup: 4.319
[GPU1] epochs: [84/100] train_acc: 0.174 train_loss_sup: 4.319
[GPU1] epochs: [85/100] train_acc: 0.162 train_loss_sup: 4.318
[GPU1] epochs: [86/100] train_acc: 0.170 train_loss_sup: 4.319
[GPU1] epochs: [87/100] train_acc: 0.172 train_loss_sup: 4.319
[GPU1] epochs: [88/100] train_acc: 0.168 train_loss_sup: 4.319
[GPU1] epochs: [89/100] train_acc: 0.166 train_loss_sup: 4.319
[GPU1] epochs: [90/100] train_acc: 0.167 train_loss_sup: 4.319
[GPU1] Test Accuracy at epoch: 90: 0.092
[GPU1] epochs: [91/100] train_acc: 0.160 train_loss_sup: 4.320
[GPU1] epochs: [92/100] train_acc: 0.169 train_loss_sup: 4.319
[GPU1] epochs: [93/100] train_acc: 0.168 train_loss_sup: 4.318
[GPU1] epochs: [94/100] train_acc: 0.164 train_loss_sup: 4.319
[GPU1] epochs: [95/100] train_acc: 0.164 train_loss_sup: 4.319
[GPU1] epochs: [96/100] train_acc: 0.162 train_loss_sup: 4.319
[GPU1] epochs: [97/100] train_acc: 0.166 train_loss_sup: 4.320
[GPU1] epochs: [98/100] train_acc: 0.168 train_loss_sup: 4.320
[GPU1] epochs: [99/100] train_acc: 0.160 train_loss_sup: 4.319
[GPU1] epochs: [100/100] train_acc: 0.167 train_loss_sup: 4.320
[GPU1] Final Test Accuracy: 0.105
LR: 1.000 | WD: 0.000100 | Cosine: False | test Acc: 0.116%
===> using linear mlp
Scheduler: None
MLP: MLP(
  (mlp): Linear(in_features=512, out_features=100, bias=True)
)
[GPU1] Test Accuracy at epoch: 0: 0.012
[GPU1] epochs: [1/100] train_acc: 0.016 train_loss_sup: 4.597
[GPU1] epochs: [2/100] train_acc: 0.039 train_loss_sup: 4.564
[GPU1] epochs: [3/100] train_acc: 0.059 train_loss_sup: 4.531
[GPU1] epochs: [4/100] train_acc: 0.078 train_loss_sup: 4.500
[GPU1] epochs: [5/100] train_acc: 0.105 train_loss_sup: 4.469
[GPU1] epochs: [6/100] train_acc: 0.125 train_loss_sup: 4.440
[GPU1] epochs: [7/100] train_acc: 0.134 train_loss_sup: 4.410
[GPU1] epochs: [8/100] train_acc: 0.149 train_loss_sup: 4.381
[GPU1] epochs: [9/100] train_acc: 0.150 train_loss_sup: 4.353
[GPU1] epochs: [10/100] train_acc: 0.165 train_loss_sup: 4.325
[GPU1] Test Accuracy at epoch: 10: 0.089
[GPU1] epochs: [11/100] train_acc: 0.168 train_loss_sup: 4.300
[GPU1] epochs: [12/100] train_acc: 0.174 train_loss_sup: 4.273
[GPU1] epochs: [13/100] train_acc: 0.182 train_loss_sup: 4.247
[GPU1] epochs: [14/100] train_acc: 0.181 train_loss_sup: 4.224
[GPU1] epochs: [15/100] train_acc: 0.182 train_loss_sup: 4.198
[GPU1] epochs: [16/100] train_acc: 0.189 train_loss_sup: 4.176
[GPU1] epochs: [17/100] train_acc: 0.192 train_loss_sup: 4.152
[GPU1] epochs: [18/100] train_acc: 0.195 train_loss_sup: 4.130
[GPU1] epochs: [19/100] train_acc: 0.195 train_loss_sup: 4.108
[GPU1] epochs: [20/100] train_acc: 0.199 train_loss_sup: 4.088
[GPU1] Test Accuracy at epoch: 20: 0.094
[GPU1] epochs: [21/100] train_acc: 0.202 train_loss_sup: 4.068
[GPU1] epochs: [22/100] train_acc: 0.208 train_loss_sup: 4.045
[GPU1] epochs: [23/100] train_acc: 0.208 train_loss_sup: 4.026
[GPU1] epochs: [24/100] train_acc: 0.209 train_loss_sup: 4.008
[GPU1] epochs: [25/100] train_acc: 0.214 train_loss_sup: 3.989
[GPU1] epochs: [26/100] train_acc: 0.214 train_loss_sup: 3.971
[GPU1] epochs: [27/100] train_acc: 0.218 train_loss_sup: 3.951
[GPU1] epochs: [28/100] train_acc: 0.215 train_loss_sup: 3.934
[GPU1] epochs: [29/100] train_acc: 0.220 train_loss_sup: 3.919
[GPU1] epochs: [30/100] train_acc: 0.224 train_loss_sup: 3.900
[GPU1] Test Accuracy at epoch: 30: 0.126
[GPU1] epochs: [31/100] train_acc: 0.225 train_loss_sup: 3.885
[GPU1] epochs: [32/100] train_acc: 0.225 train_loss_sup: 3.869
[GPU1] epochs: [33/100] train_acc: 0.226 train_loss_sup: 3.854
[GPU1] epochs: [34/100] train_acc: 0.227 train_loss_sup: 3.838
[GPU1] epochs: [35/100] train_acc: 0.231 train_loss_sup: 3.823
[GPU1] epochs: [36/100] train_acc: 0.230 train_loss_sup: 3.811
[GPU1] epochs: [37/100] train_acc: 0.233 train_loss_sup: 3.794
[GPU1] epochs: [38/100] train_acc: 0.232 train_loss_sup: 3.784
[GPU1] epochs: [39/100] train_acc: 0.235 train_loss_sup: 3.765
[GPU1] epochs: [40/100] train_acc: 0.241 train_loss_sup: 3.756
[GPU1] Test Accuracy at epoch: 40: 0.156
[GPU1] epochs: [41/100] train_acc: 0.239 train_loss_sup: 3.742
[GPU1] epochs: [42/100] train_acc: 0.241 train_loss_sup: 3.726
[GPU1] epochs: [43/100] train_acc: 0.237 train_loss_sup: 3.714
[GPU1] epochs: [44/100] train_acc: 0.241 train_loss_sup: 3.704
[GPU1] epochs: [45/100] train_acc: 0.244 train_loss_sup: 3.690
[GPU1] epochs: [46/100] train_acc: 0.245 train_loss_sup: 3.676
[GPU1] epochs: [47/100] train_acc: 0.248 train_loss_sup: 3.666
[GPU1] epochs: [48/100] train_acc: 0.246 train_loss_sup: 3.653
[GPU1] epochs: [49/100] train_acc: 0.248 train_loss_sup: 3.645
[GPU1] epochs: [50/100] train_acc: 0.248 train_loss_sup: 3.634
[GPU1] Test Accuracy at epoch: 50: 0.168
[GPU1] epochs: [51/100] train_acc: 0.250 train_loss_sup: 3.621
[GPU1] epochs: [52/100] train_acc: 0.251 train_loss_sup: 3.614
[GPU1] epochs: [53/100] train_acc: 0.250 train_loss_sup: 3.602
[GPU1] epochs: [54/100] train_acc: 0.253 train_loss_sup: 3.590
[GPU1] epochs: [55/100] train_acc: 0.254 train_loss_sup: 3.580
[GPU1] epochs: [56/100] train_acc: 0.252 train_loss_sup: 3.570
[GPU1] epochs: [57/100] train_acc: 0.255 train_loss_sup: 3.563
[GPU1] epochs: [58/100] train_acc: 0.256 train_loss_sup: 3.551
[GPU1] epochs: [59/100] train_acc: 0.256 train_loss_sup: 3.539
[GPU1] epochs: [60/100] train_acc: 0.258 train_loss_sup: 3.534
[GPU1] Test Accuracy at epoch: 60: 0.183
[GPU1] epochs: [61/100] train_acc: 0.259 train_loss_sup: 3.525
[GPU1] epochs: [62/100] train_acc: 0.259 train_loss_sup: 3.515
[GPU1] epochs: [63/100] train_acc: 0.263 train_loss_sup: 3.508
[GPU1] epochs: [64/100] train_acc: 0.263 train_loss_sup: 3.499
[GPU1] epochs: [65/100] train_acc: 0.264 train_loss_sup: 3.490
[GPU1] epochs: [66/100] train_acc: 0.263 train_loss_sup: 3.484
[GPU1] epochs: [67/100] train_acc: 0.265 train_loss_sup: 3.475
[GPU1] epochs: [68/100] train_acc: 0.263 train_loss_sup: 3.471
[GPU1] epochs: [69/100] train_acc: 0.264 train_loss_sup: 3.458
[GPU1] epochs: [70/100] train_acc: 0.268 train_loss_sup: 3.448
[GPU1] Test Accuracy at epoch: 70: 0.192
[GPU1] epochs: [71/100] train_acc: 0.267 train_loss_sup: 3.445
[GPU1] epochs: [72/100] train_acc: 0.269 train_loss_sup: 3.436
[GPU1] epochs: [73/100] train_acc: 0.271 train_loss_sup: 3.429
[GPU1] epochs: [74/100] train_acc: 0.269 train_loss_sup: 3.420
[GPU1] epochs: [75/100] train_acc: 0.273 train_loss_sup: 3.413
[GPU1] epochs: [76/100] train_acc: 0.274 train_loss_sup: 3.405
[GPU1] epochs: [77/100] train_acc: 0.270 train_loss_sup: 3.400
[GPU1] epochs: [78/100] train_acc: 0.273 train_loss_sup: 3.391
[GPU1] epochs: [79/100] train_acc: 0.274 train_loss_sup: 3.388
[GPU1] epochs: [80/100] train_acc: 0.273 train_loss_sup: 3.378
[GPU1] Test Accuracy at epoch: 80: 0.196
[GPU1] epochs: [81/100] train_acc: 0.273 train_loss_sup: 3.375
[GPU1] epochs: [82/100] train_acc: 0.276 train_loss_sup: 3.364
[GPU1] epochs: [83/100] train_acc: 0.275 train_loss_sup: 3.361
[GPU1] epochs: [84/100] train_acc: 0.278 train_loss_sup: 3.355
[GPU1] epochs: [85/100] train_acc: 0.278 train_loss_sup: 3.353
[GPU1] epochs: [86/100] train_acc: 0.279 train_loss_sup: 3.341
[GPU1] epochs: [87/100] train_acc: 0.281 train_loss_sup: 3.335
[GPU1] epochs: [88/100] train_acc: 0.281 train_loss_sup: 3.332
[GPU1] epochs: [89/100] train_acc: 0.279 train_loss_sup: 3.328
[GPU1] epochs: [90/100] train_acc: 0.282 train_loss_sup: 3.317
[GPU1] Test Accuracy at epoch: 90: 0.205
[GPU1] epochs: [91/100] train_acc: 0.281 train_loss_sup: 3.317
[GPU1] epochs: [92/100] train_acc: 0.281 train_loss_sup: 3.306
[GPU1] epochs: [93/100] train_acc: 0.283 train_loss_sup: 3.304
[GPU1] epochs: [94/100] train_acc: 0.283 train_loss_sup: 3.292
[GPU1] epochs: [95/100] train_acc: 0.287 train_loss_sup: 3.289
[GPU1] epochs: [96/100] train_acc: 0.284 train_loss_sup: 3.289
[GPU1] epochs: [97/100] train_acc: 0.285 train_loss_sup: 3.279
[GPU1] epochs: [98/100] train_acc: 0.283 train_loss_sup: 3.279
[GPU1] epochs: [99/100] train_acc: 0.285 train_loss_sup: 3.274
[GPU1] epochs: [100/100] train_acc: 0.288 train_loss_sup: 3.263
[GPU1] Final Test Accuracy: 0.214
LR: 1.000 | WD: 0.000000 | Cosine: False | test Acc: 0.214%
===> using linear mlp
Scheduler: <torch.optim.lr_scheduler.CosineAnnealingLR object at 0x7b5bb269a410>
MLP: MLP(
  (mlp): Linear(in_features=512, out_features=100, bias=True)
)
[GPU1] Test Accuracy at epoch: 0: 0.011
[GPU1] epochs: [1/100] train_acc: 0.010 train_loss_sup: 4.605
[GPU1] epochs: [2/100] train_acc: 0.021 train_loss_sup: 4.601
[GPU1] epochs: [3/100] train_acc: 0.031 train_loss_sup: 4.598
[GPU1] epochs: [4/100] train_acc: 0.069 train_loss_sup: 4.594
[GPU1] epochs: [5/100] train_acc: 0.063 train_loss_sup: 4.591
[GPU1] epochs: [6/100] train_acc: 0.076 train_loss_sup: 4.588
[GPU1] epochs: [7/100] train_acc: 0.116 train_loss_sup: 4.584
[GPU1] epochs: [8/100] train_acc: 0.113 train_loss_sup: 4.581
[GPU1] epochs: [9/100] train_acc: 0.110 train_loss_sup: 4.578
[GPU1] epochs: [10/100] train_acc: 0.123 train_loss_sup: 4.575
[GPU1] Test Accuracy at epoch: 10: 0.09
[GPU1] epochs: [11/100] train_acc: 0.131 train_loss_sup: 4.571
[GPU1] epochs: [12/100] train_acc: 0.142 train_loss_sup: 4.568
[GPU1] epochs: [13/100] train_acc: 0.143 train_loss_sup: 4.565
[GPU1] epochs: [14/100] train_acc: 0.152 train_loss_sup: 4.562
[GPU1] epochs: [15/100] train_acc: 0.147 train_loss_sup: 4.559
[GPU1] epochs: [16/100] train_acc: 0.155 train_loss_sup: 4.556
[GPU1] epochs: [17/100] train_acc: 0.154 train_loss_sup: 4.552
[GPU1] epochs: [18/100] train_acc: 0.153 train_loss_sup: 4.549
[GPU1] epochs: [19/100] train_acc: 0.161 train_loss_sup: 4.546
[GPU1] epochs: [20/100] train_acc: 0.165 train_loss_sup: 4.544
[GPU1] Test Accuracy at epoch: 20: 0.082
[GPU1] epochs: [21/100] train_acc: 0.164 train_loss_sup: 4.541
[GPU1] epochs: [22/100] train_acc: 0.172 train_loss_sup: 4.537
[GPU1] epochs: [23/100] train_acc: 0.173 train_loss_sup: 4.534
[GPU1] epochs: [24/100] train_acc: 0.178 train_loss_sup: 4.532
[GPU1] epochs: [25/100] train_acc: 0.173 train_loss_sup: 4.529
[GPU1] epochs: [26/100] train_acc: 0.170 train_loss_sup: 4.526
[GPU1] epochs: [27/100] train_acc: 0.180 train_loss_sup: 4.524
[GPU1] epochs: [28/100] train_acc: 0.175 train_loss_sup: 4.521
[GPU1] epochs: [29/100] train_acc: 0.176 train_loss_sup: 4.518
[GPU1] epochs: [30/100] train_acc: 0.182 train_loss_sup: 4.516
[GPU1] Test Accuracy at epoch: 30: 0.094
[GPU1] epochs: [31/100] train_acc: 0.174 train_loss_sup: 4.513
[GPU1] epochs: [32/100] train_acc: 0.185 train_loss_sup: 4.511
[GPU1] epochs: [33/100] train_acc: 0.176 train_loss_sup: 4.508
[GPU1] epochs: [34/100] train_acc: 0.186 train_loss_sup: 4.506
[GPU1] epochs: [35/100] train_acc: 0.187 train_loss_sup: 4.504
[GPU1] epochs: [36/100] train_acc: 0.184 train_loss_sup: 4.501
[GPU1] epochs: [37/100] train_acc: 0.182 train_loss_sup: 4.499
[GPU1] epochs: [38/100] train_acc: 0.189 train_loss_sup: 4.496
[GPU1] epochs: [39/100] train_acc: 0.184 train_loss_sup: 4.495
[GPU1] epochs: [40/100] train_acc: 0.191 train_loss_sup: 4.492
[GPU1] Test Accuracy at epoch: 40: 0.088
[GPU1] epochs: [41/100] train_acc: 0.188 train_loss_sup: 4.490
[GPU1] epochs: [42/100] train_acc: 0.190 train_loss_sup: 4.488
[GPU1] epochs: [43/100] train_acc: 0.184 train_loss_sup: 4.486
[GPU1] epochs: [44/100] train_acc: 0.191 train_loss_sup: 4.484
[GPU1] epochs: [45/100] train_acc: 0.181 train_loss_sup: 4.483
[GPU1] epochs: [46/100] train_acc: 0.194 train_loss_sup: 4.480
[GPU1] epochs: [47/100] train_acc: 0.189 train_loss_sup: 4.479
[GPU1] epochs: [48/100] train_acc: 0.185 train_loss_sup: 4.477
[GPU1] epochs: [49/100] train_acc: 0.191 train_loss_sup: 4.475
[GPU1] epochs: [50/100] train_acc: 0.188 train_loss_sup: 4.474
[GPU1] Test Accuracy at epoch: 50: 0.099
[GPU1] epochs: [51/100] train_acc: 0.192 train_loss_sup: 4.472
[GPU1] epochs: [52/100] train_acc: 0.190 train_loss_sup: 4.471
[GPU1] epochs: [53/100] train_acc: 0.192 train_loss_sup: 4.470
[GPU1] epochs: [54/100] train_acc: 0.192 train_loss_sup: 4.468
[GPU1] epochs: [55/100] train_acc: 0.194 train_loss_sup: 4.467
[GPU1] epochs: [56/100] train_acc: 0.191 train_loss_sup: 4.465
[GPU1] epochs: [57/100] train_acc: 0.192 train_loss_sup: 4.464
[GPU1] epochs: [58/100] train_acc: 0.191 train_loss_sup: 4.463
[GPU1] epochs: [59/100] train_acc: 0.194 train_loss_sup: 4.462
[GPU1] epochs: [60/100] train_acc: 0.195 train_loss_sup: 4.461
[GPU1] Test Accuracy at epoch: 60: 0.095
[GPU1] epochs: [61/100] train_acc: 0.191 train_loss_sup: 4.460
[GPU1] epochs: [62/100] train_acc: 0.192 train_loss_sup: 4.458
[GPU1] epochs: [63/100] train_acc: 0.194 train_loss_sup: 4.457
[GPU1] epochs: [64/100] train_acc: 0.194 train_loss_sup: 4.457
[GPU1] epochs: [65/100] train_acc: 0.198 train_loss_sup: 4.455
[GPU1] epochs: [66/100] train_acc: 0.194 train_loss_sup: 4.455
[GPU1] epochs: [67/100] train_acc: 0.193 train_loss_sup: 4.454
[GPU1] epochs: [68/100] train_acc: 0.197 train_loss_sup: 4.453
[GPU1] epochs: [69/100] train_acc: 0.196 train_loss_sup: 4.452
[GPU1] epochs: [70/100] train_acc: 0.194 train_loss_sup: 4.451
[GPU1] Test Accuracy at epoch: 70: 0.096
[GPU1] epochs: [71/100] train_acc: 0.195 train_loss_sup: 4.451
[GPU1] epochs: [72/100] train_acc: 0.195 train_loss_sup: 4.450
[GPU1] epochs: [73/100] train_acc: 0.195 train_loss_sup: 4.450
[GPU1] epochs: [74/100] train_acc: 0.196 train_loss_sup: 4.449
[GPU1] epochs: [75/100] train_acc: 0.196 train_loss_sup: 4.449
[GPU1] epochs: [76/100] train_acc: 0.195 train_loss_sup: 4.448
[GPU1] epochs: [77/100] train_acc: 0.193 train_loss_sup: 4.448
[GPU1] epochs: [78/100] train_acc: 0.192 train_loss_sup: 4.447
[GPU1] epochs: [79/100] train_acc: 0.195 train_loss_sup: 4.448
[GPU1] epochs: [80/100] train_acc: 0.196 train_loss_sup: 4.447
[GPU1] Test Accuracy at epoch: 80: 0.094
[GPU1] epochs: [81/100] train_acc: 0.194 train_loss_sup: 4.446
[GPU1] epochs: [82/100] train_acc: 0.194 train_loss_sup: 4.446
[GPU1] epochs: [83/100] train_acc: 0.198 train_loss_sup: 4.446
[GPU1] epochs: [84/100] train_acc: 0.196 train_loss_sup: 4.446
[GPU1] epochs: [85/100] train_acc: 0.197 train_loss_sup: 4.445
[GPU1] epochs: [86/100] train_acc: 0.195 train_loss_sup: 4.445
[GPU1] epochs: [87/100] train_acc: 0.195 train_loss_sup: 4.445
[GPU1] epochs: [88/100] train_acc: 0.196 train_loss_sup: 4.445
[GPU1] epochs: [89/100] train_acc: 0.197 train_loss_sup: 4.445
[GPU1] epochs: [90/100] train_acc: 0.195 train_loss_sup: 4.445
[GPU1] Test Accuracy at epoch: 90: 0.095
[GPU1] epochs: [91/100] train_acc: 0.196 train_loss_sup: 4.445
[GPU1] epochs: [92/100] train_acc: 0.196 train_loss_sup: 4.445
[GPU1] epochs: [93/100] train_acc: 0.195 train_loss_sup: 4.445
[GPU1] epochs: [94/100] train_acc: 0.194 train_loss_sup: 4.445
[GPU1] epochs: [95/100] train_acc: 0.199 train_loss_sup: 4.444
[GPU1] epochs: [96/100] train_acc: 0.197 train_loss_sup: 4.445
[GPU1] epochs: [97/100] train_acc: 0.197 train_loss_sup: 4.444
[GPU1] epochs: [98/100] train_acc: 0.195 train_loss_sup: 4.445
[GPU1] epochs: [99/100] train_acc: 0.197 train_loss_sup: 4.445
[GPU1] epochs: [100/100] train_acc: 0.194 train_loss_sup: 4.444
[GPU1] Final Test Accuracy: 0.095
LR: 0.100 | WD: 0.000001 | Cosine: True | test Acc: 0.099%
===> using linear mlp
Scheduler: <torch.optim.lr_scheduler.CosineAnnealingLR object at 0x7b5b9e6eec50>
MLP: MLP(
  (mlp): Linear(in_features=512, out_features=100, bias=True)
)
[GPU1] Test Accuracy at epoch: 0: 0.016
[GPU1] epochs: [1/100] train_acc: 0.010 train_loss_sup: 4.605
[GPU1] epochs: [2/100] train_acc: 0.028 train_loss_sup: 4.601
[GPU1] epochs: [3/100] train_acc: 0.037 train_loss_sup: 4.598
[GPU1] epochs: [4/100] train_acc: 0.047 train_loss_sup: 4.595
[GPU1] epochs: [5/100] train_acc: 0.068 train_loss_sup: 4.591
[GPU1] epochs: [6/100] train_acc: 0.080 train_loss_sup: 4.588
[GPU1] epochs: [7/100] train_acc: 0.098 train_loss_sup: 4.585
[GPU1] epochs: [8/100] train_acc: 0.116 train_loss_sup: 4.582
[GPU1] epochs: [9/100] train_acc: 0.121 train_loss_sup: 4.579
[GPU1] epochs: [10/100] train_acc: 0.118 train_loss_sup: 4.576
[GPU1] Test Accuracy at epoch: 10: 0.077
[GPU1] epochs: [11/100] train_acc: 0.119 train_loss_sup: 4.573
[GPU1] epochs: [12/100] train_acc: 0.121 train_loss_sup: 4.570
[GPU1] epochs: [13/100] train_acc: 0.138 train_loss_sup: 4.567
[GPU1] epochs: [14/100] train_acc: 0.158 train_loss_sup: 4.564
[GPU1] epochs: [15/100] train_acc: 0.152 train_loss_sup: 4.562
[GPU1] epochs: [16/100] train_acc: 0.150 train_loss_sup: 4.559
[GPU1] epochs: [17/100] train_acc: 0.145 train_loss_sup: 4.556
[GPU1] epochs: [18/100] train_acc: 0.150 train_loss_sup: 4.554
[GPU1] epochs: [19/100] train_acc: 0.166 train_loss_sup: 4.551
[GPU1] epochs: [20/100] train_acc: 0.165 train_loss_sup: 4.549
[GPU1] Test Accuracy at epoch: 20: 0.086
[GPU1] epochs: [21/100] train_acc: 0.164 train_loss_sup: 4.546
[GPU1] epochs: [22/100] train_acc: 0.154 train_loss_sup: 4.544
[GPU1] epochs: [23/100] train_acc: 0.166 train_loss_sup: 4.542
[GPU1] epochs: [24/100] train_acc: 0.161 train_loss_sup: 4.539
[GPU1] epochs: [25/100] train_acc: 0.179 train_loss_sup: 4.537
[GPU1] epochs: [26/100] train_acc: 0.170 train_loss_sup: 4.535
[GPU1] epochs: [27/100] train_acc: 0.177 train_loss_sup: 4.532
[GPU1] epochs: [28/100] train_acc: 0.171 train_loss_sup: 4.531
[GPU1] epochs: [29/100] train_acc: 0.169 train_loss_sup: 4.529
[GPU1] epochs: [30/100] train_acc: 0.174 train_loss_sup: 4.526
[GPU1] Test Accuracy at epoch: 30: 0.092
[GPU1] epochs: [31/100] train_acc: 0.168 train_loss_sup: 4.524
[GPU1] epochs: [32/100] train_acc: 0.183 train_loss_sup: 4.522
[GPU1] epochs: [33/100] train_acc: 0.181 train_loss_sup: 4.521
[GPU1] epochs: [34/100] train_acc: 0.176 train_loss_sup: 4.519
[GPU1] epochs: [35/100] train_acc: 0.182 train_loss_sup: 4.517
[GPU1] epochs: [36/100] train_acc: 0.176 train_loss_sup: 4.515
[GPU1] epochs: [37/100] train_acc: 0.184 train_loss_sup: 4.513
[GPU1] epochs: [38/100] train_acc: 0.185 train_loss_sup: 4.512
[GPU1] epochs: [39/100] train_acc: 0.188 train_loss_sup: 4.511
[GPU1] epochs: [40/100] train_acc: 0.185 train_loss_sup: 4.509
[GPU1] Test Accuracy at epoch: 40: 0.092
[GPU1] epochs: [41/100] train_acc: 0.190 train_loss_sup: 4.508
[GPU1] epochs: [42/100] train_acc: 0.186 train_loss_sup: 4.506
[GPU1] epochs: [43/100] train_acc: 0.187 train_loss_sup: 4.505
[GPU1] epochs: [44/100] train_acc: 0.182 train_loss_sup: 4.503
[GPU1] epochs: [45/100] train_acc: 0.186 train_loss_sup: 4.502
[GPU1] epochs: [46/100] train_acc: 0.189 train_loss_sup: 4.501
[GPU1] epochs: [47/100] train_acc: 0.187 train_loss_sup: 4.500
[GPU1] epochs: [48/100] train_acc: 0.192 train_loss_sup: 4.498
[GPU1] epochs: [49/100] train_acc: 0.182 train_loss_sup: 4.497
[GPU1] epochs: [50/100] train_acc: 0.189 train_loss_sup: 4.496
[GPU1] Test Accuracy at epoch: 50: 0.09
[GPU1] epochs: [51/100] train_acc: 0.189 train_loss_sup: 4.495
[GPU1] epochs: [52/100] train_acc: 0.190 train_loss_sup: 4.494
[GPU1] epochs: [53/100] train_acc: 0.185 train_loss_sup: 4.493
[GPU1] epochs: [54/100] train_acc: 0.189 train_loss_sup: 4.492
[GPU1] epochs: [55/100] train_acc: 0.192 train_loss_sup: 4.492
[GPU1] epochs: [56/100] train_acc: 0.190 train_loss_sup: 4.490
[GPU1] epochs: [57/100] train_acc: 0.193 train_loss_sup: 4.489
[GPU1] epochs: [58/100] train_acc: 0.190 train_loss_sup: 4.488
[GPU1] epochs: [59/100] train_acc: 0.196 train_loss_sup: 4.488
[GPU1] epochs: [60/100] train_acc: 0.191 train_loss_sup: 4.487
[GPU1] Test Accuracy at epoch: 60: 0.092
[GPU1] epochs: [61/100] train_acc: 0.192 train_loss_sup: 4.486
[GPU1] epochs: [62/100] train_acc: 0.193 train_loss_sup: 4.485
[GPU1] epochs: [63/100] train_acc: 0.191 train_loss_sup: 4.485
[GPU1] epochs: [64/100] train_acc: 0.191 train_loss_sup: 4.485
[GPU1] epochs: [65/100] train_acc: 0.190 train_loss_sup: 4.484
[GPU1] epochs: [66/100] train_acc: 0.191 train_loss_sup: 4.483
[GPU1] epochs: [67/100] train_acc: 0.192 train_loss_sup: 4.483
[GPU1] epochs: [68/100] train_acc: 0.193 train_loss_sup: 4.482
[GPU1] epochs: [69/100] train_acc: 0.192 train_loss_sup: 4.482
[GPU1] epochs: [70/100] train_acc: 0.194 train_loss_sup: 4.481
[GPU1] Test Accuracy at epoch: 70: 0.096
[GPU1] epochs: [71/100] train_acc: 0.193 train_loss_sup: 4.481
[GPU1] epochs: [72/100] train_acc: 0.194 train_loss_sup: 4.481
[GPU1] epochs: [73/100] train_acc: 0.191 train_loss_sup: 4.480
[GPU1] epochs: [74/100] train_acc: 0.192 train_loss_sup: 4.480
[GPU1] epochs: [75/100] train_acc: 0.195 train_loss_sup: 4.480
[GPU1] epochs: [76/100] train_acc: 0.193 train_loss_sup: 4.479
[GPU1] epochs: [77/100] train_acc: 0.196 train_loss_sup: 4.478
[GPU1] epochs: [78/100] train_acc: 0.194 train_loss_sup: 4.479
[GPU1] epochs: [79/100] train_acc: 0.193 train_loss_sup: 4.479
[GPU1] epochs: [80/100] train_acc: 0.193 train_loss_sup: 4.478
[GPU1] Test Accuracy at epoch: 80: 0.093
[GPU1] epochs: [81/100] train_acc: 0.195 train_loss_sup: 4.478
[GPU1] epochs: [82/100] train_acc: 0.194 train_loss_sup: 4.478
[GPU1] epochs: [83/100] train_acc: 0.194 train_loss_sup: 4.478
[GPU1] epochs: [84/100] train_acc: 0.195 train_loss_sup: 4.478
[GPU1] epochs: [85/100] train_acc: 0.193 train_loss_sup: 4.477
[GPU1] epochs: [86/100] train_acc: 0.194 train_loss_sup: 4.478
[GPU1] epochs: [87/100] train_acc: 0.194 train_loss_sup: 4.477
[GPU1] epochs: [88/100] train_acc: 0.193 train_loss_sup: 4.477
[GPU1] epochs: [89/100] train_acc: 0.195 train_loss_sup: 4.477
[GPU1] epochs: [90/100] train_acc: 0.194 train_loss_sup: 4.477
[GPU1] Test Accuracy at epoch: 90: 0.093
[GPU1] epochs: [91/100] train_acc: 0.195 train_loss_sup: 4.477
[GPU1] epochs: [92/100] train_acc: 0.194 train_loss_sup: 4.477
[GPU1] epochs: [93/100] train_acc: 0.194 train_loss_sup: 4.477
[GPU1] epochs: [94/100] train_acc: 0.195 train_loss_sup: 4.477
[GPU1] epochs: [95/100] train_acc: 0.192 train_loss_sup: 4.477
[GPU1] epochs: [96/100] train_acc: 0.197 train_loss_sup: 4.477
[GPU1] epochs: [97/100] train_acc: 0.194 train_loss_sup: 4.477
[GPU1] epochs: [98/100] train_acc: 0.193 train_loss_sup: 4.477
[GPU1] epochs: [99/100] train_acc: 0.195 train_loss_sup: 4.477
[GPU1] epochs: [100/100] train_acc: 0.194 train_loss_sup: 4.477
[GPU1] Final Test Accuracy: 0.093
LR: 0.100 | WD: 0.000100 | Cosine: True | test Acc: 0.096%
===> using linear mlp
Scheduler: <torch.optim.lr_scheduler.CosineAnnealingLR object at 0x7b5ba8ae7ca0>
MLP: MLP(
  (mlp): Linear(in_features=512, out_features=100, bias=True)
)
[GPU1] Test Accuracy at epoch: 0: 0.017
[GPU1] epochs: [1/100] train_acc: 0.013 train_loss_sup: 4.605
[GPU1] epochs: [2/100] train_acc: 0.022 train_loss_sup: 4.601
[GPU1] epochs: [3/100] train_acc: 0.043 train_loss_sup: 4.598
[GPU1] epochs: [4/100] train_acc: 0.065 train_loss_sup: 4.594
[GPU1] epochs: [5/100] train_acc: 0.065 train_loss_sup: 4.591
[GPU1] epochs: [6/100] train_acc: 0.082 train_loss_sup: 4.588
[GPU1] epochs: [7/100] train_acc: 0.101 train_loss_sup: 4.585
[GPU1] epochs: [8/100] train_acc: 0.106 train_loss_sup: 4.581
[GPU1] epochs: [9/100] train_acc: 0.120 train_loss_sup: 4.578
[GPU1] epochs: [10/100] train_acc: 0.124 train_loss_sup: 4.575
[GPU1] Test Accuracy at epoch: 10: 0.087
[GPU1] epochs: [11/100] train_acc: 0.134 train_loss_sup: 4.571
[GPU1] epochs: [12/100] train_acc: 0.137 train_loss_sup: 4.568
[GPU1] epochs: [13/100] train_acc: 0.129 train_loss_sup: 4.565
[GPU1] epochs: [14/100] train_acc: 0.155 train_loss_sup: 4.562
[GPU1] epochs: [15/100] train_acc: 0.148 train_loss_sup: 4.558
[GPU1] epochs: [16/100] train_acc: 0.159 train_loss_sup: 4.556
[GPU1] epochs: [17/100] train_acc: 0.137 train_loss_sup: 4.553
[GPU1] epochs: [18/100] train_acc: 0.167 train_loss_sup: 4.550
[GPU1] epochs: [19/100] train_acc: 0.165 train_loss_sup: 4.546
[GPU1] epochs: [20/100] train_acc: 0.179 train_loss_sup: 4.543
[GPU1] Test Accuracy at epoch: 20: 0.089
[GPU1] epochs: [21/100] train_acc: 0.168 train_loss_sup: 4.540
[GPU1] epochs: [22/100] train_acc: 0.163 train_loss_sup: 4.538
[GPU1] epochs: [23/100] train_acc: 0.176 train_loss_sup: 4.535
[GPU1] epochs: [24/100] train_acc: 0.174 train_loss_sup: 4.532
[GPU1] epochs: [25/100] train_acc: 0.173 train_loss_sup: 4.529
[GPU1] epochs: [26/100] train_acc: 0.167 train_loss_sup: 4.526
[GPU1] epochs: [27/100] train_acc: 0.180 train_loss_sup: 4.523
[GPU1] epochs: [28/100] train_acc: 0.174 train_loss_sup: 4.521
[GPU1] epochs: [29/100] train_acc: 0.182 train_loss_sup: 4.518
[GPU1] epochs: [30/100] train_acc: 0.185 train_loss_sup: 4.516
[GPU1] Test Accuracy at epoch: 30: 0.093
[GPU1] epochs: [31/100] train_acc: 0.182 train_loss_sup: 4.513
[GPU1] epochs: [32/100] train_acc: 0.173 train_loss_sup: 4.511
[GPU1] epochs: [33/100] train_acc: 0.183 train_loss_sup: 4.508
[GPU1] epochs: [34/100] train_acc: 0.187 train_loss_sup: 4.505
[GPU1] epochs: [35/100] train_acc: 0.184 train_loss_sup: 4.503
[GPU1] epochs: [36/100] train_acc: 0.180 train_loss_sup: 4.501
[GPU1] epochs: [37/100] train_acc: 0.181 train_loss_sup: 4.499
[GPU1] epochs: [38/100] train_acc: 0.184 train_loss_sup: 4.496
[GPU1] epochs: [39/100] train_acc: 0.187 train_loss_sup: 4.494
[GPU1] epochs: [40/100] train_acc: 0.185 train_loss_sup: 4.491
[GPU1] Test Accuracy at epoch: 40: 0.093
[GPU1] epochs: [41/100] train_acc: 0.187 train_loss_sup: 4.490
[GPU1] epochs: [42/100] train_acc: 0.186 train_loss_sup: 4.488
[GPU1] epochs: [43/100] train_acc: 0.193 train_loss_sup: 4.486
[GPU1] epochs: [44/100] train_acc: 0.189 train_loss_sup: 4.484
[GPU1] epochs: [45/100] train_acc: 0.195 train_loss_sup: 4.482
[GPU1] epochs: [46/100] train_acc: 0.188 train_loss_sup: 4.481
[GPU1] epochs: [47/100] train_acc: 0.187 train_loss_sup: 4.479
[GPU1] epochs: [48/100] train_acc: 0.188 train_loss_sup: 4.477
[GPU1] epochs: [49/100] train_acc: 0.187 train_loss_sup: 4.475
[GPU1] epochs: [50/100] train_acc: 0.192 train_loss_sup: 4.474
[GPU1] Test Accuracy at epoch: 50: 0.099
[GPU1] epochs: [51/100] train_acc: 0.192 train_loss_sup: 4.473
[GPU1] epochs: [52/100] train_acc: 0.194 train_loss_sup: 4.471
[GPU1] epochs: [53/100] train_acc: 0.190 train_loss_sup: 4.469
[GPU1] epochs: [54/100] train_acc: 0.192 train_loss_sup: 4.468
[GPU1] epochs: [55/100] train_acc: 0.190 train_loss_sup: 4.466
[GPU1] epochs: [56/100] train_acc: 0.188 train_loss_sup: 4.465
[GPU1] epochs: [57/100] train_acc: 0.191 train_loss_sup: 4.464
[GPU1] epochs: [58/100] train_acc: 0.192 train_loss_sup: 4.463
[GPU1] epochs: [59/100] train_acc: 0.191 train_loss_sup: 4.461
[GPU1] epochs: [60/100] train_acc: 0.195 train_loss_sup: 4.460
[GPU1] Test Accuracy at epoch: 60: 0.097
[GPU1] epochs: [61/100] train_acc: 0.194 train_loss_sup: 4.459
[GPU1] epochs: [62/100] train_acc: 0.194 train_loss_sup: 4.458
[GPU1] epochs: [63/100] train_acc: 0.194 train_loss_sup: 4.457
[GPU1] epochs: [64/100] train_acc: 0.194 train_loss_sup: 4.456
[GPU1] epochs: [65/100] train_acc: 0.195 train_loss_sup: 4.455
[GPU1] epochs: [66/100] train_acc: 0.195 train_loss_sup: 4.455
[GPU1] epochs: [67/100] train_acc: 0.192 train_loss_sup: 4.453
[GPU1] epochs: [68/100] train_acc: 0.196 train_loss_sup: 4.453
[GPU1] epochs: [69/100] train_acc: 0.195 train_loss_sup: 4.452
[GPU1] epochs: [70/100] train_acc: 0.195 train_loss_sup: 4.451
[GPU1] Test Accuracy at epoch: 70: 0.096
[GPU1] epochs: [71/100] train_acc: 0.197 train_loss_sup: 4.450
[GPU1] epochs: [72/100] train_acc: 0.194 train_loss_sup: 4.450
[GPU1] epochs: [73/100] train_acc: 0.196 train_loss_sup: 4.449
[GPU1] epochs: [74/100] train_acc: 0.198 train_loss_sup: 4.448
[GPU1] epochs: [75/100] train_acc: 0.194 train_loss_sup: 4.448
[GPU1] epochs: [76/100] train_acc: 0.195 train_loss_sup: 4.448
[GPU1] epochs: [77/100] train_acc: 0.193 train_loss_sup: 4.447
[GPU1] epochs: [78/100] train_acc: 0.195 train_loss_sup: 4.447
[GPU1] epochs: [79/100] train_acc: 0.194 train_loss_sup: 4.447
[GPU1] epochs: [80/100] train_acc: 0.193 train_loss_sup: 4.446
[GPU1] Test Accuracy at epoch: 80: 0.096
[GPU1] epochs: [81/100] train_acc: 0.196 train_loss_sup: 4.446
[GPU1] epochs: [82/100] train_acc: 0.195 train_loss_sup: 4.445
[GPU1] epochs: [83/100] train_acc: 0.195 train_loss_sup: 4.446
[GPU1] epochs: [84/100] train_acc: 0.197 train_loss_sup: 4.445
[GPU1] epochs: [85/100] train_acc: 0.195 train_loss_sup: 4.445
[GPU1] epochs: [86/100] train_acc: 0.196 train_loss_sup: 4.445
[GPU1] epochs: [87/100] train_acc: 0.196 train_loss_sup: 4.445
[GPU1] epochs: [88/100] train_acc: 0.194 train_loss_sup: 4.445
[GPU1] epochs: [89/100] train_acc: 0.195 train_loss_sup: 4.444
[GPU1] epochs: [90/100] train_acc: 0.197 train_loss_sup: 4.445
[GPU1] Test Accuracy at epoch: 90: 0.096
[GPU1] epochs: [91/100] train_acc: 0.196 train_loss_sup: 4.444
[GPU1] epochs: [92/100] train_acc: 0.196 train_loss_sup: 4.444
[GPU1] epochs: [93/100] train_acc: 0.196 train_loss_sup: 4.444
[GPU1] epochs: [94/100] train_acc: 0.195 train_loss_sup: 4.444
[GPU1] epochs: [95/100] train_acc: 0.195 train_loss_sup: 4.444
[GPU1] epochs: [96/100] train_acc: 0.195 train_loss_sup: 4.444
[GPU1] epochs: [97/100] train_acc: 0.196 train_loss_sup: 4.444
[GPU1] epochs: [98/100] train_acc: 0.195 train_loss_sup: 4.444
[GPU1] epochs: [99/100] train_acc: 0.195 train_loss_sup: 4.444
[GPU1] epochs: [100/100] train_acc: 0.195 train_loss_sup: 4.444
[GPU1] Final Test Accuracy: 0.096
LR: 0.100 | WD: 0.000000 | Cosine: True | test Acc: 0.099%
===> using linear mlp
Scheduler: <torch.optim.lr_scheduler.CosineAnnealingLR object at 0x7b5b9cf9fca0>
MLP: MLP(
  (mlp): Linear(in_features=512, out_features=100, bias=True)
)
[GPU1] Test Accuracy at epoch: 0: 0.017
[GPU1] epochs: [1/100] train_acc: 0.016 train_loss_sup: 4.596
[GPU1] epochs: [2/100] train_acc: 0.041 train_loss_sup: 4.564
[GPU1] epochs: [3/100] train_acc: 0.064 train_loss_sup: 4.532
[GPU1] epochs: [4/100] train_acc: 0.084 train_loss_sup: 4.500
[GPU1] epochs: [5/100] train_acc: 0.110 train_loss_sup: 4.469
[GPU1] epochs: [6/100] train_acc: 0.119 train_loss_sup: 4.440
[GPU1] epochs: [7/100] train_acc: 0.138 train_loss_sup: 4.410
[GPU1] epochs: [8/100] train_acc: 0.146 train_loss_sup: 4.382
[GPU1] epochs: [9/100] train_acc: 0.156 train_loss_sup: 4.354
[GPU1] epochs: [10/100] train_acc: 0.161 train_loss_sup: 4.328
[GPU1] Test Accuracy at epoch: 10: 0.062
[GPU1] epochs: [11/100] train_acc: 0.166 train_loss_sup: 4.302
[GPU1] epochs: [12/100] train_acc: 0.169 train_loss_sup: 4.277
[GPU1] epochs: [13/100] train_acc: 0.173 train_loss_sup: 4.254
[GPU1] epochs: [14/100] train_acc: 0.178 train_loss_sup: 4.229
[GPU1] epochs: [15/100] train_acc: 0.186 train_loss_sup: 4.206
[GPU1] epochs: [16/100] train_acc: 0.188 train_loss_sup: 4.183
[GPU1] epochs: [17/100] train_acc: 0.190 train_loss_sup: 4.163
[GPU1] epochs: [18/100] train_acc: 0.194 train_loss_sup: 4.142
[GPU1] epochs: [19/100] train_acc: 0.198 train_loss_sup: 4.124
[GPU1] epochs: [20/100] train_acc: 0.203 train_loss_sup: 4.102
[GPU1] Test Accuracy at epoch: 20: 0.107
[GPU1] epochs: [21/100] train_acc: 0.202 train_loss_sup: 4.083
[GPU1] epochs: [22/100] train_acc: 0.202 train_loss_sup: 4.066
[GPU1] epochs: [23/100] train_acc: 0.207 train_loss_sup: 4.048
[GPU1] epochs: [24/100] train_acc: 0.207 train_loss_sup: 4.032
[GPU1] epochs: [25/100] train_acc: 0.210 train_loss_sup: 4.015
[GPU1] epochs: [26/100] train_acc: 0.212 train_loss_sup: 3.998
[GPU1] epochs: [27/100] train_acc: 0.213 train_loss_sup: 3.982
[GPU1] epochs: [28/100] train_acc: 0.214 train_loss_sup: 3.968
[GPU1] epochs: [29/100] train_acc: 0.222 train_loss_sup: 3.952
[GPU1] epochs: [30/100] train_acc: 0.218 train_loss_sup: 3.938
[GPU1] Test Accuracy at epoch: 30: 0.137
[GPU1] epochs: [31/100] train_acc: 0.221 train_loss_sup: 3.926
[GPU1] epochs: [32/100] train_acc: 0.221 train_loss_sup: 3.915
[GPU1] epochs: [33/100] train_acc: 0.225 train_loss_sup: 3.901
[GPU1] epochs: [34/100] train_acc: 0.222 train_loss_sup: 3.889
[GPU1] epochs: [35/100] train_acc: 0.226 train_loss_sup: 3.878
[GPU1] epochs: [36/100] train_acc: 0.229 train_loss_sup: 3.865
[GPU1] epochs: [37/100] train_acc: 0.229 train_loss_sup: 3.855
[GPU1] epochs: [38/100] train_acc: 0.232 train_loss_sup: 3.843
[GPU1] epochs: [39/100] train_acc: 0.233 train_loss_sup: 3.834
[GPU1] epochs: [40/100] train_acc: 0.233 train_loss_sup: 3.825
[GPU1] Test Accuracy at epoch: 40: 0.142
[GPU1] epochs: [41/100] train_acc: 0.233 train_loss_sup: 3.812
[GPU1] epochs: [42/100] train_acc: 0.235 train_loss_sup: 3.803
[GPU1] epochs: [43/100] train_acc: 0.238 train_loss_sup: 3.796
[GPU1] epochs: [44/100] train_acc: 0.239 train_loss_sup: 3.787
[GPU1] epochs: [45/100] train_acc: 0.240 train_loss_sup: 3.781
[GPU1] epochs: [46/100] train_acc: 0.239 train_loss_sup: 3.771
[GPU1] epochs: [47/100] train_acc: 0.241 train_loss_sup: 3.762
[GPU1] epochs: [48/100] train_acc: 0.239 train_loss_sup: 3.758
[GPU1] epochs: [49/100] train_acc: 0.241 train_loss_sup: 3.748
[GPU1] epochs: [50/100] train_acc: 0.244 train_loss_sup: 3.742
[GPU1] Test Accuracy at epoch: 50: 0.157
[GPU1] epochs: [51/100] train_acc: 0.244 train_loss_sup: 3.737
[GPU1] epochs: [52/100] train_acc: 0.243 train_loss_sup: 3.731
[GPU1] epochs: [53/100] train_acc: 0.246 train_loss_sup: 3.722
[GPU1] epochs: [54/100] train_acc: 0.244 train_loss_sup: 3.716
[GPU1] epochs: [55/100] train_acc: 0.246 train_loss_sup: 3.715
[GPU1] epochs: [56/100] train_acc: 0.247 train_loss_sup: 3.708
[GPU1] epochs: [57/100] train_acc: 0.248 train_loss_sup: 3.701
[GPU1] epochs: [58/100] train_acc: 0.250 train_loss_sup: 3.698
[GPU1] epochs: [59/100] train_acc: 0.248 train_loss_sup: 3.696
[GPU1] epochs: [60/100] train_acc: 0.249 train_loss_sup: 3.690
[GPU1] Test Accuracy at epoch: 60: 0.166
[GPU1] epochs: [61/100] train_acc: 0.249 train_loss_sup: 3.684
[GPU1] epochs: [62/100] train_acc: 0.248 train_loss_sup: 3.682
[GPU1] epochs: [63/100] train_acc: 0.248 train_loss_sup: 3.680
[GPU1] epochs: [64/100] train_acc: 0.252 train_loss_sup: 3.673
[GPU1] epochs: [65/100] train_acc: 0.251 train_loss_sup: 3.670
[GPU1] epochs: [66/100] train_acc: 0.251 train_loss_sup: 3.669
[GPU1] epochs: [67/100] train_acc: 0.249 train_loss_sup: 3.665
[GPU1] epochs: [68/100] train_acc: 0.252 train_loss_sup: 3.663
[GPU1] epochs: [69/100] train_acc: 0.254 train_loss_sup: 3.660
[GPU1] epochs: [70/100] train_acc: 0.253 train_loss_sup: 3.657
[GPU1] Test Accuracy at epoch: 70: 0.165
[GPU1] epochs: [71/100] train_acc: 0.253 train_loss_sup: 3.657
[GPU1] epochs: [72/100] train_acc: 0.252 train_loss_sup: 3.656
[GPU1] epochs: [73/100] train_acc: 0.254 train_loss_sup: 3.650
[GPU1] epochs: [74/100] train_acc: 0.253 train_loss_sup: 3.647
[GPU1] epochs: [75/100] train_acc: 0.253 train_loss_sup: 3.647
[GPU1] epochs: [76/100] train_acc: 0.255 train_loss_sup: 3.645
[GPU1] epochs: [77/100] train_acc: 0.252 train_loss_sup: 3.646
[GPU1] epochs: [78/100] train_acc: 0.256 train_loss_sup: 3.643
[GPU1] epochs: [79/100] train_acc: 0.255 train_loss_sup: 3.642
[GPU1] epochs: [80/100] train_acc: 0.253 train_loss_sup: 3.639
[GPU1] Test Accuracy at epoch: 80: 0.168
[GPU1] epochs: [81/100] train_acc: 0.253 train_loss_sup: 3.639
[GPU1] epochs: [82/100] train_acc: 0.255 train_loss_sup: 3.641
[GPU1] epochs: [83/100] train_acc: 0.255 train_loss_sup: 3.637
[GPU1] epochs: [84/100] train_acc: 0.254 train_loss_sup: 3.637
[GPU1] epochs: [85/100] train_acc: 0.257 train_loss_sup: 3.637
[GPU1] epochs: [86/100] train_acc: 0.256 train_loss_sup: 3.632
[GPU1] epochs: [87/100] train_acc: 0.255 train_loss_sup: 3.638
[GPU1] epochs: [88/100] train_acc: 0.257 train_loss_sup: 3.635
[GPU1] epochs: [89/100] train_acc: 0.256 train_loss_sup: 3.633
[GPU1] epochs: [90/100] train_acc: 0.254 train_loss_sup: 3.636
[GPU1] Test Accuracy at epoch: 90: 0.168
[GPU1] epochs: [91/100] train_acc: 0.255 train_loss_sup: 3.632
[GPU1] epochs: [92/100] train_acc: 0.256 train_loss_sup: 3.631
[GPU1] epochs: [93/100] train_acc: 0.258 train_loss_sup: 3.632
[GPU1] epochs: [94/100] train_acc: 0.256 train_loss_sup: 3.635
[GPU1] epochs: [95/100] train_acc: 0.258 train_loss_sup: 3.632
[GPU1] epochs: [96/100] train_acc: 0.260 train_loss_sup: 3.632
[GPU1] epochs: [97/100] train_acc: 0.255 train_loss_sup: 3.633
[GPU1] epochs: [98/100] train_acc: 0.256 train_loss_sup: 3.630
[GPU1] epochs: [99/100] train_acc: 0.254 train_loss_sup: 3.633
[GPU1] epochs: [100/100] train_acc: 0.257 train_loss_sup: 3.629
[GPU1] Final Test Accuracy: 0.168
LR: 1.000 | WD: 0.000001 | Cosine: True | test Acc: 0.168%
===> using linear mlp
Scheduler: <torch.optim.lr_scheduler.CosineAnnealingLR object at 0x7b5b9cf9fcd0>
MLP: MLP(
  (mlp): Linear(in_features=512, out_features=100, bias=True)
)
[GPU1] Test Accuracy at epoch: 0: 0.017
[GPU1] epochs: [1/100] train_acc: 0.014 train_loss_sup: 4.597
[GPU1] epochs: [2/100] train_acc: 0.037 train_loss_sup: 4.567
[GPU1] epochs: [3/100] train_acc: 0.061 train_loss_sup: 4.540
[GPU1] epochs: [4/100] train_acc: 0.064 train_loss_sup: 4.516
[GPU1] epochs: [5/100] train_acc: 0.095 train_loss_sup: 4.494
[GPU1] epochs: [6/100] train_acc: 0.104 train_loss_sup: 4.475
[GPU1] epochs: [7/100] train_acc: 0.117 train_loss_sup: 4.459
[GPU1] epochs: [8/100] train_acc: 0.117 train_loss_sup: 4.443
[GPU1] epochs: [9/100] train_acc: 0.126 train_loss_sup: 4.431
[GPU1] epochs: [10/100] train_acc: 0.140 train_loss_sup: 4.418
[GPU1] Test Accuracy at epoch: 10: 0.07
[GPU1] epochs: [11/100] train_acc: 0.135 train_loss_sup: 4.408
[GPU1] epochs: [12/100] train_acc: 0.145 train_loss_sup: 4.399
[GPU1] epochs: [13/100] train_acc: 0.145 train_loss_sup: 4.390
[GPU1] epochs: [14/100] train_acc: 0.147 train_loss_sup: 4.383
[GPU1] epochs: [15/100] train_acc: 0.148 train_loss_sup: 4.377
[GPU1] epochs: [16/100] train_acc: 0.151 train_loss_sup: 4.370
[GPU1] epochs: [17/100] train_acc: 0.157 train_loss_sup: 4.365
[GPU1] epochs: [18/100] train_acc: 0.156 train_loss_sup: 4.360
[GPU1] epochs: [19/100] train_acc: 0.159 train_loss_sup: 4.357
[GPU1] epochs: [20/100] train_acc: 0.157 train_loss_sup: 4.353
[GPU1] Test Accuracy at epoch: 20: 0.115
[GPU1] epochs: [21/100] train_acc: 0.159 train_loss_sup: 4.350
[GPU1] epochs: [22/100] train_acc: 0.160 train_loss_sup: 4.347
[GPU1] epochs: [23/100] train_acc: 0.168 train_loss_sup: 4.344
[GPU1] epochs: [24/100] train_acc: 0.159 train_loss_sup: 4.343
[GPU1] epochs: [25/100] train_acc: 0.163 train_loss_sup: 4.340
[GPU1] epochs: [26/100] train_acc: 0.166 train_loss_sup: 4.337
[GPU1] epochs: [27/100] train_acc: 0.165 train_loss_sup: 4.336
[GPU1] epochs: [28/100] train_acc: 0.165 train_loss_sup: 4.335
[GPU1] epochs: [29/100] train_acc: 0.167 train_loss_sup: 4.333
[GPU1] epochs: [30/100] train_acc: 0.171 train_loss_sup: 4.331
[GPU1] Test Accuracy at epoch: 30: 0.085
[GPU1] epochs: [31/100] train_acc: 0.173 train_loss_sup: 4.330
[GPU1] epochs: [32/100] train_acc: 0.169 train_loss_sup: 4.331
[GPU1] epochs: [33/100] train_acc: 0.176 train_loss_sup: 4.328
[GPU1] epochs: [34/100] train_acc: 0.170 train_loss_sup: 4.327
[GPU1] epochs: [35/100] train_acc: 0.172 train_loss_sup: 4.327
[GPU1] epochs: [36/100] train_acc: 0.173 train_loss_sup: 4.327
[GPU1] epochs: [37/100] train_acc: 0.182 train_loss_sup: 4.325
[GPU1] epochs: [38/100] train_acc: 0.168 train_loss_sup: 4.323
[GPU1] epochs: [39/100] train_acc: 0.181 train_loss_sup: 4.323
[GPU1] epochs: [40/100] train_acc: 0.178 train_loss_sup: 4.323
[GPU1] Test Accuracy at epoch: 40: 0.132
[GPU1] epochs: [41/100] train_acc: 0.176 train_loss_sup: 4.323
[GPU1] epochs: [42/100] train_acc: 0.185 train_loss_sup: 4.322
[GPU1] epochs: [43/100] train_acc: 0.181 train_loss_sup: 4.321
[GPU1] epochs: [44/100] train_acc: 0.181 train_loss_sup: 4.322
[GPU1] epochs: [45/100] train_acc: 0.178 train_loss_sup: 4.321
[GPU1] epochs: [46/100] train_acc: 0.174 train_loss_sup: 4.321
[GPU1] epochs: [47/100] train_acc: 0.183 train_loss_sup: 4.321
[GPU1] epochs: [48/100] train_acc: 0.186 train_loss_sup: 4.321
[GPU1] epochs: [49/100] train_acc: 0.186 train_loss_sup: 4.320
[GPU1] epochs: [50/100] train_acc: 0.183 train_loss_sup: 4.320
[GPU1] Test Accuracy at epoch: 50: 0.104
[GPU1] epochs: [51/100] train_acc: 0.185 train_loss_sup: 4.319
[GPU1] epochs: [52/100] train_acc: 0.184 train_loss_sup: 4.319
[GPU1] epochs: [53/100] train_acc: 0.190 train_loss_sup: 4.319
[GPU1] epochs: [54/100] train_acc: 0.182 train_loss_sup: 4.318
[GPU1] epochs: [55/100] train_acc: 0.193 train_loss_sup: 4.319
[GPU1] epochs: [56/100] train_acc: 0.186 train_loss_sup: 4.318
[GPU1] epochs: [57/100] train_acc: 0.191 train_loss_sup: 4.319
[GPU1] epochs: [58/100] train_acc: 0.190 train_loss_sup: 4.319
[GPU1] epochs: [59/100] train_acc: 0.189 train_loss_sup: 4.317
[GPU1] epochs: [60/100] train_acc: 0.196 train_loss_sup: 4.317
[GPU1] Test Accuracy at epoch: 60: 0.097
[GPU1] epochs: [61/100] train_acc: 0.193 train_loss_sup: 4.318
[GPU1] epochs: [62/100] train_acc: 0.194 train_loss_sup: 4.317
[GPU1] epochs: [63/100] train_acc: 0.193 train_loss_sup: 4.317
[GPU1] epochs: [64/100] train_acc: 0.198 train_loss_sup: 4.316
[GPU1] epochs: [65/100] train_acc: 0.197 train_loss_sup: 4.317
[GPU1] epochs: [66/100] train_acc: 0.192 train_loss_sup: 4.317
[GPU1] epochs: [67/100] train_acc: 0.200 train_loss_sup: 4.316
[GPU1] epochs: [68/100] train_acc: 0.200 train_loss_sup: 4.317
[GPU1] epochs: [69/100] train_acc: 0.203 train_loss_sup: 4.317
[GPU1] epochs: [70/100] train_acc: 0.200 train_loss_sup: 4.317
[GPU1] Test Accuracy at epoch: 70: 0.097
[GPU1] epochs: [71/100] train_acc: 0.205 train_loss_sup: 4.316
[GPU1] epochs: [72/100] train_acc: 0.199 train_loss_sup: 4.316
[GPU1] epochs: [73/100] train_acc: 0.202 train_loss_sup: 4.316
[GPU1] epochs: [74/100] train_acc: 0.205 train_loss_sup: 4.315
[GPU1] epochs: [75/100] train_acc: 0.202 train_loss_sup: 4.316
[GPU1] epochs: [76/100] train_acc: 0.205 train_loss_sup: 4.316
[GPU1] epochs: [77/100] train_acc: 0.204 train_loss_sup: 4.316
[GPU1] epochs: [78/100] train_acc: 0.207 train_loss_sup: 4.315
[GPU1] epochs: [79/100] train_acc: 0.206 train_loss_sup: 4.315
[GPU1] epochs: [80/100] train_acc: 0.205 train_loss_sup: 4.316
[GPU1] Test Accuracy at epoch: 80: 0.109
[GPU1] epochs: [81/100] train_acc: 0.206 train_loss_sup: 4.316
[GPU1] epochs: [82/100] train_acc: 0.205 train_loss_sup: 4.316
[GPU1] epochs: [83/100] train_acc: 0.208 train_loss_sup: 4.315
[GPU1] epochs: [84/100] train_acc: 0.205 train_loss_sup: 4.316
[GPU1] epochs: [85/100] train_acc: 0.208 train_loss_sup: 4.316
[GPU1] epochs: [86/100] train_acc: 0.211 train_loss_sup: 4.315
[GPU1] epochs: [87/100] train_acc: 0.205 train_loss_sup: 4.315
[GPU1] epochs: [88/100] train_acc: 0.208 train_loss_sup: 4.315
[GPU1] epochs: [89/100] train_acc: 0.209 train_loss_sup: 4.315
[GPU1] epochs: [90/100] train_acc: 0.208 train_loss_sup: 4.315
[GPU1] Test Accuracy at epoch: 90: 0.11
[GPU1] epochs: [91/100] train_acc: 0.208 train_loss_sup: 4.315
[GPU1] epochs: [92/100] train_acc: 0.208 train_loss_sup: 4.314
[GPU1] epochs: [93/100] train_acc: 0.207 train_loss_sup: 4.315
[GPU1] epochs: [94/100] train_acc: 0.209 train_loss_sup: 4.315
[GPU1] epochs: [95/100] train_acc: 0.209 train_loss_sup: 4.315
[GPU1] epochs: [96/100] train_acc: 0.208 train_loss_sup: 4.314
[GPU1] epochs: [97/100] train_acc: 0.207 train_loss_sup: 4.314
[GPU1] epochs: [98/100] train_acc: 0.207 train_loss_sup: 4.315
[GPU1] epochs: [99/100] train_acc: 0.209 train_loss_sup: 4.314
[GPU1] epochs: [100/100] train_acc: 0.210 train_loss_sup: 4.314
[GPU1] Final Test Accuracy: 0.11
LR: 1.000 | WD: 0.000100 | Cosine: True | test Acc: 0.132%
===> using linear mlp
Scheduler: <torch.optim.lr_scheduler.CosineAnnealingLR object at 0x7b5b9cf9fca0>
MLP: MLP(
  (mlp): Linear(in_features=512, out_features=100, bias=True)
)
[GPU1] Test Accuracy at epoch: 0: 0.011
[GPU1] epochs: [1/100] train_acc: 0.016 train_loss_sup: 4.596
[GPU1] epochs: [2/100] train_acc: 0.037 train_loss_sup: 4.564
[GPU1] epochs: [3/100] train_acc: 0.062 train_loss_sup: 4.532
[GPU1] epochs: [4/100] train_acc: 0.080 train_loss_sup: 4.500
[GPU1] epochs: [5/100] train_acc: 0.105 train_loss_sup: 4.470
[GPU1] epochs: [6/100] train_acc: 0.129 train_loss_sup: 4.440
[GPU1] epochs: [7/100] train_acc: 0.136 train_loss_sup: 4.410
[GPU1] epochs: [8/100] train_acc: 0.142 train_loss_sup: 4.382
[GPU1] epochs: [9/100] train_acc: 0.152 train_loss_sup: 4.353
[GPU1] epochs: [10/100] train_acc: 0.159 train_loss_sup: 4.327
[GPU1] Test Accuracy at epoch: 10: 0.108
[GPU1] epochs: [11/100] train_acc: 0.166 train_loss_sup: 4.301
[GPU1] epochs: [12/100] train_acc: 0.172 train_loss_sup: 4.277
[GPU1] epochs: [13/100] train_acc: 0.179 train_loss_sup: 4.252
[GPU1] epochs: [14/100] train_acc: 0.180 train_loss_sup: 4.227
[GPU1] epochs: [15/100] train_acc: 0.187 train_loss_sup: 4.204
[GPU1] epochs: [16/100] train_acc: 0.187 train_loss_sup: 4.182
[GPU1] epochs: [17/100] train_acc: 0.191 train_loss_sup: 4.159
[GPU1] epochs: [18/100] train_acc: 0.199 train_loss_sup: 4.141
[GPU1] epochs: [19/100] train_acc: 0.199 train_loss_sup: 4.118
[GPU1] epochs: [20/100] train_acc: 0.198 train_loss_sup: 4.099
[GPU1] Test Accuracy at epoch: 20: 0.114
[GPU1] epochs: [21/100] train_acc: 0.203 train_loss_sup: 4.081
[GPU1] epochs: [22/100] train_acc: 0.206 train_loss_sup: 4.063
[GPU1] epochs: [23/100] train_acc: 0.210 train_loss_sup: 4.042
[GPU1] epochs: [24/100] train_acc: 0.210 train_loss_sup: 4.026
[GPU1] epochs: [25/100] train_acc: 0.211 train_loss_sup: 4.011
[GPU1] epochs: [26/100] train_acc: 0.215 train_loss_sup: 3.990
[GPU1] epochs: [27/100] train_acc: 0.215 train_loss_sup: 3.977
[GPU1] epochs: [28/100] train_acc: 0.217 train_loss_sup: 3.962
[GPU1] epochs: [29/100] train_acc: 0.220 train_loss_sup: 3.947
[GPU1] epochs: [30/100] train_acc: 0.222 train_loss_sup: 3.933
[GPU1] Test Accuracy at epoch: 30: 0.13
[GPU1] epochs: [31/100] train_acc: 0.221 train_loss_sup: 3.919
[GPU1] epochs: [32/100] train_acc: 0.226 train_loss_sup: 3.905
[GPU1] epochs: [33/100] train_acc: 0.223 train_loss_sup: 3.892
[GPU1] epochs: [34/100] train_acc: 0.226 train_loss_sup: 3.881
[GPU1] epochs: [35/100] train_acc: 0.228 train_loss_sup: 3.868
[GPU1] epochs: [36/100] train_acc: 0.230 train_loss_sup: 3.855
[GPU1] epochs: [37/100] train_acc: 0.230 train_loss_sup: 3.846
[GPU1] epochs: [38/100] train_acc: 0.234 train_loss_sup: 3.834
[GPU1] epochs: [39/100] train_acc: 0.233 train_loss_sup: 3.824
[GPU1] epochs: [40/100] train_acc: 0.235 train_loss_sup: 3.814
[GPU1] Test Accuracy at epoch: 40: 0.15
[GPU1] epochs: [41/100] train_acc: 0.236 train_loss_sup: 3.803
[GPU1] epochs: [42/100] train_acc: 0.238 train_loss_sup: 3.797
[GPU1] epochs: [43/100] train_acc: 0.236 train_loss_sup: 3.786
[GPU1] epochs: [44/100] train_acc: 0.239 train_loss_sup: 3.778
[GPU1] epochs: [45/100] train_acc: 0.238 train_loss_sup: 3.772
[GPU1] epochs: [46/100] train_acc: 0.242 train_loss_sup: 3.760
[GPU1] epochs: [47/100] train_acc: 0.239 train_loss_sup: 3.754
[GPU1] epochs: [48/100] train_acc: 0.240 train_loss_sup: 3.747
[GPU1] epochs: [49/100] train_acc: 0.242 train_loss_sup: 3.739
[GPU1] epochs: [50/100] train_acc: 0.243 train_loss_sup: 3.728
[GPU1] Test Accuracy at epoch: 50: 0.156
[GPU1] epochs: [51/100] train_acc: 0.245 train_loss_sup: 3.723
[GPU1] epochs: [52/100] train_acc: 0.245 train_loss_sup: 3.717
[GPU1] epochs: [53/100] train_acc: 0.245 train_loss_sup: 3.714
[GPU1] epochs: [54/100] train_acc: 0.246 train_loss_sup: 3.706
[GPU1] epochs: [55/100] train_acc: 0.247 train_loss_sup: 3.701
[GPU1] epochs: [56/100] train_acc: 0.247 train_loss_sup: 3.697
[GPU1] epochs: [57/100] train_acc: 0.247 train_loss_sup: 3.692
[GPU1] epochs: [58/100] train_acc: 0.248 train_loss_sup: 3.686
[GPU1] epochs: [59/100] train_acc: 0.246 train_loss_sup: 3.685
[GPU1] epochs: [60/100] train_acc: 0.251 train_loss_sup: 3.678
[GPU1] Test Accuracy at epoch: 60: 0.166
[GPU1] epochs: [61/100] train_acc: 0.248 train_loss_sup: 3.671
[GPU1] epochs: [62/100] train_acc: 0.250 train_loss_sup: 3.667
[GPU1] epochs: [63/100] train_acc: 0.249 train_loss_sup: 3.666
[GPU1] epochs: [64/100] train_acc: 0.254 train_loss_sup: 3.660
[GPU1] epochs: [65/100] train_acc: 0.249 train_loss_sup: 3.660
[GPU1] epochs: [66/100] train_acc: 0.253 train_loss_sup: 3.651
[GPU1] epochs: [67/100] train_acc: 0.253 train_loss_sup: 3.652
[GPU1] epochs: [68/100] train_acc: 0.252 train_loss_sup: 3.646
[GPU1] epochs: [69/100] train_acc: 0.255 train_loss_sup: 3.647
[GPU1] epochs: [70/100] train_acc: 0.255 train_loss_sup: 3.646
[GPU1] Test Accuracy at epoch: 70: 0.166
[GPU1] epochs: [71/100] train_acc: 0.254 train_loss_sup: 3.638
[GPU1] epochs: [72/100] train_acc: 0.256 train_loss_sup: 3.639
[GPU1] epochs: [73/100] train_acc: 0.255 train_loss_sup: 3.638
[GPU1] epochs: [74/100] train_acc: 0.254 train_loss_sup: 3.635
[GPU1] epochs: [75/100] train_acc: 0.255 train_loss_sup: 3.634
[GPU1] epochs: [76/100] train_acc: 0.256 train_loss_sup: 3.628
[GPU1] epochs: [77/100] train_acc: 0.257 train_loss_sup: 3.628
[GPU1] epochs: [78/100] train_acc: 0.258 train_loss_sup: 3.628
[GPU1] epochs: [79/100] train_acc: 0.254 train_loss_sup: 3.626
[GPU1] epochs: [80/100] train_acc: 0.255 train_loss_sup: 3.625
[GPU1] Test Accuracy at epoch: 80: 0.17
[GPU1] epochs: [81/100] train_acc: 0.257 train_loss_sup: 3.624
[GPU1] epochs: [82/100] train_acc: 0.257 train_loss_sup: 3.624
[GPU1] epochs: [83/100] train_acc: 0.258 train_loss_sup: 3.620
[GPU1] epochs: [84/100] train_acc: 0.258 train_loss_sup: 3.619
[GPU1] epochs: [85/100] train_acc: 0.257 train_loss_sup: 3.619
[GPU1] epochs: [86/100] train_acc: 0.255 train_loss_sup: 3.621
[GPU1] epochs: [87/100] train_acc: 0.256 train_loss_sup: 3.618
[GPU1] epochs: [88/100] train_acc: 0.256 train_loss_sup: 3.620
[GPU1] epochs: [89/100] train_acc: 0.259 train_loss_sup: 3.618
[GPU1] epochs: [90/100] train_acc: 0.256 train_loss_sup: 3.617
[GPU1] Test Accuracy at epoch: 90: 0.17
[GPU1] epochs: [91/100] train_acc: 0.258 train_loss_sup: 3.618
[GPU1] epochs: [92/100] train_acc: 0.258 train_loss_sup: 3.617
[GPU1] epochs: [93/100] train_acc: 0.257 train_loss_sup: 3.617
[GPU1] epochs: [94/100] train_acc: 0.258 train_loss_sup: 3.616
[GPU1] epochs: [95/100] train_acc: 0.258 train_loss_sup: 3.617
[GPU1] epochs: [96/100] train_acc: 0.256 train_loss_sup: 3.616
[GPU1] epochs: [97/100] train_acc: 0.259 train_loss_sup: 3.613
[GPU1] epochs: [98/100] train_acc: 0.258 train_loss_sup: 3.614
[GPU1] epochs: [99/100] train_acc: 0.256 train_loss_sup: 3.615
[GPU1] epochs: [100/100] train_acc: 0.257 train_loss_sup: 3.615
[GPU1] Final Test Accuracy: 0.17
LR: 1.000 | WD: 0.000000 | Cosine: True | test Acc: 0.170%
------------------------------
Best Test Accuracy: 0.214%
Optimal Hyperparameters: LR=1.0, WD=0.0, Cosine=0
knn evalution
logistic regression evalution
clustering metrics evalution
knn_acc: 0.268
lreg_acc: 0.364
ari: 0.044
nmi: 0.236
ss: 0.017
dbs: 3.241
