Namespace(dataset='cifar10', saved_path='saved_models/simsiam.timg.r18.pth', gpu=0, model='resnet18', verbose=False, epochs=100, eval_every=10, knn=True, lreg=True, linprobe=True, tsne=False, umap=False, cmet=True)
<All keys matched successfully>
Starting Hyperparameter Sweep on 0...
===> using linear mlp
Scheduler: None
MLP: MLP(
  (mlp): Linear(in_features=512, out_features=10, bias=True)
)
[GPU0] Test Accuracy at epoch: 0: 0.181
[GPU0] epochs: [1/100] train_acc: 0.163 train_loss_sup: 2.294
[GPU0] epochs: [2/100] train_acc: 0.279 train_loss_sup: 2.273
[GPU0] epochs: [3/100] train_acc: 0.361 train_loss_sup: 2.252
[GPU0] epochs: [4/100] train_acc: 0.381 train_loss_sup: 2.232
[GPU0] epochs: [5/100] train_acc: 0.409 train_loss_sup: 2.212
[GPU0] epochs: [6/100] train_acc: 0.434 train_loss_sup: 2.192
[GPU0] epochs: [7/100] train_acc: 0.432 train_loss_sup: 2.174
[GPU0] epochs: [8/100] train_acc: 0.441 train_loss_sup: 2.156
[GPU0] epochs: [9/100] train_acc: 0.445 train_loss_sup: 2.139
[GPU0] epochs: [10/100] train_acc: 0.456 train_loss_sup: 2.122
[GPU0] Test Accuracy at epoch: 10: 0.266
[GPU0] epochs: [11/100] train_acc: 0.457 train_loss_sup: 2.106
[GPU0] epochs: [12/100] train_acc: 0.457 train_loss_sup: 2.091
[GPU0] epochs: [13/100] train_acc: 0.465 train_loss_sup: 2.075
[GPU0] epochs: [14/100] train_acc: 0.460 train_loss_sup: 2.060
[GPU0] epochs: [15/100] train_acc: 0.465 train_loss_sup: 2.045
[GPU0] epochs: [16/100] train_acc: 0.473 train_loss_sup: 2.031
[GPU0] epochs: [17/100] train_acc: 0.468 train_loss_sup: 2.017
[GPU0] epochs: [18/100] train_acc: 0.470 train_loss_sup: 2.006
[GPU0] epochs: [19/100] train_acc: 0.476 train_loss_sup: 1.992
[GPU0] epochs: [20/100] train_acc: 0.470 train_loss_sup: 1.980
[GPU0] Test Accuracy at epoch: 20: 0.303
[GPU0] epochs: [21/100] train_acc: 0.481 train_loss_sup: 1.967
[GPU0] epochs: [22/100] train_acc: 0.480 train_loss_sup: 1.955
[GPU0] epochs: [23/100] train_acc: 0.483 train_loss_sup: 1.944
[GPU0] epochs: [24/100] train_acc: 0.479 train_loss_sup: 1.934
[GPU0] epochs: [25/100] train_acc: 0.482 train_loss_sup: 1.924
[GPU0] epochs: [26/100] train_acc: 0.486 train_loss_sup: 1.912
[GPU0] epochs: [27/100] train_acc: 0.486 train_loss_sup: 1.903
[GPU0] epochs: [28/100] train_acc: 0.484 train_loss_sup: 1.892
[GPU0] epochs: [29/100] train_acc: 0.488 train_loss_sup: 1.881
[GPU0] epochs: [30/100] train_acc: 0.489 train_loss_sup: 1.873
[GPU0] Test Accuracy at epoch: 30: 0.317
[GPU0] epochs: [31/100] train_acc: 0.492 train_loss_sup: 1.862
[GPU0] epochs: [32/100] train_acc: 0.492 train_loss_sup: 1.855
[GPU0] epochs: [33/100] train_acc: 0.494 train_loss_sup: 1.847
[GPU0] epochs: [34/100] train_acc: 0.491 train_loss_sup: 1.839
[GPU0] epochs: [35/100] train_acc: 0.495 train_loss_sup: 1.830
[GPU0] epochs: [36/100] train_acc: 0.496 train_loss_sup: 1.823
[GPU0] epochs: [37/100] train_acc: 0.500 train_loss_sup: 1.812
[GPU0] epochs: [38/100] train_acc: 0.496 train_loss_sup: 1.806
[GPU0] epochs: [39/100] train_acc: 0.495 train_loss_sup: 1.799
[GPU0] epochs: [40/100] train_acc: 0.499 train_loss_sup: 1.791
[GPU0] Test Accuracy at epoch: 40: 0.32
[GPU0] epochs: [41/100] train_acc: 0.501 train_loss_sup: 1.784
[GPU0] epochs: [42/100] train_acc: 0.501 train_loss_sup: 1.778
[GPU0] epochs: [43/100] train_acc: 0.498 train_loss_sup: 1.773
[GPU0] epochs: [44/100] train_acc: 0.499 train_loss_sup: 1.764
[GPU0] epochs: [45/100] train_acc: 0.502 train_loss_sup: 1.759
[GPU0] epochs: [46/100] train_acc: 0.505 train_loss_sup: 1.753
[GPU0] epochs: [47/100] train_acc: 0.505 train_loss_sup: 1.745
[GPU0] epochs: [48/100] train_acc: 0.506 train_loss_sup: 1.738
[GPU0] epochs: [49/100] train_acc: 0.506 train_loss_sup: 1.732
[GPU0] epochs: [50/100] train_acc: 0.503 train_loss_sup: 1.730
[GPU0] Test Accuracy at epoch: 50: 0.321
[GPU0] epochs: [51/100] train_acc: 0.508 train_loss_sup: 1.722
[GPU0] epochs: [52/100] train_acc: 0.507 train_loss_sup: 1.716
[GPU0] epochs: [53/100] train_acc: 0.507 train_loss_sup: 1.713
[GPU0] epochs: [54/100] train_acc: 0.511 train_loss_sup: 1.707
[GPU0] epochs: [55/100] train_acc: 0.507 train_loss_sup: 1.700
[GPU0] epochs: [56/100] train_acc: 0.510 train_loss_sup: 1.696
[GPU0] epochs: [57/100] train_acc: 0.511 train_loss_sup: 1.690
[GPU0] epochs: [58/100] train_acc: 0.512 train_loss_sup: 1.686
[GPU0] epochs: [59/100] train_acc: 0.512 train_loss_sup: 1.680
[GPU0] epochs: [60/100] train_acc: 0.510 train_loss_sup: 1.677
[GPU0] Test Accuracy at epoch: 60: 0.338
[GPU0] epochs: [61/100] train_acc: 0.513 train_loss_sup: 1.669
[GPU0] epochs: [62/100] train_acc: 0.511 train_loss_sup: 1.670
[GPU0] epochs: [63/100] train_acc: 0.513 train_loss_sup: 1.662
[GPU0] epochs: [64/100] train_acc: 0.518 train_loss_sup: 1.657
[GPU0] epochs: [65/100] train_acc: 0.513 train_loss_sup: 1.654
[GPU0] epochs: [66/100] train_acc: 0.513 train_loss_sup: 1.650
[GPU0] epochs: [67/100] train_acc: 0.515 train_loss_sup: 1.647
[GPU0] epochs: [68/100] train_acc: 0.519 train_loss_sup: 1.643
[GPU0] epochs: [69/100] train_acc: 0.518 train_loss_sup: 1.638
[GPU0] epochs: [70/100] train_acc: 0.517 train_loss_sup: 1.637
[GPU0] Test Accuracy at epoch: 70: 0.363
[GPU0] epochs: [71/100] train_acc: 0.516 train_loss_sup: 1.630
[GPU0] epochs: [72/100] train_acc: 0.518 train_loss_sup: 1.627
[GPU0] epochs: [73/100] train_acc: 0.517 train_loss_sup: 1.624
[GPU0] epochs: [74/100] train_acc: 0.518 train_loss_sup: 1.620
[GPU0] epochs: [75/100] train_acc: 0.519 train_loss_sup: 1.616
[GPU0] epochs: [76/100] train_acc: 0.520 train_loss_sup: 1.615
[GPU0] epochs: [77/100] train_acc: 0.520 train_loss_sup: 1.609
[GPU0] epochs: [78/100] train_acc: 0.522 train_loss_sup: 1.607
[GPU0] epochs: [79/100] train_acc: 0.519 train_loss_sup: 1.603
[GPU0] epochs: [80/100] train_acc: 0.523 train_loss_sup: 1.598
[GPU0] Test Accuracy at epoch: 80: 0.378
[GPU0] epochs: [81/100] train_acc: 0.523 train_loss_sup: 1.593
[GPU0] epochs: [82/100] train_acc: 0.523 train_loss_sup: 1.594
[GPU0] epochs: [83/100] train_acc: 0.523 train_loss_sup: 1.590
[GPU0] epochs: [84/100] train_acc: 0.523 train_loss_sup: 1.586
[GPU0] epochs: [85/100] train_acc: 0.523 train_loss_sup: 1.585
[GPU0] epochs: [86/100] train_acc: 0.524 train_loss_sup: 1.579
[GPU0] epochs: [87/100] train_acc: 0.523 train_loss_sup: 1.580
[GPU0] epochs: [88/100] train_acc: 0.527 train_loss_sup: 1.573
[GPU0] epochs: [89/100] train_acc: 0.527 train_loss_sup: 1.573
[GPU0] epochs: [90/100] train_acc: 0.529 train_loss_sup: 1.569
[GPU0] Test Accuracy at epoch: 90: 0.38
[GPU0] epochs: [91/100] train_acc: 0.528 train_loss_sup: 1.567
[GPU0] epochs: [92/100] train_acc: 0.529 train_loss_sup: 1.562
[GPU0] epochs: [93/100] train_acc: 0.528 train_loss_sup: 1.559
[GPU0] epochs: [94/100] train_acc: 0.529 train_loss_sup: 1.559
[GPU0] epochs: [95/100] train_acc: 0.525 train_loss_sup: 1.558
[GPU0] epochs: [96/100] train_acc: 0.527 train_loss_sup: 1.550
[GPU0] epochs: [97/100] train_acc: 0.527 train_loss_sup: 1.549
[GPU0] epochs: [98/100] train_acc: 0.530 train_loss_sup: 1.548
[GPU0] epochs: [99/100] train_acc: 0.527 train_loss_sup: 1.546
[GPU0] epochs: [100/100] train_acc: 0.528 train_loss_sup: 1.543
[GPU0] Final Test Accuracy: 0.394
LR: 0.100 | WD: 0.000001 | Cosine: False | test Acc: 0.394%
===> using linear mlp
Scheduler: None
MLP: MLP(
  (mlp): Linear(in_features=512, out_features=10, bias=True)
)
[GPU0] Test Accuracy at epoch: 0: 0.116
[GPU0] epochs: [1/100] train_acc: 0.160 train_loss_sup: 2.294
[GPU0] epochs: [2/100] train_acc: 0.332 train_loss_sup: 2.273
[GPU0] epochs: [3/100] train_acc: 0.363 train_loss_sup: 2.252
[GPU0] epochs: [4/100] train_acc: 0.394 train_loss_sup: 2.232
[GPU0] epochs: [5/100] train_acc: 0.405 train_loss_sup: 2.214
[GPU0] epochs: [6/100] train_acc: 0.434 train_loss_sup: 2.195
[GPU0] epochs: [7/100] train_acc: 0.434 train_loss_sup: 2.177
[GPU0] epochs: [8/100] train_acc: 0.435 train_loss_sup: 2.161
[GPU0] epochs: [9/100] train_acc: 0.451 train_loss_sup: 2.144
[GPU0] epochs: [10/100] train_acc: 0.453 train_loss_sup: 2.128
[GPU0] Test Accuracy at epoch: 10: 0.281
[GPU0] epochs: [11/100] train_acc: 0.455 train_loss_sup: 2.114
[GPU0] epochs: [12/100] train_acc: 0.457 train_loss_sup: 2.100
[GPU0] epochs: [13/100] train_acc: 0.462 train_loss_sup: 2.085
[GPU0] epochs: [14/100] train_acc: 0.461 train_loss_sup: 2.073
[GPU0] epochs: [15/100] train_acc: 0.466 train_loss_sup: 2.060
[GPU0] epochs: [16/100] train_acc: 0.465 train_loss_sup: 2.047
[GPU0] epochs: [17/100] train_acc: 0.477 train_loss_sup: 2.035
[GPU0] epochs: [18/100] train_acc: 0.470 train_loss_sup: 2.024
[GPU0] epochs: [19/100] train_acc: 0.471 train_loss_sup: 2.012
[GPU0] epochs: [20/100] train_acc: 0.470 train_loss_sup: 2.003
[GPU0] Test Accuracy at epoch: 20: 0.309
[GPU0] epochs: [21/100] train_acc: 0.477 train_loss_sup: 1.992
[GPU0] epochs: [22/100] train_acc: 0.477 train_loss_sup: 1.983
[GPU0] epochs: [23/100] train_acc: 0.478 train_loss_sup: 1.972
[GPU0] epochs: [24/100] train_acc: 0.481 train_loss_sup: 1.965
[GPU0] epochs: [25/100] train_acc: 0.479 train_loss_sup: 1.954
[GPU0] epochs: [26/100] train_acc: 0.481 train_loss_sup: 1.946
[GPU0] epochs: [27/100] train_acc: 0.484 train_loss_sup: 1.936
[GPU0] epochs: [28/100] train_acc: 0.479 train_loss_sup: 1.930
[GPU0] epochs: [29/100] train_acc: 0.487 train_loss_sup: 1.921
[GPU0] epochs: [30/100] train_acc: 0.486 train_loss_sup: 1.914
[GPU0] Test Accuracy at epoch: 30: 0.299
[GPU0] epochs: [31/100] train_acc: 0.488 train_loss_sup: 1.907
[GPU0] epochs: [32/100] train_acc: 0.488 train_loss_sup: 1.900
[GPU0] epochs: [33/100] train_acc: 0.487 train_loss_sup: 1.895
[GPU0] epochs: [34/100] train_acc: 0.490 train_loss_sup: 1.886
[GPU0] epochs: [35/100] train_acc: 0.491 train_loss_sup: 1.880
[GPU0] epochs: [36/100] train_acc: 0.488 train_loss_sup: 1.875
[GPU0] epochs: [37/100] train_acc: 0.493 train_loss_sup: 1.869
[GPU0] epochs: [38/100] train_acc: 0.492 train_loss_sup: 1.864
[GPU0] epochs: [39/100] train_acc: 0.492 train_loss_sup: 1.857
[GPU0] epochs: [40/100] train_acc: 0.493 train_loss_sup: 1.851
[GPU0] Test Accuracy at epoch: 40: 0.323
[GPU0] epochs: [41/100] train_acc: 0.494 train_loss_sup: 1.847
[GPU0] epochs: [42/100] train_acc: 0.500 train_loss_sup: 1.841
[GPU0] epochs: [43/100] train_acc: 0.498 train_loss_sup: 1.836
[GPU0] epochs: [44/100] train_acc: 0.497 train_loss_sup: 1.832
[GPU0] epochs: [45/100] train_acc: 0.496 train_loss_sup: 1.826
[GPU0] epochs: [46/100] train_acc: 0.502 train_loss_sup: 1.820
[GPU0] epochs: [47/100] train_acc: 0.498 train_loss_sup: 1.816
[GPU0] epochs: [48/100] train_acc: 0.500 train_loss_sup: 1.814
[GPU0] epochs: [49/100] train_acc: 0.500 train_loss_sup: 1.810
[GPU0] epochs: [50/100] train_acc: 0.501 train_loss_sup: 1.803
[GPU0] Test Accuracy at epoch: 50: 0.334
[GPU0] epochs: [51/100] train_acc: 0.501 train_loss_sup: 1.800
[GPU0] epochs: [52/100] train_acc: 0.502 train_loss_sup: 1.799
[GPU0] epochs: [53/100] train_acc: 0.504 train_loss_sup: 1.793
[GPU0] epochs: [54/100] train_acc: 0.503 train_loss_sup: 1.788
[GPU0] epochs: [55/100] train_acc: 0.500 train_loss_sup: 1.788
[GPU0] epochs: [56/100] train_acc: 0.503 train_loss_sup: 1.783
[GPU0] epochs: [57/100] train_acc: 0.503 train_loss_sup: 1.779
[GPU0] epochs: [58/100] train_acc: 0.504 train_loss_sup: 1.777
[GPU0] epochs: [59/100] train_acc: 0.506 train_loss_sup: 1.773
[GPU0] epochs: [60/100] train_acc: 0.504 train_loss_sup: 1.770
[GPU0] Test Accuracy at epoch: 60: 0.327
[GPU0] epochs: [61/100] train_acc: 0.507 train_loss_sup: 1.767
[GPU0] epochs: [62/100] train_acc: 0.506 train_loss_sup: 1.763
[GPU0] epochs: [63/100] train_acc: 0.508 train_loss_sup: 1.761
[GPU0] epochs: [64/100] train_acc: 0.508 train_loss_sup: 1.758
[GPU0] epochs: [65/100] train_acc: 0.508 train_loss_sup: 1.757
[GPU0] epochs: [66/100] train_acc: 0.512 train_loss_sup: 1.751
[GPU0] epochs: [67/100] train_acc: 0.512 train_loss_sup: 1.749
[GPU0] epochs: [68/100] train_acc: 0.507 train_loss_sup: 1.748
[GPU0] epochs: [69/100] train_acc: 0.509 train_loss_sup: 1.747
[GPU0] epochs: [70/100] train_acc: 0.511 train_loss_sup: 1.743
[GPU0] Test Accuracy at epoch: 70: 0.346
[GPU0] epochs: [71/100] train_acc: 0.509 train_loss_sup: 1.738
[GPU0] epochs: [72/100] train_acc: 0.511 train_loss_sup: 1.739
[GPU0] epochs: [73/100] train_acc: 0.510 train_loss_sup: 1.738
[GPU0] epochs: [74/100] train_acc: 0.509 train_loss_sup: 1.734
[GPU0] epochs: [75/100] train_acc: 0.508 train_loss_sup: 1.733
[GPU0] epochs: [76/100] train_acc: 0.511 train_loss_sup: 1.731
[GPU0] epochs: [77/100] train_acc: 0.511 train_loss_sup: 1.729
[GPU0] epochs: [78/100] train_acc: 0.514 train_loss_sup: 1.728
[GPU0] epochs: [79/100] train_acc: 0.512 train_loss_sup: 1.724
[GPU0] epochs: [80/100] train_acc: 0.512 train_loss_sup: 1.724
[GPU0] Test Accuracy at epoch: 80: 0.344
[GPU0] epochs: [81/100] train_acc: 0.516 train_loss_sup: 1.720
[GPU0] epochs: [82/100] train_acc: 0.512 train_loss_sup: 1.720
[GPU0] epochs: [83/100] train_acc: 0.515 train_loss_sup: 1.716
[GPU0] epochs: [84/100] train_acc: 0.515 train_loss_sup: 1.717
[GPU0] epochs: [85/100] train_acc: 0.511 train_loss_sup: 1.714
[GPU0] epochs: [86/100] train_acc: 0.517 train_loss_sup: 1.711
[GPU0] epochs: [87/100] train_acc: 0.517 train_loss_sup: 1.712
[GPU0] epochs: [88/100] train_acc: 0.515 train_loss_sup: 1.709
[GPU0] epochs: [89/100] train_acc: 0.515 train_loss_sup: 1.708
[GPU0] epochs: [90/100] train_acc: 0.516 train_loss_sup: 1.705
[GPU0] Test Accuracy at epoch: 90: 0.352
[GPU0] epochs: [91/100] train_acc: 0.518 train_loss_sup: 1.703
[GPU0] epochs: [92/100] train_acc: 0.516 train_loss_sup: 1.703
[GPU0] epochs: [93/100] train_acc: 0.517 train_loss_sup: 1.702
[GPU0] epochs: [94/100] train_acc: 0.517 train_loss_sup: 1.700
[GPU0] epochs: [95/100] train_acc: 0.518 train_loss_sup: 1.699
[GPU0] epochs: [96/100] train_acc: 0.517 train_loss_sup: 1.698
[GPU0] epochs: [97/100] train_acc: 0.516 train_loss_sup: 1.696
[GPU0] epochs: [98/100] train_acc: 0.520 train_loss_sup: 1.694
[GPU0] epochs: [99/100] train_acc: 0.519 train_loss_sup: 1.691
[GPU0] epochs: [100/100] train_acc: 0.518 train_loss_sup: 1.693
[GPU0] Final Test Accuracy: 0.359
LR: 0.100 | WD: 0.000100 | Cosine: False | test Acc: 0.359%
===> using linear mlp
Scheduler: None
MLP: MLP(
  (mlp): Linear(in_features=512, out_features=10, bias=True)
)
[GPU0] Test Accuracy at epoch: 0: 0.162
[GPU0] epochs: [1/100] train_acc: 0.172 train_loss_sup: 2.294
[GPU0] epochs: [2/100] train_acc: 0.298 train_loss_sup: 2.273
[GPU0] epochs: [3/100] train_acc: 0.363 train_loss_sup: 2.252
[GPU0] epochs: [4/100] train_acc: 0.397 train_loss_sup: 2.232
[GPU0] epochs: [5/100] train_acc: 0.429 train_loss_sup: 2.212
[GPU0] epochs: [6/100] train_acc: 0.438 train_loss_sup: 2.193
[GPU0] epochs: [7/100] train_acc: 0.444 train_loss_sup: 2.174
[GPU0] epochs: [8/100] train_acc: 0.448 train_loss_sup: 2.156
[GPU0] epochs: [9/100] train_acc: 0.446 train_loss_sup: 2.139
[GPU0] epochs: [10/100] train_acc: 0.453 train_loss_sup: 2.122
[GPU0] Test Accuracy at epoch: 10: 0.278
[GPU0] epochs: [11/100] train_acc: 0.459 train_loss_sup: 2.106
[GPU0] epochs: [12/100] train_acc: 0.462 train_loss_sup: 2.091
[GPU0] epochs: [13/100] train_acc: 0.461 train_loss_sup: 2.075
[GPU0] epochs: [14/100] train_acc: 0.468 train_loss_sup: 2.060
[GPU0] epochs: [15/100] train_acc: 0.473 train_loss_sup: 2.045
[GPU0] epochs: [16/100] train_acc: 0.468 train_loss_sup: 2.031
[GPU0] epochs: [17/100] train_acc: 0.475 train_loss_sup: 2.017
[GPU0] epochs: [18/100] train_acc: 0.474 train_loss_sup: 2.004
[GPU0] epochs: [19/100] train_acc: 0.475 train_loss_sup: 1.993
[GPU0] epochs: [20/100] train_acc: 0.476 train_loss_sup: 1.978
[GPU0] Test Accuracy at epoch: 20: 0.296
[GPU0] epochs: [21/100] train_acc: 0.474 train_loss_sup: 1.968
[GPU0] epochs: [22/100] train_acc: 0.483 train_loss_sup: 1.954
[GPU0] epochs: [23/100] train_acc: 0.480 train_loss_sup: 1.944
[GPU0] epochs: [24/100] train_acc: 0.478 train_loss_sup: 1.933
[GPU0] epochs: [25/100] train_acc: 0.488 train_loss_sup: 1.921
[GPU0] epochs: [26/100] train_acc: 0.482 train_loss_sup: 1.914
[GPU0] epochs: [27/100] train_acc: 0.486 train_loss_sup: 1.901
[GPU0] epochs: [28/100] train_acc: 0.487 train_loss_sup: 1.890
[GPU0] epochs: [29/100] train_acc: 0.488 train_loss_sup: 1.881
[GPU0] epochs: [30/100] train_acc: 0.489 train_loss_sup: 1.871
[GPU0] Test Accuracy at epoch: 30: 0.315
[GPU0] epochs: [31/100] train_acc: 0.490 train_loss_sup: 1.862
[GPU0] epochs: [32/100] train_acc: 0.491 train_loss_sup: 1.855
[GPU0] epochs: [33/100] train_acc: 0.491 train_loss_sup: 1.846
[GPU0] epochs: [34/100] train_acc: 0.494 train_loss_sup: 1.836
[GPU0] epochs: [35/100] train_acc: 0.492 train_loss_sup: 1.829
[GPU0] epochs: [36/100] train_acc: 0.496 train_loss_sup: 1.822
[GPU0] epochs: [37/100] train_acc: 0.495 train_loss_sup: 1.813
[GPU0] epochs: [38/100] train_acc: 0.497 train_loss_sup: 1.806
[GPU0] epochs: [39/100] train_acc: 0.498 train_loss_sup: 1.797
[GPU0] epochs: [40/100] train_acc: 0.500 train_loss_sup: 1.791
[GPU0] Test Accuracy at epoch: 40: 0.329
[GPU0] epochs: [41/100] train_acc: 0.496 train_loss_sup: 1.785
[GPU0] epochs: [42/100] train_acc: 0.501 train_loss_sup: 1.776
[GPU0] epochs: [43/100] train_acc: 0.500 train_loss_sup: 1.770
[GPU0] epochs: [44/100] train_acc: 0.502 train_loss_sup: 1.762
[GPU0] epochs: [45/100] train_acc: 0.504 train_loss_sup: 1.756
[GPU0] epochs: [46/100] train_acc: 0.504 train_loss_sup: 1.752
[GPU0] epochs: [47/100] train_acc: 0.503 train_loss_sup: 1.746
[GPU0] epochs: [48/100] train_acc: 0.506 train_loss_sup: 1.738
[GPU0] epochs: [49/100] train_acc: 0.506 train_loss_sup: 1.733
[GPU0] epochs: [50/100] train_acc: 0.508 train_loss_sup: 1.727
[GPU0] Test Accuracy at epoch: 50: 0.331
[GPU0] epochs: [51/100] train_acc: 0.507 train_loss_sup: 1.720
[GPU0] epochs: [52/100] train_acc: 0.508 train_loss_sup: 1.717
[GPU0] epochs: [53/100] train_acc: 0.508 train_loss_sup: 1.709
[GPU0] epochs: [54/100] train_acc: 0.511 train_loss_sup: 1.705
[GPU0] epochs: [55/100] train_acc: 0.508 train_loss_sup: 1.701
[GPU0] epochs: [56/100] train_acc: 0.509 train_loss_sup: 1.696
[GPU0] epochs: [57/100] train_acc: 0.509 train_loss_sup: 1.690
[GPU0] epochs: [58/100] train_acc: 0.510 train_loss_sup: 1.686
[GPU0] epochs: [59/100] train_acc: 0.513 train_loss_sup: 1.680
[GPU0] epochs: [60/100] train_acc: 0.513 train_loss_sup: 1.673
[GPU0] Test Accuracy at epoch: 60: 0.357
[GPU0] epochs: [61/100] train_acc: 0.510 train_loss_sup: 1.672
[GPU0] epochs: [62/100] train_acc: 0.512 train_loss_sup: 1.668
[GPU0] epochs: [63/100] train_acc: 0.516 train_loss_sup: 1.661
[GPU0] epochs: [64/100] train_acc: 0.514 train_loss_sup: 1.656
[GPU0] epochs: [65/100] train_acc: 0.514 train_loss_sup: 1.652
[GPU0] epochs: [66/100] train_acc: 0.516 train_loss_sup: 1.647
[GPU0] epochs: [67/100] train_acc: 0.514 train_loss_sup: 1.645
[GPU0] epochs: [68/100] train_acc: 0.514 train_loss_sup: 1.641
[GPU0] epochs: [69/100] train_acc: 0.516 train_loss_sup: 1.637
[GPU0] epochs: [70/100] train_acc: 0.516 train_loss_sup: 1.634
[GPU0] Test Accuracy at epoch: 70: 0.359
[GPU0] epochs: [71/100] train_acc: 0.519 train_loss_sup: 1.629
[GPU0] epochs: [72/100] train_acc: 0.522 train_loss_sup: 1.624
[GPU0] epochs: [73/100] train_acc: 0.519 train_loss_sup: 1.621
[GPU0] epochs: [74/100] train_acc: 0.523 train_loss_sup: 1.616
[GPU0] epochs: [75/100] train_acc: 0.523 train_loss_sup: 1.613
[GPU0] epochs: [76/100] train_acc: 0.523 train_loss_sup: 1.608
[GPU0] epochs: [77/100] train_acc: 0.518 train_loss_sup: 1.606
[GPU0] epochs: [78/100] train_acc: 0.521 train_loss_sup: 1.603
[GPU0] epochs: [79/100] train_acc: 0.520 train_loss_sup: 1.602
[GPU0] epochs: [80/100] train_acc: 0.521 train_loss_sup: 1.596
[GPU0] Test Accuracy at epoch: 80: 0.373
[GPU0] epochs: [81/100] train_acc: 0.521 train_loss_sup: 1.594
[GPU0] epochs: [82/100] train_acc: 0.522 train_loss_sup: 1.590
[GPU0] epochs: [83/100] train_acc: 0.522 train_loss_sup: 1.588
[GPU0] epochs: [84/100] train_acc: 0.525 train_loss_sup: 1.585
[GPU0] epochs: [85/100] train_acc: 0.522 train_loss_sup: 1.582
[GPU0] epochs: [86/100] train_acc: 0.526 train_loss_sup: 1.577
[GPU0] epochs: [87/100] train_acc: 0.524 train_loss_sup: 1.576
[GPU0] epochs: [88/100] train_acc: 0.526 train_loss_sup: 1.574
[GPU0] epochs: [89/100] train_acc: 0.524 train_loss_sup: 1.570
[GPU0] epochs: [90/100] train_acc: 0.526 train_loss_sup: 1.568
[GPU0] Test Accuracy at epoch: 90: 0.377
[GPU0] epochs: [91/100] train_acc: 0.523 train_loss_sup: 1.566
[GPU0] epochs: [92/100] train_acc: 0.528 train_loss_sup: 1.560
[GPU0] epochs: [93/100] train_acc: 0.524 train_loss_sup: 1.557
[GPU0] epochs: [94/100] train_acc: 0.528 train_loss_sup: 1.559
[GPU0] epochs: [95/100] train_acc: 0.527 train_loss_sup: 1.556
[GPU0] epochs: [96/100] train_acc: 0.527 train_loss_sup: 1.552
[GPU0] epochs: [97/100] train_acc: 0.528 train_loss_sup: 1.550
[GPU0] epochs: [98/100] train_acc: 0.529 train_loss_sup: 1.547
[GPU0] epochs: [99/100] train_acc: 0.528 train_loss_sup: 1.542
[GPU0] epochs: [100/100] train_acc: 0.531 train_loss_sup: 1.541
[GPU0] Final Test Accuracy: 0.396
LR: 0.100 | WD: 0.000000 | Cosine: False | test Acc: 0.396%
===> using linear mlp
Scheduler: None
MLP: MLP(
  (mlp): Linear(in_features=512, out_features=10, bias=True)
)
[GPU0] Test Accuracy at epoch: 0: 0.205
[GPU0] epochs: [1/100] train_acc: 0.257 train_loss_sup: 2.222
[GPU0] epochs: [2/100] train_acc: 0.414 train_loss_sup: 2.053
[GPU0] epochs: [3/100] train_acc: 0.452 train_loss_sup: 1.927
[GPU0] epochs: [4/100] train_acc: 0.469 train_loss_sup: 1.835
[GPU0] epochs: [5/100] train_acc: 0.491 train_loss_sup: 1.759
[GPU0] epochs: [6/100] train_acc: 0.496 train_loss_sup: 1.703
[GPU0] epochs: [7/100] train_acc: 0.506 train_loss_sup: 1.657
[GPU0] epochs: [8/100] train_acc: 0.510 train_loss_sup: 1.617
[GPU0] epochs: [9/100] train_acc: 0.515 train_loss_sup: 1.585
[GPU0] epochs: [10/100] train_acc: 0.521 train_loss_sup: 1.560
[GPU0] Test Accuracy at epoch: 10: 0.407
[GPU0] epochs: [11/100] train_acc: 0.526 train_loss_sup: 1.534
[GPU0] epochs: [12/100] train_acc: 0.528 train_loss_sup: 1.513
[GPU0] epochs: [13/100] train_acc: 0.534 train_loss_sup: 1.492
[GPU0] epochs: [14/100] train_acc: 0.532 train_loss_sup: 1.480
[GPU0] epochs: [15/100] train_acc: 0.536 train_loss_sup: 1.460
[GPU0] epochs: [16/100] train_acc: 0.542 train_loss_sup: 1.446
[GPU0] epochs: [17/100] train_acc: 0.541 train_loss_sup: 1.435
[GPU0] epochs: [18/100] train_acc: 0.545 train_loss_sup: 1.425
[GPU0] epochs: [19/100] train_acc: 0.551 train_loss_sup: 1.411
[GPU0] epochs: [20/100] train_acc: 0.551 train_loss_sup: 1.402
[GPU0] Test Accuracy at epoch: 20: 0.466
[GPU0] epochs: [21/100] train_acc: 0.551 train_loss_sup: 1.392
[GPU0] epochs: [22/100] train_acc: 0.556 train_loss_sup: 1.384
[GPU0] epochs: [23/100] train_acc: 0.555 train_loss_sup: 1.377
[GPU0] epochs: [24/100] train_acc: 0.559 train_loss_sup: 1.371
[GPU0] epochs: [25/100] train_acc: 0.556 train_loss_sup: 1.365
[GPU0] epochs: [26/100] train_acc: 0.560 train_loss_sup: 1.356
[GPU0] epochs: [27/100] train_acc: 0.563 train_loss_sup: 1.347
[GPU0] epochs: [28/100] train_acc: 0.564 train_loss_sup: 1.346
[GPU0] epochs: [29/100] train_acc: 0.565 train_loss_sup: 1.338
[GPU0] epochs: [30/100] train_acc: 0.565 train_loss_sup: 1.334
[GPU0] Test Accuracy at epoch: 30: 0.521
[GPU0] epochs: [31/100] train_acc: 0.566 train_loss_sup: 1.329
[GPU0] epochs: [32/100] train_acc: 0.569 train_loss_sup: 1.325
[GPU0] epochs: [33/100] train_acc: 0.569 train_loss_sup: 1.321
[GPU0] epochs: [34/100] train_acc: 0.572 train_loss_sup: 1.310
[GPU0] epochs: [35/100] train_acc: 0.570 train_loss_sup: 1.311
[GPU0] epochs: [36/100] train_acc: 0.574 train_loss_sup: 1.303
[GPU0] epochs: [37/100] train_acc: 0.573 train_loss_sup: 1.299
[GPU0] epochs: [38/100] train_acc: 0.575 train_loss_sup: 1.296
[GPU0] epochs: [39/100] train_acc: 0.578 train_loss_sup: 1.294
[GPU0] epochs: [40/100] train_acc: 0.579 train_loss_sup: 1.287
[GPU0] Test Accuracy at epoch: 40: 0.525
[GPU0] epochs: [41/100] train_acc: 0.582 train_loss_sup: 1.283
[GPU0] epochs: [42/100] train_acc: 0.579 train_loss_sup: 1.283
[GPU0] epochs: [43/100] train_acc: 0.580 train_loss_sup: 1.284
[GPU0] epochs: [44/100] train_acc: 0.583 train_loss_sup: 1.276
[GPU0] epochs: [45/100] train_acc: 0.584 train_loss_sup: 1.274
[GPU0] epochs: [46/100] train_acc: 0.583 train_loss_sup: 1.269
[GPU0] epochs: [47/100] train_acc: 0.584 train_loss_sup: 1.266
[GPU0] epochs: [48/100] train_acc: 0.582 train_loss_sup: 1.264
[GPU0] epochs: [49/100] train_acc: 0.585 train_loss_sup: 1.262
[GPU0] epochs: [50/100] train_acc: 0.583 train_loss_sup: 1.263
[GPU0] Test Accuracy at epoch: 50: 0.562
[GPU0] epochs: [51/100] train_acc: 0.584 train_loss_sup: 1.261
[GPU0] epochs: [52/100] train_acc: 0.585 train_loss_sup: 1.255
[GPU0] epochs: [53/100] train_acc: 0.588 train_loss_sup: 1.254
[GPU0] epochs: [54/100] train_acc: 0.590 train_loss_sup: 1.254
[GPU0] epochs: [55/100] train_acc: 0.588 train_loss_sup: 1.251
[GPU0] epochs: [56/100] train_acc: 0.591 train_loss_sup: 1.244
[GPU0] epochs: [57/100] train_acc: 0.590 train_loss_sup: 1.244
[GPU0] epochs: [58/100] train_acc: 0.591 train_loss_sup: 1.239
[GPU0] epochs: [59/100] train_acc: 0.589 train_loss_sup: 1.243
[GPU0] epochs: [60/100] train_acc: 0.590 train_loss_sup: 1.242
[GPU0] Test Accuracy at epoch: 60: 0.567
[GPU0] epochs: [61/100] train_acc: 0.595 train_loss_sup: 1.234
[GPU0] epochs: [62/100] train_acc: 0.594 train_loss_sup: 1.230
[GPU0] epochs: [63/100] train_acc: 0.592 train_loss_sup: 1.234
[GPU0] epochs: [64/100] train_acc: 0.591 train_loss_sup: 1.234
[GPU0] epochs: [65/100] train_acc: 0.597 train_loss_sup: 1.226
[GPU0] epochs: [66/100] train_acc: 0.597 train_loss_sup: 1.228
[GPU0] epochs: [67/100] train_acc: 0.594 train_loss_sup: 1.230
[GPU0] epochs: [68/100] train_acc: 0.599 train_loss_sup: 1.217
[GPU0] epochs: [69/100] train_acc: 0.596 train_loss_sup: 1.224
[GPU0] epochs: [70/100] train_acc: 0.598 train_loss_sup: 1.222
[GPU0] Test Accuracy at epoch: 70: 0.591
[GPU0] epochs: [71/100] train_acc: 0.598 train_loss_sup: 1.220
[GPU0] epochs: [72/100] train_acc: 0.597 train_loss_sup: 1.219
[GPU0] epochs: [73/100] train_acc: 0.599 train_loss_sup: 1.219
[GPU0] epochs: [74/100] train_acc: 0.598 train_loss_sup: 1.218
[GPU0] epochs: [75/100] train_acc: 0.601 train_loss_sup: 1.210
[GPU0] epochs: [76/100] train_acc: 0.600 train_loss_sup: 1.211
[GPU0] epochs: [77/100] train_acc: 0.600 train_loss_sup: 1.209
[GPU0] epochs: [78/100] train_acc: 0.602 train_loss_sup: 1.206
[GPU0] epochs: [79/100] train_acc: 0.602 train_loss_sup: 1.207
[GPU0] epochs: [80/100] train_acc: 0.600 train_loss_sup: 1.210
[GPU0] Test Accuracy at epoch: 80: 0.57
[GPU0] epochs: [81/100] train_acc: 0.603 train_loss_sup: 1.204
[GPU0] epochs: [82/100] train_acc: 0.602 train_loss_sup: 1.206
[GPU0] epochs: [83/100] train_acc: 0.601 train_loss_sup: 1.203
[GPU0] epochs: [84/100] train_acc: 0.601 train_loss_sup: 1.205
[GPU0] epochs: [85/100] train_acc: 0.604 train_loss_sup: 1.197
[GPU0] epochs: [86/100] train_acc: 0.601 train_loss_sup: 1.201
[GPU0] epochs: [87/100] train_acc: 0.605 train_loss_sup: 1.196
[GPU0] epochs: [88/100] train_acc: 0.606 train_loss_sup: 1.195
[GPU0] epochs: [89/100] train_acc: 0.604 train_loss_sup: 1.197
[GPU0] epochs: [90/100] train_acc: 0.606 train_loss_sup: 1.193
[GPU0] Test Accuracy at epoch: 90: 0.599
[GPU0] epochs: [91/100] train_acc: 0.608 train_loss_sup: 1.190
[GPU0] epochs: [92/100] train_acc: 0.607 train_loss_sup: 1.193
[GPU0] epochs: [93/100] train_acc: 0.606 train_loss_sup: 1.193
[GPU0] epochs: [94/100] train_acc: 0.607 train_loss_sup: 1.188
[GPU0] epochs: [95/100] train_acc: 0.606 train_loss_sup: 1.191
[GPU0] epochs: [96/100] train_acc: 0.606 train_loss_sup: 1.196
[GPU0] epochs: [97/100] train_acc: 0.608 train_loss_sup: 1.186
[GPU0] epochs: [98/100] train_acc: 0.606 train_loss_sup: 1.187
[GPU0] epochs: [99/100] train_acc: 0.608 train_loss_sup: 1.187
[GPU0] epochs: [100/100] train_acc: 0.607 train_loss_sup: 1.185
[GPU0] Final Test Accuracy: 0.605
LR: 1.000 | WD: 0.000001 | Cosine: False | test Acc: 0.605%
===> using linear mlp
Scheduler: None
MLP: MLP(
  (mlp): Linear(in_features=512, out_features=10, bias=True)
)
[GPU0] Test Accuracy at epoch: 0: 0.171
[GPU0] epochs: [1/100] train_acc: 0.257 train_loss_sup: 2.223
[GPU0] epochs: [2/100] train_acc: 0.420 train_loss_sup: 2.066
[GPU0] epochs: [3/100] train_acc: 0.434 train_loss_sup: 1.960
[GPU0] epochs: [4/100] train_acc: 0.466 train_loss_sup: 1.883
[GPU0] epochs: [5/100] train_acc: 0.480 train_loss_sup: 1.829
[GPU0] epochs: [6/100] train_acc: 0.490 train_loss_sup: 1.789
[GPU0] epochs: [7/100] train_acc: 0.493 train_loss_sup: 1.759
[GPU0] epochs: [8/100] train_acc: 0.496 train_loss_sup: 1.736
[GPU0] epochs: [9/100] train_acc: 0.506 train_loss_sup: 1.715
[GPU0] epochs: [10/100] train_acc: 0.507 train_loss_sup: 1.699
[GPU0] Test Accuracy at epoch: 10: 0.293
[GPU0] epochs: [11/100] train_acc: 0.509 train_loss_sup: 1.690
[GPU0] epochs: [12/100] train_acc: 0.512 train_loss_sup: 1.679
[GPU0] epochs: [13/100] train_acc: 0.518 train_loss_sup: 1.668
[GPU0] epochs: [14/100] train_acc: 0.515 train_loss_sup: 1.667
[GPU0] epochs: [15/100] train_acc: 0.521 train_loss_sup: 1.655
[GPU0] epochs: [16/100] train_acc: 0.521 train_loss_sup: 1.654
[GPU0] epochs: [17/100] train_acc: 0.522 train_loss_sup: 1.647
[GPU0] epochs: [18/100] train_acc: 0.526 train_loss_sup: 1.645
[GPU0] epochs: [19/100] train_acc: 0.524 train_loss_sup: 1.643
[GPU0] epochs: [20/100] train_acc: 0.525 train_loss_sup: 1.641
[GPU0] Test Accuracy at epoch: 20: 0.431
[GPU0] epochs: [21/100] train_acc: 0.526 train_loss_sup: 1.638
[GPU0] epochs: [22/100] train_acc: 0.526 train_loss_sup: 1.637
[GPU0] epochs: [23/100] train_acc: 0.526 train_loss_sup: 1.636
[GPU0] epochs: [24/100] train_acc: 0.521 train_loss_sup: 1.636
[GPU0] epochs: [25/100] train_acc: 0.525 train_loss_sup: 1.635
[GPU0] epochs: [26/100] train_acc: 0.530 train_loss_sup: 1.631
[GPU0] epochs: [27/100] train_acc: 0.524 train_loss_sup: 1.634
[GPU0] epochs: [28/100] train_acc: 0.526 train_loss_sup: 1.634
[GPU0] epochs: [29/100] train_acc: 0.532 train_loss_sup: 1.630
[GPU0] epochs: [30/100] train_acc: 0.529 train_loss_sup: 1.632
[GPU0] Test Accuracy at epoch: 30: 0.42
[GPU0] epochs: [31/100] train_acc: 0.531 train_loss_sup: 1.630
[GPU0] epochs: [32/100] train_acc: 0.531 train_loss_sup: 1.629
[GPU0] epochs: [33/100] train_acc: 0.525 train_loss_sup: 1.628
[GPU0] epochs: [34/100] train_acc: 0.528 train_loss_sup: 1.630
[GPU0] epochs: [35/100] train_acc: 0.530 train_loss_sup: 1.628
[GPU0] epochs: [36/100] train_acc: 0.524 train_loss_sup: 1.631
[GPU0] epochs: [37/100] train_acc: 0.530 train_loss_sup: 1.628
[GPU0] epochs: [38/100] train_acc: 0.531 train_loss_sup: 1.627
[GPU0] epochs: [39/100] train_acc: 0.534 train_loss_sup: 1.626
[GPU0] epochs: [40/100] train_acc: 0.537 train_loss_sup: 1.625
[GPU0] Test Accuracy at epoch: 40: 0.429
[GPU0] epochs: [41/100] train_acc: 0.528 train_loss_sup: 1.630
[GPU0] epochs: [42/100] train_acc: 0.525 train_loss_sup: 1.628
[GPU0] epochs: [43/100] train_acc: 0.529 train_loss_sup: 1.628
[GPU0] epochs: [44/100] train_acc: 0.532 train_loss_sup: 1.627
[GPU0] epochs: [45/100] train_acc: 0.531 train_loss_sup: 1.631
[GPU0] epochs: [46/100] train_acc: 0.531 train_loss_sup: 1.628
[GPU0] epochs: [47/100] train_acc: 0.532 train_loss_sup: 1.629
[GPU0] epochs: [48/100] train_acc: 0.527 train_loss_sup: 1.629
[GPU0] epochs: [49/100] train_acc: 0.529 train_loss_sup: 1.630
[GPU0] epochs: [50/100] train_acc: 0.529 train_loss_sup: 1.628
[GPU0] Test Accuracy at epoch: 50: 0.416
[GPU0] epochs: [51/100] train_acc: 0.527 train_loss_sup: 1.629
[GPU0] epochs: [52/100] train_acc: 0.533 train_loss_sup: 1.628
[GPU0] epochs: [53/100] train_acc: 0.531 train_loss_sup: 1.628
[GPU0] epochs: [54/100] train_acc: 0.529 train_loss_sup: 1.628
[GPU0] epochs: [55/100] train_acc: 0.529 train_loss_sup: 1.628
[GPU0] epochs: [56/100] train_acc: 0.531 train_loss_sup: 1.628
[GPU0] epochs: [57/100] train_acc: 0.530 train_loss_sup: 1.629
[GPU0] epochs: [58/100] train_acc: 0.531 train_loss_sup: 1.627
[GPU0] epochs: [59/100] train_acc: 0.531 train_loss_sup: 1.630
[GPU0] epochs: [60/100] train_acc: 0.530 train_loss_sup: 1.626
[GPU0] Test Accuracy at epoch: 60: 0.437
[GPU0] epochs: [61/100] train_acc: 0.525 train_loss_sup: 1.631
[GPU0] epochs: [62/100] train_acc: 0.531 train_loss_sup: 1.629
[GPU0] epochs: [63/100] train_acc: 0.530 train_loss_sup: 1.627
[GPU0] epochs: [64/100] train_acc: 0.528 train_loss_sup: 1.628
[GPU0] epochs: [65/100] train_acc: 0.533 train_loss_sup: 1.627
[GPU0] epochs: [66/100] train_acc: 0.532 train_loss_sup: 1.627
[GPU0] epochs: [67/100] train_acc: 0.530 train_loss_sup: 1.627
[GPU0] epochs: [68/100] train_acc: 0.531 train_loss_sup: 1.627
[GPU0] epochs: [69/100] train_acc: 0.530 train_loss_sup: 1.629
[GPU0] epochs: [70/100] train_acc: 0.529 train_loss_sup: 1.627
[GPU0] Test Accuracy at epoch: 70: 0.414
[GPU0] epochs: [71/100] train_acc: 0.530 train_loss_sup: 1.631
[GPU0] epochs: [72/100] train_acc: 0.524 train_loss_sup: 1.629
[GPU0] epochs: [73/100] train_acc: 0.529 train_loss_sup: 1.628
[GPU0] epochs: [74/100] train_acc: 0.531 train_loss_sup: 1.629
[GPU0] epochs: [75/100] train_acc: 0.533 train_loss_sup: 1.626
[GPU0] epochs: [76/100] train_acc: 0.529 train_loss_sup: 1.629
[GPU0] epochs: [77/100] train_acc: 0.531 train_loss_sup: 1.625
[GPU0] epochs: [78/100] train_acc: 0.526 train_loss_sup: 1.629
[GPU0] epochs: [79/100] train_acc: 0.526 train_loss_sup: 1.632
[GPU0] epochs: [80/100] train_acc: 0.531 train_loss_sup: 1.628
[GPU0] Test Accuracy at epoch: 80: 0.405
[GPU0] epochs: [81/100] train_acc: 0.528 train_loss_sup: 1.629
[GPU0] epochs: [82/100] train_acc: 0.529 train_loss_sup: 1.628
[GPU0] epochs: [83/100] train_acc: 0.533 train_loss_sup: 1.628
[GPU0] epochs: [84/100] train_acc: 0.531 train_loss_sup: 1.628
[GPU0] epochs: [85/100] train_acc: 0.529 train_loss_sup: 1.628
[GPU0] epochs: [86/100] train_acc: 0.530 train_loss_sup: 1.627
[GPU0] epochs: [87/100] train_acc: 0.532 train_loss_sup: 1.626
[GPU0] epochs: [88/100] train_acc: 0.533 train_loss_sup: 1.629
[GPU0] epochs: [89/100] train_acc: 0.529 train_loss_sup: 1.628
[GPU0] epochs: [90/100] train_acc: 0.528 train_loss_sup: 1.629
[GPU0] Test Accuracy at epoch: 90: 0.406
[GPU0] epochs: [91/100] train_acc: 0.529 train_loss_sup: 1.629
[GPU0] epochs: [92/100] train_acc: 0.532 train_loss_sup: 1.629
[GPU0] epochs: [93/100] train_acc: 0.530 train_loss_sup: 1.631
[GPU0] epochs: [94/100] train_acc: 0.533 train_loss_sup: 1.625
[GPU0] epochs: [95/100] train_acc: 0.529 train_loss_sup: 1.630
[GPU0] epochs: [96/100] train_acc: 0.530 train_loss_sup: 1.628
[GPU0] epochs: [97/100] train_acc: 0.532 train_loss_sup: 1.627
[GPU0] epochs: [98/100] train_acc: 0.528 train_loss_sup: 1.630
[GPU0] epochs: [99/100] train_acc: 0.530 train_loss_sup: 1.629
[GPU0] epochs: [100/100] train_acc: 0.529 train_loss_sup: 1.628
[GPU0] Final Test Accuracy: 0.427
LR: 1.000 | WD: 0.000100 | Cosine: False | test Acc: 0.437%
===> using linear mlp
Scheduler: None
MLP: MLP(
  (mlp): Linear(in_features=512, out_features=10, bias=True)
)
[GPU0] Test Accuracy at epoch: 0: 0.187
[GPU0] epochs: [1/100] train_acc: 0.261 train_loss_sup: 2.222
[GPU0] epochs: [2/100] train_acc: 0.415 train_loss_sup: 2.054
[GPU0] epochs: [3/100] train_acc: 0.452 train_loss_sup: 1.927
[GPU0] epochs: [4/100] train_acc: 0.475 train_loss_sup: 1.834
[GPU0] epochs: [5/100] train_acc: 0.486 train_loss_sup: 1.762
[GPU0] epochs: [6/100] train_acc: 0.499 train_loss_sup: 1.704
[GPU0] epochs: [7/100] train_acc: 0.504 train_loss_sup: 1.656
[GPU0] epochs: [8/100] train_acc: 0.511 train_loss_sup: 1.618
[GPU0] epochs: [9/100] train_acc: 0.515 train_loss_sup: 1.585
[GPU0] epochs: [10/100] train_acc: 0.520 train_loss_sup: 1.555
[GPU0] Test Accuracy at epoch: 10: 0.387
[GPU0] epochs: [11/100] train_acc: 0.524 train_loss_sup: 1.534
[GPU0] epochs: [12/100] train_acc: 0.528 train_loss_sup: 1.510
[GPU0] epochs: [13/100] train_acc: 0.532 train_loss_sup: 1.495
[GPU0] epochs: [14/100] train_acc: 0.535 train_loss_sup: 1.476
[GPU0] epochs: [15/100] train_acc: 0.537 train_loss_sup: 1.462
[GPU0] epochs: [16/100] train_acc: 0.540 train_loss_sup: 1.446
[GPU0] epochs: [17/100] train_acc: 0.545 train_loss_sup: 1.433
[GPU0] epochs: [18/100] train_acc: 0.547 train_loss_sup: 1.422
[GPU0] epochs: [19/100] train_acc: 0.549 train_loss_sup: 1.409
[GPU0] epochs: [20/100] train_acc: 0.549 train_loss_sup: 1.403
[GPU0] Test Accuracy at epoch: 20: 0.473
[GPU0] epochs: [21/100] train_acc: 0.553 train_loss_sup: 1.387
[GPU0] epochs: [22/100] train_acc: 0.554 train_loss_sup: 1.380
[GPU0] epochs: [23/100] train_acc: 0.553 train_loss_sup: 1.377
[GPU0] epochs: [24/100] train_acc: 0.559 train_loss_sup: 1.365
[GPU0] epochs: [25/100] train_acc: 0.561 train_loss_sup: 1.359
[GPU0] epochs: [26/100] train_acc: 0.560 train_loss_sup: 1.356
[GPU0] epochs: [27/100] train_acc: 0.563 train_loss_sup: 1.345
[GPU0] epochs: [28/100] train_acc: 0.566 train_loss_sup: 1.341
[GPU0] epochs: [29/100] train_acc: 0.562 train_loss_sup: 1.335
[GPU0] epochs: [30/100] train_acc: 0.571 train_loss_sup: 1.327
[GPU0] Test Accuracy at epoch: 30: 0.523
[GPU0] epochs: [31/100] train_acc: 0.568 train_loss_sup: 1.323
[GPU0] epochs: [32/100] train_acc: 0.571 train_loss_sup: 1.319
[GPU0] epochs: [33/100] train_acc: 0.571 train_loss_sup: 1.311
[GPU0] epochs: [34/100] train_acc: 0.571 train_loss_sup: 1.310
[GPU0] epochs: [35/100] train_acc: 0.575 train_loss_sup: 1.302
[GPU0] epochs: [36/100] train_acc: 0.576 train_loss_sup: 1.303
[GPU0] epochs: [37/100] train_acc: 0.576 train_loss_sup: 1.293
[GPU0] epochs: [38/100] train_acc: 0.575 train_loss_sup: 1.294
[GPU0] epochs: [39/100] train_acc: 0.574 train_loss_sup: 1.293
[GPU0] epochs: [40/100] train_acc: 0.577 train_loss_sup: 1.288
[GPU0] Test Accuracy at epoch: 40: 0.54
[GPU0] epochs: [41/100] train_acc: 0.578 train_loss_sup: 1.283
[GPU0] epochs: [42/100] train_acc: 0.575 train_loss_sup: 1.285
[GPU0] epochs: [43/100] train_acc: 0.583 train_loss_sup: 1.273
[GPU0] epochs: [44/100] train_acc: 0.581 train_loss_sup: 1.276
[GPU0] epochs: [45/100] train_acc: 0.584 train_loss_sup: 1.270
[GPU0] epochs: [46/100] train_acc: 0.582 train_loss_sup: 1.266
[GPU0] epochs: [47/100] train_acc: 0.582 train_loss_sup: 1.266
[GPU0] epochs: [48/100] train_acc: 0.585 train_loss_sup: 1.262
[GPU0] epochs: [49/100] train_acc: 0.587 train_loss_sup: 1.259
[GPU0] epochs: [50/100] train_acc: 0.586 train_loss_sup: 1.255
[GPU0] Test Accuracy at epoch: 50: 0.567
[GPU0] epochs: [51/100] train_acc: 0.587 train_loss_sup: 1.251
[GPU0] epochs: [52/100] train_acc: 0.585 train_loss_sup: 1.255
[GPU0] epochs: [53/100] train_acc: 0.590 train_loss_sup: 1.245
[GPU0] epochs: [54/100] train_acc: 0.587 train_loss_sup: 1.250
[GPU0] epochs: [55/100] train_acc: 0.591 train_loss_sup: 1.246
[GPU0] epochs: [56/100] train_acc: 0.591 train_loss_sup: 1.243
[GPU0] epochs: [57/100] train_acc: 0.591 train_loss_sup: 1.239
[GPU0] epochs: [58/100] train_acc: 0.591 train_loss_sup: 1.237
[GPU0] epochs: [59/100] train_acc: 0.592 train_loss_sup: 1.234
[GPU0] epochs: [60/100] train_acc: 0.591 train_loss_sup: 1.235
[GPU0] Test Accuracy at epoch: 60: 0.57
[GPU0] epochs: [61/100] train_acc: 0.596 train_loss_sup: 1.228
[GPU0] epochs: [62/100] train_acc: 0.594 train_loss_sup: 1.226
[GPU0] epochs: [63/100] train_acc: 0.594 train_loss_sup: 1.224
[GPU0] epochs: [64/100] train_acc: 0.597 train_loss_sup: 1.225
[GPU0] epochs: [65/100] train_acc: 0.593 train_loss_sup: 1.221
[GPU0] epochs: [66/100] train_acc: 0.595 train_loss_sup: 1.224
[GPU0] epochs: [67/100] train_acc: 0.598 train_loss_sup: 1.217
[GPU0] epochs: [68/100] train_acc: 0.598 train_loss_sup: 1.217
[GPU0] epochs: [69/100] train_acc: 0.600 train_loss_sup: 1.212
[GPU0] epochs: [70/100] train_acc: 0.598 train_loss_sup: 1.215
[GPU0] Test Accuracy at epoch: 70: 0.576
[GPU0] epochs: [71/100] train_acc: 0.600 train_loss_sup: 1.212
[GPU0] epochs: [72/100] train_acc: 0.601 train_loss_sup: 1.205
[GPU0] epochs: [73/100] train_acc: 0.600 train_loss_sup: 1.209
[GPU0] epochs: [74/100] train_acc: 0.601 train_loss_sup: 1.208
[GPU0] epochs: [75/100] train_acc: 0.597 train_loss_sup: 1.214
[GPU0] epochs: [76/100] train_acc: 0.599 train_loss_sup: 1.206
[GPU0] epochs: [77/100] train_acc: 0.600 train_loss_sup: 1.205
[GPU0] epochs: [78/100] train_acc: 0.602 train_loss_sup: 1.203
[GPU0] epochs: [79/100] train_acc: 0.601 train_loss_sup: 1.206
[GPU0] epochs: [80/100] train_acc: 0.602 train_loss_sup: 1.200
[GPU0] Test Accuracy at epoch: 80: 0.6
[GPU0] epochs: [81/100] train_acc: 0.601 train_loss_sup: 1.204
[GPU0] epochs: [82/100] train_acc: 0.601 train_loss_sup: 1.198
[GPU0] epochs: [83/100] train_acc: 0.604 train_loss_sup: 1.196
[GPU0] epochs: [84/100] train_acc: 0.602 train_loss_sup: 1.200
[GPU0] epochs: [85/100] train_acc: 0.603 train_loss_sup: 1.198
[GPU0] epochs: [86/100] train_acc: 0.609 train_loss_sup: 1.184
[GPU0] epochs: [87/100] train_acc: 0.603 train_loss_sup: 1.196
[GPU0] epochs: [88/100] train_acc: 0.604 train_loss_sup: 1.196
[GPU0] epochs: [89/100] train_acc: 0.606 train_loss_sup: 1.186
[GPU0] epochs: [90/100] train_acc: 0.604 train_loss_sup: 1.191
[GPU0] Test Accuracy at epoch: 90: 0.604
[GPU0] epochs: [91/100] train_acc: 0.606 train_loss_sup: 1.189
[GPU0] epochs: [92/100] train_acc: 0.606 train_loss_sup: 1.188
[GPU0] epochs: [93/100] train_acc: 0.610 train_loss_sup: 1.181
[GPU0] epochs: [94/100] train_acc: 0.607 train_loss_sup: 1.185
[GPU0] epochs: [95/100] train_acc: 0.608 train_loss_sup: 1.181
[GPU0] epochs: [96/100] train_acc: 0.606 train_loss_sup: 1.185
[GPU0] epochs: [97/100] train_acc: 0.609 train_loss_sup: 1.176
[GPU0] epochs: [98/100] train_acc: 0.608 train_loss_sup: 1.180
[GPU0] epochs: [99/100] train_acc: 0.607 train_loss_sup: 1.182
[GPU0] epochs: [100/100] train_acc: 0.608 train_loss_sup: 1.177
[GPU0] Final Test Accuracy: 0.608
LR: 1.000 | WD: 0.000000 | Cosine: False | test Acc: 0.608%
===> using linear mlp
Scheduler: <torch.optim.lr_scheduler.CosineAnnealingLR object at 0x781be159a470>
MLP: MLP(
  (mlp): Linear(in_features=512, out_features=10, bias=True)
)
[GPU0] Test Accuracy at epoch: 0: 0.25
[GPU0] epochs: [1/100] train_acc: 0.180 train_loss_sup: 2.293
[GPU0] epochs: [2/100] train_acc: 0.309 train_loss_sup: 2.272
[GPU0] epochs: [3/100] train_acc: 0.390 train_loss_sup: 2.251
[GPU0] epochs: [4/100] train_acc: 0.403 train_loss_sup: 2.231
[GPU0] epochs: [5/100] train_acc: 0.412 train_loss_sup: 2.211
[GPU0] epochs: [6/100] train_acc: 0.437 train_loss_sup: 2.192
[GPU0] epochs: [7/100] train_acc: 0.433 train_loss_sup: 2.174
[GPU0] epochs: [8/100] train_acc: 0.448 train_loss_sup: 2.157
[GPU0] epochs: [9/100] train_acc: 0.452 train_loss_sup: 2.139
[GPU0] epochs: [10/100] train_acc: 0.452 train_loss_sup: 2.123
[GPU0] Test Accuracy at epoch: 10: 0.278
[GPU0] epochs: [11/100] train_acc: 0.466 train_loss_sup: 2.106
[GPU0] epochs: [12/100] train_acc: 0.459 train_loss_sup: 2.091
[GPU0] epochs: [13/100] train_acc: 0.467 train_loss_sup: 2.076
[GPU0] epochs: [14/100] train_acc: 0.466 train_loss_sup: 2.062
[GPU0] epochs: [15/100] train_acc: 0.469 train_loss_sup: 2.046
[GPU0] epochs: [16/100] train_acc: 0.472 train_loss_sup: 2.035
[GPU0] epochs: [17/100] train_acc: 0.467 train_loss_sup: 2.022
[GPU0] epochs: [18/100] train_acc: 0.471 train_loss_sup: 2.010
[GPU0] epochs: [19/100] train_acc: 0.477 train_loss_sup: 1.997
[GPU0] epochs: [20/100] train_acc: 0.474 train_loss_sup: 1.985
[GPU0] Test Accuracy at epoch: 20: 0.275
[GPU0] epochs: [21/100] train_acc: 0.476 train_loss_sup: 1.975
[GPU0] epochs: [22/100] train_acc: 0.477 train_loss_sup: 1.963
[GPU0] epochs: [23/100] train_acc: 0.480 train_loss_sup: 1.952
[GPU0] epochs: [24/100] train_acc: 0.482 train_loss_sup: 1.943
[GPU0] epochs: [25/100] train_acc: 0.484 train_loss_sup: 1.932
[GPU0] epochs: [26/100] train_acc: 0.485 train_loss_sup: 1.925
[GPU0] epochs: [27/100] train_acc: 0.484 train_loss_sup: 1.916
[GPU0] epochs: [28/100] train_acc: 0.483 train_loss_sup: 1.908
[GPU0] epochs: [29/100] train_acc: 0.486 train_loss_sup: 1.899
[GPU0] epochs: [30/100] train_acc: 0.485 train_loss_sup: 1.892
[GPU0] Test Accuracy at epoch: 30: 0.302
[GPU0] epochs: [31/100] train_acc: 0.487 train_loss_sup: 1.884
[GPU0] epochs: [32/100] train_acc: 0.490 train_loss_sup: 1.875
[GPU0] epochs: [33/100] train_acc: 0.491 train_loss_sup: 1.869
[GPU0] epochs: [34/100] train_acc: 0.490 train_loss_sup: 1.862
[GPU0] epochs: [35/100] train_acc: 0.495 train_loss_sup: 1.855
[GPU0] epochs: [36/100] train_acc: 0.493 train_loss_sup: 1.848
[GPU0] epochs: [37/100] train_acc: 0.493 train_loss_sup: 1.843
[GPU0] epochs: [38/100] train_acc: 0.492 train_loss_sup: 1.836
[GPU0] epochs: [39/100] train_acc: 0.493 train_loss_sup: 1.830
[GPU0] epochs: [40/100] train_acc: 0.497 train_loss_sup: 1.824
[GPU0] Test Accuracy at epoch: 40: 0.328
[GPU0] epochs: [41/100] train_acc: 0.496 train_loss_sup: 1.819
[GPU0] epochs: [42/100] train_acc: 0.493 train_loss_sup: 1.815
[GPU0] epochs: [43/100] train_acc: 0.495 train_loss_sup: 1.812
[GPU0] epochs: [44/100] train_acc: 0.498 train_loss_sup: 1.805
[GPU0] epochs: [45/100] train_acc: 0.497 train_loss_sup: 1.801
[GPU0] epochs: [46/100] train_acc: 0.499 train_loss_sup: 1.798
[GPU0] epochs: [47/100] train_acc: 0.499 train_loss_sup: 1.791
[GPU0] epochs: [48/100] train_acc: 0.497 train_loss_sup: 1.789
[GPU0] epochs: [49/100] train_acc: 0.499 train_loss_sup: 1.786
[GPU0] epochs: [50/100] train_acc: 0.503 train_loss_sup: 1.780
[GPU0] Test Accuracy at epoch: 50: 0.331
[GPU0] epochs: [51/100] train_acc: 0.499 train_loss_sup: 1.780
[GPU0] epochs: [52/100] train_acc: 0.503 train_loss_sup: 1.772
[GPU0] epochs: [53/100] train_acc: 0.503 train_loss_sup: 1.772
[GPU0] epochs: [54/100] train_acc: 0.497 train_loss_sup: 1.769
[GPU0] epochs: [55/100] train_acc: 0.501 train_loss_sup: 1.765
[GPU0] epochs: [56/100] train_acc: 0.505 train_loss_sup: 1.763
[GPU0] epochs: [57/100] train_acc: 0.503 train_loss_sup: 1.759
[GPU0] epochs: [58/100] train_acc: 0.502 train_loss_sup: 1.757
[GPU0] epochs: [59/100] train_acc: 0.506 train_loss_sup: 1.755
[GPU0] epochs: [60/100] train_acc: 0.504 train_loss_sup: 1.753
[GPU0] Test Accuracy at epoch: 60: 0.33
[GPU0] epochs: [61/100] train_acc: 0.502 train_loss_sup: 1.752
[GPU0] epochs: [62/100] train_acc: 0.503 train_loss_sup: 1.749
[GPU0] epochs: [63/100] train_acc: 0.503 train_loss_sup: 1.746
[GPU0] epochs: [64/100] train_acc: 0.503 train_loss_sup: 1.746
[GPU0] epochs: [65/100] train_acc: 0.503 train_loss_sup: 1.743
[GPU0] epochs: [66/100] train_acc: 0.506 train_loss_sup: 1.741
[GPU0] epochs: [67/100] train_acc: 0.507 train_loss_sup: 1.740
[GPU0] epochs: [68/100] train_acc: 0.507 train_loss_sup: 1.738
[GPU0] epochs: [69/100] train_acc: 0.507 train_loss_sup: 1.737
[GPU0] epochs: [70/100] train_acc: 0.506 train_loss_sup: 1.735
[GPU0] Test Accuracy at epoch: 70: 0.337
[GPU0] epochs: [71/100] train_acc: 0.507 train_loss_sup: 1.735
[GPU0] epochs: [72/100] train_acc: 0.508 train_loss_sup: 1.732
[GPU0] epochs: [73/100] train_acc: 0.504 train_loss_sup: 1.733
[GPU0] epochs: [74/100] train_acc: 0.507 train_loss_sup: 1.730
[GPU0] epochs: [75/100] train_acc: 0.510 train_loss_sup: 1.727
[GPU0] epochs: [76/100] train_acc: 0.507 train_loss_sup: 1.729
[GPU0] epochs: [77/100] train_acc: 0.506 train_loss_sup: 1.729
[GPU0] epochs: [78/100] train_acc: 0.507 train_loss_sup: 1.727
[GPU0] epochs: [79/100] train_acc: 0.506 train_loss_sup: 1.726
[GPU0] epochs: [80/100] train_acc: 0.505 train_loss_sup: 1.726
[GPU0] Test Accuracy at epoch: 80: 0.335
[GPU0] epochs: [81/100] train_acc: 0.507 train_loss_sup: 1.724
[GPU0] epochs: [82/100] train_acc: 0.508 train_loss_sup: 1.724
[GPU0] epochs: [83/100] train_acc: 0.508 train_loss_sup: 1.724
[GPU0] epochs: [84/100] train_acc: 0.505 train_loss_sup: 1.725
[GPU0] epochs: [85/100] train_acc: 0.509 train_loss_sup: 1.724
[GPU0] epochs: [86/100] train_acc: 0.507 train_loss_sup: 1.724
[GPU0] epochs: [87/100] train_acc: 0.505 train_loss_sup: 1.724
[GPU0] epochs: [88/100] train_acc: 0.508 train_loss_sup: 1.720
[GPU0] epochs: [89/100] train_acc: 0.508 train_loss_sup: 1.722
[GPU0] epochs: [90/100] train_acc: 0.510 train_loss_sup: 1.721
[GPU0] Test Accuracy at epoch: 90: 0.336
[GPU0] epochs: [91/100] train_acc: 0.510 train_loss_sup: 1.722
[GPU0] epochs: [92/100] train_acc: 0.509 train_loss_sup: 1.722
[GPU0] epochs: [93/100] train_acc: 0.508 train_loss_sup: 1.721
[GPU0] epochs: [94/100] train_acc: 0.505 train_loss_sup: 1.721
[GPU0] epochs: [95/100] train_acc: 0.509 train_loss_sup: 1.722
[GPU0] epochs: [96/100] train_acc: 0.509 train_loss_sup: 1.722
[GPU0] epochs: [97/100] train_acc: 0.506 train_loss_sup: 1.723
[GPU0] epochs: [98/100] train_acc: 0.506 train_loss_sup: 1.721
[GPU0] epochs: [99/100] train_acc: 0.509 train_loss_sup: 1.721
[GPU0] epochs: [100/100] train_acc: 0.507 train_loss_sup: 1.722
[GPU0] Final Test Accuracy: 0.337
LR: 0.100 | WD: 0.000001 | Cosine: True | test Acc: 0.337%
===> using linear mlp
Scheduler: <torch.optim.lr_scheduler.CosineAnnealingLR object at 0x781bee7fd2a0>
MLP: MLP(
  (mlp): Linear(in_features=512, out_features=10, bias=True)
)
[GPU0] Test Accuracy at epoch: 0: 0.251
[GPU0] epochs: [1/100] train_acc: 0.199 train_loss_sup: 2.294
[GPU0] epochs: [2/100] train_acc: 0.320 train_loss_sup: 2.273
[GPU0] epochs: [3/100] train_acc: 0.348 train_loss_sup: 2.252
[GPU0] epochs: [4/100] train_acc: 0.400 train_loss_sup: 2.232
[GPU0] epochs: [5/100] train_acc: 0.406 train_loss_sup: 2.213
[GPU0] epochs: [6/100] train_acc: 0.436 train_loss_sup: 2.195
[GPU0] epochs: [7/100] train_acc: 0.448 train_loss_sup: 2.178
[GPU0] epochs: [8/100] train_acc: 0.454 train_loss_sup: 2.161
[GPU0] epochs: [9/100] train_acc: 0.453 train_loss_sup: 2.145
[GPU0] epochs: [10/100] train_acc: 0.452 train_loss_sup: 2.130
[GPU0] Test Accuracy at epoch: 10: 0.238
[GPU0] epochs: [11/100] train_acc: 0.453 train_loss_sup: 2.115
[GPU0] epochs: [12/100] train_acc: 0.461 train_loss_sup: 2.101
[GPU0] epochs: [13/100] train_acc: 0.455 train_loss_sup: 2.088
[GPU0] epochs: [14/100] train_acc: 0.466 train_loss_sup: 2.074
[GPU0] epochs: [15/100] train_acc: 0.457 train_loss_sup: 2.062
[GPU0] epochs: [16/100] train_acc: 0.470 train_loss_sup: 2.051
[GPU0] epochs: [17/100] train_acc: 0.466 train_loss_sup: 2.039
[GPU0] epochs: [18/100] train_acc: 0.475 train_loss_sup: 2.029
[GPU0] epochs: [19/100] train_acc: 0.470 train_loss_sup: 2.018
[GPU0] epochs: [20/100] train_acc: 0.473 train_loss_sup: 2.009
[GPU0] Test Accuracy at epoch: 20: 0.278
[GPU0] epochs: [21/100] train_acc: 0.473 train_loss_sup: 1.998
[GPU0] epochs: [22/100] train_acc: 0.476 train_loss_sup: 1.991
[GPU0] epochs: [23/100] train_acc: 0.480 train_loss_sup: 1.981
[GPU0] epochs: [24/100] train_acc: 0.477 train_loss_sup: 1.973
[GPU0] epochs: [25/100] train_acc: 0.477 train_loss_sup: 1.966
[GPU0] epochs: [26/100] train_acc: 0.481 train_loss_sup: 1.958
[GPU0] epochs: [27/100] train_acc: 0.485 train_loss_sup: 1.949
[GPU0] epochs: [28/100] train_acc: 0.482 train_loss_sup: 1.943
[GPU0] epochs: [29/100] train_acc: 0.484 train_loss_sup: 1.936
[GPU0] epochs: [30/100] train_acc: 0.481 train_loss_sup: 1.930
[GPU0] Test Accuracy at epoch: 30: 0.299
[GPU0] epochs: [31/100] train_acc: 0.484 train_loss_sup: 1.924
[GPU0] epochs: [32/100] train_acc: 0.484 train_loss_sup: 1.917
[GPU0] epochs: [33/100] train_acc: 0.487 train_loss_sup: 1.912
[GPU0] epochs: [34/100] train_acc: 0.490 train_loss_sup: 1.907
[GPU0] epochs: [35/100] train_acc: 0.488 train_loss_sup: 1.901
[GPU0] epochs: [36/100] train_acc: 0.487 train_loss_sup: 1.897
[GPU0] epochs: [37/100] train_acc: 0.491 train_loss_sup: 1.890
[GPU0] epochs: [38/100] train_acc: 0.491 train_loss_sup: 1.885
[GPU0] epochs: [39/100] train_acc: 0.490 train_loss_sup: 1.882
[GPU0] epochs: [40/100] train_acc: 0.491 train_loss_sup: 1.878
[GPU0] Test Accuracy at epoch: 40: 0.313
[GPU0] epochs: [41/100] train_acc: 0.494 train_loss_sup: 1.874
[GPU0] epochs: [42/100] train_acc: 0.495 train_loss_sup: 1.869
[GPU0] epochs: [43/100] train_acc: 0.493 train_loss_sup: 1.866
[GPU0] epochs: [44/100] train_acc: 0.494 train_loss_sup: 1.862
[GPU0] epochs: [45/100] train_acc: 0.493 train_loss_sup: 1.860
[GPU0] epochs: [46/100] train_acc: 0.498 train_loss_sup: 1.854
[GPU0] epochs: [47/100] train_acc: 0.494 train_loss_sup: 1.853
[GPU0] epochs: [48/100] train_acc: 0.499 train_loss_sup: 1.849
[GPU0] epochs: [49/100] train_acc: 0.494 train_loss_sup: 1.848
[GPU0] epochs: [50/100] train_acc: 0.499 train_loss_sup: 1.843
[GPU0] Test Accuracy at epoch: 50: 0.311
[GPU0] epochs: [51/100] train_acc: 0.496 train_loss_sup: 1.842
[GPU0] epochs: [52/100] train_acc: 0.495 train_loss_sup: 1.838
[GPU0] epochs: [53/100] train_acc: 0.497 train_loss_sup: 1.839
[GPU0] epochs: [54/100] train_acc: 0.499 train_loss_sup: 1.834
[GPU0] epochs: [55/100] train_acc: 0.499 train_loss_sup: 1.833
[GPU0] epochs: [56/100] train_acc: 0.499 train_loss_sup: 1.830
[GPU0] epochs: [57/100] train_acc: 0.502 train_loss_sup: 1.827
[GPU0] epochs: [58/100] train_acc: 0.497 train_loss_sup: 1.829
[GPU0] epochs: [59/100] train_acc: 0.498 train_loss_sup: 1.825
[GPU0] epochs: [60/100] train_acc: 0.502 train_loss_sup: 1.823
[GPU0] Test Accuracy at epoch: 60: 0.325
[GPU0] epochs: [61/100] train_acc: 0.500 train_loss_sup: 1.821
[GPU0] epochs: [62/100] train_acc: 0.501 train_loss_sup: 1.821
[GPU0] epochs: [63/100] train_acc: 0.500 train_loss_sup: 1.818
[GPU0] epochs: [64/100] train_acc: 0.500 train_loss_sup: 1.817
[GPU0] epochs: [65/100] train_acc: 0.500 train_loss_sup: 1.816
[GPU0] epochs: [66/100] train_acc: 0.503 train_loss_sup: 1.815
[GPU0] epochs: [67/100] train_acc: 0.503 train_loss_sup: 1.813
[GPU0] epochs: [68/100] train_acc: 0.501 train_loss_sup: 1.813
[GPU0] epochs: [69/100] train_acc: 0.499 train_loss_sup: 1.813
[GPU0] epochs: [70/100] train_acc: 0.499 train_loss_sup: 1.811
[GPU0] Test Accuracy at epoch: 70: 0.326
[GPU0] epochs: [71/100] train_acc: 0.501 train_loss_sup: 1.810
[GPU0] epochs: [72/100] train_acc: 0.501 train_loss_sup: 1.809
[GPU0] epochs: [73/100] train_acc: 0.500 train_loss_sup: 1.808
[GPU0] epochs: [74/100] train_acc: 0.504 train_loss_sup: 1.806
[GPU0] epochs: [75/100] train_acc: 0.499 train_loss_sup: 1.808
[GPU0] epochs: [76/100] train_acc: 0.501 train_loss_sup: 1.805
[GPU0] epochs: [77/100] train_acc: 0.504 train_loss_sup: 1.806
[GPU0] epochs: [78/100] train_acc: 0.502 train_loss_sup: 1.805
[GPU0] epochs: [79/100] train_acc: 0.501 train_loss_sup: 1.804
[GPU0] epochs: [80/100] train_acc: 0.502 train_loss_sup: 1.803
[GPU0] Test Accuracy at epoch: 80: 0.327
[GPU0] epochs: [81/100] train_acc: 0.503 train_loss_sup: 1.803
[GPU0] epochs: [82/100] train_acc: 0.502 train_loss_sup: 1.805
[GPU0] epochs: [83/100] train_acc: 0.503 train_loss_sup: 1.802
[GPU0] epochs: [84/100] train_acc: 0.503 train_loss_sup: 1.804
[GPU0] epochs: [85/100] train_acc: 0.505 train_loss_sup: 1.802
[GPU0] epochs: [86/100] train_acc: 0.500 train_loss_sup: 1.803
[GPU0] epochs: [87/100] train_acc: 0.501 train_loss_sup: 1.802
[GPU0] epochs: [88/100] train_acc: 0.502 train_loss_sup: 1.803
[GPU0] epochs: [89/100] train_acc: 0.502 train_loss_sup: 1.800
[GPU0] epochs: [90/100] train_acc: 0.503 train_loss_sup: 1.803
[GPU0] Test Accuracy at epoch: 90: 0.327
[GPU0] epochs: [91/100] train_acc: 0.504 train_loss_sup: 1.801
[GPU0] epochs: [92/100] train_acc: 0.504 train_loss_sup: 1.801
[GPU0] epochs: [93/100] train_acc: 0.504 train_loss_sup: 1.802
[GPU0] epochs: [94/100] train_acc: 0.503 train_loss_sup: 1.801
[GPU0] epochs: [95/100] train_acc: 0.503 train_loss_sup: 1.801
[GPU0] epochs: [96/100] train_acc: 0.505 train_loss_sup: 1.800
[GPU0] epochs: [97/100] train_acc: 0.501 train_loss_sup: 1.801
[GPU0] epochs: [98/100] train_acc: 0.504 train_loss_sup: 1.802
[GPU0] epochs: [99/100] train_acc: 0.502 train_loss_sup: 1.801
[GPU0] epochs: [100/100] train_acc: 0.502 train_loss_sup: 1.801
[GPU0] Final Test Accuracy: 0.327
LR: 0.100 | WD: 0.000100 | Cosine: True | test Acc: 0.327%
===> using linear mlp
Scheduler: <torch.optim.lr_scheduler.CosineAnnealingLR object at 0x781bd8f0ada0>
MLP: MLP(
  (mlp): Linear(in_features=512, out_features=10, bias=True)
)
[GPU0] Test Accuracy at epoch: 0: 0.105
[GPU0] epochs: [1/100] train_acc: 0.150 train_loss_sup: 2.294
[GPU0] epochs: [2/100] train_acc: 0.328 train_loss_sup: 2.273
[GPU0] epochs: [3/100] train_acc: 0.379 train_loss_sup: 2.252
[GPU0] epochs: [4/100] train_acc: 0.396 train_loss_sup: 2.231
[GPU0] epochs: [5/100] train_acc: 0.419 train_loss_sup: 2.212
[GPU0] epochs: [6/100] train_acc: 0.425 train_loss_sup: 2.193
[GPU0] epochs: [7/100] train_acc: 0.438 train_loss_sup: 2.174
[GPU0] epochs: [8/100] train_acc: 0.440 train_loss_sup: 2.156
[GPU0] epochs: [9/100] train_acc: 0.453 train_loss_sup: 2.139
[GPU0] epochs: [10/100] train_acc: 0.458 train_loss_sup: 2.123
[GPU0] Test Accuracy at epoch: 10: 0.261
[GPU0] epochs: [11/100] train_acc: 0.462 train_loss_sup: 2.107
[GPU0] epochs: [12/100] train_acc: 0.463 train_loss_sup: 2.091
[GPU0] epochs: [13/100] train_acc: 0.464 train_loss_sup: 2.076
[GPU0] epochs: [14/100] train_acc: 0.468 train_loss_sup: 2.062
[GPU0] epochs: [15/100] train_acc: 0.463 train_loss_sup: 2.049
[GPU0] epochs: [16/100] train_acc: 0.469 train_loss_sup: 2.035
[GPU0] epochs: [17/100] train_acc: 0.472 train_loss_sup: 2.022
[GPU0] epochs: [18/100] train_acc: 0.469 train_loss_sup: 2.010
[GPU0] epochs: [19/100] train_acc: 0.477 train_loss_sup: 1.997
[GPU0] epochs: [20/100] train_acc: 0.474 train_loss_sup: 1.986
[GPU0] Test Accuracy at epoch: 20: 0.3
[GPU0] epochs: [21/100] train_acc: 0.476 train_loss_sup: 1.975
[GPU0] epochs: [22/100] train_acc: 0.480 train_loss_sup: 1.965
[GPU0] epochs: [23/100] train_acc: 0.476 train_loss_sup: 1.955
[GPU0] epochs: [24/100] train_acc: 0.482 train_loss_sup: 1.942
[GPU0] epochs: [25/100] train_acc: 0.481 train_loss_sup: 1.933
[GPU0] epochs: [26/100] train_acc: 0.483 train_loss_sup: 1.924
[GPU0] epochs: [27/100] train_acc: 0.487 train_loss_sup: 1.914
[GPU0] epochs: [28/100] train_acc: 0.487 train_loss_sup: 1.908
[GPU0] epochs: [29/100] train_acc: 0.488 train_loss_sup: 1.899
[GPU0] epochs: [30/100] train_acc: 0.485 train_loss_sup: 1.891
[GPU0] Test Accuracy at epoch: 30: 0.306
[GPU0] epochs: [31/100] train_acc: 0.488 train_loss_sup: 1.883
[GPU0] epochs: [32/100] train_acc: 0.489 train_loss_sup: 1.875
[GPU0] epochs: [33/100] train_acc: 0.492 train_loss_sup: 1.868
[GPU0] epochs: [34/100] train_acc: 0.492 train_loss_sup: 1.861
[GPU0] epochs: [35/100] train_acc: 0.492 train_loss_sup: 1.856
[GPU0] epochs: [36/100] train_acc: 0.492 train_loss_sup: 1.847
[GPU0] epochs: [37/100] train_acc: 0.494 train_loss_sup: 1.843
[GPU0] epochs: [38/100] train_acc: 0.493 train_loss_sup: 1.837
[GPU0] epochs: [39/100] train_acc: 0.494 train_loss_sup: 1.829
[GPU0] epochs: [40/100] train_acc: 0.498 train_loss_sup: 1.825
[GPU0] Test Accuracy at epoch: 40: 0.33
[GPU0] epochs: [41/100] train_acc: 0.498 train_loss_sup: 1.820
[GPU0] epochs: [42/100] train_acc: 0.497 train_loss_sup: 1.815
[GPU0] epochs: [43/100] train_acc: 0.499 train_loss_sup: 1.810
[GPU0] epochs: [44/100] train_acc: 0.499 train_loss_sup: 1.805
[GPU0] epochs: [45/100] train_acc: 0.498 train_loss_sup: 1.800
[GPU0] epochs: [46/100] train_acc: 0.501 train_loss_sup: 1.795
[GPU0] epochs: [47/100] train_acc: 0.499 train_loss_sup: 1.792
[GPU0] epochs: [48/100] train_acc: 0.503 train_loss_sup: 1.788
[GPU0] epochs: [49/100] train_acc: 0.501 train_loss_sup: 1.785
[GPU0] epochs: [50/100] train_acc: 0.503 train_loss_sup: 1.779
[GPU0] Test Accuracy at epoch: 50: 0.318
[GPU0] epochs: [51/100] train_acc: 0.499 train_loss_sup: 1.777
[GPU0] epochs: [52/100] train_acc: 0.502 train_loss_sup: 1.774
[GPU0] epochs: [53/100] train_acc: 0.502 train_loss_sup: 1.770
[GPU0] epochs: [54/100] train_acc: 0.499 train_loss_sup: 1.768
[GPU0] epochs: [55/100] train_acc: 0.503 train_loss_sup: 1.765
[GPU0] epochs: [56/100] train_acc: 0.504 train_loss_sup: 1.760
[GPU0] epochs: [57/100] train_acc: 0.508 train_loss_sup: 1.757
[GPU0] epochs: [58/100] train_acc: 0.503 train_loss_sup: 1.758
[GPU0] epochs: [59/100] train_acc: 0.503 train_loss_sup: 1.754
[GPU0] epochs: [60/100] train_acc: 0.506 train_loss_sup: 1.750
[GPU0] Test Accuracy at epoch: 60: 0.328
[GPU0] epochs: [61/100] train_acc: 0.506 train_loss_sup: 1.750
[GPU0] epochs: [62/100] train_acc: 0.503 train_loss_sup: 1.749
[GPU0] epochs: [63/100] train_acc: 0.508 train_loss_sup: 1.745
[GPU0] epochs: [64/100] train_acc: 0.506 train_loss_sup: 1.742
[GPU0] epochs: [65/100] train_acc: 0.503 train_loss_sup: 1.744
[GPU0] epochs: [66/100] train_acc: 0.506 train_loss_sup: 1.741
[GPU0] epochs: [67/100] train_acc: 0.506 train_loss_sup: 1.738
[GPU0] epochs: [68/100] train_acc: 0.505 train_loss_sup: 1.738
[GPU0] epochs: [69/100] train_acc: 0.506 train_loss_sup: 1.736
[GPU0] epochs: [70/100] train_acc: 0.508 train_loss_sup: 1.733
[GPU0] Test Accuracy at epoch: 70: 0.334
[GPU0] epochs: [71/100] train_acc: 0.508 train_loss_sup: 1.733
[GPU0] epochs: [72/100] train_acc: 0.506 train_loss_sup: 1.732
[GPU0] epochs: [73/100] train_acc: 0.506 train_loss_sup: 1.732
[GPU0] epochs: [74/100] train_acc: 0.507 train_loss_sup: 1.729
[GPU0] epochs: [75/100] train_acc: 0.506 train_loss_sup: 1.730
[GPU0] epochs: [76/100] train_acc: 0.505 train_loss_sup: 1.727
[GPU0] epochs: [77/100] train_acc: 0.509 train_loss_sup: 1.728
[GPU0] epochs: [78/100] train_acc: 0.508 train_loss_sup: 1.725
[GPU0] epochs: [79/100] train_acc: 0.507 train_loss_sup: 1.724
[GPU0] epochs: [80/100] train_acc: 0.507 train_loss_sup: 1.724
[GPU0] Test Accuracy at epoch: 80: 0.336
[GPU0] epochs: [81/100] train_acc: 0.508 train_loss_sup: 1.724
[GPU0] epochs: [82/100] train_acc: 0.509 train_loss_sup: 1.723
[GPU0] epochs: [83/100] train_acc: 0.507 train_loss_sup: 1.723
[GPU0] epochs: [84/100] train_acc: 0.506 train_loss_sup: 1.723
[GPU0] epochs: [85/100] train_acc: 0.508 train_loss_sup: 1.723
[GPU0] epochs: [86/100] train_acc: 0.509 train_loss_sup: 1.722
[GPU0] epochs: [87/100] train_acc: 0.507 train_loss_sup: 1.722
[GPU0] epochs: [88/100] train_acc: 0.509 train_loss_sup: 1.723
[GPU0] epochs: [89/100] train_acc: 0.508 train_loss_sup: 1.721
[GPU0] epochs: [90/100] train_acc: 0.507 train_loss_sup: 1.722
[GPU0] Test Accuracy at epoch: 90: 0.337
[GPU0] epochs: [91/100] train_acc: 0.511 train_loss_sup: 1.721
[GPU0] epochs: [92/100] train_acc: 0.507 train_loss_sup: 1.721
[GPU0] epochs: [93/100] train_acc: 0.508 train_loss_sup: 1.718
[GPU0] epochs: [94/100] train_acc: 0.508 train_loss_sup: 1.720
[GPU0] epochs: [95/100] train_acc: 0.507 train_loss_sup: 1.721
[GPU0] epochs: [96/100] train_acc: 0.508 train_loss_sup: 1.720
[GPU0] epochs: [97/100] train_acc: 0.507 train_loss_sup: 1.723
[GPU0] epochs: [98/100] train_acc: 0.505 train_loss_sup: 1.722
[GPU0] epochs: [99/100] train_acc: 0.506 train_loss_sup: 1.721
[GPU0] epochs: [100/100] train_acc: 0.508 train_loss_sup: 1.722
[GPU0] Final Test Accuracy: 0.337
LR: 0.100 | WD: 0.000000 | Cosine: True | test Acc: 0.337%
===> using linear mlp
Scheduler: <torch.optim.lr_scheduler.CosineAnnealingLR object at 0x781bd7ad3d00>
MLP: MLP(
  (mlp): Linear(in_features=512, out_features=10, bias=True)
)
[GPU0] Test Accuracy at epoch: 0: 0.366
[GPU0] epochs: [1/100] train_acc: 0.264 train_loss_sup: 2.222
[GPU0] epochs: [2/100] train_acc: 0.404 train_loss_sup: 2.056
[GPU0] epochs: [3/100] train_acc: 0.461 train_loss_sup: 1.927
[GPU0] epochs: [4/100] train_acc: 0.478 train_loss_sup: 1.833
[GPU0] epochs: [5/100] train_acc: 0.485 train_loss_sup: 1.761
[GPU0] epochs: [6/100] train_acc: 0.497 train_loss_sup: 1.704
[GPU0] epochs: [7/100] train_acc: 0.507 train_loss_sup: 1.658
[GPU0] epochs: [8/100] train_acc: 0.509 train_loss_sup: 1.619
[GPU0] epochs: [9/100] train_acc: 0.517 train_loss_sup: 1.588
[GPU0] epochs: [10/100] train_acc: 0.518 train_loss_sup: 1.562
[GPU0] Test Accuracy at epoch: 10: 0.391
[GPU0] epochs: [11/100] train_acc: 0.524 train_loss_sup: 1.536
[GPU0] epochs: [12/100] train_acc: 0.527 train_loss_sup: 1.515
[GPU0] epochs: [13/100] train_acc: 0.529 train_loss_sup: 1.495
[GPU0] epochs: [14/100] train_acc: 0.538 train_loss_sup: 1.479
[GPU0] epochs: [15/100] train_acc: 0.536 train_loss_sup: 1.464
[GPU0] epochs: [16/100] train_acc: 0.539 train_loss_sup: 1.451
[GPU0] epochs: [17/100] train_acc: 0.542 train_loss_sup: 1.439
[GPU0] epochs: [18/100] train_acc: 0.543 train_loss_sup: 1.430
[GPU0] epochs: [19/100] train_acc: 0.550 train_loss_sup: 1.416
[GPU0] epochs: [20/100] train_acc: 0.554 train_loss_sup: 1.403
[GPU0] Test Accuracy at epoch: 20: 0.427
[GPU0] epochs: [21/100] train_acc: 0.552 train_loss_sup: 1.395
[GPU0] epochs: [22/100] train_acc: 0.554 train_loss_sup: 1.391
[GPU0] epochs: [23/100] train_acc: 0.555 train_loss_sup: 1.383
[GPU0] epochs: [24/100] train_acc: 0.556 train_loss_sup: 1.376
[GPU0] epochs: [25/100] train_acc: 0.556 train_loss_sup: 1.372
[GPU0] epochs: [26/100] train_acc: 0.561 train_loss_sup: 1.361
[GPU0] epochs: [27/100] train_acc: 0.559 train_loss_sup: 1.358
[GPU0] epochs: [28/100] train_acc: 0.562 train_loss_sup: 1.354
[GPU0] epochs: [29/100] train_acc: 0.564 train_loss_sup: 1.348
[GPU0] epochs: [30/100] train_acc: 0.565 train_loss_sup: 1.340
[GPU0] Test Accuracy at epoch: 30: 0.504
[GPU0] epochs: [31/100] train_acc: 0.568 train_loss_sup: 1.336
[GPU0] epochs: [32/100] train_acc: 0.564 train_loss_sup: 1.336
[GPU0] epochs: [33/100] train_acc: 0.570 train_loss_sup: 1.329
[GPU0] epochs: [34/100] train_acc: 0.569 train_loss_sup: 1.328
[GPU0] epochs: [35/100] train_acc: 0.571 train_loss_sup: 1.321
[GPU0] epochs: [36/100] train_acc: 0.571 train_loss_sup: 1.319
[GPU0] epochs: [37/100] train_acc: 0.571 train_loss_sup: 1.317
[GPU0] epochs: [38/100] train_acc: 0.574 train_loss_sup: 1.309
[GPU0] epochs: [39/100] train_acc: 0.571 train_loss_sup: 1.312
[GPU0] epochs: [40/100] train_acc: 0.574 train_loss_sup: 1.311
[GPU0] Test Accuracy at epoch: 40: 0.538
[GPU0] epochs: [41/100] train_acc: 0.576 train_loss_sup: 1.301
[GPU0] epochs: [42/100] train_acc: 0.574 train_loss_sup: 1.304
[GPU0] epochs: [43/100] train_acc: 0.575 train_loss_sup: 1.302
[GPU0] epochs: [44/100] train_acc: 0.579 train_loss_sup: 1.292
[GPU0] epochs: [45/100] train_acc: 0.578 train_loss_sup: 1.291
[GPU0] epochs: [46/100] train_acc: 0.578 train_loss_sup: 1.289
[GPU0] epochs: [47/100] train_acc: 0.579 train_loss_sup: 1.290
[GPU0] epochs: [48/100] train_acc: 0.581 train_loss_sup: 1.285
[GPU0] epochs: [49/100] train_acc: 0.582 train_loss_sup: 1.285
[GPU0] epochs: [50/100] train_acc: 0.581 train_loss_sup: 1.284
[GPU0] Test Accuracy at epoch: 50: 0.54
[GPU0] epochs: [51/100] train_acc: 0.582 train_loss_sup: 1.285
[GPU0] epochs: [52/100] train_acc: 0.581 train_loss_sup: 1.279
[GPU0] epochs: [53/100] train_acc: 0.582 train_loss_sup: 1.279
[GPU0] epochs: [54/100] train_acc: 0.581 train_loss_sup: 1.276
[GPU0] epochs: [55/100] train_acc: 0.582 train_loss_sup: 1.274
[GPU0] epochs: [56/100] train_acc: 0.581 train_loss_sup: 1.277
[GPU0] epochs: [57/100] train_acc: 0.582 train_loss_sup: 1.272
[GPU0] epochs: [58/100] train_acc: 0.582 train_loss_sup: 1.271
[GPU0] epochs: [59/100] train_acc: 0.583 train_loss_sup: 1.274
[GPU0] epochs: [60/100] train_acc: 0.582 train_loss_sup: 1.272
[GPU0] Test Accuracy at epoch: 60: 0.546
[GPU0] epochs: [61/100] train_acc: 0.583 train_loss_sup: 1.270
[GPU0] epochs: [62/100] train_acc: 0.587 train_loss_sup: 1.265
[GPU0] epochs: [63/100] train_acc: 0.583 train_loss_sup: 1.269
[GPU0] epochs: [64/100] train_acc: 0.587 train_loss_sup: 1.263
[GPU0] epochs: [65/100] train_acc: 0.587 train_loss_sup: 1.263
[GPU0] epochs: [66/100] train_acc: 0.587 train_loss_sup: 1.262
[GPU0] epochs: [67/100] train_acc: 0.584 train_loss_sup: 1.265
[GPU0] epochs: [68/100] train_acc: 0.587 train_loss_sup: 1.262
[GPU0] epochs: [69/100] train_acc: 0.587 train_loss_sup: 1.264
[GPU0] epochs: [70/100] train_acc: 0.585 train_loss_sup: 1.261
[GPU0] Test Accuracy at epoch: 70: 0.56
[GPU0] epochs: [71/100] train_acc: 0.586 train_loss_sup: 1.264
[GPU0] epochs: [72/100] train_acc: 0.587 train_loss_sup: 1.261
[GPU0] epochs: [73/100] train_acc: 0.585 train_loss_sup: 1.262
[GPU0] epochs: [74/100] train_acc: 0.587 train_loss_sup: 1.261
[GPU0] epochs: [75/100] train_acc: 0.586 train_loss_sup: 1.260
[GPU0] epochs: [76/100] train_acc: 0.586 train_loss_sup: 1.259
[GPU0] epochs: [77/100] train_acc: 0.588 train_loss_sup: 1.259
[GPU0] epochs: [78/100] train_acc: 0.589 train_loss_sup: 1.253
[GPU0] epochs: [79/100] train_acc: 0.587 train_loss_sup: 1.256
[GPU0] epochs: [80/100] train_acc: 0.587 train_loss_sup: 1.258
[GPU0] Test Accuracy at epoch: 80: 0.559
[GPU0] epochs: [81/100] train_acc: 0.588 train_loss_sup: 1.256
[GPU0] epochs: [82/100] train_acc: 0.587 train_loss_sup: 1.260
[GPU0] epochs: [83/100] train_acc: 0.588 train_loss_sup: 1.257
[GPU0] epochs: [84/100] train_acc: 0.586 train_loss_sup: 1.258
[GPU0] epochs: [85/100] train_acc: 0.590 train_loss_sup: 1.257
[GPU0] epochs: [86/100] train_acc: 0.587 train_loss_sup: 1.255
[GPU0] epochs: [87/100] train_acc: 0.590 train_loss_sup: 1.254
[GPU0] epochs: [88/100] train_acc: 0.589 train_loss_sup: 1.255
[GPU0] epochs: [89/100] train_acc: 0.588 train_loss_sup: 1.256
[GPU0] epochs: [90/100] train_acc: 0.589 train_loss_sup: 1.260
[GPU0] Test Accuracy at epoch: 90: 0.559
[GPU0] epochs: [91/100] train_acc: 0.588 train_loss_sup: 1.255
[GPU0] epochs: [92/100] train_acc: 0.589 train_loss_sup: 1.253
[GPU0] epochs: [93/100] train_acc: 0.589 train_loss_sup: 1.256
[GPU0] epochs: [94/100] train_acc: 0.590 train_loss_sup: 1.252
[GPU0] epochs: [95/100] train_acc: 0.589 train_loss_sup: 1.256
[GPU0] epochs: [96/100] train_acc: 0.593 train_loss_sup: 1.252
[GPU0] epochs: [97/100] train_acc: 0.588 train_loss_sup: 1.257
[GPU0] epochs: [98/100] train_acc: 0.588 train_loss_sup: 1.256
[GPU0] epochs: [99/100] train_acc: 0.589 train_loss_sup: 1.255
[GPU0] epochs: [100/100] train_acc: 0.590 train_loss_sup: 1.254
[GPU0] Final Test Accuracy: 0.558
LR: 1.000 | WD: 0.000001 | Cosine: True | test Acc: 0.560%
===> using linear mlp
Scheduler: <torch.optim.lr_scheduler.CosineAnnealingLR object at 0x781be159a470>
MLP: MLP(
  (mlp): Linear(in_features=512, out_features=10, bias=True)
)
[GPU0] Test Accuracy at epoch: 0: 0.382
[GPU0] epochs: [1/100] train_acc: 0.257 train_loss_sup: 2.224
[GPU0] epochs: [2/100] train_acc: 0.410 train_loss_sup: 2.067
[GPU0] epochs: [3/100] train_acc: 0.439 train_loss_sup: 1.959
[GPU0] epochs: [4/100] train_acc: 0.469 train_loss_sup: 1.882
[GPU0] epochs: [5/100] train_acc: 0.478 train_loss_sup: 1.829
[GPU0] epochs: [6/100] train_acc: 0.488 train_loss_sup: 1.789
[GPU0] epochs: [7/100] train_acc: 0.496 train_loss_sup: 1.758
[GPU0] epochs: [8/100] train_acc: 0.503 train_loss_sup: 1.733
[GPU0] epochs: [9/100] train_acc: 0.504 train_loss_sup: 1.717
[GPU0] epochs: [10/100] train_acc: 0.508 train_loss_sup: 1.701
[GPU0] Test Accuracy at epoch: 10: 0.361
[GPU0] epochs: [11/100] train_acc: 0.511 train_loss_sup: 1.688
[GPU0] epochs: [12/100] train_acc: 0.509 train_loss_sup: 1.681
[GPU0] epochs: [13/100] train_acc: 0.515 train_loss_sup: 1.672
[GPU0] epochs: [14/100] train_acc: 0.515 train_loss_sup: 1.663
[GPU0] epochs: [15/100] train_acc: 0.518 train_loss_sup: 1.658
[GPU0] epochs: [16/100] train_acc: 0.524 train_loss_sup: 1.654
[GPU0] epochs: [17/100] train_acc: 0.523 train_loss_sup: 1.651
[GPU0] epochs: [18/100] train_acc: 0.527 train_loss_sup: 1.647
[GPU0] epochs: [19/100] train_acc: 0.524 train_loss_sup: 1.645
[GPU0] epochs: [20/100] train_acc: 0.524 train_loss_sup: 1.641
[GPU0] Test Accuracy at epoch: 20: 0.413
[GPU0] epochs: [21/100] train_acc: 0.529 train_loss_sup: 1.640
[GPU0] epochs: [22/100] train_acc: 0.527 train_loss_sup: 1.638
[GPU0] epochs: [23/100] train_acc: 0.528 train_loss_sup: 1.635
[GPU0] epochs: [24/100] train_acc: 0.526 train_loss_sup: 1.635
[GPU0] epochs: [25/100] train_acc: 0.528 train_loss_sup: 1.637
[GPU0] epochs: [26/100] train_acc: 0.529 train_loss_sup: 1.634
[GPU0] epochs: [27/100] train_acc: 0.527 train_loss_sup: 1.632
[GPU0] epochs: [28/100] train_acc: 0.528 train_loss_sup: 1.630
[GPU0] epochs: [29/100] train_acc: 0.529 train_loss_sup: 1.631
[GPU0] epochs: [30/100] train_acc: 0.531 train_loss_sup: 1.633
[GPU0] Test Accuracy at epoch: 30: 0.427
[GPU0] epochs: [31/100] train_acc: 0.529 train_loss_sup: 1.630
[GPU0] epochs: [32/100] train_acc: 0.532 train_loss_sup: 1.630
[GPU0] epochs: [33/100] train_acc: 0.529 train_loss_sup: 1.629
[GPU0] epochs: [34/100] train_acc: 0.533 train_loss_sup: 1.628
[GPU0] epochs: [35/100] train_acc: 0.532 train_loss_sup: 1.629
[GPU0] epochs: [36/100] train_acc: 0.528 train_loss_sup: 1.630
[GPU0] epochs: [37/100] train_acc: 0.532 train_loss_sup: 1.629
[GPU0] epochs: [38/100] train_acc: 0.530 train_loss_sup: 1.630
[GPU0] epochs: [39/100] train_acc: 0.532 train_loss_sup: 1.628
[GPU0] epochs: [40/100] train_acc: 0.531 train_loss_sup: 1.629
[GPU0] Test Accuracy at epoch: 40: 0.388
[GPU0] epochs: [41/100] train_acc: 0.534 train_loss_sup: 1.629
[GPU0] epochs: [42/100] train_acc: 0.529 train_loss_sup: 1.630
[GPU0] epochs: [43/100] train_acc: 0.533 train_loss_sup: 1.626
[GPU0] epochs: [44/100] train_acc: 0.532 train_loss_sup: 1.629
[GPU0] epochs: [45/100] train_acc: 0.534 train_loss_sup: 1.628
[GPU0] epochs: [46/100] train_acc: 0.533 train_loss_sup: 1.627
[GPU0] epochs: [47/100] train_acc: 0.536 train_loss_sup: 1.628
[GPU0] epochs: [48/100] train_acc: 0.533 train_loss_sup: 1.627
[GPU0] epochs: [49/100] train_acc: 0.534 train_loss_sup: 1.628
[GPU0] epochs: [50/100] train_acc: 0.533 train_loss_sup: 1.627
[GPU0] Test Accuracy at epoch: 50: 0.387
[GPU0] epochs: [51/100] train_acc: 0.531 train_loss_sup: 1.628
[GPU0] epochs: [52/100] train_acc: 0.534 train_loss_sup: 1.628
[GPU0] epochs: [53/100] train_acc: 0.537 train_loss_sup: 1.623
[GPU0] epochs: [54/100] train_acc: 0.538 train_loss_sup: 1.626
[GPU0] epochs: [55/100] train_acc: 0.534 train_loss_sup: 1.627
[GPU0] epochs: [56/100] train_acc: 0.534 train_loss_sup: 1.627
[GPU0] epochs: [57/100] train_acc: 0.537 train_loss_sup: 1.624
[GPU0] epochs: [58/100] train_acc: 0.536 train_loss_sup: 1.626
[GPU0] epochs: [59/100] train_acc: 0.533 train_loss_sup: 1.626
[GPU0] epochs: [60/100] train_acc: 0.537 train_loss_sup: 1.627
[GPU0] Test Accuracy at epoch: 60: 0.371
[GPU0] epochs: [61/100] train_acc: 0.536 train_loss_sup: 1.628
[GPU0] epochs: [62/100] train_acc: 0.534 train_loss_sup: 1.627
[GPU0] epochs: [63/100] train_acc: 0.537 train_loss_sup: 1.626
[GPU0] epochs: [64/100] train_acc: 0.537 train_loss_sup: 1.626
[GPU0] epochs: [65/100] train_acc: 0.537 train_loss_sup: 1.626
[GPU0] epochs: [66/100] train_acc: 0.535 train_loss_sup: 1.627
[GPU0] epochs: [67/100] train_acc: 0.539 train_loss_sup: 1.624
[GPU0] epochs: [68/100] train_acc: 0.540 train_loss_sup: 1.625
[GPU0] epochs: [69/100] train_acc: 0.537 train_loss_sup: 1.627
[GPU0] epochs: [70/100] train_acc: 0.537 train_loss_sup: 1.626
[GPU0] Test Accuracy at epoch: 70: 0.414
[GPU0] epochs: [71/100] train_acc: 0.536 train_loss_sup: 1.627
[GPU0] epochs: [72/100] train_acc: 0.537 train_loss_sup: 1.628
[GPU0] epochs: [73/100] train_acc: 0.540 train_loss_sup: 1.626
[GPU0] epochs: [74/100] train_acc: 0.537 train_loss_sup: 1.625
[GPU0] epochs: [75/100] train_acc: 0.539 train_loss_sup: 1.626
[GPU0] epochs: [76/100] train_acc: 0.539 train_loss_sup: 1.624
[GPU0] epochs: [77/100] train_acc: 0.538 train_loss_sup: 1.624
[GPU0] epochs: [78/100] train_acc: 0.537 train_loss_sup: 1.627
[GPU0] epochs: [79/100] train_acc: 0.537 train_loss_sup: 1.626
[GPU0] epochs: [80/100] train_acc: 0.539 train_loss_sup: 1.625
[GPU0] Test Accuracy at epoch: 80: 0.412
[GPU0] epochs: [81/100] train_acc: 0.539 train_loss_sup: 1.622
[GPU0] epochs: [82/100] train_acc: 0.538 train_loss_sup: 1.627
[GPU0] epochs: [83/100] train_acc: 0.539 train_loss_sup: 1.624
[GPU0] epochs: [84/100] train_acc: 0.538 train_loss_sup: 1.626
[GPU0] epochs: [85/100] train_acc: 0.540 train_loss_sup: 1.626
[GPU0] epochs: [86/100] train_acc: 0.540 train_loss_sup: 1.624
[GPU0] epochs: [87/100] train_acc: 0.538 train_loss_sup: 1.626
[GPU0] epochs: [88/100] train_acc: 0.540 train_loss_sup: 1.625
[GPU0] epochs: [89/100] train_acc: 0.541 train_loss_sup: 1.626
[GPU0] epochs: [90/100] train_acc: 0.538 train_loss_sup: 1.626
[GPU0] Test Accuracy at epoch: 90: 0.412
[GPU0] epochs: [91/100] train_acc: 0.540 train_loss_sup: 1.626
[GPU0] epochs: [92/100] train_acc: 0.538 train_loss_sup: 1.626
[GPU0] epochs: [93/100] train_acc: 0.542 train_loss_sup: 1.626
[GPU0] epochs: [94/100] train_acc: 0.540 train_loss_sup: 1.625
[GPU0] epochs: [95/100] train_acc: 0.542 train_loss_sup: 1.623
[GPU0] epochs: [96/100] train_acc: 0.541 train_loss_sup: 1.623
[GPU0] epochs: [97/100] train_acc: 0.539 train_loss_sup: 1.625
[GPU0] epochs: [98/100] train_acc: 0.539 train_loss_sup: 1.625
[GPU0] epochs: [99/100] train_acc: 0.539 train_loss_sup: 1.627
[GPU0] epochs: [100/100] train_acc: 0.538 train_loss_sup: 1.625
[GPU0] Final Test Accuracy: 0.412
LR: 1.000 | WD: 0.000100 | Cosine: True | test Acc: 0.427%
===> using linear mlp
Scheduler: <torch.optim.lr_scheduler.CosineAnnealingLR object at 0x781bdaf7c190>
MLP: MLP(
  (mlp): Linear(in_features=512, out_features=10, bias=True)
)
[GPU0] Test Accuracy at epoch: 0: 0.312
[GPU0] epochs: [1/100] train_acc: 0.247 train_loss_sup: 2.223
[GPU0] epochs: [2/100] train_acc: 0.414 train_loss_sup: 2.055
[GPU0] epochs: [3/100] train_acc: 0.453 train_loss_sup: 1.928
[GPU0] epochs: [4/100] train_acc: 0.473 train_loss_sup: 1.835
[GPU0] epochs: [5/100] train_acc: 0.493 train_loss_sup: 1.760
[GPU0] epochs: [6/100] train_acc: 0.498 train_loss_sup: 1.704
[GPU0] epochs: [7/100] train_acc: 0.507 train_loss_sup: 1.655
[GPU0] epochs: [8/100] train_acc: 0.513 train_loss_sup: 1.618
[GPU0] epochs: [9/100] train_acc: 0.517 train_loss_sup: 1.585
[GPU0] epochs: [10/100] train_acc: 0.520 train_loss_sup: 1.557
[GPU0] Test Accuracy at epoch: 10: 0.403
[GPU0] epochs: [11/100] train_acc: 0.528 train_loss_sup: 1.532
[GPU0] epochs: [12/100] train_acc: 0.527 train_loss_sup: 1.512
[GPU0] epochs: [13/100] train_acc: 0.531 train_loss_sup: 1.492
[GPU0] epochs: [14/100] train_acc: 0.535 train_loss_sup: 1.478
[GPU0] epochs: [15/100] train_acc: 0.538 train_loss_sup: 1.461
[GPU0] epochs: [16/100] train_acc: 0.540 train_loss_sup: 1.446
[GPU0] epochs: [17/100] train_acc: 0.542 train_loss_sup: 1.437
[GPU0] epochs: [18/100] train_acc: 0.544 train_loss_sup: 1.426
[GPU0] epochs: [19/100] train_acc: 0.548 train_loss_sup: 1.416
[GPU0] epochs: [20/100] train_acc: 0.549 train_loss_sup: 1.404
[GPU0] Test Accuracy at epoch: 20: 0.454
[GPU0] epochs: [21/100] train_acc: 0.550 train_loss_sup: 1.396
[GPU0] epochs: [22/100] train_acc: 0.554 train_loss_sup: 1.385
[GPU0] epochs: [23/100] train_acc: 0.556 train_loss_sup: 1.377
[GPU0] epochs: [24/100] train_acc: 0.556 train_loss_sup: 1.375
[GPU0] epochs: [25/100] train_acc: 0.557 train_loss_sup: 1.369
[GPU0] epochs: [26/100] train_acc: 0.561 train_loss_sup: 1.361
[GPU0] epochs: [27/100] train_acc: 0.559 train_loss_sup: 1.356
[GPU0] epochs: [28/100] train_acc: 0.563 train_loss_sup: 1.346
[GPU0] epochs: [29/100] train_acc: 0.562 train_loss_sup: 1.347
[GPU0] epochs: [30/100] train_acc: 0.566 train_loss_sup: 1.338
[GPU0] Test Accuracy at epoch: 30: 0.5
[GPU0] epochs: [31/100] train_acc: 0.565 train_loss_sup: 1.334
[GPU0] epochs: [32/100] train_acc: 0.568 train_loss_sup: 1.333
[GPU0] epochs: [33/100] train_acc: 0.566 train_loss_sup: 1.329
[GPU0] epochs: [34/100] train_acc: 0.570 train_loss_sup: 1.324
[GPU0] epochs: [35/100] train_acc: 0.572 train_loss_sup: 1.317
[GPU0] epochs: [36/100] train_acc: 0.570 train_loss_sup: 1.312
[GPU0] epochs: [37/100] train_acc: 0.570 train_loss_sup: 1.314
[GPU0] epochs: [38/100] train_acc: 0.573 train_loss_sup: 1.308
[GPU0] epochs: [39/100] train_acc: 0.574 train_loss_sup: 1.302
[GPU0] epochs: [40/100] train_acc: 0.575 train_loss_sup: 1.302
[GPU0] Test Accuracy at epoch: 40: 0.529
[GPU0] epochs: [41/100] train_acc: 0.576 train_loss_sup: 1.302
[GPU0] epochs: [42/100] train_acc: 0.575 train_loss_sup: 1.296
[GPU0] epochs: [43/100] train_acc: 0.576 train_loss_sup: 1.293
[GPU0] epochs: [44/100] train_acc: 0.577 train_loss_sup: 1.291
[GPU0] epochs: [45/100] train_acc: 0.579 train_loss_sup: 1.284
[GPU0] epochs: [46/100] train_acc: 0.579 train_loss_sup: 1.287
[GPU0] epochs: [47/100] train_acc: 0.579 train_loss_sup: 1.288
[GPU0] epochs: [48/100] train_acc: 0.581 train_loss_sup: 1.282
[GPU0] epochs: [49/100] train_acc: 0.580 train_loss_sup: 1.282
[GPU0] epochs: [50/100] train_acc: 0.582 train_loss_sup: 1.280
[GPU0] Test Accuracy at epoch: 50: 0.551
[GPU0] epochs: [51/100] train_acc: 0.581 train_loss_sup: 1.278
[GPU0] epochs: [52/100] train_acc: 0.581 train_loss_sup: 1.279
[GPU0] epochs: [53/100] train_acc: 0.582 train_loss_sup: 1.274
[GPU0] epochs: [54/100] train_acc: 0.581 train_loss_sup: 1.274
[GPU0] epochs: [55/100] train_acc: 0.581 train_loss_sup: 1.273
[GPU0] epochs: [56/100] train_acc: 0.585 train_loss_sup: 1.267
[GPU0] epochs: [57/100] train_acc: 0.586 train_loss_sup: 1.266
[GPU0] epochs: [58/100] train_acc: 0.583 train_loss_sup: 1.269
[GPU0] epochs: [59/100] train_acc: 0.586 train_loss_sup: 1.264
[GPU0] epochs: [60/100] train_acc: 0.585 train_loss_sup: 1.270
[GPU0] Test Accuracy at epoch: 60: 0.554
[GPU0] epochs: [61/100] train_acc: 0.585 train_loss_sup: 1.265
[GPU0] epochs: [62/100] train_acc: 0.587 train_loss_sup: 1.261
[GPU0] epochs: [63/100] train_acc: 0.587 train_loss_sup: 1.259
[GPU0] epochs: [64/100] train_acc: 0.588 train_loss_sup: 1.259
[GPU0] epochs: [65/100] train_acc: 0.583 train_loss_sup: 1.262
[GPU0] epochs: [66/100] train_acc: 0.587 train_loss_sup: 1.260
[GPU0] epochs: [67/100] train_acc: 0.586 train_loss_sup: 1.261
[GPU0] epochs: [68/100] train_acc: 0.588 train_loss_sup: 1.261
[GPU0] epochs: [69/100] train_acc: 0.584 train_loss_sup: 1.255
[GPU0] epochs: [70/100] train_acc: 0.587 train_loss_sup: 1.257
[GPU0] Test Accuracy at epoch: 70: 0.56
[GPU0] epochs: [71/100] train_acc: 0.588 train_loss_sup: 1.261
[GPU0] epochs: [72/100] train_acc: 0.587 train_loss_sup: 1.255
[GPU0] epochs: [73/100] train_acc: 0.589 train_loss_sup: 1.252
[GPU0] epochs: [74/100] train_acc: 0.586 train_loss_sup: 1.257
[GPU0] epochs: [75/100] train_acc: 0.590 train_loss_sup: 1.252
[GPU0] epochs: [76/100] train_acc: 0.587 train_loss_sup: 1.257
[GPU0] epochs: [77/100] train_acc: 0.588 train_loss_sup: 1.254
[GPU0] epochs: [78/100] train_acc: 0.588 train_loss_sup: 1.252
[GPU0] epochs: [79/100] train_acc: 0.590 train_loss_sup: 1.254
[GPU0] epochs: [80/100] train_acc: 0.587 train_loss_sup: 1.256
[GPU0] Test Accuracy at epoch: 80: 0.562
[GPU0] epochs: [81/100] train_acc: 0.588 train_loss_sup: 1.252
[GPU0] epochs: [82/100] train_acc: 0.588 train_loss_sup: 1.254
[GPU0] epochs: [83/100] train_acc: 0.590 train_loss_sup: 1.253
[GPU0] epochs: [84/100] train_acc: 0.590 train_loss_sup: 1.251
[GPU0] epochs: [85/100] train_acc: 0.590 train_loss_sup: 1.251
[GPU0] epochs: [86/100] train_acc: 0.589 train_loss_sup: 1.248
[GPU0] epochs: [87/100] train_acc: 0.590 train_loss_sup: 1.246
[GPU0] epochs: [88/100] train_acc: 0.592 train_loss_sup: 1.252
[GPU0] epochs: [89/100] train_acc: 0.590 train_loss_sup: 1.252
[GPU0] epochs: [90/100] train_acc: 0.586 train_loss_sup: 1.256
[GPU0] Test Accuracy at epoch: 90: 0.561
[GPU0] epochs: [91/100] train_acc: 0.588 train_loss_sup: 1.250
[GPU0] epochs: [92/100] train_acc: 0.588 train_loss_sup: 1.253
[GPU0] epochs: [93/100] train_acc: 0.589 train_loss_sup: 1.250
[GPU0] epochs: [94/100] train_acc: 0.588 train_loss_sup: 1.250
[GPU0] epochs: [95/100] train_acc: 0.591 train_loss_sup: 1.250
[GPU0] epochs: [96/100] train_acc: 0.589 train_loss_sup: 1.249
[GPU0] epochs: [97/100] train_acc: 0.592 train_loss_sup: 1.250
[GPU0] epochs: [98/100] train_acc: 0.587 train_loss_sup: 1.250
[GPU0] epochs: [99/100] train_acc: 0.591 train_loss_sup: 1.250
[GPU0] epochs: [100/100] train_acc: 0.590 train_loss_sup: 1.248
[GPU0] Final Test Accuracy: 0.56
LR: 1.000 | WD: 0.000000 | Cosine: True | test Acc: 0.562%
------------------------------
Best Test Accuracy: 0.608%
Optimal Hyperparameters: LR=1.0, WD=0.0, Cosine=0
knn evalution
logistic regression evalution
clustering metrics evalution
knn_acc: 0.584
lreg_acc: 0.682
ari: 0.122
nmi: 0.198
ss: 0.032
dbs: 3.489
