Namespace(dataset='cifar100', saved_path='saved_models/vicreg.timg.r18.pth', gpu=1, model='resnet18', verbose=False, epochs=100, eval_every=10, knn=True, lreg=True, linprobe=True, tsne=False, umap=False, cmet=True)
<All keys matched successfully>
Starting Hyperparameter Sweep on 1...
===> using linear mlp
Scheduler: None
MLP: MLP(
  (mlp): Linear(in_features=512, out_features=100, bias=True)
)
[GPU1] Test Accuracy at epoch: 0: 0.282
[GPU1] epochs: [1/100] train_acc: 0.220 train_loss_sup: 3.491
[GPU1] epochs: [2/100] train_acc: 0.316 train_loss_sup: 2.866
[GPU1] epochs: [3/100] train_acc: 0.341 train_loss_sup: 2.732
[GPU1] epochs: [4/100] train_acc: 0.355 train_loss_sup: 2.652
[GPU1] epochs: [5/100] train_acc: 0.362 train_loss_sup: 2.603
[GPU1] epochs: [6/100] train_acc: 0.376 train_loss_sup: 2.565
[GPU1] epochs: [7/100] train_acc: 0.382 train_loss_sup: 2.523
[GPU1] epochs: [8/100] train_acc: 0.387 train_loss_sup: 2.507
[GPU1] epochs: [9/100] train_acc: 0.391 train_loss_sup: 2.484
[GPU1] epochs: [10/100] train_acc: 0.394 train_loss_sup: 2.470
[GPU1] Test Accuracy at epoch: 10: 0.374
[GPU1] epochs: [11/100] train_acc: 0.400 train_loss_sup: 2.445
[GPU1] epochs: [12/100] train_acc: 0.402 train_loss_sup: 2.441
[GPU1] epochs: [13/100] train_acc: 0.405 train_loss_sup: 2.422
[GPU1] epochs: [14/100] train_acc: 0.407 train_loss_sup: 2.409
[GPU1] epochs: [15/100] train_acc: 0.407 train_loss_sup: 2.401
[GPU1] epochs: [16/100] train_acc: 0.410 train_loss_sup: 2.393
[GPU1] epochs: [17/100] train_acc: 0.410 train_loss_sup: 2.389
[GPU1] epochs: [18/100] train_acc: 0.415 train_loss_sup: 2.373
[GPU1] epochs: [19/100] train_acc: 0.418 train_loss_sup: 2.373
[GPU1] epochs: [20/100] train_acc: 0.417 train_loss_sup: 2.359
[GPU1] Test Accuracy at epoch: 20: 0.378
[GPU1] epochs: [21/100] train_acc: 0.416 train_loss_sup: 2.363
[GPU1] epochs: [22/100] train_acc: 0.419 train_loss_sup: 2.351
[GPU1] epochs: [23/100] train_acc: 0.423 train_loss_sup: 2.341
[GPU1] epochs: [24/100] train_acc: 0.421 train_loss_sup: 2.341
[GPU1] epochs: [25/100] train_acc: 0.424 train_loss_sup: 2.333
[GPU1] epochs: [26/100] train_acc: 0.423 train_loss_sup: 2.323
[GPU1] epochs: [27/100] train_acc: 0.426 train_loss_sup: 2.321
[GPU1] epochs: [28/100] train_acc: 0.425 train_loss_sup: 2.316
[GPU1] epochs: [29/100] train_acc: 0.429 train_loss_sup: 2.308
[GPU1] epochs: [30/100] train_acc: 0.428 train_loss_sup: 2.306
[GPU1] Test Accuracy at epoch: 30: 0.394
[GPU1] epochs: [31/100] train_acc: 0.427 train_loss_sup: 2.306
[GPU1] epochs: [32/100] train_acc: 0.430 train_loss_sup: 2.294
[GPU1] epochs: [33/100] train_acc: 0.428 train_loss_sup: 2.307
[GPU1] epochs: [34/100] train_acc: 0.428 train_loss_sup: 2.303
[GPU1] epochs: [35/100] train_acc: 0.432 train_loss_sup: 2.294
[GPU1] epochs: [36/100] train_acc: 0.434 train_loss_sup: 2.289
[GPU1] epochs: [37/100] train_acc: 0.433 train_loss_sup: 2.290
[GPU1] epochs: [38/100] train_acc: 0.435 train_loss_sup: 2.287
[GPU1] epochs: [39/100] train_acc: 0.438 train_loss_sup: 2.271
[GPU1] epochs: [40/100] train_acc: 0.432 train_loss_sup: 2.280
[GPU1] Test Accuracy at epoch: 40: 0.394
[GPU1] epochs: [41/100] train_acc: 0.436 train_loss_sup: 2.276
[GPU1] epochs: [42/100] train_acc: 0.435 train_loss_sup: 2.272
[GPU1] epochs: [43/100] train_acc: 0.436 train_loss_sup: 2.277
[GPU1] epochs: [44/100] train_acc: 0.438 train_loss_sup: 2.269
[GPU1] epochs: [45/100] train_acc: 0.436 train_loss_sup: 2.270
[GPU1] epochs: [46/100] train_acc: 0.437 train_loss_sup: 2.263
[GPU1] epochs: [47/100] train_acc: 0.437 train_loss_sup: 2.259
[GPU1] epochs: [48/100] train_acc: 0.437 train_loss_sup: 2.259
[GPU1] epochs: [49/100] train_acc: 0.439 train_loss_sup: 2.258
[GPU1] epochs: [50/100] train_acc: 0.438 train_loss_sup: 2.255
[GPU1] Test Accuracy at epoch: 50: 0.402
[GPU1] epochs: [51/100] train_acc: 0.441 train_loss_sup: 2.254
[GPU1] epochs: [52/100] train_acc: 0.441 train_loss_sup: 2.249
[GPU1] epochs: [53/100] train_acc: 0.441 train_loss_sup: 2.249
[GPU1] epochs: [54/100] train_acc: 0.441 train_loss_sup: 2.256
[GPU1] epochs: [55/100] train_acc: 0.443 train_loss_sup: 2.255
[GPU1] epochs: [56/100] train_acc: 0.441 train_loss_sup: 2.249
[GPU1] epochs: [57/100] train_acc: 0.442 train_loss_sup: 2.243
[GPU1] epochs: [58/100] train_acc: 0.441 train_loss_sup: 2.246
[GPU1] epochs: [59/100] train_acc: 0.441 train_loss_sup: 2.243
[GPU1] epochs: [60/100] train_acc: 0.440 train_loss_sup: 2.237
[GPU1] Test Accuracy at epoch: 60: 0.406
[GPU1] epochs: [61/100] train_acc: 0.440 train_loss_sup: 2.250
[GPU1] epochs: [62/100] train_acc: 0.442 train_loss_sup: 2.240
[GPU1] epochs: [63/100] train_acc: 0.445 train_loss_sup: 2.240
[GPU1] epochs: [64/100] train_acc: 0.443 train_loss_sup: 2.236
[GPU1] epochs: [65/100] train_acc: 0.443 train_loss_sup: 2.231
[GPU1] epochs: [66/100] train_acc: 0.444 train_loss_sup: 2.236
[GPU1] epochs: [67/100] train_acc: 0.445 train_loss_sup: 2.233
[GPU1] epochs: [68/100] train_acc: 0.443 train_loss_sup: 2.236
[GPU1] epochs: [69/100] train_acc: 0.445 train_loss_sup: 2.225
[GPU1] epochs: [70/100] train_acc: 0.444 train_loss_sup: 2.244
[GPU1] Test Accuracy at epoch: 70: 0.401
[GPU1] epochs: [71/100] train_acc: 0.444 train_loss_sup: 2.221
[GPU1] epochs: [72/100] train_acc: 0.446 train_loss_sup: 2.215
[GPU1] epochs: [73/100] train_acc: 0.447 train_loss_sup: 2.217
[GPU1] epochs: [74/100] train_acc: 0.446 train_loss_sup: 2.229
[GPU1] epochs: [75/100] train_acc: 0.446 train_loss_sup: 2.230
[GPU1] epochs: [76/100] train_acc: 0.448 train_loss_sup: 2.220
[GPU1] epochs: [77/100] train_acc: 0.447 train_loss_sup: 2.223
[GPU1] epochs: [78/100] train_acc: 0.447 train_loss_sup: 2.224
[GPU1] epochs: [79/100] train_acc: 0.448 train_loss_sup: 2.222
[GPU1] epochs: [80/100] train_acc: 0.448 train_loss_sup: 2.213
[GPU1] Test Accuracy at epoch: 80: 0.408
[GPU1] epochs: [81/100] train_acc: 0.447 train_loss_sup: 2.221
[GPU1] epochs: [82/100] train_acc: 0.449 train_loss_sup: 2.216
[GPU1] epochs: [83/100] train_acc: 0.451 train_loss_sup: 2.212
[GPU1] epochs: [84/100] train_acc: 0.448 train_loss_sup: 2.219
[GPU1] epochs: [85/100] train_acc: 0.449 train_loss_sup: 2.214
[GPU1] epochs: [86/100] train_acc: 0.450 train_loss_sup: 2.214
[GPU1] epochs: [87/100] train_acc: 0.449 train_loss_sup: 2.213
[GPU1] epochs: [88/100] train_acc: 0.451 train_loss_sup: 2.207
[GPU1] epochs: [89/100] train_acc: 0.448 train_loss_sup: 2.210
[GPU1] epochs: [90/100] train_acc: 0.450 train_loss_sup: 2.199
[GPU1] Test Accuracy at epoch: 90: 0.404
[GPU1] epochs: [91/100] train_acc: 0.450 train_loss_sup: 2.214
[GPU1] epochs: [92/100] train_acc: 0.448 train_loss_sup: 2.210
[GPU1] epochs: [93/100] train_acc: 0.449 train_loss_sup: 2.219
[GPU1] epochs: [94/100] train_acc: 0.450 train_loss_sup: 2.209
[GPU1] epochs: [95/100] train_acc: 0.447 train_loss_sup: 2.222
[GPU1] epochs: [96/100] train_acc: 0.452 train_loss_sup: 2.206
[GPU1] epochs: [97/100] train_acc: 0.452 train_loss_sup: 2.202
[GPU1] epochs: [98/100] train_acc: 0.448 train_loss_sup: 2.203
[GPU1] epochs: [99/100] train_acc: 0.450 train_loss_sup: 2.204
[GPU1] epochs: [100/100] train_acc: 0.449 train_loss_sup: 2.202
[GPU1] Final Test Accuracy: 0.405
LR: 0.100 | WD: 0.000001 | Cosine: False | test Acc: 0.408%
===> using linear mlp
Scheduler: None
MLP: MLP(
  (mlp): Linear(in_features=512, out_features=100, bias=True)
)
[GPU1] Test Accuracy at epoch: 0: 0.276
[GPU1] epochs: [1/100] train_acc: 0.221 train_loss_sup: 3.493
[GPU1] epochs: [2/100] train_acc: 0.314 train_loss_sup: 2.879
[GPU1] epochs: [3/100] train_acc: 0.340 train_loss_sup: 2.732
[GPU1] epochs: [4/100] train_acc: 0.355 train_loss_sup: 2.658
[GPU1] epochs: [5/100] train_acc: 0.366 train_loss_sup: 2.602
[GPU1] epochs: [6/100] train_acc: 0.370 train_loss_sup: 2.577
[GPU1] epochs: [7/100] train_acc: 0.379 train_loss_sup: 2.547
[GPU1] epochs: [8/100] train_acc: 0.383 train_loss_sup: 2.522
[GPU1] epochs: [9/100] train_acc: 0.388 train_loss_sup: 2.490
[GPU1] epochs: [10/100] train_acc: 0.389 train_loss_sup: 2.492
[GPU1] Test Accuracy at epoch: 10: 0.367
[GPU1] epochs: [11/100] train_acc: 0.394 train_loss_sup: 2.466
[GPU1] epochs: [12/100] train_acc: 0.400 train_loss_sup: 2.445
[GPU1] epochs: [13/100] train_acc: 0.399 train_loss_sup: 2.441
[GPU1] epochs: [14/100] train_acc: 0.401 train_loss_sup: 2.434
[GPU1] epochs: [15/100] train_acc: 0.406 train_loss_sup: 2.417
[GPU1] epochs: [16/100] train_acc: 0.409 train_loss_sup: 2.407
[GPU1] epochs: [17/100] train_acc: 0.410 train_loss_sup: 2.393
[GPU1] epochs: [18/100] train_acc: 0.411 train_loss_sup: 2.400
[GPU1] epochs: [19/100] train_acc: 0.414 train_loss_sup: 2.386
[GPU1] epochs: [20/100] train_acc: 0.413 train_loss_sup: 2.377
[GPU1] Test Accuracy at epoch: 20: 0.38
[GPU1] epochs: [21/100] train_acc: 0.414 train_loss_sup: 2.374
[GPU1] epochs: [22/100] train_acc: 0.418 train_loss_sup: 2.369
[GPU1] epochs: [23/100] train_acc: 0.416 train_loss_sup: 2.356
[GPU1] epochs: [24/100] train_acc: 0.416 train_loss_sup: 2.351
[GPU1] epochs: [25/100] train_acc: 0.416 train_loss_sup: 2.354
[GPU1] epochs: [26/100] train_acc: 0.417 train_loss_sup: 2.354
[GPU1] epochs: [27/100] train_acc: 0.422 train_loss_sup: 2.342
[GPU1] epochs: [28/100] train_acc: 0.421 train_loss_sup: 2.342
[GPU1] epochs: [29/100] train_acc: 0.424 train_loss_sup: 2.328
[GPU1] epochs: [30/100] train_acc: 0.422 train_loss_sup: 2.339
[GPU1] Test Accuracy at epoch: 30: 0.396
[GPU1] epochs: [31/100] train_acc: 0.422 train_loss_sup: 2.330
[GPU1] epochs: [32/100] train_acc: 0.426 train_loss_sup: 2.331
[GPU1] epochs: [33/100] train_acc: 0.422 train_loss_sup: 2.331
[GPU1] epochs: [34/100] train_acc: 0.425 train_loss_sup: 2.324
[GPU1] epochs: [35/100] train_acc: 0.425 train_loss_sup: 2.326
[GPU1] epochs: [36/100] train_acc: 0.424 train_loss_sup: 2.328
[GPU1] epochs: [37/100] train_acc: 0.430 train_loss_sup: 2.323
[GPU1] epochs: [38/100] train_acc: 0.429 train_loss_sup: 2.311
[GPU1] epochs: [39/100] train_acc: 0.428 train_loss_sup: 2.306
[GPU1] epochs: [40/100] train_acc: 0.429 train_loss_sup: 2.310
[GPU1] Test Accuracy at epoch: 40: 0.394
[GPU1] epochs: [41/100] train_acc: 0.430 train_loss_sup: 2.300
[GPU1] epochs: [42/100] train_acc: 0.430 train_loss_sup: 2.301
[GPU1] epochs: [43/100] train_acc: 0.431 train_loss_sup: 2.297
[GPU1] epochs: [44/100] train_acc: 0.431 train_loss_sup: 2.309
[GPU1] epochs: [45/100] train_acc: 0.429 train_loss_sup: 2.313
[GPU1] epochs: [46/100] train_acc: 0.433 train_loss_sup: 2.297
[GPU1] epochs: [47/100] train_acc: 0.430 train_loss_sup: 2.290
[GPU1] epochs: [48/100] train_acc: 0.432 train_loss_sup: 2.292
[GPU1] epochs: [49/100] train_acc: 0.432 train_loss_sup: 2.294
[GPU1] epochs: [50/100] train_acc: 0.434 train_loss_sup: 2.294
[GPU1] Test Accuracy at epoch: 50: 0.393
[GPU1] epochs: [51/100] train_acc: 0.433 train_loss_sup: 2.285
[GPU1] epochs: [52/100] train_acc: 0.436 train_loss_sup: 2.283
[GPU1] epochs: [53/100] train_acc: 0.436 train_loss_sup: 2.278
[GPU1] epochs: [54/100] train_acc: 0.434 train_loss_sup: 2.280
[GPU1] epochs: [55/100] train_acc: 0.433 train_loss_sup: 2.285
[GPU1] epochs: [56/100] train_acc: 0.438 train_loss_sup: 2.277
[GPU1] epochs: [57/100] train_acc: 0.433 train_loss_sup: 2.287
[GPU1] epochs: [58/100] train_acc: 0.434 train_loss_sup: 2.281
[GPU1] epochs: [59/100] train_acc: 0.435 train_loss_sup: 2.282
[GPU1] epochs: [60/100] train_acc: 0.432 train_loss_sup: 2.280
[GPU1] Test Accuracy at epoch: 60: 0.404
[GPU1] epochs: [61/100] train_acc: 0.432 train_loss_sup: 2.288
[GPU1] epochs: [62/100] train_acc: 0.436 train_loss_sup: 2.275
[GPU1] epochs: [63/100] train_acc: 0.437 train_loss_sup: 2.265
[GPU1] epochs: [64/100] train_acc: 0.434 train_loss_sup: 2.277
[GPU1] epochs: [65/100] train_acc: 0.436 train_loss_sup: 2.279
[GPU1] epochs: [66/100] train_acc: 0.437 train_loss_sup: 2.274
[GPU1] epochs: [67/100] train_acc: 0.436 train_loss_sup: 2.272
[GPU1] epochs: [68/100] train_acc: 0.438 train_loss_sup: 2.267
[GPU1] epochs: [69/100] train_acc: 0.439 train_loss_sup: 2.268
[GPU1] epochs: [70/100] train_acc: 0.437 train_loss_sup: 2.269
[GPU1] Test Accuracy at epoch: 70: 0.396
[GPU1] epochs: [71/100] train_acc: 0.438 train_loss_sup: 2.269
[GPU1] epochs: [72/100] train_acc: 0.437 train_loss_sup: 2.270
[GPU1] epochs: [73/100] train_acc: 0.436 train_loss_sup: 2.271
[GPU1] epochs: [74/100] train_acc: 0.439 train_loss_sup: 2.264
[GPU1] epochs: [75/100] train_acc: 0.438 train_loss_sup: 2.272
[GPU1] epochs: [76/100] train_acc: 0.437 train_loss_sup: 2.275
[GPU1] epochs: [77/100] train_acc: 0.439 train_loss_sup: 2.265
[GPU1] epochs: [78/100] train_acc: 0.438 train_loss_sup: 2.259
[GPU1] epochs: [79/100] train_acc: 0.439 train_loss_sup: 2.264
[GPU1] epochs: [80/100] train_acc: 0.438 train_loss_sup: 2.269
[GPU1] Test Accuracy at epoch: 80: 0.4
[GPU1] epochs: [81/100] train_acc: 0.437 train_loss_sup: 2.266
[GPU1] epochs: [82/100] train_acc: 0.440 train_loss_sup: 2.264
[GPU1] epochs: [83/100] train_acc: 0.441 train_loss_sup: 2.259
[GPU1] epochs: [84/100] train_acc: 0.440 train_loss_sup: 2.257
[GPU1] epochs: [85/100] train_acc: 0.439 train_loss_sup: 2.264
[GPU1] epochs: [86/100] train_acc: 0.436 train_loss_sup: 2.267
[GPU1] epochs: [87/100] train_acc: 0.438 train_loss_sup: 2.259
[GPU1] epochs: [88/100] train_acc: 0.438 train_loss_sup: 2.263
[GPU1] epochs: [89/100] train_acc: 0.438 train_loss_sup: 2.257
[GPU1] epochs: [90/100] train_acc: 0.439 train_loss_sup: 2.258
[GPU1] Test Accuracy at epoch: 90: 0.404
[GPU1] epochs: [91/100] train_acc: 0.441 train_loss_sup: 2.260
[GPU1] epochs: [92/100] train_acc: 0.442 train_loss_sup: 2.260
[GPU1] epochs: [93/100] train_acc: 0.442 train_loss_sup: 2.250
[GPU1] epochs: [94/100] train_acc: 0.440 train_loss_sup: 2.251
[GPU1] epochs: [95/100] train_acc: 0.438 train_loss_sup: 2.262
[GPU1] epochs: [96/100] train_acc: 0.439 train_loss_sup: 2.252
[GPU1] epochs: [97/100] train_acc: 0.438 train_loss_sup: 2.258
[GPU1] epochs: [98/100] train_acc: 0.440 train_loss_sup: 2.253
[GPU1] epochs: [99/100] train_acc: 0.441 train_loss_sup: 2.253
[GPU1] epochs: [100/100] train_acc: 0.439 train_loss_sup: 2.258
[GPU1] Final Test Accuracy: 0.397
LR: 0.100 | WD: 0.000100 | Cosine: False | test Acc: 0.404%
===> using linear mlp
Scheduler: None
MLP: MLP(
  (mlp): Linear(in_features=512, out_features=100, bias=True)
)
[GPU1] Test Accuracy at epoch: 0: 0.286
[GPU1] epochs: [1/100] train_acc: 0.224 train_loss_sup: 3.483
[GPU1] epochs: [2/100] train_acc: 0.316 train_loss_sup: 2.867
[GPU1] epochs: [3/100] train_acc: 0.340 train_loss_sup: 2.738
[GPU1] epochs: [4/100] train_acc: 0.357 train_loss_sup: 2.647
[GPU1] epochs: [5/100] train_acc: 0.366 train_loss_sup: 2.604
[GPU1] epochs: [6/100] train_acc: 0.372 train_loss_sup: 2.566
[GPU1] epochs: [7/100] train_acc: 0.381 train_loss_sup: 2.529
[GPU1] epochs: [8/100] train_acc: 0.386 train_loss_sup: 2.503
[GPU1] epochs: [9/100] train_acc: 0.390 train_loss_sup: 2.490
[GPU1] epochs: [10/100] train_acc: 0.393 train_loss_sup: 2.473
[GPU1] Test Accuracy at epoch: 10: 0.371
[GPU1] epochs: [11/100] train_acc: 0.395 train_loss_sup: 2.456
[GPU1] epochs: [12/100] train_acc: 0.400 train_loss_sup: 2.436
[GPU1] epochs: [13/100] train_acc: 0.401 train_loss_sup: 2.427
[GPU1] epochs: [14/100] train_acc: 0.407 train_loss_sup: 2.408
[GPU1] epochs: [15/100] train_acc: 0.410 train_loss_sup: 2.398
[GPU1] epochs: [16/100] train_acc: 0.408 train_loss_sup: 2.391
[GPU1] epochs: [17/100] train_acc: 0.415 train_loss_sup: 2.373
[GPU1] epochs: [18/100] train_acc: 0.418 train_loss_sup: 2.366
[GPU1] epochs: [19/100] train_acc: 0.414 train_loss_sup: 2.378
[GPU1] epochs: [20/100] train_acc: 0.420 train_loss_sup: 2.359
[GPU1] Test Accuracy at epoch: 20: 0.39
[GPU1] epochs: [21/100] train_acc: 0.416 train_loss_sup: 2.357
[GPU1] epochs: [22/100] train_acc: 0.420 train_loss_sup: 2.341
[GPU1] epochs: [23/100] train_acc: 0.424 train_loss_sup: 2.340
[GPU1] epochs: [24/100] train_acc: 0.421 train_loss_sup: 2.339
[GPU1] epochs: [25/100] train_acc: 0.423 train_loss_sup: 2.332
[GPU1] epochs: [26/100] train_acc: 0.421 train_loss_sup: 2.332
[GPU1] epochs: [27/100] train_acc: 0.425 train_loss_sup: 2.320
[GPU1] epochs: [28/100] train_acc: 0.427 train_loss_sup: 2.324
[GPU1] epochs: [29/100] train_acc: 0.427 train_loss_sup: 2.311
[GPU1] epochs: [30/100] train_acc: 0.429 train_loss_sup: 2.299
[GPU1] Test Accuracy at epoch: 30: 0.39
[GPU1] epochs: [31/100] train_acc: 0.430 train_loss_sup: 2.306
[GPU1] epochs: [32/100] train_acc: 0.430 train_loss_sup: 2.301
[GPU1] epochs: [33/100] train_acc: 0.423 train_loss_sup: 2.309
[GPU1] epochs: [34/100] train_acc: 0.432 train_loss_sup: 2.300
[GPU1] epochs: [35/100] train_acc: 0.435 train_loss_sup: 2.291
[GPU1] epochs: [36/100] train_acc: 0.432 train_loss_sup: 2.289
[GPU1] epochs: [37/100] train_acc: 0.432 train_loss_sup: 2.287
[GPU1] epochs: [38/100] train_acc: 0.432 train_loss_sup: 2.293
[GPU1] epochs: [39/100] train_acc: 0.433 train_loss_sup: 2.279
[GPU1] epochs: [40/100] train_acc: 0.434 train_loss_sup: 2.284
[GPU1] Test Accuracy at epoch: 40: 0.397
[GPU1] epochs: [41/100] train_acc: 0.435 train_loss_sup: 2.283
[GPU1] epochs: [42/100] train_acc: 0.433 train_loss_sup: 2.279
[GPU1] epochs: [43/100] train_acc: 0.436 train_loss_sup: 2.274
[GPU1] epochs: [44/100] train_acc: 0.437 train_loss_sup: 2.265
[GPU1] epochs: [45/100] train_acc: 0.436 train_loss_sup: 2.268
[GPU1] epochs: [46/100] train_acc: 0.437 train_loss_sup: 2.274
[GPU1] epochs: [47/100] train_acc: 0.439 train_loss_sup: 2.256
[GPU1] epochs: [48/100] train_acc: 0.433 train_loss_sup: 2.274
[GPU1] epochs: [49/100] train_acc: 0.438 train_loss_sup: 2.257
[GPU1] epochs: [50/100] train_acc: 0.437 train_loss_sup: 2.253
[GPU1] Test Accuracy at epoch: 50: 0.401
[GPU1] epochs: [51/100] train_acc: 0.441 train_loss_sup: 2.259
[GPU1] epochs: [52/100] train_acc: 0.438 train_loss_sup: 2.258
[GPU1] epochs: [53/100] train_acc: 0.440 train_loss_sup: 2.249
[GPU1] epochs: [54/100] train_acc: 0.441 train_loss_sup: 2.252
[GPU1] epochs: [55/100] train_acc: 0.441 train_loss_sup: 2.240
[GPU1] epochs: [56/100] train_acc: 0.442 train_loss_sup: 2.248
[GPU1] epochs: [57/100] train_acc: 0.441 train_loss_sup: 2.253
[GPU1] epochs: [58/100] train_acc: 0.442 train_loss_sup: 2.244
[GPU1] epochs: [59/100] train_acc: 0.442 train_loss_sup: 2.248
[GPU1] epochs: [60/100] train_acc: 0.443 train_loss_sup: 2.243
[GPU1] Test Accuracy at epoch: 60: 0.401
[GPU1] epochs: [61/100] train_acc: 0.444 train_loss_sup: 2.248
[GPU1] epochs: [62/100] train_acc: 0.440 train_loss_sup: 2.246
[GPU1] epochs: [63/100] train_acc: 0.441 train_loss_sup: 2.239
[GPU1] epochs: [64/100] train_acc: 0.444 train_loss_sup: 2.241
[GPU1] epochs: [65/100] train_acc: 0.443 train_loss_sup: 2.228
[GPU1] epochs: [66/100] train_acc: 0.444 train_loss_sup: 2.226
[GPU1] epochs: [67/100] train_acc: 0.446 train_loss_sup: 2.226
[GPU1] epochs: [68/100] train_acc: 0.446 train_loss_sup: 2.236
[GPU1] epochs: [69/100] train_acc: 0.445 train_loss_sup: 2.229
[GPU1] epochs: [70/100] train_acc: 0.449 train_loss_sup: 2.223
[GPU1] Test Accuracy at epoch: 70: 0.403
[GPU1] epochs: [71/100] train_acc: 0.446 train_loss_sup: 2.230
[GPU1] epochs: [72/100] train_acc: 0.443 train_loss_sup: 2.233
[GPU1] epochs: [73/100] train_acc: 0.446 train_loss_sup: 2.234
[GPU1] epochs: [74/100] train_acc: 0.445 train_loss_sup: 2.223
[GPU1] epochs: [75/100] train_acc: 0.444 train_loss_sup: 2.221
[GPU1] epochs: [76/100] train_acc: 0.449 train_loss_sup: 2.220
[GPU1] epochs: [77/100] train_acc: 0.447 train_loss_sup: 2.220
[GPU1] epochs: [78/100] train_acc: 0.449 train_loss_sup: 2.215
[GPU1] epochs: [79/100] train_acc: 0.446 train_loss_sup: 2.224
[GPU1] epochs: [80/100] train_acc: 0.446 train_loss_sup: 2.223
[GPU1] Test Accuracy at epoch: 80: 0.404
[GPU1] epochs: [81/100] train_acc: 0.449 train_loss_sup: 2.221
[GPU1] epochs: [82/100] train_acc: 0.450 train_loss_sup: 2.228
[GPU1] epochs: [83/100] train_acc: 0.445 train_loss_sup: 2.213
[GPU1] epochs: [84/100] train_acc: 0.450 train_loss_sup: 2.215
[GPU1] epochs: [85/100] train_acc: 0.447 train_loss_sup: 2.214
[GPU1] epochs: [86/100] train_acc: 0.454 train_loss_sup: 2.206
[GPU1] epochs: [87/100] train_acc: 0.449 train_loss_sup: 2.209
[GPU1] epochs: [88/100] train_acc: 0.451 train_loss_sup: 2.208
[GPU1] epochs: [89/100] train_acc: 0.446 train_loss_sup: 2.224
[GPU1] epochs: [90/100] train_acc: 0.452 train_loss_sup: 2.206
[GPU1] Test Accuracy at epoch: 90: 0.41
[GPU1] epochs: [91/100] train_acc: 0.448 train_loss_sup: 2.205
[GPU1] epochs: [92/100] train_acc: 0.448 train_loss_sup: 2.209
[GPU1] epochs: [93/100] train_acc: 0.451 train_loss_sup: 2.199
[GPU1] epochs: [94/100] train_acc: 0.450 train_loss_sup: 2.200
[GPU1] epochs: [95/100] train_acc: 0.449 train_loss_sup: 2.208
[GPU1] epochs: [96/100] train_acc: 0.452 train_loss_sup: 2.209
[GPU1] epochs: [97/100] train_acc: 0.451 train_loss_sup: 2.208
[GPU1] epochs: [98/100] train_acc: 0.447 train_loss_sup: 2.220
[GPU1] epochs: [99/100] train_acc: 0.448 train_loss_sup: 2.215
[GPU1] epochs: [100/100] train_acc: 0.450 train_loss_sup: 2.203
[GPU1] Final Test Accuracy: 0.41
LR: 0.100 | WD: 0.000000 | Cosine: False | test Acc: 0.410%
===> using linear mlp
Scheduler: None
MLP: MLP(
  (mlp): Linear(in_features=512, out_features=100, bias=True)
)
[GPU1] Test Accuracy at epoch: 0: 0.317
[GPU1] epochs: [1/100] train_acc: 0.262 train_loss_sup: 3.200
[GPU1] epochs: [2/100] train_acc: 0.328 train_loss_sup: 2.896
[GPU1] epochs: [3/100] train_acc: 0.343 train_loss_sup: 2.831
[GPU1] epochs: [4/100] train_acc: 0.354 train_loss_sup: 2.761
[GPU1] epochs: [5/100] train_acc: 0.361 train_loss_sup: 2.732
[GPU1] epochs: [6/100] train_acc: 0.363 train_loss_sup: 2.748
[GPU1] epochs: [7/100] train_acc: 0.369 train_loss_sup: 2.702
[GPU1] epochs: [8/100] train_acc: 0.373 train_loss_sup: 2.704
[GPU1] epochs: [9/100] train_acc: 0.372 train_loss_sup: 2.681
[GPU1] epochs: [10/100] train_acc: 0.377 train_loss_sup: 2.664
[GPU1] Test Accuracy at epoch: 10: 0.369
[GPU1] epochs: [11/100] train_acc: 0.376 train_loss_sup: 2.695
[GPU1] epochs: [12/100] train_acc: 0.377 train_loss_sup: 2.707
[GPU1] epochs: [13/100] train_acc: 0.380 train_loss_sup: 2.689
[GPU1] epochs: [14/100] train_acc: 0.380 train_loss_sup: 2.673
[GPU1] epochs: [15/100] train_acc: 0.383 train_loss_sup: 2.659
[GPU1] epochs: [16/100] train_acc: 0.379 train_loss_sup: 2.649
[GPU1] epochs: [17/100] train_acc: 0.385 train_loss_sup: 2.645
[GPU1] epochs: [18/100] train_acc: 0.391 train_loss_sup: 2.618
[GPU1] epochs: [19/100] train_acc: 0.384 train_loss_sup: 2.649
[GPU1] epochs: [20/100] train_acc: 0.390 train_loss_sup: 2.636
[GPU1] Test Accuracy at epoch: 20: 0.366
[GPU1] epochs: [21/100] train_acc: 0.388 train_loss_sup: 2.612
[GPU1] epochs: [22/100] train_acc: 0.391 train_loss_sup: 2.605
[GPU1] epochs: [23/100] train_acc: 0.388 train_loss_sup: 2.647
[GPU1] epochs: [24/100] train_acc: 0.387 train_loss_sup: 2.638
[GPU1] epochs: [25/100] train_acc: 0.387 train_loss_sup: 2.657
[GPU1] epochs: [26/100] train_acc: 0.389 train_loss_sup: 2.644
[GPU1] epochs: [27/100] train_acc: 0.389 train_loss_sup: 2.655
[GPU1] epochs: [28/100] train_acc: 0.389 train_loss_sup: 2.639
[GPU1] epochs: [29/100] train_acc: 0.389 train_loss_sup: 2.656
[GPU1] epochs: [30/100] train_acc: 0.395 train_loss_sup: 2.628
[GPU1] Test Accuracy at epoch: 30: 0.378
[GPU1] epochs: [31/100] train_acc: 0.393 train_loss_sup: 2.614
[GPU1] epochs: [32/100] train_acc: 0.392 train_loss_sup: 2.641
[GPU1] epochs: [33/100] train_acc: 0.392 train_loss_sup: 2.629
[GPU1] epochs: [34/100] train_acc: 0.394 train_loss_sup: 2.623
[GPU1] epochs: [35/100] train_acc: 0.393 train_loss_sup: 2.633
[GPU1] epochs: [36/100] train_acc: 0.391 train_loss_sup: 2.643
[GPU1] epochs: [37/100] train_acc: 0.391 train_loss_sup: 2.644
[GPU1] epochs: [38/100] train_acc: 0.392 train_loss_sup: 2.645
[GPU1] epochs: [39/100] train_acc: 0.398 train_loss_sup: 2.603
[GPU1] epochs: [40/100] train_acc: 0.392 train_loss_sup: 2.629
[GPU1] Test Accuracy at epoch: 40: 0.381
[GPU1] epochs: [41/100] train_acc: 0.388 train_loss_sup: 2.675
[GPU1] epochs: [42/100] train_acc: 0.395 train_loss_sup: 2.618
[GPU1] epochs: [43/100] train_acc: 0.392 train_loss_sup: 2.637
[GPU1] epochs: [44/100] train_acc: 0.395 train_loss_sup: 2.641
[GPU1] epochs: [45/100] train_acc: 0.389 train_loss_sup: 2.646
[GPU1] epochs: [46/100] train_acc: 0.394 train_loss_sup: 2.617
[GPU1] epochs: [47/100] train_acc: 0.392 train_loss_sup: 2.635
[GPU1] epochs: [48/100] train_acc: 0.396 train_loss_sup: 2.608
[GPU1] epochs: [49/100] train_acc: 0.391 train_loss_sup: 2.664
[GPU1] epochs: [50/100] train_acc: 0.390 train_loss_sup: 2.654
[GPU1] Test Accuracy at epoch: 50: 0.371
[GPU1] epochs: [51/100] train_acc: 0.394 train_loss_sup: 2.626
[GPU1] epochs: [52/100] train_acc: 0.399 train_loss_sup: 2.602
[GPU1] epochs: [53/100] train_acc: 0.396 train_loss_sup: 2.620
[GPU1] epochs: [54/100] train_acc: 0.396 train_loss_sup: 2.610
[GPU1] epochs: [55/100] train_acc: 0.394 train_loss_sup: 2.611
[GPU1] epochs: [56/100] train_acc: 0.397 train_loss_sup: 2.625
[GPU1] epochs: [57/100] train_acc: 0.397 train_loss_sup: 2.593
[GPU1] epochs: [58/100] train_acc: 0.394 train_loss_sup: 2.622
[GPU1] epochs: [59/100] train_acc: 0.391 train_loss_sup: 2.614
[GPU1] epochs: [60/100] train_acc: 0.395 train_loss_sup: 2.619
[GPU1] Test Accuracy at epoch: 60: 0.386
[GPU1] epochs: [61/100] train_acc: 0.396 train_loss_sup: 2.641
[GPU1] epochs: [62/100] train_acc: 0.393 train_loss_sup: 2.633
[GPU1] epochs: [63/100] train_acc: 0.396 train_loss_sup: 2.632
[GPU1] epochs: [64/100] train_acc: 0.393 train_loss_sup: 2.657
[GPU1] epochs: [65/100] train_acc: 0.396 train_loss_sup: 2.616
[GPU1] epochs: [66/100] train_acc: 0.395 train_loss_sup: 2.624
[GPU1] epochs: [67/100] train_acc: 0.394 train_loss_sup: 2.641
[GPU1] epochs: [68/100] train_acc: 0.395 train_loss_sup: 2.612
[GPU1] epochs: [69/100] train_acc: 0.393 train_loss_sup: 2.630
[GPU1] epochs: [70/100] train_acc: 0.392 train_loss_sup: 2.650
[GPU1] Test Accuracy at epoch: 70: 0.377
[GPU1] epochs: [71/100] train_acc: 0.397 train_loss_sup: 2.612
[GPU1] epochs: [72/100] train_acc: 0.395 train_loss_sup: 2.617
[GPU1] epochs: [73/100] train_acc: 0.396 train_loss_sup: 2.630
[GPU1] epochs: [74/100] train_acc: 0.389 train_loss_sup: 2.642
[GPU1] epochs: [75/100] train_acc: 0.392 train_loss_sup: 2.637
[GPU1] epochs: [76/100] train_acc: 0.398 train_loss_sup: 2.593
[GPU1] epochs: [77/100] train_acc: 0.394 train_loss_sup: 2.609
[GPU1] epochs: [78/100] train_acc: 0.398 train_loss_sup: 2.605
[GPU1] epochs: [79/100] train_acc: 0.395 train_loss_sup: 2.613
[GPU1] epochs: [80/100] train_acc: 0.396 train_loss_sup: 2.617
[GPU1] Test Accuracy at epoch: 80: 0.367
[GPU1] epochs: [81/100] train_acc: 0.397 train_loss_sup: 2.626
[GPU1] epochs: [82/100] train_acc: 0.397 train_loss_sup: 2.596
[GPU1] epochs: [83/100] train_acc: 0.394 train_loss_sup: 2.631
[GPU1] epochs: [84/100] train_acc: 0.395 train_loss_sup: 2.616
[GPU1] epochs: [85/100] train_acc: 0.394 train_loss_sup: 2.596
[GPU1] epochs: [86/100] train_acc: 0.395 train_loss_sup: 2.611
[GPU1] epochs: [87/100] train_acc: 0.392 train_loss_sup: 2.646
[GPU1] epochs: [88/100] train_acc: 0.394 train_loss_sup: 2.608
[GPU1] epochs: [89/100] train_acc: 0.395 train_loss_sup: 2.628
[GPU1] epochs: [90/100] train_acc: 0.396 train_loss_sup: 2.618
[GPU1] Test Accuracy at epoch: 90: 0.365
[GPU1] epochs: [91/100] train_acc: 0.394 train_loss_sup: 2.610
[GPU1] epochs: [92/100] train_acc: 0.397 train_loss_sup: 2.603
[GPU1] epochs: [93/100] train_acc: 0.394 train_loss_sup: 2.628
[GPU1] epochs: [94/100] train_acc: 0.394 train_loss_sup: 2.615
[GPU1] epochs: [95/100] train_acc: 0.398 train_loss_sup: 2.609
[GPU1] epochs: [96/100] train_acc: 0.392 train_loss_sup: 2.624
[GPU1] epochs: [97/100] train_acc: 0.392 train_loss_sup: 2.646
[GPU1] epochs: [98/100] train_acc: 0.398 train_loss_sup: 2.610
[GPU1] epochs: [99/100] train_acc: 0.397 train_loss_sup: 2.600
[GPU1] epochs: [100/100] train_acc: 0.398 train_loss_sup: 2.611
[GPU1] Final Test Accuracy: 0.37
LR: 1.000 | WD: 0.000001 | Cosine: False | test Acc: 0.386%
===> using linear mlp
Scheduler: None
MLP: MLP(
  (mlp): Linear(in_features=512, out_features=100, bias=True)
)
[GPU1] Test Accuracy at epoch: 0: 0.307
[GPU1] epochs: [1/100] train_acc: 0.258 train_loss_sup: 3.233
[GPU1] epochs: [2/100] train_acc: 0.325 train_loss_sup: 2.881
[GPU1] epochs: [3/100] train_acc: 0.341 train_loss_sup: 2.807
[GPU1] epochs: [4/100] train_acc: 0.346 train_loss_sup: 2.795
[GPU1] epochs: [5/100] train_acc: 0.351 train_loss_sup: 2.740
[GPU1] epochs: [6/100] train_acc: 0.355 train_loss_sup: 2.755
[GPU1] epochs: [7/100] train_acc: 0.356 train_loss_sup: 2.749
[GPU1] epochs: [8/100] train_acc: 0.361 train_loss_sup: 2.721
[GPU1] epochs: [9/100] train_acc: 0.358 train_loss_sup: 2.733
[GPU1] epochs: [10/100] train_acc: 0.363 train_loss_sup: 2.691
[GPU1] Test Accuracy at epoch: 10: 0.353
[GPU1] epochs: [11/100] train_acc: 0.357 train_loss_sup: 2.726
[GPU1] epochs: [12/100] train_acc: 0.360 train_loss_sup: 2.739
[GPU1] epochs: [13/100] train_acc: 0.366 train_loss_sup: 2.699
[GPU1] epochs: [14/100] train_acc: 0.362 train_loss_sup: 2.718
[GPU1] epochs: [15/100] train_acc: 0.362 train_loss_sup: 2.698
[GPU1] epochs: [16/100] train_acc: 0.366 train_loss_sup: 2.695
[GPU1] epochs: [17/100] train_acc: 0.363 train_loss_sup: 2.689
[GPU1] epochs: [18/100] train_acc: 0.365 train_loss_sup: 2.718
[GPU1] epochs: [19/100] train_acc: 0.367 train_loss_sup: 2.684
[GPU1] epochs: [20/100] train_acc: 0.363 train_loss_sup: 2.697
[GPU1] Test Accuracy at epoch: 20: 0.362
[GPU1] epochs: [21/100] train_acc: 0.365 train_loss_sup: 2.666
[GPU1] epochs: [22/100] train_acc: 0.364 train_loss_sup: 2.696
[GPU1] epochs: [23/100] train_acc: 0.362 train_loss_sup: 2.727
[GPU1] epochs: [24/100] train_acc: 0.362 train_loss_sup: 2.722
[GPU1] epochs: [25/100] train_acc: 0.365 train_loss_sup: 2.687
[GPU1] epochs: [26/100] train_acc: 0.364 train_loss_sup: 2.706
[GPU1] epochs: [27/100] train_acc: 0.367 train_loss_sup: 2.677
[GPU1] epochs: [28/100] train_acc: 0.360 train_loss_sup: 2.710
[GPU1] epochs: [29/100] train_acc: 0.366 train_loss_sup: 2.687
[GPU1] epochs: [30/100] train_acc: 0.365 train_loss_sup: 2.697
[GPU1] Test Accuracy at epoch: 30: 0.363
[GPU1] epochs: [31/100] train_acc: 0.365 train_loss_sup: 2.690
[GPU1] epochs: [32/100] train_acc: 0.363 train_loss_sup: 2.685
[GPU1] epochs: [33/100] train_acc: 0.369 train_loss_sup: 2.665
[GPU1] epochs: [34/100] train_acc: 0.367 train_loss_sup: 2.675
[GPU1] epochs: [35/100] train_acc: 0.365 train_loss_sup: 2.716
[GPU1] epochs: [36/100] train_acc: 0.370 train_loss_sup: 2.660
[GPU1] epochs: [37/100] train_acc: 0.366 train_loss_sup: 2.706
[GPU1] epochs: [38/100] train_acc: 0.366 train_loss_sup: 2.688
[GPU1] epochs: [39/100] train_acc: 0.364 train_loss_sup: 2.734
[GPU1] epochs: [40/100] train_acc: 0.364 train_loss_sup: 2.698
[GPU1] Test Accuracy at epoch: 40: 0.36
[GPU1] epochs: [41/100] train_acc: 0.365 train_loss_sup: 2.719
[GPU1] epochs: [42/100] train_acc: 0.367 train_loss_sup: 2.693
[GPU1] epochs: [43/100] train_acc: 0.363 train_loss_sup: 2.699
[GPU1] epochs: [44/100] train_acc: 0.365 train_loss_sup: 2.692
[GPU1] epochs: [45/100] train_acc: 0.369 train_loss_sup: 2.683
[GPU1] epochs: [46/100] train_acc: 0.364 train_loss_sup: 2.698
[GPU1] epochs: [47/100] train_acc: 0.368 train_loss_sup: 2.669
[GPU1] epochs: [48/100] train_acc: 0.364 train_loss_sup: 2.670
[GPU1] epochs: [49/100] train_acc: 0.367 train_loss_sup: 2.677
[GPU1] epochs: [50/100] train_acc: 0.367 train_loss_sup: 2.682
[GPU1] Test Accuracy at epoch: 50: 0.353
[GPU1] epochs: [51/100] train_acc: 0.368 train_loss_sup: 2.677
[GPU1] epochs: [52/100] train_acc: 0.361 train_loss_sup: 2.713
[GPU1] epochs: [53/100] train_acc: 0.362 train_loss_sup: 2.710
[GPU1] epochs: [54/100] train_acc: 0.367 train_loss_sup: 2.697
[GPU1] epochs: [55/100] train_acc: 0.369 train_loss_sup: 2.672
[GPU1] epochs: [56/100] train_acc: 0.368 train_loss_sup: 2.699
[GPU1] epochs: [57/100] train_acc: 0.362 train_loss_sup: 2.726
[GPU1] epochs: [58/100] train_acc: 0.365 train_loss_sup: 2.692
[GPU1] epochs: [59/100] train_acc: 0.366 train_loss_sup: 2.684
[GPU1] epochs: [60/100] train_acc: 0.363 train_loss_sup: 2.715
[GPU1] Test Accuracy at epoch: 60: 0.354
[GPU1] epochs: [61/100] train_acc: 0.365 train_loss_sup: 2.693
[GPU1] epochs: [62/100] train_acc: 0.365 train_loss_sup: 2.680
[GPU1] epochs: [63/100] train_acc: 0.365 train_loss_sup: 2.702
[GPU1] epochs: [64/100] train_acc: 0.358 train_loss_sup: 2.740
[GPU1] epochs: [65/100] train_acc: 0.366 train_loss_sup: 2.689
[GPU1] epochs: [66/100] train_acc: 0.367 train_loss_sup: 2.669
[GPU1] epochs: [67/100] train_acc: 0.365 train_loss_sup: 2.715
[GPU1] epochs: [68/100] train_acc: 0.365 train_loss_sup: 2.699
[GPU1] epochs: [69/100] train_acc: 0.366 train_loss_sup: 2.674
[GPU1] epochs: [70/100] train_acc: 0.368 train_loss_sup: 2.677
[GPU1] Test Accuracy at epoch: 70: 0.357
[GPU1] epochs: [71/100] train_acc: 0.368 train_loss_sup: 2.692
[GPU1] epochs: [72/100] train_acc: 0.365 train_loss_sup: 2.698
[GPU1] epochs: [73/100] train_acc: 0.366 train_loss_sup: 2.675
[GPU1] epochs: [74/100] train_acc: 0.364 train_loss_sup: 2.703
[GPU1] epochs: [75/100] train_acc: 0.368 train_loss_sup: 2.672
[GPU1] epochs: [76/100] train_acc: 0.366 train_loss_sup: 2.700
[GPU1] epochs: [77/100] train_acc: 0.365 train_loss_sup: 2.707
[GPU1] epochs: [78/100] train_acc: 0.365 train_loss_sup: 2.711
[GPU1] epochs: [79/100] train_acc: 0.367 train_loss_sup: 2.684
[GPU1] epochs: [80/100] train_acc: 0.368 train_loss_sup: 2.666
[GPU1] Test Accuracy at epoch: 80: 0.354
[GPU1] epochs: [81/100] train_acc: 0.364 train_loss_sup: 2.689
[GPU1] epochs: [82/100] train_acc: 0.365 train_loss_sup: 2.669
[GPU1] epochs: [83/100] train_acc: 0.366 train_loss_sup: 2.687
[GPU1] epochs: [84/100] train_acc: 0.370 train_loss_sup: 2.640
[GPU1] epochs: [85/100] train_acc: 0.367 train_loss_sup: 2.694
[GPU1] epochs: [86/100] train_acc: 0.364 train_loss_sup: 2.682
[GPU1] epochs: [87/100] train_acc: 0.361 train_loss_sup: 2.725
[GPU1] epochs: [88/100] train_acc: 0.368 train_loss_sup: 2.689
[GPU1] epochs: [89/100] train_acc: 0.369 train_loss_sup: 2.672
[GPU1] epochs: [90/100] train_acc: 0.365 train_loss_sup: 2.715
[GPU1] Test Accuracy at epoch: 90: 0.358
[GPU1] epochs: [91/100] train_acc: 0.363 train_loss_sup: 2.711
[GPU1] epochs: [92/100] train_acc: 0.367 train_loss_sup: 2.668
[GPU1] epochs: [93/100] train_acc: 0.364 train_loss_sup: 2.700
[GPU1] epochs: [94/100] train_acc: 0.363 train_loss_sup: 2.694
[GPU1] epochs: [95/100] train_acc: 0.365 train_loss_sup: 2.672
[GPU1] epochs: [96/100] train_acc: 0.365 train_loss_sup: 2.703
[GPU1] epochs: [97/100] train_acc: 0.365 train_loss_sup: 2.703
[GPU1] epochs: [98/100] train_acc: 0.366 train_loss_sup: 2.695
[GPU1] epochs: [99/100] train_acc: 0.359 train_loss_sup: 2.728
[GPU1] epochs: [100/100] train_acc: 0.364 train_loss_sup: 2.690
[GPU1] Final Test Accuracy: 0.361
LR: 1.000 | WD: 0.000100 | Cosine: False | test Acc: 0.363%
===> using linear mlp
Scheduler: None
MLP: MLP(
  (mlp): Linear(in_features=512, out_features=100, bias=True)
)
[GPU1] Test Accuracy at epoch: 0: 0.301
[GPU1] epochs: [1/100] train_acc: 0.264 train_loss_sup: 3.196
[GPU1] epochs: [2/100] train_acc: 0.325 train_loss_sup: 2.899
[GPU1] epochs: [3/100] train_acc: 0.346 train_loss_sup: 2.793
[GPU1] epochs: [4/100] train_acc: 0.350 train_loss_sup: 2.800
[GPU1] epochs: [5/100] train_acc: 0.360 train_loss_sup: 2.766
[GPU1] epochs: [6/100] train_acc: 0.366 train_loss_sup: 2.706
[GPU1] epochs: [7/100] train_acc: 0.368 train_loss_sup: 2.727
[GPU1] epochs: [8/100] train_acc: 0.370 train_loss_sup: 2.695
[GPU1] epochs: [9/100] train_acc: 0.376 train_loss_sup: 2.683
[GPU1] epochs: [10/100] train_acc: 0.371 train_loss_sup: 2.721
[GPU1] Test Accuracy at epoch: 10: 0.36
[GPU1] epochs: [11/100] train_acc: 0.378 train_loss_sup: 2.666
[GPU1] epochs: [12/100] train_acc: 0.380 train_loss_sup: 2.652
[GPU1] epochs: [13/100] train_acc: 0.381 train_loss_sup: 2.653
[GPU1] epochs: [14/100] train_acc: 0.382 train_loss_sup: 2.670
[GPU1] epochs: [15/100] train_acc: 0.381 train_loss_sup: 2.661
[GPU1] epochs: [16/100] train_acc: 0.384 train_loss_sup: 2.666
[GPU1] epochs: [17/100] train_acc: 0.385 train_loss_sup: 2.657
[GPU1] epochs: [18/100] train_acc: 0.386 train_loss_sup: 2.649
[GPU1] epochs: [19/100] train_acc: 0.383 train_loss_sup: 2.662
[GPU1] epochs: [20/100] train_acc: 0.384 train_loss_sup: 2.655
[GPU1] Test Accuracy at epoch: 20: 0.368
[GPU1] epochs: [21/100] train_acc: 0.384 train_loss_sup: 2.658
[GPU1] epochs: [22/100] train_acc: 0.390 train_loss_sup: 2.623
[GPU1] epochs: [23/100] train_acc: 0.390 train_loss_sup: 2.624
[GPU1] epochs: [24/100] train_acc: 0.389 train_loss_sup: 2.659
[GPU1] epochs: [25/100] train_acc: 0.386 train_loss_sup: 2.662
[GPU1] epochs: [26/100] train_acc: 0.386 train_loss_sup: 2.664
[GPU1] epochs: [27/100] train_acc: 0.391 train_loss_sup: 2.637
[GPU1] epochs: [28/100] train_acc: 0.391 train_loss_sup: 2.631
[GPU1] epochs: [29/100] train_acc: 0.387 train_loss_sup: 2.655
[GPU1] epochs: [30/100] train_acc: 0.391 train_loss_sup: 2.636
[GPU1] Test Accuracy at epoch: 30: 0.368
[GPU1] epochs: [31/100] train_acc: 0.394 train_loss_sup: 2.627
[GPU1] epochs: [32/100] train_acc: 0.389 train_loss_sup: 2.662
[GPU1] epochs: [33/100] train_acc: 0.393 train_loss_sup: 2.602
[GPU1] epochs: [34/100] train_acc: 0.390 train_loss_sup: 2.648
[GPU1] epochs: [35/100] train_acc: 0.395 train_loss_sup: 2.608
[GPU1] epochs: [36/100] train_acc: 0.391 train_loss_sup: 2.643
[GPU1] epochs: [37/100] train_acc: 0.390 train_loss_sup: 2.643
[GPU1] epochs: [38/100] train_acc: 0.389 train_loss_sup: 2.660
[GPU1] epochs: [39/100] train_acc: 0.390 train_loss_sup: 2.657
[GPU1] epochs: [40/100] train_acc: 0.389 train_loss_sup: 2.655
[GPU1] Test Accuracy at epoch: 40: 0.371
[GPU1] epochs: [41/100] train_acc: 0.393 train_loss_sup: 2.645
[GPU1] epochs: [42/100] train_acc: 0.398 train_loss_sup: 2.616
[GPU1] epochs: [43/100] train_acc: 0.397 train_loss_sup: 2.619
[GPU1] epochs: [44/100] train_acc: 0.392 train_loss_sup: 2.635
[GPU1] epochs: [45/100] train_acc: 0.392 train_loss_sup: 2.630
[GPU1] epochs: [46/100] train_acc: 0.397 train_loss_sup: 2.626
[GPU1] epochs: [47/100] train_acc: 0.391 train_loss_sup: 2.634
[GPU1] epochs: [48/100] train_acc: 0.402 train_loss_sup: 2.584
[GPU1] epochs: [49/100] train_acc: 0.395 train_loss_sup: 2.623
[GPU1] epochs: [50/100] train_acc: 0.392 train_loss_sup: 2.636
[GPU1] Test Accuracy at epoch: 50: 0.377
[GPU1] epochs: [51/100] train_acc: 0.392 train_loss_sup: 2.630
[GPU1] epochs: [52/100] train_acc: 0.394 train_loss_sup: 2.626
[GPU1] epochs: [53/100] train_acc: 0.393 train_loss_sup: 2.635
[GPU1] epochs: [54/100] train_acc: 0.388 train_loss_sup: 2.661
[GPU1] epochs: [55/100] train_acc: 0.391 train_loss_sup: 2.661
[GPU1] epochs: [56/100] train_acc: 0.399 train_loss_sup: 2.578
[GPU1] epochs: [57/100] train_acc: 0.392 train_loss_sup: 2.645
[GPU1] epochs: [58/100] train_acc: 0.396 train_loss_sup: 2.620
[GPU1] epochs: [59/100] train_acc: 0.391 train_loss_sup: 2.663
[GPU1] epochs: [60/100] train_acc: 0.395 train_loss_sup: 2.635
[GPU1] Test Accuracy at epoch: 60: 0.385
[GPU1] epochs: [61/100] train_acc: 0.395 train_loss_sup: 2.635
[GPU1] epochs: [62/100] train_acc: 0.397 train_loss_sup: 2.628
[GPU1] epochs: [63/100] train_acc: 0.396 train_loss_sup: 2.615
[GPU1] epochs: [64/100] train_acc: 0.394 train_loss_sup: 2.646
[GPU1] epochs: [65/100] train_acc: 0.389 train_loss_sup: 2.662
[GPU1] epochs: [66/100] train_acc: 0.395 train_loss_sup: 2.625
[GPU1] epochs: [67/100] train_acc: 0.394 train_loss_sup: 2.629
[GPU1] epochs: [68/100] train_acc: 0.396 train_loss_sup: 2.638
[GPU1] epochs: [69/100] train_acc: 0.396 train_loss_sup: 2.617
[GPU1] epochs: [70/100] train_acc: 0.395 train_loss_sup: 2.627
[GPU1] Test Accuracy at epoch: 70: 0.368
[GPU1] epochs: [71/100] train_acc: 0.391 train_loss_sup: 2.669
[GPU1] epochs: [72/100] train_acc: 0.394 train_loss_sup: 2.632
[GPU1] epochs: [73/100] train_acc: 0.394 train_loss_sup: 2.642
[GPU1] epochs: [74/100] train_acc: 0.398 train_loss_sup: 2.601
[GPU1] epochs: [75/100] train_acc: 0.396 train_loss_sup: 2.630
[GPU1] epochs: [76/100] train_acc: 0.397 train_loss_sup: 2.630
[GPU1] epochs: [77/100] train_acc: 0.395 train_loss_sup: 2.620
[GPU1] epochs: [78/100] train_acc: 0.394 train_loss_sup: 2.624
[GPU1] epochs: [79/100] train_acc: 0.397 train_loss_sup: 2.628
[GPU1] epochs: [80/100] train_acc: 0.399 train_loss_sup: 2.587
[GPU1] Test Accuracy at epoch: 80: 0.37
[GPU1] epochs: [81/100] train_acc: 0.396 train_loss_sup: 2.621
[GPU1] epochs: [82/100] train_acc: 0.394 train_loss_sup: 2.649
[GPU1] epochs: [83/100] train_acc: 0.394 train_loss_sup: 2.635
[GPU1] epochs: [84/100] train_acc: 0.399 train_loss_sup: 2.601
[GPU1] epochs: [85/100] train_acc: 0.396 train_loss_sup: 2.645
[GPU1] epochs: [86/100] train_acc: 0.397 train_loss_sup: 2.615
[GPU1] epochs: [87/100] train_acc: 0.402 train_loss_sup: 2.589
[GPU1] epochs: [88/100] train_acc: 0.394 train_loss_sup: 2.620
[GPU1] epochs: [89/100] train_acc: 0.397 train_loss_sup: 2.641
[GPU1] epochs: [90/100] train_acc: 0.396 train_loss_sup: 2.629
[GPU1] Test Accuracy at epoch: 90: 0.375
[GPU1] epochs: [91/100] train_acc: 0.402 train_loss_sup: 2.587
[GPU1] epochs: [92/100] train_acc: 0.395 train_loss_sup: 2.664
[GPU1] epochs: [93/100] train_acc: 0.396 train_loss_sup: 2.614
[GPU1] epochs: [94/100] train_acc: 0.396 train_loss_sup: 2.635
[GPU1] epochs: [95/100] train_acc: 0.398 train_loss_sup: 2.631
[GPU1] epochs: [96/100] train_acc: 0.400 train_loss_sup: 2.582
[GPU1] epochs: [97/100] train_acc: 0.396 train_loss_sup: 2.629
[GPU1] epochs: [98/100] train_acc: 0.394 train_loss_sup: 2.671
[GPU1] epochs: [99/100] train_acc: 0.393 train_loss_sup: 2.641
[GPU1] epochs: [100/100] train_acc: 0.394 train_loss_sup: 2.640
[GPU1] Final Test Accuracy: 0.357
LR: 1.000 | WD: 0.000000 | Cosine: False | test Acc: 0.385%
===> using linear mlp
Scheduler: <torch.optim.lr_scheduler.CosineAnnealingLR object at 0x72014959a4a0>
MLP: MLP(
  (mlp): Linear(in_features=512, out_features=100, bias=True)
)
[GPU1] Test Accuracy at epoch: 0: 0.277
[GPU1] epochs: [1/100] train_acc: 0.220 train_loss_sup: 3.487
[GPU1] epochs: [2/100] train_acc: 0.318 train_loss_sup: 2.861
[GPU1] epochs: [3/100] train_acc: 0.342 train_loss_sup: 2.731
[GPU1] epochs: [4/100] train_acc: 0.354 train_loss_sup: 2.651
[GPU1] epochs: [5/100] train_acc: 0.369 train_loss_sup: 2.600
[GPU1] epochs: [6/100] train_acc: 0.375 train_loss_sup: 2.561
[GPU1] epochs: [7/100] train_acc: 0.378 train_loss_sup: 2.537
[GPU1] epochs: [8/100] train_acc: 0.384 train_loss_sup: 2.510
[GPU1] epochs: [9/100] train_acc: 0.391 train_loss_sup: 2.487
[GPU1] epochs: [10/100] train_acc: 0.395 train_loss_sup: 2.465
[GPU1] Test Accuracy at epoch: 10: 0.371
[GPU1] epochs: [11/100] train_acc: 0.397 train_loss_sup: 2.445
[GPU1] epochs: [12/100] train_acc: 0.399 train_loss_sup: 2.448
[GPU1] epochs: [13/100] train_acc: 0.404 train_loss_sup: 2.428
[GPU1] epochs: [14/100] train_acc: 0.404 train_loss_sup: 2.417
[GPU1] epochs: [15/100] train_acc: 0.409 train_loss_sup: 2.407
[GPU1] epochs: [16/100] train_acc: 0.409 train_loss_sup: 2.399
[GPU1] epochs: [17/100] train_acc: 0.415 train_loss_sup: 2.384
[GPU1] epochs: [18/100] train_acc: 0.416 train_loss_sup: 2.377
[GPU1] epochs: [19/100] train_acc: 0.414 train_loss_sup: 2.372
[GPU1] epochs: [20/100] train_acc: 0.414 train_loss_sup: 2.370
[GPU1] Test Accuracy at epoch: 20: 0.387
[GPU1] epochs: [21/100] train_acc: 0.419 train_loss_sup: 2.359
[GPU1] epochs: [22/100] train_acc: 0.419 train_loss_sup: 2.356
[GPU1] epochs: [23/100] train_acc: 0.418 train_loss_sup: 2.355
[GPU1] epochs: [24/100] train_acc: 0.424 train_loss_sup: 2.337
[GPU1] epochs: [25/100] train_acc: 0.422 train_loss_sup: 2.339
[GPU1] epochs: [26/100] train_acc: 0.424 train_loss_sup: 2.325
[GPU1] epochs: [27/100] train_acc: 0.425 train_loss_sup: 2.328
[GPU1] epochs: [28/100] train_acc: 0.426 train_loss_sup: 2.320
[GPU1] epochs: [29/100] train_acc: 0.428 train_loss_sup: 2.318
[GPU1] epochs: [30/100] train_acc: 0.431 train_loss_sup: 2.306
[GPU1] Test Accuracy at epoch: 30: 0.389
[GPU1] epochs: [31/100] train_acc: 0.433 train_loss_sup: 2.301
[GPU1] epochs: [32/100] train_acc: 0.428 train_loss_sup: 2.306
[GPU1] epochs: [33/100] train_acc: 0.429 train_loss_sup: 2.304
[GPU1] epochs: [34/100] train_acc: 0.433 train_loss_sup: 2.295
[GPU1] epochs: [35/100] train_acc: 0.434 train_loss_sup: 2.291
[GPU1] epochs: [36/100] train_acc: 0.433 train_loss_sup: 2.285
[GPU1] epochs: [37/100] train_acc: 0.433 train_loss_sup: 2.295
[GPU1] epochs: [38/100] train_acc: 0.431 train_loss_sup: 2.283
[GPU1] epochs: [39/100] train_acc: 0.436 train_loss_sup: 2.286
[GPU1] epochs: [40/100] train_acc: 0.438 train_loss_sup: 2.276
[GPU1] Test Accuracy at epoch: 40: 0.396
[GPU1] epochs: [41/100] train_acc: 0.435 train_loss_sup: 2.274
[GPU1] epochs: [42/100] train_acc: 0.437 train_loss_sup: 2.265
[GPU1] epochs: [43/100] train_acc: 0.438 train_loss_sup: 2.272
[GPU1] epochs: [44/100] train_acc: 0.437 train_loss_sup: 2.267
[GPU1] epochs: [45/100] train_acc: 0.440 train_loss_sup: 2.267
[GPU1] epochs: [46/100] train_acc: 0.436 train_loss_sup: 2.264
[GPU1] epochs: [47/100] train_acc: 0.439 train_loss_sup: 2.262
[GPU1] epochs: [48/100] train_acc: 0.438 train_loss_sup: 2.263
[GPU1] epochs: [49/100] train_acc: 0.439 train_loss_sup: 2.254
[GPU1] epochs: [50/100] train_acc: 0.440 train_loss_sup: 2.260
[GPU1] Test Accuracy at epoch: 50: 0.398
[GPU1] epochs: [51/100] train_acc: 0.439 train_loss_sup: 2.254
[GPU1] epochs: [52/100] train_acc: 0.440 train_loss_sup: 2.256
[GPU1] epochs: [53/100] train_acc: 0.443 train_loss_sup: 2.248
[GPU1] epochs: [54/100] train_acc: 0.442 train_loss_sup: 2.253
[GPU1] epochs: [55/100] train_acc: 0.443 train_loss_sup: 2.245
[GPU1] epochs: [56/100] train_acc: 0.445 train_loss_sup: 2.235
[GPU1] epochs: [57/100] train_acc: 0.444 train_loss_sup: 2.238
[GPU1] epochs: [58/100] train_acc: 0.442 train_loss_sup: 2.245
[GPU1] epochs: [59/100] train_acc: 0.443 train_loss_sup: 2.245
[GPU1] epochs: [60/100] train_acc: 0.447 train_loss_sup: 2.241
[GPU1] Test Accuracy at epoch: 60: 0.404
[GPU1] epochs: [61/100] train_acc: 0.445 train_loss_sup: 2.233
[GPU1] epochs: [62/100] train_acc: 0.443 train_loss_sup: 2.248
[GPU1] epochs: [63/100] train_acc: 0.446 train_loss_sup: 2.237
[GPU1] epochs: [64/100] train_acc: 0.443 train_loss_sup: 2.239
[GPU1] epochs: [65/100] train_acc: 0.444 train_loss_sup: 2.234
[GPU1] epochs: [66/100] train_acc: 0.442 train_loss_sup: 2.245
[GPU1] epochs: [67/100] train_acc: 0.451 train_loss_sup: 2.221
[GPU1] epochs: [68/100] train_acc: 0.444 train_loss_sup: 2.238
[GPU1] epochs: [69/100] train_acc: 0.445 train_loss_sup: 2.238
[GPU1] epochs: [70/100] train_acc: 0.448 train_loss_sup: 2.227
[GPU1] Test Accuracy at epoch: 70: 0.401
[GPU1] epochs: [71/100] train_acc: 0.446 train_loss_sup: 2.224
[GPU1] epochs: [72/100] train_acc: 0.450 train_loss_sup: 2.221
[GPU1] epochs: [73/100] train_acc: 0.450 train_loss_sup: 2.231
[GPU1] epochs: [74/100] train_acc: 0.449 train_loss_sup: 2.221
[GPU1] epochs: [75/100] train_acc: 0.449 train_loss_sup: 2.224
[GPU1] epochs: [76/100] train_acc: 0.450 train_loss_sup: 2.218
[GPU1] epochs: [77/100] train_acc: 0.450 train_loss_sup: 2.221
[GPU1] epochs: [78/100] train_acc: 0.447 train_loss_sup: 2.225
[GPU1] epochs: [79/100] train_acc: 0.450 train_loss_sup: 2.219
[GPU1] epochs: [80/100] train_acc: 0.450 train_loss_sup: 2.220
[GPU1] Test Accuracy at epoch: 80: 0.404
[GPU1] epochs: [81/100] train_acc: 0.447 train_loss_sup: 2.223
[GPU1] epochs: [82/100] train_acc: 0.447 train_loss_sup: 2.227
[GPU1] epochs: [83/100] train_acc: 0.450 train_loss_sup: 2.214
[GPU1] epochs: [84/100] train_acc: 0.450 train_loss_sup: 2.213
[GPU1] epochs: [85/100] train_acc: 0.451 train_loss_sup: 2.219
[GPU1] epochs: [86/100] train_acc: 0.451 train_loss_sup: 2.208
[GPU1] epochs: [87/100] train_acc: 0.447 train_loss_sup: 2.224
[GPU1] epochs: [88/100] train_acc: 0.450 train_loss_sup: 2.220
[GPU1] epochs: [89/100] train_acc: 0.450 train_loss_sup: 2.220
[GPU1] epochs: [90/100] train_acc: 0.452 train_loss_sup: 2.211
[GPU1] Test Accuracy at epoch: 90: 0.405
[GPU1] epochs: [91/100] train_acc: 0.448 train_loss_sup: 2.224
[GPU1] epochs: [92/100] train_acc: 0.452 train_loss_sup: 2.205
[GPU1] epochs: [93/100] train_acc: 0.448 train_loss_sup: 2.220
[GPU1] epochs: [94/100] train_acc: 0.447 train_loss_sup: 2.220
[GPU1] epochs: [95/100] train_acc: 0.451 train_loss_sup: 2.208
[GPU1] epochs: [96/100] train_acc: 0.450 train_loss_sup: 2.213
[GPU1] epochs: [97/100] train_acc: 0.453 train_loss_sup: 2.212
[GPU1] epochs: [98/100] train_acc: 0.450 train_loss_sup: 2.228
[GPU1] epochs: [99/100] train_acc: 0.451 train_loss_sup: 2.207
[GPU1] epochs: [100/100] train_acc: 0.451 train_loss_sup: 2.219
[GPU1] Final Test Accuracy: 0.405
LR: 0.100 | WD: 0.000001 | Cosine: True | test Acc: 0.405%
===> using linear mlp
Scheduler: <torch.optim.lr_scheduler.CosineAnnealingLR object at 0x72027dda9390>
MLP: MLP(
  (mlp): Linear(in_features=512, out_features=100, bias=True)
)
[GPU1] Test Accuracy at epoch: 0: 0.271
[GPU1] epochs: [1/100] train_acc: 0.221 train_loss_sup: 3.487
[GPU1] epochs: [2/100] train_acc: 0.316 train_loss_sup: 2.864
[GPU1] epochs: [3/100] train_acc: 0.341 train_loss_sup: 2.730
[GPU1] epochs: [4/100] train_acc: 0.354 train_loss_sup: 2.664
[GPU1] epochs: [5/100] train_acc: 0.364 train_loss_sup: 2.610
[GPU1] epochs: [6/100] train_acc: 0.373 train_loss_sup: 2.572
[GPU1] epochs: [7/100] train_acc: 0.379 train_loss_sup: 2.537
[GPU1] epochs: [8/100] train_acc: 0.385 train_loss_sup: 2.511
[GPU1] epochs: [9/100] train_acc: 0.390 train_loss_sup: 2.493
[GPU1] epochs: [10/100] train_acc: 0.392 train_loss_sup: 2.472
[GPU1] Test Accuracy at epoch: 10: 0.366
[GPU1] epochs: [11/100] train_acc: 0.395 train_loss_sup: 2.465
[GPU1] epochs: [12/100] train_acc: 0.396 train_loss_sup: 2.449
[GPU1] epochs: [13/100] train_acc: 0.403 train_loss_sup: 2.437
[GPU1] epochs: [14/100] train_acc: 0.402 train_loss_sup: 2.434
[GPU1] epochs: [15/100] train_acc: 0.403 train_loss_sup: 2.423
[GPU1] epochs: [16/100] train_acc: 0.405 train_loss_sup: 2.415
[GPU1] epochs: [17/100] train_acc: 0.408 train_loss_sup: 2.408
[GPU1] epochs: [18/100] train_acc: 0.412 train_loss_sup: 2.394
[GPU1] epochs: [19/100] train_acc: 0.410 train_loss_sup: 2.388
[GPU1] epochs: [20/100] train_acc: 0.415 train_loss_sup: 2.382
[GPU1] Test Accuracy at epoch: 20: 0.378
[GPU1] epochs: [21/100] train_acc: 0.420 train_loss_sup: 2.363
[GPU1] epochs: [22/100] train_acc: 0.416 train_loss_sup: 2.375
[GPU1] epochs: [23/100] train_acc: 0.417 train_loss_sup: 2.366
[GPU1] epochs: [24/100] train_acc: 0.417 train_loss_sup: 2.358
[GPU1] epochs: [25/100] train_acc: 0.417 train_loss_sup: 2.360
[GPU1] epochs: [26/100] train_acc: 0.422 train_loss_sup: 2.338
[GPU1] epochs: [27/100] train_acc: 0.419 train_loss_sup: 2.349
[GPU1] epochs: [28/100] train_acc: 0.420 train_loss_sup: 2.343
[GPU1] epochs: [29/100] train_acc: 0.421 train_loss_sup: 2.344
[GPU1] epochs: [30/100] train_acc: 0.421 train_loss_sup: 2.338
[GPU1] Test Accuracy at epoch: 30: 0.387
[GPU1] epochs: [31/100] train_acc: 0.425 train_loss_sup: 2.326
[GPU1] epochs: [32/100] train_acc: 0.426 train_loss_sup: 2.325
[GPU1] epochs: [33/100] train_acc: 0.429 train_loss_sup: 2.332
[GPU1] epochs: [34/100] train_acc: 0.426 train_loss_sup: 2.322
[GPU1] epochs: [35/100] train_acc: 0.427 train_loss_sup: 2.319
[GPU1] epochs: [36/100] train_acc: 0.426 train_loss_sup: 2.322
[GPU1] epochs: [37/100] train_acc: 0.425 train_loss_sup: 2.312
[GPU1] epochs: [38/100] train_acc: 0.429 train_loss_sup: 2.317
[GPU1] epochs: [39/100] train_acc: 0.432 train_loss_sup: 2.307
[GPU1] epochs: [40/100] train_acc: 0.428 train_loss_sup: 2.315
[GPU1] Test Accuracy at epoch: 40: 0.394
[GPU1] epochs: [41/100] train_acc: 0.430 train_loss_sup: 2.296
[GPU1] epochs: [42/100] train_acc: 0.430 train_loss_sup: 2.299
[GPU1] epochs: [43/100] train_acc: 0.430 train_loss_sup: 2.301
[GPU1] epochs: [44/100] train_acc: 0.434 train_loss_sup: 2.288
[GPU1] epochs: [45/100] train_acc: 0.431 train_loss_sup: 2.300
[GPU1] epochs: [46/100] train_acc: 0.435 train_loss_sup: 2.286
[GPU1] epochs: [47/100] train_acc: 0.436 train_loss_sup: 2.296
[GPU1] epochs: [48/100] train_acc: 0.434 train_loss_sup: 2.291
[GPU1] epochs: [49/100] train_acc: 0.436 train_loss_sup: 2.285
[GPU1] epochs: [50/100] train_acc: 0.435 train_loss_sup: 2.281
[GPU1] Test Accuracy at epoch: 50: 0.399
[GPU1] epochs: [51/100] train_acc: 0.438 train_loss_sup: 2.290
[GPU1] epochs: [52/100] train_acc: 0.437 train_loss_sup: 2.274
[GPU1] epochs: [53/100] train_acc: 0.434 train_loss_sup: 2.286
[GPU1] epochs: [54/100] train_acc: 0.438 train_loss_sup: 2.272
[GPU1] epochs: [55/100] train_acc: 0.437 train_loss_sup: 2.275
[GPU1] epochs: [56/100] train_acc: 0.439 train_loss_sup: 2.279
[GPU1] epochs: [57/100] train_acc: 0.436 train_loss_sup: 2.270
[GPU1] epochs: [58/100] train_acc: 0.438 train_loss_sup: 2.274
[GPU1] epochs: [59/100] train_acc: 0.439 train_loss_sup: 2.270
[GPU1] epochs: [60/100] train_acc: 0.440 train_loss_sup: 2.270
[GPU1] Test Accuracy at epoch: 60: 0.398
[GPU1] epochs: [61/100] train_acc: 0.438 train_loss_sup: 2.274
[GPU1] epochs: [62/100] train_acc: 0.438 train_loss_sup: 2.281
[GPU1] epochs: [63/100] train_acc: 0.437 train_loss_sup: 2.272
[GPU1] epochs: [64/100] train_acc: 0.438 train_loss_sup: 2.270
[GPU1] epochs: [65/100] train_acc: 0.441 train_loss_sup: 2.263
[GPU1] epochs: [66/100] train_acc: 0.440 train_loss_sup: 2.263
[GPU1] epochs: [67/100] train_acc: 0.442 train_loss_sup: 2.260
[GPU1] epochs: [68/100] train_acc: 0.440 train_loss_sup: 2.267
[GPU1] epochs: [69/100] train_acc: 0.439 train_loss_sup: 2.265
[GPU1] epochs: [70/100] train_acc: 0.445 train_loss_sup: 2.259
[GPU1] Test Accuracy at epoch: 70: 0.4
[GPU1] epochs: [71/100] train_acc: 0.442 train_loss_sup: 2.263
[GPU1] epochs: [72/100] train_acc: 0.440 train_loss_sup: 2.262
[GPU1] epochs: [73/100] train_acc: 0.443 train_loss_sup: 2.251
[GPU1] epochs: [74/100] train_acc: 0.438 train_loss_sup: 2.267
[GPU1] epochs: [75/100] train_acc: 0.440 train_loss_sup: 2.260
[GPU1] epochs: [76/100] train_acc: 0.447 train_loss_sup: 2.252
[GPU1] epochs: [77/100] train_acc: 0.442 train_loss_sup: 2.266
[GPU1] epochs: [78/100] train_acc: 0.443 train_loss_sup: 2.250
[GPU1] epochs: [79/100] train_acc: 0.442 train_loss_sup: 2.253
[GPU1] epochs: [80/100] train_acc: 0.444 train_loss_sup: 2.260
[GPU1] Test Accuracy at epoch: 80: 0.4
[GPU1] epochs: [81/100] train_acc: 0.445 train_loss_sup: 2.250
[GPU1] epochs: [82/100] train_acc: 0.443 train_loss_sup: 2.259
[GPU1] epochs: [83/100] train_acc: 0.444 train_loss_sup: 2.253
[GPU1] epochs: [84/100] train_acc: 0.442 train_loss_sup: 2.254
[GPU1] epochs: [85/100] train_acc: 0.446 train_loss_sup: 2.248
[GPU1] epochs: [86/100] train_acc: 0.443 train_loss_sup: 2.249
[GPU1] epochs: [87/100] train_acc: 0.444 train_loss_sup: 2.242
[GPU1] epochs: [88/100] train_acc: 0.445 train_loss_sup: 2.247
[GPU1] epochs: [89/100] train_acc: 0.444 train_loss_sup: 2.245
[GPU1] epochs: [90/100] train_acc: 0.445 train_loss_sup: 2.246
[GPU1] Test Accuracy at epoch: 90: 0.4
[GPU1] epochs: [91/100] train_acc: 0.447 train_loss_sup: 2.245
[GPU1] epochs: [92/100] train_acc: 0.445 train_loss_sup: 2.253
[GPU1] epochs: [93/100] train_acc: 0.442 train_loss_sup: 2.256
[GPU1] epochs: [94/100] train_acc: 0.442 train_loss_sup: 2.254
[GPU1] epochs: [95/100] train_acc: 0.445 train_loss_sup: 2.250
[GPU1] epochs: [96/100] train_acc: 0.445 train_loss_sup: 2.243
[GPU1] epochs: [97/100] train_acc: 0.445 train_loss_sup: 2.251
[GPU1] epochs: [98/100] train_acc: 0.447 train_loss_sup: 2.242
[GPU1] epochs: [99/100] train_acc: 0.446 train_loss_sup: 2.242
[GPU1] epochs: [100/100] train_acc: 0.446 train_loss_sup: 2.248
[GPU1] Final Test Accuracy: 0.401
LR: 0.100 | WD: 0.000100 | Cosine: True | test Acc: 0.401%
===> using linear mlp
Scheduler: <torch.optim.lr_scheduler.CosineAnnealingLR object at 0x7201356b46a0>
MLP: MLP(
  (mlp): Linear(in_features=512, out_features=100, bias=True)
)
[GPU1] Test Accuracy at epoch: 0: 0.278
[GPU1] epochs: [1/100] train_acc: 0.220 train_loss_sup: 3.492
[GPU1] epochs: [2/100] train_acc: 0.316 train_loss_sup: 2.872
[GPU1] epochs: [3/100] train_acc: 0.340 train_loss_sup: 2.736
[GPU1] epochs: [4/100] train_acc: 0.355 train_loss_sup: 2.655
[GPU1] epochs: [5/100] train_acc: 0.365 train_loss_sup: 2.610
[GPU1] epochs: [6/100] train_acc: 0.375 train_loss_sup: 2.567
[GPU1] epochs: [7/100] train_acc: 0.383 train_loss_sup: 2.525
[GPU1] epochs: [8/100] train_acc: 0.384 train_loss_sup: 2.512
[GPU1] epochs: [9/100] train_acc: 0.391 train_loss_sup: 2.489
[GPU1] epochs: [10/100] train_acc: 0.393 train_loss_sup: 2.466
[GPU1] Test Accuracy at epoch: 10: 0.374
[GPU1] epochs: [11/100] train_acc: 0.396 train_loss_sup: 2.459
[GPU1] epochs: [12/100] train_acc: 0.400 train_loss_sup: 2.446
[GPU1] epochs: [13/100] train_acc: 0.402 train_loss_sup: 2.421
[GPU1] epochs: [14/100] train_acc: 0.406 train_loss_sup: 2.413
[GPU1] epochs: [15/100] train_acc: 0.406 train_loss_sup: 2.410
[GPU1] epochs: [16/100] train_acc: 0.410 train_loss_sup: 2.386
[GPU1] epochs: [17/100] train_acc: 0.412 train_loss_sup: 2.381
[GPU1] epochs: [18/100] train_acc: 0.413 train_loss_sup: 2.378
[GPU1] epochs: [19/100] train_acc: 0.413 train_loss_sup: 2.374
[GPU1] epochs: [20/100] train_acc: 0.418 train_loss_sup: 2.367
[GPU1] Test Accuracy at epoch: 20: 0.388
[GPU1] epochs: [21/100] train_acc: 0.418 train_loss_sup: 2.358
[GPU1] epochs: [22/100] train_acc: 0.414 train_loss_sup: 2.360
[GPU1] epochs: [23/100] train_acc: 0.420 train_loss_sup: 2.337
[GPU1] epochs: [24/100] train_acc: 0.421 train_loss_sup: 2.332
[GPU1] epochs: [25/100] train_acc: 0.423 train_loss_sup: 2.337
[GPU1] epochs: [26/100] train_acc: 0.425 train_loss_sup: 2.318
[GPU1] epochs: [27/100] train_acc: 0.425 train_loss_sup: 2.332
[GPU1] epochs: [28/100] train_acc: 0.426 train_loss_sup: 2.318
[GPU1] epochs: [29/100] train_acc: 0.427 train_loss_sup: 2.315
[GPU1] epochs: [30/100] train_acc: 0.427 train_loss_sup: 2.310
[GPU1] Test Accuracy at epoch: 30: 0.399
[GPU1] epochs: [31/100] train_acc: 0.429 train_loss_sup: 2.307
[GPU1] epochs: [32/100] train_acc: 0.431 train_loss_sup: 2.304
[GPU1] epochs: [33/100] train_acc: 0.429 train_loss_sup: 2.304
[GPU1] epochs: [34/100] train_acc: 0.431 train_loss_sup: 2.300
[GPU1] epochs: [35/100] train_acc: 0.431 train_loss_sup: 2.300
[GPU1] epochs: [36/100] train_acc: 0.433 train_loss_sup: 2.291
[GPU1] epochs: [37/100] train_acc: 0.431 train_loss_sup: 2.291
[GPU1] epochs: [38/100] train_acc: 0.435 train_loss_sup: 2.291
[GPU1] epochs: [39/100] train_acc: 0.433 train_loss_sup: 2.283
[GPU1] epochs: [40/100] train_acc: 0.437 train_loss_sup: 2.279
[GPU1] Test Accuracy at epoch: 40: 0.392
[GPU1] epochs: [41/100] train_acc: 0.435 train_loss_sup: 2.276
[GPU1] epochs: [42/100] train_acc: 0.435 train_loss_sup: 2.274
[GPU1] epochs: [43/100] train_acc: 0.438 train_loss_sup: 2.262
[GPU1] epochs: [44/100] train_acc: 0.436 train_loss_sup: 2.275
[GPU1] epochs: [45/100] train_acc: 0.438 train_loss_sup: 2.264
[GPU1] epochs: [46/100] train_acc: 0.438 train_loss_sup: 2.268
[GPU1] epochs: [47/100] train_acc: 0.436 train_loss_sup: 2.263
[GPU1] epochs: [48/100] train_acc: 0.438 train_loss_sup: 2.263
[GPU1] epochs: [49/100] train_acc: 0.441 train_loss_sup: 2.255
[GPU1] epochs: [50/100] train_acc: 0.439 train_loss_sup: 2.257
[GPU1] Test Accuracy at epoch: 50: 0.397
[GPU1] epochs: [51/100] train_acc: 0.438 train_loss_sup: 2.256
[GPU1] epochs: [52/100] train_acc: 0.444 train_loss_sup: 2.251
[GPU1] epochs: [53/100] train_acc: 0.438 train_loss_sup: 2.255
[GPU1] epochs: [54/100] train_acc: 0.442 train_loss_sup: 2.249
[GPU1] epochs: [55/100] train_acc: 0.442 train_loss_sup: 2.253
[GPU1] epochs: [56/100] train_acc: 0.441 train_loss_sup: 2.252
[GPU1] epochs: [57/100] train_acc: 0.444 train_loss_sup: 2.245
[GPU1] epochs: [58/100] train_acc: 0.444 train_loss_sup: 2.237
[GPU1] epochs: [59/100] train_acc: 0.443 train_loss_sup: 2.239
[GPU1] epochs: [60/100] train_acc: 0.444 train_loss_sup: 2.241
[GPU1] Test Accuracy at epoch: 60: 0.403
[GPU1] epochs: [61/100] train_acc: 0.444 train_loss_sup: 2.238
[GPU1] epochs: [62/100] train_acc: 0.446 train_loss_sup: 2.232
[GPU1] epochs: [63/100] train_acc: 0.446 train_loss_sup: 2.234
[GPU1] epochs: [64/100] train_acc: 0.444 train_loss_sup: 2.242
[GPU1] epochs: [65/100] train_acc: 0.446 train_loss_sup: 2.229
[GPU1] epochs: [66/100] train_acc: 0.447 train_loss_sup: 2.230
[GPU1] epochs: [67/100] train_acc: 0.449 train_loss_sup: 2.227
[GPU1] epochs: [68/100] train_acc: 0.446 train_loss_sup: 2.237
[GPU1] epochs: [69/100] train_acc: 0.446 train_loss_sup: 2.233
[GPU1] epochs: [70/100] train_acc: 0.449 train_loss_sup: 2.230
[GPU1] Test Accuracy at epoch: 70: 0.405
[GPU1] epochs: [71/100] train_acc: 0.447 train_loss_sup: 2.227
[GPU1] epochs: [72/100] train_acc: 0.448 train_loss_sup: 2.235
[GPU1] epochs: [73/100] train_acc: 0.446 train_loss_sup: 2.227
[GPU1] epochs: [74/100] train_acc: 0.449 train_loss_sup: 2.232
[GPU1] epochs: [75/100] train_acc: 0.448 train_loss_sup: 2.228
[GPU1] epochs: [76/100] train_acc: 0.451 train_loss_sup: 2.210
[GPU1] epochs: [77/100] train_acc: 0.447 train_loss_sup: 2.227
[GPU1] epochs: [78/100] train_acc: 0.448 train_loss_sup: 2.226
[GPU1] epochs: [79/100] train_acc: 0.450 train_loss_sup: 2.215
[GPU1] epochs: [80/100] train_acc: 0.447 train_loss_sup: 2.216
[GPU1] Test Accuracy at epoch: 80: 0.405
[GPU1] epochs: [81/100] train_acc: 0.449 train_loss_sup: 2.219
[GPU1] epochs: [82/100] train_acc: 0.449 train_loss_sup: 2.224
[GPU1] epochs: [83/100] train_acc: 0.450 train_loss_sup: 2.227
[GPU1] epochs: [84/100] train_acc: 0.450 train_loss_sup: 2.214
[GPU1] epochs: [85/100] train_acc: 0.450 train_loss_sup: 2.223
[GPU1] epochs: [86/100] train_acc: 0.449 train_loss_sup: 2.214
[GPU1] epochs: [87/100] train_acc: 0.450 train_loss_sup: 2.216
[GPU1] epochs: [88/100] train_acc: 0.452 train_loss_sup: 2.210
[GPU1] epochs: [89/100] train_acc: 0.451 train_loss_sup: 2.210
[GPU1] epochs: [90/100] train_acc: 0.451 train_loss_sup: 2.219
[GPU1] Test Accuracy at epoch: 90: 0.404
[GPU1] epochs: [91/100] train_acc: 0.451 train_loss_sup: 2.210
[GPU1] epochs: [92/100] train_acc: 0.451 train_loss_sup: 2.211
[GPU1] epochs: [93/100] train_acc: 0.452 train_loss_sup: 2.212
[GPU1] epochs: [94/100] train_acc: 0.451 train_loss_sup: 2.215
[GPU1] epochs: [95/100] train_acc: 0.449 train_loss_sup: 2.223
[GPU1] epochs: [96/100] train_acc: 0.450 train_loss_sup: 2.215
[GPU1] epochs: [97/100] train_acc: 0.450 train_loss_sup: 2.214
[GPU1] epochs: [98/100] train_acc: 0.448 train_loss_sup: 2.217
[GPU1] epochs: [99/100] train_acc: 0.450 train_loss_sup: 2.222
[GPU1] epochs: [100/100] train_acc: 0.452 train_loss_sup: 2.207
[GPU1] Final Test Accuracy: 0.404
LR: 0.100 | WD: 0.000000 | Cosine: True | test Acc: 0.405%
===> using linear mlp
Scheduler: <torch.optim.lr_scheduler.CosineAnnealingLR object at 0x720140f0add0>
MLP: MLP(
  (mlp): Linear(in_features=512, out_features=100, bias=True)
)
[GPU1] Test Accuracy at epoch: 0: 0.306
[GPU1] epochs: [1/100] train_acc: 0.261 train_loss_sup: 3.217
[GPU1] epochs: [2/100] train_acc: 0.324 train_loss_sup: 2.900
[GPU1] epochs: [3/100] train_acc: 0.344 train_loss_sup: 2.816
[GPU1] epochs: [4/100] train_acc: 0.356 train_loss_sup: 2.765
[GPU1] epochs: [5/100] train_acc: 0.360 train_loss_sup: 2.736
[GPU1] epochs: [6/100] train_acc: 0.366 train_loss_sup: 2.726
[GPU1] epochs: [7/100] train_acc: 0.370 train_loss_sup: 2.696
[GPU1] epochs: [8/100] train_acc: 0.369 train_loss_sup: 2.703
[GPU1] epochs: [9/100] train_acc: 0.374 train_loss_sup: 2.689
[GPU1] epochs: [10/100] train_acc: 0.383 train_loss_sup: 2.632
[GPU1] Test Accuracy at epoch: 10: 0.36
[GPU1] epochs: [11/100] train_acc: 0.382 train_loss_sup: 2.643
[GPU1] epochs: [12/100] train_acc: 0.378 train_loss_sup: 2.663
[GPU1] epochs: [13/100] train_acc: 0.381 train_loss_sup: 2.658
[GPU1] epochs: [14/100] train_acc: 0.384 train_loss_sup: 2.622
[GPU1] epochs: [15/100] train_acc: 0.386 train_loss_sup: 2.644
[GPU1] epochs: [16/100] train_acc: 0.388 train_loss_sup: 2.608
[GPU1] epochs: [17/100] train_acc: 0.391 train_loss_sup: 2.589
[GPU1] epochs: [18/100] train_acc: 0.389 train_loss_sup: 2.596
[GPU1] epochs: [19/100] train_acc: 0.392 train_loss_sup: 2.598
[GPU1] epochs: [20/100] train_acc: 0.394 train_loss_sup: 2.576
[GPU1] Test Accuracy at epoch: 20: 0.374
[GPU1] epochs: [21/100] train_acc: 0.388 train_loss_sup: 2.609
[GPU1] epochs: [22/100] train_acc: 0.393 train_loss_sup: 2.594
[GPU1] epochs: [23/100] train_acc: 0.399 train_loss_sup: 2.536
[GPU1] epochs: [24/100] train_acc: 0.394 train_loss_sup: 2.561
[GPU1] epochs: [25/100] train_acc: 0.398 train_loss_sup: 2.553
[GPU1] epochs: [26/100] train_acc: 0.398 train_loss_sup: 2.551
[GPU1] epochs: [27/100] train_acc: 0.398 train_loss_sup: 2.548
[GPU1] epochs: [28/100] train_acc: 0.401 train_loss_sup: 2.537
[GPU1] epochs: [29/100] train_acc: 0.401 train_loss_sup: 2.541
[GPU1] epochs: [30/100] train_acc: 0.403 train_loss_sup: 2.529
[GPU1] Test Accuracy at epoch: 30: 0.367
[GPU1] epochs: [31/100] train_acc: 0.402 train_loss_sup: 2.524
[GPU1] epochs: [32/100] train_acc: 0.405 train_loss_sup: 2.491
[GPU1] epochs: [33/100] train_acc: 0.408 train_loss_sup: 2.482
[GPU1] epochs: [34/100] train_acc: 0.408 train_loss_sup: 2.462
[GPU1] epochs: [35/100] train_acc: 0.411 train_loss_sup: 2.458
[GPU1] epochs: [36/100] train_acc: 0.411 train_loss_sup: 2.456
[GPU1] epochs: [37/100] train_acc: 0.411 train_loss_sup: 2.460
[GPU1] epochs: [38/100] train_acc: 0.411 train_loss_sup: 2.451
[GPU1] epochs: [39/100] train_acc: 0.414 train_loss_sup: 2.437
[GPU1] epochs: [40/100] train_acc: 0.415 train_loss_sup: 2.444
[GPU1] Test Accuracy at epoch: 40: 0.383
[GPU1] epochs: [41/100] train_acc: 0.415 train_loss_sup: 2.436
[GPU1] epochs: [42/100] train_acc: 0.416 train_loss_sup: 2.420
[GPU1] epochs: [43/100] train_acc: 0.420 train_loss_sup: 2.398
[GPU1] epochs: [44/100] train_acc: 0.423 train_loss_sup: 2.375
[GPU1] epochs: [45/100] train_acc: 0.421 train_loss_sup: 2.395
[GPU1] epochs: [46/100] train_acc: 0.420 train_loss_sup: 2.384
[GPU1] epochs: [47/100] train_acc: 0.420 train_loss_sup: 2.381
[GPU1] epochs: [48/100] train_acc: 0.426 train_loss_sup: 2.351
[GPU1] epochs: [49/100] train_acc: 0.428 train_loss_sup: 2.337
[GPU1] epochs: [50/100] train_acc: 0.428 train_loss_sup: 2.348
[GPU1] Test Accuracy at epoch: 50: 0.397
[GPU1] epochs: [51/100] train_acc: 0.428 train_loss_sup: 2.338
[GPU1] epochs: [52/100] train_acc: 0.429 train_loss_sup: 2.340
[GPU1] epochs: [53/100] train_acc: 0.432 train_loss_sup: 2.323
[GPU1] epochs: [54/100] train_acc: 0.430 train_loss_sup: 2.321
[GPU1] epochs: [55/100] train_acc: 0.432 train_loss_sup: 2.308
[GPU1] epochs: [56/100] train_acc: 0.433 train_loss_sup: 2.312
[GPU1] epochs: [57/100] train_acc: 0.437 train_loss_sup: 2.290
[GPU1] epochs: [58/100] train_acc: 0.440 train_loss_sup: 2.268
[GPU1] epochs: [59/100] train_acc: 0.441 train_loss_sup: 2.269
[GPU1] epochs: [60/100] train_acc: 0.440 train_loss_sup: 2.271
[GPU1] Test Accuracy at epoch: 60: 0.404
[GPU1] epochs: [61/100] train_acc: 0.444 train_loss_sup: 2.260
[GPU1] epochs: [62/100] train_acc: 0.437 train_loss_sup: 2.275
[GPU1] epochs: [63/100] train_acc: 0.443 train_loss_sup: 2.258
[GPU1] epochs: [64/100] train_acc: 0.445 train_loss_sup: 2.248
[GPU1] epochs: [65/100] train_acc: 0.445 train_loss_sup: 2.252
[GPU1] epochs: [66/100] train_acc: 0.446 train_loss_sup: 2.227
[GPU1] epochs: [67/100] train_acc: 0.448 train_loss_sup: 2.223
[GPU1] epochs: [68/100] train_acc: 0.450 train_loss_sup: 2.227
[GPU1] epochs: [69/100] train_acc: 0.453 train_loss_sup: 2.208
[GPU1] epochs: [70/100] train_acc: 0.452 train_loss_sup: 2.219
[GPU1] Test Accuracy at epoch: 70: 0.4
[GPU1] epochs: [71/100] train_acc: 0.455 train_loss_sup: 2.207
[GPU1] epochs: [72/100] train_acc: 0.456 train_loss_sup: 2.193
[GPU1] epochs: [73/100] train_acc: 0.457 train_loss_sup: 2.187
[GPU1] epochs: [74/100] train_acc: 0.457 train_loss_sup: 2.190
[GPU1] epochs: [75/100] train_acc: 0.457 train_loss_sup: 2.190
[GPU1] epochs: [76/100] train_acc: 0.457 train_loss_sup: 2.176
[GPU1] epochs: [77/100] train_acc: 0.463 train_loss_sup: 2.159
[GPU1] epochs: [78/100] train_acc: 0.459 train_loss_sup: 2.171
[GPU1] epochs: [79/100] train_acc: 0.462 train_loss_sup: 2.156
[GPU1] epochs: [80/100] train_acc: 0.460 train_loss_sup: 2.171
[GPU1] Test Accuracy at epoch: 80: 0.404
[GPU1] epochs: [81/100] train_acc: 0.465 train_loss_sup: 2.146
[GPU1] epochs: [82/100] train_acc: 0.463 train_loss_sup: 2.159
[GPU1] epochs: [83/100] train_acc: 0.462 train_loss_sup: 2.164
[GPU1] epochs: [84/100] train_acc: 0.466 train_loss_sup: 2.149
[GPU1] epochs: [85/100] train_acc: 0.467 train_loss_sup: 2.137
[GPU1] epochs: [86/100] train_acc: 0.469 train_loss_sup: 2.133
[GPU1] epochs: [87/100] train_acc: 0.466 train_loss_sup: 2.134
[GPU1] epochs: [88/100] train_acc: 0.469 train_loss_sup: 2.138
[GPU1] epochs: [89/100] train_acc: 0.471 train_loss_sup: 2.129
[GPU1] epochs: [90/100] train_acc: 0.467 train_loss_sup: 2.145
[GPU1] Test Accuracy at epoch: 90: 0.41
[GPU1] epochs: [91/100] train_acc: 0.470 train_loss_sup: 2.131
[GPU1] epochs: [92/100] train_acc: 0.471 train_loss_sup: 2.125
[GPU1] epochs: [93/100] train_acc: 0.469 train_loss_sup: 2.133
[GPU1] epochs: [94/100] train_acc: 0.472 train_loss_sup: 2.123
[GPU1] epochs: [95/100] train_acc: 0.472 train_loss_sup: 2.119
[GPU1] epochs: [96/100] train_acc: 0.475 train_loss_sup: 2.119
[GPU1] epochs: [97/100] train_acc: 0.475 train_loss_sup: 2.108
[GPU1] epochs: [98/100] train_acc: 0.471 train_loss_sup: 2.121
[GPU1] epochs: [99/100] train_acc: 0.474 train_loss_sup: 2.118
[GPU1] epochs: [100/100] train_acc: 0.476 train_loss_sup: 2.109
[GPU1] Final Test Accuracy: 0.412
LR: 1.000 | WD: 0.000001 | Cosine: True | test Acc: 0.412%
===> using linear mlp
Scheduler: <torch.optim.lr_scheduler.CosineAnnealingLR object at 0x72027dda9390>
MLP: MLP(
  (mlp): Linear(in_features=512, out_features=100, bias=True)
)
[GPU1] Test Accuracy at epoch: 0: 0.305
[GPU1] epochs: [1/100] train_acc: 0.266 train_loss_sup: 3.204
[GPU1] epochs: [2/100] train_acc: 0.319 train_loss_sup: 2.906
[GPU1] epochs: [3/100] train_acc: 0.342 train_loss_sup: 2.821
[GPU1] epochs: [4/100] train_acc: 0.349 train_loss_sup: 2.774
[GPU1] epochs: [5/100] train_acc: 0.350 train_loss_sup: 2.759
[GPU1] epochs: [6/100] train_acc: 0.354 train_loss_sup: 2.732
[GPU1] epochs: [7/100] train_acc: 0.354 train_loss_sup: 2.736
[GPU1] epochs: [8/100] train_acc: 0.358 train_loss_sup: 2.716
[GPU1] epochs: [9/100] train_acc: 0.362 train_loss_sup: 2.695
[GPU1] epochs: [10/100] train_acc: 0.361 train_loss_sup: 2.719
[GPU1] Test Accuracy at epoch: 10: 0.355
[GPU1] epochs: [11/100] train_acc: 0.366 train_loss_sup: 2.686
[GPU1] epochs: [12/100] train_acc: 0.364 train_loss_sup: 2.688
[GPU1] epochs: [13/100] train_acc: 0.366 train_loss_sup: 2.670
[GPU1] epochs: [14/100] train_acc: 0.366 train_loss_sup: 2.695
[GPU1] epochs: [15/100] train_acc: 0.361 train_loss_sup: 2.708
[GPU1] epochs: [16/100] train_acc: 0.368 train_loss_sup: 2.650
[GPU1] epochs: [17/100] train_acc: 0.372 train_loss_sup: 2.640
[GPU1] epochs: [18/100] train_acc: 0.366 train_loss_sup: 2.677
[GPU1] epochs: [19/100] train_acc: 0.370 train_loss_sup: 2.647
[GPU1] epochs: [20/100] train_acc: 0.370 train_loss_sup: 2.642
[GPU1] Test Accuracy at epoch: 20: 0.361
[GPU1] epochs: [21/100] train_acc: 0.375 train_loss_sup: 2.620
[GPU1] epochs: [22/100] train_acc: 0.376 train_loss_sup: 2.628
[GPU1] epochs: [23/100] train_acc: 0.371 train_loss_sup: 2.621
[GPU1] epochs: [24/100] train_acc: 0.373 train_loss_sup: 2.621
[GPU1] epochs: [25/100] train_acc: 0.374 train_loss_sup: 2.610
[GPU1] epochs: [26/100] train_acc: 0.371 train_loss_sup: 2.632
[GPU1] epochs: [27/100] train_acc: 0.376 train_loss_sup: 2.588
[GPU1] epochs: [28/100] train_acc: 0.380 train_loss_sup: 2.587
[GPU1] epochs: [29/100] train_acc: 0.378 train_loss_sup: 2.582
[GPU1] epochs: [30/100] train_acc: 0.381 train_loss_sup: 2.575
[GPU1] Test Accuracy at epoch: 30: 0.368
[GPU1] epochs: [31/100] train_acc: 0.379 train_loss_sup: 2.575
[GPU1] epochs: [32/100] train_acc: 0.382 train_loss_sup: 2.559
[GPU1] epochs: [33/100] train_acc: 0.381 train_loss_sup: 2.588
[GPU1] epochs: [34/100] train_acc: 0.384 train_loss_sup: 2.536
[GPU1] epochs: [35/100] train_acc: 0.382 train_loss_sup: 2.546
[GPU1] epochs: [36/100] train_acc: 0.382 train_loss_sup: 2.563
[GPU1] epochs: [37/100] train_acc: 0.387 train_loss_sup: 2.513
[GPU1] epochs: [38/100] train_acc: 0.392 train_loss_sup: 2.501
[GPU1] epochs: [39/100] train_acc: 0.391 train_loss_sup: 2.503
[GPU1] epochs: [40/100] train_acc: 0.391 train_loss_sup: 2.499
[GPU1] Test Accuracy at epoch: 40: 0.388
[GPU1] epochs: [41/100] train_acc: 0.391 train_loss_sup: 2.486
[GPU1] epochs: [42/100] train_acc: 0.397 train_loss_sup: 2.479
[GPU1] epochs: [43/100] train_acc: 0.390 train_loss_sup: 2.483
[GPU1] epochs: [44/100] train_acc: 0.396 train_loss_sup: 2.468
[GPU1] epochs: [45/100] train_acc: 0.393 train_loss_sup: 2.488
[GPU1] epochs: [46/100] train_acc: 0.398 train_loss_sup: 2.454
[GPU1] epochs: [47/100] train_acc: 0.400 train_loss_sup: 2.436
[GPU1] epochs: [48/100] train_acc: 0.402 train_loss_sup: 2.427
[GPU1] epochs: [49/100] train_acc: 0.400 train_loss_sup: 2.429
[GPU1] epochs: [50/100] train_acc: 0.402 train_loss_sup: 2.431
[GPU1] Test Accuracy at epoch: 50: 0.382
[GPU1] epochs: [51/100] train_acc: 0.404 train_loss_sup: 2.417
[GPU1] epochs: [52/100] train_acc: 0.406 train_loss_sup: 2.408
[GPU1] epochs: [53/100] train_acc: 0.408 train_loss_sup: 2.391
[GPU1] epochs: [54/100] train_acc: 0.407 train_loss_sup: 2.395
[GPU1] epochs: [55/100] train_acc: 0.410 train_loss_sup: 2.386
[GPU1] epochs: [56/100] train_acc: 0.409 train_loss_sup: 2.382
[GPU1] epochs: [57/100] train_acc: 0.414 train_loss_sup: 2.361
[GPU1] epochs: [58/100] train_acc: 0.411 train_loss_sup: 2.371
[GPU1] epochs: [59/100] train_acc: 0.414 train_loss_sup: 2.359
[GPU1] epochs: [60/100] train_acc: 0.414 train_loss_sup: 2.360
[GPU1] Test Accuracy at epoch: 60: 0.395
[GPU1] epochs: [61/100] train_acc: 0.416 train_loss_sup: 2.340
[GPU1] epochs: [62/100] train_acc: 0.421 train_loss_sup: 2.341
[GPU1] epochs: [63/100] train_acc: 0.424 train_loss_sup: 2.330
[GPU1] epochs: [64/100] train_acc: 0.422 train_loss_sup: 2.329
[GPU1] epochs: [65/100] train_acc: 0.424 train_loss_sup: 2.308
[GPU1] epochs: [66/100] train_acc: 0.424 train_loss_sup: 2.310
[GPU1] epochs: [67/100] train_acc: 0.429 train_loss_sup: 2.299
[GPU1] epochs: [68/100] train_acc: 0.428 train_loss_sup: 2.299
[GPU1] epochs: [69/100] train_acc: 0.427 train_loss_sup: 2.297
[GPU1] epochs: [70/100] train_acc: 0.432 train_loss_sup: 2.283
[GPU1] Test Accuracy at epoch: 70: 0.396
[GPU1] epochs: [71/100] train_acc: 0.433 train_loss_sup: 2.285
[GPU1] epochs: [72/100] train_acc: 0.437 train_loss_sup: 2.275
[GPU1] epochs: [73/100] train_acc: 0.433 train_loss_sup: 2.271
[GPU1] epochs: [74/100] train_acc: 0.437 train_loss_sup: 2.264
[GPU1] epochs: [75/100] train_acc: 0.438 train_loss_sup: 2.259
[GPU1] epochs: [76/100] train_acc: 0.440 train_loss_sup: 2.252
[GPU1] epochs: [77/100] train_acc: 0.440 train_loss_sup: 2.247
[GPU1] epochs: [78/100] train_acc: 0.440 train_loss_sup: 2.250
[GPU1] epochs: [79/100] train_acc: 0.444 train_loss_sup: 2.238
[GPU1] epochs: [80/100] train_acc: 0.442 train_loss_sup: 2.239
[GPU1] Test Accuracy at epoch: 80: 0.402
[GPU1] epochs: [81/100] train_acc: 0.445 train_loss_sup: 2.237
[GPU1] epochs: [82/100] train_acc: 0.445 train_loss_sup: 2.232
[GPU1] epochs: [83/100] train_acc: 0.445 train_loss_sup: 2.228
[GPU1] epochs: [84/100] train_acc: 0.448 train_loss_sup: 2.226
[GPU1] epochs: [85/100] train_acc: 0.449 train_loss_sup: 2.215
[GPU1] epochs: [86/100] train_acc: 0.449 train_loss_sup: 2.221
[GPU1] epochs: [87/100] train_acc: 0.452 train_loss_sup: 2.209
[GPU1] epochs: [88/100] train_acc: 0.453 train_loss_sup: 2.216
[GPU1] epochs: [89/100] train_acc: 0.452 train_loss_sup: 2.213
[GPU1] epochs: [90/100] train_acc: 0.448 train_loss_sup: 2.216
[GPU1] Test Accuracy at epoch: 90: 0.412
[GPU1] epochs: [91/100] train_acc: 0.453 train_loss_sup: 2.214
[GPU1] epochs: [92/100] train_acc: 0.452 train_loss_sup: 2.203
[GPU1] epochs: [93/100] train_acc: 0.452 train_loss_sup: 2.210
[GPU1] epochs: [94/100] train_acc: 0.450 train_loss_sup: 2.221
[GPU1] epochs: [95/100] train_acc: 0.454 train_loss_sup: 2.204
[GPU1] epochs: [96/100] train_acc: 0.455 train_loss_sup: 2.200
[GPU1] epochs: [97/100] train_acc: 0.453 train_loss_sup: 2.209
[GPU1] epochs: [98/100] train_acc: 0.457 train_loss_sup: 2.201
[GPU1] epochs: [99/100] train_acc: 0.455 train_loss_sup: 2.199
[GPU1] epochs: [100/100] train_acc: 0.456 train_loss_sup: 2.203
[GPU1] Final Test Accuracy: 0.411
LR: 1.000 | WD: 0.000100 | Cosine: True | test Acc: 0.412%
===> using linear mlp
Scheduler: <torch.optim.lr_scheduler.CosineAnnealingLR object at 0x72014959a4a0>
MLP: MLP(
  (mlp): Linear(in_features=512, out_features=100, bias=True)
)
[GPU1] Test Accuracy at epoch: 0: 0.313
[GPU1] epochs: [1/100] train_acc: 0.263 train_loss_sup: 3.228
[GPU1] epochs: [2/100] train_acc: 0.328 train_loss_sup: 2.890
[GPU1] epochs: [3/100] train_acc: 0.342 train_loss_sup: 2.809
[GPU1] epochs: [4/100] train_acc: 0.357 train_loss_sup: 2.745
[GPU1] epochs: [5/100] train_acc: 0.361 train_loss_sup: 2.721
[GPU1] epochs: [6/100] train_acc: 0.364 train_loss_sup: 2.713
[GPU1] epochs: [7/100] train_acc: 0.367 train_loss_sup: 2.706
[GPU1] epochs: [8/100] train_acc: 0.372 train_loss_sup: 2.690
[GPU1] epochs: [9/100] train_acc: 0.374 train_loss_sup: 2.697
[GPU1] epochs: [10/100] train_acc: 0.376 train_loss_sup: 2.688
[GPU1] Test Accuracy at epoch: 10: 0.368
[GPU1] epochs: [11/100] train_acc: 0.378 train_loss_sup: 2.670
[GPU1] epochs: [12/100] train_acc: 0.379 train_loss_sup: 2.671
[GPU1] epochs: [13/100] train_acc: 0.377 train_loss_sup: 2.670
[GPU1] epochs: [14/100] train_acc: 0.388 train_loss_sup: 2.650
[GPU1] epochs: [15/100] train_acc: 0.387 train_loss_sup: 2.618
[GPU1] epochs: [16/100] train_acc: 0.388 train_loss_sup: 2.607
[GPU1] epochs: [17/100] train_acc: 0.388 train_loss_sup: 2.607
[GPU1] epochs: [18/100] train_acc: 0.387 train_loss_sup: 2.632
[GPU1] epochs: [19/100] train_acc: 0.393 train_loss_sup: 2.597
[GPU1] epochs: [20/100] train_acc: 0.396 train_loss_sup: 2.599
[GPU1] Test Accuracy at epoch: 20: 0.37
[GPU1] epochs: [21/100] train_acc: 0.395 train_loss_sup: 2.578
[GPU1] epochs: [22/100] train_acc: 0.391 train_loss_sup: 2.607
[GPU1] epochs: [23/100] train_acc: 0.401 train_loss_sup: 2.541
[GPU1] epochs: [24/100] train_acc: 0.398 train_loss_sup: 2.558
[GPU1] epochs: [25/100] train_acc: 0.404 train_loss_sup: 2.510
[GPU1] epochs: [26/100] train_acc: 0.397 train_loss_sup: 2.540
[GPU1] epochs: [27/100] train_acc: 0.396 train_loss_sup: 2.540
[GPU1] epochs: [28/100] train_acc: 0.403 train_loss_sup: 2.544
[GPU1] epochs: [29/100] train_acc: 0.402 train_loss_sup: 2.534
[GPU1] epochs: [30/100] train_acc: 0.401 train_loss_sup: 2.536
[GPU1] Test Accuracy at epoch: 30: 0.385
[GPU1] epochs: [31/100] train_acc: 0.406 train_loss_sup: 2.519
[GPU1] epochs: [32/100] train_acc: 0.405 train_loss_sup: 2.491
[GPU1] epochs: [33/100] train_acc: 0.406 train_loss_sup: 2.475
[GPU1] epochs: [34/100] train_acc: 0.406 train_loss_sup: 2.486
[GPU1] epochs: [35/100] train_acc: 0.411 train_loss_sup: 2.471
[GPU1] epochs: [36/100] train_acc: 0.411 train_loss_sup: 2.445
[GPU1] epochs: [37/100] train_acc: 0.412 train_loss_sup: 2.460
[GPU1] epochs: [38/100] train_acc: 0.415 train_loss_sup: 2.431
[GPU1] epochs: [39/100] train_acc: 0.412 train_loss_sup: 2.437
[GPU1] epochs: [40/100] train_acc: 0.412 train_loss_sup: 2.444
[GPU1] Test Accuracy at epoch: 40: 0.381
[GPU1] epochs: [41/100] train_acc: 0.416 train_loss_sup: 2.422
[GPU1] epochs: [42/100] train_acc: 0.419 train_loss_sup: 2.415
[GPU1] epochs: [43/100] train_acc: 0.421 train_loss_sup: 2.397
[GPU1] epochs: [44/100] train_acc: 0.418 train_loss_sup: 2.411
[GPU1] epochs: [45/100] train_acc: 0.420 train_loss_sup: 2.381
[GPU1] epochs: [46/100] train_acc: 0.421 train_loss_sup: 2.393
[GPU1] epochs: [47/100] train_acc: 0.419 train_loss_sup: 2.399
[GPU1] epochs: [48/100] train_acc: 0.424 train_loss_sup: 2.369
[GPU1] epochs: [49/100] train_acc: 0.428 train_loss_sup: 2.343
[GPU1] epochs: [50/100] train_acc: 0.430 train_loss_sup: 2.349
[GPU1] Test Accuracy at epoch: 50: 0.384
[GPU1] epochs: [51/100] train_acc: 0.429 train_loss_sup: 2.345
[GPU1] epochs: [52/100] train_acc: 0.430 train_loss_sup: 2.328
[GPU1] epochs: [53/100] train_acc: 0.430 train_loss_sup: 2.336
[GPU1] epochs: [54/100] train_acc: 0.431 train_loss_sup: 2.327
[GPU1] epochs: [55/100] train_acc: 0.429 train_loss_sup: 2.322
[GPU1] epochs: [56/100] train_acc: 0.433 train_loss_sup: 2.314
[GPU1] epochs: [57/100] train_acc: 0.437 train_loss_sup: 2.290
[GPU1] epochs: [58/100] train_acc: 0.437 train_loss_sup: 2.270
[GPU1] epochs: [59/100] train_acc: 0.438 train_loss_sup: 2.288
[GPU1] epochs: [60/100] train_acc: 0.442 train_loss_sup: 2.268
[GPU1] Test Accuracy at epoch: 60: 0.395
[GPU1] epochs: [61/100] train_acc: 0.442 train_loss_sup: 2.268
[GPU1] epochs: [62/100] train_acc: 0.442 train_loss_sup: 2.267
[GPU1] epochs: [63/100] train_acc: 0.440 train_loss_sup: 2.266
[GPU1] epochs: [64/100] train_acc: 0.446 train_loss_sup: 2.251
[GPU1] epochs: [65/100] train_acc: 0.447 train_loss_sup: 2.235
[GPU1] epochs: [66/100] train_acc: 0.448 train_loss_sup: 2.233
[GPU1] epochs: [67/100] train_acc: 0.454 train_loss_sup: 2.217
[GPU1] epochs: [68/100] train_acc: 0.450 train_loss_sup: 2.211
[GPU1] epochs: [69/100] train_acc: 0.451 train_loss_sup: 2.206
[GPU1] epochs: [70/100] train_acc: 0.453 train_loss_sup: 2.199
[GPU1] Test Accuracy at epoch: 70: 0.405
[GPU1] epochs: [71/100] train_acc: 0.454 train_loss_sup: 2.201
[GPU1] epochs: [72/100] train_acc: 0.454 train_loss_sup: 2.199
[GPU1] epochs: [73/100] train_acc: 0.454 train_loss_sup: 2.193
[GPU1] epochs: [74/100] train_acc: 0.457 train_loss_sup: 2.190
[GPU1] epochs: [75/100] train_acc: 0.458 train_loss_sup: 2.188
[GPU1] epochs: [76/100] train_acc: 0.459 train_loss_sup: 2.175
[GPU1] epochs: [77/100] train_acc: 0.462 train_loss_sup: 2.174
[GPU1] epochs: [78/100] train_acc: 0.460 train_loss_sup: 2.170
[GPU1] epochs: [79/100] train_acc: 0.460 train_loss_sup: 2.165
[GPU1] epochs: [80/100] train_acc: 0.463 train_loss_sup: 2.161
[GPU1] Test Accuracy at epoch: 80: 0.407
[GPU1] epochs: [81/100] train_acc: 0.464 train_loss_sup: 2.162
[GPU1] epochs: [82/100] train_acc: 0.463 train_loss_sup: 2.158
[GPU1] epochs: [83/100] train_acc: 0.466 train_loss_sup: 2.148
[GPU1] epochs: [84/100] train_acc: 0.464 train_loss_sup: 2.153
[GPU1] epochs: [85/100] train_acc: 0.464 train_loss_sup: 2.145
[GPU1] epochs: [86/100] train_acc: 0.467 train_loss_sup: 2.141
[GPU1] epochs: [87/100] train_acc: 0.467 train_loss_sup: 2.136
[GPU1] epochs: [88/100] train_acc: 0.468 train_loss_sup: 2.136
[GPU1] epochs: [89/100] train_acc: 0.469 train_loss_sup: 2.132
[GPU1] epochs: [90/100] train_acc: 0.470 train_loss_sup: 2.143
[GPU1] Test Accuracy at epoch: 90: 0.409
[GPU1] epochs: [91/100] train_acc: 0.470 train_loss_sup: 2.124
[GPU1] epochs: [92/100] train_acc: 0.469 train_loss_sup: 2.134
[GPU1] epochs: [93/100] train_acc: 0.475 train_loss_sup: 2.111
[GPU1] epochs: [94/100] train_acc: 0.473 train_loss_sup: 2.124
[GPU1] epochs: [95/100] train_acc: 0.474 train_loss_sup: 2.122
[GPU1] epochs: [96/100] train_acc: 0.472 train_loss_sup: 2.129
[GPU1] epochs: [97/100] train_acc: 0.474 train_loss_sup: 2.118
[GPU1] epochs: [98/100] train_acc: 0.472 train_loss_sup: 2.122
[GPU1] epochs: [99/100] train_acc: 0.474 train_loss_sup: 2.110
[GPU1] epochs: [100/100] train_acc: 0.472 train_loss_sup: 2.114
[GPU1] Final Test Accuracy: 0.409
LR: 1.000 | WD: 0.000000 | Cosine: True | test Acc: 0.409%
------------------------------
Best Test Accuracy: 0.412%
Optimal Hyperparameters: LR=1.0, WD=1e-06, Cosine=1
knn evalution
logistic regression evalution
clustering metrics evalution
knn_acc: 0.288
lreg_acc: 0.360
ari: 0.048
nmi: 0.242
ss: 0.030
dbs: 3.056
