Namespace(dataset='cifar10', saved_path='saved_models/vicreg.c100.r18.pth', gpu=1, model='resnet18', verbose=False, epochs=100, eval_every=10, knn=True, lreg=True, linprobe=True, tsne=False, umap=False, cmet=True)
<All keys matched successfully>
Files already downloaded and verified
Files already downloaded and verified
Files already downloaded and verified
Starting Hyperparameter Sweep on 1...
===> using linear mlp
Scheduler: None
MLP: MLP(
  (mlp): Linear(in_features=512, out_features=10, bias=True)
)
[GPU1] Test Accuracy at epoch: 0: 0.725
[GPU1] epochs: [1/100] train_acc: 0.630 train_loss_sup: 1.063
[GPU1] epochs: [2/100] train_acc: 0.688 train_loss_sup: 0.894
[GPU1] epochs: [3/100] train_acc: 0.699 train_loss_sup: 0.869
[GPU1] epochs: [4/100] train_acc: 0.700 train_loss_sup: 0.864
[GPU1] epochs: [5/100] train_acc: 0.704 train_loss_sup: 0.851
[GPU1] epochs: [6/100] train_acc: 0.708 train_loss_sup: 0.842
[GPU1] epochs: [7/100] train_acc: 0.707 train_loss_sup: 0.840
[GPU1] epochs: [8/100] train_acc: 0.711 train_loss_sup: 0.835
[GPU1] epochs: [9/100] train_acc: 0.711 train_loss_sup: 0.829
[GPU1] epochs: [10/100] train_acc: 0.714 train_loss_sup: 0.828
[GPU1] Test Accuracy at epoch: 10: 0.763
[GPU1] epochs: [11/100] train_acc: 0.713 train_loss_sup: 0.831
[GPU1] epochs: [12/100] train_acc: 0.711 train_loss_sup: 0.832
[GPU1] epochs: [13/100] train_acc: 0.714 train_loss_sup: 0.830
[GPU1] epochs: [14/100] train_acc: 0.715 train_loss_sup: 0.822
[GPU1] epochs: [15/100] train_acc: 0.714 train_loss_sup: 0.824
[GPU1] epochs: [16/100] train_acc: 0.716 train_loss_sup: 0.821
[GPU1] epochs: [17/100] train_acc: 0.711 train_loss_sup: 0.832
[GPU1] epochs: [18/100] train_acc: 0.719 train_loss_sup: 0.818
[GPU1] epochs: [19/100] train_acc: 0.716 train_loss_sup: 0.822
[GPU1] epochs: [20/100] train_acc: 0.716 train_loss_sup: 0.829
[GPU1] Test Accuracy at epoch: 20: 0.766
[GPU1] epochs: [21/100] train_acc: 0.715 train_loss_sup: 0.823
[GPU1] epochs: [22/100] train_acc: 0.715 train_loss_sup: 0.822
[GPU1] epochs: [23/100] train_acc: 0.716 train_loss_sup: 0.819
[GPU1] epochs: [24/100] train_acc: 0.717 train_loss_sup: 0.818
[GPU1] epochs: [25/100] train_acc: 0.715 train_loss_sup: 0.824
[GPU1] epochs: [26/100] train_acc: 0.712 train_loss_sup: 0.829
[GPU1] epochs: [27/100] train_acc: 0.714 train_loss_sup: 0.819
[GPU1] epochs: [28/100] train_acc: 0.717 train_loss_sup: 0.817
[GPU1] epochs: [29/100] train_acc: 0.714 train_loss_sup: 0.825
[GPU1] epochs: [30/100] train_acc: 0.716 train_loss_sup: 0.818
[GPU1] Test Accuracy at epoch: 30: 0.76
[GPU1] epochs: [31/100] train_acc: 0.713 train_loss_sup: 0.826
[GPU1] epochs: [32/100] train_acc: 0.718 train_loss_sup: 0.819
[GPU1] epochs: [33/100] train_acc: 0.714 train_loss_sup: 0.822
[GPU1] epochs: [34/100] train_acc: 0.716 train_loss_sup: 0.819
[GPU1] epochs: [35/100] train_acc: 0.715 train_loss_sup: 0.820
[GPU1] epochs: [36/100] train_acc: 0.715 train_loss_sup: 0.826
[GPU1] epochs: [37/100] train_acc: 0.713 train_loss_sup: 0.825
[GPU1] epochs: [38/100] train_acc: 0.714 train_loss_sup: 0.821
[GPU1] epochs: [39/100] train_acc: 0.717 train_loss_sup: 0.819
[GPU1] epochs: [40/100] train_acc: 0.718 train_loss_sup: 0.816
[GPU1] Test Accuracy at epoch: 40: 0.76
[GPU1] epochs: [41/100] train_acc: 0.714 train_loss_sup: 0.827
[GPU1] epochs: [42/100] train_acc: 0.715 train_loss_sup: 0.824
[GPU1] epochs: [43/100] train_acc: 0.712 train_loss_sup: 0.825
[GPU1] epochs: [44/100] train_acc: 0.716 train_loss_sup: 0.823
[GPU1] epochs: [45/100] train_acc: 0.717 train_loss_sup: 0.820
[GPU1] epochs: [46/100] train_acc: 0.715 train_loss_sup: 0.823
[GPU1] epochs: [47/100] train_acc: 0.714 train_loss_sup: 0.825
[GPU1] epochs: [48/100] train_acc: 0.716 train_loss_sup: 0.818
[GPU1] epochs: [49/100] train_acc: 0.716 train_loss_sup: 0.819
[GPU1] epochs: [50/100] train_acc: 0.719 train_loss_sup: 0.819
[GPU1] Test Accuracy at epoch: 50: 0.767
[GPU1] epochs: [51/100] train_acc: 0.716 train_loss_sup: 0.817
[GPU1] epochs: [52/100] train_acc: 0.717 train_loss_sup: 0.820
[GPU1] epochs: [53/100] train_acc: 0.716 train_loss_sup: 0.816
[GPU1] epochs: [54/100] train_acc: 0.717 train_loss_sup: 0.821
[GPU1] epochs: [55/100] train_acc: 0.715 train_loss_sup: 0.827
[GPU1] epochs: [56/100] train_acc: 0.712 train_loss_sup: 0.822
[GPU1] epochs: [57/100] train_acc: 0.717 train_loss_sup: 0.820
[GPU1] epochs: [58/100] train_acc: 0.716 train_loss_sup: 0.817
[GPU1] epochs: [59/100] train_acc: 0.716 train_loss_sup: 0.825
[GPU1] epochs: [60/100] train_acc: 0.717 train_loss_sup: 0.818
[GPU1] Test Accuracy at epoch: 60: 0.765
[GPU1] epochs: [61/100] train_acc: 0.717 train_loss_sup: 0.826
[GPU1] epochs: [62/100] train_acc: 0.716 train_loss_sup: 0.822
[GPU1] epochs: [63/100] train_acc: 0.714 train_loss_sup: 0.826
[GPU1] epochs: [64/100] train_acc: 0.715 train_loss_sup: 0.826
[GPU1] epochs: [65/100] train_acc: 0.715 train_loss_sup: 0.824
[GPU1] epochs: [66/100] train_acc: 0.716 train_loss_sup: 0.828
[GPU1] epochs: [67/100] train_acc: 0.715 train_loss_sup: 0.818
[GPU1] epochs: [68/100] train_acc: 0.715 train_loss_sup: 0.816
[GPU1] epochs: [69/100] train_acc: 0.715 train_loss_sup: 0.825
[GPU1] epochs: [70/100] train_acc: 0.720 train_loss_sup: 0.814
[GPU1] Test Accuracy at epoch: 70: 0.768
[GPU1] epochs: [71/100] train_acc: 0.714 train_loss_sup: 0.824
[GPU1] epochs: [72/100] train_acc: 0.717 train_loss_sup: 0.815
[GPU1] epochs: [73/100] train_acc: 0.715 train_loss_sup: 0.826
[GPU1] epochs: [74/100] train_acc: 0.715 train_loss_sup: 0.822
[GPU1] epochs: [75/100] train_acc: 0.716 train_loss_sup: 0.824
[GPU1] epochs: [76/100] train_acc: 0.715 train_loss_sup: 0.823
[GPU1] epochs: [77/100] train_acc: 0.716 train_loss_sup: 0.817
[GPU1] epochs: [78/100] train_acc: 0.715 train_loss_sup: 0.828
[GPU1] epochs: [79/100] train_acc: 0.715 train_loss_sup: 0.826
[GPU1] epochs: [80/100] train_acc: 0.716 train_loss_sup: 0.820
[GPU1] Test Accuracy at epoch: 80: 0.766
[GPU1] epochs: [81/100] train_acc: 0.717 train_loss_sup: 0.813
[GPU1] epochs: [82/100] train_acc: 0.716 train_loss_sup: 0.823
[GPU1] epochs: [83/100] train_acc: 0.716 train_loss_sup: 0.822
[GPU1] epochs: [84/100] train_acc: 0.717 train_loss_sup: 0.818
[GPU1] epochs: [85/100] train_acc: 0.717 train_loss_sup: 0.820
[GPU1] epochs: [86/100] train_acc: 0.715 train_loss_sup: 0.824
[GPU1] epochs: [87/100] train_acc: 0.715 train_loss_sup: 0.820
[GPU1] epochs: [88/100] train_acc: 0.716 train_loss_sup: 0.824
[GPU1] epochs: [89/100] train_acc: 0.718 train_loss_sup: 0.814
[GPU1] epochs: [90/100] train_acc: 0.714 train_loss_sup: 0.829
[GPU1] Test Accuracy at epoch: 90: 0.768
[GPU1] epochs: [91/100] train_acc: 0.717 train_loss_sup: 0.812
[GPU1] epochs: [92/100] train_acc: 0.715 train_loss_sup: 0.827
[GPU1] epochs: [93/100] train_acc: 0.715 train_loss_sup: 0.824
[GPU1] epochs: [94/100] train_acc: 0.713 train_loss_sup: 0.827
[GPU1] epochs: [95/100] train_acc: 0.716 train_loss_sup: 0.820
[GPU1] epochs: [96/100] train_acc: 0.718 train_loss_sup: 0.822
[GPU1] epochs: [97/100] train_acc: 0.716 train_loss_sup: 0.821
[GPU1] epochs: [98/100] train_acc: 0.713 train_loss_sup: 0.831
[GPU1] epochs: [99/100] train_acc: 0.717 train_loss_sup: 0.817
[GPU1] epochs: [100/100] train_acc: 0.715 train_loss_sup: 0.822
[GPU1] Final Test Accuracy: 0.762
LR: 0.100 | WD: 0.000001 | Cosine: False | test Acc: 0.768%
===> using linear mlp
Scheduler: None
MLP: MLP(
  (mlp): Linear(in_features=512, out_features=10, bias=True)
)
[GPU1] Test Accuracy at epoch: 0: 0.727
[GPU1] epochs: [1/100] train_acc: 0.635 train_loss_sup: 1.056
[GPU1] epochs: [2/100] train_acc: 0.687 train_loss_sup: 0.895
[GPU1] epochs: [3/100] train_acc: 0.699 train_loss_sup: 0.870
[GPU1] epochs: [4/100] train_acc: 0.700 train_loss_sup: 0.857
[GPU1] epochs: [5/100] train_acc: 0.706 train_loss_sup: 0.850
[GPU1] epochs: [6/100] train_acc: 0.711 train_loss_sup: 0.838
[GPU1] epochs: [7/100] train_acc: 0.709 train_loss_sup: 0.837
[GPU1] epochs: [8/100] train_acc: 0.711 train_loss_sup: 0.836
[GPU1] epochs: [9/100] train_acc: 0.711 train_loss_sup: 0.832
[GPU1] epochs: [10/100] train_acc: 0.710 train_loss_sup: 0.833
[GPU1] Test Accuracy at epoch: 10: 0.758
[GPU1] epochs: [11/100] train_acc: 0.711 train_loss_sup: 0.834
[GPU1] epochs: [12/100] train_acc: 0.710 train_loss_sup: 0.837
[GPU1] epochs: [13/100] train_acc: 0.714 train_loss_sup: 0.824
[GPU1] epochs: [14/100] train_acc: 0.711 train_loss_sup: 0.831
[GPU1] epochs: [15/100] train_acc: 0.713 train_loss_sup: 0.830
[GPU1] epochs: [16/100] train_acc: 0.714 train_loss_sup: 0.825
[GPU1] epochs: [17/100] train_acc: 0.713 train_loss_sup: 0.821
[GPU1] epochs: [18/100] train_acc: 0.715 train_loss_sup: 0.823
[GPU1] epochs: [19/100] train_acc: 0.715 train_loss_sup: 0.820
[GPU1] epochs: [20/100] train_acc: 0.715 train_loss_sup: 0.826
[GPU1] Test Accuracy at epoch: 20: 0.761
[GPU1] epochs: [21/100] train_acc: 0.715 train_loss_sup: 0.819
[GPU1] epochs: [22/100] train_acc: 0.715 train_loss_sup: 0.827
[GPU1] epochs: [23/100] train_acc: 0.714 train_loss_sup: 0.823
[GPU1] epochs: [24/100] train_acc: 0.717 train_loss_sup: 0.818
[GPU1] epochs: [25/100] train_acc: 0.714 train_loss_sup: 0.822
[GPU1] epochs: [26/100] train_acc: 0.711 train_loss_sup: 0.826
[GPU1] epochs: [27/100] train_acc: 0.712 train_loss_sup: 0.821
[GPU1] epochs: [28/100] train_acc: 0.714 train_loss_sup: 0.821
[GPU1] epochs: [29/100] train_acc: 0.714 train_loss_sup: 0.827
[GPU1] epochs: [30/100] train_acc: 0.714 train_loss_sup: 0.822
[GPU1] Test Accuracy at epoch: 30: 0.768
[GPU1] epochs: [31/100] train_acc: 0.714 train_loss_sup: 0.825
[GPU1] epochs: [32/100] train_acc: 0.716 train_loss_sup: 0.823
[GPU1] epochs: [33/100] train_acc: 0.716 train_loss_sup: 0.820
[GPU1] epochs: [34/100] train_acc: 0.711 train_loss_sup: 0.829
[GPU1] epochs: [35/100] train_acc: 0.713 train_loss_sup: 0.826
[GPU1] epochs: [36/100] train_acc: 0.715 train_loss_sup: 0.822
[GPU1] epochs: [37/100] train_acc: 0.716 train_loss_sup: 0.819
[GPU1] epochs: [38/100] train_acc: 0.714 train_loss_sup: 0.824
[GPU1] epochs: [39/100] train_acc: 0.717 train_loss_sup: 0.818
[GPU1] epochs: [40/100] train_acc: 0.717 train_loss_sup: 0.815
[GPU1] Test Accuracy at epoch: 40: 0.77
[GPU1] epochs: [41/100] train_acc: 0.715 train_loss_sup: 0.821
[GPU1] epochs: [42/100] train_acc: 0.713 train_loss_sup: 0.826
[GPU1] epochs: [43/100] train_acc: 0.714 train_loss_sup: 0.818
[GPU1] epochs: [44/100] train_acc: 0.715 train_loss_sup: 0.823
[GPU1] epochs: [45/100] train_acc: 0.711 train_loss_sup: 0.829
[GPU1] epochs: [46/100] train_acc: 0.716 train_loss_sup: 0.819
[GPU1] epochs: [47/100] train_acc: 0.714 train_loss_sup: 0.817
[GPU1] epochs: [48/100] train_acc: 0.715 train_loss_sup: 0.824
[GPU1] epochs: [49/100] train_acc: 0.716 train_loss_sup: 0.821
[GPU1] epochs: [50/100] train_acc: 0.716 train_loss_sup: 0.825
[GPU1] Test Accuracy at epoch: 50: 0.773
[GPU1] epochs: [51/100] train_acc: 0.716 train_loss_sup: 0.816
[GPU1] epochs: [52/100] train_acc: 0.714 train_loss_sup: 0.819
[GPU1] epochs: [53/100] train_acc: 0.716 train_loss_sup: 0.819
[GPU1] epochs: [54/100] train_acc: 0.716 train_loss_sup: 0.820
[GPU1] epochs: [55/100] train_acc: 0.715 train_loss_sup: 0.821
[GPU1] epochs: [56/100] train_acc: 0.717 train_loss_sup: 0.823
[GPU1] epochs: [57/100] train_acc: 0.716 train_loss_sup: 0.824
[GPU1] epochs: [58/100] train_acc: 0.715 train_loss_sup: 0.822
[GPU1] epochs: [59/100] train_acc: 0.715 train_loss_sup: 0.821
[GPU1] epochs: [60/100] train_acc: 0.715 train_loss_sup: 0.819
[GPU1] Test Accuracy at epoch: 60: 0.763
[GPU1] epochs: [61/100] train_acc: 0.716 train_loss_sup: 0.822
[GPU1] epochs: [62/100] train_acc: 0.717 train_loss_sup: 0.817
[GPU1] epochs: [63/100] train_acc: 0.716 train_loss_sup: 0.822
[GPU1] epochs: [64/100] train_acc: 0.716 train_loss_sup: 0.823
[GPU1] epochs: [65/100] train_acc: 0.716 train_loss_sup: 0.819
[GPU1] epochs: [66/100] train_acc: 0.716 train_loss_sup: 0.819
[GPU1] epochs: [67/100] train_acc: 0.716 train_loss_sup: 0.823
[GPU1] epochs: [68/100] train_acc: 0.715 train_loss_sup: 0.824
[GPU1] epochs: [69/100] train_acc: 0.717 train_loss_sup: 0.818
[GPU1] epochs: [70/100] train_acc: 0.717 train_loss_sup: 0.817
[GPU1] Test Accuracy at epoch: 70: 0.764
[GPU1] epochs: [71/100] train_acc: 0.716 train_loss_sup: 0.812
[GPU1] epochs: [72/100] train_acc: 0.715 train_loss_sup: 0.827
[GPU1] epochs: [73/100] train_acc: 0.719 train_loss_sup: 0.818
[GPU1] epochs: [74/100] train_acc: 0.715 train_loss_sup: 0.824
[GPU1] epochs: [75/100] train_acc: 0.715 train_loss_sup: 0.820
[GPU1] epochs: [76/100] train_acc: 0.713 train_loss_sup: 0.831
[GPU1] epochs: [77/100] train_acc: 0.717 train_loss_sup: 0.819
[GPU1] epochs: [78/100] train_acc: 0.715 train_loss_sup: 0.830
[GPU1] epochs: [79/100] train_acc: 0.713 train_loss_sup: 0.825
[GPU1] epochs: [80/100] train_acc: 0.717 train_loss_sup: 0.819
[GPU1] Test Accuracy at epoch: 80: 0.762
[GPU1] epochs: [81/100] train_acc: 0.716 train_loss_sup: 0.820
[GPU1] epochs: [82/100] train_acc: 0.712 train_loss_sup: 0.830
[GPU1] epochs: [83/100] train_acc: 0.715 train_loss_sup: 0.822
[GPU1] epochs: [84/100] train_acc: 0.715 train_loss_sup: 0.823
[GPU1] epochs: [85/100] train_acc: 0.716 train_loss_sup: 0.820
[GPU1] epochs: [86/100] train_acc: 0.715 train_loss_sup: 0.825
[GPU1] epochs: [87/100] train_acc: 0.714 train_loss_sup: 0.822
[GPU1] epochs: [88/100] train_acc: 0.713 train_loss_sup: 0.826
[GPU1] epochs: [89/100] train_acc: 0.715 train_loss_sup: 0.826
[GPU1] epochs: [90/100] train_acc: 0.717 train_loss_sup: 0.820
[GPU1] Test Accuracy at epoch: 90: 0.767
[GPU1] epochs: [91/100] train_acc: 0.718 train_loss_sup: 0.816
[GPU1] epochs: [92/100] train_acc: 0.712 train_loss_sup: 0.827
[GPU1] epochs: [93/100] train_acc: 0.717 train_loss_sup: 0.820
[GPU1] epochs: [94/100] train_acc: 0.716 train_loss_sup: 0.825
[GPU1] epochs: [95/100] train_acc: 0.718 train_loss_sup: 0.814
[GPU1] epochs: [96/100] train_acc: 0.715 train_loss_sup: 0.821
[GPU1] epochs: [97/100] train_acc: 0.716 train_loss_sup: 0.816
[GPU1] epochs: [98/100] train_acc: 0.717 train_loss_sup: 0.815
[GPU1] epochs: [99/100] train_acc: 0.717 train_loss_sup: 0.820
[GPU1] epochs: [100/100] train_acc: 0.717 train_loss_sup: 0.812
[GPU1] Final Test Accuracy: 0.765
LR: 0.100 | WD: 0.000100 | Cosine: False | test Acc: 0.773%
===> using linear mlp
Scheduler: None
MLP: MLP(
  (mlp): Linear(in_features=512, out_features=10, bias=True)
)
[GPU1] Test Accuracy at epoch: 0: 0.733
[GPU1] epochs: [1/100] train_acc: 0.632 train_loss_sup: 1.058
[GPU1] epochs: [2/100] train_acc: 0.690 train_loss_sup: 0.897
[GPU1] epochs: [3/100] train_acc: 0.697 train_loss_sup: 0.867
[GPU1] epochs: [4/100] train_acc: 0.701 train_loss_sup: 0.863
[GPU1] epochs: [5/100] train_acc: 0.707 train_loss_sup: 0.845
[GPU1] epochs: [6/100] train_acc: 0.708 train_loss_sup: 0.844
[GPU1] epochs: [7/100] train_acc: 0.712 train_loss_sup: 0.834
[GPU1] epochs: [8/100] train_acc: 0.711 train_loss_sup: 0.833
[GPU1] epochs: [9/100] train_acc: 0.711 train_loss_sup: 0.831
[GPU1] epochs: [10/100] train_acc: 0.712 train_loss_sup: 0.836
[GPU1] Test Accuracy at epoch: 10: 0.762
[GPU1] epochs: [11/100] train_acc: 0.711 train_loss_sup: 0.829
[GPU1] epochs: [12/100] train_acc: 0.715 train_loss_sup: 0.824
[GPU1] epochs: [13/100] train_acc: 0.711 train_loss_sup: 0.828
[GPU1] epochs: [14/100] train_acc: 0.714 train_loss_sup: 0.825
[GPU1] epochs: [15/100] train_acc: 0.714 train_loss_sup: 0.826
[GPU1] epochs: [16/100] train_acc: 0.712 train_loss_sup: 0.827
[GPU1] epochs: [17/100] train_acc: 0.715 train_loss_sup: 0.824
[GPU1] epochs: [18/100] train_acc: 0.715 train_loss_sup: 0.820
[GPU1] epochs: [19/100] train_acc: 0.717 train_loss_sup: 0.824
[GPU1] epochs: [20/100] train_acc: 0.718 train_loss_sup: 0.822
[GPU1] Test Accuracy at epoch: 20: 0.766
[GPU1] epochs: [21/100] train_acc: 0.715 train_loss_sup: 0.822
[GPU1] epochs: [22/100] train_acc: 0.714 train_loss_sup: 0.823
[GPU1] epochs: [23/100] train_acc: 0.719 train_loss_sup: 0.817
[GPU1] epochs: [24/100] train_acc: 0.714 train_loss_sup: 0.823
[GPU1] epochs: [25/100] train_acc: 0.714 train_loss_sup: 0.825
[GPU1] epochs: [26/100] train_acc: 0.716 train_loss_sup: 0.823
[GPU1] epochs: [27/100] train_acc: 0.714 train_loss_sup: 0.824
[GPU1] epochs: [28/100] train_acc: 0.716 train_loss_sup: 0.818
[GPU1] epochs: [29/100] train_acc: 0.715 train_loss_sup: 0.823
[GPU1] epochs: [30/100] train_acc: 0.719 train_loss_sup: 0.818
[GPU1] Test Accuracy at epoch: 30: 0.764
[GPU1] epochs: [31/100] train_acc: 0.714 train_loss_sup: 0.829
[GPU1] epochs: [32/100] train_acc: 0.719 train_loss_sup: 0.810
[GPU1] epochs: [33/100] train_acc: 0.713 train_loss_sup: 0.828
[GPU1] epochs: [34/100] train_acc: 0.714 train_loss_sup: 0.820
[GPU1] epochs: [35/100] train_acc: 0.713 train_loss_sup: 0.824
[GPU1] epochs: [36/100] train_acc: 0.715 train_loss_sup: 0.820
[GPU1] epochs: [37/100] train_acc: 0.717 train_loss_sup: 0.824
[GPU1] epochs: [38/100] train_acc: 0.716 train_loss_sup: 0.821
[GPU1] epochs: [39/100] train_acc: 0.716 train_loss_sup: 0.826
[GPU1] epochs: [40/100] train_acc: 0.717 train_loss_sup: 0.818
[GPU1] Test Accuracy at epoch: 40: 0.767
[GPU1] epochs: [41/100] train_acc: 0.718 train_loss_sup: 0.817
[GPU1] epochs: [42/100] train_acc: 0.715 train_loss_sup: 0.824
[GPU1] epochs: [43/100] train_acc: 0.716 train_loss_sup: 0.816
[GPU1] epochs: [44/100] train_acc: 0.714 train_loss_sup: 0.823
[GPU1] epochs: [45/100] train_acc: 0.718 train_loss_sup: 0.820
[GPU1] epochs: [46/100] train_acc: 0.717 train_loss_sup: 0.821
[GPU1] epochs: [47/100] train_acc: 0.717 train_loss_sup: 0.819
[GPU1] epochs: [48/100] train_acc: 0.715 train_loss_sup: 0.827
[GPU1] epochs: [49/100] train_acc: 0.716 train_loss_sup: 0.819
[GPU1] epochs: [50/100] train_acc: 0.711 train_loss_sup: 0.827
[GPU1] Test Accuracy at epoch: 50: 0.77
[GPU1] epochs: [51/100] train_acc: 0.716 train_loss_sup: 0.819
[GPU1] epochs: [52/100] train_acc: 0.714 train_loss_sup: 0.821
[GPU1] epochs: [53/100] train_acc: 0.717 train_loss_sup: 0.820
[GPU1] epochs: [54/100] train_acc: 0.714 train_loss_sup: 0.823
[GPU1] epochs: [55/100] train_acc: 0.716 train_loss_sup: 0.815
[GPU1] epochs: [56/100] train_acc: 0.717 train_loss_sup: 0.814
[GPU1] epochs: [57/100] train_acc: 0.718 train_loss_sup: 0.822
[GPU1] epochs: [58/100] train_acc: 0.715 train_loss_sup: 0.820
[GPU1] epochs: [59/100] train_acc: 0.716 train_loss_sup: 0.822
[GPU1] epochs: [60/100] train_acc: 0.711 train_loss_sup: 0.832
[GPU1] Test Accuracy at epoch: 60: 0.766
[GPU1] epochs: [61/100] train_acc: 0.718 train_loss_sup: 0.821
[GPU1] epochs: [62/100] train_acc: 0.717 train_loss_sup: 0.819
[GPU1] epochs: [63/100] train_acc: 0.717 train_loss_sup: 0.821
[GPU1] epochs: [64/100] train_acc: 0.712 train_loss_sup: 0.831
[GPU1] epochs: [65/100] train_acc: 0.717 train_loss_sup: 0.816
[GPU1] epochs: [66/100] train_acc: 0.716 train_loss_sup: 0.821
[GPU1] epochs: [67/100] train_acc: 0.712 train_loss_sup: 0.826
[GPU1] epochs: [68/100] train_acc: 0.714 train_loss_sup: 0.826
[GPU1] epochs: [69/100] train_acc: 0.710 train_loss_sup: 0.831
[GPU1] epochs: [70/100] train_acc: 0.716 train_loss_sup: 0.818
[GPU1] Test Accuracy at epoch: 70: 0.761
[GPU1] epochs: [71/100] train_acc: 0.717 train_loss_sup: 0.820
[GPU1] epochs: [72/100] train_acc: 0.717 train_loss_sup: 0.817
[GPU1] epochs: [73/100] train_acc: 0.717 train_loss_sup: 0.820
[GPU1] epochs: [74/100] train_acc: 0.712 train_loss_sup: 0.836
[GPU1] epochs: [75/100] train_acc: 0.717 train_loss_sup: 0.821
[GPU1] epochs: [76/100] train_acc: 0.716 train_loss_sup: 0.820
[GPU1] epochs: [77/100] train_acc: 0.717 train_loss_sup: 0.819
[GPU1] epochs: [78/100] train_acc: 0.713 train_loss_sup: 0.827
[GPU1] epochs: [79/100] train_acc: 0.716 train_loss_sup: 0.819
[GPU1] epochs: [80/100] train_acc: 0.715 train_loss_sup: 0.823
[GPU1] Test Accuracy at epoch: 80: 0.761
[GPU1] epochs: [81/100] train_acc: 0.715 train_loss_sup: 0.824
[GPU1] epochs: [82/100] train_acc: 0.714 train_loss_sup: 0.825
[GPU1] epochs: [83/100] train_acc: 0.717 train_loss_sup: 0.816
[GPU1] epochs: [84/100] train_acc: 0.713 train_loss_sup: 0.829
[GPU1] epochs: [85/100] train_acc: 0.715 train_loss_sup: 0.823
[GPU1] epochs: [86/100] train_acc: 0.716 train_loss_sup: 0.817
[GPU1] epochs: [87/100] train_acc: 0.720 train_loss_sup: 0.809
[GPU1] epochs: [88/100] train_acc: 0.715 train_loss_sup: 0.814
[GPU1] epochs: [89/100] train_acc: 0.714 train_loss_sup: 0.828
[GPU1] epochs: [90/100] train_acc: 0.716 train_loss_sup: 0.819
[GPU1] Test Accuracy at epoch: 90: 0.766
[GPU1] epochs: [91/100] train_acc: 0.715 train_loss_sup: 0.826
[GPU1] epochs: [92/100] train_acc: 0.715 train_loss_sup: 0.820
[GPU1] epochs: [93/100] train_acc: 0.713 train_loss_sup: 0.822
[GPU1] epochs: [94/100] train_acc: 0.715 train_loss_sup: 0.818
[GPU1] epochs: [95/100] train_acc: 0.715 train_loss_sup: 0.822
[GPU1] epochs: [96/100] train_acc: 0.713 train_loss_sup: 0.825
[GPU1] epochs: [97/100] train_acc: 0.717 train_loss_sup: 0.816
[GPU1] epochs: [98/100] train_acc: 0.716 train_loss_sup: 0.824
[GPU1] epochs: [99/100] train_acc: 0.716 train_loss_sup: 0.818
[GPU1] epochs: [100/100] train_acc: 0.714 train_loss_sup: 0.817
[GPU1] Final Test Accuracy: 0.763
LR: 0.100 | WD: 0.000000 | Cosine: False | test Acc: 0.770%
===> using linear mlp
Scheduler: None
MLP: MLP(
  (mlp): Linear(in_features=512, out_features=10, bias=True)
)
[GPU1] Test Accuracy at epoch: 0: 0.657
[GPU1] epochs: [1/100] train_acc: 0.577 train_loss_sup: 3.305
[GPU1] epochs: [2/100] train_acc: 0.616 train_loss_sup: 1.856
[GPU1] epochs: [3/100] train_acc: 0.614 train_loss_sup: 1.867
[GPU1] epochs: [4/100] train_acc: 0.631 train_loss_sup: 1.736
[GPU1] epochs: [5/100] train_acc: 0.621 train_loss_sup: 1.959
[GPU1] epochs: [6/100] train_acc: 0.633 train_loss_sup: 1.753
[GPU1] epochs: [7/100] train_acc: 0.622 train_loss_sup: 1.981
[GPU1] epochs: [8/100] train_acc: 0.612 train_loss_sup: 2.186
[GPU1] epochs: [9/100] train_acc: 0.635 train_loss_sup: 1.737
[GPU1] epochs: [10/100] train_acc: 0.640 train_loss_sup: 1.590
[GPU1] Test Accuracy at epoch: 10: 0.704
[GPU1] epochs: [11/100] train_acc: 0.627 train_loss_sup: 1.834
[GPU1] epochs: [12/100] train_acc: 0.619 train_loss_sup: 1.912
[GPU1] epochs: [13/100] train_acc: 0.628 train_loss_sup: 1.920
[GPU1] epochs: [14/100] train_acc: 0.638 train_loss_sup: 1.600
[GPU1] epochs: [15/100] train_acc: 0.618 train_loss_sup: 2.094
[GPU1] epochs: [16/100] train_acc: 0.634 train_loss_sup: 1.761
[GPU1] epochs: [17/100] train_acc: 0.622 train_loss_sup: 2.095
[GPU1] epochs: [18/100] train_acc: 0.640 train_loss_sup: 1.688
[GPU1] epochs: [19/100] train_acc: 0.628 train_loss_sup: 1.868
[GPU1] epochs: [20/100] train_acc: 0.629 train_loss_sup: 1.984
[GPU1] Test Accuracy at epoch: 20: 0.661
[GPU1] epochs: [21/100] train_acc: 0.630 train_loss_sup: 1.832
[GPU1] epochs: [22/100] train_acc: 0.643 train_loss_sup: 1.630
[GPU1] epochs: [23/100] train_acc: 0.627 train_loss_sup: 1.885
[GPU1] epochs: [24/100] train_acc: 0.635 train_loss_sup: 1.642
[GPU1] epochs: [25/100] train_acc: 0.623 train_loss_sup: 2.150
[GPU1] epochs: [26/100] train_acc: 0.638 train_loss_sup: 1.631
[GPU1] epochs: [27/100] train_acc: 0.638 train_loss_sup: 1.615
[GPU1] epochs: [28/100] train_acc: 0.624 train_loss_sup: 1.872
[GPU1] epochs: [29/100] train_acc: 0.634 train_loss_sup: 1.680
[GPU1] epochs: [30/100] train_acc: 0.625 train_loss_sup: 1.820
[GPU1] Test Accuracy at epoch: 30: 0.643
[GPU1] epochs: [31/100] train_acc: 0.625 train_loss_sup: 1.935
[GPU1] epochs: [32/100] train_acc: 0.629 train_loss_sup: 1.915
[GPU1] epochs: [33/100] train_acc: 0.636 train_loss_sup: 1.669
[GPU1] epochs: [34/100] train_acc: 0.628 train_loss_sup: 1.837
[GPU1] epochs: [35/100] train_acc: 0.628 train_loss_sup: 1.852
[GPU1] epochs: [36/100] train_acc: 0.636 train_loss_sup: 1.697
[GPU1] epochs: [37/100] train_acc: 0.626 train_loss_sup: 1.915
[GPU1] epochs: [38/100] train_acc: 0.640 train_loss_sup: 1.718
[GPU1] epochs: [39/100] train_acc: 0.626 train_loss_sup: 1.831
[GPU1] epochs: [40/100] train_acc: 0.634 train_loss_sup: 1.726
[GPU1] Test Accuracy at epoch: 40: 0.683
[GPU1] epochs: [41/100] train_acc: 0.640 train_loss_sup: 1.618
[GPU1] epochs: [42/100] train_acc: 0.621 train_loss_sup: 1.862
[GPU1] epochs: [43/100] train_acc: 0.633 train_loss_sup: 1.731
[GPU1] epochs: [44/100] train_acc: 0.634 train_loss_sup: 1.771
[GPU1] epochs: [45/100] train_acc: 0.636 train_loss_sup: 1.615
[GPU1] epochs: [46/100] train_acc: 0.632 train_loss_sup: 1.717
[GPU1] epochs: [47/100] train_acc: 0.627 train_loss_sup: 1.781
[GPU1] epochs: [48/100] train_acc: 0.630 train_loss_sup: 1.765
[GPU1] epochs: [49/100] train_acc: 0.631 train_loss_sup: 1.814
[GPU1] epochs: [50/100] train_acc: 0.624 train_loss_sup: 2.042
[GPU1] Test Accuracy at epoch: 50: 0.712
[GPU1] epochs: [51/100] train_acc: 0.637 train_loss_sup: 1.677
[GPU1] epochs: [52/100] train_acc: 0.627 train_loss_sup: 1.889
[GPU1] epochs: [53/100] train_acc: 0.632 train_loss_sup: 1.723
[GPU1] epochs: [54/100] train_acc: 0.628 train_loss_sup: 1.805
[GPU1] epochs: [55/100] train_acc: 0.631 train_loss_sup: 1.841
[GPU1] epochs: [56/100] train_acc: 0.634 train_loss_sup: 1.692
[GPU1] epochs: [57/100] train_acc: 0.631 train_loss_sup: 1.743
[GPU1] epochs: [58/100] train_acc: 0.634 train_loss_sup: 1.746
[GPU1] epochs: [59/100] train_acc: 0.624 train_loss_sup: 1.948
[GPU1] epochs: [60/100] train_acc: 0.638 train_loss_sup: 1.634
[GPU1] Test Accuracy at epoch: 60: 0.698
[GPU1] epochs: [61/100] train_acc: 0.627 train_loss_sup: 1.884
[GPU1] epochs: [62/100] train_acc: 0.637 train_loss_sup: 1.667
[GPU1] epochs: [63/100] train_acc: 0.629 train_loss_sup: 1.713
[GPU1] epochs: [64/100] train_acc: 0.626 train_loss_sup: 1.778
[GPU1] epochs: [65/100] train_acc: 0.627 train_loss_sup: 1.880
[GPU1] epochs: [66/100] train_acc: 0.629 train_loss_sup: 1.865
[GPU1] epochs: [67/100] train_acc: 0.637 train_loss_sup: 1.800
[GPU1] epochs: [68/100] train_acc: 0.626 train_loss_sup: 1.950
[GPU1] epochs: [69/100] train_acc: 0.634 train_loss_sup: 1.825
[GPU1] epochs: [70/100] train_acc: 0.629 train_loss_sup: 1.769
[GPU1] Test Accuracy at epoch: 70: 0.678
[GPU1] epochs: [71/100] train_acc: 0.634 train_loss_sup: 1.744
[GPU1] epochs: [72/100] train_acc: 0.636 train_loss_sup: 1.661
[GPU1] epochs: [73/100] train_acc: 0.633 train_loss_sup: 1.757
[GPU1] epochs: [74/100] train_acc: 0.628 train_loss_sup: 1.776
[GPU1] epochs: [75/100] train_acc: 0.625 train_loss_sup: 1.882
[GPU1] epochs: [76/100] train_acc: 0.628 train_loss_sup: 2.082
[GPU1] epochs: [77/100] train_acc: 0.633 train_loss_sup: 1.785
[GPU1] epochs: [78/100] train_acc: 0.637 train_loss_sup: 1.700
[GPU1] epochs: [79/100] train_acc: 0.628 train_loss_sup: 1.972
[GPU1] epochs: [80/100] train_acc: 0.632 train_loss_sup: 1.722
[GPU1] Test Accuracy at epoch: 80: 0.658
[GPU1] epochs: [81/100] train_acc: 0.634 train_loss_sup: 1.712
[GPU1] epochs: [82/100] train_acc: 0.635 train_loss_sup: 1.691
[GPU1] epochs: [83/100] train_acc: 0.637 train_loss_sup: 1.583
[GPU1] epochs: [84/100] train_acc: 0.627 train_loss_sup: 1.756
[GPU1] epochs: [85/100] train_acc: 0.624 train_loss_sup: 1.760
[GPU1] epochs: [86/100] train_acc: 0.616 train_loss_sup: 2.341
[GPU1] epochs: [87/100] train_acc: 0.632 train_loss_sup: 1.957
[GPU1] epochs: [88/100] train_acc: 0.632 train_loss_sup: 1.805
[GPU1] epochs: [89/100] train_acc: 0.627 train_loss_sup: 1.923
[GPU1] epochs: [90/100] train_acc: 0.637 train_loss_sup: 1.788
[GPU1] Test Accuracy at epoch: 90: 0.669
[GPU1] epochs: [91/100] train_acc: 0.620 train_loss_sup: 2.063
[GPU1] epochs: [92/100] train_acc: 0.637 train_loss_sup: 1.797
[GPU1] epochs: [93/100] train_acc: 0.632 train_loss_sup: 1.745
[GPU1] epochs: [94/100] train_acc: 0.631 train_loss_sup: 1.724
[GPU1] epochs: [95/100] train_acc: 0.633 train_loss_sup: 1.660
[GPU1] epochs: [96/100] train_acc: 0.633 train_loss_sup: 1.751
[GPU1] epochs: [97/100] train_acc: 0.632 train_loss_sup: 1.711
[GPU1] epochs: [98/100] train_acc: 0.627 train_loss_sup: 1.803
[GPU1] epochs: [99/100] train_acc: 0.641 train_loss_sup: 1.654
[GPU1] epochs: [100/100] train_acc: 0.623 train_loss_sup: 1.893
[GPU1] Final Test Accuracy: 0.666
LR: 1.000 | WD: 0.000001 | Cosine: False | test Acc: 0.712%
===> using linear mlp
Scheduler: None
MLP: MLP(
  (mlp): Linear(in_features=512, out_features=10, bias=True)
)
[GPU1] Test Accuracy at epoch: 0: 0.683
[GPU1] epochs: [1/100] train_acc: 0.570 train_loss_sup: 2.776
[GPU1] epochs: [2/100] train_acc: 0.613 train_loss_sup: 2.206
[GPU1] epochs: [3/100] train_acc: 0.620 train_loss_sup: 1.967
[GPU1] epochs: [4/100] train_acc: 0.622 train_loss_sup: 1.779
[GPU1] epochs: [5/100] train_acc: 0.617 train_loss_sup: 1.879
[GPU1] epochs: [6/100] train_acc: 0.626 train_loss_sup: 1.825
[GPU1] epochs: [7/100] train_acc: 0.612 train_loss_sup: 2.252
[GPU1] epochs: [8/100] train_acc: 0.629 train_loss_sup: 1.643
[GPU1] epochs: [9/100] train_acc: 0.622 train_loss_sup: 1.831
[GPU1] epochs: [10/100] train_acc: 0.625 train_loss_sup: 1.816
[GPU1] Test Accuracy at epoch: 10: 0.632
[GPU1] epochs: [11/100] train_acc: 0.621 train_loss_sup: 1.860
[GPU1] epochs: [12/100] train_acc: 0.629 train_loss_sup: 1.752
[GPU1] epochs: [13/100] train_acc: 0.624 train_loss_sup: 1.812
[GPU1] epochs: [14/100] train_acc: 0.630 train_loss_sup: 1.754
[GPU1] epochs: [15/100] train_acc: 0.614 train_loss_sup: 2.045
[GPU1] epochs: [16/100] train_acc: 0.624 train_loss_sup: 1.769
[GPU1] epochs: [17/100] train_acc: 0.624 train_loss_sup: 1.900
[GPU1] epochs: [18/100] train_acc: 0.634 train_loss_sup: 1.616
[GPU1] epochs: [19/100] train_acc: 0.614 train_loss_sup: 2.045
[GPU1] epochs: [20/100] train_acc: 0.623 train_loss_sup: 1.870
[GPU1] Test Accuracy at epoch: 20: 0.688
[GPU1] epochs: [21/100] train_acc: 0.632 train_loss_sup: 1.704
[GPU1] epochs: [22/100] train_acc: 0.619 train_loss_sup: 1.888
[GPU1] epochs: [23/100] train_acc: 0.620 train_loss_sup: 1.887
[GPU1] epochs: [24/100] train_acc: 0.617 train_loss_sup: 2.058
[GPU1] epochs: [25/100] train_acc: 0.622 train_loss_sup: 1.812
[GPU1] epochs: [26/100] train_acc: 0.638 train_loss_sup: 1.522
[GPU1] epochs: [27/100] train_acc: 0.620 train_loss_sup: 1.968
[GPU1] epochs: [28/100] train_acc: 0.622 train_loss_sup: 1.786
[GPU1] epochs: [29/100] train_acc: 0.620 train_loss_sup: 1.918
[GPU1] epochs: [30/100] train_acc: 0.626 train_loss_sup: 1.700
[GPU1] Test Accuracy at epoch: 30: 0.687
[GPU1] epochs: [31/100] train_acc: 0.616 train_loss_sup: 1.930
[GPU1] epochs: [32/100] train_acc: 0.624 train_loss_sup: 1.755
[GPU1] epochs: [33/100] train_acc: 0.627 train_loss_sup: 1.692
[GPU1] epochs: [34/100] train_acc: 0.623 train_loss_sup: 1.757
[GPU1] epochs: [35/100] train_acc: 0.625 train_loss_sup: 1.691
[GPU1] epochs: [36/100] train_acc: 0.615 train_loss_sup: 2.029
[GPU1] epochs: [37/100] train_acc: 0.624 train_loss_sup: 1.854
[GPU1] epochs: [38/100] train_acc: 0.619 train_loss_sup: 2.042
[GPU1] epochs: [39/100] train_acc: 0.637 train_loss_sup: 1.715
[GPU1] epochs: [40/100] train_acc: 0.618 train_loss_sup: 1.794
[GPU1] Test Accuracy at epoch: 40: 0.685
[GPU1] epochs: [41/100] train_acc: 0.616 train_loss_sup: 1.795
[GPU1] epochs: [42/100] train_acc: 0.629 train_loss_sup: 1.664
[GPU1] epochs: [43/100] train_acc: 0.617 train_loss_sup: 1.844
[GPU1] epochs: [44/100] train_acc: 0.616 train_loss_sup: 1.955
[GPU1] epochs: [45/100] train_acc: 0.623 train_loss_sup: 1.829
[GPU1] epochs: [46/100] train_acc: 0.633 train_loss_sup: 1.698
[GPU1] epochs: [47/100] train_acc: 0.622 train_loss_sup: 1.872
[GPU1] epochs: [48/100] train_acc: 0.623 train_loss_sup: 1.902
[GPU1] epochs: [49/100] train_acc: 0.620 train_loss_sup: 1.820
[GPU1] epochs: [50/100] train_acc: 0.621 train_loss_sup: 1.953
[GPU1] Test Accuracy at epoch: 50: 0.617
[GPU1] epochs: [51/100] train_acc: 0.627 train_loss_sup: 1.768
[GPU1] epochs: [52/100] train_acc: 0.611 train_loss_sup: 2.186
[GPU1] epochs: [53/100] train_acc: 0.627 train_loss_sup: 1.808
[GPU1] epochs: [54/100] train_acc: 0.627 train_loss_sup: 1.745
[GPU1] epochs: [55/100] train_acc: 0.611 train_loss_sup: 2.044
[GPU1] epochs: [56/100] train_acc: 0.631 train_loss_sup: 1.704
[GPU1] epochs: [57/100] train_acc: 0.627 train_loss_sup: 1.753
[GPU1] epochs: [58/100] train_acc: 0.633 train_loss_sup: 1.515
[GPU1] epochs: [59/100] train_acc: 0.607 train_loss_sup: 2.290
[GPU1] epochs: [60/100] train_acc: 0.625 train_loss_sup: 1.803
[GPU1] Test Accuracy at epoch: 60: 0.541
[GPU1] epochs: [61/100] train_acc: 0.623 train_loss_sup: 1.780
[GPU1] epochs: [62/100] train_acc: 0.625 train_loss_sup: 1.960
[GPU1] epochs: [63/100] train_acc: 0.625 train_loss_sup: 1.734
[GPU1] epochs: [64/100] train_acc: 0.625 train_loss_sup: 1.702
[GPU1] epochs: [65/100] train_acc: 0.615 train_loss_sup: 2.032
[GPU1] epochs: [66/100] train_acc: 0.621 train_loss_sup: 1.959
[GPU1] epochs: [67/100] train_acc: 0.618 train_loss_sup: 2.088
[GPU1] epochs: [68/100] train_acc: 0.627 train_loss_sup: 1.785
[GPU1] epochs: [69/100] train_acc: 0.624 train_loss_sup: 1.813
[GPU1] epochs: [70/100] train_acc: 0.616 train_loss_sup: 1.797
[GPU1] Test Accuracy at epoch: 70: 0.726
[GPU1] epochs: [71/100] train_acc: 0.620 train_loss_sup: 2.094
[GPU1] epochs: [72/100] train_acc: 0.631 train_loss_sup: 1.782
[GPU1] epochs: [73/100] train_acc: 0.623 train_loss_sup: 1.889
[GPU1] epochs: [74/100] train_acc: 0.620 train_loss_sup: 1.916
[GPU1] epochs: [75/100] train_acc: 0.611 train_loss_sup: 2.166
[GPU1] epochs: [76/100] train_acc: 0.629 train_loss_sup: 1.715
[GPU1] epochs: [77/100] train_acc: 0.621 train_loss_sup: 1.782
[GPU1] epochs: [78/100] train_acc: 0.614 train_loss_sup: 2.015
[GPU1] epochs: [79/100] train_acc: 0.630 train_loss_sup: 1.840
[GPU1] epochs: [80/100] train_acc: 0.620 train_loss_sup: 1.826
[GPU1] Test Accuracy at epoch: 80: 0.665
[GPU1] epochs: [81/100] train_acc: 0.632 train_loss_sup: 1.639
[GPU1] epochs: [82/100] train_acc: 0.623 train_loss_sup: 1.749
[GPU1] epochs: [83/100] train_acc: 0.619 train_loss_sup: 1.830
[GPU1] epochs: [84/100] train_acc: 0.626 train_loss_sup: 1.757
[GPU1] epochs: [85/100] train_acc: 0.631 train_loss_sup: 1.623
[GPU1] epochs: [86/100] train_acc: 0.621 train_loss_sup: 1.673
[GPU1] epochs: [87/100] train_acc: 0.615 train_loss_sup: 1.998
[GPU1] epochs: [88/100] train_acc: 0.627 train_loss_sup: 1.741
[GPU1] epochs: [89/100] train_acc: 0.628 train_loss_sup: 1.825
[GPU1] epochs: [90/100] train_acc: 0.624 train_loss_sup: 1.728
[GPU1] Test Accuracy at epoch: 90: 0.667
[GPU1] epochs: [91/100] train_acc: 0.617 train_loss_sup: 2.009
[GPU1] epochs: [92/100] train_acc: 0.625 train_loss_sup: 1.755
[GPU1] epochs: [93/100] train_acc: 0.630 train_loss_sup: 1.695
[GPU1] epochs: [94/100] train_acc: 0.619 train_loss_sup: 1.806
[GPU1] epochs: [95/100] train_acc: 0.623 train_loss_sup: 1.936
[GPU1] epochs: [96/100] train_acc: 0.624 train_loss_sup: 1.856
[GPU1] epochs: [97/100] train_acc: 0.616 train_loss_sup: 1.930
[GPU1] epochs: [98/100] train_acc: 0.623 train_loss_sup: 1.947
[GPU1] epochs: [99/100] train_acc: 0.623 train_loss_sup: 1.804
[GPU1] epochs: [100/100] train_acc: 0.618 train_loss_sup: 1.967
[GPU1] Final Test Accuracy: 0.645
LR: 1.000 | WD: 0.000100 | Cosine: False | test Acc: 0.726%
===> using linear mlp
Scheduler: None
MLP: MLP(
  (mlp): Linear(in_features=512, out_features=10, bias=True)
)
[GPU1] Test Accuracy at epoch: 0: 0.672
[GPU1] epochs: [1/100] train_acc: 0.577 train_loss_sup: 3.450
[GPU1] epochs: [2/100] train_acc: 0.616 train_loss_sup: 1.972
[GPU1] epochs: [3/100] train_acc: 0.620 train_loss_sup: 1.974
[GPU1] epochs: [4/100] train_acc: 0.628 train_loss_sup: 1.979
[GPU1] epochs: [5/100] train_acc: 0.629 train_loss_sup: 1.767
[GPU1] epochs: [6/100] train_acc: 0.622 train_loss_sup: 1.888
[GPU1] epochs: [7/100] train_acc: 0.634 train_loss_sup: 1.758
[GPU1] epochs: [8/100] train_acc: 0.636 train_loss_sup: 1.665
[GPU1] epochs: [9/100] train_acc: 0.622 train_loss_sup: 1.952
[GPU1] epochs: [10/100] train_acc: 0.633 train_loss_sup: 1.748
[GPU1] Test Accuracy at epoch: 10: 0.668
[GPU1] epochs: [11/100] train_acc: 0.633 train_loss_sup: 1.695
[GPU1] epochs: [12/100] train_acc: 0.626 train_loss_sup: 1.861
[GPU1] epochs: [13/100] train_acc: 0.629 train_loss_sup: 1.857
[GPU1] epochs: [14/100] train_acc: 0.624 train_loss_sup: 1.903
[GPU1] epochs: [15/100] train_acc: 0.634 train_loss_sup: 1.730
[GPU1] epochs: [16/100] train_acc: 0.626 train_loss_sup: 1.928
[GPU1] epochs: [17/100] train_acc: 0.638 train_loss_sup: 1.634
[GPU1] epochs: [18/100] train_acc: 0.619 train_loss_sup: 2.071
[GPU1] epochs: [19/100] train_acc: 0.648 train_loss_sup: 1.524
[GPU1] epochs: [20/100] train_acc: 0.625 train_loss_sup: 2.062
[GPU1] Test Accuracy at epoch: 20: 0.686
[GPU1] epochs: [21/100] train_acc: 0.632 train_loss_sup: 1.796
[GPU1] epochs: [22/100] train_acc: 0.631 train_loss_sup: 1.860
[GPU1] epochs: [23/100] train_acc: 0.633 train_loss_sup: 1.698
[GPU1] epochs: [24/100] train_acc: 0.628 train_loss_sup: 1.797
[GPU1] epochs: [25/100] train_acc: 0.634 train_loss_sup: 1.734
[GPU1] epochs: [26/100] train_acc: 0.631 train_loss_sup: 1.725
[GPU1] epochs: [27/100] train_acc: 0.626 train_loss_sup: 1.763
[GPU1] epochs: [28/100] train_acc: 0.630 train_loss_sup: 1.854
[GPU1] epochs: [29/100] train_acc: 0.634 train_loss_sup: 1.747
[GPU1] epochs: [30/100] train_acc: 0.617 train_loss_sup: 2.046
[GPU1] Test Accuracy at epoch: 30: 0.687
[GPU1] epochs: [31/100] train_acc: 0.640 train_loss_sup: 1.667
[GPU1] epochs: [32/100] train_acc: 0.635 train_loss_sup: 1.809
[GPU1] epochs: [33/100] train_acc: 0.624 train_loss_sup: 1.949
[GPU1] epochs: [34/100] train_acc: 0.634 train_loss_sup: 1.723
[GPU1] epochs: [35/100] train_acc: 0.642 train_loss_sup: 1.560
[GPU1] epochs: [36/100] train_acc: 0.625 train_loss_sup: 1.873
[GPU1] epochs: [37/100] train_acc: 0.633 train_loss_sup: 1.647
[GPU1] epochs: [38/100] train_acc: 0.621 train_loss_sup: 2.156
[GPU1] epochs: [39/100] train_acc: 0.632 train_loss_sup: 1.764
[GPU1] epochs: [40/100] train_acc: 0.639 train_loss_sup: 1.651
[GPU1] Test Accuracy at epoch: 40: 0.655
[GPU1] epochs: [41/100] train_acc: 0.625 train_loss_sup: 1.961
[GPU1] epochs: [42/100] train_acc: 0.643 train_loss_sup: 1.592
[GPU1] epochs: [43/100] train_acc: 0.623 train_loss_sup: 1.921
[GPU1] epochs: [44/100] train_acc: 0.627 train_loss_sup: 1.851
[GPU1] epochs: [45/100] train_acc: 0.630 train_loss_sup: 1.987
[GPU1] epochs: [46/100] train_acc: 0.630 train_loss_sup: 1.797
[GPU1] epochs: [47/100] train_acc: 0.626 train_loss_sup: 1.847
[GPU1] epochs: [48/100] train_acc: 0.632 train_loss_sup: 1.784
[GPU1] epochs: [49/100] train_acc: 0.631 train_loss_sup: 1.710
[GPU1] epochs: [50/100] train_acc: 0.639 train_loss_sup: 1.720
[GPU1] Test Accuracy at epoch: 50: 0.698
[GPU1] epochs: [51/100] train_acc: 0.620 train_loss_sup: 2.053
[GPU1] epochs: [52/100] train_acc: 0.634 train_loss_sup: 1.816
[GPU1] epochs: [53/100] train_acc: 0.626 train_loss_sup: 1.965
[GPU1] epochs: [54/100] train_acc: 0.635 train_loss_sup: 1.833
[GPU1] epochs: [55/100] train_acc: 0.634 train_loss_sup: 1.734
[GPU1] epochs: [56/100] train_acc: 0.638 train_loss_sup: 1.623
[GPU1] epochs: [57/100] train_acc: 0.621 train_loss_sup: 1.884
[GPU1] epochs: [58/100] train_acc: 0.631 train_loss_sup: 1.825
[GPU1] epochs: [59/100] train_acc: 0.639 train_loss_sup: 1.714
[GPU1] epochs: [60/100] train_acc: 0.631 train_loss_sup: 1.787
[GPU1] Test Accuracy at epoch: 60: 0.687
[GPU1] epochs: [61/100] train_acc: 0.633 train_loss_sup: 1.655
[GPU1] epochs: [62/100] train_acc: 0.630 train_loss_sup: 1.878
[GPU1] epochs: [63/100] train_acc: 0.631 train_loss_sup: 1.799
[GPU1] epochs: [64/100] train_acc: 0.638 train_loss_sup: 1.665
[GPU1] epochs: [65/100] train_acc: 0.625 train_loss_sup: 1.873
[GPU1] epochs: [66/100] train_acc: 0.631 train_loss_sup: 1.826
[GPU1] epochs: [67/100] train_acc: 0.625 train_loss_sup: 1.997
[GPU1] epochs: [68/100] train_acc: 0.636 train_loss_sup: 1.723
[GPU1] epochs: [69/100] train_acc: 0.637 train_loss_sup: 1.566
[GPU1] epochs: [70/100] train_acc: 0.627 train_loss_sup: 1.788
[GPU1] Test Accuracy at epoch: 70: 0.674
[GPU1] epochs: [71/100] train_acc: 0.622 train_loss_sup: 1.913
[GPU1] epochs: [72/100] train_acc: 0.631 train_loss_sup: 1.789
[GPU1] epochs: [73/100] train_acc: 0.619 train_loss_sup: 1.961
[GPU1] epochs: [74/100] train_acc: 0.635 train_loss_sup: 1.731
[GPU1] epochs: [75/100] train_acc: 0.626 train_loss_sup: 1.884
[GPU1] epochs: [76/100] train_acc: 0.632 train_loss_sup: 1.804
[GPU1] epochs: [77/100] train_acc: 0.630 train_loss_sup: 2.026
[GPU1] epochs: [78/100] train_acc: 0.637 train_loss_sup: 1.758
[GPU1] epochs: [79/100] train_acc: 0.626 train_loss_sup: 1.840
[GPU1] epochs: [80/100] train_acc: 0.634 train_loss_sup: 1.820
[GPU1] Test Accuracy at epoch: 80: 0.692
[GPU1] epochs: [81/100] train_acc: 0.634 train_loss_sup: 1.643
[GPU1] epochs: [82/100] train_acc: 0.630 train_loss_sup: 1.822
[GPU1] epochs: [83/100] train_acc: 0.630 train_loss_sup: 1.773
[GPU1] epochs: [84/100] train_acc: 0.632 train_loss_sup: 1.831
[GPU1] epochs: [85/100] train_acc: 0.637 train_loss_sup: 1.709
[GPU1] epochs: [86/100] train_acc: 0.625 train_loss_sup: 1.853
[GPU1] epochs: [87/100] train_acc: 0.636 train_loss_sup: 1.682
[GPU1] epochs: [88/100] train_acc: 0.628 train_loss_sup: 1.855
[GPU1] epochs: [89/100] train_acc: 0.633 train_loss_sup: 1.824
[GPU1] epochs: [90/100] train_acc: 0.634 train_loss_sup: 1.942
[GPU1] Test Accuracy at epoch: 90: 0.701
[GPU1] epochs: [91/100] train_acc: 0.639 train_loss_sup: 1.610
[GPU1] epochs: [92/100] train_acc: 0.633 train_loss_sup: 1.761
[GPU1] epochs: [93/100] train_acc: 0.625 train_loss_sup: 1.881
[GPU1] epochs: [94/100] train_acc: 0.631 train_loss_sup: 1.810
[GPU1] epochs: [95/100] train_acc: 0.622 train_loss_sup: 1.890
[GPU1] epochs: [96/100] train_acc: 0.629 train_loss_sup: 1.861
[GPU1] epochs: [97/100] train_acc: 0.631 train_loss_sup: 1.800
[GPU1] epochs: [98/100] train_acc: 0.632 train_loss_sup: 1.894
[GPU1] epochs: [99/100] train_acc: 0.639 train_loss_sup: 1.800
[GPU1] epochs: [100/100] train_acc: 0.635 train_loss_sup: 1.716
[GPU1] Final Test Accuracy: 0.698
LR: 1.000 | WD: 0.000000 | Cosine: False | test Acc: 0.701%
===> using linear mlp
Scheduler: <torch.optim.lr_scheduler.CosineAnnealingLR object at 0x7f64199693c0>
MLP: MLP(
  (mlp): Linear(in_features=512, out_features=10, bias=True)
)
[GPU1] Test Accuracy at epoch: 0: 0.73
[GPU1] epochs: [1/100] train_acc: 0.632 train_loss_sup: 1.064
[GPU1] epochs: [2/100] train_acc: 0.691 train_loss_sup: 0.889
[GPU1] epochs: [3/100] train_acc: 0.695 train_loss_sup: 0.872
[GPU1] epochs: [4/100] train_acc: 0.700 train_loss_sup: 0.862
[GPU1] epochs: [5/100] train_acc: 0.704 train_loss_sup: 0.852
[GPU1] epochs: [6/100] train_acc: 0.710 train_loss_sup: 0.845
[GPU1] epochs: [7/100] train_acc: 0.708 train_loss_sup: 0.840
[GPU1] epochs: [8/100] train_acc: 0.707 train_loss_sup: 0.841
[GPU1] epochs: [9/100] train_acc: 0.714 train_loss_sup: 0.828
[GPU1] epochs: [10/100] train_acc: 0.712 train_loss_sup: 0.831
[GPU1] Test Accuracy at epoch: 10: 0.761
[GPU1] epochs: [11/100] train_acc: 0.715 train_loss_sup: 0.822
[GPU1] epochs: [12/100] train_acc: 0.712 train_loss_sup: 0.832
[GPU1] epochs: [13/100] train_acc: 0.715 train_loss_sup: 0.822
[GPU1] epochs: [14/100] train_acc: 0.715 train_loss_sup: 0.823
[GPU1] epochs: [15/100] train_acc: 0.712 train_loss_sup: 0.832
[GPU1] epochs: [16/100] train_acc: 0.715 train_loss_sup: 0.820
[GPU1] epochs: [17/100] train_acc: 0.717 train_loss_sup: 0.819
[GPU1] epochs: [18/100] train_acc: 0.713 train_loss_sup: 0.825
[GPU1] epochs: [19/100] train_acc: 0.715 train_loss_sup: 0.821
[GPU1] epochs: [20/100] train_acc: 0.717 train_loss_sup: 0.817
[GPU1] Test Accuracy at epoch: 20: 0.758
[GPU1] epochs: [21/100] train_acc: 0.712 train_loss_sup: 0.824
[GPU1] epochs: [22/100] train_acc: 0.716 train_loss_sup: 0.824
[GPU1] epochs: [23/100] train_acc: 0.717 train_loss_sup: 0.819
[GPU1] epochs: [24/100] train_acc: 0.716 train_loss_sup: 0.817
[GPU1] epochs: [25/100] train_acc: 0.719 train_loss_sup: 0.818
[GPU1] epochs: [26/100] train_acc: 0.719 train_loss_sup: 0.813
[GPU1] epochs: [27/100] train_acc: 0.717 train_loss_sup: 0.818
[GPU1] epochs: [28/100] train_acc: 0.717 train_loss_sup: 0.815
[GPU1] epochs: [29/100] train_acc: 0.717 train_loss_sup: 0.817
[GPU1] epochs: [30/100] train_acc: 0.716 train_loss_sup: 0.819
[GPU1] Test Accuracy at epoch: 30: 0.76
[GPU1] epochs: [31/100] train_acc: 0.715 train_loss_sup: 0.819
[GPU1] epochs: [32/100] train_acc: 0.715 train_loss_sup: 0.819
[GPU1] epochs: [33/100] train_acc: 0.720 train_loss_sup: 0.808
[GPU1] epochs: [34/100] train_acc: 0.718 train_loss_sup: 0.814
[GPU1] epochs: [35/100] train_acc: 0.718 train_loss_sup: 0.811
[GPU1] epochs: [36/100] train_acc: 0.720 train_loss_sup: 0.816
[GPU1] epochs: [37/100] train_acc: 0.718 train_loss_sup: 0.816
[GPU1] epochs: [38/100] train_acc: 0.718 train_loss_sup: 0.815
[GPU1] epochs: [39/100] train_acc: 0.716 train_loss_sup: 0.817
[GPU1] epochs: [40/100] train_acc: 0.717 train_loss_sup: 0.812
[GPU1] Test Accuracy at epoch: 40: 0.765
[GPU1] epochs: [41/100] train_acc: 0.717 train_loss_sup: 0.813
[GPU1] epochs: [42/100] train_acc: 0.717 train_loss_sup: 0.814
[GPU1] epochs: [43/100] train_acc: 0.718 train_loss_sup: 0.813
[GPU1] epochs: [44/100] train_acc: 0.721 train_loss_sup: 0.805
[GPU1] epochs: [45/100] train_acc: 0.719 train_loss_sup: 0.812
[GPU1] epochs: [46/100] train_acc: 0.720 train_loss_sup: 0.805
[GPU1] epochs: [47/100] train_acc: 0.720 train_loss_sup: 0.819
[GPU1] epochs: [48/100] train_acc: 0.720 train_loss_sup: 0.811
[GPU1] epochs: [49/100] train_acc: 0.720 train_loss_sup: 0.810
[GPU1] epochs: [50/100] train_acc: 0.718 train_loss_sup: 0.813
[GPU1] Test Accuracy at epoch: 50: 0.771
[GPU1] epochs: [51/100] train_acc: 0.720 train_loss_sup: 0.807
[GPU1] epochs: [52/100] train_acc: 0.722 train_loss_sup: 0.807
[GPU1] epochs: [53/100] train_acc: 0.717 train_loss_sup: 0.809
[GPU1] epochs: [54/100] train_acc: 0.722 train_loss_sup: 0.803
[GPU1] epochs: [55/100] train_acc: 0.722 train_loss_sup: 0.801
[GPU1] epochs: [56/100] train_acc: 0.723 train_loss_sup: 0.802
[GPU1] epochs: [57/100] train_acc: 0.720 train_loss_sup: 0.803
[GPU1] epochs: [58/100] train_acc: 0.724 train_loss_sup: 0.802
[GPU1] epochs: [59/100] train_acc: 0.723 train_loss_sup: 0.800
[GPU1] epochs: [60/100] train_acc: 0.722 train_loss_sup: 0.801
[GPU1] Test Accuracy at epoch: 60: 0.768
[GPU1] epochs: [61/100] train_acc: 0.725 train_loss_sup: 0.796
[GPU1] epochs: [62/100] train_acc: 0.721 train_loss_sup: 0.806
[GPU1] epochs: [63/100] train_acc: 0.723 train_loss_sup: 0.802
[GPU1] epochs: [64/100] train_acc: 0.721 train_loss_sup: 0.801
[GPU1] epochs: [65/100] train_acc: 0.723 train_loss_sup: 0.797
[GPU1] epochs: [66/100] train_acc: 0.724 train_loss_sup: 0.798
[GPU1] epochs: [67/100] train_acc: 0.722 train_loss_sup: 0.804
[GPU1] epochs: [68/100] train_acc: 0.725 train_loss_sup: 0.798
[GPU1] epochs: [69/100] train_acc: 0.723 train_loss_sup: 0.798
[GPU1] epochs: [70/100] train_acc: 0.725 train_loss_sup: 0.796
[GPU1] Test Accuracy at epoch: 70: 0.772
[GPU1] epochs: [71/100] train_acc: 0.723 train_loss_sup: 0.800
[GPU1] epochs: [72/100] train_acc: 0.719 train_loss_sup: 0.804
[GPU1] epochs: [73/100] train_acc: 0.724 train_loss_sup: 0.801
[GPU1] epochs: [74/100] train_acc: 0.722 train_loss_sup: 0.803
[GPU1] epochs: [75/100] train_acc: 0.725 train_loss_sup: 0.797
[GPU1] epochs: [76/100] train_acc: 0.724 train_loss_sup: 0.798
[GPU1] epochs: [77/100] train_acc: 0.725 train_loss_sup: 0.796
[GPU1] epochs: [78/100] train_acc: 0.724 train_loss_sup: 0.800
[GPU1] epochs: [79/100] train_acc: 0.725 train_loss_sup: 0.797
[GPU1] epochs: [80/100] train_acc: 0.726 train_loss_sup: 0.790
[GPU1] Test Accuracy at epoch: 80: 0.774
[GPU1] epochs: [81/100] train_acc: 0.725 train_loss_sup: 0.798
[GPU1] epochs: [82/100] train_acc: 0.724 train_loss_sup: 0.793
[GPU1] epochs: [83/100] train_acc: 0.727 train_loss_sup: 0.790
[GPU1] epochs: [84/100] train_acc: 0.724 train_loss_sup: 0.799
[GPU1] epochs: [85/100] train_acc: 0.725 train_loss_sup: 0.797
[GPU1] epochs: [86/100] train_acc: 0.725 train_loss_sup: 0.793
[GPU1] epochs: [87/100] train_acc: 0.724 train_loss_sup: 0.794
[GPU1] epochs: [88/100] train_acc: 0.725 train_loss_sup: 0.791
[GPU1] epochs: [89/100] train_acc: 0.726 train_loss_sup: 0.793
[GPU1] epochs: [90/100] train_acc: 0.727 train_loss_sup: 0.795
[GPU1] Test Accuracy at epoch: 90: 0.776
[GPU1] epochs: [91/100] train_acc: 0.728 train_loss_sup: 0.793
[GPU1] epochs: [92/100] train_acc: 0.725 train_loss_sup: 0.794
[GPU1] epochs: [93/100] train_acc: 0.726 train_loss_sup: 0.794
[GPU1] epochs: [94/100] train_acc: 0.726 train_loss_sup: 0.795
[GPU1] epochs: [95/100] train_acc: 0.725 train_loss_sup: 0.797
[GPU1] epochs: [96/100] train_acc: 0.726 train_loss_sup: 0.795
[GPU1] epochs: [97/100] train_acc: 0.723 train_loss_sup: 0.794
[GPU1] epochs: [98/100] train_acc: 0.726 train_loss_sup: 0.797
[GPU1] epochs: [99/100] train_acc: 0.727 train_loss_sup: 0.793
[GPU1] epochs: [100/100] train_acc: 0.728 train_loss_sup: 0.781
[GPU1] Final Test Accuracy: 0.774
LR: 0.100 | WD: 0.000001 | Cosine: True | test Acc: 0.776%
===> using linear mlp
Scheduler: <torch.optim.lr_scheduler.CosineAnnealingLR object at 0x7f64197bed10>
MLP: MLP(
  (mlp): Linear(in_features=512, out_features=10, bias=True)
)
[GPU1] Test Accuracy at epoch: 0: 0.723
[GPU1] epochs: [1/100] train_acc: 0.632 train_loss_sup: 1.064
[GPU1] epochs: [2/100] train_acc: 0.689 train_loss_sup: 0.887
[GPU1] epochs: [3/100] train_acc: 0.699 train_loss_sup: 0.864
[GPU1] epochs: [4/100] train_acc: 0.703 train_loss_sup: 0.859
[GPU1] epochs: [5/100] train_acc: 0.705 train_loss_sup: 0.846
[GPU1] epochs: [6/100] train_acc: 0.704 train_loss_sup: 0.851
[GPU1] epochs: [7/100] train_acc: 0.705 train_loss_sup: 0.842
[GPU1] epochs: [8/100] train_acc: 0.711 train_loss_sup: 0.833
[GPU1] epochs: [9/100] train_acc: 0.714 train_loss_sup: 0.829
[GPU1] epochs: [10/100] train_acc: 0.713 train_loss_sup: 0.829
[GPU1] Test Accuracy at epoch: 10: 0.764
[GPU1] epochs: [11/100] train_acc: 0.709 train_loss_sup: 0.830
[GPU1] epochs: [12/100] train_acc: 0.713 train_loss_sup: 0.827
[GPU1] epochs: [13/100] train_acc: 0.712 train_loss_sup: 0.829
[GPU1] epochs: [14/100] train_acc: 0.713 train_loss_sup: 0.825
[GPU1] epochs: [15/100] train_acc: 0.713 train_loss_sup: 0.826
[GPU1] epochs: [16/100] train_acc: 0.712 train_loss_sup: 0.824
[GPU1] epochs: [17/100] train_acc: 0.714 train_loss_sup: 0.825
[GPU1] epochs: [18/100] train_acc: 0.714 train_loss_sup: 0.819
[GPU1] epochs: [19/100] train_acc: 0.712 train_loss_sup: 0.833
[GPU1] epochs: [20/100] train_acc: 0.718 train_loss_sup: 0.812
[GPU1] Test Accuracy at epoch: 20: 0.766
[GPU1] epochs: [21/100] train_acc: 0.713 train_loss_sup: 0.829
[GPU1] epochs: [22/100] train_acc: 0.716 train_loss_sup: 0.825
[GPU1] epochs: [23/100] train_acc: 0.719 train_loss_sup: 0.813
[GPU1] epochs: [24/100] train_acc: 0.715 train_loss_sup: 0.820
[GPU1] epochs: [25/100] train_acc: 0.715 train_loss_sup: 0.825
[GPU1] epochs: [26/100] train_acc: 0.716 train_loss_sup: 0.818
[GPU1] epochs: [27/100] train_acc: 0.717 train_loss_sup: 0.818
[GPU1] epochs: [28/100] train_acc: 0.716 train_loss_sup: 0.816
[GPU1] epochs: [29/100] train_acc: 0.718 train_loss_sup: 0.817
[GPU1] epochs: [30/100] train_acc: 0.721 train_loss_sup: 0.809
[GPU1] Test Accuracy at epoch: 30: 0.762
[GPU1] epochs: [31/100] train_acc: 0.716 train_loss_sup: 0.818
[GPU1] epochs: [32/100] train_acc: 0.719 train_loss_sup: 0.816
[GPU1] epochs: [33/100] train_acc: 0.718 train_loss_sup: 0.813
[GPU1] epochs: [34/100] train_acc: 0.714 train_loss_sup: 0.823
[GPU1] epochs: [35/100] train_acc: 0.715 train_loss_sup: 0.823
[GPU1] epochs: [36/100] train_acc: 0.717 train_loss_sup: 0.818
[GPU1] epochs: [37/100] train_acc: 0.717 train_loss_sup: 0.816
[GPU1] epochs: [38/100] train_acc: 0.718 train_loss_sup: 0.813
[GPU1] epochs: [39/100] train_acc: 0.720 train_loss_sup: 0.807
[GPU1] epochs: [40/100] train_acc: 0.715 train_loss_sup: 0.819
[GPU1] Test Accuracy at epoch: 40: 0.769
[GPU1] epochs: [41/100] train_acc: 0.718 train_loss_sup: 0.814
[GPU1] epochs: [42/100] train_acc: 0.717 train_loss_sup: 0.812
[GPU1] epochs: [43/100] train_acc: 0.720 train_loss_sup: 0.812
[GPU1] epochs: [44/100] train_acc: 0.718 train_loss_sup: 0.818
[GPU1] epochs: [45/100] train_acc: 0.720 train_loss_sup: 0.808
[GPU1] epochs: [46/100] train_acc: 0.715 train_loss_sup: 0.817
[GPU1] epochs: [47/100] train_acc: 0.719 train_loss_sup: 0.815
[GPU1] epochs: [48/100] train_acc: 0.717 train_loss_sup: 0.817
[GPU1] epochs: [49/100] train_acc: 0.719 train_loss_sup: 0.810
[GPU1] epochs: [50/100] train_acc: 0.720 train_loss_sup: 0.807
[GPU1] Test Accuracy at epoch: 50: 0.767
[GPU1] epochs: [51/100] train_acc: 0.722 train_loss_sup: 0.806
[GPU1] epochs: [52/100] train_acc: 0.717 train_loss_sup: 0.807
[GPU1] epochs: [53/100] train_acc: 0.722 train_loss_sup: 0.798
[GPU1] epochs: [54/100] train_acc: 0.724 train_loss_sup: 0.804
[GPU1] epochs: [55/100] train_acc: 0.718 train_loss_sup: 0.810
[GPU1] epochs: [56/100] train_acc: 0.724 train_loss_sup: 0.802
[GPU1] epochs: [57/100] train_acc: 0.721 train_loss_sup: 0.802
[GPU1] epochs: [58/100] train_acc: 0.720 train_loss_sup: 0.803
[GPU1] epochs: [59/100] train_acc: 0.720 train_loss_sup: 0.810
[GPU1] epochs: [60/100] train_acc: 0.723 train_loss_sup: 0.805
[GPU1] Test Accuracy at epoch: 60: 0.774
[GPU1] epochs: [61/100] train_acc: 0.723 train_loss_sup: 0.800
[GPU1] epochs: [62/100] train_acc: 0.722 train_loss_sup: 0.800
[GPU1] epochs: [63/100] train_acc: 0.721 train_loss_sup: 0.805
[GPU1] epochs: [64/100] train_acc: 0.722 train_loss_sup: 0.802
[GPU1] epochs: [65/100] train_acc: 0.723 train_loss_sup: 0.798
[GPU1] epochs: [66/100] train_acc: 0.723 train_loss_sup: 0.802
[GPU1] epochs: [67/100] train_acc: 0.724 train_loss_sup: 0.798
[GPU1] epochs: [68/100] train_acc: 0.724 train_loss_sup: 0.796
[GPU1] epochs: [69/100] train_acc: 0.725 train_loss_sup: 0.801
[GPU1] epochs: [70/100] train_acc: 0.725 train_loss_sup: 0.799
[GPU1] Test Accuracy at epoch: 70: 0.772
[GPU1] epochs: [71/100] train_acc: 0.723 train_loss_sup: 0.801
[GPU1] epochs: [72/100] train_acc: 0.723 train_loss_sup: 0.796
[GPU1] epochs: [73/100] train_acc: 0.722 train_loss_sup: 0.803
[GPU1] epochs: [74/100] train_acc: 0.723 train_loss_sup: 0.803
[GPU1] epochs: [75/100] train_acc: 0.725 train_loss_sup: 0.797
[GPU1] epochs: [76/100] train_acc: 0.723 train_loss_sup: 0.800
[GPU1] epochs: [77/100] train_acc: 0.723 train_loss_sup: 0.800
[GPU1] epochs: [78/100] train_acc: 0.724 train_loss_sup: 0.791
[GPU1] epochs: [79/100] train_acc: 0.727 train_loss_sup: 0.792
[GPU1] epochs: [80/100] train_acc: 0.725 train_loss_sup: 0.795
[GPU1] Test Accuracy at epoch: 80: 0.775
[GPU1] epochs: [81/100] train_acc: 0.725 train_loss_sup: 0.795
[GPU1] epochs: [82/100] train_acc: 0.723 train_loss_sup: 0.797
[GPU1] epochs: [83/100] train_acc: 0.724 train_loss_sup: 0.798
[GPU1] epochs: [84/100] train_acc: 0.724 train_loss_sup: 0.800
[GPU1] epochs: [85/100] train_acc: 0.728 train_loss_sup: 0.788
[GPU1] epochs: [86/100] train_acc: 0.728 train_loss_sup: 0.790
[GPU1] epochs: [87/100] train_acc: 0.724 train_loss_sup: 0.796
[GPU1] epochs: [88/100] train_acc: 0.723 train_loss_sup: 0.798
[GPU1] epochs: [89/100] train_acc: 0.724 train_loss_sup: 0.796
[GPU1] epochs: [90/100] train_acc: 0.725 train_loss_sup: 0.797
[GPU1] Test Accuracy at epoch: 90: 0.775
[GPU1] epochs: [91/100] train_acc: 0.725 train_loss_sup: 0.796
[GPU1] epochs: [92/100] train_acc: 0.727 train_loss_sup: 0.790
[GPU1] epochs: [93/100] train_acc: 0.727 train_loss_sup: 0.791
[GPU1] epochs: [94/100] train_acc: 0.725 train_loss_sup: 0.798
[GPU1] epochs: [95/100] train_acc: 0.728 train_loss_sup: 0.789
[GPU1] epochs: [96/100] train_acc: 0.727 train_loss_sup: 0.793
[GPU1] epochs: [97/100] train_acc: 0.724 train_loss_sup: 0.796
[GPU1] epochs: [98/100] train_acc: 0.723 train_loss_sup: 0.796
[GPU1] epochs: [99/100] train_acc: 0.726 train_loss_sup: 0.795
[GPU1] epochs: [100/100] train_acc: 0.724 train_loss_sup: 0.795
[GPU1] Final Test Accuracy: 0.775
LR: 0.100 | WD: 0.000100 | Cosine: True | test Acc: 0.775%
===> using linear mlp
Scheduler: <torch.optim.lr_scheduler.CosineAnnealingLR object at 0x7f64197bf7c0>
MLP: MLP(
  (mlp): Linear(in_features=512, out_features=10, bias=True)
)
[GPU1] Test Accuracy at epoch: 0: 0.721
[GPU1] epochs: [1/100] train_acc: 0.630 train_loss_sup: 1.062
[GPU1] epochs: [2/100] train_acc: 0.686 train_loss_sup: 0.897
[GPU1] epochs: [3/100] train_acc: 0.694 train_loss_sup: 0.877
[GPU1] epochs: [4/100] train_acc: 0.703 train_loss_sup: 0.859
[GPU1] epochs: [5/100] train_acc: 0.706 train_loss_sup: 0.851
[GPU1] epochs: [6/100] train_acc: 0.707 train_loss_sup: 0.840
[GPU1] epochs: [7/100] train_acc: 0.708 train_loss_sup: 0.838
[GPU1] epochs: [8/100] train_acc: 0.709 train_loss_sup: 0.840
[GPU1] epochs: [9/100] train_acc: 0.711 train_loss_sup: 0.833
[GPU1] epochs: [10/100] train_acc: 0.712 train_loss_sup: 0.835
[GPU1] Test Accuracy at epoch: 10: 0.759
[GPU1] epochs: [11/100] train_acc: 0.712 train_loss_sup: 0.834
[GPU1] epochs: [12/100] train_acc: 0.713 train_loss_sup: 0.828
[GPU1] epochs: [13/100] train_acc: 0.714 train_loss_sup: 0.825
[GPU1] epochs: [14/100] train_acc: 0.717 train_loss_sup: 0.823
[GPU1] epochs: [15/100] train_acc: 0.716 train_loss_sup: 0.820
[GPU1] epochs: [16/100] train_acc: 0.716 train_loss_sup: 0.821
[GPU1] epochs: [17/100] train_acc: 0.713 train_loss_sup: 0.828
[GPU1] epochs: [18/100] train_acc: 0.715 train_loss_sup: 0.825
[GPU1] epochs: [19/100] train_acc: 0.714 train_loss_sup: 0.823
[GPU1] epochs: [20/100] train_acc: 0.714 train_loss_sup: 0.825
[GPU1] Test Accuracy at epoch: 20: 0.768
[GPU1] epochs: [21/100] train_acc: 0.713 train_loss_sup: 0.824
[GPU1] epochs: [22/100] train_acc: 0.718 train_loss_sup: 0.814
[GPU1] epochs: [23/100] train_acc: 0.717 train_loss_sup: 0.814
[GPU1] epochs: [24/100] train_acc: 0.718 train_loss_sup: 0.814
[GPU1] epochs: [25/100] train_acc: 0.716 train_loss_sup: 0.822
[GPU1] epochs: [26/100] train_acc: 0.714 train_loss_sup: 0.823
[GPU1] epochs: [27/100] train_acc: 0.718 train_loss_sup: 0.815
[GPU1] epochs: [28/100] train_acc: 0.717 train_loss_sup: 0.813
[GPU1] epochs: [29/100] train_acc: 0.717 train_loss_sup: 0.818
[GPU1] epochs: [30/100] train_acc: 0.719 train_loss_sup: 0.811
[GPU1] Test Accuracy at epoch: 30: 0.764
[GPU1] epochs: [31/100] train_acc: 0.718 train_loss_sup: 0.814
[GPU1] epochs: [32/100] train_acc: 0.719 train_loss_sup: 0.816
[GPU1] epochs: [33/100] train_acc: 0.719 train_loss_sup: 0.814
[GPU1] epochs: [34/100] train_acc: 0.718 train_loss_sup: 0.814
[GPU1] epochs: [35/100] train_acc: 0.720 train_loss_sup: 0.811
[GPU1] epochs: [36/100] train_acc: 0.718 train_loss_sup: 0.812
[GPU1] epochs: [37/100] train_acc: 0.719 train_loss_sup: 0.810
[GPU1] epochs: [38/100] train_acc: 0.717 train_loss_sup: 0.812
[GPU1] epochs: [39/100] train_acc: 0.717 train_loss_sup: 0.816
[GPU1] epochs: [40/100] train_acc: 0.719 train_loss_sup: 0.809
[GPU1] Test Accuracy at epoch: 40: 0.767
[GPU1] epochs: [41/100] train_acc: 0.722 train_loss_sup: 0.808
[GPU1] epochs: [42/100] train_acc: 0.719 train_loss_sup: 0.810
[GPU1] epochs: [43/100] train_acc: 0.719 train_loss_sup: 0.808
[GPU1] epochs: [44/100] train_acc: 0.718 train_loss_sup: 0.809
[GPU1] epochs: [45/100] train_acc: 0.720 train_loss_sup: 0.810
[GPU1] epochs: [46/100] train_acc: 0.720 train_loss_sup: 0.810
[GPU1] epochs: [47/100] train_acc: 0.721 train_loss_sup: 0.810
[GPU1] epochs: [48/100] train_acc: 0.717 train_loss_sup: 0.808
[GPU1] epochs: [49/100] train_acc: 0.721 train_loss_sup: 0.804
[GPU1] epochs: [50/100] train_acc: 0.720 train_loss_sup: 0.808
[GPU1] Test Accuracy at epoch: 50: 0.766
[GPU1] epochs: [51/100] train_acc: 0.721 train_loss_sup: 0.809
[GPU1] epochs: [52/100] train_acc: 0.719 train_loss_sup: 0.808
[GPU1] epochs: [53/100] train_acc: 0.717 train_loss_sup: 0.811
[GPU1] epochs: [54/100] train_acc: 0.721 train_loss_sup: 0.804
[GPU1] epochs: [55/100] train_acc: 0.724 train_loss_sup: 0.805
[GPU1] epochs: [56/100] train_acc: 0.723 train_loss_sup: 0.797
[GPU1] epochs: [57/100] train_acc: 0.721 train_loss_sup: 0.807
[GPU1] epochs: [58/100] train_acc: 0.725 train_loss_sup: 0.796
[GPU1] epochs: [59/100] train_acc: 0.723 train_loss_sup: 0.801
[GPU1] epochs: [60/100] train_acc: 0.720 train_loss_sup: 0.808
[GPU1] Test Accuracy at epoch: 60: 0.771
[GPU1] epochs: [61/100] train_acc: 0.723 train_loss_sup: 0.802
[GPU1] epochs: [62/100] train_acc: 0.724 train_loss_sup: 0.803
[GPU1] epochs: [63/100] train_acc: 0.721 train_loss_sup: 0.799
[GPU1] epochs: [64/100] train_acc: 0.725 train_loss_sup: 0.801
[GPU1] epochs: [65/100] train_acc: 0.720 train_loss_sup: 0.806
[GPU1] epochs: [66/100] train_acc: 0.727 train_loss_sup: 0.789
[GPU1] epochs: [67/100] train_acc: 0.722 train_loss_sup: 0.802
[GPU1] epochs: [68/100] train_acc: 0.722 train_loss_sup: 0.802
[GPU1] epochs: [69/100] train_acc: 0.723 train_loss_sup: 0.803
[GPU1] epochs: [70/100] train_acc: 0.723 train_loss_sup: 0.800
[GPU1] Test Accuracy at epoch: 70: 0.771
[GPU1] epochs: [71/100] train_acc: 0.722 train_loss_sup: 0.801
[GPU1] epochs: [72/100] train_acc: 0.726 train_loss_sup: 0.793
[GPU1] epochs: [73/100] train_acc: 0.725 train_loss_sup: 0.796
[GPU1] epochs: [74/100] train_acc: 0.722 train_loss_sup: 0.798
[GPU1] epochs: [75/100] train_acc: 0.727 train_loss_sup: 0.791
[GPU1] epochs: [76/100] train_acc: 0.727 train_loss_sup: 0.792
[GPU1] epochs: [77/100] train_acc: 0.725 train_loss_sup: 0.798
[GPU1] epochs: [78/100] train_acc: 0.726 train_loss_sup: 0.794
[GPU1] epochs: [79/100] train_acc: 0.725 train_loss_sup: 0.795
[GPU1] epochs: [80/100] train_acc: 0.725 train_loss_sup: 0.796
[GPU1] Test Accuracy at epoch: 80: 0.773
[GPU1] epochs: [81/100] train_acc: 0.725 train_loss_sup: 0.795
[GPU1] epochs: [82/100] train_acc: 0.725 train_loss_sup: 0.793
[GPU1] epochs: [83/100] train_acc: 0.726 train_loss_sup: 0.797
[GPU1] epochs: [84/100] train_acc: 0.725 train_loss_sup: 0.793
[GPU1] epochs: [85/100] train_acc: 0.726 train_loss_sup: 0.795
[GPU1] epochs: [86/100] train_acc: 0.727 train_loss_sup: 0.785
[GPU1] epochs: [87/100] train_acc: 0.728 train_loss_sup: 0.788
[GPU1] epochs: [88/100] train_acc: 0.725 train_loss_sup: 0.798
[GPU1] epochs: [89/100] train_acc: 0.724 train_loss_sup: 0.798
[GPU1] epochs: [90/100] train_acc: 0.724 train_loss_sup: 0.797
[GPU1] Test Accuracy at epoch: 90: 0.774
[GPU1] epochs: [91/100] train_acc: 0.728 train_loss_sup: 0.789
[GPU1] epochs: [92/100] train_acc: 0.724 train_loss_sup: 0.793
[GPU1] epochs: [93/100] train_acc: 0.727 train_loss_sup: 0.790
[GPU1] epochs: [94/100] train_acc: 0.726 train_loss_sup: 0.794
[GPU1] epochs: [95/100] train_acc: 0.726 train_loss_sup: 0.796
[GPU1] epochs: [96/100] train_acc: 0.726 train_loss_sup: 0.790
[GPU1] epochs: [97/100] train_acc: 0.726 train_loss_sup: 0.794
[GPU1] epochs: [98/100] train_acc: 0.726 train_loss_sup: 0.790
[GPU1] epochs: [99/100] train_acc: 0.727 train_loss_sup: 0.793
[GPU1] epochs: [100/100] train_acc: 0.725 train_loss_sup: 0.793
[GPU1] Final Test Accuracy: 0.775
LR: 0.100 | WD: 0.000000 | Cosine: True | test Acc: 0.775%
===> using linear mlp
Scheduler: <torch.optim.lr_scheduler.CosineAnnealingLR object at 0x7f64197bdd80>
MLP: MLP(
  (mlp): Linear(in_features=512, out_features=10, bias=True)
)
[GPU1] Test Accuracy at epoch: 0: 0.68
[GPU1] epochs: [1/100] train_acc: 0.578 train_loss_sup: 2.550
[GPU1] epochs: [2/100] train_acc: 0.605 train_loss_sup: 2.131
[GPU1] epochs: [3/100] train_acc: 0.633 train_loss_sup: 1.696
[GPU1] epochs: [4/100] train_acc: 0.623 train_loss_sup: 1.811
[GPU1] epochs: [5/100] train_acc: 0.625 train_loss_sup: 1.758
[GPU1] epochs: [6/100] train_acc: 0.628 train_loss_sup: 1.944
[GPU1] epochs: [7/100] train_acc: 0.629 train_loss_sup: 1.897
[GPU1] epochs: [8/100] train_acc: 0.629 train_loss_sup: 1.762
[GPU1] epochs: [9/100] train_acc: 0.629 train_loss_sup: 1.767
[GPU1] epochs: [10/100] train_acc: 0.634 train_loss_sup: 1.696
[GPU1] Test Accuracy at epoch: 10: 0.701
[GPU1] epochs: [11/100] train_acc: 0.634 train_loss_sup: 1.719
[GPU1] epochs: [12/100] train_acc: 0.641 train_loss_sup: 1.582
[GPU1] epochs: [13/100] train_acc: 0.629 train_loss_sup: 1.670
[GPU1] epochs: [14/100] train_acc: 0.644 train_loss_sup: 1.471
[GPU1] epochs: [15/100] train_acc: 0.628 train_loss_sup: 1.709
[GPU1] epochs: [16/100] train_acc: 0.638 train_loss_sup: 1.641
[GPU1] epochs: [17/100] train_acc: 0.631 train_loss_sup: 1.682
[GPU1] epochs: [18/100] train_acc: 0.640 train_loss_sup: 1.617
[GPU1] epochs: [19/100] train_acc: 0.635 train_loss_sup: 1.769
[GPU1] epochs: [20/100] train_acc: 0.634 train_loss_sup: 1.649
[GPU1] Test Accuracy at epoch: 20: 0.706
[GPU1] epochs: [21/100] train_acc: 0.638 train_loss_sup: 1.571
[GPU1] epochs: [22/100] train_acc: 0.646 train_loss_sup: 1.410
[GPU1] epochs: [23/100] train_acc: 0.630 train_loss_sup: 1.693
[GPU1] epochs: [24/100] train_acc: 0.638 train_loss_sup: 1.510
[GPU1] epochs: [25/100] train_acc: 0.635 train_loss_sup: 1.551
[GPU1] epochs: [26/100] train_acc: 0.642 train_loss_sup: 1.544
[GPU1] epochs: [27/100] train_acc: 0.643 train_loss_sup: 1.452
[GPU1] epochs: [28/100] train_acc: 0.643 train_loss_sup: 1.444
[GPU1] epochs: [29/100] train_acc: 0.629 train_loss_sup: 1.625
[GPU1] epochs: [30/100] train_acc: 0.653 train_loss_sup: 1.336
[GPU1] Test Accuracy at epoch: 30: 0.686
[GPU1] epochs: [31/100] train_acc: 0.646 train_loss_sup: 1.389
[GPU1] epochs: [32/100] train_acc: 0.648 train_loss_sup: 1.378
[GPU1] epochs: [33/100] train_acc: 0.650 train_loss_sup: 1.278
[GPU1] epochs: [34/100] train_acc: 0.651 train_loss_sup: 1.272
[GPU1] epochs: [35/100] train_acc: 0.644 train_loss_sup: 1.312
[GPU1] epochs: [36/100] train_acc: 0.644 train_loss_sup: 1.307
[GPU1] epochs: [37/100] train_acc: 0.649 train_loss_sup: 1.277
[GPU1] epochs: [38/100] train_acc: 0.652 train_loss_sup: 1.247
[GPU1] epochs: [39/100] train_acc: 0.655 train_loss_sup: 1.201
[GPU1] epochs: [40/100] train_acc: 0.662 train_loss_sup: 1.151
[GPU1] Test Accuracy at epoch: 40: 0.699
[GPU1] epochs: [41/100] train_acc: 0.659 train_loss_sup: 1.142
[GPU1] epochs: [42/100] train_acc: 0.670 train_loss_sup: 1.085
[GPU1] epochs: [43/100] train_acc: 0.659 train_loss_sup: 1.185
[GPU1] epochs: [44/100] train_acc: 0.665 train_loss_sup: 1.133
[GPU1] epochs: [45/100] train_acc: 0.662 train_loss_sup: 1.139
[GPU1] epochs: [46/100] train_acc: 0.654 train_loss_sup: 1.175
[GPU1] epochs: [47/100] train_acc: 0.660 train_loss_sup: 1.124
[GPU1] epochs: [48/100] train_acc: 0.669 train_loss_sup: 1.090
[GPU1] epochs: [49/100] train_acc: 0.663 train_loss_sup: 1.096
[GPU1] epochs: [50/100] train_acc: 0.670 train_loss_sup: 1.057
[GPU1] Test Accuracy at epoch: 50: 0.722
[GPU1] epochs: [51/100] train_acc: 0.681 train_loss_sup: 0.981
[GPU1] epochs: [52/100] train_acc: 0.673 train_loss_sup: 1.019
[GPU1] epochs: [53/100] train_acc: 0.680 train_loss_sup: 0.984
[GPU1] epochs: [54/100] train_acc: 0.680 train_loss_sup: 0.977
[GPU1] epochs: [55/100] train_acc: 0.682 train_loss_sup: 0.964
[GPU1] epochs: [56/100] train_acc: 0.692 train_loss_sup: 0.921
[GPU1] epochs: [57/100] train_acc: 0.680 train_loss_sup: 0.966
[GPU1] epochs: [58/100] train_acc: 0.688 train_loss_sup: 0.929
[GPU1] epochs: [59/100] train_acc: 0.680 train_loss_sup: 0.974
[GPU1] epochs: [60/100] train_acc: 0.692 train_loss_sup: 0.923
[GPU1] Test Accuracy at epoch: 60: 0.744
[GPU1] epochs: [61/100] train_acc: 0.686 train_loss_sup: 0.934
[GPU1] epochs: [62/100] train_acc: 0.691 train_loss_sup: 0.917
[GPU1] epochs: [63/100] train_acc: 0.698 train_loss_sup: 0.885
[GPU1] epochs: [64/100] train_acc: 0.695 train_loss_sup: 0.902
[GPU1] epochs: [65/100] train_acc: 0.693 train_loss_sup: 0.906
[GPU1] epochs: [66/100] train_acc: 0.694 train_loss_sup: 0.898
[GPU1] epochs: [67/100] train_acc: 0.699 train_loss_sup: 0.883
[GPU1] epochs: [68/100] train_acc: 0.696 train_loss_sup: 0.889
[GPU1] epochs: [69/100] train_acc: 0.702 train_loss_sup: 0.872
[GPU1] epochs: [70/100] train_acc: 0.705 train_loss_sup: 0.863
[GPU1] Test Accuracy at epoch: 70: 0.748
[GPU1] epochs: [71/100] train_acc: 0.704 train_loss_sup: 0.861
[GPU1] epochs: [72/100] train_acc: 0.704 train_loss_sup: 0.873
[GPU1] epochs: [73/100] train_acc: 0.707 train_loss_sup: 0.852
[GPU1] epochs: [74/100] train_acc: 0.706 train_loss_sup: 0.852
[GPU1] epochs: [75/100] train_acc: 0.707 train_loss_sup: 0.849
[GPU1] epochs: [76/100] train_acc: 0.712 train_loss_sup: 0.832
[GPU1] epochs: [77/100] train_acc: 0.715 train_loss_sup: 0.827
[GPU1] epochs: [78/100] train_acc: 0.713 train_loss_sup: 0.829
[GPU1] epochs: [79/100] train_acc: 0.714 train_loss_sup: 0.829
[GPU1] epochs: [80/100] train_acc: 0.716 train_loss_sup: 0.827
[GPU1] Test Accuracy at epoch: 80: 0.766
[GPU1] epochs: [81/100] train_acc: 0.716 train_loss_sup: 0.815
[GPU1] epochs: [82/100] train_acc: 0.718 train_loss_sup: 0.819
[GPU1] epochs: [83/100] train_acc: 0.717 train_loss_sup: 0.818
[GPU1] epochs: [84/100] train_acc: 0.718 train_loss_sup: 0.808
[GPU1] epochs: [85/100] train_acc: 0.718 train_loss_sup: 0.813
[GPU1] epochs: [86/100] train_acc: 0.719 train_loss_sup: 0.809
[GPU1] epochs: [87/100] train_acc: 0.721 train_loss_sup: 0.802
[GPU1] epochs: [88/100] train_acc: 0.721 train_loss_sup: 0.805
[GPU1] epochs: [89/100] train_acc: 0.722 train_loss_sup: 0.799
[GPU1] epochs: [90/100] train_acc: 0.722 train_loss_sup: 0.805
[GPU1] Test Accuracy at epoch: 90: 0.773
[GPU1] epochs: [91/100] train_acc: 0.723 train_loss_sup: 0.799
[GPU1] epochs: [92/100] train_acc: 0.725 train_loss_sup: 0.799
[GPU1] epochs: [93/100] train_acc: 0.726 train_loss_sup: 0.794
[GPU1] epochs: [94/100] train_acc: 0.724 train_loss_sup: 0.796
[GPU1] epochs: [95/100] train_acc: 0.725 train_loss_sup: 0.794
[GPU1] epochs: [96/100] train_acc: 0.728 train_loss_sup: 0.797
[GPU1] epochs: [97/100] train_acc: 0.729 train_loss_sup: 0.789
[GPU1] epochs: [98/100] train_acc: 0.727 train_loss_sup: 0.792
[GPU1] epochs: [99/100] train_acc: 0.727 train_loss_sup: 0.791
[GPU1] epochs: [100/100] train_acc: 0.725 train_loss_sup: 0.794
[GPU1] Final Test Accuracy: 0.774
LR: 1.000 | WD: 0.000001 | Cosine: True | test Acc: 0.774%
===> using linear mlp
Scheduler: <torch.optim.lr_scheduler.CosineAnnealingLR object at 0x7f64197bc340>
MLP: MLP(
  (mlp): Linear(in_features=512, out_features=10, bias=True)
)
[GPU1] Test Accuracy at epoch: 0: 0.692
[GPU1] epochs: [1/100] train_acc: 0.575 train_loss_sup: 2.862
[GPU1] epochs: [2/100] train_acc: 0.608 train_loss_sup: 2.077
[GPU1] epochs: [3/100] train_acc: 0.606 train_loss_sup: 2.024
[GPU1] epochs: [4/100] train_acc: 0.620 train_loss_sup: 1.876
[GPU1] epochs: [5/100] train_acc: 0.627 train_loss_sup: 1.660
[GPU1] epochs: [6/100] train_acc: 0.623 train_loss_sup: 1.873
[GPU1] epochs: [7/100] train_acc: 0.628 train_loss_sup: 1.778
[GPU1] epochs: [8/100] train_acc: 0.622 train_loss_sup: 1.832
[GPU1] epochs: [9/100] train_acc: 0.625 train_loss_sup: 1.893
[GPU1] epochs: [10/100] train_acc: 0.624 train_loss_sup: 1.831
[GPU1] Test Accuracy at epoch: 10: 0.615
[GPU1] epochs: [11/100] train_acc: 0.619 train_loss_sup: 1.952
[GPU1] epochs: [12/100] train_acc: 0.626 train_loss_sup: 1.812
[GPU1] epochs: [13/100] train_acc: 0.628 train_loss_sup: 1.654
[GPU1] epochs: [14/100] train_acc: 0.623 train_loss_sup: 1.723
[GPU1] epochs: [15/100] train_acc: 0.628 train_loss_sup: 1.615
[GPU1] epochs: [16/100] train_acc: 0.631 train_loss_sup: 1.633
[GPU1] epochs: [17/100] train_acc: 0.623 train_loss_sup: 1.785
[GPU1] epochs: [18/100] train_acc: 0.629 train_loss_sup: 1.704
[GPU1] epochs: [19/100] train_acc: 0.625 train_loss_sup: 1.763
[GPU1] epochs: [20/100] train_acc: 0.631 train_loss_sup: 1.573
[GPU1] Test Accuracy at epoch: 20: 0.691
[GPU1] epochs: [21/100] train_acc: 0.638 train_loss_sup: 1.452
[GPU1] epochs: [22/100] train_acc: 0.622 train_loss_sup: 1.703
[GPU1] epochs: [23/100] train_acc: 0.627 train_loss_sup: 1.717
[GPU1] epochs: [24/100] train_acc: 0.625 train_loss_sup: 1.693
[GPU1] epochs: [25/100] train_acc: 0.634 train_loss_sup: 1.612
[GPU1] epochs: [26/100] train_acc: 0.628 train_loss_sup: 1.691
[GPU1] epochs: [27/100] train_acc: 0.636 train_loss_sup: 1.543
[GPU1] epochs: [28/100] train_acc: 0.630 train_loss_sup: 1.497
[GPU1] epochs: [29/100] train_acc: 0.640 train_loss_sup: 1.451
[GPU1] epochs: [30/100] train_acc: 0.637 train_loss_sup: 1.400
[GPU1] Test Accuracy at epoch: 30: 0.698
[GPU1] epochs: [31/100] train_acc: 0.639 train_loss_sup: 1.363
[GPU1] epochs: [32/100] train_acc: 0.625 train_loss_sup: 1.579
[GPU1] epochs: [33/100] train_acc: 0.642 train_loss_sup: 1.390
[GPU1] epochs: [34/100] train_acc: 0.644 train_loss_sup: 1.331
[GPU1] epochs: [35/100] train_acc: 0.639 train_loss_sup: 1.393
[GPU1] epochs: [36/100] train_acc: 0.643 train_loss_sup: 1.312
[GPU1] epochs: [37/100] train_acc: 0.642 train_loss_sup: 1.377
[GPU1] epochs: [38/100] train_acc: 0.655 train_loss_sup: 1.206
[GPU1] epochs: [39/100] train_acc: 0.652 train_loss_sup: 1.204
[GPU1] epochs: [40/100] train_acc: 0.652 train_loss_sup: 1.211
[GPU1] Test Accuracy at epoch: 40: 0.709
[GPU1] epochs: [41/100] train_acc: 0.659 train_loss_sup: 1.146
[GPU1] epochs: [42/100] train_acc: 0.658 train_loss_sup: 1.130
[GPU1] epochs: [43/100] train_acc: 0.656 train_loss_sup: 1.166
[GPU1] epochs: [44/100] train_acc: 0.659 train_loss_sup: 1.140
[GPU1] epochs: [45/100] train_acc: 0.663 train_loss_sup: 1.076
[GPU1] epochs: [46/100] train_acc: 0.665 train_loss_sup: 1.072
[GPU1] epochs: [47/100] train_acc: 0.664 train_loss_sup: 1.063
[GPU1] epochs: [48/100] train_acc: 0.666 train_loss_sup: 1.055
[GPU1] epochs: [49/100] train_acc: 0.662 train_loss_sup: 1.049
[GPU1] epochs: [50/100] train_acc: 0.667 train_loss_sup: 1.061
[GPU1] Test Accuracy at epoch: 50: 0.743
[GPU1] epochs: [51/100] train_acc: 0.672 train_loss_sup: 1.001
[GPU1] epochs: [52/100] train_acc: 0.673 train_loss_sup: 1.013
[GPU1] epochs: [53/100] train_acc: 0.673 train_loss_sup: 1.016
[GPU1] epochs: [54/100] train_acc: 0.678 train_loss_sup: 0.987
[GPU1] epochs: [55/100] train_acc: 0.679 train_loss_sup: 0.973
[GPU1] epochs: [56/100] train_acc: 0.677 train_loss_sup: 0.975
[GPU1] epochs: [57/100] train_acc: 0.680 train_loss_sup: 0.960
[GPU1] epochs: [58/100] train_acc: 0.677 train_loss_sup: 0.981
[GPU1] epochs: [59/100] train_acc: 0.687 train_loss_sup: 0.929
[GPU1] epochs: [60/100] train_acc: 0.691 train_loss_sup: 0.913
[GPU1] Test Accuracy at epoch: 60: 0.75
[GPU1] epochs: [61/100] train_acc: 0.689 train_loss_sup: 0.918
[GPU1] epochs: [62/100] train_acc: 0.689 train_loss_sup: 0.907
[GPU1] epochs: [63/100] train_acc: 0.692 train_loss_sup: 0.896
[GPU1] epochs: [64/100] train_acc: 0.692 train_loss_sup: 0.899
[GPU1] epochs: [65/100] train_acc: 0.692 train_loss_sup: 0.895
[GPU1] epochs: [66/100] train_acc: 0.697 train_loss_sup: 0.883
[GPU1] epochs: [67/100] train_acc: 0.698 train_loss_sup: 0.879
[GPU1] epochs: [68/100] train_acc: 0.704 train_loss_sup: 0.856
[GPU1] epochs: [69/100] train_acc: 0.704 train_loss_sup: 0.865
[GPU1] epochs: [70/100] train_acc: 0.700 train_loss_sup: 0.871
[GPU1] Test Accuracy at epoch: 70: 0.752
[GPU1] epochs: [71/100] train_acc: 0.702 train_loss_sup: 0.865
[GPU1] epochs: [72/100] train_acc: 0.702 train_loss_sup: 0.863
[GPU1] epochs: [73/100] train_acc: 0.709 train_loss_sup: 0.843
[GPU1] epochs: [74/100] train_acc: 0.709 train_loss_sup: 0.842
[GPU1] epochs: [75/100] train_acc: 0.707 train_loss_sup: 0.845
[GPU1] epochs: [76/100] train_acc: 0.709 train_loss_sup: 0.838
[GPU1] epochs: [77/100] train_acc: 0.713 train_loss_sup: 0.831
[GPU1] epochs: [78/100] train_acc: 0.710 train_loss_sup: 0.840
[GPU1] epochs: [79/100] train_acc: 0.715 train_loss_sup: 0.823
[GPU1] epochs: [80/100] train_acc: 0.715 train_loss_sup: 0.825
[GPU1] Test Accuracy at epoch: 80: 0.765
[GPU1] epochs: [81/100] train_acc: 0.717 train_loss_sup: 0.818
[GPU1] epochs: [82/100] train_acc: 0.716 train_loss_sup: 0.817
[GPU1] epochs: [83/100] train_acc: 0.716 train_loss_sup: 0.819
[GPU1] epochs: [84/100] train_acc: 0.718 train_loss_sup: 0.813
[GPU1] epochs: [85/100] train_acc: 0.719 train_loss_sup: 0.813
[GPU1] epochs: [86/100] train_acc: 0.717 train_loss_sup: 0.813
[GPU1] epochs: [87/100] train_acc: 0.723 train_loss_sup: 0.806
[GPU1] epochs: [88/100] train_acc: 0.722 train_loss_sup: 0.803
[GPU1] epochs: [89/100] train_acc: 0.720 train_loss_sup: 0.803
[GPU1] epochs: [90/100] train_acc: 0.725 train_loss_sup: 0.796
[GPU1] Test Accuracy at epoch: 90: 0.766
[GPU1] epochs: [91/100] train_acc: 0.723 train_loss_sup: 0.800
[GPU1] epochs: [92/100] train_acc: 0.725 train_loss_sup: 0.796
[GPU1] epochs: [93/100] train_acc: 0.725 train_loss_sup: 0.795
[GPU1] epochs: [94/100] train_acc: 0.723 train_loss_sup: 0.797
[GPU1] epochs: [95/100] train_acc: 0.727 train_loss_sup: 0.792
[GPU1] epochs: [96/100] train_acc: 0.726 train_loss_sup: 0.794
[GPU1] epochs: [97/100] train_acc: 0.725 train_loss_sup: 0.790
[GPU1] epochs: [98/100] train_acc: 0.727 train_loss_sup: 0.792
[GPU1] epochs: [99/100] train_acc: 0.724 train_loss_sup: 0.796
[GPU1] epochs: [100/100] train_acc: 0.726 train_loss_sup: 0.787
[GPU1] Final Test Accuracy: 0.772
LR: 1.000 | WD: 0.000100 | Cosine: True | test Acc: 0.772%
===> using linear mlp
Scheduler: <torch.optim.lr_scheduler.CosineAnnealingLR object at 0x7f641996bc40>
MLP: MLP(
  (mlp): Linear(in_features=512, out_features=10, bias=True)
)
[GPU1] Test Accuracy at epoch: 0: 0.659
[GPU1] epochs: [1/100] train_acc: 0.567 train_loss_sup: 2.696
[GPU1] epochs: [2/100] train_acc: 0.617 train_loss_sup: 1.997
[GPU1] epochs: [3/100] train_acc: 0.630 train_loss_sup: 1.813
[GPU1] epochs: [4/100] train_acc: 0.634 train_loss_sup: 1.725
[GPU1] epochs: [5/100] train_acc: 0.630 train_loss_sup: 1.781
[GPU1] epochs: [6/100] train_acc: 0.622 train_loss_sup: 1.876
[GPU1] epochs: [7/100] train_acc: 0.626 train_loss_sup: 1.928
[GPU1] epochs: [8/100] train_acc: 0.631 train_loss_sup: 1.741
[GPU1] epochs: [9/100] train_acc: 0.636 train_loss_sup: 1.655
[GPU1] epochs: [10/100] train_acc: 0.632 train_loss_sup: 1.690
[GPU1] Test Accuracy at epoch: 10: 0.691
[GPU1] epochs: [11/100] train_acc: 0.626 train_loss_sup: 1.929
[GPU1] epochs: [12/100] train_acc: 0.626 train_loss_sup: 1.936
[GPU1] epochs: [13/100] train_acc: 0.636 train_loss_sup: 1.799
[GPU1] epochs: [14/100] train_acc: 0.643 train_loss_sup: 1.587
[GPU1] epochs: [15/100] train_acc: 0.632 train_loss_sup: 1.714
[GPU1] epochs: [16/100] train_acc: 0.639 train_loss_sup: 1.656
[GPU1] epochs: [17/100] train_acc: 0.629 train_loss_sup: 1.633
[GPU1] epochs: [18/100] train_acc: 0.635 train_loss_sup: 1.597
[GPU1] epochs: [19/100] train_acc: 0.639 train_loss_sup: 1.575
[GPU1] epochs: [20/100] train_acc: 0.631 train_loss_sup: 1.725
[GPU1] Test Accuracy at epoch: 20: 0.711
[GPU1] epochs: [21/100] train_acc: 0.639 train_loss_sup: 1.537
[GPU1] epochs: [22/100] train_acc: 0.634 train_loss_sup: 1.712
[GPU1] epochs: [23/100] train_acc: 0.636 train_loss_sup: 1.570
[GPU1] epochs: [24/100] train_acc: 0.641 train_loss_sup: 1.534
[GPU1] epochs: [25/100] train_acc: 0.641 train_loss_sup: 1.507
[GPU1] epochs: [26/100] train_acc: 0.634 train_loss_sup: 1.555
[GPU1] epochs: [27/100] train_acc: 0.647 train_loss_sup: 1.422
[GPU1] epochs: [28/100] train_acc: 0.644 train_loss_sup: 1.448
[GPU1] epochs: [29/100] train_acc: 0.641 train_loss_sup: 1.419
[GPU1] epochs: [30/100] train_acc: 0.648 train_loss_sup: 1.335
[GPU1] Test Accuracy at epoch: 30: 0.687
[GPU1] epochs: [31/100] train_acc: 0.649 train_loss_sup: 1.260
[GPU1] epochs: [32/100] train_acc: 0.651 train_loss_sup: 1.258
[GPU1] epochs: [33/100] train_acc: 0.644 train_loss_sup: 1.389
[GPU1] epochs: [34/100] train_acc: 0.651 train_loss_sup: 1.345
[GPU1] epochs: [35/100] train_acc: 0.642 train_loss_sup: 1.351
[GPU1] epochs: [36/100] train_acc: 0.649 train_loss_sup: 1.316
[GPU1] epochs: [37/100] train_acc: 0.655 train_loss_sup: 1.232
[GPU1] epochs: [38/100] train_acc: 0.659 train_loss_sup: 1.171
[GPU1] epochs: [39/100] train_acc: 0.657 train_loss_sup: 1.174
[GPU1] epochs: [40/100] train_acc: 0.644 train_loss_sup: 1.331
[GPU1] Test Accuracy at epoch: 40: 0.725
[GPU1] epochs: [41/100] train_acc: 0.655 train_loss_sup: 1.176
[GPU1] epochs: [42/100] train_acc: 0.660 train_loss_sup: 1.166
[GPU1] epochs: [43/100] train_acc: 0.666 train_loss_sup: 1.073
[GPU1] epochs: [44/100] train_acc: 0.667 train_loss_sup: 1.092
[GPU1] epochs: [45/100] train_acc: 0.664 train_loss_sup: 1.097
[GPU1] epochs: [46/100] train_acc: 0.672 train_loss_sup: 1.060
[GPU1] epochs: [47/100] train_acc: 0.659 train_loss_sup: 1.104
[GPU1] epochs: [48/100] train_acc: 0.674 train_loss_sup: 1.012
[GPU1] epochs: [49/100] train_acc: 0.672 train_loss_sup: 1.044
[GPU1] epochs: [50/100] train_acc: 0.670 train_loss_sup: 1.044
[GPU1] Test Accuracy at epoch: 50: 0.716
[GPU1] epochs: [51/100] train_acc: 0.673 train_loss_sup: 1.029
[GPU1] epochs: [52/100] train_acc: 0.672 train_loss_sup: 1.018
[GPU1] epochs: [53/100] train_acc: 0.673 train_loss_sup: 1.009
[GPU1] epochs: [54/100] train_acc: 0.676 train_loss_sup: 0.986
[GPU1] epochs: [55/100] train_acc: 0.678 train_loss_sup: 0.984
[GPU1] epochs: [56/100] train_acc: 0.681 train_loss_sup: 0.967
[GPU1] epochs: [57/100] train_acc: 0.689 train_loss_sup: 0.941
[GPU1] epochs: [58/100] train_acc: 0.681 train_loss_sup: 0.966
[GPU1] epochs: [59/100] train_acc: 0.692 train_loss_sup: 0.922
[GPU1] epochs: [60/100] train_acc: 0.691 train_loss_sup: 0.919
[GPU1] Test Accuracy at epoch: 60: 0.758
[GPU1] epochs: [61/100] train_acc: 0.690 train_loss_sup: 0.917
[GPU1] epochs: [62/100] train_acc: 0.691 train_loss_sup: 0.912
[GPU1] epochs: [63/100] train_acc: 0.693 train_loss_sup: 0.916
[GPU1] epochs: [64/100] train_acc: 0.695 train_loss_sup: 0.908
[GPU1] epochs: [65/100] train_acc: 0.699 train_loss_sup: 0.880
[GPU1] epochs: [66/100] train_acc: 0.703 train_loss_sup: 0.872
[GPU1] epochs: [67/100] train_acc: 0.704 train_loss_sup: 0.866
[GPU1] epochs: [68/100] train_acc: 0.700 train_loss_sup: 0.871
[GPU1] epochs: [69/100] train_acc: 0.703 train_loss_sup: 0.867
[GPU1] epochs: [70/100] train_acc: 0.704 train_loss_sup: 0.865
[GPU1] Test Accuracy at epoch: 70: 0.76
[GPU1] epochs: [71/100] train_acc: 0.703 train_loss_sup: 0.862
[GPU1] epochs: [72/100] train_acc: 0.708 train_loss_sup: 0.851
[GPU1] epochs: [73/100] train_acc: 0.708 train_loss_sup: 0.850
[GPU1] epochs: [74/100] train_acc: 0.708 train_loss_sup: 0.846
[GPU1] epochs: [75/100] train_acc: 0.713 train_loss_sup: 0.834
[GPU1] epochs: [76/100] train_acc: 0.712 train_loss_sup: 0.837
[GPU1] epochs: [77/100] train_acc: 0.710 train_loss_sup: 0.837
[GPU1] epochs: [78/100] train_acc: 0.712 train_loss_sup: 0.835
[GPU1] epochs: [79/100] train_acc: 0.713 train_loss_sup: 0.828
[GPU1] epochs: [80/100] train_acc: 0.718 train_loss_sup: 0.820
[GPU1] Test Accuracy at epoch: 80: 0.767
[GPU1] epochs: [81/100] train_acc: 0.714 train_loss_sup: 0.825
[GPU1] epochs: [82/100] train_acc: 0.717 train_loss_sup: 0.816
[GPU1] epochs: [83/100] train_acc: 0.718 train_loss_sup: 0.817
[GPU1] epochs: [84/100] train_acc: 0.719 train_loss_sup: 0.811
[GPU1] epochs: [85/100] train_acc: 0.720 train_loss_sup: 0.804
[GPU1] epochs: [86/100] train_acc: 0.722 train_loss_sup: 0.804
[GPU1] epochs: [87/100] train_acc: 0.722 train_loss_sup: 0.805
[GPU1] epochs: [88/100] train_acc: 0.720 train_loss_sup: 0.804
[GPU1] epochs: [89/100] train_acc: 0.722 train_loss_sup: 0.801
[GPU1] epochs: [90/100] train_acc: 0.725 train_loss_sup: 0.800
[GPU1] Test Accuracy at epoch: 90: 0.77
[GPU1] epochs: [91/100] train_acc: 0.727 train_loss_sup: 0.794
[GPU1] epochs: [92/100] train_acc: 0.720 train_loss_sup: 0.806
[GPU1] epochs: [93/100] train_acc: 0.724 train_loss_sup: 0.798
[GPU1] epochs: [94/100] train_acc: 0.723 train_loss_sup: 0.799
[GPU1] epochs: [95/100] train_acc: 0.726 train_loss_sup: 0.793
[GPU1] epochs: [96/100] train_acc: 0.724 train_loss_sup: 0.794
[GPU1] epochs: [97/100] train_acc: 0.726 train_loss_sup: 0.796
[GPU1] epochs: [98/100] train_acc: 0.724 train_loss_sup: 0.792
[GPU1] epochs: [99/100] train_acc: 0.725 train_loss_sup: 0.796
[GPU1] epochs: [100/100] train_acc: 0.727 train_loss_sup: 0.796
[GPU1] Final Test Accuracy: 0.773
LR: 1.000 | WD: 0.000000 | Cosine: True | test Acc: 0.773%
------------------------------
Best Test Accuracy: 0.776%
Optimal Hyperparameters: LR=0.1, WD=1e-06, Cosine=1
knn evalution
logistic regression evalution
clustering metrics evalution
knn_acc: 0.693
lreg_acc: 0.755
ari: 0.222
nmi: 0.325
ss: 0.047
dbs: 3.691
