Namespace(dataset='cifar100', saved_path='saved_models/vicreg.sc.timg.r18.pth', gpu=1, model='resnet18', verbose=False, epochs=100, eval_every=10, knn=True, lreg=True, linprobe=True, tsne=False, umap=False, cmet=True)
<All keys matched successfully>
Starting Hyperparameter Sweep on 1...
===> using linear mlp
Scheduler: None
MLP: MLP(
  (mlp): Linear(in_features=512, out_features=100, bias=True)
)
[GPU1] Test Accuracy at epoch: 0: 0.277
[GPU1] epochs: [1/100] train_acc: 0.214 train_loss_sup: 3.559
[GPU1] epochs: [2/100] train_acc: 0.305 train_loss_sup: 2.909
[GPU1] epochs: [3/100] train_acc: 0.334 train_loss_sup: 2.758
[GPU1] epochs: [4/100] train_acc: 0.348 train_loss_sup: 2.676
[GPU1] epochs: [5/100] train_acc: 0.359 train_loss_sup: 2.618
[GPU1] epochs: [6/100] train_acc: 0.367 train_loss_sup: 2.575
[GPU1] epochs: [7/100] train_acc: 0.374 train_loss_sup: 2.540
[GPU1] epochs: [8/100] train_acc: 0.381 train_loss_sup: 2.514
[GPU1] epochs: [9/100] train_acc: 0.386 train_loss_sup: 2.491
[GPU1] epochs: [10/100] train_acc: 0.387 train_loss_sup: 2.475
[GPU1] Test Accuracy at epoch: 10: 0.379
[GPU1] epochs: [11/100] train_acc: 0.391 train_loss_sup: 2.457
[GPU1] epochs: [12/100] train_acc: 0.394 train_loss_sup: 2.441
[GPU1] epochs: [13/100] train_acc: 0.397 train_loss_sup: 2.429
[GPU1] epochs: [14/100] train_acc: 0.401 train_loss_sup: 2.411
[GPU1] epochs: [15/100] train_acc: 0.404 train_loss_sup: 2.408
[GPU1] epochs: [16/100] train_acc: 0.407 train_loss_sup: 2.392
[GPU1] epochs: [17/100] train_acc: 0.405 train_loss_sup: 2.389
[GPU1] epochs: [18/100] train_acc: 0.409 train_loss_sup: 2.387
[GPU1] epochs: [19/100] train_acc: 0.411 train_loss_sup: 2.368
[GPU1] epochs: [20/100] train_acc: 0.416 train_loss_sup: 2.368
[GPU1] Test Accuracy at epoch: 20: 0.393
[GPU1] epochs: [21/100] train_acc: 0.417 train_loss_sup: 2.350
[GPU1] epochs: [22/100] train_acc: 0.415 train_loss_sup: 2.353
[GPU1] epochs: [23/100] train_acc: 0.416 train_loss_sup: 2.340
[GPU1] epochs: [24/100] train_acc: 0.416 train_loss_sup: 2.342
[GPU1] epochs: [25/100] train_acc: 0.419 train_loss_sup: 2.334
[GPU1] epochs: [26/100] train_acc: 0.422 train_loss_sup: 2.320
[GPU1] epochs: [27/100] train_acc: 0.422 train_loss_sup: 2.320
[GPU1] epochs: [28/100] train_acc: 0.422 train_loss_sup: 2.321
[GPU1] epochs: [29/100] train_acc: 0.422 train_loss_sup: 2.314
[GPU1] epochs: [30/100] train_acc: 0.425 train_loss_sup: 2.315
[GPU1] Test Accuracy at epoch: 30: 0.396
[GPU1] epochs: [31/100] train_acc: 0.427 train_loss_sup: 2.297
[GPU1] epochs: [32/100] train_acc: 0.422 train_loss_sup: 2.309
[GPU1] epochs: [33/100] train_acc: 0.426 train_loss_sup: 2.294
[GPU1] epochs: [34/100] train_acc: 0.430 train_loss_sup: 2.290
[GPU1] epochs: [35/100] train_acc: 0.433 train_loss_sup: 2.285
[GPU1] epochs: [36/100] train_acc: 0.429 train_loss_sup: 2.292
[GPU1] epochs: [37/100] train_acc: 0.428 train_loss_sup: 2.284
[GPU1] epochs: [38/100] train_acc: 0.431 train_loss_sup: 2.282
[GPU1] epochs: [39/100] train_acc: 0.432 train_loss_sup: 2.281
[GPU1] epochs: [40/100] train_acc: 0.432 train_loss_sup: 2.271
[GPU1] Test Accuracy at epoch: 40: 0.401
[GPU1] epochs: [41/100] train_acc: 0.434 train_loss_sup: 2.265
[GPU1] epochs: [42/100] train_acc: 0.432 train_loss_sup: 2.283
[GPU1] epochs: [43/100] train_acc: 0.432 train_loss_sup: 2.266
[GPU1] epochs: [44/100] train_acc: 0.435 train_loss_sup: 2.253
[GPU1] epochs: [45/100] train_acc: 0.432 train_loss_sup: 2.271
[GPU1] epochs: [46/100] train_acc: 0.435 train_loss_sup: 2.254
[GPU1] epochs: [47/100] train_acc: 0.435 train_loss_sup: 2.261
[GPU1] epochs: [48/100] train_acc: 0.436 train_loss_sup: 2.245
[GPU1] epochs: [49/100] train_acc: 0.437 train_loss_sup: 2.260
[GPU1] epochs: [50/100] train_acc: 0.439 train_loss_sup: 2.253
[GPU1] Test Accuracy at epoch: 50: 0.405
[GPU1] epochs: [51/100] train_acc: 0.436 train_loss_sup: 2.245
[GPU1] epochs: [52/100] train_acc: 0.438 train_loss_sup: 2.246
[GPU1] epochs: [53/100] train_acc: 0.438 train_loss_sup: 2.244
[GPU1] epochs: [54/100] train_acc: 0.439 train_loss_sup: 2.248
[GPU1] epochs: [55/100] train_acc: 0.438 train_loss_sup: 2.243
[GPU1] epochs: [56/100] train_acc: 0.440 train_loss_sup: 2.246
[GPU1] epochs: [57/100] train_acc: 0.441 train_loss_sup: 2.240
[GPU1] epochs: [58/100] train_acc: 0.440 train_loss_sup: 2.237
[GPU1] epochs: [59/100] train_acc: 0.439 train_loss_sup: 2.237
[GPU1] epochs: [60/100] train_acc: 0.438 train_loss_sup: 2.224
[GPU1] Test Accuracy at epoch: 60: 0.408
[GPU1] epochs: [61/100] train_acc: 0.446 train_loss_sup: 2.226
[GPU1] epochs: [62/100] train_acc: 0.441 train_loss_sup: 2.233
[GPU1] epochs: [63/100] train_acc: 0.442 train_loss_sup: 2.227
[GPU1] epochs: [64/100] train_acc: 0.442 train_loss_sup: 2.222
[GPU1] epochs: [65/100] train_acc: 0.446 train_loss_sup: 2.213
[GPU1] epochs: [66/100] train_acc: 0.445 train_loss_sup: 2.213
[GPU1] epochs: [67/100] train_acc: 0.441 train_loss_sup: 2.222
[GPU1] epochs: [68/100] train_acc: 0.446 train_loss_sup: 2.210
[GPU1] epochs: [69/100] train_acc: 0.445 train_loss_sup: 2.221
[GPU1] epochs: [70/100] train_acc: 0.443 train_loss_sup: 2.212
[GPU1] Test Accuracy at epoch: 70: 0.41
[GPU1] epochs: [71/100] train_acc: 0.444 train_loss_sup: 2.215
[GPU1] epochs: [72/100] train_acc: 0.447 train_loss_sup: 2.208
[GPU1] epochs: [73/100] train_acc: 0.448 train_loss_sup: 2.212
[GPU1] epochs: [74/100] train_acc: 0.447 train_loss_sup: 2.211
[GPU1] epochs: [75/100] train_acc: 0.444 train_loss_sup: 2.217
[GPU1] epochs: [76/100] train_acc: 0.445 train_loss_sup: 2.216
[GPU1] epochs: [77/100] train_acc: 0.447 train_loss_sup: 2.207
[GPU1] epochs: [78/100] train_acc: 0.448 train_loss_sup: 2.206
[GPU1] epochs: [79/100] train_acc: 0.448 train_loss_sup: 2.201
[GPU1] epochs: [80/100] train_acc: 0.448 train_loss_sup: 2.217
[GPU1] Test Accuracy at epoch: 80: 0.412
[GPU1] epochs: [81/100] train_acc: 0.446 train_loss_sup: 2.206
[GPU1] epochs: [82/100] train_acc: 0.448 train_loss_sup: 2.202
[GPU1] epochs: [83/100] train_acc: 0.445 train_loss_sup: 2.207
[GPU1] epochs: [84/100] train_acc: 0.447 train_loss_sup: 2.195
[GPU1] epochs: [85/100] train_acc: 0.447 train_loss_sup: 2.205
[GPU1] epochs: [86/100] train_acc: 0.448 train_loss_sup: 2.197
[GPU1] epochs: [87/100] train_acc: 0.448 train_loss_sup: 2.198
[GPU1] epochs: [88/100] train_acc: 0.446 train_loss_sup: 2.197
[GPU1] epochs: [89/100] train_acc: 0.449 train_loss_sup: 2.200
[GPU1] epochs: [90/100] train_acc: 0.449 train_loss_sup: 2.200
[GPU1] Test Accuracy at epoch: 90: 0.413
[GPU1] epochs: [91/100] train_acc: 0.449 train_loss_sup: 2.192
[GPU1] epochs: [92/100] train_acc: 0.450 train_loss_sup: 2.200
[GPU1] epochs: [93/100] train_acc: 0.448 train_loss_sup: 2.200
[GPU1] epochs: [94/100] train_acc: 0.451 train_loss_sup: 2.191
[GPU1] epochs: [95/100] train_acc: 0.449 train_loss_sup: 2.190
[GPU1] epochs: [96/100] train_acc: 0.449 train_loss_sup: 2.185
[GPU1] epochs: [97/100] train_acc: 0.450 train_loss_sup: 2.192
[GPU1] epochs: [98/100] train_acc: 0.451 train_loss_sup: 2.195
[GPU1] epochs: [99/100] train_acc: 0.453 train_loss_sup: 2.182
[GPU1] epochs: [100/100] train_acc: 0.451 train_loss_sup: 2.187
[GPU1] Final Test Accuracy: 0.414
LR: 0.100 | WD: 0.000001 | Cosine: False | test Acc: 0.414%
===> using linear mlp
Scheduler: None
MLP: MLP(
  (mlp): Linear(in_features=512, out_features=100, bias=True)
)
[GPU1] Test Accuracy at epoch: 0: 0.272
[GPU1] epochs: [1/100] train_acc: 0.216 train_loss_sup: 3.557
[GPU1] epochs: [2/100] train_acc: 0.308 train_loss_sup: 2.907
[GPU1] epochs: [3/100] train_acc: 0.331 train_loss_sup: 2.764
[GPU1] epochs: [4/100] train_acc: 0.348 train_loss_sup: 2.677
[GPU1] epochs: [5/100] train_acc: 0.357 train_loss_sup: 2.628
[GPU1] epochs: [6/100] train_acc: 0.366 train_loss_sup: 2.586
[GPU1] epochs: [7/100] train_acc: 0.373 train_loss_sup: 2.548
[GPU1] epochs: [8/100] train_acc: 0.376 train_loss_sup: 2.533
[GPU1] epochs: [9/100] train_acc: 0.383 train_loss_sup: 2.507
[GPU1] epochs: [10/100] train_acc: 0.383 train_loss_sup: 2.483
[GPU1] Test Accuracy at epoch: 10: 0.373
[GPU1] epochs: [11/100] train_acc: 0.390 train_loss_sup: 2.473
[GPU1] epochs: [12/100] train_acc: 0.394 train_loss_sup: 2.461
[GPU1] epochs: [13/100] train_acc: 0.395 train_loss_sup: 2.445
[GPU1] epochs: [14/100] train_acc: 0.400 train_loss_sup: 2.428
[GPU1] epochs: [15/100] train_acc: 0.402 train_loss_sup: 2.429
[GPU1] epochs: [16/100] train_acc: 0.406 train_loss_sup: 2.410
[GPU1] epochs: [17/100] train_acc: 0.404 train_loss_sup: 2.404
[GPU1] epochs: [18/100] train_acc: 0.406 train_loss_sup: 2.405
[GPU1] epochs: [19/100] train_acc: 0.408 train_loss_sup: 2.388
[GPU1] epochs: [20/100] train_acc: 0.410 train_loss_sup: 2.381
[GPU1] Test Accuracy at epoch: 20: 0.397
[GPU1] epochs: [21/100] train_acc: 0.411 train_loss_sup: 2.377
[GPU1] epochs: [22/100] train_acc: 0.411 train_loss_sup: 2.369
[GPU1] epochs: [23/100] train_acc: 0.414 train_loss_sup: 2.364
[GPU1] epochs: [24/100] train_acc: 0.418 train_loss_sup: 2.351
[GPU1] epochs: [25/100] train_acc: 0.415 train_loss_sup: 2.358
[GPU1] epochs: [26/100] train_acc: 0.416 train_loss_sup: 2.350
[GPU1] epochs: [27/100] train_acc: 0.420 train_loss_sup: 2.343
[GPU1] epochs: [28/100] train_acc: 0.420 train_loss_sup: 2.338
[GPU1] epochs: [29/100] train_acc: 0.420 train_loss_sup: 2.341
[GPU1] epochs: [30/100] train_acc: 0.420 train_loss_sup: 2.328
[GPU1] Test Accuracy at epoch: 30: 0.402
[GPU1] epochs: [31/100] train_acc: 0.421 train_loss_sup: 2.330
[GPU1] epochs: [32/100] train_acc: 0.420 train_loss_sup: 2.325
[GPU1] epochs: [33/100] train_acc: 0.419 train_loss_sup: 2.328
[GPU1] epochs: [34/100] train_acc: 0.420 train_loss_sup: 2.318
[GPU1] epochs: [35/100] train_acc: 0.426 train_loss_sup: 2.308
[GPU1] epochs: [36/100] train_acc: 0.427 train_loss_sup: 2.320
[GPU1] epochs: [37/100] train_acc: 0.423 train_loss_sup: 2.306
[GPU1] epochs: [38/100] train_acc: 0.425 train_loss_sup: 2.305
[GPU1] epochs: [39/100] train_acc: 0.425 train_loss_sup: 2.306
[GPU1] epochs: [40/100] train_acc: 0.426 train_loss_sup: 2.306
[GPU1] Test Accuracy at epoch: 40: 0.402
[GPU1] epochs: [41/100] train_acc: 0.424 train_loss_sup: 2.300
[GPU1] epochs: [42/100] train_acc: 0.426 train_loss_sup: 2.295
[GPU1] epochs: [43/100] train_acc: 0.431 train_loss_sup: 2.302
[GPU1] epochs: [44/100] train_acc: 0.425 train_loss_sup: 2.304
[GPU1] epochs: [45/100] train_acc: 0.429 train_loss_sup: 2.296
[GPU1] epochs: [46/100] train_acc: 0.428 train_loss_sup: 2.294
[GPU1] epochs: [47/100] train_acc: 0.428 train_loss_sup: 2.284
[GPU1] epochs: [48/100] train_acc: 0.431 train_loss_sup: 2.285
[GPU1] epochs: [49/100] train_acc: 0.430 train_loss_sup: 2.287
[GPU1] epochs: [50/100] train_acc: 0.432 train_loss_sup: 2.279
[GPU1] Test Accuracy at epoch: 50: 0.407
[GPU1] epochs: [51/100] train_acc: 0.430 train_loss_sup: 2.296
[GPU1] epochs: [52/100] train_acc: 0.433 train_loss_sup: 2.288
[GPU1] epochs: [53/100] train_acc: 0.430 train_loss_sup: 2.278
[GPU1] epochs: [54/100] train_acc: 0.431 train_loss_sup: 2.281
[GPU1] epochs: [55/100] train_acc: 0.430 train_loss_sup: 2.280
[GPU1] epochs: [56/100] train_acc: 0.431 train_loss_sup: 2.275
[GPU1] epochs: [57/100] train_acc: 0.431 train_loss_sup: 2.276
[GPU1] epochs: [58/100] train_acc: 0.433 train_loss_sup: 2.273
[GPU1] epochs: [59/100] train_acc: 0.432 train_loss_sup: 2.263
[GPU1] epochs: [60/100] train_acc: 0.432 train_loss_sup: 2.271
[GPU1] Test Accuracy at epoch: 60: 0.409
[GPU1] epochs: [61/100] train_acc: 0.434 train_loss_sup: 2.275
[GPU1] epochs: [62/100] train_acc: 0.434 train_loss_sup: 2.269
[GPU1] epochs: [63/100] train_acc: 0.434 train_loss_sup: 2.271
[GPU1] epochs: [64/100] train_acc: 0.432 train_loss_sup: 2.271
[GPU1] epochs: [65/100] train_acc: 0.434 train_loss_sup: 2.268
[GPU1] epochs: [66/100] train_acc: 0.434 train_loss_sup: 2.268
[GPU1] epochs: [67/100] train_acc: 0.435 train_loss_sup: 2.263
[GPU1] epochs: [68/100] train_acc: 0.432 train_loss_sup: 2.262
[GPU1] epochs: [69/100] train_acc: 0.438 train_loss_sup: 2.262
[GPU1] epochs: [70/100] train_acc: 0.436 train_loss_sup: 2.273
[GPU1] Test Accuracy at epoch: 70: 0.408
[GPU1] epochs: [71/100] train_acc: 0.437 train_loss_sup: 2.266
[GPU1] epochs: [72/100] train_acc: 0.434 train_loss_sup: 2.273
[GPU1] epochs: [73/100] train_acc: 0.437 train_loss_sup: 2.265
[GPU1] epochs: [74/100] train_acc: 0.437 train_loss_sup: 2.258
[GPU1] epochs: [75/100] train_acc: 0.436 train_loss_sup: 2.257
[GPU1] epochs: [76/100] train_acc: 0.438 train_loss_sup: 2.260
[GPU1] epochs: [77/100] train_acc: 0.433 train_loss_sup: 2.267
[GPU1] epochs: [78/100] train_acc: 0.439 train_loss_sup: 2.252
[GPU1] epochs: [79/100] train_acc: 0.440 train_loss_sup: 2.252
[GPU1] epochs: [80/100] train_acc: 0.434 train_loss_sup: 2.264
[GPU1] Test Accuracy at epoch: 80: 0.409
[GPU1] epochs: [81/100] train_acc: 0.434 train_loss_sup: 2.264
[GPU1] epochs: [82/100] train_acc: 0.438 train_loss_sup: 2.255
[GPU1] epochs: [83/100] train_acc: 0.435 train_loss_sup: 2.252
[GPU1] epochs: [84/100] train_acc: 0.438 train_loss_sup: 2.255
[GPU1] epochs: [85/100] train_acc: 0.437 train_loss_sup: 2.252
[GPU1] epochs: [86/100] train_acc: 0.439 train_loss_sup: 2.242
[GPU1] epochs: [87/100] train_acc: 0.439 train_loss_sup: 2.249
[GPU1] epochs: [88/100] train_acc: 0.438 train_loss_sup: 2.249
[GPU1] epochs: [89/100] train_acc: 0.435 train_loss_sup: 2.251
[GPU1] epochs: [90/100] train_acc: 0.436 train_loss_sup: 2.253
[GPU1] Test Accuracy at epoch: 90: 0.409
[GPU1] epochs: [91/100] train_acc: 0.441 train_loss_sup: 2.243
[GPU1] epochs: [92/100] train_acc: 0.438 train_loss_sup: 2.249
[GPU1] epochs: [93/100] train_acc: 0.438 train_loss_sup: 2.247
[GPU1] epochs: [94/100] train_acc: 0.439 train_loss_sup: 2.251
[GPU1] epochs: [95/100] train_acc: 0.438 train_loss_sup: 2.246
[GPU1] epochs: [96/100] train_acc: 0.436 train_loss_sup: 2.253
[GPU1] epochs: [97/100] train_acc: 0.438 train_loss_sup: 2.248
[GPU1] epochs: [98/100] train_acc: 0.440 train_loss_sup: 2.250
[GPU1] epochs: [99/100] train_acc: 0.438 train_loss_sup: 2.244
[GPU1] epochs: [100/100] train_acc: 0.439 train_loss_sup: 2.246
[GPU1] Final Test Accuracy: 0.41
LR: 0.100 | WD: 0.000100 | Cosine: False | test Acc: 0.410%
===> using linear mlp
Scheduler: None
MLP: MLP(
  (mlp): Linear(in_features=512, out_features=100, bias=True)
)
[GPU1] Test Accuracy at epoch: 0: 0.281
[GPU1] epochs: [1/100] train_acc: 0.214 train_loss_sup: 3.561
[GPU1] epochs: [2/100] train_acc: 0.312 train_loss_sup: 2.902
[GPU1] epochs: [3/100] train_acc: 0.335 train_loss_sup: 2.759
[GPU1] epochs: [4/100] train_acc: 0.347 train_loss_sup: 2.676
[GPU1] epochs: [5/100] train_acc: 0.359 train_loss_sup: 2.614
[GPU1] epochs: [6/100] train_acc: 0.366 train_loss_sup: 2.587
[GPU1] epochs: [7/100] train_acc: 0.375 train_loss_sup: 2.541
[GPU1] epochs: [8/100] train_acc: 0.379 train_loss_sup: 2.512
[GPU1] epochs: [9/100] train_acc: 0.387 train_loss_sup: 2.487
[GPU1] epochs: [10/100] train_acc: 0.387 train_loss_sup: 2.472
[GPU1] Test Accuracy at epoch: 10: 0.373
[GPU1] epochs: [11/100] train_acc: 0.393 train_loss_sup: 2.459
[GPU1] epochs: [12/100] train_acc: 0.396 train_loss_sup: 2.445
[GPU1] epochs: [13/100] train_acc: 0.401 train_loss_sup: 2.427
[GPU1] epochs: [14/100] train_acc: 0.402 train_loss_sup: 2.418
[GPU1] epochs: [15/100] train_acc: 0.404 train_loss_sup: 2.409
[GPU1] epochs: [16/100] train_acc: 0.405 train_loss_sup: 2.405
[GPU1] epochs: [17/100] train_acc: 0.406 train_loss_sup: 2.386
[GPU1] epochs: [18/100] train_acc: 0.407 train_loss_sup: 2.384
[GPU1] epochs: [19/100] train_acc: 0.415 train_loss_sup: 2.360
[GPU1] epochs: [20/100] train_acc: 0.413 train_loss_sup: 2.367
[GPU1] Test Accuracy at epoch: 20: 0.393
[GPU1] epochs: [21/100] train_acc: 0.416 train_loss_sup: 2.354
[GPU1] epochs: [22/100] train_acc: 0.416 train_loss_sup: 2.347
[GPU1] epochs: [23/100] train_acc: 0.418 train_loss_sup: 2.345
[GPU1] epochs: [24/100] train_acc: 0.418 train_loss_sup: 2.338
[GPU1] epochs: [25/100] train_acc: 0.421 train_loss_sup: 2.331
[GPU1] epochs: [26/100] train_acc: 0.423 train_loss_sup: 2.321
[GPU1] epochs: [27/100] train_acc: 0.420 train_loss_sup: 2.325
[GPU1] epochs: [28/100] train_acc: 0.424 train_loss_sup: 2.313
[GPU1] epochs: [29/100] train_acc: 0.425 train_loss_sup: 2.308
[GPU1] epochs: [30/100] train_acc: 0.424 train_loss_sup: 2.304
[GPU1] Test Accuracy at epoch: 30: 0.401
[GPU1] epochs: [31/100] train_acc: 0.425 train_loss_sup: 2.300
[GPU1] epochs: [32/100] train_acc: 0.425 train_loss_sup: 2.308
[GPU1] epochs: [33/100] train_acc: 0.428 train_loss_sup: 2.300
[GPU1] epochs: [34/100] train_acc: 0.428 train_loss_sup: 2.294
[GPU1] epochs: [35/100] train_acc: 0.428 train_loss_sup: 2.301
[GPU1] epochs: [36/100] train_acc: 0.430 train_loss_sup: 2.292
[GPU1] epochs: [37/100] train_acc: 0.433 train_loss_sup: 2.279
[GPU1] epochs: [38/100] train_acc: 0.431 train_loss_sup: 2.287
[GPU1] epochs: [39/100] train_acc: 0.433 train_loss_sup: 2.270
[GPU1] epochs: [40/100] train_acc: 0.431 train_loss_sup: 2.267
[GPU1] Test Accuracy at epoch: 40: 0.404
[GPU1] epochs: [41/100] train_acc: 0.430 train_loss_sup: 2.273
[GPU1] epochs: [42/100] train_acc: 0.432 train_loss_sup: 2.271
[GPU1] epochs: [43/100] train_acc: 0.433 train_loss_sup: 2.272
[GPU1] epochs: [44/100] train_acc: 0.435 train_loss_sup: 2.258
[GPU1] epochs: [45/100] train_acc: 0.433 train_loss_sup: 2.260
[GPU1] epochs: [46/100] train_acc: 0.439 train_loss_sup: 2.241
[GPU1] epochs: [47/100] train_acc: 0.434 train_loss_sup: 2.266
[GPU1] epochs: [48/100] train_acc: 0.437 train_loss_sup: 2.249
[GPU1] epochs: [49/100] train_acc: 0.438 train_loss_sup: 2.247
[GPU1] epochs: [50/100] train_acc: 0.442 train_loss_sup: 2.238
[GPU1] Test Accuracy at epoch: 50: 0.406
[GPU1] epochs: [51/100] train_acc: 0.437 train_loss_sup: 2.253
[GPU1] epochs: [52/100] train_acc: 0.438 train_loss_sup: 2.245
[GPU1] epochs: [53/100] train_acc: 0.441 train_loss_sup: 2.242
[GPU1] epochs: [54/100] train_acc: 0.440 train_loss_sup: 2.240
[GPU1] epochs: [55/100] train_acc: 0.440 train_loss_sup: 2.244
[GPU1] epochs: [56/100] train_acc: 0.438 train_loss_sup: 2.240
[GPU1] epochs: [57/100] train_acc: 0.439 train_loss_sup: 2.231
[GPU1] epochs: [58/100] train_acc: 0.444 train_loss_sup: 2.230
[GPU1] epochs: [59/100] train_acc: 0.441 train_loss_sup: 2.236
[GPU1] epochs: [60/100] train_acc: 0.442 train_loss_sup: 2.231
[GPU1] Test Accuracy at epoch: 60: 0.412
[GPU1] epochs: [61/100] train_acc: 0.442 train_loss_sup: 2.232
[GPU1] epochs: [62/100] train_acc: 0.443 train_loss_sup: 2.227
[GPU1] epochs: [63/100] train_acc: 0.444 train_loss_sup: 2.221
[GPU1] epochs: [64/100] train_acc: 0.446 train_loss_sup: 2.210
[GPU1] epochs: [65/100] train_acc: 0.443 train_loss_sup: 2.229
[GPU1] epochs: [66/100] train_acc: 0.442 train_loss_sup: 2.228
[GPU1] epochs: [67/100] train_acc: 0.443 train_loss_sup: 2.225
[GPU1] epochs: [68/100] train_acc: 0.445 train_loss_sup: 2.214
[GPU1] epochs: [69/100] train_acc: 0.443 train_loss_sup: 2.219
[GPU1] epochs: [70/100] train_acc: 0.444 train_loss_sup: 2.215
[GPU1] Test Accuracy at epoch: 70: 0.412
[GPU1] epochs: [71/100] train_acc: 0.445 train_loss_sup: 2.216
[GPU1] epochs: [72/100] train_acc: 0.447 train_loss_sup: 2.210
[GPU1] epochs: [73/100] train_acc: 0.447 train_loss_sup: 2.206
[GPU1] epochs: [74/100] train_acc: 0.449 train_loss_sup: 2.202
[GPU1] epochs: [75/100] train_acc: 0.446 train_loss_sup: 2.206
[GPU1] epochs: [76/100] train_acc: 0.448 train_loss_sup: 2.207
[GPU1] epochs: [77/100] train_acc: 0.444 train_loss_sup: 2.213
[GPU1] epochs: [78/100] train_acc: 0.448 train_loss_sup: 2.213
[GPU1] epochs: [79/100] train_acc: 0.444 train_loss_sup: 2.213
[GPU1] epochs: [80/100] train_acc: 0.445 train_loss_sup: 2.207
[GPU1] Test Accuracy at epoch: 80: 0.411
[GPU1] epochs: [81/100] train_acc: 0.449 train_loss_sup: 2.200
[GPU1] epochs: [82/100] train_acc: 0.451 train_loss_sup: 2.201
[GPU1] epochs: [83/100] train_acc: 0.448 train_loss_sup: 2.199
[GPU1] epochs: [84/100] train_acc: 0.449 train_loss_sup: 2.200
[GPU1] epochs: [85/100] train_acc: 0.446 train_loss_sup: 2.210
[GPU1] epochs: [86/100] train_acc: 0.444 train_loss_sup: 2.211
[GPU1] epochs: [87/100] train_acc: 0.447 train_loss_sup: 2.193
[GPU1] epochs: [88/100] train_acc: 0.449 train_loss_sup: 2.199
[GPU1] epochs: [89/100] train_acc: 0.448 train_loss_sup: 2.201
[GPU1] epochs: [90/100] train_acc: 0.445 train_loss_sup: 2.199
[GPU1] Test Accuracy at epoch: 90: 0.42
[GPU1] epochs: [91/100] train_acc: 0.449 train_loss_sup: 2.193
[GPU1] epochs: [92/100] train_acc: 0.449 train_loss_sup: 2.191
[GPU1] epochs: [93/100] train_acc: 0.449 train_loss_sup: 2.194
[GPU1] epochs: [94/100] train_acc: 0.447 train_loss_sup: 2.209
[GPU1] epochs: [95/100] train_acc: 0.450 train_loss_sup: 2.192
[GPU1] epochs: [96/100] train_acc: 0.452 train_loss_sup: 2.189
[GPU1] epochs: [97/100] train_acc: 0.451 train_loss_sup: 2.188
[GPU1] epochs: [98/100] train_acc: 0.446 train_loss_sup: 2.192
[GPU1] epochs: [99/100] train_acc: 0.449 train_loss_sup: 2.189
[GPU1] epochs: [100/100] train_acc: 0.449 train_loss_sup: 2.195
[GPU1] Final Test Accuracy: 0.413
LR: 0.100 | WD: 0.000000 | Cosine: False | test Acc: 0.420%
===> using linear mlp
Scheduler: None
MLP: MLP(
  (mlp): Linear(in_features=512, out_features=100, bias=True)
)
[GPU1] Test Accuracy at epoch: 0: 0.322
[GPU1] epochs: [1/100] train_acc: 0.265 train_loss_sup: 3.131
[GPU1] epochs: [2/100] train_acc: 0.337 train_loss_sup: 2.743
[GPU1] epochs: [3/100] train_acc: 0.356 train_loss_sup: 2.675
[GPU1] epochs: [4/100] train_acc: 0.360 train_loss_sup: 2.648
[GPU1] epochs: [5/100] train_acc: 0.366 train_loss_sup: 2.641
[GPU1] epochs: [6/100] train_acc: 0.376 train_loss_sup: 2.578
[GPU1] epochs: [7/100] train_acc: 0.380 train_loss_sup: 2.567
[GPU1] epochs: [8/100] train_acc: 0.385 train_loss_sup: 2.543
[GPU1] epochs: [9/100] train_acc: 0.386 train_loss_sup: 2.533
[GPU1] epochs: [10/100] train_acc: 0.384 train_loss_sup: 2.557
[GPU1] Test Accuracy at epoch: 10: 0.37
[GPU1] epochs: [11/100] train_acc: 0.384 train_loss_sup: 2.542
[GPU1] epochs: [12/100] train_acc: 0.394 train_loss_sup: 2.517
[GPU1] epochs: [13/100] train_acc: 0.389 train_loss_sup: 2.533
[GPU1] epochs: [14/100] train_acc: 0.393 train_loss_sup: 2.515
[GPU1] epochs: [15/100] train_acc: 0.394 train_loss_sup: 2.516
[GPU1] epochs: [16/100] train_acc: 0.396 train_loss_sup: 2.497
[GPU1] epochs: [17/100] train_acc: 0.399 train_loss_sup: 2.482
[GPU1] epochs: [18/100] train_acc: 0.399 train_loss_sup: 2.492
[GPU1] epochs: [19/100] train_acc: 0.398 train_loss_sup: 2.510
[GPU1] epochs: [20/100] train_acc: 0.402 train_loss_sup: 2.479
[GPU1] Test Accuracy at epoch: 20: 0.383
[GPU1] epochs: [21/100] train_acc: 0.399 train_loss_sup: 2.494
[GPU1] epochs: [22/100] train_acc: 0.404 train_loss_sup: 2.470
[GPU1] epochs: [23/100] train_acc: 0.401 train_loss_sup: 2.468
[GPU1] epochs: [24/100] train_acc: 0.400 train_loss_sup: 2.500
[GPU1] epochs: [25/100] train_acc: 0.402 train_loss_sup: 2.485
[GPU1] epochs: [26/100] train_acc: 0.405 train_loss_sup: 2.472
[GPU1] epochs: [27/100] train_acc: 0.401 train_loss_sup: 2.503
[GPU1] epochs: [28/100] train_acc: 0.401 train_loss_sup: 2.489
[GPU1] epochs: [29/100] train_acc: 0.402 train_loss_sup: 2.499
[GPU1] epochs: [30/100] train_acc: 0.400 train_loss_sup: 2.500
[GPU1] Test Accuracy at epoch: 30: 0.39
[GPU1] epochs: [31/100] train_acc: 0.405 train_loss_sup: 2.467
[GPU1] epochs: [32/100] train_acc: 0.404 train_loss_sup: 2.475
[GPU1] epochs: [33/100] train_acc: 0.402 train_loss_sup: 2.480
[GPU1] epochs: [34/100] train_acc: 0.404 train_loss_sup: 2.475
[GPU1] epochs: [35/100] train_acc: 0.407 train_loss_sup: 2.476
[GPU1] epochs: [36/100] train_acc: 0.405 train_loss_sup: 2.485
[GPU1] epochs: [37/100] train_acc: 0.404 train_loss_sup: 2.467
[GPU1] epochs: [38/100] train_acc: 0.404 train_loss_sup: 2.481
[GPU1] epochs: [39/100] train_acc: 0.408 train_loss_sup: 2.439
[GPU1] epochs: [40/100] train_acc: 0.408 train_loss_sup: 2.458
[GPU1] Test Accuracy at epoch: 40: 0.378
[GPU1] epochs: [41/100] train_acc: 0.405 train_loss_sup: 2.477
[GPU1] epochs: [42/100] train_acc: 0.408 train_loss_sup: 2.475
[GPU1] epochs: [43/100] train_acc: 0.406 train_loss_sup: 2.462
[GPU1] epochs: [44/100] train_acc: 0.407 train_loss_sup: 2.463
[GPU1] epochs: [45/100] train_acc: 0.406 train_loss_sup: 2.465
[GPU1] epochs: [46/100] train_acc: 0.407 train_loss_sup: 2.456
[GPU1] epochs: [47/100] train_acc: 0.409 train_loss_sup: 2.447
[GPU1] epochs: [48/100] train_acc: 0.412 train_loss_sup: 2.448
[GPU1] epochs: [49/100] train_acc: 0.409 train_loss_sup: 2.452
[GPU1] epochs: [50/100] train_acc: 0.406 train_loss_sup: 2.464
[GPU1] Test Accuracy at epoch: 50: 0.385
[GPU1] epochs: [51/100] train_acc: 0.410 train_loss_sup: 2.463
[GPU1] epochs: [52/100] train_acc: 0.406 train_loss_sup: 2.460
[GPU1] epochs: [53/100] train_acc: 0.405 train_loss_sup: 2.474
[GPU1] epochs: [54/100] train_acc: 0.404 train_loss_sup: 2.492
[GPU1] epochs: [55/100] train_acc: 0.407 train_loss_sup: 2.474
[GPU1] epochs: [56/100] train_acc: 0.407 train_loss_sup: 2.480
[GPU1] epochs: [57/100] train_acc: 0.403 train_loss_sup: 2.492
[GPU1] epochs: [58/100] train_acc: 0.413 train_loss_sup: 2.431
[GPU1] epochs: [59/100] train_acc: 0.413 train_loss_sup: 2.450
[GPU1] epochs: [60/100] train_acc: 0.409 train_loss_sup: 2.465
[GPU1] Test Accuracy at epoch: 60: 0.38
[GPU1] epochs: [61/100] train_acc: 0.406 train_loss_sup: 2.477
[GPU1] epochs: [62/100] train_acc: 0.409 train_loss_sup: 2.456
[GPU1] epochs: [63/100] train_acc: 0.404 train_loss_sup: 2.482
[GPU1] epochs: [64/100] train_acc: 0.411 train_loss_sup: 2.458
[GPU1] epochs: [65/100] train_acc: 0.409 train_loss_sup: 2.462
[GPU1] epochs: [66/100] train_acc: 0.409 train_loss_sup: 2.472
[GPU1] epochs: [67/100] train_acc: 0.411 train_loss_sup: 2.447
[GPU1] epochs: [68/100] train_acc: 0.408 train_loss_sup: 2.464
[GPU1] epochs: [69/100] train_acc: 0.409 train_loss_sup: 2.453
[GPU1] epochs: [70/100] train_acc: 0.410 train_loss_sup: 2.458
[GPU1] Test Accuracy at epoch: 70: 0.378
[GPU1] epochs: [71/100] train_acc: 0.411 train_loss_sup: 2.463
[GPU1] epochs: [72/100] train_acc: 0.413 train_loss_sup: 2.436
[GPU1] epochs: [73/100] train_acc: 0.408 train_loss_sup: 2.472
[GPU1] epochs: [74/100] train_acc: 0.407 train_loss_sup: 2.478
[GPU1] epochs: [75/100] train_acc: 0.408 train_loss_sup: 2.465
[GPU1] epochs: [76/100] train_acc: 0.411 train_loss_sup: 2.440
[GPU1] epochs: [77/100] train_acc: 0.411 train_loss_sup: 2.454
[GPU1] epochs: [78/100] train_acc: 0.412 train_loss_sup: 2.435
[GPU1] epochs: [79/100] train_acc: 0.407 train_loss_sup: 2.473
[GPU1] epochs: [80/100] train_acc: 0.411 train_loss_sup: 2.456
[GPU1] Test Accuracy at epoch: 80: 0.397
[GPU1] epochs: [81/100] train_acc: 0.409 train_loss_sup: 2.457
[GPU1] epochs: [82/100] train_acc: 0.408 train_loss_sup: 2.462
[GPU1] epochs: [83/100] train_acc: 0.411 train_loss_sup: 2.443
[GPU1] epochs: [84/100] train_acc: 0.406 train_loss_sup: 2.468
[GPU1] epochs: [85/100] train_acc: 0.409 train_loss_sup: 2.455
[GPU1] epochs: [86/100] train_acc: 0.410 train_loss_sup: 2.454
[GPU1] epochs: [87/100] train_acc: 0.411 train_loss_sup: 2.458
[GPU1] epochs: [88/100] train_acc: 0.412 train_loss_sup: 2.444
[GPU1] epochs: [89/100] train_acc: 0.412 train_loss_sup: 2.449
[GPU1] epochs: [90/100] train_acc: 0.407 train_loss_sup: 2.479
[GPU1] Test Accuracy at epoch: 90: 0.393
[GPU1] epochs: [91/100] train_acc: 0.410 train_loss_sup: 2.449
[GPU1] epochs: [92/100] train_acc: 0.409 train_loss_sup: 2.456
[GPU1] epochs: [93/100] train_acc: 0.407 train_loss_sup: 2.470
[GPU1] epochs: [94/100] train_acc: 0.410 train_loss_sup: 2.469
[GPU1] epochs: [95/100] train_acc: 0.411 train_loss_sup: 2.466
[GPU1] epochs: [96/100] train_acc: 0.415 train_loss_sup: 2.442
[GPU1] epochs: [97/100] train_acc: 0.411 train_loss_sup: 2.453
[GPU1] epochs: [98/100] train_acc: 0.411 train_loss_sup: 2.460
[GPU1] epochs: [99/100] train_acc: 0.412 train_loss_sup: 2.440
[GPU1] epochs: [100/100] train_acc: 0.410 train_loss_sup: 2.467
[GPU1] Final Test Accuracy: 0.384
LR: 1.000 | WD: 0.000001 | Cosine: False | test Acc: 0.397%
===> using linear mlp
Scheduler: None
MLP: MLP(
  (mlp): Linear(in_features=512, out_features=100, bias=True)
)
[GPU1] Test Accuracy at epoch: 0: 0.321
[GPU1] epochs: [1/100] train_acc: 0.265 train_loss_sup: 3.116
[GPU1] epochs: [2/100] train_acc: 0.331 train_loss_sup: 2.764
[GPU1] epochs: [3/100] train_acc: 0.353 train_loss_sup: 2.671
[GPU1] epochs: [4/100] train_acc: 0.358 train_loss_sup: 2.651
[GPU1] epochs: [5/100] train_acc: 0.358 train_loss_sup: 2.623
[GPU1] epochs: [6/100] train_acc: 0.367 train_loss_sup: 2.600
[GPU1] epochs: [7/100] train_acc: 0.365 train_loss_sup: 2.613
[GPU1] epochs: [8/100] train_acc: 0.370 train_loss_sup: 2.577
[GPU1] epochs: [9/100] train_acc: 0.373 train_loss_sup: 2.579
[GPU1] epochs: [10/100] train_acc: 0.375 train_loss_sup: 2.564
[GPU1] Test Accuracy at epoch: 10: 0.366
[GPU1] epochs: [11/100] train_acc: 0.369 train_loss_sup: 2.580
[GPU1] epochs: [12/100] train_acc: 0.372 train_loss_sup: 2.574
[GPU1] epochs: [13/100] train_acc: 0.371 train_loss_sup: 2.563
[GPU1] epochs: [14/100] train_acc: 0.375 train_loss_sup: 2.553
[GPU1] epochs: [15/100] train_acc: 0.376 train_loss_sup: 2.556
[GPU1] epochs: [16/100] train_acc: 0.375 train_loss_sup: 2.560
[GPU1] epochs: [17/100] train_acc: 0.372 train_loss_sup: 2.582
[GPU1] epochs: [18/100] train_acc: 0.377 train_loss_sup: 2.544
[GPU1] epochs: [19/100] train_acc: 0.374 train_loss_sup: 2.590
[GPU1] epochs: [20/100] train_acc: 0.375 train_loss_sup: 2.552
[GPU1] Test Accuracy at epoch: 20: 0.377
[GPU1] epochs: [21/100] train_acc: 0.376 train_loss_sup: 2.551
[GPU1] epochs: [22/100] train_acc: 0.374 train_loss_sup: 2.571
[GPU1] epochs: [23/100] train_acc: 0.373 train_loss_sup: 2.573
[GPU1] epochs: [24/100] train_acc: 0.380 train_loss_sup: 2.539
[GPU1] epochs: [25/100] train_acc: 0.377 train_loss_sup: 2.563
[GPU1] epochs: [26/100] train_acc: 0.383 train_loss_sup: 2.522
[GPU1] epochs: [27/100] train_acc: 0.378 train_loss_sup: 2.546
[GPU1] epochs: [28/100] train_acc: 0.376 train_loss_sup: 2.539
[GPU1] epochs: [29/100] train_acc: 0.377 train_loss_sup: 2.549
[GPU1] epochs: [30/100] train_acc: 0.377 train_loss_sup: 2.561
[GPU1] Test Accuracy at epoch: 30: 0.347
[GPU1] epochs: [31/100] train_acc: 0.379 train_loss_sup: 2.538
[GPU1] epochs: [32/100] train_acc: 0.377 train_loss_sup: 2.542
[GPU1] epochs: [33/100] train_acc: 0.379 train_loss_sup: 2.549
[GPU1] epochs: [34/100] train_acc: 0.376 train_loss_sup: 2.554
[GPU1] epochs: [35/100] train_acc: 0.373 train_loss_sup: 2.568
[GPU1] epochs: [36/100] train_acc: 0.379 train_loss_sup: 2.539
[GPU1] epochs: [37/100] train_acc: 0.381 train_loss_sup: 2.536
[GPU1] epochs: [38/100] train_acc: 0.378 train_loss_sup: 2.550
[GPU1] epochs: [39/100] train_acc: 0.371 train_loss_sup: 2.574
[GPU1] epochs: [40/100] train_acc: 0.377 train_loss_sup: 2.561
[GPU1] Test Accuracy at epoch: 40: 0.359
[GPU1] epochs: [41/100] train_acc: 0.373 train_loss_sup: 2.579
[GPU1] epochs: [42/100] train_acc: 0.376 train_loss_sup: 2.564
[GPU1] epochs: [43/100] train_acc: 0.375 train_loss_sup: 2.562
[GPU1] epochs: [44/100] train_acc: 0.376 train_loss_sup: 2.543
[GPU1] epochs: [45/100] train_acc: 0.377 train_loss_sup: 2.544
[GPU1] epochs: [46/100] train_acc: 0.376 train_loss_sup: 2.567
[GPU1] epochs: [47/100] train_acc: 0.374 train_loss_sup: 2.595
[GPU1] epochs: [48/100] train_acc: 0.376 train_loss_sup: 2.570
[GPU1] epochs: [49/100] train_acc: 0.378 train_loss_sup: 2.550
[GPU1] epochs: [50/100] train_acc: 0.376 train_loss_sup: 2.544
[GPU1] Test Accuracy at epoch: 50: 0.373
[GPU1] epochs: [51/100] train_acc: 0.378 train_loss_sup: 2.544
[GPU1] epochs: [52/100] train_acc: 0.377 train_loss_sup: 2.555
[GPU1] epochs: [53/100] train_acc: 0.378 train_loss_sup: 2.540
[GPU1] epochs: [54/100] train_acc: 0.381 train_loss_sup: 2.549
[GPU1] epochs: [55/100] train_acc: 0.378 train_loss_sup: 2.541
[GPU1] epochs: [56/100] train_acc: 0.379 train_loss_sup: 2.557
[GPU1] epochs: [57/100] train_acc: 0.381 train_loss_sup: 2.532
[GPU1] epochs: [58/100] train_acc: 0.378 train_loss_sup: 2.555
[GPU1] epochs: [59/100] train_acc: 0.382 train_loss_sup: 2.532
[GPU1] epochs: [60/100] train_acc: 0.377 train_loss_sup: 2.557
[GPU1] Test Accuracy at epoch: 60: 0.364
[GPU1] epochs: [61/100] train_acc: 0.381 train_loss_sup: 2.528
[GPU1] epochs: [62/100] train_acc: 0.382 train_loss_sup: 2.529
[GPU1] epochs: [63/100] train_acc: 0.373 train_loss_sup: 2.561
[GPU1] epochs: [64/100] train_acc: 0.374 train_loss_sup: 2.569
[GPU1] epochs: [65/100] train_acc: 0.376 train_loss_sup: 2.558
[GPU1] epochs: [66/100] train_acc: 0.375 train_loss_sup: 2.572
[GPU1] epochs: [67/100] train_acc: 0.375 train_loss_sup: 2.573
[GPU1] epochs: [68/100] train_acc: 0.378 train_loss_sup: 2.548
[GPU1] epochs: [69/100] train_acc: 0.378 train_loss_sup: 2.541
[GPU1] epochs: [70/100] train_acc: 0.380 train_loss_sup: 2.549
[GPU1] Test Accuracy at epoch: 70: 0.365
[GPU1] epochs: [71/100] train_acc: 0.379 train_loss_sup: 2.545
[GPU1] epochs: [72/100] train_acc: 0.371 train_loss_sup: 2.585
[GPU1] epochs: [73/100] train_acc: 0.378 train_loss_sup: 2.557
[GPU1] epochs: [74/100] train_acc: 0.380 train_loss_sup: 2.541
[GPU1] epochs: [75/100] train_acc: 0.379 train_loss_sup: 2.539
[GPU1] epochs: [76/100] train_acc: 0.375 train_loss_sup: 2.547
[GPU1] epochs: [77/100] train_acc: 0.377 train_loss_sup: 2.544
[GPU1] epochs: [78/100] train_acc: 0.374 train_loss_sup: 2.576
[GPU1] epochs: [79/100] train_acc: 0.380 train_loss_sup: 2.538
[GPU1] epochs: [80/100] train_acc: 0.378 train_loss_sup: 2.549
[GPU1] Test Accuracy at epoch: 80: 0.369
[GPU1] epochs: [81/100] train_acc: 0.376 train_loss_sup: 2.569
[GPU1] epochs: [82/100] train_acc: 0.381 train_loss_sup: 2.535
[GPU1] epochs: [83/100] train_acc: 0.376 train_loss_sup: 2.552
[GPU1] epochs: [84/100] train_acc: 0.379 train_loss_sup: 2.541
[GPU1] epochs: [85/100] train_acc: 0.377 train_loss_sup: 2.544
[GPU1] epochs: [86/100] train_acc: 0.379 train_loss_sup: 2.551
[GPU1] epochs: [87/100] train_acc: 0.377 train_loss_sup: 2.550
[GPU1] epochs: [88/100] train_acc: 0.379 train_loss_sup: 2.562
[GPU1] epochs: [89/100] train_acc: 0.377 train_loss_sup: 2.544
[GPU1] epochs: [90/100] train_acc: 0.375 train_loss_sup: 2.556
[GPU1] Test Accuracy at epoch: 90: 0.379
[GPU1] epochs: [91/100] train_acc: 0.380 train_loss_sup: 2.543
[GPU1] epochs: [92/100] train_acc: 0.379 train_loss_sup: 2.541
[GPU1] epochs: [93/100] train_acc: 0.379 train_loss_sup: 2.532
[GPU1] epochs: [94/100] train_acc: 0.378 train_loss_sup: 2.550
[GPU1] epochs: [95/100] train_acc: 0.381 train_loss_sup: 2.552
[GPU1] epochs: [96/100] train_acc: 0.377 train_loss_sup: 2.554
[GPU1] epochs: [97/100] train_acc: 0.376 train_loss_sup: 2.558
[GPU1] epochs: [98/100] train_acc: 0.375 train_loss_sup: 2.555
[GPU1] epochs: [99/100] train_acc: 0.375 train_loss_sup: 2.563
[GPU1] epochs: [100/100] train_acc: 0.376 train_loss_sup: 2.562
[GPU1] Final Test Accuracy: 0.37
LR: 1.000 | WD: 0.000100 | Cosine: False | test Acc: 0.379%
===> using linear mlp
Scheduler: None
MLP: MLP(
  (mlp): Linear(in_features=512, out_features=100, bias=True)
)
[GPU1] Test Accuracy at epoch: 0: 0.306
[GPU1] epochs: [1/100] train_acc: 0.266 train_loss_sup: 3.121
[GPU1] epochs: [2/100] train_acc: 0.337 train_loss_sup: 2.747
[GPU1] epochs: [3/100] train_acc: 0.356 train_loss_sup: 2.653
[GPU1] epochs: [4/100] train_acc: 0.366 train_loss_sup: 2.625
[GPU1] epochs: [5/100] train_acc: 0.367 train_loss_sup: 2.618
[GPU1] epochs: [6/100] train_acc: 0.375 train_loss_sup: 2.573
[GPU1] epochs: [7/100] train_acc: 0.375 train_loss_sup: 2.583
[GPU1] epochs: [8/100] train_acc: 0.380 train_loss_sup: 2.567
[GPU1] epochs: [9/100] train_acc: 0.387 train_loss_sup: 2.535
[GPU1] epochs: [10/100] train_acc: 0.385 train_loss_sup: 2.551
[GPU1] Test Accuracy at epoch: 10: 0.376
[GPU1] epochs: [11/100] train_acc: 0.387 train_loss_sup: 2.535
[GPU1] epochs: [12/100] train_acc: 0.390 train_loss_sup: 2.527
[GPU1] epochs: [13/100] train_acc: 0.396 train_loss_sup: 2.497
[GPU1] epochs: [14/100] train_acc: 0.392 train_loss_sup: 2.515
[GPU1] epochs: [15/100] train_acc: 0.395 train_loss_sup: 2.519
[GPU1] epochs: [16/100] train_acc: 0.398 train_loss_sup: 2.478
[GPU1] epochs: [17/100] train_acc: 0.397 train_loss_sup: 2.527
[GPU1] epochs: [18/100] train_acc: 0.400 train_loss_sup: 2.494
[GPU1] epochs: [19/100] train_acc: 0.398 train_loss_sup: 2.508
[GPU1] epochs: [20/100] train_acc: 0.402 train_loss_sup: 2.489
[GPU1] Test Accuracy at epoch: 20: 0.368
[GPU1] epochs: [21/100] train_acc: 0.399 train_loss_sup: 2.497
[GPU1] epochs: [22/100] train_acc: 0.404 train_loss_sup: 2.485
[GPU1] epochs: [23/100] train_acc: 0.399 train_loss_sup: 2.492
[GPU1] epochs: [24/100] train_acc: 0.401 train_loss_sup: 2.493
[GPU1] epochs: [25/100] train_acc: 0.406 train_loss_sup: 2.479
[GPU1] epochs: [26/100] train_acc: 0.405 train_loss_sup: 2.470
[GPU1] epochs: [27/100] train_acc: 0.402 train_loss_sup: 2.478
[GPU1] epochs: [28/100] train_acc: 0.404 train_loss_sup: 2.465
[GPU1] epochs: [29/100] train_acc: 0.405 train_loss_sup: 2.472
[GPU1] epochs: [30/100] train_acc: 0.403 train_loss_sup: 2.478
[GPU1] Test Accuracy at epoch: 30: 0.362
[GPU1] epochs: [31/100] train_acc: 0.406 train_loss_sup: 2.489
[GPU1] epochs: [32/100] train_acc: 0.401 train_loss_sup: 2.489
[GPU1] epochs: [33/100] train_acc: 0.400 train_loss_sup: 2.497
[GPU1] epochs: [34/100] train_acc: 0.404 train_loss_sup: 2.477
[GPU1] epochs: [35/100] train_acc: 0.406 train_loss_sup: 2.479
[GPU1] epochs: [36/100] train_acc: 0.407 train_loss_sup: 2.450
[GPU1] epochs: [37/100] train_acc: 0.406 train_loss_sup: 2.458
[GPU1] epochs: [38/100] train_acc: 0.406 train_loss_sup: 2.470
[GPU1] epochs: [39/100] train_acc: 0.408 train_loss_sup: 2.481
[GPU1] epochs: [40/100] train_acc: 0.409 train_loss_sup: 2.456
[GPU1] Test Accuracy at epoch: 40: 0.38
[GPU1] epochs: [41/100] train_acc: 0.409 train_loss_sup: 2.463
[GPU1] epochs: [42/100] train_acc: 0.405 train_loss_sup: 2.485
[GPU1] epochs: [43/100] train_acc: 0.403 train_loss_sup: 2.489
[GPU1] epochs: [44/100] train_acc: 0.406 train_loss_sup: 2.465
[GPU1] epochs: [45/100] train_acc: 0.404 train_loss_sup: 2.478
[GPU1] epochs: [46/100] train_acc: 0.408 train_loss_sup: 2.456
[GPU1] epochs: [47/100] train_acc: 0.408 train_loss_sup: 2.486
[GPU1] epochs: [48/100] train_acc: 0.408 train_loss_sup: 2.469
[GPU1] epochs: [49/100] train_acc: 0.410 train_loss_sup: 2.454
[GPU1] epochs: [50/100] train_acc: 0.409 train_loss_sup: 2.456
[GPU1] Test Accuracy at epoch: 50: 0.396
[GPU1] epochs: [51/100] train_acc: 0.411 train_loss_sup: 2.450
[GPU1] epochs: [52/100] train_acc: 0.405 train_loss_sup: 2.476
[GPU1] epochs: [53/100] train_acc: 0.408 train_loss_sup: 2.474
[GPU1] epochs: [54/100] train_acc: 0.410 train_loss_sup: 2.448
[GPU1] epochs: [55/100] train_acc: 0.407 train_loss_sup: 2.468
[GPU1] epochs: [56/100] train_acc: 0.410 train_loss_sup: 2.454
[GPU1] epochs: [57/100] train_acc: 0.407 train_loss_sup: 2.466
[GPU1] epochs: [58/100] train_acc: 0.410 train_loss_sup: 2.448
[GPU1] epochs: [59/100] train_acc: 0.411 train_loss_sup: 2.445
[GPU1] epochs: [60/100] train_acc: 0.407 train_loss_sup: 2.475
[GPU1] Test Accuracy at epoch: 60: 0.395
[GPU1] epochs: [61/100] train_acc: 0.411 train_loss_sup: 2.449
[GPU1] epochs: [62/100] train_acc: 0.406 train_loss_sup: 2.467
[GPU1] epochs: [63/100] train_acc: 0.408 train_loss_sup: 2.450
[GPU1] epochs: [64/100] train_acc: 0.414 train_loss_sup: 2.440
[GPU1] epochs: [65/100] train_acc: 0.410 train_loss_sup: 2.469
[GPU1] epochs: [66/100] train_acc: 0.412 train_loss_sup: 2.441
[GPU1] epochs: [67/100] train_acc: 0.411 train_loss_sup: 2.457
[GPU1] epochs: [68/100] train_acc: 0.408 train_loss_sup: 2.459
[GPU1] epochs: [69/100] train_acc: 0.412 train_loss_sup: 2.450
[GPU1] epochs: [70/100] train_acc: 0.412 train_loss_sup: 2.446
[GPU1] Test Accuracy at epoch: 70: 0.389
[GPU1] epochs: [71/100] train_acc: 0.412 train_loss_sup: 2.441
[GPU1] epochs: [72/100] train_acc: 0.414 train_loss_sup: 2.452
[GPU1] epochs: [73/100] train_acc: 0.411 train_loss_sup: 2.446
[GPU1] epochs: [74/100] train_acc: 0.410 train_loss_sup: 2.461
[GPU1] epochs: [75/100] train_acc: 0.409 train_loss_sup: 2.452
[GPU1] epochs: [76/100] train_acc: 0.411 train_loss_sup: 2.453
[GPU1] epochs: [77/100] train_acc: 0.409 train_loss_sup: 2.447
[GPU1] epochs: [78/100] train_acc: 0.411 train_loss_sup: 2.450
[GPU1] epochs: [79/100] train_acc: 0.411 train_loss_sup: 2.463
[GPU1] epochs: [80/100] train_acc: 0.408 train_loss_sup: 2.459
[GPU1] Test Accuracy at epoch: 80: 0.388
[GPU1] epochs: [81/100] train_acc: 0.412 train_loss_sup: 2.451
[GPU1] epochs: [82/100] train_acc: 0.410 train_loss_sup: 2.469
[GPU1] epochs: [83/100] train_acc: 0.411 train_loss_sup: 2.447
[GPU1] epochs: [84/100] train_acc: 0.410 train_loss_sup: 2.467
[GPU1] epochs: [85/100] train_acc: 0.409 train_loss_sup: 2.468
[GPU1] epochs: [86/100] train_acc: 0.409 train_loss_sup: 2.464
[GPU1] epochs: [87/100] train_acc: 0.408 train_loss_sup: 2.468
[GPU1] epochs: [88/100] train_acc: 0.407 train_loss_sup: 2.461
[GPU1] epochs: [89/100] train_acc: 0.407 train_loss_sup: 2.461
[GPU1] epochs: [90/100] train_acc: 0.412 train_loss_sup: 2.446
[GPU1] Test Accuracy at epoch: 90: 0.375
[GPU1] epochs: [91/100] train_acc: 0.412 train_loss_sup: 2.451
[GPU1] epochs: [92/100] train_acc: 0.412 train_loss_sup: 2.443
[GPU1] epochs: [93/100] train_acc: 0.410 train_loss_sup: 2.462
[GPU1] epochs: [94/100] train_acc: 0.412 train_loss_sup: 2.445
[GPU1] epochs: [95/100] train_acc: 0.411 train_loss_sup: 2.461
[GPU1] epochs: [96/100] train_acc: 0.411 train_loss_sup: 2.454
[GPU1] epochs: [97/100] train_acc: 0.411 train_loss_sup: 2.450
[GPU1] epochs: [98/100] train_acc: 0.412 train_loss_sup: 2.462
[GPU1] epochs: [99/100] train_acc: 0.411 train_loss_sup: 2.458
[GPU1] epochs: [100/100] train_acc: 0.411 train_loss_sup: 2.439
[GPU1] Final Test Accuracy: 0.389
LR: 1.000 | WD: 0.000000 | Cosine: False | test Acc: 0.396%
===> using linear mlp
Scheduler: <torch.optim.lr_scheduler.CosineAnnealingLR object at 0x738f4cfcfa90>
MLP: MLP(
  (mlp): Linear(in_features=512, out_features=100, bias=True)
)
[GPU1] Test Accuracy at epoch: 0: 0.28
[GPU1] epochs: [1/100] train_acc: 0.213 train_loss_sup: 3.559
[GPU1] epochs: [2/100] train_acc: 0.307 train_loss_sup: 2.908
[GPU1] epochs: [3/100] train_acc: 0.333 train_loss_sup: 2.749
[GPU1] epochs: [4/100] train_acc: 0.348 train_loss_sup: 2.675
[GPU1] epochs: [5/100] train_acc: 0.360 train_loss_sup: 2.621
[GPU1] epochs: [6/100] train_acc: 0.364 train_loss_sup: 2.579
[GPU1] epochs: [7/100] train_acc: 0.374 train_loss_sup: 2.542
[GPU1] epochs: [8/100] train_acc: 0.380 train_loss_sup: 2.523
[GPU1] epochs: [9/100] train_acc: 0.388 train_loss_sup: 2.490
[GPU1] epochs: [10/100] train_acc: 0.387 train_loss_sup: 2.477
[GPU1] Test Accuracy at epoch: 10: 0.375
[GPU1] epochs: [11/100] train_acc: 0.390 train_loss_sup: 2.462
[GPU1] epochs: [12/100] train_acc: 0.397 train_loss_sup: 2.447
[GPU1] epochs: [13/100] train_acc: 0.399 train_loss_sup: 2.429
[GPU1] epochs: [14/100] train_acc: 0.403 train_loss_sup: 2.413
[GPU1] epochs: [15/100] train_acc: 0.403 train_loss_sup: 2.411
[GPU1] epochs: [16/100] train_acc: 0.404 train_loss_sup: 2.393
[GPU1] epochs: [17/100] train_acc: 0.409 train_loss_sup: 2.388
[GPU1] epochs: [18/100] train_acc: 0.408 train_loss_sup: 2.381
[GPU1] epochs: [19/100] train_acc: 0.413 train_loss_sup: 2.372
[GPU1] epochs: [20/100] train_acc: 0.413 train_loss_sup: 2.370
[GPU1] Test Accuracy at epoch: 20: 0.391
[GPU1] epochs: [21/100] train_acc: 0.415 train_loss_sup: 2.350
[GPU1] epochs: [22/100] train_acc: 0.416 train_loss_sup: 2.353
[GPU1] epochs: [23/100] train_acc: 0.416 train_loss_sup: 2.346
[GPU1] epochs: [24/100] train_acc: 0.418 train_loss_sup: 2.337
[GPU1] epochs: [25/100] train_acc: 0.421 train_loss_sup: 2.328
[GPU1] epochs: [26/100] train_acc: 0.422 train_loss_sup: 2.321
[GPU1] epochs: [27/100] train_acc: 0.420 train_loss_sup: 2.324
[GPU1] epochs: [28/100] train_acc: 0.422 train_loss_sup: 2.318
[GPU1] epochs: [29/100] train_acc: 0.422 train_loss_sup: 2.315
[GPU1] epochs: [30/100] train_acc: 0.425 train_loss_sup: 2.307
[GPU1] Test Accuracy at epoch: 30: 0.4
[GPU1] epochs: [31/100] train_acc: 0.426 train_loss_sup: 2.314
[GPU1] epochs: [32/100] train_acc: 0.428 train_loss_sup: 2.297
[GPU1] epochs: [33/100] train_acc: 0.429 train_loss_sup: 2.292
[GPU1] epochs: [34/100] train_acc: 0.426 train_loss_sup: 2.304
[GPU1] epochs: [35/100] train_acc: 0.430 train_loss_sup: 2.294
[GPU1] epochs: [36/100] train_acc: 0.429 train_loss_sup: 2.291
[GPU1] epochs: [37/100] train_acc: 0.429 train_loss_sup: 2.289
[GPU1] epochs: [38/100] train_acc: 0.429 train_loss_sup: 2.286
[GPU1] epochs: [39/100] train_acc: 0.428 train_loss_sup: 2.279
[GPU1] epochs: [40/100] train_acc: 0.433 train_loss_sup: 2.278
[GPU1] Test Accuracy at epoch: 40: 0.401
[GPU1] epochs: [41/100] train_acc: 0.432 train_loss_sup: 2.273
[GPU1] epochs: [42/100] train_acc: 0.432 train_loss_sup: 2.278
[GPU1] epochs: [43/100] train_acc: 0.437 train_loss_sup: 2.264
[GPU1] epochs: [44/100] train_acc: 0.435 train_loss_sup: 2.266
[GPU1] epochs: [45/100] train_acc: 0.438 train_loss_sup: 2.257
[GPU1] epochs: [46/100] train_acc: 0.434 train_loss_sup: 2.258
[GPU1] epochs: [47/100] train_acc: 0.438 train_loss_sup: 2.258
[GPU1] epochs: [48/100] train_acc: 0.437 train_loss_sup: 2.262
[GPU1] epochs: [49/100] train_acc: 0.439 train_loss_sup: 2.261
[GPU1] epochs: [50/100] train_acc: 0.440 train_loss_sup: 2.243
[GPU1] Test Accuracy at epoch: 50: 0.409
[GPU1] epochs: [51/100] train_acc: 0.440 train_loss_sup: 2.240
[GPU1] epochs: [52/100] train_acc: 0.438 train_loss_sup: 2.250
[GPU1] epochs: [53/100] train_acc: 0.437 train_loss_sup: 2.248
[GPU1] epochs: [54/100] train_acc: 0.437 train_loss_sup: 2.253
[GPU1] epochs: [55/100] train_acc: 0.441 train_loss_sup: 2.239
[GPU1] epochs: [56/100] train_acc: 0.446 train_loss_sup: 2.232
[GPU1] epochs: [57/100] train_acc: 0.440 train_loss_sup: 2.246
[GPU1] epochs: [58/100] train_acc: 0.439 train_loss_sup: 2.234
[GPU1] epochs: [59/100] train_acc: 0.440 train_loss_sup: 2.244
[GPU1] epochs: [60/100] train_acc: 0.442 train_loss_sup: 2.232
[GPU1] Test Accuracy at epoch: 60: 0.411
[GPU1] epochs: [61/100] train_acc: 0.443 train_loss_sup: 2.234
[GPU1] epochs: [62/100] train_acc: 0.441 train_loss_sup: 2.240
[GPU1] epochs: [63/100] train_acc: 0.443 train_loss_sup: 2.229
[GPU1] epochs: [64/100] train_acc: 0.442 train_loss_sup: 2.243
[GPU1] epochs: [65/100] train_acc: 0.442 train_loss_sup: 2.240
[GPU1] epochs: [66/100] train_acc: 0.446 train_loss_sup: 2.228
[GPU1] epochs: [67/100] train_acc: 0.442 train_loss_sup: 2.236
[GPU1] epochs: [68/100] train_acc: 0.443 train_loss_sup: 2.230
[GPU1] epochs: [69/100] train_acc: 0.447 train_loss_sup: 2.221
[GPU1] epochs: [70/100] train_acc: 0.439 train_loss_sup: 2.231
[GPU1] Test Accuracy at epoch: 70: 0.41
[GPU1] epochs: [71/100] train_acc: 0.442 train_loss_sup: 2.226
[GPU1] epochs: [72/100] train_acc: 0.444 train_loss_sup: 2.227
[GPU1] epochs: [73/100] train_acc: 0.446 train_loss_sup: 2.218
[GPU1] epochs: [74/100] train_acc: 0.444 train_loss_sup: 2.221
[GPU1] epochs: [75/100] train_acc: 0.445 train_loss_sup: 2.223
[GPU1] epochs: [76/100] train_acc: 0.444 train_loss_sup: 2.228
[GPU1] epochs: [77/100] train_acc: 0.446 train_loss_sup: 2.217
[GPU1] epochs: [78/100] train_acc: 0.446 train_loss_sup: 2.220
[GPU1] epochs: [79/100] train_acc: 0.448 train_loss_sup: 2.226
[GPU1] epochs: [80/100] train_acc: 0.447 train_loss_sup: 2.214
[GPU1] Test Accuracy at epoch: 80: 0.411
[GPU1] epochs: [81/100] train_acc: 0.449 train_loss_sup: 2.216
[GPU1] epochs: [82/100] train_acc: 0.446 train_loss_sup: 2.224
[GPU1] epochs: [83/100] train_acc: 0.446 train_loss_sup: 2.219
[GPU1] epochs: [84/100] train_acc: 0.446 train_loss_sup: 2.212
[GPU1] epochs: [85/100] train_acc: 0.446 train_loss_sup: 2.222
[GPU1] epochs: [86/100] train_acc: 0.444 train_loss_sup: 2.222
[GPU1] epochs: [87/100] train_acc: 0.445 train_loss_sup: 2.219
[GPU1] epochs: [88/100] train_acc: 0.447 train_loss_sup: 2.219
[GPU1] epochs: [89/100] train_acc: 0.446 train_loss_sup: 2.218
[GPU1] epochs: [90/100] train_acc: 0.448 train_loss_sup: 2.214
[GPU1] Test Accuracy at epoch: 90: 0.411
[GPU1] epochs: [91/100] train_acc: 0.449 train_loss_sup: 2.203
[GPU1] epochs: [92/100] train_acc: 0.445 train_loss_sup: 2.224
[GPU1] epochs: [93/100] train_acc: 0.449 train_loss_sup: 2.210
[GPU1] epochs: [94/100] train_acc: 0.447 train_loss_sup: 2.218
[GPU1] epochs: [95/100] train_acc: 0.447 train_loss_sup: 2.223
[GPU1] epochs: [96/100] train_acc: 0.450 train_loss_sup: 2.219
[GPU1] epochs: [97/100] train_acc: 0.447 train_loss_sup: 2.217
[GPU1] epochs: [98/100] train_acc: 0.445 train_loss_sup: 2.216
[GPU1] epochs: [99/100] train_acc: 0.448 train_loss_sup: 2.216
[GPU1] epochs: [100/100] train_acc: 0.450 train_loss_sup: 2.217
[GPU1] Final Test Accuracy: 0.411
LR: 0.100 | WD: 0.000001 | Cosine: True | test Acc: 0.411%
===> using linear mlp
Scheduler: <torch.optim.lr_scheduler.CosineAnnealingLR object at 0x7390957a9390>
MLP: MLP(
  (mlp): Linear(in_features=512, out_features=100, bias=True)
)
[GPU1] Test Accuracy at epoch: 0: 0.278
[GPU1] epochs: [1/100] train_acc: 0.213 train_loss_sup: 3.563
[GPU1] epochs: [2/100] train_acc: 0.308 train_loss_sup: 2.907
[GPU1] epochs: [3/100] train_acc: 0.334 train_loss_sup: 2.758
[GPU1] epochs: [4/100] train_acc: 0.348 train_loss_sup: 2.678
[GPU1] epochs: [5/100] train_acc: 0.358 train_loss_sup: 2.619
[GPU1] epochs: [6/100] train_acc: 0.367 train_loss_sup: 2.586
[GPU1] epochs: [7/100] train_acc: 0.370 train_loss_sup: 2.557
[GPU1] epochs: [8/100] train_acc: 0.379 train_loss_sup: 2.526
[GPU1] epochs: [9/100] train_acc: 0.383 train_loss_sup: 2.510
[GPU1] epochs: [10/100] train_acc: 0.387 train_loss_sup: 2.491
[GPU1] Test Accuracy at epoch: 10: 0.38
[GPU1] epochs: [11/100] train_acc: 0.391 train_loss_sup: 2.470
[GPU1] epochs: [12/100] train_acc: 0.393 train_loss_sup: 2.457
[GPU1] epochs: [13/100] train_acc: 0.393 train_loss_sup: 2.450
[GPU1] epochs: [14/100] train_acc: 0.399 train_loss_sup: 2.436
[GPU1] epochs: [15/100] train_acc: 0.402 train_loss_sup: 2.421
[GPU1] epochs: [16/100] train_acc: 0.400 train_loss_sup: 2.418
[GPU1] epochs: [17/100] train_acc: 0.403 train_loss_sup: 2.407
[GPU1] epochs: [18/100] train_acc: 0.407 train_loss_sup: 2.397
[GPU1] epochs: [19/100] train_acc: 0.409 train_loss_sup: 2.390
[GPU1] epochs: [20/100] train_acc: 0.408 train_loss_sup: 2.383
[GPU1] Test Accuracy at epoch: 20: 0.391
[GPU1] epochs: [21/100] train_acc: 0.411 train_loss_sup: 2.373
[GPU1] epochs: [22/100] train_acc: 0.414 train_loss_sup: 2.371
[GPU1] epochs: [23/100] train_acc: 0.413 train_loss_sup: 2.373
[GPU1] epochs: [24/100] train_acc: 0.415 train_loss_sup: 2.361
[GPU1] epochs: [25/100] train_acc: 0.414 train_loss_sup: 2.358
[GPU1] epochs: [26/100] train_acc: 0.416 train_loss_sup: 2.353
[GPU1] epochs: [27/100] train_acc: 0.421 train_loss_sup: 2.341
[GPU1] epochs: [28/100] train_acc: 0.420 train_loss_sup: 2.337
[GPU1] epochs: [29/100] train_acc: 0.419 train_loss_sup: 2.336
[GPU1] epochs: [30/100] train_acc: 0.420 train_loss_sup: 2.336
[GPU1] Test Accuracy at epoch: 30: 0.399
[GPU1] epochs: [31/100] train_acc: 0.419 train_loss_sup: 2.331
[GPU1] epochs: [32/100] train_acc: 0.422 train_loss_sup: 2.325
[GPU1] epochs: [33/100] train_acc: 0.424 train_loss_sup: 2.331
[GPU1] epochs: [34/100] train_acc: 0.426 train_loss_sup: 2.326
[GPU1] epochs: [35/100] train_acc: 0.423 train_loss_sup: 2.313
[GPU1] epochs: [36/100] train_acc: 0.424 train_loss_sup: 2.314
[GPU1] epochs: [37/100] train_acc: 0.424 train_loss_sup: 2.313
[GPU1] epochs: [38/100] train_acc: 0.424 train_loss_sup: 2.315
[GPU1] epochs: [39/100] train_acc: 0.427 train_loss_sup: 2.304
[GPU1] epochs: [40/100] train_acc: 0.428 train_loss_sup: 2.307
[GPU1] Test Accuracy at epoch: 40: 0.403
[GPU1] epochs: [41/100] train_acc: 0.429 train_loss_sup: 2.300
[GPU1] epochs: [42/100] train_acc: 0.430 train_loss_sup: 2.303
[GPU1] epochs: [43/100] train_acc: 0.430 train_loss_sup: 2.299
[GPU1] epochs: [44/100] train_acc: 0.428 train_loss_sup: 2.302
[GPU1] epochs: [45/100] train_acc: 0.430 train_loss_sup: 2.293
[GPU1] epochs: [46/100] train_acc: 0.431 train_loss_sup: 2.287
[GPU1] epochs: [47/100] train_acc: 0.433 train_loss_sup: 2.282
[GPU1] epochs: [48/100] train_acc: 0.429 train_loss_sup: 2.291
[GPU1] epochs: [49/100] train_acc: 0.432 train_loss_sup: 2.289
[GPU1] epochs: [50/100] train_acc: 0.432 train_loss_sup: 2.288
[GPU1] Test Accuracy at epoch: 50: 0.403
[GPU1] epochs: [51/100] train_acc: 0.433 train_loss_sup: 2.280
[GPU1] epochs: [52/100] train_acc: 0.435 train_loss_sup: 2.275
[GPU1] epochs: [53/100] train_acc: 0.431 train_loss_sup: 2.280
[GPU1] epochs: [54/100] train_acc: 0.433 train_loss_sup: 2.282
[GPU1] epochs: [55/100] train_acc: 0.434 train_loss_sup: 2.276
[GPU1] epochs: [56/100] train_acc: 0.433 train_loss_sup: 2.281
[GPU1] epochs: [57/100] train_acc: 0.435 train_loss_sup: 2.274
[GPU1] epochs: [58/100] train_acc: 0.434 train_loss_sup: 2.279
[GPU1] epochs: [59/100] train_acc: 0.436 train_loss_sup: 2.269
[GPU1] epochs: [60/100] train_acc: 0.435 train_loss_sup: 2.268
[GPU1] Test Accuracy at epoch: 60: 0.405
[GPU1] epochs: [61/100] train_acc: 0.438 train_loss_sup: 2.264
[GPU1] epochs: [62/100] train_acc: 0.435 train_loss_sup: 2.269
[GPU1] epochs: [63/100] train_acc: 0.437 train_loss_sup: 2.260
[GPU1] epochs: [64/100] train_acc: 0.435 train_loss_sup: 2.270
[GPU1] epochs: [65/100] train_acc: 0.437 train_loss_sup: 2.261
[GPU1] epochs: [66/100] train_acc: 0.438 train_loss_sup: 2.278
[GPU1] epochs: [67/100] train_acc: 0.440 train_loss_sup: 2.264
[GPU1] epochs: [68/100] train_acc: 0.439 train_loss_sup: 2.262
[GPU1] epochs: [69/100] train_acc: 0.437 train_loss_sup: 2.266
[GPU1] epochs: [70/100] train_acc: 0.438 train_loss_sup: 2.265
[GPU1] Test Accuracy at epoch: 70: 0.409
[GPU1] epochs: [71/100] train_acc: 0.438 train_loss_sup: 2.261
[GPU1] epochs: [72/100] train_acc: 0.436 train_loss_sup: 2.265
[GPU1] epochs: [73/100] train_acc: 0.437 train_loss_sup: 2.258
[GPU1] epochs: [74/100] train_acc: 0.437 train_loss_sup: 2.263
[GPU1] epochs: [75/100] train_acc: 0.442 train_loss_sup: 2.253
[GPU1] epochs: [76/100] train_acc: 0.440 train_loss_sup: 2.256
[GPU1] epochs: [77/100] train_acc: 0.437 train_loss_sup: 2.258
[GPU1] epochs: [78/100] train_acc: 0.438 train_loss_sup: 2.262
[GPU1] epochs: [79/100] train_acc: 0.439 train_loss_sup: 2.252
[GPU1] epochs: [80/100] train_acc: 0.442 train_loss_sup: 2.255
[GPU1] Test Accuracy at epoch: 80: 0.408
[GPU1] epochs: [81/100] train_acc: 0.439 train_loss_sup: 2.257
[GPU1] epochs: [82/100] train_acc: 0.439 train_loss_sup: 2.257
[GPU1] epochs: [83/100] train_acc: 0.439 train_loss_sup: 2.259
[GPU1] epochs: [84/100] train_acc: 0.439 train_loss_sup: 2.260
[GPU1] epochs: [85/100] train_acc: 0.437 train_loss_sup: 2.263
[GPU1] epochs: [86/100] train_acc: 0.439 train_loss_sup: 2.260
[GPU1] epochs: [87/100] train_acc: 0.441 train_loss_sup: 2.253
[GPU1] epochs: [88/100] train_acc: 0.443 train_loss_sup: 2.246
[GPU1] epochs: [89/100] train_acc: 0.438 train_loss_sup: 2.253
[GPU1] epochs: [90/100] train_acc: 0.438 train_loss_sup: 2.260
[GPU1] Test Accuracy at epoch: 90: 0.407
[GPU1] epochs: [91/100] train_acc: 0.441 train_loss_sup: 2.248
[GPU1] epochs: [92/100] train_acc: 0.439 train_loss_sup: 2.256
[GPU1] epochs: [93/100] train_acc: 0.438 train_loss_sup: 2.257
[GPU1] epochs: [94/100] train_acc: 0.439 train_loss_sup: 2.254
[GPU1] epochs: [95/100] train_acc: 0.440 train_loss_sup: 2.251
[GPU1] epochs: [96/100] train_acc: 0.438 train_loss_sup: 2.256
[GPU1] epochs: [97/100] train_acc: 0.441 train_loss_sup: 2.247
[GPU1] epochs: [98/100] train_acc: 0.440 train_loss_sup: 2.256
[GPU1] epochs: [99/100] train_acc: 0.440 train_loss_sup: 2.255
[GPU1] epochs: [100/100] train_acc: 0.439 train_loss_sup: 2.261
[GPU1] Final Test Accuracy: 0.408
LR: 0.100 | WD: 0.000100 | Cosine: True | test Acc: 0.409%
===> using linear mlp
Scheduler: <torch.optim.lr_scheduler.CosineAnnealingLR object at 0x738f4c4f9240>
MLP: MLP(
  (mlp): Linear(in_features=512, out_features=100, bias=True)
)
[GPU1] Test Accuracy at epoch: 0: 0.274
[GPU1] epochs: [1/100] train_acc: 0.215 train_loss_sup: 3.554
[GPU1] epochs: [2/100] train_acc: 0.307 train_loss_sup: 2.905
[GPU1] epochs: [3/100] train_acc: 0.333 train_loss_sup: 2.755
[GPU1] epochs: [4/100] train_acc: 0.351 train_loss_sup: 2.663
[GPU1] epochs: [5/100] train_acc: 0.359 train_loss_sup: 2.622
[GPU1] epochs: [6/100] train_acc: 0.367 train_loss_sup: 2.577
[GPU1] epochs: [7/100] train_acc: 0.374 train_loss_sup: 2.549
[GPU1] epochs: [8/100] train_acc: 0.377 train_loss_sup: 2.524
[GPU1] epochs: [9/100] train_acc: 0.384 train_loss_sup: 2.499
[GPU1] epochs: [10/100] train_acc: 0.386 train_loss_sup: 2.480
[GPU1] Test Accuracy at epoch: 10: 0.376
[GPU1] epochs: [11/100] train_acc: 0.392 train_loss_sup: 2.461
[GPU1] epochs: [12/100] train_acc: 0.394 train_loss_sup: 2.445
[GPU1] epochs: [13/100] train_acc: 0.396 train_loss_sup: 2.431
[GPU1] epochs: [14/100] train_acc: 0.399 train_loss_sup: 2.428
[GPU1] epochs: [15/100] train_acc: 0.404 train_loss_sup: 2.414
[GPU1] epochs: [16/100] train_acc: 0.404 train_loss_sup: 2.398
[GPU1] epochs: [17/100] train_acc: 0.409 train_loss_sup: 2.387
[GPU1] epochs: [18/100] train_acc: 0.408 train_loss_sup: 2.387
[GPU1] epochs: [19/100] train_acc: 0.412 train_loss_sup: 2.377
[GPU1] epochs: [20/100] train_acc: 0.413 train_loss_sup: 2.368
[GPU1] Test Accuracy at epoch: 20: 0.393
[GPU1] epochs: [21/100] train_acc: 0.412 train_loss_sup: 2.359
[GPU1] epochs: [22/100] train_acc: 0.415 train_loss_sup: 2.354
[GPU1] epochs: [23/100] train_acc: 0.417 train_loss_sup: 2.337
[GPU1] epochs: [24/100] train_acc: 0.418 train_loss_sup: 2.341
[GPU1] epochs: [25/100] train_acc: 0.418 train_loss_sup: 2.344
[GPU1] epochs: [26/100] train_acc: 0.421 train_loss_sup: 2.328
[GPU1] epochs: [27/100] train_acc: 0.422 train_loss_sup: 2.316
[GPU1] epochs: [28/100] train_acc: 0.424 train_loss_sup: 2.319
[GPU1] epochs: [29/100] train_acc: 0.422 train_loss_sup: 2.315
[GPU1] epochs: [30/100] train_acc: 0.427 train_loss_sup: 2.308
[GPU1] Test Accuracy at epoch: 30: 0.402
[GPU1] epochs: [31/100] train_acc: 0.427 train_loss_sup: 2.306
[GPU1] epochs: [32/100] train_acc: 0.426 train_loss_sup: 2.297
[GPU1] epochs: [33/100] train_acc: 0.427 train_loss_sup: 2.298
[GPU1] epochs: [34/100] train_acc: 0.429 train_loss_sup: 2.300
[GPU1] epochs: [35/100] train_acc: 0.431 train_loss_sup: 2.289
[GPU1] epochs: [36/100] train_acc: 0.431 train_loss_sup: 2.284
[GPU1] epochs: [37/100] train_acc: 0.429 train_loss_sup: 2.287
[GPU1] epochs: [38/100] train_acc: 0.431 train_loss_sup: 2.278
[GPU1] epochs: [39/100] train_acc: 0.431 train_loss_sup: 2.284
[GPU1] epochs: [40/100] train_acc: 0.435 train_loss_sup: 2.269
[GPU1] Test Accuracy at epoch: 40: 0.406
[GPU1] epochs: [41/100] train_acc: 0.429 train_loss_sup: 2.284
[GPU1] epochs: [42/100] train_acc: 0.432 train_loss_sup: 2.273
[GPU1] epochs: [43/100] train_acc: 0.435 train_loss_sup: 2.274
[GPU1] epochs: [44/100] train_acc: 0.433 train_loss_sup: 2.272
[GPU1] epochs: [45/100] train_acc: 0.434 train_loss_sup: 2.271
[GPU1] epochs: [46/100] train_acc: 0.435 train_loss_sup: 2.265
[GPU1] epochs: [47/100] train_acc: 0.435 train_loss_sup: 2.261
[GPU1] epochs: [48/100] train_acc: 0.437 train_loss_sup: 2.257
[GPU1] epochs: [49/100] train_acc: 0.438 train_loss_sup: 2.253
[GPU1] epochs: [50/100] train_acc: 0.436 train_loss_sup: 2.260
[GPU1] Test Accuracy at epoch: 50: 0.406
[GPU1] epochs: [51/100] train_acc: 0.436 train_loss_sup: 2.246
[GPU1] epochs: [52/100] train_acc: 0.438 train_loss_sup: 2.254
[GPU1] epochs: [53/100] train_acc: 0.436 train_loss_sup: 2.248
[GPU1] epochs: [54/100] train_acc: 0.440 train_loss_sup: 2.256
[GPU1] epochs: [55/100] train_acc: 0.443 train_loss_sup: 2.239
[GPU1] epochs: [56/100] train_acc: 0.441 train_loss_sup: 2.243
[GPU1] epochs: [57/100] train_acc: 0.439 train_loss_sup: 2.250
[GPU1] epochs: [58/100] train_acc: 0.440 train_loss_sup: 2.238
[GPU1] epochs: [59/100] train_acc: 0.442 train_loss_sup: 2.235
[GPU1] epochs: [60/100] train_acc: 0.442 train_loss_sup: 2.233
[GPU1] Test Accuracy at epoch: 60: 0.408
[GPU1] epochs: [61/100] train_acc: 0.440 train_loss_sup: 2.243
[GPU1] epochs: [62/100] train_acc: 0.444 train_loss_sup: 2.232
[GPU1] epochs: [63/100] train_acc: 0.441 train_loss_sup: 2.234
[GPU1] epochs: [64/100] train_acc: 0.443 train_loss_sup: 2.233
[GPU1] epochs: [65/100] train_acc: 0.439 train_loss_sup: 2.246
[GPU1] epochs: [66/100] train_acc: 0.445 train_loss_sup: 2.228
[GPU1] epochs: [67/100] train_acc: 0.443 train_loss_sup: 2.222
[GPU1] epochs: [68/100] train_acc: 0.444 train_loss_sup: 2.224
[GPU1] epochs: [69/100] train_acc: 0.443 train_loss_sup: 2.229
[GPU1] epochs: [70/100] train_acc: 0.443 train_loss_sup: 2.227
[GPU1] Test Accuracy at epoch: 70: 0.409
[GPU1] epochs: [71/100] train_acc: 0.444 train_loss_sup: 2.231
[GPU1] epochs: [72/100] train_acc: 0.447 train_loss_sup: 2.222
[GPU1] epochs: [73/100] train_acc: 0.448 train_loss_sup: 2.221
[GPU1] epochs: [74/100] train_acc: 0.446 train_loss_sup: 2.223
[GPU1] epochs: [75/100] train_acc: 0.447 train_loss_sup: 2.224
[GPU1] epochs: [76/100] train_acc: 0.445 train_loss_sup: 2.224
[GPU1] epochs: [77/100] train_acc: 0.447 train_loss_sup: 2.220
[GPU1] epochs: [78/100] train_acc: 0.446 train_loss_sup: 2.213
[GPU1] epochs: [79/100] train_acc: 0.447 train_loss_sup: 2.221
[GPU1] epochs: [80/100] train_acc: 0.446 train_loss_sup: 2.220
[GPU1] Test Accuracy at epoch: 80: 0.41
[GPU1] epochs: [81/100] train_acc: 0.448 train_loss_sup: 2.218
[GPU1] epochs: [82/100] train_acc: 0.448 train_loss_sup: 2.219
[GPU1] epochs: [83/100] train_acc: 0.446 train_loss_sup: 2.216
[GPU1] epochs: [84/100] train_acc: 0.446 train_loss_sup: 2.215
[GPU1] epochs: [85/100] train_acc: 0.447 train_loss_sup: 2.218
[GPU1] epochs: [86/100] train_acc: 0.447 train_loss_sup: 2.217
[GPU1] epochs: [87/100] train_acc: 0.443 train_loss_sup: 2.220
[GPU1] epochs: [88/100] train_acc: 0.448 train_loss_sup: 2.215
[GPU1] epochs: [89/100] train_acc: 0.448 train_loss_sup: 2.215
[GPU1] epochs: [90/100] train_acc: 0.447 train_loss_sup: 2.218
[GPU1] Test Accuracy at epoch: 90: 0.409
[GPU1] epochs: [91/100] train_acc: 0.447 train_loss_sup: 2.216
[GPU1] epochs: [92/100] train_acc: 0.447 train_loss_sup: 2.209
[GPU1] epochs: [93/100] train_acc: 0.449 train_loss_sup: 2.214
[GPU1] epochs: [94/100] train_acc: 0.447 train_loss_sup: 2.213
[GPU1] epochs: [95/100] train_acc: 0.447 train_loss_sup: 2.211
[GPU1] epochs: [96/100] train_acc: 0.446 train_loss_sup: 2.213
[GPU1] epochs: [97/100] train_acc: 0.450 train_loss_sup: 2.207
[GPU1] epochs: [98/100] train_acc: 0.447 train_loss_sup: 2.214
[GPU1] epochs: [99/100] train_acc: 0.448 train_loss_sup: 2.208
[GPU1] epochs: [100/100] train_acc: 0.447 train_loss_sup: 2.222
[GPU1] Final Test Accuracy: 0.41
LR: 0.100 | WD: 0.000000 | Cosine: True | test Acc: 0.410%
===> using linear mlp
Scheduler: <torch.optim.lr_scheduler.CosineAnnealingLR object at 0x738f6e2092a0>
MLP: MLP(
  (mlp): Linear(in_features=512, out_features=100, bias=True)
)
[GPU1] Test Accuracy at epoch: 0: 0.326
[GPU1] epochs: [1/100] train_acc: 0.264 train_loss_sup: 3.120
[GPU1] epochs: [2/100] train_acc: 0.338 train_loss_sup: 2.741
[GPU1] epochs: [3/100] train_acc: 0.356 train_loss_sup: 2.677
[GPU1] epochs: [4/100] train_acc: 0.365 train_loss_sup: 2.623
[GPU1] epochs: [5/100] train_acc: 0.368 train_loss_sup: 2.632
[GPU1] epochs: [6/100] train_acc: 0.370 train_loss_sup: 2.601
[GPU1] epochs: [7/100] train_acc: 0.382 train_loss_sup: 2.551
[GPU1] epochs: [8/100] train_acc: 0.380 train_loss_sup: 2.560
[GPU1] epochs: [9/100] train_acc: 0.386 train_loss_sup: 2.535
[GPU1] epochs: [10/100] train_acc: 0.391 train_loss_sup: 2.515
[GPU1] Test Accuracy at epoch: 10: 0.369
[GPU1] epochs: [11/100] train_acc: 0.394 train_loss_sup: 2.499
[GPU1] epochs: [12/100] train_acc: 0.393 train_loss_sup: 2.496
[GPU1] epochs: [13/100] train_acc: 0.395 train_loss_sup: 2.515
[GPU1] epochs: [14/100] train_acc: 0.394 train_loss_sup: 2.508
[GPU1] epochs: [15/100] train_acc: 0.398 train_loss_sup: 2.482
[GPU1] epochs: [16/100] train_acc: 0.398 train_loss_sup: 2.472
[GPU1] epochs: [17/100] train_acc: 0.399 train_loss_sup: 2.480
[GPU1] epochs: [18/100] train_acc: 0.401 train_loss_sup: 2.479
[GPU1] epochs: [19/100] train_acc: 0.404 train_loss_sup: 2.465
[GPU1] epochs: [20/100] train_acc: 0.398 train_loss_sup: 2.478
[GPU1] Test Accuracy at epoch: 20: 0.389
[GPU1] epochs: [21/100] train_acc: 0.405 train_loss_sup: 2.459
[GPU1] epochs: [22/100] train_acc: 0.403 train_loss_sup: 2.447
[GPU1] epochs: [23/100] train_acc: 0.407 train_loss_sup: 2.420
[GPU1] epochs: [24/100] train_acc: 0.405 train_loss_sup: 2.461
[GPU1] epochs: [25/100] train_acc: 0.410 train_loss_sup: 2.422
[GPU1] epochs: [26/100] train_acc: 0.409 train_loss_sup: 2.424
[GPU1] epochs: [27/100] train_acc: 0.409 train_loss_sup: 2.424
[GPU1] epochs: [28/100] train_acc: 0.409 train_loss_sup: 2.425
[GPU1] epochs: [29/100] train_acc: 0.409 train_loss_sup: 2.406
[GPU1] epochs: [30/100] train_acc: 0.415 train_loss_sup: 2.395
[GPU1] Test Accuracy at epoch: 30: 0.391
[GPU1] epochs: [31/100] train_acc: 0.414 train_loss_sup: 2.391
[GPU1] epochs: [32/100] train_acc: 0.411 train_loss_sup: 2.407
[GPU1] epochs: [33/100] train_acc: 0.419 train_loss_sup: 2.380
[GPU1] epochs: [34/100] train_acc: 0.417 train_loss_sup: 2.374
[GPU1] epochs: [35/100] train_acc: 0.416 train_loss_sup: 2.369
[GPU1] epochs: [36/100] train_acc: 0.419 train_loss_sup: 2.352
[GPU1] epochs: [37/100] train_acc: 0.423 train_loss_sup: 2.346
[GPU1] epochs: [38/100] train_acc: 0.422 train_loss_sup: 2.340
[GPU1] epochs: [39/100] train_acc: 0.423 train_loss_sup: 2.349
[GPU1] epochs: [40/100] train_acc: 0.427 train_loss_sup: 2.321
[GPU1] Test Accuracy at epoch: 40: 0.397
[GPU1] epochs: [41/100] train_acc: 0.428 train_loss_sup: 2.308
[GPU1] epochs: [42/100] train_acc: 0.432 train_loss_sup: 2.307
[GPU1] epochs: [43/100] train_acc: 0.424 train_loss_sup: 2.327
[GPU1] epochs: [44/100] train_acc: 0.429 train_loss_sup: 2.315
[GPU1] epochs: [45/100] train_acc: 0.431 train_loss_sup: 2.301
[GPU1] epochs: [46/100] train_acc: 0.431 train_loss_sup: 2.299
[GPU1] epochs: [47/100] train_acc: 0.433 train_loss_sup: 2.290
[GPU1] epochs: [48/100] train_acc: 0.430 train_loss_sup: 2.299
[GPU1] epochs: [49/100] train_acc: 0.431 train_loss_sup: 2.282
[GPU1] epochs: [50/100] train_acc: 0.436 train_loss_sup: 2.277
[GPU1] Test Accuracy at epoch: 50: 0.408
[GPU1] epochs: [51/100] train_acc: 0.440 train_loss_sup: 2.256
[GPU1] epochs: [52/100] train_acc: 0.435 train_loss_sup: 2.262
[GPU1] epochs: [53/100] train_acc: 0.437 train_loss_sup: 2.254
[GPU1] epochs: [54/100] train_acc: 0.440 train_loss_sup: 2.244
[GPU1] epochs: [55/100] train_acc: 0.439 train_loss_sup: 2.253
[GPU1] epochs: [56/100] train_acc: 0.439 train_loss_sup: 2.241
[GPU1] epochs: [57/100] train_acc: 0.441 train_loss_sup: 2.225
[GPU1] epochs: [58/100] train_acc: 0.441 train_loss_sup: 2.235
[GPU1] epochs: [59/100] train_acc: 0.446 train_loss_sup: 2.219
[GPU1] epochs: [60/100] train_acc: 0.449 train_loss_sup: 2.211
[GPU1] Test Accuracy at epoch: 60: 0.408
[GPU1] epochs: [61/100] train_acc: 0.446 train_loss_sup: 2.220
[GPU1] epochs: [62/100] train_acc: 0.448 train_loss_sup: 2.203
[GPU1] epochs: [63/100] train_acc: 0.444 train_loss_sup: 2.217
[GPU1] epochs: [64/100] train_acc: 0.450 train_loss_sup: 2.191
[GPU1] epochs: [65/100] train_acc: 0.448 train_loss_sup: 2.188
[GPU1] epochs: [66/100] train_acc: 0.452 train_loss_sup: 2.178
[GPU1] epochs: [67/100] train_acc: 0.453 train_loss_sup: 2.182
[GPU1] epochs: [68/100] train_acc: 0.453 train_loss_sup: 2.182
[GPU1] epochs: [69/100] train_acc: 0.457 train_loss_sup: 2.167
[GPU1] epochs: [70/100] train_acc: 0.459 train_loss_sup: 2.165
[GPU1] Test Accuracy at epoch: 70: 0.414
[GPU1] epochs: [71/100] train_acc: 0.460 train_loss_sup: 2.156
[GPU1] epochs: [72/100] train_acc: 0.457 train_loss_sup: 2.162
[GPU1] epochs: [73/100] train_acc: 0.460 train_loss_sup: 2.160
[GPU1] epochs: [74/100] train_acc: 0.461 train_loss_sup: 2.146
[GPU1] epochs: [75/100] train_acc: 0.459 train_loss_sup: 2.150
[GPU1] epochs: [76/100] train_acc: 0.464 train_loss_sup: 2.139
[GPU1] epochs: [77/100] train_acc: 0.461 train_loss_sup: 2.145
[GPU1] epochs: [78/100] train_acc: 0.464 train_loss_sup: 2.134
[GPU1] epochs: [79/100] train_acc: 0.462 train_loss_sup: 2.130
[GPU1] epochs: [80/100] train_acc: 0.467 train_loss_sup: 2.127
[GPU1] Test Accuracy at epoch: 80: 0.413
[GPU1] epochs: [81/100] train_acc: 0.464 train_loss_sup: 2.129
[GPU1] epochs: [82/100] train_acc: 0.468 train_loss_sup: 2.126
[GPU1] epochs: [83/100] train_acc: 0.465 train_loss_sup: 2.131
[GPU1] epochs: [84/100] train_acc: 0.465 train_loss_sup: 2.125
[GPU1] epochs: [85/100] train_acc: 0.469 train_loss_sup: 2.115
[GPU1] epochs: [86/100] train_acc: 0.469 train_loss_sup: 2.116
[GPU1] epochs: [87/100] train_acc: 0.470 train_loss_sup: 2.118
[GPU1] epochs: [88/100] train_acc: 0.468 train_loss_sup: 2.110
[GPU1] epochs: [89/100] train_acc: 0.472 train_loss_sup: 2.106
[GPU1] epochs: [90/100] train_acc: 0.471 train_loss_sup: 2.104
[GPU1] Test Accuracy at epoch: 90: 0.419
[GPU1] epochs: [91/100] train_acc: 0.472 train_loss_sup: 2.101
[GPU1] epochs: [92/100] train_acc: 0.471 train_loss_sup: 2.104
[GPU1] epochs: [93/100] train_acc: 0.472 train_loss_sup: 2.099
[GPU1] epochs: [94/100] train_acc: 0.469 train_loss_sup: 2.107
[GPU1] epochs: [95/100] train_acc: 0.474 train_loss_sup: 2.097
[GPU1] epochs: [96/100] train_acc: 0.473 train_loss_sup: 2.103
[GPU1] epochs: [97/100] train_acc: 0.474 train_loss_sup: 2.087
[GPU1] epochs: [98/100] train_acc: 0.472 train_loss_sup: 2.100
[GPU1] epochs: [99/100] train_acc: 0.472 train_loss_sup: 2.103
[GPU1] epochs: [100/100] train_acc: 0.475 train_loss_sup: 2.092
[GPU1] Final Test Accuracy: 0.419
LR: 1.000 | WD: 0.000001 | Cosine: True | test Acc: 0.419%
===> using linear mlp
Scheduler: <torch.optim.lr_scheduler.CosineAnnealingLR object at 0x738f4c1439a0>
MLP: MLP(
  (mlp): Linear(in_features=512, out_features=100, bias=True)
)
[GPU1] Test Accuracy at epoch: 0: 0.31
[GPU1] epochs: [1/100] train_acc: 0.264 train_loss_sup: 3.108
[GPU1] epochs: [2/100] train_acc: 0.328 train_loss_sup: 2.797
[GPU1] epochs: [3/100] train_acc: 0.348 train_loss_sup: 2.702
[GPU1] epochs: [4/100] train_acc: 0.355 train_loss_sup: 2.649
[GPU1] epochs: [5/100] train_acc: 0.360 train_loss_sup: 2.634
[GPU1] epochs: [6/100] train_acc: 0.364 train_loss_sup: 2.629
[GPU1] epochs: [7/100] train_acc: 0.364 train_loss_sup: 2.616
[GPU1] epochs: [8/100] train_acc: 0.368 train_loss_sup: 2.603
[GPU1] epochs: [9/100] train_acc: 0.374 train_loss_sup: 2.573
[GPU1] epochs: [10/100] train_acc: 0.372 train_loss_sup: 2.575
[GPU1] Test Accuracy at epoch: 10: 0.377
[GPU1] epochs: [11/100] train_acc: 0.376 train_loss_sup: 2.558
[GPU1] epochs: [12/100] train_acc: 0.371 train_loss_sup: 2.565
[GPU1] epochs: [13/100] train_acc: 0.377 train_loss_sup: 2.550
[GPU1] epochs: [14/100] train_acc: 0.376 train_loss_sup: 2.546
[GPU1] epochs: [15/100] train_acc: 0.379 train_loss_sup: 2.531
[GPU1] epochs: [16/100] train_acc: 0.383 train_loss_sup: 2.523
[GPU1] epochs: [17/100] train_acc: 0.377 train_loss_sup: 2.550
[GPU1] epochs: [18/100] train_acc: 0.379 train_loss_sup: 2.518
[GPU1] epochs: [19/100] train_acc: 0.383 train_loss_sup: 2.505
[GPU1] epochs: [20/100] train_acc: 0.382 train_loss_sup: 2.530
[GPU1] Test Accuracy at epoch: 20: 0.384
[GPU1] epochs: [21/100] train_acc: 0.381 train_loss_sup: 2.520
[GPU1] epochs: [22/100] train_acc: 0.380 train_loss_sup: 2.521
[GPU1] epochs: [23/100] train_acc: 0.386 train_loss_sup: 2.495
[GPU1] epochs: [24/100] train_acc: 0.384 train_loss_sup: 2.499
[GPU1] epochs: [25/100] train_acc: 0.384 train_loss_sup: 2.499
[GPU1] epochs: [26/100] train_acc: 0.388 train_loss_sup: 2.487
[GPU1] epochs: [27/100] train_acc: 0.386 train_loss_sup: 2.494
[GPU1] epochs: [28/100] train_acc: 0.387 train_loss_sup: 2.488
[GPU1] epochs: [29/100] train_acc: 0.390 train_loss_sup: 2.465
[GPU1] epochs: [30/100] train_acc: 0.389 train_loss_sup: 2.469
[GPU1] Test Accuracy at epoch: 30: 0.373
[GPU1] epochs: [31/100] train_acc: 0.391 train_loss_sup: 2.450
[GPU1] epochs: [32/100] train_acc: 0.388 train_loss_sup: 2.477
[GPU1] epochs: [33/100] train_acc: 0.393 train_loss_sup: 2.452
[GPU1] epochs: [34/100] train_acc: 0.393 train_loss_sup: 2.435
[GPU1] epochs: [35/100] train_acc: 0.392 train_loss_sup: 2.444
[GPU1] epochs: [36/100] train_acc: 0.397 train_loss_sup: 2.443
[GPU1] epochs: [37/100] train_acc: 0.399 train_loss_sup: 2.428
[GPU1] epochs: [38/100] train_acc: 0.395 train_loss_sup: 2.436
[GPU1] epochs: [39/100] train_acc: 0.397 train_loss_sup: 2.426
[GPU1] epochs: [40/100] train_acc: 0.398 train_loss_sup: 2.429
[GPU1] Test Accuracy at epoch: 40: 0.382
[GPU1] epochs: [41/100] train_acc: 0.404 train_loss_sup: 2.406
[GPU1] epochs: [42/100] train_acc: 0.397 train_loss_sup: 2.413
[GPU1] epochs: [43/100] train_acc: 0.397 train_loss_sup: 2.402
[GPU1] epochs: [44/100] train_acc: 0.404 train_loss_sup: 2.391
[GPU1] epochs: [45/100] train_acc: 0.404 train_loss_sup: 2.393
[GPU1] epochs: [46/100] train_acc: 0.407 train_loss_sup: 2.376
[GPU1] epochs: [47/100] train_acc: 0.408 train_loss_sup: 2.370
[GPU1] epochs: [48/100] train_acc: 0.407 train_loss_sup: 2.378
[GPU1] epochs: [49/100] train_acc: 0.410 train_loss_sup: 2.366
[GPU1] epochs: [50/100] train_acc: 0.412 train_loss_sup: 2.357
[GPU1] Test Accuracy at epoch: 50: 0.4
[GPU1] epochs: [51/100] train_acc: 0.409 train_loss_sup: 2.366
[GPU1] epochs: [52/100] train_acc: 0.409 train_loss_sup: 2.362
[GPU1] epochs: [53/100] train_acc: 0.413 train_loss_sup: 2.353
[GPU1] epochs: [54/100] train_acc: 0.414 train_loss_sup: 2.352
[GPU1] epochs: [55/100] train_acc: 0.414 train_loss_sup: 2.342
[GPU1] epochs: [56/100] train_acc: 0.414 train_loss_sup: 2.341
[GPU1] epochs: [57/100] train_acc: 0.418 train_loss_sup: 2.316
[GPU1] epochs: [58/100] train_acc: 0.419 train_loss_sup: 2.316
[GPU1] epochs: [59/100] train_acc: 0.421 train_loss_sup: 2.304
[GPU1] epochs: [60/100] train_acc: 0.425 train_loss_sup: 2.302
[GPU1] Test Accuracy at epoch: 60: 0.402
[GPU1] epochs: [61/100] train_acc: 0.424 train_loss_sup: 2.296
[GPU1] epochs: [62/100] train_acc: 0.426 train_loss_sup: 2.286
[GPU1] epochs: [63/100] train_acc: 0.426 train_loss_sup: 2.289
[GPU1] epochs: [64/100] train_acc: 0.427 train_loss_sup: 2.285
[GPU1] epochs: [65/100] train_acc: 0.428 train_loss_sup: 2.277
[GPU1] epochs: [66/100] train_acc: 0.425 train_loss_sup: 2.285
[GPU1] epochs: [67/100] train_acc: 0.432 train_loss_sup: 2.265
[GPU1] epochs: [68/100] train_acc: 0.430 train_loss_sup: 2.268
[GPU1] epochs: [69/100] train_acc: 0.431 train_loss_sup: 2.265
[GPU1] epochs: [70/100] train_acc: 0.430 train_loss_sup: 2.267
[GPU1] Test Accuracy at epoch: 70: 0.411
[GPU1] epochs: [71/100] train_acc: 0.435 train_loss_sup: 2.253
[GPU1] epochs: [72/100] train_acc: 0.436 train_loss_sup: 2.260
[GPU1] epochs: [73/100] train_acc: 0.438 train_loss_sup: 2.253
[GPU1] epochs: [74/100] train_acc: 0.438 train_loss_sup: 2.241
[GPU1] epochs: [75/100] train_acc: 0.439 train_loss_sup: 2.236
[GPU1] epochs: [76/100] train_acc: 0.439 train_loss_sup: 2.237
[GPU1] epochs: [77/100] train_acc: 0.441 train_loss_sup: 2.227
[GPU1] epochs: [78/100] train_acc: 0.443 train_loss_sup: 2.234
[GPU1] epochs: [79/100] train_acc: 0.441 train_loss_sup: 2.231
[GPU1] epochs: [80/100] train_acc: 0.444 train_loss_sup: 2.221
[GPU1] Test Accuracy at epoch: 80: 0.413
[GPU1] epochs: [81/100] train_acc: 0.442 train_loss_sup: 2.229
[GPU1] epochs: [82/100] train_acc: 0.445 train_loss_sup: 2.226
[GPU1] epochs: [83/100] train_acc: 0.446 train_loss_sup: 2.218
[GPU1] epochs: [84/100] train_acc: 0.444 train_loss_sup: 2.213
[GPU1] epochs: [85/100] train_acc: 0.444 train_loss_sup: 2.219
[GPU1] epochs: [86/100] train_acc: 0.447 train_loss_sup: 2.215
[GPU1] epochs: [87/100] train_acc: 0.446 train_loss_sup: 2.216
[GPU1] epochs: [88/100] train_acc: 0.449 train_loss_sup: 2.209
[GPU1] epochs: [89/100] train_acc: 0.449 train_loss_sup: 2.205
[GPU1] epochs: [90/100] train_acc: 0.446 train_loss_sup: 2.210
[GPU1] Test Accuracy at epoch: 90: 0.412
[GPU1] epochs: [91/100] train_acc: 0.450 train_loss_sup: 2.208
[GPU1] epochs: [92/100] train_acc: 0.450 train_loss_sup: 2.198
[GPU1] epochs: [93/100] train_acc: 0.453 train_loss_sup: 2.196
[GPU1] epochs: [94/100] train_acc: 0.450 train_loss_sup: 2.194
[GPU1] epochs: [95/100] train_acc: 0.452 train_loss_sup: 2.197
[GPU1] epochs: [96/100] train_acc: 0.454 train_loss_sup: 2.192
[GPU1] epochs: [97/100] train_acc: 0.452 train_loss_sup: 2.197
[GPU1] epochs: [98/100] train_acc: 0.451 train_loss_sup: 2.197
[GPU1] epochs: [99/100] train_acc: 0.453 train_loss_sup: 2.193
[GPU1] epochs: [100/100] train_acc: 0.455 train_loss_sup: 2.196
[GPU1] Final Test Accuracy: 0.417
LR: 1.000 | WD: 0.000100 | Cosine: True | test Acc: 0.417%
===> using linear mlp
Scheduler: <torch.optim.lr_scheduler.CosineAnnealingLR object at 0x738f4c5f6680>
MLP: MLP(
  (mlp): Linear(in_features=512, out_features=100, bias=True)
)
[GPU1] Test Accuracy at epoch: 0: 0.318
[GPU1] epochs: [1/100] train_acc: 0.267 train_loss_sup: 3.108
[GPU1] epochs: [2/100] train_acc: 0.338 train_loss_sup: 2.749
[GPU1] epochs: [3/100] train_acc: 0.354 train_loss_sup: 2.691
[GPU1] epochs: [4/100] train_acc: 0.365 train_loss_sup: 2.633
[GPU1] epochs: [5/100] train_acc: 0.371 train_loss_sup: 2.591
[GPU1] epochs: [6/100] train_acc: 0.373 train_loss_sup: 2.587
[GPU1] epochs: [7/100] train_acc: 0.381 train_loss_sup: 2.562
[GPU1] epochs: [8/100] train_acc: 0.385 train_loss_sup: 2.547
[GPU1] epochs: [9/100] train_acc: 0.387 train_loss_sup: 2.539
[GPU1] epochs: [10/100] train_acc: 0.383 train_loss_sup: 2.534
[GPU1] Test Accuracy at epoch: 10: 0.372
[GPU1] epochs: [11/100] train_acc: 0.392 train_loss_sup: 2.518
[GPU1] epochs: [12/100] train_acc: 0.392 train_loss_sup: 2.520
[GPU1] epochs: [13/100] train_acc: 0.396 train_loss_sup: 2.506
[GPU1] epochs: [14/100] train_acc: 0.395 train_loss_sup: 2.501
[GPU1] epochs: [15/100] train_acc: 0.398 train_loss_sup: 2.487
[GPU1] epochs: [16/100] train_acc: 0.394 train_loss_sup: 2.527
[GPU1] epochs: [17/100] train_acc: 0.399 train_loss_sup: 2.476
[GPU1] epochs: [18/100] train_acc: 0.401 train_loss_sup: 2.475
[GPU1] epochs: [19/100] train_acc: 0.402 train_loss_sup: 2.463
[GPU1] epochs: [20/100] train_acc: 0.405 train_loss_sup: 2.452
[GPU1] Test Accuracy at epoch: 20: 0.385
[GPU1] epochs: [21/100] train_acc: 0.408 train_loss_sup: 2.444
[GPU1] epochs: [22/100] train_acc: 0.405 train_loss_sup: 2.452
[GPU1] epochs: [23/100] train_acc: 0.409 train_loss_sup: 2.425
[GPU1] epochs: [24/100] train_acc: 0.410 train_loss_sup: 2.409
[GPU1] epochs: [25/100] train_acc: 0.409 train_loss_sup: 2.430
[GPU1] epochs: [26/100] train_acc: 0.411 train_loss_sup: 2.422
[GPU1] epochs: [27/100] train_acc: 0.411 train_loss_sup: 2.420
[GPU1] epochs: [28/100] train_acc: 0.415 train_loss_sup: 2.390
[GPU1] epochs: [29/100] train_acc: 0.410 train_loss_sup: 2.414
[GPU1] epochs: [30/100] train_acc: 0.413 train_loss_sup: 2.399
[GPU1] Test Accuracy at epoch: 30: 0.382
[GPU1] epochs: [31/100] train_acc: 0.416 train_loss_sup: 2.404
[GPU1] epochs: [32/100] train_acc: 0.414 train_loss_sup: 2.398
[GPU1] epochs: [33/100] train_acc: 0.417 train_loss_sup: 2.384
[GPU1] epochs: [34/100] train_acc: 0.422 train_loss_sup: 2.366
[GPU1] epochs: [35/100] train_acc: 0.418 train_loss_sup: 2.382
[GPU1] epochs: [36/100] train_acc: 0.418 train_loss_sup: 2.373
[GPU1] epochs: [37/100] train_acc: 0.421 train_loss_sup: 2.362
[GPU1] epochs: [38/100] train_acc: 0.420 train_loss_sup: 2.348
[GPU1] epochs: [39/100] train_acc: 0.422 train_loss_sup: 2.355
[GPU1] epochs: [40/100] train_acc: 0.424 train_loss_sup: 2.340
[GPU1] Test Accuracy at epoch: 40: 0.392
[GPU1] epochs: [41/100] train_acc: 0.424 train_loss_sup: 2.329
[GPU1] epochs: [42/100] train_acc: 0.429 train_loss_sup: 2.299
[GPU1] epochs: [43/100] train_acc: 0.428 train_loss_sup: 2.321
[GPU1] epochs: [44/100] train_acc: 0.430 train_loss_sup: 2.304
[GPU1] epochs: [45/100] train_acc: 0.429 train_loss_sup: 2.309
[GPU1] epochs: [46/100] train_acc: 0.430 train_loss_sup: 2.299
[GPU1] epochs: [47/100] train_acc: 0.431 train_loss_sup: 2.310
[GPU1] epochs: [48/100] train_acc: 0.431 train_loss_sup: 2.298
[GPU1] epochs: [49/100] train_acc: 0.434 train_loss_sup: 2.283
[GPU1] epochs: [50/100] train_acc: 0.435 train_loss_sup: 2.268
[GPU1] Test Accuracy at epoch: 50: 0.407
[GPU1] epochs: [51/100] train_acc: 0.437 train_loss_sup: 2.278
[GPU1] epochs: [52/100] train_acc: 0.438 train_loss_sup: 2.263
[GPU1] epochs: [53/100] train_acc: 0.440 train_loss_sup: 2.248
[GPU1] epochs: [54/100] train_acc: 0.441 train_loss_sup: 2.256
[GPU1] epochs: [55/100] train_acc: 0.441 train_loss_sup: 2.254
[GPU1] epochs: [56/100] train_acc: 0.441 train_loss_sup: 2.246
[GPU1] epochs: [57/100] train_acc: 0.442 train_loss_sup: 2.234
[GPU1] epochs: [58/100] train_acc: 0.444 train_loss_sup: 2.221
[GPU1] epochs: [59/100] train_acc: 0.443 train_loss_sup: 2.225
[GPU1] epochs: [60/100] train_acc: 0.443 train_loss_sup: 2.239
[GPU1] Test Accuracy at epoch: 60: 0.412
[GPU1] epochs: [61/100] train_acc: 0.448 train_loss_sup: 2.205
[GPU1] epochs: [62/100] train_acc: 0.446 train_loss_sup: 2.212
[GPU1] epochs: [63/100] train_acc: 0.450 train_loss_sup: 2.198
[GPU1] epochs: [64/100] train_acc: 0.452 train_loss_sup: 2.199
[GPU1] epochs: [65/100] train_acc: 0.453 train_loss_sup: 2.190
[GPU1] epochs: [66/100] train_acc: 0.453 train_loss_sup: 2.182
[GPU1] epochs: [67/100] train_acc: 0.454 train_loss_sup: 2.176
[GPU1] epochs: [68/100] train_acc: 0.454 train_loss_sup: 2.176
[GPU1] epochs: [69/100] train_acc: 0.455 train_loss_sup: 2.176
[GPU1] epochs: [70/100] train_acc: 0.457 train_loss_sup: 2.180
[GPU1] Test Accuracy at epoch: 70: 0.412
[GPU1] epochs: [71/100] train_acc: 0.458 train_loss_sup: 2.165
[GPU1] epochs: [72/100] train_acc: 0.456 train_loss_sup: 2.168
[GPU1] epochs: [73/100] train_acc: 0.461 train_loss_sup: 2.153
[GPU1] epochs: [74/100] train_acc: 0.457 train_loss_sup: 2.162
[GPU1] epochs: [75/100] train_acc: 0.461 train_loss_sup: 2.145
[GPU1] epochs: [76/100] train_acc: 0.463 train_loss_sup: 2.140
[GPU1] epochs: [77/100] train_acc: 0.463 train_loss_sup: 2.142
[GPU1] epochs: [78/100] train_acc: 0.460 train_loss_sup: 2.144
[GPU1] epochs: [79/100] train_acc: 0.465 train_loss_sup: 2.134
[GPU1] epochs: [80/100] train_acc: 0.463 train_loss_sup: 2.135
[GPU1] Test Accuracy at epoch: 80: 0.416
[GPU1] epochs: [81/100] train_acc: 0.465 train_loss_sup: 2.127
[GPU1] epochs: [82/100] train_acc: 0.464 train_loss_sup: 2.126
[GPU1] epochs: [83/100] train_acc: 0.466 train_loss_sup: 2.126
[GPU1] epochs: [84/100] train_acc: 0.468 train_loss_sup: 2.120
[GPU1] epochs: [85/100] train_acc: 0.466 train_loss_sup: 2.122
[GPU1] epochs: [86/100] train_acc: 0.465 train_loss_sup: 2.118
[GPU1] epochs: [87/100] train_acc: 0.473 train_loss_sup: 2.103
[GPU1] epochs: [88/100] train_acc: 0.470 train_loss_sup: 2.103
[GPU1] epochs: [89/100] train_acc: 0.473 train_loss_sup: 2.108
[GPU1] epochs: [90/100] train_acc: 0.472 train_loss_sup: 2.102
[GPU1] Test Accuracy at epoch: 90: 0.415
[GPU1] epochs: [91/100] train_acc: 0.474 train_loss_sup: 2.097
[GPU1] epochs: [92/100] train_acc: 0.473 train_loss_sup: 2.106
[GPU1] epochs: [93/100] train_acc: 0.471 train_loss_sup: 2.097
[GPU1] epochs: [94/100] train_acc: 0.475 train_loss_sup: 2.101
[GPU1] epochs: [95/100] train_acc: 0.475 train_loss_sup: 2.089
[GPU1] epochs: [96/100] train_acc: 0.471 train_loss_sup: 2.106
[GPU1] epochs: [97/100] train_acc: 0.472 train_loss_sup: 2.112
[GPU1] epochs: [98/100] train_acc: 0.475 train_loss_sup: 2.102
[GPU1] epochs: [99/100] train_acc: 0.472 train_loss_sup: 2.099
[GPU1] epochs: [100/100] train_acc: 0.472 train_loss_sup: 2.092
[GPU1] Final Test Accuracy: 0.418
LR: 1.000 | WD: 0.000000 | Cosine: True | test Acc: 0.418%
------------------------------
Best Test Accuracy: 0.420%
Optimal Hyperparameters: LR=0.1, WD=0.0, Cosine=0
knn evalution
logistic regression evalution
clustering metrics evalution
knn_acc: 0.290
lreg_acc: 0.365
ari: 0.048
nmi: 0.241
ss: 0.029
dbs: 3.014
